"cd-rfile"
"Time Step" "cd etc.."
("Time Step" "cd" "flow-time")
0 5.298404709456467e-27 0
1 -95.81365705905586 0.01
2 -22.93060742840568 0.02
3 1.157435620248283 0.03
4 5.397562291728004 0.04
5 6.735035439925448 0.05
6 0.1838027791655703 0.06
7 -3.338356497160163 0.07000000000000001
8 -2.059201958068942 0.08
9 0.1634764276816415 0.09
10 1.290652571088722 0.1
11 0.7211706977033732 0.11
12 0.1025534488403314 0.12
13 -0.3801537091566218 0.13
14 -0.2473574285472066 0.14
15 0.1036219517097998 0.15
16 0.1874123317302088 0.16
17 0.08371162799192294 0.17
18 -0.002735447657382359 0.18
19 0.01064164388552893 0.19
20 0.02224764004080778 0.2
21 0.02372498091781241 0.21
22 0.05505767894526233 0.22
23 0.0742815478739012 0.23
24 0.06144519758407511 0.24
25 0.02579572649136765 0.25
26 0.007315019793331934 0.26
27 0.03149307736234335 0.27
28 0.02882566321213759 0.28
29 0.0245033343739765 0.29
30 0.02364712478582635 0.3
31 0.02856876859552884 0.31
32 0.02748284406831976 0.32
33 0.03046636752233317 0.33
34 0.03714265628307802 0.34
35 0.04072980697618889 0.35
36 0.03453987421251923 0.36
37 0.03679017474932052 0.37
38 0.03100760475554676 0.38
39 0.02467751703027793 0.39
40 0.02481727268964962 0.4
41 0.02580009599068354 0.41
42 0.02510736088463138 0.42
43 0.01575121034234287 0.43
44 0.01716072439769961 0.44
45 0.02453030433167891 0.45
46 0.02672090855862682 0.46
47 0.02427925920799843 0.47
48 0.02333211706316249 0.48
49 0.0254061032353196 0.49
50 0.02808760586974229 0.5
51 0.02935565220858995 0.51
52 0.02876939793681239 0.52
53 0.02782620919429377 0.53
54 0.02713843292470807 0.54
55 0.02633516264017761 0.55
56 0.02454746944909463 0.5600000000000001
57 0.02177400655739975 0.5700000000000001
58 0.01816558579987259 0.58
59 0.02223029161413234 0.59
60 0.02272077892414008 0.6
61 0.02247798244829967 0.61
62 0.02196348479388117 0.62
63 0.02206631204180261 0.63
64 0.02266708338879738 0.64
65 0.02302957506318502 0.65
66 0.0231829476291211 0.66
67 0.02320011652725608 0.67
68 0.02327602317123384 0.68
69 0.02361011550256609 0.6900000000000001
70 0.02364351418481507 0.7000000000000001
71 0.02310662283830743 0.71
72 0.02291680331837716 0.72
73 0.02272401256833875 0.73
74 0.02223877132990581 0.74
75 0.02155370419403915 0.75
76 0.02091954685928067 0.76
77 0.02031570660485705 0.77
78 0.02045004974025577 0.78
79 0.02059476444293575 0.79
80 0.02081118655142668 0.8
81 0.02091144412479951 0.8100000000000001
82 0.02122096540919016 0.8200000000000001
83 0.02138419103082251 0.8300000000000001
84 0.02148647937787034 0.84
85 0.0215782289612423 0.85
86 0.02169308743555957 0.86
87 0.02178384106730604 0.87
88 0.02184378881829439 0.88
89 0.02176075435965488 0.89
90 0.02175778979803351 0.9
91 0.02168046489761865 0.91
92 0.0215413733984475 0.92
93 0.02137759834004881 0.93
94 0.02127855361380825 0.9400000000000001
95 0.02072008661538088 0.9500000000000001
96 0.02059680332779808 0.96
97 0.02063121603608321 0.97
98 0.02073382968790239 0.98
99 0.02082754990586998 0.99
100 0.02074362401831632 1
101 0.02054250814608297 1.01
102 0.02018415178285602 1.02
103 0.02012807854936603 1.03
104 0.0202128606561548 1.04
105 0.02023188478844176 1.05
106 0.02020497579624177 1.06
107 0.020169701310531 1.07
108 0.0201382060324225 1.08
109 0.0201549964845329 1.09
110 0.02016251074480224 1.1
111 0.02027604917576768 1.11
112 0.02048649542711069 1.12
113 0.02062693255336848 1.13
114 0.02061150982598123 1.14
115 0.02060339905484971 1.15
116 0.0206290265266731 1.16
117 0.02068328656496674 1.17
118 0.02078096031414588 1.18
119 0.02085738170596443 1.19
120 0.02095745320924741 1.2
121 0.02097683373643036 1.21
122 0.02096344600537869 1.22
123 0.02094447826302351 1.23
124 0.02093878018873456 1.24
125 0.02091573476687898 1.25
126 0.0208921060989049 1.26
127 0.02086824736437267 1.27
128 0.02084925809090872 1.28
129 0.02082717238900558 1.29
130 0.02079960320768 1.3
131 0.02074408202708312 1.31
132 0.02069117043552117 1.32
133 0.0206246499999768 1.33
134 0.02059411358435254 1.34
135 0.02060858819220765 1.35
136 0.02054521668000904 1.36
137 0.02042061134420626 1.37
138 0.02033262501324447 1.38
139 0.02025829053418367 1.39
140 0.02019915351014233 1.4
141 0.02017993101360437 1.41
142 0.02018169727444746 1.42
143 0.02019123020661713 1.43
144 0.02019906942266784 1.44
145 0.02020185941613972 1.45
146 0.0201936477723636 1.46
147 0.02018042645128908 1.47
148 0.02015405396214355 1.48
149 0.02013331059459979 1.49
150 0.02011422096964948 1.5
151 0.0200740150969747 1.51
152 0.02003779348930114 1.52
153 0.02003622516510438 1.53
154 0.02004015164372581 1.54
155 0.02003934827331452 1.55
156 0.02004766848694566 1.56
157 0.0200701900314684 1.57
158 0.02009274065310882 1.58
159 0.02012371770215924 1.59
160 0.02016549894337257 1.6
161 0.02020607920726458 1.61
162 0.02022831675384903 1.62
163 0.02025450462281738 1.63
164 0.02028065266757951 1.64
165 0.0203083145302575 1.65
166 0.02034443699078972 1.66
167 0.02038432118620916 1.67
168 0.02041131974682661 1.68
169 0.02042389317016038 1.69
170 0.02042074859840595 1.7
171 0.02042489926264313 1.71
172 0.02043154624125625 1.72
173 0.02044205091998449 1.73
174 0.02047425220219295 1.74
175 0.02050574953173043 1.75
176 0.0205460842565158 1.76
177 0.0205627186482143 1.77
178 0.02056660837752566 1.78
179 0.02056798113498163 1.79
180 0.02057048927305244 1.8
181 0.02057202879732186 1.81
182 0.02057377441298899 1.82
183 0.02057171580442908 1.83
184 0.0205644492334643 1.84
185 0.02055420214113112 1.85
186 0.02054260775771206 1.86
187 0.02052704799208092 1.87
188 0.0205087027949957 1.88
189 0.02048915343510556 1.89
190 0.02047269333499177 1.9
191 0.020456318580348 1.91
192 0.02044270204924291 1.92
193 0.02043215296285724 1.93
194 0.02041462534312828 1.94
195 0.02039437882784504 1.95
196 0.02036914941318472 1.96
197 0.02034449197376418 1.97
198 0.0203291450870329 1.98
199 0.0202933910535124 1.99
200 0.02025663674738311 2
201 0.02022229223429447 2.01
202 0.02019444200671925 2.02
203 0.02018349267025149 2.03
204 0.02017588677672121 2.04
205 0.02016683413165605 2.05
206 0.02015573626524042 2.06
207 0.02014294589124881 2.07
208 0.02012946229885763 2.08
209 0.02011660293892849 2.09
210 0.02010282856806883 2.1
211 0.0200852804961578 2.11
212 0.02006920569839872 2.12
213 0.02006144729973589 2.13
214 0.02005186694143011 2.14
215 0.02004595075080385 2.15
216 0.02004934801444275 2.16
217 0.02005789464690301 2.17
218 0.02006867330296054 2.18
219 0.02008279852352018 2.19
220 0.02009517740390846 2.2
221 0.02010351398112395 2.21
222 0.0201090308956633 2.22
223 0.02011341902235585 2.23
224 0.02011685057503731 2.24
225 0.02011998266900719 2.25
226 0.02012138950059583 2.26
227 0.02012117692699631 2.27
228 0.02011982562981537 2.28
229 0.02011862194547951 2.29
230 0.02011847225268548 2.3
231 0.02011986676391514 2.31
232 0.0201222107193384 2.32
233 0.02012404010887907 2.33
234 0.02012987965919525 2.34
235 0.02013470846316502 2.35
236 0.02013689521227523 2.36
237 0.02014046674944514 2.37
238 0.020144599057925 2.38
239 0.02014749085518007 2.39
240 0.02014570288701864 2.4
241 0.02014805143132634 2.41
242 0.02015553407714882 2.42
243 0.02016493758667282 2.43
244 0.0201676394201808 2.44
245 0.0201721494071493 2.45
246 0.02017630809246166 2.46
247 0.0201802142005357 2.47
248 0.0201839394854171 2.48
249 0.02018733651440337 2.49
250 0.02019106044777549 2.5
251 0.02019521031345936 2.51
252 0.02019832616201456 2.52
253 0.02020002972666548 2.53
254 0.02020144862437116 2.54
255 0.02020105870266483 2.55
256 0.02019993917681067 2.56
257 0.02019937691973442 2.57
258 0.02019859769448963 2.58
259 0.02019831244983206 2.59
260 0.02019867642981418 2.6
261 0.02020185017594985 2.61
262 0.02020536090394135 2.62
263 0.0202091269507427 2.63
264 0.02021269750642554 2.64
265 0.02021552005234882 2.65
266 0.0202176736447052 2.66
267 0.02021936863674623 2.67
268 0.02021903513929429 2.68
269 0.02021690906764862 2.69
270 0.02021429206371031 2.7
271 0.02021172395299805 2.71
272 0.02020937078101987 2.72
273 0.02020738279615871 2.73
274 0.02020557582627421 2.74
275 0.02020375057694601 2.75
276 0.02020186760282511 2.76
277 0.02019755370041725 2.77
278 0.02019324932988333 2.78
279 0.02018977987663687 2.79
280 0.02018630564627086 2.8
281 0.02018412168532353 2.81
282 0.02018326195084067 2.82
283 0.02018158802480877 2.83
284 0.02017928287892073 2.84
285 0.02017829884681361 2.85
286 0.02017546002342767 2.86
287 0.02017191568627566 2.87
288 0.02016797666045156 2.88
289 0.02016572834504086 2.89
290 0.02016534840296189 2.9
291 0.02016592212799662 2.91
292 0.02016664681229489 2.92
293 0.0201670373673247 2.93
294 0.02016699167919717 2.94
295 0.02016713269862344 2.95
296 0.02016635041598343 2.96
297 0.02016528834889269 2.97
298 0.02016420743170341 2.98
299 0.02016270304422738 2.99
300 0.02016174885755898 3
301 0.0201587836709975 3.01
302 0.02015134049065074 3.02
303 0.02014565547180397 3.03
304 0.02014123743879464 3.04
305 0.02014042936485631 3.05
306 0.02014465462077792 3.06
307 0.02015263225860448 3.07
308 0.02016221275237433 3.08
309 0.02017216039004848 3.09
310 0.02018026053730322 3.1
311 0.02018601386383488 3.11
312 0.02018893098283872 3.12
313 0.02019116494947029 3.13
314 0.02019343560738699 3.14
315 0.02019461787361281 3.15
316 0.02019605580695368 3.16
317 0.02019772086726451 3.17
318 0.02020043885688623 3.18
319 0.02020287516035407 3.19
320 0.02020511341138624 3.2
321 0.02020791786312089 3.21
322 0.02020953704089255 3.22
323 0.02021200413213406 3.23
324 0.02021500102658522 3.24
325 0.02021876446080565 3.25
326 0.02022338717590065 3.26
327 0.02022755887963165 3.27
328 0.02023280102989078 3.28
329 0.0202385694676496 3.29
330 0.02024363873875247 3.3
331 0.02024928304147978 3.31
332 0.02025538812946746 3.32
333 0.02026105405961894 3.33
334 0.02026671971562084 3.34
335 0.02027473964084639 3.35
336 0.0202826490865013 3.36
337 0.02028855762219365 3.37
338 0.02029422395122771 3.38
339 0.02030034421193282 3.39
340 0.0203064690817012 3.4
341 0.02031260484930096 3.41
342 0.02031804500307557 3.42
343 0.02032414471136644 3.43
344 0.02033022261731957 3.44
345 0.02033717177750277 3.45
346 0.02034206549442636 3.46
347 0.02034567941687937 3.47
348 0.02035028386370179 3.48
349 0.02035497228904512 3.49
350 0.02035913756494462 3.5
351 0.02036306021342262 3.51
352 0.02036648837329196 3.52
353 0.02036929733112799 3.53
354 0.02037138259992548 3.54
355 0.02037266455506221 3.55
356 0.02037386162848778 3.56
357 0.02037461146554765 3.57
358 0.02037645824015377 3.58
359 0.02037484312978945 3.59
360 0.0203732574994929 3.6
361 0.02037147671800729 3.61
362 0.02036871253242883 3.62
363 0.02036513239368555 3.63
364 0.02036203851534201 3.64
365 0.02035881341899685 3.65
366 0.02035474248466137 3.66
367 0.02035067061829043 3.67
368 0.02034673149596893 3.68
369 0.02034206471910555 3.69
370 0.02033766883154791 3.7
371 0.02032943382672646 3.71
372 0.02032311121671884 3.72
373 0.02031799520597681 3.73
374 0.02031640524669032 3.74
375 0.02031552670120761 3.75
376 0.02031584806698622 3.76
377 0.02031655341937711 3.77
378 0.02031769219024481 3.78
379 0.02031760255343475 3.79
380 0.02031954989170632 3.8
381 0.02032084588763298 3.81
382 0.0203215479367602 3.82
383 0.02032335313896782 3.83
384 0.02032568452427763 3.84
385 0.02032853260767613 3.85
386 0.02033149477127748 3.86
387 0.02033463894062163 3.87
388 0.02033801216476822 3.88
389 0.0203418059975224 3.89
390 0.02034622172288073 3.9
391 0.02035090860490567 3.91
392 0.02035563753770789 3.92
393 0.02036040805834366 3.93
394 0.02036479466107239 3.94
395 0.02036983730590013 3.95
396 0.02037482546678953 3.96
397 0.02037851759976146 3.97
398 0.02038264947477412 3.98
399 0.02038730641281812 3.99
400 0.02039146870424385 4
401 0.02039464522925113 4.01
402 0.02039802114708243 4.02
403 0.02039958031498553 4.03
404 0.02040196443136305 4.04
405 0.02040643608386881 4.05
406 0.02041098742163369 4.06
407 0.02041450936673725 4.07
408 0.02041792879230819 4.08
409 0.02042093406571139 4.09
410 0.02042324938281054 4.1
411 0.02042661299799686 4.11
412 0.02042950980844403 4.12
413 0.0204323985665656 4.13
414 0.02043476378320994 4.14
415 0.02043694026584624 4.15
416 0.02043879817528784 4.16
417 0.02044038645050513 4.17
418 0.0204409370083156 4.18
419 0.0204419743488237 4.19
420 0.02044377192992438 4.2
421 0.02044539322519197 4.21
422 0.02044635445782634 4.22
423 0.02044703953538121 4.23
424 0.02044759573407853 4.24
425 0.020448225594551 4.25
426 0.02044853893469294 4.26
427 0.02044893084685782 4.27
428 0.02044950873395655 4.28
429 0.02045011353113891 4.29
430 0.02045088527375858 4.3
431 0.02045120630600975 4.31
432 0.02045142428749597 4.32
433 0.020451905621503 4.33
434 0.02045152560753482 4.34
435 0.02045142651560605 4.350000000000001
436 0.0204500139945242 4.36
437 0.02044826510088174 4.37
438 0.02044654463952491 4.38
439 0.02044496981239212 4.39
440 0.02044370870346337 4.4
441 0.02044274453910721 4.41
442 0.02044071668858204 4.42
443 0.02043938636155825 4.43
444 0.0204382902770661 4.44
445 0.0204372275070322 4.45
446 0.02043602880014883 4.46
447 0.0204334369396829 4.47
448 0.02043096318885636 4.48
449 0.02042882708350555 4.49
450 0.02042593791716455 4.5
451 0.02042397683033311 4.51
452 0.02042228595007373 4.52
453 0.02042064375835781 4.53
454 0.02041897885604694 4.54
455 0.02041731702667147 4.55
456 0.02041572943940479 4.56
457 0.02041419218028811 4.57
458 0.02041268110511364 4.58
459 0.02041157037645792 4.59
460 0.02041081732005653 4.600000000000001
461 0.02041056245055841 4.61
462 0.0204103489177624 4.62
463 0.02041039577322667 4.63
464 0.02041060579630779 4.64
465 0.02041115553654348 4.65
466 0.02041207014064693 4.66
467 0.02041346586416121 4.67
468 0.02041393465492047 4.68
469 0.02041491141964989 4.69
470 0.0204166917839343 4.7
471 0.02041933933948518 4.71
472 0.02042194375620534 4.72
473 0.02042487790602444 4.73
474 0.02042748317544805 4.74
475 0.02043049358658522 4.75
476 0.02043364344678745 4.76
477 0.02043682339594258 4.77
478 0.02043987466744187 4.78
479 0.02044221362757674 4.79
480 0.02044469087521413 4.8
481 0.02044716188687451 4.81
482 0.02044962598703141 4.82
483 0.0204520946839882 4.83
484 0.02045441625782269 4.84
485 0.02045603396374049 4.850000000000001
486 0.02045858540120884 4.86
487 0.0204608248916965 4.87
488 0.0204639263586671 4.88
489 0.02046586140485842 4.89
490 0.02046727624055043 4.9
491 0.02046868358657692 4.91
492 0.02046973991973039 4.92
493 0.02047039669745593 4.93
494 0.02047024568604455 4.94
495 0.02046999260656113 4.95
496 0.02046962448116129 4.96
497 0.0204689095040478 4.97
498 0.02046807626143717 4.98
499 0.02046715361747594 4.99
500 0.02046613697740348 5
501 0.02046507541732822 5.01
502 0.02046393134924002 5.02
503 0.02046308973272456 5.03
504 0.02046149176044541 5.04
505 0.02046025516128835 5.05
506 0.02045875037804942 5.06
507 0.02045689270468322 5.07
508 0.02045502945727324 5.08
509 0.02045286410967271 5.09
510 0.02045085260152698 5.100000000000001
511 0.02044860618083486 5.11
512 0.02044637671608924 5.12
513 0.02044438014268736 5.13
514 0.02044278354869429 5.14
515 0.02044171804889302 5.15
516 0.0204414852670758 5.16
517 0.02043973201261614 5.17
518 0.0204389728662201 5.18
519 0.0204381376373128 5.19
520 0.02043797372108696 5.2
521 0.02043858419995935 5.21
522 0.02043802082389518 5.22
523 0.02043692769472777 5.23
524 0.02043539667376395 5.24
525 0.02043377496934994 5.25
526 0.02043254855874546 5.26
527 0.02043134735963837 5.27
528 0.0204303673818183 5.28
529 0.0204298708431537 5.29
530 0.02042909975978653 5.3
531 0.02042830534959901 5.31
532 0.02042765558511901 5.32
533 0.02042672956333959 5.33
534 0.02042639192067362 5.34
535 0.02042557462697339 5.350000000000001
536 0.0204247640363113 5.36
537 0.02042431719125576 5.37
538 0.02042395556048641 5.38
539 0.02042383965894333 5.39
540 0.02042377120259771 5.4
541 0.02042386764022851 5.41
542 0.02042405252439711 5.42
543 0.02042427955642108 5.43
544 0.02042456491243481 5.44
545 0.02042512879479308 5.45
546 0.02042579046427299 5.46
547 0.02042635225556686 5.47
548 0.02042683494401008 5.48
549 0.02042740166935525 5.49
550 0.02042794412290267 5.5
551 0.02042844530744267 5.51
552 0.02042907536520128 5.52
553 0.02042942153889274 5.53
554 0.02042979971187142 5.54
555 0.0204315524150929 5.55
556 0.0204323805829427 5.56
557 0.02043293611638793 5.57
558 0.02043329947227139 5.58
559 0.02043355959864636 5.59
560 0.02043377333701911 5.600000000000001
561 0.02043414022610113 5.61
562 0.02043476675172093 5.62
563 0.02043549979013876 5.63
564 0.02043683907512376 5.64
565 0.02043782902234469 5.65
566 0.0204389591397172 5.66
567 0.02044014760952592 5.67
568 0.02044127259337615 5.68
569 0.02044195036329536 5.69
570 0.02044252977327468 5.7
571 0.02044287204046398 5.71
572 0.02044303688512681 5.72
573 0.02044280303666285 5.73
574 0.02044243117889936 5.74
575 0.02044218526079185 5.75
576 0.02044170965810226 5.76
577 0.02044117241461895 5.77
578 0.02044025103652737 5.78
579 0.0204395456851221 5.79
580 0.02043896013305976 5.8
581 0.02043837972794396 5.81
582 0.02043737494799791 5.82
583 0.02043577216316888 5.83
584 0.02043408996088383 5.84
585 0.02043247734477314 5.850000000000001
586 0.0204308539666243 5.86
587 0.0204292043400117 5.87
588 0.02042747320862066 5.88
589 0.02042566354031228 5.89
590 0.02042416284073212 5.9
591 0.02042240214475849 5.91
592 0.02042056237696471 5.92
593 0.02041877210831618 5.93
594 0.02041711509451692 5.94
595 0.02041650048170444 5.95
596 0.02041648892509001 5.96
597 0.02041626011882248 5.97
598 0.02041604918831248 5.98
599 0.02041540528392291 5.99
600 0.02041427964259623 6
601 0.0204125168324648 6.01
602 0.0204103631793797 6.02
603 0.0204084276999885 6.03
604 0.02040706010948229 6.04
605 0.02040569616677258 6.05
606 0.02040445497658239 6.06
607 0.02040339649589566 6.07
608 0.02040254479083695 6.08
609 0.02040210117387268 6.09
610 0.02040141559328193 6.100000000000001
611 0.02040070414422296 6.11
612 0.02040010608839415 6.12
613 0.02039974020796916 6.13
614 0.02039953283230531 6.140000000000001
615 0.02039993584393968 6.15
616 0.02040068943712144 6.16
617 0.02040186759587537 6.17
618 0.02040282862880723 6.18
619 0.02040374097240738 6.19
620 0.02040457186486287 6.2
621 0.02040531235800175 6.21
622 0.020406206868792 6.22
623 0.02040675786158338 6.23
624 0.02040732619901387 6.24
625 0.02040790004163168 6.25
626 0.02040844647061565 6.26
627 0.02040922079642903 6.27
628 0.02040983757242382 6.28
629 0.02041027887213116 6.29
630 0.02041065466058132 6.3
631 0.02041090182543213 6.31
632 0.02041101366040701 6.32
633 0.02041094730425881 6.33
634 0.02041083626275915 6.34
635 0.02041065431096304 6.350000000000001
636 0.02041037958978456 6.36
637 0.0204103316272624 6.37
638 0.02041003886638502 6.38
639 0.02040957778124327 6.390000000000001
640 0.02040926504554424 6.4
641 0.02040841837145623 6.41
642 0.02040797623356681 6.42
643 0.02040721302295867 6.43
644 0.02040621231301978 6.44
645 0.02040541366385153 6.45
646 0.02040481009956482 6.46
647 0.02040438961247429 6.47
648 0.02040405201268616 6.48
649 0.02040376559187741 6.49
650 0.02040333634176536 6.5
651 0.02040292427294156 6.51
652 0.02040266549504311 6.52
653 0.02040222292474753 6.53
654 0.02040134465667873 6.54
655 0.0204003476284976 6.55
656 0.02039920291164248 6.56
657 0.02039743145547096 6.57
658 0.02039630523270899 6.58
659 0.02039548205116663 6.59
660 0.02039471825493757 6.600000000000001
661 0.02039450288143914 6.61
662 0.02039445147732972 6.62
663 0.02039393421372232 6.63
664 0.02039342915785249 6.640000000000001
665 0.02039273327195595 6.65
666 0.02039188468269504 6.66
667 0.02039112651836653 6.67
668 0.02038987845567306 6.68
669 0.02038870871832665 6.69
670 0.02038766086448713 6.7
671 0.0203868691973443 6.71
672 0.02038547946070727 6.72
673 0.02038425137580913 6.73
674 0.02038299867624828 6.74
675 0.02038214475295655 6.75
676 0.02038178019939409 6.76
677 0.02038133497816036 6.77
678 0.02038078037521578 6.78
679 0.02038026806629029 6.79
680 0.02037946453195623 6.8
681 0.02037857102963038 6.81
682 0.02037755679690536 6.82
683 0.02037654806770568 6.83
684 0.02037525779815568 6.84
685 0.0203742344942349 6.850000000000001
686 0.02037319001448061 6.86
687 0.02037182647577485 6.87
688 0.02037145436913813 6.88
689 0.0203712131540018 6.890000000000001
690 0.0203706765734047 6.9
691 0.02037009800120193 6.91
692 0.02036956446411926 6.92
693 0.02036892432702587 6.93
694 0.020368354720705 6.94
695 0.02036796036231531 6.95
696 0.02036779183526727 6.96
697 0.02036741612875955 6.97
698 0.02036718508867099 6.98
699 0.02036688871301382 6.99
700 0.02036660319894645 7
701 0.02036638098771868 7.01
702 0.02036606437739715 7.02
703 0.02036552207404062 7.03
704 0.02036525669385423 7.04
705 0.02036505199209751 7.05
706 0.02036488186014904 7.06
707 0.02036465334099248 7.07
708 0.02036445125668786 7.08
709 0.02036426592532245 7.09
710 0.02036406086462847 7.100000000000001
711 0.02036339371605243 7.11
712 0.02036305680832139 7.12
713 0.02036326274028641 7.13
714 0.02036296632262681 7.140000000000001
715 0.02036266504517818 7.15
716 0.02036238594870478 7.16
717 0.02036171892091388 7.17
718 0.02036114663324539 7.18
719 0.0203605750516924 7.19
720 0.02035978120995693 7.2
721 0.02035918726589124 7.21
722 0.02035837107449633 7.22
723 0.02035777252946835 7.23
724 0.02035680446218109 7.24
725 0.02035580394735565 7.25
726 0.02035482262478652 7.26
727 0.02035409858203787 7.27
728 0.02035309361666394 7.28
729 0.02035200934266947 7.29
730 0.02035092193598671 7.3
731 0.0203495842600727 7.31
732 0.02034856770692935 7.32
733 0.02034750925190499 7.33
734 0.02034591234288144 7.34
735 0.02034480974159323 7.350000000000001
736 0.02034369445895079 7.36
737 0.02034270040363998 7.37
738 0.02034135981663276 7.38
739 0.02033961767922166 7.390000000000001
740 0.02033814339796473 7.4
741 0.02033601508213656 7.41
742 0.02033472080430687 7.42
743 0.02033325589123717 7.43
744 0.02033210525197918 7.44
745 0.02033108482366016 7.45
746 0.02033013024228379 7.46
747 0.02032905304371401 7.47
748 0.02032797451273214 7.48
749 0.0203269843232911 7.49
750 0.02032621389796232 7.5
751 0.02032543342995361 7.51
752 0.02032433512087454 7.52
753 0.02032317482214919 7.53
754 0.02032239925269711 7.54
755 0.02032129511515 7.55
756 0.02032030684660848 7.56
757 0.02031899826779387 7.57
758 0.02031735075466597 7.58
759 0.02031613432061026 7.59
760 0.02031523391175826 7.600000000000001
761 0.0203143087706809 7.61
762 0.02031359651946172 7.62
763 0.02031304366980094 7.63
764 0.02031251233400259 7.640000000000001
765 0.02031199119501139 7.65
766 0.02031106999171316 7.66
767 0.02031038013268319 7.67
768 0.02031096533807342 7.68
769 0.02031042888959409 7.69
770 0.0203094838931723 7.7
771 0.02030808136900122 7.71
772 0.02030677794066265 7.72
773 0.02030540540955489 7.73
774 0.02030423701181286 7.74
775 0.02030317883092356 7.75
776 0.02030202034572198 7.76
777 0.02030099835904671 7.77
778 0.02030020834841557 7.78
779 0.02029924177444226 7.79
780 0.02029819821285411 7.8
781 0.02029720747719435 7.81
782 0.02029614553504074 7.82
783 0.02029522873923848 7.83
784 0.020294437116054 7.84
785 0.02029362435156154 7.850000000000001
786 0.02029264790203076 7.86
787 0.02029161247150665 7.87
788 0.02029055716068306 7.88
789 0.02028950708602646 7.890000000000001
790 0.02028845178375766 7.9
791 0.02028739349116493 7.91
792 0.02028636804087277 7.92
793 0.02028548810945226 7.930000000000001
794 0.02028455917040642 7.94
795 0.02028346528183047 7.95
796 0.02028252179856411 7.96
797 0.02028159913830737 7.97
798 0.02028036755112023 7.98
799 0.02027848992279268 7.99
800 0.02027737112289213 8
801 0.02027674597582763 8.01
802 0.02027564913733479 8.02
803 0.02027460394530707 8.029999999999999
804 0.02027338620381818 8.040000000000001
805 0.02027233978749601 8.050000000000001
806 0.02027102987521707 8.06
807 0.02026963695922196 8.07
808 0.0202681494376457 8.08
809 0.02026651843905461 8.09
810 0.02026488189467198 8.1
811 0.02026329448783108 8.109999999999999
812 0.02026182256178921 8.120000000000001
813 0.02026060871604098 8.130000000000001
814 0.02025915474291566 8.140000000000001
815 0.02025769003403036 8.15
816 0.02025652758679199 8.16
817 0.02025563873008379 8.17
818 0.02025462331192406 8.18
819 0.02025348988319792 8.19
820 0.02025245432267656 8.199999999999999
821 0.02025259381919212 8.210000000000001
822 0.02025160302367437 8.220000000000001
823 0.02024996136812032 8.23
824 0.02024837180575612 8.24
825 0.02024687497907433 8.25
826 0.0202457028478074 8.26
827 0.02024441871284677 8.27
828 0.02024232787369605 8.279999999999999
829 0.02024090546081215 8.290000000000001
830 0.02023976978022559 8.300000000000001
831 0.02023842301517456 8.31
832 0.02023744260600344 8.32
833 0.02023655374925422 8.33
834 0.02023656247428163 8.34
835 0.0202356772187536 8.35
836 0.02023424546821249 8.359999999999999
837 0.02023260490257831 8.370000000000001
838 0.02023126827971844 8.380000000000001
839 0.02022994789751319 8.390000000000001
840 0.02022840277625203 8.4
841 0.02022693696561574 8.41
842 0.02022562910063661 8.42
843 0.02022463760393723 8.43
844 0.02022356222524876 8.44
845 0.02022217673977044 8.449999999999999
846 0.02022135947683143 8.460000000000001
847 0.02021973770829383 8.470000000000001
848 0.02021830680971648 8.48
849 0.02021732122453786 8.49
850 0.02021663995705435 8.5
851 0.02021570916813198 8.51
852 0.02021485115103746 8.52
853 0.0202138710469174 8.529999999999999
854 0.02021306727910006 8.540000000000001
855 0.02021214331880075 8.550000000000001
856 0.02020735289665773 8.56
857 0.02020375389027905 8.57
858 0.02020152370343125 8.58
859 0.02019888927218465 8.59
860 0.02020014202814898 8.6
861 0.02020418221244428 8.609999999999999
862 0.02021053045130851 8.620000000000001
863 0.02021503842548036 8.630000000000001
864 0.02021325523896531 8.640000000000001
865 0.02020848825585605 8.65
866 0.02020342584390009 8.66
867 0.02019878723882773 8.67
868 0.02019583737980698 8.68
869 0.02019425987354169 8.69
870 0.02019400115809774 8.700000000000001
871 0.02019427361647778 8.710000000000001
872 0.02019344251878742 8.720000000000001
873 0.02019279965856369 8.73
874 0.02019234139584661 8.74
875 0.02019196348908053 8.75
876 0.02019098347523357 8.76
877 0.02018955894853378 8.77
878 0.02018820196217741 8.779999999999999
879 0.02018682359747154 8.790000000000001
880 0.02018547614861264 8.800000000000001
881 0.02018397698941055 8.81
882 0.02018244227260692 8.82
883 0.0201776838255296 8.83
884 0.02017436873869094 8.84
885 0.02017203768448051 8.85
886 0.02017115017709142 8.859999999999999
887 0.02017095693185962 8.870000000000001
888 0.02016893906143588 8.880000000000001
889 0.02017108184824947 8.890000000000001
890 0.0201697962758542 8.9
891 0.02017214523981656 8.91
892 0.02016993506937599 8.92
893 0.02017140204702009 8.93
894 0.02017191399035744 8.94
895 0.02017276208602051 8.950000000000001
896 0.02017219371524262 8.960000000000001
897 0.02017204128261084 8.970000000000001
898 0.02016976820362086 8.98
899 0.02016933360177296 8.99
900 0.02016601882183048 9
901 0.02016206402196217 9.01
902 0.02016160082855458 9.02
903 0.02016142602038658 9.029999999999999
904 0.02015998721946367 9.040000000000001
905 0.0201572740086956 9.050000000000001
906 0.02015618189955303 9.06
907 0.02015671579062854 9.07
908 0.02015813193984634 9.08
909 0.0201580600247157 9.09
910 0.02015740034757613 9.1
911 0.02015377627533518 9.109999999999999
912 0.02015218498888511 9.120000000000001
913 0.02014992562290888 9.130000000000001
914 0.02014922810656805 9.140000000000001
915 0.02014812113003199 9.15
916 0.02014728731890885 9.16
917 0.02014656415582282 9.17
918 0.02014697313773211 9.18
919 0.02014502483220209 9.19
920 0.02014203826588002 9.200000000000001
921 0.02014084492741988 9.210000000000001
922 0.02014029625749781 9.220000000000001
923 0.0201386176230338 9.23
924 0.02013852204176096 9.24
925 0.02013701944944991 9.25
926 0.02013514470064795 9.26
927 0.02013682035285631 9.27
928 0.02013792430654337 9.279999999999999
929 0.02013902224717855 9.290000000000001
930 0.02013734766410157 9.300000000000001
931 0.02013859240474943 9.31
932 0.02013597727127991 9.32
933 0.02013400495722409 9.33
934 0.02013123628932459 9.34
935 0.0201295474798847 9.35
936 0.02012690124781143 9.359999999999999
937 0.02012634037548372 9.370000000000001
938 0.0201262680903683 9.380000000000001
939 0.02012650505427319 9.390000000000001
940 0.02012683728999463 9.4
941 0.02012711014574421 9.41
942 0.02012521891707758 9.42
943 0.02012579367796843 9.43
944 0.02012421786450483 9.44
945 0.02012362966368564 9.450000000000001
946 0.02012191840459665 9.460000000000001
947 0.02012255259990532 9.470000000000001
948 0.02012067601534902 9.48
949 0.020123451303196 9.49
950 0.02012278520116108 9.5
951 0.02012312750141631 9.51
952 0.0201207776237067 9.52
953 0.02011944801901801 9.529999999999999
954 0.02011618925831453 9.540000000000001
955 0.02011555203447453 9.550000000000001
956 0.02011366089205667 9.56
957 0.02011462505100958 9.57
958 0.02011373859452408 9.58
959 0.02011430062405148 9.59
960 0.02011586386813094 9.6
961 0.02011600908616848 9.609999999999999
962 0.02011387331625709 9.620000000000001
963 0.020111891737057 9.630000000000001
964 0.02010924513348689 9.640000000000001
965 0.02010581068219354 9.65
966 0.02010408070627944 9.66
967 0.02010359875532916 9.67
968 0.0201013933538868 9.68
969 0.02010008086113466 9.69
970 0.0201000575775073 9.700000000000001
971 0.02010039401840479 9.710000000000001
972 0.02010175991154001 9.720000000000001
973 0.02010297245384337 9.73
974 0.02010398865941305 9.74
975 0.02010425322417323 9.75
976 0.02010373055586669 9.76
977 0.0201027059496599 9.77
978 0.02010391706369501 9.779999999999999
979 0.02010380041049283 9.790000000000001
980 0.02010275181978899 9.800000000000001
981 0.02010187928963548 9.81
982 0.02009921071966585 9.82
983 0.02009820501300037 9.83
984 0.02009558345515274 9.84
985 0.02009489932419361 9.85
986 0.02009433184256834 9.859999999999999
987 0.02009311432389457 9.870000000000001
988 0.02009331597327737 9.880000000000001
989 0.02009312846686009 9.890000000000001
990 0.02009022850028496 9.9
991 0.02008823115411466 9.91
992 0.02008726724071197 9.92
993 0.02008747264639216 9.93
994 0.02008768042175931 9.94
995 0.02008824551546996 9.950000000000001
996 0.02008626216879737 9.960000000000001
997 0.02008671906995948 9.970000000000001
998 0.02008550129171432 9.98
999 0.02008481055755913 9.99
1000 0.02008478153048689 10
1001 0.02008417223219726 10.01
1002 0.02008356655094433 10.02
1003 0.02008339499793952 10.03
1004 0.02008285114488858 10.04
1005 0.02008198403156083 10.05
1006 0.0200811864361847 10.06
1007 0.02008017171145931 10.07
1008 0.0200789527031658 10.08
1009 0.02007691299722319 10.09
1010 0.02007604164374473 10.1
1011 0.02007296827735445 10.11
1012 0.02007307065554646 10.12
1013 0.02007038624327743 10.13
1014 0.02007103877658338 10.14
1015 0.02006910043926527 10.15
1016 0.02006754475919969 10.16
1017 0.02006947566685447 10.17
1018 0.02006836451564233 10.18
1019 0.02006734798239019 10.19
1020 0.02006682322205248 10.2
1021 0.02006620316637004 10.21
1022 0.02006844165834564 10.22
1023 0.02006720572109665 10.23
1024 0.02006826519208303 10.24
1025 0.02006798509614994 10.25
1026 0.02006678916536666 10.26
1027 0.02006467996278424 10.27
1028 0.02006273519059608 10.28
1029 0.02006241136608105 10.29
1030 0.02006140378293057 10.3
1031 0.02005993043177166 10.31
1032 0.02005807501912199 10.32
1033 0.02005479547151168 10.33
1034 0.02005398230054875 10.34
1035 0.02005359007658607 10.35
1036 0.02005494906751627 10.36
1037 0.02005263393767064 10.37
1038 0.0200504179842017 10.38
1039 0.02004833192999928 10.39
1040 0.02004722661425018 10.4
1041 0.02004505434607368 10.41
1042 0.0200438841045861 10.42
1043 0.02004365968472322 10.43
1044 0.02004405351251025 10.44
1045 0.02004165707306038 10.45
1046 0.02004350005778312 10.46
1047 0.02004209249748054 10.47
1048 0.02004380893996351 10.48
1049 0.02004166218577252 10.49
1050 0.02004332052260321 10.5
1051 0.02004033885129956 10.51
1052 0.02004112590746358 10.52
1053 0.02004084479001343 10.53
1054 0.02004015609294495 10.54
1055 0.02003833631125754 10.55
1056 0.02003662464247978 10.56
1057 0.02003499961582719 10.57
1058 0.02003332844289871 10.58
1059 0.02003180326100134 10.59
1060 0.02003028733068208 10.6
1061 0.0200314233813191 10.61
1062 0.02002924886107154 10.62
1063 0.0200298528176593 10.63
1064 0.02002955369553786 10.64
1065 0.02002977624480598 10.65
1066 0.02002897057532798 10.66
1067 0.02002769542093022 10.67
1068 0.02002624699654377 10.68
1069 0.02002421950932193 10.69
1070 0.02002067891237136 10.7
1071 0.02001997510464831 10.71
1072 0.02001951110620767 10.72
1073 0.02001704478204531 10.73
1074 0.0200192293082411 10.74
1075 0.02001732598076833 10.75
1076 0.02001560224437254 10.76
1077 0.02001363826672102 10.77
1078 0.02001280785098642 10.78
1079 0.02001149531450239 10.79
1080 0.02001042103684987 10.8
1081 0.02000937479276117 10.81
1082 0.02000579164324544 10.82
1083 0.02000579449664701 10.83
1084 0.02000306602724751 10.84
1085 0.02000345649159323 10.85
1086 0.02000055139702713 10.86
1087 0.02000129092172499 10.87
1088 0.01999900059891756 10.88
1089 0.02000089984628517 10.89
1090 0.01999839323330051 10.9
1091 0.01999864567673456 10.91
1092 0.01999831551548401 10.92
1093 0.01999489008755163 10.93
1094 0.01999481868479961 10.94
1095 0.01999414050191703 10.95
1096 0.01999316102712841 10.96
1097 0.01999146707507479 10.97
1098 0.01998942974139276 10.98
1099 0.01998768003666687 10.99
1100 0.01998536560750091 11
1101 0.01998353359021876 11.01
1102 0.0199824339566444 11.02
1103 0.01998240131527541 11.03
1104 0.01998060539203695 11.04
1105 0.0199791735042302 11.05
1106 0.01997897418999348 11.06
1107 0.01997845481218509 11.07
1108 0.01997792484962707 11.08
1109 0.01997705154079654 11.09
1110 0.01997589885513136 11.1
1111 0.01997407418282692 11.11
1112 0.01997248130151221 11.12
1113 0.01997111686206984 11.13
1114 0.01996963007289964 11.14
1115 0.01996581280024555 11.15
1116 0.01996718167835792 11.16
1117 0.01996764575464947 11.17
1118 0.01996515284754064 11.18
1119 0.01996604359662984 11.19
1120 0.01996605395808975 11.2
1121 0.01996264691497145 11.21
1122 0.0199637921832816 11.22
1123 0.01996043388533745 11.23
1124 0.01995993763227568 11.24
1125 0.01995566707039272 11.25
1126 0.01995504554665252 11.26
1127 0.01995151712807758 11.27
1128 0.0199529538684349 11.28
1129 0.01995385976609976 11.29
1130 0.01995106097448035 11.3
1131 0.01995134436202748 11.31
1132 0.01995057066538508 11.32
1133 0.01994626686993108 11.33
1134 0.0199466526609474 11.34
1135 0.01994644237583969 11.35
1136 0.01994322836047274 11.36
1137 0.01994257436431908 11.37
1138 0.01993894713623509 11.38
1139 0.01994030958954187 11.39
1140 0.01993851053281007 11.4
1141 0.01994061099416774 11.41
1142 0.01994034973803678 11.42
1143 0.0199407737479204 11.43
1144 0.01994127693123839 11.44
1145 0.01994187125657508 11.45
1146 0.01994008218368581 11.46
1147 0.01993804351540023 11.47
1148 0.01993562307371765 11.48
1149 0.01993264194875236 11.49
1150 0.01993212212743365 11.5
1151 0.01992923461443806 11.51
1152 0.01992967896942758 11.52
1153 0.01993008132741107 11.53
1154 0.01993036887093865 11.54
1155 0.01992756038243031 11.55
1156 0.01992685894037179 11.56
1157 0.01992380616557647 11.57
1158 0.01992179136853037 11.58
1159 0.01992241778363601 11.59
1160 0.01991844448966916 11.6
1161 0.01991799139665141 11.61
1162 0.01991788020058077 11.62
1163 0.01991534544407244 11.63
1164 0.01991624495679779 11.64
1165 0.0199151374187838 11.65
1166 0.01991437279260769 11.66
1167 0.01991665335238704 11.67
1168 0.019915367566383 11.68
1169 0.01991434734704619 11.69
1170 0.01991247455348465 11.7
1171 0.0199098418844721 11.71
1172 0.01990783344103434 11.72
1173 0.01990558928644067 11.73
1174 0.01990422634402146 11.74
1175 0.01990738593123352 11.75
1176 0.01990685906288097 11.76
1177 0.01990627955423087 11.77
1178 0.01990841935816788 11.78
1179 0.01990667808856317 11.79
1180 0.01990738426841174 11.8
1181 0.01990478485902275 11.81
1182 0.01990463256838024 11.82
1183 0.01990477786302447 11.83
1184 0.01990190176652158 11.84
1185 0.01990135189541648 11.85
1186 0.01990041439115029 11.86
1187 0.01989871589117856 11.87
1188 0.01989739214300884 11.88
1189 0.01989638993707714 11.89
1190 0.0198949943292952 11.9
1191 0.01989415505943866 11.91
1192 0.0198935698456453 11.92
1193 0.01989097894437394 11.93
1194 0.01989275626573351 11.94
1195 0.01989390703029705 11.95
1196 0.01989242226487409 11.96
1197 0.01989281476026238 11.97
1198 0.0198909792227559 11.98
1199 0.01989129764618505 11.99
1200 0.01988927793505569 12
1201 0.01988741930688862 12.01
1202 0.01988566757463272 12.02
1203 0.01988455913752515 12.03
1204 0.01988331880597339 12.04
1205 0.01988278834753536 12.05
1206 0.01988302027801768 12.06
1207 0.01988337960116493 12.07
1208 0.0198837413644018 12.08
1209 0.01988396477212988 12.09
1210 0.01988350007058089 12.1
1211 0.01988278320529645 12.11
1212 0.01988206818141985 12.12
1213 0.01988116783952701 12.13
1214 0.01988002984887491 12.14
1215 0.01987911465659698 12.15
1216 0.0198773077126759 12.16
1217 0.01987583988242007 12.17
1218 0.01987445693511424 12.18
1219 0.01987420025769943 12.19
1220 0.01987395149625167 12.2
1221 0.01987618686188035 12.21
1222 0.01987491265163479 12.22
1223 0.01987523061494047 12.23
1224 0.01987256846997924 12.24
1225 0.01987245009830183 12.25
1226 0.01987238689838988 12.26
1227 0.01987075685322456 12.27
1228 0.01986846058665371 12.28
1229 0.0198670057060864 12.29
1230 0.01986561441478374 12.3
1231 0.01986411855593149 12.31
1232 0.01986355639548656 12.32
1233 0.01986317800121961 12.33
1234 0.01986269973944016 12.34
1235 0.01986233917903508 12.35
1236 0.01986062891450126 12.36
1237 0.01985948419640369 12.37
1238 0.01985896134941658 12.38
1239 0.01985704975561342 12.39
1240 0.01985822018175915 12.4
1241 0.01985825060269271 12.41
1242 0.01985570116260517 12.42
1243 0.01985569195302663 12.43
1244 0.0198539971403996 12.44
1245 0.01985243073395024 12.45
1246 0.01985108242591704 12.46
1247 0.01985244786963426 12.47
1248 0.01984949312161564 12.48
1249 0.01984682179418959 12.49
1250 0.0198447897533986 12.5
1251 0.01984331965110983 12.51
1252 0.01984231714595733 12.52
1253 0.0198411732423946 12.53
1254 0.01984039918789593 12.54
1255 0.0198399436920833 12.55
1256 0.01983992378267353 12.56
1257 0.01983936785473923 12.57
1258 0.01983518827043842 12.58
1259 0.01983584861150462 12.59
1260 0.0198361515859726 12.6
1261 0.01983618818429883 12.61
1262 0.01983586622825249 12.62
1263 0.01983514694834001 12.63
1264 0.01983475652222653 12.64
1265 0.01983324355978583 12.65
1266 0.01983165558306257 12.66
1267 0.01982926776660708 12.67
1268 0.01982789208673288 12.68
1269 0.01982644914581999 12.69
1270 0.01982501659373684 12.7
1271 0.01982568567205807 12.71
1272 0.01982331219465023 12.72
1273 0.01982305019413215 12.73
1274 0.01981973946431594 12.74
1275 0.01981855732036936 12.75
1276 0.0198167381553892 12.76
1277 0.01981291559253728 12.77
1278 0.01981218325879792 12.78
1279 0.01981149381265611 12.79
1280 0.01981075762850371 12.8
1281 0.01980986822899557 12.81
1282 0.0198093795111108 12.82
1283 0.01980803449265126 12.83
1284 0.01980627807248968 12.84
1285 0.01980425226641614 12.85
1286 0.01980258326404086 12.86
1287 0.019798739795853 12.87
1288 0.01979710980408948 12.88
1289 0.0197954570043525 12.89
1290 0.01979423710084242 12.9
1291 0.01979467253387442 12.91
1292 0.01979412835408001 12.92
1293 0.01979139668964279 12.93
1294 0.01978778392588665 12.94
1295 0.0197830632995769 12.95
1296 0.01977929751630225 12.96
1297 0.01977864070359548 12.97
1298 0.01977586281976057 12.98
1299 0.01977453417581972 12.99
1300 0.01977336979255074 13
1301 0.01977219402422116 13.01
1302 0.01977062499051232 13.02
1303 0.01977001986648633 13.03
1304 0.01976920452813765 13.04
1305 0.01976753087234533 13.05
1306 0.01976526765947017 13.06
1307 0.01976253188176022 13.07
1308 0.01975987268840935 13.08
1309 0.01975678221714124 13.09
1310 0.01975375054946753 13.1
1311 0.01975064281010087 13.11
1312 0.01974760459418025 13.12
1313 0.01974472088476775 13.13
1314 0.01974175116902046 13.14
1315 0.01973912784146028 13.15
1316 0.01973670714588736 13.16
1317 0.01973449344803615 13.17
1318 0.01973242372305437 13.18
1319 0.01973042819572364 13.19
1320 0.01972783316851345 13.2
1321 0.01972624551219791 13.21
1322 0.01972459761553597 13.22
1323 0.01972277127389776 13.23
1324 0.01972074143311493 13.24
1325 0.01972070235726027 13.25
1326 0.01971791537643869 13.26
1327 0.01971466019881008 13.27
1328 0.01971023653432767 13.28
1329 0.01970644669385819 13.29
1330 0.01970303817555041 13.3
1331 0.01970002665574621 13.31
1332 0.01969781972205135 13.32
1333 0.01969563447106717 13.33
1334 0.01969337573986873 13.34
1335 0.01969115913187884 13.35
1336 0.01968920392627571 13.36
1337 0.01968692625679388 13.37
1338 0.01968393143335288 13.38
1339 0.01968092441799045 13.39
1340 0.01967866426415876 13.4
1341 0.01967621345404723 13.41
1342 0.01967328939285324 13.42
1343 0.01967007378394845 13.43
1344 0.01966650257167163 13.44
1345 0.01966275774022214 13.45
1346 0.01965903713007338 13.46
1347 0.01965510044834577 13.47
1348 0.01964914889483904 13.48
1349 0.01964508630394624 13.49
1350 0.01964160249712541 13.5
1351 0.01963890348779392 13.51
1352 0.01963570340964787 13.52
1353 0.01963289262352354 13.53
1354 0.01963026563448044 13.54
1355 0.01962764503574004 13.55
1356 0.01962607517412376 13.56
1357 0.01962393758512947 13.57
1358 0.01962234035333531 13.58
1359 0.01961883610833652 13.59
1360 0.01961542879476517 13.6
1361 0.01961131003281166 13.61
1362 0.0196068125599425 13.62
1363 0.01960216439361627 13.63
1364 0.01959804203054068 13.64
1365 0.01959421794171829 13.65
1366 0.01958980432167869 13.66
1367 0.01958598196152105 13.67
1368 0.01958084722335079 13.68
1369 0.01957857878190049 13.69
1370 0.01957648550327825 13.7
1371 0.01957236800377775 13.71
1372 0.0195703109449698 13.72
1373 0.01956566528121308 13.73
1374 0.01956409885755215 13.74
1375 0.01955967350314225 13.75
1376 0.01955811406326935 13.76
1377 0.01955360041757874 13.77
1378 0.01954960709286862 13.78
1379 0.01954891948623557 13.79
1380 0.01954494200240999 13.8
1381 0.01954350474501784 13.81
1382 0.0195389654385544 13.82
1383 0.01953661568198295 13.83
1384 0.01953174515748836 13.84
1385 0.01952844178979931 13.85
1386 0.01952290330980732 13.86
1387 0.01951905122392542 13.87
1388 0.01951533947998882 13.88
1389 0.01951140601403864 13.89
1390 0.01950731609810208 13.9
1391 0.01950280870171164 13.91
1392 0.0194997138793039 13.92
1393 0.01949622708921752 13.93
1394 0.01949270930194002 13.94
1395 0.0194885098188627 13.95
1396 0.01948438554653543 13.96
1397 0.01948050035225702 13.97
1398 0.01947807730880545 13.98
1399 0.01947449662388641 13.99
1400 0.01947113484919728 14
1401 0.01946785970075572 14.01
1402 0.01946477637811275 14.02
1403 0.01946341259198906 14.03
1404 0.01946005835603018 14.04
1405 0.01945670611571036 14.05
1406 0.01945334407001989 14.06
1407 0.01945002050792313 14.07
1408 0.01944669823626827 14.08
1409 0.01944355962739634 14.09
1410 0.01944059946984948 14.1
1411 0.01943778762961576 14.11
1412 0.01943489722840327 14.12
1413 0.01943219432130545 14.13
1414 0.01942953352834086 14.14
1415 0.01942516799602575 14.15
1416 0.01942298007100579 14.16
1417 0.01942032278074717 14.17
1418 0.01941592472178054 14.18
1419 0.01941359370259593 14.19
1420 0.01941145561711451 14.2
1421 0.01940705826817862 14.21
1422 0.01940548787661101 14.22
1423 0.01940148501470495 14.23
1424 0.01940039696605679 14.24
1425 0.0193967085789783 14.25
1426 0.01939612855516812 14.26
1427 0.01939270260099017 14.27
1428 0.01939220361090091 14.28
1429 0.01938875250518244 14.29
1430 0.019387959274714 14.3
1431 0.01938427625210502 14.31
1432 0.01938311496390649 14.32
1433 0.01937917055552528 14.33
1434 0.01937784563389224 14.34
1435 0.01937579197527911 14.35
1436 0.01937135155921664 14.36
1437 0.01936918970593533 14.37
1438 0.01936633429386408 14.38
1439 0.01936354509263368 14.39
1440 0.01936171143148947 14.4
1441 0.01935738074984868 14.41
1442 0.01935564895896818 14.42
1443 0.01935425077716423 14.43
1444 0.0193525917205544 14.44
1445 0.01935082467125149 14.45
1446 0.01934894263438513 14.46
1447 0.01934689647216094 14.47
1448 0.01934468926745181 14.48
1449 0.01934246325717218 14.49
1450 0.01934148900754767 14.5
1451 0.01933809411221235 14.51
1452 0.01933494935516598 14.52
1453 0.01933367286928516 14.53
1454 0.0193305756945506 14.54
1455 0.01932949674137959 14.55
1456 0.01932646967592225 14.56
1457 0.0193260599232275 14.57
1458 0.0193232187975994 14.58
1459 0.01932209144028173 14.59
1460 0.01932051085890253 14.6
1461 0.01931704719487544 14.61
1462 0.01931525778792112 14.62
1463 0.01931170559255481 14.63
1464 0.01931060868793389 14.64
1465 0.01930935836519267 14.65
1466 0.01930628475161388 14.66
1467 0.01930514043945242 14.67
1468 0.01930199817386931 14.68
1469 0.01930062727098065 14.69
1470 0.01929781320273781 14.7
1471 0.01929513793299573 14.71
1472 0.01929510554607896 14.72
1473 0.01929292018526581 14.73
1474 0.01929074500512015 14.74
1475 0.01928795635422295 14.75
1476 0.01928526353951279 14.76
1477 0.01928465474736834 14.77
1478 0.01928191564215234 14.78
1479 0.01927879973162833 14.79
1480 0.01927558281709498 14.8
1481 0.01927226461212926 14.81
1482 0.01926921513804622 14.82
1483 0.01926638740448102 14.83
1484 0.01926512242352378 14.84
1485 0.01926355133269106 14.85
1486 0.01926192467289908 14.86
1487 0.01926008723658834 14.87
1488 0.01925703988877017 14.88
1489 0.01925428317180103 14.89
1490 0.0192516270282821 14.9
1491 0.01924891471946729 14.91
1492 0.01924624821496978 14.92
1493 0.01924365866172335 14.93
1494 0.01924093318374612 14.94
1495 0.019239486067765 14.95
1496 0.01923679754667322 14.96
1497 0.01923412636865491 14.97
1498 0.01923133664257402 14.98
1499 0.01922987163292689 14.99
1500 0.01922663081221342 15
1501 0.01922424569242287 15.01
1502 0.01922281351611511 15.02
1503 0.01922111492172651 15.03
1504 0.01921984041642621 15.04
1505 0.01921478452538422 15.05
1506 0.01921080108616698 15.06
1507 0.0192056501242568 15.07
1508 0.01920332140095295 15.08
1509 0.01920003029994091 15.09
1510 0.01919873593237153 15.1
1511 0.01919597734667748 15.11
1512 0.01919338808703848 15.12
1513 0.01919210298278251 15.13
1514 0.01918904388888629 15.14
1515 0.01918591485497463 15.15
1516 0.01918334690845667 15.16
1517 0.01917954657100307 15.17
1518 0.01917616947225374 15.18
1519 0.01917357046952035 15.19
1520 0.01917080392250658 15.2
1521 0.01916833173107579 15.21
1522 0.01916646413224673 15.22
1523 0.01916514145283154 15.23
1524 0.01916323762604585 15.24
1525 0.0191597558267512 15.25
1526 0.01915578494700612 15.26
1527 0.01915171344626621 15.27
1528 0.01914667100503498 15.28
1529 0.01914267956716024 15.29
1530 0.01913909437975097 15.3
1531 0.01913433228020662 15.31
1532 0.01913256966405471 15.32
1533 0.01913074581730233 15.33
1534 0.01912665885414496 15.34
1535 0.01912445585105356 15.35
1536 0.01912212821226523 15.36
1537 0.01911774528357099 15.37
1538 0.01911419959550154 15.38
1539 0.01911047083565293 15.39
1540 0.01910532702355038 15.4
1541 0.01910321098524158 15.41
1542 0.01910000578067533 15.42
1543 0.0190959060637738 15.43
1544 0.01909371916510029 15.44
1545 0.01908920781746055 15.45
1546 0.01908709697951873 15.46
1547 0.01908315107512534 15.47
1548 0.01907779939004473 15.48
1549 0.01907590308427116 15.49
1550 0.01907383219129002 15.5
1551 0.0190722517885628 15.51
1552 0.01907026024419961 15.52
1553 0.01906787283956015 15.53
1554 0.01906505538679155 15.54
1555 0.0190615198396497 15.55
1556 0.01905776915410612 15.56
1557 0.01905364282509842 15.57
1558 0.01904956849612312 15.58
1559 0.01904467414993492 15.59
1560 0.0190401278941957 15.6
1561 0.01903777717466031 15.61
1562 0.01903457035309181 15.62
1563 0.01902996816425408 15.63
1564 0.01902509829293845 15.64
1565 0.01902142154714139 15.65
1566 0.01901664900472222 15.66
1567 0.01901266423910271 15.67
1568 0.01900965225724288 15.68
1569 0.0190082528603914 15.69
1570 0.0190041810461623 15.7
1571 0.01900297757524995 15.71
1572 0.01899892943565654 15.72
1573 0.0189967164134269 15.73
1574 0.01899201353487373 15.74
1575 0.01898804895614865 15.75
1576 0.01898232340329473 15.76
1577 0.01897853303836317 15.77
1578 0.01897465368302254 15.78
1579 0.01897149645319518 15.79
1580 0.01896727294743141 15.8
1581 0.01896231613356104 15.81
1582 0.01895857241071585 15.82
1583 0.0189546005925152 15.83
1584 0.01895008010355318 15.84
1585 0.01894720986344462 15.85
1586 0.01894415368591633 15.86
1587 0.01894175670676791 15.87
1588 0.018938069095783 15.88
1589 0.01893388145547346 15.89
1590 0.01892912305428304 15.9
1591 0.01892470727463849 15.91
1592 0.01892027587975381 15.92
1593 0.01891665941635174 15.93
1594 0.01891051137022892 15.94
1595 0.01890524968040225 15.95
1596 0.01890000619417501 15.96
1597 0.01889536959765548 15.97
1598 0.01889101523782632 15.98
1599 0.01888731260112764 15.99
1600 0.01888379941611372 16
1601 0.01888091938384665 16.01
1602 0.01887750753211827 16.02
1603 0.01887212530902526 16.03
1604 0.01886988835859068 16.04
1605 0.01886789498783109 16.05
1606 0.01886586848342236 16.06
1607 0.01886132180251597 16.07
1608 0.01885784725769082 16.08
1609 0.01885520397867331 16.09
1610 0.01885143061127536 16.1
1611 0.01884642979054011 16.11
1612 0.01884343251235021 16.12
1613 0.01883980061216388 16.13
1614 0.01883559854223974 16.14
1615 0.01883077918493968 16.15
1616 0.018826817598386 16.16
1617 0.01882224684080369 16.17
1618 0.01881636935759048 16.18
1619 0.01881120654185637 16.19
1620 0.01880727400532217 16.2
1621 0.01880261003501439 16.21
1622 0.01879762177546067 16.22
1623 0.01879364388336973 16.23
1624 0.01879010294464277 16.24
1625 0.01878548970673027 16.25
1626 0.01878120838333673 16.26
1627 0.01877725296738504 16.27
1628 0.01877555299159305 16.28
1629 0.01877309955846259 16.29
1630 0.0187699947599177 16.3
1631 0.01876734781729245 16.31
1632 0.01876288832185097 16.32
1633 0.01875898253572454 16.33
1634 0.01875441524460517 16.34
1635 0.01875042753863295 16.35
1636 0.01874426455968476 16.36
1637 0.01873808593029155 16.37
1638 0.01873292323654901 16.38
1639 0.01872828091530927 16.39
1640 0.01872397331586982 16.4
1641 0.01871904799957706 16.41
1642 0.01871564304772286 16.42
1643 0.01871201921700419 16.43
1644 0.01870759113861043 16.44
1645 0.01870418123585508 16.45
1646 0.01870076463540248 16.46
1647 0.01869701303548217 16.47
1648 0.01869254518818961 16.48
1649 0.01868816089296754 16.49
1650 0.01868458577251339 16.5
1651 0.01868061762144645 16.51
1652 0.01867730683298418 16.52
1653 0.01867264332188778 16.53
1654 0.01866816666343405 16.54
1655 0.0186629451434242 16.55
1656 0.01865809857407466 16.56
1657 0.018653707773909 16.57
1658 0.01864895740581056 16.58
1659 0.01864510971278504 16.59
1660 0.01864117078291419 16.6
1661 0.01863706248199944 16.61
1662 0.01863363371607802 16.62
1663 0.01862988107862145 16.63
1664 0.01862613468319007 16.64
1665 0.01862211795205494 16.65
1666 0.01861754773910917 16.66
1667 0.01861305554539831 16.67
1668 0.01860933164569175 16.68
1669 0.01860609415506708 16.69
1670 0.01860212361345285 16.7
1671 0.01859903126303335 16.71
1672 0.01859540530951907 16.72
1673 0.01858964567751997 16.73
1674 0.0185854664435623 16.74
1675 0.01858170560813695 16.75
1676 0.01857855962219884 16.76
1677 0.01857678664630289 16.77
1678 0.01857498212944026 16.78
1679 0.01857131931766045 16.79
1680 0.01856908623643612 16.8
1681 0.0185668063610265 16.81
1682 0.01856257546040156 16.82
1683 0.01855876467536548 16.83
1684 0.01855452827753971 16.84
1685 0.0185495503110547 16.85
1686 0.01854617436270142 16.86
1687 0.01854307738205411 16.87
1688 0.01853993181391189 16.88
1689 0.01853681579712005 16.89
1690 0.01853243980619414 16.9
1691 0.01852666392869798 16.91
1692 0.01852122116842151 16.92
1693 0.0185156487334104 16.93
1694 0.01851048911544118 16.94
1695 0.01850841276628631 16.95
1696 0.01850541301947405 16.96
1697 0.01850290385448472 16.97
1698 0.0184994689577757 16.98
1699 0.01849596040345798 16.99
1700 0.01849259247417052 17
1701 0.01848842228281539 17.01
1702 0.01848513536132323 17.02
1703 0.01848246471952502 17.03
1704 0.01847959441497007 17.04
1705 0.01847830599552274 17.05
1706 0.01847557622711163 17.06
1707 0.01847096196171066 17.07
1708 0.01846528519222264 17.08
1709 0.01846001451367076 17.09
1710 0.01845588510565908 17.1
1711 0.01845137299156967 17.11
1712 0.01844658959580333 17.12
1713 0.01844377588841414 17.13
1714 0.01844113009852166 17.14
1715 0.01843860149479686 17.15
1716 0.01843555296818693 17.16
1717 0.01843094589055864 17.17
1718 0.01842786570904359 17.18
1719 0.01842443779219521 17.19
1720 0.0184199662132408 17.2
1721 0.01841494803596246 17.21
1722 0.01841031451163829 17.22
1723 0.0184039190749712 17.23
1724 0.01839728726122165 17.24
1725 0.0183923839314533 17.25
1726 0.0183909094433335 17.26
1727 0.01838865505675278 17.27
1728 0.0183884120438535 17.28
1729 0.01838787344808296 17.29
1730 0.0183884377319916 17.3
1731 0.01838867451639944 17.31
1732 0.01838689637016461 17.32
1733 0.01838358011975444 17.33
1734 0.01837921702942476 17.34
1735 0.01837470698819761 17.35
1736 0.01836937676362459 17.36
1737 0.01836424123604306 17.37
1738 0.01836175199614702 17.38
1739 0.01835922893011901 17.39
1740 0.01835693923297876 17.4
1741 0.01835376425158484 17.41
1742 0.01834996208649564 17.42
1743 0.01834998381951206 17.43
1744 0.01834754333164201 17.44
1745 0.01834539108472439 17.45
1746 0.01834251705786944 17.46
1747 0.01834003632890653 17.47
1748 0.01833721999330271 17.48
1749 0.01833238142911151 17.49
1750 0.01832748328368465 17.5
1751 0.01832056723014896 17.51
1752 0.01831779936263542 17.52
1753 0.01831434050707497 17.53
1754 0.01831135938412929 17.54
1755 0.01830745178203411 17.55
1756 0.0183019245591749 17.56
1757 0.01829935919072718 17.57
1758 0.01829659121579259 17.58
1759 0.01829639889627088 17.59
1760 0.01829230675169241 17.6
1761 0.01828936145265447 17.61
1762 0.01828633371955006 17.62
1763 0.01828338928587873 17.63
1764 0.01827988418464637 17.64
1765 0.01827810363640025 17.65
1766 0.01827641711706218 17.66
1767 0.01827404053760593 17.67
1768 0.01827087714971163 17.68
1769 0.01826888308882573 17.69
1770 0.01826639317460236 17.7
1771 0.01826279335893916 17.71
1772 0.01825754406988217 17.72
1773 0.01825258702862404 17.73
1774 0.01825045528010044 17.74
1775 0.0182497055113936 17.75
1776 0.01824794725002143 17.76
1777 0.01824782074339711 17.77
1778 0.01824828751404312 17.78
1779 0.0182507443435462 17.79
1780 0.01825134631805278 17.8
1781 0.01825069290354319 17.81
1782 0.01824831801897664 17.82
1783 0.01824885647809624 17.83
1784 0.01824675292443168 17.84
1785 0.01824349064525287 17.85
1786 0.01823720333366869 17.86
1787 0.01823146674958182 17.87
1788 0.01822669713912046 17.88
1789 0.01822245945138449 17.89
1790 0.01822008980421598 17.9
1791 0.0182201643778343 17.91
1792 0.01822103220192735 17.92
1793 0.01822156358961 17.93
1794 0.01821831211615968 17.94
1795 0.01821591060138908 17.95
1796 0.01821339522954216 17.96
1797 0.01821311717191838 17.97
1798 0.0182113878487561 17.98
1799 0.01820786569218839 17.99
1800 0.01820514595369335 18
1801 0.0181999798378343 18.01
1802 0.01819365359090222 18.02
1803 0.01818854353069485 18.03
1804 0.01818496978324728 18.04
1805 0.01818309889832214 18.05
1806 0.01818472980394673 18.06
1807 0.01818046725184035 18.07
1808 0.01817722090417679 18.08
1809 0.0181751225074876 18.09
1810 0.01817202850600708 18.1
1811 0.01816881433861215 18.11
1812 0.01816840066885031 18.12
1813 0.01816449074676636 18.13
1814 0.0181621567663842 18.14
1815 0.01815783291958431 18.15
1816 0.01815270905140161 18.16
1817 0.01815512116485191 18.17
1818 0.01815589730554055 18.18
1819 0.01815747249434398 18.19
1820 0.01815398735467842 18.2
1821 0.0181534703006632 18.21
1822 0.0181513390247386 18.22
1823 0.01814818739724415 18.23
1824 0.01814381992120064 18.24
1825 0.01814122721518033 18.25
1826 0.01814016756106814 18.26
1827 0.01813995424579043 18.27
1828 0.01813965724902336 18.28
1829 0.01813863922978063 18.29
1830 0.01813179398583534 18.3
1831 0.01812694416567466 18.31
1832 0.01812225866731683 18.32
1833 0.01811865083243029 18.33
1834 0.01811529235302852 18.34
1835 0.01810804220890032 18.35
1836 0.01810565582690071 18.36
1837 0.01809741099024343 18.37
1838 0.01809117685414862 18.38
1839 0.01808636596863768 18.39
1840 0.01808282457641658 18.4
1841 0.01808123528621228 18.41
1842 0.01807802533716229 18.42
1843 0.01807333130378556 18.43
1844 0.01807562379567727 18.44
1845 0.01807651994990562 18.45
1846 0.01807533718215758 18.46
1847 0.01807141519917393 18.47
1848 0.01806325208767576 18.48
1849 0.01805486382427436 18.49
1850 0.01804802919978828 18.5
1851 0.01804188995827562 18.51
1852 0.01803972754705948 18.52
1853 0.01803590295925006 18.53
1854 0.01802819511463434 18.54
1855 0.01802592831911488 18.55
1856 0.01802121734913052 18.56
1857 0.01801994535936545 18.57
1858 0.01801845298564448 18.58
1859 0.01801132575209776 18.59
1860 0.01800742108589875 18.6
1861 0.01800315859887137 18.61
1862 0.01800152679782529 18.62
1863 0.01799517184333285 18.63
1864 0.01799034429618592 18.64
1865 0.01798216261452529 18.65
1866 0.01797656533784071 18.66
1867 0.01797356003342519 18.67
1868 0.01796692208254215 18.68
1869 0.01796478761990702 18.69
1870 0.01796394450831437 18.7
1871 0.0179636212653712 18.71
1872 0.01796160193273956 18.72
1873 0.01796042776457894 18.73
1874 0.0179562495126686 18.74
1875 0.01794814196321912 18.75
1876 0.01793956305437759 18.76
1877 0.01793277473915663 18.77
1878 0.0179209387095491 18.78
1879 0.01791083325890518 18.79
1880 0.01790532253048574 18.8
1881 0.01790071017798941 18.81
1882 0.01789726176372609 18.82
1883 0.01789510911459369 18.83
1884 0.0178930231390891 18.84
1885 0.01789694963056008 18.85
1886 0.01789641962683941 18.86
1887 0.01789276800277991 18.87
1888 0.0178883310604305 18.88
1889 0.01788524034453907 18.89
1890 0.01788096747733646 18.9
1891 0.01787791157629514 18.91
1892 0.01787475567353738 18.92
1893 0.01787181567581345 18.93
1894 0.01786910852676772 18.94
1895 0.01786229421001567 18.95
1896 0.01785746440547168 18.96
1897 0.01785238460752389 18.97
1898 0.01785110217798351 18.98
1899 0.01784726406764034 18.99
1900 0.01784297751598827 19
1901 0.0178360004195516 19.01
1902 0.01783162155386472 19.02
1903 0.01782814175684377 19.03
1904 0.01782402921025184 19.04
1905 0.01781937386705295 19.05
1906 0.01782158583707937 19.06
1907 0.01782296671214141 19.07
1908 0.017821948521991 19.08
1909 0.01782394112033145 19.09
1910 0.01782456024696883 19.1
1911 0.01782704948098204 19.11
1912 0.01782832643820619 19.12
1913 0.01782711442359434 19.13
1914 0.01782340675581331 19.14
1915 0.01782114301426864 19.15
1916 0.01781758818754507 19.16
1917 0.01781497292862102 19.17
1918 0.01781047783713375 19.18
1919 0.01780514177418158 19.19
1920 0.01779692954473272 19.2
1921 0.01779213417682527 19.21
1922 0.01778604279526907 19.22
1923 0.01778649691267286 19.23
1924 0.01778915867560321 19.24
1925 0.01779561672188209 19.25
1926 0.01779881278059133 19.26
1927 0.01780060149602312 19.27
1928 0.01779827895769077 19.28
1929 0.01780578908110033 19.29
1930 0.01780840408853705 19.3
1931 0.01781178899373291 19.31
1932 0.01780894676721928 19.32
1933 0.017806633295896 19.33
1934 0.01780296868208661 19.34
1935 0.01780051998855898 19.35
1936 0.01780163280442206 19.36
1937 0.01780249441764259 19.37
1938 0.01780094903005494 19.38
1939 0.01779799840822135 19.39
1940 0.01779641101716478 19.4
1941 0.01779612218746533 19.41
1942 0.0177955990561975 19.42
1943 0.01779511805277569 19.43
1944 0.01780125556563377 19.44
1945 0.01780498158497465 19.45
1946 0.01781182433517442 19.46
1947 0.01781266144349609 19.47
1948 0.01781637446800917 19.48
1949 0.01781508733630277 19.49
1950 0.01781963756055076 19.5
1951 0.01782759527947069 19.51
1952 0.01782889870838244 19.52
1953 0.01783132447389325 19.53
1954 0.01783126968692938 19.54
1955 0.01783242820522411 19.55
1956 0.01782992814459552 19.56
1957 0.01782969636764412 19.57
1958 0.01782819875996265 19.58
1959 0.01783034506847914 19.59
1960 0.0178277398717905 19.6
1961 0.01783164764615204 19.61
1962 0.01783309684532578 19.62
1963 0.01783265377678937 19.63
1964 0.01782811592934639 19.64
1965 0.01782600520453145 19.65
1966 0.01782506064470159 19.66
1967 0.01782572899938997 19.67
1968 0.01781958096324571 19.68
1969 0.01781686188973724 19.69
1970 0.01781531453091633 19.7
1971 0.01781941926221679 19.71
1972 0.0178217682309968 19.72
1973 0.01782978600718382 19.73
1974 0.01783151974218125 19.74
1975 0.01783929013176132 19.75
1976 0.01784318359732771 19.76
1977 0.01785208708880699 19.77
1978 0.01785381215023393 19.78
1979 0.01785617011546066 19.79
1980 0.0178550299415909 19.8
1981 0.01785497429912801 19.81
1982 0.0178523440871588 19.82
1983 0.01784929266242854 19.83
1984 0.01784502173191879 19.84
1985 0.01784149213964471 19.85
1986 0.01783861294642897 19.86
1987 0.01783543232375693 19.87
1988 0.01783316047141394 19.88
1989 0.01783438763112868 19.89
1990 0.01783430914728123 19.9
1991 0.01783857745562915 19.91
1992 0.01784405737808039 19.92
1993 0.01784724821397113 19.93
1994 0.01785224990987043 19.94
1995 0.01785479822038554 19.95
1996 0.01785631775321671 19.96
1997 0.01785653593251821 19.97
1998 0.01785781073289603 19.98
1999 0.01785090591308048 19.99
2000 0.01784280137950355 20
2001 0.01783560218575977 20.01
2002 0.01783015023248284 20.02
2003 0.01782551888150586 20.03
2004 0.0178230581277676 20.04
2005 0.01782135207527576 20.05
2006 0.01781973145846321 20.06
2007 0.017820602321634 20.07
2008 0.01782336591841265 20.08
2009 0.01782219818749559 20.09
2010 0.01781972975502498 20.1
2011 0.01781898073901806 20.11
2012 0.01781651438947284 20.12
2013 0.01780969425507219 20.13
2014 0.0178072002891046 20.14
2015 0.01780479178902193 20.15
2016 0.01780136435784916 20.16
2017 0.01779506824843487 20.17
2018 0.01779142632666272 20.18
2019 0.01778850148917097 20.19
2020 0.01778601750887158 20.2
2021 0.01778515548431346 20.21
2022 0.01778528134407233 20.22
2023 0.01778586850933601 20.23
2024 0.01778463259760909 20.24
2025 0.01778366521957875 20.25
2026 0.01778038995153192 20.26
2027 0.01777636963569504 20.27
2028 0.01777307842588028 20.28
2029 0.01776602400120474 20.29
2030 0.01776297792906613 20.3
2031 0.01775729172533909 20.31
2032 0.01775338296788729 20.32
2033 0.01775032281438563 20.33
2034 0.017749207004606 20.34
2035 0.01774950910448574 20.35
2036 0.01774971707018231 20.36
2037 0.01775225975011699 20.37
2038 0.0177508963714944 20.38
2039 0.0177507386903238 20.39
2040 0.01775008717545755 20.4
2041 0.01774893258906868 20.41
2042 0.01774637091749577 20.42
2043 0.01774697718902964 20.43
2044 0.01774519570084729 20.44
2045 0.01774362255163202 20.45
2046 0.01774203025903658 20.46
2047 0.01773972210796138 20.47
2048 0.01773810025277706 20.48
2049 0.01773367358032248 20.49
2050 0.0177284099751847 20.5
2051 0.01772172132262134 20.51
2052 0.01771562173251956 20.52
2053 0.01771325293466915 20.53
2054 0.01770776553501745 20.54
2055 0.01770298516664046 20.55
2056 0.0176992639603894 20.56
2057 0.01770239334138089 20.57
2058 0.0176971282965686 20.58
2059 0.01769269905543872 20.59
2060 0.01768917188080749 20.6
2061 0.01768501777830253 20.61
2062 0.01768292104810848 20.62
2063 0.01768035390584127 20.63
2064 0.01767850853263669 20.64
2065 0.01767555712804216 20.65
2066 0.01767352873554578 20.66
2067 0.01766983628883475 20.67
2068 0.0176681167102348 20.68
2069 0.01766444758072238 20.69
2070 0.01766127297017386 20.7
2071 0.01765829568275552 20.71
2072 0.01765241330748445 20.72
2073 0.01764791548320921 20.73
2074 0.01764414365672571 20.74
2075 0.01764138653779628 20.75
2076 0.01763805770618134 20.76
2077 0.017635051283078 20.77
2078 0.0176324510936909 20.78
2079 0.01763138780391518 20.79
2080 0.01762867859675108 20.8
2081 0.01762644002604044 20.81
2082 0.01762427797476744 20.82
2083 0.01762240390661975 20.83
2084 0.01762111870764092 20.84
2085 0.01761931334301443 20.85
2086 0.01761907296580551 20.86
2087 0.01761841412877506 20.87
2088 0.01761984503156208 20.88
2089 0.01761913651387122 20.89
2090 0.01761880769026456 20.9
2091 0.01761559766941556 20.91
2092 0.01761083930508649 20.92
2093 0.01760730087303211 20.93
2094 0.01760083747287488 20.94
2095 0.01759395606364272 20.95
2096 0.01758969059650765 20.96
2097 0.01758720158540205 20.97
2098 0.01758479713405628 20.98
2099 0.01758349774972932 20.99
2100 0.0175810740317384 21
2101 0.01758067957575358 21.01
2102 0.01757946300550237 21.02
2103 0.0175789134304509 21.03
2104 0.01757578258261155 21.04
2105 0.01757025774802651 21.05
2106 0.0175658415855729 21.06
2107 0.01755977405842919 21.07
2108 0.01755435725148548 21.08
2109 0.01754990053413328 21.09
2110 0.01754541770301603 21.1
2111 0.01754240940075498 21.11
2112 0.01753934892854117 21.12
2113 0.01753700473243141 21.13
2114 0.01753460841156153 21.14
2115 0.01753107033725042 21.15
2116 0.01752760806480412 21.16
2117 0.0175255135466906 21.17
2118 0.01752291077208192 21.18
2119 0.01752329932775588 21.19
2120 0.01752318470323375 21.2
2121 0.01752040665696057 21.21
2122 0.01751720103073926 21.22
2123 0.01751393439488554 21.23
2124 0.01751213064476894 21.24
2125 0.01751012715223422 21.25
2126 0.01750936554269626 21.26
2127 0.01750921841676887 21.27
2128 0.01751027119908673 21.28
2129 0.01750877359074896 21.29
2130 0.01750953490283205 21.3
2131 0.01750726688242987 21.31
2132 0.01750378117346591 21.32
2133 0.01750030599161203 21.33
2134 0.01749762388236633 21.34
2135 0.01749362870478042 21.35
2136 0.01749167414719569 21.36
2137 0.0174895807981917 21.37
2138 0.01748753822165515 21.38
2139 0.01748139971228262 21.39
2140 0.01747775248344283 21.4
2141 0.01747218299291534 21.41
2142 0.01746828246879803 21.42
2143 0.01746681428863202 21.43
2144 0.01746567312844266 21.44
2145 0.0174668505188485 21.45
2146 0.0174677726955107 21.46
2147 0.01746880244713534 21.47
2148 0.01746786474612343 21.48
2149 0.01746550313631735 21.49
2150 0.01746558466150351 21.5
2151 0.01746561526463822 21.51
2152 0.01746381306752124 21.52
2153 0.01746241040128067 21.53
2154 0.01745764805686334 21.54
2155 0.01745429711336126 21.55
2156 0.01745093201495439 21.56
2157 0.01744847294775845 21.57
2158 0.01744422710011201 21.58
2159 0.01744230365722213 21.59
2160 0.01744529480849546 21.6
2161 0.01744627284024546 21.61
2162 0.0174491943803525 21.62
2163 0.01744886669970147 21.63
2164 0.01744942327020735 21.64
2165 0.01744748518321186 21.65
2166 0.01744377689609221 21.66
2167 0.0174409555043372 21.67
2168 0.01743738579429872 21.68
2169 0.017436933190314 21.69
2170 0.01743507919303269 21.7
2171 0.01743690832387809 21.71
2172 0.01743927029936506 21.72
2173 0.01744391365731189 21.73
2174 0.01744304058924313 21.74
2175 0.01744205982251018 21.75
2176 0.01744373514380445 21.76
2177 0.01744303489644578 21.77
2178 0.01744213677967995 21.78
2179 0.01744367356056966 21.79
2180 0.01744366158020039 21.8
2181 0.01744616383210684 21.81
2182 0.01744563873507607 21.82
2183 0.01744544794884118 21.83
2184 0.01744588154652052 21.84
2185 0.01744503460959071 21.85
2186 0.01744399347365131 21.86
2187 0.0174434946811969 21.87
2188 0.0174405826540337 21.88
2189 0.01743908680356319 21.89
2190 0.01744160674096741 21.9
2191 0.01744249067221717 21.91
2192 0.01744369963886898 21.92
2193 0.01744840420910498 21.93
2194 0.01745012973552553 21.94
2195 0.01745177115727622 21.95
2196 0.01745696670352491 21.96
2197 0.01745703111440008 21.97
2198 0.0174577985432542 21.98
2199 0.01746189455486427 21.99
2200 0.01746058709367907 22
2201 0.01746082003083347 22.01
2202 0.01746432859964733 22.02
2203 0.01746425647808901 22.03
2204 0.0174637049081727 22.04
2205 0.01746304005918399 22.05
2206 0.01746543870738274 22.06
2207 0.01746480662114456 22.07
2208 0.01746413440750549 22.08
2209 0.01746637796430048 22.09
2210 0.01746633188160173 22.1
2211 0.0174668129845091 22.11
2212 0.01746820470765466 22.12
2213 0.01747176840459668 22.13
2214 0.0174727444280126 22.14
2215 0.01747399804750784 22.15
2216 0.01747549393043154 22.16
2217 0.0174795135630159 22.17
2218 0.01748099153227146 22.18
2219 0.01748212187905875 22.19
2220 0.01748129324822462 22.2
2221 0.01747821674428678 22.21
2222 0.01747874743592097 22.22
2223 0.01747989305545052 22.23
2224 0.01748527203354514 22.24
2225 0.01748727444199314 22.25
2226 0.01748804161764567 22.26
2227 0.01748957207778795 22.27
2228 0.01749293483696962 22.28
2229 0.01749716727688503 22.29
2230 0.01749734067957956 22.3
2231 0.01749586629690484 22.31
2232 0.01749860177969104 22.32
2233 0.0175031185650118 22.33
2234 0.01750275110125715 22.34
2235 0.01750219696786523 22.35
2236 0.01750387869799945 22.36
2237 0.0175028578072644 22.37
2238 0.01750277097335563 22.38
2239 0.01750169797269937 22.39
2240 0.01750163329908937 22.4
2241 0.01750426779750195 22.41
2242 0.01750285783972755 22.42
2243 0.01750518852399851 22.43
2244 0.01750639246660361 22.44
2245 0.0175106757760766 22.45
2246 0.01751267024881575 22.46
2247 0.01751577609934252 22.47
2248 0.01751482329567477 22.48
2249 0.01751274397128571 22.49
2250 0.01751505848763876 22.5
2251 0.01751777739529913 22.51
2252 0.01751735173352341 22.52
2253 0.0175170725498661 22.53
2254 0.01751805909328653 22.54
2255 0.01751839695834685 22.55
2256 0.01751620375811709 22.56
2257 0.01751298370530817 22.57
2258 0.01751027513941872 22.58
2259 0.01750903729577227 22.59
2260 0.01750828801960377 22.6
2261 0.01750818135143518 22.61
2262 0.01750706916574629 22.62
2263 0.01750706744283102 22.63
2264 0.01750593563133171 22.64
2265 0.01750698629070221 22.65
2266 0.01750583014636214 22.66
2267 0.01750658727023746 22.67
2268 0.01750666496519548 22.68
2269 0.0175086221899923 22.69
2270 0.01751336956228379 22.7
2271 0.01751188156256653 22.71
2272 0.01750904217150864 22.72
2273 0.0175090871159726 22.73
2274 0.01750903057191734 22.74
2275 0.01750222684224812 22.75
2276 0.0174974905665185 22.76
2277 0.01749929935155163 22.77
2278 0.01749925285576224 22.78
2279 0.01750025238835955 22.79
2280 0.01749997993397001 22.8
2281 0.01750140259201579 22.81
2282 0.01750172314547746 22.82
2283 0.01750275132075388 22.83
2284 0.01750809326389631 22.84
2285 0.01751005175600695 22.85
2286 0.01750754574607744 22.86
2287 0.01750476065218765 22.87
2288 0.017501008179847 22.88
2289 0.01750340713874059 22.89
2290 0.01750371345418405 22.9
2291 0.01750046677615877 22.91
2292 0.01749506559776369 22.92
2293 0.01748901279014039 22.93
2294 0.01748595414270514 22.94
2295 0.01748281409583478 22.95
2296 0.01748068074145957 22.96
2297 0.01747863779691554 22.97
2298 0.01747692422954029 22.98
2299 0.0174762132134499 22.99
2300 0.01747714456489899 23
2301 0.01747760111389109 23.01
2302 0.01747983801037586 23.02
2303 0.01747993378671809 23.03
2304 0.01748025955713733 23.04
2305 0.01748457272036086 23.05
2306 0.01748745405841499 23.06
2307 0.01748992453286836 23.07
2308 0.01749014227889778 23.08
2309 0.01748968821280376 23.09
2310 0.0174863864095299 23.1
2311 0.01748240812607042 23.11
2312 0.01747890145150426 23.12
2313 0.01747503847614101 23.13
2314 0.01747195489714626 23.14
2315 0.01747047976736823 23.15
2316 0.01746958392114087 23.16
2317 0.01747138542019188 23.17
2318 0.0174711165500479 23.18
2319 0.01747121722079777 23.19
2320 0.01747332633661948 23.2
2321 0.01747713686153947 23.21
2322 0.01747744113287039 23.22
2323 0.01747983409946774 23.23
2324 0.01748026001551654 23.24
2325 0.01748056830117771 23.25
2326 0.01747965489229432 23.26
2327 0.0174772537443531 23.27
2328 0.01747304427196979 23.28
2329 0.01747031477844881 23.29
2330 0.01746992648152943 23.3
2331 0.01747025997808023 23.31
2332 0.01746984544552367 23.32
2333 0.01746939436524561 23.33
2334 0.01746887486089112 23.34
2335 0.01746874171291809 23.35
2336 0.01746839924422462 23.36
2337 0.01746564236571676 23.37
2338 0.01746410261514431 23.38
2339 0.0174626342738581 23.39
2340 0.01746186587414778 23.4
2341 0.01746327753611698 23.41
2342 0.01746546573779082 23.42
2343 0.0174704199204168 23.43
2344 0.01746664292193593 23.44
2345 0.01746875208177456 23.45
2346 0.01747135946386661 23.46
2347 0.01747523492561969 23.47
2348 0.01747795471878209 23.48
2349 0.0174832789308069 23.49
2350 0.01748707422504125 23.5
2351 0.01748472835211917 23.51
2352 0.01748636339767148 23.52
2353 0.01748580850681256 23.53
2354 0.01748601024612103 23.54
2355 0.01748548917267072 23.55
2356 0.01748722028821593 23.56
2357 0.01749367894129377 23.57
2358 0.01749749343785377 23.58
2359 0.01749906185362491 23.59
2360 0.01750100734004546 23.6
2361 0.01750189234140165 23.61
2362 0.01750457840569802 23.62
2363 0.01750673376293499 23.63
2364 0.0175089590106529 23.64
2365 0.01750921679086919 23.65
2366 0.0175107868565337 23.66
2367 0.01751153215244185 23.67
2368 0.01751618929225809 23.68
2369 0.0175190917693632 23.69
2370 0.01752098842694573 23.7
2371 0.0175197464333035 23.71
2372 0.01752139385844959 23.72
2373 0.01752151317177053 23.73
2374 0.01753116774966733 23.74
2375 0.01753555476047028 23.75
2376 0.0175375368202523 23.76
2377 0.01753786742029319 23.77
2378 0.01754066283772627 23.78
2379 0.01754149420812992 23.79
2380 0.01754503516456307 23.8
2381 0.01754648529118296 23.81
2382 0.01755090544317436 23.82
2383 0.01755251816862261 23.83
2384 0.01755608878153813 23.84
2385 0.01755858549497989 23.85
2386 0.01756217058350807 23.86
2387 0.01756230490527337 23.87
2388 0.01756815174765607 23.88
2389 0.01757549587275978 23.89
2390 0.01758108695141317 23.9
2391 0.01758714147454037 23.91
2392 0.01759229566644663 23.92
2393 0.01759434136655998 23.93
2394 0.01759249945035255 23.94
2395 0.01759169801051285 23.95
2396 0.01759498912412348 23.96
2397 0.01760229266844316 23.97
2398 0.01760854190889366 23.98
2399 0.01761287271786179 23.99
2400 0.01761526568678673 24
2401 0.01761496549242296 24.01
2402 0.0176162570940305 24.02
2403 0.01762257561780683 24.03
2404 0.01762801611512705 24.04
2405 0.01763317372166386 24.05
2406 0.01763970464118099 24.06
2407 0.01764438319193763 24.07
2408 0.01764805547363365 24.08
2409 0.01765065306955818 24.09
2410 0.01764980220410934 24.1
2411 0.01765055004673509 24.11
2412 0.01765103795142556 24.12
2413 0.01765237122803497 24.13
2414 0.01765521880073036 24.14
2415 0.01766042741957688 24.15
2416 0.01766625542143576 24.16
2417 0.01767033288108155 24.17
2418 0.01767494985448863 24.18
2419 0.01767939928791132 24.19
2420 0.01767960204241847 24.2
2421 0.01767929070772883 24.21
2422 0.01768846274006189 24.22
2423 0.01769488435853062 24.23
2424 0.01770022590817904 24.24
2425 0.01770131845213138 24.25
2426 0.01769718038861231 24.26
2427 0.01769553144808799 24.27
2428 0.01769146238979996 24.28
2429 0.01768815774386278 24.29
2430 0.01768254837456324 24.3
2431 0.01768048849837857 24.31
2432 0.01768026033731725 24.32
2433 0.01768276254333932 24.33
2434 0.01768423754867508 24.34
2435 0.01769646817114167 24.35
2436 0.01770763011535173 24.36
2437 0.0177124350583978 24.37
2438 0.01772011764790123 24.38
2439 0.0177240864575308 24.39
2440 0.01772951459224484 24.4
2441 0.01773184985557116 24.41
2442 0.01773519981743086 24.42
2443 0.01773919157012207 24.43
2444 0.01774193814829233 24.44
2445 0.01774390302080277 24.45
2446 0.01774589497399774 24.46
2447 0.01774342616608077 24.47
2448 0.01774329760302489 24.48
2449 0.01774358582255536 24.49
2450 0.01774244228879295 24.5
2451 0.01774197927275288 24.51
2452 0.01774314497083315 24.52
2453 0.01774496439197589 24.53
2454 0.01774650727706274 24.54
2455 0.01774793498416412 24.55
2456 0.01774876941394361 24.56
2457 0.01774952046785325 24.57
2458 0.0177507002400906 24.58
2459 0.01775170135301045 24.59
2460 0.01775063224674985 24.6
2461 0.01774984895745731 24.61
2462 0.01775013574092849 24.62
2463 0.01775230650292182 24.63
2464 0.01775492556812422 24.64
2465 0.017757887935165 24.65
2466 0.01775917773024474 24.66
2467 0.01775923403249493 24.67
2468 0.01775846836932155 24.68
2469 0.01775696868427992 24.69
2470 0.01775512035071196 24.7
2471 0.01775519553278752 24.71
2472 0.01775466770079463 24.72
2473 0.01775454864463389 24.73
2474 0.01775601570740603 24.74
2475 0.01775736611185702 24.75
2476 0.01775956091921092 24.76
2477 0.01776103443570139 24.77
2478 0.0177646039585996 24.78
2479 0.01776673196467082 24.79
2480 0.01776847407686331 24.8
2481 0.0177695197423234 24.81
2482 0.01777190638208878 24.82
2483 0.01777583883282696 24.83
2484 0.01777704915143693 24.84
2485 0.01777705701158177 24.85
2486 0.01777600150612404 24.86
2487 0.01777539017180609 24.87
2488 0.01777309319967135 24.88
2489 0.01777080391690907 24.89
2490 0.01776939736923672 24.9
2491 0.01776844276523111 24.91
2492 0.01776806990485931 24.92
2493 0.01776794965096764 24.93
2494 0.01776665104753428 24.94
2495 0.01776577483072889 24.95
2496 0.01776438138365721 24.96
2497 0.01776448341603089 24.97
2498 0.01776345512157845 24.98
2499 0.01776347142231377 24.99
2500 0.01776442088517862 25
2501 0.01776706850503744 25.01
2502 0.01776987538567262 25.02
2503 0.0177755284210176 25.03
2504 0.01777906032093651 25.04
2505 0.01778303068482975 25.05
2506 0.01778476528332353 25.06
2507 0.01778590735284556 25.07
2508 0.01778771711845755 25.08
2509 0.01778653064697868 25.09
2510 0.01778664822548035 25.1
2511 0.01778590021108594 25.11
2512 0.01778469942957175 25.12
2513 0.01778360817160669 25.13
2514 0.01778318147785801 25.14
2515 0.0177818711982982 25.15
2516 0.01778268347480741 25.16
2517 0.01778394028528535 25.17
2518 0.01778473187718784 25.18
2519 0.01778801879220872 25.19
2520 0.01779040925667404 25.2
2521 0.01779275621661148 25.21
2522 0.01779571055304651 25.22
2523 0.01779886517361335 25.23
2524 0.01780166449911916 25.24
2525 0.01779981894499075 25.25
2526 0.01779884876843519 25.26
2527 0.01779717120568529 25.27
2528 0.0177971068327926 25.28
2529 0.01779767525275781 25.29
2530 0.01779822583636894 25.3
2531 0.01779882037744338 25.31
2532 0.01780016888841839 25.32
2533 0.0178013372525869 25.33
2534 0.01780154524090739 25.34
2535 0.01780416778118795 25.35
2536 0.01780691458023181 25.36
2537 0.01781268517269231 25.37
2538 0.01781634377906647 25.38
2539 0.01782029385769826 25.39
2540 0.0178228388711601 25.4
2541 0.01782487756209807 25.41
2542 0.0178265828364149 25.42
2543 0.01782773969519246 25.43
2544 0.01782830238089983 25.44
2545 0.0178286389658573 25.45
2546 0.01782833760103034 25.46
2547 0.01782874844183864 25.47
2548 0.01783000699459003 25.48
2549 0.01783114132853006 25.49
2550 0.01783235770007563 25.5
2551 0.01783440886971615 25.51
2552 0.01783713840616487 25.52
2553 0.01783672201795955 25.53
2554 0.01783972406065621 25.54
2555 0.0178438263336086 25.55
2556 0.01784754497396228 25.56
2557 0.01785291884678576 25.57
2558 0.01785708525094695 25.58
2559 0.01785989754671377 25.59
2560 0.0178616023445132 25.6
2561 0.0178641032375398 25.61
2562 0.01786212759714559 25.62
2563 0.01786029216498058 25.63
2564 0.01785976349296883 25.64
2565 0.01786062208694492 25.65
2566 0.01786497020712719 25.66
2567 0.01786945954142507 25.67
2568 0.01787165821546964 25.68
2569 0.01787679268054462 25.69
2570 0.01787951494375141 25.7
2571 0.01788182590149455 25.71
2572 0.0178839087114117 25.72
2573 0.01788625142421673 25.73
2574 0.01788817705489357 25.74
2575 0.01789135849686466 25.75
2576 0.01789593215220567 25.76
2577 0.01789990524086249 25.77
2578 0.01790223289282187 25.78
2579 0.01790450896761939 25.79
2580 0.0179059337543677 25.8
2581 0.01790922702045884 25.81
2582 0.01791212911045902 25.82
2583 0.017916106659205 25.83
2584 0.01791845241967823 25.84
2585 0.0179236531062664 25.85
2586 0.01792745484691076 25.86
2587 0.01792987077908945 25.87
2588 0.01793275291046371 25.88
2589 0.01793402617917189 25.89
2590 0.01793501937931145 25.9
2591 0.01793917322421753 25.91
2592 0.01794162879693902 25.92
2593 0.01794168363243041 25.93
2594 0.01794368706097759 25.94
2595 0.0179451121889424 25.95
2596 0.01795076120395349 25.96
2597 0.01795860353594439 25.97
2598 0.0179640678207559 25.98
2599 0.01796817225479261 25.99
2600 0.01797258445097068 26
2601 0.01797474781130085 26.01
2602 0.01797727828839687 26.02
2603 0.01797861919190761 26.03
2604 0.01797929892810611 26.04
2605 0.0179833339675639 26.05
2606 0.01798733840489261 26.06
2607 0.01799155576641083 26.07
2608 0.01798994967935588 26.08
2609 0.01799160552070626 26.09
2610 0.01799471418883215 26.1
2611 0.01799890446349106 26.11
2612 0.01800398897134518 26.12
2613 0.0180086505890454 26.13
2614 0.01801410401850564 26.14
2615 0.01801742645426306 26.15
2616 0.0180207674705757 26.16
2617 0.0180240875844191 26.17
2618 0.01802681640817854 26.18
2619 0.01803094902086006 26.19
2620 0.01803556644702783 26.2
2621 0.01803921127235563 26.21
2622 0.01804420128010606 26.22
2623 0.01804545539714799 26.23
2624 0.01804721499147933 26.24
2625 0.0180501426903149 26.25
2626 0.01804857377789302 26.26
2627 0.01804954693307453 26.27
2628 0.01805540905759678 26.28
2629 0.01805955124703541 26.29
2630 0.01806387335550059 26.3
2631 0.0180672762917831 26.31
2632 0.01807065864484 26.32
2633 0.01807447990718633 26.33
2634 0.01807904086769167 26.34
2635 0.01808162279450112 26.35
2636 0.01808142950454652 26.36
2637 0.01808278779279259 26.37
2638 0.01808441375558907 26.38
2639 0.01808797791392433 26.39
2640 0.01809222416615225 26.4
2641 0.01809566215872778 26.41
2642 0.01809905103917821 26.42
2643 0.01810055474475347 26.43
2644 0.01810243721332413 26.44
2645 0.01810844373034406 26.45
2646 0.01811442357445832 26.46
2647 0.01811869573599255 26.47
2648 0.01812296438425954 26.48
2649 0.01812477768664984 26.49
2650 0.0181264161309246 26.5
2651 0.01812735270227066 26.51
2652 0.01812809566637938 26.52
2653 0.01812919773461092 26.53
2654 0.01813054981966255 26.54
2655 0.01813190569498623 26.55
2656 0.0181346421921734 26.56
2657 0.01813580298321088 26.57
2658 0.01813694349215112 26.58
2659 0.01813727386953149 26.59
2660 0.01813807233381551 26.6
2661 0.01813986220504832 26.61
2662 0.01814186584079416 26.62
2663 0.01814418036456785 26.63
2664 0.0181466644421536 26.64
2665 0.01814963934169237 26.65
2666 0.01815228087445296 26.66
2667 0.01815526744554619 26.67
2668 0.01815764281560221 26.68
2669 0.01815831351761396 26.69
2670 0.01815939160622318 26.7
2671 0.01816049821816621 26.71
2672 0.01816163810967039 26.72
2673 0.0181618667463856 26.73
2674 0.01816262186822684 26.74
2675 0.01816785425553889 26.75
2676 0.01817250300032755 26.76
2677 0.01817536469466245 26.77
2678 0.01817946114621746 26.78
2679 0.01818228842836381 26.79
2680 0.01818516466777203 26.8
2681 0.0181867173917185 26.81
2682 0.01818818785566538 26.82
2683 0.01818952952021701 26.83
2684 0.01818942008891987 26.84
2685 0.01818657790385182 26.85
2686 0.0181847986167348 26.86
2687 0.01818474188936832 26.87
2688 0.01818099098873137 26.88
2689 0.01817955723109151 26.89
2690 0.0181797361634759 26.9
2691 0.01818079289226119 26.91
2692 0.01818565913632963 26.92
2693 0.01819017054892456 26.93
2694 0.01819324054592379 26.94
2695 0.01819675060031033 26.95
2696 0.01819765811202994 26.96
2697 0.01819797112338369 26.97
2698 0.01820065780996225 26.98
2699 0.01820269363690487 26.99
2700 0.01820079202708253 27
2701 0.0182048591830401 27.01
2702 0.01820922615695185 27.02
2703 0.01821035120413747 27.03
2704 0.01821372650315361 27.04
2705 0.01821532439226855 27.05
2706 0.01821555850053084 27.06
2707 0.01821582892301872 27.07
2708 0.01821542835227782 27.08
2709 0.01821699585669629 27.09
2710 0.018218486462395 27.1
2711 0.01821774180188381 27.11
2712 0.01821728252180636 27.12
2713 0.01821549841936168 27.13
2714 0.01821584362969215 27.14
2715 0.01821713066039077 27.15
2716 0.01821911855698228 27.16
2717 0.01822145189993049 27.17
2718 0.01822405781414039 27.18
2719 0.01822609770076774 27.19
2720 0.01822543355577206 27.2
2721 0.0182257538176879 27.21
2722 0.01822608944077738 27.22
2723 0.0182280783095757 27.23
2724 0.0182302544215499 27.24
2725 0.01823223532801526 27.25
2726 0.01823316954738372 27.26
2727 0.01823457796770303 27.27
2728 0.01823687319173429 27.28
2729 0.01823809175329705 27.29
2730 0.01823852932704126 27.3
2731 0.01823929007993955 27.31
2732 0.01823889634549985 27.32
2733 0.01824020658317132 27.33
2734 0.01824110620320006 27.34
2735 0.01824055723286342 27.35
2736 0.01824322691275505 27.36
2737 0.01824585412232943 27.37
2738 0.0182459486556941 27.38
2739 0.01824885878029787 27.39
2740 0.01824929679998143 27.4
2741 0.01825363599208195 27.41
2742 0.01825784677913797 27.42
2743 0.01825891100661511 27.43
2744 0.01826319230767252 27.44
2745 0.01826095947461145 27.45
2746 0.01826254009311281 27.46
2747 0.01826435785522305 27.47
2748 0.0182648817510127 27.48
2749 0.0182674464932736 27.49
2750 0.01827201386591756 27.5
2751 0.01827243051131406 27.51
2752 0.01827537928488995 27.52
2753 0.01827881973865711 27.53
2754 0.01827866527903257 27.54
2755 0.01828178063179875 27.55
2756 0.01828450214885359 27.56
2757 0.01828370124090124 27.57
2758 0.01828547165906941 27.58
2759 0.01828689676601555 27.59
2760 0.01828601362673914 27.6
2761 0.01828794292260714 27.61
2762 0.01828584378274975 27.62
2763 0.01828768935927867 27.63
2764 0.01829088578811315 27.64
2765 0.01829063610938689 27.65
2766 0.01829369924148281 27.66
2767 0.01829258215619942 27.67
2768 0.01829612959338674 27.68
2769 0.01830018458944416 27.69
2770 0.01830075291137999 27.7
2771 0.01830048967065126 27.71
2772 0.01829732806603073 27.72
2773 0.01830643202724578 27.73
2774 0.01831316544981137 27.74
2775 0.01831522741020009 27.75
2776 0.01832255503069635 27.76
2777 0.01831693321484021 27.77
2778 0.01831513129814472 27.78
2779 0.01831563798110912 27.79
2780 0.01832297973171889 27.8
2781 0.01833516487570073 27.81
2782 0.01833555988563022 27.82
2783 0.01834150093350526 27.83
2784 0.01835072246500432 27.84
2785 0.0183556964392702 27.85
2786 0.01835786151162639 27.86
2787 0.01835533546452591 27.87
2788 0.0183474872487135 27.88
2789 0.01834052887054391 27.89
2790 0.0183356255106377 27.9
2791 0.01833373046586583 27.91
2792 0.01833450090758953 27.92
2793 0.0183334531569053 27.93
2794 0.01833700900136295 27.94
2795 0.01834214609098897 27.95
2796 0.0183483086996927 27.96
2797 0.01835292984186083 27.97
2798 0.01835876786187632 27.98
2799 0.01836363872985683 27.99
2800 0.01836673347860874 28
2801 0.01836929252244445 28.01
2802 0.01836820809016427 28.02
2803 0.01837015622466839 28.03
2804 0.01837891442179754 28.04
2805 0.01837998219144011 28.05
2806 0.0183813297914819 28.06
2807 0.01837714731858915 28.07
2808 0.01837476881003533 28.08
2809 0.0183757293430082 28.09
2810 0.01837915170567967 28.1
2811 0.01839173541815319 28.11
2812 0.01840115435171343 28.12
2813 0.01841086452784295 28.13
2814 0.01841864811986441 28.14
2815 0.01842385515353132 28.15
2816 0.01842326250116573 28.16
2817 0.0184245272867026 28.17
2818 0.01842371940996716 28.18
2819 0.01842062172420128 28.19
2820 0.01841764224533987 28.2
2821 0.01841534467814287 28.21
2822 0.01841372212255426 28.22
2823 0.01841243070885388 28.23
2824 0.01841034054605415 28.24
2825 0.0184094723458845 28.25
2826 0.01840976204624269 28.26
2827 0.01840692460875638 28.27
2828 0.01840667665069339 28.28
2829 0.01841073825483183 28.29
2830 0.01841082763158148 28.3
2831 0.01841246765962128 28.31
2832 0.01841337934388698 28.32
2833 0.01841351837976797 28.33
2834 0.01841750309853152 28.34
2835 0.01842091999401917 28.35
2836 0.01843021800780242 28.36
2837 0.01844198301736945 28.37
2838 0.01844863836215742 28.38
2839 0.01844864490804947 28.39
2840 0.01844881589092455 28.4
2841 0.01844757056166521 28.41
2842 0.0184432741111749 28.42
2843 0.01843833558040257 28.43
2844 0.01843578828595346 28.44
2845 0.01843203848176719 28.45
2846 0.01842901680215635 28.46
2847 0.01842836743841641 28.47
2848 0.01843179748254637 28.48
2849 0.01844083579486704 28.49
2850 0.01844429727643528 28.5
2851 0.01845044995372211 28.51
2852 0.01845485399010816 28.52
2853 0.0184636875430707 28.53
2854 0.01846893497534482 28.54
2855 0.01848105552148763 28.55
2856 0.01848974540864225 28.56
2857 0.01849608963739939 28.57
2858 0.0185000957612125 28.58
2859 0.01849637248423253 28.59
2860 0.01849700244220583 28.6
2861 0.01849914075980014 28.61
2862 0.01850436246402275 28.62
2863 0.01851231341638309 28.63
2864 0.01851867524708247 28.64
2865 0.0185219255356973 28.65
2866 0.0185239328243235 28.66
2867 0.01852424316934551 28.67
2868 0.01852961698070062 28.68
2869 0.01852964427821454 28.69
2870 0.01852686469715791 28.7
2871 0.01852471182941788 28.71
2872 0.01852514017435036 28.72
2873 0.01852608060386384 28.73
2874 0.01852303839167717 28.74
2875 0.01852040842629769 28.75
2876 0.01851424620198874 28.76
2877 0.01851670048506643 28.77
2878 0.0185200865935687 28.78
2879 0.01851916689781656 28.79
2880 0.01851780412680455 28.8
2881 0.01851498487868772 28.81
2882 0.0185119764603836 28.82
2883 0.0185105442645743 28.83
2884 0.01851286245162147 28.84
2885 0.01851430524360539 28.85
2886 0.0185180997107876 28.86
2887 0.01852493590639854 28.87
2888 0.01852671486979984 28.88
2889 0.01853016451851578 28.89
2890 0.01853297400430562 28.9
2891 0.01854229443016056 28.91
2892 0.01854664563619389 28.92
2893 0.01855242740388561 28.93
2894 0.01855604103587113 28.94
2895 0.01855840643512602 28.95
2896 0.01855729924759786 28.96
2897 0.01855621563708987 28.97
2898 0.01855457153372069 28.98
2899 0.01854972671511972 28.99
2900 0.01854328790324136 29
2901 0.01853602201757044 29.01
2902 0.01852931614602002 29.02
2903 0.01852433310988822 29.03
2904 0.01851742231138411 29.04
2905 0.01851533067041787 29.05
2906 0.01851617516660034 29.06
2907 0.0185161467591603 29.07
2908 0.01852239506507371 29.08
2909 0.01852757549195641 29.09
2910 0.01853136659825305 29.1
2911 0.01853400834071931 29.11
2912 0.01854192127270161 29.12
2913 0.01854637405572476 29.13
2914 0.01854632650415917 29.14
2915 0.01854764225420413 29.15
2916 0.01854831258111087 29.16
2917 0.01854512998014959 29.17
2918 0.01854259000770171 29.18
2919 0.01853963621110475 29.19
2920 0.01854153838709171 29.2
2921 0.01854192046615963 29.21
2922 0.01853870377177921 29.22
2923 0.01853577211887476 29.23
2924 0.01852972364350231 29.24
2925 0.01852719338323254 29.25
2926 0.01852745394587927 29.26
2927 0.0185282517310127 29.27
2928 0.01853737628079547 29.28
2929 0.01854237156591798 29.29
2930 0.01854917325414197 29.3
2931 0.018551849845664 29.31
2932 0.01855221301069477 29.32
2933 0.01855186001819657 29.33
2934 0.01855257089632376 29.34
2935 0.01855318267100161 29.35
2936 0.01855229177769862 29.36
2937 0.01855136325171012 29.37
2938 0.01854528121285718 29.38
2939 0.01854241145694361 29.39
2940 0.01853860561310664 29.4
2941 0.01853668245010207 29.41
2942 0.01853426172031121 29.42
2943 0.01853340569221646 29.43
2944 0.01853202446114618 29.44
2945 0.01853182252526769 29.45
2946 0.01852798230551213 29.46
2947 0.0185257822366695 29.47
2948 0.01852576846127469 29.48
2949 0.01852511033338622 29.49
2950 0.01852871086308421 29.5
2951 0.01853094847394272 29.51
2952 0.01853681840604683 29.52
2953 0.01854023457871134 29.53
2954 0.01854655691107655 29.54
2955 0.01855022275073375 29.55
2956 0.01855264431136716 29.56
2957 0.0185522716980555 29.57
2958 0.01854977895592077 29.58
2959 0.01854669643572847 29.59
2960 0.01854068551549565 29.6
2961 0.01853492649602526 29.61
2962 0.01853072885119765 29.62
2963 0.01853047616662131 29.63
2964 0.01853415355603871 29.64
2965 0.01853783301455025 29.65
2966 0.01854069731647828 29.66
2967 0.01854243945512106 29.67
2968 0.01853840694944134 29.68
2969 0.01853470169113152 29.69
2970 0.01853152876555949 29.7
2971 0.01852983755303513 29.71
2972 0.01852836235394353 29.72
2973 0.01852837078532218 29.73
2974 0.01853026184204205 29.74
2975 0.01853325610152699 29.75
2976 0.01853229716422818 29.76
2977 0.01853186932021221 29.77
2978 0.01853429017205353 29.78
2979 0.01853567789097623 29.79
2980 0.01853683092307584 29.8
2981 0.01853641291298229 29.81
2982 0.01853718430560665 29.82
2983 0.01853295757013779 29.83
2984 0.01853008189490106 29.84
2985 0.01852729068697561 29.85
2986 0.0185231559325132 29.86
2987 0.01851842314791479 29.87
2988 0.01851573555376199 29.88
2989 0.01851887720773124 29.89
2990 0.01851958410562512 29.9
2991 0.01852086734785536 29.91
2992 0.01852555302386845 29.92
2993 0.01852548462720141 29.93
2994 0.01852529671283251 29.94
2995 0.01852878809501016 29.95
2996 0.01852845966637713 29.96
2997 0.01853220269926009 29.97
2998 0.01853868130696462 29.98
2999 0.01853845452861188 29.99
3000 0.01853914499855956 30
