"cl-rfile"
"Time Step" "cl etc.."
("Time Step" "cl" "flow-time")
0 2.576061298072414e-26 0
1 9.199522385429672 0.01
2 -1.247233748294511 0.02
3 0.03025342752796682 0.03
4 1.521924345229744 0.04
5 -2.148748441956084 0.05
6 0.5829054060274191 0.06
7 0.1619468053461456 0.07000000000000001
8 0.6848986877687379 0.08
9 -0.3626069931723359 0.09
10 -0.07102006383387503 0.1
11 -0.2257559814859572 0.11
12 0.05225210209342196 0.12
13 0.2633674468487856 0.13
14 0.0794606128203806 0.14
15 -0.02367363007325497 0.15
16 -0.02825101111603897 0.16
17 0.01865448293100611 0.17
18 0.06284475910333109 0.18
19 0.06701834388292217 0.19
20 0.04323748392158199 0.2
21 0.05275693291954135 0.21
22 0.02983303053465467 0.22
23 0.01655926241742688 0.23
24 0.04418666389984957 0.24
25 0.04887508247317465 0.25
26 0.05290044068007827 0.26
27 0.03466324498944295 0.27
28 0.04734468496606349 0.28
29 0.04517881888473438 0.29
30 0.04535526423334657 0.3
31 0.05260419181462911 0.31
32 0.03944339499998962 0.32
33 0.04771415038740837 0.33
34 0.03907471748758377 0.34
35 0.0371338346116306 0.35
36 0.04712232662637476 0.36
37 0.03949257041832484 0.37
38 0.0455190371875345 0.38
39 0.0518038972771759 0.39
40 0.04508022705538133 0.4
41 0.0475396365597921 0.41
42 0.0465156673767067 0.42
43 0.05081518210075948 0.43
44 0.05154325981987783 0.44
45 0.04460172805789669 0.45
46 0.04488747544843524 0.46
47 0.05006779986753428 0.47
48 0.05010406017850949 0.48
49 0.04519955430221508 0.49
50 0.05104852202760943 0.5
51 0.04346821166863452 0.51
52 0.04721036618179937 0.52
53 0.04752749991287152 0.53
54 0.04603617813969733 0.54
55 0.04939441096815878 0.55
56 0.04942367058499549 0.5600000000000001
57 0.05133673797236873 0.5700000000000001
58 0.05029413803818215 0.58
59 0.04931147601485443 0.59
60 0.04904500004310962 0.6
61 0.04958789768554275 0.61
62 0.05049646719618795 0.62
63 0.04941682718005657 0.63
64 0.04903798143911056 0.64
65 0.05080824259728933 0.65
66 0.04906477088397299 0.66
67 0.04984429915132576 0.67
68 0.05040974843401511 0.68
69 0.04966687647898499 0.6900000000000001
70 0.04994784873213663 0.7000000000000001
71 0.05035891598438809 0.71
72 0.05048518360186582 0.72
73 0.05053163513215139 0.73
74 0.05040411246084704 0.74
75 0.05082637891046195 0.75
76 0.05107601478263495 0.76
77 0.05176149495272802 0.77
78 0.0513760364598051 0.78
79 0.05094553365844567 0.79
80 0.05102037788283174 0.8
81 0.05136157132631231 0.8100000000000001
82 0.05141843976977818 0.8200000000000001
83 0.05171235057563801 0.8300000000000001
84 0.0513526153828788 0.84
85 0.05125746396461444 0.85
86 0.05135945852553599 0.86
87 0.05155172853891791 0.87
88 0.05160591895875619 0.88
89 0.05175231167687781 0.89
90 0.05208955071755769 0.9
91 0.0521168294888156 0.91
92 0.05189513207454365 0.92
93 0.05217042047807141 0.93
94 0.05244558853931081 0.9400000000000001
95 0.05256999857672084 0.9500000000000001
96 0.05285435633312262 0.96
97 0.05269645122946236 0.97
98 0.05255369859353291 0.98
99 0.05269061627862867 0.99
100 0.05296094067958151 1
101 0.05310832705105627 1.01
102 0.05363061856383038 1.02
103 0.05343815634477435 1.03
104 0.05359991310774338 1.04
105 0.05360638978687138 1.05
106 0.05358724202654831 1.06
107 0.05369811830471881 1.07
108 0.05395307971580999 1.08
109 0.05404253168549832 1.09
110 0.05412149529606946 1.1
111 0.05424828966051007 1.11
112 0.05360488651128283 1.12
113 0.05373451590174994 1.13
114 0.05386996123010088 1.14
115 0.05393808163278438 1.15
116 0.05407448209910727 1.16
117 0.05404775924693594 1.17
118 0.05412208440928967 1.18
119 0.05429081210853109 1.19
120 0.05403566614426483 1.2
121 0.05416612844135301 1.21
122 0.05427439879690611 1.22
123 0.05445819052005514 1.23
124 0.05457232228847231 1.24
125 0.05464850494028115 1.25
126 0.05467223134363224 1.26
127 0.05459585313296975 1.27
128 0.05457449778132244 1.28
129 0.05462793309398213 1.29
130 0.05479357399736184 1.3
131 0.05487005092508977 1.31
132 0.05477406793594018 1.32
133 0.05494579684291048 1.33
134 0.05533105587944388 1.34
135 0.05515758499034922 1.35
136 0.05506350794080195 1.36
137 0.05538785094616671 1.37
138 0.05551572409167735 1.38
139 0.05547815500520146 1.39
140 0.05537182859464358 1.4
141 0.05530570101443119 1.41
142 0.05532828738352453 1.42
143 0.05527123150965284 1.43
144 0.05533901613839812 1.44
145 0.05551538153604416 1.45
146 0.05551894619498565 1.46
147 0.0555469410313356 1.47
148 0.05564337282219569 1.48
149 0.05573057761938334 1.49
150 0.0557580329909997 1.5
151 0.05596574182723318 1.51
152 0.05615113661606152 1.52
153 0.05618199840354107 1.53
154 0.05613795938466139 1.54
155 0.0561537940532848 1.55
156 0.056081149473657 1.56
157 0.05604531066158534 1.57
158 0.05602277872792172 1.58
159 0.05610058031078535 1.59
160 0.05612850064300398 1.6
161 0.05613700238933903 1.61
162 0.05608677533681663 1.62
163 0.05598688287494302 1.63
164 0.0561321971701965 1.64
165 0.05624481060119712 1.65
166 0.05644529480044112 1.66
167 0.05651077611217629 1.67
168 0.0565056650904139 1.68
169 0.05643325793177493 1.69
170 0.05639939295477064 1.7
171 0.05632183961959802 1.71
172 0.05633734625776476 1.72
173 0.05622296204660324 1.73
174 0.05617528617139884 1.74
175 0.05622355736017812 1.75
176 0.05641398328400624 1.76
177 0.05646916955242581 1.77
178 0.05656816698601366 1.78
179 0.05659563429061727 1.79
180 0.05661360696830046 1.8
181 0.0566143939524406 1.81
182 0.05661530793539118 1.82
183 0.05662297476658815 1.83
184 0.0566327124491386 1.84
185 0.0566765328473786 1.85
186 0.05672958923266144 1.86
187 0.05677838609102829 1.87
188 0.05682666091344796 1.88
189 0.05685421321146318 1.89
190 0.0568584041404024 1.9
191 0.05687333245040164 1.91
192 0.05688803233830591 1.92
193 0.05694486835880844 1.93
194 0.05698655334709384 1.94
195 0.05702100982388179 1.95
196 0.05705111696852928 1.96
197 0.05708686725836828 1.97
198 0.05707482802961772 1.98
199 0.05710202148652219 1.99
200 0.05715870645167875 2
201 0.05724267216913132 2.01
202 0.05725823929756765 2.02
203 0.05728523049303687 2.03
204 0.05730170852171589 2.04
205 0.05731407402856954 2.05
206 0.05733176134326598 2.06
207 0.05735236544347128 2.07
208 0.05737937956243011 2.08
209 0.05741142573601015 2.09
210 0.05747441549941547 2.1
211 0.05751135409103976 2.11
212 0.05754049608237989 2.12
213 0.05762365944419105 2.13
214 0.05763527215034082 2.14
215 0.05763797322736286 2.15
216 0.05760994492141321 2.16
217 0.05758304557504214 2.17
218 0.05755072964501368 2.18
219 0.05754984026429439 2.19
220 0.05755942003642264 2.2
221 0.05758222124713904 2.21
222 0.05760996196481635 2.22
223 0.05761785541629021 2.23
224 0.05763034100543749 2.24
225 0.05764019980335792 2.25
226 0.0576509197019644 2.26
227 0.05766176124771165 2.27
228 0.05768697346202019 2.28
229 0.05771621289123843 2.29
230 0.05774248476982077 2.3
231 0.05776337613296192 2.31
232 0.0577744627032052 2.32
233 0.05778180255739319 2.33
234 0.05776313844602223 2.34
235 0.05776340050350327 2.35
236 0.05776760556281763 2.36
237 0.0577839394246041 2.37
238 0.05779342875528573 2.38
239 0.05781392714344202 2.39
240 0.05787338383410025 2.4
241 0.05789095263707713 2.41
242 0.05789208178251553 2.42
243 0.05787826987761257 2.43
244 0.05783508481378187 2.44
245 0.05781827557882206 2.45
246 0.05782408556545388 2.46
247 0.05784914064763892 2.47
248 0.0578703828943736 2.48
249 0.05788920846489384 2.49
250 0.05790123623014196 2.5
251 0.05791673290278717 2.51
252 0.05793236545817577 2.52
253 0.05793176788145792 2.53
254 0.05791352121560348 2.54
255 0.05790408997304572 2.55
256 0.05788779087540963 2.56
257 0.0578890597700665 2.57
258 0.05791084886131691 2.58
259 0.05793208015580667 2.59
260 0.05794156050829354 2.6
261 0.05792901385405323 2.61
262 0.05792583093597906 2.62
263 0.05792720274706804 2.63
264 0.05792976166167638 2.64
265 0.05793005530334472 2.65
266 0.05793008830758959 2.66
267 0.05792334745948673 2.67
268 0.05791566126652441 2.68
269 0.05791123774197626 2.69
270 0.05791261417169945 2.7
271 0.05791380440798321 2.71
272 0.05791690781980082 2.72
273 0.05791968556769438 2.73
274 0.05792206741199608 2.74
275 0.05792464236297497 2.75
276 0.05792519791941261 2.76
277 0.0579304251891378 2.77
278 0.05793386070705733 2.78
279 0.05793977565887719 2.79
280 0.0579529328566121 2.8
281 0.05795780815198204 2.81
282 0.05793567406299845 2.82
283 0.05791559061889903 2.83
284 0.05791251525026791 2.84
285 0.05795452570059469 2.85
286 0.05797380282092538 2.86
287 0.05797288858846556 2.87
288 0.05796553542700132 2.88
289 0.05795879762948743 2.89
290 0.05795114408391469 2.9
291 0.0579461619561002 2.91
292 0.05794519514176802 2.92
293 0.05794799593521454 2.93
294 0.05795287204851789 2.94
295 0.05794962564959302 2.95
296 0.05795808284102116 2.96
297 0.05797585617277314 2.97
298 0.05799233139110314 2.98
299 0.05801320515618809 2.99
300 0.05802410534633083 3
301 0.05803136263050168 3.01
302 0.05802427055388992 3.02
303 0.05802564928723434 3.03
304 0.05802598498185872 3.04
305 0.05804200321621727 3.05
306 0.0580764067632048 3.06
307 0.05809211156775083 3.07
308 0.05809465078906189 3.08
309 0.05808763927660589 3.09
310 0.05808528104364784 3.1
311 0.05809292475755106 3.11
312 0.05810610055309209 3.12
313 0.0581193381124276 3.13
314 0.05812929682417027 3.14
315 0.05813868135355944 3.15
316 0.0581486591884198 3.16
317 0.05815916526195095 3.17
318 0.05816905312361553 3.18
319 0.05817981137970674 3.19
320 0.05818504088255595 3.2
321 0.05819365754231438 3.21
322 0.05819452512190507 3.22
323 0.05820201250432387 3.23
324 0.05822044536288351 3.24
325 0.05823131524121868 3.25
326 0.05825295254961965 3.26
327 0.05826269388553201 3.27
328 0.05826646970546881 3.28
329 0.05826645839030545 3.29
330 0.05825764021456177 3.3
331 0.05825638483483623 3.31
332 0.05826019121519835 3.32
333 0.05827140278872376 3.33
334 0.05827875360901925 3.34
335 0.05829547377534704 3.35
336 0.05830109431083898 3.36
337 0.05829492756276709 3.37
338 0.05828200912443261 3.38
339 0.05826684469972458 3.39
340 0.05825125867318433 3.4
341 0.05823878823900232 3.41
342 0.05823611387703035 3.42
343 0.05822891093565884 3.43
344 0.05821873425903124 3.44
345 0.05820963839135963 3.45
346 0.0581989368276217 3.46
347 0.05818967371658654 3.47
348 0.05817978600781225 3.48
349 0.05816503727732641 3.49
350 0.05815162841872569 3.5
351 0.05813904170191234 3.51
352 0.05812597517039934 3.52
353 0.05811136588350393 3.53
354 0.05809488454226007 3.54
355 0.05807656180060768 3.55
356 0.05805775850825082 3.56
357 0.05804620286731228 3.57
358 0.05799248592654178 3.58
359 0.05794905899593256 3.59
360 0.05792103769496625 3.6
361 0.05790036142975465 3.61
362 0.05787556706836632 3.62
363 0.05785099003729079 3.63
364 0.0578308652641376 3.64
365 0.05781197363139494 3.65
366 0.0577858044727124 3.66
367 0.05775082671635112 3.67
368 0.0577118408721996 3.68
369 0.05767677874659743 3.69
370 0.05764021148456057 3.7
371 0.05766342681183916 3.71
372 0.05763388978069462 3.72
373 0.05759598857262416 3.73
374 0.05753702778331966 3.74
375 0.05746938760208574 3.75
376 0.05741081970445513 3.76
377 0.05735311924917004 3.77
378 0.05729212843966264 3.78
379 0.05724298128373668 3.79
380 0.05719067994958036 3.8
381 0.05713958736388933 3.81
382 0.05709444554804396 3.82
383 0.05703886533146513 3.83
384 0.05697690151540051 3.84
385 0.05691153142013494 3.85
386 0.05684568020253137 3.86
387 0.05677971115398674 3.87
388 0.05671717583602739 3.88
389 0.05665151676438566 3.89
390 0.05657447693074838 3.9
391 0.05651096606199867 3.91
392 0.05644242209963045 3.92
393 0.05636891090244937 3.93
394 0.05629135346050211 3.94
395 0.05621579011609933 3.95
396 0.05613968825896713 3.96
397 0.05605883419553424 3.97
398 0.05599742159358775 3.98
399 0.05591936771820383 3.99
400 0.05584000463546913 4
401 0.05575363394803604 4.01
402 0.05566861438106117 4.02
403 0.05558358064788348 4.03
404 0.05549782606682505 4.04
405 0.05541141893448426 4.05
406 0.05532738969563794 4.06
407 0.05523786127171332 4.07
408 0.0551496147866662 4.08
409 0.05505654613789844 4.09
410 0.05495807155958939 4.1
411 0.05486988401893684 4.11
412 0.05476833253737261 4.12
413 0.05466865462341592 4.13
414 0.05457204958984588 4.14
415 0.05447614382316007 4.15
416 0.05438013632909532 4.16
417 0.05428322610846029 4.17
418 0.05417551872455577 4.18
419 0.05407588938750472 4.19
420 0.05398686469533119 4.2
421 0.05388690317708127 4.21
422 0.05378010617204378 4.22
423 0.05366940812504331 4.23
424 0.05355699356218529 4.24
425 0.05344393618241493 4.25
426 0.05333382468633187 4.26
427 0.0532231032273452 4.27
428 0.05311248791292648 4.28
429 0.05300098290192311 4.29
430 0.05288747274595632 4.3
431 0.05277196227304198 4.31
432 0.05265858232381098 4.32
433 0.05255228451756537 4.33
434 0.05244120837780199 4.34
435 0.05232388305886707 4.350000000000001
436 0.05220804862279803 4.36
437 0.05209307565800901 4.37
438 0.05197869926537042 4.38
439 0.05186422660001196 4.39
440 0.05174917357362784 4.4
441 0.05163406546916821 4.41
442 0.05151904580299061 4.42
443 0.05139725384220044 4.43
444 0.05127337082490687 4.44
445 0.05114959342910791 4.45
446 0.0510251405264094 4.46
447 0.05090321140961124 4.47
448 0.0507815260335366 4.48
449 0.05065905501054573 4.49
450 0.05054467855813332 4.5
451 0.0504203273474042 4.51
452 0.05029301281780253 4.52
453 0.05016515526950994 4.53
454 0.0500380050583385 4.54
455 0.04991152753119018 4.55
456 0.04978640597267302 4.56
457 0.04966162849514979 4.57
458 0.04953465831933999 4.58
459 0.04941086576990346 4.59
460 0.0492877939810129 4.600000000000001
461 0.04916063727774467 4.61
462 0.04903515653797771 4.62
463 0.04890836427901417 4.63
464 0.04878212789945967 4.64
465 0.04865521376524352 4.65
466 0.04852844561249874 4.66
467 0.04839943072357049 4.67
468 0.04826954349283329 4.68
469 0.04814067438242318 4.69
470 0.04801025994755919 4.7
471 0.04787211460073323 4.71
472 0.04773518251319547 4.72
473 0.04760102429398673 4.73
474 0.04746561387851234 4.74
475 0.04733047777876544 4.75
476 0.04719623740180441 4.76
477 0.04705778509906224 4.77
478 0.04692094145123181 4.78
479 0.04677754646917562 4.79
480 0.04664373176244297 4.8
481 0.04651261356903923 4.81
482 0.0463808467784269 4.82
483 0.04624676440301584 4.83
484 0.04611078308278292 4.84
485 0.04596735540334407 4.850000000000001
486 0.04582882008182394 4.86
487 0.04569915747266209 4.87
488 0.0455703514646888 4.88
489 0.0454278921496702 4.89
490 0.04528018155732527 4.9
491 0.04513360176209252 4.91
492 0.04498822347998484 4.92
493 0.0448426070430451 4.93
494 0.04469977782532848 4.94
495 0.04455452257987306 4.95
496 0.04440936663699076 4.96
497 0.04426269181474914 4.97
498 0.04411500389561419 4.98
499 0.04396644957652749 4.99
500 0.04381704688314972 5
501 0.04366706848165426 5.01
502 0.04351650397515829 5.02
503 0.0433616863841309 5.03
504 0.04321084466682044 5.04
505 0.0430582191846923 5.05
506 0.04290588913022451 5.06
507 0.04274638293982116 5.07
508 0.04259284418718137 5.08
509 0.04244031512121448 5.09
510 0.04228639950849373 5.100000000000001
511 0.04213432859527151 5.11
512 0.04198236646673519 5.12
513 0.0418291840509627 5.13
514 0.04167429811542795 5.14
515 0.04151581598025588 5.15
516 0.04136031276596176 5.16
517 0.04121726037021713 5.17
518 0.04105969311868794 5.18
519 0.04089396158430017 5.19
520 0.04072688738459364 5.2
521 0.04055044988349716 5.21
522 0.04038435102889253 5.22
523 0.04022397560881106 5.23
524 0.04006830528951502 5.24
525 0.03991134947794546 5.25
526 0.03974662932330088 5.26
527 0.03958404572062846 5.27
528 0.03942158241454047 5.28
529 0.03926248180413227 5.29
530 0.03910116834939828 5.3
531 0.03893880216920379 5.31
532 0.03877617195983171 5.32
533 0.03861244005887041 5.33
534 0.03844600119963804 5.34
535 0.03828363105939871 5.350000000000001
536 0.03812225699883777 5.36
537 0.03795864952145871 5.37
538 0.03779421262743531 5.38
539 0.03763362180834412 5.39
540 0.03747110295370006 5.4
541 0.03730749122986817 5.41
542 0.03714262466227426 5.42
543 0.03697674793988259 5.43
544 0.03680896142196684 5.44
545 0.03664134557358361 5.45
546 0.03647342696523719 5.46
547 0.03630490844272897 5.47
548 0.03613442235040537 5.48
549 0.03596475950689499 5.49
550 0.03579631985751593 5.5
551 0.035626924813698 5.51
552 0.0354576144324748 5.52
553 0.03528624615074527 5.53
554 0.03511602089423667 5.54
555 0.03493735148526277 5.55
556 0.0347693066135147 5.56
557 0.03459963481173045 5.57
558 0.03442953634345002 5.58
559 0.03425916935765744 5.59
560 0.03408763020613204 5.600000000000001
561 0.03391530192404606 5.61
562 0.03374190007129643 5.62
563 0.03356812452911118 5.63
564 0.03338857741621454 5.64
565 0.03321316773331841 5.65
566 0.03303866938954023 5.66
567 0.0328645995674983 5.67
568 0.03269191640543419 5.68
569 0.03251254467469509 5.69
570 0.03233353624120448 5.7
571 0.0321542377007856 5.71
572 0.03197441220204636 5.72
573 0.03179238791936841 5.73
574 0.03161074502067916 5.74
575 0.03143046327373413 5.75
576 0.031248589562785 5.76
577 0.03106623344421442 5.77
578 0.03088282236255859 5.78
579 0.03069838658644473 5.79
580 0.03051378148802496 5.8
581 0.03033089932311574 5.81
582 0.03014512209539653 5.82
583 0.02995954477573237 5.83
584 0.02977422367090158 5.84
585 0.02958899049119852 5.850000000000001
586 0.02940323449235223 5.86
587 0.02921746364365708 5.87
588 0.02903145788644626 5.88
589 0.0288451231694496 5.89
590 0.02865935005271546 5.9
591 0.02847262052411633 5.91
592 0.0282852496258321 5.92
593 0.02809741169247143 5.93
594 0.02790949562364269 5.94
595 0.02772348821027669 5.95
596 0.02753547709253231 5.96
597 0.02733811111427973 5.97
598 0.02714754662586746 5.98
599 0.02696000830384893 5.99
600 0.02677370177300116 6
601 0.02658866862538199 6.01
602 0.02639885957618904 6.02
603 0.02620878955197528 6.03
604 0.02602303331435367 6.04
605 0.02583457614788083 6.05
606 0.025644571038948 6.06
607 0.02545389687882665 6.07
608 0.02526312295565869 6.08
609 0.02507286149242264 6.09
610 0.02488314395505331 6.100000000000001
611 0.0246926580135196 6.11
612 0.02450190656187883 6.12
613 0.02431107000516176 6.13
614 0.0241181244235688 6.140000000000001
615 0.02392737008693299 6.15
616 0.02373748060246586 6.16
617 0.02355089169531381 6.17
618 0.0233610517192415 6.18
619 0.02316975511171383 6.19
620 0.02297775503302448 6.2
621 0.02278561809067212 6.21
622 0.02259545478166576 6.22
623 0.02240584927351548 6.23
624 0.02221424832042591 6.24
625 0.02202184440602789 6.25
626 0.02182914009016357 6.26
627 0.02163781244954434 6.27
628 0.02144361868425807 6.28
629 0.02124804147574551 6.29
630 0.02105263209677745 6.3
631 0.02085720663067595 6.31
632 0.02066021952128263 6.32
633 0.02046305398039876 6.33
634 0.0202670834777116 6.34
635 0.02007132353014151 6.350000000000001
636 0.0198746336222978 6.36
637 0.01968048127588462 6.37
638 0.01948322316869851 6.38
639 0.01928441954432282 6.390000000000001
640 0.01908196123390444 6.4
641 0.01888154520632322 6.41
642 0.0186836417939505 6.42
643 0.01848459862324279 6.43
644 0.01828379408372825 6.44
645 0.01808154235815228 6.45
646 0.01787947328936637 6.46
647 0.01767761613127293 6.47
648 0.01747552489815217 6.48
649 0.0172730319291078 6.49
650 0.01706966459806989 6.5
651 0.01686538863612164 6.51
652 0.01666265734295257 6.52
653 0.01646506134022832 6.53
654 0.01626828630283872 6.54
655 0.01606343969887826 6.55
656 0.01585494891894194 6.56
657 0.01564175888295639 6.57
658 0.01543171458824205 6.58
659 0.01523140643515207 6.59
660 0.01502228583088717 6.600000000000001
661 0.01481320017901509 6.61
662 0.01460526740872986 6.62
663 0.01439536708048967 6.63
664 0.01418691457371218 6.640000000000001
665 0.01397763240027486 6.65
666 0.0137679616640147 6.66
667 0.01355819525148719 6.67
668 0.01334778378232091 6.68
669 0.01313800390439833 6.69
670 0.01292910500123797 6.7
671 0.01271960598461407 6.71
672 0.0125090821970114 6.72
673 0.01229733482313955 6.73
674 0.01208201810479201 6.74
675 0.01187231027609791 6.75
676 0.01166700547755172 6.76
677 0.01145999843843558 6.77
678 0.01125228270035804 6.78
679 0.01104758407178578 6.79
680 0.01083869828169024 6.8
681 0.0106317636435139 6.81
682 0.0104204647248945 6.82
683 0.01020829823507001 6.83
684 0.009994493044675761 6.84
685 0.009783210618182912 6.850000000000001
686 0.009571841688267288 6.86
687 0.009359196756691836 6.87
688 0.009151929593822168 6.88
689 0.008945839403411815 6.890000000000001
690 0.008735511527742748 6.9
691 0.008523067991724526 6.91
692 0.008309635867641415 6.92
693 0.008088684731376101 6.93
694 0.007874039990221472 6.94
695 0.007662762055522752 6.95
696 0.007454193193109466 6.96
697 0.007244487383865918 6.97
698 0.007034450044498137 6.98
699 0.006821071234775471 6.99
700 0.006605276939931092 7
701 0.006388955577319866 7.01
702 0.006172955779136012 7.02
703 0.005958052209981205 7.03
704 0.00574202467183111 7.04
705 0.005525324063636284 7.05
706 0.005308307238735307 7.06
707 0.005090110630655363 7.07
708 0.004872034776540376 7.08
709 0.00465415534100831 7.09
710 0.004436038287754848 7.100000000000001
711 0.004220843184021076 7.11
712 0.004002173105900962 7.12
713 0.003779902225964621 7.13
714 0.003555326198034801 7.140000000000001
715 0.00333305287269862 7.15
716 0.003110625396125467 7.16
717 0.002887176134164312 7.17
718 0.002665202087315064 7.18
719 0.002443531874717687 7.19
720 0.002218830721349256 7.2
721 0.001995856361163947 7.21
722 0.001771617938597235 7.22
723 0.001541620088781228 7.23
724 0.00131484507579757 7.24
725 0.001089748348567757 7.25
726 0.000865462901813878 7.26
727 0.0006391883869279772 7.27
728 0.0004092365103877013 7.28
729 0.000178254645891038 7.29
730 -5.194176455755057e-05 7.3
731 -0.0002830586102199712 7.31
732 -0.0005110852264327319 7.32
733 -0.0007405520670560468 7.33
734 -0.0009752807254629066 7.34
735 -0.001202322167180754 7.350000000000001
736 -0.001433219217940093 7.36
737 -0.001664781879154929 7.37
738 -0.001898780331574213 7.38
739 -0.002130554087336912 7.390000000000001
740 -0.002364903332350237 7.4
741 -0.002603293408225835 7.41
742 -0.00283667346251941 7.42
743 -0.003069689701034359 7.43
744 -0.003303582129489075 7.44
745 -0.003538003721574792 7.45
746 -0.003772501166377409 7.46
747 -0.004010142561999019 7.47
748 -0.004246033306744812 7.48
749 -0.004480570396023156 7.49
750 -0.00471396384865941 7.5
751 -0.004946844471978185 7.51
752 -0.005181414672911229 7.52
753 -0.005417901549567056 7.53
754 -0.005655238885235561 7.54
755 -0.005892392585120127 7.55
756 -0.006129289975811858 7.56
757 -0.006366750321102457 7.57
758 -0.006604909238980775 7.58
759 -0.006843660120210854 7.59
760 -0.007082290499989351 7.600000000000001
761 -0.007323440102586063 7.61
762 -0.007562934492092784 7.62
763 -0.00780255455692151 7.63
764 -0.008043079193647456 7.640000000000001
765 -0.008282512479297665 7.65
766 -0.008519648557633503 7.66
767 -0.0087606827979553 7.67
768 -0.008992725441084365 7.68
769 -0.009231728035146399 7.69
770 -0.009475467800274077 7.7
771 -0.009722094533510023 7.71
772 -0.009968476217142095 7.72
773 -0.01021811500028447 7.73
774 -0.01046763413859158 7.74
775 -0.01071248143424485 7.75
776 -0.0109552772003267 7.76
777 -0.01119814303704712 7.77
778 -0.01143913545367536 7.78
779 -0.01168389919028573 7.79
780 -0.01193102592206312 7.8
781 -0.01217905790854204 7.81
782 -0.01242895679648792 7.82
783 -0.01267839052673965 7.83
784 -0.01292875024516004 7.84
785 -0.01318140870426134 7.850000000000001
786 -0.0134317290131801 7.86
787 -0.01368258012183211 7.87
788 -0.01393390454696596 7.88
789 -0.01418544317600859 7.890000000000001
790 -0.0144379946369859 7.9
791 -0.01469128957221929 7.91
792 -0.01494577900656604 7.92
793 -0.01520194800139526 7.930000000000001
794 -0.01545782953117626 7.94
795 -0.01571342294940883 7.95
796 -0.01596988199473965 7.96
797 -0.01622807599291088 7.97
798 -0.01648606490284561 7.98
799 -0.01674334610010831 7.99
800 -0.01700222108744008 8
801 -0.01725982717355023 8.01
802 -0.01752377535071636 8.02
803 -0.01778671845125588 8.029999999999999
804 -0.01804581703003862 8.040000000000001
805 -0.01830372850350066 8.050000000000001
806 -0.01856359998305978 8.06
807 -0.01882286598537237 8.07
808 -0.01908510624359629 8.08
809 -0.01934868080017445 8.09
810 -0.01961013670195743 8.1
811 -0.01987407321176487 8.109999999999999
812 -0.02013970664865357 8.120000000000001
813 -0.02040633192841467 8.130000000000001
814 -0.02067279410987358 8.140000000000001
815 -0.0209403434975491 8.15
816 -0.02120405516885664 8.16
817 -0.02146549967985169 8.17
818 -0.02172769666487434 8.18
819 -0.02199090938384672 8.19
820 -0.02225498718898151 8.199999999999999
821 -0.02251742312504997 8.210000000000001
822 -0.02278104940329048 8.220000000000001
823 -0.02304911832139171 8.23
824 -0.02331748007586204 8.24
825 -0.02358493905662149 8.25
826 -0.02385192471116541 8.26
827 -0.02411760642488511 8.27
828 -0.02438532641297605 8.279999999999999
829 -0.02465159060290118 8.290000000000001
830 -0.02491724766925535 8.300000000000001
831 -0.02518448022697898 8.31
832 -0.02545089066229726 8.32
833 -0.02571725112444032 8.33
834 -0.02598010229780543 8.34
835 -0.02624613218546255 8.35
836 -0.0265127175430972 8.359999999999999
837 -0.02678138303392442 8.370000000000001
838 -0.02705048138663396 8.380000000000001
839 -0.02731957171338977 8.390000000000001
840 -0.02758845172491849 8.4
841 -0.02785780064231676 8.41
842 -0.02812506414381285 8.42
843 -0.02839187202805404 8.43
844 -0.0286610872136882 8.44
845 -0.02893136239065242 8.449999999999999
846 -0.02920194696087199 8.460000000000001
847 -0.02947485746211677 8.470000000000001
848 -0.02974305152801521 8.48
849 -0.03001386895334479 8.49
850 -0.03028734634520161 8.5
851 -0.03055832639712937 8.51
852 -0.03083095660341112 8.52
853 -0.03110201949945154 8.529999999999999
854 -0.03136922441589179 8.540000000000001
855 -0.03163879958043221 8.550000000000001
856 -0.03183550001634965 8.56
857 -0.03204824993206299 8.57
858 -0.03230819579835675 8.58
859 -0.03254792505522718 8.59
860 -0.03288264209674135 8.6
861 -0.03326408828814391 8.609999999999999
862 -0.0336843402115832 8.620000000000001
863 -0.03404228392687615 8.630000000000001
864 -0.03429559960215746 8.640000000000001
865 -0.03451013582605539 8.65
866 -0.03471734652716874 8.66
867 -0.03493799233570462 8.67
868 -0.03518184763936115 8.68
869 -0.03544288537595067 8.69
870 -0.03571865204839152 8.700000000000001
871 -0.035997399504534 8.710000000000001
872 -0.03628623167800773 8.720000000000001
873 -0.03656993811126075 8.73
874 -0.03684867908590758 8.74
875 -0.03712049597893647 8.75
876 -0.03739359680240289 8.76
877 -0.03767062192237147 8.77
878 -0.03794941174478956 8.779999999999999
879 -0.03822487166774537 8.790000000000001
880 -0.03849684838878834 8.800000000000001
881 -0.03876870480486002 8.81
882 -0.0390417956228605 8.82
883 -0.0392388531278388 8.83
884 -0.03949002226053218 8.84
885 -0.0397311019237809 8.85
886 -0.04000613999037687 8.859999999999999
887 -0.04030525203456844 8.870000000000001
888 -0.04056566562327522 8.880000000000001
889 -0.04089933775628533 8.890000000000001
890 -0.04117214429685549 8.9
891 -0.04150328553346275 8.91
892 -0.0417649097494763 8.92
893 -0.04208691905625439 8.93
894 -0.04237905233634433 8.94
895 -0.04269390567059152 8.950000000000001
896 -0.04296392836778122 8.960000000000001
897 -0.04324271571014664 8.970000000000001
898 -0.04348845442512692 8.98
899 -0.04378609413155927 8.99
900 -0.04401509796657926 9
901 -0.04423034932317652 9.01
902 -0.04449314913588481 9.02
903 -0.04474557892161865 9.029999999999999
904 -0.045008083224401 9.040000000000001
905 -0.04523845580457408 9.050000000000001
906 -0.04549855134237316 9.06
907 -0.04576969838698494 9.07
908 -0.04606942844964611 9.08
909 -0.04635115147142974 9.09
910 -0.04662055672690598 9.1
911 -0.04684852439699098 9.109999999999999
912 -0.04709198241149566 9.120000000000001
913 -0.04732589207462425 9.130000000000001
914 -0.04761869145567909 9.140000000000001
915 -0.04791807780701613 9.15
916 -0.04820217289640871 9.16
917 -0.04847417123081184 9.17
918 -0.04876294503759387 9.18
919 -0.04900378604142152 9.19
920 -0.04922458959911375 9.200000000000001
921 -0.04949575496389146 9.210000000000001
922 -0.04976018925587058 9.220000000000001
923 -0.04999244772311578 9.23
924 -0.05027889345766254 9.24
925 -0.0505244025855027 9.25
926 -0.05079114563002423 9.26
927 -0.05108989680746157 9.27
928 -0.05136396434987255 9.279999999999999
929 -0.0516498953221677 9.290000000000001
930 -0.05188760469378276 9.300000000000001
931 -0.05218718689861084 9.31
932 -0.05241064378783247 9.32
933 -0.05264009901075428 9.33
934 -0.05286332658496904 9.34
935 -0.05310010279515446 9.35
936 -0.05333864181139419 9.359999999999999
937 -0.05359304496380013 9.370000000000001
938 -0.05386085885707579 9.380000000000001
939 -0.05413765183871178 9.390000000000001
940 -0.05441306097541467 9.4
941 -0.05468297966596927 9.41
942 -0.05490568697199195 9.42
943 -0.0551840604837223 9.43
944 -0.05542197381824862 9.44
945 -0.05572188450463282 9.450000000000001
946 -0.05595875650046623 9.460000000000001
947 -0.05623919984155851 9.470000000000001
948 -0.05646482158955737 9.48
949 -0.05676638969675579 9.49
950 -0.05699777734898707 9.5
951 -0.05726071230690109 9.51
952 -0.05747952667076568 9.52
953 -0.0577425736670359 9.529999999999999
954 -0.05796919528111328 9.540000000000001
955 -0.05823265762647622 9.550000000000001
956 -0.05845854519283369 9.56
957 -0.05872027931389624 9.57
958 -0.05894449971372516 9.58
959 -0.05921097355422501 9.59
960 -0.05948986295252148 9.6
961 -0.05974209913631068 9.609999999999999
962 -0.05996234074397058 9.620000000000001
963 -0.06019438864417577 9.630000000000001
964 -0.06040727881265513 9.640000000000001
965 -0.06061040250520444 9.65
966 -0.06084317361992216 9.66
967 -0.0610926710699924 9.67
968 -0.06131569862223726 9.68
969 -0.06156820910068939 9.69
970 -0.06182959111493511 9.700000000000001
971 -0.06209327866279161 9.710000000000001
972 -0.06234849238274937 9.720000000000001
973 -0.06260238086173536 9.73
974 -0.06286166139357717 9.74
975 -0.06311414294236178 9.75
976 -0.06335945546460417 9.76
977 -0.06359296812090516 9.77
978 -0.0638645435419555 9.779999999999999
979 -0.06410913707263129 9.790000000000001
980 -0.06433207543831493 9.800000000000001
981 -0.06457926084793909 9.81
982 -0.06477283969844692 9.82
983 -0.06500923655065878 9.83
984 -0.06520731109520367 9.84
985 -0.06544745357946745 9.85
986 -0.06567772840984984 9.859999999999999
987 -0.06587186368828714 9.870000000000001
988 -0.06611782470195555 9.880000000000001
989 -0.06636090820691962 9.890000000000001
990 -0.06657535125817859 9.9
991 -0.06680568808860066 9.91
992 -0.06704258260273856 9.92
993 -0.06728045837486445 9.93
994 -0.06752018716695836 9.94
995 -0.06775893656114132 9.950000000000001
996 -0.06795996816572243 9.960000000000001
997 -0.06821618994167637 9.970000000000001
998 -0.06846783799052955 9.98
999 -0.06871282039957173 9.99
1000 -0.06894076004132897 10
1001 -0.06916568868951144 10.01
1002 -0.06938601282329571 10.02
1003 -0.06960478705863564 10.03
1004 -0.06982519326786997 10.04
1005 -0.07004796326459591 10.05
1006 -0.07027563763971238 10.06
1007 -0.07050389583134661 10.07
1008 -0.07073268786903775 10.08
1009 -0.0709631071182372 10.09
1010 -0.07118815694921235 10.1
1011 -0.07137907784245917 10.11
1012 -0.07162457565615406 10.12
1013 -0.07183062887996479 10.13
1014 -0.07209183289478463 10.14
1015 -0.07230287540379676 10.15
1016 -0.07252587812394093 10.16
1017 -0.07279629798203281 10.17
1018 -0.07300379513401056 10.18
1019 -0.07321929314033017 10.19
1020 -0.07343751130574867 10.2
1021 -0.07365898821631868 10.21
1022 -0.07392543645265696 10.22
1023 -0.07413065476836682 10.23
1024 -0.07438131718809828 10.24
1025 -0.07461382861662358 10.25
1026 -0.07483815696694163 10.26
1027 -0.07505584335884725 10.27
1028 -0.07527161517431075 10.28
1029 -0.07550834772777558 10.29
1030 -0.07572799832320207 10.3
1031 -0.07593892427967044 10.31
1032 -0.07615083582357642 10.32
1033 -0.07633739141202832 10.33
1034 -0.07656931402667955 10.34
1035 -0.07678976978849147 10.35
1036 -0.07703596158978274 10.36
1037 -0.07722079448920469 10.37
1038 -0.07742864551510116 10.38
1039 -0.07765039154173387 10.39
1040 -0.07787779894570655 10.4
1041 -0.07807421710705047 10.41
1042 -0.07828853708915422 10.42
1043 -0.07851398972032254 10.43
1044 -0.07874567700212712 10.44
1045 -0.07893236681091112 10.45
1046 -0.07918947402653349 10.46
1047 -0.07938349487788061 10.47
1048 -0.07965475918477308 10.48
1049 -0.07985700588388761 10.49
1050 -0.08012133504867966 10.5
1051 -0.08031740087618999 10.51
1052 -0.08057253848020385 10.52
1053 -0.08080636359068041 10.53
1054 -0.08102876109935718 10.54
1055 -0.08124316557851373 10.55
1056 -0.0814554283069813 10.56
1057 -0.08166396611752808 10.57
1058 -0.08186922824803002 10.58
1059 -0.0820763611031107 10.59
1060 -0.08228673301880894 10.6
1061 -0.08254482786133564 10.61
1062 -0.08274131144609109 10.62
1063 -0.08298304749195858 10.63
1064 -0.08320726165159799 10.64
1065 -0.08341331702986349 10.65
1066 -0.08362286054910029 10.66
1067 -0.08383200247114451 10.67
1068 -0.08404193863315686 10.68
1069 -0.08425060240931281 10.69
1070 -0.08442931218109358 10.7
1071 -0.08466867948273027 10.71
1072 -0.08490370196892949 10.72
1073 -0.08509023285144772 10.73
1074 -0.0853411578741789 10.74
1075 -0.08554696461014515 10.75
1076 -0.08576314206425217 10.76
1077 -0.08598708715492857 10.77
1078 -0.08621318156541503 10.78
1079 -0.08644571768147198 10.79
1080 -0.08667606361632745 10.8
1081 -0.08690393500155894 10.81
1082 -0.08708277083362838 10.82
1083 -0.0873328649365524 10.83
1084 -0.08752330639378833 10.84
1085 -0.08777723010042851 10.85
1086 -0.08797442669291797 10.86
1087 -0.08823503903929893 10.87
1088 -0.08842730426695594 10.88
1089 -0.08867413769621153 10.89
1090 -0.08884165417763143 10.9
1091 -0.08909041008186085 10.91
1092 -0.08933346876704037 10.92
1093 -0.0895145140423434 10.93
1094 -0.08976742055855455 10.94
1095 -0.09000953528441824 10.95
1096 -0.09024138626316358 10.96
1097 -0.09046761401968167 10.97
1098 -0.09068846729460504 10.98
1099 -0.09090423336464379 10.99
1100 -0.09112093187599524 11
1101 -0.09133519790913663 11.01
1102 -0.09154632599359661 11.02
1103 -0.09175392209851399 11.03
1104 -0.09197735236367903 11.04
1105 -0.09220018116848899 11.05
1106 -0.0924128790108044 11.06
1107 -0.09262850557027068 11.07
1108 -0.09283844750683952 11.08
1109 -0.09305469396394313 11.09
1110 -0.09327589469472795 11.1
1111 -0.09350543019261028 11.11
1112 -0.09373512010600527 11.12
1113 -0.09396391300779816 11.13
1114 -0.09418928824428578 11.14
1115 -0.09436126260700403 11.15
1116 -0.09460712220613045 11.16
1117 -0.09484676650334166 11.17
1118 -0.09502167454894322 11.18
1119 -0.0952755493195049 11.19
1120 -0.09551768106001306 11.2
1121 -0.09569641177606249 11.21
1122 -0.09594077298392051 11.22
1123 -0.09613285982986619 11.23
1124 -0.09639990492987027 11.24
1125 -0.09659429476953699 11.25
1126 -0.09686176995707597 11.26
1127 -0.0970477347877976 11.27
1128 -0.0972951600293307 11.28
1129 -0.09752890499470114 11.29
1130 -0.09770026780373504 11.3
1131 -0.09794536933517226 11.31
1132 -0.09817764910272032 11.32
1133 -0.09835631597225951 11.33
1134 -0.09860099291911857 11.34
1135 -0.09883966959484067 11.35
1136 -0.09901944069058718 11.36
1137 -0.09928807678294146 11.37
1138 -0.09948144174123653 11.38
1139 -0.09974125367655676 11.39
1140 -0.0999209172676214 11.4
1141 -0.1001730861644554 11.41
1142 -0.1004174429513945 11.42
1143 -0.1006420636932297 11.43
1144 -0.1008533455727407 11.44
1145 -0.1010909836850854 11.45
1146 -0.1013099981154224 11.46
1147 -0.1015244906772797 11.47
1148 -0.1017344479315696 11.48
1149 -0.1019627920727773 11.49
1150 -0.1022219476894742 11.5
1151 -0.1024133879437543 11.51
1152 -0.1026451925994719 11.52
1153 -0.1028121435886193 11.53
1154 -0.1030522893002379 11.54
1155 -0.1032477670738752 11.55
1156 -0.1034978353082587 11.56
1157 -0.1037031491184343 11.57
1158 -0.1039178872308513 11.58
1159 -0.1041926842520925 11.59
1160 -0.1043652732076698 11.6
1161 -0.1046097307717019 11.61
1162 -0.1048491749931033 11.62
1163 -0.1050381691699789 11.63
1164 -0.105297396939369 11.64
1165 -0.105494085528939 11.65
1166 -0.1057056062750675 11.66
1167 -0.1059844223246608 11.67
1168 -0.1061916321486662 11.68
1169 -0.1063970528406057 11.69
1170 -0.1066258090063117 11.7
1171 -0.1068670693356253 11.71
1172 -0.1071059667582822 11.72
1173 -0.1073450736706865 11.73
1174 -0.1075823512063357 11.74
1175 -0.1078684862365094 11.75
1176 -0.1080686304769106 11.76
1177 -0.1082738789576615 11.77
1178 -0.1085341127324269 11.78
1179 -0.108724752462349 11.79
1180 -0.1089728546856831 11.8
1181 -0.1091599455950957 11.81
1182 -0.1094050395737411 11.82
1183 -0.109637867619813 11.83
1184 -0.109817037625812 11.84
1185 -0.1100602646344943 11.85
1186 -0.1102961425882776 11.86
1187 -0.1105337454658924 11.87
1188 -0.1107620966271966 11.88
1189 -0.1109884386937554 11.89
1190 -0.1112151676617977 11.9
1191 -0.1114395706990473 11.91
1192 -0.1116632257796866 11.92
1193 -0.1118396391700704 11.93
1194 -0.112079931444321 11.94
1195 -0.1123178253397227 11.95
1196 -0.1124980799417065 11.96
1197 -0.1127628284741536 11.97
1198 -0.112957480314407 11.98
1199 -0.1132285609313643 11.99
1200 -0.113430378786425 12
1201 -0.1136502186758854 12.01
1202 -0.1138835426129232 12.02
1203 -0.1141209782217706 12.03
1204 -0.114370037126953 12.04
1205 -0.1146172732477632 12.05
1206 -0.1148513021225731 12.06
1207 -0.1150846487718068 12.07
1208 -0.1153163668448202 12.08
1209 -0.1155466177388063 12.09
1210 -0.1157801361410453 12.1
1211 -0.1160115678511642 12.11
1212 -0.116238251652975 12.12
1213 -0.1164648176458333 12.13
1214 -0.1166922077784624 12.14
1215 -0.1169177321371248 12.15
1216 -0.1171480035215357 12.16
1217 -0.1173781897101631 12.17
1218 -0.1176099244460257 12.18
1219 -0.1178385052113055 12.19
1220 -0.118064025910865 12.2
1221 -0.1183538482149016 12.21
1222 -0.1185660513995673 12.22
1223 -0.1188398775930017 12.23
1224 -0.1190384847368249 12.24
1225 -0.1192970791041814 12.25
1226 -0.1195368748792262 12.26
1227 -0.1197687399200809 12.27
1228 -0.1199953578440001 12.28
1229 -0.1202088694245746 12.29
1230 -0.1204229972891592 12.3
1231 -0.120643994461451 12.31
1232 -0.1208689028744781 12.32
1233 -0.1210978243982784 12.33
1234 -0.1213312620800514 12.34
1235 -0.1215683273056978 12.35
1236 -0.1218125063357683 12.36
1237 -0.1220572445255387 12.37
1238 -0.1222995674597318 12.38
1239 -0.1224850174588563 12.39
1240 -0.1227545450390986 12.4
1241 -0.1230162707461075 12.41
1242 -0.1232188474308482 12.42
1243 -0.1234962255669466 12.43
1244 -0.123698423799782 12.44
1245 -0.1239163745438618 12.45
1246 -0.1241558991572896 12.46
1247 -0.1244629605766753 12.47
1248 -0.1246892635749092 12.48
1249 -0.1249274649172959 12.49
1250 -0.1251680454593719 12.5
1251 -0.1254100122215266 12.51
1252 -0.1256527156999352 12.52
1253 -0.1258989145190876 12.53
1254 -0.1261441234029511 12.54
1255 -0.1263861346766073 12.55
1256 -0.1266238254754561 12.56
1257 -0.1268681982547295 12.57
1258 -0.1270463592066352 12.58
1259 -0.1273118861640722 12.59
1260 -0.1275715914982637 12.6
1261 -0.1278279990436218 12.61
1262 -0.1280811843648131 12.62
1263 -0.1283310374622875 12.63
1264 -0.1285763207766399 12.64
1265 -0.1288272753156399 12.65
1266 -0.129074565856621 12.66
1267 -0.1293124625906163 12.67
1268 -0.1295455347585956 12.68
1269 -0.1297786559916097 12.69
1270 -0.1300164107739503 12.7
1271 -0.1303117718189382 12.71
1272 -0.1305250944023743 12.72
1273 -0.1308024973832524 12.73
1274 -0.1310139799005389 12.74
1275 -0.1312885289778504 12.75
1276 -0.1315470824853334 12.76
1277 -0.1317480835032553 12.77
1278 -0.1320070268661477 12.78
1279 -0.1322539587120677 12.79
1280 -0.1324957596174479 12.8
1281 -0.1327326820241314 12.81
1282 -0.1329675884911053 12.82
1283 -0.1332014503159896 12.83
1284 -0.1334387671176291 12.84
1285 -0.1336824879010245 12.85
1286 -0.1339243358196194 12.86
1287 -0.1341228566093005 12.87
1288 -0.1343885266057033 12.88
1289 -0.1346566565821223 12.89
1290 -0.1348596229448209 12.9
1291 -0.135136685751759 12.91
1292 -0.1354027934201201 12.92
1293 -0.1356076318304921 12.93
1294 -0.135891483359093 12.94
1295 -0.1361073395118156 12.95
1296 -0.1363354647529801 12.96
1297 -0.1366287812976881 12.97
1298 -0.1368472086395167 12.98
1299 -0.1370705636982192 12.99
1300 -0.1373026829649645 13
1301 -0.1375399495708338 13.01
1302 -0.1377835534421056 13.02
1303 -0.1380273821342562 13.03
1304 -0.1382775765816046 13.04
1305 -0.1385242712343167 13.05
1306 -0.1387722186091195 13.06
1307 -0.1390202385086208 13.07
1308 -0.1392571977813002 13.08
1309 -0.1394988564847147 13.09
1310 -0.1397408189410791 13.1
1311 -0.1399837617934552 13.11
1312 -0.1402256451978003 13.12
1313 -0.1404663516205397 13.13
1314 -0.1407064217323537 13.14
1315 -0.1409448022158455 13.15
1316 -0.1411824141568562 13.16
1317 -0.1414178928434171 13.17
1318 -0.1416515210516098 13.18
1319 -0.1418831700868212 13.19
1320 -0.142117687452978 13.2
1321 -0.142343574734744 13.21
1322 -0.1425691760210782 13.22
1323 -0.1427953946316272 13.23
1324 -0.1430224424998493 13.24
1325 -0.1433123811544213 13.25
1326 -0.1435176833874412 13.26
1327 -0.1437244881356708 13.27
1328 -0.1439494125692131 13.28
1329 -0.1441712634527289 13.29
1330 -0.1443926885914861 13.3
1331 -0.1446151764059538 13.31
1332 -0.1448336106511113 13.32
1333 -0.1450540514053408 13.33
1334 -0.145276079284041 13.34
1335 -0.1454966938304473 13.35
1336 -0.1457155012081293 13.36
1337 -0.1459336701852186 13.37
1338 -0.1461532135459829 13.38
1339 -0.146370137951236 13.39
1340 -0.1465850763847425 13.4
1341 -0.1467937190573382 13.41
1342 -0.1470014725762147 13.42
1343 -0.1472080629995058 13.43
1344 -0.1474143415443031 13.44
1345 -0.147620802307488 13.45
1346 -0.1478271546141355 13.46
1347 -0.1480369159965576 13.47
1348 -0.1481939981939107 13.48
1349 -0.1484190157339909 13.49
1350 -0.148638788263702 13.5
1351 -0.1488560110977819 13.51
1352 -0.1490864024048366 13.52
1353 -0.1493047505605781 13.53
1354 -0.1495120749083283 13.54
1355 -0.149711694501943 13.55
1356 -0.1498942862252554 13.56
1357 -0.1500727596536441 13.57
1358 -0.1502409270981647 13.58
1359 -0.150404209606927 13.59
1360 -0.1505697378734218 13.6
1361 -0.1507437259671838 13.61
1362 -0.1509248319312642 13.62
1363 -0.1511115982952613 13.63
1364 -0.1513075772245757 13.64
1365 -0.1515033869795996 13.65
1366 -0.1516898810669589 13.66
1367 -0.1518754318766668 13.67
1368 -0.1520068933943569 13.68
1369 -0.1522109325424909 13.69
1370 -0.1524060639767696 13.7
1371 -0.1525377827071994 13.71
1372 -0.1527436141337014 13.72
1373 -0.1528812803691099 13.73
1374 -0.1530875277434818 13.74
1375 -0.153223440573144 13.75
1376 -0.1534248452187028 13.76
1377 -0.1535568194497968 13.77
1378 -0.1536967150313183 13.78
1379 -0.1539005016026643 13.79
1380 -0.1540288801419681 13.8
1381 -0.1542183109005976 13.81
1382 -0.1543384267196493 13.82
1383 -0.1545171707888453 13.83
1384 -0.1546320287923386 13.84
1385 -0.1548033329624364 13.85
1386 -0.154915616211676 13.86
1387 -0.1550798406444447 13.87
1388 -0.1552258701025596 13.88
1389 -0.1553638392144797 13.89
1390 -0.1554955641184086 13.9
1391 -0.1556254775348529 13.91
1392 -0.1557447580170757 13.92
1393 -0.1558625808569505 13.93
1394 -0.1559820453049689 13.94
1395 -0.1561011575349255 13.95
1396 -0.1562205696744413 13.96
1397 -0.1563398778155975 13.97
1398 -0.1564813109141498 13.98
1399 -0.1565917933611856 13.99
1400 -0.1567038777355122 14
1401 -0.1568156722259365 14.01
1402 -0.15692692353216 14.02
1403 -0.1570674301754653 14.03
1404 -0.1571669256728181 14.04
1405 -0.157266890189744 14.05
1406 -0.15736448153846 14.06
1407 -0.1574566957037498 14.07
1408 -0.1575517033489195 14.08
1409 -0.1576462944515937 14.09
1410 -0.1577403275923127 14.1
1411 -0.1578335153551541 14.11
1412 -0.1579250835717899 14.12
1413 -0.1580171889231237 14.13
1414 -0.1581068868087377 14.14
1415 -0.1581755415118802 14.15
1416 -0.1582734735762229 14.16
1417 -0.1583574979808655 14.17
1418 -0.1584156445962131 14.18
1419 -0.1585133093758618 14.19
1420 -0.1585981835144459 14.2
1421 -0.158653075812956 14.21
1422 -0.1587399402256783 14.22
1423 -0.1587960616866247 14.23
1424 -0.1588839663704466 14.24
1425 -0.1589401813725284 14.25
1426 -0.1590302205729345 14.26
1427 -0.1590864836776467 14.27
1428 -0.1591770119972267 14.28
1429 -0.1592360388109469 14.29
1430 -0.1593195204522912 14.3
1431 -0.1593741657051096 14.31
1432 -0.1594510814160467 14.32
1433 -0.1595023983432159 14.33
1434 -0.1595731992747795 14.34
1435 -0.1596359394569448 14.35
1436 -0.1596925430228705 14.36
1437 -0.1597646607162627 14.37
1438 -0.1598292740290735 14.38
1439 -0.159886810355744 14.39
1440 -0.1599239596846974 14.4
1441 -0.1599621799386572 14.41
1442 -0.1600222606791853 14.42
1443 -0.1600791693589879 14.43
1444 -0.1601372661155823 14.44
1445 -0.1601970200097248 14.45
1446 -0.1602573624119851 14.46
1447 -0.1603176620478425 14.47
1448 -0.1603772641993871 14.48
1449 -0.1604399698945658 14.49
1450 -0.1605132837906206 14.5
1451 -0.1605624454994993 14.51
1452 -0.16061081320984 14.52
1453 -0.1606663708566196 14.53
1454 -0.1607072792419515 14.54
1455 -0.1607530366831883 14.55
1456 -0.1607884195556637 14.56
1457 -0.1608520243222298 14.57
1458 -0.1609000913220058 14.58
1459 -0.1609533125018992 14.59
1460 -0.1609988854619792 14.6
1461 -0.1610346431247941 14.61
1462 -0.1610801497315471 14.62
1463 -0.1611188985548172 14.63
1464 -0.1611604038830513 14.64
1465 -0.1612006521971805 14.65
1466 -0.1612389608284993 14.66
1467 -0.1612843117014084 14.67
1468 -0.1613238058117507 14.68
1469 -0.1613727021046696 14.69
1470 -0.1614121569445535 14.7
1471 -0.161456400893712 14.71
1472 -0.1615039896223911 14.72
1473 -0.161540805680741 14.73
1474 -0.1615841807137998 14.74
1475 -0.1616239002861451 14.75
1476 -0.1616643647006402 14.76
1477 -0.1617241267724914 14.77
1478 -0.1617670624720732 14.78
1479 -0.1618234907063994 14.79
1480 -0.1618805114706836 14.8
1481 -0.1619436388554399 14.81
1482 -0.1620022298907256 14.82
1483 -0.1620549728853756 14.83
1484 -0.1620932220246244 14.84
1485 -0.1621344130021518 14.85
1486 -0.1621768266772669 14.86
1487 -0.1622195082614757 14.87
1488 -0.1622748592443167 14.88
1489 -0.1623283131099816 14.89
1490 -0.1623779052075328 14.9
1491 -0.1624275520153913 14.91
1492 -0.1624773030354622 14.92
1493 -0.1625248040449261 14.93
1494 -0.1625761956721437 14.94
1495 -0.1626378219958224 14.95
1496 -0.1626892537287779 14.96
1497 -0.1627371676686456 14.97
1498 -0.1627819204027214 14.98
1499 -0.1628284170005898 14.99
1500 -0.1628651403320832 15
1501 -0.1628953323992785 15.01
1502 -0.1629321420172982 15.02
1503 -0.1629491098639702 15.03
1504 -0.1629818368852873 15.04
1505 -0.163034029358438 15.05
1506 -0.1630908371580888 15.06
1507 -0.1631432415445551 15.07
1508 -0.1632041866354217 15.08
1509 -0.1632520207448063 15.09
1510 -0.163293716091847 15.1
1511 -0.1633286901726524 15.11
1512 -0.163365631723117 15.12
1513 -0.1634055706383224 15.13
1514 -0.1634388082247665 15.14
1515 -0.1634748993072218 15.15
1516 -0.163517544977256 15.16
1517 -0.1635541294318791 15.17
1518 -0.1635940437691029 15.18
1519 -0.1636310987569947 15.19
1520 -0.163674251776968 15.2
1521 -0.1637187355012074 15.21
1522 -0.1637549883407014 15.22
1523 -0.1637977983182197 15.23
1524 -0.1638449165976164 15.24
1525 -0.1639127779977168 15.25
1526 -0.1639761314859636 15.26
1527 -0.1640352191576214 15.27
1528 -0.1640796632566366 15.28
1529 -0.1641295843935116 15.29
1530 -0.1641773359183763 15.3
1531 -0.1642245575376491 15.31
1532 -0.1642703623535627 15.32
1533 -0.1643160291871796 15.33
1534 -0.1643509351335004 15.34
1535 -0.1643944593037045 15.35
1536 -0.1644383604619643 15.36
1537 -0.1644740727937078 15.37
1538 -0.1645235510566911 15.38
1539 -0.1645703789686125 15.39
1540 -0.1646053975650818 15.4
1541 -0.1646223541625927 15.41
1542 -0.1646615810205565 15.42
1543 -0.1646880594004848 15.43
1544 -0.1647361545494476 15.44
1545 -0.1647700143933404 15.45
1546 -0.1648180572860548 15.46
1547 -0.1648814628407368 15.47
1548 -0.1649221199620643 15.48
1549 -0.1649769745262573 15.49
1550 -0.165020289596911 15.5
1551 -0.1650513378223162 15.51
1552 -0.165077276418682 15.52
1553 -0.1650988541791076 15.53
1554 -0.1651175141098461 15.54
1555 -0.1651396329252492 15.55
1556 -0.1651675208865352 15.56
1557 -0.1651921154834537 15.57
1558 -0.1652163804180986 15.58
1559 -0.1652356312704925 15.59
1560 -0.165256778654932 15.6
1561 -0.1652912852341002 15.61
1562 -0.1653276311198782 15.62
1563 -0.165378529358146 15.63
1564 -0.1654051133882153 15.64
1565 -0.1654348353353433 15.65
1566 -0.1654681188287564 15.66
1567 -0.1654983874190614 15.67
1568 -0.165517323187439 15.68
1569 -0.1655463231490999 15.69
1570 -0.165587321488322 15.7
1571 -0.1656239180925287 15.71
1572 -0.1656575208169124 15.72
1573 -0.1657166948686912 15.73
1574 -0.1657571168022686 15.74
1575 -0.1658028623089564 15.75
1576 -0.165813638809216 15.76
1577 -0.1658526964608218 15.77
1578 -0.1658743198754966 15.78
1579 -0.1659126218306139 15.79
1580 -0.1659559307506553 15.8
1581 -0.1659899647801283 15.81
1582 -0.1660300892087853 15.82
1583 -0.1660635843484342 15.83
1584 -0.1660694693590663 15.84
1585 -0.166096187315042 15.85
1586 -0.1661256206916897 15.86
1587 -0.1661694893121265 15.87
1588 -0.1662017139107432 15.88
1589 -0.1662404563397331 15.89
1590 -0.166278457536002 15.9
1591 -0.1663298382622289 15.91
1592 -0.1663559410437973 15.92
1593 -0.1663944815004851 15.93
1594 -0.1664573532780609 15.94
1595 -0.1665121616967384 15.95
1596 -0.1665494679901766 15.96
1597 -0.1665754403185457 15.97
1598 -0.1665861040535321 15.98
1599 -0.166594036876497 15.99
1600 -0.1666026628817866 16
1601 -0.1665972749012747 16.01
1602 -0.1666062722897476 16.02
1603 -0.166623166044829 16.03
1604 -0.1666346774489143 16.04
1605 -0.1666476960543844 16.05
1606 -0.1666647907485865 16.06
1607 -0.1667019398827402 16.07
1608 -0.1667436227542781 16.08
1609 -0.166777659571062 16.09
1610 -0.1668106473894527 16.1
1611 -0.1668392367136844 16.11
1612 -0.1668697072667176 16.12
1613 -0.1669062165845775 16.13
1614 -0.166935262911171 16.14
1615 -0.1669683448306447 16.15
1616 -0.1669955190425916 16.16
1617 -0.1670214145530932 16.17
1618 -0.1670400867588594 16.18
1619 -0.1670529218624486 16.19
1620 -0.1670831962038909 16.2
1621 -0.1671107834063256 16.21
1622 -0.1671434749375316 16.22
1623 -0.1671637552144214 16.23
1624 -0.1671874075617511 16.24
1625 -0.1672319744484487 16.25
1626 -0.1672748682989147 16.26
1627 -0.1673035928402385 16.27
1628 -0.1673153266427081 16.28
1629 -0.1673237698547187 16.29
1630 -0.1673220538576589 16.3
1631 -0.1673334441707818 16.31
1632 -0.1673459558881309 16.32
1633 -0.1673749818441123 16.33
1634 -0.1674127116576812 16.34
1635 -0.1674428222804539 16.35
1636 -0.167471207500694 16.36
1637 -0.1674910584699731 16.37
1638 -0.1675148288267173 16.38
1639 -0.1675302083877455 16.39
1640 -0.1675427917038242 16.4
1641 -0.1675504028271305 16.41
1642 -0.1675634573828971 16.42
1643 -0.1675834867328662 16.43
1644 -0.1675957468373808 16.44
1645 -0.1676009950795888 16.45
1646 -0.1676224591403667 16.46
1647 -0.1676292236801869 16.47
1648 -0.1676323387813086 16.48
1649 -0.1676513903872653 16.49
1650 -0.1676425598627959 16.5
1651 -0.1676340853453374 16.51
1652 -0.1676349793958933 16.52
1653 -0.1676494375620038 16.53
1654 -0.1676712371293532 16.54
1655 -0.1676656975081181 16.55
1656 -0.1676661700729819 16.56
1657 -0.1676703628579559 16.57
1658 -0.1676971203587183 16.58
1659 -0.1677045002206805 16.59
1660 -0.1677221248268061 16.6
1661 -0.1677448056075149 16.61
1662 -0.1677690896300961 16.62
1663 -0.1677902550175382 16.63
1664 -0.1677884097923137 16.64
1665 -0.1677955428014927 16.65
1666 -0.1677986060731301 16.66
1667 -0.1677970427826469 16.67
1668 -0.1677753101111337 16.68
1669 -0.1677663909830087 16.69
1670 -0.1677674676811262 16.7
1671 -0.1677419676691081 16.71
1672 -0.1677248177971808 16.72
1673 -0.1677391934284272 16.73
1674 -0.1677494657300296 16.74
1675 -0.1677512993893567 16.75
1676 -0.1677449206446606 16.76
1677 -0.1677410732941865 16.77
1678 -0.1677310543486631 16.78
1679 -0.167726173396516 16.79
1680 -0.1677173476364602 16.8
1681 -0.1677010228993766 16.81
1682 -0.1676961863420401 16.82
1683 -0.1676834569764753 16.83
1684 -0.1676564150004648 16.84
1685 -0.1676412847356389 16.85
1686 -0.1676064095477917 16.86
1687 -0.1675666902546646 16.87
1688 -0.1675406161526128 16.88
1689 -0.1674969274927966 16.89
1690 -0.167471654736151 16.9
1691 -0.1674732757789346 16.91
1692 -0.1674672832280777 16.92
1693 -0.1674599208877536 16.93
1694 -0.1674485969697864 16.94
1695 -0.1674245804726634 16.95
1696 -0.1674167043414213 16.96
1697 -0.1674112632400165 16.97
1698 -0.1674107130219853 16.98
1699 -0.1673969716009478 16.99
1700 -0.1673625708907427 17
1701 -0.1673598821889318 17.01
1702 -0.1673382776548105 17.02
1703 -0.1673153620942877 17.03
1704 -0.1672926275060884 17.04
1705 -0.1672646339823871 17.05
1706 -0.1672452616935665 17.06
1707 -0.1672375865815877 17.07
1708 -0.1672432041779101 17.08
1709 -0.1672355251927014 17.09
1710 -0.1672079939619526 17.1
1711 -0.1671861831832956 17.11
1712 -0.1671793866739903 17.12
1713 -0.1671574830398514 17.13
1714 -0.1671443591418992 17.14
1715 -0.1671118808093149 17.15
1716 -0.1670835112113053 17.16
1717 -0.1670614362177188 17.17
1718 -0.1670321648070739 17.18
1719 -0.1669821938092395 17.19
1720 -0.1669741655116343 17.2
1721 -0.1669817705932128 17.21
1722 -0.1669741305383622 17.22
1723 -0.1669583525032157 17.23
1724 -0.1669278486524878 17.24
1725 -0.1668812756843452 17.25
1726 -0.1667508449102707 17.26
1727 -0.1667129522786752 17.27
1728 -0.1666504871528819 17.28
1729 -0.1665903939020353 17.29
1730 -0.1665480542349229 17.3
1731 -0.1665048275077975 17.31
1732 -0.1664868667886457 17.32
1733 -0.1664729980417002 17.33
1734 -0.166454080260849 17.34
1735 -0.1664311488867873 17.35
1736 -0.1664070893588332 17.36
1737 -0.1663806347402651 17.37
1738 -0.1663218869953598 17.38
1739 -0.1662799211215844 17.39
1740 -0.1662226352119313 17.4
1741 -0.1661760167282001 17.41
1742 -0.16615691805326 17.42
1743 -0.1661222906234618 17.43
1744 -0.1661054243282726 17.44
1745 -0.1660853565541294 17.45
1746 -0.1660452647354903 17.46
1747 -0.1660000112367923 17.47
1748 -0.1659681145046569 17.48
1749 -0.1659863659803588 17.49
1750 -0.1660048192139936 17.5
1751 -0.1660083949985313 17.51
1752 -0.165973623784188 17.52
1753 -0.165968998564297 17.53
1754 -0.1659604100632161 17.54
1755 -0.1659551329191836 17.55
1756 -0.1659496654627547 17.56
1757 -0.1659414586200767 17.57
1758 -0.1659291712157539 17.58
1759 -0.1658810913824595 17.59
1760 -0.1658631661595942 17.6
1761 -0.1658486922978634 17.61
1762 -0.165817617798007 17.62
1763 -0.1657828137699016 17.63
1764 -0.1657614559605688 17.64
1765 -0.1657173617128355 17.65
1766 -0.165681310051055 17.66
1767 -0.1656368811950405 17.67
1768 -0.1656139050825744 17.68
1769 -0.1656020374030064 17.69
1770 -0.1655352235153381 17.7
1771 -0.1654955599672856 17.71
1772 -0.1654696172550807 17.72
1773 -0.1654615258040523 17.73
1774 -0.1654133780110921 17.74
1775 -0.1653810582495168 17.75
1776 -0.1653398896704862 17.76
1777 -0.1653016492159745 17.77
1778 -0.1652742649219789 17.78
1779 -0.1652350350646695 17.79
1780 -0.1651972892254227 17.8
1781 -0.1651595983406376 17.81
1782 -0.1651325360359046 17.82
1783 -0.1650510538546176 17.83
1784 -0.1649993392278225 17.84
1785 -0.1649621153641185 17.85
1786 -0.1649742498302843 17.86
1787 -0.1649873177680284 17.87
1788 -0.1650060741903705 17.88
1789 -0.1649519597021565 17.89
1790 -0.1649220112056221 17.9
1791 -0.1649652108038499 17.91
1792 -0.1650056807299301 17.92
1793 -0.1650374757303806 17.93
1794 -0.1650806848471355 17.94
1795 -0.1650783030027833 17.95
1796 -0.1650742260983035 17.96
1797 -0.1650547359998571 17.97
1798 -0.1650534863087447 17.98
1799 -0.1650765187802353 17.99
1800 -0.1650901963853182 18
1801 -0.1651189317700834 18.01
1802 -0.1651596414395801 18.02
1803 -0.1651884308601855 18.03
1804 -0.1652132829584634 18.04
1805 -0.1651735063280149 18.05
1806 -0.1651305090949485 18.06
1807 -0.1652039956941931 18.07
1808 -0.165282703427492 18.08
1809 -0.1653550783405614 18.09
1810 -0.1654051959663465 18.1
1811 -0.1654418291189695 18.11
1812 -0.16545981120162 18.12
1813 -0.1654939847814155 18.13
1814 -0.1655245157934575 18.14
1815 -0.1655290595073651 18.15
1816 -0.1655408265204831 18.16
1817 -0.1654958138099286 18.17
1818 -0.1654955837122735 18.18
1819 -0.1654697974778931 18.19
1820 -0.1654787426109683 18.2
1821 -0.1654427499025478 18.21
1822 -0.16546970453974 18.22
1823 -0.1655002106180817 18.23
1824 -0.1655637707382162 18.24
1825 -0.1655969131555629 18.25
1826 -0.1656901257618462 18.26
1827 -0.1658011688321374 18.27
1828 -0.1659472794270429 18.28
1829 -0.1660531263582671 18.29
1830 -0.1661544684754225 18.3
1831 -0.1661754187586983 18.31
1832 -0.1662700103986739 18.32
1833 -0.1663560253410198 18.33
1834 -0.1664128728848717 18.34
1835 -0.1664879484661068 18.35
1836 -0.1666070994747184 18.36
1837 -0.1666769654700535 18.37
1838 -0.1667263099584094 18.38
1839 -0.1667936044195355 18.39
1840 -0.166860416140252 18.4
1841 -0.166958036751376 18.41
1842 -0.1670768003107031 18.42
1843 -0.1671544929491199 18.43
1844 -0.1673160912405813 18.44
1845 -0.1674598796474446 18.45
1846 -0.167516361807535 18.46
1847 -0.1676441319213444 18.47
1848 -0.1677728503350143 18.48
1849 -0.1678947449088281 18.49
1850 -0.1679929017367941 18.5
1851 -0.1680498677431523 18.51
1852 -0.1680925511777464 18.52
1853 -0.1681548225379682 18.53
1854 -0.1682997311157802 18.54
1855 -0.1683533167987671 18.55
1856 -0.1684465154614557 18.56
1857 -0.1685309610803544 18.57
1858 -0.16861583784899 18.58
1859 -0.1687566501809258 18.59
1860 -0.1688823173897835 18.6
1861 -0.1690078994916298 18.61
1862 -0.1690468366563217 18.62
1863 -0.1691419314633563 18.63
1864 -0.1692266171296212 18.64
1865 -0.169354483824659 18.65
1866 -0.1694618299255547 18.66
1867 -0.1696104145473003 18.67
1868 -0.1698002327568676 18.68
1869 -0.1698760789318335 18.69
1870 -0.1699789404020989 18.7
1871 -0.170056016441012 18.71
1872 -0.1701585380039181 18.72
1873 -0.1701874187145903 18.73
1874 -0.1702664043329357 18.74
1875 -0.1703732164145716 18.75
1876 -0.1705449870843543 18.76
1877 -0.1706456188595273 18.77
1878 -0.1707776484526322 18.78
1879 -0.1709087664201133 18.79
1880 -0.1710116222508815 18.8
1881 -0.1710972969818346 18.81
1882 -0.1711595206211966 18.82
1883 -0.1712303844255499 18.83
1884 -0.1712892826598723 18.84
1885 -0.1713262126634686 18.85
1886 -0.1713681477149656 18.86
1887 -0.1714524866967574 18.87
1888 -0.1714925191571144 18.88
1889 -0.1715432334419695 18.89
1890 -0.1715254217548822 18.9
1891 -0.1715101511431847 18.91
1892 -0.1715328940036155 18.92
1893 -0.1715629580032242 18.93
1894 -0.1716195496199419 18.94
1895 -0.1717044151336421 18.95
1896 -0.171792313370263 18.96
1897 -0.1718278364682885 18.97
1898 -0.1717828864451517 18.98
1899 -0.1718560758944582 18.99
1900 -0.1718712370256968 19
1901 -0.1718791968662495 19.01
1902 -0.1719027185972405 19.02
1903 -0.1719177763584493 19.03
1904 -0.1719478123286133 19.04
1905 -0.1719957897351267 19.05
1906 -0.1719757803762583 19.06
1907 -0.1720171337901045 19.07
1908 -0.1720244117562837 19.08
1909 -0.1720095683749208 19.09
1910 -0.1719632992280951 19.1
1911 -0.1719036819895738 19.11
1912 -0.1718280389102795 19.12
1913 -0.171768045688574 19.13
1914 -0.1717334404634682 19.14
1915 -0.1716957175142836 19.15
1916 -0.1716837290558554 19.16
1917 -0.1716469822903513 19.17
1918 -0.1715808125476324 19.18
1919 -0.1715352793774144 19.19
1920 -0.1715427769222036 19.2
1921 -0.1714978846630685 19.21
1922 -0.1714933560777763 19.22
1923 -0.171431614677674 19.23
1924 -0.1713355433415581 19.24
1925 -0.1712571237675161 19.25
1926 -0.171143728937716 19.26
1927 -0.1710465030234207 19.27
1928 -0.1709462566647181 19.28
1929 -0.1708275226792042 19.29
1930 -0.170692070281879 19.3
1931 -0.1705613334901862 19.31
1932 -0.170429347588821 19.32
1933 -0.1703254827005101 19.33
1934 -0.1702022403089127 19.34
1935 -0.1700627491225514 19.35
1936 -0.1699119327805513 19.36
1937 -0.1697776792822277 19.37
1938 -0.1696841409934928 19.38
1939 -0.1696113544892376 19.39
1940 -0.1694931317437803 19.4
1941 -0.1693586861695372 19.41
1942 -0.1692348489464892 19.42
1943 -0.1691492409102285 19.43
1944 -0.1689921597986314 19.44
1945 -0.168815838780646 19.45
1946 -0.1686428021839737 19.46
1947 -0.1685364809880379 19.47
1948 -0.1684133432730651 19.48
1949 -0.1683442548384414 19.49
1950 -0.1682164229944667 19.5
1951 -0.1680503660897498 19.51
1952 -0.1679466122429303 19.52
1953 -0.1677538212685304 19.53
1954 -0.1676081452950331 19.54
1955 -0.1674135066459858 19.55
1956 -0.1672575668006764 19.56
1957 -0.1670638685723578 19.57
1958 -0.1669244803400156 19.58
1959 -0.1667761409908688 19.59
1960 -0.1666868637552123 19.6
1961 -0.1665440130260988 19.61
1962 -0.1664367550291159 19.62
1963 -0.1663280233355005 19.63
1964 -0.1662527096152935 19.64
1965 -0.1661883534935786 19.65
1966 -0.1661490541927537 19.66
1967 -0.1660195860813208 19.67
1968 -0.1659366976123091 19.68
1969 -0.1658086927061607 19.69
1970 -0.1657037488232635 19.7
1971 -0.1655011921877787 19.71
1972 -0.1653418744826279 19.72
1973 -0.1650870031729905 19.73
1974 -0.1649324600608485 19.74
1975 -0.1646877921153891 19.75
1976 -0.1644829824245524 19.76
1977 -0.164248452661727 19.77
1978 -0.1640806944799399 19.78
1979 -0.1639038305463604 19.79
1980 -0.1637984739522429 19.8
1981 -0.1636616423714554 19.81
1982 -0.1635646984839807 19.82
1983 -0.16344447442207 19.83
1984 -0.1633897695276807 19.84
1985 -0.1633025066871148 19.85
1986 -0.1632776324514547 19.86
1987 -0.1631863052916228 19.87
1988 -0.1631024969156323 19.88
1989 -0.1629419930687582 19.89
1990 -0.1628471610589771 19.9
1991 -0.1627138068333477 19.91
1992 -0.16263204353769 19.92
1993 -0.1625615697389244 19.93
1994 -0.1624269578273412 19.94
1995 -0.1622585406101336 19.95
1996 -0.1620975286486844 19.96
1997 -0.1619589237047402 19.97
1998 -0.1618186419918646 19.98
1999 -0.1618148585476396 19.99
2000 -0.1618168750580935 20
2001 -0.1618197686074322 20.01
2002 -0.1618156839571219 20.02
2003 -0.1618160587097 20.03
2004 -0.16177615226496 20.04
2005 -0.1617305737734748 20.05
2006 -0.1617190098680985 20.06
2007 -0.1616450066864129 20.07
2008 -0.161562890865424 20.08
2009 -0.1615357501856457 20.09
2010 -0.1615013933388749 20.1
2011 -0.1614792366588108 20.11
2012 -0.1614420298065571 20.12
2013 -0.1614736473479814 20.13
2014 -0.1614099157247261 20.14
2015 -0.1613474398929313 20.15
2016 -0.1612985202389793 20.16
2017 -0.1613086188289041 20.17
2018 -0.1612937294018928 20.18
2019 -0.1612701999610799 20.19
2020 -0.161250048499415 20.2
2021 -0.161227135144117 20.21
2022 -0.161208641385239 20.22
2023 -0.1611413484713356 20.23
2024 -0.1610924205487228 20.24
2025 -0.1610761747549624 20.25
2026 -0.1610959518581138 20.26
2027 -0.1611189746106837 20.27
2028 -0.1611048289758642 20.28
2029 -0.1611415299203167 20.29
2030 -0.1611516703050397 20.3
2031 -0.1611542290642104 20.31
2032 -0.1611474641053451 20.32
2033 -0.1611561505812351 20.33
2034 -0.1611493603610074 20.34
2035 -0.1611595266195738 20.35
2036 -0.1611580559914635 20.36
2037 -0.1612041695512569 20.37
2038 -0.1612481053940834 20.38
2039 -0.1613065770831758 20.39
2040 -0.1613366352842511 20.4
2041 -0.1613943320404216 20.41
2042 -0.1614265589345791 20.42
2043 -0.1614761530398721 20.43
2044 -0.1615276177811794 20.44
2045 -0.1615765146102217 20.45
2046 -0.1616102912482683 20.46
2047 -0.1616189958284532 20.47
2048 -0.1616278286738501 20.48
2049 -0.1616801847146637 20.49
2050 -0.1617558246978107 20.5
2051 -0.1618385376520731 20.51
2052 -0.1619473950834044 20.52
2053 -0.1620541101822771 20.53
2054 -0.1621230941027103 20.54
2055 -0.162228070329161 20.55
2056 -0.1623526161030459 20.56
2057 -0.1624101872905702 20.57
2058 -0.1625616958231685 20.58
2059 -0.1626853448240339 20.59
2060 -0.1628063271848283 20.6
2061 -0.162928377110295 20.61
2062 -0.163063534195291 20.62
2063 -0.1631516296799462 20.63
2064 -0.1632342458181691 20.64
2065 -0.1633253314501216 20.65
2066 -0.1633948694016384 20.66
2067 -0.1635153182533003 20.67
2068 -0.163575202859485 20.68
2069 -0.1636749935107221 20.69
2070 -0.1637664354363015 20.7
2071 -0.1639416929189297 20.71
2072 -0.1640826759473367 20.72
2073 -0.164292905017488 20.73
2074 -0.164443367875523 20.74
2075 -0.1646250962244172 20.75
2076 -0.1647612479716641 20.76
2077 -0.164939124789232 20.77
2078 -0.165059087949691 20.78
2079 -0.1652220892242233 20.79
2080 -0.1653501363032891 20.8
2081 -0.1655044947952243 20.81
2082 -0.1656495044944641 20.82
2083 -0.1657614908193474 20.83
2084 -0.1659003788942246 20.84
2085 -0.165986258443131 20.85
2086 -0.1661157037388683 20.86
2087 -0.1662225187997705 20.87
2088 -0.1663693231590047 20.88
2089 -0.1664896325149183 20.89
2090 -0.1666931064255445 20.9
2091 -0.1668702587129288 20.91
2092 -0.1671097953150602 20.92
2093 -0.1672894428173493 20.93
2094 -0.1675229797245332 20.94
2095 -0.1677300690731467 20.95
2096 -0.1679297307735535 20.96
2097 -0.1680803169278061 20.97
2098 -0.1682715490185234 20.98
2099 -0.168419924134169 20.99
2100 -0.1685776318923564 21
2101 -0.1686968689990083 21.01
2102 -0.1688329751086294 21.02
2103 -0.1689444331184804 21.03
2104 -0.1690761780793503 21.04
2105 -0.1692781475985006 21.05
2106 -0.1694472533987904 21.06
2107 -0.1696653957860592 21.07
2108 -0.1698310159926305 21.08
2109 -0.1699831377472544 21.09
2110 -0.1701782927974727 21.1
2111 -0.1703353908007764 21.11
2112 -0.1704669519184064 21.12
2113 -0.1706133448100202 21.13
2114 -0.1707371639292128 21.14
2115 -0.1708879200465571 21.15
2116 -0.1710281315209899 21.16
2117 -0.1711730903506 21.17
2118 -0.1713254826859603 21.18
2119 -0.1715085905322749 21.19
2120 -0.1716644759657259 21.2
2121 -0.1717937380753159 21.21
2122 -0.1719056322434616 21.22
2123 -0.1719897920893895 21.23
2124 -0.1720917679344022 21.24
2125 -0.1721422921433604 21.25
2126 -0.1721610283352096 21.26
2127 -0.1721510807967935 21.27
2128 -0.1721800268369765 21.28
2129 -0.1722428926447391 21.29
2130 -0.1722844321940016 21.3
2131 -0.1723633038673345 21.31
2132 -0.1724538523868874 21.32
2133 -0.1725242793420722 21.33
2134 -0.1726078732425996 21.34
2135 -0.1726954441646176 21.35
2136 -0.1727646842381591 21.36
2137 -0.1728335446359195 21.37
2138 -0.1728836616848797 21.38
2139 -0.1729303480055348 21.39
2140 -0.172977015629093 21.4
2141 -0.1730251441092407 21.41
2142 -0.1730352008105772 21.42
2143 -0.1730056008521325 21.43
2144 -0.1730084307611363 21.44
2145 -0.1729895399702998 21.45
2146 -0.1729130922733293 21.46
2147 -0.1728887916753877 21.47
2148 -0.1728590222734681 21.48
2149 -0.1728425077035518 21.49
2150 -0.1727470819134746 21.5
2151 -0.172686219725749 21.51
2152 -0.1726345565736807 21.52
2153 -0.1725871630299951 21.53
2154 -0.1725202292484288 21.54
2155 -0.1724858332899447 21.55
2156 -0.172451170280415 21.56
2157 -0.1723570161648737 21.57
2158 -0.1723212288597601 21.58
2159 -0.1722774198933124 21.59
2160 -0.1721535690199392 21.6
2161 -0.1720836030210801 21.61
2162 -0.1719558743388018 21.62
2163 -0.1718893958908123 21.63
2164 -0.171753476961471 21.64
2165 -0.1716821089999119 21.65
2166 -0.1715561500224151 21.66
2167 -0.1713571245792589 21.67
2168 -0.1712514365035552 21.68
2169 -0.1711028981116283 21.69
2170 -0.1710204875711377 21.7
2171 -0.1708865808342282 21.71
2172 -0.170798928598815 21.72
2173 -0.1706774605200377 21.73
2174 -0.1705902588792839 21.74
2175 -0.1704966765725066 21.75
2176 -0.1703463008740194 21.76
2177 -0.1701988826755559 21.77
2178 -0.1700389827598836 21.78
2179 -0.1698182219771826 21.79
2180 -0.1696756872700875 21.8
2181 -0.1695003843292493 21.81
2182 -0.1693730007499472 21.82
2183 -0.1692555445300085 21.83
2184 -0.1690145607629437 21.84
2185 -0.1688570481172596 21.85
2186 -0.1686972269549005 21.86
2187 -0.1684795950204242 21.87
2188 -0.1683120495755372 21.88
2189 -0.1681922592582777 21.89
2190 -0.1679940073557119 21.9
2191 -0.167861593573021 21.91
2192 -0.1677327660593494 21.92
2193 -0.1675441622944384 21.93
2194 -0.1674013238049044 21.94
2195 -0.1672566572790872 21.95
2196 -0.1670434297436263 21.96
2197 -0.1669176197917139 21.97
2198 -0.1667734962279412 21.98
2199 -0.1665545656967687 21.99
2200 -0.1664389718018821 22
2201 -0.1662987446244951 22.01
2202 -0.1660841593433445 22.02
2203 -0.1659413339164978 22.03
2204 -0.1658063276022021 22.04
2205 -0.1656584232015937 22.05
2206 -0.1654412692230144 22.06
2207 -0.1653067499826461 22.07
2208 -0.1651752874268836 22.08
2209 -0.1649948928655084 22.09
2210 -0.1648764825939926 22.1
2211 -0.1647502007624987 22.11
2212 -0.16457834601835 22.12
2213 -0.164386151481048 22.13
2214 -0.1642562643884438 22.14
2215 -0.1641362211148787 22.15
2216 -0.1640246677360238 22.16
2217 -0.1638860582195206 22.17
2218 -0.1637806102046153 22.18
2219 -0.1636634369216473 22.19
2220 -0.1635642749416164 22.2
2221 -0.1634895550876308 22.21
2222 -0.1634303785018151 22.22
2223 -0.163361872514068 22.23
2224 -0.1632321225313557 22.24
2225 -0.1631143723668656 22.25
2226 -0.1629985210096793 22.26
2227 -0.162856421589764 22.27
2228 -0.1627238608196021 22.28
2229 -0.1626083040384327 22.29
2230 -0.1625076457323616 22.3
2231 -0.1624231190047802 22.31
2232 -0.162341959877872 22.32
2233 -0.1622547883661181 22.33
2234 -0.1622019647009226 22.34
2235 -0.1621504964789019 22.35
2236 -0.1621005605989863 22.36
2237 -0.1620354630698966 22.37
2238 -0.1619602023705055 22.38
2239 -0.1619376362490367 22.39
2240 -0.1619093101263673 22.4
2241 -0.1618291321089853 22.41
2242 -0.1618024902864391 22.42
2243 -0.1617847075109188 22.43
2244 -0.1617625092625757 22.44
2245 -0.1617251920018969 22.45
2246 -0.1616924889450752 22.46
2247 -0.1616423835889789 22.47
2248 -0.1616533098019741 22.48
2249 -0.1616460440071017 22.49
2250 -0.1615656323245484 22.5
2251 -0.1614947324813576 22.51
2252 -0.1614663904005219 22.52
2253 -0.1614669191468578 22.53
2254 -0.1614960351368563 22.54
2255 -0.1615723729842121 22.55
2256 -0.1615738887535108 22.56
2257 -0.1616211058293774 22.57
2258 -0.1616368435557952 22.58
2259 -0.1617090259065621 22.59
2260 -0.1617366361907135 22.6
2261 -0.1617768014417493 22.61
2262 -0.1617930650314597 22.62
2263 -0.1618265547878442 22.63
2264 -0.1618735610338934 22.64
2265 -0.1619075456407475 22.65
2266 -0.1619382974553258 22.66
2267 -0.1619950793761813 22.67
2268 -0.1620083977165399 22.68
2269 -0.1620640552269845 22.69
2270 -0.1620830931948977 22.7
2271 -0.16218111148634 22.71
2272 -0.1622138037405577 22.72
2273 -0.1622157880766067 22.73
2274 -0.1622226711206761 22.74
2275 -0.1623143963301331 22.75
2276 -0.1623693902292957 22.76
2277 -0.1624164918964681 22.77
2278 -0.1624466156348507 22.78
2279 -0.1624928401089506 22.79
2280 -0.1625326117744727 22.8
2281 -0.1625520781422182 22.81
2282 -0.1625948445450084 22.82
2283 -0.1626276615944129 22.83
2284 -0.1626719313392977 22.84
2285 -0.1627196434131172 22.85
2286 -0.1627654265314527 22.86
2287 -0.1628006714661686 22.87
2288 -0.1628531979112811 22.88
2289 -0.1628580402143872 22.89
2290 -0.1628803109415476 22.9
2291 -0.1629162503625116 22.91
2292 -0.16300035600326 22.92
2293 -0.1630613897243957 22.93
2294 -0.1631250542415231 22.94
2295 -0.1632040242252584 22.95
2296 -0.1632556497992999 22.96
2297 -0.1632983349965943 22.97
2298 -0.1633363713149313 22.98
2299 -0.1633496426571109 22.99
2300 -0.1633536773410081 23
2301 -0.1633603394218503 23.01
2302 -0.1633632684192609 23.02
2303 -0.1633865602751173 23.03
2304 -0.1634291919664149 23.04
2305 -0.1634147676567656 23.05
2306 -0.1633796292736595 23.06
2307 -0.1633536302991354 23.07
2308 -0.1633775174631661 23.08
2309 -0.1633846814138014 23.09
2310 -0.1633834926305005 23.1
2311 -0.1633572593988979 23.11
2312 -0.1633779996063421 23.12
2313 -0.1633874275555447 23.13
2314 -0.1633918323583011 23.14
2315 -0.1633805700439956 23.15
2316 -0.1633710986452033 23.16
2317 -0.1633189799796111 23.17
2318 -0.1632893902571829 23.18
2319 -0.1632233649961354 23.19
2320 -0.1631792351928605 23.2
2321 -0.1630951033271915 23.21
2322 -0.163059606838579 23.22
2323 -0.1629814608599442 23.23
2324 -0.1629274682200236 23.24
2325 -0.1628435900487784 23.25
2326 -0.1627936848066505 23.26
2327 -0.1627060083633849 23.27
2328 -0.1626526591643321 23.28
2329 -0.1625460084141719 23.29
2330 -0.1624435886729474 23.3
2331 -0.1623092812137204 23.31
2332 -0.1622158067192951 23.32
2333 -0.1620933482690977 23.33
2334 -0.1620347901090346 23.34
2335 -0.1619332926108391 23.35
2336 -0.1618740936757838 23.36
2337 -0.161786928856071 23.37
2338 -0.1617175233973812 23.38
2339 -0.1615440172710853 23.39
2340 -0.1614141329360505 23.4
2341 -0.1611935589869805 23.41
2342 -0.161054677290392 23.42
2343 -0.1608027406760867 23.43
2344 -0.1606931305864419 23.44
2345 -0.1604621874284359 23.45
2346 -0.1602930112671749 23.46
2347 -0.1600336217539614 23.47
2348 -0.1598329546281091 23.48
2349 -0.159535406251745 23.49
2350 -0.1592808472159142 23.5
2351 -0.1591556157986511 23.51
2352 -0.1589867239206141 23.52
2353 -0.158858935697827 23.53
2354 -0.1586417123640273 23.54
2355 -0.1584759050401984 23.55
2356 -0.1582214042534826 23.56
2357 -0.1580202393465934 23.57
2358 -0.1577490332189783 23.58
2359 -0.157554107461699 23.59
2360 -0.1572220399039252 23.6
2361 -0.1569742432325801 23.61
2362 -0.1566626557399148 23.62
2363 -0.1564401460969762 23.63
2364 -0.1561239991456598 23.64
2365 -0.1559411782490436 23.65
2366 -0.1556511379494919 23.66
2367 -0.1554138296103816 23.67
2368 -0.1550650161260913 23.68
2369 -0.1548223894872985 23.69
2370 -0.1545199141112399 23.7
2371 -0.1542730441741473 23.71
2372 -0.1539657121551617 23.72
2373 -0.1537324133623044 23.73
2374 -0.1533834555344947 23.74
2375 -0.1531247312874295 23.75
2376 -0.1527803494062352 23.76
2377 -0.1525351643853045 23.77
2378 -0.1521651008281 23.78
2379 -0.1518882025727835 23.79
2380 -0.1515203518290203 23.8
2381 -0.1512688312915877 23.81
2382 -0.1509270925661852 23.82
2383 -0.1506813021644422 23.83
2384 -0.1503420348253739 23.84
2385 -0.150094019077266 23.85
2386 -0.1497528109889536 23.86
2387 -0.1495568681037944 23.87
2388 -0.1492067843277855 23.88
2389 -0.1488496767730938 23.89
2390 -0.1485718129302599 23.9
2391 -0.148160627191024 23.91
2392 -0.1477595084045918 23.92
2393 -0.147406647466186 23.93
2394 -0.1470761857572624 23.94
2395 -0.1467586365377093 23.95
2396 -0.1464732971752575 23.96
2397 -0.14611916225299 23.97
2398 -0.1457899240877333 23.98
2399 -0.1454950324385272 23.99
2400 -0.1452295394956637 24
2401 -0.1450256699162287 24.01
2402 -0.1447164270113007 24.02
2403 -0.1443534496438555 24.03
2404 -0.1440474637288792 24.04
2405 -0.1437467311844216 24.05
2406 -0.1434358006403474 24.06
2407 -0.1432166046592207 24.07
2408 -0.1428864980069284 24.08
2409 -0.142577862828729 24.09
2410 -0.1423058675864775 24.1
2411 -0.1419961454676548 24.11
2412 -0.1418149283707359 24.12
2413 -0.1415071051610794 24.13
2414 -0.1411789751917691 24.14
2415 -0.1408577613845169 24.15
2416 -0.140550026183306 24.16
2417 -0.1403517609959063 24.17
2418 -0.1400180343572208 24.18
2419 -0.1397241946535173 24.19
2420 -0.1394707096146588 24.2
2421 -0.1393189601928043 24.21
2422 -0.1389735527825612 24.22
2423 -0.138663629630533 24.23
2424 -0.138464078277347 24.24
2425 -0.1381814880800843 24.25
2426 -0.1379405734659444 24.26
2427 -0.1377698371262944 24.27
2428 -0.1375253873974047 24.28
2429 -0.1373941966865505 24.29
2430 -0.1372017284832681 24.3
2431 -0.1370098815498043 24.31
2432 -0.1368765721849934 24.32
2433 -0.1366368809275183 24.33
2434 -0.1365170585452619 24.34
2435 -0.1361698591951377 24.35
2436 -0.1358365983275 24.36
2437 -0.135653122371934 24.37
2438 -0.1353949009396754 24.38
2439 -0.1352284982786361 24.39
2440 -0.1349697002488237 24.4
2441 -0.1347918333693975 24.41
2442 -0.1345688827638855 24.42
2443 -0.1343922336309433 24.43
2444 -0.1342292388645304 24.44
2445 -0.1340980769322126 24.45
2446 -0.1339128641271626 24.46
2447 -0.1337521543657604 24.47
2448 -0.133640986347889 24.48
2449 -0.1335527609122601 24.49
2450 -0.1335262065490408 24.5
2451 -0.1334562868788704 24.51
2452 -0.1333805183338048 24.52
2453 -0.1332189338297271 24.53
2454 -0.1330627202005357 24.54
2455 -0.1328960733033999 24.55
2456 -0.1327932930325598 24.56
2457 -0.1326374551795313 24.57
2458 -0.1324739857364136 24.58
2459 -0.13231719956568 24.59
2460 -0.1321633526851698 24.6
2461 -0.1319522694888099 24.61
2462 -0.13176254306462 24.62
2463 -0.1316099887678751 24.63
2464 -0.1315139341014378 24.64
2465 -0.1314560191363853 24.65
2466 -0.1313628082221241 24.66
2467 -0.1313074299589876 24.67
2468 -0.1312621502829161 24.68
2469 -0.1312141301588879 24.69
2470 -0.1311591910303702 24.7
2471 -0.1310839943263995 24.71
2472 -0.1309711290514247 24.72
2473 -0.1308793115494808 24.73
2474 -0.1308033374365855 24.74
2475 -0.1306950861716776 24.75
2476 -0.1305992426058885 24.76
2477 -0.1305084332883999 24.77
2478 -0.1303929760670406 24.78
2479 -0.1302970818557387 24.79
2480 -0.1302097542748016 24.8
2481 -0.1301550383224328 24.81
2482 -0.1301397544511433 24.82
2483 -0.13014934550496 24.83
2484 -0.1300999723947983 24.84
2485 -0.1300265079787904 24.85
2486 -0.1299329616867295 24.86
2487 -0.1298492658638233 24.87
2488 -0.1297219553997662 24.88
2489 -0.1296066389817163 24.89
2490 -0.1294713141083574 24.9
2491 -0.1293465851454185 24.91
2492 -0.1292327213382626 24.92
2493 -0.1291649749283176 24.93
2494 -0.1290565582948139 24.94
2495 -0.1289713745875387 24.95
2496 -0.1289217759713651 24.96
2497 -0.1288592691909476 24.97
2498 -0.1287969880927972 24.98
2499 -0.1287411152309609 24.99
2500 -0.1286903032524773 25
2501 -0.1286268969106867 25.01
2502 -0.1285659236277584 25.02
2503 -0.1284531446204074 25.03
2504 -0.1283486860535762 25.04
2505 -0.1282429059337555 25.05
2506 -0.1281628426681763 25.06
2507 -0.1280419067965302 25.07
2508 -0.1279741750424718 25.08
2509 -0.1278598845195596 25.09
2510 -0.1277705859573373 25.1
2511 -0.1276925753556729 25.11
2512 -0.1275565984262929 25.12
2513 -0.1274208928956742 25.13
2514 -0.127330676086444 25.14
2515 -0.1271962823708152 25.15
2516 -0.1270891086018315 25.16
2517 -0.1269175629299182 25.17
2518 -0.1268164726730729 25.18
2519 -0.1266542463932999 25.19
2520 -0.1265398955474646 25.2
2521 -0.1263857202822841 25.21
2522 -0.1262719364032784 25.22
2523 -0.1261119908541159 25.23
2524 -0.1260064077752928 25.24
2525 -0.1258883137361732 25.25
2526 -0.1258024515421853 25.26
2527 -0.1256849163458048 25.27
2528 -0.1255824105141021 25.28
2529 -0.1254177873711833 25.29
2530 -0.125305756935726 25.3
2531 -0.1251425250180973 25.31
2532 -0.1250296056269365 25.32
2533 -0.1248484721730819 25.33
2534 -0.1247245658551767 25.34
2535 -0.1245172134108145 25.35
2536 -0.1243700632461849 25.36
2537 -0.1241280803642794 25.37
2538 -0.1239728367219933 25.38
2539 -0.1237516113697994 25.39
2540 -0.1235466311821814 25.4
2541 -0.1233959327908744 25.41
2542 -0.1231894481579185 25.42
2543 -0.1229980008617237 25.43
2544 -0.1228874237215739 25.44
2545 -0.1227150666635616 25.45
2546 -0.1225764644457725 25.46
2547 -0.1224272301637274 25.47
2548 -0.1223059592661817 25.48
2549 -0.1221251300254527 25.49
2550 -0.121914516450816 25.5
2551 -0.121696905812605 25.51
2552 -0.1214753548054457 25.52
2553 -0.1212568066137527 25.53
2554 -0.1210480264243256 25.54
2555 -0.1208222770753461 25.55
2556 -0.1206099810327585 25.56
2557 -0.1204071841119113 25.57
2558 -0.1202081555268442 25.58
2559 -0.119999608420269 25.59
2560 -0.1197934665054647 25.6
2561 -0.1195812279806836 25.61
2562 -0.1193458499522936 25.62
2563 -0.119129583032513 25.63
2564 -0.1189184714372502 25.64
2565 -0.1187114416562573 25.65
2566 -0.1185140023210874 25.66
2567 -0.1183037990930944 25.67
2568 -0.1181146177999528 25.68
2569 -0.1179161078669959 25.69
2570 -0.1177130167460805 25.7
2571 -0.1174985801086626 25.71
2572 -0.117274482531657 25.72
2573 -0.117033911826548 25.73
2574 -0.1168020029767485 25.74
2575 -0.1166376557885404 25.75
2576 -0.1163838268436958 25.76
2577 -0.1161219299260655 25.77
2578 -0.1158478832044656 25.78
2579 -0.1155801454740817 25.79
2580 -0.1154015982713973 25.8
2581 -0.1151315179584186 25.81
2582 -0.1148709476329654 25.82
2583 -0.1146371055917803 25.83
2584 -0.1144841323815418 25.84
2585 -0.1142176771418788 25.85
2586 -0.1139605708187312 25.86
2587 -0.1137941616067628 25.87
2588 -0.1135497676121613 25.88
2589 -0.1133183990641036 25.89
2590 -0.1131610142677312 25.9
2591 -0.1128978810357451 25.91
2592 -0.1126565104337966 25.92
2593 -0.1124897324016769 25.93
2594 -0.1122516936984859 25.94
2595 -0.1120119156188447 25.95
2596 -0.1117878038726469 25.96
2597 -0.1114913554964085 25.97
2598 -0.1112806355435478 25.98
2599 -0.1110367983621458 25.99
2600 -0.1108129154069944 26
2601 -0.1106599589737215 26.01
2602 -0.1104441421877274 26.02
2603 -0.11024508071082 26.03
2604 -0.1101057187688298 26.04
2605 -0.1099037954966974 26.05
2606 -0.1096683892998845 26.06
2607 -0.1094954239052959 26.07
2608 -0.109227324053472 26.08
2609 -0.1089508893563119 26.09
2610 -0.1086879411443911 26.1
2611 -0.1084437423309539 26.11
2612 -0.1082211994228887 26.12
2613 -0.1080134681029792 26.13
2614 -0.1078293321258657 26.14
2615 -0.1076437975377412 26.15
2616 -0.1074665449092414 26.16
2617 -0.1072941989777908 26.17
2618 -0.1071586648709979 26.18
2619 -0.1069729903161156 26.19
2620 -0.1068068891362 26.2
2621 -0.1066322894667961 26.21
2622 -0.1065022511647232 26.22
2623 -0.1062796574177176 26.23
2624 -0.1060585704823835 26.24
2625 -0.1058462513646388 26.25
2626 -0.1057291901105445 26.26
2627 -0.1055485113768675 26.27
2628 -0.1053727100841122 26.28
2629 -0.1052286049471726 26.29
2630 -0.1050260894874202 26.3
2631 -0.1048696543621779 26.31
2632 -0.104672579508417 26.32
2633 -0.1045171029814306 26.33
2634 -0.1043180653678973 26.34
2635 -0.1041541458919862 26.35
2636 -0.1040555514351904 26.36
2637 -0.1039200828375359 26.37
2638 -0.1037938592455025 26.38
2639 -0.1036766973425697 26.39
2640 -0.1035475386795643 26.4
2641 -0.1034627385111536 26.41
2642 -0.1033247703682876 26.42
2643 -0.1031882911177043 26.43
2644 -0.1030599803489356 26.44
2645 -0.1029469809199289 26.45
2646 -0.1028457588796851 26.46
2647 -0.1027650769931772 26.47
2648 -0.1026309362043776 26.48
2649 -0.1024785668967199 26.49
2650 -0.1023347338893715 26.5
2651 -0.1022155361161424 26.51
2652 -0.1020868085561511 26.52
2653 -0.1019746491735727 26.53
2654 -0.1018761908232616 26.54
2655 -0.1017737816236101 26.55
2656 -0.1016689463379365 26.56
2657 -0.1015881588025029 26.57
2658 -0.1015377875763863 26.58
2659 -0.1014787515843344 26.59
2660 -0.1014172567791783 26.6
2661 -0.1013755168415123 26.61
2662 -0.101325838678991 26.62
2663 -0.1012767934827504 26.63
2664 -0.1012172389184358 26.64
2665 -0.1011376826661095 26.65
2666 -0.101052692308598 26.66
2667 -0.1009605742373467 26.67
2668 -0.1008769075013549 26.68
2669 -0.1008227133493771 26.69
2670 -0.1007491398397427 26.7
2671 -0.1006783295899414 26.71
2672 -0.1006172332682723 26.72
2673 -0.1005883208523457 26.73
2674 -0.1005559051647561 26.74
2675 -0.1005044592671693 26.75
2676 -0.1004309977959629 26.76
2677 -0.1003776173711342 26.77
2678 -0.1003034094346906 26.78
2679 -0.1002236520212185 26.79
2680 -0.1001463312623816 26.8
2681 -0.1000878354501901 26.81
2682 -0.1000600175099815 26.82
2683 -0.1000315223229685 26.83
2684 -0.1000078471535876 26.84
2685 -0.09995241616360756 26.85
2686 -0.0999222511318168 26.86
2687 -0.09988199060187786 26.87
2688 -0.09990154328747146 26.88
2689 -0.09991589249039486 26.89
2690 -0.09991707151208024 26.9
2691 -0.09988854023386017 26.91
2692 -0.09988579280954724 26.92
2693 -0.09986391208370143 26.93
2694 -0.09982969937697322 26.94
2695 -0.09977331910726193 26.95
2696 -0.09968767535065172 26.96
2697 -0.09962419457478097 26.97
2698 -0.09958033179841033 26.98
2699 -0.09954855753634849 26.99
2700 -0.09947983701141516 27
2701 -0.09947004118667731 27.01
2702 -0.09945408685119199 27.02
2703 -0.09944070091664281 27.03
2704 -0.09942781509763708 27.04
2705 -0.09940803995217631 27.05
2706 -0.09939147737159934 27.06
2707 -0.09934449689968326 27.07
2708 -0.09929455250617247 27.08
2709 -0.09919238147568504 27.09
2710 -0.09911360781872898 27.1
2711 -0.09906324838005227 27.11
2712 -0.09901841199798338 27.12
2713 -0.09900824060786427 27.13
2714 -0.09898771486422711 27.14
2715 -0.09895761032089494 27.15
2716 -0.09892705388763373 27.16
2717 -0.09889452136284242 27.17
2718 -0.09885440741515329 27.18
2719 -0.09881806248894948 27.19
2720 -0.09873371861333317 27.2
2721 -0.09867894623243997 27.21
2722 -0.09862987788242519 27.22
2723 -0.09860553866313111 27.23
2724 -0.09856193876325596 27.24
2725 -0.09850987240019693 27.25
2726 -0.09843330894300309 27.26
2727 -0.098368079967198 27.27
2728 -0.09832111343055883 27.28
2729 -0.09827418688498718 27.29
2730 -0.09823038230343553 27.3
2731 -0.09817416194241653 27.31
2732 -0.09813060908570923 27.32
2733 -0.09805753445268894 27.33
2734 -0.09799438021882791 27.34
2735 -0.09795239771621801 27.35
2736 -0.0978672656964039 27.36
2737 -0.09778151547432401 27.37
2738 -0.09772936323386391 27.38
2739 -0.0976294097453459 27.39
2740 -0.09757400862985262 27.4
2741 -0.0974635745933999 27.41
2742 -0.09735604466885044 27.42
2743 -0.09728945466554595 27.43
2744 -0.09717631397214203 27.44
2745 -0.09712502071262646 27.45
2746 -0.09702058299538639 27.46
2747 -0.09692063903731321 27.47
2748 -0.09685007557296335 27.48
2749 -0.09675131121258024 27.49
2750 -0.09660632391892934 27.5
2751 -0.09654764557420834 27.51
2752 -0.09641586139349204 27.52
2753 -0.09630915156913923 27.53
2754 -0.09625167842724434 27.54
2755 -0.09616092348247894 27.55
2756 -0.09610084571063382 27.56
2757 -0.09606835913956825 27.57
2758 -0.09600863638479915 27.58
2759 -0.09593283740576102 27.59
2760 -0.09588636431558455 27.6
2761 -0.09576588551111341 27.61
2762 -0.09568578037036868 27.62
2763 -0.09553616207131925 27.63
2764 -0.0953969379803381 27.64
2765 -0.09532071941636439 27.65
2766 -0.09518458356073055 27.66
2767 -0.09511914548775656 27.67
2768 -0.09499801989981599 27.68
2769 -0.09489003986868347 27.69
2770 -0.09481569489635605 27.7
2771 -0.09473089907838046 27.71
2772 -0.09467736033274123 27.72
2773 -0.09455967863703618 27.73
2774 -0.09447323968364485 27.74
2775 -0.09441180543783947 27.75
2776 -0.09430017020250364 27.76
2777 -0.09424661681252201 27.77
2778 -0.09418475587061623 27.78
2779 -0.09410487064385005 27.79
2780 -0.09398297948004926 27.8
2781 -0.09384517732653133 27.81
2782 -0.09385788883050626 27.82
2783 -0.09378175358640355 27.83
2784 -0.09367093264398686 27.84
2785 -0.09355685837475945 27.85
2786 -0.09344477865761225 27.86
2787 -0.09340062064565841 27.87
2788 -0.09329879044366861 27.88
2789 -0.09320077309142204 27.89
2790 -0.09310602331778016 27.9
2791 -0.09299960500588518 27.91
2792 -0.09289612044646521 27.92
2793 -0.09285965205502843 27.93
2794 -0.09277383979567823 27.94
2795 -0.09267996173174735 27.95
2796 -0.09257812689034052 27.96
2797 -0.09248332827713797 27.97
2798 -0.09239220073491938 27.98
2799 -0.09230620909947203 27.99
2800 -0.09221381075275997 28
2801 -0.0921170077644172 28.01
2802 -0.0920780912955842 28.02
2803 -0.09201015991856334 28.03
2804 -0.09183934515645588 28.04
2805 -0.09174443032981612 28.05
2806 -0.09170946583093595 28.06
2807 -0.09169036431380866 28.07
2808 -0.09168388846142246 28.08
2809 -0.09164543187006251 28.09
2810 -0.09157246395363078 28.1
2811 -0.09133377075039688 28.11
2812 -0.09115513652353799 28.12
2813 -0.09098977713242812 28.13
2814 -0.09087725396947668 28.14
2815 -0.09079145550840416 28.15
2816 -0.09078383138212286 28.16
2817 -0.09074269808457332 28.17
2818 -0.09071215546826171 28.18
2819 -0.09068432716084134 28.19
2820 -0.09065982061705048 28.2
2821 -0.09064640922210186 28.21
2822 -0.09059071911232217 28.22
2823 -0.09057418285101909 28.23
2824 -0.09052664899908723 28.24
2825 -0.09049176887092215 28.25
2826 -0.09045508531032612 28.26
2827 -0.09042014935144251 28.27
2828 -0.0903813016934349 28.28
2829 -0.09034029280350533 28.29
2830 -0.09034331013006822 28.3
2831 -0.09032018528274072 28.31
2832 -0.09030112929204039 28.32
2833 -0.0902798857753236 28.33
2834 -0.09020941200260212 28.34
2835 -0.09014115450309233 28.35
2836 -0.08991647514207632 28.36
2837 -0.08967762788808076 28.37
2838 -0.08952687308069174 28.38
2839 -0.089513196169281 28.39
2840 -0.08947298678941409 28.4
2841 -0.08950469954505186 28.41
2842 -0.08952066108463726 28.42
2843 -0.08954845701389809 28.43
2844 -0.08956988086635599 28.44
2845 -0.08962179324851433 28.45
2846 -0.08965233872436001 28.46
2847 -0.08963552922332305 28.47
2848 -0.08959579759449597 28.48
2849 -0.08950350498586526 28.49
2850 -0.08945201299160661 28.5
2851 -0.08938079629986294 28.51
2852 -0.08931712531909448 28.52
2853 -0.08921797469550746 28.53
2854 -0.08915296800450299 28.54
2855 -0.08905909297214892 28.55
2856 -0.08898096231744569 28.56
2857 -0.08892672381801064 28.57
2858 -0.08887949605183373 28.58
2859 -0.08882580085257426 28.59
2860 -0.08871950103171647 28.6
2861 -0.08863291017769206 28.61
2862 -0.08841935801741287 28.62
2863 -0.08837251555718208 28.63
2864 -0.0883850340697183 28.64
2865 -0.08837100819593742 28.65
2866 -0.08834926905718572 28.66
2867 -0.0883137416547027 28.67
2868 -0.08829358534550376 28.68
2869 -0.088285444392975 28.69
2870 -0.08831240820495995 28.7
2871 -0.08827101241663982 28.71
2872 -0.08828648026568892 28.72
2873 -0.08829074063046659 28.73
2874 -0.08833779739678288 28.74
2875 -0.08835818186836265 28.75
2876 -0.08833593946852213 28.76
2877 -0.08837847453678921 28.77
2878 -0.0881928655200632 28.78
2879 -0.08819848195167639 28.79
2880 -0.08819372953158941 28.8
2881 -0.08817856173236596 28.81
2882 -0.08815900217182057 28.82
2883 -0.08809424156748633 28.83
2884 -0.08797660454989853 28.84
2885 -0.08791269551869801 28.85
2886 -0.08783293482281161 28.86
2887 -0.08779919928650988 28.87
2888 -0.08776908533546324 28.88
2889 -0.0877569610688482 28.89
2890 -0.08772555219930718 28.9
2891 -0.08774990030619957 28.91
2892 -0.08771431183703308 28.92
2893 -0.08768945727046622 28.93
2894 -0.0876910528549535 28.94
2895 -0.08769269765134351 28.95
2896 -0.0877054504804428 28.96
2897 -0.08770165239913971 28.97
2898 -0.0877128689358195 28.98
2899 -0.08769731650701824 28.99
2900 -0.08770841441171573 29
2901 -0.08763128337016063 29.01
2902 -0.08747267939774833 29.02
2903 -0.0873468252245585 29.03
2904 -0.08731739844295953 29.04
2905 -0.08730649399930414 29.05
2906 -0.08722118724267391 29.06
2907 -0.08724618311154778 29.07
2908 -0.08720276729984318 29.08
2909 -0.087142367769118 29.09
2910 -0.08710030090803403 29.1
2911 -0.08711138298207828 29.11
2912 -0.08705235359112019 29.12
2913 -0.0869796033989715 29.13
2914 -0.086957338559166 29.14
2915 -0.08701299343677685 29.15
2916 -0.0869955311407558 29.16
2917 -0.08699152711158019 29.17
2918 -0.08697257137235304 29.18
2919 -0.0868544107838803 29.19
2920 -0.08672459589240032 29.2
2921 -0.08662622090437726 29.21
2922 -0.08661528805061836 29.22
2923 -0.08667860409451861 29.23
2924 -0.08670409332527571 29.24
2925 -0.08670234403584644 29.25
2926 -0.08672289484259102 29.26
2927 -0.08669923668440699 29.27
2928 -0.086733995406532 29.28
2929 -0.08676737156282659 29.29
2930 -0.08676880784370794 29.3
2931 -0.08674494760319222 29.31
2932 -0.08668545335910567 29.32
2933 -0.08663069508209809 29.33
2934 -0.08651230915119826 29.34
2935 -0.08645588455662306 29.35
2936 -0.08634186685243808 29.36
2937 -0.08627714654104128 29.37
2938 -0.08610011690384455 29.38
2939 -0.08598690490017087 29.39
2940 -0.08588396952258484 29.4
2941 -0.08582902962802674 29.41
2942 -0.08584546949421892 29.42
2943 -0.08583784433397051 29.43
2944 -0.08586160635686615 29.44
2945 -0.08587174298458916 29.45
2946 -0.08595275169979498 29.46
2947 -0.08600087042502265 29.47
2948 -0.08599781178971533 29.48
2949 -0.08600244068302208 29.49
2950 -0.08601764875568968 29.5
2951 -0.08601743854874255 29.51
2952 -0.08592025653473991 29.52
2953 -0.08585034343183935 29.53
2954 -0.08575590604422563 29.54
2955 -0.08566169587712441 29.55
2956 -0.08554400342253714 29.56
2957 -0.08551499636530685 29.57
2958 -0.08546404528353432 29.58
2959 -0.08543802561603839 29.59
2960 -0.08535465652911567 29.6
2961 -0.0853075892300944 29.61
2962 -0.08524016734300253 29.62
2963 -0.08522145416932242 29.63
2964 -0.08520153434977779 29.64
2965 -0.08518913404836362 29.65
2966 -0.08518090473343116 29.66
2967 -0.08517262661058395 29.67
2968 -0.0851523292129741 29.68
2969 -0.08513320928199392 29.69
2970 -0.08514874771947172 29.7
2971 -0.08514211838342214 29.71
2972 -0.08512255358074358 29.72
2973 -0.08507606871999601 29.73
2974 -0.08502780622357586 29.74
2975 -0.08496839154487719 29.75
2976 -0.0849618020536418 29.76
2977 -0.08490691877054131 29.77
2978 -0.08486183082165273 29.78
2979 -0.08481206962101451 29.79
2980 -0.08477009927341224 29.8
2981 -0.08472764479067185 29.81
2982 -0.08468594546695285 29.82
2983 -0.08465323989527747 29.83
2984 -0.08460884819570837 29.84
2985 -0.08456474526355798 29.85
2986 -0.08453118837506442 29.86
2987 -0.08450817463800427 29.87
2988 -0.08444997178130256 29.88
2989 -0.08442539823001304 29.89
2990 -0.08442554176423896 29.9
2991 -0.08442493361496177 29.91
2992 -0.08443593770718053 29.92
2993 -0.08444176426359108 29.93
2994 -0.08443599777876344 29.94
2995 -0.08439782276864344 29.95
2996 -0.08434923839176027 29.96
2997 -0.0843041031611463 29.97
2998 -0.08420967150006146 29.98
2999 -0.08415952528519126 29.99
3000 -0.08415115637769523 30
