"x-force-rfile"
"Time Step" "x-force etc.."
("Time Step" "x-force" "flow-time")
0 2.423380700838948e-27 0
1 -47.97999113984929 0.01
2 -11.45263398389983 0.02
3 0.5783644489724011 0.03
4 2.685050362596314 0.04
5 3.385804410868275 0.05
6 0.08678665348604753 0.06
7 -1.670339713078011 0.07000000000000001
8 -1.035436438867631 0.08
9 0.0848986554080069 0.09
10 0.6458489078053526 0.1
11 0.3625055822169125 0.11
12 0.05081164401732297 0.12
13 -0.1923523172463009 0.13
14 -0.1243550856869772 0.14
15 0.0520101949176468 0.15
16 0.09393902259522169 0.16
17 0.04168616935874214 0.17
18 -0.001917431769450001 0.18
19 0.004733569065975191 0.19
20 0.01074377068325527 0.2
21 0.01139902891178135 0.21
22 0.0272635721521601 0.22
23 0.03699018545175593 0.23
24 0.03033124216680322 0.24
25 0.01246821091310368 0.25
26 0.003194049199417445 0.26
27 0.01544080947585591 0.27
28 0.01399633886011625 0.28
29 0.01185445764193543 0.29
30 0.01142487444342648 0.3
31 0.01382188838227995 0.31
32 0.01339417164211884 0.32
33 0.01481333240347558 0.33
34 0.01822656412356451 0.34
35 0.02003684830306768 0.35
36 0.0168549525181603 0.36
37 0.01804669396368136 0.37
38 0.01510311771506684 0.38
39 0.01188356347967263 0.39
40 0.01201226547870669 0.4
41 0.01248208102745323 0.41
42 0.01214472667118106 0.42
43 0.007429745335629234 0.43
44 0.008128023450447386 0.44
45 0.01187299033689546 0.45
46 0.01296562429684314 0.46
47 0.01169965662949213 0.47
48 0.01122584079240643 0.48
49 0.01230559149919001 0.49
50 0.01359495661315852 0.5
51 0.01429521350489486 0.51
52 0.01396938587543181 0.52
53 0.01349508867918409 0.53
54 0.01316430288820211 0.54
55 0.01273334334263371 0.55
56 0.01183937760701811 0.5600000000000001
57 0.01043611841657054 0.5700000000000001
58 0.008641307531472568 0.58
59 0.01068194787716864 0.59
60 0.01092948574685289 0.6
61 0.01080335552423894 0.61
62 0.01053819573922419 0.62
63 0.01059904878193738 0.63
64 0.0109027035066088 0.64
65 0.01106843107484826 0.65
66 0.01116036170556184 0.66
67 0.01116212364795793 0.67
68 0.01119512324429119 0.68
69 0.01136864426084841 0.6900000000000001
70 0.01138288242203427 0.7000000000000001
71 0.01111088085452586 0.71
72 0.01101488073666888 0.72
73 0.01091809365476971 0.73
74 0.01067662606882219 0.74
75 0.01033044995570652 0.75
76 0.01001123543303237 0.76
77 0.00970336331267152 0.77
78 0.009773897512827794 0.78
79 0.00985001085858378 0.79
80 0.009957550422539338 0.8
81 0.01000468594942482 0.8100000000000001
82 0.01015892526766395 0.8200000000000001
83 0.01023795373933248 0.8300000000000001
84 0.01029223791050276 0.84
85 0.01033893829033778 0.85
86 0.01039546623791996 0.86
87 0.01043915366283518 0.87
88 0.0104686487594058 0.88
89 0.01042585689218843 0.89
90 0.0104214238585133 0.9
91 0.01038252862906873 0.91
92 0.01031493347376275 0.92
93 0.01023064959932492 0.93
94 0.01017872698725043 0.9400000000000001
95 0.009898447614111544 0.9500000000000001
96 0.009834327163846301 0.96
97 0.009852912617216885 0.97
98 0.009905460729525164 0.98
99 0.009951115575950518 0.99
100 0.009906793609499713 1
101 0.009804961382759088 1.01
102 0.009621240377595788 1.02
103 0.009594892178017067 1.03
104 0.009635861301178035 1.04
105 0.009645315236940453 1.05
106 0.009632030352164648 1.06
107 0.009613425597577642 1.07
108 0.009595449353407502 1.08
109 0.009603060552313799 1.09
110 0.009606126143071559 1.1
111 0.009661777161611894 1.11
112 0.009772614213605743 1.12
113 0.00984168771237004 1.13
114 0.009832792327523057 1.14
115 0.009828141481590436 1.15
116 0.009839759695058771 1.16
117 0.009867119395127043 1.17
118 0.009915298414651948 1.18
119 0.009952026822003524 1.19
120 0.01000428754241544 1.2
121 0.01001283472334222 1.21
122 0.01000519447298608 1.22
123 0.009994103801339579 1.23
124 0.009990256500759388 1.24
125 0.009978068925108226 1.25
126 0.009966048784741784 1.26
127 0.009954789585130262 1.27
128 0.009945483270594968 1.28
129 0.009933974529973136 1.29
130 0.009918742624616263 1.3
131 0.00989031708140823 1.31
132 0.00986470522786996 1.32
133 0.009829947405589422 1.33
134 0.009811310361590032 1.34
135 0.009820064498521075 1.35
136 0.009789206807885559 1.36
137 0.0097240755474241 1.37
138 0.009678970177091441 1.38
139 0.009642137374674222 1.39
140 0.009613503790790331 1.4
141 0.00960447265793422 1.41
142 0.009605158013113183 1.42
143 0.009610423011498457 1.43
144 0.009613748875937717 1.44
145 0.009613600389487408 1.45
146 0.009609464004183114 1.46
147 0.009602609389779417 1.47
148 0.009588581346986199 1.48
149 0.009577448173918637 1.49
150 0.009567664577483179 1.5
151 0.009545747182452411 1.51
152 0.009526016871888792 1.52
153 0.009524962776591593 1.53
154 0.009527311074701728 1.54
155 0.009526770891171772 1.55
156 0.009531566030719254 1.56
157 0.009543138682681111 1.57
158 0.009554609430333188 1.58
159 0.009569414787024675 1.59
160 0.009590057893855735 1.6
161 0.009610270524579918 1.61
162 0.009621827102323198 1.62
163 0.009635793131455494 1.63
164 0.009647593591872144 1.64
165 0.009660436991295193 1.65
166 0.009676741136520485 1.66
167 0.00969610719175076 1.67
168 0.009709649128166138 1.68
169 0.00971656846934211 1.69
170 0.009715292756695935 1.7
171 0.009718046394455584 1.71
172 0.009721233685324338 1.72
173 0.009727486129033364 1.73
174 0.009744001487762671 1.74
175 0.009759325347912929 1.75
176 0.009777823316742276 1.76
177 0.009785656336328413 1.77
178 0.009786734634992139 1.78
179 0.009787180558423328 1.79
180 0.009788277167098 1.8
181 0.009789039924908913 1.81
182 0.009789904601345456 1.82
183 0.009788808366788113 1.83
184 0.009785090429032446 1.84
185 0.00977958422109107 1.85
186 0.009773323652102829 1.86
187 0.009765117968266786 1.87
188 0.009755524350028199 1.88
189 0.009745510073181547 1.89
190 0.009737244611219156 1.9
191 0.009728927858969682 1.91
192 0.009721992006064085 1.92
193 0.009716220932190493 1.93
194 0.00970709370377418 1.94
195 0.009696670488220987 1.95
196 0.009683794262986958 1.96
197 0.009671154601739337 1.97
198 0.009663587681757596 1.98
199 0.009645475448984232 1.99
200 0.00962660509371387 2
201 0.009608700732664656 2.01
202 0.009594641532766745 2.02
203 0.009588931518957188 2.03
204 0.009584984965110347 2.04
205 0.009580351132533992 2.05
206 0.009574648277895711 2.06
207 0.009568073776005007 2.07
208 0.009561096627705819 2.08
209 0.009554387515295595 2.09
210 0.009546950198389404 2.1
211 0.009537854278365052 2.11
212 0.009529563106049079 2.12
213 0.009524956787307559 2.13
214 0.009520065725835639 2.14
215 0.009517084448026583 2.15
216 0.009519028078867687 2.16
217 0.009523536120944578 2.17
218 0.009529207401229547 2.18
219 0.009536276712308937 2.19
220 0.009542381377649713 2.2
221 0.009546349507937065 2.21
222 0.009548864800092385 2.22
223 0.009550989456478707 2.23
224 0.00955259571602218 2.24
225 0.009554075254641326 2.25
226 0.009554684759198684 2.26
227 0.009554483620706433 2.27
228 0.00955358745837981 2.28
229 0.009552729851390537 2.29
230 0.009552425126746996 2.3
231 0.009552939467583224 2.31
232 0.00955401425376997 2.32
233 0.009554864581720257 2.33
234 0.009557947228338602 2.34
235 0.009560358967444815 2.35
236 0.009561415378555309 2.36
237 0.009563057945660203 2.37
238 0.009565040747932196 2.38
239 0.009566307055817885 2.39
240 0.009564892938230695 2.4
241 0.009565913296314064 2.41
242 0.009569644165752119 2.42
243 0.009574466060266226 2.43
244 0.009576194657140689 2.44
245 0.009578596392968108 2.45
246 0.009580624577405539 2.46
247 0.009582358090088271 2.47
248 0.009584034568894811 2.48
249 0.009585568091797893 2.49
250 0.009587324525444319 2.5
251 0.009589263538268618 2.51
252 0.00959068443267928 2.52
253 0.009591541313594649 2.53
254 0.009592410319602175 2.54
255 0.009592297915846763 2.55
256 0.009591880862435087 2.56
257 0.009591588673603591 2.57
258 0.009591008457168601 2.58
259 0.009590680074150754 2.59
260 0.009590779079298548 2.6
261 0.009592475497703918 2.61
262 0.009594258444701957 2.62
263 0.009596129175806083 2.63
264 0.009597891788678273 2.64
265 0.009599300276016947 2.65
266 0.009600376618481964 2.66
267 0.009601282969892263 2.67
268 0.009601183504043879 2.68
269 0.009600159338679611 2.69
270 0.009598838992784516 2.7
271 0.009597544719027356 2.71
272 0.009596341157107845 2.72
273 0.009595323010475307 2.73
274 0.009594398821788525 2.74
275 0.00959346380501706 2.75
276 0.009592517600799755 2.76
277 0.009590315239181897 2.77
278 0.009588133321334041 2.78
279 0.009586347102132447 2.79
280 0.009584495122115748 2.8
281 0.009583360648046655 2.81
282 0.009583124528993667 2.82
283 0.009582463432529789 2.83
284 0.009581337946840015 2.84
285 0.009580478397474177 2.85
286 0.009578890520458929 2.86
287 0.009577126623201319 2.87
288 0.009575221755099979 2.88
289 0.009574156728051408 2.89
290 0.009574033757767979 2.9
291 0.009574364172013143 2.91
292 0.009574734918690996 2.92
293 0.009574905658207932 2.93
294 0.009574840149652097 2.94
295 0.009574939055888243 2.95
296 0.009574473970579424 2.96
297 0.009573787494422338 2.97
298 0.009573102953684121 2.98
299 0.00957216822114244 2.99
300 0.009571595819742665 3
301 0.009570049949310627 3.01
302 0.009566390987680973 3.02
303 0.009563536849108911 3.03
304 0.009561325233451906 3.04
305 0.00956078109224316 3.05
306 0.009562592351510774 3.06
307 0.009566443136053232 3.07
308 0.009571210430079103 3.08
309 0.009576244840779244 3.09
310 0.009580314929638751 3.1
311 0.009583124266709847 3.11
312 0.009584467309218614 3.12
313 0.00958546828739548 3.13
314 0.009586516299666059 3.14
315 0.009587025223766386 3.15
316 0.009587656770180262 3.16
317 0.009588397240381788 3.17
318 0.009589669504217441 3.18
319 0.00959079333023832 3.19
320 0.009591866524065048 3.2
321 0.009593193135874162 3.21
322 0.009593995009093447 3.22
323 0.009595162848129292 3.23
324 0.00959649977079601 3.24
325 0.00959828608382703 3.25
326 0.009600407752067608 3.26
327 0.009602408043799363 3.27
328 0.009604995677535876 3.28
329 0.00960787955370637 3.29
330 0.009610490963728936 3.3
331 0.009613323667964383 3.31
332 0.009616342437068997 3.32
333 0.009619076862407873 3.33
334 0.009621844933866665 3.34
335 0.009625707974038538 3.35
336 0.009629612909205899 3.36
337 0.009632620686176823 3.37
338 0.009635566458423773 3.38
339 0.009638758815047825 3.39
340 0.009641957165039466 3.4
341 0.00964513370040173 3.41
342 0.009647876762470097 3.42
343 0.009650989178217356 3.43
344 0.009654116715868029 3.44
345 0.009657670356395465 3.45
346 0.009660210483188707 3.46
347 0.009662098223696677 3.47
348 0.009664486616025723 3.48
349 0.009666959527117568 3.49
350 0.009669159179119593 3.5
351 0.009671230341912466 3.51
352 0.009673058496842097 3.52
353 0.009674590597912942 3.53
354 0.009675777291124501 3.54
355 0.009676578502028427 3.55
356 0.00967734148359233 3.56
357 0.009677817461299231 3.57
358 0.009679210752440756 3.58
359 0.009678783324384854 3.59
360 0.009678235828529544 3.6
361 0.009677526499949123 3.61
362 0.009676361579656978 3.62
363 0.009674786843535132 3.63
364 0.009673416241295214 3.64
365 0.009671969249618384 3.65
366 0.009670163085052724 3.66
367 0.009668433533382013 3.67
368 0.009666805415982594 3.68
369 0.009664779192886703 3.69
370 0.00966290156426111 3.7
371 0.009658581548818112 3.71
372 0.009655679189104569 3.72
373 0.009653453226605328 3.73
374 0.009653174299795005 3.74
375 0.009653326973647697 3.75
376 0.009654000125045938 3.76
377 0.009654857649870155 3.77
378 0.009655960642692051 3.78
379 0.009656345888916187 3.79
380 0.009657777067051431 3.8
381 0.009658872046846447 3.81
382 0.009659618027047512 3.82
383 0.009661006839600502 3.83
384 0.009662714562524675 3.84
385 0.009664710401266378 3.85
386 0.009666767481391468 3.86
387 0.00966891658151982 3.87
388 0.009671150144958909 3.88
389 0.009673621314618958 3.89
390 0.009676502969293004 3.9
391 0.009679401797546614 3.91
392 0.009682365689601584 3.92
393 0.00968539383772994 3.93
394 0.00968826546260421 3.94
395 0.009691447609120087 3.95
396 0.009694607230046113 3.96
397 0.00969716052001102 3.97
398 0.009699763526563612 3.98
399 0.009702774642390555 3.99
400 0.009705549928887303 4
401 0.009707893727074715 4.01
402 0.009710325383547548 4.02
403 0.009711848928134965 4.03
404 0.009713791191503229 4.04
405 0.009716782773172684 4.05
406 0.009719793383826723 4.06
407 0.009722337497100554 4.07
408 0.009724819140967777 4.08
409 0.009727135936374746 4.09
410 0.009729155110563437 4.1
411 0.009731608337724438 4.11
412 0.009733945138224022 4.12
413 0.009736261518692663 4.13
414 0.00973828927954987 4.14
415 0.009740216568983516 4.15
416 0.009741985486371006 4.16
417 0.009743627506521343 4.17
418 0.009744845227037594 4.18
419 0.009746235615404959 4.19
420 0.009747913270862101 4.2
421 0.009749598498614247 4.21
422 0.00975101355890645 4.22
423 0.009752324698522271 4.23
424 0.009753586428795829 4.24
425 0.009754890609227813 4.25
426 0.009756010776042138 4.26
427 0.009757175560276743 4.27
428 0.009758432388928647 4.28
429 0.009759710455771613 4.29
430 0.009761089528389857 4.3
431 0.009762260783930679 4.31
432 0.009763361879024433 4.32
433 0.009764532658557357 4.33
434 0.009765314642438305 4.34
435 0.009766291748707179 4.350000000000001
436 0.009766599195139706 4.36
437 0.00976673094282293 4.37
438 0.009766871684220831 4.38
439 0.0097670860740045 4.39
440 0.009767462377263983 4.4
441 0.00976798761202681 4.41
442 0.009767980311286251 4.42
443 0.009768380979237708 4.43
444 0.009768917048119495 4.44
445 0.009769468847447952 4.45
446 0.00976995859972345 4.46
447 0.009769729797727746 4.47
448 0.00976955790867616 4.48
449 0.0097695616912397 4.49
450 0.009769118170162775 4.5
451 0.009769225900997467 4.51
452 0.009769494644682093 4.52
453 0.009769792480546295 4.53
454 0.009770072773362268 4.54
455 0.009770348716149622 4.55
456 0.009770649909024758 4.56
457 0.009770973251271209 4.57
458 0.009771328870492755 4.58
459 0.009771856826783306 4.59
460 0.009772557284861776 4.600000000000001
461 0.009773542542918611 4.61
462 0.009774533800793319 4.62
463 0.009775666709189505 4.63
464 0.009776876324726725 4.64
465 0.009778261703458377 4.65
466 0.009779828208786536 4.66
467 0.009781654896840922 4.67
468 0.009783025822846667 4.68
469 0.009784641787968812 4.69
470 0.009786673013554952 4.7
471 0.009789205417018108 4.71
472 0.009791705637853067 4.72
473 0.009794346427502812 4.73
474 0.009796833759369739 4.74
475 0.009799521230694413 4.75
476 0.009802270577931598 4.76
477 0.009805071823418676 4.77
478 0.009807794663541348 4.78
479 0.00981021872938803 4.79
480 0.009812628097059439 4.8
481 0.009815010751622638 4.81
482 0.009817395626454862 4.82
483 0.009819803061651425 4.83
484 0.009822153563098653 4.84
485 0.00982421734318273 4.850000000000001
486 0.009826705107403383 4.86
487 0.009828959282150161 4.87
488 0.009831636883520482 4.88
489 0.009833850835855105 4.89
490 0.009835850673605151 4.9
491 0.009837836872157592 4.91
492 0.00983963707742005 4.92
493 0.009841239619517137 4.93
494 0.009842413939591668 4.94
495 0.0098435584621835 4.95
496 0.009844644601688603 4.96
497 0.009845570632714381 4.97
498 0.009846446405061032 4.98
499 0.009847285064933152 4.99
500 0.009848084157570347 5
501 0.009848865831327991 5.01
502 0.009849611386056327 5.02
503 0.009850545359644096 5.03
504 0.009851066422743197 5.04
505 0.009851783753404522 5.05
506 0.009852364427448093 5.06
507 0.009852831477582502 5.07
508 0.009853243523594723 5.08
509 0.009853495707472782 5.09
510 0.00985383693215049 5.100000000000001
511 0.009854044576666604 5.11
512 0.009854259745946958 5.12
513 0.009854602021079045 5.13
514 0.009855159161783275 5.14
515 0.009856013277135891 5.15
516 0.009857257620935632 5.16
517 0.009857632895077892 5.17
518 0.009858632158066958 5.18
519 0.009859664826448903 5.19
520 0.009861044848637493 5.2
521 0.009862893941801685 5.21
522 0.009864065729990417 5.22
523 0.009864922599794915 5.23
524 0.009865519385672004 5.24
525 0.009866082085352584 5.25
526 0.00986691034285346 5.26
527 0.009867732508466679 5.27
528 0.009868664215138835 5.28
529 0.009869808179403177 5.29
530 0.009870834255634777 5.3
531 0.009871857882021877 5.31
532 0.009872956130549969 5.32
533 0.009873925911836015 5.33
534 0.009875213524618094 5.34
535 0.009876225745653168 5.350000000000001
536 0.009877232601588435 5.36
537 0.009878440845785845 5.37
538 0.009879698948336731 5.38
539 0.009881046241951316 5.39
540 0.009882434125633088 5.4
541 0.009883914006729709 5.41
542 0.0098854490847198 5.42
543 0.009887014072678741 5.43
544 0.009888624929660238 5.44
545 0.009890373535057319 5.45
546 0.009892173675800928 5.46
547 0.009893929134594626 5.47
548 0.009895662265062955 5.48
549 0.009897430203782427 5.49
550 0.009899175305011488 5.5
551 0.009900908134990088 5.51
552 0.009902704650877048 5.52
553 0.009904377253942194 5.53
554 0.009906055852261253 5.54
555 0.009908495500242578 5.55
556 0.009910379982277959 5.56
557 0.009912142404293061 5.57
558 0.009913812485750156 5.58
559 0.00991543330999619 5.59
560 0.00991704120072406 5.600000000000001
561 0.009918732560294923 5.61
562 0.009920563112436349 5.62
563 0.009922450182756296 5.63
564 0.009924690833546296 5.64
565 0.009926720637996097 5.65
566 0.00992881254219714 5.66
567 0.00993092986840703 5.67
568 0.009933003322655797 5.68
569 0.009934911731902987 5.69
570 0.009936767789712316 5.7
571 0.009938507832840544 5.71
572 0.009940163789393124 5.72
573 0.009941639670173433 5.73
574 0.009943043219605848 5.74
575 0.009944497818586502 5.75
576 0.0099458515232021 5.76
577 0.00994717863340549 5.77
578 0.009948322937079604 5.78
579 0.009949584204051152 5.79
580 0.00995090684316007 5.8
581 0.009952216978973487 5.81
582 0.009953340292855106 5.82
583 0.009954162900810337 5.83
584 0.009954943564134145 5.84
585 0.009955758245835618 5.850000000000001
586 0.009956572122223988 5.86
587 0.009957373006332738 5.87
588 0.009958135199839367 5.88
589 0.009958861009434335 5.89
590 0.0099597363655014 5.9
591 0.009960490112277062 5.91
592 0.009961209941445321 5.92
593 0.009961958603144194 5.93
594 0.009962774565781018 5.94
595 0.009964094947570952 5.95
596 0.009965734344515404 5.96
597 0.009967346992134351 5.97
598 0.009968909060438435 5.98
599 0.009970228194761238 5.99
600 0.009971295718826961 6
601 0.009972033564656504 6.01
602 0.009972617810035158 6.02
603 0.009973313409192431 6.03
604 0.009974255161904418 6.04
605 0.009975222372470189 6.05
606 0.00997626449502707 6.06
607 0.00997740381281682 6.07
608 0.009978647375554189 6.08
609 0.009980090466854693 6.09
610 0.009981407835296104 6.100000000000001
611 0.009982718995335784 6.11
612 0.009984089166629703 6.12
613 0.009985576152550879 6.13
614 0.009987160833547429 6.140000000000001
615 0.009989031487160543 6.15
616 0.009991069836890305 6.16
617 0.009993291555490042 6.17
618 0.009995433175991287 6.18
619 0.009997563201677561 6.19
620 0.009999658663689764 6.2
621 0.01000171013057921 6.21
622 0.01000382132439936 6.22
623 0.01000575590453897 6.23
624 0.01000771661663132 6.24
625 0.01000968710713644 6.25
626 0.01001164652155986 6.26
627 0.0100137078204738 6.27
628 0.0100157154363089 6.28
629 0.01001764743313292 6.29
630 0.01001954521076757 6.3
631 0.01002137882722099 6.31
632 0.0100231584541185 6.32
633 0.01002485056044825 6.33
634 0.01002650987044987 6.34
635 0.01002813188828966 6.350000000000001
636 0.01002971566607582 6.36
637 0.01003139060112302 6.37
638 0.01003297033241835 6.38
639 0.01003447943838009 6.390000000000001
640 0.01003609468770459 6.4
641 0.01003742513790903 6.41
642 0.01003893583882192 6.42
643 0.01004029600131451 6.43
644 0.0100415528450276 6.44
645 0.0100429233671245 6.45
646 0.01004438981840164 6.46
647 0.01004594593995218 6.47
648 0.01004754554705925 6.48
649 0.010049174255091 6.49
650 0.01005073921043427 6.5
651 0.01005232070599901 6.51
652 0.01005396531880294 6.52
653 0.0100554731135854 6.53
654 0.01005675590906175 6.54
655 0.01005804996309298 6.55
656 0.01005930207213049 6.56
657 0.01006028197991988 6.57
658 0.01006155692847903 6.58
659 0.01006289817921132 6.59
660 0.01006434623061377 6.600000000000001
661 0.010066068145538 6.61
662 0.01006786194441411 6.62
663 0.0100694400661535 6.63
664 0.01007101162179544 6.640000000000001
665 0.01007249503696038 6.65
666 0.0100739055122205 6.66
667 0.01007536203022904 6.67
668 0.0100765792810794 6.68
669 0.01007783016192315 6.69
670 0.01007913426629667 6.7
671 0.01008057169563976 6.71
672 0.01008171910319947 6.72
673 0.0100829580311316 6.73
674 0.01008421588684488 6.74
675 0.01008562402007204 6.75
676 0.01008723827237101 6.76
677 0.01008882709231444 6.77
678 0.01009036743118489 6.78
679 0.01009190251288099 6.79
680 0.01009332864355365 6.8
681 0.01009469272374047 6.81
682 0.01009603463721598 6.82
683 0.01009738689363649 6.83
684 0.0100986127407428 6.84
685 0.0100999499750022 6.850000000000001
686 0.0101012773799068 6.86
687 0.01010245644530548 6.87
688 0.01010408409313812 6.88
689 0.01010576687770628 6.890000000000001
690 0.01010733908364533 6.9
691 0.01010890880989257 6.91
692 0.01011050970080217 6.92
693 0.01011212309430883 6.93
694 0.01011371656425791 6.94
695 0.01011536818381597 6.95
696 0.01011710899625845 6.96
697 0.01011875618358689 6.97
698 0.01012047859407152 6.98
699 0.01012219758101059 6.99
700 0.01012394313439802 7
701 0.01012572494641687 7.01
702 0.01012745675229691 7.02
703 0.01012906613648855 7.03
704 0.01013082379624926 7.04
705 0.01013261768021719 7.05
706 0.01013443161346786 7.06
707 0.01013622668117207 7.07
708 0.01013803390763127 7.08
709 0.01013984779053408 7.09
710 0.01014165388953588 7.100000000000001
711 0.01014320341172495 7.11
712 0.01014494843649881 7.12
713 0.01014699634804471 7.13
714 0.01014881329423607 7.140000000000001
715 0.01015060766131323 7.15
716 0.01015241446606601 7.16
717 0.01015403627590718 7.17
718 0.0101556925398177 7.18
719 0.01015734649805761 7.19
720 0.01015891586520045 7.2
721 0.01016057005572254 7.21
722 0.01016212420066285 7.22
723 0.0101638375494701 7.23
724 0.01016533796430038 7.24
725 0.01016680747215781 7.25
726 0.01016827947563694 7.26
727 0.01016989750448666 7.27
728 0.01017140727195777 7.28
729 0.01017288640400864 7.29
730 0.01017435709691028 7.3
731 0.01017571072854631 7.31
732 0.01017719785620281 7.32
733 0.01017867663868156 7.33
734 0.01017993227845613 7.34
735 0.01018136776794862 7.350000000000001
736 0.01018283065589503 7.36
737 0.0101843599725886 7.37
738 0.01018573736414155 7.38
739 0.01018689454423361 7.390000000000001
740 0.01018820816847844 7.4
741 0.01018923018444753 7.41
742 0.01019062531580595 7.42
743 0.01019193195907361 7.43
744 0.01019340338220267 7.44
745 0.01019494453122897 7.45
746 0.01019651926242671 7.46
747 0.01019806020527594 7.47
748 0.0101995851631082 7.48
749 0.01020114243990572 7.49
750 0.01020279957464129 7.5
751 0.01020444720133914 7.51
752 0.01020595071633752 7.52
753 0.01020744001295809 7.53
754 0.01020912908661949 7.54
755 0.01021065229450526 7.55
756 0.01021223118521056 7.56
757 0.01021365487139081 7.57
758 0.01021491522916505 7.58
759 0.01021639627338732 7.59
760 0.01021803425157453 7.600000000000001
761 0.01021968190977552 7.61
762 0.01022142151281024 7.62
763 0.0102232419041285 7.63
764 0.01022508096610553 7.640000000000001
765 0.01022691557593592 7.65
766 0.01022853008274207 7.66
767 0.01023029435448269 7.67
768 0.01023261738063259 7.68
769 0.01023444056816327 7.69
770 0.0102361009651966 7.7
771 0.01023755789554537 7.71
772 0.01023906222193756 7.72
773 0.0102405605031929 7.73
774 0.01024215978855812 7.74
775 0.01024377329337106 7.75
776 0.01024531870198383 7.76
777 0.01024693296255411 7.77
778 0.01024864680018885 7.78
779 0.01025030537026905 7.79
780 0.01025194612961377 7.8
781 0.01025362121922731 7.81
782 0.01025527704719988 7.82
783 0.01025700136691293 7.83
784 0.01025879636612584 7.84
785 0.01026060091122714 7.850000000000001
786 0.01026230316657078 7.86
787 0.01026398058064957 7.87
788 0.01026565219781423 7.88
789 0.01026732830703346 7.890000000000001
790 0.01026901066554159 7.9
791 0.01027069803482131 7.91
792 0.01027241227509341 7.92
793 0.010274213960501 7.930000000000001
794 0.01027598863041167 7.94
795 0.01027767831709422 7.95
796 0.01027945076950621 7.96
797 0.01028124881337718 7.97
798 0.01028289062283305 7.98
799 0.0102842032684136 7.99
800 0.01028590921641654 8
801 0.01028785084962981 8.01
802 0.010289612169146 8.02
803 0.01029139051310733 8.029999999999999
804 0.01029304895440947 8.040000000000001
805 0.01029478265751737 8.050000000000001
806 0.01029640178368121 8.06
807 0.01029797411616885 8.07
808 0.01029952517906909 8.08
809 0.01030101619010642 8.09
810 0.01030248588957453 8.1
811 0.01030400186038805 8.109999999999999
812 0.01030559041156581 8.120000000000001
813 0.01030731666215954 8.130000000000001
814 0.0103089214402756 8.140000000000001
815 0.01031053036483393 8.15
816 0.01031225681547815 8.16
817 0.01031410020185482 8.17
818 0.0103158869016535 8.18
819 0.01031762349329422 8.19
820 0.01031941658140163 8.199999999999999
821 0.01032178274101937 8.210000000000001
822 0.01032359425715522 8.220000000000001
823 0.0103251192680332 8.23
824 0.01032667288395533 8.24
825 0.01032826496097726 8.25
826 0.01033001521904445 8.26
827 0.01033169807382468 8.27
828 0.01033299547402015 8.279999999999999
829 0.01033461429733307 8.290000000000001
830 0.01033637115225782 8.300000000000001
831 0.01033803626730968 8.31
832 0.01033987733833948 8.32
833 0.01034176374128377 8.33
834 0.01034406815866793 8.34
835 0.01034595346928477 8.35
836 0.01034757043483326 8.359999999999999
837 0.01034910121084366 8.370000000000001
838 0.01035078772268559 8.380000000000001
839 0.0103524822833808 8.390000000000001
840 0.0103540626514131 8.4
841 0.0103556867718032 8.41
842 0.01035737160468291 8.42
843 0.01035921061063865 8.43
844 0.01036102874689735 8.44
845 0.01036270112886647 8.449999999999999
846 0.01036466028591113 8.460000000000001
847 0.01036623760461208 8.470000000000001
848 0.01036786907293411 8.48
849 0.01036974611932602 8.49
850 0.01037179857705992 8.5
851 0.01037370444043332 8.51
852 0.01037566112367527 8.52
853 0.01037754305814612 8.529999999999999
854 0.01037947938836196 8.540000000000001
855 0.01038137637218332 8.550000000000001
856 0.0103807027374044 8.56
857 0.01038076515880302 8.57
858 0.01038192486906737 8.58
859 0.01038270558446609 8.59
860 0.0103862607778684 8.6
861 0.0103916183712083 8.609999999999999
862 0.01039846938115822 8.620000000000001
863 0.01040385517731293 8.630000000000001
864 0.01040518033662457 8.640000000000001
865 0.01040467449002535 8.65
866 0.01040395685029751 8.66
867 0.01040356864425671 8.67
868 0.0104042277745235 8.68
869 0.01040572332941251 8.69
870 0.01040800706295278 8.700000000000001
871 0.01041058242580966 8.710000000000001
872 0.01041269434054823 8.720000000000001
873 0.01041485550727719 8.73
874 0.01041706550882513 8.74
875 0.01041925509364217 8.75
876 0.0104211549059432 8.76
877 0.01042286683506002 8.77
878 0.01042462797104658 8.779999999999999
879 0.01042634928150987 8.790000000000001
880 0.01042805556808437 8.800000000000001
881 0.01042968495838674 8.81
882 0.01043130737413418 8.82
883 0.01043065284894029 8.83
884 0.01043119339226846 8.84
885 0.0104321375895635 8.85
886 0.0104341005996814 8.859999999999999
887 0.01043662134488898 8.870000000000001
888 0.01043789128987001 8.880000000000001
889 0.01044188228716452 8.890000000000001
890 0.0104436267684937 8.9
891 0.01044769869219325 8.91
892 0.01044888309537664 8.92
893 0.01045243418532545 8.93
894 0.01045524640377016 8.94
895 0.01045842548242601 8.950000000000001
896 0.0104605041498728 8.960000000000001
897 0.01046286744878084 8.970000000000001
898 0.01046388139785952 8.98
899 0.010466268599682 8.99
900 0.01046661534099212 9
901 0.01046652178152435 9.01
902 0.01046858982640161 9.02
903 0.01047071129982756 9.029999999999999
904 0.01047228902982181 9.040000000000001
905 0.01047294848673495 9.050000000000001
906 0.01047467845839004 9.06
907 0.01047731801085817 9.07
908 0.01048064873796531 9.08
909 0.01048307797785681 9.09
910 0.01048510559624644 9.1
911 0.01048528864822353 9.109999999999999
912 0.01048662348429927 9.120000000000001
913 0.01048754077978101 9.130000000000001
914 0.01048975418965822 9.140000000000001
915 0.01049182053948312 9.15
916 0.01049388964628513 9.16
917 0.01049590821706679 9.17
918 0.01049863956591294 9.18
919 0.0104997730198712 9.19
920 0.01050021208706958 9.200000000000001
921 0.01050198831734238 9.210000000000001
922 0.01050402793287158 9.220000000000001
923 0.01050522110099862 9.23
924 0.01050767983530431 9.24
925 0.01050907695974041 9.25
926 0.01051047383990623 9.26
927 0.01051392573299001 9.27
928 0.01051687582866423 9.279999999999999
929 0.01051992672814859 9.290000000000001
930 0.01052116961930707 9.300000000000001
931 0.01052441336143828 9.31
932 0.01052506133435904 9.32
933 0.01052608315564165 9.33
934 0.01052665236650407 9.34
935 0.01052787998002538 9.35
936 0.01052864438082089 9.359999999999999
937 0.01053059011949753 9.370000000000001
938 0.01053289746384765 9.380000000000001
939 0.01053543797973168 9.390000000000001
940 0.01053801401501794 9.4
941 0.01054051232121039 9.41
942 0.01054151563193886 9.42
943 0.01054423885073525 9.43
944 0.01054553290389618 9.44
945 0.01054786319000064 9.450000000000001
946 0.01054908041858018 9.460000000000001
947 0.01055185146188982 9.470000000000001
948 0.01055288759611432 9.48
949 0.01055691387210259 9.49
950 0.01055860560892055 9.5
951 0.01056107752152406 9.51
952 0.01056181747801231 9.52
953 0.01056345454655245 9.529999999999999
954 0.01056380844778238 9.540000000000001
955 0.01056579528820228 9.550000000000001
956 0.01056682647063041 9.56
957 0.01056959875714879 9.57
958 0.01057111761721805 9.58
959 0.01057373034430537 9.59
960 0.01057695224322139 9.6
961 0.01057923201114755 9.609999999999999
962 0.01058009149410788 9.620000000000001
963 0.0105811313705171 9.630000000000001
964 0.01058167114765845 9.640000000000001
965 0.0105817316005993 9.65
966 0.01058290358780837 9.66
967 0.01058484585422347 9.67
968 0.01058569490490777 9.68
969 0.01058724832925484 9.69
970 0.01058952388901802 9.700000000000001
971 0.01059199945786191 9.710000000000001
972 0.01059491552452535 9.720000000000001
973 0.0105977433311139 9.73
974 0.0106005201670435 9.74
975 0.01060286174623624 9.75
976 0.0106047470372568 9.76
977 0.01060627814409835 9.77
978 0.01060926000465705 9.779999999999999
979 0.01061134198066796 9.790000000000001
980 0.01061276856771914 9.800000000000001
981 0.01061449534313958 9.81
982 0.01061485515681317 9.82
983 0.0106164209498749 9.83
984 0.01061684360517561 9.84
985 0.01061860293728189 9.85
986 0.01062033423910531 9.859999999999999
987 0.01062142433628432 9.870000000000001
988 0.0106236774052504 9.880000000000001
989 0.01062571074673528 9.890000000000001
990 0.01062613745013655 9.9
991 0.01062715447170587 9.91
992 0.01062874551294456 9.92
993 0.01063092971059317 9.93
994 0.01063313130758827 9.94
995 0.01063550296626 9.950000000000001
996 0.01063627055376461 9.960000000000001
997 0.01063874101495131 9.970000000000001
998 0.01064033424268646 9.98
999 0.01064213262502657 9.99
1000 0.01064411267903614 10
1001 0.01064577629444328 10.01
1002 0.01064740142670291 10.02
1003 0.01064923002759613 10.03
1004 0.01065088678741606 10.04
1005 0.01065240262596116 10.05
1006 0.01065399613348044 10.06
1007 0.0106554862015858 10.07
1008 0.01065687881492209 10.08
1009 0.01065787538104708 10.09
1010 0.01065940904932594 10.1
1011 0.01065954323757089 10.11
1012 0.01066174262535363 10.12
1013 0.01066220367497167 10.13
1014 0.01066481553388251 10.14
1015 0.01066569322213608 10.15
1016 0.01066686686646496 10.16
1017 0.01067019845706522 10.17
1018 0.01067145865170188 10.18
1019 0.01067283615882904 10.19
1020 0.01067448331726305 10.2
1021 0.01067611135067818 10.21
1022 0.01067956195656667 10.22
1023 0.01068073982698877 10.23
1024 0.01068346288029916 10.24
1025 0.01068535742411274 10.25
1026 0.0106867225153423 10.26
1027 0.01068757292074721 10.27
1028 0.01068848877542903 10.28
1029 0.0106903983948741 10.29
1030 0.01069181671322402 10.3
1031 0.01069292583906808 10.31
1032 0.01069385258771752 10.32
1033 0.01069384550293411 10.33
1034 0.01069546839769046 10.34
1035 0.01069720139404882 10.35
1036 0.01070003506465087 10.36
1037 0.01070049504066366 10.37
1038 0.01070120601531463 10.38
1039 0.01070210351660528 10.39
1040 0.01070354085139497 10.4
1041 0.01070417362309451 10.41
1042 0.01070546397967935 10.42
1043 0.01070732458989355 10.43
1044 0.0107095488323394 10.44
1045 0.01070998440849467 10.45
1046 0.01071315555328173 10.46
1047 0.01071414964291492 10.47
1048 0.0107173814066253 10.48
1049 0.0107180779354591 10.49
1050 0.01072121996545596 10.5
1051 0.0107214450145069 10.51
1052 0.01072407104096377 10.52
1053 0.01072597656935273 10.53
1054 0.01072757834294198 10.54
1055 0.01072854471854965 10.55
1056 0.01072954640113668 10.56
1057 0.01073055880359256 10.57
1058 0.01073151947290072 10.58
1059 0.01073256949615218 10.59
1060 0.01073365248759269 10.6
1061 0.01073647886161111 10.61
1062 0.01073711107992924 10.62
1063 0.01073952830149037 10.63
1064 0.010741340729162 10.64
1065 0.01074325505579883 10.65
1066 0.01074468587446268 10.66
1067 0.01074587847247762 10.67
1068 0.01074699139869182 10.68
1069 0.01074780370393244 10.69
1070 0.01074759746035616 10.7
1071 0.01074934017242142 10.71
1072 0.01075116475184785 10.72
1073 0.01075156400032835 10.73
1074 0.01075485179297566 10.74
1075 0.01075570116831014 10.75
1076 0.01075673107346665 10.76
1077 0.0107577088463967 10.77
1078 0.01075927212091167 10.78
1079 0.0107606507395355 10.79
1080 0.01076212930434677 10.8
1081 0.01076360023046946 10.81
1082 0.0107633738169483 10.82
1083 0.01076556366937226 10.83
1084 0.01076586608444026 10.84
1085 0.01076828322325748 10.85
1086 0.01076855644947049 10.86
1087 0.01077120662007443 10.87
1088 0.0107717440336261 10.88
1089 0.01077485340558419 10.89
1090 0.01077506612893297 10.9
1091 0.01077736904747343 10.91
1092 0.01077933085528226 10.92
1093 0.01077920262400935 10.93
1094 0.01078137996381211 10.94
1095 0.01078315952742382 10.95
1096 0.01078469865615858 10.96
1097 0.01078583139547225 10.97
1098 0.01078674544134881 10.98
1099 0.01078775876454954 10.99
1100 0.01078849792801812 11
1101 0.01078945697530597 11.01
1102 0.0107907547000275 11.02
1103 0.01079255493287705 11.03
1104 0.01079361221521046 11.04
1105 0.01079484622435881 11.05
1106 0.01079660777583156 11.06
1107 0.01079823494750339 11.07
1108 0.01079980708482983 11.08
1109 0.01080126274245154 11.09
1110 0.01080262208497537 11.1
1111 0.01080371841826675 11.11
1112 0.01080493198050253 11.12
1113 0.01080625189696211 11.13
1114 0.01080748074195408 11.14
1115 0.01080707724412174 11.15
1116 0.01080991295065262 11.16
1117 0.01081224193911867 11.17
1118 0.01081252619357304 11.18
1119 0.01081519300824167 11.19
1120 0.01081731694018409 11.2
1121 0.01081717764656793 11.21
1122 0.01081988845378278 11.22
1123 0.01081989040063374 11.23
1124 0.01082197906621992 11.24
1125 0.01082154510309789 11.25
1126 0.0108235749063798 11.26
1127 0.01082343823579915 11.27
1128 0.01082632156826889 11.28
1129 0.0108288198120165 11.29
1130 0.0108289201253653 11.3
1131 0.01083120653633248 11.31
1132 0.01083285229046061 11.32
1133 0.01083226413066274 11.33
1134 0.01083459802023378 11.34
1135 0.01083658141255503 11.35
1136 0.01083654772178225 11.36
1137 0.01083857144973713 11.37
1138 0.01083845013611874 11.38
1139 0.0108414047194011 11.39
1140 0.01084207745888464 11.4
1141 0.01084533410995859 11.41
1142 0.0108473417239734 11.42
1143 0.01084951922003425 11.43
1144 0.01085161957623513 11.44
1145 0.01085399612430973 11.45
1146 0.01085501819092788 11.46
1147 0.01085587591075757 11.47
1148 0.01085650308732254 11.48
1149 0.01085701085798011 11.49
1150 0.01085901870502886 11.5
1151 0.01085925035036131 11.51
1152 0.01086150087960912 11.52
1153 0.01086316291739671 11.53
1154 0.01086540804058053 11.54
1155 0.01086571452205505 11.55
1156 0.01086755205432045 11.56
1157 0.01086782248071043 11.57
1158 0.01086869428299999 11.58
1159 0.01087141202919014 11.59
1160 0.01087093591058835 11.6
1161 0.01087284850269066 11.61
1162 0.01087488814828204 11.62
1163 0.0108752747406654 11.63
1164 0.01087799277741557 11.64
1165 0.01087916019902192 11.65
1166 0.0108806288377398 11.66
1167 0.0108842086977457 11.67
1168 0.0108853790741216 11.68
1169 0.01088666655785606 11.69
1170 0.01088773201472773 11.7
1171 0.01088852700862016 11.71
1172 0.01088961339109752 11.72
1173 0.01089058376916781 11.73
1174 0.01089197867804936 11.74
1175 0.01089606202854056 11.75
1176 0.01089754997887418 11.76
1177 0.01089905627728583 11.77
1178 0.01090240316762536 11.78
1179 0.01090320084196269 11.79
1180 0.01090572487398946 11.8
1181 0.01090606249051265 11.81
1182 0.01090813102965728 11.82
1183 0.01091024100671835 11.83
1184 0.01091037098971954 11.84
1185 0.01091222443232516 11.85
1186 0.0109138197807899 11.86
1187 0.01091504978346629 11.87
1188 0.01091638617703585 11.88
1189 0.01091786573669937 11.89
1190 0.01091915201110935 11.9
1191 0.01092069605903205 11.91
1192 0.01092236057060486 11.92
1193 0.01092260900786598 11.93
1194 0.01092560018836836 11.94
1195 0.01092825715165337 11.95
1196 0.01092909218431217 11.96
1197 0.01093160506015924 11.97
1198 0.0109323907153747 11.98
1199 0.01093492196924999 11.99
1200 0.01093567825732491 12
1201 0.01093667277473617 12.01
1202 0.01093783872286232 12.02
1203 0.01093936224811611 12.03
1204 0.01094092154485628 12.04
1205 0.0109428197736838 12.05
1206 0.01094498356977354 12.06
1207 0.01094720508268707 12.07
1208 0.0109494135647489 12.08
1209 0.01095154004123293 12.09
1210 0.0109533511078077 12.1
1211 0.0109550178524127 12.11
1212 0.01095664397143622 12.12
1213 0.01095817641476581 12.13
1214 0.01095959726347476 12.14
1215 0.01096111316802269 12.15
1216 0.01096222480345704 12.16
1217 0.01096350522425816 12.17
1218 0.01096484163045755 12.18
1219 0.01096671348682197 12.19
1220 0.01096856252373403 12.2
1221 0.01097221609936443 12.21
1222 0.01097343595668625 12.22
1223 0.01097599100545493 12.23
1224 0.01097639803076888 12.24
1225 0.01097860166073521 12.25
1226 0.01098066837696913 12.26
1227 0.01098188239338253 12.27
1228 0.01098271743568488 12.28
1229 0.01098385842068142 12.29
1230 0.01098503658817867 12.3
1231 0.01098622258916736 12.31
1232 0.01098790959282133 12.32
1233 0.01098972358185698 12.33
1234 0.01099152716301772 12.34
1235 0.01099342132834883 12.35
1236 0.01099470299367532 12.36
1237 0.01099627228178956 12.37
1238 0.01099813132336233 12.38
1239 0.01099879843637078 12.39
1240 0.01100174203665377 12.4
1241 0.01100404745203755 12.41
1242 0.01100454555626849 12.42
1243 0.01100696812460314 12.43
1244 0.01100789016551143 12.44
1245 0.01100901424060787 12.45
1246 0.01101043612841368 12.46
1247 0.0110138056590306 12.47
1248 0.01101430875530377 12.48
1249 0.01101505765555991 12.49
1250 0.01101614696915264 12.5
1251 0.0110175293389598 12.51
1252 0.01101915191809786 12.52
1253 0.01102073439452311 12.53
1254 0.01102249310481934 12.54
1255 0.0110243830896644 12.55
1256 0.01102645302842964 12.56
1257 0.01102831346904691 12.57
1258 0.01102778297832739 12.58
1259 0.01103043656804081 12.59
1260 0.01103286056023035 12.6
1261 0.01103512252774249 12.61
1262 0.01103717704974223 12.62
1263 0.01103900378191042 12.63
1264 0.01104095492831998 12.64
1265 0.01104239451806568 12.65
1266 0.01104376454492942 12.66
1267 0.01104465251351253 12.67
1268 0.01104600425595061 12.68
1269 0.01104732280235907 12.69
1270 0.01104868708784328 12.7
1271 0.0110516061060135 12.71
1272 0.01105228620912936 12.72
1273 0.01105458261875385 12.73
1274 0.01105477806610289 12.74
1275 0.01105658950164727 12.75
1276 0.01105794250766075 12.76
1277 0.01105779036026885 12.77
1278 0.01105969011007272 12.78
1279 0.01106150619469287 12.79
1280 0.01106325401605325 12.8
1281 0.01106488255260448 12.81
1282 0.01106669375898597 12.82
1283 0.01106806773960515 12.83
1284 0.01106926628333981 12.84
1285 0.01107038619221291 12.85
1286 0.01107166808727781 12.86
1287 0.01107148378580477 12.87
1288 0.0110729936361364 12.88
1289 0.0110745136100616 12.89
1290 0.01107567979061319 12.9
1291 0.01107832188694492 12.91
1292 0.01108037838992356 12.92
1293 0.01108080518696019 12.93
1294 0.0110814828989887 12.94
1295 0.01108101177715785 12.95
1296 0.01108112536328124 12.96
1297 0.01108336364725257 12.97
1298 0.01108388624685148 12.98
1299 0.01108517647496415 12.99
1300 0.01108662551124819 13
1301 0.01108811389720155 13.01
1302 0.0110894611342504 13.02
1303 0.01109129221960364 13.03
1304 0.01109307391686081 13.04
1305 0.01109439589648427 13.05
1306 0.01109543410454388 13.06
1307 0.01109623670099385 13.07
1308 0.01109698079873921 13.08
1309 0.01109755041249704 13.09
1310 0.011098152081512 13.1
1311 0.0110987242993728 13.11
1312 0.01109932200302816 13.12
1313 0.01109998664903454 13.13
1314 0.01110060273047801 13.14
1315 0.01110137719454959 13.15
1316 0.01110224623403634 13.16
1317 0.01110320008968188 13.17
1318 0.0111042097282929 13.18
1319 0.01110523914147265 13.19
1320 0.01110599394969151 13.2
1321 0.01110717684944089 13.21
1322 0.01110832713105272 13.22
1323 0.01110939360568092 13.23
1324 0.01111036560266452 13.24
1325 0.01111288314983471 13.25
1326 0.01111328635155339 13.26
1327 0.01111346863834511 13.27
1328 0.01111322532586317 13.28
1329 0.01111327198202937 13.29
1330 0.01111350554463527 13.3
1331 0.01111394687494075 13.31
1332 0.01111475496629583 13.32
1333 0.01111559145512295 13.33
1334 0.01111640509745958 13.34
1335 0.01111722743093783 13.35
1336 0.01111816463212513 13.36
1337 0.01111893503979899 13.37
1338 0.01111935895183038 13.38
1339 0.01111975385190015 13.39
1340 0.01112050474747691 13.4
1341 0.01112110523902405 13.41
1342 0.01112146136080983 13.42
1343 0.01112166155350237 13.43
1344 0.01112168124267471 13.44
1345 0.01112161573004132 13.45
1346 0.01112156137716436 13.46
1347 0.01112142883585455 13.47
1348 0.01111982804847672 13.48
1349 0.01111976605986057 13.49
1350 0.01111994752296847 13.5
1351 0.01112049901384256 13.51
1352 0.01112091523821673 13.52
1353 0.0111214206962797 13.53
1354 0.01112192157596914 13.54
1355 0.01112235823056288 13.55
1356 0.01112317117241116 13.56
1357 0.01112366425727535 13.57
1358 0.01112433729777706 13.58
1359 0.01112401423251625 13.59
1360 0.01112375927684754 13.6
1361 0.01112322267842449 13.61
1362 0.01112255903782729 13.62
1363 0.01112186959286108 13.63
1364 0.0111215236229803 13.64
1365 0.0111213252870412 13.65
1366 0.01112075071472558 13.66
1367 0.01112046347300869 13.67
1368 0.01111904683929924 13.68
1369 0.01111969821848549 13.69
1370 0.01112035921952411 13.7
1371 0.01111945337797086 13.71
1372 0.01112022611546213 13.72
1373 0.01111910827533234 13.73
1374 0.01112012993254086 13.74
1375 0.01111910688719498 13.75
1376 0.01112008965990006 13.76
1377 0.01111898801132244 13.77
1378 0.01111821579845528 13.78
1379 0.01111965526384643 13.79
1380 0.01111879019136701 13.8
1381 0.01111972926953622 13.81
1382 0.01111851102656974 13.82
1383 0.01111890041211022 13.83
1384 0.01111747057744947 13.84
1385 0.0111173181282869 13.85
1386 0.01111553183687111 13.86
1387 0.0111150431200261 13.87
1388 0.01111446534991865 13.88
1389 0.01111370620444886 13.89
1390 0.01111281420658601 13.9
1391 0.0111116976492068 13.91
1392 0.01111119422811627 13.92
1393 0.01111048209823337 13.93
1394 0.01110976883687286 13.94
1395 0.01110871169776122 13.95
1396 0.0111076947825969 13.96
1397 0.0111067964781212 13.97
1398 0.0111068227395426 13.98
1399 0.01110599943798643 13.99
1400 0.01110529959230266 14
1401 0.01110464051650622 14.01
1402 0.01110407258583544 14.02
1403 0.01110462028794431 14.03
1404 0.01110381405321329 14.04
1405 0.01110301292026255 14.05
1406 0.01110218611918247 14.06
1407 0.01110133150439268 14.07
1408 0.01110050197881932 14.08
1409 0.01109976062565572 14.09
1410 0.01109910360209378 14.1
1411 0.01109851332842788 14.11
1412 0.01109786960859512 14.12
1413 0.01109732432161107 14.13
1414 0.01109677902215659 14.14
1415 0.01109519734709364 14.15
1416 0.01109496049784133 14.16
1417 0.01109436730418693 14.17
1418 0.01109267741821234 14.18
1419 0.01109236669398455 14.19
1420 0.01109204049848076 14.2
1421 0.01109032249086054 14.21
1422 0.01109029751455691 14.22
1423 0.01108878747591883 14.23
1424 0.01108901273693792 14.24
1425 0.01108766073015583 14.25
1426 0.01108815864258691 14.26
1427 0.01108693825307689 14.27
1428 0.01108748095615655 14.28
1429 0.01108627217638923 14.29
1430 0.01108660612048714 14.3
1431 0.01108524305957936 14.31
1432 0.01108533554841328 14.32
1433 0.01108381269042106 14.33
1434 0.0110837698682414 14.34
1435 0.01108329219851291 14.35
1436 0.01108156763491881 14.36
1437 0.01108111793320939 14.37
1438 0.01108025583880769 14.38
1439 0.01107936491822592 14.39
1440 0.01107877329992735 14.4
1441 0.01107694273362407 14.41
1442 0.01107660270190997 14.42
1443 0.01107640169235592 14.43
1444 0.01107608066153462 14.44
1445 0.01107572014326936 14.45
1446 0.01107530728971494 14.46
1447 0.01107481201182603 14.47
1448 0.01107423012175286 14.48
1449 0.01107366598761375 14.49
1450 0.01107382046405511 14.5
1451 0.01107255346146287 14.51
1452 0.01107140456104788 14.52
1453 0.01107125256804358 14.53
1454 0.01107006218298863 14.54
1455 0.01106992318539638 14.55
1456 0.01106871949910837 14.56
1457 0.01106907122192408 14.57
1458 0.01106807148262675 14.58
1459 0.0110679735974412 14.59
1460 0.01106758220987154 14.6
1461 0.01106616353730057 14.61
1462 0.01106566717231546 14.62
1463 0.01106423041473461 14.63
1464 0.01106404523505986 14.64
1465 0.01106377235868423 14.65
1466 0.01106257100348942 14.66
1467 0.01106239577376728 14.67
1468 0.01106117047125488 14.68
1469 0.0110609129873992 14.69
1470 0.01105985141479243 14.7
1471 0.01105890113747722 14.71
1472 0.01105930136738668 14.72
1473 0.0110585310099308 14.73
1474 0.01105782313574703 14.74
1475 0.01105677658638432 14.75
1476 0.01105578446545063 14.76
1477 0.01105600305862874 14.77
1478 0.01105500942074461 14.78
1479 0.01105394547427163 14.79
1480 0.01105283621840849 14.8
1481 0.01105172976051845 14.81
1482 0.01105071795257371 14.82
1483 0.01104976582515468 14.83
1484 0.01104946812719362 14.84
1485 0.01104904314002647 14.85
1486 0.01104860107174012 14.86
1487 0.01104805597564913 14.87
1488 0.01104701687888667 14.88
1489 0.01104610647474038 14.89
1490 0.01104521255756337 14.9
1491 0.01104429104077692 14.91
1492 0.01104339333454123 14.92
1493 0.01104251440952315 14.93
1494 0.01104160157704872 14.94
1495 0.01104141738547145 14.95
1496 0.0110405233795514 14.96
1497 0.01103960726170818 14.97
1498 0.01103860421706475 14.98
1499 0.01103827868872051 14.99
1500 0.01103697987073887 15
1501 0.01103605168645244 15.01
1502 0.01103565780721822 15.02
1503 0.01103495711571007 15.03
1504 0.01103460633551078 15.04
1505 0.01103253548268688 15.05
1506 0.01103104115965097 15.06
1507 0.01102892463300148 15.07
1508 0.01102829374420598 15.08
1509 0.01102706701378738 15.09
1510 0.0110267847805017 15.1
1511 0.01102571173644164 15.11
1512 0.01102474055860906 15.12
1513 0.01102444758677203 15.13
1514 0.01102320911658482 15.14
1515 0.01102196065100564 15.15
1516 0.0110210500414865 15.16
1517 0.01101947029275053 15.17
1518 0.01101813126879501 15.18
1519 0.01101715621278533 15.19
1520 0.01101615075774621 15.2
1521 0.01101530410216607 15.21
1522 0.01101468767297353 15.22
1523 0.01101440103940663 15.23
1524 0.01101386157606404 15.24
1525 0.01101271475811211 15.25
1526 0.01101128399130956 15.26
1527 0.01100976559407051 15.27
1528 0.01100763366367146 15.28
1529 0.01100607508079643 15.29
1530 0.01100470060705062 15.3
1531 0.01100273313046876 15.31
1532 0.01100225276828577 15.32
1533 0.01100174058808964 15.33
1534 0.01100000286081446 15.34
1535 0.01099928238229954 15.35
1536 0.01099850289428026 15.36
1537 0.01099662426310344 15.37
1538 0.01099528464566938 15.38
1539 0.0109938303147061 15.39
1540 0.01099156522962209 15.4
1541 0.01099065574968506 15.41
1542 0.01098939664393279 15.42
1543 0.01098757879610084 15.43
1544 0.01098690636649995 15.44
1545 0.01098494732565589 15.45
1546 0.01098431246333286 15.46
1547 0.01098289463789631 15.47
1548 0.01098057497164561 15.48
1549 0.01098010696389708 15.49
1550 0.01097945070061409 15.5
1551 0.01097893230497305 15.51
1552 0.01097816365864833 15.52
1553 0.01097715895339621 15.53
1554 0.0109759137248046 15.54
1555 0.01097433977067382 15.55
1556 0.01097270874620839 15.56
1557 0.01097086111048748 15.57
1558 0.01096903658612078 15.58
1559 0.01096675824066537 15.59
1560 0.01096467050921223 15.6
1561 0.01096379727616791 15.61
1562 0.01096251215235049 15.62
1563 0.01096065679080035 15.63
1564 0.01095845484921839 15.64
1565 0.01095687683709232 15.65
1566 0.01095478217555667 15.66
1567 0.01095305496045809 15.67
1568 0.01095171489590947 15.68
1569 0.0109512690661981 15.69
1570 0.01094959222316285 15.7
1571 0.0109493108151549 15.71
1572 0.01094758109296247 15.72
1573 0.01094699254852604 15.73
1574 0.01094499517786712 15.74
1575 0.01094341348403397 15.75
1576 0.01094064544484005 15.76
1577 0.01093909232308909 15.77
1578 0.01093734215622673 15.78
1579 0.01093609894089109 15.79
1580 0.01093436648223389 15.8
1581 0.01093218626658158 15.81
1582 0.01093066579703875 15.82
1583 0.01092897328828782 15.83
1584 0.01092676488622163 15.84
1585 0.01092556377902695 15.85
1586 0.0109242934784049 15.86
1587 0.01092347904079606 15.87
1588 0.01092191749613471 15.88
1589 0.0109201630087892 15.89
1590 0.01091811669861935 15.9
1591 0.01091635874935889 15.91
1592 0.01091437180129412 15.92
1593 0.01091290109132372 15.93
1594 0.0109103776928841 15.94
1595 0.01090822684702293 15.95
1596 0.01090593195079564 15.96
1597 0.0109038412761079 15.97
1598 0.01090175774168414 15.98
1599 0.01089997612231968 15.99
1600 0.01089829527991979 16
1601 0.01089680833728768 16.01
1602 0.01089518140352603 16.02
1603 0.01089263853140973 16.03
1604 0.01089162095699366 16.04
1605 0.01089073834239293 16.05
1606 0.0108898748309525 16.06
1607 0.01088792690881921 16.07
1608 0.01088655464468814 16.08
1609 0.01088553104369219 16.09
1610 0.01088393330587712 16.1
1611 0.01088168344675897 16.11
1612 0.01088045166701449 16.12
1613 0.0108789554665365 16.13
1614 0.01087710892061718 16.14
1615 0.01087498909137135 16.15
1616 0.01087324638695137 16.16
1617 0.01087118795450275 16.17
1618 0.01086841305242384 16.18
1619 0.01086594435232111 16.19
1620 0.01086424329809052 16.2
1621 0.010862153069415 16.21
1622 0.01085994538591872 16.22
1623 0.01085813420522038 16.23
1624 0.01085657097474303 16.24
1625 0.01085465468757944 16.25
1626 0.0108528896925058 16.26
1627 0.010851163638932 16.27
1628 0.01085041645679516 16.28
1629 0.01084926380966979 16.29
1630 0.01084769663247111 16.3
1631 0.01084647303375952 16.31
1632 0.01084435311018378 16.32
1633 0.01084265450522401 16.33
1634 0.01084070136074544 16.34
1635 0.01083897129341499 16.35
1636 0.01083613865818965 16.36
1637 0.01083322352074521 16.37
1638 0.0108308505695776 16.38
1639 0.01082866434191075 16.39
1640 0.01082662098122275 16.4
1641 0.01082422530068469 16.41
1642 0.01082263731820907 16.42
1643 0.01082100094537099 16.43
1644 0.01081889452619787 16.44
1645 0.01081723576020649 16.45
1646 0.0108157155409405 16.46
1647 0.01081389922075809 16.47
1648 0.01081169289765166 16.48
1649 0.01080966779513386 16.49
1650 0.01080780323796386 16.5
1651 0.01080574531079129 16.51
1652 0.0108040979933945 16.52
1653 0.01080189310983864 16.53
1654 0.01079984587856666 16.54
1655 0.01079718704444534 16.55
1656 0.01079476826603554 16.56
1657 0.01079260989076821 16.57
1658 0.0107904692095835 16.58
1659 0.0107886102345279 16.59
1660 0.01078679529374802 16.6
1661 0.01078493992401655 16.61
1662 0.01078343829876972 16.62
1663 0.01078174747321981 16.63
1664 0.0107798584159091 16.64
1665 0.0107779127746798 16.65
1666 0.01077565482305624 16.66
1667 0.01077339539076027 16.67
1668 0.01077134355628027 16.68
1669 0.0107696470128525 16.69
1670 0.01076767146764173 16.7
1671 0.01076590239366996 16.71
1672 0.01076393962616118 16.72
1673 0.01076118604387611 16.73
1674 0.01075918663377514 16.74
1675 0.0107573225493214 16.75
1676 0.01075569398062647 16.76
1677 0.01075477396255098 16.77
1678 0.01075378417242032 16.78
1679 0.01075191033667968 16.79
1680 0.01075071673804777 16.8
1681 0.01074943412678286 16.81
1682 0.01074727667859415 16.82
1683 0.01074526019072118 16.83
1684 0.01074290568783516 16.84
1685 0.01074028468976234 16.85
1686 0.01073829180190792 16.86
1687 0.01073639598863706 16.87
1688 0.01073459528635593 16.88
1689 0.01073265522288449 16.89
1690 0.01073024641553267 16.9
1691 0.01072737310386452 16.91
1692 0.01072459970323158 16.92
1693 0.01072174948894178 16.93
1694 0.01071907098613256 16.94
1695 0.01071782281635585 16.95
1696 0.01071625425327929 16.96
1697 0.01071495225105709 16.97
1698 0.01071323025109827 16.98
1699 0.01071135599954066 16.99
1700 0.010709371272479 17
1701 0.01070726296889284 17.01
1702 0.01070543071131291 17.02
1703 0.01070389507436945 17.03
1704 0.01070226120491894 17.04
1705 0.01070137213904668 17.05
1706 0.0106998379484046 17.06
1707 0.01069746400866729 17.07
1708 0.01069467521489605 17.08
1709 0.01069197308495613 17.09
1710 0.0106896677876048 17.1
1711 0.01068722122282178 17.11
1712 0.01068477041898666 17.12
1713 0.0106831721149738 17.13
1714 0.01068173458314233 17.14
1715 0.01068018627618257 17.15
1716 0.01067841400070577 17.16
1717 0.01067591764943623 17.17
1718 0.01067412165770055 17.18
1719 0.01067197069505127 17.19
1720 0.01066966499709191 17.2
1721 0.01066722284030434 17.21
1722 0.01066483957934444 17.22
1723 0.01066150428646822 17.23
1724 0.0106579219662274 17.24
1725 0.01065506314425171 17.25
1726 0.01065318469035045 17.26
1727 0.01065172609362814 17.27
1728 0.01065105801032532 17.28
1729 0.01065026291309957 17.29
1730 0.01065017452239662 17.3
1731 0.01064991464488291 17.31
1732 0.01064886854427134 17.32
1733 0.01064708931578782 17.33
1734 0.01064474256639005 17.34
1735 0.01064228723221018 17.35
1736 0.01063941199735424 17.36
1737 0.01063661313806014 17.37
1738 0.01063485464187192 17.38
1739 0.01063322608346109 17.39
1740 0.01063158013502849 17.4
1741 0.01062958495661075 17.41
1742 0.01062751704398262 17.42
1743 0.01062722490461828 17.43
1744 0.01062585726056667 17.44
1745 0.01062460570066559 17.45
1746 0.01062281808746713 17.46
1747 0.01062118192628083 17.47
1748 0.01061949486465718 17.48
1749 0.01061723566097291 17.49
1750 0.01061494843669793 17.5
1751 0.01061152222911143 17.51
1752 0.01060983424492356 17.52
1753 0.01060806460943662 17.53
1754 0.01060649912333905 17.54
1755 0.01060449944434423 17.55
1756 0.01060168841367923 17.56
1757 0.01060033411266152 17.57
1758 0.01059884281732762 17.58
1759 0.01059832595403919 17.59
1760 0.01059612334205854 17.6
1761 0.01059452426585285 17.61
1762 0.01059273871653634 17.62
1763 0.01059096217565635 17.63
1764 0.01058902300385661 17.64
1765 0.01058774702333324 17.65
1766 0.01058658842598821 17.66
1767 0.01058501154754153 17.67
1768 0.010583229045428 17.68
1769 0.01058212832061925 17.69
1770 0.01058029890526262 17.7
1771 0.01057815220078094 17.71
1772 0.01057530094885102 17.72
1773 0.01057275200429599 17.73
1774 0.0105712649803445 17.74
1775 0.01057060734223981 17.75
1776 0.01056936810424748 17.76
1777 0.01056897024096669 17.77
1778 0.01056896396674618 17.78
1779 0.01056984891602858 17.79
1780 0.01056981956561577 17.8
1781 0.01056916309770103 17.81
1782 0.01056773903101359 17.82
1783 0.01056729521684582 17.83
1784 0.01056579107690632 17.84
1785 0.01056383446305813 17.85
1786 0.01056079747027452 17.86
1787 0.01055804396732635 17.87
1788 0.01055582365371698 17.88
1789 0.01055323161039286 17.89
1790 0.01055178490664175 17.9
1791 0.01055220020193716 17.91
1792 0.01055298817597587 17.92
1793 0.01055353204841611 17.93
1794 0.01055228465816205 17.94
1795 0.01055106324255938 17.95
1796 0.01054977007466611 17.96
1797 0.01054946052079409 17.97
1798 0.01054858505632718 17.98
1799 0.01054702579132345 17.99
1800 0.0105457858149938 18
1801 0.01054345459906088 18.01
1802 0.01054064818633008 18.02
1803 0.01053834546676626 18.03
1804 0.01053677633275366 18.04
1805 0.01053549297172987 18.05
1806 0.01053593205623605 18.06
1807 0.01053444414446372 18.07
1808 0.01053350994416009 18.08
1809 0.01053309421666516 18.09
1810 0.01053198600262408 18.1
1811 0.01053069972015863 18.11
1812 0.01053065026755072 18.12
1813 0.01052899463874786 18.13
1814 0.01052809498615597 18.14
1815 0.01052597315321659 18.15
1816 0.01052351457767758 18.16
1817 0.01052432657002083 18.17
1818 0.01052471256748294 18.18
1819 0.01052527440114027 18.19
1820 0.01052361037176594 18.2
1821 0.01052303693339597 18.21
1822 0.01052220732276438 18.22
1823 0.01052089869104802 18.23
1824 0.01051927146457956 18.24
1825 0.01051826531984778 18.25
1826 0.01051855122245835 18.26
1827 0.01051941625354806 18.27
1828 0.01052054630551944 18.28
1829 0.01052096357789997 18.29
1830 0.01051842826518197 18.3
1831 0.01051618705004771 18.31
1832 0.01051467237529667 18.32
1833 0.01051362140013783 18.33
1834 0.01051243985693108 18.34
1835 0.01050947228216823 18.35
1836 0.01050932189408538 18.36
1837 0.01050581146321449 18.37
1838 0.01050312665705427 18.38
1839 0.01050131043682121 18.39
1840 0.01050012464184442 18.4
1841 0.0105001843388158 18.41
1842 0.01049961883993275 18.42
1843 0.01049795202513343 18.43
1844 0.0105005121468377 18.44
1845 0.01050221836284313 18.45
1846 0.01050212131159923 18.46
1847 0.01050127866131823 18.47
1848 0.01049832406955927 18.48
1849 0.01049519720769324 18.49
1850 0.01049263933130524 18.5
1851 0.01049006865657691 18.51
1852 0.01048936111410998 18.52
1853 0.01048799401300897 18.53
1854 0.0104854086904033 18.54
1855 0.01048474436292146 18.55
1856 0.01048320476518526 18.56
1857 0.01048330780149495 18.57
1858 0.01048330443543967 18.58
1859 0.01048097353007698 18.59
1860 0.01048012113558172 18.6
1861 0.01047908911335135 18.61
1862 0.01047861405394004 18.62
1863 0.01047626918187927 18.63
1864 0.01047459681227962 18.64
1865 0.0104716254839742 18.65
1866 0.01046976659664222 18.66
1867 0.01046956435092873 18.67
1868 0.01046790687095297 18.68
1869 0.01046750348821167 18.69
1870 0.01046798207701613 18.7
1871 0.01046849492723949 18.71
1872 0.01046838252126546 18.72
1873 0.01046804824515747 18.73
1874 0.01046665059569962 18.74
1875 0.01046353209132319 18.75
1876 0.0104607463576253 18.76
1877 0.01045823328912652 18.77
1878 0.01045347149374623 18.78
1879 0.01044956687822975 18.79
1880 0.01044771196669817 18.8
1881 0.01044615583266673 18.81
1882 0.01044497637195599 18.82
1883 0.01044452029957302 18.83
1884 0.01044399285525462 18.84
1885 0.01044627895299005 18.85
1886 0.01044638094060942 18.86
1887 0.01044529340887527 18.87
1888 0.01044342557790365 18.88
1889 0.01044232422741702 18.89
1890 0.01044003226144784 18.9
1891 0.01043837092082099 18.91
1892 0.01043699222046064 18.92
1893 0.0104357855190537 18.93
1894 0.01043492735168165 18.94
1895 0.0104322633231562 18.95
1896 0.01043061793633868 18.96
1897 0.0104283892680256 18.97
1898 0.01042735482032574 18.98
1899 0.01042607649674937 18.99
1900 0.01042406621528288 19
1901 0.01042064785320792 19.01
1902 0.01041866458046881 19.02
1903 0.01041705671001007 19.03
1904 0.01041526357868857 19.04
1905 0.01041335608555275 19.05
1906 0.01041428681108902 19.06
1907 0.01041533900220526 19.07
1908 0.01041489367028662 19.08
1909 0.01041575993119969 19.09
1910 0.01041566457310289 19.1
1911 0.01041638732421432 19.11
1912 0.01041636379708446 19.12
1913 0.01041523291730146 19.13
1914 0.01041307655741944 19.14
1915 0.01041161476872218 19.15
1916 0.01040973272364653 19.16
1917 0.01040810374518467 19.17
1918 0.01040527753127603 19.18
1919 0.01040221147450338 19.19
1920 0.01039817159522582 19.2
1921 0.01039538145280627 19.21
1922 0.01039229660150093 19.22
1923 0.01039198336286305 19.23
1924 0.01039247337692106 19.24
1925 0.01039501570210644 19.25
1926 0.01039562123546737 19.26
1927 0.01039566468959773 19.27
1928 0.01039362640154052 19.28
1929 0.01039634191709817 19.29
1930 0.01039646395655748 19.3
1931 0.01039701214942376 19.31
1932 0.01039443632305948 19.32
1933 0.01039237090419478 19.33
1934 0.01038946045645277 19.34
1935 0.01038701569212553 19.35
1936 0.01038625231001387 19.36
1937 0.01038550827749003 19.37
1938 0.01038391720365702 19.38
1939 0.01038180520693025 19.39
1940 0.01037997713546202 19.4
1941 0.01037865628883092 19.41
1942 0.01037731113677989 19.42
1943 0.01037632156648464 19.43
1944 0.01037801532879901 19.44
1945 0.01037833517194675 19.45
1946 0.01038024188189172 19.46
1947 0.01037973001789334 19.47
1948 0.0103805087403293 19.48
1949 0.010379260720909 19.49
1950 0.01038041690355 19.5
1951 0.01038294208764207 19.51
1952 0.01038268581358738 19.52
1953 0.01038221151051624 19.53
1954 0.01038090939673293 19.54
1955 0.01037978539918317 19.55
1956 0.010377171022729 19.56
1957 0.01037536021308573 19.57
1958 0.01037339181974154 19.58
1959 0.01037316677951939 19.59
1960 0.01037108316825285 19.6
1961 0.01037178675374371 19.61
1962 0.01037157269090692 19.62
1963 0.0103703997436667 19.63
1964 0.01036747214150213 19.64
1965 0.01036585379827289 19.65
1966 0.01036503770569281 19.66
1967 0.01036423893279911 19.67
1968 0.0103604400774272 19.68
1969 0.01035796065347539 19.69
1970 0.01035626879055137 19.7
1971 0.01035654838826884 19.71
1972 0.01035632859754336 19.72
1973 0.0103581066432122 19.73
1974 0.01035762106235376 19.74
1975 0.01035936471728293 19.75
1976 0.01035951898315304 19.76
1977 0.01036191781551874 19.77
1978 0.01036131226126151 19.78
1979 0.01036094343137761 19.79
1980 0.01035945151835636 19.8
1981 0.01035822636895156 19.81
1982 0.01035606316561347 19.82
1983 0.01035348567707805 19.83
1984 0.01035087184861651 19.84
1985 0.01034834373712631 19.85
1986 0.0103466867012335 19.86
1987 0.01034429748336179 19.87
1988 0.01034242837350642 19.88
1989 0.01034163738492503 19.89
1990 0.01034076833004359 19.9
1991 0.0103417352532187 19.91
1992 0.01034375933245553 19.92
1993 0.01034473783142675 19.93
1994 0.01034606038695025 19.94
1995 0.01034586062736623 19.95
1996 0.01034521135674356 19.96
1997 0.01034410757959818 19.97
1998 0.01034351735966399 19.98
1999 0.0103400323718083 19.99
2000 0.01033599837092212 20
2001 0.01033242464507548 20.01
2002 0.01032966334355831 20.02
2003 0.01032735130195673 20.03
2004 0.01032577191576762 20.04
2005 0.01032452018967546 20.05
2006 0.01032360881645543 20.06
2007 0.01032339662317221 20.07
2008 0.01032405966283565 20.08
2009 0.01032323839472074 20.09
2010 0.01032170373101108 20.1
2011 0.0103211354003289 20.11
2012 0.01031957683920593 20.12
2013 0.01031644396071205 20.13
2014 0.01031463949087095 20.14
2015 0.01031288873611789 20.15
2016 0.01031074721595926 20.16
2017 0.01030768801018245 20.17
2018 0.01030573703958734 20.18
2019 0.01030406895255805 20.19
2020 0.01030265081906862 20.2
2021 0.01030201937154599 20.21
2022 0.01030192046381483 20.22
2023 0.01030162516089675 20.23
2024 0.01030057916029009 20.24
2025 0.01029995338799608 20.25
2026 0.01029848906253946 20.26
2027 0.01029668067100342 20.27
2028 0.01029491153801769 20.28
2029 0.01029170601418801 20.29
2030 0.0102902719438973 20.3
2031 0.01028745166764976 20.31
2032 0.01028543839207529 20.32
2033 0.01028398455988295 20.33
2034 0.01028336732322582 20.34
2035 0.01028360730896295 20.35
2036 0.01028369840728721 20.36
2037 0.01028537306510268 20.37
2038 0.01028507593683171 20.38
2039 0.01028550875957447 20.39
2040 0.01028544607361502 20.4
2041 0.01028537373910641 20.41
2042 0.01028437509801856 20.42
2043 0.01028511215611532 20.43
2044 0.01028467188603007 20.44
2045 0.0102843132991895 20.45
2046 0.01028381283425411 20.46
2047 0.01028273510411 20.47
2048 0.01028200159173106 20.48
2049 0.01028024673130222 20.49
2050 0.01027827721266242 20.5
2051 0.01027565717083086 20.51
2052 0.01027356039001616 20.52
2053 0.01027330997335233 20.53
2054 0.01027117033131496 20.54
2055 0.0102696990982085 20.55
2056 0.01026892860662286 20.56
2057 0.01027099682898017 20.57
2058 0.01026969047152793 20.58
2059 0.01026855816958943 20.59
2060 0.01026785349763005 20.6
2061 0.01026684475136974 20.61
2062 0.01026697922674044 20.62
2063 0.01026646672379791 20.63
2064 0.01026626710358896 20.64
2065 0.01026558866392271 20.65
2066 0.0102651831085868 20.66
2067 0.01026439114481966 20.67
2068 0.01026405550205476 20.68
2069 0.01026309442737761 20.69
2070 0.01026230751954179 20.7
2071 0.01026235267865034 20.71
2072 0.01026064560076389 20.72
2073 0.01026023662360945 20.73
2074 0.01025966761089643 20.74
2075 0.01025987946012287 20.75
2076 0.01025940668283447 20.76
2077 0.01025946019658628 20.77
2078 0.01025921002784375 20.78
2079 0.0102601047923622 20.79
2080 0.01025987086068157 20.8
2081 0.01026010244683897 20.81
2082 0.0102602904810865 20.82
2083 0.01026033351677868 20.83
2084 0.01026090634330476 20.84
2085 0.01026075528050269 20.85
2086 0.01026176780971682 20.86
2087 0.01026237311723054 20.87
2088 0.01026437305738646 20.88
2089 0.01026507160898845 20.89
2090 0.01026668770250929 20.9
2091 0.01026663309304271 20.91
2092 0.01026635031873355 20.92
2093 0.01026615336296602 20.93
2094 0.0102649657015161 20.94
2095 0.01026333764055673 20.95
2096 0.0102629523553615 20.96
2097 0.01026302573099762 20.97
2098 0.01026349704864775 20.98
2099 0.01026414579908252 20.99
2100 0.01026431413323048 21
2101 0.01026516030901536 21.01
2102 0.01026574310131334 21.02
2103 0.01026644365915671 21.03
2104 0.01026603129740777 21.04
2105 0.01026503661928454 21.05
2106 0.01026430862131537 21.06
2107 0.01026318415769686 21.07
2108 0.01026192541373337 21.08
2109 0.01026102852405721 21.09
2110 0.01026049513847874 21.1
2111 0.01026036588965125 21.11
2112 0.0102599871016223 21.12
2113 0.01026009618089968 21.13
2114 0.01025998167202433 21.14
2115 0.01025953208363701 21.15
2116 0.01025902812042864 21.16
2117 0.01025924947095441 21.17
2118 0.01025928177837572 21.18
2119 0.01026107829519016 21.19
2120 0.01026238505316382 21.2
2121 0.0102621273392153 21.21
2122 0.01026150389142621 21.22
2123 0.01026060725680201 21.23
2124 0.01026059785032183 21.24
2125 0.01026003836501681 21.25
2126 0.0102598215679292 21.26
2127 0.01025966097119202 21.27
2128 0.01026044057145335 21.28
2129 0.01026024198355816 21.29
2130 0.0102609860693895 21.3
2131 0.01026054239234314 21.31
2132 0.0102595921414531 21.32
2133 0.01025847108137371 21.33
2134 0.01025786171303878 21.34
2135 0.01025663071165132 21.35
2136 0.01025625946156286 21.36
2137 0.01025581550407406 21.37
2138 0.01025523291694408 21.38
2139 0.01025257265676507 21.39
2140 0.01025115768247402 21.4
2141 0.01024879450763147 21.41
2142 0.0102469325445176 21.42
2143 0.01024593955508861 21.43
2144 0.01024539382524296 21.44
2145 0.01024581712812134 21.45
2146 0.01024560919714345 21.46
2147 0.0102459113539065 21.47
2148 0.01024518208073296 21.48
2149 0.01024385694741355 21.49
2150 0.01024306268897509 21.5
2151 0.01024254541910228 21.51
2152 0.010241192384785 21.52
2153 0.01024007644613556 21.53
2154 0.01023710994057376 21.54
2155 0.0102351337466836 21.55
2156 0.01023314813961882 21.56
2157 0.01023109490721013 21.57
2158 0.01022865915492208 21.58
2159 0.01022731423434728 21.59
2160 0.0102277258350128 21.6
2161 0.01022760254481771 21.61
2162 0.01022794541281275 21.62
2163 0.01022719988390281 21.63
2164 0.0102262887801762 21.64
2165 0.01022469538616328 21.65
2166 0.01022173933387 21.66
2167 0.01021858729981204 21.67
2168 0.01021587790414968 21.68
2169 0.01021435186498412 21.69
2170 0.01021270388229586 21.7
2171 0.01021244656880082 21.71
2172 0.01021286038267659 21.72
2173 0.01021411881058993 21.73
2174 0.01021291929330106 21.74
2175 0.01021161010148334 21.75
2176 0.01021113178482453 21.76
2177 0.01020949174508752 21.77
2178 0.01020764356565567 21.78
2179 0.01020648009105792 21.79
2180 0.01020522686466294 21.8
2181 0.01020494382639657 21.81
2182 0.01020356665954333 21.82
2183 0.01020244349095275 21.83
2184 0.01020055154982186 21.84
2185 0.0101987498459801 21.85
2186 0.01019683085703702 21.86
2187 0.01019467713034716 21.87
2188 0.01019175524841753 21.88
2189 0.01018995922333658 21.89
2190 0.0101894842136404 21.9
2191 0.01018876743668823 21.91
2192 0.01018824453387166 21.92
2193 0.01018894609846224 21.93
2194 0.01018855883419076 21.94
2195 0.01018811352795772 21.95
2196 0.01018884507486959 21.96
2197 0.0101877763867123 21.97
2198 0.01018689890209795 21.98
2199 0.01018703086233721 21.99
2200 0.01018536573788924 22
2201 0.01018425514333246 22.01
2202 0.01018413144987665 22.02
2203 0.01018284561357546 22.03
2204 0.01018138851025004 22.04
2205 0.01017976191251923 22.05
2206 0.01017906086659295 22.06
2207 0.01017756777336874 22.07
2208 0.01017608136676043 22.08
2209 0.01017562444698073 22.09
2210 0.010174565270735 22.1
2211 0.01017370076754558 22.11
2212 0.01017289272307293 22.12
2213 0.01017299251764884 22.13
2214 0.01017234388930198 22.14
2215 0.01017192017519036 22.15
2216 0.01017169186430118 22.16
2217 0.01017248848268713 22.17
2218 0.01017230464077345 22.18
2219 0.01017184441334198 22.19
2220 0.01017056245339509 22.2
2221 0.01016837060765285 22.21
2222 0.01016811809344306 22.22
2223 0.01016809136000047 22.23
2224 0.0101696450716021 22.24
2225 0.01016961576027256 22.25
2226 0.01016898554247633 22.26
2227 0.01016850722716521 22.27
2228 0.01016902838816078 22.28
2229 0.01017013311480244 22.29
2230 0.01016933900142226 22.3
2231 0.0101678622794634 22.31
2232 0.01016851963574892 22.32
2233 0.01017001489606499 22.33
2234 0.0101693689635977 22.34
2235 0.01016864157128964 22.35
2236 0.01016904534815388 22.36
2237 0.01016796535089144 22.37
2238 0.01016726337860909 22.38
2239 0.01016652949763138 22.39
2240 0.01016624930059144 22.4
2241 0.01016686475753371 22.41
2242 0.01016592675974409 22.42
2243 0.01016693631682924 22.43
2244 0.01016734395216473 22.44
2245 0.0101691587375731 22.45
2246 0.01016986965605908 22.46
2247 0.01017098390108074 22.47
2248 0.01017060318105189 22.48
2249 0.01016950009939856 22.49
2250 0.01016995354514781 22.5
2251 0.0101706923880786 22.51
2252 0.01017023158495817 22.52
2253 0.01017009664125539 22.53
2254 0.01017084461427084 22.54
2255 0.01017168150839245 22.55
2256 0.01017059833982591 22.56
2257 0.01016940172877204 22.57
2258 0.01016818536479599 22.58
2259 0.01016819816292601 22.59
2260 0.0101680651835248 22.6
2261 0.01016836332002341 22.61
2262 0.01016794962542338 22.62
2263 0.01016824181319718 22.63
2264 0.01016808731804256 22.64
2265 0.01016890994651701 22.65
2266 0.01016860105386546 22.66
2267 0.0101694764229146 22.67
2268 0.01016963180538287 22.68
2269 0.01017109729394226 22.69
2270 0.01017363720658042 22.7
2271 0.01017375102090478 22.71
2272 0.01017261761343229 22.72
2273 0.01017265744597665 22.73
2274 0.01017268940773663 22.74
2275 0.0101700906970923 22.75
2276 0.01016820414107608 22.76
2277 0.01016952055398387 22.77
2278 0.0101697609047115 22.78
2279 0.01017066507757128 22.79
2280 0.01017087688961996 22.8
2281 0.01017175844840122 22.81
2282 0.01017229292414457 22.82
2283 0.01017309409568731 22.83
2284 0.01017615203661514 22.84
2285 0.01017754863290622 22.85
2286 0.0101766964408975 22.86
2287 0.01017561251485221 22.87
2288 0.01017419619396059 22.88
2289 0.01017543786184338 22.89
2290 0.01017578587410272 22.9
2291 0.01017447726837516 22.91
2292 0.01017251305161647 22.92
2293 0.01017002118138621 22.93
2294 0.01016904918251411 22.94
2295 0.01016817041926589 22.95
2296 0.01016755565038092 22.96
2297 0.01016690784752617 22.97
2298 0.01016638402843661 22.98
2299 0.01016614470452331 22.99
2300 0.01016664561406748 23
2301 0.01016693214954193 23.01
2302 0.01016807605642102 23.02
2303 0.01016832775054665 23.03
2304 0.01016886365558851 23.04
2305 0.01017089368829392 23.05
2306 0.01017202666142171 23.06
2307 0.01017303420778355 23.07
2308 0.01017335208660348 23.08
2309 0.01017318777583219 23.09
2310 0.01017152672469132 23.1
2311 0.01016930833606837 23.11
2312 0.01016773675262962 23.12
2313 0.01016588805917849 23.13
2314 0.01016438504963797 23.14
2315 0.01016354904783998 23.15
2316 0.01016301831470341 23.16
2317 0.01016346286658504 23.17
2318 0.0101630695298986 23.18
2319 0.01016254210945943 23.19
2320 0.01016321035199128 23.2
2321 0.01016437913433876 23.21
2322 0.0101642206378752 23.22
2323 0.01016473312857748 23.23
2324 0.0101644735962503 23.24
2325 0.01016389374708445 23.25
2326 0.01016300042125726 23.26
2327 0.01016103282632905 23.27
2328 0.0101584615851146 23.28
2329 0.01015616380957476 23.29
2330 0.01015507347612028 23.3
2331 0.01015406495352235 23.31
2332 0.01015303977883542 23.32
2333 0.01015174271158968 23.33
2334 0.01015097059128377 23.34
2335 0.01015001588276893 23.35
2336 0.01014932665969303 23.36
2337 0.01014718570363762 23.37
2338 0.01014580862003815 23.38
2339 0.01014355631208973 23.39
2340 0.01014203562988974 23.4
2341 0.01014081124028367 23.41
2342 0.01014068990176982 23.42
2343 0.01014096206504189 23.43
2344 0.01013811472180151 23.44
2345 0.0101371482928892 23.45
2346 0.01013697142349858 23.46
2347 0.01013663909301662 23.47
2348 0.01013624286170144 23.48
2349 0.01013630088971842 23.49
2350 0.01013597075027361 23.5
2351 0.01013370216720185 23.51
2352 0.01013304169159332 23.52
2353 0.01013164608931108 23.53
2354 0.01012984615028252 23.54
2355 0.01012813477139267 23.55
2356 0.01012677321037252 23.56
2357 0.01012824176692168 23.57
2358 0.01012777555829068 23.58
2359 0.01012685396577625 23.59
2360 0.01012492083272829 23.6
2361 0.01012319494316353 23.61
2362 0.01012181125131006 23.62
2363 0.010120941714274 23.63
2364 0.01011928775228596 23.64
2365 0.01011781686485065 23.65
2366 0.01011606380591376 23.66
2367 0.01011435985153037 23.67
2368 0.01011363580381092 23.68
2369 0.01011296373753592 23.69
2370 0.01011126513753115 23.7
2371 0.01010848402264765 23.71
2372 0.01010661832789288 23.72
2373 0.01010463651532451 23.73
2374 0.01010640954089885 23.74
2375 0.01010633876712123 23.75
2376 0.01010431616257446 23.76
2377 0.01010233596781756 23.77
2378 0.01010049525461818 23.78
2379 0.01009848790289228 23.79
2380 0.01009703926512777 23.8
2381 0.010095563309565 23.81
2382 0.01009478269312159 23.82
2383 0.0100934381655586 23.83
2384 0.01009225447027488 23.84
2385 0.01009133239632368 23.85
2386 0.0100901389553862 23.86
2387 0.0100884915253994 23.87
2388 0.01008835112228768 23.88
2389 0.01008889778493795 23.89
2390 0.01008926147357302 23.9
2391 0.01008869022769964 23.91
2392 0.01008775697512372 23.92
2393 0.01008569199064222 23.93
2394 0.01008187949813853 23.94
2395 0.01007870015371989 23.95
2396 0.01007784862209295 23.96
2397 0.01007840100921122 23.97
2398 0.01007864418196055 23.98
2399 0.01007822883197149 23.99
2400 0.01007710196108624 24
2401 0.01007516794448326 24.01
2402 0.01007310764417112 24.02
2403 0.0100730902214254 24.03
2404 0.01007313255126315 24.04
2405 0.01007307942651767 24.05
2406 0.01007362361642225 24.06
2407 0.01007404447883061 24.07
2408 0.01007299176991706 24.08
2409 0.01007158968461424 24.09
2410 0.01006878424715481 24.1
2411 0.01006644791567235 24.11
2412 0.01006510610675715 24.12
2413 0.01006307906367037 24.13
2414 0.01006163136019559 24.14
2415 0.01006142451825171 24.15
2416 0.01006164526371364 24.16
2417 0.01006194877962239 24.17
2418 0.01006133666785892 24.18
2419 0.01006098982596786 24.19
2420 0.01005887308967397 24.2
2421 0.01005738957650976 24.21
2422 0.01005895243386282 24.22
2423 0.01005945079670643 24.23
2424 0.01006037500634016 24.24
2425 0.01005844841456331 24.25
2426 0.01005427159802708 24.26
2427 0.01005195324105787 24.27
2428 0.01004777998814956 24.28
2429 0.01004497994572652 24.29
2430 0.01004049151492461 24.3
2431 0.01003778299524142 24.31
2432 0.01003650242058204 24.32
2433 0.01003565593520657 24.33
2434 0.01003534482995199 24.34
2435 0.01003842106794996 24.35
2436 0.01004108501609095 24.36
2437 0.01004188162983469 24.37
2438 0.01004346279288232 24.38
2439 0.01004399080227251 24.39
2440 0.01004443986509653 24.4
2441 0.01004405090981346 24.41
2442 0.01004377472500795 24.42
2443 0.01004422454334178 24.43
2444 0.01004417135107059 24.44
2445 0.01004400591617914 24.45
2446 0.01004338105225844 24.46
2447 0.01004074056104536 24.47
2448 0.01003970352362582 24.48
2449 0.01003907560258542 24.49
2450 0.01003827156170521 24.5
2451 0.01003742826335912 24.51
2452 0.0100373480173001 24.52
2453 0.01003684365788636 24.53
2454 0.01003624804897795 24.54
2455 0.01003550356452435 24.55
2456 0.01003502134600639 24.56
2457 0.01003403317033977 24.57
2458 0.01003319254146535 24.58
2459 0.01003232107798669 24.59
2460 0.01003044038344054 24.6
2461 0.01002820173426068 24.61
2462 0.01002668492003427 24.62
2463 0.01002643522215835 24.63
2464 0.01002690403648851 24.64
2465 0.01002787821347412 24.65
2466 0.01002770737853004 24.66
2467 0.01002725094283567 24.67
2468 0.0100264719541493 24.68
2469 0.01002530203069369 24.69
2470 0.01002389726554673 24.7
2471 0.01002327684883625 24.71
2472 0.0100220253558269 24.72
2473 0.01002116239607521 24.73
2474 0.01002123101048217 24.74
2475 0.01002095886634767 24.75
2476 0.01002121743145857 24.76
2477 0.01002115945810773 24.77
2478 0.01002193364819318 24.78
2479 0.0100221583746091 24.79
2480 0.01002226514516377 24.8
2481 0.0100223091108041 24.81
2482 0.01002336850778824 24.82
2483 0.01002541835768112 24.83
2484 0.01002559138934792 24.84
2485 0.01002495247505722 24.85
2486 0.01002360623474381 24.86
2487 0.01002256824163153 24.87
2488 0.01002030591269696 24.88
2489 0.01001815238068005 24.89
2490 0.01001626506642458 24.9
2491 0.01001469640795524 24.91
2492 0.0100135136513234 24.92
2493 0.01001286072472234 24.93
2494 0.01001126283245186 24.94
2495 0.0100100793987811 24.95
2496 0.01000894877372177 24.96
2497 0.01000845282213837 24.97
2498 0.01000739376850965 24.98
2499 0.01000691300717958 24.99
2500 0.01000694304026121 25
2501 0.0100077118159598 25.01
2502 0.0100085815001137 25.02
2503 0.01001042072234712 25.03
2504 0.01001127234656059 25.04
2505 0.01001233160505511 25.05
2506 0.01001249818507362 25.06
2507 0.01001201089391823 25.07
2508 0.01001232295752173 25.08
2509 0.01001072972370124 25.09
2510 0.01001000710491569 25.1
2511 0.01000895053024839 25.11
2512 0.0100071603775578 25.12
2513 0.01000542735310539 25.13
2514 0.01000442460483479 25.14
2515 0.01000259356527572 25.15
2516 0.01000206182690888 25.16
2517 0.01000118904094222 25.17
2518 0.01000070019508147 25.18
2519 0.0100009238544322 25.19
2520 0.0100011182868277 25.2
2521 0.01000094249029295 25.21
2522 0.01000142377668672 25.22
2523 0.01000160125626892 25.23
2524 0.01000207680943214 25.24
2525 0.01000012080243019 25.25
2526 0.009998884459042448 25.26
2527 0.009997017324968827 25.27
2528 0.009996088175396049 25.28
2529 0.009994931821853901 25.29
2530 0.009994226759254373 25.3
2531 0.009993095638058308 25.31
2532 0.009992781699312114 25.32
2533 0.009991780799940486 25.33
2534 0.009990800547089406 25.34
2535 0.009990297197502492 25.35
2536 0.009990382762413243 25.36
2537 0.009991150167325174 25.37
2538 0.00999162074483104 25.38
2539 0.009991659669131216 25.39
2540 0.009991138320290759 25.4
2541 0.009990838836934095 25.41
2542 0.009989884518311065 25.42
2543 0.009988787616775741 25.43
2544 0.009988101321227412 25.44
2545 0.009986761393006235 25.45
2546 0.00998539790743597 25.46
2547 0.009984297435224309 25.47
2548 0.009983865445149835 25.48
2549 0.009982850195259432 25.49
2550 0.009981615332756152 25.5
2551 0.009980736578200089 25.51
2552 0.009980162475257938 25.52
2553 0.00997804192675616 25.53
2554 0.009977715805961984 25.54
2555 0.00997779122894134 25.55
2556 0.009977792586945134 25.56
2557 0.009978704555643475 25.57
2558 0.009979045856956362 25.58
2559 0.009978626916797764 25.59
2560 0.009977675358876869 25.6
2561 0.009977068439771171 25.61
2562 0.009974021116604018 25.62
2563 0.00997121111685103 25.63
2564 0.009969099508312068 25.64
2565 0.009967717144084834 25.65
2566 0.009968163196081473 25.66
2567 0.009968568155026836 25.67
2568 0.009968011909803249 25.68
2569 0.009968841705861866 25.69
2570 0.00996842549842907 25.7
2571 0.009967704391839218 25.71
2572 0.009966784691624441 25.72
2573 0.009965850776326345 25.73
2574 0.009964784146687848 25.74
2575 0.009964936518771936 25.75
2576 0.009965001888872506 25.76
2577 0.009964696423549874 25.77
2578 0.009963462050112445 25.78
2579 0.009962257098303527 25.79
2580 0.00996140702134423 25.8
2581 0.009960690088731959 25.81
2582 0.009959860814318771 25.82
2583 0.009959803070370862 25.83
2584 0.009959637192669464 25.84
2585 0.009959905545121784 25.85
2586 0.009959556338579902 25.86
2587 0.009959307970833765 25.87
2588 0.00995861026816337 25.88
2589 0.009957222235357282 25.89
2590 0.009956341577874617 25.9
2591 0.009956115658577593 25.91
2592 0.009955231165170103 25.92
2593 0.009953799202555022 25.93
2594 0.009952717827163806 25.94
2595 0.009951332125507983 25.95
2596 0.009952195130769854 25.96
2597 0.009953521651395599 25.97
2598 0.009954409489385967 25.98
2599 0.009954327716792105 25.99
2600 0.009954574409362999 26
2601 0.009954317492362783 26.01
2602 0.009953694051773647 26.02
2603 0.009952622531308453 26.03
2604 0.009951742873224327 26.04
2605 0.009951993172546169 26.05
2606 0.009951935183827549 26.06
2607 0.009952530023519725 26.07
2608 0.009949381119352136 26.08
2609 0.009947789996289222 26.09
2610 0.00994704318763851 26.1
2611 0.009947001164353873 26.11
2612 0.0099475956872416 26.12
2613 0.009948108404904682 26.13
2614 0.009949223436738153 26.14
2615 0.009949260896482416 26.15
2616 0.009949380115623876 26.16
2617 0.009949531820742308 26.17
2618 0.009949710044656092 26.18
2619 0.00995015130605615 26.19
2620 0.009951006212130718 26.2
2621 0.009951300526995248 26.21
2622 0.00995265726029778 26.22
2623 0.009951336436232076 26.23
2624 0.009950281497323819 26.24
2625 0.009949887243218249 26.25
2626 0.009948078573178002 26.26
2627 0.009946984063249103 26.27
2628 0.009948376343222971 26.28
2629 0.009949186141719123 26.29
2630 0.009949574771677714 26.3
2631 0.009949907107751444 26.31
2632 0.009949873539501301 26.32
2633 0.009950423394701171 26.33
2634 0.009950961864969989 26.34
2635 0.009950818268039421 26.35
2636 0.009949858895941719 26.36
2637 0.009949352530280136 26.37
2638 0.009949060878986159 26.38
2639 0.009949817470538223 26.39
2640 0.009950810080235479 26.4
2641 0.009951786777014592 26.41
2642 0.009952273679916057 26.42
2643 0.009951831168156147 26.43
2644 0.009951649486455001 26.44
2645 0.009953663493677973 26.45
2646 0.009955767223471128 26.46
2647 0.009957196977507842 26.47
2648 0.009958157187866223 26.48
2649 0.009957730406291807 26.49
2650 0.009957290905177154 26.5
2651 0.009956716089743691 26.51
2652 0.00995596109597565 26.52
2653 0.00995553060511592 26.53
2654 0.009955344993170951 26.54
2655 0.009955126704520157 26.55
2656 0.009955577391831828 26.56
2657 0.00995545077440362 26.57
2658 0.009955580172657422 26.58
2659 0.009955228746912976 26.59
2660 0.00995508981315355 26.6
2661 0.009955619370141227 26.61
2662 0.00995618633029405 26.62
2663 0.00995691424936886 26.63
2664 0.009957634971086432 26.64
2665 0.009958426043224562 26.65
2666 0.009959002906852935 26.66
2667 0.00995968989280847 26.67
2668 0.009960145277697103 26.68
2669 0.009960006356293658 26.69
2670 0.009959901519667873 26.7
2671 0.009959835122181307 26.71
2672 0.009959870362780876 26.72
2673 0.009959731668136764 26.73
2674 0.009959825520676351 26.74
2675 0.00996199114096228 26.75
2676 0.009963672339383473 26.76
2677 0.009964635866811372 26.77
2678 0.009966034429031004 26.78
2679 0.009966749943534303 26.79
2680 0.009967511254646719 26.8
2681 0.009967775635378729 26.81
2682 0.009968267336368141 26.82
2683 0.009968688721335595 26.83
2684 0.009968426846627642 26.84
2685 0.009966520927845883 26.85
2686 0.009965367464141107 26.86
2687 0.009964986808657605 26.87
2688 0.009963282739582115 26.88
2689 0.009962691531961844 26.89
2690 0.009962791301375354 26.9
2691 0.009963069924465887 26.91
2692 0.009965478632775634 26.92
2693 0.009967542528286775 26.93
2694 0.00996877791648829 26.94
2695 0.009970039324420804 26.95
2696 0.009969743592802265 26.96
2697 0.0099693445916935 26.97
2698 0.009970303911970886 26.98
2699 0.009971043631726843 26.99
2700 0.009969491639663193 27
2701 0.009971439188714478 27.01
2702 0.009973482734290039 27.02
2703 0.00997392803931608 27.03
2704 0.009975502674159189 27.04
2705 0.00997612845572665 27.05
2706 0.009976100562559952 27.06
2707 0.009975824654704413 27.07
2708 0.009975187366086963 27.08
2709 0.009975076959855785 27.09
2710 0.009975132846764845 27.1
2711 0.009974319907795733 27.11
2712 0.009973697966200158 27.12
2713 0.009972717047762506 27.13
2714 0.009972710017820489 27.14
2715 0.009973090007517411 27.15
2716 0.009973816422269426 27.16
2717 0.009974698242135951 27.17
2718 0.009975649986202212 27.18
2719 0.009976351740304404 27.19
2720 0.009975281675170344 27.2
2721 0.00997496250081399 27.21
2722 0.009974700918477065 27.22
2723 0.009975482222429374 27.23
2724 0.009976188594779225 27.24
2725 0.009976723294298424 27.25
2726 0.009976520370802065 27.26
2727 0.009976653692828345 27.27
2728 0.009977390152633612 27.28
2729 0.009977588713588875 27.29
2730 0.00997742415890464 27.3
2731 0.009977312525888894 27.31
2732 0.00997673458346617 27.32
2733 0.009976750168969484 27.33
2734 0.009976647284654812 27.34
2735 0.009976005477413103 27.35
2736 0.009976595172848384 27.36
2737 0.00997715822685393 27.37
2738 0.009976749132810353 27.38
2739 0.00997732933826141 27.39
2740 0.009977063532086015 27.4
2741 0.009978266452762275 27.41
2742 0.009979430592918836 27.42
2743 0.009979379935332124 27.43
2744 0.009980530230561783 27.44
2745 0.009978965147960131 27.45
2746 0.009978841463327733 27.46
2747 0.009978875654575569 27.47
2748 0.009978520103107999 27.48
2749 0.009978938049194192 27.49
2750 0.009979952687501459 27.5
2751 0.009979647518719839 27.51
2752 0.00997996851408975 27.52
2753 0.009980754722803537 27.53
2754 0.00998017459126295 27.54
2755 0.009980937886109084 27.55
2756 0.009981772731098734 27.56
2757 0.009981088067635868 27.57
2758 0.009981450542558069 27.58
2759 0.009981499714757881 27.59
2760 0.009980651554153062 27.6
2761 0.009980561815413546 27.61
2762 0.009978811453402184 27.62
2763 0.009978424878878938 27.63
2764 0.009978804580648549 27.64
2765 0.009978012816719558 27.65
2766 0.009978352903652656 27.66
2767 0.009977221836583578 27.67
2768 0.00997793538497313 27.68
2769 0.009979017702943026 27.69
2770 0.00997865127140133 27.7
2771 0.009977777673020339 27.71
2772 0.009975728626835887 27.72
2773 0.009979250147214572 27.73
2774 0.009981859966598887 27.74
2775 0.009982353214058062 27.75
2776 0.009985039609108945 27.76
2777 0.009981760517554686 27.77
2778 0.009980318388584399 27.78
2779 0.009979872662779126 27.79
2780 0.009982476378225639 27.8
2781 0.009987362191789037 27.81
2782 0.009987670897377308 27.82
2783 0.009989974751773767 27.83
2784 0.009993615082695707 27.84
2785 0.009995103492316547 27.85
2786 0.009995205119224207 27.86
2787 0.009993555888397558 27.87
2788 0.009988741325453895 27.88
2789 0.009984404977190402 27.89
2790 0.009981124573346996 27.9
2791 0.009979245992213476 27.91
2792 0.009978725621753701 27.92
2793 0.009977882713266179 27.93
2794 0.009978909470751092 27.94
2795 0.00998065615063835 27.95
2796 0.009982845886469513 27.96
2797 0.009984326576953216 27.97
2798 0.009986447736553805 27.98
2799 0.009988130335487119 27.99
2800 0.009988868949463037 28
2801 0.009989301209582531 28.01
2802 0.009988418541424996 28.02
2803 0.009988798032096123 28.03
2804 0.00999168176079282 28.04
2805 0.009991385020199934 28.05
2806 0.009991752763326634 28.06
2807 0.009989494701048698 28.07
2808 0.009988248962543819 28.08
2809 0.009988392644534933 28.09
2810 0.009989465064615042 28.1
2811 0.009993667293852324 28.11
2812 0.009996812916645682 28.12
2813 0.01000022029867724 28.13
2814 0.01000312687484377 28.14
2815 0.01000497922123319 28.15
2816 0.01000461622620214 28.16
2817 0.01000488858890032 28.17
2818 0.01000421745198069 28.18
2819 0.01000242533720489 28.19
2820 0.01000072138362329 28.2
2821 0.009999455420757624 28.21
2822 0.009998156955917308 28.22
2823 0.009997366648891382 28.23
2824 0.009995905786853099 28.24
2825 0.009995166537828523 28.25
2826 0.009994990369627811 28.26
2827 0.009993266164198636 28.27
2828 0.009992802271219169 28.28
2829 0.009994473917667919 28.29
2830 0.009994545002043231 28.3
2831 0.009995162538581565 28.31
2832 0.009995451563169923 28.32
2833 0.009995335180982346 28.33
2834 0.009996710560825862 28.34
2835 0.009997821465812096 28.35
2836 0.01000050372417362 28.36
2837 0.01000429531664294 28.37
2838 0.01000630331302467 28.38
2839 0.01000618690688692 28.39
2840 0.01000592053667127 28.4
2841 0.01000557546701774 28.41
2842 0.01000356724079136 28.42
2843 0.01000134157935349 28.43
2844 0.01000025559468239 28.44
2845 0.009998835234361016 28.45
2846 0.009997591911379942 28.46
2847 0.009997120189209212 28.47
2848 0.009998487280574109 28.48
2849 0.01000219814645439 28.49
2850 0.01000347804611169 28.5
2851 0.01000593073835821 28.51
2852 0.01000757527212231 28.52
2853 0.01001112376356035 28.53
2854 0.01001317824267278 28.54
2855 0.01001841614258402 28.55
2856 0.01002207674546552 28.56
2857 0.01002477376492297 28.57
2858 0.01002636325774052 28.58
2859 0.01002403204935339 28.59
2860 0.01002341681308416 28.6
2861 0.01002372810266266 28.61
2862 0.01002446988595818 28.62
2863 0.01002803486255698 28.63
2864 0.01003132483286346 28.64
2865 0.01003282699613194 28.65
2866 0.01003364026035849 28.66
2867 0.01003348452976634 28.67
2868 0.01003599464797161 28.68
2869 0.01003593705796575 28.69
2870 0.01003478342469565 28.7
2871 0.01003334492556216 28.71
2872 0.01003369441524881 28.72
2873 0.01003420183793025 28.73
2874 0.01003309273079497 28.74
2875 0.0100319563219804 28.75
2876 0.01002868105158337 28.76
2877 0.0100302802044713 28.77
2878 0.01003034884443144 28.78
2879 0.01002993821306097 28.79
2880 0.01002921534628559 28.8
2881 0.01002767321365047 28.81
2882 0.01002599808069527 28.82
2883 0.01002471541062136 28.83
2884 0.01002484495449227 28.84
2885 0.01002500700977531 28.85
2886 0.01002620601401135 28.86
2887 0.0100293283885569 28.87
2888 0.01002995422461379 28.88
2889 0.0100315726925091 28.89
2890 0.01003270237977969 28.9
2891 0.0100375749349088 28.91
2892 0.01003943879103268 28.92
2893 0.01004211174448848 28.93
2894 0.01004393224578389 28.94
2895 0.01004512915692241 28.95
2896 0.01004468724042522 28.96
2897 0.01004411228338063 28.97
2898 0.01004338850688898 28.98
2899 0.01004083037845443 28.99
2900 0.0100377085767871 29
2901 0.01003340126210264 29.01
2902 0.01002866099004533 29.02
2903 0.01002506857794122 29.03
2904 0.01002135621148302 29.04
2905 0.01002021513281552 29.05
2906 0.01001989084714186 29.06
2907 0.01002009536969836 29.07
2908 0.01002283913803433 29.08
2909 0.01002490043412344 29.09
2910 0.01002642759468343 29.1
2911 0.01002784523631536 29.11
2912 0.01003128456499594 29.12
2913 0.01003287402152364 29.13
2914 0.01003265542290503 29.14
2915 0.0100338002001714 29.15
2916 0.01003398251004422 29.16
2917 0.01003235641637598 29.17
2918 0.01003092075416153 29.18
2919 0.01002841012845545 29.19
2920 0.01002822513726291 29.2
2921 0.01002755532605902 29.21
2922 0.01002585155823595 29.22
2923 0.01002493999762097 29.23
2924 0.01002213926431997 29.24
2925 0.0100208590209414 29.25
2926 0.01002116911029709 29.26
2927 0.01002136092318878 29.27
2928 0.01002622665243287 29.28
2929 0.01002901596752961 29.29
2930 0.01003242885884527 29.3
2931 0.01003355816275739 29.31
2932 0.01003321911843422 29.32
2933 0.01003256349184045 29.33
2934 0.01003188295103337 29.34
2935 0.01003169505318814 29.35
2936 0.01003025197309725 29.36
2937 0.01002922145194468 29.37
2938 0.01002463181634421 29.38
2939 0.01002220650669032 29.39
2940 0.01001940314944796 29.4
2941 0.01001796096860963 29.41
2942 0.01001689464465258 29.42
2943 0.01001639997287745 29.43
2944 0.01001591739055383 29.44
2945 0.01001590513772663 29.45
2946 0.01001469418138819 29.46
2947 0.01001401537401324 29.47
2948 0.01001398172305768 29.48
2949 0.01001369321422427 29.49
2950 0.01001562628023207 29.5
2951 0.01001674307491809 29.51
2952 0.0100188272090088 29.52
2953 0.01001992326543033 29.53
2954 0.01002225758161503 29.54
2955 0.01002326584314073 29.55
2956 0.0100234465807924 29.56
2957 0.01002300647902568 29.57
2958 0.01002131445598542 29.58
2959 0.010019545749176 29.59
2960 0.01001581123565631 29.6
2961 0.01001252030875664 29.61
2962 0.01000983183862404 29.62
2963 0.01000954176774303 29.63
2964 0.01001120587426532 29.64
2965 0.01001293681404294 29.65
2966 0.01001429673579174 29.66
2967 0.01001509523473889 29.67
2968 0.01001290168013911 29.68
2969 0.01001088202748091 29.69
2970 0.01000943177536222 29.7
2971 0.01000852828919703 29.71
2972 0.01000761960257019 29.72
2973 0.01000721705602307 29.73
2974 0.01000774012294254 29.74
2975 0.01000871712059874 29.75
2976 0.01000818006463041 29.76
2977 0.01000748592415498 29.77
2978 0.01000830162665832 29.78
2979 0.01000855994894617 29.79
2980 0.01000876911895213 29.8
2981 0.01000818865178396 29.81
2982 0.01000820940284665 29.82
2983 0.010005810171615 29.83
2984 0.01000398410863074 29.84
2985 0.0100022027996673 29.85
2986 0.009999842102524172 29.86
2987 0.009997274693005362 29.87
2988 0.009995421802873035 29.88
2989 0.009996777360634628 29.89
2990 0.009997132011433804 29.9
2991 0.009997768212728438 29.91
2992 0.01000020698224552 29.92
2993 0.01000022377390705 29.93
2994 0.01000007937200569 29.94
2995 0.01000149074874935 29.95
2996 0.01000090142636462 29.96
2997 0.01000237770440757 29.97
2998 0.01000479019640453 29.98
2999 0.01000423802465327 29.99
3000 0.01000450997538208 30
