"y-force-rfile"
"Time Step" "y-force etc.."
("Time Step" "y-force" "flow-time")
0 1.292469707114106e-26 0
1 3.760647950497514 0.01
2 -0.8241735833289567 0.02
3 0.02525243332888749 0.03
4 0.8080765135450747 0.04
5 -1.015275357875908 0.05
6 0.2930164163966538 0.06
7 0.05174901339921689 0.07000000000000001
8 0.3243780359714492 0.08
9 -0.1798452439909681 0.09
10 -0.02421085433968528 0.1
11 -0.1065501640648279 0.11
12 0.02701943453912037 0.12
13 0.1283370550981857 0.13
14 0.03755974275209795 0.14
15 -0.01092826765213673 0.15
16 -0.01248340747802956 0.16
17 0.01005832405595442 0.17
18 0.03139363089179081 0.18
19 0.03359715872282432 0.19
20 0.02181010699926134 0.2
21 0.02658202987969993 0.21
22 0.01539600805190311 0.22
23 0.008928357174344814 0.23
24 0.02262761900432331 0.24
25 0.02465952178410258 0.25
26 0.0265101788826958 0.26
27 0.01760454547744672 0.27
28 0.02392095341017253 0.28
29 0.02280036407233865 0.29
30 0.02288108105029618 0.3
31 0.02654805615165801 0.31
32 0.01995916325459701 0.32
33 0.02412001466425062 0.33
34 0.01985938004757276 0.34
35 0.01892047627308147 0.35
36 0.02385979295667529 0.36
37 0.02006519015768848 0.37
38 0.02302736220399382 0.38
39 0.02611392011926883 0.39
40 0.02275382279636462 0.4
41 0.02399193932481269 0.41
42 0.02347397142805594 0.42
43 0.02554152939906329 0.43
44 0.0259178463315779 0.44
45 0.02251209884814886 0.45
46 0.02267411934731323 0.46
47 0.02524251943780853 0.47
48 0.02525235893453814 0.48
49 0.0228186297909343 0.49
50 0.02576613001326866 0.5
51 0.02198765122551061 0.51
52 0.02385331195934537 0.52
53 0.02400360125198109 0.53
54 0.02325203623980876 0.54
55 0.02492386655121148 0.55
56 0.02492285107066472 0.5600000000000001
57 0.02585496933273468 0.5700000000000001
58 0.02530217404217627 0.58
59 0.02484648612083173 0.59
60 0.02471756050556784 0.6
61 0.02498684318539213 0.61
62 0.02543655630108921 0.62
63 0.02489771874761937 0.63
64 0.02471358188307174 0.64
65 0.02560174885423461 0.65
66 0.02473148857769913 0.66
67 0.02512134325347626 0.67
68 0.02540468880949454 0.68
69 0.02503623316268033 0.6900000000000001
70 0.02517699002581786 0.7000000000000001
71 0.02537779415483432 0.71
72 0.02543925729593499 0.72
73 0.02546079250591782 0.73
74 0.02539279487559287 0.74
75 0.02559790114679603 0.75
76 0.02571715083019099 0.76
77 0.02605455457441713 0.77
78 0.02586303040216437 0.78
79 0.02564907828045171 0.79
80 0.02568838844359245 0.8
81 0.02585983633313446 0.8100000000000001
82 0.02589097463828094 0.8200000000000001
83 0.02603933582594586 0.8300000000000001
84 0.02586039084145852 0.84
85 0.02581362526507025 0.85
86 0.02586561979398594 0.86
87 0.02596253420898464 0.87
88 0.02599014983664349 0.88
89 0.02606260840004493 0.89
90 0.02623117615499382 0.9
91 0.02624413682715354 0.91
92 0.02613208798896993 0.92
93 0.02626827801146547 0.93
94 0.02640497428897859 0.9400000000000001
95 0.02646228296570458 0.9500000000000001
96 0.02660336128974322 0.96
97 0.02652472195488859 0.97
98 0.02645425447980998 0.98
99 0.02652352292814575 0.99
100 0.02665793004245887 1
101 0.02672985209566381 1.01
102 0.02698782209218872 1.02
103 0.02689111505677527 1.03
104 0.02697272292984437 1.04
105 0.02697612724241077 1.05
106 0.0269663193637846 1.06
107 0.02702144034624621 1.07
108 0.02714862593138745 1.08
109 0.02719349198973903 1.09
110 0.02723303350120182 1.1
111 0.02729741448189815 1.11
112 0.02697760366721191 1.12
113 0.02704363731844039 1.13
114 0.02711121465562871 1.14
115 0.02714519866804099 1.15
116 0.02721361270714917 1.16
117 0.02720072812496255 1.17
118 0.02723873970000257 1.18
119 0.02732375934772069 1.19
120 0.02719708157021139 1.2
121 0.0272624723160938 1.21
122 0.02731648205487369 1.22
123 0.02740819786697535 1.23
124 0.02746520515099593 1.24
125 0.02750308898628262 1.25
126 0.02751474361056327 1.26
127 0.02747635158022521 1.27
128 0.02746550937577052 1.28
129 0.02749202968131548 1.29
130 0.02757459620732361 1.3
131 0.02761234298183113 1.31
132 0.02756389583908503 1.32
133 0.02764916506125148 1.33
134 0.02784149787194279 1.34
135 0.02775490236977579 1.35
136 0.02770731652228825 1.36
137 0.0278683728404524 1.37
138 0.02793152970478147 1.38
139 0.02791209758124691 1.39
140 0.02785842504476305 1.4
141 0.02782519811368583 1.41
142 0.02783650502417567 1.42
143 0.02780806487338922 1.43
144 0.02784202059347196 1.44
145 0.02793021420060637 1.45
146 0.02793192440186154 1.46
147 0.02794580398433655 1.47
148 0.02799378172535721 1.48
149 0.02803719593322568 1.49
150 0.02805075447457872 1.5
151 0.02815424116940862 1.51
152 0.02824660741319851 1.52
153 0.02826202222020052 1.53
154 0.02824004044137013 1.54
155 0.02824794953331305 1.55
156 0.02821170561157765 1.56
157 0.02819398602266682 1.57
158 0.02818291910841531 1.58
159 0.02822208500402906 1.59
160 0.02823640863511523 1.6
161 0.02824101395120432 1.61
162 0.02821609885875698 1.62
163 0.02816638943173005 1.63
164 0.02823926425794893 1.64
165 0.02829580440265511 1.65
166 0.0283963472364317 1.66
167 0.02842943188109537 1.67
168 0.02842711301006851 1.68
169 0.02839102499797563 1.69
170 0.0283740675864102 1.7
171 0.02833533317752623 1.71
172 0.02834314347296862 1.72
173 0.0282860520466664 1.73
174 0.02826249953429222 1.74
175 0.02828690704683723 1.75
176 0.02838245837216302 1.76
177 0.02841019283820218 1.77
178 0.02845971801094055 1.78
179 0.02847346157210928 1.79
180 0.02848246848191988 1.8
181 0.02848287538519478 1.81
182 0.02848334758153415 1.82
183 0.02848716239637195 1.83
184 0.02849196690650357 1.84
185 0.02851378408379363 1.85
186 0.028540206758005 1.86
187 0.02856446529621376 1.87
188 0.02858843848275683 1.88
189 0.02860204145701789 1.89
190 0.02860399256794005 1.9
191 0.02861131229397934 1.91
192 0.02861854196204955 1.92
193 0.02864686331122079 1.93
194 0.02866754923945392 1.94
195 0.0286845976740146 1.95
196 0.02869942817314491 1.96
197 0.02871708481776197 1.97
198 0.02871093183374585 1.98
199 0.02872421361739164 1.99
200 0.02875223014403988 2
201 0.02879390604447496 2.01
202 0.02880144471572171 2.02
203 0.02881484243540755 2.03
204 0.02882301363324624 2.04
205 0.02882911622542172 2.05
206 0.02883786141747291 2.06
207 0.02884804996878887 2.07
208 0.02886143697268573 2.08
209 0.02887734508085088 2.09
210 0.02890871460768579 2.1
211 0.02892702752208126 2.11
212 0.02894145562511641 2.12
213 0.0289829630485734 2.13
214 0.02898868468033583 2.14
215 0.02898998324291674 2.15
216 0.02897600096367431 2.16
217 0.02896262813685896 2.17
218 0.02894656696411435 2.18
219 0.02894624594333089 2.19
220 0.02895114341609767 2.2
221 0.02896261522390958 2.21
222 0.02897653173375203 2.22
223 0.02898051625295139 2.23
224 0.02898678811892724 2.24
225 0.02899174417005113 2.25
226 0.02899711560882556 2.26
227 0.02900253369139583 2.27
228 0.02901512604350681 2.28
229 0.02902973298635941 2.29
230 0.02904286560399399 2.3
231 0.0290533218883422 2.31
232 0.02905888483507474 2.32
233 0.029062570208024 2.33
234 0.02905329068001244 2.34
235 0.02905346394270036 2.35
236 0.02905558528530416 2.36
237 0.02906378221783773 2.37
238 0.02906856231592142 2.38
239 0.02907883524473609 2.39
240 0.02910854339168256 2.4
241 0.02911734699855606 2.41
242 0.02911797696102925 2.42
243 0.0291111543507957 2.43
244 0.02908958876795087 2.44
245 0.02908122490188231 2.45
246 0.02908416584049694 2.46
247 0.02909672564303023 2.47
248 0.02910737773753119 2.48
249 0.02911681880660955 2.49
250 0.02912286435414485 2.5
251 0.02913064781682762 2.51
252 0.02913849016240294 2.52
253 0.02913820632669295 2.53
254 0.02912909680695069 2.54
255 0.02912437849589949 2.55
256 0.0291162203988834 2.56
257 0.02911684982906559 2.57
258 0.02912773588763901 2.58
259 0.02913834741307836 2.59
260 0.02914309004833276 2.6
261 0.02913684545355938 2.61
262 0.02913528495856532 2.62
263 0.02913600371351627 2.63
264 0.02913731421869636 2.64
265 0.02913748571547886 2.65
266 0.02913752105989009 2.66
267 0.02913416598389806 2.67
268 0.02913032055775183 2.68
269 0.02912809053021292 2.69
270 0.02912875573981621 2.7
271 0.02912932829479342 2.71
272 0.02913085917183716 2.72
273 0.02913223043739377 2.73
274 0.02913340536542625 2.74
275 0.02913467667205744 2.75
276 0.02913493793093863 2.76
277 0.02913751341710541 2.77
278 0.02913919324798153 2.78
279 0.02914211991181243 2.79
280 0.02914866710222019 2.8
281 0.02915108526602306 2.81
282 0.02914001239343184 2.82
283 0.02912995756174358 2.83
284 0.02912839994195437 2.84
285 0.02914939333946048 2.85
286 0.02915900558260137 2.86
287 0.02915851752197601 2.87
288 0.02915480703622519 2.88
289 0.02915141897973705 2.89
290 0.02914758946837609 2.9
291 0.02914510380630725 2.91
292 0.02914462681446023 2.92
293 0.02914603041422786 2.93
294 0.02914846769769869 2.94
295 0.0291468459808088 2.95
296 0.02915106708361503 2.96
297 0.02915994309496606 2.97
298 0.02916816998406374 2.98
299 0.02917859210417917 2.99
300 0.02918403301503802 3
301 0.02918763515479483 3.01
302 0.02918402452868873 3.02
303 0.02918466404353787 3.03
304 0.02918479320554379 3.04
305 0.02919279402513986 3.05
306 0.02921003013688517 3.06
307 0.02921795114415621 3.07
308 0.02921930439361808 3.08
309 0.02921588622020871 3.09
310 0.02921477816392226 3.1
311 0.02921864977951844 3.11
312 0.02922526219433264 3.12
313 0.02923189950845112 3.13
314 0.0292368979709165 3.14
315 0.02924159986229991 3.15
316 0.0292466005981783 3.16
317 0.02925186740039604 3.17
318 0.02925683435758358 3.18
319 0.02926223398046418 3.19
320 0.02926486791705102 3.2
321 0.02926920012720741 3.21
322 0.02926964801903675 3.22
323 0.02927341272495571 3.23
324 0.02928265396678464 3.24
325 0.02928812100517791 3.25
326 0.02929897845314228 3.26
327 0.02930388487926849 3.27
328 0.02930581837106555 3.28
329 0.02930586319054584 3.29
330 0.02930149913613117 3.3
331 0.02930092093236286 3.31
332 0.02930287725309133 3.32
333 0.02930853176053366 3.33
334 0.02931225618460137 3.34
335 0.02932068516504349 3.35
336 0.02932356421328636 3.36
337 0.02932053301358234 3.37
338 0.02931412436635378 3.38
339 0.0293065968700143 3.39
340 0.02929885864537429 3.4
341 0.02929267807369573 3.41
342 0.0292913887010765 3.42
343 0.02928784115690836 3.43
344 0.02928280678204814 3.44
345 0.02927832035273414 3.45
346 0.02927301321237274 3.46
347 0.0292684139894861 3.47
348 0.02926351118305315 3.48
349 0.02925617897284627 3.49
350 0.02924951201820841 3.5
351 0.02924325394841887 3.51
352 0.0292367516810435 3.52
353 0.02922947273584259 3.53
354 0.02922125157424521 3.54
355 0.0292121028241259 3.55
356 0.029202713092703 3.56
357 0.02919694271849488 3.57
358 0.02917010452154833 3.58
359 0.02914838024880645 3.59
360 0.0291343578691543 3.6
361 0.02912400573727653 3.61
362 0.02911158626746679 3.62
363 0.02909926830624654 3.63
364 0.02908918038803127 3.64
365 0.02907970779738156 3.65
366 0.02906658959961317 3.66
367 0.02904906776937283 3.67
368 0.02902954336372371 3.68
369 0.02901197414961282 3.69
370 0.0289936548529337 3.7
371 0.02900518867917817 3.71
372 0.02899036709999009 3.72
373 0.02897137463106869 3.73
374 0.02894188483857502 3.74
375 0.02890806223990822 3.75
376 0.02887878558804358 3.76
377 0.02884994595096713 3.77
378 0.02881946518132955 3.78
379 0.02879489458247769 3.79
380 0.0287687649604107 3.8
381 0.02874323392050321 3.81
382 0.02872067261255712 3.82
383 0.02869290255661222 3.83
384 0.02866194579406989 3.84
385 0.02862929067408487 3.85
386 0.02859639602802161 3.86
387 0.02856344406813566 3.87
388 0.02853221071492601 3.88
389 0.02849941940457607 3.89
390 0.0284609440265316 3.9
391 0.02842923446767515 3.91
392 0.02839500911538284 3.92
393 0.02835830088996338 3.93
394 0.02831956649256512 3.94
395 0.02828183473187734 3.95
396 0.02824383327930496 3.96
397 0.02820344474670933 3.97
398 0.02817277930403966 3.98
399 0.02813379909348257 3.99
400 0.02809416005114262 4
401 0.02805100911720426 4.01
402 0.02800853538480119 4.02
403 0.02796603867307473 4.03
404 0.02792318881124461 4.04
405 0.02788003099053982 4.05
406 0.02783806263177246 4.06
407 0.02779333609396117 4.07
408 0.02774924953033553 4.08
409 0.02770274863010808 4.09
410 0.0276535391416714 4.1
411 0.02760948155736559 4.11
412 0.02755873894122207 4.12
413 0.02750893289495171 4.13
414 0.02746065847236462 4.14
415 0.02741273197817296 4.15
416 0.02736475184043557 4.16
417 0.02731631804912982 4.17
418 0.02726247742253513 4.18
419 0.02721267946033457 4.19
420 0.02716818966093326 4.2
421 0.0271182307434138 4.21
422 0.02706484883011295 4.22
423 0.02700951427808485 4.23
424 0.02695332047182825 4.24
425 0.02689680595091026 4.25
426 0.02684176137657063 4.26
427 0.02678641255502484 4.27
428 0.02673111842499187 4.28
429 0.02667537975026985 4.29
430 0.02661864011745219 4.3
431 0.02656089653543559 4.31
432 0.02650421715037821 4.32
433 0.02645108059893714 4.33
434 0.02639554770949271 4.34
435 0.0263368931671798 4.350000000000001
436 0.02627897245909105 4.36
437 0.02622147947727688 4.37
438 0.02616428498464923 4.38
439 0.02610704363739297 4.39
440 0.02604951489922824 4.4
441 0.02599196122463016 4.41
442 0.02593444245471077 4.42
443 0.02587354415969384 4.43
444 0.02581160254626719 4.44
445 0.02574971402701498 4.45
446 0.02568748661653714 4.46
447 0.02562650871508415 4.47
448 0.02556565369883612 4.48
449 0.02550440887382766 4.49
450 0.02544720412466989 4.5
451 0.0253850208812525 4.51
452 0.02532135856973486 4.52
453 0.02525742521649843 4.53
454 0.02519384527893084 4.54
455 0.02513060165875311 4.55
456 0.02506803656870582 4.56
457 0.02500564393319926 4.57
458 0.0249421553455767 4.58
459 0.0248802588310085 4.59
460 0.02481872577129954 4.600000000000001
461 0.02475515492654592 4.61
462 0.02469242229691823 4.62
463 0.02462903628662658 4.63
464 0.02456592960125623 4.64
465 0.02450248706311886 4.65
466 0.02443912069724702 4.66
467 0.02437463534532058 4.67
468 0.02430970577824806 4.68
469 0.02424528963835648 4.69
470 0.02418010798639761 4.7
471 0.02411106905873564 4.71
472 0.02404263629032932 4.72
473 0.02397559312897687 4.73
474 0.02390792108754089 4.74
475 0.02384038972811889 4.75
476 0.02377330738173586 4.76
477 0.02370411965828342 4.77
478 0.023635735013121 4.78
479 0.02356406896950114 4.79
480 0.02349719354000065 4.8
481 0.0234316661061103 4.81
482 0.02336581436280386 4.82
483 0.02329880504463908 4.83
484 0.02323084511208845 4.84
485 0.02315915641101096 4.850000000000001
486 0.02308992168479179 4.86
487 0.02302511990565506 4.87
488 0.02296075390416555 4.88
489 0.02288955208800267 4.89
490 0.02281572048324085 4.9
491 0.02274245412490608 4.91
492 0.02266978535962078 4.92
493 0.02259699403888246 4.93
494 0.02252558904583674 4.94
495 0.02245297033155852 4.95
496 0.02238040025426377 4.96
497 0.02230706781850367 4.97
498 0.02223322787700374 4.98
499 0.02215895401957452 4.99
500 0.02208425521745996 5
501 0.02200926821230328 5.01
502 0.02193398747754871 5.02
503 0.02185658317278594 5.03
504 0.02178115988200391 5.04
505 0.02170484800756878 5.05
506 0.02162868147762062 5.06
507 0.02154892434128786 5.07
508 0.02147215041810194 5.08
509 0.02139587861743464 5.09
510 0.02131891499572428 5.100000000000001
511 0.02124287152692322 5.11
512 0.02116688259050636 5.12
513 0.02109028564181031 5.13
514 0.0210128405636649 5.14
515 0.02093360230837368 5.15
516 0.02085586057203276 5.16
517 0.0207843299867794 5.17
518 0.02070555178396982 5.18
519 0.02062269139916215 5.19
520 0.02053916565877162 5.2
521 0.02045096576096059 5.21
522 0.02036792412299607 5.22
523 0.02028773912846119 5.23
524 0.02020990249229063 5.24
525 0.02013142241490321 5.25
526 0.02004906421951994 5.26
527 0.01996777435712607 5.27
528 0.0198865465695896 5.28
529 0.01980700410268363 5.29
530 0.01972635298068579 5.3
531 0.01964517537245147 5.31
532 0.01956386703555579 5.32
533 0.01948200551986348 5.33
534 0.01939879588088092 5.34
535 0.01931761609268731 5.350000000000001
536 0.01923693432671189 5.36
537 0.01915513920627571 5.37
538 0.01907293018669032 5.38
539 0.01899264606028725 5.39
540 0.01891139847891304 5.4
541 0.01882960598952188 5.41
542 0.01874718694828351 5.42
543 0.01866426327581042 5.43
544 0.01858038536217774 5.44
545 0.01849659520746191 5.45
546 0.01841265455162591 5.46
547 0.01832841311067268 5.47
548 0.01824318734329711 5.48
549 0.01815837387264477 5.49
550 0.01807417169300315 5.5
551 0.01798949152818122 5.51
552 0.01790485481586707 5.52
553 0.0178191868267826 5.53
554 0.01773409054278771 5.54
555 0.0176447848568789 5.55
556 0.01756078253593976 5.56
557 0.01747596448890276 5.57
558 0.01739093145965742 5.58
559 0.01730576328891736 5.59
560 0.01722000871915608 5.600000000000001
561 0.01713386098467409 5.61
562 0.0170471788189957 5.62
563 0.01696031076924562 5.63
564 0.01687056268100701 5.64
565 0.01678287993409405 5.65
566 0.01669565401350009 5.66
567 0.01660864283156771 5.67
568 0.01652232431791184 5.68
569 0.01643265811879396 5.69
570 0.01634317267979085 5.7
571 0.01625354013444205 5.71
572 0.01616364259776534 5.72
573 0.01607264234876402 5.73
574 0.01598183155491439 5.74
575 0.01589170233472958 5.75
576 0.01580077524461396 5.76
577 0.01570960644824601 5.77
578 0.01561790688978448 5.78
579 0.01552569695288256 5.79
580 0.01543340341608698 5.8
581 0.01534197125915002 5.81
582 0.01524908807904529 5.82
583 0.01515629960487211 5.83
584 0.01506363852356052 5.84
585 0.01497102200698744 5.850000000000001
586 0.01487814402670565 5.86
587 0.01478525839295175 5.87
588 0.01469225460972803 5.88
589 0.01459908568457144 5.89
590 0.01450620022014432 5.9
591 0.01441283434794741 5.91
592 0.01431914714811033 5.92
593 0.01422522689963632 5.93
594 0.0141312687554461 5.94
595 0.01403827391426696 5.95
596 0.01394428265132236 5.96
597 0.01384561277345361 5.97
598 0.01375034327609748 5.98
599 0.01365658284150892 5.99
600 0.01356343399278495 6
601 0.01347091616267698 6.01
602 0.01337600732746327 6.02
603 0.01328096993383274 6.03
604 0.01318809407242832 6.04
605 0.01309386798534309 6.05
606 0.01299886911969728 6.06
607 0.01290353737847322 6.07
608 0.01280815757273679 6.08
609 0.01271303752866257 6.09
610 0.01261818728858935 6.100000000000001
611 0.01252295267891521 6.11
612 0.01242758632675636 6.12
613 0.01233217946020632 6.13
614 0.01223571962969969 6.140000000000001
615 0.012140360595015 6.15
616 0.0120454369879204 6.16
617 0.0119521671318627 6.17
618 0.01185727009035725 6.18
619 0.01176164441861485 6.19
620 0.01166566635242938 6.2
621 0.01156961907386173 6.21
622 0.01147455980855264 6.22
623 0.01137977639503435 6.23
624 0.01128399556362139 6.24
625 0.01118781336121405 6.25
626 0.01109148074119642 6.26
627 0.0109958383475724 6.27
628 0.01089876173246437 6.28
629 0.01080099196619166 6.29
630 0.0107033055285892 6.3
631 0.01060560992314266 6.31
632 0.010507132431442 6.32
633 0.01040856417841415 6.33
634 0.01031059296195883 6.34
635 0.01021272638644449 6.350000000000001
636 0.01011439409023543 6.36
637 0.01001733236465771 6.37
638 0.009918715854432852 6.38
639 0.009819325231055692 6.390000000000001
640 0.009718108842635187 6.4
641 0.009617908767064531 6.41
642 0.00951896834655086 6.42
643 0.009419455324629372 6.43
644 0.009319059674965713 6.44
645 0.009217942311204985 6.45
646 0.009116917968924942 6.46
647 0.009016001167764492 6.47
648 0.008914968072312679 6.48
649 0.008813734587499261 6.49
650 0.008712062738828852 6.5
651 0.008609936794625489 6.51
652 0.008508584407886322 6.52
653 0.008409797664873098 6.53
654 0.008311417529127174 6.54
655 0.008209001188980714 6.55
656 0.008104761747564609 6.56
657 0.007998167553745966 6.57
658 0.007893151635732981 6.58
659 0.007793005694716804 6.59
660 0.007688454722577204 6.600000000000001
661 0.007583926022881271 6.61
662 0.007479975110495612 6.62
663 0.007375036493337678 6.63
664 0.007270821782866088 6.640000000000001
665 0.007166190632755781 6.65
666 0.007061363894771411 6.66
667 0.006956490117235065 6.67
668 0.006851289573963332 6.68
669 0.006746405463327915 6.69
670 0.006641962839143145 6.7
671 0.006537222445919255 6.71
672 0.006431964512325083 6.72
673 0.006326096293812089 6.73
674 0.006218443460997342 6.74
675 0.006113598132961418 6.75
676 0.006010958265020822 6.76
677 0.005907466701270042 6.77
678 0.005803619885172751 6.78
679 0.005701281762881316 6.79
680 0.005596847832120666 6.8
681 0.005493388540652289 6.81
682 0.005387746386719017 6.82
683 0.005281670561776031 6.83
684 0.005174773048439052 6.84
685 0.005069139059929478 6.850000000000001
686 0.004963461641035338 6.86
687 0.004857143527125157 6.87
688 0.00475352256119943 6.88
689 0.004650491136730356 6.890000000000001
690 0.004545338609566074 6.9
691 0.00443912804679128 6.91
692 0.00433242365976147 6.92
693 0.004221959409619169 6.93
694 0.004114648491289785 6.94
695 0.004009022251864586 6.95
696 0.003904752317250265 6.96
697 0.003799912183377913 6.97
698 0.003694907575721024 6.98
699 0.003588231917048573 6.99
700 0.003480348795825705 7
701 0.003372202735005714 7.01
702 0.003264216605744663 7.02
703 0.003156776532147215 7.03
704 0.003048776983311935 7.04
705 0.00294044148195613 7.05
706 0.002831948198961709 7.06
707 0.002722864603808328 7.07
708 0.002613841607706419 7.08
709 0.002504916952450198 7.09
710 0.00239587333388927 7.100000000000001
711 0.002288286422879898 7.11
712 0.002178965180518189 7.12
713 0.002067848563051616 7.13
714 0.001955575152341071 7.140000000000001
715 0.001844452874071506 7.15
716 0.001733253726080297 7.16
717 0.001621540369080771 7.17
718 0.00151056533568672 7.18
719 0.001399742202331133 7.19
720 0.001287401885818218 7.2
721 0.001175926582853315 7.21
722 0.001063817400738715 7.22
723 0.0009488308505256615 7.23
724 0.0008354522384670382 7.24
725 0.0007229123568404383 7.25
726 0.0006107782212676771 7.26
727 0.0004976519552467862 7.27
728 0.0003826848318065068 7.28
729 0.0002672020992769697 7.29
730 0.0001521120062125958 7.3
731 3.655957606574223e-05 7.31
732 -7.744516603636065e-05 7.32
733 -0.0001921702767164191 7.33
734 -0.0003095306050549806 7.34
735 -0.0004230435883064432 7.350000000000001
736 -0.0005384841918003591 7.36
737 -0.0006542564887636881 7.37
738 -0.0007712495271016417 7.38
739 -0.0008871339011993218 7.390000000000001
740 -0.001004303478851665 7.4
741 -0.001123498885577001 7.41
742 -0.001240182366981979 7.42
743 -0.001356685461485346 7.43
744 -0.001473623833839172 7.44
745 -0.001590825608088403 7.45
746 -0.001708064726699876 7.46
747 -0.001826876652921833 7.47
748 -0.001944813399422068 7.48
749 -0.002062072648820773 7.49
750 -0.002178758244446938 7.5
751 -0.002295187552562111 7.51
752 -0.002412464301343786 7.52
753 -0.002530699783651197 7.53
754 -0.002649357063801705 7.54
755 -0.002767925415227801 7.55
756 -0.002886364617783188 7.56
757 -0.003005088057375677 7.57
758 -0.00312416369558266 7.58
759 -0.003243531498016983 7.59
760 -0.003362836293602872 7.600000000000001
761 -0.003483400724104135 7.61
762 -0.003603135811935693 7.62
763 -0.003722932332975604 7.63
764 -0.003843180882440927 7.640000000000001
765 -0.003962883750712937 7.65
766 -0.004081441691964366 7.66
767 -0.004201946391347716 7.67
768 -0.004317944823334641 7.68
769 -0.0044374325127573 7.69
770 -0.004559291999923359 7.7
771 -0.004682598753627809 7.71
772 -0.004805782134165965 7.72
773 -0.004930594419722684 7.73
774 -0.00505534510577299 7.74
775 -0.005177759263802595 7.75
776 -0.005299148691847333 7.76
777 -0.005420571955427583 7.77
778 -0.005541056622534402 7.78
779 -0.005663428205843063 7.79
780 -0.005786981779460798 7.8
781 -0.0059109874488604 7.81
782 -0.00603592704912051 7.82
783 -0.006160632836063162 7.83
784 -0.006285800450870377 7.84
785 -0.006412117444985849 7.850000000000001
786 -0.006537266975366357 7.86
787 -0.006662682381075091 7.87
788 -0.006788334582741057 7.88
789 -0.006914093824140016 7.890000000000001
790 -0.007040359449691919 7.9
791 -0.007166996781606483 7.91
792 -0.007294230984224714 7.92
793 -0.007422303565121136 7.930000000000001
794 -0.007550232864343059 7.94
795 -0.007678019573229083 7.95
796 -0.007806237713270242 7.96
797 -0.00793532301466679 7.97
798 -0.008064308490887129 7.98
799 -0.008192945818089797 7.99
800 -0.008322373278221801 8
801 -0.008451162065245071 8.01
802 -0.00858312553964069 8.02
803 -0.008714586100759536 8.029999999999999
804 -0.00884412620527486 8.040000000000001
805 -0.008973071348867601 8.050000000000001
806 -0.009102998651118022 8.06
807 -0.009232623987426469 8.07
808 -0.009363737051772958 8.08
809 -0.009495518418604659 8.09
810 -0.009626240668803854 8.1
811 -0.00975820260308774 8.109999999999999
812 -0.009891011860464816 8.120000000000001
813 -0.0100243147050188 8.130000000000001
814 -0.01015753811412404 8.140000000000001
815 -0.01029130513702647 8.15
816 -0.01042315095070678 8.16
817 -0.01055386096381056 8.17
818 -0.01068494826377162 8.18
819 -0.01081654438556801 8.19
820 -0.01094857212781425 8.199999999999999
821 -0.01107976877902347 8.210000000000001
822 -0.01121157040068635 8.220000000000001
823 -0.01134559869737423 8.23
824 -0.01147977293398578 8.24
825 -0.01161349504139703 8.25
826 -0.01174697768072772 8.26
827 -0.01187980942957451 8.27
828 -0.01201366721851738 8.279999999999999
829 -0.01214679137085198 8.290000000000001
830 -0.01227960949886675 8.300000000000001
831 -0.01241321709899776 8.31
832 -0.0125464104951164 8.32
833 -0.01267957810735293 8.33
834 -0.0128109834897176 8.34
835 -0.01294398580851291 8.35
836 -0.01307727060181701 8.359999999999999
837 -0.01321159712964776 8.370000000000001
838 -0.01334613739564913 8.380000000000001
839 -0.01348067350717586 8.390000000000001
840 -0.01361510644375291 8.4
841 -0.01374977310335754 8.41
842 -0.01388339583261367 8.42
843 -0.01401678801977932 8.43
844 -0.01415138440730285 8.44
845 -0.01428651342288356 8.449999999999999
846 -0.01442179213921979 8.460000000000001
847 -0.01455824068271305 8.470000000000001
848 -0.01469232969950632 8.48
849 -0.01482772629845516 8.49
850 -0.01496445001407465 8.5
851 -0.01509992743437966 8.51
852 -0.01523622916871686 8.52
853 -0.01537174843626257 8.529999999999999
854 -0.0155053374664201 8.540000000000001
855 -0.0156401124908582 8.550000000000001
856 -0.01573848956453286 8.56
857 -0.01584487972373147 8.57
858 -0.0159748522664328 8.58
859 -0.01609472158982447 8.59
860 -0.01626204351731531 8.6
861 -0.01645270205029972 8.609999999999999
862 -0.01666274028130885 8.620000000000001
863 -0.01684164528260002 8.630000000000001
864 -0.01696829932606939 8.640000000000001
865 -0.01707559272284806 8.65
866 -0.01717922650431383 8.66
867 -0.01728957310220627 8.67
868 -0.01741150789315909 8.68
869 -0.01754202057617504 8.69
870 -0.01767988505928006 8.700000000000001
871 -0.01781923505799202 8.710000000000001
872 -0.01796363629969502 8.720000000000001
873 -0.01810547341663898 8.73
874 -0.01824482656920864 8.74
875 -0.0183807175080371 8.75
876 -0.01851725558245049 8.76
877 -0.01865575939427955 8.77
878 -0.01879514483119463 8.779999999999999
879 -0.01893286576043673 8.790000000000001
880 -0.01906884508492415 8.800000000000001
881 -0.01920476559366605 8.81
882 -0.01934130351999094 8.82
883 -0.01943985882105834 8.83
884 -0.01956545316236233 8.84
885 -0.01968599493086159 8.85
886 -0.01982350066902488 8.859999999999999
887 -0.01997303547742962 8.870000000000001
888 -0.02010323998766561 8.880000000000001
889 -0.020270031752784 8.890000000000001
890 -0.02040642538204671 8.9
891 -0.02057195008863383 8.91
892 -0.02070276150252276 8.92
893 -0.02086372866121966 8.93
894 -0.0210097684512871 8.94
895 -0.02116716358716209 8.950000000000001
896 -0.02130215923210066 8.960000000000001
897 -0.02144153288884035 8.970000000000001
898 -0.02156440331912904 8.98
899 -0.02171320418336858 8.99
900 -0.02182771757047003 9
901 -0.02193536137190033 9.01
902 -0.02206674520734936 9.02
903 -0.02219294229991248 9.029999999999999
904 -0.02232418693999313 9.040000000000001
905 -0.0224393793308818 9.050000000000001
906 -0.02256941673922808 9.06
907 -0.02270496482653703 9.07
908 -0.02285479451399017 9.08
909 -0.02299563508107658 9.09
910 -0.02313032285140745 9.1
911 -0.02324432094182072 9.109999999999999
912 -0.02336604523055322 9.120000000000001
913 -0.0234830019207376 9.130000000000001
914 -0.02362938529354852 9.140000000000001
915 -0.02377906523004433 9.15
916 -0.02392109831619518 9.16
917 -0.02405708298295114 9.17
918 -0.02420144419457282 9.18
919 -0.02432186330242914 9.19
920 -0.02443227430680361 9.200000000000001
921 -0.02456784666675926 9.210000000000001
922 -0.02470004836463713 9.220000000000001
923 -0.02481617450168219 9.23
924 -0.02495937627059433 9.24
925 -0.02508212518281938 9.25
926 -0.02521549268390838 9.26
927 -0.02536483073295071 9.27
928 -0.02550183385723898 9.279999999999999
929 -0.02564476784063746 9.290000000000001
930 -0.02576361897701021 9.300000000000001
931 -0.02591337624676437 9.31
932 -0.02602511046353351 9.32
933 -0.02613983776289366 9.33
934 -0.0262514586832085 9.34
935 -0.02636984343481028 9.35
936 -0.02648911783229199 9.359999999999999
937 -0.02661630483529923 9.370000000000001
938 -0.02675019190646818 9.380000000000001
939 -0.02688856512818305 9.390000000000001
940 -0.02702624569973258 9.4
941 -0.02716118198824094 9.41
942 -0.0272725351363465 9.42
943 -0.02741169554621647 9.43
944 -0.02753064778415168 9.44
945 -0.02768058530851961 9.450000000000001
946 -0.02779901814205418 9.460000000000001
947 -0.0279392127880313 9.470000000000001
948 -0.02805202280580801 9.48
949 -0.02820275948176026 9.49
950 -0.0283184414179076 9.5
951 -0.02844988576721086 9.51
952 -0.0285592967557087 9.52
953 -0.02869081174546442 9.529999999999999
954 -0.02880413371432311 9.540000000000001
955 -0.02893585028820331 9.550000000000001
956 -0.0290487933221914 9.56
957 -0.02917963190350509 9.57
958 -0.02929173269047924 9.58
959 -0.02942494428736236 9.59
960 -0.02956435395137791 9.6
961 -0.02969045145743338 9.609999999999999
962 -0.02980057408500589 9.620000000000001
963 -0.02991659760554588 9.630000000000001
964 -0.0300230495464725 9.640000000000001
965 -0.03012462589129786 9.65
966 -0.03024100876208166 9.66
967 -0.03036574259898345 9.67
968 -0.03047725859481767 9.68
969 -0.03060350598276743 9.69
970 -0.0307341771781629 9.700000000000001
971 -0.03086599781607921 9.710000000000001
972 -0.03099357318080492 9.720000000000001
973 -0.03112048736840844 9.73
974 -0.03125009888756744 9.74
975 -0.03137631801299889 9.75
976 -0.03149896006274341 9.76
977 -0.03161570747526077 9.77
978 -0.03175146379200727 9.779999999999999
979 -0.03187374284822703 9.790000000000001
980 -0.03198520413504188 9.800000000000001
981 -0.03210878554649454 9.81
982 -0.03220558349942498 9.82
983 -0.03232377262366018 9.83
984 -0.03242281766797361 9.84
985 -0.03254287650749169 9.85
986 -0.03265800125496049 9.859999999999999
987 -0.03275506468195311 9.870000000000001
988 -0.03287802458967531 9.880000000000001
989 -0.03299954936866492 9.890000000000001
990 -0.03310677984909868 9.9
991 -0.03322194810374066 9.91
992 -0.03334038565512196 9.92
993 -0.03345930352833548 9.93
994 -0.03357914774890128 9.94
995 -0.0336984992188275 9.950000000000001
996 -0.03379901698211113 9.960000000000001
997 -0.03392710425169496 9.970000000000001
998 -0.03405291966209548 9.98
999 -0.03417539815116358 9.99
1000 -0.03428935077144002 10
1001 -0.03440180320310859 10.01
1002 -0.0345119536985207 10.02
1003 -0.03462132556459477 10.03
1004 -0.03473151655042481 10.04
1005 -0.03484289207765232 10.05
1006 -0.03495671881020909 10.06
1007 -0.03507083930628951 10.07
1008 -0.0351852284720838 10.08
1009 -0.03530043830046858 10.09
1010 -0.03541295360734423 10.1
1011 -0.03550842632731332 10.11
1012 -0.03563115553918217 10.12
1013 -0.03573418986215882 10.13
1014 -0.03586476615779649 10.14
1015 -0.03597028821285492 10.15
1016 -0.03608178610921189 10.16
1017 -0.03621695843447773 10.17
1018 -0.03632070084428901 10.18
1019 -0.03642844224065553 10.19
1020 -0.03653753920505923 10.2
1021 -0.03664826612637184 10.21
1022 -0.03678145025340104 10.22
1023 -0.03688405451151047 10.23
1024 -0.03700935725596075 10.24
1025 -0.03712559761648965 10.25
1026 -0.03723775507846899 10.26
1027 -0.03734660006135637 10.27
1028 -0.03745448646379904 10.28
1029 -0.03757283744620582 10.29
1030 -0.03768265474082197 10.3
1031 -0.03778811445971406 10.31
1032 -0.03789407024004773 10.32
1033 -0.03798736244606515 10.33
1034 -0.03810331310937085 10.34
1035 -0.03821352754087848 10.35
1036 -0.03833659269752634 10.36
1037 -0.03842901525189377 10.37
1038 -0.03853294423903905 10.38
1039 -0.03864381852586343 10.39
1040 -0.0387575144859712 10.4
1041 -0.03885572753405375 10.41
1042 -0.03896288135353027 10.42
1043 -0.03907559236872346 10.43
1044 -0.03919141482189262 10.44
1045 -0.0392847664002396 10.45
1046 -0.03941328419305518 10.46
1047 -0.03951029207820719 10.47
1048 -0.03964588843986738 10.48
1049 -0.03974701508725399 10.49
1050 -0.0398791449173745 10.5
1051 -0.03997718890812964 10.51
1052 -0.04010473128577284 10.52
1053 -0.04022162839562017 10.53
1054 -0.04033281614613114 10.54
1055 -0.04044001789140672 10.55
1056 -0.04054614797931123 10.56
1057 -0.04065041513533883 10.57
1058 -0.04075304510597981 10.58
1059 -0.04085660901817705 10.59
1060 -0.04096179213169514 10.6
1061 -0.0410908098482979 10.61
1062 -0.04118905562278292 10.62
1063 -0.04130989984978085 10.63
1064 -0.04142199237772159 10.64
1065 -0.04152500234065533 10.65
1066 -0.04162976510430402 10.66
1067 -0.04173433120829451 10.67
1068 -0.04183929588763313 10.68
1069 -0.04194362953851442 10.69
1070 -0.04203300172128269 10.7
1071 -0.04215267320102699 10.71
1072 -0.0422701705073296 10.72
1073 -0.04236344324623346 10.73
1074 -0.04248886742738026 10.74
1075 -0.04259177169049738 10.75
1076 -0.042699858947046 10.76
1077 -0.04281183152927785 10.77
1078 -0.04292486868769785 10.78
1079 -0.04304113042438025 10.79
1080 -0.04315629515331375 10.8
1081 -0.04327022255162007 10.81
1082 -0.04335965812723191 10.82
1083 -0.04348468600263472 10.83
1084 -0.04357991602332137 10.84
1085 -0.0437068550155736 10.85
1086 -0.0438054636321515 10.86
1087 -0.04393574337766673 10.87
1088 -0.04403188130994538 10.88
1089 -0.04415526250397708 10.89
1090 -0.04423902985091349 10.9
1091 -0.04436338654542717 10.91
1092 -0.04448490016471339 10.92
1093 -0.04457543891262419 10.93
1094 -0.04470187342908029 10.94
1095 -0.04482291818632475 10.95
1096 -0.04493883449238971 10.96
1097 -0.04505194586991133 10.97
1098 -0.04516237342291947 10.98
1099 -0.04527025524616944 10.99
1100 -0.04537860816024397 11
1101 -0.04548574080018002 11.01
1102 -0.04559129829740774 11.02
1103 -0.04569508073870814 11.03
1104 -0.04580679447706232 11.04
1105 -0.04591820434583682 11.05
1106 -0.04602453872362387 11.06
1107 -0.04613234003640573 11.07
1108 -0.04623729956566285 11.08
1109 -0.04634541387683594 11.09
1110 -0.04645600739013531 11.1
1111 -0.04657077352890276 11.11
1112 -0.0466856148353359 11.12
1113 -0.04680000570569709 11.13
1114 -0.04691268907572549 11.14
1115 -0.04699869649075591 11.15
1116 -0.04712159548524303 11.16
1117 -0.04724139522209954 11.17
1118 -0.04732885766518174 11.18
1119 -0.0474557678154454 11.19
1120 -0.04757681505366389 11.2
1121 -0.04766619653831186 11.21
1122 -0.04778834840858234 11.22
1123 -0.04788440650888534 11.23
1124 -0.04801791295218263 11.24
1125 -0.04811513035567666 11.25
1126 -0.04824885290597701 11.26
1127 -0.04834185195608987 11.27
1128 -0.04846553305806794 11.28
1129 -0.04858237971463042 11.29
1130 -0.04866807248752208 11.3
1131 -0.04879060200470153 11.31
1132 -0.04890673087168998 11.32
1133 -0.04899608828492252 11.33
1134 -0.04911840464625336 11.34
1135 -0.04923772654740019 11.35
1136 -0.04932762645315711 11.36
1137 -0.04946192965111514 11.37
1138 -0.04955862906296966 11.38
1139 -0.0496885032133657 11.39
1140 -0.0497783369935457 11.4
1141 -0.04990438375209538 11.41
1142 -0.05002654571991047 11.42
1143 -0.05013883518011336 11.43
1144 -0.05024445553778464 11.44
1145 -0.05036325119610005 11.45
1146 -0.05047275729524178 11.46
1147 -0.05058000499047025 11.47
1148 -0.05068498871988236 11.48
1149 -0.05079916939097623 11.49
1150 -0.0509287319029933 11.5
1151 -0.05102446263741528 11.51
1152 -0.05114034332641923 11.52
1153 -0.05122380251583357 11.53
1154 -0.0513438544662318 11.54
1155 -0.05144160295966047 11.55
1156 -0.05156662406564796 11.56
1157 -0.05166929196175117 11.57
1158 -0.05177666220457317 11.58
1159 -0.05191403419107474 11.59
1160 -0.05200035022072233 11.6
1161 -0.05212256424801831 11.61
1162 -0.05224226899615984 11.62
1163 -0.05233677379242538 11.63
1164 -0.05246635995550908 11.64
1165 -0.05256469888017103 11.65
1166 -0.05267044974671264 11.66
1167 -0.05280981646518682 11.67
1168 -0.05291341676114025 11.68
1169 -0.05301612030424729 11.69
1170 -0.05313049725768507 11.7
1171 -0.05325113198463535 11.71
1172 -0.05337057997696844 11.72
1173 -0.05349013476070266 11.73
1174 -0.05360876728517702 11.74
1175 -0.05375178524163611 11.75
1176 -0.05385184664599771 11.76
1177 -0.05395446024029836 11.77
1178 -0.05408453847597765 11.78
1179 -0.05417985897942157 11.79
1180 -0.05430388491316393 11.8
1181 -0.05439743878718091 11.81
1182 -0.05451996834090561 11.82
1183 -0.05463636326362069 11.83
1184 -0.054725959713604 11.84
1185 -0.05484755940430344 11.85
1186 -0.05496548852226034 11.86
1187 -0.05508428662907039 11.87
1188 -0.05519845630694847 11.88
1189 -0.0553116187776749 11.89
1190 -0.05542497811194336 11.9
1191 -0.05553716979073996 11.91
1192 -0.05564898532541185 11.92
1193 -0.05573720118310167 11.93
1194 -0.05585731336742591 11.94
1195 -0.05597623202861174 11.95
1196 -0.05606635851881651 11.96
1197 -0.05619870907728287 11.97
1198 -0.05629603615354573 11.98
1199 -0.0564315529175444 11.99
1200 -0.05653246406406416 12
1201 -0.05664238343819483 12.01
1202 -0.05675904286818295 12.02
1203 -0.05687775219012603 12.03
1204 -0.05700227342430692 12.04
1205 -0.05712587719420159 12.05
1206 -0.05724287168123246 12.06
1207 -0.05735952399297897 12.07
1208 -0.05747536211997266 12.08
1209 -0.0575904679804701 12.09
1210 -0.05770721336612113 12.1
1211 -0.05782291777203777 12.11
1212 -0.05793624857126092 12.12
1213 -0.05804952209663772 12.13
1214 -0.05816320970831508 12.14
1215 -0.05827596262630458 12.15
1216 -0.05839109649685478 12.16
1217 -0.05850618480865358 12.17
1218 -0.05862204653272846 12.18
1219 -0.05873632165770565 12.19
1220 -0.05884906691488087 12.2
1221 -0.05899393631323421 12.21
1222 -0.05910003280585589 12.22
1223 -0.0592369221518754 12.23
1224 -0.05933623381019779 12.24
1225 -0.05946551222767367 12.25
1226 -0.05958539230573041 12.26
1227 -0.05970132133453082 12.27
1228 -0.05981463303637467 12.28
1229 -0.05992138520769899 12.29
1230 -0.06002844491740399 12.3
1231 -0.06013893966995051 12.31
1232 -0.06025138157311546 12.32
1233 -0.0603658281163315 12.33
1234 -0.06048253326658834 12.34
1235 -0.06060105088106545 12.35
1236 -0.06072313666347569 12.36
1237 -0.06084549703415475 12.37
1238 -0.06096664452036749 12.38
1239 -0.06105937204622562 12.39
1240 -0.06119410495541833 12.4
1241 -0.06132494750094 12.41
1242 -0.06142624263953758 12.42
1243 -0.06156491054779405 12.43
1244 -0.06166600901107841 12.44
1245 -0.06177498140012125 12.45
1246 -0.06189473716335683 12.46
1247 -0.06204823241146359 12.47
1248 -0.06216139243656307 12.48
1249 -0.06228049824257043 12.49
1250 -0.0624007878722138 12.5
1251 -0.06252176558855366 12.51
1252 -0.06264310751493934 12.52
1253 -0.06276619808133344 12.53
1254 -0.06288879051955697 12.54
1255 -0.06300978161001641 12.55
1256 -0.06312860898235523 12.56
1257 -0.06325078152361197 12.57
1258 -0.06333988492987018 12.58
1259 -0.06347262229746366 12.59
1260 -0.06360245242633258 12.6
1261 -0.06373063624421527 12.61
1262 -0.06385721233425584 12.62
1263 -0.06398212604435155 12.63
1264 -0.06410475233521429 12.64
1265 -0.06423022362677683 12.65
1266 -0.06435386385630827 12.66
1267 -0.06447281490060826 12.67
1268 -0.06458934517473393 12.68
1269 -0.0647059005661815 12.69
1270 -0.06482477228656927 12.7
1271 -0.0649724243369223 12.71
1272 -0.06507909006224893 12.72
1273 -0.06521777260301714 12.73
1274 -0.06532352663751592 12.74
1275 -0.06546079049667228 12.75
1276 -0.065590063369979 12.76
1277 -0.06569058193617089 12.77
1278 -0.06582004019710992 12.78
1279 -0.06594349324406712 12.79
1280 -0.0660643816226357 12.8
1281 -0.06618283246612679 12.81
1282 -0.06630027198800624 12.82
1283 -0.06641719676181604 12.83
1284 -0.06653585235937035 12.84
1285 -0.0666577118146514 12.85
1286 -0.06677863185876917 12.86
1287 -0.06687791068369572 12.87
1288 -0.06701073960117013 12.88
1289 -0.06714479851985751 12.89
1290 -0.06724627683360403 12.9
1291 -0.06738478321062169 12.91
1292 -0.06751782142926038 12.92
1293 -0.06762024885201848 12.93
1294 -0.06776218449339927 12.94
1295 -0.067870137347875 12.95
1296 -0.06798421545179159 12.96
1297 -0.06813085701065349 12.97
1298 -0.06824007826299885 12.98
1299 -0.06835175031499527 12.99
1300 -0.06846780236254094 13
1301 -0.06858642778511229 13.01
1302 -0.0687082247963387 13.02
1303 -0.06883012576618378 13.03
1304 -0.06895521096562812 13.04
1305 -0.0690785540463825 13.05
1306 -0.06920252855112058 13.06
1307 -0.06932654344779038 13.07
1308 -0.06944502820787812 13.08
1309 -0.06956586609733062 13.09
1310 -0.06968685532544243 13.1
1311 -0.06980833534214423 13.11
1312 -0.06992928510759966 13.12
1313 -0.07004964512038497 13.13
1314 -0.07016968777902416 13.14
1315 -0.07028888272184772 13.15
1316 -0.07040769167916935 13.16
1317 -0.07052543236130628 13.17
1318 -0.0706422466861388 13.18
1319 -0.07075807092677706 13.19
1320 -0.07087533435911381 13.2
1321 -0.07098827459520013 13.21
1322 -0.07110107238259854 13.22
1323 -0.07121418034629907 13.23
1324 -0.07132770465603634 13.24
1325 -0.0714726521230433 13.25
1326 -0.07157531190564893 13.26
1327 -0.07167872692771751 13.27
1328 -0.0717912106296569 13.28
1329 -0.07190215224572177 13.29
1330 -0.07201287768528369 13.3
1331 -0.07212413090742621 13.31
1332 -0.07223335061485958 13.32
1333 -0.07234357323344684 13.33
1334 -0.07245458993571646 13.34
1335 -0.07256489971147054 13.35
1336 -0.0726743037538693 13.36
1337 -0.07278339146654875 13.37
1338 -0.07289317254121269 13.38
1339 -0.07300164444535329 13.39
1340 -0.07310911698035281 13.4
1341 -0.07321344378531885 13.41
1342 -0.07331733022265371 13.42
1343 -0.07342063775242258 13.43
1344 -0.07352379247850208 13.44
1345 -0.07362703981906089 13.45
1346 -0.07373023272770979 13.46
1347 -0.07383513180390908 13.47
1348 -0.07391371295246504 13.48
1349 -0.07402624004100172 13.49
1350 -0.07413613996139537 13.5
1351 -0.07424475836191798 13.51
1352 -0.07435996437510264 13.52
1353 -0.07446914632837666 13.53
1354 -0.07457281561350929 13.54
1355 -0.07467263305565208 13.55
1356 -0.07476392867218137 13.56
1357 -0.07485317042445686 13.57
1358 -0.07493725524563752 13.58
1359 -0.07501891466015302 13.59
1360 -0.07510169593337498 13.6
1361 -0.07518871269787974 13.61
1362 -0.0752792911663647 13.62
1363 -0.07537270071998936 13.63
1364 -0.07547071124982155 13.64
1365 -0.075568634595441 13.65
1366 -0.07566190597922037 13.66
1367 -0.07575470062263959 13.67
1368 -0.07582046624581235 13.68
1369 -0.07592249004526433 13.69
1370 -0.07602005913715512 13.7
1371 -0.07608594444574604 13.71
1372 -0.07618886239745257 13.72
1373 -0.07625772562475326 13.73
1374 -0.07636084722528458 13.74
1375 -0.07642883195618304 13.75
1376 -0.07652953250203134 13.76
1377 -0.0765955490078309 13.77
1378 -0.07666552102924061 13.78
1379 -0.07676740472668699 13.79
1380 -0.07683161897029731 13.8
1381 -0.07692633242044106 13.81
1382 -0.07698642085282599 13.82
1383 -0.07707579976133397 13.83
1384 -0.07713326258685335 13.84
1385 -0.07721893046001477 13.85
1386 -0.077275111950455 13.86
1387 -0.07735724529859572 13.87
1388 -0.07743028132464999 13.88
1389 -0.07749928973499072 13.89
1390 -0.07756517788849096 13.9
1391 -0.07763016409008969 13.91
1392 -0.07768982227819886 13.92
1393 -0.0777487551866316 13.93
1394 -0.0778085090446673 13.94
1395 -0.07786809278576115 13.95
1396 -0.07792782580054393 13.96
1397 -0.0779875047320797 13.97
1398 -0.07805823165366374 13.98
1399 -0.07811349574938986 13.99
1400 -0.07816955877053866 14
1401 -0.07822547611391911 14.01
1402 -0.07828112022823944 14.02
1403 -0.07835137472420789 14.03
1404 -0.07840114420490282 14.04
1405 -0.07845114814200627 14.05
1406 -0.07849996576253238 14.06
1407 -0.07854609486635893 14.07
1408 -0.07859362048492124 14.08
1409 -0.07864093625700816 14.09
1410 -0.07868797152932144 14.1
1411 -0.07873458287959387 14.11
1412 -0.07878038526822194 14.12
1413 -0.07882645454241721 14.13
1414 -0.07887131989958962 14.14
1415 -0.07890568019408765 14.15
1416 -0.07895465787229938 14.16
1417 -0.07899668689278586 14.17
1418 -0.07902579423267042 14.18
1419 -0.07907463954113524 14.19
1420 -0.07911708882026899 14.2
1421 -0.07914456924472282 14.21
1422 -0.0791880085409648 14.22
1423 -0.07921610000058979 14.23
1424 -0.07926005513202397 14.24
1425 -0.07928819060327 14.25
1426 -0.07933320838411888 14.26
1427 -0.07936136560660111 14.27
1428 -0.07940662720050409 14.28
1429 -0.07943616628594415 14.29
1430 -0.07947790765505644 14.3
1431 -0.07950525832493388 14.31
1432 -0.07954372045228825 14.32
1433 -0.07956940950144206 14.33
1434 -0.07960481613921186 14.34
1435 -0.07963619939628611 14.35
1436 -0.07966453570026158 14.36
1437 -0.07970060794160901 14.37
1438 -0.07973293463624151 14.38
1439 -0.0797617228003559 14.39
1440 -0.07978031066538951 14.4
1441 -0.07979945576087286 14.41
1442 -0.07982950668430203 14.42
1443 -0.07985796890105457 14.43
1444 -0.07988702734798689 14.44
1445 -0.07991691518177735 14.45
1446 -0.07994709823074977 14.46
1447 -0.07997726133595977 14.47
1448 -0.08000707716161132 14.48
1449 -0.08003844468598091 14.49
1450 -0.08007510454504085 14.5
1451 -0.08009971134162198 14.51
1452 -0.08012391901092235 14.52
1453 -0.08015170474973027 14.53
1454 -0.08017218291136331 14.54
1455 -0.08019506756936362 14.55
1456 -0.08021278278420266 14.56
1457 -0.08024458388242051 14.57
1458 -0.08026863856256622 14.58
1459 -0.08029525494191112 14.59
1460 -0.08031805176291225 14.6
1461 -0.08033595816463777 14.61
1462 -0.08035872364136584 14.62
1463 -0.08037812616895477 14.63
1464 -0.08039888525314406 14.64
1465 -0.08041901726900899 14.65
1466 -0.08043819554654327 14.66
1467 -0.08046087752343092 14.67
1468 -0.08048064905043145 14.68
1469 -0.08050510544859328 14.69
1470 -0.08052485447151053 14.7
1471 -0.08054699646779265 14.71
1472 -0.08057078747139845 14.72
1473 -0.080589211804167 14.73
1474 -0.08061091503294796 14.74
1475 -0.08063079617941166 14.75
1476 -0.08065104885130767 14.76
1477 -0.08068093063810128 14.77
1478 -0.08070241916836152 14.78
1479 -0.08073065622999681 14.79
1480 -0.08075919039506428 14.8
1481 -0.08079077828908285 14.81
1482 -0.08082009600423412 14.82
1483 -0.08084648820656398 14.83
1484 -0.08086562091634192 14.84
1485 -0.08088622699857326 14.85
1486 -0.08090744482222093 14.86
1487 -0.08092879842428105 14.87
1488 -0.08095649634271307 14.88
1489 -0.08098324330469067 14.89
1490 -0.08100805879826951 14.9
1491 -0.08103290213428188 14.91
1492 -0.08105779716761378 14.92
1493 -0.08108156669458298 14.93
1494 -0.08110728242190002 14.94
1495 -0.08113810352752859 14.95
1496 -0.0811638389812555 14.96
1497 -0.08118781565605646 14.97
1498 -0.08121021300737663 14.98
1499 -0.08123347056524384 14.99
1500 -0.08125185777739169 15
1501 -0.08126697236979158 15.01
1502 -0.08128538689221498 15.02
1503 -0.08129388437962634 15.03
1504 -0.08131025653663948 15.04
1505 -0.08133639301766764 15.05
1506 -0.08136482742413156 15.06
1507 -0.08139107067749926 15.07
1508 -0.08142155893331304 15.08
1509 -0.08144550112356588 15.09
1510 -0.08146635693048949 15.1
1511 -0.08148386543148897 15.11
1512 -0.0815023560349856 15.12
1513 -0.08152233367943346 15.13
1514 -0.08153897669579525 15.14
1515 -0.08155704685365847 15.15
1516 -0.0815783888936453 15.16
1517 -0.08159671157399344 15.17
1518 -0.08161669523714213 15.18
1519 -0.08163524263592191 15.19
1520 -0.08165684004986343 15.2
1521 -0.08167910013830661 15.21
1522 -0.0816972401242284 15.22
1523 -0.08171865340877763 15.23
1524 -0.08174222559963329 15.24
1525 -0.08177618157033158 15.25
1526 -0.08180788820995334 15.26
1527 -0.08183746314841274 15.27
1528 -0.08185972591801773 15.28
1529 -0.08188471759043517 15.29
1530 -0.0819086210681286 15.3
1531 -0.08193226993206754 15.31
1532 -0.0819551842561099 15.32
1533 -0.0819780301353628 15.33
1534 -0.08199551619818486 15.34
1535 -0.08201729422758042 15.35
1536 -0.0820392618127492 15.36
1537 -0.08205715359635303 15.37
1538 -0.08208191996524442 15.38
1539 -0.08210536296351001 15.39
1540 -0.08212291459064167 15.4
1541 -0.08213141010713931 15.41
1542 -0.08215104857915753 15.42
1543 -0.08216432161572923 15.43
1544 -0.08218838464355875 15.44
1545 -0.0822053514488109 15.45
1546 -0.08222938768695515 15.46
1547 -0.08226112013726292 15.47
1548 -0.08228149241402438 15.48
1549 -0.08230893208905607 15.49
1550 -0.08233060442867068 15.5
1551 -0.08234613999301052 15.51
1552 -0.08235912473176116 15.52
1553 -0.08236993285041477 15.53
1554 -0.0823792860407567 15.54
1555 -0.0823903746921851 15.55
1556 -0.08240434935732877 15.56
1557 -0.08241668087951418 15.57
1558 -0.0824288471407852 15.58
1559 -0.08243851392037367 15.59
1560 -0.08244912577482277 15.6
1561 -0.08246639699180669 15.61
1562 -0.08248459521249343 15.62
1563 -0.08251008070510657 15.63
1564 -0.08252341329782553 15.64
1565 -0.0825383041684486 15.65
1566 -0.08255498512815666 15.66
1567 -0.08257015197380853 15.67
1568 -0.08257964476405685 15.68
1569 -0.08259415476949583 15.69
1570 -0.08261468642968091 15.7
1571 -0.0826329924602435 15.71
1572 -0.08264982667216983 15.72
1573 -0.08267942853162619 15.73
1574 -0.08269967755519911 15.74
1575 -0.08272258149724551 15.75
1576 -0.08272801902309398 15.76
1577 -0.0827475780252834 15.77
1578 -0.08275842202274597 15.78
1579 -0.08277759769436725 15.79
1580 -0.08279928579539117 15.8
1581 -0.08281634357810724 15.81
1582 -0.08283643547899584 15.82
1583 -0.08285321523894965 15.83
1584 -0.08285619684974969 15.84
1585 -0.08286957889757345 15.85
1586 -0.08288432007482703 15.86
1587 -0.08290627200033251 15.87
1588 -0.08292241410013293 15.88
1589 -0.08294181899147518 15.89
1590 -0.08296085831760891 15.9
1591 -0.08298658338609799 15.91
1592 -0.08299967155456972 15.92
1593 -0.08301897047719492 15.93
1594 -0.08305045534946692 15.94
1595 -0.08307790140376478 15.95
1596 -0.08309659757638874 15.96
1597 -0.08310962232384882 15.97
1598 -0.08311499147719462 15.98
1599 -0.08311898968080608 15.99
1600 -0.08312333276471918 16
1601 -0.08312066438851394 16.01
1602 -0.08312519224887205 16.02
1603 -0.08313368492942316 16.03
1604 -0.08313945932420733 16.04
1605 -0.0831459850728471 16.05
1606 -0.08315454884365719 16.06
1607 -0.08317316035134115 16.07
1608 -0.08319402899891358 16.08
1609 -0.08321106793069309 16.09
1610 -0.08322759233234031 16.1
1611 -0.08324192856444509 16.11
1612 -0.08325718773507571 16.12
1613 -0.08327547137890071 16.13
1614 -0.08329002908779405 16.14
1615 -0.08330660968561747 16.15
1616 -0.08332022937621759 16.16
1617 -0.08333321514450866 16.17
1618 -0.08334260124794546 16.18
1619 -0.08334906299363956 16.19
1620 -0.08336423225739373 16.2
1621 -0.08337806455775865 16.21
1622 -0.08339445146930638 16.22
1623 -0.0834046248629649 16.23
1624 -0.08341648021010417 16.24
1625 -0.08343880060844283 16.25
1626 -0.08346028171239118 16.26
1627 -0.08347467639496715 16.27
1628 -0.08348055727316489 16.28
1629 -0.08348479970117251 16.29
1630 -0.08348396900230626 16.3
1631 -0.08348968644848159 16.31
1632 -0.08349598037147823 16.32
1633 -0.08351052530402069 16.33
1634 -0.08352942728729425 16.34
1635 -0.0835445151870057 16.35
1636 -0.0835587595521049 16.36
1637 -0.08356873758218625 16.37
1638 -0.08358066611601744 16.38
1639 -0.08358839534104763 16.39
1640 -0.08359472372877402 16.4
1641 -0.08359857180613831 16.41
1642 -0.08360512787908674 16.42
1643 -0.08361517273031757 16.43
1644 -0.0836213405912523 16.44
1645 -0.08362399414851654 16.45
1646 -0.08363475443193824 16.46
1647 -0.08363816901188757 16.47
1648 -0.08363976541940354 16.48
1649 -0.08364932812787571 16.49
1650 -0.08364494482561299 16.5
1651 -0.08364074293877329 16.51
1652 -0.08364121886634533 16.52
1653 -0.08364848764989287 16.53
1654 -0.08365942493685091 16.54
1655 -0.08365670124087379 16.55
1656 -0.08365697989658774 16.56
1657 -0.08365911438931173 16.57
1658 -0.08367253265839142 16.58
1659 -0.08367625569314717 16.59
1660 -0.08368510111384764 16.6
1661 -0.08369647571672648 16.61
1662 -0.08370864587156258 16.62
1663 -0.08371925978164901 16.63
1664 -0.08371837009283198 16.64
1665 -0.08372197119925182 16.65
1666 -0.08372354259173592 16.66
1667 -0.08372280037474095 16.67
1668 -0.08371196828882466 16.68
1669 -0.08370753773711957 16.69
1670 -0.08370811074759668 16.7
1671 -0.08369538975359886 16.71
1672 -0.08368684785947583 16.72
1673 -0.08369408497341885 16.73
1674 -0.08369925690762364 16.74
1675 -0.0837002065057257 16.75
1676 -0.0836970451505003 16.76
1677 -0.08369513728414221 16.77
1678 -0.08369014436884908 16.78
1679 -0.08368773631764197 16.79
1680 -0.08368334365382765 16.8
1681 -0.08367520248520603 16.81
1682 -0.08367282159901493 16.82
1683 -0.0836664912369221 16.83
1684 -0.08365300938988868 16.84
1685 -0.08364548897533167 16.85
1686 -0.08362808359292667 16.86
1687 -0.08360825408773982 16.87
1688 -0.08359524655836334 16.88
1689 -0.08357343284036242 16.89
1690 -0.08356083668902939 16.9
1691 -0.08356169762758524 16.91
1692 -0.08355874943742361 16.92
1693 -0.08355511759212786 16.93
1694 -0.08354950164905212 16.94
1695 -0.08353751340847324 16.95
1696 -0.08353360219498569 16.96
1697 -0.08353090401716101 16.97
1698 -0.08353065900703324 16.98
1699 -0.08352382005006001 16.99
1700 -0.08350665179997253 17
1701 -0.08350534414584007 17.01
1702 -0.08349457229506901 17.02
1703 -0.08348313963878973 17.03
1704 -0.08347179920194511 17.04
1705 -0.08345781585791209 17.05
1706 -0.08344815508353805 17.06
1707 -0.08344435849198865 17.07
1708 -0.08344721653403997 17.08
1709 -0.08344342375005639 17.09
1710 -0.08342969637691401 17.1
1711 -0.08341883214060594 17.11
1712 -0.08341547626307386 17.12
1713 -0.08340455074438032 17.13
1714 -0.08339801295212013 17.14
1715 -0.08338179839919313 17.15
1716 -0.08336764244846337 17.16
1717 -0.08335664695589287 17.17
1718 -0.08334204044489563 17.18
1719 -0.08331708876821242 17.19
1720 -0.0833131143623303 17.2
1721 -0.08331696023186504 17.21
1722 -0.08331318133471866 17.22
1723 -0.08330534948804998 17.23
1724 -0.08329015792962427 17.24
1725 -0.08326691791804899 17.25
1726 -0.08320172542119419 17.26
1727 -0.08318280173385204 17.27
1728 -0.08315157608071858 17.28
1729 -0.08312153876990222 17.29
1730 -0.08310036724081329 17.3
1731 -0.08307875511539986 17.31
1732 -0.08306979169068435 17.32
1733 -0.08306288739776913 17.33
1734 -0.0830534681348121 17.34
1735 -0.08304204366847348 17.35
1736 -0.08303006238851821 17.36
1737 -0.0830168820429828 17.37
1738 -0.0829875344510401 17.38
1739 -0.08296657680557402 17.39
1740 -0.08293795827323565 17.4
1741 -0.08291468038359456 17.41
1742 -0.0829051657791193 17.42
1743 -0.0828878545256615 17.43
1744 -0.08287944402488205 17.44
1745 -0.08286943050755405 17.45
1746 -0.08284941281720046 17.46
1747 -0.08282681124055812 17.47
1748 -0.08281088996109114 17.48
1749 -0.08282005664074601 17.49
1750 -0.08282932470527786 17.5
1751 -0.08283117284203317 17.51
1752 -0.08281381411746164 17.52
1753 -0.08281153212809915 17.53
1754 -0.08280726462127586 17.54
1755 -0.08280466064648023 17.55
1756 -0.08280197570240547 17.56
1757 -0.08279789535753559 17.57
1758 -0.08279177681720438 17.58
1759 -0.082767742265171 17.59
1760 -0.08275881683431485 17.6
1761 -0.08275160678436738 17.61
1762 -0.08273609840789184 17.62
1763 -0.08271872482397823 17.63
1764 -0.08270807822587051 17.64
1765 -0.08268605005907183 17.65
1766 -0.08266804174659273 17.66
1767 -0.08264585151679374 17.67
1768 -0.08263439290090999 17.68
1769 -0.08262847741875026 17.69
1770 -0.08259509737899594 17.7
1771 -0.08257530014209027 17.71
1772 -0.08256237670599653 17.72
1773 -0.082558374976233 17.73
1774 -0.08253432342036973 17.74
1775 -0.08251817257526887 17.75
1776 -0.08249760682376757 17.76
1777 -0.08247849063178002 17.77
1778 -0.08246479649731475 17.78
1779 -0.08244516307444205 17.79
1780 -0.08242628777770286 17.8
1781 -0.08240745093915504 17.81
1782 -0.0823939426403128 17.82
1783 -0.08235320307747319 17.83
1784 -0.08232736813110808 17.84
1785 -0.08230878759597393 17.85
1786 -0.08231490891640772 17.86
1787 -0.08232149208205826 17.87
1788 -0.08233091059299324 17.88
1789 -0.08230389457423753 17.89
1790 -0.0822889433546769 17.9
1791 -0.08231053919320855 17.91
1792 -0.0823307634634256 17.92
1793 -0.08234665387907147 17.93
1794 -0.08236828358041334 17.94
1795 -0.08236711385486711 17.95
1796 -0.08236509772535339 17.96
1797 -0.08235535660171323 17.97
1798 -0.08235474698413947 17.98
1799 -0.08236629227647493 17.99
1800 -0.08237315383047333 18
1801 -0.08238756452806029 18.01
1802 -0.08240797160269826 18.02
1803 -0.08242240882355753 18.03
1804 -0.08243486424138907 18.04
1805 -0.08241499534309193 18.05
1806 -0.08239348574800215 18.06
1807 -0.08243026071942713 18.07
1808 -0.08246963696586254 18.08
1809 -0.08250583724208063 18.09
1810 -0.08253091929097051 18.1
1811 -0.08254926118736114 18.11
1812 -0.08255825447147874 18.12
1813 -0.08257537285793751 18.13
1814 -0.08259065644931513 18.14
1815 -0.08259296579376388 18.15
1816 -0.08259889323520495 18.16
1817 -0.08257636921981862 18.17
1818 -0.08257624739706165 18.18
1819 -0.08256334247091837 18.19
1820 -0.08256784484887861 18.2
1821 -0.08254985577526405 18.21
1822 -0.08256334967933246 18.22
1823 -0.08257862796051668 18.23
1824 -0.08261044137063954 18.24
1825 -0.08262703272865513 18.25
1826 -0.08267364116639919 18.26
1827 -0.0827291560649579 18.27
1828 -0.08280220277275656 18.28
1829 -0.08285512704116862 18.29
1830 -0.08290585023811022 18.3
1831 -0.08291636621338376 18.31
1832 -0.08296369578999743 18.32
1833 -0.08300672824456434 18.33
1834 -0.08303517705143074 18.34
1835 -0.08307277253482895 18.35
1836 -0.08313235979690292 18.36
1837 -0.0831673595902454 18.37
1838 -0.08319208260708945 18.38
1839 -0.0832257667817636 18.39
1840 -0.08325919851461226 18.4
1841 -0.08330801525176426 18.41
1842 -0.0833674160254145 18.42
1843 -0.0834062974699839 18.43
1844 -0.08348706418099427 18.44
1845 -0.08355893953203425 18.45
1846 -0.08358718663663028 18.46
1847 -0.08365109622842884 18.47
1848 -0.08371551700915439 18.48
1849 -0.08377652836266263 18.49
1850 -0.08382565906600012 18.5
1851 -0.08385419142785697 18.51
1852 -0.08387554879863175 18.52
1853 -0.08390671317699111 18.53
1854 -0.0839792238162453 18.54
1855 -0.08400603238977639 18.55
1856 -0.08405266580730178 18.56
1857 -0.08409489328071429 18.57
1858 -0.08413733822442973 18.58
1859 -0.08420779597383315 18.59
1860 -0.08427065412265793 18.6
1861 -0.08433347285557308 18.61
1862 -0.08435295273521284 18.62
1863 -0.08440054846525147 18.63
1864 -0.08444292705655021 18.64
1865 -0.08450692220567708 18.65
1866 -0.08456063601450534 18.66
1867 -0.08463494324507645 18.67
1868 -0.0847298958992202 18.68
1869 -0.0847678318561646 18.69
1870 -0.0848192620921969 18.7
1871 -0.08485779703802249 18.71
1872 -0.0849090676388201 18.72
1873 -0.08492351605705301 18.73
1874 -0.08496303937927674 18.74
1875 -0.08501650818528382 18.75
1876 -0.08510245543571331 18.76
1877 -0.08515282301790883 18.77
1878 -0.08521893127433598 18.78
1879 -0.08528456864448394 18.79
1880 -0.08533603690476045 18.8
1881 -0.08537890806962375 18.81
1882 -0.08541004529953471 18.82
1883 -0.08544549061183987 18.83
1884 -0.08547495347197794 18.84
1885 -0.08549338128743089 18.85
1886 -0.08551435023973003 18.86
1887 -0.08555654522553068 18.87
1888 -0.08557659721526673 18.88
1889 -0.08560197751925178 18.89
1890 -0.08559311042898762 18.9
1891 -0.08558550303288127 18.91
1892 -0.08559690033699296 18.92
1893 -0.08561195576081587 18.93
1894 -0.08564027092430523 18.94
1895 -0.08568275681059839 18.95
1896 -0.08572674146082404 18.96
1897 -0.08574454473995119 18.97
1898 -0.08572208439223933 18.98
1899 -0.08575870709741021 18.99
1900 -0.08576632401114219 19
1901 -0.08577036437434396 19.01
1902 -0.08578216175552041 19.02
1903 -0.08578971993271928 19.03
1904 -0.08580477160424951 19.04
1905 -0.08582879736977218 19.05
1906 -0.08581877486692074 19.06
1907 -0.08583943632396093 19.07
1908 -0.08584308365931763 19.08
1909 -0.08583564566922366 19.09
1910 -0.08581250922128375 19.1
1911 -0.08578268338542705 19.11
1912 -0.0857448564642902 19.12
1913 -0.08571487505307557 19.13
1914 -0.08569760753404969 19.14
1915 -0.08567876875677921 19.15
1916 -0.08567280655177917 19.16
1917 -0.08565445886751834 19.17
1918 -0.08562141839703617 19.18
1919 -0.08559870199139291 19.19
1920 -0.08560252205003376 19.2
1921 -0.08558012131955049 19.21
1922 -0.08557791067576938 19.22
1923 -0.08554704072988575 19.23
1924 -0.08549898912702517 19.24
1925 -0.0854597288344725 19.25
1926 -0.08540301213601861 19.26
1927 -0.08535439097200434 19.27
1928 -0.08530429579223464 19.28
1929 -0.08524487217493762 19.29
1930 -0.08517713346622816 19.3
1931 -0.0851117454623137 19.31
1932 -0.08504578748917002 19.32
1933 -0.084993883242347 19.33
1934 -0.08493230355077423 19.34
1935 -0.08486259006627878 19.35
1936 -0.08478718370652637 19.36
1937 -0.08472005969842963 19.37
1938 -0.08467331123958209 19.38
1939 -0.08463694938027111 19.39
1940 -0.08457786095083553 19.4
1941 -0.08451065098633459 19.41
1942 -0.08444874643532581 19.42
1943 -0.08440595318165413 19.43
1944 -0.08432737094867247 19.44
1945 -0.08423919133735981 19.45
1946 -0.08415262641252455 19.46
1947 -0.0840994666311185 19.47
1948 -0.08403787471248214 19.48
1949 -0.08400334704858457 19.49
1950 -0.08393940109906181 19.5
1951 -0.08385631572929708 19.51
1952 -0.0838044353453567 19.52
1953 -0.08370803339478673 19.53
1954 -0.0836352070426627 19.54
1955 -0.08353789248518848 19.55
1956 -0.08345995638026704 19.56
1957 -0.08336312412679733 19.57
1958 -0.08329345378903653 19.58
1959 -0.08321927669254928 19.59
1960 -0.08317466770771265 19.6
1961 -0.08310321908739962 19.61
1962 -0.08304958562116013 19.62
1963 -0.08299523197757189 19.63
1964 -0.08295762059268276 19.64
1965 -0.08292546592963762 19.65
1966 -0.08290582755387607 19.66
1967 -0.08284109756387253 19.67
1968 -0.08279971347443288 19.68
1969 -0.08273574461641145 19.69
1970 -0.08268329425112136 19.7
1971 -0.08258199552618066 19.71
1972 -0.08250232831900452 19.72
1973 -0.08237484202226478 19.73
1974 -0.08229756712952382 19.74
1975 -0.08217518389827924 19.75
1976 -0.08207276066685329 19.76
1977 -0.08195543583548265 19.77
1978 -0.08187155449576755 19.78
1979 -0.08178311543926634 19.79
1980 -0.08173045518693445 19.8
1981 -0.08166205036138716 19.81
1982 -0.0816136088566134 19.82
1983 -0.0815535327330979 19.83
1984 -0.08152622184735309 19.84
1985 -0.08148262799464878 19.85
1986 -0.0814702179756979 19.86
1987 -0.08142458922096094 19.87
1988 -0.08138271133027669 19.88
1989 -0.08130246095935763 19.89
1990 -0.08125505290304522 19.9
1991 -0.08118834865245414 19.91
1992 -0.08114742531412548 19.92
1993 -0.08111216589018946 19.93
1994 -0.08104482647548771 19.94
1995 -0.08096060846476127 19.95
1996 -0.08088010151707915 19.96
1997 -0.08081080774969701 19.97
1998 -0.08074066648038106 19.98
1999 -0.08073883546799225 19.99
2000 -0.08073991448679554 20
2001 -0.08074142403578682 20.01
2002 -0.08073942973024248 20.02
2003 -0.08073965760405458 20.03
2004 -0.08071972897014627 20.04
2005 -0.08069695814326003 20.05
2006 -0.08069119125714574 20.06
2007 -0.08065418771272669 20.07
2008 -0.0806131119076906 20.08
2009 -0.08059955386423792 20.09
2010 -0.08058239967154278 20.1
2011 -0.0805713295823676 20.11
2012 -0.0805527505869453 20.12
2013 -0.08056861661549949 20.13
2014 -0.08053677750738003 20.14
2015 -0.08050556545096635 20.15
2016 -0.08048113936146728 20.16
2017 -0.08048624297666354 20.17
2018 -0.08047883127163252 20.18
2019 -0.08046709394653298 20.19
2020 -0.08045704149465563 20.2
2021 -0.08044559411467748 20.21
2022 -0.08043634755008355 20.22
2023 -0.08040270110818623 20.23
2024 -0.08037825170829624 20.24
2025 -0.08037013852040083 20.25
2026 -0.08038005421747252 20.26
2027 -0.08039159901018968 20.27
2028 -0.08038455607542486 20.28
2029 -0.08040296546636483 20.29
2030 -0.08040806153660103 20.3
2031 -0.08040939047686205 20.31
2032 -0.08040604271869006 20.32
2033 -0.08041041206906135 20.33
2034 -0.08040702724270535 20.34
2035 -0.08041210695000399 20.35
2036 -0.08041136992877787 20.36
2037 -0.08043440092801192 20.37
2038 -0.08045637741513624 20.38
2039 -0.0804856101619562 20.39
2040 -0.08050064266179315 20.4
2041 -0.08052949672482243 20.41
2042 -0.08054563011978598 20.42
2043 -0.08057041806961263 20.43
2044 -0.08059616208807797 20.44
2045 -0.08062062052399876 20.45
2046 -0.08063752018977081 20.46
2047 -0.08064189201057367 20.47
2048 -0.08064632194879001 20.48
2049 -0.08067253469520373 20.49
2050 -0.08071039495330783 20.5
2051 -0.08075180362510229 20.51
2052 -0.08080627737886574 20.52
2053 -0.08085964748448829 20.53
2054 -0.08089418217922081 20.54
2055 -0.08094670408401833 20.55
2056 -0.08100899999588144 20.56
2057 -0.08103775379773208 20.57
2058 -0.08111354253348449 20.58
2059 -0.08117539632310419 20.59
2060 -0.08123590910343609 20.6
2061 -0.08129696107023078 20.61
2062 -0.08136454761025097 20.62
2063 -0.08140861107016674 20.63
2064 -0.081449928960675 20.64
2065 -0.08149549062772023 20.65
2066 -0.08153027202783851 20.66
2067 -0.08159051954065635 20.67
2068 -0.08162047230507045 20.68
2069 -0.08167039209555373 20.69
2070 -0.08171613383527257 20.7
2071 -0.0818037752086361 20.71
2072 -0.08187430740018362 20.72
2073 -0.08197944519466144 20.73
2074 -0.08205469810693268 20.74
2075 -0.08214557249135457 20.75
2076 -0.08221366706772608 20.76
2077 -0.08230261816293163 20.77
2078 -0.08236261330964065 20.78
2079 -0.08244411076921782 20.79
2080 -0.0825081482101501 20.8
2081 -0.0825853352244445 20.81
2082 -0.08265784788870362 20.82
2083 -0.08271384887459673 20.83
2084 -0.08278329352262415 20.84
2085 -0.08282624251848528 20.85
2086 -0.08289095735740974 20.86
2087 -0.08294436247353412 20.87
2088 -0.0830177408905422 20.88
2089 -0.08307789255556547 20.89
2090 -0.08317961680709554 20.9
2091 -0.08326820747425437 20.91
2092 -0.08338799907031447 20.92
2093 -0.0834778400275859 20.93
2094 -0.08359464715536473 20.94
2095 -0.08369823618684516 20.95
2096 -0.08379808907243252 20.96
2097 -0.08387339239821059 20.97
2098 -0.08396901483980392 20.98
2099 -0.08404320240586782 20.99
2100 -0.0841220654169311 21
2101 -0.08418167829126291 21.01
2102 -0.08424973156916322 21.02
2103 -0.08430545684813856 21.03
2104 -0.08437134663633442 21.04
2105 -0.08447236427455258 21.05
2106 -0.08455694286856182 21.06
2107 -0.08466605045117551 21.07
2108 -0.08474889527128629 21.08
2109 -0.08482498349789697 21.09
2110 -0.08492258530551319 21.1
2111 -0.08500114860117897 21.11
2112 -0.08506694586601715 21.12
2113 -0.08514015161438657 21.13
2114 -0.08520207266125719 21.14
2115 -0.08527747013529924 21.15
2116 -0.08534759543204987 21.16
2117 -0.08542008207444662 21.17
2118 -0.08549628934794651 21.18
2119 -0.08558782584950031 21.19
2120 -0.08566575763222628 21.2
2121 -0.08573040309774943 21.21
2122 -0.08578636966400983 21.22
2123 -0.08582847172679126 21.23
2124 -0.08587946762399538 21.24
2125 -0.08590474339093705 21.25
2126 -0.08591411671652338 21.26
2127 -0.08590914499646565 21.27
2128 -0.08592360658772161 21.28
2129 -0.08595504778230674 21.29
2130 -0.08597580771423176 21.3
2131 -0.08601525735736572 21.31
2132 -0.08606055518472307 21.32
2133 -0.0860957936785995 21.33
2134 -0.08613760769717077 21.34
2135 -0.08618142141183116 21.35
2136 -0.0862160532496862 21.36
2137 -0.08625049649320637 21.37
2138 -0.0862755690533286 21.38
2139 -0.08629896235309985 21.39
2140 -0.08632232450602827 21.4
2141 -0.08634643379596349 21.41
2142 -0.08635149550771967 21.42
2143 -0.08633671064230851 21.43
2144 -0.08633813536572815 21.44
2145 -0.08632868111423361 21.45
2146 -0.08629045505034805 21.46
2147 -0.08627829760145973 21.47
2148 -0.08626342338537626 21.48
2149 -0.08625518803008426 21.49
2150 -0.08620748172894822 21.5
2151 -0.08617705502785025 21.51
2152 -0.08615124317791352 21.52
2153 -0.08612756230916163 21.53
2154 -0.08609414221633513 21.54
2155 -0.08607697619311172 21.55
2156 -0.08605967678867631 21.56
2157 -0.08601262845865401 21.57
2158 -0.08599477469943714 21.58
2159 -0.0859728904018224 21.59
2160 -0.0859109482752832 21.6
2161 -0.08587596207535889 21.61
2162 -0.08581208195043866 21.62
2163 -0.08577885068440697 21.63
2164 -0.08571089675758151 21.64
2165 -0.08567523520089793 21.65
2166 -0.08561229780655887 21.66
2167 -0.08551282501379606 21.67
2168 -0.08546002030549205 21.68
2169 -0.08538576644440649 21.69
2170 -0.08534458370802911 21.7
2171 -0.08527762458791005 21.71
2172 -0.0852337845139667 21.72
2173 -0.08517301914477582 21.73
2174 -0.08512943264161513 21.74
2175 -0.08508265723645311 21.75
2176 -0.08500746624256147 21.76
2177 -0.08493377455940926 21.77
2178 -0.0848538447048853 21.78
2179 -0.08474346777094791 21.79
2180 -0.08467221143690554 21.8
2181 -0.0845845514946735 21.81
2182 -0.08452087405430303 21.82
2183 -0.08446215660806483 21.83
2184 -0.08434167938383685 21.84
2185 -0.08426294253365597 21.85
2186 -0.08418305330123446 21.86
2187 -0.08407425836391748 21.87
2188 -0.0839905239527884 21.88
2189 -0.08393065105647171 21.89
2190 -0.08383151823594966 21.9
2191 -0.08376531374950015 21.91
2192 -0.0837008992787468 21.92
2193 -0.08360657067180777 21.93
2194 -0.08353514726591145 21.94
2195 -0.08346281071780677 21.95
2196 -0.08335616781492991 21.96
2197 -0.08329327190931701 21.97
2198 -0.08322121444845315 21.98
2199 -0.08311173010580938 21.99
2200 -0.08305395345085233 22
2201 -0.08298384856183494 22.01
2202 -0.08287654165182756 22.02
2203 -0.08280514050643151 22.03
2204 -0.08273765251392787 22.04
2205 -0.08266371745718412 22.05
2206 -0.08255513610742229 22.06
2207 -0.0824878923191352 22.07
2208 -0.08242217699021503 22.08
2209 -0.08233197389129635 22.09
2210 -0.08227277822611134 22.1
2211 -0.08220964277061604 22.11
2212 -0.08212371638026324 22.12
2213 -0.08202760264520317 22.13
2214 -0.08196266050447014 22.14
2215 -0.08190263709038141 22.15
2216 -0.08184685585362519 22.16
2217 -0.08177752653603884 22.17
2218 -0.08172479767048781 22.18
2219 -0.08166621011061327 22.19
2220 -0.08161664396483947 22.2
2221 -0.08157931668023062 22.21
2222 -0.08154972827503236 22.22
2223 -0.08151547050240113 22.23
2224 -0.08145055837845613 22.24
2225 -0.08139167479109849 22.25
2226 -0.08133375127078395 22.26
2227 -0.08126269905001224 22.27
2228 -0.08119639939032214 22.28
2229 -0.08113859281297568 22.29
2230 -0.08108826985055952 22.3
2231 -0.08104602586090144 22.31
2232 -0.08100542857565529 22.32
2233 -0.08096180997126035 22.33
2234 -0.08093540539912178 22.34
2235 -0.08090968007821264 22.35
2236 -0.08088470124629359 22.36
2237 -0.08085216639983961 22.37
2238 -0.080814542573105 22.38
2239 -0.0808032706295792 22.39
2240 -0.08078911030325323 22.4
2241 -0.08074900438129587 22.41
2242 -0.08073569784784332 22.42
2243 -0.0807267874273658 22.43
2244 -0.0807156794680457 22.44
2245 -0.08069698621458153 22.45
2246 -0.08068061973797067 22.46
2247 -0.08065554371930167 22.47
2248 -0.08066101432654134 22.48
2249 -0.08065740018042827 22.49
2250 -0.08061718024375247 22.5
2251 -0.08058171195979399 22.51
2252 -0.08056754681440134 22.52
2253 -0.08056781359005175 22.53
2254 -0.08058236072281891 22.54
2255 -0.08062052084442717 22.55
2256 -0.08062129780440692 22.56
2257 -0.08064493090344954 22.57
2258 -0.08065282226259562 22.58
2259 -0.08068891874221609 22.59
2260 -0.08070272832649306 22.6
2261 -0.08072280880972543 22.61
2262 -0.08073094909126824 22.62
2263 -0.08074769142004057 22.63
2264 -0.08077120084735123 22.64
2265 -0.08078818135468838 22.65
2266 -0.08080356502387773 22.66
2267 -0.08083194501105494 22.67
2268 -0.08083860248151244 22.68
2269 -0.08086640984821142 22.69
2270 -0.08087588583287134 22.7
2271 -0.08092490049339657 22.71
2272 -0.08094126896291437 22.72
2273 -0.08094226058570478 22.73
2274 -0.08094570207545032 22.74
2275 -0.08099161719169569 22.75
2276 -0.08101915137444406 22.76
2277 -0.08104268277358406 22.77
2278 -0.08105774274289104 22.78
2279 -0.08108084269395693 22.79
2280 -0.08110072786526887 22.8
2281 -0.08111044710965279 22.81
2282 -0.08113182423121332 22.82
2283 -0.08114822124597711 22.83
2284 -0.08117030598424718 22.84
2285 -0.08119414122997019 22.85
2286 -0.08121705121188535 22.86
2287 -0.08123469535105685 22.87
2288 -0.08126098738704379 22.88
2289 -0.08126338717592096 22.89
2290 -0.0812745181537225 22.9
2291 -0.08129251352188786 22.91
2292 -0.08133460716435273 22.92
2293 -0.08136517231577893 22.93
2294 -0.08139702646361702 22.94
2295 -0.08143653288501315 22.95
2296 -0.08146236038650319 22.96
2297 -0.08148371759311079 22.97
2298 -0.08150274783404486 22.98
2299 -0.08150938871055675 22.99
2300 -0.08151139759384021 23
2301 -0.08151472412911803 23.01
2302 -0.08151616882977239 23.02
2303 -0.08152781213603189 23.03
2304 -0.08154912186651123 23.04
2305 -0.0815418730742892 23.05
2306 -0.08152428136058743 23.06
2307 -0.08151126224654651 23.07
2308 -0.08152320209402232 23.08
2309 -0.08152678749402111 23.09
2310 -0.08152622208553478 23.1
2311 -0.08151314229016876 23.11
2312 -0.0815235414905385 23.12
2313 -0.08152828854580779 23.13
2314 -0.08153051759246638 23.14
2315 -0.0815249002057218 23.15
2316 -0.08152017307062491 23.16
2317 -0.08149410196498841 23.17
2318 -0.08147931172234724 23.18
2319 -0.08144630326683311 23.19
2320 -0.08142422328883095 23.2
2321 -0.08138213045478401 23.21
2322 -0.08136438226614158 23.22
2323 -0.08132529432145578 23.23
2324 -0.08129829840907093 23.24
2325 -0.08125636304883858 23.25
2326 -0.08123142224199772 23.26
2327 -0.08118761174526479 23.27
2328 -0.08116097806559137 23.28
2329 -0.0811076847415374 23.29
2330 -0.08105648611152927 23.3
2331 -0.08098933974835032 23.31
2332 -0.08094261328632736 23.32
2333 -0.08088139738568786 23.33
2334 -0.08085212733565508 23.34
2335 -0.08080138752388233 23.35
2336 -0.08077179558628653 23.36
2337 -0.08072824397494052 23.37
2338 -0.08069356003380485 23.38
2339 -0.08060683310557037 23.39
2340 -0.08054190760782845 23.4
2341 -0.08043162517124153 23.41
2342 -0.08036217581022623 23.42
2343 -0.08023618344412639 23.43
2344 -0.08018141984304103 23.44
2345 -0.08006594749262151 23.45
2346 -0.07998134955108441 23.46
2347 -0.07985164074549017 23.47
2348 -0.07975129874945207 23.48
2349 -0.07960250075715915 23.49
2350 -0.07947520752185852 23.5
2351 -0.07941262193024015 23.51
2352 -0.07932817461688929 23.52
2353 -0.07926429514647035 23.53
2354 -0.07915569834826272 23.54
2355 -0.07907281194273982 23.55
2356 -0.07894556588994606 23.56
2357 -0.07884494232495017 23.57
2358 -0.07870932665048916 23.58
2359 -0.0786118649741134 23.59
2360 -0.07844583959967494 23.6
2361 -0.07832195249504137 23.61
2362 -0.07816615910452503 23.62
2363 -0.07805490246159207 23.63
2364 -0.07789683372322723 23.64
2365 -0.07780543501884526 23.65
2366 -0.07766042334034343 23.66
2367 -0.07754178082115751 23.67
2368 -0.07736736003771014 23.68
2369 -0.07724603989971471 23.69
2370 -0.07709480877736893 23.7
2371 -0.07697140358097476 23.71
2372 -0.07681774668995148 23.72
2373 -0.07670111411446322 23.73
2374 -0.0765265774406771 23.74
2375 -0.07639719674095001 23.75
2376 -0.0762250148277453 23.76
2377 -0.07610243819956923 23.77
2378 -0.07591741029773469 23.78
2379 -0.07577897509887775 23.79
2380 -0.07559504691054457 23.8
2381 -0.07546929321294653 23.81
2382 -0.07529841134093018 23.82
2383 -0.07517552084958233 23.83
2384 -0.07500588191530058 23.84
2385 -0.07488187118591995 23.85
2386 -0.07471126189896254 23.86
2387 -0.07461330428544449 23.87
2388 -0.07443823804302584 23.88
2389 -0.07425964734727769 23.89
2390 -0.07412068777920373 23.9
2391 -0.07391507341679567 23.91
2392 -0.07371449963817442 23.92
2393 -0.07353807828877343 23.93
2394 -0.07337288885711717 23.94
2395 -0.0732141455767705 23.95
2396 -0.07307146894696666 23.96
2397 -0.07289436469489817 23.97
2398 -0.07272971614044364 23.98
2399 -0.07258225500097347 23.99
2400 -0.07244950792034774 24
2401 -0.07234759136887696 24.01
2402 -0.07219298229481147 24.02
2403 -0.07201146611660281 24.03
2404 -0.07185844898356888 24.04
2405 -0.07170806060892496 24.05
2406 -0.0715525619983384 24.06
2407 -0.07144293985358807 24.07
2408 -0.07127787967156632 24.08
2409 -0.0711235629863424 24.09
2410 -0.07098759363882051 24.1
2411 -0.0708327497526178 24.11
2412 -0.07074215081158919 24.12
2413 -0.07058825111177215 24.13
2414 -0.0704241863364177 24.14
2415 -0.07026355845236161 24.15
2416 -0.07010966341933929 24.16
2417 -0.07001051032845934 24.17
2418 -0.06984363216400358 24.18
2419 -0.06969669587871884 24.19
2420 -0.069569970995858 24.2
2421 -0.06949411062953073 24.21
2422 -0.06932135311512433 24.22
2423 -0.06916635907984814 24.23
2424 -0.06906655194325811 24.24
2425 -0.06892526892391596 24.25
2426 -0.06880486627476487 24.26
2427 -0.06871952560807283 24.27
2428 -0.06859735506842612 24.28
2429 -0.06853179867600531 24.29
2430 -0.06843562839700182 24.3
2431 -0.06833973764581347 24.31
2432 -0.06827309516814736 24.32
2433 -0.06815324599856845 24.33
2434 -0.06809333107600231 24.34
2435 -0.06791965096495639 24.35
2436 -0.06775294837917981 24.36
2437 -0.06766118240594533 24.37
2438 -0.06753202423745332 24.38
2439 -0.06744880092059566 24.39
2440 -0.06731937422488377 24.4
2441 -0.0672304339709113 24.41
2442 -0.06711894642717831 24.42
2443 -0.06703060045823711 24.43
2444 -0.06694909152275764 24.44
2445 -0.06688350340695434 24.45
2446 -0.06679089375679259 24.46
2447 -0.06671057278560961 24.47
2448 -0.06665499841440425 24.48
2449 -0.06661088993046105 24.49
2450 -0.06659762478865539 24.5
2451 -0.06656267435928682 24.51
2452 -0.06652478568843505 24.52
2453 -0.06644398988913575 24.53
2454 -0.0663658815358058 24.54
2455 -0.0662825583552914 24.55
2456 -0.06623116878872329 24.56
2457 -0.06615325522354705 24.57
2458 -0.06607152269625813 24.58
2459 -0.06599313285672836 24.59
2460 -0.06591623055249921 24.6
2461 -0.06581071197223129 24.61
2462 -0.0657158607790666 24.62
2463 -0.06563957631756422 24.63
2464 -0.06559153342188905 24.64
2465 -0.06556255445230628 24.65
2466 -0.0655159448466159 24.66
2467 -0.06548825946300027 24.67
2468 -0.06546562979214679 24.68
2469 -0.06544163653015861 24.69
2470 -0.06541418734656966 24.7
2471 -0.06537659409493848 24.71
2472 -0.06532017471891674 24.72
2473 -0.06527427404070973 24.73
2474 -0.06523627996461999 24.74
2475 -0.06518215080497236 24.75
2476 -0.06513421715588627 24.76
2477 -0.06508880655704102 24.77
2478 -0.06503105555277142 24.78
2479 -0.06498309716934575 24.79
2480 -0.06493942482183784 24.8
2481 -0.06491206188555548 24.81
2482 -0.06490440023620493 24.82
2483 -0.06490916061811686 24.83
2484 -0.06488446725302448 24.84
2485 -0.06484774060181828 24.85
2486 -0.06480098385525111 24.86
2487 -0.0647591477022767 24.87
2488 -0.06469552231856357 24.88
2489 -0.0646378929721183 24.89
2490 -0.06457025320588283 24.9
2491 -0.06450790662877737 24.91
2492 -0.06445098670706298 24.92
2493 -0.06441711974207923 24.93
2494 -0.06436293109070199 24.94
2495 -0.064320353427309 24.95
2496 -0.06429557011049619 24.96
2497 -0.06426432061395279 24.97
2498 -0.06423319383208428 24.98
2499 -0.06420526153702255 24.99
2500 -0.06417985113054606 25
2501 -0.06414812964726625 25.01
2502 -0.06411762311350769 25.02
2503 -0.0640611927795684 25.03
2504 -0.06400894058955148 25.04
2505 -0.06395602388749888 25.05
2506 -0.06391598320714897 25.06
2507 -0.06385551453847897 25.07
2508 -0.06382163801185423 25.08
2509 -0.06376451188436844 25.09
2510 -0.06371986841248271 25.1
2511 -0.06368087563078706 25.11
2512 -0.06361290808593431 25.12
2513 -0.06354507526130375 25.13
2514 -0.06349997749883472 25.14
2515 -0.06343280239777492 25.15
2516 -0.06337921661241971 25.16
2517 -0.06329344591505839 25.17
2518 -0.06324290160092298 25.18
2519 -0.0631617721217472 25.19
2520 -0.06310458453776303 25.2
2521 -0.06302748817436513 25.21
2522 -0.06297057909626901 25.22
2523 -0.06289059096538105 25.23
2524 -0.06283778301580478 25.24
2525 -0.062778761188715 25.25
2526 -0.0627358451561075 25.26
2527 -0.06267710123760017 25.27
2528 -0.06262585673447733 25.28
2529 -0.06254355279521612 25.29
2530 -0.06248754133844611 25.3
2531 -0.06240593267672569 25.31
2532 -0.0623494698279846 25.32
2533 -0.06225890674778371 25.33
2534 -0.0621969612570411 25.34
2535 -0.0620932779646825 25.35
2536 -0.06201969011485303 25.36
2537 -0.06189866670881991 25.37
2538 -0.06182102476123666 25.38
2539 -0.06171039446078271 25.39
2540 -0.06160789779353085 25.4
2541 -0.06153254229830632 25.41
2542 -0.06142930087165101 25.42
2543 -0.06133358176074488 25.43
2544 -0.06127829673444347 25.44
2545 -0.06119212845851561 25.45
2546 -0.06112284060022637 25.46
2547 -0.06104823129187395 25.47
2548 -0.06098759411663284 25.48
2549 -0.06089718341747791 25.49
2550 -0.0607918821142578 25.5
2551 -0.0606830755102289 25.51
2552 -0.06057229308747403 25.52
2553 -0.06046303937064063 25.53
2554 -0.06035863899427821 25.54
2555 -0.06024574571009625 25.55
2556 -0.06013958140585862 25.56
2557 -0.06003815145112804 25.57
2558 -0.05993861594157103 25.58
2559 -0.05983433374914953 25.59
2560 -0.05973126365949587 25.6
2561 -0.05962513876554542 25.61
2562 -0.05950748506321334 25.62
2563 -0.05939938422486303 25.63
2564 -0.05929384921931272 25.64
2565 -0.05919034266918406 25.65
2566 -0.05909160007278826 25.66
2567 -0.05898647527170148 25.67
2568 -0.05889187987249084 25.68
2569 -0.05879259517834296 25.69
2570 -0.05869104134877811 25.7
2571 -0.05858381922884255 25.71
2572 -0.05847176937529174 25.72
2573 -0.05835148194487116 25.73
2574 -0.05823552842845865 25.74
2575 -0.05815333958040746 25.75
2576 -0.05802640452371398 25.76
2577 -0.05789544135364178 25.77
2578 -0.05775841861020826 25.78
2579 -0.05762455033058966 25.79
2580 -0.05753527793412758 25.8
2581 -0.05740022964175522 25.81
2582 -0.05726993903786441 25.82
2583 -0.05715300111866987 25.83
2584 -0.05707650570119073 25.84
2585 -0.05694325297717291 25.85
2586 -0.05681468623686502 25.86
2587 -0.05673147323335884 25.87
2588 -0.05660926973082879 25.88
2589 -0.05649359203234797 25.89
2590 -0.05641490299507896 25.9
2591 -0.05628332018080898 25.91
2592 -0.05616263187565062 25.92
2593 -0.05607925515087546 25.93
2594 -0.05596023649640077 25.94
2595 -0.05584035334726187 25.95
2596 -0.05572826520444327 25.96
2597 -0.05557999509339796 25.97
2598 -0.05547460343822909 25.98
2599 -0.05535266760401105 25.99
2600 -0.05524070466186776 26
2601 -0.05516421922766278 26.01
2602 -0.05505630521824036 26.02
2603 -0.05495677798957108 26.03
2604 -0.05488710174232137 26.04
2605 -0.05478612026038894 26.05
2606 -0.05466840014787046 26.06
2607 -0.05458189379185204 26.07
2608 -0.05444787844975104 26.08
2609 -0.05430966778001623 26.09
2610 -0.05417818660733627 26.1
2611 -0.05405606923365215 26.11
2612 -0.05394477032943431 26.12
2613 -0.05384087978555119 26.13
2614 -0.05374877817756241 26.14
2615 -0.05365599601823616 26.15
2616 -0.05356735404193927 26.16
2617 -0.05348116522133918 26.17
2618 -0.05341338466821329 26.18
2619 -0.05332052544684594 26.19
2620 -0.05323744717180336 26.2
2621 -0.05315012881344919 26.21
2622 -0.05308507595555206 26.22
2623 -0.05297378515324713 26.23
2624 -0.05286324321825953 26.24
2625 -0.05275707429927287 26.25
2626 -0.05269856636488135 26.26
2627 -0.05260823231810746 26.27
2628 -0.05252029383781547 26.28
2629 -0.05244821605841832 26.29
2630 -0.05234693601605146 26.3
2631 -0.05226870065544666 26.31
2632 -0.05217014872270331 26.32
2633 -0.05209238892729674 26.33
2634 -0.05199284545166817 26.34
2635 -0.05191087567301671 26.35
2636 -0.05186158768590884 26.36
2637 -0.05179385187508341 26.37
2638 -0.05173073551686517 26.38
2639 -0.05167213234928789 26.39
2640 -0.05160752575173147 26.4
2641 -0.05156510207730007 26.41
2642 -0.0514960989167586 26.42
2643 -0.05142785658439881 26.43
2644 -0.05136369455310892 26.44
2645 -0.05130715093211113 26.45
2646 -0.05125649533703375 26.46
2647 -0.05121612318887369 26.47
2648 -0.05114902571395459 26.48
2649 -0.05107283686074827 26.49
2650 -0.05100091703410497 26.5
2651 -0.05094131907974087 26.51
2652 -0.05087695865588695 26.52
2653 -0.05082087790971408 26.53
2654 -0.05077164444276122 26.54
2655 -0.05072043582051013 26.55
2656 -0.05066800226001948 26.56
2657 -0.05062760452125425 26.57
2658 -0.05060241278547892 26.58
2659 -0.0505728964192283 26.59
2660 -0.05054214673875828 26.6
2661 -0.05052126430407638 26.61
2662 -0.05049641149431352 26.62
2663 -0.05047187239882353 26.63
2664 -0.05044207794039175 26.64
2665 -0.05040227987470083 26.65
2666 -0.05035976808963279 26.66
2667 -0.05031368997427652 26.67
2668 -0.05027184222764412 26.68
2669 -0.05024474343268403 26.69
2670 -0.05020795287808064 26.7
2671 -0.05017254349220484 26.71
2672 -0.05014199003533606 26.72
2673 -0.05012753404069156 26.73
2674 -0.0501113220715198 26.74
2675 -0.05008555727668946 26.75
2676 -0.05004879148801509 26.76
2677 -0.0500220803222368 26.77
2678 -0.04998494619089702 26.78
2679 -0.04994504885174992 26.79
2680 -0.04990636922493617 26.8
2681 -0.04987711221121759 26.81
2682 -0.04986319250412462 26.82
2683 -0.04984893535253752 26.83
2684 -0.04983710053835463 26.84
2685 -0.04980941415830723 26.85
2686 -0.04979434952180723 26.86
2687 -0.04977422283619726 26.87
2688 -0.0497840305036551 26.88
2689 -0.04979121655228606 26.89
2690 -0.04979180440711279 26.9
2691 -0.04977753170599063 26.91
2692 -0.04977611562258885 26.92
2693 -0.0497651374584844 26.93
2694 -0.04974800686124429 26.94
2695 -0.04971979032932315 26.95
2696 -0.04967696706813525 26.96
2697 -0.04964522880229683 26.97
2698 -0.04962327726331813 26.98
2699 -0.04960737475109801 26.99
2700 -0.04957303639080821 27
2701 -0.04956810363927763 27.01
2702 -0.0495600894804346 27.02
2703 -0.049553387693571 27.03
2704 -0.04954691623555638 27.04
2705 -0.04953701619493352 27.05
2706 -0.04952873412439028 27.06
2707 -0.04950524511967956 27.07
2708 -0.04948028025260125 27.08
2709 -0.04942918884485293 27.09
2710 -0.04938979500509912 27.1
2711 -0.04936462565814673 27.11
2712 -0.04934221491937139 27.12
2713 -0.04933714561481942 27.13
2714 -0.0493268812940388 27.14
2715 -0.04931182006559803 27.15
2716 -0.04929652679393255 27.16
2717 -0.04928024260502503 27.17
2718 -0.04926016590010984 27.18
2719 -0.0492419783702959 27.19
2720 -0.04919981870270652 27.2
2721 -0.04917243390406144 27.21
2722 -0.04914790054964976 27.22
2723 -0.04913571540037413 27.23
2724 -0.04911389974725039 27.24
2725 -0.04908785321898693 27.25
2726 -0.04904956917847551 27.26
2727 -0.04901694736126169 27.27
2728 -0.04899344760527864 27.28
2729 -0.04896997726300505 27.29
2730 -0.04894807449763899 27.3
2731 -0.04891996196533418 27.31
2732 -0.04889819231740179 27.32
2733 -0.04886164913150424 27.33
2734 -0.04883006897859912 27.34
2735 -0.04880908574584247 27.35
2736 -0.04876650289417209 27.36
2737 -0.04872361136034068 27.37
2738 -0.04869753840649086 27.38
2739 -0.04864754385144066 27.39
2740 -0.04861984370321248 27.4
2741 -0.04856459717182202 27.41
2742 -0.04851080359759603 27.42
2743 -0.04847750438268243 27.43
2744 -0.04842090523665043 27.44
2745 -0.04839528207290642 27.45
2746 -0.04834305738060093 27.46
2747 -0.04829307714866305 27.47
2748 -0.04825779623562049 27.48
2749 -0.04820839917581673 27.49
2750 -0.04813587666508815 27.5
2751 -0.04810653834023548 27.51
2752 -0.04804063053834422 27.52
2753 -0.04798725369214905 27.53
2754 -0.04795852287382349 27.54
2755 -0.04791312509043558 27.55
2756 -0.04788306699061071 27.56
2757 -0.04786683320102759 27.57
2758 -0.04783696090506032 27.58
2759 -0.04779905474961886 27.59
2760 -0.04777582949106333 27.6
2761 -0.04771558243242729 27.61
2762 -0.04767555436448369 27.62
2763 -0.04760074052250955 27.63
2764 -0.04753111116811594 27.64
2765 -0.04749300990739794 27.65
2766 -0.04742492560059582 27.66
2767 -0.04739222135001878 27.67
2768 -0.04733163678977582 27.68
2769 -0.04727761955996057 27.69
2770 -0.04724044779375326 27.7
2771 -0.04719805868151524 27.71
2772 -0.04717132107379066 27.72
2773 -0.04711240957408409 27.73
2774 -0.04706913779628966 27.74
2775 -0.04703840733474864 27.75
2776 -0.04698253414592532 27.76
2777 -0.04695581074500796 27.77
2778 -0.04692490077859993 27.78
2779 -0.04688495984878747 27.79
2780 -0.04682395935744064 27.8
2781 -0.04675496220795001 27.81
2782 -0.04676131353004836 27.82
2783 -0.04672319975148957 27.83
2784 -0.04666771707427311 27.84
2785 -0.04661064515064386 27.85
2786 -0.04655459492936421 27.86
2787 -0.0465325414087587 27.87
2788 -0.04648170278057263 27.88
2789 -0.04643276249884292 27.89
2790 -0.04638543777394659 27.9
2791 -0.04633225334945745 27.91
2792 -0.04628051225245243 27.92
2793 -0.04626229001756885 27.93
2794 -0.04621935934391684 27.94
2795 -0.04617238254907428 27.95
2796 -0.04612141900107586 27.96
2797 -0.04607398651684081 27.97
2798 -0.04602837863880341 27.98
2799 -0.04598534678384365 27.99
2800 -0.04593912760562039 28
2801 -0.04589071113150722 28.01
2802 -0.04587126536636738 28.02
2803 -0.04583728783276312 28.03
2804 -0.04575181689412606 28.04
2805 -0.04570435740553803 28.05
2806 -0.0456868660414704 28.06
2807 -0.04567735334396841 28.07
2808 -0.04567413672659225 28.08
2809 -0.04565490297068915 28.09
2810 -0.04561839465295425 28.1
2811 -0.04549895621675443 28.11
2812 -0.04540957036280672 28.12
2813 -0.04532681836171391 28.13
2814 -0.04527049728713853 28.14
2815 -0.04522755906298616 28.15
2816 -0.04522375276961828 28.16
2817 -0.04520317820325592 28.17
2818 -0.0451879163031701 28.18
2819 -0.04517403138644809 28.19
2820 -0.04516180606281612 28.2
2821 -0.04515512149698161 28.21
2822 -0.04512729490461861 28.22
2823 -0.04511903934063956 28.23
2824 -0.04509529434438546 28.24
2825 -0.04507786454837499 28.25
2826 -0.0450595230421435 28.26
2827 -0.04504208256668296 28.27
2828 -0.04502266388219424 28.28
2829 -0.04500212703680579 28.29
2830 -0.04500363468695062 28.3
2831 -0.04499205968316675 28.31
2832 -0.04498252516942823 28.32
2833 -0.04497190382118261 28.33
2834 -0.04493663746346606 28.34
2835 -0.04490248404132952 28.35
2836 -0.04479008020433183 28.36
2837 -0.04467057191853382 28.37
2838 -0.04459514782197431 28.38
2839 -0.04458831035630657 28.39
2840 -0.04456820724925779 28.4
2841 -0.04458407209579694 28.41
2842 -0.04459208923902951 28.42
2843 -0.04460602828934076 28.43
2844 -0.04461676086489751 28.44
2845 -0.04464274589308211 28.45
2846 -0.04465804273290418 28.46
2847 -0.04464964495178127 28.47
2848 -0.04462975216554615 28.48
2849 -0.04458353383964846 28.49
2850 -0.0445577614961634 28.5
2851 -0.04452210476529921 28.51
2852 -0.04449023561343057 28.52
2853 -0.04444059059693926 28.53
2854 -0.04440804631217554 28.54
2855 -0.04436100992478142 28.55
2856 -0.04432187454025126 28.56
2857 -0.04429470392927326 28.57
2858 -0.04427105860745055 28.58
2859 -0.0442442476997598 28.59
2860 -0.04419110041690644 28.6
2861 -0.0441477929094799 28.61
2862 -0.04404098749015921 28.62
2863 -0.04401750027293734 28.63
2864 -0.04402370290196656 28.64
2865 -0.04401666259775694 28.65
2866 -0.04400577712846888 28.66
2867 -0.04398801343211117 28.67
2868 -0.04397788979793928 28.68
2869 -0.04397381970620829 28.69
2870 -0.04398732386990622 28.7
2871 -0.04396664798412639 28.71
2872 -0.04397437697599827 28.72
2873 -0.04397649860300355 28.73
2874 -0.04400005000336842 28.74
2875 -0.04401026369148178 28.75
2876 -0.04399919811677456 28.76
2877 -0.0440204409177791 28.77
2878 -0.04392762099268889 28.78
2879 -0.04393043682612912 28.79
2880 -0.04392807290480987 28.8
2881 -0.04392051483625749 28.81
2882 -0.04391076287866234 28.82
2883 -0.04387840006787395 28.83
2884 -0.04381957028211095 28.84
2885 -0.0437876080353578 28.85
2886 -0.04374770059198928 28.86
2887 -0.04373077558764079 28.87
2888 -0.04371570535145034 28.88
2889 -0.04370961396072442 28.89
2890 -0.04369388734695246 28.9
2891 -0.04370597797838154 28.91
2892 -0.04368814839416768 28.92
2893 -0.0436756724212982 28.93
2894 -0.04367643847059761 28.94
2895 -0.04367724004462812 28.95
2896 -0.04368362517096783 28.96
2897 -0.04368173590319264 28.97
2898 -0.04368735769919877 28.98
2899 -0.04367962506988295 28.99
2900 -0.04368522951464757 29
2901 -0.04364673347969982 29.01
2902 -0.04356750231780391 29.02
2903 -0.0435046284721694 29.03
2904 -0.043489977807062 29.04
2905 -0.043484544722964 29.05
2906 -0.04344189048737193 29.06
2907 -0.04345438675631346 29.07
2908 -0.04343262749981175 29.08
2909 -0.04340238702871654 29.09
2910 -0.04338132364573264 29.1
2911 -0.04338684071780925 29.11
2912 -0.04335726130113841 29.12
2913 -0.04332085281227211 29.13
2914 -0.04330972251340717 29.14
2915 -0.04333753417705798 29.15
2916 -0.04332879850059691 29.16
2917 -0.0433268246416831 29.17
2918 -0.04331737044941581 29.18
2919 -0.04325832505032152 29.19
2920 -0.04319341090040704 29.2
2921 -0.04314422759616476 29.21
2922 -0.04313879015386918 29.22
2923 -0.04317046898052403 29.23
2924 -0.04318326457069044 29.24
2925 -0.04318241220074338 29.25
2926 -0.04319268375039657 29.26
2927 -0.04318084950199376 29.27
2928 -0.04319814635783661 29.28
2929 -0.04321478816939381 29.29
2930 -0.04321544668228978 29.3
2931 -0.04320349496786946 29.31
2932 -0.04317374922378708 29.32
2933 -0.04314637736725697 29.33
2934 -0.04308718724679846 29.34
2935 -0.04305897391697535 29.35
2936 -0.04300198159153169 29.36
2937 -0.04296963451680914 29.37
2938 -0.04288118647468435 29.38
2939 -0.0428246142536586 29.39
2940 -0.04277318774989164 29.4
2941 -0.04274573883812945 29.41
2942 -0.04275397869471211 29.42
2943 -0.04275017418908547 29.43
2944 -0.04276206546728176 29.44
2945 -0.04276713477194726 29.45
2946 -0.04280766652976152 29.46
2947 -0.04283174145916244 29.47
2948 -0.04283021249626579 29.48
2949 -0.04283253234734803 29.49
2950 -0.04284010371300435 29.5
2951 -0.04283997904561504 29.51
2952 -0.04279134411606619 29.52
2953 -0.04275636302533799 29.53
2954 -0.04270909624012458 29.54
2955 -0.04266196629316828 29.55
2956 -0.0426031078885894 29.56
2957 -0.04258860984172456 29.57
2958 -0.04256316001496058 29.58
2959 -0.04255017914699823 29.59
2960 -0.04250855358558623 29.6
2961 -0.04248507393406102 29.61
2962 -0.04245140488449576 29.62
2963 -0.0424420519417207 29.63
2964 -0.04243206137865414 29.64
2965 -0.04242582998073623 29.65
2966 -0.04242169088961797 29.66
2967 -0.04241753721766867 29.67
2968 -0.04240742535922597 29.68
2969 -0.04239789928038431 29.69
2970 -0.04240569507365866 29.7
2971 -0.04240239571208186 29.71
2972 -0.0423926277175248 29.72
2973 -0.04236938877297626 29.73
2974 -0.04234524467297122 29.74
2975 -0.04231551568233477 29.75
2976 -0.04231222983240546 29.76
2977 -0.04228479613738276 29.77
2978 -0.04226223443212629 29.78
2979 -0.04223734549918839 29.79
2980 -0.04221635344978562 29.8
2981 -0.04219513311715005 29.81
2982 -0.042174279898437 29.82
2983 -0.04215796660271445 29.83
2984 -0.0421357993155856 29.84
2985 -0.04211377565092999 29.85
2986 -0.04209703595711688 29.86
2987 -0.04208557226468185 29.87
2988 -0.04205649881079691 29.88
2989 -0.04204418642612474 29.89
2990 -0.04204425199660009 29.9
2991 -0.04204393673963519 29.91
2992 -0.04204939694151399 29.92
2993 -0.04205231037204644 29.93
2994 -0.04204942921553208 29.94
2995 -0.04203031408271851 29.95
2996 -0.04200602848853698 29.96
2997 -0.0419834315764122 29.97
2998 -0.04193616628655144 29.98
2999 -0.04191109900349335 29.99
3000 -0.0419069091487038 30
