"cd-rfile"
"Time Step" "cd etc.."
("Time Step" "cd" "flow-time")
0 5.745939731170285e-27 0
1 -93.47751311213517 0.01
2 -15.66649060073416 0.02
3 1.701457809267249 0.03
4 6.104704484363682 0.04
5 5.946737177062813 0.05
6 -1.346181910904269 0.06
7 -2.79346712613226 0.07000000000000001
8 -1.173598269749784 0.08
9 0.4247153849569544 0.09
10 0.8999568407813824 0.1
11 0.5969481164290431 0.11
12 0.1870364376827299 0.12
13 -0.2361816483786118 0.13
14 -0.138645212952829 0.14
15 -0.0236115262194616 0.15
16 0.07400678838717598 0.16
17 0.1121782609696695 0.17
18 0.06083715422569094 0.18
19 0.0676138661339548 0.19
20 0.08282076495444064 0.2
21 0.0907007587749267 0.21
22 0.09061552483098223 0.22
23 0.06824151060348128 0.23
24 0.0417421339611053 0.24
25 0.02853430148206681 0.25
26 0.02676492636812838 0.26
27 0.03965084504724743 0.27
28 0.05042461880116928 0.28
29 0.05487717755434796 0.29
30 0.05497363813768556 0.3
31 0.05213204370170566 0.31
32 0.05468996195784057 0.32
33 0.04849418701552606 0.33
34 0.04845574385935262 0.34
35 0.05016689462771876 0.35
36 0.04880361990629421 0.36
37 0.04644417590697684 0.37
38 0.0436236572335052 0.38
39 0.04130518711168651 0.39
40 0.03954849320491225 0.4
41 0.03802099893627877 0.41
42 0.03773013710832313 0.42
43 0.03812341967063489 0.43
44 0.03920089344705793 0.44
45 0.04100757124979231 0.45
46 0.04250912658825524 0.46
47 0.04323858896768087 0.47
48 0.04293427016890916 0.48
49 0.04193820146288931 0.49
50 0.04010981853675537 0.5
51 0.03886462320016347 0.51
52 0.0365167017926722 0.52
53 0.03579580188771073 0.53
54 0.03598865549871318 0.54
55 0.03586125733036789 0.55
56 0.03639732124590717 0.5600000000000001
57 0.03659876093043959 0.5700000000000001
58 0.03692649408037417 0.58
59 0.0376043481737849 0.59
60 0.03790581839126511 0.6
61 0.03830467667515346 0.61
62 0.03700624043811464 0.62
63 0.03702689386239465 0.63
64 0.03737999697091442 0.64
65 0.03789523478492502 0.65
66 0.03780468692112224 0.66
67 0.03669470249968075 0.67
68 0.03647427158916042 0.68
69 0.03647021849616125 0.6900000000000001
70 0.03636729633904908 0.7000000000000001
71 0.03637989861435216 0.71
72 0.03638849482978801 0.72
73 0.03609675160457356 0.73
74 0.03553894842930433 0.74
75 0.03460572639777793 0.75
76 0.03432723505029293 0.76
77 0.03435607543823572 0.77
78 0.03441663053053774 0.78
79 0.03444808394677598 0.79
80 0.0343595991494039 0.8
81 0.03421447499443504 0.8100000000000001
82 0.03407527408927634 0.8200000000000001
83 0.03400756420336822 0.8300000000000001
84 0.03394206286184089 0.84
85 0.0337948864421735 0.85
86 0.03372777170874591 0.86
87 0.03371221437767453 0.87
88 0.03368673594222575 0.88
89 0.03374025868945391 0.89
90 0.03374893619993018 0.9
91 0.03373950529801487 0.91
92 0.03370867022998574 0.92
93 0.03367609276818832 0.93
94 0.03364521604236821 0.9400000000000001
95 0.03365938637567941 0.9500000000000001
96 0.03370554038092592 0.96
97 0.03377258215427365 0.97
98 0.03384732488444422 0.98
99 0.03390714427764131 0.99
100 0.0339313998089097 1
101 0.03394426210433558 1.01
102 0.03397233160112935 1.02
103 0.03389827074065976 1.03
104 0.03374685239029598 1.04
105 0.03361875442989816 1.05
106 0.03357977085509781 1.06
107 0.03357291995896412 1.07
108 0.03355749234345341 1.08
109 0.03347690730832671 1.09
110 0.03340185786599154 1.1
111 0.03336763792203187 1.11
112 0.03336921772074183 1.12
113 0.0334010010442677 1.13
114 0.03341125100564145 1.14
115 0.0334085239681986 1.15
116 0.03337618642848111 1.16
117 0.03335198089441072 1.17
118 0.03332144256640865 1.18
119 0.03327411066574985 1.19
120 0.03322886490307192 1.2
121 0.03318959088160892 1.21
122 0.03315872201623972 1.22
123 0.03313997455216284 1.23
124 0.03312415699224191 1.24
125 0.03311465810889243 1.25
126 0.03310067982248238 1.26
127 0.03308608613514373 1.27
128 0.03307125778126187 1.28
129 0.03305795590151299 1.29
130 0.03304317936600412 1.3
131 0.03302495490511399 1.31
132 0.03300770492459872 1.32
133 0.03298831614658538 1.33
134 0.03297684807656913 1.34
135 0.0329706013937404 1.35
136 0.03296461415137227 1.36
137 0.03296077382820505 1.37
138 0.03296682268704892 1.38
139 0.0329554282396992 1.39
140 0.03296061947946858 1.4
141 0.03296531278624307 1.41
142 0.0329745954096958 1.42
143 0.03298287775727986 1.43
144 0.03298999018341955 1.44
145 0.03299251286094995 1.45
146 0.03299670396865115 1.46
147 0.03299466136837115 1.47
148 0.03298726799481379 1.48
149 0.03297691111436441 1.49
150 0.03296552973634533 1.5
151 0.0329422517248134 1.51
152 0.03292630528518915 1.52
153 0.03292081062437561 1.53
154 0.03292266483583282 1.54
155 0.03292430132869566 1.55
156 0.03292091808603561 1.56
157 0.03290985891379147 1.57
158 0.03288505706807266 1.58
159 0.03286937290632845 1.59
160 0.03284898292847952 1.6
161 0.03282093770871918 1.61
162 0.0327883472213819 1.62
163 0.03276237061080946 1.63
164 0.03273696858136373 1.64
165 0.03271066902972781 1.65
166 0.03268497146093001 1.66
167 0.03265410625902064 1.67
168 0.03261918455182004 1.68
169 0.03258358048410932 1.69
170 0.03256386763277578 1.7
171 0.0325366338453421 1.71
172 0.03250667539236863 1.72
173 0.0324712042450962 1.73
174 0.03243476367377322 1.74
175 0.0323988303593072 1.75
176 0.03236520475659717 1.76
177 0.0323264835296876 1.77
178 0.03228513996244923 1.78
179 0.03224975969527235 1.79
180 0.03221864882133686 1.8
181 0.03219701090666635 1.81
182 0.03217494441667096 1.82
183 0.03215937305601537 1.83
184 0.03213885852780715 1.84
185 0.03212063892646812 1.85
186 0.03210703075984997 1.86
187 0.03209691515550899 1.87
188 0.0320795106555208 1.88
189 0.03207397533641858 1.89
190 0.03207149703414862 1.9
191 0.03206515071913759 1.91
192 0.03206349624055754 1.92
193 0.03206538148345372 1.93
194 0.03206855030989866 1.94
195 0.03206781401983844 1.95
196 0.03207306629867045 1.96
197 0.03208045302173226 1.97
198 0.03208622128515685 1.98
199 0.0320926021001283 1.99
200 0.03209432153178278 2
201 0.03209405599200871 2.01
202 0.03210001630879476 2.02
203 0.03210515950756621 2.03
204 0.03210814173978692 2.04
205 0.0321105984824902 2.05
206 0.0321116030406928 2.06
207 0.03211012410869935 2.07
208 0.03210542721193024 2.08
209 0.03209591802919799 2.09
210 0.03208835093966945 2.1
211 0.03208130822099999 2.11
212 0.03207629404588662 2.12
213 0.032068004964315 2.13
214 0.03205595624520168 2.14
215 0.0320422608971147 2.15
216 0.03202882214854715 2.16
217 0.03201506341640428 2.17
218 0.03200082089582823 2.18
219 0.03198581610529785 2.19
220 0.03197165055284803 2.2
221 0.03195354470402352 2.21
222 0.03193241290729507 2.22
223 0.03191248158809698 2.23
224 0.03189195983196794 2.24
225 0.03187467774219555 2.25
226 0.03185912092035045 2.26
227 0.03184181950843156 2.27
228 0.03182308806682512 2.28
229 0.03180446644037658 2.29
230 0.03178635553239961 2.3
231 0.03177010142445642 2.31
232 0.03175769073646816 2.32
233 0.03174544006816578 2.33
234 0.03173663058024106 2.34
235 0.03172720870243381 2.35
236 0.03171553422140666 2.36
237 0.03170284500689576 2.37
238 0.03168949369827408 2.38
239 0.03167313675902664 2.39
240 0.03166035311526318 2.4
241 0.03165136109385262 2.41
242 0.03164688421102099 2.42
243 0.03164717818254442 2.43
244 0.03164175661784311 2.44
245 0.03163519515726931 2.45
246 0.03162945566750058 2.46
247 0.03162347821530095 2.47
248 0.03161717734704023 2.48
249 0.03161138374012396 2.49
250 0.03160552156463282 2.5
251 0.03160075383696103 2.51
252 0.03159373123621288 2.52
253 0.03158831873057795 2.53
254 0.03158871447464467 2.54
255 0.03159114112211905 2.55
256 0.03159227326471256 2.56
257 0.03159117620185819 2.57
258 0.03158831903761872 2.58
259 0.03158353596305091 2.59
260 0.03157892865665334 2.6
261 0.03157513377821243 2.61
262 0.03157343456816931 2.62
263 0.03157199140425754 2.63
264 0.03157161224577833 2.64
265 0.03157135307603254 2.65
266 0.03157014709848402 2.66
267 0.03156657075482665 2.67
268 0.03156561473990125 2.68
269 0.03156504293522754 2.69
270 0.03156521176898359 2.7
271 0.03156322980166854 2.71
272 0.03155986381586259 2.72
273 0.03155634663027031 2.73
274 0.03155316468222311 2.74
275 0.03155036713158015 2.75
276 0.03154774989928412 2.76
277 0.03154501635757631 2.77
278 0.03154094042927738 2.78
279 0.03153621822091145 2.79
280 0.03153148801440256 2.8
281 0.0315276462941406 2.81
282 0.03152007597702326 2.82
283 0.03151691511019006 2.83
284 0.03151624303789449 2.84
285 0.03151542916665145 2.85
286 0.03151338304239951 2.86
287 0.03150903096903709 2.87
288 0.03150249784143563 2.88
289 0.03149419585725543 2.89
290 0.031487334261235 2.9
291 0.03147751508718521 2.91
292 0.03146919262562655 2.92
293 0.03146501100305862 2.93
294 0.03145856181884002 2.94
295 0.03145329434936058 2.95
296 0.03144843417599747 2.96
297 0.03144324868576443 2.97
298 0.03143757311300499 2.98
299 0.03143147721755445 2.99
300 0.03142448805986966 3
301 0.03141943861691443 3.01
302 0.03141520401360344 3.02
303 0.03141232046447495 3.03
304 0.03141029542066987 3.04
305 0.03140849537460537 3.05
306 0.03140640376713633 3.06
307 0.03140305115334716 3.07
308 0.03140244911842697 3.08
309 0.03140364000241943 3.09
310 0.03140520303277751 3.1
311 0.03140959795923864 3.11
312 0.03141194191151374 3.12
313 0.03141199321206276 3.13
314 0.03141361562580827 3.14
315 0.03141489900957055 3.15
316 0.03141688482787219 3.16
317 0.03142025730447157 3.17
318 0.03142354697983267 3.18
319 0.03142726973042204 3.19
320 0.03143029695448076 3.2
321 0.03143179906653911 3.21
322 0.0314311897982201 3.22
323 0.03143025773663564 3.23
324 0.0314292136316846 3.24
325 0.03142791932889216 3.25
326 0.03142821577245306 3.26
327 0.03142761519113325 3.27
328 0.03142853498760577 3.28
329 0.03142941277207793 3.29
330 0.03143136801224881 3.3
331 0.03143319790264549 3.31
332 0.03143313868901256 3.32
333 0.03143173271338594 3.33
334 0.03142917211481962 3.34
335 0.03142625051938271 3.35
336 0.03142426527750831 3.36
337 0.03142279357253001 3.37
338 0.03142128055399102 3.38
339 0.03141980518629765 3.39
340 0.03141813771345842 3.4
341 0.03141827820071039 3.41
342 0.03141851211933606 3.42
343 0.03141838157525046 3.43
344 0.03141723906542006 3.44
345 0.03141619838176245 3.45
346 0.03141546881960527 3.46
347 0.03141463046107875 3.47
348 0.03141380383863216 3.48
349 0.03141276724142077 3.49
350 0.03141141430313503 3.5
351 0.0314096726078071 3.51
352 0.03140732437287636 3.52
353 0.03140472459953017 3.53
354 0.03140138956132846 3.54
355 0.03139826405369357 3.55
356 0.0313951045289988 3.56
357 0.03139047027968222 3.57
358 0.03138658269783547 3.58
359 0.03138338188540566 3.59
360 0.03137940818655585 3.6
361 0.031376682507658 3.61
362 0.0313746766508915 3.62
363 0.03137289955992174 3.63
364 0.03137214572655622 3.64
365 0.03137190044483599 3.65
366 0.03137468546586051 3.66
367 0.03137762591323905 3.67
368 0.03137708580118258 3.68
369 0.03137430790621606 3.69
370 0.03136991991080799 3.7
371 0.03136677922145018 3.71
372 0.03136479650400037 3.72
373 0.03136474605639393 3.73
374 0.03136479200582138 3.74
375 0.0313644929534437 3.75
376 0.03136501591637167 3.76
377 0.03136267879094393 3.77
378 0.03136047214186159 3.78
379 0.03135779306741856 3.79
380 0.03135588982822479 3.8
381 0.03135486133780553 3.81
382 0.0313547060703324 3.82
383 0.03135764533903139 3.83
384 0.0313589846823282 3.84
385 0.031360373953398 3.85
386 0.03136210412603357 3.86
387 0.03136323894485669 3.87
388 0.03136310060896844 3.88
389 0.03136184607496696 3.89
390 0.03136046367428753 3.9
391 0.03135905263132982 3.91
392 0.03135685501241664 3.92
393 0.03135430568680805 3.93
394 0.03135171006174167 3.94
395 0.03134859775940521 3.95
396 0.03134703542039382 3.96
397 0.03134531564979948 3.97
398 0.03134386405297151 3.98
399 0.0313426797156799 3.99
400 0.03134199962277262 4
401 0.03134112913035071 4.01
402 0.03134019630636335 4.02
403 0.03133862471624204 4.03
404 0.03133584763555297 4.04
405 0.0313331659680948 4.05
406 0.03133001147459077 4.06
407 0.03132765414856716 4.07
408 0.03132414725385604 4.08
409 0.03132068416231772 4.09
410 0.03131829762076406 4.1
411 0.0313150065023007 4.11
412 0.03131250227377713 4.12
413 0.03131035236705824 4.13
414 0.03130820551470845 4.14
415 0.03130633854693063 4.15
416 0.03130412147981718 4.16
417 0.03130183786039628 4.17
418 0.03130011885063831 4.18
419 0.03129866760349519 4.19
420 0.03129735740422528 4.2
421 0.03129516987990783 4.21
422 0.03129237599827789 4.22
423 0.03128903989020248 4.23
424 0.03128571633509809 4.24
425 0.03128178078230149 4.25
426 0.03127689593836386 4.26
427 0.03127321532667952 4.27
428 0.03127041960100645 4.28
429 0.03126791286166228 4.29
430 0.0312652120970991 4.3
431 0.03126275463691081 4.31
432 0.03126032547970296 4.32
433 0.03125773395409525 4.33
434 0.03125540210780493 4.34
435 0.03125360591784797 4.350000000000001
436 0.03125228670342604 4.36
437 0.03125127923828776 4.37
438 0.03125041494683896 4.38
439 0.03125079163666832 4.39
440 0.0312489803764487 4.4
441 0.03124632836186973 4.41
442 0.03124393846509303 4.42
443 0.0312415175187802 4.43
444 0.03123840130908441 4.44
445 0.03123609141145305 4.45
446 0.03123248033832123 4.46
447 0.03122834488667565 4.47
448 0.0312244735210647 4.48
449 0.03122110254099247 4.49
450 0.03121833603043496 4.5
451 0.03121711240241972 4.51
452 0.03121417934602148 4.52
453 0.03121179662805541 4.53
454 0.03121028333588382 4.54
455 0.03120789508188204 4.55
456 0.03119729880236966 4.56
457 0.0311877590923864 4.57
458 0.03118570985996713 4.58
459 0.03118904365565759 4.59
460 0.03120585348608491 4.600000000000001
461 0.03121272656547206 4.61
462 0.0312124321016774 4.62
463 0.03120652540709098 4.63
464 0.03119662203469828 4.64
465 0.0311845909022897 4.65
466 0.03117462997203699 4.66
467 0.03116530594825685 4.67
468 0.03116011964319523 4.68
469 0.03115790707560454 4.69
470 0.03115715866680939 4.7
471 0.03115660337319176 4.71
472 0.03115536918971423 4.72
473 0.03115210842486047 4.73
474 0.03114828835235515 4.74
475 0.03114398682140691 4.75
476 0.03113879057104801 4.76
477 0.03113414528228341 4.77
478 0.03112969825067988 4.78
479 0.03112579489838584 4.79
480 0.03112246942376631 4.8
481 0.03111979543280467 4.81
482 0.03111767689923337 4.82
483 0.03111491294641191 4.83
484 0.03111294858555278 4.84
485 0.031099477487661 4.850000000000001
486 0.03108854399850623 4.86
487 0.03108232655587004 4.87
488 0.03107980850911764 4.88
489 0.03108013828760196 4.89
490 0.03108846433820311 4.9
491 0.03109454663991131 4.91
492 0.03112340996042622 4.92
493 0.03112994404529514 4.93
494 0.03111954954691036 4.94
495 0.03110092714782945 4.95
496 0.03108014103555094 4.96
497 0.03106214794243483 4.97
498 0.03104977977979872 4.98
499 0.0310441971839359 4.99
500 0.03104423167641172 5
501 0.03104739215696409 5.01
502 0.03105173573830532 5.02
503 0.0310551092017198 5.03
504 0.03105627058103691 5.04
505 0.03105369477557751 5.05
506 0.0310497190562006 5.06
507 0.03104441174627811 5.07
508 0.0310382057679862 5.08
509 0.03103398556911163 5.09
510 0.03102904653949487 5.100000000000001
511 0.03102347963647168 5.11
512 0.03101839427213683 5.12
513 0.03101301963635522 5.13
514 0.03100137021030262 5.14
515 0.03099411018837599 5.15
516 0.0309868933560467 5.16
517 0.03098277481952743 5.17
518 0.03098166153716248 5.18
519 0.03098297328016445 5.19
520 0.03098563543414014 5.2
521 0.03098593705112158 5.21
522 0.03098708952904638 5.22
523 0.0309961946402948 5.23
524 0.0310011379547474 5.24
525 0.03101131377480356 5.25
526 0.03101296218565713 5.26
527 0.0310063053603229 5.27
528 0.03098712438926917 5.28
529 0.03096485163754434 5.29
530 0.03094614403846883 5.3
531 0.03093420145556953 5.31
532 0.03092945658634849 5.32
533 0.03093143251025494 5.33
534 0.030937336731687 5.34
535 0.03094398839395656 5.350000000000001
536 0.03094888175041075 5.36
537 0.03095036053876995 5.37
538 0.03094813398818473 5.38
539 0.03094188719924277 5.39
540 0.03093163501581124 5.4
541 0.03092193889160944 5.41
542 0.03091490749570239 5.42
543 0.03090739748553042 5.43
544 0.03090276448799274 5.44
545 0.03089978632319116 5.45
546 0.03089792908330565 5.46
547 0.0308965448038834 5.47
548 0.03089497268994494 5.48
549 0.03089272627580716 5.49
550 0.03088929777097919 5.5
551 0.0308812844176723 5.51
552 0.03087781998599711 5.52
553 0.03087047554330115 5.53
554 0.03086987075128327 5.54
555 0.03086905030241895 5.55
556 0.030867811457564 5.56
557 0.03086577628459958 5.57
558 0.03086989052212205 5.58
559 0.03087136096546231 5.59
560 0.03086715592593287 5.600000000000001
561 0.03086378440603987 5.61
562 0.030858938076923 5.62
563 0.03085269191286363 5.63
564 0.03084428446009515 5.64
565 0.03083805928735253 5.65
566 0.03083062738734289 5.66
567 0.03082685808422365 5.67
568 0.03082229848133474 5.68
569 0.0308206425750104 5.69
570 0.03081919149386754 5.7
571 0.0308142911823348 5.71
572 0.03081134040768665 5.72
573 0.0308092130795681 5.73
574 0.03080738399399864 5.74
575 0.03079970813177145 5.75
576 0.03079441298045546 5.76
577 0.0307966185746799 5.77
578 0.03079144157480054 5.78
579 0.03078845645981001 5.79
580 0.03078609398202401 5.8
581 0.03079060328595018 5.81
582 0.03079112835814508 5.82
583 0.03078973708830136 5.83
584 0.03078534485921483 5.84
585 0.03078283680002974 5.850000000000001
586 0.03077491135547515 5.86
587 0.03076748009368536 5.87
588 0.03076407963665976 5.88
589 0.0307613905330138 5.89
590 0.03075929848515285 5.9
591 0.03075738583734661 5.91
592 0.03075550395949144 5.92
593 0.03075349961990451 5.93
594 0.03075088744190637 5.94
595 0.03074554509942006 5.95
596 0.03074520545433617 5.96
597 0.03074532946286727 5.97
598 0.03074176098437492 5.98
599 0.03074267768233528 5.99
600 0.0307395289950846 6
601 0.0307409786604303 6.01
602 0.03073771877398341 6.02
603 0.03073442209541815 6.03
604 0.03073417808350295 6.04
605 0.03072977465472741 6.05
606 0.03072618384133851 6.06
607 0.03072104423414393 6.07
608 0.03071486311631347 6.08
609 0.03070915339577472 6.09
610 0.0307001770029996 6.100000000000001
611 0.03069170733713959 6.11
612 0.03068588132741717 6.12
613 0.03068187510057893 6.13
614 0.03068111505713621 6.140000000000001
615 0.03068080985683343 6.15
616 0.03067973551576572 6.16
617 0.03067903138185718 6.17
618 0.03067850934726157 6.18
619 0.03067799097669527 6.19
620 0.03067736721545843 6.2
621 0.03067302119206519 6.21
622 0.03067343098396899 6.22
623 0.03067333093194453 6.23
624 0.03066911604930648 6.24
625 0.03066571967504932 6.25
626 0.03066408058223882 6.26
627 0.03066230798689228 6.27
628 0.03066020989348733 6.28
629 0.03065766606086193 6.29
630 0.0306545306578119 6.3
631 0.03065069313821227 6.31
632 0.03064654247821989 6.32
633 0.03064451177574196 6.33
634 0.03063805971494903 6.34
635 0.03063151838516117 6.350000000000001
636 0.03062713356178473 6.36
637 0.03061930124438453 6.37
638 0.03061336848333611 6.38
639 0.03060930726552781 6.390000000000001
640 0.03060702982779916 6.4
641 0.03060615802617996 6.41
642 0.03060625484147192 6.42
643 0.03060692438334995 6.43
644 0.03060783667569949 6.44
645 0.03060871624108552 6.45
646 0.03060937977996418 6.46
647 0.03060973955879526 6.47
648 0.03060991171625824 6.48
649 0.0306099270126758 6.49
650 0.03060939086844249 6.5
651 0.03060842146385241 6.51
652 0.03060733680200986 6.52
653 0.03060890943471119 6.53
654 0.03060437561869104 6.54
655 0.03060278236295677 6.55
656 0.03059993050066587 6.56
657 0.03059336875480089 6.57
658 0.03059009546746545 6.58
659 0.0305833812088301 6.59
660 0.03058020422455951 6.600000000000001
661 0.030576591884854 6.61
662 0.03057005531116665 6.62
663 0.03056726021693651 6.63
664 0.03056170504611645 6.640000000000001
665 0.03055798040870703 6.65
666 0.03055509202364945 6.66
667 0.03055352375205281 6.67
668 0.03055242848314864 6.68
669 0.03055123532200457 6.69
670 0.03054559278150491 6.7
671 0.03054622748866672 6.71
672 0.03054152328072381 6.72
673 0.03054234303613054 6.73
674 0.0305373386915093 6.74
675 0.03053328640390366 6.75
676 0.03053013487390902 6.76
677 0.03052748399537063 6.77
678 0.03052582678830681 6.78
679 0.0305249703060932 6.79
680 0.03052596203188519 6.8
681 0.03052656591645187 6.81
682 0.03052153122112308 6.82
683 0.03052396475664373 6.83
684 0.03051995856605016 6.84
685 0.03052372698503563 6.850000000000001
686 0.03052073057054571 6.86
687 0.03052427702407004 6.87
688 0.03052085386410625 6.88
689 0.03052412204366049 6.890000000000001
690 0.03052029071620942 6.9
691 0.03052209591165443 6.91
692 0.03051730968648669 6.92
693 0.03051974512850344 6.93
694 0.03051501194675391 6.94
695 0.03051519709382294 6.95
696 0.03051517143413938 6.96
697 0.03051306992076651 6.97
698 0.03050778955494769 6.98
699 0.03050043209014368 6.99
700 0.03049422902425842 7
701 0.03048997720749577 7.01
702 0.03048644080036745 7.02
703 0.03048382222339981 7.03
704 0.03048193519861183 7.04
705 0.03048083012818729 7.05
706 0.03048118466173963 7.06
707 0.03048140407030958 7.07
708 0.03048559557498628 7.08
709 0.03048378244404913 7.09
710 0.03048199895856583 7.100000000000001
711 0.03048432475492534 7.11
712 0.03048082854719958 7.12
713 0.03047705478787104 7.13
714 0.03047354021412042 7.140000000000001
715 0.03047373344426459 7.15
716 0.03047318836545003 7.16
717 0.03047173692756033 7.17
718 0.03046917026911822 7.18
719 0.03046601404618079 7.19
720 0.0304625274526112 7.2
721 0.03045903094559214 7.21
722 0.03045580396250362 7.22
723 0.0304522993730202 7.23
724 0.03044631905839992 7.24
725 0.03044639351116835 7.25
726 0.03044278563193301 7.26
727 0.03044467391820403 7.27
728 0.03044119880621058 7.28
729 0.03044066796489061 7.29
730 0.03043486316023243 7.3
731 0.03043535816800747 7.31
732 0.03043088463506735 7.32
733 0.03042819451868391 7.33
734 0.03043277404710304 7.34
735 0.03043068856479764 7.350000000000001
736 0.03042943102626428 7.36
737 0.0304286417188079 7.37
738 0.03042802886551877 7.38
739 0.03042741436281344 7.390000000000001
740 0.03043234273986064 7.4
741 0.03042926590693912 7.41
742 0.03042619714517163 7.42
743 0.03042833733994577 7.43
744 0.03042383225233156 7.44
745 0.03042486287302762 7.45
746 0.0304199126339373 7.46
747 0.03042064992161403 7.47
748 0.03041589544140148 7.48
749 0.03041743076276381 7.49
750 0.03041684392562035 7.5
751 0.03041568346770355 7.51
752 0.03041401354155257 7.52
753 0.03041193060819395 7.53
754 0.0304096119967436 7.54
755 0.03040700902575813 7.55
756 0.03040477435708552 7.56
757 0.03040303884333494 7.57
758 0.03040100766734865 7.58
759 0.03039867004529535 7.59
760 0.0303964596936947 7.600000000000001
761 0.03039006674685007 7.61
762 0.03039022387248353 7.62
763 0.03038536874179191 7.63
764 0.03037972848276439 7.640000000000001
765 0.03037600215797422 7.65
766 0.03037115478818921 7.66
767 0.03036883584320926 7.67
768 0.03036837471543231 7.68
769 0.0303692822454265 7.69
770 0.03037259513424789 7.7
771 0.03037512656146257 7.71
772 0.03037652483008327 7.72
773 0.03038324963678138 7.73
774 0.03037999366649707 7.74
775 0.03038117436050584 7.75
776 0.03037477196104626 7.76
777 0.03037322102755175 7.77
778 0.03036806008286193 7.78
779 0.03036864731327188 7.79
780 0.03036818050884016 7.8
781 0.03036685324780524 7.81
782 0.03036492854289409 7.82
783 0.03035840675789556 7.83
784 0.0303582187507025 7.84
785 0.03035791150082011 7.850000000000001
786 0.03035280190235709 7.86
787 0.03035441522056702 7.87
788 0.03035208189020985 7.88
789 0.03035539509709615 7.890000000000001
790 0.03035248083927123 7.9
791 0.03034893674586541 7.91
792 0.03034548651754561 7.92
793 0.03034289369446639 7.930000000000001
794 0.03034117856772082 7.94
795 0.03034031924838939 7.95
796 0.03034016832415839 7.96
797 0.03034055058591078 7.97
798 0.03034111192563037 7.98
799 0.03034157351430028 7.99
800 0.03034138822259124 8
801 0.03034147607722238 8.01
802 0.03034133872538951 8.02
803 0.03034068327297225 8.029999999999999
804 0.03033938664201498 8.040000000000001
805 0.03033743316015694 8.050000000000001
806 0.0303348891176872 8.06
807 0.03033187783397893 8.07
808 0.03032852683849722 8.08
809 0.03032497134770696 8.09
810 0.03032227129427945 8.1
811 0.03031923931299526 8.109999999999999
812 0.0303203777254358 8.120000000000001
813 0.03031540737866615 8.130000000000001
814 0.03031451459715291 8.140000000000001
815 0.03030715831045856 8.15
816 0.03030529347374623 8.16
817 0.03029962288737624 8.17
818 0.0303008010143718 8.18
819 0.03030228090775899 8.19
820 0.03029812873310292 8.199999999999999
821 0.03030143120614994 8.210000000000001
822 0.03030370679984642 8.220000000000001
823 0.03030493914529271 8.23
824 0.03030525027581198 8.24
825 0.03030465066808479 8.25
826 0.03029837228877963 8.26
827 0.03029898442543178 8.27
828 0.03029880765984626 8.279999999999999
829 0.03029307999145521 8.290000000000001
830 0.03029425845044015 8.300000000000001
831 0.03028907324324593 8.31
832 0.03029073882791483 8.32
833 0.03028598401317105 8.33
834 0.03028264140870407 8.34
835 0.03028078336881733 8.35
836 0.03027978340220643 8.359999999999999
837 0.0302795361188375 8.370000000000001
838 0.0302797658419182 8.380000000000001
839 0.03028049685298572 8.390000000000001
840 0.03027914780066801 8.4
841 0.03027835027580018 8.41
842 0.03027783784705014 8.42
843 0.03027727049365399 8.43
844 0.03027656888425511 8.44
845 0.03027561113634453 8.449999999999999
846 0.03027439626813298 8.460000000000001
847 0.03027295721208413 8.470000000000001
848 0.03027135558372926 8.48
849 0.03026978221199884 8.49
850 0.03026854081357113 8.5
851 0.03026713558225093 8.51
852 0.03026530039113143 8.52
853 0.03026309210907856 8.529999999999999
854 0.03026064704122619 8.540000000000001
855 0.03025814256357348 8.550000000000001
856 0.03025559831591406 8.56
857 0.03025245765243439 8.57
858 0.03024940305784778 8.58
859 0.03024656696890107 8.59
860 0.03025042309626262 8.6
861 0.0302457015699627 8.609999999999999
862 0.03024135273685084 8.620000000000001
863 0.03023748841442914 8.630000000000001
864 0.03023428844212366 8.640000000000001
865 0.03023864815479605 8.65
866 0.03023557207171495 8.66
867 0.03023312552886117 8.67
868 0.03023106337488292 8.68
869 0.03023608779636154 8.69
870 0.03023286148896174 8.700000000000001
871 0.03022920361325417 8.710000000000001
872 0.03023303572697399 8.720000000000001
873 0.03022893460255655 8.73
874 0.03022571582079015 8.74
875 0.03023009148924963 8.75
876 0.03022628756902892 8.76
877 0.03022969544038317 8.77
878 0.03022500794830921 8.779999999999999
879 0.03022721983791577 8.790000000000001
880 0.03022183776869541 8.800000000000001
881 0.0302250687091213 8.81
882 0.03022067592667303 8.82
883 0.03022256499725278 8.83
884 0.03021740928333048 8.84
885 0.03021302069799291 8.85
886 0.03020951929093195 8.859999999999999
887 0.0302070756115191 8.870000000000001
888 0.03020558881794515 8.880000000000001
889 0.03020481683369997 8.890000000000001
890 0.03020444291402197 8.9
891 0.03020416117435144 8.91
892 0.03020373379174883 8.92
893 0.03020301691464518 8.93
894 0.03020196871642758 8.94
895 0.03020061158709991 8.950000000000001
896 0.03019895384610982 8.960000000000001
897 0.03019700981141174 8.970000000000001
898 0.03019481359866808 8.98
899 0.03019241196798598 8.99
900 0.0301898688886303 9
901 0.0301869173447458 9.01
902 0.03017730002373904 9.02
903 0.03017687499558849 9.029999999999999
904 0.03016912235757975 9.040000000000001
905 0.03017156611306781 9.050000000000001
906 0.03016560514319576 9.06
907 0.03017098980452508 9.07
908 0.03017495373506238 9.08
909 0.03016927528484376 9.09
910 0.03017298819810328 9.1
911 0.03017508463342487 9.109999999999999
912 0.03017541751169431 9.120000000000001
913 0.03017418470599742 9.130000000000001
914 0.03017154705396309 9.140000000000001
915 0.03016831956006728 9.15
916 0.0301647319603009 9.16
917 0.03016105152148655 9.17
918 0.03015724780668704 9.18
919 0.03015334992304781 9.19
920 0.03014967621386317 9.200000000000001
921 0.0301464211442624 9.210000000000001
922 0.03014373852803104 9.220000000000001
923 0.03014172409951443 9.23
924 0.03013955109567009 9.24
925 0.03013835531306262 9.25
926 0.03013792372364837 9.26
927 0.03013767985577979 9.27
928 0.0301379524358967 9.279999999999999
929 0.03013853457579105 9.290000000000001
930 0.03014670922056795 9.300000000000001
931 0.03014476244074105 9.31
932 0.03014916817252402 9.32
933 0.03014447568044042 9.33
934 0.03013983228033234 9.34
935 0.03013524939351469 9.35
936 0.03013114911218945 9.359999999999999
937 0.03012785516968465 9.370000000000001
938 0.03012547293674177 9.380000000000001
939 0.03012389339627906 9.390000000000001
940 0.03012285922059689 9.4
941 0.03012206723634853 9.41
942 0.03012118061079383 9.42
943 0.03012017688450996 9.43
944 0.0301189836522049 9.44
945 0.03011740367722791 9.450000000000001
946 0.03011539605203248 9.460000000000001
947 0.03011287052143873 9.470000000000001
948 0.03011017086373303 9.48
949 0.030107252257863 9.49
950 0.03010461216098526 9.5
951 0.0301026042963322 9.51
952 0.03010076590389539 9.52
953 0.03009159191753185 9.529999999999999
954 0.03009259737269403 9.540000000000001
955 0.03009346615180471 9.550000000000001
956 0.03008586213877322 9.56
957 0.03008886364603224 9.57
958 0.0300911449156397 9.58
959 0.03009193548704253 9.59
960 0.03009134233602793 9.6
961 0.03008914187497425 9.609999999999999
962 0.0300798473089616 9.620000000000001
963 0.03007902055566071 9.630000000000001
964 0.03007805744045586 9.640000000000001
965 0.03006981471743285 9.65
966 0.0300710487085208 9.66
967 0.03007218903932256 9.67
968 0.03006523585535897 9.68
969 0.03006798117288184 9.69
970 0.03006999491176011 9.700000000000001
971 0.03007096829952265 9.710000000000001
972 0.03007079697817921 9.720000000000001
973 0.03006953205404838 9.73
974 0.03006723397789206 9.74
975 0.03006419335424062 9.75
976 0.03006072618818833 9.76
977 0.03005715097398616 9.77
978 0.03005376056342647 9.779999999999999
979 0.03005067353264987 9.790000000000001
980 0.03004798761215497 9.800000000000001
981 0.03004570499538263 9.81
982 0.03004388447270441 9.82
983 0.0300423520453892 9.83
984 0.03004103502258591 9.84
985 0.03003986124679607 9.85
986 0.03003878140526321 9.859999999999999
987 0.03003775449345355 9.870000000000001
988 0.03003605642676117 9.880000000000001
989 0.03003457492519952 9.890000000000001
990 0.03003319617727668 9.9
991 0.03003195440415915 9.91
992 0.03003070317553478 9.92
993 0.03002932379851101 9.93
994 0.03002796589925934 9.94
995 0.03002652359172928 9.950000000000001
996 0.03002479232639399 9.960000000000001
997 0.03002287671677953 9.970000000000001
998 0.03002072702851049 9.98
999 0.03001841705884683 9.99
1000 0.03001572108464199 10
1001 0.03001296240335584 10.01
1002 0.03001024783255079 10.02
1003 0.03000766719465142 10.03
1004 0.03000527153984713 10.04
1005 0.03000295637783672 10.05
1006 0.03000079832434249 10.06
1007 0.02999872399403349 10.07
1008 0.02999668434871433 10.08
1009 0.02999472915384972 10.09
1010 0.02999248329561488 10.1
1011 0.02999024430160053 10.11
1012 0.02998805128065981 10.12
1013 0.02998593616608189 10.13
1014 0.02998391300714959 10.14
1015 0.02997546107896123 10.15
1016 0.02997616341602425 10.16
1017 0.02996906744162398 10.17
1018 0.02997243965329104 10.18
1019 0.02996686069396 10.19
1020 0.02997195103899136 10.2
1021 0.02996710180480609 10.21
1022 0.02997257100004751 10.22
1023 0.02997109803449872 10.23
1024 0.02997664604749977 10.24
1025 0.02997294025909292 10.25
1026 0.02997290676336406 10.26
1027 0.0299647430042593 10.27
1028 0.0299653229782703 10.28
1029 0.02995790018777474 10.29
1030 0.02995988428244211 10.3
1031 0.02996076064485874 10.31
1032 0.0299535007238184 10.32
1033 0.02995587739283484 10.33
1034 0.0299570732791034 10.34
1035 0.02995675464286254 10.35
1036 0.02995495026093662 10.36
1037 0.02995193267424114 10.37
1038 0.02994849132525101 10.38
1039 0.02994454432176697 10.39
1040 0.0299405361225971 10.4
1041 0.02993678307400643 10.41
1042 0.02993378081840384 10.42
1043 0.02993122695238472 10.43
1044 0.02992909905918086 10.44
1045 0.02992685899656989 10.45
1046 0.02992502728621753 10.46
1047 0.02992351021439929 10.47
1048 0.02992222097059208 10.48
1049 0.02992108225633225 10.49
1050 0.02992040415839299 10.5
1051 0.02991958499033976 10.51
1052 0.02991855268049982 10.52
1053 0.02991979734612778 10.53
1054 0.02991976290027366 10.54
1055 0.02991854486592142 10.55
1056 0.02991632661524952 10.56
1057 0.02991308831424046 10.57
1058 0.0299052150786639 10.58
1059 0.02990310381094955 10.59
1060 0.02990128432899263 10.6
1061 0.02989944424961229 10.61
1062 0.02989218321067462 10.62
1063 0.02989256828659163 10.63
1064 0.02989248845677112 10.64
1065 0.02988605451392716 10.65
1066 0.02988734511518598 10.66
1067 0.02988161645276685 10.67
1068 0.02988373924691814 10.68
1069 0.02987739301138354 10.69
1070 0.02987917200219475 10.7
1071 0.02987303720122053 10.71
1072 0.02987512641860621 10.72
1073 0.0298693710229197 10.73
1074 0.0298718342558433 10.74
1075 0.0298662987351992 10.75
1076 0.02986903311515595 10.76
1077 0.02987049030061737 10.77
1078 0.02986441173913363 10.78
1079 0.02986619770690416 10.79
1080 0.02986691555923643 10.8
1081 0.02986667392123197 10.81
1082 0.02985961710245426 10.82
1083 0.02986015142363524 10.83
1084 0.0298589128941095 10.84
1085 0.02985772645471823 10.85
1086 0.02985659144696752 10.86
1087 0.029855483152648 10.87
1088 0.02984782403666232 10.88
1089 0.0298494620059835 10.89
1090 0.02985024660174511 10.9
1091 0.02985027905591882 10.91
1092 0.02984954846870825 10.92
1093 0.02984805948493417 10.93
1094 0.0298458191668533 10.94
1095 0.02984302025473847 10.95
1096 0.02984011763874935 10.96
1097 0.02983696603786438 10.97
1098 0.02983339267807391 10.98
1099 0.02982995525877866 10.99
1100 0.02982672289602466 11
1101 0.02981901196034141 11.01
1102 0.02981928924964775 11.02
1103 0.029819231280336 11.03
1104 0.02981271119524844 11.04
1105 0.02981441554702199 11.05
1106 0.02981535566682051 11.06
1107 0.02980923378906792 11.07
1108 0.02981115068873644 11.08
1109 0.02980536789834087 11.09
1110 0.02980790209857831 11.1
1111 0.0298024760854994 11.11
1112 0.02980561057380169 11.12
1113 0.02980047774326865 11.13
1114 0.02980380110632263 11.14
1115 0.02979871350922241 11.15
1116 0.02980193337925621 11.16
1117 0.02979669663386275 11.17
1118 0.02979956295150898 11.18
1119 0.02979405596322119 11.19
1120 0.02979644836689117 11.2
1121 0.02979064519348082 11.21
1122 0.029792421612708 11.22
1123 0.02978509524692697 11.23
1124 0.02978560856640404 11.24
1125 0.02977878369619835 11.25
1126 0.02978016834185749 11.26
1127 0.02977523691049972 11.27
1128 0.02977849834636268 11.28
1129 0.02977168393859868 11.29
1130 0.02977248925183459 11.3
1131 0.02976584707004343 11.31
1132 0.02976773631855629 11.32
1133 0.02976171209863661 11.33
1134 0.02976533658246443 11.34
1135 0.02976003927566714 11.35
1136 0.02976172871878223 11.36
1137 0.02975557855335325 11.37
1138 0.02975863555158901 11.38
1139 0.02976034211484036 11.39
1140 0.02975293776568522 11.4
1141 0.02975458148848039 11.41
1142 0.02975490572273905 11.42
1143 0.0297470563555159 11.43
1144 0.02974828071984765 11.44
1145 0.02974851255823086 11.45
1146 0.02974115290201824 11.46
1147 0.02974366877767817 11.47
1148 0.02974497035200613 11.48
1149 0.02973824258463709 11.49
1150 0.02974024327502296 11.5
1151 0.02973407204754393 11.51
1152 0.02973629656593737 11.52
1153 0.02973031621819071 11.53
1154 0.02973283497487585 11.54
1155 0.02972707244045663 11.55
1156 0.02972883254504625 11.56
1157 0.02972224565234815 11.57
1158 0.02972446126681339 11.58
1159 0.02971924649489007 11.59
1160 0.02972242998568094 11.6
1161 0.02971688598189683 11.61
1162 0.02971936873500215 11.62
1163 0.02971330560522117 11.63
1164 0.029714966658848 11.64
1165 0.02970841845625142 11.65
1166 0.02970962969413499 11.66
1167 0.02970267392095369 11.67
1168 0.02970641489734648 11.68
1169 0.02970192257630768 11.69
1170 0.02969695380880882 11.7
1171 0.02969977593806603 11.71
1172 0.02969474623659504 11.72
1173 0.02969745417104024 11.73
1174 0.02969228900774821 11.74
1175 0.02968793769907277 11.75
1176 0.02969154824447555 11.76
1177 0.02968694848172967 11.77
1178 0.0296831816670884 11.78
1179 0.02968764704304576 11.79
1180 0.02968353774384754 11.8
1181 0.02968010711414381 11.81
1182 0.02968481181560842 11.82
1183 0.02968047892867917 11.83
1184 0.02968419282165395 11.84
1185 0.02967931692762047 11.85
1186 0.02967955480122685 11.86
1187 0.02967256324143917 11.87
1188 0.02967044447413229 11.88
1189 0.02966234972751747 11.89
1190 0.02965982113895748 11.9
1191 0.02965219067522216 11.91
1192 0.02965066311349664 11.92
1193 0.02964383263840868 11.93
1194 0.02964432263066907 11.94
1195 0.02963873829166789 11.95
1196 0.0296412175694123 11.96
1197 0.02964309863533879 11.97
1198 0.02963825775116663 11.98
1199 0.02964045758432303 11.99
1200 0.02963550929150317 12
1201 0.02963762841248828 12.01
1202 0.02963862634017485 12.02
1203 0.02963302383129998 12.03
1204 0.0296341793709133 12.04
1205 0.02962865625693104 12.05
1206 0.02963035489888134 12.06
1207 0.02962474503346981 12.07
1208 0.02962589645446859 12.08
1209 0.02962051181343904 12.09
1210 0.02962213860588689 12.1
1211 0.02962280623748235 12.11
1212 0.02961705298876379 12.12
1213 0.02961844041538257 12.13
1214 0.0296185789231625 12.14
1215 0.02961757475750952 12.15
1216 0.02961077386543613 12.16
1217 0.02960962210098455 12.17
1218 0.02960772257751785 12.18
1219 0.02960067219362825 12.19
1220 0.02959975179556586 12.2
1221 0.02959852562263252 12.21
1222 0.02959208554882879 12.22
1223 0.02959199007089996 12.23
1224 0.02958625912515602 12.24
1225 0.02958708411451641 12.25
1226 0.02958183001010655 12.26
1227 0.02958377185657846 12.27
1228 0.02957912201245903 12.28
1229 0.02957537145586819 12.29
1230 0.02957899201651449 12.3
1231 0.02957517568860685 12.31
1232 0.02957184435690276 12.32
1233 0.02957647670153908 12.33
1234 0.02957293174952958 12.34
1235 0.0295694574192694 12.35
1236 0.02956649187917654 12.36
1237 0.02957110042732333 12.37
1238 0.02956720807257111 12.38
1239 0.02956350863812679 12.39
1240 0.02956001635336616 12.4
1241 0.0295635145563877 12.41
1242 0.02955881309539043 12.42
1243 0.02955426432301321 12.43
1244 0.02954997636460946 12.44
1245 0.02955251970739763 12.45
1246 0.02954739755762937 12.46
1247 0.02954262900393893 12.47
1248 0.02954353768849264 12.48
1249 0.02953811544442922 12.49
1250 0.02953291679169826 12.5
1251 0.02953353835992116 12.51
1252 0.02952806786308316 12.52
1253 0.02952310248762353 12.53
1254 0.02952465419987716 12.54
1255 0.02952031360057119 12.55
1256 0.02952261810618568 12.56
1257 0.0295184649819194 12.57
1258 0.02951483586353227 12.58
1259 0.02951810167623683 12.59
1260 0.02951441627677108 12.6
1261 0.02951722525098752 12.61
1262 0.0295132357851692 12.62
1263 0.0295153578799064 12.63
1264 0.02951074675961655 12.64
1265 0.02951173943040198 12.65
1266 0.02950635857104872 12.66
1267 0.02950626864088413 12.67
1268 0.02950502126347432 12.68
1269 0.02950281153831113 12.69
1270 0.02949571328322484 12.7
1271 0.02949344163835231 12.71
1272 0.02949109938644261 12.72
1273 0.02948890846946619 12.73
1274 0.02948240445845447 12.74
1275 0.02948187736072881 12.75
1276 0.02947644580038187 12.76
1277 0.0294774510434775 12.77
1278 0.02947299270107594 12.78
1279 0.02947516817289705 12.79
1280 0.02947122194964867 12.8
1281 0.02947365970631905 12.81
1282 0.02946961142036232 12.82
1283 0.02946576281867763 12.83
1284 0.02946815167182398 12.84
1285 0.02946446801296778 12.85
1286 0.029460960130277 12.86
1287 0.02946336855461475 12.87
1288 0.02945952622781767 12.88
1289 0.02945603826637649 12.89
1290 0.02945280068915012 12.9
1291 0.02945532229205846 12.91
1292 0.02945153531156779 12.92
1293 0.02944788146895398 12.93
1294 0.02944437705727522 12.94
1295 0.02944648213337107 12.95
1296 0.02944236932030257 12.96
1297 0.02943839111239205 12.97
1298 0.02943462795071862 12.98
1299 0.02943114629461831 12.99
1300 0.02942798983649409 13
1301 0.02943077889061531 13.01
1302 0.02942668561357255 13.02
1303 0.02942307875053755 13.03
1304 0.02942004171459623 13.04
1305 0.02941712664807307 13.05
1306 0.02942035829965039 13.06
1307 0.02941662194159744 13.07
1308 0.02941295175150522 13.08
1309 0.02940938668799266 13.09
1310 0.02941142313273757 13.1
1311 0.02940693833882429 13.11
1312 0.02940271178667993 13.12
1313 0.02940436756290667 13.13
1314 0.0293997608860386 13.14
1315 0.02940063475850137 13.15
1316 0.02939588299400266 13.16
1317 0.02939666608474529 13.17
1318 0.02939153695674675 13.18
1319 0.0293918877694934 13.19
1320 0.02938658336820089 13.2
1321 0.02938679776010775 13.21
1322 0.02938076895836519 13.22
1323 0.02937543644330327 13.23
1324 0.0293764335045272 13.24
1325 0.02937160522954112 13.25
1326 0.02937313164851388 13.26
1327 0.02936840851248276 13.27
1328 0.02936980705159934 13.28
1329 0.02936486646715297 13.29
1330 0.02936578241860322 13.3
1331 0.02936053605000889 13.31
1332 0.02936088495567224 13.32
1333 0.02935527770701275 13.33
1334 0.02935545657387141 13.34
1335 0.02934996162110581 13.35
1336 0.02935147574847171 13.36
1337 0.0293470569499823 13.37
1338 0.02934839998344992 13.38
1339 0.02934441530224837 13.39
1340 0.02934593574724118 13.4
1341 0.02934116267732832 13.41
1342 0.0293418407655675 13.42
1343 0.02933689354049988 13.43
1344 0.0293323725578974 13.44
1345 0.02933357151563122 13.45
1346 0.02932914899168624 13.46
1347 0.02932511967458096 13.47
1348 0.02932648555519505 13.48
1349 0.02932220748036911 13.49
1350 0.02931830207615873 13.5
1351 0.02931474436265149 13.51
1352 0.02931681376420426 13.52
1353 0.02931295732219164 13.53
1354 0.02930939434628003 13.54
1355 0.02931122030415136 13.55
1356 0.02930737820099838 13.56
1357 0.02930352430857397 13.57
1358 0.02930429101881245 13.58
1359 0.02929971307695791 13.59
1360 0.02929544970771204 13.6
1361 0.02929155043826595 13.61
1362 0.02929305360409886 13.62
1363 0.02928863685398246 13.63
1364 0.02928477334355728 13.64
1365 0.0292813619178882 13.65
1366 0.02928383407346735 13.66
1367 0.02928026921045352 13.67
1368 0.02927699437283572 13.68
1369 0.02927933854450691 13.69
1370 0.02927551110489396 13.7
1371 0.02927180492570265 13.71
1372 0.02927334199274047 13.72
1373 0.02926955395132606 13.73
1374 0.02926581712922508 13.74
1375 0.0292668715612847 13.75
1376 0.02926262209047958 13.76
1377 0.02925860533720039 13.77
1378 0.02925944436984068 13.78
1379 0.02925492105544564 13.79
1380 0.02925075315209035 13.8
1381 0.02925197378314815 13.81
1382 0.02924720132885956 13.82
1383 0.02924284098400687 13.83
1384 0.02924393768774332 13.84
1385 0.02923906752371341 13.85
1386 0.02923469534039452 13.86
1387 0.02923702336650559 13.87
1388 0.02923311973906082 13.88
1389 0.02923519390052177 13.89
1390 0.02923044671231717 13.9
1391 0.02923172074455671 13.91
1392 0.02922686817256473 13.92
1393 0.02922785593755016 13.93
1394 0.02922275428483747 13.94
1395 0.02922328475213158 13.95
1396 0.02921788334371163 13.96
1397 0.02921786872225863 13.97
1398 0.02921214891369284 13.98
1399 0.02921191485726662 13.99
1400 0.02920614069322149 14
1401 0.02920594078586453 14.01
1402 0.02920027387718209 14.02
1403 0.02920032339831492 14.03
1404 0.029194876209889 14.04
1405 0.02919529146554562 14.05
1406 0.02919009996631261 14.06
1407 0.02919088247234831 14.07
1408 0.02918546399578896 14.08
1409 0.02918629831241646 14.09
1410 0.02918125556196967 14.1
1411 0.02918248824706311 14.11
1412 0.02917765563777416 14.12
1413 0.02917895411601248 14.13
1414 0.02917407224413607 14.14
1415 0.0291754778445594 14.15
1416 0.02917080100095696 14.16
1417 0.02917216812050159 14.17
1418 0.02916721544239525 14.18
1419 0.0291665312994628 14.19
1420 0.02915992180630831 14.2
1421 0.02915958004448191 14.21
1422 0.02915375449251899 14.22
1423 0.02915527674060007 14.23
1424 0.02914930820126173 14.24
1425 0.02915203022385902 14.25
1426 0.02914870158174366 14.26
1427 0.02915271951548867 14.27
1428 0.0291481516363184 14.28
1429 0.02915023261316511 14.29
1430 0.02914454500626884 14.3
1431 0.02914526244346365 14.31
1432 0.02913901625038297 14.32
1433 0.0291335379791303 14.33
1434 0.02913508329056382 14.34
1435 0.02912968344749718 14.35
1436 0.0291316342496049 14.36
1437 0.02912653422390364 14.37
1438 0.02912871404755249 14.38
1439 0.02912357173240599 14.39
1440 0.02912533502965961 14.4
1441 0.02911976262030174 14.41
1442 0.02912106164143233 14.42
1443 0.02911498383871859 14.43
1444 0.02911589358915728 14.44
1445 0.02910987500647676 14.45
1446 0.02911085942931822 14.46
1447 0.0291049011436904 14.47
1448 0.02909918543318439 14.48
1449 0.02910116910373938 14.49
1450 0.02909579665576819 14.5
1451 0.02909133776943568 14.51
1452 0.02909757592844309 14.52
1453 0.02909539873563052 14.53
1454 0.02909334411661128 14.54
1455 0.0290913277557213 14.55
1456 0.0290954415697477 14.56
1457 0.02909182064615251 14.57
1458 0.02908815950538539 14.58
1459 0.02908446939459848 14.59
1460 0.02908623165135134 14.6
1461 0.02908120519335581 14.61
1462 0.02907632580539142 14.62
1463 0.02907188411429647 14.63
1464 0.02907333436898479 14.64
1465 0.02906809241365686 14.65
1466 0.02906353891658068 14.66
1467 0.029065199945057 14.67
1468 0.02906036332769963 14.68
1469 0.02905617618710021 14.69
1470 0.02905820190853051 14.7
1471 0.02905353746046694 14.71
1472 0.02904943387039451 14.72
1473 0.02905158174176177 14.73
1474 0.02904703486762616 14.74
1475 0.02904862644994828 14.75
1476 0.02904378209748036 14.76
1477 0.02904492519761448 14.77
1478 0.02904115065719183 14.78
1479 0.02904269974554461 14.79
1480 0.02903813469679794 14.8
1481 0.02903866457757433 14.81
1482 0.02903360190074549 14.82
1483 0.02903364978669657 14.83
1484 0.02902844862621023 14.84
1485 0.02902851687720668 14.85
1486 0.02902363002563735 14.86
1487 0.02902427050418133 14.87
1488 0.02901966865202851 14.88
1489 0.02902029492339904 14.89
1490 0.02901551131798146 14.9
1491 0.0290164200794914 14.91
1492 0.0290117455367643 14.92
1493 0.02901275175246113 14.93
1494 0.02900806678998818 14.94
1495 0.0290082289294164 14.95
1496 0.02900265039477828 14.96
1497 0.02900275046974425 14.97
1498 0.02899700830143958 14.98
1499 0.0289973312470212 14.99
1500 0.02899210574991612 15
1501 0.02899276256961983 15.01
1502 0.0289874227045435 15.02
1503 0.02898305326678381 15.03
1504 0.02898517958143083 15.04
1505 0.02898112299164581 15.05
1506 0.02897788526025007 15.06
1507 0.0289813114242525 15.07
1508 0.02897786890874901 15.08
1509 0.028974961291195 15.09
1510 0.02897885654449708 15.1
1511 0.02897571149279416 15.11
1512 0.02897299730574004 15.12
1513 0.02897630186711822 15.13
1514 0.02897336849724003 15.14
1515 0.0289705070111634 15.15
1516 0.02897308191837598 15.16
1517 0.02896908025389982 15.17
1518 0.02896496663920483 15.18
1519 0.0289651730945786 15.19
1520 0.02895996283458112 15.2
1521 0.028955033901868 15.21
1522 0.02895047769783823 15.22
1523 0.0289510432089062 15.23
1524 0.02894634619192232 15.24
1525 0.02894242900487845 15.25
1526 0.02893922314683244 15.26
1527 0.02894181372613968 15.27
1528 0.02893815193923885 15.28
1529 0.02893493560021209 15.29
1530 0.02893214826674842 15.3
1531 0.02892942628947295 15.31
1532 0.02893122066976136 15.32
1533 0.0289270084227326 15.33
1534 0.02892301335167726 15.34
1535 0.0289192961687115 15.35
1536 0.02892050740549504 15.36
1537 0.02891655114744762 15.37
1538 0.02891304331180283 15.38
1539 0.02891466623256742 15.39
1540 0.02891099249134626 15.4
1541 0.02890773884086606 15.41
1542 0.02890969514613653 15.42
1543 0.02890625830140027 15.43
1544 0.02890281643904934 15.44
1545 0.02890531781184885 15.45
1546 0.02890154958093664 15.46
1547 0.02890351198588243 15.47
1548 0.0289000891239706 15.48
1549 0.02890176267040642 15.49
1550 0.02889745153352172 15.5
1551 0.02889741955787418 15.51
1552 0.02889215975771859 15.52
1553 0.02889178439633721 15.53
1554 0.02888648790730682 15.54
1555 0.02888630993993406 15.55
1556 0.0288812644023262 15.56
1557 0.02888155962547069 15.57
1558 0.0288768281485504 15.58
1559 0.02887748337871692 15.59
1560 0.02887333727963531 15.6
1561 0.02887397449866271 15.61
1562 0.02886984246372462 15.62
1563 0.02887024518803786 15.63
1564 0.02886600154982596 15.64
1565 0.02886625644118045 15.65
1566 0.02886193569916796 15.66
1567 0.02886207916160616 15.67
1568 0.02885740416579485 15.68
1569 0.02885729766959871 15.69
1570 0.02885272337329871 15.7
1571 0.02885281080737652 15.71
1572 0.02884839946875686 15.72
1573 0.02884857931879987 15.73
1574 0.02884414550454768 15.74
1575 0.02884457088669597 15.75
1576 0.0288401836047442 15.76
1577 0.02884033823794142 15.77
1578 0.02883588543443982 15.78
1579 0.02883655322020269 15.79
1580 0.0288325080408586 15.8
1581 0.02883291278497774 15.81
1582 0.02882867886085582 15.82
1583 0.0288288606488164 15.83
1584 0.02882455292654399 15.84
1585 0.0288243186546965 15.85
1586 0.02881975817857468 15.86
1587 0.0288201807709169 15.87
1588 0.02881630252062237 15.88
1589 0.02881685551970138 15.89
1590 0.02881280930658462 15.9
1591 0.02881308749927732 15.91
1592 0.02880881861798957 15.92
1593 0.02880873670244155 15.93
1594 0.02880425435590541 15.94
1595 0.02880018250244685 15.95
1596 0.02880048244916143 15.96
1597 0.02879630784151178 15.97
1598 0.02879238425483078 15.98
1599 0.02879341601398058 15.99
1600 0.02878968455137379 16
1601 0.02878636786445214 16.01
1602 0.02878746680205902 16.02
1603 0.02878366147069167 16.03
1604 0.02878006372799405 16.04
1605 0.02877688822872945 16.05
1606 0.02877863582764974 16.06
1607 0.02877511343806109 16.07
1608 0.02877244036951463 16.08
1609 0.02877047400095001 16.09
1610 0.02876841453228803 16.1
1611 0.02877049964285679 16.11
1612 0.02876737784111722 16.12
1613 0.02876437645767014 16.13
1614 0.0287615498525296 16.14
1615 0.0287629329066864 16.15
1616 0.02875963516710664 16.16
1617 0.02875664806532681 16.17
1618 0.02875400238318463 16.18
1619 0.0287558390603155 16.19
1620 0.02875298214333409 16.2
1621 0.02875043316140365 16.21
1622 0.02875214988794974 16.22
1623 0.02874900149095901 16.23
1624 0.02874594289912906 16.24
1625 0.02874662912756154 16.25
1626 0.02874314509525814 16.26
1627 0.02874291914964772 16.27
1628 0.02873798973307556 16.28
1629 0.02873655581858775 16.29
1630 0.02873146035916104 16.3
1631 0.02872979081033233 16.31
1632 0.02872470984237867 16.32
1633 0.02872342363937028 16.33
1634 0.02871883725130686 16.34
1635 0.02871839039594734 16.35
1636 0.02871434929395666 16.36
1637 0.02871463291775233 16.37
1638 0.02871098500124445 16.38
1639 0.02871169675708639 16.39
1640 0.02870823885214297 16.4
1641 0.02870908719199759 16.41
1642 0.02870561975306988 16.42
1643 0.02870642536417833 16.43
1644 0.02870270398779062 16.44
1645 0.02870324847524114 16.45
1646 0.02869942310166553 16.46
1647 0.02869975618939992 16.47
1648 0.02869583805671145 16.48
1649 0.0286960561605946 16.49
1650 0.02869226770133203 16.5
1651 0.02869237414222774 16.51
1652 0.02868887763602555 16.52
1653 0.02868825024037574 16.53
1654 0.02868373733204897 16.54
1655 0.02868296197675494 16.55
1656 0.02867844564417998 16.56
1657 0.0286778887093183 16.57
1658 0.0286737080778016 16.58
1659 0.02867354993517238 16.59
1660 0.02866953675997209 16.6
1661 0.02866950315643315 16.61
1662 0.02866550612865498 16.62
1663 0.02866201988789858 16.63
1664 0.02866273415575675 16.64
1665 0.02865924176094858 16.65
1666 0.02865992972350634 16.66
1667 0.02865639598324678 16.67
1668 0.02865323571451467 16.68
1669 0.02865414225594951 16.69
1670 0.02865061416747676 16.7
1671 0.02864740077482011 16.71
1672 0.02864822011808764 16.72
1673 0.02864467437783002 16.73
1674 0.02864145303999886 16.74
1675 0.02864223600932519 16.75
1676 0.02863866509479214 16.76
1677 0.02863537443201978 16.77
1678 0.02863596825731254 16.78
1679 0.02863220411523893 16.79
1680 0.02862868369569004 16.8
1681 0.02862893218523211 16.81
1682 0.02862501415747841 16.82
1683 0.02862084424858315 16.83
1684 0.02862094898871714 16.84
1685 0.02861689397905687 16.85
1686 0.02861338762788778 16.86
1687 0.02861436624520481 16.87
1688 0.02861214109543877 16.88
1689 0.02860929179303 16.89
1690 0.02860659014243322 16.9
1691 0.02860805775025294 16.91
1692 0.02860500909247823 16.92
1693 0.02860222014993026 16.93
1694 0.02859963359298908 16.94
1695 0.02860104399448997 16.95
1696 0.02859796063809998 16.96
1697 0.02859509109306361 16.97
1698 0.02859238001503895 16.98
1699 0.02859360829763504 16.99
1700 0.02859035941034109 17
1701 0.02858737405634067 17.01
1702 0.0285846424192599 17.02
1703 0.02858596170970608 17.03
1704 0.0285828370414542 17.04
1705 0.02857999710770142 17.05
1706 0.02858112932636312 17.06
1707 0.02857767217934475 17.07
1708 0.02857449301569451 17.08
1709 0.02857516473738856 17.09
1710 0.02857160212864982 17.1
1711 0.02857178972971568 17.11
1712 0.02856795751326647 17.12
1713 0.0285677040195815 17.13
1714 0.02856363120266375 17.14
1715 0.02856310437056459 17.15
1716 0.02855893149461588 17.16
1717 0.02855838274199209 17.17
1718 0.02855427678686304 17.18
1719 0.02855391668419395 17.19
1720 0.02854997118361455 17.2
1721 0.02854986087614516 17.21
1722 0.02854607024586644 17.22
1723 0.02854614469308796 17.23
1724 0.02854234271282232 17.24
1725 0.02853899913475812 17.25
1726 0.02853978956597485 17.26
1727 0.02853641444377499 17.27
1728 0.02853339570331163 17.28
1729 0.02853460501990573 17.29
1730 0.02853152118840507 17.3
1731 0.02852882020457525 17.31
1732 0.02853029017904841 17.32
1733 0.02852720765772591 17.33
1734 0.02852436368986667 17.34
1735 0.02852180633860509 17.35
1736 0.02852326229682312 17.36
1737 0.02852030630499378 17.37
1738 0.0285174879124788 17.38
1739 0.02851486031719791 17.39
1740 0.02851241722150303 17.4
1741 0.02851409332065908 17.41
1742 0.02851111667725155 17.42
1743 0.02850833610968614 17.43
1744 0.02850570589225417 17.44
1745 0.02850318163012106 17.45
1746 0.02850467459859761 17.46
1747 0.02850144730863085 17.47
1748 0.02849840060496859 17.48
1749 0.02849551310442686 17.49
1750 0.02849653336264245 17.5
1751 0.02849306633508156 17.51
1752 0.02848984018665072 17.52
1753 0.02849045575643228 17.53
1754 0.02848678734144136 17.54
1755 0.02848340154972516 17.55
1756 0.02848387659191397 17.56
1757 0.02848019096109953 17.57
1758 0.02847685546737014 17.58
1759 0.02847742816867004 17.59
1760 0.02847379820889863 17.6
1761 0.02847048763877935 17.61
1762 0.02847103448730221 17.62
1763 0.02846736789800549 17.63
1764 0.02846401655158005 17.64
1765 0.02846454096913778 17.65
1766 0.0284609195360722 17.66
1767 0.02845766868171111 17.67
1768 0.02845477207561085 17.68
1769 0.02845599600743112 17.69
1770 0.02845288306908442 17.7
1771 0.02845017124358751 17.71
1772 0.02844780600159375 17.72
1773 0.02844977626308321 17.73
1774 0.02844701770211585 17.74
1775 0.02844448066451001 17.75
1776 0.02844209713774572 17.76
1777 0.02844375442123178 17.77
1778 0.02844067844696792 17.78
1779 0.02843774341306059 17.79
1780 0.02843860771346444 17.8
1781 0.02843507806599268 17.81
1782 0.02843173414234896 17.82
1783 0.02843215062306962 17.83
1784 0.02842846291596317 17.84
1785 0.02842511828855352 17.85
1786 0.02842571567367012 17.86
1787 0.02842224878794848 17.87
1788 0.02841919457441906 17.88
1789 0.02842025133397788 17.89
1790 0.0284170769505471 17.9
1791 0.02841428106407865 17.91
1792 0.02841562088486214 17.92
1793 0.02841256690110258 17.93
1794 0.02840976082974145 17.94
1795 0.02841077387727308 17.95
1796 0.0284072545500584 17.96
1797 0.02840408167411945 17.97
1798 0.02840501594801156 17.98
1799 0.02840171136676135 17.99
1800 0.02839877138736674 18
1801 0.02839988630586536 18.01
1802 0.02839658856762945 18.02
1803 0.02839357738073873 18.03
1804 0.02839455045646034 18.04
1805 0.02839113786021648 18.05
1806 0.02838798620040574 18.06
1807 0.02838865589824544 18.07
1808 0.02838510416577441 18.08
1809 0.0283818696031975 18.09
1810 0.02838251041971605 18.1
1811 0.02837900790684245 18.11
1812 0.02837589095128741 18.12
1813 0.02837678088972642 18.13
1814 0.02837348197693161 18.14
1815 0.02837057969416181 18.15
1816 0.02837175909298367 18.16
1817 0.02836862664329281 18.17
1818 0.02836585301777528 18.18
1819 0.02836714422823353 18.19
1820 0.02836405510981121 18.2
1821 0.02836133316637483 18.21
1822 0.02836258751673169 18.22
1823 0.02835949216119946 18.23
1824 0.02835668073566602 18.24
1825 0.02835778518068643 18.25
1826 0.0283546059438264 18.26
1827 0.02835171010034788 18.27
1828 0.02835266837212273 18.28
1829 0.02834955309093521 18.29
1830 0.02834666012683236 18.3
1831 0.02834734175678612 18.31
1832 0.02834398091069976 18.32
1833 0.02834126973329392 18.33
1834 0.02834194710140591 18.34
1835 0.02833872302730001 18.35
1836 0.02833567569619758 18.36
1837 0.02833591604107563 18.37
1838 0.02833248209228874 18.38
1839 0.02833227370696289 18.39
1840 0.02832862316142135 18.4
1841 0.02832815434146567 18.41
1842 0.02832438318299711 18.42
1843 0.02832381069218413 18.43
1844 0.02832002828839192 18.44
1845 0.02831663810138265 18.45
1846 0.02831661749219705 18.46
1847 0.0283131605994068 18.47
1848 0.02831326267990897 18.48
1849 0.02830996333010938 18.49
1850 0.02830707710290204 18.5
1851 0.02830775748902078 18.51
1852 0.02830469154615607 18.52
1853 0.02830194324299854 18.53
1854 0.02830278235929043 18.54
1855 0.02829974251825076 18.55
1856 0.02829654094022506 18.56
1857 0.02829587678423814 18.57
1858 0.02829155183078408 18.58
1859 0.02828792837780097 18.59
1860 0.02828496190053805 18.6
1861 0.0282867806931637 18.61
1862 0.02828387660479332 18.62
1863 0.02828142723591699 18.63
1864 0.02827934506906054 18.64
1865 0.02827755598680149 18.65
1866 0.02828053100250087 18.66
1867 0.02827807627445889 18.67
1868 0.02827597380095529 18.68
1869 0.02827400896905853 18.69
1870 0.02827606024246926 18.7
1871 0.02827298191435697 18.71
1872 0.02827003205069684 18.72
1873 0.02827122262210296 18.73
1874 0.02826787037105569 18.74
1875 0.02826484781408057 18.75
1876 0.0282661356529495 18.76
1877 0.02826273158110063 18.77
1878 0.02825972317477018 18.78
1879 0.02826120318637981 18.79
1880 0.02825790758260692 18.8
1881 0.02825493322646 18.81
1882 0.02825632592199011 18.82
1883 0.02825291768826816 18.83
1884 0.02824978768250591 18.84
1885 0.02825203962058182 18.85
1886 0.02824971762185133 18.86
1887 0.02824746459995789 18.87
1888 0.02824525355822576 18.88
1889 0.02824637816640354 18.89
1890 0.02824327524536708 18.9
1891 0.02824017508557979 18.91
1892 0.02823707936348526 18.92
1893 0.02823699969573309 18.93
1894 0.02823331126346197 18.94
1895 0.02822963401153659 18.95
1896 0.02822639231514875 18.96
1897 0.02822689921354152 18.97
1898 0.02822380489848804 18.98
1899 0.02822123888858299 18.99
1900 0.02821913945665592 19
1901 0.0282174392816088 19.01
1902 0.0282208352871553 19.02
1903 0.02821910282570365 19.03
1904 0.02821732258083126 19.04
1905 0.02821544176240624 19.05
1906 0.02821346324559192 19.06
1907 0.02821461097329589 19.07
1908 0.02821183653301419 19.08
1909 0.02820914615801149 19.09
1910 0.02820656271613998 19.1
1911 0.02820411503157058 19.11
1912 0.02820487423181608 19.12
1913 0.02820203154189067 19.13
1914 0.02819940751130751 19.14
1915 0.02819696720135277 19.15
1916 0.02819769371219756 19.16
1917 0.02819478798197709 19.17
1918 0.02819206567222342 19.18
1919 0.02819235264068264 19.19
1920 0.02818915417490937 19.2
1921 0.02818616692825425 19.21
1922 0.02818598885842871 19.22
1923 0.02818253930949471 19.23
1924 0.028179389181959 19.24
1925 0.02817926459524142 19.25
1926 0.02817589969644219 19.26
1927 0.02817554505677391 19.27
1928 0.02817207817088474 19.28
1929 0.02817158972696633 19.29
1930 0.02816805438936096 19.3
1931 0.02816749546486305 19.31
1932 0.02816395105630213 19.32
1933 0.02816081894948947 19.33
1934 0.02816086954097154 19.34
1935 0.02815740281655054 19.35
1936 0.02815439543339276 19.36
1937 0.02815463909639755 19.37
1938 0.02815163768340488 19.38
1939 0.0281492010958747 19.39
1940 0.02815062680848024 19.4
1941 0.02814827421879336 19.41
1942 0.02814636779286082 19.42
1943 0.02814878128374248 19.43
1944 0.02814638511239727 19.44
1945 0.02814426799602207 19.45
1946 0.0281461292440813 19.46
1947 0.02814332580685307 19.47
1948 0.02814074548580744 19.48
1949 0.02814217560239793 19.49
1950 0.02813968782359055 19.5
1951 0.02813721784054525 19.51
1952 0.02813477378174495 19.52
1953 0.02813511244081825 19.53
1954 0.02813205564171731 19.54
1955 0.02812915628969324 19.55
1956 0.02812643226804078 19.56
1957 0.02812655748696228 19.57
1958 0.02812349350686749 19.58
1959 0.02812069399276814 19.59
1960 0.02811815078188983 19.6
1961 0.02811691775030897 19.61
1962 0.02811223005013767 19.62
1963 0.02810861691355698 19.63
1964 0.02810599114806342 19.64
1965 0.028108806712213 19.65
1966 0.02810628213507399 19.66
1967 0.02810436400176102 19.67
1968 0.02810289660859636 19.68
1969 0.02810657358388277 19.69
1970 0.02810416223278921 19.7
1971 0.02810195168885345 19.71
1972 0.02809989802092751 19.72
1973 0.02810244877893824 19.73
1974 0.02809931572229109 19.74
1975 0.02809641015627906 19.75
1976 0.02809375290026567 19.76
1977 0.02809561056606165 19.77
1978 0.02809221159245071 19.78
1979 0.0280891937052136 19.79
1980 0.02808655475551786 19.8
1981 0.02808427486662976 19.81
1982 0.02808674088305242 19.82
1983 0.02808425055617234 19.83
1984 0.02808191854661925 19.84
1985 0.02807973032654664 19.85
1986 0.02807767244971585 19.86
1987 0.0280757230255778 19.87
1988 0.0280739044785362 19.88
1989 0.02807640671898369 19.89
1990 0.0280736092604482 19.9
1991 0.0280709959352643 19.91
1992 0.0280685636803833 19.92
1993 0.02806630595033241 19.93
1994 0.02806423031623586 19.94
1995 0.02806231445385 19.95
1996 0.02806055564960975 19.96
1997 0.0280591820612626 19.97
1998 0.02806158653594522 19.98
1999 0.0280591710830901 19.99
2000 0.02805683241113142 20
2001 0.02805455062597989 20.01
2002 0.028052316663987 20.02
2003 0.02805013953817297 20.03
2004 0.02804810534672752 20.04
2005 0.02804964974529526 20.05
2006 0.02804684426301223 20.06
2007 0.02804423279208416 20.07
2008 0.02804177852059817 20.08
2009 0.02804313836580852 20.09
2010 0.02804023569785347 20.1
2011 0.02803765010953807 20.11
2012 0.02803886544839225 20.12
2013 0.02803591784204592 20.13
2014 0.02803328232603382 20.14
2015 0.02803535033489492 20.15
2016 0.02803341738539168 20.16
2017 0.02803126753553936 20.17
2018 0.0280315480873589 20.18
2019 0.02802852806248229 20.19
2020 0.0280255218568911 20.2
2021 0.0280249567720008 20.21
2022 0.02802167373538023 20.22
2023 0.02801864681141781 20.23
2024 0.02801590512714146 20.24
2025 0.02801599622004784 20.25
2026 0.02801322781960657 20.26
2027 0.02801076238076443 20.27
2028 0.02800856081748021 20.28
2029 0.02800930502594052 20.29
2030 0.0280068336609222 20.3
2031 0.02800453578198369 20.31
2032 0.02800238557551698 20.32
2033 0.02800036668244846 20.33
2034 0.02800123908293406 20.34
2035 0.027998825221483 20.35
2036 0.02799656374082236 20.36
2037 0.02799444561154725 20.37
2038 0.0279924630088352 20.38
2039 0.02799061450685084 20.39
2040 0.02799173954997164 20.4
2041 0.02798951166171723 20.41
2042 0.02798743181460315 20.42
2043 0.027985555365792 20.43
2044 0.02798376644003791 20.44
2045 0.02798484068817192 20.45
2046 0.02798261368583778 20.46
2047 0.02798050975501795 20.47
2048 0.02797852841802551 20.48
2049 0.02797666932990962 20.49
2050 0.02797767745028062 20.5
2051 0.02797549200012791 20.51
2052 0.02797345136096743 20.52
2053 0.02797154286930052 20.53
2054 0.02796975279691825 20.54
2055 0.0279708105748148 20.55
2056 0.0279686416378401 20.56
2057 0.02796659978146503 20.57
2058 0.02796467171195111 20.58
2059 0.02796297147430287 20.59
2060 0.02796402286318796 20.6
2061 0.02796188650342114 20.61
2062 0.02795983812212338 20.62
2063 0.02795785929202546 20.63
2064 0.02795587978036677 20.64
2065 0.02795654164505114 20.65
2066 0.02795413507021659 20.66
2067 0.02795185196740138 20.67
2068 0.027949686067885 20.68
2069 0.02794773614423717 20.69
2070 0.02794835983938259 20.7
2071 0.02794601186184679 20.71
2072 0.02794378169487467 20.72
2073 0.02794165302140438 20.73
2074 0.0279396256265109 20.74
2075 0.02793769949757283 20.75
2076 0.02793837598663619 20.76
2077 0.027936098170106 20.77
2078 0.0279339633543641 20.78
2079 0.02793195873844113 20.79
2080 0.02793007276209743 20.8
2081 0.02792832942502624 20.81
2082 0.02792928191909994 20.82
2083 0.02792722597414793 20.83
2084 0.02792532252183261 20.84
2085 0.02792355512114662 20.85
2086 0.02792190180534641 20.86
2087 0.02792035463777746 20.87
2088 0.027918915125628 20.88
2089 0.02791753097508949 20.89
2090 0.02791626681248208 20.9
2091 0.02791510634717011 20.91
2092 0.0279140215238354 20.92
2093 0.02791297610378359 20.93
2094 0.02791193119389348 20.94
2095 0.02791085085501878 20.95
2096 0.02790970589987173 20.96
2097 0.02790847772949107 20.97
2098 0.02790715924868143 20.98
2099 0.02790575294084304 20.99
2100 0.02790407560385224 21
2101 0.02790237662330074 21.01
2102 0.02790068012742831 21.02
2103 0.02790166149676509 21.03
2104 0.02789940370954127 21.04
2105 0.02789718527188382 21.05
2106 0.02789499554029506 21.06
2107 0.02789525645314952 21.07
2108 0.02789257347877949 21.08
2109 0.02788994277718179 21.09
2110 0.02788745118328348 21.1
2111 0.02788751948995318 21.11
2112 0.0278848492914481 21.12
2113 0.02788243904945237 21.13
2114 0.0278802887080076 21.14
2115 0.02788096934232253 21.15
2116 0.02787872395595965 21.16
2117 0.02787672463927694 21.17
2118 0.02787493696219581 21.18
2119 0.02787602859958438 21.19
2120 0.02787397302087857 21.2
2121 0.02787207633710762 21.21
2122 0.0278703102958405 21.22
2123 0.02787131783818796 21.23
2124 0.02787010074043009 21.24
2125 0.02786879399532802 21.25
2126 0.0278673462836222 21.26
2127 0.02786573641839111 21.27
2128 0.02786608646669347 21.28
2129 0.02786375809839133 21.29
2130 0.02786135913226696 21.3
2131 0.02785896217467649 21.31
2132 0.02785658425929756 21.32
2133 0.02785610143663528 21.33
2134 0.02785353404482757 21.34
2135 0.02785119523259226 21.35
2136 0.02784915413878286 21.36
2137 0.02784936942794071 21.37
2138 0.02784735362982086 21.38
2139 0.02784557939229763 21.39
2140 0.02784399379367712 21.4
2141 0.02784469665914745 21.41
2142 0.02784286402326227 21.42
2143 0.02784114870603922 21.43
2144 0.02783951885853523 21.44
2145 0.02783795206051707 21.45
2146 0.02783856057455316 21.46
2147 0.02783665527512762 21.47
2148 0.02783485887105003 21.48
2149 0.02783315469766726 21.49
2150 0.02783152264991311 21.5
2151 0.02783004804416689 21.51
2152 0.0278286697224736 21.52
2153 0.02782740161436352 21.53
2154 0.02782623713298895 21.54
2155 0.02782514850101787 21.55
2156 0.02782409176709634 21.56
2157 0.02782334528219844 21.57
2158 0.02782245901007627 21.58
2159 0.0278214815292233 21.59
2160 0.02782035175006307 21.6
2161 0.02781863171367317 21.61
2162 0.02781681605111575 21.62
2163 0.02781494248219901 21.63
2164 0.02781308756275669 21.64
2165 0.02781133687036839 21.65
2166 0.0278097604321706 21.66
2167 0.02780839946595541 21.67
2168 0.02780726239748387 21.68
2169 0.02780632695936964 21.69
2170 0.02780454042019102 21.7
2171 0.02780305559392693 21.71
2172 0.02780180639367717 21.72
2173 0.02780074830188708 21.73
2174 0.02779992946463616 21.74
2175 0.02779914619499866 21.75
2176 0.02779833231002789 21.76
2177 0.02779742842007661 21.77
2178 0.02779638766934442 21.78
2179 0.02779518034879815 21.79
2180 0.02779379848418223 21.8
2181 0.02779224904066923 21.81
2182 0.0277905589013173 21.82
2183 0.02778876871305452 21.83
2184 0.0277869267720536 21.84
2185 0.02778508245601715 21.85
2186 0.02778328063302798 21.86
2187 0.02778155728074914 21.87
2188 0.02777993701430017 21.88
2189 0.02777843256752081 21.89
2190 0.0277796318844185 21.9
2191 0.02777783088363872 21.91
2192 0.02777613056505272 21.92
2193 0.0277744798041017 21.93
2194 0.02777284533693812 21.94
2195 0.02777369378681092 21.95
2196 0.02777163231773358 21.96
2197 0.02776965833079979 21.97
2198 0.0277677696183075 21.98
2199 0.0277683274577127 21.99
2200 0.0277661756171578 22
2201 0.02776418421420567 22.01
2202 0.02776467324340178 22.02
2203 0.02776250839115796 22.03
2204 0.02776051178241901 22.04
2205 0.02776098113818527 22.05
2206 0.02775880320714897 22.06
2207 0.02775679443998591 22.07
2208 0.02775724192998298 22.08
2209 0.02775505833190897 22.09
2210 0.02775304473985387 22.1
2211 0.02775106969892233 22.11
2212 0.02775166125092794 22.12
2213 0.02774952389303864 22.13
2214 0.02774758671671615 22.14
2215 0.02774581664285704 22.15
2216 0.0277441828767775 22.16
2217 0.02774267413772302 22.17
2218 0.02774128926037365 22.18
2219 0.02774002650383744 22.19
2220 0.027738876269067 22.2
2221 0.02773781837081711 22.21
2222 0.02773672652494445 22.22
2223 0.02773568233916884 22.23
2224 0.02773464028779162 22.24
2225 0.02773356396898252 22.25
2226 0.02773242922017628 22.26
2227 0.02773122274797324 22.27
2228 0.02772994175599712 22.28
2229 0.02772859139742149 22.29
2230 0.02772718183849571 22.3
2231 0.02772572654902178 22.31
2232 0.02772673958223904 22.32
2233 0.02772471542141967 22.33
2234 0.02772271151062118 22.34
2235 0.02772070559272342 22.35
2236 0.02772093158858419 22.36
2237 0.02771844992519083 22.37
2238 0.02771608161894674 22.38
2239 0.02771384384154865 22.39
2240 0.0277117184092889 22.4
2241 0.02771218838739109 22.41
2242 0.02771008098541799 22.42
2243 0.02770828379093917 22.43
2244 0.02770673739200478 22.44
2245 0.02770538303985482 22.45
2246 0.02770416518262336 22.46
2247 0.0277021005783802 22.47
2248 0.02770052965954573 22.48
2249 0.02769942558403558 22.49
2250 0.02769871626331482 22.5
2251 0.02769828470155908 22.51
2252 0.02769799179431594 22.52
2253 0.027697699417591 22.53
2254 0.02769729126048647 22.54
2255 0.02769667500415171 22.55
2256 0.02769580962581106 22.56
2257 0.02769468186715904 22.57
2258 0.02769331113016964 22.58
2259 0.0276917393461116 22.59
2260 0.0276900228739272 22.6
2261 0.02768822069526178 22.61
2262 0.02768628840220906 22.62
2263 0.02768440321089344 22.63
2264 0.02768260532133013 22.64
2265 0.02768091802198864 22.65
2266 0.02767934890382101 22.66
2267 0.02767789471644296 22.67
2268 0.02767654547554809 22.68
2269 0.02767528669071068 22.69
2270 0.02767410196390083 22.7
2271 0.02767297390558431 22.71
2272 0.02767150405342532 22.72
2273 0.0276700860703632 22.73
2274 0.02767186561301136 22.74
2275 0.02766984361462777 22.75
2276 0.02766818557367478 22.76
2277 0.02766648585221673 22.77
2278 0.02766474006605212 22.78
2279 0.02766296278099811 22.79
2280 0.02766118728730099 22.8
2281 0.02765944554409061 22.81
2282 0.02765778388599827 22.82
2283 0.02765625758455294 22.83
2284 0.02765488381025528 22.84
2285 0.02765366644428265 22.85
2286 0.02765261456128557 22.86
2287 0.0276516851899485 22.87
2288 0.02765085505779281 22.88
2289 0.0276501009324135 22.89
2290 0.02764940040511346 22.9
2291 0.02764873097434876 22.91
2292 0.02764807199453716 22.92
2293 0.02764740435525739 22.93
2294 0.02764657433081272 22.94
2295 0.02764572881881086 22.95
2296 0.02764485360033387 22.96
2297 0.02764393355584999 22.97
2298 0.02764289651572907 22.98
2299 0.02764180445787488 22.99
2300 0.02764090411175057 23
2301 0.02763987798352349 23.01
2302 0.02763888432952348 23.02
2303 0.02763790505670282 23.03
2304 0.02763690810894162 23.04
2305 0.02763585982412259 23.05
2306 0.02763473596484472 23.06
2307 0.02763352733595751 23.07
2308 0.02763224030197538 23.08
2309 0.02763074028541093 23.09
2310 0.0276292131697767 23.1
2311 0.02762768151335744 23.11
2312 0.02762617117460537 23.12
2313 0.02762470697696974 23.13
2314 0.02762330632719675 23.14
2315 0.0276219752675561 23.15
2316 0.0276207083098569 23.16
2317 0.02761949061629067 23.17
2318 0.02761830210109736 23.18
2319 0.02761720488177206 23.19
2320 0.0276160780973408 23.2
2321 0.02761491477980826 23.21
2322 0.02761370691532447 23.22
2323 0.02761244908848061 23.23
2324 0.02761114155490971 23.24
2325 0.02760979117911855 23.25
2326 0.02760841114880736 23.26
2327 0.02760701716906362 23.27
2328 0.02760558381513889 23.28
2329 0.02760721596740106 23.29
2330 0.02760505825812164 23.3
2331 0.02760448937724757 23.31
2332 0.02760347556344493 23.32
2333 0.02760418635443652 23.33
2334 0.02760172837014351 23.34
2335 0.0275990308212643 23.35
2336 0.02759787796069672 23.36
2337 0.02759472383755692 23.37
2338 0.02759180023354899 23.38
2339 0.02759095712256435 23.39
2340 0.02758832259477614 23.4
2341 0.02758614773885357 23.41
2342 0.02758441070181919 23.42
2343 0.02758536585533727 23.43
2344 0.02758379143445946 23.44
2345 0.02758252160005294 23.45
2346 0.02758147694279799 23.46
2347 0.02758057259692128 23.47
2348 0.02758227608189259 23.48
2349 0.02758091396279763 23.49
2350 0.02757959153177186 23.5
2351 0.02757828034756508 23.51
2352 0.02757695449471784 23.52
2353 0.02757432604815286 23.53
2354 0.0275747465588333 23.54
2355 0.02757232396260636 23.55
2356 0.02757035436861677 23.56
2357 0.02756877448834129 23.57
2358 0.02756749680061129 23.58
2359 0.02756635281391163 23.59
2360 0.02756529753660575 23.6
2361 0.02756428828005262 23.61
2362 0.02756643454557816 23.62
2363 0.02756468038127273 23.63
2364 0.02756294744523735 23.64
2365 0.02756121980926286 23.65
2366 0.02755969954656861 23.66
2367 0.02755821906072928 23.67
2368 0.02755681320517048 23.68
2369 0.02755551746737527 23.69
2370 0.02755435845977117 23.7
2371 0.0275533484218661 23.71
2372 0.02755248283851856 23.72
2373 0.0275516732995148 23.73
2374 0.02755096177056311 23.74
2375 0.02755031174200467 23.75
2376 0.02754968544515004 23.76
2377 0.02754904833236635 23.77
2378 0.02754837161895334 23.78
2379 0.0275476328364361 23.79
2380 0.02754681633220508 23.8
2381 0.0275458198864219 23.81
2382 0.02754468496420913 23.82
2383 0.02754347829574139 23.83
2384 0.02754220454405552 23.84
2385 0.02754087472948327 23.85
2386 0.0275395016434361 23.86
2387 0.02753809669114346 23.87
2388 0.02753666913242114 23.88
2389 0.0275352265675445 23.89
2390 0.02753377610699172 23.9
2391 0.02753232550225416 23.91
2392 0.02753088365385881 23.92
2393 0.02752949383090507 23.93
2394 0.02752812045102757 23.94
2395 0.02752677342323475 23.95
2396 0.02752546301424172 23.96
2397 0.0275241988315819 23.97
2398 0.02752298884061181 23.98
2399 0.02752183863962322 23.99
2400 0.02752075082878224 24
2401 0.02751972429482166 24.01
2402 0.02751876520952836 24.02
2403 0.02751785718580912 24.03
2404 0.02751698762991333 24.04
2405 0.02751631911306651 24.05
2406 0.02751558588598502 24.06
2407 0.02751476717166625 24.07
2408 0.02751385973902437 24.08
2409 0.02751287086107616 24.09
2410 0.02751181212404358 24.1
2411 0.02751363742815387 24.11
2412 0.02751204265208901 24.12
2413 0.02751045167122877 24.13
2414 0.02750882858971359 24.14
2415 0.02750714984928065 24.15
2416 0.02750542285406204 24.16
2417 0.02750367994403517 24.17
2418 0.02750433974669839 24.18
2419 0.02750213158108693 24.19
2420 0.02750010182115039 24.2
2421 0.0274982414640763 24.21
2422 0.02749653659575414 24.22
2423 0.02749498468579418 24.23
2424 0.02749359040813747 24.24
2425 0.02749494736581941 24.25
2426 0.02749326336277457 24.26
2427 0.02749174440718914 24.27
2428 0.02749038821961212 24.28
2429 0.02748913692558144 24.29
2430 0.02748795637079319 24.3
2431 0.02748683010147614 24.31
2432 0.02748840112442167 24.32
2433 0.02748675171988582 24.33
2434 0.02748519399327488 24.34
2435 0.02748368909263111 24.35
2436 0.02748464070273933 24.36
2437 0.02748256664639182 24.37
2438 0.02748057044990687 24.38
2439 0.02748087305490502 24.39
2440 0.02747845342248354 24.4
2441 0.02747827940155974 24.41
2442 0.02747565416520422 24.42
2443 0.02747325503273008 24.43
2444 0.02747318312087005 24.44
2445 0.02747036500609818 24.45
2446 0.02746784940146501 24.46
2447 0.02746564105432662 24.47
2448 0.02746649886516455 24.48
2449 0.02746470413790891 24.49
2450 0.02746324533631394 24.5
2451 0.02746205724913381 24.51
2452 0.02746107081456153 24.52
2453 0.02746023036418667 24.53
2454 0.02746221290321048 24.54
2455 0.02746093036804404 24.55
2456 0.02745972742902313 24.56
2457 0.02745853454756067 24.57
2458 0.02745730786701399 24.58
2459 0.02745604116786104 24.59
2460 0.02745475508236386 24.6
2461 0.02745348467715138 24.61
2462 0.02745226657743497 24.62
2463 0.02745112764088112 24.63
2464 0.0274500789227029 24.64
2465 0.02744911475944914 24.65
2466 0.02744821569519522 24.66
2467 0.02744735415458508 24.67
2468 0.02744650034517064 24.68
2469 0.02744562750533264 24.69
2470 0.02744471513821111 24.7
2471 0.02744375048368072 24.71
2472 0.02744272824355069 24.72
2473 0.02744415866654905 24.73
2474 0.02744245975882606 24.74
2475 0.02744076230856718 24.75
2476 0.02743903512385557 24.76
2477 0.02743726549985903 24.77
2478 0.02743547243253424 24.78
2479 0.0274358808091835 24.79
2480 0.02743365717857987 24.8
2481 0.02743160581687573 24.81
2482 0.0274297184715879 24.82
2483 0.02742798316631093 24.83
2484 0.02742866834133068 24.84
2485 0.02742670377780001 24.85
2486 0.0274249607218105 24.86
2487 0.02742340094269412 24.87
2488 0.02742199333707002 24.88
2489 0.02742313462342368 24.89
2490 0.02742145116701578 24.9
2491 0.02741997730240071 24.91
2492 0.02741864507174558 24.92
2493 0.02741982185245737 24.93
2494 0.02741814151390332 24.94
2495 0.02741660189954578 24.95
2496 0.02741746179197998 24.96
2497 0.02741557742085979 24.97
2498 0.027413826809705 24.98
2499 0.02741218308817658 24.99
2500 0.02741291484154834 25
2501 0.02741097190323627 25.01
2502 0.02740922457764596 25.02
2503 0.02740765301517269 25.03
2504 0.0274085576876163 25.04
2505 0.02740677830165976 25.05
2506 0.0274052139956069 25.06
2507 0.02740382061958109 25.07
2508 0.02740256380218919 25.08
2509 0.02740390113663889 25.09
2510 0.0274023708522461 25.1
2511 0.02740099237711497 25.11
2512 0.02739972330540094 25.12
2513 0.02739853148079172 25.13
2514 0.02739979672288593 25.14
2515 0.027398207169061 25.15
2516 0.027396743166408 25.16
2517 0.02739536738288399 25.17
2518 0.02739405068663735 25.18
2519 0.0273927845288537 25.19
2520 0.02739390472601044 25.2
2521 0.02739222387975188 25.21
2522 0.02739065883623596 25.22
2523 0.02738917071241211 25.23
2524 0.02738772824988876 25.24
2525 0.02738632371121998 25.25
2526 0.02738496393797655 25.26
2527 0.0273836653764299 25.27
2528 0.02738244340487582 25.28
2529 0.02738130906665506 25.29
2530 0.0273802617212248 25.3
2531 0.02737929222549109 25.31
2532 0.02737838054306914 25.32
2533 0.02737750411045489 25.33
2534 0.02737663715013248 25.34
2535 0.02737575953004017 25.35
2536 0.02737485374412917 25.36
2537 0.02737391187850585 25.37
2538 0.02737292907852774 25.38
2539 0.02737190926797867 25.39
2540 0.02737084602192662 25.4
2541 0.02737212173421319 25.41
2542 0.02737047890484039 25.42
2543 0.02736894709106154 25.43
2544 0.02736744254884202 25.44
2545 0.02736808806934546 25.45
2546 0.0273660345378328 25.46
2547 0.02736611686479839 25.47
2548 0.02736383832680869 25.48
2549 0.02736362812244884 25.49
2550 0.02736118189762193 25.5
2551 0.02736074769381888 25.51
2552 0.02735816512602304 25.52
2553 0.0273558288010221 25.53
2554 0.02735560688044647 25.54
2555 0.0273531469109625 25.55
2556 0.02735096281254731 25.56
2557 0.02735105832211383 25.57
2558 0.02734885693860286 25.58
2559 0.02734697593314493 25.59
2560 0.02734537813206764 25.6
2561 0.02734631570743174 25.61
2562 0.02734463305438154 25.62
2563 0.02734321807696099 25.63
2564 0.02734200836210902 25.64
2565 0.02734336175217573 25.65
2566 0.0273418631642469 25.66
2567 0.02734046129310254 25.67
2568 0.02733918021658059 25.68
2569 0.02733803954069734 25.69
2570 0.0273397443288159 25.7
2571 0.02733858989778116 25.71
2572 0.02733769007021888 25.72
2573 0.02733698834305623 25.73
2574 0.02733640730205513 25.74
2575 0.02733847497924199 25.75
2576 0.02733735631689424 25.76
2577 0.02733624582911932 25.77
2578 0.02733506642826498 25.78
2579 0.0273359893363469 25.79
2580 0.02733404481172738 25.8
2581 0.02733208380916834 25.81
2582 0.02733010520218213 25.82
2583 0.02732813867251882 25.83
2584 0.02732814247028382 25.84
2585 0.02732581455459951 25.85
2586 0.02732367369324921 25.86
2587 0.02732171419608775 25.87
2588 0.02731991799189948 25.88
2589 0.02731828941012274 25.89
2590 0.02731682294641407 25.9
2591 0.0273155226394898 25.91
2592 0.0273143728095279 25.92
2593 0.02731336259310285 25.93
2594 0.02731484454910213 25.94
2595 0.02731343003980247 25.95
2596 0.02731210304476694 25.96
2597 0.02731083567648551 25.97
2598 0.02730954890807933 25.98
2599 0.02730827596127938 25.99
2600 0.02730705084609121 26
2601 0.02730592675894027 26.01
2602 0.02730493423882492 26.02
2603 0.02730409502009486 26.03
2604 0.02730339258627475 26.04
2605 0.02730280058095589 26.05
2606 0.02730500802429595 26.06
2607 0.02730401874412257 26.07
2608 0.02730296850018258 26.08
2609 0.02730180608181835 26.09
2610 0.02730050294377864 26.1
2611 0.02729908736259341 26.11
2612 0.0272976038999848 26.12
2613 0.02729812205166581 26.13
2614 0.02729620060594161 26.14
2615 0.02729444051253719 26.15
2616 0.02729230267259119 26.16
2617 0.02729045703164341 26.17
2618 0.02728887558578994 26.18
2619 0.02728751601635658 26.19
2620 0.02728632043782449 26.2
2621 0.02728525572507568 26.21
2622 0.02728428991483349 26.22
2623 0.02728341483898308 26.23
2624 0.02728261488902547 26.24
2625 0.02728188934161548 26.25
2626 0.02728122372435656 26.26
2627 0.0272806153568942 26.27
2628 0.02728004701823888 26.28
2629 0.02727951404284115 26.29
2630 0.02727899831673977 26.3
2631 0.02727849504477507 26.31
2632 0.02727798648915756 26.32
2633 0.02727730390796393 26.33
2634 0.02727663264178521 26.34
2635 0.02727597719307944 26.35
2636 0.02727531387279162 26.36
2637 0.02727463969367573 26.37
2638 0.02727393655424741 26.38
2639 0.02727319911048726 26.39
2640 0.02727240662561221 26.4
2641 0.02727156238075995 26.41
2642 0.027270658128173 26.42
2643 0.02726970208493442 26.43
2644 0.02726869056001213 26.44
2645 0.02726763455168083 26.45
2646 0.0272665320786305 26.46
2647 0.02726539410505732 26.47
2648 0.02726421704560847 26.48
2649 0.02726301042208809 26.49
2650 0.02726177087435533 26.5
2651 0.02726051000869519 26.51
2652 0.02725922829165534 26.52
2653 0.02725794246094653 26.53
2654 0.02725665765984283 26.54
2655 0.0272553927334016 26.55
2656 0.02725415178789858 26.56
2657 0.02725537205857857 26.57
2658 0.0272535978869615 26.58
2659 0.02725191746507657 26.59
2660 0.02725032019737428 26.6
2661 0.02725102791101928 26.61
2662 0.02724900639024756 26.62
2663 0.02724717471820912 26.63
2664 0.02724553731993965 26.64
2665 0.02724411992360517 26.65
2666 0.02724289668458861 26.66
2667 0.02724430809902903 26.67
2668 0.02724283392302482 26.68
2669 0.02724156768902982 26.69
2670 0.02724045176134331 26.7
2671 0.0272394368289489 26.71
2672 0.02723846838554714 26.72
2673 0.02723751445943132 26.73
2674 0.02723656499981767 26.74
2675 0.02723562926840794 26.75
2676 0.0272347078025296 26.76
2677 0.02723415829359721 26.77
2678 0.02723349222041185 26.78
2679 0.02723270683755781 26.79
2680 0.02723179560644595 26.8
2681 0.0272307972839151 26.81
2682 0.02722965492482298 26.82
2683 0.02722845916705437 26.83
2684 0.02722723156356781 26.84
2685 0.0272260042122758 26.85
2686 0.02722479072287646 26.86
2687 0.02722361363529432 26.87
2688 0.02722247674945105 26.88
2689 0.02722139347157715 26.89
2690 0.02722035954080642 26.9
2691 0.02721938205471551 26.91
2692 0.02721845253696778 26.92
2693 0.02721757629174248 26.93
2694 0.02721674537990482 26.94
2695 0.02721596496155877 26.95
2696 0.02721522456150394 26.96
2697 0.0272147062265375 26.97
2698 0.02721417391990943 26.98
2699 0.02721362322896033 26.99
2700 0.02721303685208585 27
2701 0.0272124134467958 27.01
2702 0.02721174052936635 27.02
2703 0.02721102233720402 27.03
2704 0.02721025186708605 27.04
2705 0.02720943841462931 27.05
2706 0.02720857883725688 27.06
2707 0.02720762031009096 27.07
2708 0.02720663173730323 27.08
2709 0.02720562590230824 27.09
2710 0.02720436743941931 27.1
2711 0.02720322220150695 27.11
2712 0.02720215541126813 27.12
2713 0.02720115272175094 27.13
2714 0.02720018493626198 27.14
2715 0.02719923725859168 27.15
2716 0.02719828411499446 27.16
2717 0.027197320351173 27.17
2718 0.02719633357924307 27.18
2719 0.02719532948254948 27.19
2720 0.02719438738007455 27.2
2721 0.02719340763714931 27.21
2722 0.02719242751433222 27.22
2723 0.02719148014755705 27.23
2724 0.02719057239148209 27.24
2725 0.02718971747115384 27.25
2726 0.02718890825550476 27.26
2727 0.02718814743841221 27.27
2728 0.027187419714194 27.28
2729 0.02718672179598541 27.29
2730 0.0271860348500854 27.3
2731 0.02718535444117367 27.31
2732 0.02718466181919295 27.32
2733 0.02718395298577165 27.33
2734 0.02718321063299679 27.34
2735 0.02718243359666002 27.35
2736 0.02718160815380594 27.36
2737 0.02718073777874361 27.37
2738 0.02717974031846302 27.38
2739 0.02717873294435907 27.39
2740 0.02717769047251277 27.4
2741 0.02717663046304544 27.41
2742 0.02717555651951868 27.42
2743 0.02717448648931994 27.43
2744 0.02717342226927583 27.44
2745 0.02717237874935669 27.45
2746 0.02717135410116709 27.46
2747 0.02717035919134808 27.47
2748 0.02716938925037297 27.48
2749 0.02716845240050892 27.49
2750 0.0271675408993177 27.5
2751 0.02716666036099585 27.51
2752 0.02716580049354248 27.52
2753 0.02716496519312652 27.53
2754 0.02716414324147732 27.54
2755 0.027163338211418 27.55
2756 0.02716253938715408 27.56
2757 0.02716175203206098 27.57
2758 0.02716096787988431 27.58
2759 0.02716019486158803 27.59
2760 0.02715942673188784 27.6
2761 0.02715867131835648 27.61
2762 0.02715792139550869 27.62
2763 0.02715718305269896 27.63
2764 0.02715644554262613 27.64
2765 0.02715571121734636 27.65
2766 0.02715496586864689 27.66
2767 0.02715420883461501 27.67
2768 0.02715342365216106 27.68
2769 0.02715260180702589 27.69
2770 0.0271517382401193 27.7
2771 0.02715083456923037 27.71
2772 0.02714988028148526 27.72
2773 0.02714888291061757 27.73
2774 0.02714995716827585 27.74
2775 0.02714834917957151 27.75
2776 0.02714674076895181 27.76
2777 0.02714514200800877 27.77
2778 0.02714354654621427 27.78
2779 0.02714197739606815 27.79
2780 0.02714045477481749 27.8
2781 0.02713902036906995 27.81
2782 0.02713769899850469 27.82
2783 0.02713652120421874 27.83
2784 0.02713548778027557 27.84
2785 0.0271345986163852 27.85
2786 0.02713382468561693 27.86
2787 0.0271331428900832 27.87
2788 0.02713251112715892 27.88
2789 0.02713190448312091 27.89
2790 0.02713129113986417 27.9
2791 0.0271306528052193 27.91
2792 0.02712998325794488 27.92
2793 0.02712928582113868 27.93
2794 0.02712854261681116 27.94
2795 0.02712777077826386 27.95
2796 0.02712696793982026 27.96
2797 0.02712614868549723 27.97
2798 0.02712531281259834 27.98
2799 0.02712447119736069 27.99
2800 0.02712361857118594 28
2801 0.02712276529733707 28.01
2802 0.02712190536323258 28.02
2803 0.02712104715020481 28.03
2804 0.02712018235288902 28.04
2805 0.02711931668339382 28.05
2806 0.02711843966465012 28.06
2807 0.02711755591092943 28.07
2808 0.02711665508558192 28.08
2809 0.02711574367797699 28.09
2810 0.0271148146056026 28.1
2811 0.02711394830456482 28.11
2812 0.02711306058675586 28.12
2813 0.02711216241917537 28.13
2814 0.02711124123827076 28.14
2815 0.02711027607051977 28.15
2816 0.02710930054648492 28.16
2817 0.02710832601528427 28.17
2818 0.02710734728922213 28.18
2819 0.02710637416372133 28.19
2820 0.02710540054194763 28.2
2821 0.02710443596729041 28.21
2822 0.02710347451085742 28.22
2823 0.02710252588679773 28.23
2824 0.02710158328651931 28.24
2825 0.02710065572341223 28.25
2826 0.02709973686030274 28.26
2827 0.02709883580608607 28.27
2828 0.02709794564333402 28.28
2829 0.02709707494031346 28.29
2830 0.02709621619582662 28.3
2831 0.02709537706059201 28.31
2832 0.02709454670259986 28.32
2833 0.02709373114595593 28.33
2834 0.02709292263078066 28.34
2835 0.02709213059763009 28.35
2836 0.0270913489934055 28.36
2837 0.02709058700028944 28.37
2838 0.02708983655735591 28.38
2839 0.02708910363146325 28.39
2840 0.02708837619971404 28.4
2841 0.02708764772443222 28.41
2842 0.02708691217072875 28.42
2843 0.02708617216353944 28.43
2844 0.0270854155905884 28.44
2845 0.02708464770228176 28.45
2846 0.02708385930060439 28.46
2847 0.02708305873045021 28.47
2848 0.0270822397955225 28.48
2849 0.02708141361193316 28.49
2850 0.0270805761538803 28.5
2851 0.02707973984450437 28.51
2852 0.02707882578520042 28.52
2853 0.02707793504615713 28.53
2854 0.02707706641738456 28.54
2855 0.02707623155027377 28.55
2856 0.02707542268992877 28.56
2857 0.02707464501468943 28.57
2858 0.02707388497414006 28.58
2859 0.02707313486269623 28.59
2860 0.02707238924569706 28.6
2861 0.02707164775095007 28.61
2862 0.02707089426050548 28.62
2863 0.02707013004060561 28.63
2864 0.02706934198765569 28.64
2865 0.02706853634995766 28.65
2866 0.02706770517436627 28.66
2867 0.02706685788875005 28.67
2868 0.02706598965357896 28.68
2869 0.02706511263242403 28.69
2870 0.02706426493492765 28.7
2871 0.02706338748611445 28.71
2872 0.02706250769368453 28.72
2873 0.02706162673325545 28.73
2874 0.02706074924520237 28.74
2875 0.02705986189343895 28.75
2876 0.02705895843952957 28.76
2877 0.02705805187077358 28.77
2878 0.02705714107897125 28.78
2879 0.02705624269513424 28.79
2880 0.02705535702791204 28.8
2881 0.02705449962395374 28.81
2882 0.02705366744975904 28.82
2883 0.02705287071181754 28.83
2884 0.02705209954893208 28.84
2885 0.02705135749110069 28.85
2886 0.02705062988166094 28.86
2887 0.02704991794613466 28.87
2888 0.02704920707991195 28.88
2889 0.02704849970661054 28.89
2890 0.02704778353387053 28.9
2891 0.02704706419699419 28.91
2892 0.02704633181260974 28.92
2893 0.0270455956541027 28.93
2894 0.02704484381267038 28.94
2895 0.0270441222739459 28.95
2896 0.02704336722544735 28.96
2897 0.02704258570744598 28.97
2898 0.0270417689827548 28.98
2899 0.0270409263327538 28.99
2900 0.02704005193645556 29
2901 0.02703915782939401 29.01
2902 0.02703824054072107 29.02
2903 0.02703731387890439 29.03
2904 0.02703637535798716 29.04
2905 0.02703543878557162 29.05
2906 0.02703450038843531 29.06
2907 0.02703357164533397 29.07
2908 0.02703264599313461 29.08
2909 0.02703173228943455 29.09
2910 0.02703082181188399 29.1
2911 0.02702992227548005 29.11
2912 0.02702900617304054 29.12
2913 0.02702810533460745 29.13
2914 0.02702720796002464 29.14
2915 0.02702632033713344 29.15
2916 0.02702542902699271 29.16
2917 0.02702443991687478 29.17
2918 0.02702345736515104 29.18
2919 0.02702248164492943 29.19
2920 0.02702146950906273 29.2
2921 0.02702046882586284 29.21
2922 0.02701947387721524 29.22
2923 0.02701847925404193 29.23
2924 0.02701751272339046 29.24
2925 0.02701659067430233 29.25
2926 0.02701570969543567 29.26
2927 0.02701487965820056 29.27
2928 0.02701409028228111 29.28
2929 0.0270133457259936 29.29
2930 0.0270126317182403 29.3
2931 0.02701195008778685 29.31
2932 0.02701128524418808 29.32
2933 0.02701063875953491 29.33
2934 0.02700996974793482 29.34
2935 0.02700931341949988 29.35
2936 0.02700865728569668 29.36
2937 0.02700800691767182 29.37
2938 0.02700735115897236 29.38
2939 0.02700669559195767 29.39
2940 0.0270060283531542 29.4
2941 0.02700535419337815 29.41
2942 0.02700466047220098 29.42
2943 0.0270039516085918 29.43
2944 0.02700321629480916 29.44
2945 0.02700246209979149 29.45
2946 0.02700168183972081 29.46
2947 0.02700088701678544 29.47
2948 0.02700007288650756 29.48
2949 0.02699925198626677 29.49
2950 0.02699841956205989 29.5
2951 0.02699758713959357 29.51
2952 0.02699674799910548 29.52
2953 0.02699591179851171 29.53
2954 0.02699507019629925 29.54
2955 0.02699423173210212 29.55
2956 0.02699338752805918 29.56
2957 0.02699254573563624 29.57
2958 0.02699169737184822 29.58
2959 0.02699085051336051 29.59
2960 0.02699037030955251 29.6
2961 0.02698988754592694 29.61
2962 0.02698936744504505 29.62
2963 0.02698881216384553 29.63
2964 0.02698820968042892 29.64
2965 0.02698756320601111 29.65
2966 0.02698685740123114 29.66
2967 0.02698609537298837 29.67
2968 0.02698521501867444 29.68
2969 0.0269843045156662 29.69
2970 0.02698335456873438 29.7
2971 0.02698237828533396 29.71
2972 0.02698143136310371 29.72
2973 0.02698042360787323 29.73
2974 0.02697947091178293 29.74
2975 0.02697842552709627 29.75
2976 0.02697732606245716 29.76
2977 0.02697623250325876 29.77
2978 0.02697518506087035 29.78
2979 0.02697423090227011 29.79
2980 0.0269733836614105 29.8
2981 0.02697265649313196 29.81
2982 0.02697202863459693 29.82
2983 0.02697148441590752 29.83
2984 0.02697098336674669 29.84
2985 0.02697050059808896 29.85
2986 0.02696999585297671 29.86
2987 0.0269694510464993 29.87
2988 0.02696883701061401 29.88
2989 0.02696814942422393 29.89
2990 0.02696737315174697 29.9
2991 0.02696651678973711 29.91
2992 0.02696557698580878 29.92
2993 0.02696457241560016 29.93
2994 0.02696350743828686 29.94
2995 0.0269624065026138 29.95
2996 0.02696127793160417 29.96
2997 0.0269601484054489 29.97
2998 0.02695902655173126 29.98
2999 0.02695793725326516 29.99
3000 0.02695688547065914 30
