"cl-rfile"
"Time Step" "cl etc.."
("Time Step" "cl" "flow-time")
0 2.566449785625276e-26 0
1 9.573170711166435 0.01
2 -0.630161132992039 0.02
3 0.9386302019434678 0.03
4 -0.6509637580454336 0.04
5 -1.451416880190552 0.05
6 0.8684421573872646 0.06
7 0.5364382567313569 0.07000000000000001
8 0.5305489580840771 0.08
9 -0.3136566156965698 0.09
10 -0.1601345614801101 0.1
11 -0.04287667069693422 0.11
12 0.1876672073586937 0.12
13 0.1429120667939316 0.13
14 0.1592205073280226 0.14
15 0.05030036463678225 0.15
16 0.06696697893160468 0.16
17 0.05724995903260998 0.17
18 0.06829536018799019 0.18
19 0.07694117455364567 0.19
20 0.06669760030819122 0.2
21 0.06935070043858069 0.21
22 0.06277087949639366 0.22
23 0.0860074728869258 0.23
24 0.08621955369269328 0.24
25 0.0761041722665107 0.25
26 0.09738518612020179 0.26
27 0.07994399509331572 0.27
28 0.07866383604263479 0.28
29 0.08035813134578804 0.29
30 0.07234606288039883 0.3
31 0.08236197455661599 0.31
32 0.07341984587969334 0.32
33 0.08003629958075614 0.33
34 0.07644524090498578 0.34
35 0.07671992320915076 0.35
36 0.07616961689879481 0.36
37 0.08331720920097813 0.37
38 0.07821994275605647 0.38
39 0.08293559614589054 0.39
40 0.08424988987876476 0.4
41 0.08280542065884336 0.41
42 0.08491100878516127 0.42
43 0.08520259996938057 0.43
44 0.08478771882458885 0.44
45 0.08706818753493918 0.45
46 0.08254009512482827 0.46
47 0.0854895877549917 0.47
48 0.08614984948953586 0.48
49 0.08638943261804689 0.49
50 0.08535561932820952 0.5
51 0.08751601922448378 0.51
52 0.08811168357109408 0.52
53 0.0880427625769707 0.53
54 0.08949686225945573 0.54
55 0.08912142953616949 0.55
56 0.08821522431703137 0.5600000000000001
57 0.08831032996672802 0.5700000000000001
58 0.08825099269480993 0.58
59 0.09019476984593441 0.59
60 0.0867177845875826 0.6
61 0.091303558439224 0.61
62 0.08972664665039809 0.62
63 0.08906334668402971 0.63
64 0.08967649539826912 0.64
65 0.08997111507833029 0.65
66 0.09087574838946416 0.66
67 0.09129847034221103 0.67
68 0.09130330160695181 0.68
69 0.09296169645254337 0.6900000000000001
70 0.09028215532804043 0.7000000000000001
71 0.08959078162501068 0.71
72 0.09249771409533462 0.72
73 0.09239850672984831 0.73
74 0.09252887215858731 0.74
75 0.0954836344689315 0.75
76 0.09554631437867149 0.76
77 0.09433800695033666 0.77
78 0.09382896936098092 0.78
79 0.09411017033535916 0.79
80 0.09484940645925367 0.8
81 0.09539566911593153 0.8100000000000001
82 0.09619686976546286 0.8200000000000001
83 0.09668951311095282 0.8300000000000001
84 0.09829154304511252 0.84
85 0.09785517609933385 0.85
86 0.09784745916931475 0.86
87 0.09785779640929355 0.87
88 0.09794323839942631 0.88
89 0.097692900623223 0.89
90 0.09746352188581464 0.9
91 0.09780987498439214 0.91
92 0.09801885349313427 0.92
93 0.09814879822858229 0.93
94 0.09748791816356554 0.9400000000000001
95 0.0970360417981737 0.9500000000000001
96 0.09664735955563482 0.96
97 0.09623502766735893 0.97
98 0.09624162091623621 0.98
99 0.09622719366864571 0.99
100 0.09646863363402192 1
101 0.09645991446625179 1.01
102 0.09741917602019727 1.02
103 0.0986670149460233 1.03
104 0.09935241030689183 1.04
105 0.0994575058571523 1.05
106 0.09960649972559228 1.06
107 0.09938313545483855 1.07
108 0.09991218409051497 1.08
109 0.09998132105366114 1.09
110 0.09958452060972046 1.1
111 0.09921794610751672 1.11
112 0.09931111639919181 1.12
113 0.09960063210804712 1.13
114 0.09973090566176579 1.14
115 0.1001451820613091 1.15
116 0.1002536218773697 1.16
117 0.1009968621942889 1.17
118 0.1014856272182865 1.18
119 0.1016767258365297 1.19
120 0.1017878933777394 1.2
121 0.1019497358066245 1.21
122 0.1020835585498291 1.22
123 0.1022528431088601 1.23
124 0.1022636916168188 1.24
125 0.1025688889360931 1.25
126 0.1027880029338948 1.26
127 0.1028423660374447 1.27
128 0.1030866084035204 1.28
129 0.1032760217950977 1.29
130 0.1034202218785081 1.3
131 0.1035941040793868 1.31
132 0.1037052797479129 1.32
133 0.1036218306060539 1.33
134 0.1036636360869339 1.34
135 0.1037939596288443 1.35
136 0.1041104354142533 1.36
137 0.1043381606892715 1.37
138 0.1044280957432223 1.38
139 0.1046249917984635 1.39
140 0.1046514422456186 1.4
141 0.1047460700028836 1.41
142 0.1049452834231343 1.42
143 0.105142892836878 1.43
144 0.1053111332673084 1.44
145 0.105439553183108 1.45
146 0.105558067614489 1.46
147 0.1056645302803333 1.47
148 0.1057592197446773 1.48
149 0.1058954666526105 1.49
150 0.1061106627770898 1.5
151 0.1061486956054576 1.51
152 0.1062503636414473 1.52
153 0.1063585455783469 1.53
154 0.1065436290038428 1.54
155 0.1067367619934496 1.55
156 0.1069031352305302 1.56
157 0.1070393461500025 1.57
158 0.1072015471660567 1.58
159 0.1071659235242453 1.59
160 0.1072410894372158 1.6
161 0.1074715709581025 1.61
162 0.1076457494677871 1.62
163 0.1078546460967682 1.63
164 0.108003459049294 1.64
165 0.1079840480235816 1.65
166 0.1080022141203297 1.66
167 0.1081177415318834 1.67
168 0.1082390361733476 1.68
169 0.1083952414547635 1.69
170 0.1086994830783056 1.7
171 0.1088527720538122 1.71
172 0.1090564262113951 1.72
173 0.1091324191860333 1.73
174 0.1091838252125074 1.74
175 0.1091802680862681 1.75
176 0.1092366632516801 1.76
177 0.1093890700198032 1.77
178 0.1096547528114266 1.78
179 0.1099082738110678 1.79
180 0.1101057745745575 1.8
181 0.1102150728986233 1.81
182 0.1102550279283647 1.82
183 0.110342939042739 1.83
184 0.1103120698824387 1.84
185 0.1104059818556323 1.85
186 0.1105683305799469 1.86
187 0.110806936482284 1.87
188 0.1109399166358874 1.88
189 0.1110931850107829 1.89
190 0.1112235974100888 1.9
191 0.1113389132273265 1.91
192 0.1114469696781422 1.92
193 0.1115490485026534 1.93
194 0.1116325335987696 1.94
195 0.1116121134186174 1.95
196 0.1116685138586814 1.96
197 0.1116851790576636 1.97
198 0.1117629743486935 1.98
199 0.1118497264484893 1.99
200 0.111892847093709 2
201 0.1119896498292576 2.01
202 0.1121918940940081 2.02
203 0.1123667082662106 2.03
204 0.1124988073528694 2.04
205 0.1125891093502431 2.05
206 0.1126682139201301 2.06
207 0.1127425463315833 2.07
208 0.1128315422975752 2.08
209 0.1129325952396755 2.09
210 0.1130070893812832 2.1
211 0.1130777825985449 2.11
212 0.113141145005366 2.12
213 0.1132182721388858 2.13
214 0.1133043054687353 2.14
215 0.1134053781675606 2.15
216 0.113530444857697 2.16
217 0.1136819275985137 2.17
218 0.1138760791558532 2.18
219 0.1140290525352528 2.19
220 0.114198618465581 2.2
221 0.1142798517948108 2.21
222 0.1142757825758443 2.22
223 0.1142701647986433 2.23
224 0.1143737299601759 2.24
225 0.1144497019311869 2.25
226 0.1145102927802033 2.26
227 0.1145876227231066 2.27
228 0.1146284743790431 2.28
229 0.1146579111352653 2.29
230 0.114676101400076 2.3
231 0.1147266072087294 2.31
232 0.1147897149995074 2.32
233 0.1148952200592284 2.33
234 0.1150431231738282 2.34
235 0.115195603687927 2.35
236 0.1153288109343754 2.36
237 0.1154100662739877 2.37
238 0.1154622392999764 2.38
239 0.1154434139667623 2.39
240 0.1154868582225691 2.4
241 0.1155034254590955 2.41
242 0.11553539582404 2.42
243 0.1155895074169004 2.43
244 0.1157506256507467 2.44
245 0.1159078977790721 2.45
246 0.1160543835896961 2.46
247 0.1161726586086314 2.47
248 0.1162586832880651 2.48
249 0.1162715872824015 2.49
250 0.1163002884787284 2.5
251 0.1163437095194323 2.51
252 0.1163618808368008 2.52
253 0.116412296397922 2.53
254 0.1165039220452029 2.54
255 0.1165801033348663 2.55
256 0.1166306428882424 2.56
257 0.1166605227838694 2.57
258 0.1166523419191199 2.58
259 0.1166806038073768 2.59
260 0.1167705349296531 2.6
261 0.1168410364173603 2.61
262 0.1169000688872157 2.62
263 0.1169803289683849 2.63
264 0.1170587413985994 2.64
265 0.1171269898224197 2.65
266 0.1171898566547007 2.66
267 0.1171719135057418 2.67
268 0.1171980797541341 2.68
269 0.1172782966911301 2.69
270 0.1173215066345728 2.7
271 0.1173575061459067 2.71
272 0.1174118603805745 2.72
273 0.1174692025572403 2.73
274 0.117531558166102 2.74
275 0.1175974511034928 2.75
276 0.1176527747341394 2.76
277 0.117708006786287 2.77
278 0.1177519013328699 2.78
279 0.1177954535306349 2.79
280 0.1178386457968314 2.8
281 0.1178829391698 2.81
282 0.1178643970178083 2.82
283 0.1178752409994988 2.83
284 0.1179280812737233 2.84
285 0.1179912981434571 2.85
286 0.1180588616071356 2.86
287 0.1181158616782014 2.87
288 0.1181614771656304 2.88
289 0.1181985278016719 2.89
290 0.1182784104539841 2.9
291 0.1184215494653933 2.91
292 0.1184535474570975 2.92
293 0.1184128718206969 2.93
294 0.1183854806324132 2.94
295 0.1184161252884781 2.95
296 0.1184823452074389 2.96
297 0.1185434344535277 2.97
298 0.1186632960680377 2.98
299 0.1187717876270087 2.99
300 0.1188152175486451 3
301 0.1188184475605785 3.01
302 0.1188086293394689 3.02
303 0.118807874310143 3.03
304 0.1188210296138472 3.04
305 0.1188087848828835 3.05
306 0.1188271503953093 3.06
307 0.1188230393856552 3.07
308 0.1188706980113313 3.08
309 0.118948863453856 3.09
310 0.1190234798032593 3.1
311 0.119105399832861 3.11
312 0.1191559154975619 3.12
313 0.1192582057224884 3.13
314 0.1193151518936806 3.14
315 0.1193013562980939 3.15
316 0.1192901791080342 3.16
317 0.1192831411402529 3.17
318 0.1192399955541593 3.18
319 0.1192391655982623 3.19
320 0.1192675712401312 3.2
321 0.1193075188105522 3.21
322 0.1193688105058122 3.22
323 0.1194131757002315 3.23
324 0.1194339246456759 3.24
325 0.1194494383000204 3.25
326 0.1194827813862504 3.26
327 0.1195001572634996 3.27
328 0.1195945046815129 3.28
329 0.1196399987733868 3.29
330 0.1195835350428573 3.3
331 0.1195748598712429 3.31
332 0.1195813444668348 3.32
333 0.1197154363763022 3.33
334 0.1197608289037901 3.34
335 0.1197526818954235 3.35
336 0.1197279045634114 3.36
337 0.1197023082524387 3.37
338 0.1196805505435767 3.38
339 0.1196745352826326 3.39
340 0.1196820751844672 3.4
341 0.1197235705895169 3.41
342 0.1197596813944124 3.42
343 0.1197500540396141 3.43
344 0.1197551219682048 3.44
345 0.1198261670611212 3.45
346 0.1198693431996531 3.46
347 0.11988763155522 3.47
348 0.1198981687790534 3.48
349 0.1198862331783918 3.49
350 0.1198659592045689 3.5
351 0.1198450115074699 3.51
352 0.1198241059057641 3.52
353 0.1198053048707692 3.53
354 0.1197741627378444 3.54
355 0.1197751119831822 3.55
356 0.1197759526277412 3.56
357 0.1197768099580777 3.57
358 0.1197927570889528 3.58
359 0.1198141273016766 3.59
360 0.1198121884871117 3.6
361 0.1198251728821751 3.61
362 0.1198376852299618 3.62
363 0.1198415378833332 3.63
364 0.1198434796778735 3.64
365 0.1198380436073094 3.65
366 0.1198367066539437 3.66
367 0.1198520533367246 3.67
368 0.1198215662879038 3.68
369 0.1197719813428739 3.69
370 0.1196991093103661 3.7
371 0.119660051774353 3.71
372 0.1196428622722516 3.72
373 0.1196593521235627 3.73
374 0.1196618274796 3.74
375 0.1196572740362822 3.75
376 0.1196471754527741 3.76
377 0.1196132171885193 3.77
378 0.1196020376667612 3.78
379 0.1196104050181209 3.79
380 0.119616467188232 3.8
381 0.1196128263840002 3.81
382 0.1195938094041289 3.82
383 0.1195892421578579 3.83
384 0.1195520186603611 3.84
385 0.1195382628152745 3.85
386 0.1194905968619689 3.86
387 0.119428449953106 3.87
388 0.1193645017555403 3.88
389 0.1192629338244605 3.89
390 0.119205094198821 3.9
391 0.1191860823223299 3.91
392 0.1192086916371 3.92
393 0.119201167282482 3.93
394 0.1191716381251559 3.94
395 0.1191273970282186 3.95
396 0.1190934910877501 3.96
397 0.1190525766945755 3.97
398 0.1190025991201612 3.98
399 0.1189540517555415 3.99
400 0.1189042096947861 4
401 0.1188551312921918 4.01
402 0.1188090853293718 4.02
403 0.1187612161874152 4.03
404 0.1187085054612288 4.04
405 0.1186594010540312 4.05
406 0.1185924958307264 4.06
407 0.1185610391202838 4.07
408 0.1185175619119359 4.08
409 0.1184729107646704 4.09
410 0.1184409572285132 4.1
411 0.1183916975667463 4.11
412 0.1183418563542899 4.12
413 0.1182887158715307 4.13
414 0.1182222822900026 4.14
415 0.1182027651937965 4.15
416 0.1181593543849966 4.16
417 0.1181159280808163 4.17
418 0.1180682367863082 4.18
419 0.1180139058449566 4.19
420 0.1179533462098703 4.2
421 0.1178804045968915 4.21
422 0.1178011622388848 4.22
423 0.1177159791859576 4.23
424 0.1176409294639523 4.24
425 0.1175588638833501 4.25
426 0.1174451161296865 4.26
427 0.1173561423253303 4.27
428 0.1172854793643146 4.28
429 0.1172298230147562 4.29
430 0.1171437678419923 4.3
431 0.1170897459742641 4.31
432 0.1170395682266012 4.32
433 0.1169886377408465 4.33
434 0.1169343916351714 4.34
435 0.1168797049335472 4.350000000000001
436 0.1168234916011786 4.36
437 0.1167657393409573 4.37
438 0.1167053391450127 4.38
439 0.1166849929053838 4.39
440 0.1166070551914691 4.4
441 0.1164967613099331 4.41
442 0.1163864584770376 4.42
443 0.1162799906385358 4.43
444 0.1161811272916136 4.44
445 0.1161020911301997 4.45
446 0.1160246889747522 4.46
447 0.1159327007836393 4.47
448 0.1158352283390102 4.48
449 0.115738498049675 4.49
450 0.1156457946124583 4.5
451 0.1155591646193785 4.51
452 0.1154716843688657 4.52
453 0.1153920695025748 4.53
454 0.115346829739604 4.54
455 0.1152750456643941 4.55
456 0.1152524985717053 4.56
457 0.1152252201310473 4.57
458 0.1151322715649976 4.58
459 0.1149867536037306 4.59
460 0.1147621703014002 4.600000000000001
461 0.1145536372567076 4.61
462 0.1144387884028102 4.62
463 0.1143712142109455 4.63
464 0.1143188659422872 4.64
465 0.1142498783009215 4.65
466 0.1142239830498345 4.66
467 0.1141035847381602 4.67
468 0.1139790328592005 4.68
469 0.1138623994278031 4.69
470 0.1137540355069955 4.7
471 0.113652719017936 4.71
472 0.1135549978576141 4.72
473 0.1134376838477954 4.73
474 0.1133358531423726 4.74
475 0.1132410235332881 4.75
476 0.1131490373145735 4.76
477 0.113055323141613 4.77
478 0.1129577307897874 4.78
479 0.1128705574995769 4.79
480 0.1127730164540373 4.8
481 0.1126686529661444 4.81
482 0.1125596503153051 4.82
483 0.1124424911822928 4.83
484 0.1123263002396188 4.84
485 0.1122407356515598 4.850000000000001
486 0.1121553407779893 4.86
487 0.1120406479997202 4.87
488 0.111910775367595 4.88
489 0.1117766688448636 4.89
490 0.1115972299864129 4.9
491 0.111459272798374 4.91
492 0.1113198168545576 4.92
493 0.1112228871898382 4.93
494 0.1111062995231992 4.94
495 0.1109881113625012 4.95
496 0.1108776644761743 4.96
497 0.1107739529438377 4.97
498 0.1106705687258662 4.98
499 0.1105637151757164 4.99
500 0.1104386345210187 5
501 0.1103211662694228 5.01
502 0.1102129131147637 5.02
503 0.1101005668167939 5.03
504 0.1099796899864698 5.04
505 0.1098424852570585 5.05
506 0.1097160199413163 5.06
507 0.109594763687477 5.07
508 0.1094737950246529 5.08
509 0.1093876332398413 5.09
510 0.1092663990851219 5.100000000000001
511 0.1091308233952811 5.11
512 0.1089905957782342 5.12
513 0.1088568087866359 5.13
514 0.1087644402360316 5.14
515 0.1086362537189891 5.15
516 0.1085264680339196 5.16
517 0.1083933794653862 5.17
518 0.1082511223288125 5.18
519 0.1081085877695739 5.19
520 0.1079657285450669 5.2
521 0.1077949636004358 5.21
522 0.107640276619859 5.22
523 0.1074848426252635 5.23
524 0.1073626653817533 5.24
525 0.1072378708694078 5.25
526 0.1071369620383187 5.26
527 0.1070314183089409 5.27
528 0.1069208946443511 5.28
529 0.1067993600800476 5.29
530 0.1066742026182783 5.3
531 0.10654662518524 5.31
532 0.1064136774651142 5.32
533 0.1062749717505172 5.33
534 0.1061347022322465 5.34
535 0.1059949336027378 5.350000000000001
536 0.1058606584874093 5.36
537 0.1057190301169431 5.37
538 0.1055790395191387 5.38
539 0.1054383516263325 5.39
540 0.1053141425490215 5.4
541 0.1051799763841285 5.41
542 0.1050312377514697 5.42
543 0.1048980690614821 5.43
544 0.1047495195102492 5.44
545 0.1045990686754609 5.45
546 0.1044545465976853 5.46
547 0.1043206275770086 5.47
548 0.1041975433163341 5.48
549 0.1040814435907503 5.49
550 0.1039641169792964 5.5
551 0.1038403964791132 5.51
552 0.1036885763870375 5.52
553 0.1035684025699703 5.53
554 0.1034303823930184 5.54
555 0.1033063267009714 5.55
556 0.1031856571465673 5.56
557 0.1030613677101729 5.57
558 0.1029206706651719 5.58
559 0.1027910859159208 5.59
560 0.1026548976429218 5.600000000000001
561 0.102491121007823 5.61
562 0.1023494342288804 5.62
563 0.1021933709860123 5.63
564 0.1020506487615223 5.64
565 0.1018949619657476 5.65
566 0.1017547396322957 5.66
567 0.1016088678842128 5.67
568 0.1014773836838634 5.68
569 0.101340332561456 5.69
570 0.1011855341259899 5.7
571 0.1010486251963218 5.71
572 0.100905139160107 5.72
573 0.1007642210431387 5.73
574 0.1006269664908869 5.74
575 0.1005019413925912 5.75
576 0.1003606898766951 5.76
577 0.1002128407937803 5.77
578 0.1000967307970339 5.78
579 0.09997146150705649 5.79
580 0.0998396533858458 5.8
581 0.09969895016330724 5.81
582 0.0995529707415618 5.82
583 0.09939524809104379 5.83
584 0.09924509955167744 5.84
585 0.09908850696333864 5.850000000000001
586 0.09895729091068088 5.86
587 0.0988180096693741 5.87
588 0.09870825713524257 5.88
589 0.09857851330135026 5.89
590 0.09843428748778441 5.9
591 0.09828214444416762 5.91
592 0.09812805319706558 5.92
593 0.09794514395463789 5.93
594 0.09778424859693713 5.94
595 0.09765442783191568 5.95
596 0.0975084523938976 5.96
597 0.09738749715853171 5.97
598 0.09728145627141209 5.98
599 0.09714758251642926 5.99
600 0.09702249084681017 6
601 0.09686774679115558 6.01
602 0.0967367264767557 6.02
603 0.09659281179234475 6.03
604 0.09642755470256337 6.04
605 0.09630998404703274 6.05
606 0.09614863064649699 6.06
607 0.09599958281658043 6.07
608 0.09586055538556536 6.08
609 0.09569127705099152 6.09
610 0.09554787586812259 6.100000000000001
611 0.09540299705419154 6.11
612 0.0952715281015757 6.12
613 0.09513746181339271 6.13
614 0.09504665411229042 6.140000000000001
615 0.09494374560778282 6.15
616 0.09482316714723851 6.16
617 0.09468538369698959 6.17
618 0.09453540316579069 6.18
619 0.09437874481370137 6.19
620 0.09422087607178929 6.2
621 0.09408819645593838 6.21
622 0.09391668152546757 6.22
623 0.09376222634060913 6.23
624 0.09364188377114645 6.24
625 0.09348999218062688 6.25
626 0.09336542674705384 6.26
627 0.09323446659430436 6.27
628 0.09309987235847768 6.28
629 0.09296278857943631 6.29
630 0.09282364612459172 6.3
631 0.09268303696308745 6.31
632 0.09254095240710615 6.32
633 0.09237291610655186 6.33
634 0.09225227870986394 6.34
635 0.09212103461881838 6.350000000000001
636 0.0919393892291942 6.36
637 0.09178681014397524 6.37
638 0.09163122410750069 6.38
639 0.09147917760451368 6.390000000000001
640 0.09133731880279287 6.4
641 0.09120388155877518 6.41
642 0.09107654663586691 6.42
643 0.09095312468170154 6.43
644 0.09083105685724348 6.44
645 0.09070839683261969 6.45
646 0.09060490671490293 6.46
647 0.09048919857246913 6.47
648 0.09036243713601444 6.48
649 0.09022648023126816 6.49
650 0.09006174609331725 6.5
651 0.08990156958244394 6.51
652 0.08975521983764416 6.52
653 0.0895880811015211 6.53
654 0.08944435851225639 6.54
655 0.08927650447119495 6.55
656 0.08913097765606996 6.56
657 0.08901623081615996 6.57
658 0.0888786410058317 6.58
659 0.08876736032073781 6.59
660 0.0886293524713954 6.600000000000001
661 0.08850303648881021 6.61
662 0.08840523140948549 6.62
663 0.0882671426092788 6.63
664 0.08815309638587809 6.640000000000001
665 0.08802276831735603 6.65
666 0.08787906568407593 6.66
667 0.08773874134046374 6.67
668 0.08760043997940006 6.68
669 0.08745045546106803 6.69
670 0.08732734199715032 6.7
671 0.08717369441078165 6.71
672 0.08705460995907072 6.72
673 0.0869045983928389 6.73
674 0.08678781823450717 6.74
675 0.08666289953611621 6.75
676 0.08653260959637063 6.76
677 0.08638937640395343 6.77
678 0.08624838054977531 6.78
679 0.0861096711672267 6.79
680 0.08599739721957282 6.8
681 0.08587981644575834 6.81
682 0.08578868547585482 6.82
683 0.08563700600170326 6.83
684 0.08552359426831004 6.84
685 0.0853504360628138 6.850000000000001
686 0.08523075251703889 6.86
687 0.08505207522754885 6.87
688 0.08493384834666844 6.88
689 0.08475116988095981 6.890000000000001
690 0.08463478010360903 6.9
691 0.08446584594568834 6.91
692 0.08435776548759047 6.92
693 0.08420943769582592 6.93
694 0.08411411142841171 6.94
695 0.08396914333049009 6.95
696 0.08384990891231341 6.96
697 0.08373404089540892 6.97
698 0.08360393170508075 6.98
699 0.083462964387716 6.99
700 0.08333211758653634 7
701 0.08321460918199931 7.01
702 0.08309842430476921 7.02
703 0.08298183810793634 7.03
704 0.08286366251446015 7.04
705 0.08273956343130116 7.05
706 0.08260918179640594 7.06
707 0.08247471192055922 7.07
708 0.08230696440194313 7.08
709 0.08218258075575144 7.09
710 0.08205320272777496 7.100000000000001
711 0.08190045557262347 7.11
712 0.08178373981377242 7.12
713 0.08165870400506046 7.13
714 0.08153218780053413 7.140000000000001
715 0.08146755171310023 7.15
716 0.08138073080220283 7.16
717 0.08127201081291296 7.17
718 0.08114252566166567 7.18
719 0.08100160937409559 7.19
720 0.08085551615465211 7.2
721 0.08070940071748141 7.21
722 0.08056703232817243 7.22
723 0.08040601859229787 7.23
724 0.0802993163529265 7.24
725 0.08014849935240603 7.25
726 0.08004636616866501 7.26
727 0.07990102093729169 7.27
728 0.07980516639610676 7.28
729 0.07962815446430542 7.29
730 0.07951067312370237 7.3
731 0.07936091643451482 7.31
732 0.07926166275764353 7.32
733 0.07916037370421287 7.33
734 0.07902478323532321 7.34
735 0.07892833656714397 7.350000000000001
736 0.07882280228149896 7.36
737 0.07870827259501582 7.37
738 0.07858491788216927 7.38
739 0.07845487401470498 7.390000000000001
740 0.07828106560775497 7.4
741 0.07816320105699941 7.41
742 0.07804297667557351 7.42
743 0.07788374879030696 7.43
744 0.07777689033761388 7.44
745 0.07763369356015093 7.45
746 0.07753700934333957 7.46
747 0.07739102406306718 7.47
748 0.07729277824999485 7.48
749 0.07716897173090571 7.49
750 0.07706563790453741 7.5
751 0.07696589839353343 7.51
752 0.07686557803664062 7.52
753 0.07676187423453366 7.53
754 0.0766525598362825 7.54
755 0.07653709725819503 7.55
756 0.07641189779650132 7.56
757 0.07629124918153095 7.57
758 0.07616731732669361 7.58
759 0.0760395343799735 7.59
760 0.07591290704979156 7.600000000000001
761 0.07581739815581866 7.61
762 0.07568809449200574 7.62
763 0.07559371662532691 7.63
764 0.07545395299805997 7.640000000000001
765 0.07531345627625258 7.65
766 0.07517642854733372 7.66
767 0.07504187749771146 7.67
768 0.07490121430322914 7.68
769 0.07477154777746334 7.69
770 0.07466869889388054 7.7
771 0.07456624579572617 7.71
772 0.07446174192818514 7.72
773 0.07432197352877411 7.73
774 0.07422479814754779 7.74
775 0.07408787238413066 7.75
776 0.07398950872200123 7.76
777 0.07384703646062335 7.77
778 0.0737809284624736 7.78
779 0.07365565205152369 7.79
780 0.07353234117770303 7.8
781 0.07340832233098805 7.81
782 0.07328382740628818 7.82
783 0.07319771690512995 7.83
784 0.07305741947539265 7.84
785 0.07292806480700126 7.850000000000001
786 0.07284307188387414 7.86
787 0.07270847581341694 7.87
788 0.07262371359610707 7.88
789 0.07249142775893722 7.890000000000001
790 0.07240546677418859 7.9
791 0.07230572599623755 7.91
792 0.07219147148212618 7.92
793 0.07207988290487474 7.930000000000001
794 0.07196734594635593 7.94
795 0.07185432668291013 7.95
796 0.07174086741622951 7.96
797 0.0716253698348184 7.97
798 0.07150861568440499 7.98
799 0.07139032430808805 7.99
800 0.07127263070488161 8
801 0.0711515531774775 8.01
802 0.07102864017432983 8.02
803 0.07090550676732045 8.029999999999999
804 0.07078354050793931 8.040000000000001
805 0.07066380972598199 8.050000000000001
806 0.07054727322263958 8.06
807 0.07043387518264985 8.07
808 0.07032247750812083 8.08
809 0.0702114846930444 8.09
810 0.07010150505633377 8.1
811 0.06998876879725997 8.109999999999999
812 0.06983236318444298 8.120000000000001
813 0.0697308202981851 8.130000000000001
814 0.06959014648920353 8.140000000000001
815 0.06948024950945045 8.15
816 0.06933910519687612 8.16
817 0.06924476965939556 8.17
818 0.06912432937537023 8.18
819 0.06901555732536679 8.19
820 0.06893202504753264 8.199999999999999
821 0.06883305505149982 8.210000000000001
822 0.06874203512687355 8.220000000000001
823 0.06865354968509847 8.23
824 0.06856565414880514 8.24
825 0.06848020183595353 8.25
826 0.06841220555328591 8.26
827 0.06830764622587727 8.27
828 0.06819747348868802 8.279999999999999
829 0.06810351606252778 8.290000000000001
830 0.06796793778202984 8.300000000000001
831 0.06785925749267256 8.31
832 0.0677100123760945 8.32
833 0.06759783348315954 8.33
834 0.06748038875556731 8.34
835 0.06736300658942854 8.35
836 0.06724398144437327 8.359999999999999
837 0.06712625719038889 8.370000000000001
838 0.06701128534339831 8.380000000000001
839 0.06690037274156703 8.390000000000001
840 0.06679201333324215 8.4
841 0.06668439152034152 8.41
842 0.0665763948383368 8.42
843 0.06647487710796682 8.43
844 0.06637157566476412 8.44
845 0.06626565214338249 8.449999999999999
846 0.06615733326708008 8.460000000000001
847 0.06604694473260793 8.470000000000001
848 0.06593508989653835 8.48
849 0.0658134894003131 8.49
850 0.06569421231912528 8.5
851 0.06557422797821758 8.51
852 0.06547483623399609 8.52
853 0.0653777497458321 8.529999999999999
854 0.06528045818830716 8.540000000000001
855 0.06518191450172026 8.550000000000001
856 0.06508058929018903 8.56
857 0.06495937745791015 8.57
858 0.06484377849799568 8.58
859 0.06473379823991224 8.59
860 0.06460973236523467 8.6
861 0.06452247356161751 8.609999999999999
862 0.06443585697509067 8.620000000000001
863 0.06434870010579095 8.630000000000001
864 0.06425919363364453 8.640000000000001
865 0.06415237034294595 8.65
866 0.0640722926426604 8.66
867 0.06398331359052911 8.67
868 0.06388589398339764 8.68
869 0.06376014787013598 8.69
870 0.06366112953470669 8.700000000000001
871 0.06354861494040846 8.710000000000001
872 0.06341000572015755 8.720000000000001
873 0.06330408296062377 8.73
874 0.06319359145466316 8.74
875 0.06306040015596621 8.75
876 0.06295992952899988 8.76
877 0.06283712724035587 8.77
878 0.06274267135866195 8.779999999999999
879 0.06262342513789404 8.790000000000001
880 0.06253024205581453 8.800000000000001
881 0.06242452278966571 8.81
882 0.06234057019459296 8.82
883 0.06223074921091332 8.83
884 0.06214374396879053 8.84
885 0.06204740054536213 8.85
886 0.06194439434058097 8.859999999999999
887 0.06183708758160172 8.870000000000001
888 0.06172664209418965 8.880000000000001
889 0.06161491368743948 8.890000000000001
890 0.06150345165374563 8.9
891 0.0613934612637643 8.91
892 0.06128579690320128 8.92
893 0.06118085025935956 8.93
894 0.06107923186597779 8.94
895 0.06098132798714281 8.950000000000001
896 0.06088578237545388 8.960000000000001
897 0.06079087209000127 8.970000000000001
898 0.06069497729464028 8.98
899 0.06059701854462948 8.99
900 0.06049667011257022 9
901 0.06039170690798668 9.01
902 0.06030904629602073 9.02
903 0.06018552158937741 9.029999999999999
904 0.06009643314219779 9.040000000000001
905 0.05997173339177651 9.050000000000001
906 0.05988449171199996 9.06
907 0.05976429033012774 9.07
908 0.05965501616211568 9.08
909 0.05957727307983556 9.09
910 0.05946694819804959 9.1
911 0.05936678943010565 9.109999999999999
912 0.05927152058808656 9.120000000000001
913 0.0591779944021969 9.130000000000001
914 0.05905742809658263 9.140000000000001
915 0.05894646960855916 9.15
916 0.05884272248676029 9.16
917 0.05875284122138342 9.17
918 0.05866025182404738 9.18
919 0.05856171144755648 9.19
920 0.05845919236724824 9.200000000000001
921 0.0583532572988484 9.210000000000001
922 0.05824492701597234 9.220000000000001
923 0.0581355609719524 9.23
924 0.05801727483872261 9.24
925 0.05790382715195146 9.25
926 0.05779433981347055 9.26
927 0.05768821348083304 9.27
928 0.05758647242413044 9.279999999999999
929 0.05748916804009923 9.290000000000001
930 0.05738865330293669 9.300000000000001
931 0.05730953570200679 9.31
932 0.05722232020792951 9.32
933 0.05714690638568728 9.33
934 0.05708533121050099 9.34
935 0.05700849679310272 9.35
936 0.05691857646569461 9.359999999999999
937 0.05681840875860078 9.370000000000001
938 0.05671132489498468 9.380000000000001
939 0.05660024210788961 9.390000000000001
940 0.05648723649212477 9.4
941 0.05637404482632305 9.41
942 0.05624162204926643 9.42
943 0.05611822866220842 9.43
944 0.05600598424489603 9.44
945 0.05590260840115049 9.450000000000001
946 0.05580455543905991 9.460000000000001
947 0.05571241557327954 9.470000000000001
948 0.05563388531526695 9.48
949 0.05554147876689257 9.49
950 0.05544147764960313 9.5
951 0.055346487643159 9.51
952 0.05525152756034091 9.52
953 0.05516864265576427 9.529999999999999
954 0.05505696587741996 9.540000000000001
955 0.05494926504204041 9.550000000000001
956 0.05486050285789908 9.56
957 0.05474465535640056 9.57
958 0.05463742776369353 9.58
959 0.05453199070072143 9.59
960 0.05442924112340189 9.6
961 0.05432322654327239 9.609999999999999
962 0.05423840642121993 9.620000000000001
963 0.05412725845185415 9.630000000000001
964 0.05402319649460124 9.640000000000001
965 0.05393803455482892 9.65
966 0.05382874845264259 9.66
967 0.05372840861640159 9.67
968 0.05364651410267682 9.68
969 0.05354222609679183 9.69
970 0.05344569767165706 9.700000000000001
971 0.05335321997306691 9.710000000000001
972 0.05326232819832939 9.720000000000001
973 0.05317142725736198 9.73
974 0.05307935612536702 9.74
975 0.05298569589511429 9.75
976 0.05289090708282777 9.76
977 0.05279549116020162 9.77
978 0.0526993503140441 9.779999999999999
979 0.05260380729372895 9.790000000000001
980 0.05250902980484236 9.800000000000001
981 0.05241474074904812 9.81
982 0.05232136380767625 9.82
983 0.05222766134510631 9.83
984 0.05213307553779371 9.84
985 0.05203680699374155 9.85
986 0.05193851816400471 9.859999999999999
987 0.05183829626337451 9.870000000000001
988 0.05173155372632553 9.880000000000001
989 0.05162589374524232 9.890000000000001
990 0.05151982485756299 9.9
991 0.05141768324027712 9.91
992 0.05131921076473608 9.92
993 0.05122371302706302 9.93
994 0.05113303044286902 9.94
995 0.05104357917911762 9.950000000000001
996 0.0509590818527936 9.960000000000001
997 0.05087101246776694 9.970000000000001
998 0.05077904039710302 9.98
999 0.05068740818407248 9.99
1000 0.05059089525537373 10
1001 0.05049016168449656 10.01
1002 0.05038617753539127 10.02
1003 0.05028001846477805 10.03
1004 0.05017288029279429 10.04
1005 0.05006295231955456 10.05
1006 0.04995522465504287 10.06
1007 0.04985042720790835 10.07
1008 0.04974855276406711 10.08
1009 0.04964928927488162 10.09
1010 0.04954874131609968 10.1
1011 0.04945131177581933 10.11
1012 0.04935656392748725 10.12
1013 0.04926387526309525 10.13
1014 0.04917256744969029 10.14
1015 0.04910638675970731 10.15
1016 0.04900680731039109 10.16
1017 0.0489303556179014 10.17
1018 0.04882327338325134 10.18
1019 0.04874356460923632 10.19
1020 0.04863277661242386 10.2
1021 0.04855133306336998 10.21
1022 0.04843813528456561 10.22
1023 0.04839164807003789 10.23
1024 0.04828588090981346 10.24
1025 0.04822229783990976 10.25
1026 0.04807135378131488 10.26
1027 0.04796978956260296 10.27
1028 0.04783382910465273 10.28
1029 0.04774381466468142 10.29
1030 0.04762618740996602 10.3
1031 0.04752391704025064 10.31
1032 0.04745197769483379 10.32
1033 0.04735446558699355 10.33
1034 0.04726711279838572 10.34
1035 0.0471834127075442 10.35
1036 0.04710076113651473 10.36
1037 0.04701712331815289 10.37
1038 0.04693532115605821 10.38
1039 0.04684910262868416 10.39
1040 0.04675848272418159 10.4
1041 0.04666398336524351 10.41
1042 0.04656796192287392 10.42
1043 0.04646935838101441 10.43
1044 0.04636923843177322 10.44
1045 0.04626829895853002 10.45
1046 0.0461674844597147 10.46
1047 0.04606746980540848 10.47
1048 0.04596876590124772 10.48
1049 0.04587158236957407 10.49
1050 0.04577851609697922 10.5
1051 0.04568596007886989 10.51
1052 0.045593372945666 10.52
1053 0.04552388122908473 10.53
1054 0.0454446566720165 10.54
1055 0.0453568873968152 10.55
1056 0.04526205826344985 10.56
1057 0.04516645845043903 10.57
1058 0.04511447889728568 10.58
1059 0.04498865218663357 10.59
1060 0.04486803720683781 10.6
1061 0.04474724244870834 10.61
1062 0.04467862293003984 10.62
1063 0.04455351000706424 10.63
1064 0.04443836735446274 10.64
1065 0.04437377351044824 10.65
1066 0.04425710478021164 10.66
1067 0.04419287185445053 10.67
1068 0.04407684201691729 10.68
1069 0.04400672444317801 10.69
1070 0.04388832547836548 10.7
1071 0.04381414388063288 10.71
1072 0.04369384448339563 10.72
1073 0.04362348206831342 10.73
1074 0.04350784029000138 10.74
1075 0.04344041525173543 10.75
1076 0.04332828243125418 10.76
1077 0.04322514647930981 10.77
1078 0.04316512128916525 10.78
1079 0.04305996313404985 10.79
1080 0.04296023391332662 10.8
1081 0.0428644829146432 10.81
1082 0.04280601655831403 10.82
1083 0.04270179610225638 10.83
1084 0.04259476783322395 10.84
1085 0.04249411057774954 10.85
1086 0.04239897662825896 10.86
1087 0.04230819054670602 10.87
1088 0.04224902866189132 10.88
1089 0.04214913448158534 10.89
1090 0.04205340835178766 10.9
1091 0.04195872565135177 10.91
1092 0.0418653243095432 10.92
1093 0.04177259389682189 10.93
1094 0.04168005203277563 10.94
1095 0.04158791447483957 10.95
1096 0.04149907084148043 10.96
1097 0.04140876014532592 10.97
1098 0.04131575396911975 10.98
1099 0.04122378361335191 10.99
1100 0.04113275928453565 11
1101 0.04107667963931696 11.01
1102 0.04097598598956563 11.02
1103 0.04087839076663195 11.03
1104 0.04081501958090995 11.04
1105 0.04070415562900129 11.05
1106 0.04059805953495066 11.06
1107 0.04053005724535847 11.07
1108 0.04041413642703119 11.08
1109 0.04034213395547835 11.09
1110 0.04022304002726519 11.1
1111 0.04014907422858577 11.11
1112 0.04003102577176093 11.12
1113 0.03995796475882826 11.13
1114 0.03984068093827332 11.14
1115 0.03976856285736738 11.15
1116 0.03965320949321546 11.16
1117 0.03958241543605522 11.17
1118 0.03946925381840519 11.18
1119 0.03939986246072545 11.19
1120 0.03928863386311673 11.2
1121 0.03922041489385882 11.21
1122 0.03910869686654061 11.22
1123 0.03903037536060044 11.23
1124 0.03891182756547994 11.24
1125 0.03883999150587941 11.25
1126 0.03872958252693284 11.26
1127 0.03868123982544199 11.27
1128 0.03859012567634395 11.28
1129 0.03852081530917291 11.29
1130 0.03840954809986682 11.3
1131 0.03834398302589462 11.31
1132 0.03822718561162657 11.32
1133 0.03815923546851604 11.33
1134 0.03805442305477439 11.34
1135 0.03798988398646861 11.35
1136 0.0378646230675355 11.36
1137 0.0377916063973743 11.37
1138 0.03767661145139285 11.38
1139 0.03757135638916705 11.39
1140 0.03749964571749254 11.4
1141 0.0373912029798486 11.41
1142 0.03729284000122186 11.42
1143 0.03722672282822136 11.43
1144 0.03712529410727198 11.44
1145 0.03703188200321141 11.45
1146 0.03696958593015615 11.46
1147 0.03687812218877571 11.47
1148 0.03679093410818222 11.48
1149 0.03673209015070886 11.49
1150 0.03663289205100054 11.5
1151 0.0365690916944138 11.51
1152 0.03645978534475217 11.52
1153 0.03639073434320422 11.53
1154 0.03627592723276113 11.54
1155 0.03620462604749881 11.55
1156 0.03607887061483443 11.56
1157 0.03599904200421511 11.57
1158 0.03588152395849514 11.58
1159 0.03581874906987975 11.59
1160 0.03571539699112731 11.6
1161 0.03565073290727203 11.61
1162 0.03554352079640204 11.62
1163 0.03547599687449856 11.63
1164 0.03536493065452318 11.64
1165 0.03529526521251244 11.65
1166 0.03518210510112531 11.66
1167 0.03511007444869204 11.67
1168 0.03502325874812633 11.68
1169 0.03497355608528958 11.69
1170 0.03490231596488509 11.7
1171 0.03477533289855219 11.71
1172 0.03470212198278896 11.72
1173 0.03457463147542474 11.73
1174 0.03450304897000421 11.74
1175 0.03442484177137245 11.75
1176 0.03429654597703548 11.76
1177 0.03422731426722535 11.77
1178 0.03415345492102951 11.78
1179 0.03403348446556995 11.79
1180 0.03396954481876481 11.8
1181 0.03390042049089798 11.81
1182 0.03378938712509146 11.82
1183 0.03372849667816727 11.83
1184 0.03359755200299036 11.84
1185 0.03351570571974209 11.85
1186 0.03340568870925604 11.86
1187 0.03333535157402465 11.87
1188 0.03323792973805881 11.88
1189 0.03316905804914416 11.89
1190 0.03307371566981029 11.9
1191 0.03300689201597988 11.91
1192 0.03291352717240728 11.92
1193 0.03284759965009804 11.93
1194 0.03275201960362683 11.94
1195 0.0326838618494396 11.95
1196 0.03258229266025911 11.96
1197 0.03248828382176541 11.97
1198 0.03241905151758309 11.98
1199 0.03231610419819657 11.99
1200 0.03224218448474658 12
1201 0.03213628804819616 12.01
1202 0.03203943582257979 12.02
1203 0.031970116697757 12.03
1204 0.03187187830172055 12.04
1205 0.03180257558409478 12.05
1206 0.0317079755521233 12.06
1207 0.03163671863348701 12.07
1208 0.03153670912316021 12.08
1209 0.03146598169651856 12.09
1210 0.03136728993259265 12.1
1211 0.0312769310851824 12.11
1212 0.03120987661363997 12.12
1213 0.03111907456361257 12.13
1214 0.03103349477166439 12.14
1215 0.03095048271421837 12.15
1216 0.03088680097741304 12.16
1217 0.0307937257437142 12.17
1218 0.03069757758728309 12.18
1219 0.03062578213331017 12.19
1220 0.03052514649147291 12.2
1221 0.03043316414802459 12.21
1222 0.03036452975020445 12.22
1223 0.03027039624990637 12.23
1224 0.03020127800178175 12.24
1225 0.030105049266416 12.25
1226 0.03003354996784586 12.26
1227 0.02993896999914762 12.27
1228 0.02986863075098084 12.28
1229 0.02979296127860356 12.29
1230 0.02969284474720663 12.3
1231 0.02961962922834051 12.31
1232 0.02953885432332988 12.32
1233 0.02943360237271193 12.33
1234 0.02935653185566961 12.34
1235 0.02927662088540582 12.35
1236 0.02919405134596915 12.36
1237 0.02909156706606351 12.37
1238 0.02901587504222209 12.38
1239 0.0289367493060037 12.39
1240 0.02885489347112441 12.4
1241 0.02875332383745793 12.41
1242 0.0286778479179573 12.42
1243 0.02859887151289729 12.43
1244 0.02851718349638716 12.44
1245 0.02841696515067774 12.45
1246 0.02834228068642767 12.46
1247 0.02826475081670458 12.47
1248 0.02815338761063723 12.48
1249 0.0280754303683954 12.49
1250 0.02799303432869451 12.5
1251 0.02788939684126608 12.51
1252 0.02781637263703843 12.52
1253 0.02774049188533319 12.53
1254 0.0276477507969452 12.54
1255 0.0275827556997033 12.55
1256 0.02749923631224348 12.56
1257 0.02743553957849306 12.57
1258 0.02736550675000712 12.58
1259 0.02728862833602452 12.59
1260 0.02723345920624292 12.6
1261 0.02715671990249759 12.61
1262 0.02709829429488993 12.62
1263 0.02701207349842927 12.63
1264 0.02694539888324709 12.64
1265 0.02684546320637585 12.65
1266 0.02677047227793933 12.66
1267 0.02665903810401444 12.67
1268 0.02655437467727649 12.68
1269 0.02645530226992866 12.69
1270 0.02638391016818648 12.7
1271 0.02628120782841893 12.71
1272 0.02618643140434061 12.72
1273 0.02609785508513329 12.73
1274 0.02603254403802834 12.74
1275 0.02593823151731227 12.75
1276 0.02587278678943279 12.76
1277 0.02578107791358602 12.77
1278 0.02571788966366324 12.78
1279 0.02562890254118112 12.79
1280 0.02556668121013251 12.8
1281 0.02547841156238999 12.81
1282 0.02541579332849503 12.82
1283 0.02534334149370156 12.83
1284 0.02524450001907474 12.84
1285 0.02517685424853319 12.85
1286 0.02510413444387934 12.86
1287 0.02500385113176162 12.87
1288 0.02493630592228105 12.88
1289 0.02486947668562541 12.89
1290 0.02479767606562673 12.9
1291 0.02469521990757793 12.91
1292 0.02462783372315131 12.92
1293 0.02455553430654431 12.93
1294 0.02447826283955677 12.94
1295 0.02436877569293657 12.95
1296 0.02429645631410789 12.96
1297 0.02421978054923181 12.97
1298 0.02413988128746818 12.98
1299 0.02405800178116532 12.99
1300 0.02397509640036591 13
1301 0.02386001998226251 13.01
1302 0.02378629549407787 13.02
1303 0.02371214327634155 13.03
1304 0.02363798352885102 13.04
1305 0.02356616124587032 13.05
1306 0.0234688191240071 13.06
1307 0.02340637480911649 13.07
1308 0.02334012682046666 13.08
1309 0.02326995066356797 13.09
1310 0.02317072526946537 13.1
1311 0.02310616595757512 13.11
1312 0.02303737993796005 13.12
1313 0.02294010704677717 13.13
1314 0.02287463580702497 13.14
1315 0.02278090703655944 13.15
1316 0.02271651284759925 13.16
1317 0.02262473759096228 13.17
1318 0.02256151433821917 13.18
1319 0.02247070596361803 13.19
1320 0.0224078958797943 13.2
1321 0.0223171280648632 13.21
1322 0.0222492968235801 13.22
1323 0.02217689926715445 13.23
1324 0.02207776410728491 13.24
1325 0.02201026085743996 13.25
1326 0.02191833038037608 13.26
1327 0.02185425200567956 13.27
1328 0.02176636412074653 13.28
1329 0.02170370391711622 13.29
1330 0.02161530001990931 13.3
1331 0.02155095540669994 13.31
1332 0.02146246612557797 13.32
1333 0.02139904879834753 13.33
1334 0.02130929953295987 13.34
1335 0.02124591885094397 13.35
1336 0.02116757323252515 13.36
1337 0.0211128958067503 13.37
1338 0.02102567104726065 13.38
1339 0.02097070763153244 13.39
1340 0.02088192709667109 13.4
1341 0.02082125315761305 13.41
1342 0.02072221361326186 13.42
1343 0.02065994045255757 13.43
1344 0.02059090214023492 13.44
1345 0.02048393705117166 13.45
1346 0.0204196436542595 13.46
1347 0.02035054819776379 13.47
1348 0.02024300231487591 13.48
1349 0.02018011351813684 13.49
1350 0.0201137471467065 13.5
1351 0.02004389647499972 13.51
1352 0.01993835903076681 13.52
1353 0.01987783234063103 13.53
1354 0.01981393578282569 13.54
1355 0.01971668180284428 13.55
1356 0.01966010872858904 13.56
1357 0.01960070757049041 13.57
1358 0.0195019242872574 13.58
1359 0.01944521791821388 13.59
1360 0.01938333374767024 13.6
1361 0.01931664926701228 13.61
1362 0.01921114296079189 13.62
1363 0.0191477088690034 13.63
1364 0.01908064053485978 13.64
1365 0.01901041236250103 13.65
1366 0.01890400468707697 13.66
1367 0.01884286635121857 13.67
1368 0.01877887896783956 13.68
1369 0.01868050278194304 13.69
1370 0.01862308916909122 13.7
1371 0.01856150062974181 13.71
1372 0.01846452016470436 13.72
1373 0.01840882791846873 13.73
1374 0.01834781046470158 13.74
1375 0.01824961261468708 13.75
1376 0.01819373142921948 13.76
1377 0.01813233955148807 13.77
1378 0.01803102681887995 13.78
1379 0.01797285572395975 13.79
1380 0.0179097481353899 13.8
1381 0.01778915686511882 13.81
1382 0.01771116593106894 13.82
1383 0.01763307308876284 13.83
1384 0.01753113532251619 13.84
1385 0.01746701714480199 13.85
1386 0.01740336978193506 13.86
1387 0.01733551130671113 13.87
1388 0.01729222754387729 13.88
1389 0.01722490370013999 13.89
1390 0.01717741317552577 13.9
1391 0.01710256036413702 13.91
1392 0.01705031697018732 13.92
1393 0.01696767402060565 13.93
1394 0.01691053717335663 13.94
1395 0.01682133809161034 13.95
1396 0.01676093184270586 13.96
1397 0.01666769810494578 13.97
1398 0.01660566537877071 13.98
1399 0.0165131783158976 13.99
1400 0.0164524713274856 14
1401 0.01636289505206679 14.01
1402 0.01630439167207353 14.02
1403 0.01621822224362163 14.03
1404 0.01616180643325216 14.04
1405 0.01607839176849398 14.05
1406 0.01602338005419577 14.06
1407 0.01594151080494838 14.07
1408 0.0158831739509817 14.08
1409 0.01579902045396714 14.09
1410 0.01574223426723213 14.1
1411 0.01566087330928842 14.11
1412 0.01560556957206486 14.12
1413 0.01552283623052353 14.13
1414 0.01546510696906701 14.14
1415 0.01538412774385601 14.15
1416 0.01532711192120598 14.16
1417 0.01524668368490903 14.17
1418 0.01519135353161181 14.18
1419 0.01510191397767748 14.19
1420 0.01503692874723157 14.2
1421 0.0149812161692192 14.21
1422 0.01494480634776727 14.22
1423 0.01487065338440032 14.23
1424 0.01480558309688647 14.24
1425 0.01472010325835927 14.25
1426 0.01463481384746827 14.26
1427 0.01453685751631129 14.27
1428 0.01446647826235467 14.28
1429 0.01438848399132975 14.29
1430 0.01432830837267449 14.3
1431 0.01426129850614984 14.31
1432 0.01420573037663456 14.32
1433 0.01414752678974448 14.33
1434 0.0140810911428525 14.34
1435 0.01402487023195502 14.35
1436 0.01395863536273307 14.36
1437 0.01390127724996066 14.37
1438 0.01383194615405185 14.38
1439 0.01377197053815486 14.39
1440 0.0136977302364932 14.4
1441 0.01363439482667604 14.41
1442 0.01355824744149003 14.42
1443 0.01349473041673387 14.43
1444 0.01341896907424546 14.44
1445 0.01335586219383442 14.45
1446 0.01328148568817854 14.46
1447 0.01321949530124463 14.47
1448 0.01314802533310785 14.48
1449 0.01306836323018875 14.49
1450 0.01300423639891232 14.5
1451 0.01293766813508142 14.51
1452 0.01290305990234334 14.52
1453 0.01287479343854914 14.53
1454 0.01283463592616655 14.54
1455 0.01278219908976261 14.55
1456 0.01269406934171965 14.56
1457 0.01263119737390089 14.57
1458 0.01255933074405032 14.58
1459 0.01248076594317042 14.59
1460 0.0123658898166966 14.6
1461 0.01229267113364151 14.61
1462 0.01221791645234455 14.62
1463 0.0121436720527733 14.63
1464 0.01204447453028148 14.64
1465 0.01198159731335177 14.65
1466 0.01192039934931303 14.66
1467 0.01184172970940329 14.67
1468 0.01179257862915571 14.68
1469 0.0117422429228636 14.69
1470 0.01167462540098769 14.7
1471 0.01162943884045363 14.71
1472 0.01158009035453832 14.72
1473 0.01151005934066774 14.73
1474 0.01146172622525123 14.74
1475 0.01139124203297043 14.75
1476 0.01134175623055952 14.76
1477 0.01126877517900488 14.77
1478 0.01122997632764401 14.78
1479 0.01116165374401186 14.79
1480 0.01111530693137092 14.8
1481 0.01103645993335457 14.81
1482 0.01098447935519146 14.82
1483 0.01089967937619243 14.83
1484 0.01084544176970382 14.84
1485 0.01075978923827271 14.85
1486 0.01070714768644011 14.86
1487 0.01062341531017618 14.87
1488 0.01057260511649107 14.88
1489 0.01048008071023789 14.89
1490 0.01042126317971336 14.9
1491 0.01034237682423197 14.91
1492 0.01029104366024321 14.92
1493 0.0102213625775237 14.93
1494 0.01017410837530966 14.94
1495 0.01009868747862401 14.95
1496 0.01004480440837682 14.96
1497 0.00997515345810932 14.97
1498 0.009924385833541957 14.98
1499 0.009860803647929272 14.99
1500 0.009814538323059131 15
1501 0.009752272056055052 15.01
1502 0.009703664809497586 15.02
1503 0.009650559073841859 15.03
1504 0.00957820333548141 15.04
1505 0.009526241112882085 15.05
1506 0.009469963550989956 15.06
1507 0.009393516417195127 15.07
1508 0.009339984787885558 15.08
1509 0.009282939666765654 15.09
1510 0.009212677361373775 15.1
1511 0.009163734198722902 15.11
1512 0.009110235233274514 15.12
1513 0.009034001219098496 15.13
1514 0.00898494908762798 15.14
1515 0.008930551529655729 15.15
1516 0.008854054983963447 15.16
1517 0.008803556032020389 15.17
1518 0.008748109519641537 15.18
1519 0.008666223359254838 15.19
1520 0.008613938267017035 15.2
1521 0.008558493490751244 15.21
1522 0.008500776404602495 15.22
1523 0.008419820688375185 15.23
1524 0.008368702995658011 15.24
1525 0.008315444094638453 15.25
1526 0.008258093980106618 15.26
1527 0.008177151743854243 15.27
1528 0.008123392780689367 15.28
1529 0.008065651588989942 15.29
1530 0.008010047838828917 15.3
1531 0.007954417968092353 15.31
1532 0.007879214064455471 15.32
1533 0.007824302989611384 15.33
1534 0.007768837300851097 15.34
1535 0.007712683879272054 15.35
1536 0.007641924168373056 15.36
1537 0.007592723033300687 15.37
1538 0.007541084601261971 15.38
1539 0.007474703195490338 15.39
1540 0.007426911398223816 15.4
1541 0.007375576247295113 15.41
1542 0.007309162929353749 15.42
1543 0.007261361276931057 15.43
1544 0.007211187440809541 15.44
1545 0.00714709897903766 15.45
1546 0.007097950172245768 15.46
1547 0.007035077542688488 15.47
1548 0.006992270546790192 15.48
1549 0.00693383724408483 15.49
1550 0.006888069232153146 15.5
1551 0.006821184420872476 15.51
1552 0.00677023319174045 15.52
1553 0.006703376853560835 15.53
1554 0.006652943845303309 15.54
1555 0.00658757286843272 15.55
1556 0.006538336568966201 15.56
1557 0.006474846700006379 15.57
1558 0.006426739849565891 15.58
1559 0.006372171623171926 15.59
1560 0.006335242217554278 15.6
1561 0.006273325294338494 15.61
1562 0.006231708244691929 15.62
1563 0.006162658395587123 15.63
1564 0.006117416562746898 15.64
1565 0.006044949090543863 15.65
1566 0.005998557583247816 15.66
1567 0.005925990045752554 15.67
1568 0.005877000822844884 15.68
1569 0.005804589236911592 15.69
1570 0.005758597641139251 15.7
1571 0.005692670551317431 15.71
1572 0.005650672175697092 15.72
1573 0.005586947527509155 15.73
1574 0.005546214300771967 15.74
1575 0.005485030976232041 15.75
1576 0.005443660011537243 15.76
1577 0.005380024639565087 15.77
1578 0.005338100307551734 15.78
1579 0.00527524568173769 15.79
1580 0.005233845549945428 15.8
1581 0.005170254003220368 15.81
1582 0.005128386903165714 15.82
1583 0.005063876026181192 15.83
1584 0.005021030026357397 15.84
1585 0.004952397425358551 15.85
1586 0.004906299375156271 15.86
1587 0.004844746294166168 15.87
1588 0.004802926113876618 15.88
1589 0.00474083955278307 15.89
1590 0.004698520882706083 15.9
1591 0.004636493756137523 15.91
1592 0.004594128458150136 15.92
1593 0.004531655136168348 15.93
1594 0.004488602256347034 15.94
1595 0.004440891077514442 15.95
1596 0.004372231755613142 15.96
1597 0.004326182222831328 15.97
1598 0.004275712070579109 15.98
1599 0.004206187647869768 15.99
1600 0.004159623959632643 16
1601 0.004110491636533374 16.01
1602 0.004042022789886078 16.02
1603 0.003995830935693913 16.03
1604 0.003948800083357999 16.04
1605 0.003900056439301184 16.05
1606 0.003836278990712844 16.06
1607 0.003793279736617704 16.07
1608 0.003750948889969041 16.08
1609 0.003718269439276821 16.09
1610 0.003679471501094858 16.1
1611 0.003613666468355622 16.11
1612 0.003572832858480486 16.12
1613 0.003526014441717762 16.13
1614 0.003474090917575234 16.14
1615 0.003394494754587619 16.15
1616 0.003347954106146211 16.16
1617 0.003298787593325604 16.17
1618 0.003247877647472374 16.18
1619 0.003173041680802245 16.19
1620 0.00313232721126538 16.2
1621 0.003090842727767507 16.21
1622 0.003029526566686518 16.22
1623 0.00299580935958003 16.23
1624 0.002959893666099487 16.24
1625 0.002904257524004629 16.25
1626 0.002874184035299914 16.26
1627 0.002822631936748109 16.27
1628 0.002787712403374061 16.28
1629 0.002731988504534791 16.29
1630 0.002696362206721052 16.3
1631 0.002637542198130029 16.31
1632 0.002598283874708031 16.32
1633 0.002535927944952328 16.33
1634 0.002496416272596873 16.34
1635 0.002434614659852084 16.35
1636 0.00239579399006585 16.36
1637 0.002335557105033617 16.37
1638 0.002297733790783127 16.38
1639 0.002239064961340265 16.39
1640 0.00220208574051908 16.4
1641 0.002144668488673581 16.41
1642 0.002109118706822477 16.42
1643 0.002052838230748321 16.43
1644 0.002019360362425744 16.44
1645 0.001963742484439941 16.45
1646 0.001928689598402666 16.46
1647 0.001871757730048299 16.47
1648 0.001836021848041591 16.48
1649 0.001778005735051003 16.49
1650 0.001743322823087488 16.5
1651 0.001685816718991973 16.51
1652 0.001651251471225127 16.52
1653 0.001590881234946326 16.53
1654 0.001553130581791051 16.54
1655 0.001494032008438568 16.55
1656 0.001457275138092281 16.56
1657 0.001399333631172408 16.57
1658 0.001368344398480642 16.58
1659 0.001315948197454063 16.59
1660 0.001284703719150189 16.6
1661 0.001230562402981475 16.61
1662 0.001197475612286631 16.62
1663 0.001156308929452995 16.63
1664 0.001090459263089546 16.64
1665 0.001050975005650161 16.65
1666 0.0009885221588642572 16.66
1667 0.0009513867028621679 16.67
1668 0.0009107961947627855 16.68
1669 0.0008475379899668511 16.69
1670 0.0008102558908066771 16.7
1671 0.0007698446391058533 16.71
1672 0.0007075861667053461 16.72
1673 0.0006713280653133321 16.73
1674 0.0006321982759833967 16.74
1675 0.0005702276007025093 16.75
1676 0.0005337663608004677 16.76
1677 0.0004947128603324566 16.77
1678 0.0004350591010832158 16.78
1679 0.0003991981836385549 16.79
1680 0.0003607077203515164 16.8
1681 0.0003035369611996476 16.81
1682 0.0002687909785313855 16.82
1683 0.0002246164124351994 16.83
1684 0.0001655944358944277 16.84
1685 0.0001282176924038651 16.85
1686 8.934706964837509e-05 16.86
1687 3.731907368439426e-05 16.87
1688 2.134253855452512e-05 16.88
1689 -1.470448977413352e-06 16.89
1690 -3.214966390977348e-05 16.9
1691 -9.071335557813466e-05 16.91
1692 -0.0001236513973781326 16.92
1693 -0.0001624771741984761 16.93
1694 -0.00020615199562079 16.94
1695 -0.0002785699045176678 16.95
1696 -0.0003164588995415118 16.96
1697 -0.0003566871988337808 16.97
1698 -0.0003992017167245432 16.98
1699 -0.0004669880355764725 16.99
1700 -0.0005013409902812974 17
1701 -0.0005372003594143581 17.01
1702 -0.0005745084040630281 17.02
1703 -0.0006340317177322704 17.03
1704 -0.0006635070457011101 17.04
1705 -0.0006951641891701986 17.05
1706 -0.0007482060121648983 17.06
1707 -0.0007759793405399527 17.07
1708 -0.000807110455698645 17.08
1709 -0.0008606869441038914 17.09
1710 -0.0008887508162473206 17.1
1711 -0.0009389730379636002 17.11
1712 -0.0009658479420577499 17.12
1713 -0.001015424812377276 17.13
1714 -0.001042576108921818 17.14
1715 -0.001093219428494751 17.15
1716 -0.001121342033408704 17.16
1717 -0.001173448487068854 17.17
1718 -0.001202410428033112 17.18
1719 -0.00125535297196806 17.19
1720 -0.001284620487728486 17.2
1721 -0.001337592541350413 17.21
1722 -0.001366762642388069 17.22
1723 -0.001419314486126194 17.23
1724 -0.001448692878298696 17.24
1725 -0.00148253999400802 17.25
1726 -0.001539769257175231 17.26
1727 -0.001570912932848869 17.27
1728 -0.001606277600048854 17.28
1729 -0.001664026102395546 17.29
1730 -0.001695797663192615 17.3
1731 -0.001729974324696963 17.31
1732 -0.001784778021975349 17.32
1733 -0.001814455016555112 17.33
1734 -0.001846965914799955 17.34
1735 -0.001881853820015658 17.35
1736 -0.001937905512620976 17.36
1737 -0.001966750943209268 17.37
1738 -0.001999088426317969 17.38
1739 -0.002034258575314936 17.39
1740 -0.002072027419538095 17.4
1741 -0.002131549268021444 17.41
1742 -0.00216349847751307 17.42
1743 -0.002197630045980453 17.43
1744 -0.002233988821409722 17.44
1745 -0.002274359323172304 17.45
1746 -0.002334765661964935 17.46
1747 -0.002367460901172998 17.47
1748 -0.002401827390772699 17.48
1749 -0.002438024444222213 17.49
1750 -0.002493719200562964 17.5
1751 -0.002524403625444623 17.51
1752 -0.00255739163924469 17.52
1753 -0.002609035966278817 17.53
1754 -0.00263783846261589 17.54
1755 -0.002669566526437445 17.55
1756 -0.002719936539752004 17.56
1757 -0.002748088521627522 17.57
1758 -0.002779463767025082 17.58
1759 -0.002830109436587305 17.59
1760 -0.002858632125735066 17.6
1761 -0.002890522512246612 17.61
1762 -0.002942052708949762 17.62
1763 -0.002971017819058743 17.63
1764 -0.003003137092246751 17.64
1765 -0.003054713518886076 17.65
1766 -0.003083396736338162 17.66
1767 -0.003114987153353844 17.67
1768 -0.003149863067139887 17.68
1769 -0.003208921566469683 17.69
1770 -0.003242913268587952 17.7
1771 -0.00327701965928167 17.71
1772 -0.003311153915113538 17.72
1773 -0.003357731422146828 17.73
1774 -0.003384561682176609 17.74
1775 -0.003412642711767487 17.75
1776 -0.003442219138402263 17.76
1777 -0.003484729639289996 17.77
1778 -0.00351054926821461 17.78
1779 -0.003539196640558694 17.79
1780 -0.003581961126518513 17.8
1781 -0.003608810079116292 17.81
1782 -0.003639178144060361 17.82
1783 -0.003684770467656503 17.83
1784 -0.003713467373049068 17.84
1785 -0.003745225912658868 17.85
1786 -0.003792215783176239 17.86
1787 -0.003821270338893787 17.87
1788 -0.003852864294504848 17.88
1789 -0.003898904262359442 17.89
1790 -0.00392695930534559 17.9
1791 -0.003957259071266976 17.91
1792 -0.004001050492164001 17.92
1793 -0.004027569825582509 17.93
1794 -0.004056079581274446 17.94
1795 -0.004098467462368152 17.95
1796 -0.004121487110569994 17.96
1797 -0.004148694929203954 17.97
1798 -0.004190539437030102 17.98
1799 -0.004216829472795365 17.99
1800 -0.004246674861192326 18
1801 -0.004292292301563922 18.01
1802 -0.0043210137073676 18.02
1803 -0.004352634046097704 18.03
1804 -0.004399024719279368 18.04
1805 -0.00442731107730255 18.05
1806 -0.004458021194019333 18.06
1807 -0.004503986044965761 18.07
1808 -0.004531547024812082 18.08
1809 -0.004561173980269524 18.09
1810 -0.004605327828511497 18.1
1811 -0.004631484989207941 18.11
1812 -0.00465988301441031 18.12
1813 -0.004702785685818589 18.13
1814 -0.0047285732893373 18.14
1815 -0.00475684807245378 18.15
1816 -0.004799850681293394 18.16
1817 -0.004825906767598656 18.17
1818 -0.00485460193635073 18.18
1819 -0.004898383155129159 18.19
1820 -0.004925088283540656 18.2
1821 -0.004954204937486862 18.21
1822 -0.004998701398070863 18.22
1823 -0.005025881143228705 18.23
1824 -0.005055676897374475 18.24
1825 -0.005101032471088596 18.25
1826 -0.005128728929657238 18.26
1827 -0.005158879856416382 18.27
1828 -0.005204443827340807 18.28
1829 -0.005233349947138737 18.29
1830 -0.005264129776882405 18.3
1831 -0.005306930817007574 18.31
1832 -0.005332172107038894 18.32
1833 -0.005356873412562838 18.33
1834 -0.00539924827099111 18.34
1835 -0.005423225926754937 18.35
1836 -0.005450581334207537 18.36
1837 -0.005496407820735752 18.37
1838 -0.005522108833343592 18.38
1839 -0.005565315138570771 18.39
1840 -0.005589472039266729 18.4
1841 -0.005630618650576984 18.41
1842 -0.005653694315625337 18.42
1843 -0.005693668847062067 18.43
1844 -0.005716226084511348 18.44
1845 -0.005742033259499508 18.45
1846 -0.00578579504586732 18.46
1847 -0.005811738916883281 18.47
1848 -0.005853836214260289 18.48
1849 -0.00587705198442391 18.49
1850 -0.005902607993221769 18.5
1851 -0.005944172086091474 18.51
1852 -0.005967124962462688 18.52
1853 -0.005992539584698128 18.53
1854 -0.006033747729781076 18.54
1855 -0.006056406287344743 18.55
1856 -0.006083716240307067 18.56
1857 -0.0061317247012594 18.57
1858 -0.006161639504592267 18.58
1859 -0.006192132175489338 18.59
1860 -0.006222665622505354 18.6
1861 -0.006261730923117143 18.61
1862 -0.006284971472738781 18.62
1863 -0.006308692954494559 18.63
1864 -0.006333134440934434 18.64
1865 -0.00635848455126586 18.65
1866 -0.006392167481522668 18.66
1867 -0.006413461452099269 18.67
1868 -0.006432567686621524 18.68
1869 -0.006454572493271831 18.69
1870 -0.006490116582769464 18.7
1871 -0.006513005617487386 18.71
1872 -0.006538979723761418 18.72
1873 -0.006577535581489331 18.73
1874 -0.00660190420923701 18.74
1875 -0.006628748621988825 18.75
1876 -0.006667692466738128 18.76
1877 -0.006696163983101943 18.77
1878 -0.006725546001906663 18.78
1879 -0.006762987488974121 18.79
1880 -0.006788141505053392 18.8
1881 -0.006814573345843661 18.81
1882 -0.006848614578473933 18.82
1883 -0.006872294089687643 18.83
1884 -0.006897870767498602 18.84
1885 -0.006915210222398162 18.85
1886 -0.006922857074179676 18.86
1887 -0.006939031112961126 18.87
1888 -0.006961435362405191 18.88
1889 -0.007007465566817334 18.89
1890 -0.007031313815849862 18.9
1891 -0.007059367689586514 18.91
1892 -0.007090980099512424 18.92
1893 -0.007146275004483089 18.93
1894 -0.007173568218427185 18.94
1895 -0.007198055496469878 18.95
1896 -0.007224958127383173 18.96
1897 -0.007274596929909509 18.97
1898 -0.007295902078173738 18.98
1899 -0.007318698301323414 18.99
1900 -0.007343025174605756 19
1901 -0.007368784433916116 19.01
1902 -0.007425179806107253 19.02
1903 -0.007453499170762857 19.03
1904 -0.007479371852045013 19.04
1905 -0.007503665053428719 19.05
1906 -0.00752719550389173 19.06
1907 -0.007562247640557112 19.07
1908 -0.007579727958519101 19.08
1909 -0.007598522633765269 19.09
1910 -0.007619203456438064 19.1
1911 -0.007642080702120252 19.11
1912 -0.007679705385780121 19.12
1913 -0.007700423199072629 19.13
1914 -0.007723660536563064 19.14
1915 -0.007749465847185727 19.15
1916 -0.007791631098963688 19.16
1917 -0.007815228077221513 19.17
1918 -0.007840915691619859 19.18
1919 -0.007883298821264798 19.19
1920 -0.007907779933410602 19.2
1921 -0.007933313077401027 19.21
1922 -0.007972227358700157 19.22
1923 -0.007994558349564126 19.23
1924 -0.008017737051130477 19.24
1925 -0.008052231089090494 19.25
1926 -0.008072026934537381 19.26
1927 -0.00810240451824156 19.27
1928 -0.008120397629874425 19.28
1929 -0.008149459217624808 19.29
1930 -0.00816745795725413 19.3
1931 -0.00819759412827974 19.31
1932 -0.00821668440947787 19.32
1933 -0.008238852689495466 19.33
1934 -0.008274873488590337 19.34
1935 -0.008299281900310825 19.35
1936 -0.008326115219214099 19.36
1937 -0.008370451146260272 19.37
1938 -0.008397283826507949 19.38
1939 -0.008423661860419006 19.39
1940 -0.008456996601455127 19.4
1941 -0.008465897227143245 19.41
1942 -0.008477889039892458 19.42
1943 -0.008501040895033868 19.43
1944 -0.008516530904988513 19.44
1945 -0.0085357694586124 19.45
1946 -0.008568161091553964 19.46
1947 -0.008588869025359989 19.47
1948 -0.00861247805368323 19.48
1949 -0.008647166047565345 19.49
1950 -0.008664819275358643 19.5
1951 -0.008685490809123571 19.51
1952 -0.008708918120737447 19.52
1953 -0.008749883058661881 19.53
1954 -0.008770184070753737 19.54
1955 -0.008792107218584403 19.55
1956 -0.008815532369147549 19.56
1957 -0.008854946971276985 19.57
1958 -0.008873729731018298 19.58
1959 -0.008893704028100035 19.59
1960 -0.008914998751339359 19.6
1961 -0.008947198934656488 19.61
1962 -0.008964804493549151 19.62
1963 -0.008984628274328253 19.63
1964 -0.009006361847599592 19.64
1965 -0.009041556992004823 19.65
1966 -0.009059745603293911 19.66
1967 -0.00907927897104446 19.67
1968 -0.00910023151803214 19.68
1969 -0.009134157823069625 19.69
1970 -0.009151738037256595 19.7
1971 -0.009170848992195986 19.71
1972 -0.009191586194609171 19.72
1973 -0.009225457284524452 19.73
1974 -0.009243103472887065 19.74
1975 -0.009262333628924179 19.75
1976 -0.009283185321981123 19.76
1977 -0.009317169089729464 19.77
1978 -0.009334897157869127 19.78
1979 -0.00935419852879131 19.79
1980 -0.009375115289148436 19.8
1981 -0.009397500912068471 19.81
1982 -0.00943315305313993 19.82
1983 -0.00945763673873316 19.83
1984 -0.009481397822720382 19.84
1985 -0.009504650827090011 19.85
1986 -0.009527599560239223 19.86
1987 -0.009550162988018593 19.87
1988 -0.00957265911531658 19.88
1989 -0.009602829217710624 19.89
1990 -0.009620512405461584 19.9
1991 -0.009638686901726416 19.91
1992 -0.009657747327507597 19.92
1993 -0.009677941000490211 19.93
1994 -0.009699303115011186 19.94
1995 -0.00972173888807858 19.95
1996 -0.00974497320604595 19.96
1997 -0.009774694064634578 19.97
1998 -0.009811072070049883 19.98
1999 -0.009830557053863039 19.99
2000 -0.009849257104566992 20
2001 -0.009867957192839108 20.01
2002 -0.009887252575262283 20.02
2003 -0.00990749229184309 20.03
2004 -0.009929075624943251 20.04
2005 -0.009958721503201729 20.05
2006 -0.009976676694942628 20.06
2007 -0.009996328388273433 20.07
2008 -0.01001788705842504 20.08
2009 -0.01004935793395763 20.09
2010 -0.01006942803181179 20.1
2011 -0.01009103103378825 20.11
2012 -0.01012191680157953 20.12
2013 -0.0101423982871071 20.13
2014 -0.01016360577661113 20.14
2015 -0.01019821006336498 20.15
2016 -0.01020916143270671 20.16
2017 -0.01022208098067402 20.17
2018 -0.01024598367024614 20.18
2019 -0.01025873208974363 20.19
2020 -0.0102744787299214 20.2
2021 -0.01030312901580246 20.21
2022 -0.01031863996493387 20.22
2023 -0.01033678393765816 20.23
2024 -0.01035727814439029 20.24
2025 -0.01039108338616674 20.25
2026 -0.01040850823137395 20.26
2027 -0.01042726360202147 20.27
2028 -0.01044737238030291 20.28
2029 -0.01047981927021539 20.29
2030 -0.0104961531418154 20.3
2031 -0.010513646826884 20.31
2032 -0.01053241692607275 20.32
2033 -0.01055242300992763 20.33
2034 -0.01058428254087355 20.34
2035 -0.01059988244714966 20.35
2036 -0.01061636103723201 20.36
2037 -0.01063389060611227 20.37
2038 -0.01065253957753988 20.38
2039 -0.01067218319818398 20.39
2040 -0.01070299471806548 20.4
2041 -0.01071754446439476 20.41
2042 -0.01073276954080448 20.42
2043 -0.01074849669817888 20.43
2044 -0.01076552650569732 20.44
2045 -0.0107938139836043 20.45
2046 -0.01080712382273486 20.46
2047 -0.0108218365302954 20.47
2048 -0.01083816519674514 20.48
2049 -0.01085612992591607 20.49
2050 -0.01088611903507169 20.5
2051 -0.0109004238948912 20.51
2052 -0.01091612678164418 20.52
2053 -0.0109333441753204 20.53
2054 -0.01095201163817737 20.54
2055 -0.0109826973187291 20.55
2056 -0.01099720329156017 20.56
2057 -0.01101280550689134 20.57
2058 -0.01102966376203865 20.58
2059 -0.01104717448309615 20.59
2060 -0.01107663073830962 20.6
2061 -0.01109000501980985 20.61
2062 -0.01110458133150566 20.62
2063 -0.0111205588265783 20.63
2064 -0.01113824905103193 20.64
2065 -0.01116782910069297 20.65
2066 -0.0111814723759985 20.66
2067 -0.01119633354795108 20.67
2068 -0.01121259885615231 20.68
2069 -0.01122954081555555 20.69
2070 -0.01125884116460962 20.7
2071 -0.01127200122131639 20.71
2072 -0.01128656286805015 20.72
2073 -0.01130117466871262 20.73
2074 -0.01131767643447449 20.74
2075 -0.01133589580108811 20.75
2076 -0.01136785259883498 20.76
2077 -0.01138163232877304 20.77
2078 -0.01139658780764868 20.78
2079 -0.01141289902596719 20.79
2080 -0.01143059608346805 20.8
2081 -0.01145090875673426 20.81
2082 -0.01148363859024396 20.82
2083 -0.01149792911933259 20.83
2084 -0.01151255492424364 20.84
2085 -0.01152791017403532 20.85
2086 -0.01154415731413202 20.86
2087 -0.01156126124941124 20.87
2088 -0.01157901852371219 20.88
2089 -0.01159746353547762 20.89
2090 -0.01161592374023336 20.9
2091 -0.01163417344089524 20.91
2092 -0.01165209036653687 20.92
2093 -0.01166965187235925 20.93
2094 -0.0116869190196672 20.94
2095 -0.01170400665772579 20.95
2096 -0.01172105513450947 20.96
2097 -0.01173820001281161 20.97
2098 -0.0117555519440625 20.98
2099 -0.01177317665018887 20.99
2100 -0.01179254984308613 21
2101 -0.01181188432579553 21.01
2102 -0.01183108092000651 21.02
2103 -0.01186015852916838 21.03
2104 -0.01187305316224209 21.04
2105 -0.0118863964184997 21.05
2106 -0.01190069896677146 21.06
2107 -0.01192503021546987 21.07
2108 -0.01193647247051241 21.08
2109 -0.01194962284100513 21.09
2110 -0.01196469164077141 21.1
2111 -0.01199090691765352 21.11
2112 -0.01200326176193725 21.12
2113 -0.01201721121694018 21.13
2114 -0.01203268028831066 21.14
2115 -0.01205872764120222 21.15
2116 -0.01207055106189302 21.16
2117 -0.01208364774139391 21.17
2118 -0.01209805745115129 21.18
2119 -0.01212244156097876 21.19
2120 -0.01213326125981919 21.2
2121 -0.01214546416414691 21.21
2122 -0.01215914248201162 21.22
2123 -0.01218276342290059 21.23
2124 -0.01218849511805619 21.24
2125 -0.01219670469750756 21.25
2126 -0.01220767229891706 21.26
2127 -0.01222137142220431 21.27
2128 -0.0122494134769188 21.28
2129 -0.01226119423697725 21.29
2130 -0.01227363386521282 21.3
2131 -0.01228824113080698 21.31
2132 -0.01230487928497536 21.32
2133 -0.0123363121817447 21.33
2134 -0.01234920366820202 21.34
2135 -0.01236305438738082 21.35
2136 -0.01237902070148152 21.36
2137 -0.01240718485801594 21.37
2138 -0.01241843807249077 21.38
2139 -0.01243015368339843 21.39
2140 -0.01244269906395417 21.4
2141 -0.01246658153037612 21.41
2142 -0.01247564724205165 21.42
2143 -0.01248577300116295 21.43
2144 -0.01249728159122157 21.44
2145 -0.01251023044364477 21.45
2146 -0.01253513227537931 21.46
2147 -0.01254483772063458 21.47
2148 -0.01255563293082547 21.48
2149 -0.01256781385772427 21.49
2150 -0.01258145941547992 21.5
2151 -0.01259527335648 21.51
2152 -0.01261043329693934 21.52
2153 -0.012626565268699 21.53
2154 -0.01264323028717051 21.54
2155 -0.01266010391092218 21.55
2156 -0.0126769199486331 21.56
2157 -0.0126900666946367 21.57
2158 -0.01270378566332719 21.58
2159 -0.01271819040251951 21.59
2160 -0.0127331467306354 21.6
2161 -0.01276531935649428 21.61
2162 -0.01279334773946125 21.62
2163 -0.01281690025396475 21.63
2164 -0.01283606737384605 21.64
2165 -0.01285127921401829 21.65
2166 -0.01286318114652777 21.66
2167 -0.01287252157940016 21.67
2168 -0.01288007170451077 21.68
2169 -0.01288657972082628 21.69
2170 -0.01290323710606107 21.7
2171 -0.01291803629546782 21.71
2172 -0.01293112053422194 21.72
2173 -0.01294265524146263 21.73
2174 -0.01295083950151289 21.74
2175 -0.01295874674481161 21.75
2176 -0.01296687318220608 21.76
2177 -0.01297565752550174 21.77
2178 -0.01298544013693496 21.78
2179 -0.01299644022618836 21.79
2180 -0.01300866038641407 21.8
2181 -0.01302217462402649 21.81
2182 -0.01303686342885537 21.82
2183 -0.01305252410329314 21.83
2184 -0.01306889249562512 21.84
2185 -0.01308567319934115 21.85
2186 -0.01310256421965064 21.86
2187 -0.01311928587247716 21.87
2188 -0.01313560349689805 21.88
2189 -0.01315134168452199 21.89
2190 -0.01316406748304948 21.9
2191 -0.01317685046975165 21.91
2192 -0.0131897591604579 21.92
2193 -0.01320291263509468 21.93
2194 -0.01321637890690778 21.94
2195 -0.01322738876831873 21.95
2196 -0.0132398425425304 21.96
2197 -0.01325328531304138 21.97
2198 -0.01326758435981728 21.98
2199 -0.01328054335502156 21.99
2200 -0.01329435836797067 22
2201 -0.01330908221218601 22.01
2202 -0.01332271228916346 22.02
2203 -0.01333694514584236 22.03
2204 -0.01335196717791687 22.04
2205 -0.01336580945427768 22.05
2206 -0.01338001448016968 22.06
2207 -0.01339480671211109 22.07
2208 -0.01340797785565503 22.08
2209 -0.01342157057968182 22.09
2210 -0.01343561241970088 22.1
2211 -0.01345214132290361 22.11
2212 -0.01346503636925281 22.12
2213 -0.01347885838648805 22.13
2214 -0.01349242329300381 22.14
2215 -0.01350560040998717 22.15
2216 -0.01351834870314221 22.16
2217 -0.01353066171017985 22.17
2218 -0.01354255487289858 22.18
2219 -0.01355405133886419 22.19
2220 -0.0135652023738114 22.2
2221 -0.0135760907828753 22.21
2222 -0.01358704222790088 22.22
2223 -0.0135979134112614 22.23
2224 -0.01360882520599817 22.24
2225 -0.0136198936129974 22.25
2226 -0.01363121206088625 22.26
2227 -0.01364284632376519 22.27
2228 -0.01365481382904923 22.28
2229 -0.01366708579963074 22.29
2230 -0.01367961013381866 22.3
2231 -0.01369231538651222 22.31
2232 -0.01370173271886289 22.32
2233 -0.01371326413424238 22.33
2234 -0.01372544789793652 22.34
2235 -0.01373828125510036 22.35
2236 -0.01374868673405532 22.36
2237 -0.01376123941300581 22.37
2238 -0.0137745896594932 22.38
2239 -0.01378852184529228 22.39
2240 -0.0137962327845139 22.4
2241 -0.01380463717685625 22.41
2242 -0.013813634257573 22.42
2243 -0.0138244574902718 22.43
2244 -0.01383682001437744 22.44
2245 -0.01385036504816333 22.45
2246 -0.01386472245771672 22.46
2247 -0.01387117375140688 22.47
2248 -0.01388047111275239 22.48
2249 -0.01389224184152945 22.49
2250 -0.01390590227270555 22.5
2251 -0.01392078579017602 22.51
2252 -0.01393626275448091 22.52
2253 -0.01395181066060306 22.53
2254 -0.01396704178230056 22.54
2255 -0.01398174439006646 22.55
2256 -0.01399573270894846 22.56
2257 -0.01400895867580663 22.57
2258 -0.01402143868146893 22.58
2259 -0.01403322760250568 22.59
2260 -0.01404441532318676 22.6
2261 -0.01405511550080618 22.61
2262 -0.01406608627910972 22.62
2263 -0.01407681580888267 22.63
2264 -0.01408730186835509 22.64
2265 -0.01409755860411689 22.65
2266 -0.014107644756169 22.66
2267 -0.0141176393772662 22.67
2268 -0.01412764032348121 22.68
2269 -0.01413773885331671 22.69
2270 -0.01414800962758081 22.7
2271 -0.0141585037355216 22.71
2272 -0.01416957112510365 22.72
2273 -0.01418117566380877 22.73
2274 -0.01419878923451728 22.74
2275 -0.01420645566943624 22.75
2276 -0.01421068803253377 22.76
2277 -0.01421713369487541 22.77
2278 -0.01422593138769981 22.78
2279 -0.01423690763964468 22.79
2280 -0.01424964350939041 22.8
2281 -0.01426346423937228 22.81
2282 -0.01427789863795925 22.82
2283 -0.01429241745408985 22.83
2284 -0.01430656546546289 22.84
2285 -0.01432002247944662 22.85
2286 -0.01433267614011364 22.86
2287 -0.01434438212007072 22.87
2288 -0.01435518016205608 22.88
2289 -0.01436517595710478 22.89
2290 -0.01437451626179233 22.9
2291 -0.01438336250263674 22.91
2292 -0.01439189271099294 22.92
2293 -0.01440027923471199 22.93
2294 -0.01441021426756103 22.94
2295 -0.01441993783157719 22.95
2296 -0.01442956195049491 22.96
2297 -0.01443920651273464 22.97
2298 -0.01444779551794779 22.98
2299 -0.01445697390667241 22.99
2300 -0.01446781630429059 23
2301 -0.01448079618945709 23.01
2302 -0.01449334012710033 23.02
2303 -0.01450546079828828 23.03
2304 -0.01451723972911394 23.04
2305 -0.01452878715267018 23.05
2306 -0.01454020667894287 23.06
2307 -0.0145515728086872 23.07
2308 -0.01456291944445046 23.08
2309 -0.01457246818955684 23.09
2310 -0.01458260129117906 23.1
2311 -0.01459325741836293 23.11
2312 -0.0146043105691971 23.12
2313 -0.0146155941304918 23.13
2314 -0.01462693123361715 23.14
2315 -0.01463815687703744 23.15
2316 -0.01464913620246248 23.16
2317 -0.01465977560234594 23.17
2318 -0.01467002578398649 23.18
2319 -0.01468200636401187 23.19
2320 -0.01469288550568937 23.2
2321 -0.01470271709285631 23.21
2322 -0.01471165310934735 23.22
2323 -0.01471991674547963 23.23
2324 -0.01472777434051024 23.24
2325 -0.01473549537755335 23.25
2326 -0.01474332044759845 23.26
2327 -0.01475144945237293 23.27
2328 -0.01475983630980636 23.28
2329 -0.01477320344128798 23.29
2330 -0.01477745050401676 23.3
2331 -0.01478846079009609 23.31
2332 -0.01479976165736906 23.32
2333 -0.01481258430310315 23.33
2334 -0.01482293306877549 23.34
2335 -0.01483403519302174 23.35
2336 -0.01484709929602068 23.36
2337 -0.01485768666470871 23.37
2338 -0.01486886481543402 23.38
2339 -0.01488138289206155 23.39
2340 -0.01489116656102225 23.4
2341 -0.01490118285362662 23.41
2342 -0.01491134950347928 23.42
2343 -0.0149215782215385 23.43
2344 -0.01492961736528933 23.44
2345 -0.01493782857038245 23.45
2346 -0.01494633647424993 23.46
2347 -0.01495503840234413 23.47
2348 -0.01496323307199404 23.48
2349 -0.0149702918084327 23.49
2350 -0.01497784100604563 23.5
2351 -0.01498610798449533 23.51
2352 -0.01499513327486408 23.52
2353 -0.0149956972394492 23.53
2354 -0.01500238967143427 23.54
2355 -0.01500705975371303 23.55
2356 -0.01501507258006854 23.56
2357 -0.01502599855322644 23.57
2358 -0.01503915146183228 23.58
2359 -0.01505538863593088 23.59
2360 -0.01507202167194949 23.6
2361 -0.01508825438130701 23.61
2362 -0.01510988896748014 23.62
2363 -0.01511956619733041 23.63
2364 -0.0151281777347611 23.64
2365 -0.01513617454986753 23.65
2366 -0.0151449281650849 23.66
2367 -0.01515317508536822 23.67
2368 -0.01516104826965041 23.68
2369 -0.01516864126276461 23.69
2370 -0.01517602567695683 23.7
2371 -0.0151832653453925 23.71
2372 -0.01519043687558217 23.72
2373 -0.01519934534970396 23.73
2374 -0.01520789347913221 23.74
2375 -0.01521614681911553 23.75
2376 -0.01522419442350699 23.76
2377 -0.01523215025325187 23.77
2378 -0.01524012489466501 23.78
2379 -0.01524822918935563 23.79
2380 -0.01525654858651119 23.8
2381 -0.01526528075137791 23.81
2382 -0.01527501121216088 23.82
2383 -0.01528496728394056 23.83
2384 -0.01529510547822355 23.84
2385 -0.01530536585220505 23.85
2386 -0.01531567025473399 23.86
2387 -0.01532592912813566 23.87
2388 -0.0153360495798935 23.88
2389 -0.01534594754144702 23.89
2390 -0.0153555505264667 23.9
2391 -0.01536479289311742 23.91
2392 -0.01537363267692284 23.92
2393 -0.01538254690584491 23.93
2394 -0.01539093701098714 23.94
2395 -0.01539885299853597 23.95
2396 -0.01540637606305443 23.96
2397 -0.01541360965876799 23.97
2398 -0.01542066159423602 23.98
2399 -0.01542763826611992 23.99
2400 -0.0154346411814462 24
2401 -0.01544176784645662 24.01
2402 -0.01544885180992903 24.02
2403 -0.01545625902051327 24.03
2404 -0.01546406051798349 24.04
2405 -0.01547522612249955 24.05
2406 -0.01548655797491351 24.06
2407 -0.01549775424621753 24.07
2408 -0.01550857847804833 24.08
2409 -0.01551887752643251 24.09
2410 -0.01552858757069974 24.1
2411 -0.01553552260560619 24.11
2412 -0.01553587154848765 24.12
2413 -0.01553811095120208 24.13
2414 -0.01554272691797061 24.14
2415 -0.01554988884854589 24.15
2416 -0.01555944606036874 24.16
2417 -0.01557097887322819 24.17
2418 -0.0155916118513688 24.18
2419 -0.0156003217660254 24.19
2420 -0.0156098975851002 24.2
2421 -0.01562026671367257 24.21
2422 -0.01563124508696909 24.22
2423 -0.01564253220928291 24.23
2424 -0.0156537463936151 24.24
2425 -0.01567102776057005 24.25
2426 -0.01567618926912714 24.26
2427 -0.01568078634047094 24.27
2428 -0.01568574843402704 24.28
2429 -0.01569136815459016 24.29
2430 -0.01569777268975272 24.3
2431 -0.01570490993422223 24.31
2432 -0.01571830770952013 24.32
2433 -0.015721781969858 24.33
2434 -0.01572637696008692 24.34
2435 -0.01573242066413347 24.35
2436 -0.01574587888254691 24.36
2437 -0.01575049558948502 24.37
2438 -0.01575701443512373 24.38
2439 -0.0157717561590774 24.39
2440 -0.01577747785550446 24.4
2441 -0.01579123204682335 24.41
2442 -0.01579656234627679 24.42
2443 -0.01580402759107472 24.43
2444 -0.0158200671310105 24.44
2445 -0.01583246957590095 24.45
2446 -0.01584520050431389 24.46
2447 -0.01585790639872912 24.47
2448 -0.01587063980077008 24.48
2449 -0.01587554653201681 24.49
2450 -0.01588064290693431 24.5
2451 -0.01588609089446501 24.51
2452 -0.01589196964575616 24.52
2453 -0.01589827862519824 24.53
2454 -0.01590776637971152 24.54
2455 -0.01591100918740424 24.55
2456 -0.01591516306167391 24.56
2457 -0.01592057287076692 24.57
2458 -0.01592739611936566 24.58
2459 -0.01593557893584152 24.59
2460 -0.01594487276641122 24.6
2461 -0.01595491117949102 24.61
2462 -0.01596529586526388 24.62
2463 -0.01597566979540703 24.63
2464 -0.01598575928852821 24.64
2465 -0.01599539240546967 24.65
2466 -0.0160044955531994 24.66
2467 -0.01601307577842217 24.67
2468 -0.01602119390470176 24.68
2469 -0.01602894368445883 24.69
2470 -0.01603642900016946 24.7
2471 -0.01604374928128735 24.71
2472 -0.01605099250106662 24.72
2473 -0.01606141612068935 24.73
2474 -0.01606511261739788 24.74
2475 -0.01606958863710375 24.75
2476 -0.01607526609190946 24.76
2477 -0.01608232945910976 24.77
2478 -0.01609072140136891 24.78
2479 -0.01610441744214259 24.79
2480 -0.01611072114276512 24.8
2481 -0.01611792255734825 24.81
2482 -0.0161260570093945 24.82
2483 -0.01613502223983076 24.83
2484 -0.01614890366469828 24.84
2485 -0.01615498547279396 24.85
2486 -0.01616167089813766 24.86
2487 -0.01616907003266561 24.87
2488 -0.016177158268042 24.88
2489 -0.01618963632343724 24.89
2490 -0.01619481439239401 24.9
2491 -0.01620061098246111 24.91
2492 -0.01620738342479389 24.92
2493 -0.01621864197592823 24.93
2494 -0.01622342679284828 24.94
2495 -0.01622929818646636 24.95
2496 -0.01623964212404162 24.96
2497 -0.01624416248778957 24.97
2498 -0.01625006421018285 24.98
2499 -0.01625736743512847 24.99
2500 -0.01626952637176683 25
2501 -0.01627506397174288 25.01
2502 -0.01628165851556242 25.02
2503 -0.01628927851219512 25.03
2504 -0.01630152054231877 25.04
2505 -0.0163068094064167 25.05
2506 -0.01631295433962393 25.06
2507 -0.01632002319458028 25.07
2508 -0.01632791415489057 25.08
2509 -0.01633944439192415 25.09
2510 -0.01634385104416029 25.1
2511 -0.01634907087711893 25.11
2512 -0.01635523833758516 25.12
2513 -0.01636233398551264 25.13
2514 -0.01637406816608385 25.14
2515 -0.01637863802868722 25.15
2516 -0.01638408790305929 25.16
2517 -0.01639057404588214 25.17
2518 -0.01639808624123575 25.18
2519 -0.01640647217846111 25.19
2520 -0.01641981718227064 25.2
2521 -0.01642518008103201 25.21
2522 -0.01643120094181067 25.22
2523 -0.01643808634389102 25.23
2524 -0.01644588357128795 25.24
2525 -0.01645449290038685 25.25
2526 -0.01646366337571534 25.26
2527 -0.0164730855104106 25.27
2528 -0.01648243836173934 25.28
2529 -0.01649147730771562 25.29
2530 -0.01650003160845655 25.3
2531 -0.01650804824101409 25.31
2532 -0.01651553892579487 25.32
2533 -0.0165226015003705 25.33
2534 -0.01652934797766869 25.34
2535 -0.01653592809080607 25.35
2536 -0.01654245653869549 25.36
2537 -0.01654905594727586 25.37
2538 -0.0165557884155178 25.38
2539 -0.01656271756012975 25.39
2540 -0.01656989977743353 25.4
2541 -0.01658081981363406 25.41
2542 -0.01658473707981035 25.42
2543 -0.01659109857818184 25.43
2544 -0.01659818714895099 25.44
2545 -0.01660939923258132 25.45
2546 -0.01661576433429528 25.46
2547 -0.01662551645954779 25.47
2548 -0.01663072007537407 25.48
2549 -0.01663948522676206 25.49
2550 -0.01664450771583705 25.5
2551 -0.0166529228552818 25.51
2552 -0.01665774062751823 25.52
2553 -0.01666446967829384 25.53
2554 -0.01667614409601064 25.54
2555 -0.01668235996676391 25.55
2556 -0.01668975629521808 25.56
2557 -0.01670131815958449 25.57
2558 -0.01670679910654664 25.58
2559 -0.01671308757018786 25.59
2560 -0.01672011291955689 25.6
2561 -0.01673050453942703 25.61
2562 -0.01673491089843657 25.62
2563 -0.01673999397963473 25.63
2564 -0.01674584217855007 25.64
2565 -0.01675488270673093 25.65
2566 -0.01675878015533344 25.66
2567 -0.01676388966723214 25.67
2568 -0.01677036153846354 25.68
2569 -0.01677815775389284 25.69
2570 -0.01678834004032168 25.7
2571 -0.01679303941268418 25.71
2572 -0.01679882134060648 25.72
2573 -0.01680575934512495 25.73
2574 -0.01681367327291852 25.74
2575 -0.01682606865512012 25.75
2576 -0.01683169918047765 25.76
2577 -0.01683814949732943 25.77
2578 -0.01684549219635767 25.78
2579 -0.01685734695667373 25.79
2580 -0.01686293642789006 25.8
2581 -0.01686954612009569 25.81
2582 -0.01687715733764125 25.82
2583 -0.01688566872501489 25.83
2584 -0.0168985063455101 25.84
2585 -0.01690417807625765 25.85
2586 -0.01691022650704155 25.86
2587 -0.01691678142491727 25.87
2588 -0.01692372972998372 25.88
2589 -0.01693097621397673 25.89
2590 -0.01693823571722469 25.9
2591 -0.01694533586259117 25.91
2592 -0.01695203538938296 25.92
2593 -0.01695829780125828 25.93
2594 -0.01696621547857623 25.94
2595 -0.01696826020003888 25.95
2596 -0.01697072804383398 25.96
2597 -0.01697525970571319 25.97
2598 -0.01698029497250001 25.98
2599 -0.01698647491272665 25.99
2600 -0.01699363275086273 26
2601 -0.01700157483479558 26.01
2602 -0.01700992754897804 26.02
2603 -0.01701844762852777 26.03
2604 -0.01702682837426793 26.04
2605 -0.01703496683420878 26.05
2606 -0.01704440481678263 26.06
2607 -0.01704704100776906 26.07
2608 -0.01705045658411216 26.08
2609 -0.01705516039158948 26.09
2610 -0.01706127981280748 26.1
2611 -0.01706881170730152 26.11
2612 -0.01707742053338705 26.12
2613 -0.01709169188365086 26.13
2614 -0.01709751324244561 26.14
2615 -0.01710390288704198 26.15
2616 -0.01710521991912119 26.16
2617 -0.01710845158970679 26.17
2618 -0.01711333721698004 26.18
2619 -0.01711959421601847 26.19
2620 -0.01712678251203044 26.2
2621 -0.01713462188125524 26.21
2622 -0.017142772780828 26.22
2623 -0.01715108532411777 26.23
2624 -0.01715933713100864 26.24
2625 -0.01716746935267876 26.25
2626 -0.01717532798486903 26.26
2627 -0.01718291087939842 26.27
2628 -0.01719011843739863 26.28
2629 -0.01719700397848723 26.29
2630 -0.01720352415246157 26.3
2631 -0.01720978656181536 26.31
2632 -0.01721579319121375 26.32
2633 -0.01722327047624879 26.33
2634 -0.01723025311738203 26.34
2635 -0.01723696978214069 26.35
2636 -0.01724333534786781 26.36
2637 -0.01724951196993917 26.37
2638 -0.01725552666935848 26.38
2639 -0.01726152350432389 26.39
2640 -0.01726753110190789 26.4
2641 -0.0172736479583419 26.41
2642 -0.01727986566254763 26.42
2643 -0.01728626772105191 26.43
2644 -0.01729278644934905 26.44
2645 -0.01729947092972776 26.45
2646 -0.01730623567899476 26.46
2647 -0.01731311699469886 26.47
2648 -0.01732002036994255 26.48
2649 -0.01732698061466282 26.49
2650 -0.01733390862805692 26.5
2651 -0.01734084704322237 26.51
2652 -0.01734771477609282 26.52
2653 -0.01735456501156574 26.53
2654 -0.01736132969324744 26.54
2655 -0.01736807108662422 26.55
2656 -0.01737472892009987 26.56
2657 -0.01738728876504388 26.57
2658 -0.01738962955165732 26.58
2659 -0.01739273298701011 26.59
2660 -0.01739694103550979 26.6
2661 -0.01740838631873848 26.61
2662 -0.01741118696718035 26.62
2663 -0.01741555644935129 26.63
2664 -0.01742143792192127 26.64
2665 -0.01742883378121315 26.65
2666 -0.01743703548579826 26.66
2667 -0.01745257533554699 26.67
2668 -0.01745673247369241 26.68
2669 -0.01746118051113863 26.69
2670 -0.01746607087651334 26.7
2671 -0.01747154662217615 26.71
2672 -0.01747747730810884 26.72
2673 -0.01748427481264855 26.73
2674 -0.01749116092277701 26.74
2675 -0.01749808757867247 26.75
2676 -0.01750490690651684 26.76
2677 -0.01751213083285293 26.77
2678 -0.01751841434846948 26.78
2679 -0.01752417252954951 26.79
2680 -0.01752966857257281 26.8
2681 -0.01753538149142458 26.81
2682 -0.01754104215513395 26.82
2683 -0.01754715538926957 26.83
2684 -0.01755367298217602 26.84
2685 -0.01756060984101979 26.85
2686 -0.01756780697519795 26.86
2687 -0.01757521733715023 26.87
2688 -0.01758265779104787 26.88
2689 -0.0175900852054727 26.89
2690 -0.0175973407947653 26.9
2691 -0.01760441889243968 26.91
2692 -0.01761120462356356 26.92
2693 -0.01761773925403142 26.93
2694 -0.01762394536609072 26.94
2695 -0.01762990377809954 26.95
2696 -0.01763558455425082 26.96
2697 -0.01763983273154941 26.97
2698 -0.01764418314937683 26.98
2699 -0.01764880386457799 26.99
2700 -0.01765370022007822 27
2701 -0.01765898758871974 27.01
2702 -0.01766461785056855 27.02
2703 -0.01767064950169184 27.03
2704 -0.01767698292971714 27.04
2705 -0.01768363237675045 27.05
2706 -0.01769046543314066 27.06
2707 -0.01769801720942976 27.07
2708 -0.01770551298833439 27.08
2709 -0.01771292493504751 27.09
2710 -0.01772151151414433 27.1
2711 -0.01772943609934727 27.11
2712 -0.01773665079440466 27.12
2713 -0.01774330341547734 27.13
2714 -0.0177494415008031 27.14
2715 -0.01775526760297305 27.15
2716 -0.0177608523775637 27.16
2717 -0.01776638651938261 27.17
2718 -0.01777189716286559 27.18
2719 -0.01777753468742602 27.19
2720 -0.01777958746615334 27.2
2721 -0.01778349313569951 27.21
2722 -0.0177888435065245 27.22
2723 -0.01779530418433297 27.23
2724 -0.01780238309916454 27.24
2725 -0.01780975807411447 27.25
2726 -0.0178170484948381 27.26
2727 -0.01782411181310021 27.27
2728 -0.01783076741812168 27.28
2729 -0.01783705570837601 27.29
2730 -0.01784294393929039 27.3
2731 -0.01784857692870444 27.31
2732 -0.01785397922847674 27.32
2733 -0.01785931403361618 27.33
2734 -0.01786460496563383 27.34
2735 -0.01787000175646116 27.35
2736 -0.01787549715196288 27.36
2737 -0.01788120230056743 27.37
2738 -0.01788753099391815 27.38
2739 -0.01789398110829077 27.39
2740 -0.01790046163578595 27.4
2741 -0.01790700746917874 27.41
2742 -0.0179135110845048 27.42
2743 -0.01792000272453961 27.43
2744 -0.01792637656799076 27.44
2745 -0.01793267395363126 27.45
2746 -0.01793880495206713 27.46
2747 -0.01794482850543856 27.47
2748 -0.01795068055721298 27.48
2749 -0.01795643992764574 27.49
2750 -0.01796204974391314 27.5
2751 -0.01796759275256393 27.51
2752 -0.01797301388060393 27.52
2753 -0.01797841191806669 27.53
2754 -0.01798374253417712 27.54
2755 -0.01798910486594804 27.55
2756 -0.01799445972057432 27.56
2757 -0.01799990969029328 27.57
2758 -0.01800541097010787 27.58
2759 -0.01801105226581158 27.59
2760 -0.0180167692470818 27.6
2761 -0.01802261958089771 27.61
2762 -0.01802852426109753 27.62
2763 -0.01803455943583311 27.63
2764 -0.01804065289364453 27.64
2765 -0.01804686523240446 27.65
2766 -0.01805310756636191 27.66
2767 -0.01805942792213647 27.67
2768 -0.01806573264518408 27.68
2769 -0.01807208673966309 27.69
2770 -0.0180784224579426 27.7
2771 -0.01808478971796354 27.71
2772 -0.01809110304530202 27.72
2773 -0.01809742330971039 27.73
2774 -0.01811028482568556 27.74
2775 -0.01811262634045984 27.75
2776 -0.01811544067338876 27.76
2777 -0.01811922542986048 27.77
2778 -0.01812409331835779 27.78
2779 -0.01813007055777744 27.79
2780 -0.01813686096859679 27.8
2781 -0.01814421773155807 27.81
2782 -0.01815173836688276 27.82
2783 -0.01815921123770332 27.83
2784 -0.01816635718558521 27.84
2785 -0.01817312768458205 27.85
2786 -0.01817940815914392 27.86
2787 -0.01818529351498577 27.87
2788 -0.0181907751668155 27.88
2789 -0.01819601728271098 27.89
2790 -0.01820108943930683 27.9
2791 -0.01820617225460488 27.91
2792 -0.0182112530982606 27.92
2793 -0.01821645146234682 27.93
2794 -0.01822176722268637 27.94
2795 -0.0182272594830848 27.95
2796 -0.01823290083529912 27.96
2797 -0.01823879110814763 27.97
2798 -0.0182448584410567 27.98
2799 -0.01825110311460685 27.99
2800 -0.01825742371183868 28
2801 -0.01826388595191123 28.01
2802 -0.01827040071522423 28.02
2803 -0.01827701367392958 28.03
2804 -0.0182836152735877 28.04
2805 -0.01829023780464875 28.05
2806 -0.01829678589538717 28.06
2807 -0.01830332868238222 28.07
2808 -0.01830980147045303 28.08
2809 -0.01831629215486143 28.09
2810 -0.01832273686081587 28.1
2811 -0.01832896923951832 28.11
2812 -0.01833514080540249 28.12
2813 -0.01834097043045189 28.13
2814 -0.01834682371136959 28.14
2815 -0.01835259513738391 28.15
2816 -0.01835837911860298 28.16
2817 -0.0183642338690533 28.17
2818 -0.01837006817428198 28.18
2819 -0.01837593808218678 28.19
2820 -0.01838175445423691 28.2
2821 -0.01838758079966181 28.21
2822 -0.0183933390755047 28.22
2823 -0.0183991067351882 28.23
2824 -0.01840481505711296 28.24
2825 -0.0184105563248628 28.25
2826 -0.01841628070288297 28.26
2827 -0.01842208534506716 28.27
2828 -0.01842791330000024 28.28
2829 -0.01843385158497505 28.29
2830 -0.01843983143192662 28.3
2831 -0.0184459253380026 28.31
2832 -0.01845203662350873 28.32
2833 -0.01845823259370596 28.33
2834 -0.01846443472324843 28.34
2835 -0.01847070616790912 28.35
2836 -0.01847694586790859 28.36
2837 -0.01848319162767205 28.37
2838 -0.01848932740111594 28.38
2839 -0.01849539230409798 28.39
2840 -0.01850128475623567 28.4
2841 -0.01850720181670239 28.41
2842 -0.01851292571085241 28.42
2843 -0.01851853527375801 28.43
2844 -0.01852397491950208 28.44
2845 -0.01852935070745648 28.45
2846 -0.01853462343372347 28.46
2847 -0.01853990683457209 28.47
2848 -0.01854516054201667 28.48
2849 -0.01855049050106392 28.49
2850 -0.01855584230594544 28.5
2851 -0.01856130447179134 28.51
2852 -0.01856700179301661 28.52
2853 -0.0185728013706109 28.53
2854 -0.01857860341267512 28.54
2855 -0.0185844556629529 28.55
2856 -0.01859025182620096 28.56
2857 -0.01859604183273554 28.57
2858 -0.01860173057575293 28.58
2859 -0.01860742998827692 28.59
2860 -0.018613003675174 28.6
2861 -0.01861853627079919 28.61
2862 -0.01862396985730053 28.62
2863 -0.01862940679417115 28.63
2864 -0.01863479837981778 28.64
2865 -0.01864025593903797 28.65
2866 -0.01864572189552898 28.66
2867 -0.01865128062680232 28.67
2868 -0.01865686098134911 28.68
2869 -0.01866253926417145 28.69
2870 -0.01866800322118112 28.7
2871 -0.0186735590891336 28.71
2872 -0.01867916014425441 28.72
2873 -0.01868485952733691 28.73
2874 -0.01869044924772455 28.74
2875 -0.01869612501130065 28.75
2876 -0.01870180345943424 28.76
2877 -0.01870755776968918 28.77
2878 -0.01871330474431815 28.78
2879 -0.01871911403735508 28.79
2880 -0.0187248948608139 28.8
2881 -0.01873070873347811 28.81
2882 -0.01873645988613783 28.82
2883 -0.01874220658855597 28.83
2884 -0.01874785118602378 28.84
2885 -0.01875345948041087 28.85
2886 -0.01875895352243305 28.86
2887 -0.01876442237098644 28.87
2888 -0.01876980515036919 28.88
2889 -0.01877519918824066 28.89
2890 -0.01878054883662959 28.9
2891 -0.01878595805462186 28.91
2892 -0.0187913760286449 28.92
2893 -0.01879690487387307 28.93
2894 -0.01880250073821428 28.94
2895 -0.01880785052979312 28.95
2896 -0.01881341242399141 28.96
2897 -0.01881928182561192 28.97
2898 -0.01882538028352892 28.98
2899 -0.01883176905606929 28.99
2900 -0.01883833479275604 29
2901 -0.01884510635962469 29.01
2902 -0.01885194717256133 29.02
2903 -0.01885887598894189 29.03
2904 -0.01886575395994166 29.04
2905 -0.01887260561837564 29.05
2906 -0.01887930544019693 29.06
2907 -0.01888589668561657 29.07
2908 -0.01889227841705176 29.08
2909 -0.01889852247390798 29.09
2910 -0.01890455550031615 29.1
2911 -0.01891047468040918 29.11
2912 -0.01891613274054202 29.12
2913 -0.01892175153505348 29.13
2914 -0.01892726570105378 29.14
2915 -0.01893277516488772 29.15
2916 -0.0189382295387672 29.16
2917 -0.01894476074990594 29.17
2918 -0.01895108049065392 29.18
2919 -0.01895728193964781 29.19
2920 -0.01896365206281593 29.2
2921 -0.01896987323399328 29.21
2922 -0.01897589548847237 29.22
2923 -0.01898205117339654 29.23
2924 -0.01898801452776616 29.24
2925 -0.01899389305911629 29.25
2926 -0.01899963495235412 29.26
2927 -0.01900534629834685 29.27
2928 -0.01901097260334137 29.28
2929 -0.01901661824961226 29.29
2930 -0.01902222494530754 29.3
2931 -0.01902789134073127 29.31
2932 -0.01903355110904321 29.32
2933 -0.01903929793505774 29.33
2934 -0.01904527187130911 29.34
2935 -0.01905131562767625 29.35
2936 -0.01905734631744719 29.36
2937 -0.01906343915878999 29.37
2938 -0.01906950321363878 29.38
2939 -0.01907560554256233 29.39
2940 -0.01908165131197192 29.4
2941 -0.01908770947653179 29.41
2942 -0.01909369039921547 29.42
2943 -0.01909967111707218 29.43
2944 -0.019105574617857 29.44
2945 -0.01911148942954353 29.45
2946 -0.01911734328702872 29.46
2947 -0.01912322214523688 29.47
2948 -0.01912904477851309 29.48
2949 -0.01913488902067447 29.49
2950 -0.0191406692068832 29.5
2951 -0.01914646087814894 29.51
2952 -0.01915217730634697 29.52
2953 -0.01915789813049978 29.53
2954 -0.01916354158773445 29.54
2955 -0.0191691926500085 29.55
2956 -0.01917477411645236 29.56
2957 -0.01918037248928626 29.57
2958 -0.01918591215798451 29.58
2959 -0.0191914817763322 29.59
2960 -0.01919294929772714 29.6
2961 -0.01919534396003857 29.61
2962 -0.01919887174507892 29.62
2963 -0.0192037174314048 29.63
2964 -0.01920973053256069 29.64
2965 -0.01921678659798986 29.65
2966 -0.01922451094666193 29.66
2967 -0.01923266374590584 29.67
2968 -0.01924170003774759 29.68
2969 -0.01925037787525968 29.69
2970 -0.01925841704183806 29.7
2971 -0.01926579271084209 29.71
2972 -0.01927269130342396 29.72
2973 -0.01927898881828407 29.73
2974 -0.01928484279317928 29.74
2975 -0.01929030307392627 29.75
2976 -0.01929541949959477 29.76
2977 -0.01930038042707515 29.77
2978 -0.01930518891910597 29.78
2979 -0.019310002328392 29.79
2980 -0.01931479914719538 29.8
2981 -0.01931971219417282 29.81
2982 -0.01932469643486645 29.82
2983 -0.01932985855287705 29.83
2984 -0.01933512990218938 29.84
2985 -0.01934059062616315 29.85
2986 -0.01934614979756345 29.86
2987 -0.01935188629963473 29.87
2988 -0.01935771250791116 29.88
2989 -0.01936369912961813 29.89
2990 -0.0193697556063173 29.9
2991 -0.01937595923747824 29.91
2992 -0.01938221655482813 29.92
2993 -0.01938859347721234 29.93
2994 -0.01939499835584419 29.94
2995 -0.01940149586473427 29.95
2996 -0.01940797883043855 29.96
2997 -0.01941449209185067 29.97
2998 -0.01942091859264696 29.98
2999 -0.01942731162922652 29.99
3000 -0.01943356560599074 30
