"x-force-rfile"
"Time Step" "x-force etc.."
("Time Step" "x-force" "flow-time")
0 2.423380700838948e-27 0
1 -46.8773339882402 0.01
2 -7.817477345786926 0.02
3 0.8338318027529645 0.03
4 3.061851985430977 0.04
5 2.996884152035946 0.05
6 -0.6878350237316544 0.06
7 -1.405243423303531 0.07000000000000001
8 -0.5956996185028451 0.08
9 0.2177015589222684 0.09
10 0.4524986134950471 0.1
11 0.2990404229965371 0.11
12 0.09018650452721122 0.12
13 -0.1205126660517049 0.13
14 -0.07205873480267422 0.14
15 -0.01267630006266807 0.15
16 0.03581229579550721 0.16
17 0.05505596512383854 0.17
18 0.02920831008877683 0.18
19 0.03244373466304764 0.19
20 0.0402213000501398 0.2
21 0.04411260089109698 0.21
22 0.04418482609986402 0.22
23 0.03259916110139988 0.23
24 0.01935384337565113 0.24
25 0.01293046092382727 0.25
26 0.01167496395822736 0.26
27 0.01841834281538984 0.27
28 0.02382428659969726 0.28
29 0.02601964476037141 0.29
30 0.02620765424993636 0.3
31 0.02461294740497369 0.31
32 0.02604716532082534 0.32
33 0.02283570954695801 0.33
34 0.02287916274834079 0.34
35 0.02372942380203277 0.35
36 0.02305780438301469 0.36
37 0.02175407735113921 0.37
38 0.0204336231230258 0.38
39 0.01919280727183399 0.39
40 0.01829206128878159 0.4
41 0.0175539850329707 0.41
42 0.01737190072864256 0.42
43 0.01756333402845724 0.43
44 0.01810898230428459 0.44
45 0.0189719773108841 0.45
46 0.01980131169970835 0.46
47 0.0201143528008776 0.47
48 0.01995076469177348 0.48
49 0.01944885306253344 0.49
50 0.01855325828195398 0.5
51 0.01789334144880941 0.51
52 0.01670970169725545 0.52
53 0.01635067397515022 0.53
54 0.01642166836651124 0.54
55 0.0163645592926434 0.55
56 0.01664824102561409 0.5600000000000001
57 0.01674723994241985 0.5700000000000001
58 0.01691204211475997 0.58
59 0.01721684427412976 0.59
60 0.01742816007689042 0.6
61 0.01754744713228704 0.61
62 0.0169261412137898 0.62
63 0.0169480360526697 0.63
64 0.01711378076572819 0.64
65 0.01736610169897987 0.65
66 0.01730506972310591 0.66
67 0.01674303920694692 0.67
68 0.01663280658761023 0.68
69 0.01660184270290695 0.6900000000000001
70 0.01659717029136644 0.7000000000000001
71 0.01661553188766908 0.71
72 0.01656910213701734 0.72
73 0.01642505052901743 0.73
74 0.01614404399676924 0.74
75 0.01562615736907884 0.75
76 0.0154859027713869 0.76
77 0.01552139884152003 0.77
78 0.01556054052124312 0.78
79 0.01557135076283781 0.79
80 0.01551423583109222 0.8
81 0.01543218581057261 0.8100000000000001
82 0.01534864700699598 0.8200000000000001
83 0.01530621618515317 0.8300000000000001
84 0.01524553044601245 0.84
85 0.01517960155752014 0.85
86 0.01514619929153432 0.86
87 0.01513824498231523 0.87
88 0.01512402258375171 0.88
89 0.01515513598625738 0.89
90 0.01516347469968775 0.9
91 0.01515271834684487 0.91
92 0.01513366358238728 0.92
93 0.01511511727121031 0.93
94 0.01511122050375811 0.9400000000000001
95 0.01512618648318317 0.9500000000000001
96 0.01515603183524049 0.96
97 0.01519672738958313 0.97
98 0.01523396093850883 0.98
99 0.01526410416676819 0.99
100 0.01527201147785771 1
101 0.01527859085517264 1.01
102 0.01527587818126151 1.02
103 0.01521709583372687 1.03
104 0.01512947280196126 1.04
105 0.01506362894776575 1.05
106 0.01504154912872579 1.06
107 0.01504202341766446 1.07
108 0.01502508254339473 1.08
109 0.0149836081483358 1.09
110 0.01495303035410653 1.1
111 0.01494232743787443 1.11
112 0.01494149105790061 1.12
113 0.01495232106262958 1.13
114 0.0149551696805876 1.14
115 0.01494657797356543 1.15
116 0.014928526805783 1.16
117 0.01490346205493241 1.17
118 0.01487967336582232 1.18
119 0.01485268720935199 1.19
120 0.01482813826364225 1.2
121 0.01480568910559067 1.21
122 0.01478792890195296 1.22
123 0.01477560690718412 1.23
124 0.01476751364130486 1.24
125 0.01475744147644313 1.25
126 0.01474663310671363 1.26
127 0.01473839208560782 1.27
128 0.01472672045735865 1.28
129 0.01471676835303987 1.29
130 0.01470686833085091 1.3
131 0.0146947274506825 1.31
132 0.01468416772709742 1.32
133 0.0146759354101761 1.33
134 0.01466947537306615 1.34
135 0.01466407982129653 1.35
136 0.01465556560093124 1.36
137 0.01464967286031611 1.37
138 0.01465112610327804 1.38
139 0.01464199656358278 1.39
140 0.01464412904863935 1.4
141 0.01464482304195752 1.41
142 0.01464598530227081 1.42
143 0.01464667571883017 1.43
144 0.01464729401237774 1.44
145 0.01464631368755557 1.45
146 0.0146463399178479 1.46
147 0.01464346149312866 1.47
148 0.01463811475094745 1.48
149 0.01463056199103169 1.49
150 0.01462111965041801 1.5
151 0.0146088240715358 1.51
152 0.01459908162715046 1.52
153 0.0145944482227682 1.53
154 0.01459214510453032 1.54
155 0.01458959273044134 1.55
156 0.01458499896848204 1.56
157 0.01457709590456707 1.57
158 0.01456187216910249 1.58
159 0.0145546564889991 1.59
160 0.01454315608432057 1.6
161 0.01452512017209658 1.61
162 0.01450579548388807 1.62
163 0.01448916989711954 1.63
164 0.01447387987093883 1.64
165 0.01446107682312291 1.65
166 0.01444791887203953 1.66
167 0.0144304797479492 1.67
168 0.01441091297005934 1.68
169 0.01439039603787031 1.69
170 0.01437523667670323 1.7
171 0.01435895322398266 1.71
172 0.01434042940863565 1.72
173 0.01432137858074786 1.73
174 0.01430227237216644 1.74
175 0.0142843787306933 1.75
176 0.01426659208979799 1.76
177 0.01424458381055518 1.77
178 0.0142192885217732 1.78
179 0.0141971852868909 1.79
180 0.01417819298725317 1.8
181 0.01416547339228434 1.81
182 0.01415374966322707 1.82
183 0.01414443469890234 1.83
184 0.01413472234232541 1.84
185 0.01412397935080101 1.85
186 0.01411434646797136 1.86
187 0.01410512813392661 1.87
188 0.01409411071489211 1.88
189 0.01408867024675243 1.89
190 0.01408515618692519 1.9
191 0.01407997273042988 1.91
192 0.01407726043719731 1.92
193 0.01407642123462627 1.93
194 0.01407654788874878 1.94
195 0.0140765362949876 1.95
196 0.01407817666114446 1.96
197 0.01408157696925087 1.97
198 0.01408310183577674 1.98
199 0.01408477649744212 1.99
200 0.01408488324514592 2
201 0.01408306137276377 2.01
202 0.01408251060419962 2.02
203 0.01408203017372348 2.03
204 0.01408121528566669 2.04
205 0.01408086716159799 2.05
206 0.01407998877988654 2.06
207 0.01407795268247839 2.07
208 0.01407405270749438 2.08
209 0.01406753766408714 2.09
210 0.01406245652013149 2.1
211 0.01405770372706242 2.11
212 0.01405409250870184 2.12
213 0.01404860464358739 2.13
214 0.01404108269395219 2.14
215 0.01403247549816712 2.15
216 0.01402357783487471 2.16
217 0.01401405932382054 2.17
218 0.01400355450579448 2.18
219 0.01399338733381095 2.19
220 0.01398334998940893 2.2
221 0.0139728850786409 2.21
222 0.01396239662358342 2.22
223 0.01395253506359339 2.23
224 0.01394047325017194 2.24
225 0.013930511777401 2.25
226 0.01392168080980855 2.26
227 0.01391168598558183 2.27
228 0.01390161311900688 2.28
229 0.01389179431369013 2.29
230 0.01388242696049617 2.3
231 0.01387342354365504 2.31
232 0.01386612076472078 2.32
233 0.01385815812521584 2.33
234 0.01385117519237449 2.34
235 0.01384380637664821 2.35
236 0.01383564825909487 2.36
237 0.01382788963157438 2.37
238 0.01382030763771759 2.38
239 0.01381246264752379 2.39
240 0.01380531662803615 2.4
241 0.01380053426207088 2.41
242 0.01379773930943014 2.42
243 0.01379694197197384 2.43
244 0.01379142136832329 2.44
245 0.01378539827750683 2.45
246 0.01377997414026124 2.46
247 0.01377492336549605 2.47
248 0.01377027374151701 2.48
249 0.01376715353125938 2.49
250 0.01376372340040002 2.5
251 0.01376058330251617 2.51
252 0.01375675705621613 2.52
253 0.01375317271312026 2.53
254 0.01375177162012784 2.54
255 0.01375165486040736 2.55
256 0.01375133868438062 2.56
257 0.01375026909044454 2.57
258 0.0137489841326096 2.58
259 0.0137461008893476 2.59
260 0.01374222936401952 2.6
261 0.01373910284744895 2.61
262 0.01373722365824034 2.62
263 0.01373510199763371 2.63
264 0.01373354425670587 2.64
265 0.01373222383295161 2.65
266 0.01373052420109893 2.66
267 0.01372905022201016 2.67
268 0.01372811591128696 2.68
269 0.01372643041775007 2.69
270 0.01372576078056431 2.7
271 0.01372414221817374 2.71
272 0.01372151178278785 2.72
273 0.01371875365472624 2.73
274 0.01371607556019816 2.74
275 0.01371352782179728 2.75
276 0.01371125461939025 2.76
277 0.01370892489572537 2.77
278 0.01370612222425678 2.78
279 0.01370300258350359 2.79
280 0.01369988522683033 2.8
281 0.01369719262862355 2.81
282 0.01369373333176733 2.82
283 0.01369196463635646 2.83
284 0.01369070675542483 2.84
285 0.01368919694922915 2.85
286 0.01368699554488612 2.86
287 0.01368382619689161 2.87
288 0.01367976564421677 2.88
289 0.01367497065652375 2.89
290 0.01367014801628259 2.9
291 0.01366274368031725 2.91
292 0.01365802662754432 2.92
293 0.01365664686954527 2.93
294 0.01365390221111293 2.94
295 0.01365073533923664 2.95
296 0.01364715121197658 2.96
297 0.01364349405431918 2.97
298 0.01363856644163218 2.98
299 0.01363362720023212 2.99
300 0.01362937690898931 3
301 0.0136267973626084 3.01
302 0.01362485267624348 3.02
303 0.01362342495504108 3.03
304 0.01362218349320042 3.04
305 0.01362149768591181 3.05
306 0.01362013204568251 3.06
307 0.01361852849603272 3.07
308 0.01361739603091956 3.08
309 0.01361662714288687 3.09
310 0.01361610614546807 3.1
311 0.01361687278616201 3.11
312 0.01361716256272658 3.12
313 0.01361540325869197 3.13
314 0.01361522027504259 3.14
315 0.01361610230569371 3.15
316 0.01361728964914491 3.16
317 0.01361909767100047 3.17
318 0.0136214943863101 3.18
319 0.0136233691102268 3.19
320 0.01362438612890227 3.2
321 0.01362443965235734 3.21
322 0.01362306567911449 3.22
323 0.0136218257707375 3.23
324 0.0136209419724057 3.24
325 0.01362002450587231 3.25
326 0.01361959080889612 3.26
327 0.01361898749647981 3.27
328 0.01361780077585666 3.28
329 0.01361744554027682 3.29
330 0.01361940784271118 3.3
331 0.01362047361011119 3.31
332 0.01362033086676917 3.32
333 0.01361728843712101 3.33
334 0.01361521682957994 3.34
335 0.01361389908498579 3.35
336 0.01361333942693485 3.36
337 0.01361305067189232 3.37
338 0.01361267429001215 3.38
339 0.01361204202033227 3.39
340 0.01361107722241276 3.4
341 0.01361042333887242 3.41
342 0.01360991010247864 3.42
343 0.01361001286511631 3.43
344 0.0136093535241156 3.44
345 0.01360759378027207 3.45
346 0.01360647580865614 3.46
347 0.01360573775754317 3.47
348 0.0136051408261937 3.48
349 0.01360483111654947 3.49
350 0.0136045088352346 3.5
351 0.01360400405011039 3.51
352 0.01360319544537454 3.52
353 0.01360222442388667 3.53
354 0.01360110134297602 3.54
355 0.01359952297705372 3.55
356 0.01359792950801886 3.56
357 0.01359559883469168 3.57
358 0.01359337795445254 3.58
359 0.01359140561832763 3.59
360 0.01358945381106397 3.6
361 0.01358786522739368 3.61
362 0.01358664457264715 3.62
363 0.01358568934060836 3.63
364 0.01358527876970698 3.64
365 0.01358525106161972 3.65
366 0.01358666605335199 3.66
367 0.01358786758566818 3.67
368 0.01358812968548064 3.68
369 0.0135876068289194 3.69
370 0.01358668576636852 3.7
371 0.01358579792247578 3.71
372 0.01358510712014576 3.72
373 0.01358479416795249 3.73
374 0.01358477393433071 3.74
375 0.01358470395566921 3.75
376 0.01358514149558666 3.76
377 0.01358456620789529 3.77
378 0.01358365863531097 3.78
379 0.01358217390592375 3.79
380 0.01358111708268491 3.8
381 0.01358066668185721 3.81
382 0.01358092093692616 3.82
383 0.0135824693733122 3.83
384 0.01358378817767877 3.84
385 0.01358472242609558 3.85
386 0.01358641874431621 3.86
387 0.0135880702559977 3.87
388 0.01358911701014379 3.88
389 0.01359026246009497 3.89
390 0.01359058096772791 3.9
391 0.01359020762849412 3.91
392 0.01358871496154945 3.92
393 0.01358757237332988 3.93
394 0.01358679062775336 3.94
395 0.01358600742055867 3.95
396 0.01358581837704909 3.96
397 0.01358567296143561 3.97
398 0.0135858197012551 3.98
399 0.01358607503263812 3.99
400 0.01358660492474903 4
401 0.01358702634945302 4.01
402 0.01358736371204868 4.02
403 0.01358741370015403 4.03
404 0.01358694579457807 4.04
405 0.01358646263719716 4.05
406 0.01358605383057124 4.06
407 0.01358542479725025 4.07
408 0.01358443108439209 4.08
409 0.01358347974471716 4.09
410 0.01358284478201349 4.1
411 0.01358205979391369 4.11
412 0.01358167815902093 4.12
413 0.01358153114854539 4.13
414 0.01358161762555239 4.14
415 0.01358102527873397 4.15
416 0.01358067492815518 4.16
417 0.01358029159208408 4.17
418 0.01358026481187992 4.18
419 0.01358048769159285 4.19
420 0.01358088974141934 4.2
421 0.01358106945834172 4.21
422 0.01358105612771125 4.22
423 0.01358087551264429 4.23
424 0.01358052434616483 4.24
425 0.01357998979221248 4.25
426 0.01357953372777798 4.26
427 0.01357924711349619 4.27
428 0.01357908315308734 4.28
429 0.01357880173622809 4.29
430 0.01357895381767187 4.3
431 0.01357866850408417 4.31
432 0.01357833025443823 4.32
433 0.01357792400513784 4.33
434 0.01357770537313457 4.34
435 0.01357776209443274 4.350000000000001
436 0.01357808379754043 4.36
437 0.01357858813423908 4.37
438 0.01357921021998573 4.38
439 0.01357975348692718 4.39
440 0.01358020840199757 4.4
441 0.01358080780295328 4.41
442 0.01358153833917156 4.42
443 0.01358218644039195 4.43
444 0.01358235442522429 4.44
445 0.01358257934109947 4.45
446 0.01358212555255199 4.46
447 0.01358166425711802 4.47
448 0.01358143062310808 4.48
449 0.01358143407903371 4.49
450 0.01358166931804734 4.5
451 0.01358256954831912 4.51
452 0.01358263042184643 4.52
453 0.01358282904798882 4.53
454 0.01358286228531064 4.54
455 0.01358292149978763 4.55
456 0.01357802002860847 4.56
457 0.0135737290812085 4.57
458 0.01357432701825447 4.58
459 0.01357853215247514 4.59
460 0.01359085086975089 4.600000000000001
461 0.01359792416514995 4.61
462 0.01359978110654115 4.62
463 0.01359800871099033 4.63
464 0.01359397350534208 4.64
465 0.0135891654206393 4.65
466 0.01358463985509267 4.66
467 0.01358208160341481 4.67
468 0.01358166342950686 4.68
469 0.01358259304365684 4.69
470 0.01358410999036281 4.7
471 0.01358560045992676 4.71
472 0.01358668895375973 4.72
473 0.01358710666446708 4.73
474 0.01358697471194086 4.74
475 0.01358648000946964 4.75
476 0.01358548860336612 4.76
477 0.01358480266261104 4.77
478 0.0135842834632953 4.78
479 0.0135838541280337 4.79
480 0.01358389447031707 4.8
481 0.01358437940589847 4.81
482 0.01358522285321619 4.82
483 0.01358588611605616 4.83
484 0.01358693203665462 4.84
485 0.01358169367135249 4.850000000000001
486 0.01357772037602241 4.86
487 0.01357661490857174 4.87
488 0.01357762289690674 4.88
489 0.01358012781077664 4.89
490 0.01358741946299892 4.9
491 0.01359286607948048 4.91
492 0.01360972241948599 4.92
493 0.01361467886998352 4.93
494 0.01361151921225851 4.94
495 0.0136042760385114 4.95
496 0.01359581658391362 4.96
497 0.01358863525794895 4.97
498 0.01358425897239314 4.98
499 0.01358333394240547 4.99
500 0.0135855338040854 5
501 0.01358916287315142 5.01
502 0.01359322233113276 5.02
503 0.01359686844995629 5.03
504 0.01359955805614494 5.04
505 0.01360066512597148 5.05
506 0.01360088526516819 5.06
507 0.01360034911785724 5.07
508 0.01359935889169299 5.08
509 0.01359875357913365 5.09
510 0.01359840107417828 5.100000000000001
511 0.01359798507994029 5.11
512 0.01359789088333538 5.12
513 0.01359753975182196 5.13
514 0.01359333039501698 5.14
515 0.01359193941782257 5.15
516 0.01359024893238448 5.16
517 0.01359051328060465 5.17
518 0.01359243932974719 5.18
519 0.01359558199389892 5.19
520 0.0135994051175478 5.2
521 0.01360253563948093 5.21
522 0.01360581077629826 5.22
523 0.01361307284271937 5.23
524 0.01361767495643226 5.24
525 0.01362493739987896 5.25
526 0.0136275219369309 5.26
527 0.01362603726336045 5.27
528 0.01361838123023209 5.28
529 0.01360937238591192 5.29
530 0.01360220825066815 5.3
531 0.01359846679086961 5.31
532 0.0135984157057421 5.32
533 0.01360182344567006 5.33
534 0.01360722142583506 5.34
535 0.01361298415837557 5.350000000000001
536 0.01361777241312459 5.36
537 0.01362098273630913 5.37
538 0.01362231293989686 5.38
539 0.0136216464164388 5.39
540 0.01361869086454151 5.4
541 0.01361618692156357 5.41
542 0.01361526881698811 5.42
543 0.0136138398594782 5.43
544 0.01361411692414439 5.44
545 0.01361525407805851 5.45
546 0.01361684789769419 5.46
547 0.013618493032826 5.47
548 0.0136198552440761 5.48
549 0.01362075863222959 5.49
550 0.01362109274393652 5.5
551 0.01361924739963621 5.51
552 0.01362016546141895 5.52
553 0.01361859247995511 5.53
554 0.01362069868551274 5.54
555 0.01362245345158586 5.55
556 0.01362394005985169 5.56
557 0.01362509191264336 5.57
558 0.01362960290629233 5.58
559 0.01363259890134975 5.59
560 0.01363287411347537 5.600000000000001
561 0.01363404724151642 5.61
562 0.01363409795172148 5.62
563 0.01363370003650376 5.63
564 0.01363198933781741 5.64
565 0.01363159534295736 5.65
566 0.01363032850104071 5.66
567 0.01363099042285537 5.67
568 0.0136310063764125 5.68
569 0.01363257043521417 5.69
570 0.01363454653036636 5.7
571 0.0136344868935383 5.71
572 0.01363551620020405 5.72
573 0.01363691216977929 5.73
574 0.01363839324150604 5.74
575 0.01363673930485911 5.75
576 0.01363655814543917 5.76
577 0.01364024020004788 5.77
578 0.0136396793671766 5.78
579 0.01364037363649316 5.79
580 0.01364149313572464 5.8
581 0.01364620165004005 5.81
582 0.01364901133038139 5.82
583 0.01365106833978221 5.83
584 0.0136514936172797 5.84
585 0.01365297285286814 5.850000000000001
586 0.01365130223167259 5.86
587 0.01365001928685037 5.87
588 0.01365023524817225 5.88
589 0.01365115551266534 5.89
590 0.01365262683009673 5.9
591 0.01365432594658465 5.91
592 0.01365607443433656 5.92
593 0.01365826459528917 5.93
594 0.01365976688542684 5.94
595 0.01365936268106931 5.95
596 0.01366174019663741 5.96
597 0.01366391280155043 5.97
598 0.01366398003600968 5.98
599 0.01366677416911121 5.99
600 0.01366738360268904 6
601 0.0136708082386433 6.01
602 0.01367146555985229 6.02
603 0.0136723294997203 6.03
604 0.01367509126271522 6.04
605 0.01367494246790477 6.05
606 0.01367596373115838 6.06
607 0.01367599634014022 6.07
608 0.01367533365759498 6.08
609 0.01367543440076882 6.09
610 0.01367345125302344 6.100000000000001
611 0.01367174709868362 6.11
612 0.0136711299684853 6.12
613 0.0136714674982998 6.13
614 0.01367267227960992 6.140000000000001
615 0.01367431549992518 6.15
616 0.01367588272041407 6.16
617 0.01367793515446316 6.17
618 0.01368029141869691 6.18
619 0.01368276604012337 6.19
620 0.01368520911931295 6.2
621 0.01368535265726416 6.21
622 0.01368855032077402 6.22
623 0.01369119552934347 6.23
624 0.01369118931937371 6.24
625 0.01369214263676595 6.25
626 0.01369349722507522 6.26
627 0.01369489668901995 6.27
628 0.01369619691691296 6.28
629 0.01369731785286449 6.29
630 0.01369817910716278 6.3
631 0.01369871511070359 6.31
632 0.0136991203846887 6.32
633 0.01370103784313267 6.33
634 0.01369991887016061 6.34
635 0.01369894037402857 6.350000000000001
636 0.01369991896423626 6.36
637 0.01369866765779482 6.37
638 0.01369841802149278 6.38
639 0.01369904182279538 6.390000000000001
640 0.01370037919799913 6.4
641 0.0137022720090572 6.41
642 0.01370454234957551 6.42
643 0.0137070305986222 6.43
644 0.01370961651974351 6.44
645 0.01371219642109513 6.45
646 0.01371433386494038 6.46
647 0.0137165327227397 6.47
648 0.01371883070420102 6.48
649 0.01372121076152503 6.49
650 0.01372381742196262 6.5
651 0.01372612805474149 6.51
652 0.01372813982041145 6.52
653 0.01373184218664438 6.53
654 0.01373208458258834 6.54
655 0.01373421745078149 6.55
656 0.01373533179457693 6.56
657 0.01373405522374401 6.57
658 0.01373482048464118 6.58
659 0.01373340722034712 6.59
660 0.01373422789811972 6.600000000000001
661 0.01373462701064557 6.61
662 0.01373306738877553 6.62
663 0.01373408030782201 6.63
664 0.01373329449234061 6.640000000000001
665 0.01373370750010884 6.65
666 0.01373477176213113 6.66
667 0.01373643672849061 6.67
668 0.01373830275158971 6.68
669 0.01374032372653978 6.69
670 0.01373965247389546 6.7
671 0.0137426507458699 6.71
672 0.01374237806845143 6.72
673 0.01374540536054876 6.73
674 0.01374494249686911 6.74
675 0.01374509738718952 6.75
676 0.0137457961087668 6.76
677 0.01374697086008249 6.77
678 0.01374860310348731 6.78
679 0.01375059556707272 6.79
680 0.0137530502800353 6.8
681 0.01375540379329746 6.81
682 0.01375447819162498 6.82
683 0.01375834098681712 6.83
684 0.01375831811795956 6.84
685 0.01376322274675348 6.850000000000001
686 0.01376381389993134 6.86
687 0.01376870392022919 6.87
688 0.01376905641221519 6.88
689 0.01377387719980461 6.890000000000001
690 0.01377399367537498 6.9
691 0.01377784358180283 6.91
692 0.01377733790383388 6.92
693 0.01378114316567917 6.93
694 0.01378044143584518 6.94
695 0.01378306360981396 6.95
696 0.01378513139837965 6.96
697 0.01378610314952264 6.97
698 0.01378573494757061 6.98
699 0.01378451830036662 6.99
700 0.01378370190054709 7
701 0.01378362777929994 7.01
702 0.01378388804974739 7.02
703 0.0137846139586426 7.03
704 0.01378573315537818 7.04
705 0.01378734645452706 7.05
706 0.01378979874003552 7.06
707 0.01379225484298584 7.07
708 0.01379727647063473 7.08
709 0.01379854092074629 7.09
710 0.01379990733526048 7.100000000000001
711 0.01380373492445271 7.11
712 0.01380402454610793 7.12
713 0.01380432065927658 7.13
714 0.01380477211882417 7.140000000000001
715 0.01380599655850104 7.15
716 0.01380723918816411 7.16
717 0.01380841104776139 7.17
718 0.0138093879836142 7.18
719 0.01381026978724491 7.19
720 0.01381107684234439 7.2
721 0.01381187933143239 7.21
722 0.01381275111535007 7.22
723 0.01381380953723093 7.23
724 0.01381268312866928 7.24
725 0.01381535205108222 7.25
726 0.01381533140873032 7.26
727 0.01381881121443073 7.27
728 0.01381874735452809 7.28
729 0.01382157090922013 7.29
730 0.0138207202947855 7.3
731 0.01382358086444045 7.31
732 0.01382307741223234 7.32
733 0.01382350064190673 7.33
734 0.01382815503081464 7.34
735 0.01382879589496063 7.350000000000001
736 0.01383000905545004 7.36
737 0.013831613156342 7.37
738 0.01383345942506127 7.38
739 0.01383542159363959 7.390000000000001
740 0.01384091719400857 7.4
741 0.01384143642145966 7.41
742 0.01384200086048075 7.42
743 0.01384584879252166 7.43
744 0.01384546227401198 7.44
745 0.01384847601817818 7.45
746 0.01384768952166177 7.46
747 0.01385060534733588 7.47
748 0.01384994392009463 7.48
749 0.01385287150573989 7.49
750 0.01385438141517703 7.5
751 0.01385554196904604 7.51
752 0.01385645807958969 7.52
753 0.01385722685259348 7.53
754 0.01385797576182658 7.54
755 0.01385868986209515 7.55
756 0.01385975790750889 7.56
757 0.01386099596721769 7.57
758 0.01386214357757281 7.58
759 0.01386320525881799 7.59
760 0.01386431037130685 7.600000000000001
761 0.01386278245125482 7.61
762 0.01386511728260752 7.62
763 0.01386433806609231 7.63
764 0.0138639584946496 7.640000000000001
765 0.01386454809968229 7.65
766 0.01386451699061978 7.66
767 0.0138657061064053 7.67
768 0.01386793022031599 7.68
769 0.01387064635713578 7.69
770 0.01387409647962193 7.7
771 0.01387714920297125 7.71
772 0.0138796714775781 7.72
773 0.01388547075603893 7.73
774 0.01388553944856958 7.74
775 0.01388851875606483 7.75
776 0.0138870359275704 7.76
777 0.01388874703832448 7.77
778 0.01388732170586526 7.78
779 0.01388980118405309 7.79
780 0.01389171966773659 7.8
781 0.01389322053915078 7.81
782 0.01389443117804122 7.82
783 0.0138926748785651 7.83
784 0.01389502908707614 7.84
785 0.01389713276213047 7.850000000000001
786 0.01389606262433376 7.86
787 0.01389921745960221 7.87
788 0.0138995305844862 7.88
789 0.01390349453334022 7.890000000000001
790 0.01390353828962314 7.9
791 0.01390350777387871 7.91
792 0.01390377742313088 7.92
793 0.01390442899392196 7.930000000000001
794 0.01390553569455988 7.94
795 0.01390707845433709 7.95
796 0.01390898287384266 7.96
797 0.01391118929201779 7.97
798 0.01391350712144466 7.98
799 0.01391580192993469 7.99
800 0.01391776306427591 8
801 0.01391991973721623 8.01
802 0.01392199590410922 8.02
803 0.01392381702450838 8.029999999999999
804 0.01392529738449944 8.040000000000001
805 0.01392641051058956 8.050000000000001
806 0.01392717279689261 8.06
807 0.01392764683949604 8.07
808 0.01392791622381049 8.08
809 0.0139280763580616 8.09
810 0.0139286462707319 8.1
811 0.01392909842294114 8.109999999999999
812 0.0139323965210006 8.120000000000001
813 0.01393168475932822 8.130000000000001
814 0.013933693363067 8.140000000000001
815 0.01393193513498652 8.15
816 0.01393346621736993 8.16
817 0.01393227878275847 8.17
818 0.01393496914006216 8.18
819 0.01393760668090033 8.19
820 0.01393698947549594 8.199999999999999
821 0.01394036670765579 8.210000000000001
822 0.01394309208616852 8.220000000000001
823 0.01394525193222753 8.23
824 0.01394694115771045 8.24
825 0.01394813265783449 8.25
826 0.01394618189851273 8.26
827 0.01394831231434122 8.27
828 0.01395014647192789 8.279999999999999
829 0.01394892391574491 8.290000000000001
830 0.01395187859317116 8.300000000000001
831 0.01395118401261804 8.31
832 0.0139546205873647 8.32
833 0.01395420212169708 8.33
834 0.01395458121851731 8.34
835 0.01395570105376773 8.35
836 0.01395727833386717 8.359999999999999
837 0.01395920902610864 8.370000000000001
838 0.0139613300474758 8.380000000000001
839 0.0139636307273443 8.390000000000001
840 0.01396484745649522 8.4
841 0.01396632691052873 8.41
842 0.01396795536715624 8.42
843 0.01396944332211439 8.43
844 0.01397089531530381 8.44
845 0.01397226507185809 8.449999999999999
846 0.01397354814491783 8.460000000000001
847 0.01397475530735773 8.470000000000001
848 0.01397590681975584 8.48
849 0.01397724251117681 8.49
850 0.01397870354512684 8.5
851 0.01398009505403603 8.51
852 0.01398091237837547 8.52
853 0.01398150304474859 8.529999999999999
854 0.01398197896875247 8.540000000000001
855 0.01398244705528863 8.550000000000001
856 0.01398294380584515 8.56
857 0.01398348954667933 8.57
858 0.01398398035253434 8.58
859 0.01398448229972242 8.59
860 0.01398857410717089 8.6
861 0.01398773742629852 8.609999999999999
862 0.01398707577197626 8.620000000000001
863 0.0139866656532221 8.630000000000001
864 0.01398662850715237 8.640000000000001
865 0.01399067107511963 8.65
866 0.01399053130623089 8.66
867 0.01399086144205604 8.67
868 0.01399153094079999 8.68
869 0.01399623585920085 8.69
870 0.01399635153322591 8.700000000000001
871 0.01399648706086789 8.710000000000001
872 0.01400082064653015 8.720000000000001
873 0.01400061965896695 8.73
874 0.01400093929745506 8.74
875 0.01400544995356002 8.75
876 0.01400530233922953 8.76
877 0.01400914810594877 8.77
878 0.01400845401902432 8.779999999999999
879 0.01401164010666003 8.790000000000001
880 0.01401057673268822 8.800000000000001
881 0.01401403599339044 8.81
882 0.01401330589180587 8.82
883 0.01401616620023916 8.83
884 0.01401510813321903 8.84
885 0.01401459634574808 8.85
886 0.01401464414105084 8.859999999999999
887 0.01401529552159663 8.870000000000001
888 0.01401647982362866 8.880000000000001
889 0.01401804369922342 8.890000000000001
890 0.01401980183771388 8.9
891 0.01402158035831884 8.91
892 0.01402324551319063 8.92
893 0.01402471858551513 8.93
894 0.01402596802106562 8.94
895 0.01402699826781324 8.950000000000001
896 0.01402783714912366 8.960000000000001
897 0.01402852188449833 8.970000000000001
898 0.01402909778711039 8.98
899 0.01402960705881 8.99
900 0.01403008734860656 9
901 0.01403044405717073 9.01
902 0.0140270807328507 9.02
903 0.01402902382327923 9.029999999999999
904 0.01402670443660787 9.040000000000001
905 0.01403010154928119 9.050000000000001
906 0.01402864522533382 9.06
907 0.01403343339976842 9.07
908 0.01403732096441037 9.08
909 0.01403584006610206 9.09
910 0.01403962053325254 9.1
911 0.01404241585766316 9.109999999999999
912 0.01404424461272652 9.120000000000001
913 0.01404526059378198 9.130000000000001
914 0.01404604642285049 9.140000000000001
915 0.01404636985664696 9.15
916 0.01404638751066566 9.16
917 0.01404611681773266 9.17
918 0.01404583178057647 9.18
919 0.01404560353077166 9.19
920 0.01404555672729402 9.200000000000001
921 0.01404577872422891 9.210000000000001
922 0.0140463285693768 9.220000000000001
923 0.01404723037863243 9.23
924 0.01404820860183607 9.24
925 0.01404959070833665 9.25
926 0.01405128557158987 9.26
927 0.0140530155897323 9.27
928 0.0140549271526029 9.279999999999999
929 0.01405691598225285 9.290000000000001
930 0.01406275477162392 9.300000000000001
931 0.01406316255689962 9.31
932 0.01406688596928862 9.32
933 0.01406585710473678 9.33
934 0.01406461129031131 9.34
935 0.01406366198403614 9.35
936 0.01406318217934867 9.359999999999999
937 0.01406328411266828 9.370000000000001
938 0.01406396230826529 9.380000000000001
939 0.01406511138582148 9.390000000000001
940 0.01406656653253361 9.4
941 0.01406814594772073 9.41
942 0.01407001364913304 9.42
943 0.01407166527526482 9.43
944 0.01407302765939056 9.44
945 0.01407404203559997 9.450000000000001
946 0.01407474983401125 9.460000000000001
947 0.01407509565542777 9.470000000000001
948 0.0140751169820944 9.48
949 0.01407527103914236 9.49
950 0.01407569678917278 9.5
951 0.01407635102012295 9.51
952 0.01407708941340255 9.52
953 0.01407395153521999 9.529999999999999
954 0.0140764026882317 9.540000000000001
955 0.01407871616564316 9.550000000000001
956 0.01407646535298335 9.56
957 0.01407998670214246 9.57
958 0.01408299773661124 9.58
959 0.01408523263173094 9.59
960 0.01408672919115676 9.6
961 0.01408747955860535 9.609999999999999
962 0.01408431519638313 9.620000000000001
963 0.01408584157564566 9.630000000000001
964 0.01408717616636202 9.640000000000001
965 0.01408454336989065 9.65
966 0.01408706700455895 9.66
967 0.01408938772752239 9.67
968 0.01408734229204226 9.68
969 0.01409053391407572 9.69
970 0.01409322456688446 9.700000000000001
971 0.01409532467685338 9.710000000000001
972 0.01409682510696011 9.720000000000001
973 0.01409777922871818 9.73
974 0.01409823750868662 9.74
975 0.01409835247044213 9.75
976 0.01409827398438875 9.76
977 0.01409815245008805 9.77
978 0.0140981359110531 9.779999999999999
979 0.0140982605375938 9.790000000000001
980 0.0140985722387718 9.800000000000001
981 0.01409907694593565 9.81
982 0.01409979664323182 9.82
983 0.01410066598072253 9.83
984 0.01410165836900335 9.84
985 0.01410275170049245 9.85
986 0.01410392722397572 9.859999999999999
987 0.01410516292779954 9.870000000000001
988 0.0141061770420713 9.880000000000001
989 0.01410728048261644 9.890000000000001
990 0.01410844240400082 9.9
991 0.01410960424118711 9.91
992 0.01411069732789988 9.92
993 0.01411167447101802 9.93
994 0.0141125783232639 9.94
995 0.01411341851084834 9.950000000000001
996 0.01411402786258136 9.960000000000001
997 0.01411460742984902 9.970000000000001
998 0.01411513812996885 9.98
999 0.01411558280778074 9.99
1000 0.01411591976815399 10
1001 0.0141162990432302 10.01
1002 0.01411675708188358 10.02
1003 0.01411731999802864 10.03
1004 0.01411799243445042 10.04
1005 0.01411875377408198 10.05
1006 0.0141195552252849 10.06
1007 0.01412034738102365 10.07
1008 0.01412110586302084 10.08
1009 0.01412186098402114 10.09
1010 0.01412249327553968 10.1
1011 0.01412307458145961 10.11
1012 0.01412363206506393 10.12
1013 0.01412419254587887 10.13
1014 0.01412477488100593 10.14
1015 0.01412170632764076 10.15
1016 0.01412379491858132 10.16
1017 0.01412158315551402 10.17
1018 0.01412513679226487 10.18
1019 0.01412373990992287 10.19
1020 0.01412821675465284 10.2
1021 0.01412721478400717 10.21
1022 0.01413192298853885 10.22
1023 0.01413199814460488 10.23
1024 0.01413661607158524 10.24
1025 0.01413587381468407 10.25
1026 0.01413849101285944 10.26
1027 0.01413618388993572 10.27
1028 0.01413884617606579 10.28
1029 0.01413670777102512 10.29
1030 0.01413975178002429 10.3
1031 0.01414197428651968 10.31
1032 0.0141396018607474 10.32
1033 0.01414249103309726 10.33
1034 0.01414461289615965 10.34
1035 0.0141459142206136 10.35
1036 0.01414645482835622 10.36
1037 0.01414640641300761 10.37
1038 0.01414611421384402 10.38
1039 0.01414564640591175 10.39
1040 0.01414522482169924 10.4
1041 0.01414499843056454 10.41
1042 0.01414517376721532 10.42
1043 0.01414561821907075 10.43
1044 0.01414630198851545 10.44
1045 0.01414694400790949 10.45
1046 0.01414778789828193 10.46
1047 0.01414877505500138 10.47
1048 0.01414985318407282 10.48
1049 0.01415098000195138 10.49
1050 0.01415226514255791 10.5
1051 0.01415347088726314 10.51
1052 0.01415457066894568 10.52
1053 0.0141564052356181 10.53
1054 0.01415777047176679 10.54
1055 0.01415869337735264 10.55
1056 0.01415923967217938 10.56
1057 0.01415928970069696 10.57
1058 0.01415626251111177 10.58
1059 0.01415740316475485 10.59
1060 0.01415859867901072 10.6
1061 0.01415978703791527 10.61
1062 0.01415735612339349 10.62
1063 0.01415973173308437 10.63
1064 0.01416170105280149 10.64
1065 0.01415961318739462 10.65
1066 0.0141622939349073 10.66
1067 0.01416055219696125 10.67
1068 0.01416363763892856 10.68
1069 0.01416168998815556 10.69
1070 0.01416464497384551 10.7
1071 0.01416287389214856 10.71
1072 0.0141660170587025 10.72
1073 0.01416436892031152 10.73
1074 0.01416761770643618 10.74
1075 0.01416602818210919 10.75
1076 0.01416935122873158 10.76
1077 0.01417187907403059 10.77
1078 0.01416988906919913 10.78
1079 0.01417261649244649 10.79
1080 0.01417471544976929 10.8
1081 0.01417626553519805 10.81
1082 0.01417375949842577 10.82
1083 0.01417584511700041 10.83
1084 0.01417709384583789 10.84
1085 0.01417825743129333 10.85
1086 0.01417935033660419 10.86
1087 0.01418038072129271 10.87
1088 0.01417758585616508 10.88
1089 0.01418014747023034 10.89
1090 0.0141822099260094 10.9
1091 0.01418387833250689 10.91
1092 0.01418514309133874 10.92
1093 0.01418601717534245 10.93
1094 0.01418651253091212 10.94
1095 0.01418672170456512 10.95
1096 0.01418682157971282 10.96
1097 0.01418682263812663 10.97
1098 0.01418665998099834 10.98
1099 0.01418654717790603 10.99
1100 0.01418652033269466 11
1101 0.01418364578919652 11.01
1102 0.01418554142823975 11.02
1103 0.01418721547332093 11.03
1104 0.01418506322795049 11.04
1105 0.01418784943277667 11.05
1106 0.01419017055647028 11.06
1107 0.01418829810507587 11.07
1108 0.01419127876015677 11.08
1109 0.01418964555132802 11.09
1110 0.01419299003864095 11.1
1111 0.01419156936936526 11.11
1112 0.01419519557465836 11.12
1113 0.01419390561907257 11.13
1114 0.01419761286150232 11.14
1115 0.01419632905492887 11.15
1116 0.01419995089639267 11.16
1117 0.01419856945721999 11.17
1118 0.01420197638475239 11.18
1119 0.01420043542969193 11.19
1120 0.01420357181387071 11.2
1121 0.01420186239858003 11.21
1122 0.01420469951858322 11.22
1123 0.01420240525777382 11.23
1124 0.01420473039035451 11.24
1125 0.01420257355517744 11.25
1126 0.01420519206516089 11.26
1127 0.01420357141950496 11.27
1128 0.01420679106302005 11.28
1129 0.0142045953831798 11.29
1130 0.01420693937931226 11.3
1131 0.01420476440557691 11.31
1132 0.01420774653988071 11.32
1133 0.01420592197771452 11.33
1134 0.01420956206590341 11.34
1135 0.01420804121649355 11.35
1136 0.01421107119498306 11.36
1137 0.01420927210804556 11.37
1138 0.01421280630891202 11.38
1139 0.01421549574509002 11.39
1140 0.01421304715895192 11.4
1141 0.01421576081817606 11.41
1142 0.01421763924577204 11.42
1143 0.01421487068100218 11.43
1144 0.01421725239589928 11.44
1145 0.01421899826218478 11.45
1146 0.01421640772652835 11.46
1147 0.01421926091732685 11.47
1148 0.01422143271811437 11.48
1149 0.01421909769586675 11.49
1150 0.01422182841355317 11.5
1151 0.01421985797965327 11.51
1152 0.01422287692958643 11.52
1153 0.01422109349984658 11.53
1154 0.01422435546619596 11.54
1155 0.01422272014191639 11.55
1156 0.0142257940587608 11.56
1157 0.01422389560785674 11.57
1158 0.01422705340056757 11.58
1159 0.01422554300896404 11.59
1160 0.0142289372524769 11.6
1161 0.01422729531120409 11.61
1162 0.01423040675589848 11.62
1163 0.01422855531320025 11.63
1164 0.01423132341166796 11.64
1165 0.01422926694929552 11.65
1166 0.01423184681477762 11.66
1167 0.01422962796357998 11.67
1168 0.01423301222445323 11.68
1169 0.01423163473119298 11.69
1170 0.01423039498303651 11.7
1171 0.01423402101063493 11.71
1172 0.01423278520393512 11.72
1173 0.01423636302362803 11.73
1174 0.01423503111192685 11.74
1175 0.01423422147887428 11.75
1176 0.0142382643811779 11.76
1177 0.0142371739767446 11.77
1178 0.01423658054374926 11.78
1179 0.01424090532589199 11.79
1180 0.01423996765867626 11.8
1181 0.01423945959087402 11.81
1182 0.01424374801290963 11.82
1183 0.01424264541215959 11.83
1184 0.01424678617907501 11.84
1185 0.01424577791423581 11.85
1186 0.01424781654773315 11.86
1187 0.01424555026268345 11.87
1188 0.01424619151089934 11.88
1189 0.01424334839678241 11.89
1190 0.01424374857320283 11.9
1191 0.01424110172141453 11.91
1192 0.01424196759885155 11.92
1193 0.01423970486045165 11.93
1194 0.01424161755509507 11.94
1195 0.01424001642216738 11.95
1196 0.01424302766267643 11.96
1197 0.01424560805326683 11.97
1198 0.01424439717193436 11.98
1199 0.01424729282328974 11.99
1200 0.01424611006446078 12
1201 0.01424901684566672 12.01
1202 0.01425120555251888 12.02
1203 0.01424961560581399 12.03
1204 0.01425190725894807 12.04
1205 0.01425035669920541 12.05
1206 0.014252856249549 12.06
1207 0.01425129644083088 12.07
1208 0.01425361694141083 12.08
1209 0.01425216043678133 12.09
1210 0.01425469548395101 12.1
1211 0.01425660583554571 12.11
1212 0.01425490104720245 12.12
1213 0.01425717881084311 12.13
1214 0.01425874136837885 12.14
1215 0.01425968813092012 12.15
1216 0.01425740098662504 12.16
1217 0.01425844959461683 12.17
1218 0.01425917817258675 12.18
1219 0.01425690794069816 12.19
1220 0.01425820408863291 12.2
1221 0.0142591964443878 12.21
1222 0.01425717602201555 12.22
1223 0.01425877091802396 12.23
1224 0.01425711328675683 12.24
1225 0.01425920469737262 12.25
1226 0.01425782689026418 12.26
1227 0.0142604476186927 12.27
1228 0.01425935151509235 12.28
1229 0.01425879779241659 12.29
1230 0.01426235397824446 12.3
1231 0.01426172456907212 12.31
1232 0.01426146941966416 12.32
1233 0.01426562080108439 12.33
1234 0.01426519426595175 12.34
1235 0.01426485258537726 12.35
1236 0.01426481153627885 12.36
1237 0.01426890273154495 12.37
1238 0.01426827854649568 12.38
1239 0.01426781068025632 12.39
1240 0.01426749396529841 12.4
1241 0.01427101436585132 12.41
1242 0.01426998210315598 12.42
1243 0.0142690872208559 12.43
1244 0.01426836998303957 12.44
1245 0.01427138966467851 12.45
1246 0.01427013337503884 12.46
1247 0.01426910342734696 12.47
1248 0.01427150075277214 12.48
1249 0.01427015161654193 12.49
1250 0.01426899166377368 12.5
1251 0.01427111070663913 12.51
1252 0.01426965137844682 12.52
1253 0.01426849430312518 12.53
1254 0.01427088799527552 12.54
1255 0.01426985316580131 12.55
1256 0.01427246210898083 12.56
1257 0.01427149830380792 12.57
1258 0.01427090690522813 12.58
1259 0.01427388032583555 12.59
1260 0.01427300143605696 12.6
1261 0.01427574414912852 12.61
1262 0.01427477014350672 12.62
1263 0.01427733507571473 12.63
1264 0.01427619437531104 12.64
1265 0.01427843426076227 12.65
1266 0.01427705404285248 12.66
1267 0.01427895360345431 12.67
1268 0.01428015664514177 12.68
1269 0.01428078124418929 12.69
1270 0.01427848005288836 12.7
1271 0.01427913705234836 12.71
1272 0.01427962046456151 12.72
1273 0.01428007130787698 12.73
1274 0.01427796094474149 12.74
1275 0.01427934328617829 12.75
1276 0.01427777115441707 12.76
1277 0.01427987376658644 12.77
1278 0.01427874857239637 12.78
1279 0.01428138844858133 12.79
1280 0.01428050228549226 12.8
1281 0.01428326070445978 12.81
1282 0.01428233046695824 12.82
1283 0.01428167160463264 12.83
1284 0.01428459006245223 12.84
1285 0.01428392975668977 12.85
1286 0.01428344582608935 12.86
1287 0.0142863992232449 12.87
1288 0.0142856578770749 12.88
1289 0.01428508111210233 12.89
1290 0.01428471621236181 12.9
1291 0.01428776407994469 12.91
1292 0.01428704761512298 12.92
1293 0.01428648341335284 12.93
1294 0.01428608064256351 12.94
1295 0.01428904306258982 12.95
1296 0.01428824986372428 12.96
1297 0.01428759994427906 12.97
1298 0.01428711373166171 12.98
1299 0.014286802740857 12.99
1300 0.01428667215124123 13
1301 0.0142900738833306 13.01
1302 0.01428931496533219 13.02
1303 0.01428880656995555 13.03
1304 0.01428858304595645 13.04
1305 0.01428837968134871 13.05
1306 0.01429169311835036 13.06
1307 0.01429091571494882 13.07
1308 0.01429023774852368 13.08
1309 0.01428968085891566 13.09
1310 0.01429242991917161 13.1
1311 0.01429131543196877 13.11
1312 0.01429040374197958 13.12
1313 0.01429292851323832 13.13
1314 0.01429176903459369 13.14
1315 0.01429384124811314 13.15
1316 0.01429259047557964 13.16
1317 0.01429458323756519 13.17
1318 0.01429312346567927 13.18
1319 0.01429488334848467 13.19
1320 0.01429332878364397 13.2
1321 0.01429501978982538 13.21
1322 0.01429319086333635 13.22
1323 0.01429178954915824 13.23
1324 0.01429401765967122 13.24
1325 0.01429278290752814 13.25
1326 0.01429514981577841 13.26
1327 0.01429390783787944 13.27
1328 0.01429614030293673 13.28
1329 0.01429476492033375 13.29
1330 0.01429676524283189 13.3
1331 0.01429526645381592 13.31
1332 0.01429698491606293 13.32
1333 0.01429528961602659 13.33
1334 0.01429694509707113 13.34
1335 0.01429530527132816 13.35
1336 0.01429742898515413 13.36
1337 0.01429617503913596 13.37
1338 0.01429836819690294 13.38
1339 0.01429733616775516 13.39
1340 0.0142996451251363 13.4
1341 0.01429831878896047 13.41
1342 0.0143003858416692 13.42
1343 0.01429900038697658 13.43
1344 0.01429794597388213 13.44
1345 0.01430041160144914 13.45
1346 0.0142993235901144 13.46
1347 0.01429851585716532 13.47
1348 0.01430107503003609 13.48
1349 0.01430003468934406 13.49
1350 0.01429924125325262 13.5
1351 0.01429868235677385 13.51
1352 0.01430155802908189 13.52
1353 0.01430068715820706 13.53
1354 0.01430002173433974 13.54
1355 0.01430263121459005 13.55
1356 0.01430169851917544 13.56
1357 0.01430080928206734 13.57
1358 0.01430291614709063 13.58
1359 0.01430161808241228 13.59
1360 0.01430056755955687 13.6
1361 0.01429978273990498 13.61
1362 0.01430237492347035 13.62
1363 0.01430127480263311 13.63
1364 0.01430051454974668 13.64
1365 0.01430003533992107 13.65
1366 0.01430312745188415 13.66
1367 0.01430241295476164 13.67
1368 0.01430189309716159 13.68
1369 0.01430478110868173 13.69
1370 0.0143038704077578 13.7
1371 0.01430309315152717 13.71
1372 0.01430555350158603 13.72
1373 0.01430463245034694 13.73
1374 0.01430382991669519 13.74
1375 0.01430607033933054 13.75
1376 0.01430492201088331 13.76
1377 0.01430398613050966 13.77
1378 0.0143061732729605 13.78
1379 0.01430492806447105 13.79
1380 0.01430394659382 13.8
1381 0.01430666082488065 13.81
1382 0.01430563697353424 13.82
1383 0.01430482082965623 13.83
1384 0.01430714763585171 13.84
1385 0.01430583288328872 13.85
1386 0.01430475875380244 13.86
1387 0.01430710617108877 13.87
1388 0.01430591083712767 13.88
1389 0.01430812207022778 13.89
1390 0.01430657861975842 13.9
1391 0.01430852141054723 13.91
1392 0.0143070082366565 13.92
1393 0.01430894391696247 13.93
1394 0.01430739166810665 13.94
1395 0.01430921324171009 13.95
1396 0.01430756825653832 13.96
1397 0.01430918785552699 13.97
1398 0.01430741214888176 13.98
1399 0.01430890906793187 13.99
1400 0.01430708306631256 14
1401 0.01430854625698738 14.01
1402 0.01430673539796851 14.02
1403 0.01430826377829343 14.03
1404 0.01430652628491441 14.04
1405 0.01430818935117022 14.05
1406 0.01430655512338507 14.06
1407 0.01430837473585915 14.07
1408 0.0143066851113955 14.08
1409 0.01430857047293338 14.09
1410 0.01430704153833194 14.1
1411 0.0143090772336611 14.11
1412 0.01430762743726151 14.12
1413 0.01430971995687182 14.13
1414 0.01430828786897071 14.14
1415 0.01431040330815701 14.15
1416 0.0143090612226164 14.16
1417 0.01431114781846621 14.17
1418 0.0143096384851831 14.18
1419 0.0143108573198063 14.19
1420 0.01430868856230914 14.2
1421 0.01430948995595824 14.21
1422 0.01430721429658302 14.22
1423 0.01430926890751755 14.23
1424 0.01430742191592703 14.24
1425 0.01431027369980569 14.25
1426 0.01431009867136443 14.26
1427 0.01431381572775661 14.27
1428 0.01431276127975638 14.28
1429 0.01431516211474446 14.29
1430 0.01431337009306691 14.3
1431 0.01431489789845048 14.31
1432 0.01431274635429251 14.32
1433 0.01431102452521791 14.33
1434 0.01431295599557344 14.34
1435 0.01431123875950655 14.35
1436 0.01431336934817239 14.36
1437 0.01431182177335441 14.37
1438 0.01431412083141047 14.38
1439 0.0143125977995215 14.39
1440 0.01431477438565323 14.4
1441 0.01431309506521788 14.41
1442 0.01431507293282792 14.42
1443 0.01431314423878561 14.43
1444 0.01431492085326837 14.44
1445 0.01431301459428943 14.45
1446 0.01431480435717513 14.46
1447 0.01431290874582667 14.47
1448 0.01431129976446046 14.48
1449 0.0143136810791877 14.49
1450 0.01431211548864546 14.5
1451 0.01431104900304771 14.51
1452 0.01431477008744458 14.52
1453 0.01431417539686178 14.53
1454 0.01431384945164681 14.54
1455 0.01431375689495764 14.55
1456 0.01431735039088419 14.56
1457 0.01431663813198774 14.57
1458 0.01431606273134387 14.58
1459 0.01431558973591286 14.59
1460 0.01431847488702812 14.6
1461 0.0143172408366154 14.61
1462 0.0143161070792055 14.62
1463 0.01431518313262607 14.63
1464 0.01431763879004671 14.64
1465 0.01431611660062391 14.65
1466 0.01431490912809154 14.66
1467 0.01431711190182211 14.67
1468 0.01431555274029319 14.68
1469 0.01431433879074778 14.69
1470 0.01431653094319636 14.7
1471 0.01431498863400258 14.71
1472 0.01431379920752515 14.72
1473 0.01431609451256494 14.73
1474 0.01431466586111457 14.74
1475 0.01431669109891914 14.75
1476 0.01431513391300848 14.76
1477 0.01431697861588665 14.77
1478 0.01431576952554188 14.78
1479 0.01431773580977791 14.79
1480 0.01431626341607417 14.8
1481 0.0143179040553414 14.81
1482 0.014316281306958 14.82
1483 0.01431778497364177 14.83
1484 0.01431613241018618 14.84
1485 0.01431766113001511 14.85
1486 0.01431613777453167 14.86
1487 0.01431791892761713 14.87
1488 0.01431650602829615 14.88
1489 0.014318433500833 14.89
1490 0.01431706950625204 14.9
1491 0.01431890015726195 14.91
1492 0.01431746006049459 14.92
1493 0.01431917877922154 14.93
1494 0.01431766229889847 14.94
1495 0.01431905939489462 14.95
1496 0.014317212072738 14.96
1497 0.01431847747129404 14.97
1498 0.01431649401840164 14.98
1499 0.01431776488596609 14.99
1500 0.01431596104730571 15
1501 0.01431737578778909 15.01
1502 0.01431555566592212 15.02
1503 0.01431429895963713 15.03
1504 0.01431662405874002 15.04
1505 0.01431550372713804 15.05
1506 0.0143148678769022 15.06
1507 0.01431791389858697 15.07
1508 0.01431712780283917 15.08
1509 0.01431667030269135 15.09
1510 0.01431984280244847 15.1
1511 0.01431912528040899 15.11
1512 0.01431870255707072 15.12
1513 0.01432168409559817 15.13
1514 0.01432107425147411 15.14
1515 0.01432059360370329 15.15
1516 0.01432321511849963 15.16
1517 0.01432209669911785 15.17
1518 0.01432100867240973 15.18
1519 0.01432254073010522 15.19
1520 0.01432084954878331 15.2
1521 0.01431935408110625 15.21
1522 0.01431808451547837 15.22
1523 0.01431977975564101 15.23
1524 0.01431832466867115 15.24
1525 0.01431729662269168 15.25
1526 0.01431669541519617 15.26
1527 0.01431940233744785 15.27
1528 0.01431851063970705 15.28
1529 0.0143179110191117 15.29
1530 0.01431748847281162 15.3
1531 0.01431709904049651 15.31
1532 0.01431930797329014 15.32
1533 0.01431816131720697 15.33
1534 0.01431713286083492 15.34
1535 0.01431625526463132 15.35
1536 0.01431809525324526 15.36
1537 0.01431697687666987 15.37
1538 0.0143161251049311 15.38
1539 0.01431809440981952 15.39
1540 0.01431709261301639 15.4
1541 0.0143163625642595 15.41
1542 0.01431849901671577 15.42
1543 0.01431761576796962 15.43
1544 0.01431677140595302 15.44
1545 0.01431913965799849 15.45
1546 0.01431811432460485 15.46
1547 0.01432019204091962 15.47
1548 0.01431922862382725 15.48
1549 0.01432108453373301 15.49
1550 0.01431972891869542 15.5
1551 0.01432088006373631 15.51
1552 0.01431914085184908 15.52
1553 0.01432011991176525 15.53
1554 0.01431835332379171 15.54
1555 0.01431940510140759 15.55
1556 0.01431774303044164 15.56
1557 0.01431899843432906 15.57
1558 0.01431747358944698 15.58
1559 0.01431875320677447 15.59
1560 0.01431732582891419 15.6
1561 0.01431872467906833 15.61
1562 0.01431738612720472 15.62
1563 0.01431879226918746 15.63
1564 0.01431746120123435 15.64
1565 0.01431885310842866 15.65
1566 0.01431750357358997 15.66
1567 0.01431884154638004 15.67
1568 0.01431736032202658 15.68
1569 0.01431857067031799 15.69
1570 0.01431708745720931 15.7
1571 0.01431828155874383 15.71
1572 0.01431681009415385 15.72
1573 0.01431801194347006 15.73
1574 0.01431650717137994 15.74
1575 0.01431778736650489 15.75
1576 0.01431631697475876 15.76
1577 0.01431750466548527 15.77
1578 0.01431601118904165 15.78
1579 0.01431744167592768 15.79
1580 0.01431614274024406 15.8
1581 0.0143174546455116 15.81
1582 0.01431606954340684 15.82
1583 0.01431728608058621 15.83
1584 0.01431588118343876 15.84
1585 0.01431696174048711 15.85
1586 0.01431548729086109 15.86
1587 0.01431677254408975 15.87
1588 0.01431556435182715 15.88
1589 0.01431692407779762 15.89
1590 0.01431564065380446 15.9
1591 0.01431686202316659 15.91
1592 0.01431546814655495 15.92
1593 0.0143165173574785 15.93
1594 0.01431502881139127 15.94
1595 0.01431382667295767 15.95
1596 0.01431517464284433 15.96
1597 0.01431389216330729 15.97
1598 0.01431281225649429 15.98
1599 0.01431454100548977 15.99
1600 0.01431348893538147 16
1601 0.01431268894881263 16.01
1602 0.01431443284703835 16.02
1603 0.01431333737663869 16.03
1604 0.01431236027765167 16.04
1605 0.01431162405955601 16.05
1606 0.01431361022714943 16.06
1607 0.0143126004313906 16.07
1608 0.01431200337391941 16.08
1609 0.01431159103675721 16.09
1610 0.01431123894397034 16.1
1611 0.0143134291454197 16.11
1612 0.0143125817316251 16.12
1613 0.01431189892367308 16.13
1614 0.0143113925344783 16.14
1615 0.01431347257331088 16.15
1616 0.01431263683057128 16.16
1617 0.0143120021327882 16.17
1618 0.01431156846329982 16.18
1619 0.01431379211122416 16.19
1620 0.01431307498015941 16.2
1621 0.01431252515937713 16.21
1622 0.01431445295133913 16.22
1623 0.01431346806858204 16.23
1624 0.01431256642408588 16.24
1625 0.01431388016596495 16.25
1626 0.01431266398581233 16.26
1627 0.01431345065297377 16.27
1628 0.01431159678319127 16.28
1629 0.01431185263071019 16.29
1630 0.01430992812293644 16.3
1631 0.01431012025139198 16.31
1632 0.01430826636287372 16.32
1633 0.01430871174841197 16.33
1634 0.01430710942007161 16.34
1635 0.014307964551088 16.35
1636 0.01430662264187629 16.36
1637 0.01430781548587137 16.37
1638 0.01430665264603896 16.38
1639 0.0143080320634785 16.39
1640 0.01430694944233545 16.4
1641 0.01430837527046557 16.41
1642 0.01430726294188398 16.42
1643 0.01430864758220447 16.43
1644 0.01430737220786913 16.44
1645 0.0143086148037255 16.45
1646 0.01430731494613511 16.46
1647 0.01430847483532418 16.47
1648 0.01430714054453832 16.48
1649 0.01430826189662035 16.49
1650 0.0143069740289884 16.5
1651 0.01430803068406087 16.51
1652 0.01430688665082352 16.52
1653 0.01430762658952578 16.53
1654 0.01430603024933092 16.54
1655 0.01430667406307952 16.55
1656 0.01430505867054361 16.56
1657 0.0143057914374624 16.57
1658 0.01430424314937997 16.58
1659 0.0143050784267559 16.59
1660 0.01430361826979844 16.6
1661 0.01430454623060666 16.61
1662 0.01430312629032958 16.62
1663 0.01430210258006908 16.63
1664 0.01430360855654882 16.64
1665 0.01430255241323713 16.65
1666 0.01430398597143209 16.66
1667 0.01430286818199396 16.67
1668 0.01430199730435481 16.68
1669 0.01430355413870674 16.69
1670 0.01430244173232677 16.7
1671 0.01430154118092714 16.71
1672 0.01430303699767608 16.72
1673 0.0143018979022768 16.73
1674 0.01430097101951402 16.74
1675 0.01430244363838405 16.75
1676 0.01430129550823069 16.76
1677 0.0143003326528913 16.77
1678 0.01430167032775357 16.78
1679 0.01430041516720861 16.79
1680 0.01429932767860464 16.8
1681 0.01430044946304932 16.81
1682 0.01429909795120454 16.82
1683 0.01429778510191669 16.83
1684 0.01429886735871903 16.84
1685 0.01429749330375812 16.85
1686 0.01429641947874607 16.86
1687 0.01429781636476772 16.87
1688 0.01429698325415278 16.88
1689 0.01429595755169897 16.89
1690 0.01429514289386701 16.9
1691 0.01429689817244544 16.91
1692 0.01429594953267862 16.92
1693 0.01429523341091388 16.93
1694 0.01429470303491665 16.94
1695 0.01429667148036416 16.95
1696 0.01429579189474628 16.96
1697 0.01429505996995196 16.97
1698 0.0142944471243358 16.98
1699 0.01429624374572112 16.99
1700 0.01429521974205602 17
1701 0.01429435371132168 17.01
1702 0.0142936397407916 17.02
1703 0.01429533765102115 17.03
1704 0.01429429060568255 17.04
1705 0.01429342391299864 17.05
1706 0.01429491524393429 17.06
1707 0.01429367236101637 17.07
1708 0.01429262697764693 17.08
1709 0.01429389753013677 17.09
1710 0.01429260701839653 17.1
1711 0.01429357712691926 17.11
1712 0.01429213114624939 17.12
1713 0.01429286958052873 17.13
1714 0.01429130819588695 17.14
1715 0.01429192865348549 17.15
1716 0.01429033421889148 17.16
1717 0.01429096925422602 17.17
1718 0.01428942290586152 17.18
1719 0.01429016679827807 17.19
1720 0.01428870596051941 17.2
1721 0.01428957518938818 17.21
1722 0.01428819003974605 17.22
1723 0.01428914425712977 17.23
1724 0.01428775707057913 17.24
1725 0.01428667692360724 17.25
1726 0.01428807053470148 17.26
1727 0.01428692745092139 17.27
1728 0.0142860361047004 17.28
1729 0.01428764809148952 17.29
1730 0.0142866615207732 17.3
1731 0.01428590822568419 17.31
1732 0.01428759907591257 17.32
1733 0.01428657661023289 17.33
1734 0.01428572279953048 17.34
1735 0.01428505368800081 17.35
1736 0.0142867593115752 17.36
1737 0.01428578556152053 17.37
1738 0.01428494150464985 17.38
1739 0.01428424221758887 17.39
1740 0.01428368047070255 17.4
1741 0.0142855566510408 17.41
1742 0.01428462674164803 17.42
1743 0.01428383289206919 17.43
1744 0.01428315303596347 17.44
1745 0.0142825961288496 17.45
1746 0.01428439623376054 17.46
1747 0.01428335409546251 17.47
1748 0.01428243135821137 17.48
1749 0.01428162011690787 17.49
1750 0.01428310179474138 17.5
1751 0.01428190477246315 17.51
1752 0.01428086831342834 17.52
1753 0.01428207709133535 17.53
1754 0.01428074659750248 17.54
1755 0.01427960837964013 17.55
1756 0.01428072470009984 17.56
1757 0.01427937425228527 17.57
1758 0.01427825501150352 17.58
1759 0.01427942494190529 17.59
1760 0.01427810878140419 17.6
1761 0.01427701098391891 17.61
1762 0.01427818343058258 17.62
1763 0.01427685668661013 17.63
1764 0.01427574250740658 17.64
1765 0.0142769045521206 17.65
1766 0.01427559545355382 17.66
1767 0.0142745222613668 17.67
1768 0.01427368341650281 17.68
1769 0.0142753255655711 17.69
1770 0.01427436319120468 17.7
1771 0.01427360325237638 17.71
1772 0.01427301698597465 17.72
1773 0.01427481428238087 17.73
1774 0.01427390402340328 17.74
1775 0.01427312628424753 17.75
1776 0.01427245134805731 17.76
1777 0.01427402128255692 17.77
1778 0.01427293477835243 17.78
1779 0.01427196804480874 17.79
1780 0.01427314616127477 17.8
1781 0.01427185092008813 17.81
1782 0.01427070989187139 17.82
1783 0.01427171357995078 17.83
1784 0.01427037160340086 17.84
1785 0.01426925448694852 17.85
1786 0.01427037295896693 17.86
1787 0.01426914756675837 17.87
1788 0.01426817269684063 17.88
1789 0.01426950414059848 17.89
1790 0.01426840746919746 17.9
1791 0.01426753910084289 17.91
1792 0.01426897275241788 17.92
1793 0.01426790944643487 17.93
1794 0.01426700475350809 17.94
1795 0.0142682506265715 17.95
1796 0.01426689372197192 17.96
1797 0.01426578302000591 17.97
1798 0.01426698004851617 17.98
1799 0.0142657875189301 17.99
1800 0.01426483921922774 18
1801 0.01426619235174281 18.01
1802 0.01426504566837491 18.02
1803 0.01426409275904999 18.03
1804 0.0142653885060979 18.04
1805 0.01426417683723594 18.05
1806 0.01426313785109209 18.06
1807 0.014264274571113 18.07
1808 0.01426298071884982 18.08
1809 0.01426188140568255 18.09
1810 0.01426297209229829 18.1
1811 0.0142616783385513 18.11
1812 0.01426061634854977 18.12
1813 0.01426180968752568 18.13
1814 0.0142606112231245 18.14
1815 0.01425965435358577 18.15
1816 0.01426099407847041 18.16
1817 0.01425988347987585 18.17
1818 0.01425899823539955 18.18
1819 0.01426040741859357 18.19
1820 0.01425932979805659 18.2
1821 0.01425847773368976 18.21
1822 0.01425988097884969 18.22
1823 0.01425880852360028 18.23
1824 0.01425792359556755 18.24
1825 0.01425926692502632 18.25
1826 0.01425816157118112 18.26
1827 0.01425724065756114 18.27
1828 0.0142585145813984 18.28
1829 0.01425746229419346 18.29
1830 0.01425655379358311 18.3
1831 0.01425764126832403 18.31
1832 0.01425640232310825 18.32
1833 0.01425547859175866 18.33
1834 0.01425655650011344 18.34
1835 0.01425536384912901 18.35
1836 0.01425431845672975 18.36
1837 0.01425523821662067 18.37
1838 0.01425397076436399 18.38
1839 0.01425462057432578 18.39
1840 0.01425321794529994 18.4
1841 0.01425370167613116 18.41
1842 0.01425221991008891 18.42
1843 0.01425263138456938 18.43
1844 0.01425113495285934 18.44
1845 0.01424989122066904 18.45
1846 0.014250644554513 18.46
1847 0.01424936987506118 18.47
1848 0.01425015547146538 18.48
1849 0.01424891191085008 18.49
1850 0.01424791562227459 18.5
1851 0.01424898089105852 18.51
1852 0.01424784937538754 18.52
1853 0.01424691953966721 18.53
1854 0.01424805791399135 18.54
1855 0.0142469343054935 18.55
1856 0.01424581104344472 18.56
1857 0.0142463169033065 18.57
1858 0.01424467774969197 18.58
1859 0.01424339921628893 18.59
1860 0.01424244968217307 18.6
1861 0.01424404020417114 18.61
1862 0.01424299458627445 18.62
1863 0.01424218458176809 18.63
1864 0.01424157063032745 18.64
1865 0.01424111898717415 18.65
1866 0.01424319334753093 18.66
1867 0.01424233830561487 18.67
1868 0.01424162110823244 18.68
1869 0.01424102326908386 18.69
1870 0.01424266851641613 18.7
1871 0.01424152969787295 18.71
1872 0.01424050890614961 18.72
1873 0.01424177661923549 18.73
1874 0.01424052674118408 18.74
1875 0.01423948481157366 18.75
1876 0.01424080789904048 18.76
1877 0.01423960372074604 18.77
1878 0.01423861314273491 18.78
1879 0.01424000604227537 18.79
1880 0.0142387981754359 18.8
1881 0.01423777313228137 18.81
1882 0.01423906306679311 18.82
1883 0.01423777318954582 18.83
1884 0.01423665544661361 18.84
1885 0.01423808329886617 18.85
1886 0.01423705644238963 18.86
1887 0.01423621285058949 18.87
1888 0.01423549895169164 18.88
1889 0.01423686412872358 18.89
1890 0.01423572975925739 18.9
1891 0.01423467015666749 18.91
1892 0.01423367486713331 18.92
1893 0.01423459993969974 18.93
1894 0.01423323310672582 18.94
1895 0.01423182289764402 18.95
1896 0.01423067248096642 18.96
1897 0.0142317919603809 18.97
1898 0.0142306175148165 18.98
1899 0.01422973307979323 18.99
1900 0.01422910850110522 19
1901 0.01422870842402467 19.01
1902 0.01423138947747337 19.02
1903 0.01423101794021858 19.03
1904 0.01423057983179844 19.04
1905 0.01423006390570858 19.05
1906 0.01422948585037006 19.06
1907 0.01423067101560365 19.07
1908 0.01422958966766935 19.08
1909 0.01422857326197325 19.09
1910 0.01422764320307031 19.1
1911 0.01422681930849736 19.11
1912 0.0142278552186396 19.12
1913 0.01422679626015017 19.13
1914 0.01422589052979439 19.14
1915 0.01422512141427893 19.15
1916 0.0142262202214486 19.16
1917 0.01422518000271696 19.17
1918 0.01422426791942587 19.18
1919 0.01422515089119536 19.19
1920 0.01422397982176448 19.2
1921 0.01422293265524912 19.21
1922 0.01422352271898991 19.22
1923 0.01422218866537991 19.23
1924 0.01422101902360776 19.24
1925 0.01422155868047839 19.25
1926 0.01422022268850292 19.26
1927 0.01422057555787836 19.27
1928 0.01421915714617042 19.28
1929 0.01421942019037754 19.29
1930 0.01421796767186808 19.3
1931 0.01421821424846062 19.31
1932 0.01421677624436197 19.32
1933 0.01421559797586073 19.33
1934 0.01421625181007186 19.34
1935 0.01421494542442094 19.35
1936 0.0142139108835126 19.36
1937 0.01421480629156837 19.37
1938 0.01421377472277977 19.38
1939 0.01421301746122005 19.39
1940 0.01421431156611242 19.4
1941 0.01421329130151444 19.41
1942 0.01421254792333449 19.42
1943 0.01421415792770466 19.43
1944 0.01421323086864913 19.44
1945 0.01421250866322594 19.45
1946 0.01421400394618802 19.46
1947 0.01421296442969679 19.47
1948 0.01421208702670794 19.48
1949 0.01421340694617301 19.49
1950 0.0142124718588957 19.5
1951 0.01421159833275874 19.51
1952 0.01421078584847806 19.52
1953 0.0142116699027217 19.53
1954 0.0142104966817832 19.54
1955 0.01420943044228732 19.55
1956 0.01420847802414368 19.56
1957 0.01420922837035292 19.57
1958 0.01420802506798328 19.58
1959 0.01420697471008534 19.59
1960 0.01420607546683557 19.6
1961 0.01420602121170562 19.61
1962 0.01420398600200236 19.62
1963 0.01420252645421055 19.63
1964 0.0142015936166208 19.64
1965 0.01420361468752582 19.65
1966 0.01420267055459824 19.66
1967 0.01420205292453093 19.67
1968 0.01420168529156897 19.68
1969 0.01420411466474054 19.69
1970 0.01420321649397223 19.7
1971 0.0142024453766606 19.71
1972 0.01420178102718073 19.72
1973 0.01420364667125504 19.73
1974 0.01420238901876447 19.74
1975 0.01420127268213819 19.75
1976 0.0142003087202923 19.76
1977 0.01420182999556559 19.77
1978 0.01420044089436934 19.78
1979 0.01419926967402387 19.79
1980 0.01419831599516897 19.8
1981 0.01419756736863489 19.81
1982 0.01419942174662078 19.82
1983 0.01419860457585296 19.83
1984 0.01419785390631113 19.84
1985 0.01419716622185173 19.85
1986 0.01419653835985623 19.86
1987 0.01419595796769213 19.87
1988 0.0141954417998364 19.88
1989 0.01419721861860599 19.89
1990 0.01419612930858261 19.9
1991 0.01419514058236042 19.91
1992 0.01419425779538523 19.92
1993 0.01419348199254567 19.93
1994 0.01419281757123012 19.94
1995 0.01419225172217706 19.95
1996 0.01419177828876658 19.96
1997 0.01419161053447258 19.97
1998 0.01419344682648337 19.98
1999 0.01419257984383427 19.99
2000 0.01419173753136174 20
2001 0.01419092364562138 20.01
2002 0.01419014404462718 20.02
2003 0.0141894093228043 20.03
2004 0.01418876947039997 20.04
2005 0.01419005851239613 20.05
2006 0.01418896993934408 20.06
2007 0.01418800791640209 20.07
2008 0.01418715772156594 20.08
2009 0.01418838638883905 20.09
2010 0.01418728615713189 20.1
2011 0.01418637111745756 20.11
2012 0.01418751736558442 20.12
2013 0.01418640185698062 20.13
2014 0.01418545496707214 20.14
2015 0.01418709217771082 20.15
2016 0.01418631739034861 20.16
2017 0.01418546856309851 20.17
2018 0.01418602584947391 20.18
2019 0.01418473921360647 20.19
2020 0.01418351180136896 20.2
2021 0.01418372937131982 20.21
2022 0.01418235951513716 20.22
2023 0.01418116358287421 20.23
2024 0.01418015119456614 20.24
2025 0.01418078660623558 20.25
2026 0.01417970730839623 20.26
2027 0.01417880261641254 20.27
2028 0.01417805339845751 20.28
2029 0.01417899146607554 20.29
2030 0.01417804155825979 20.3
2031 0.01417719857909558 20.31
2032 0.01417645166429343 20.32
2033 0.01417579193381546 20.33
2034 0.01417678380913442 20.34
2035 0.01417584982807729 20.35
2036 0.01417500732381353 20.36
2037 0.01417425479089519 20.37
2038 0.01417358951327157 20.38
2039 0.01417300860154505 20.39
2040 0.01417410843370074 20.4
2041 0.01417324905757021 20.41
2042 0.01417247544125846 20.42
2043 0.01417181222333229 20.43
2044 0.01417121547119352 20.44
2045 0.01417224587743 20.45
2046 0.01417136530792117 20.46
2047 0.01417057071638464 20.47
2048 0.01416986558249734 20.48
2049 0.01416925008469574 20.49
2050 0.01417027714022941 20.5
2051 0.01416943469701568 20.51
2052 0.01416868901040878 20.52
2053 0.014168035785063 20.53
2054 0.01416746703663292 20.54
2055 0.01416853106079993 20.55
2056 0.01416770037851696 20.56
2057 0.01416695232698253 20.57
2058 0.01416628305179944 20.58
2059 0.01416573900852062 20.59
2060 0.01416677838696514 20.6
2061 0.01416594423563459 20.61
2062 0.01416517502186595 20.62
2063 0.01416446501281019 20.63
2064 0.01416378454987834 20.64
2065 0.01416463144504825 20.65
2066 0.01416366696236192 20.66
2067 0.01416278543006735 20.67
2068 0.01416198696554784 20.68
2069 0.01416130823057248 20.69
2070 0.01416213117189364 20.7
2071 0.01416118753796579 20.71
2072 0.01416032723082953 20.72
2073 0.01415951851470407 20.73
2074 0.01415879338643431 20.74
2075 0.01415814883200064 20.75
2076 0.01415904450856165 20.76
2077 0.01415814674690845 20.77
2078 0.01415734095861638 20.78
2079 0.01415662388788877 20.79
2080 0.01415599028335976 20.8
2081 0.01415547359685791 20.81
2082 0.01415652068113622 20.82
2083 0.01415574270100967 20.83
2084 0.01415504677123298 20.84
2085 0.01415443155446108 20.85
2086 0.01415388890864473 20.86
2087 0.01415341425547302 20.87
2088 0.01415300479782218 20.88
2089 0.01415263500496011 20.89
2090 0.01415232543463074 20.9
2091 0.01415206400812083 20.91
2092 0.01415183457271967 20.92
2093 0.01415161862497184 20.93
2094 0.01415139779566747 20.94
2095 0.01415115613027077 20.95
2096 0.01415088149306475 20.96
2097 0.01415056695577039 20.97
2098 0.01415021090379074 20.98
2099 0.01414981572490057 20.99
2100 0.01414931562464015 21
2101 0.01414880403370869 21.01
2102 0.01414829127824036 21.02
2103 0.01414928906095941 21.03
2104 0.0141483858631412 21.04
2105 0.01414751015648248 21.05
2106 0.01414666553351887 21.06
2107 0.01414722048464241 21.07
2108 0.01414607947912619 21.08
2109 0.01414499440025932 21.09
2110 0.01414401230897987 21.1
2111 0.01414450389149396 21.11
2112 0.01414338519447147 21.12
2113 0.01414242422208018 21.13
2114 0.01414161963772538 21.14
2115 0.01414241426732397 21.15
2116 0.01414149857377258 21.16
2117 0.0141407280581576 21.17
2118 0.01414008620992839 21.18
2119 0.0141410571927049 21.19
2120 0.0141402188304755 21.2
2121 0.01413948400390394 21.21
2122 0.01413884020438728 21.22
2123 0.01413975584815153 21.23
2124 0.01413924768662222 21.24
2125 0.01413873796718358 21.25
2126 0.0141382059341687 21.26
2127 0.01413764053815034 21.27
2128 0.01413830478247953 21.28
2129 0.01413734687881638 21.29
2130 0.01413636519482915 21.3
2131 0.01413542233922352 21.31
2132 0.01413452443741821 21.32
2133 0.01413483166928688 21.33
2134 0.01413377370857043 21.34
2135 0.01413284670638752 21.35
2136 0.01413210538933556 21.36
2137 0.01413270442578434 21.37
2138 0.01413189350647001 21.38
2139 0.01413121136257928 21.39
2140 0.0141306379599546 21.4
2141 0.01413140592163549 21.41
2142 0.01413064835627639 21.42
2143 0.01412996791207567 21.43
2144 0.01412935430675359 21.44
2145 0.01412879733918623 21.45
2146 0.01412953594155635 21.46
2147 0.01412875322974938 21.47
2148 0.01412804394857222 21.48
2149 0.01412740493505808 21.49
2150 0.01412682751982964 21.5
2151 0.0141263317158957 21.51
2152 0.01412590751201324 21.52
2153 0.0141255553430544 21.53
2154 0.01412526425743099 21.54
2155 0.01412501471351627 21.55
2156 0.01412478010404868 21.56
2157 0.01412463649637834 21.57
2158 0.01412443302281505 21.58
2159 0.01412419593918998 21.59
2160 0.0141238923778872 21.6
2161 0.01412359428781711 21.61
2162 0.01412317609779412 21.62
2163 0.01412265086945064 21.63
2164 0.01412205843613141 21.64
2165 0.01412144906595746 21.65
2166 0.01412086901274752 21.66
2167 0.01412035193237495 21.67
2168 0.01411991549225807 21.68
2169 0.01411956162136973 21.69
2170 0.01411895956311664 21.7
2171 0.01411847584437356 21.71
2172 0.01411807994141181 21.72
2173 0.01411775249553588 21.73
2174 0.01411748613959549 21.74
2175 0.0141172327227558 21.75
2176 0.0141169678324563 21.76
2177 0.01411666944737326 21.77
2178 0.01411632009311349 21.78
2179 0.01411590874936319 21.79
2180 0.01411543147667326 21.8
2181 0.01411489304690181 21.81
2182 0.01411430480796729 21.82
2183 0.014113683533931 21.83
2184 0.01411304874878797 21.84
2185 0.01411241997158048 21.85
2186 0.01411181435295062 21.86
2187 0.01411124499035485 21.87
2188 0.01411072008908145 21.88
2189 0.01411024295133946 21.89
2190 0.01411106430647445 21.9
2191 0.01411038741454618 21.91
2192 0.01410976302655161 21.92
2193 0.01410916767369793 21.93
2194 0.01410858592100711 21.94
2195 0.01410920200682813 21.95
2196 0.0141083892154111 21.96
2197 0.01410763739615651 21.97
2198 0.01410694312995456 21.98
2199 0.014107448010952 21.99
2200 0.01410661381459553 22
2201 0.01410587564705021 22.01
2202 0.01410635785410983 22.02
2203 0.01410552444714002 22.03
2204 0.01410478888159001 22.04
2205 0.0141052649607528 22.05
2206 0.01410442453273015 22.06
2207 0.01410367888171688 22.07
2208 0.01410413232355633 22.08
2209 0.01410327837922746 22.09
2210 0.01410251722308756 22.1
2211 0.01410181872939397 22.11
2212 0.01410233934053178 22.12
2213 0.01410151250331992 22.13
2214 0.01410078120940151 22.14
2215 0.01410012664898788 22.15
2216 0.01409953271807864 22.16
2217 0.01409899366696717 22.17
2218 0.01409850918280395 22.18
2219 0.01409807879959245 22.19
2220 0.01409769861530687 22.2
2221 0.01409735998840155 22.21
2222 0.01409700549798649 22.22
2223 0.01409667342255747 22.23
2224 0.01409634312233584 22.24
2225 0.01409599843168024 22.25
2226 0.01409562890697365 22.26
2227 0.01409522905330674 22.27
2228 0.01409479777744712 22.28
2229 0.0140943371522587 22.29
2230 0.01409385134860825 22.3
2231 0.01409334585059502 22.31
2232 0.01409401638872707 22.32
2233 0.01409320614514592 22.33
2234 0.01409241740372126 22.34
2235 0.01409163899460087 22.35
2236 0.0140919334966852 22.36
2237 0.01409091246195847 22.37
2238 0.01408996198863213 22.38
2239 0.01408908689466601 22.39
2240 0.01408815937986306 22.4
2241 0.01408854088029658 22.41
2242 0.0140876448179906 22.42
2243 0.01408693563083928 22.43
2244 0.01408637862531892 22.44
2245 0.01408593821919227 22.45
2246 0.01408558019470307 22.46
2247 0.01408466109488348 22.47
2248 0.0140840383505627 22.48
2249 0.01408369204534917 22.49
2250 0.01408357597212468 22.5
2251 0.01408362003632912 22.51
2252 0.01408374374105548 22.52
2253 0.01408386894879622 22.53
2254 0.01408393077380381 22.54
2255 0.0140838793901454 22.55
2256 0.01408369105720195 22.56
2257 0.01408335831116936 22.57
2258 0.01408289113314085 22.58
2259 0.01408231143356143 22.59
2260 0.01408164894319397 22.6
2261 0.01408093511818729 22.61
2262 0.0140801609975319 22.62
2263 0.01407940620367235 22.63
2264 0.01407869078560255 22.64
2265 0.01407802662731832 22.65
2266 0.01407741854698184 22.66
2267 0.01407686629984164 22.67
2268 0.01407636660434948 22.68
2269 0.01407591381214397 22.69
2270 0.01407550103201709 22.7
2271 0.01407512046599288 22.71
2272 0.0140745791107736 22.72
2273 0.01407407304742115 22.73
2274 0.014075269629097 22.74
2275 0.01407439302313868 22.75
2276 0.01407363836135003 22.76
2277 0.01407290149351902 22.77
2278 0.01407218264970544 22.78
2279 0.01407148608134972 22.79
2280 0.01407082111301464 22.8
2281 0.0140701919401811 22.81
2282 0.01406961349387647 22.82
2283 0.01406910415773243 22.83
2284 0.01406866456825481 22.84
2285 0.01406829107756929 22.85
2286 0.01406798625965444 22.86
2287 0.01406772612346431 22.87
2288 0.01406749973334883 22.88
2289 0.01406729732446373 22.89
2290 0.01406711026015118 22.9
2291 0.01406693011334498 22.91
2292 0.01406674967414472 22.92
2293 0.01406656240058717 22.93
2294 0.01406632100500214 22.94
2295 0.01406606818027789 22.95
2296 0.01406579877607233 22.96
2297 0.01406550732924754 22.97
2298 0.01406513900103504 22.98
2299 0.01406475346530752 22.99
2300 0.01406449276358858 23
2301 0.01406420650774961 23.01
2302 0.01406392887195839 23.02
2303 0.0140636510364834 23.03
2304 0.01406335840563836 23.04
2305 0.01406303608215739 23.05
2306 0.01406267376269055 23.06
2307 0.01406226815248273 23.07
2308 0.01406182302344352 23.08
2309 0.01406124009524524 23.09
2310 0.01406065382264023 23.1
2311 0.01406007440769021 23.11
2312 0.01405951257304348 23.12
2313 0.01405897781550558 23.13
2314 0.01405847574683464 23.14
2315 0.01405800650708986 23.15
2316 0.01405756500060418 23.16
2317 0.01405714217956464 23.17
2318 0.01405672714706383 23.18
2319 0.01405638792970589 23.19
2320 0.01405601471897812 23.2
2321 0.0140556049732646 23.21
2322 0.01405515734016093 23.22
2323 0.01405467300822703 23.23
2324 0.01405415675275457 23.24
2325 0.01405361670631861 23.25
2326 0.01405306365700472 23.26
2327 0.0140525089408079 23.27
2328 0.01405193904897744 23.28
2329 0.01405298788105751 23.29
2330 0.01405198379380275 23.3
2331 0.01405189165336049 23.31
2332 0.01405158225254322 23.32
2333 0.01405216118348292 23.33
2334 0.01405111352336195 23.34
2335 0.01404995929983353 23.35
2336 0.01404961118600525 23.36
2337 0.01404821983205795 23.37
2338 0.01404695397646145 23.38
2339 0.01404675111505633 23.39
2340 0.0140456053761651 23.4
2341 0.0140446933924209 23.41
2342 0.01404400280846322 23.42
2343 0.01404465858285148 23.43
2344 0.01404401213299531 23.44
2345 0.01404352088602898 23.45
2346 0.01404314733637147 23.46
2347 0.01404284728534006 23.47
2348 0.01404384150389041 23.48
2349 0.01404328403240053 23.49
2350 0.01404275495128086 23.5
2351 0.01404224401524004 23.51
2352 0.014041738981699 23.52
2353 0.01404043540004592 23.53
2354 0.01404076230855825 23.54
2355 0.01403963324009541 23.55
2356 0.01403878886481581 23.56
2357 0.01403819006137035 23.57
2358 0.01403778112161702 23.58
2359 0.01403749281131202 23.59
2360 0.01403725573637512 23.6
2361 0.0140370346721978 23.61
2362 0.01403848466932147 23.62
2363 0.01403777698668912 23.63
2364 0.01403706131566141 23.64
2365 0.01403633756629995 23.65
2366 0.01403573064638701 23.66
2367 0.01403513476108693 23.67
2368 0.01403456964659659 23.68
2369 0.01403405466818227 23.69
2370 0.01403360437356765 23.7
2371 0.01403322599265136 23.71
2372 0.01403291860601968 23.72
2373 0.01403266953372406 23.73
2374 0.01403246314867771 23.74
2375 0.01403228235109417 23.75
2376 0.01403210982209986 23.76
2377 0.01403193028699093 23.77
2378 0.01403173129188803 23.78
2379 0.0140315035435555 23.79
2380 0.01403124071152293 23.8
2381 0.01403089516621475 23.81
2382 0.01403049784488233 23.82
2383 0.01403006860913049 23.83
2384 0.01402960903019407 23.84
2385 0.01402912356889546 23.85
2386 0.01402861725332637 23.86
2387 0.01402809421986875 23.87
2388 0.01402755747465906 23.88
2389 0.0140270093485448 23.89
2390 0.01402645212973111 23.9
2391 0.01402588854616915 23.91
2392 0.01402532231314189 23.92
2393 0.01402478337603775 23.93
2394 0.01402424350963531 23.94
2395 0.01402370853801605 23.95
2396 0.01402318500823508 23.96
2397 0.014022679526383 23.97
2398 0.01402219795394415 23.98
2399 0.01402174494495424 23.99
2400 0.0140213235699764 24
2401 0.01402093497417549 24.01
2402 0.01402057933703319 24.02
2403 0.014020254855706 24.03
2404 0.01401995647678069 24.04
2405 0.01401981725896747 24.05
2406 0.01401964860673075 24.06
2407 0.0140194348710574 24.07
2408 0.01401917031124972 24.08
2409 0.01401885588927703 24.09
2410 0.01401849628106667 24.1
2411 0.01401952939177276 24.11
2412 0.01401873857845305 24.12
2413 0.01401798264962803 24.13
2414 0.01401725215069764 24.14
2415 0.01401653826568907 24.15
2416 0.01401584206504042 24.16
2417 0.014015172385576 24.17
2418 0.0140158621262169 24.18
2419 0.0140149107018075 24.19
2420 0.01401406353570979 24.2
2421 0.01401331486249657 24.21
2422 0.01401265451746667 24.22
2423 0.01401207599262147 24.23
2424 0.01401157496316581 24.24
2425 0.01401255458420032 24.25
2426 0.0140118031626279 24.26
2427 0.01401112436522664 24.27
2428 0.01401053327179839 24.28
2429 0.01401000606861993 24.29
2430 0.01400952790833373 24.3
2431 0.01400908965984153 24.31
2432 0.01401010848060933 24.32
2433 0.01400934490569635 24.33
2434 0.01400864669827653 24.34
2435 0.01400800016744176 24.35
2436 0.01400871052517285 24.36
2437 0.01400775468910291 24.37
2438 0.01400687095109085 24.38
2439 0.01400727940079377 24.39
2440 0.01400617016373317 24.4
2441 0.01400632321345297 24.41
2442 0.01400510440727083 24.42
2443 0.0140040358384202 24.43
2444 0.0140042797903291 24.44
2445 0.01400308801084512 24.45
2446 0.01400205312624479 24.46
2447 0.01400117133996841 24.47
2448 0.01400182217877105 24.48
2449 0.01400101098301838 24.49
2450 0.01400037095701196 24.5
2451 0.01399987234130863 24.51
2452 0.01399948200720778 24.52
2453 0.01399917212811379 24.53
2454 0.01400032835269976 24.54
2455 0.01399974406193761 24.55
2456 0.01399921544288681 24.56
2457 0.01399871376529846 24.57
2458 0.01399821986262642 24.58
2459 0.0139977296869577 24.59
2460 0.01399724921093803 24.6
2461 0.01399678956306213 24.61
2462 0.01399636209437407 24.62
2463 0.01399597399547224 24.63
2464 0.01399562601492447 24.64
2465 0.01399531232243515 24.65
2466 0.01399502191178809 24.66
2467 0.01399474112666758 24.67
2468 0.01399445614127983 24.68
2469 0.01399415521892258 24.69
2470 0.01399382993013199 24.7
2471 0.0139934756337509 24.71
2472 0.0139930912174088 24.72
2473 0.01399398788275978 24.73
2474 0.01399320344929997 24.74
2475 0.01399243334660842 24.75
2476 0.01399166935048738 24.76
2477 0.01399090833147282 24.77
2478 0.0139901587812351 24.78
2479 0.01399060183763862 24.79
2480 0.01398960069761419 24.8
2481 0.01398870130445142 24.81
2482 0.01398790015080856 24.82
2483 0.01398718946773563 24.83
2484 0.01398777407392114 24.84
2485 0.01398689851655609 24.85
2486 0.01398614417846251 24.86
2487 0.01398549387702749 24.87
2488 0.01398493164062501 24.88
2489 0.01398571967510798 24.89
2490 0.01398496881566235 24.9
2491 0.01398433348131203 24.91
2492 0.01398378594917835 24.92
2493 0.01398457043998682 24.93
2494 0.01398381427636937 24.94
2495 0.01398314739247744 24.95
2496 0.01398375757589056 24.96
2497 0.0139828948434943 24.97
2498 0.01398212305470001 24.98
2499 0.01398142913402862 24.99
2500 0.01398200695821686 25
2501 0.01398113271057963 25.01
2502 0.01398037465312638 25.02
2503 0.01397972231759012 25.03
2504 0.01398038799860587 25.04
2505 0.01397959113695209 25.05
2506 0.01397891668793025 25.06
2507 0.01397834377406097 25.07
2508 0.01397785344344628 25.08
2509 0.01397872290307178 25.09
2510 0.01397803512195192 25.1
2511 0.01397743738902282 25.11
2512 0.013976910860341 25.12
2513 0.01397643912832078 25.13
2514 0.0139772761224903 25.14
2515 0.01397656157268688 25.15
2516 0.01397592511621214 25.16
2517 0.01397535082505524 25.17
2518 0.01397482396389829 25.18
2519 0.01397433760315528 25.19
2520 0.01397513022749494 25.2
2521 0.01397438389756253 25.21
2522 0.01397370691500113 25.22
2523 0.01397308345488521 25.23
2524 0.01397249872263404 25.24
2525 0.01397194711172939 25.25
2526 0.01397142766176297 25.26
2527 0.01397094319039331 25.27
2528 0.01397049578171434 25.28
2529 0.0139700866854407 25.29
2530 0.01396971260212808 25.3
2531 0.01396936803777727 25.31
2532 0.01396904318481684 25.32
2533 0.0139687284756083 25.33
2534 0.0139684129838426 25.34
2535 0.01396808926242604 25.35
2536 0.01396775056513347 25.36
2537 0.01396739507722035 25.37
2538 0.01396702145645549 25.38
2539 0.01396663277363123 25.39
2540 0.01396622680234014 25.4
2541 0.01396705482180237 25.41
2542 0.0139663022628086 25.42
2543 0.01396564782903467 25.43
2544 0.01396501970996423 25.44
2545 0.01396553792163696 25.45
2546 0.01396462285078172 25.46
2547 0.01396483416132037 25.47
2548 0.01396378638812409 25.48
2549 0.01396383429965554 25.49
2550 0.01396269957349958 25.5
2551 0.01396262944591631 25.51
2552 0.01396142301754678 25.52
2553 0.01396037298690202 25.53
2554 0.01396046580985951 25.54
2555 0.01395934503977142 25.55
2556 0.01395838271988093 25.56
2557 0.01395863219719693 25.57
2558 0.01395762781709833 25.58
2559 0.01395679761940626 25.59
2560 0.0139561217961148 25.6
2561 0.01395677162937575 25.61
2562 0.0139560077052199 25.62
2563 0.01395538934598038 25.63
2564 0.01395488690661657 25.64
2565 0.01395572094436731 25.65
2566 0.01395504011634985 25.66
2567 0.01395442876746551 25.67
2568 0.01395390155192748 25.68
2569 0.01395346760341765 25.69
2570 0.01395449715655731 25.7
2571 0.01395400229552917 25.71
2572 0.01395365354901057 25.72
2573 0.01395342396559876 25.73
2574 0.01395327171812391 25.74
2575 0.01395452122323092 25.75
2576 0.01395406048403705 25.76
2577 0.01395361813479502 25.77
2578 0.01395315692184767 25.78
2579 0.01395382495736756 25.79
2580 0.01395295082219987 25.8
2581 0.0139520862556809 25.81
2582 0.01395123036867556 25.82
2583 0.01395039622439005 25.83
2584 0.01395062213536286 25.84
2585 0.01394955785684663 25.85
2586 0.01394859362184402 25.86
2587 0.01394772885176705 25.87
2588 0.01394695254294731 25.88
2589 0.01394626519742505 25.89
2590 0.01394565908874057 25.9
2591 0.01394513322708426 25.91
2592 0.01394467556738257 25.92
2593 0.01394428004437961 25.93
2594 0.01394515873247219 25.94
2595 0.01394448758853775 25.95
2596 0.01394386755845794 25.96
2597 0.01394331333669988 25.97
2598 0.01394275820856737 25.98
2599 0.01394222996129157 25.99
2600 0.01394174267932523 26
2601 0.01394131956549752 26.01
2602 0.01394096936050859 26.02
2603 0.01394069868000231 26.03
2604 0.01394049391894827 26.04
2605 0.01394034011068359 26.05
2606 0.01394160785041704 26.06
2607 0.01394115951252105 26.07
2608 0.01394069431138883 26.08
2609 0.01394019553652041 26.09
2610 0.0139396511467791 26.1
2611 0.01393907521701692 26.11
2612 0.01393848415940406 26.12
2613 0.01393899210889329 26.13
2614 0.01393813355252362 26.14
2615 0.01393736553961234 26.15
2616 0.01393632025267486 26.16
2617 0.01393545438619674 26.17
2618 0.01393474939792349 26.18
2619 0.01393417921037195 26.19
2620 0.01393370721921945 26.2
2621 0.01393331198216236 26.21
2622 0.01393297160236039 26.22
2623 0.01393267938276003 26.23
2624 0.01393242364338886 26.24
2625 0.01393220299589747 26.25
2626 0.01393200752116013 26.26
2627 0.01393183584233077 26.27
2628 0.01393167761618471 26.28
2629 0.0139315314417822 26.29
2630 0.01393138751120977 26.3
2631 0.01393124530598455 26.31
2632 0.0139310959972464 26.32
2633 0.0139308853912968 26.33
2634 0.01393067180799665 26.34
2635 0.01393046148739438 26.35
2636 0.01393024110680891 26.36
2637 0.01393001200309761 26.37
2638 0.01392976560254149 26.38
2639 0.01392950174853787 26.39
2640 0.01392921057854656 26.4
2641 0.01392889545087148 26.41
2642 0.01392855209737483 26.42
2643 0.01392818608126322 26.43
2644 0.01392779437706725 26.44
2645 0.01392738333704794 26.45
2646 0.01392695047949353 26.46
2647 0.01392650191654567 26.47
2648 0.01392603420749842 26.48
2649 0.01392555271777828 26.49
2650 0.01392505421355169 26.5
2651 0.01392454523836286 26.51
2652 0.01392402461044695 26.52
2653 0.01392350162162435 26.53
2654 0.01392297765439858 26.54
2655 0.01392246321207542 26.55
2656 0.01392195929481786 26.56
2657 0.01392278822461348 26.57
2658 0.013921942525331 26.58
2659 0.01392115698038827 26.59
2660 0.01392043226243065 26.6
2661 0.01392098562100527 26.61
2662 0.01392002434695786 26.62
2663 0.0139191853152055 26.63
2664 0.01391846974501643 26.64
2665 0.01391789053445244 26.65
2666 0.0139174224052073 26.66
2667 0.01391839884899725 26.67
2668 0.01391773475102374 26.68
2669 0.0139171796368381 26.69
2670 0.01391670734853647 26.7
2671 0.01391629574185781 26.71
2672 0.01391591530410878 26.72
2673 0.0139155572463475 26.73
2674 0.0139152029666221 26.74
2675 0.01391485625433067 26.75
2676 0.01391451479761236 26.76
2677 0.01391436626621583 26.77
2678 0.01391414307826631 26.78
2679 0.0139138511048671 26.79
2680 0.01391349167142753 26.8
2681 0.01391309250323397 26.81
2682 0.01391262044879229 26.82
2683 0.01391212960851691 26.83
2684 0.01391162991104114 26.84
2685 0.01391113765567092 26.85
2686 0.01391065686876398 26.86
2687 0.01391019799244914 26.87
2688 0.0139097597298557 26.88
2689 0.01390934802738316 26.89
2690 0.01390895798512643 26.9
2691 0.01390859305083325 26.91
2692 0.01390824698437842 26.92
2693 0.01390792315631545 26.93
2694 0.01390761624857481 26.94
2695 0.01390733024989679 26.95
2696 0.01390705940349951 26.96
2697 0.01390687452351893 26.97
2698 0.0139066844460346 26.98
2699 0.01390648989861054 26.99
2700 0.01390628232894708 27
2701 0.01390606307943512 27.01
2702 0.01390582507233436 27.02
2703 0.01390557144579906 27.03
2704 0.0139052969621401 27.04
2705 0.01390500651485576 27.05
2706 0.01390469622309967 27.06
2707 0.01390434902806698 27.07
2708 0.01390398584223461 27.08
2709 0.01390361256770579 27.09
2710 0.01390313355321656 27.1
2711 0.01390269956510194 27.11
2712 0.01390229238952561 27.12
2713 0.01390190743673628 27.13
2714 0.01390153094681047 27.14
2715 0.01390115906064187 27.15
2716 0.01390078023206912 27.16
2717 0.0139003952130899 27.17
2718 0.01389999828702437 27.18
2719 0.01389959491789676 27.19
2720 0.01389915997408319 27.2
2721 0.01389873855398775 27.21
2722 0.01389834215373585 27.22
2723 0.01389798149610532 27.23
2724 0.01389765141984048 27.24
2725 0.0138973529115305 27.25
2726 0.01389707576618911 27.26
2727 0.01389681884250363 27.27
2728 0.01389657134068224 27.28
2729 0.0138963323232369 27.29
2730 0.01389609180766901 27.3
2731 0.01389585010470425 27.31
2732 0.01389559827344873 27.32
2733 0.01389533716364634 27.33
2734 0.01389505853880178 27.34
2735 0.01389476442995001 27.35
2736 0.0138944478532103 27.36
2737 0.01389411248419107 27.37
2738 0.01389372449197006 27.38
2739 0.01389333366462326 27.39
2740 0.01389292582979692 27.4
2741 0.01389251037107327 27.41
2742 0.01389208721286938 27.42
2743 0.01389166580117174 27.43
2744 0.01389124523726098 27.44
2745 0.01389083368293817 27.45
2746 0.01389042865531721 27.46
2747 0.0138900366129343 27.47
2748 0.01388965405470846 27.48
2749 0.01388928641469296 27.49
2750 0.01388892883161045 27.5
2751 0.01388858555475567 27.51
2752 0.01388825048025306 27.52
2753 0.01388792727886162 27.53
2754 0.01388760957130207 27.54
2755 0.01388730087281366 27.55
2756 0.01388699514485846 27.56
2757 0.01388669680772975 27.57
2758 0.01388640096643194 27.58
2759 0.01388611313192513 27.59
2760 0.01388582906092145 27.6
2761 0.01388555367109738 27.61
2762 0.01388528197327343 27.62
2763 0.0138850183390382 27.63
2764 0.01388475613794278 27.64
2765 0.01388449760271648 27.65
2766 0.01388423408254657 27.66
2767 0.01388396608473072 27.67
2768 0.01388368374849031 27.68
2769 0.0138833839535953 27.69
2770 0.01388306298986242 27.7
2771 0.01388272253674894 27.71
2772 0.01388235584951285 27.72
2773 0.01388196775488813 27.73
2774 0.01388272898673008 27.74
2775 0.01388196634099311 27.75
2776 0.01388121173498479 27.76
2777 0.01388047888452226 27.77
2778 0.01387976658301039 27.78
2779 0.01387908678720297 27.79
2780 0.01387844443130749 27.8
2781 0.01387785603899668 27.81
2782 0.01387732698937953 27.82
2783 0.01387686885069205 27.83
2784 0.0138764771484797 27.84
2785 0.01387615098086553 27.85
2786 0.01387587384391088 27.86
2787 0.01387563585178811 27.87
2788 0.0138754158161974 27.88
2789 0.01387520415255717 27.89
2790 0.01387498617560106 27.9
2791 0.0138747558965546 27.91
2792 0.01387450998629564 27.92
2793 0.01387425219046751 27.93
2794 0.01387397357335396 27.94
2795 0.01387368372773373 27.95
2796 0.01387338099322217 27.96
2797 0.01387307439937338 27.97
2798 0.01387276259095195 27.98
2799 0.01387245100765973 27.99
2800 0.01387213524710189 28
2801 0.01387182163453619 28.01
2802 0.01387150561038863 28.02
2803 0.0138711921597401 28.03
2804 0.01387087522074053 28.04
2805 0.01387055821116462 28.05
2806 0.01387023423145639 28.06
2807 0.01386990679376206 28.07
2808 0.0138695696039905 28.08
2809 0.01386922743860002 28.09
2810 0.01386887564389282 28.1
2811 0.01386855151067751 28.11
2812 0.01386821561443148 28.12
2813 0.01386786852970104 28.13
2814 0.01386751035810703 28.14
2815 0.01386712877814016 28.15
2816 0.01386674224227092 28.16
2817 0.01386635743742164 28.17
2818 0.01386597017965535 28.18
2819 0.01386558634172161 28.19
2820 0.01386520132161539 28.2
2821 0.01386482099634465 28.21
2822 0.01386444104143919 28.22
2823 0.01386406766255746 28.23
2824 0.01386369625830265 28.24
2825 0.01386333294294975 28.25
2826 0.01386297368022421 28.26
2827 0.01386262471711019 28.27
2828 0.0138622816032127 28.28
2829 0.01386195013848524 28.29
2830 0.01386162537462826 28.3
2831 0.01386131239972771 28.31
2832 0.01386100411404164 28.32
2833 0.01386070470224795 28.33
2834 0.01386040891652286 28.34
2835 0.01386012257632129 28.35
2836 0.01385984089346986 28.36
2837 0.01385956911594077 28.37
2838 0.01385930119075131 28.38
2839 0.01385904078207511 28.39
2840 0.01385878010957336 28.4
2841 0.01385851934503229 28.41
2842 0.01385825167273279 28.42
2843 0.01385797977999538 28.43
2844 0.01385769664441111 28.44
2845 0.01385740674029318 28.45
2846 0.01385710478733748 28.46
2847 0.01385679694011849 28.47
2848 0.01385647939796395 28.48
2849 0.01385615956425774 28.49
2850 0.01385583447795812 28.5
2851 0.01385551189141815 28.51
2852 0.01385515455699795 28.52
2853 0.01385481065995294 28.53
2854 0.01385447785431318 28.54
2855 0.01385416279534166 28.55
2856 0.01385385975312717 28.56
2857 0.01385357218653385 28.57
2858 0.01385329166489133 28.58
2859 0.01385301629095751 28.59
2860 0.01385274096899653 28.6
2861 0.0138524669898737 28.61
2862 0.01385218528887151 28.62
2863 0.01385189828487282 28.63
2864 0.01385159858024088 28.64
2865 0.01385129123981323 28.65
2866 0.01385097128474765 28.66
2867 0.01385064489847316 28.67
2868 0.01385030842112286 28.68
2869 0.0138499692622805 28.69
2870 0.01384964101640434 28.7
2871 0.01384929950775443 28.71
2872 0.01384895761651471 28.72
2873 0.01384861685742936 28.73
2874 0.01384827591988794 28.74
2875 0.01384793155492769 28.75
2876 0.01384757919064381 28.76
2877 0.01384722659366028 28.77
2878 0.01384687175843505 28.78
2879 0.01384652421085372 28.79
2880 0.0138461825209195 28.8
2881 0.01384585553070894 28.81
2882 0.01384554005324725 28.82
2883 0.01384524220546315 28.83
2884 0.01384495535571157 28.84
2885 0.01384468241614239 28.85
2886 0.01384441470269324 28.86
2887 0.01384415438180706 28.87
2888 0.01384389309336161 28.88
2889 0.01384363374677071 28.89
2890 0.01384336922855539 28.9
2891 0.01384310416871025 28.91
2892 0.01384283274187569 28.92
2893 0.013842561363804 28.93
2894 0.01384228331851315 28.94
2895 0.01384201612143863 28.95
2896 0.01384173588082104 28.96
2897 0.01384144777944142 28.97
2898 0.01384114608241512 28.98
2899 0.01384083649654752 28.99
2900 0.01384051413518062 29
2901 0.01384018551612057 29.01
2902 0.0138398465216421 29.02
2903 0.01383950437908463 29.03
2904 0.01383915542334992 29.04
2905 0.01383880698212491 29.05
2906 0.01383845497958462 29.06
2907 0.01383810590649043 29.07
2908 0.01383775472193949 29.08
2909 0.01383740710561209 29.09
2910 0.01383705741894859 29.1
2911 0.01383671121293632 29.11
2912 0.01383635217247446 29.12
2913 0.01383600007419139 29.13
2914 0.01383564788103722 29.14
2915 0.01383530047870702 29.15
2916 0.01383495027256929 29.16
2917 0.01383456998677069 29.17
2918 0.01383418928806649 29.18
2919 0.01383380993887124 29.19
2920 0.01383341533626704 29.2
2921 0.01383302385733317 29.21
2922 0.01383263177288245 29.22
2923 0.01383224217939743 29.23
2924 0.01383186326749695 29.24
2925 0.0138315051026893 29.25
2926 0.01383116507618229 29.26
2927 0.01383084997193318 29.27
2928 0.01383055370201299 29.28
2929 0.01383028016575773 29.29
2930 0.01383002121478715 29.3
2931 0.01382977948435005 29.31
2932 0.01382954602658581 29.32
2933 0.01382932326183748 29.33
2934 0.01382909320349358 29.34
2935 0.01382887070121258 29.35
2936 0.01382864806817936 29.36
2937 0.01382842940080841 29.37
2938 0.01382820753742502 29.38
2939 0.01382798643769859 29.39
2940 0.01382775851868356 29.4
2941 0.01382752735758254 29.41
2942 0.01382728507388778 29.42
2943 0.01382703522001502 29.43
2944 0.01382677080169343 29.44
2945 0.01382649714587768 29.45
2946 0.01382620940183901 29.46
2947 0.01382591481705998 29.47
2948 0.01382560960337952 29.48
2949 0.01382530138384927 29.49
2950 0.01382498628808575 29.5
2951 0.01382467139360335 29.51
2952 0.01382435182918368 29.52
2953 0.01382403381052402 29.53
2954 0.01382371174266702 29.54
2955 0.01382339137556792 29.55
2956 0.01382306692586447 29.56
2957 0.01382274397624872 29.57
2958 0.01382241671857959 29.58
2959 0.01382209073571596 29.59
2960 0.0138218763879546 29.6
2961 0.01382167693943981 29.61
2962 0.01382147860637575 29.62
2963 0.01382128569091412 29.63
2964 0.01382108955981609 29.64
2965 0.01382088964608065 29.65
2966 0.01382067174660976 29.66
2967 0.01382043322888704 29.67
2968 0.01382015100089276 29.68
2969 0.01381984745279637 29.69
2970 0.01381951305010521 29.7
2971 0.01381915390933577 29.71
2972 0.01381880111534488 29.72
2973 0.01381840743472781 29.73
2974 0.01381803352724979 29.74
2975 0.01381760643384147 29.75
2976 0.01381714631674436 29.76
2977 0.01381668643716464 29.77
2978 0.01381624694198312 29.78
2979 0.01381585414608756 29.79
2980 0.01381551448699688 29.8
2981 0.01381523685577663 29.81
2982 0.01381501009149217 29.82
2983 0.01381482822556936 29.83
2984 0.01381466983732072 29.84
2985 0.01381452388829582 29.85
2986 0.01381436867562021 29.86
2987 0.01381419653883975 29.87
2988 0.0138139913737924 29.88
2989 0.01381375225506914 29.89
2990 0.01381347003926706 29.9
2991 0.01381315037090105 29.91
2992 0.01381278994380157 29.92
2993 0.01381239924036662 29.93
2994 0.01381197883960801 29.94
2995 0.01381154208699665 29.95
2996 0.01381109127135943 29.96
2997 0.01381064050709278 29.97
2998 0.01381019206275711 29.98
2999 0.01380975930218917 29.99
3000 0.01380934286156566 30
