"y-force-rfile"
"Time Step" "y-force etc.."
("Time Step" "y-force" "flow-time")
0 1.292469707114106e-26 0
1 3.152510416892255 0.01
2 -0.5882649464438146 0.02
3 0.4987192174931465 0.03
4 -0.218758047250958 0.04
5 -0.6214972908762775 0.05
6 0.4104660273657288 0.06
7 0.2193104381437934 0.07000000000000001
8 0.2446338865253779 0.08
9 -0.1493215956924985 0.09
10 -0.06431448551818164 0.1
11 -0.01100868128392563 0.11
12 0.09704018155319716 0.12
13 0.06729119398292838 0.13
14 0.07714243317247593 0.14
15 0.02472284631616262 0.15
16 0.0347544920622882 0.16
17 0.03056502437650543 0.17
18 0.03518847128151226 0.18
19 0.03962699698352745 0.19
20 0.03477368647273549 0.2
21 0.03623693234864245 0.21
22 0.03294753869124456 0.22
23 0.04416833691622379 0.23
24 0.04381190526830903 0.24
25 0.038526822210733 0.25
26 0.04912997207778069 0.26
27 0.0406395449537148 0.27
28 0.04018785498831613 0.28
29 0.04111218261019067 0.29
30 0.03711027195821592 0.3
31 0.04206559197711712 0.31
32 0.03764188632011667 0.32
33 0.04083998317465753 0.33
34 0.03904487680133029 0.34
35 0.03921199343919124 0.35
36 0.03891321909905976 0.36
37 0.04244366648606235 0.37
38 0.03984736848102921 0.38
39 0.0421633021314467 0.39
40 0.04278939481516655 0.4
41 0.04204094578042183 0.41
42 0.04308802304418058 0.42
43 0.0432405925032977 0.43
44 0.04305207994434634 0.44
45 0.04422314577256836 0.45
46 0.04198668052607868 0.46
47 0.04347325740050367 0.47
48 0.04379787687451442 0.48
49 0.04390021431672597 0.49
50 0.0433517177354199 0.5
51 0.04440953130966419 0.51
52 0.04466621141394944 0.52
53 0.04461919238736412 0.53
54 0.04534916457646807 0.54
55 0.0451593395005826 0.55
56 0.04471586708930669 0.5600000000000001
57 0.04476690601806183 0.5700000000000001
58 0.0447429743164266 0.58
59 0.04572609922707649 0.59
60 0.04399392622006781 0.6
61 0.04629237635780648 0.61
62 0.0454817433838357 0.62
63 0.04515065582991662 0.63
64 0.04546320499060674 0.64
65 0.04561941586365803 0.65
66 0.04606987694270259 0.66
67 0.04626174021485308 0.67
68 0.04626030791176827 0.68
69 0.04708892948444543 0.6900000000000001
70 0.04574817910847973 0.7000000000000001
71 0.0454029227465873 0.71
72 0.04685565357118637 0.72
73 0.04680098925980358 0.73
74 0.0468563987415872 0.74
75 0.04831659542647204 0.75
76 0.04834305668595695 0.76
77 0.04773977426342041 0.77
78 0.04748646718583738 0.78
79 0.04762753087720673 0.79
80 0.04799537974037044 0.8
81 0.04826581230450017 0.8100000000000001
82 0.0486637395736067 0.8200000000000001
83 0.04890872967337412 0.8300000000000001
84 0.04970811370185252 0.84
85 0.04948749494895344 0.85
86 0.04948246769920761 0.86
87 0.04948736169910117 0.87
88 0.04952961207740469 0.88
89 0.04940545339727787 0.89
90 0.0492909853146124 0.9
91 0.04946389180256128 0.91
92 0.04956777934072432 0.92
93 0.04963214366052715 0.93
94 0.04930136613206293 0.9400000000000001
95 0.04907581285355356 0.9500000000000001
96 0.04888239549542117 0.96
97 0.04867752500407985 0.97
98 0.04868212386213644 0.98
99 0.04867595846604367 0.99
100 0.04879702816229681 1
101 0.04879289567797085 1.01
102 0.04927272408248884 1.02
103 0.04989497112714503 1.03
104 0.0502348178333023 1.04
105 0.05028509832057459 1.05
106 0.05035886961970504 1.06
107 0.05024713597165398 1.07
108 0.05051122994041668 1.08
109 0.05054437117522104 1.09
110 0.05034478221942273 1.1
111 0.05016100949255131 1.11
112 0.05020759382706663 1.12
113 0.05035281810991787 1.13
114 0.05041809406645925 1.14
115 0.05062505849711918 1.15
116 0.05067868109391616 1.16
117 0.05104965249093785 1.17
118 0.05129335324557471 1.18
119 0.05138801841888341 1.19
120 0.0514427788021844 1.2
121 0.05152296539981827 1.21
122 0.05158929735688833 1.22
123 0.05167356093608377 1.23
124 0.05167870587331402 1.24
125 0.05183104582084674 1.25
126 0.05194029216300378 1.26
127 0.05196720250034026 1.27
128 0.0520889905394093 1.28
129 0.05218340742798355 1.29
130 0.05225520570146536 1.3
131 0.05234177582747901 1.31
132 0.05239702879131636 1.32
133 0.05235499130857091 1.33
134 0.05237568120069036 1.34
135 0.05244069427381193 1.35
136 0.05259873129639503 1.36
137 0.05271245755918896 1.37
138 0.05275750324422657 1.38
139 0.05285569246972988 1.39
140 0.05286900022268615 1.4
141 0.05291636717600434 1.41
142 0.05301607518785645 1.42
143 0.05311496423045159 1.43
144 0.0531991573119508 1.44
145 0.05326337217496724 1.45
146 0.05332266642653771 1.46
147 0.05337582968950927 1.47
148 0.0534230165680416 1.48
149 0.05349091779808313 1.49
150 0.05359825171230814 1.5
151 0.053616850346763 1.51
152 0.05366737513668907 1.52
153 0.05372133727393391 1.53
154 0.05381385496829416 1.54
155 0.05391039119378671 1.55
156 0.05399346810055361 1.56
157 0.05406133909251121 1.57
158 0.05414195741033367 1.58
159 0.0541238827552325 1.59
160 0.05416108701721378 1.6
161 0.05427576819407232 1.61
162 0.05436223570069099 1.62
163 0.05446616710277297 1.63
164 0.05454008499359952 1.64
165 0.05452992647252175 1.65
166 0.05453855557163945 1.66
167 0.05459574549932134 1.67
168 0.05465574650034166 1.68
169 0.05473318028100937 1.69
170 0.05488486444059704 1.7
171 0.05496098701586194 1.71
172 0.05506222929688287 1.72
173 0.05509958367517498 1.73
174 0.05512463515203148 1.74
175 0.0551222306450696 1.75
176 0.05514982429226467 1.76
177 0.05522530557961824 1.77
178 0.05535734461719666 1.78
179 0.05548341052118688 1.79
180 0.05558155786994623 1.8
181 0.05563579616502035 1.81
182 0.05565537645543139 1.82
183 0.0556990335197558 1.83
184 0.05568325036858013 1.84
185 0.05572985982340017 1.85
186 0.05581074727724633 1.86
187 0.05592980103753031 1.87
188 0.05599594690622878 1.88
189 0.05607243782027477 1.89
190 0.05613756105232176 1.9
191 0.05619507309570065 1.91
192 0.05624903953833849 1.92
193 0.0563000807557773 1.93
194 0.05634185317062701 1.94
195 0.05633163645218564 1.95
196 0.05635991114434946 1.96
197 0.05636836756430463 1.97
198 0.05640734216917009 1.98
199 0.05645080313916589 1.99
200 0.05647238033145946 2
201 0.05652074758082604 2.01
202 0.05662191211835849 2.02
203 0.05670935570594882 2.03
204 0.0567754170528828 2.04
205 0.05682058341634311 2.05
206 0.05686012913639116 2.06
207 0.05689724689447828 2.07
208 0.05694163581083866 2.08
209 0.05699196556968211 2.09
210 0.05702905790676882 2.1
211 0.05706426008953225 2.11
212 0.05709583449751576 2.12
213 0.05713422993000528 2.13
214 0.05717701014322352 2.14
215 0.05722727672687988 2.15
216 0.05728953747554322 2.16
217 0.05736499261994166 2.17
218 0.05746176073427001 2.18
219 0.05753793900052628 2.19
220 0.05762242313287325 2.2
221 0.05766269911240784 2.21
222 0.05766029699781861 2.22
223 0.05765714202381289 2.23
224 0.05770853496054995 2.24
225 0.05774619623790189 2.25
226 0.05777620174462972 2.26
227 0.05781454125714136 2.27
228 0.05783462778330484 2.28
229 0.0578490122526823 2.29
230 0.05785778581379214 2.3
231 0.05788273970463853 2.31
232 0.05791405781486481 2.32
233 0.05796656443823039 2.33
234 0.05804031722289232 2.34
235 0.05811634662704035 2.35
236 0.05818270596038083 2.36
237 0.05822308745730831 2.37
238 0.05824892510212815 2.38
239 0.05823923274498966 2.39
240 0.05826071856899295 2.4
241 0.05826884023258894 2.41
242 0.05828473755684116 2.42
243 0.0583117820013403 2.43
244 0.05839219743888635 2.44
245 0.05847067110424758 2.45
246 0.05854376923930854 2.46
247 0.05860276641876661 2.47
248 0.05864564260796273 2.48
249 0.05865198957776585 2.49
250 0.0586662291404455 2.5
251 0.05868784323968701 2.51
252 0.05869680082101764 2.52
253 0.05872189879881812 2.53
254 0.05876769062015863 2.54
255 0.05880580040558642 2.55
256 0.05883107454421266 2.56
257 0.05884598624754289 2.57
258 0.05884184845015206 2.58
259 0.05885588732264357 2.59
260 0.05890074509563958 2.6
261 0.05893590814601868 2.61
262 0.0589653767496659 2.62
263 0.05900545716126698 2.63
264 0.05904463287678724 2.64
265 0.05907873177870271 2.65
266 0.05911012500245066 2.66
267 0.05910109648691514 2.67
268 0.05911415495900563 2.68
269 0.05915422901666068 2.69
270 0.05917582377332353 2.7
271 0.05919377797919478 2.71
272 0.05922087980535784 2.72
273 0.05924947205403491 2.73
274 0.05928057534159703 2.74
275 0.05931345292363915 2.75
276 0.05934105221808705 2.76
277 0.05936860372160901 2.77
278 0.05939046650129143 2.78
279 0.05941214693341523 2.79
280 0.05943364736981949 2.8
281 0.05945571352808898 2.81
282 0.0594463159996535 2.82
283 0.05945167953123759 2.83
284 0.05947807184642373 2.84
285 0.05950964682443777 2.85
286 0.05954337227300543 2.86
287 0.05957177900450178 2.87
288 0.05959445885292247 2.88
289 0.05961282801828527 2.89
290 0.05965262528014081 2.9
291 0.05972397984552014 2.91
292 0.05973982387035637 2.92
293 0.05971942547314391 2.93
294 0.05970562568534626 2.94
295 0.0597208467634136 2.95
296 0.05975385174439918 2.96
297 0.05978428727498486 2.97
298 0.05984408253669499 2.98
299 0.05989818889927573 2.99
300 0.05991976867288373 3
301 0.05992129458352352 3.01
302 0.05991631457070412 3.02
303 0.05991588696880623 3.03
304 0.05992242527722574 3.04
305 0.0599162752309727 3.05
306 0.05992541589527461 3.06
307 0.05992330314033867 3.07
308 0.05994710743164533 3.08
309 0.05998618712539583 3.09
310 0.06002349984745192 3.1
311 0.06006451160087922 3.11
312 0.06008979494821798 3.12
313 0.06014090979964226 3.13
314 0.06016939385091552 3.14
315 0.06016252264979793 3.15
316 0.06015697211121879 3.16
317 0.06015351411986603 3.17
318 0.06013201187238909 3.18
319 0.0601316621082949 3.19
320 0.0601459091015526 3.2
321 0.06016589693075025 3.21
322 0.06019651347817906 3.22
323 0.06021866629810974 3.23
324 0.06022901623161481 3.24
325 0.06023674574827953 3.25
326 0.06025341230840642 3.26
327 0.06026208447458065 3.27
328 0.06030924549685535 3.28
329 0.06033199400302469 3.29
330 0.06030381345429842 3.3
331 0.06029951044195819 3.31
332 0.06030274973137095 3.32
333 0.06036973030959969 3.33
334 0.06039236806559239 3.34
335 0.06038824606177262 3.35
336 0.06037583030063604 3.36
337 0.06036301426055868 3.37
338 0.06035211563143911 3.38
339 0.06034908408833933 3.39
340 0.06035282264572295 3.4
341 0.06037356016077522 3.41
342 0.06039160864618076 3.42
343 0.06038679562318239 3.43
344 0.06038930810734616 3.44
345 0.06042479085476088 3.45
346 0.0604463530424823 3.46
347 0.06045547702073439 3.47
348 0.06046072799880137 3.48
349 0.06045474574553283 3.49
350 0.06044459132536728 3.5
351 0.06043409346505813 3.51
352 0.06042360605566049 3.52
353 0.06041416589931364 3.53
354 0.06039854612274687 3.54
355 0.06039896591696675 3.55
356 0.06039933085028648 3.56
357 0.06039967838783911 3.57
358 0.06040757925867113 3.58
359 0.06041820200258352 3.59
360 0.06041716384579282 3.6
361 0.06042360452604234 3.61
362 0.06042982188714779 3.62
363 0.06043171603057712 3.63
364 0.06043267318220036 3.64
365 0.06042995252256766 3.65
366 0.06042933305101877 3.66
367 0.06043705302808378 3.67
368 0.06042180936479713 3.68
369 0.06039698352161843 3.69
370 0.06036049313178554 3.7
371 0.06034092145593783 3.71
372 0.06033229734265672 3.72
373 0.0603405363654283 3.73
374 0.06034177409129288 3.74
375 0.06033949353816259 3.75
376 0.06033445644787211 3.76
377 0.06031744687672269 3.77
378 0.06031182201550372 3.78
379 0.06031595639342657 3.79
380 0.06031895242098201 3.8
381 0.06031711518090688 3.81
382 0.06030760977390809 3.82
383 0.0603053788313932 3.83
384 0.06028680179162277 3.84
385 0.06027995230135458 3.85
386 0.06025616403418432 3.86
387 0.06022512931116464 3.87
388 0.0601931722762124 3.88
389 0.06014239735558952 3.89
390 0.06011347103739439 3.9
391 0.06010394626756504 3.91
392 0.06011520569056128 3.92
393 0.06011140131997872 3.93
394 0.06009660044249382 3.94
395 0.06007443906037307 3.95
396 0.06005746915500765 3.96
397 0.06003699441082766 3.97
398 0.06001199551611514 3.98
399 0.05998771595428903 3.99
400 0.05996279823767958 4
401 0.05993825879512715 4.01
402 0.05991523356115153 4.02
403 0.05989128614661504 4.03
404 0.05986489837913778 4.04
405 0.05984031433765569 4.05
406 0.05980682705931267 4.06
407 0.05979106715063448 4.07
408 0.05976928059460063 4.08
409 0.05974690819102829 4.09
410 0.05973089951101557 4.1
411 0.05970622725477065 4.11
412 0.05968127813134488 4.12
413 0.05965468656050721 4.13
414 0.05962145254248136 4.14
415 0.05961166736090423 4.15
416 0.05958993649158695 4.16
417 0.05956819671797819 4.17
418 0.05954433560056044 4.18
419 0.05951716135445795 4.19
420 0.05948687711991396 4.2
421 0.05945039035870564 4.21
422 0.05941074456332263 4.22
423 0.05936812076821979 4.23
424 0.05933056077114834 4.24
425 0.05928948430250852 4.25
426 0.05923255983240838 4.26
427 0.05918803580470139 4.27
428 0.05915267706246741 4.28
429 0.05912482209788966 4.29
430 0.05908177359508876 4.3
431 0.05905473623349389 4.31
432 0.05902962025494451 4.32
433 0.05900412530333538 4.33
434 0.05897697808299784 4.34
435 0.0589496200459535 4.350000000000001
436 0.05892150748163116 4.36
437 0.05889263136206563 4.37
438 0.05886243457950874 4.38
439 0.05885227423002676 4.39
440 0.0588132975058091 4.4
441 0.0587581378820804 4.41
442 0.05870297835928806 4.42
443 0.05864973462379847 4.43
444 0.05860027868570228 4.44
445 0.05856074437120995 4.45
446 0.05852200385681966 4.46
447 0.058475965617033 4.47
448 0.05842719152915254 4.48
449 0.05837879702447035 4.49
450 0.05833242526716353 4.5
451 0.05828911530494829 4.51
452 0.0582453506438983 4.52
453 0.05820552588253669 4.53
454 0.05818289337390431 4.54
455 0.05814698152632758 4.55
456 0.05813552994511206 4.56
457 0.05812173256788905 4.57
458 0.0580752508371517 4.58
459 0.05800259435321914 4.59
460 0.0578906644344046 4.600000000000001
461 0.05778658136191223 4.61
462 0.05772918677805372 4.62
463 0.05769531719397319 4.63
464 0.05766898619286343 4.64
465 0.0576343034446512 4.65
466 0.05762118989072512 4.66
467 0.05756086470471861 4.67
468 0.05749853620234024 4.68
469 0.0574402164028614 4.69
470 0.05738605438909883 4.7
471 0.05733541731446901 4.71
472 0.05728656496266221 4.72
473 0.05722788679048924 4.73
474 0.05717693579473115 4.74
475 0.05712947481337416 4.75
476 0.05708341904851522 4.76
477 0.05703650944698607 4.77
478 0.05698766539680283 4.78
479 0.05694403719098884 4.79
480 0.05689523834920851 4.8
481 0.05684304173250121 4.81
482 0.05678853663993871 4.82
483 0.05672994452824054 4.83
484 0.05667185016949233 4.84
485 0.05662885887001218 4.850000000000001
486 0.05658599665671743 4.86
487 0.05652857670864431 4.87
488 0.05646363601074877 4.88
489 0.05639662935096973 4.89
490 0.05630710986388426 4.9
491 0.05623827942439474 4.91
492 0.05616909758656258 4.92
493 0.05612077629580592 4.93
494 0.05606233659213361 4.94
495 0.05600295355412405 4.95
496 0.05594740103916163 4.96
497 0.05589526288717805 4.97
498 0.05584338644630288 4.98
499 0.05578989480248286 4.99
500 0.05572739317489667 5
501 0.05566874997793153 5.01
502 0.05561473216745177 5.02
503 0.05555865210371913 5.03
504 0.05549827077178343 5.04
505 0.0554296652506277 5.05
506 0.05536640173708063 5.06
507 0.05530571793195521 5.07
508 0.05524516215320419 5.08
509 0.05520203386310568 5.09
510 0.05514136752720777 5.100000000000001
511 0.05507352383575409 5.11
512 0.05500336400034045 5.12
513 0.05493641746820965 5.13
514 0.05489005804756714 5.14
515 0.05482587714737158 5.15
516 0.05477089181216532 5.16
517 0.05470431619745281 5.17
518 0.0546332115322708 5.18
519 0.05456201055633791 5.19
520 0.05449067091099119 5.2
521 0.05440534571451128 5.21
522 0.05432806945023716 5.22
523 0.05425055867793427 5.23
524 0.05418959352931019 5.24
525 0.05412741184935921 5.25
526 0.05407701693363598 5.26
527 0.05402416105621433 5.27
528 0.05396859818481647 5.28
529 0.05390747926653849 5.29
530 0.05384461221402975 5.3
531 0.05378065396080695 5.31
532 0.05371413779804968 5.32
533 0.05364486166801291 5.33
534 0.05357487266025601 5.34
535 0.05350514698697073 5.350000000000001
536 0.05343813571553135 5.36
537 0.05336739047287126 5.37
538 0.05329739896046654 5.38
539 0.05322698886079991 5.39
540 0.05316474325653042 5.4
541 0.05309753184435795 5.41
542 0.05302308513571752 5.42
543 0.05295641030432002 5.43
544 0.05288209993024889 5.44
545 0.05280686836992016 5.45
546 0.05273461894213621 5.46
547 0.05266767606639478 5.47
548 0.05260614399286795 5.48
549 0.05254809029312257 5.49
550 0.05248940289694998 5.5
551 0.05242744049945269 5.51
552 0.05235151624230294 5.52
553 0.05229133777841372 5.53
554 0.05222235917555051 5.54
555 0.05216035479858866 5.55
556 0.05210003515817174 5.56
557 0.05203789278360171 5.57
558 0.05196765890792976 5.58
559 0.05190293166193444 5.59
560 0.05183480562966147 5.600000000000001
561 0.05175290836408886 5.61
562 0.05168202356327278 5.62
563 0.0516039304826032 5.63
564 0.05153246613368456 5.64
565 0.05145456152819416 5.65
566 0.0513843633865117 5.66
567 0.05131140616964314 5.67
568 0.05124562455385662 5.68
569 0.05117711184142465 5.69
570 0.05109973445220295 5.7
571 0.05103123617877625 5.71
572 0.050959485374302 5.72
573 0.05088903211623219 5.73
574 0.05082041472890575 5.74
575 0.05075780631884957 5.75
576 0.05068713118514706 5.76
577 0.05061329016358712 5.77
578 0.05055518019340527 5.78
579 0.05049253161424455 5.79
580 0.0504266264759694 5.8
581 0.05035639640721962 5.81
582 0.05028346032208431 5.82
583 0.05020462275970522 5.83
584 0.05012951757994644 5.84
585 0.05005122521676231 5.850000000000001
586 0.04998551886005737 5.86
587 0.04991579098894028 5.87
588 0.04986088881389433 5.88
589 0.04979600949098528 5.89
590 0.04972390400772803 5.9
591 0.04964784545141243 5.91
592 0.04957081392367857 5.92
593 0.04947938003892755 5.93
594 0.04939893578478077 5.94
595 0.04933397172138926 5.95
596 0.04926102253780534 5.96
597 0.04920058392537069 5.97
598 0.04914753351138085 5.98
599 0.04908065340617535 5.99
600 0.04901809072879826 6
601 0.04894079113021527 6.01
602 0.04887526399583492 6.02
603 0.04880329296188674 6.03
604 0.04872071049412652 6.04
605 0.04866188413807054 6.05
606 0.04858119392507865 6.06
607 0.04850662572322362 6.07
608 0.0484370464946427 6.08
609 0.04835235925406306 6.09
610 0.04828054570489659 6.100000000000001
611 0.04820800263252267 6.11
612 0.04814220653747808 6.12
613 0.04807514432051663 6.13
614 0.04802975486619765 6.140000000000001
615 0.04797832663281559 6.15
616 0.04791805538213229 6.16
617 0.04784919333702586 6.17
618 0.04777423964409772 6.18
619 0.04769594913863479 6.19
620 0.04761705196788818 6.2
621 0.04755067673536673 6.21
622 0.04746497866202765 6.22
623 0.04738779636867846 6.23
624 0.04732758819002664 6.24
625 0.04725162939301725 6.25
626 0.0471893560154219 6.26
627 0.04712388489639774 6.27
628 0.04705659216286839 6.28
629 0.04698804763797571 6.29
630 0.0469184640794712 6.3
631 0.04684813536261878 6.31
632 0.04677706393369202 6.32
633 0.04669306152975472 6.33
634 0.04663266698909485 6.34
635 0.04656697077419047 6.350000000000001
636 0.04647612689204564 6.36
637 0.0463997471509966 6.37
638 0.04632189799697681 6.38
639 0.04624585018956529 6.390000000000001
640 0.04617492425626418 6.4
641 0.04610823106471831 6.41
642 0.04604460407716393 6.42
643 0.04598294237607839 6.43
644 0.04592196156333153 6.44
645 0.04586068425980069 6.45
646 0.04580898230122052 6.46
647 0.0457511697511907 6.47
648 0.04568783064688881 6.48
649 0.04561989387207077 6.49
650 0.0455375676233063 6.5
651 0.04545751123960479 6.51
652 0.04538436201628385 6.52
653 0.04530087099846825 6.53
654 0.04522897436584633 6.54
655 0.04514507066947726 6.55
656 0.04507230182313735 6.56
657 0.04501484885270551 6.57
658 0.04494603873749856 6.58
659 0.04489031512742139 6.59
660 0.04482129780050062 6.600000000000001
661 0.04475811524893103 6.61
662 0.04470912843780861 6.62
663 0.04464007732399736 6.63
664 0.04458299201290308 6.640000000000001
665 0.04451780268082556 6.65
666 0.04444594473247385 6.66
667 0.04437579793562238 6.67
668 0.04430667026764998 6.68
669 0.04423170287138031 6.69
670 0.04417008517720758 6.7
671 0.04409331925848259 6.71
672 0.04403373121689755 6.72
673 0.04395878542980367 6.73
674 0.04390034359574208 6.74
675 0.04383785158369558 6.75
676 0.04377269130497294 6.76
677 0.04370107207849633 6.77
678 0.04363058817899343 6.78
679 0.04356126079132405 6.79
680 0.04350517531999029 6.8
681 0.04344643128423201 6.81
682 0.04340080570237603 6.82
683 0.04332505462940139 6.83
684 0.04326831339936893 6.84
685 0.04318185279623388 6.850000000000001
686 0.04312199519065879 6.86
687 0.04303277285332383 6.87
688 0.04297363568991441 6.88
689 0.04288240912736363 6.890000000000001
690 0.04282418283374217 6.9
691 0.04273979871005035 6.91
692 0.0426857078824241 6.92
693 0.04261163166303367 6.93
694 0.04256391497158937 6.94
695 0.04249147830872249 6.95
696 0.0424318969690721 6.96
697 0.04237396158157297 6.97
698 0.0423088544748558 6.98
699 0.04223828536700455 6.99
700 0.04217279357864398 7
701 0.04211400097471546 7.01
702 0.04205588221502995 7.02
703 0.04199757893368491 7.03
704 0.04193849420352841 7.04
705 0.04187646317765231 7.05
706 0.04181131825921056 7.06
707 0.04174412810761907 7.07
708 0.04166037858264082 7.08
709 0.04159819300644466 7.09
710 0.04153351227788302 7.100000000000001
711 0.04145722580958838 7.11
712 0.04139884247226122 7.12
713 0.04133629680097278 7.13
714 0.04127301590540883 7.140000000000001
715 0.04124072092078829 7.15
716 0.04119732739832799 7.16
717 0.04114297519109711 7.17
718 0.04107822726735733 7.18
719 0.04100775696947376 7.19
720 0.04093469401759262 7.2
721 0.04086161979062788 7.21
722 0.04079042264941862 7.22
723 0.0407099036698855 7.23
724 0.04065648069527525 7.24
725 0.04058111943101797 7.25
726 0.04053002099095071 7.26
727 0.04045742559557822 7.27
728 0.04040946688115427 7.28
729 0.04032100556764923 7.29
730 0.04026219938819642 7.3
731 0.04018737529522812 7.31
732 0.04013770062609753 7.32
733 0.04008704000880559 7.33
734 0.04001936598500427 7.34
735 0.03997113563612542 7.350000000000001
736 0.03991837869388964 7.36
737 0.03986113496162685 7.37
738 0.03979948448324697 7.38
739 0.03973449143620245 7.390000000000001
740 0.03964772617135937 7.4
741 0.03958877610597125 7.41
742 0.03952864698486011 7.42
743 0.03944911888674982 7.43
744 0.03939564359539918 7.44
745 0.03932410680654339 7.45
746 0.03927570776641759 7.46
747 0.03920277245690998 7.47
748 0.03915359651023798 7.48
749 0.03909175775145796 7.49
750 0.03904011207220084 7.5
751 0.03899025244630785 7.51
752 0.03894009368429577 7.52
753 0.03888823702335648 7.53
754 0.03883357266073348 7.54
755 0.03877583111884253 7.55
756 0.03871323052765432 7.56
757 0.03865291268382914 7.57
758 0.03859094906086938 7.58
759 0.03852705571755202 7.59
760 0.03846374205135594 7.600000000000001
761 0.03841590513977466 7.61
762 0.03835129543382013 7.62
763 0.03830405052589511 7.63
764 0.03823411286127371 7.640000000000001
765 0.03816384227034356 7.65
766 0.03809528555729627 7.66
767 0.03802801054991078 7.67
768 0.0379577137502147 7.68
769 0.03789293581817382 7.69
770 0.03784160051183916 7.7
771 0.03779044934135944 7.71
772 0.03773825363749073 7.72
773 0.03766852935553605 7.73
774 0.03761991444736912 7.74
775 0.0375515138742116 7.75
776 0.03750225028313012 7.76
777 0.03743103048416807 7.77
778 0.03739790656351025 7.78
779 0.03733531676256052 7.79
780 0.03727369073885661 7.8
781 0.03721169592959334 7.81
782 0.03714945280109924 7.82
783 0.03710630997510844 7.83
784 0.03703620071226332 7.84
785 0.03697155741631897 7.850000000000001
786 0.03692899768124422 7.86
787 0.03686176879415712 7.87
788 0.03681937278690092 7.88
789 0.03675332797542127 7.890000000000001
790 0.03671032281253594 7.9
791 0.03666042095971586 7.91
792 0.03660326829742572 7.92
793 0.03654746275306286 7.930000000000001
794 0.0364911986225106 7.94
795 0.03643470842002242 7.95
796 0.0363780107112521 7.96
797 0.0363203037699209 7.97
798 0.03626197205168796 7.98
799 0.03620287044809078 7.99
800 0.03614405626107542 8
801 0.0360835559089937 8.01
802 0.03602213444830521 8.02
803 0.03596059381209307 8.029999999999999
804 0.03589962520579348 8.040000000000001
805 0.03583976219542667 8.050000000000001
806 0.03578148504629913 8.06
807 0.03572476801967236 8.07
808 0.03566904463860671 8.08
809 0.03561351999556095 8.09
810 0.03555851656026435 8.1
811 0.03550212986135853 8.109999999999999
812 0.03542399455899733 8.120000000000001
813 0.0353731673131594 8.130000000000001
814 0.03530285767719765 8.140000000000001
815 0.03524781429510487 8.15
816 0.03517725258853718 8.16
817 0.03513001460282203 8.17
818 0.03506985170331237 8.18
819 0.03501552463257482 8.19
820 0.03497371148205822 8.199999999999999
821 0.03492431425628917 8.210000000000001
822 0.03487887172595278 8.220000000000001
823 0.03483467746065333 8.23
824 0.03479076189344885 8.24
825 0.03474805130163916 8.25
826 0.03471396431491552 8.26
827 0.03466172718020033 8.27
828 0.03460667128421807 8.279999999999999
829 0.03455962124292858 8.290000000000001
830 0.03449189396180496 8.300000000000001
831 0.03443749643911356 8.31
832 0.03436294840290413 8.32
833 0.03430681015429121 8.33
834 0.03424806523496571 8.34
835 0.03418937748258991 8.35
836 0.03412988371434775 8.359999999999999
837 0.03407105312954037 8.370000000000001
838 0.03401360623352639 8.380000000000001
839 0.03395819647105006 8.390000000000001
840 0.03390402623107605 8.4
841 0.03385023418816777 8.41
842 0.03379625979974302 8.42
843 0.03374552195531325 8.43
844 0.03369389045502849 8.44
845 0.03364094424475128 8.449999999999999
846 0.03358679659992189 8.460000000000001
847 0.0335316108443762 8.470000000000001
848 0.03347568954780161 8.48
849 0.03341489888261662 8.49
850 0.03335527501012009 8.5
851 0.03329529486434263 8.51
852 0.03324559724199122 8.52
853 0.03319704503517582 8.529999999999999
854 0.03314838622428867 8.540000000000001
855 0.03309910069356609 8.550000000000001
856 0.03304842455360965 8.56
857 0.03298780075316943 8.57
858 0.03292998318118684 8.58
859 0.03287497706160752 8.59
860 0.03281304920151015 8.6
861 0.03276936398810856 8.609999999999999
862 0.03272600619104382 8.620000000000001
863 0.0326823868717451 8.630000000000001
864 0.03263760505942265 8.640000000000001
865 0.03258430202689358 8.65
866 0.03254423389046082 8.66
867 0.03249972877465526 8.67
868 0.03245101265971778 8.68
869 0.03238826557854468 8.69
870 0.03233873027222509 8.700000000000001
871 0.03228244341649078 8.710000000000001
872 0.03221324789428132 8.720000000000001
873 0.03216024721356697 8.73
874 0.03210497894787487 8.74
875 0.0320385002211101 8.75
876 0.031988229132172 8.76
877 0.03192692485826565 8.77
878 0.03187964389184711 8.779999999999999
879 0.03182009569916805 8.790000000000001
880 0.03177343862468274 8.800000000000001
881 0.03172066757136593 8.81
882 0.03167864019170757 8.82
883 0.03162379611366198 8.83
884 0.03158023002731142 8.84
885 0.03153201108079268 8.85
886 0.03148047825402842 8.859999999999999
887 0.03142681491713711 8.870000000000001
888 0.03137159986946075 8.880000000000001
889 0.03131575622611815 8.890000000000001
890 0.0312600526342966 8.9
891 0.03120508602460645 8.91
892 0.0311512791797158 8.92
893 0.03109882531379982 8.93
894 0.03104802877790361 8.94
895 0.03099908297711973 8.950000000000001
896 0.0309513103460147 8.960000000000001
897 0.03090385018876288 8.970000000000001
898 0.03085589367598185 8.98
899 0.03080690223003729 8.99
900 0.03075671420268961 9
901 0.03070421306707391 9.01
902 0.03066274011856526 9.02
903 0.03060100797256621 9.029999999999999
904 0.03055635560253156 9.040000000000001
905 0.03049408635209855 9.050000000000001
906 0.03045038806742315 9.06
907 0.03039041794918923 9.07
908 0.03033588331820888 9.08
909 0.03029693636903408 9.09
910 0.03024187232101166 9.1
911 0.0301918600263161 9.109999999999999
912 0.03014426043155083 9.120000000000001
913 0.03009750431326955 9.130000000000001
914 0.03003721185696606 9.140000000000001
915 0.0299817100904545 9.15
916 0.02992980552681368 9.16
917 0.02988482804801329 9.17
918 0.0298384951769588 9.18
919 0.02978918698569219 9.19
920 0.02973789456616416 9.200000000000001
921 0.02968490249820954 9.210000000000001
922 0.02963072354173402 9.220000000000001
923 0.02957603867987288 9.23
924 0.02951689372324592 9.24
925 0.02946018356838753 9.25
926 0.02940546571638458 9.26
927 0.02935243061928008 9.27
928 0.02930159583633463 9.279999999999999
929 0.02925298344011451 9.290000000000001
930 0.02920289933245848 9.300000000000001
931 0.02916333065932786 9.31
932 0.02911982635586138 9.32
933 0.02908206053196571 9.33
934 0.0290512106731757 9.34
935 0.02901273689698042 9.35
936 0.02896773257291602 9.359999999999999
937 0.02891762175063167 9.370000000000001
938 0.02886407086575646 9.380000000000001
939 0.0288085357439416 9.390000000000001
940 0.02875204930993769 9.4
941 0.02869547413376322 9.41
942 0.02862928760803102 9.42
943 0.02856761098368965 9.43
944 0.02851150214156314 9.44
945 0.02845981813641008 9.450000000000001
946 0.02841078648841794 9.460000000000001
947 0.02836470055021278 9.470000000000001
948 0.02832541223211457 9.48
949 0.02827918617477568 9.49
950 0.02822917000609418 9.5
951 0.02818166889881188 9.51
952 0.0281341857014758 9.52
953 0.02809260841105626 9.529999999999999
954 0.02803682158206164 9.540000000000001
955 0.02798301912856818 9.550000000000001
956 0.02793853238414581 9.56
957 0.0278806962945268 9.57
958 0.02782715496582999 9.58
959 0.02777448234432095 9.59
960 0.02772312850145839 9.6
961 0.0276701151045109 9.609999999999999
962 0.02762756869071001 9.620000000000001
963 0.02757201413355997 9.630000000000001
964 0.02751999804468191 9.640000000000001
965 0.02747729918052963 9.65
966 0.02742271094934073 9.66
967 0.02737259149186433 9.67
968 0.02733154784765407 9.68
969 0.02727948351452919 9.69
970 0.02723128384245271 9.700000000000001
971 0.0271850901459868 9.710000000000001
972 0.02713966895351039 9.720000000000001
973 0.0270942240976175 9.73
974 0.02704817647439237 9.74
975 0.02700132182878928 9.75
976 0.02695389579286259 9.76
977 0.02690615450736239 9.77
978 0.02685805420567547 9.779999999999999
979 0.02681025792872094 9.790000000000001
980 0.02676285118358362 9.800000000000001
981 0.02671569554377085 9.81
982 0.02666900374677716 9.82
983 0.02662215431552539 9.83
984 0.0265748672397117 9.84
985 0.02652674180769143 9.85
986 0.02647760848730971 9.859999999999999
987 0.02642751014387892 9.870000000000001
988 0.02637414175685271 9.880000000000001
989 0.02632131809708449 9.890000000000001
990 0.02626829190159077 9.9
991 0.02621723053527616 9.91
992 0.02616800245726675 9.92
993 0.02612025860596903 9.93
994 0.02607492123956187 9.94
995 0.02603019768542922 9.950000000000001
996 0.02598794454886685 9.960000000000001
997 0.02594390325419271 9.970000000000001
998 0.02589790772079165 9.98
999 0.02585207921582122 9.99
1000 0.02580380510393465 10
1001 0.02575342086228666 10.01
1002 0.02570141309132362 10.02
1003 0.02564832085915383 10.03
1004 0.02559474260242828 10.04
1005 0.02553977169938951 10.05
1006 0.02548590302203452 10.06
1007 0.02543350002181199 10.07
1008 0.02538255823817315 10.08
1009 0.02533292261023984 10.09
1010 0.02528264006673772 10.1
1011 0.02523391590243718 10.11
1012 0.02518653256952219 10.12
1013 0.02514017956082407 10.13
1014 0.02509451816163377 10.14
1015 0.02506130049036642 10.15
1016 0.0250115533518683 10.16
1017 0.02497322696880858 10.17
1018 0.02491977731153056 10.18
1019 0.0248798498513024 10.19
1020 0.02482457842266311 10.2
1021 0.02478379683682472 10.21
1022 0.02472732786201734 10.22
1023 0.02470407271125286 10.23
1024 0.02465131815781949 10.24
1025 0.02461948132433661 10.25
1026 0.02454405468606818 10.26
1027 0.02449316105625918 10.27
1028 0.02442523235940333 10.28
1029 0.02438012303077383 10.29
1030 0.02432137985304147 10.3
1031 0.0242702911106604 10.31
1032 0.02423421666590952 10.32
1033 0.02418553178513635 10.33
1034 0.02414190286522619 10.34
1035 0.02410007275360013 10.35
1036 0.0240587406566268 10.36
1037 0.02401689456626699 10.37
1038 0.02397595835037925 10.38
1039 0.02393280647347334 10.39
1040 0.02388745418075389 10.4
1041 0.02384016779475948 10.41
1042 0.02379213393180407 10.42
1043 0.02374281762986172 10.43
1044 0.02369275101922416 10.44
1045 0.02364227293887361 10.45
1046 0.02359186443331562 10.46
1047 0.0235418610967536 10.47
1048 0.02349251671156899 10.48
1049 0.02344393467624573 10.49
1050 0.02339741805403925 10.5
1051 0.02335115394202092 10.51
1052 0.02330487056266201 10.52
1053 0.02327016758971143 10.53
1054 0.02323057884083563 10.54
1055 0.02318669968217754 10.55
1056 0.02313927529125179 10.56
1057 0.02309144799562021 10.57
1058 0.0230653366653337 10.58
1059 0.02300242479403353 10.59
1060 0.02294212229232676 10.6
1061 0.02288172959679133 10.61
1062 0.02284731403473322 10.62
1063 0.02278480240042938 10.63
1064 0.02272726475201481 10.64
1065 0.02269487523373628 10.65
1066 0.02263659892500425 10.66
1067 0.02260440206288752 10.67
1068 0.02254645952746565 10.68
1069 0.02251131135724865 10.69
1070 0.02245217898050952 10.7
1071 0.02241500372562255 10.71
1072 0.02235492712489276 10.72
1073 0.02231966691858633 10.73
1074 0.02226192423514836 10.74
1075 0.02222813565932893 10.75
1076 0.0221721511174727 10.76
1077 0.02212063998283775 10.77
1078 0.02209053960125926 10.78
1079 0.02203802371814312 10.79
1080 0.02198820201029739 10.8
1081 0.02194035145889395 10.81
1082 0.02191101294907982 10.82
1083 0.02185894378896408 10.83
1084 0.02180544064178416 10.84
1085 0.02175512196981833 10.85
1086 0.02170756416598921 10.86
1087 0.02166217943796972 10.87
1088 0.0216324828658267 10.88
1089 0.02158259478424396 10.89
1090 0.02153477456722963 10.9
1091 0.02148746262240028 10.91
1092 0.02144077765171992 10.92
1093 0.02139441470739809 10.93
1094 0.0213481328693898 10.94
1095 0.02130204331396512 10.95
1096 0.02125759790793746 10.96
1097 0.02121241507263585 10.97
1098 0.02116587795872846 10.98
1099 0.02111986081167075 10.99
1100 0.02107431996812684 11
1101 0.0210461626727326 11.01
1102 0.02099585135641094 11.02
1103 0.02094708245958063 11.03
1104 0.02091530239488268 11.04
1105 0.02085993392709992 11.05
1106 0.02080693460036545 11.06
1107 0.02077284734292187 11.07
1108 0.02071495569109028 11.08
1109 0.0206788754780568 11.09
1110 0.02061940900950826 11.1
1111 0.02058235395658881 11.11
1112 0.02052342038017363 11.12
1113 0.02048682256050369 11.13
1114 0.02042827436514247 11.14
1115 0.02039214851359356 11.15
1116 0.02033456315251575 11.16
1117 0.02029909630695975 11.17
1118 0.02024259998215633 11.18
1119 0.02020782934342677 11.19
1120 0.02015229067019259 11.2
1121 0.02011810070022441 11.21
1122 0.02006230671243564 11.22
1123 0.02002304197189897 11.23
1124 0.01996381313969128 11.24
1125 0.01992779789791668 11.25
1126 0.01987265119924511 11.26
1127 0.01984840852079728 11.27
1128 0.01980293610962222 11.28
1129 0.01976818312733755 11.29
1130 0.0197125974656866 11.3
1131 0.01967971899453552 11.31
1132 0.01962138882922712 11.32
1133 0.01958732933324586 11.33
1134 0.01953501829715099 11.34
1135 0.01950267598405586 11.35
1136 0.0194401131577302 11.36
1137 0.01940351974370186 11.37
1138 0.01934611064046807 11.38
1139 0.01929354494772445 11.39
1140 0.01925758224995955 11.4
1141 0.01920342259387958 11.41
1142 0.01915427672240688 11.42
1143 0.01912110130482156 11.43
1144 0.01907043920301449 11.44
1145 0.01902376564857058 11.45
1146 0.01899250816243636 11.46
1147 0.01894684805176328 11.47
1148 0.01890330327992248 11.48
1149 0.01887378182641275 11.49
1150 0.01882424790250339 11.5
1151 0.0187922594705702 11.51
1152 0.01873767840626298 11.52
1153 0.01870306958192799 11.53
1154 0.01864574494707161 11.54
1155 0.01861001551704275 11.55
1156 0.01854720681749861 11.56
1157 0.0185072018872853 11.57
1158 0.01844851732074929 11.58
1159 0.01841705800036683 11.59
1160 0.01836546899175073 11.6
1161 0.01833305990415857 11.61
1162 0.01827952982750106 11.62
1163 0.01824568263333481 11.63
1164 0.01819021233758505 11.64
1165 0.01815528657124471 11.65
1166 0.01809876211838859 11.66
1167 0.01806264735524399 11.67
1168 0.01801933122694732 11.68
1169 0.01799441664441695 11.69
1170 0.01795873157925049 11.7
1171 0.0178953279688559 11.71
1172 0.01785865704300524 11.72
1173 0.01779499787398395 11.73
1174 0.01775913829353815 11.74
1175 0.01771998258583704 11.75
1176 0.01765593676894298 11.76
1177 0.01762126173637904 11.77
1178 0.01758428882987259 11.78
1179 0.01752441806320953 11.79
1180 0.01749239600872268 11.8
1181 0.01745779503550068 11.81
1182 0.01740239426771725 11.82
1183 0.01737189198287614 11.83
1184 0.01730652433576454 11.84
1185 0.01726554104028871 11.85
1186 0.01721057019557537 11.86
1187 0.01717530105074197 11.87
1188 0.01712658283417784 11.88
1189 0.01709202671581514 11.89
1190 0.01704434044291486 11.9
1191 0.01701081581990987 11.91
1192 0.01696413518022591 11.92
1193 0.01693107230963253 11.93
1194 0.01688331994902947 11.94
1195 0.01684916438655673 11.95
1196 0.01679845399134208 11.96
1197 0.01675151103004446 11.97
1198 0.01671683149296727 11.98
1199 0.0166654275761717 11.99
1200 0.01662840388792833 12
1201 0.01657552490240499 12.01
1202 0.0165271457030633 12.02
1203 0.01649240949195085 12.03
1204 0.01644334037989637 12.04
1205 0.01640861375280592 12.05
1206 0.01636137219158648 12.06
1207 0.01632566754542339 12.07
1208 0.01627571334381242 12.08
1209 0.01624027721247934 12.09
1210 0.01619098977781322 12.1
1211 0.01614584952619563 12.11
1212 0.01611224232156824 12.12
1213 0.01606689316387763 12.13
1214 0.01602413175127793 12.14
1215 0.01598263348446821 12.15
1216 0.01595069333880703 12.16
1217 0.01590416397341654 12.17
1218 0.01585608603442404 12.18
1219 0.01582008714793828 12.19
1220 0.01576978391856204 12.2
1221 0.01572379936700793 12.21
1222 0.01568939069554098 12.22
1223 0.0156423509511186 12.23
1224 0.01560771287597987 12.24
1225 0.01555964221412651 12.25
1226 0.0155238226597621 12.26
1227 0.01547659536792598 12.27
1228 0.01544136602961757 12.28
1229 0.01540348889505927 12.29
1230 0.0153535243013759 12.3
1231 0.01531687224843917 12.31
1232 0.01527645126797877 12.32
1233 0.01522393818424023 12.33
1234 0.01518536454183689 12.34
1235 0.01514537277031824 12.35
1236 0.0151040614022378 12.36
1237 0.01505293089561754 12.37
1238 0.01501504001785381 12.38
1239 0.01497543669617482 12.39
1240 0.0149344727714264 12.4
1241 0.01488377993409382 12.41
1242 0.01484598292397765 12.42
1243 0.0148064394016604 12.43
1244 0.01476554545067651 12.44
1245 0.01471551118366762 12.45
1246 0.01467810231919697 12.46
1247 0.01463927778882446 12.47
1248 0.01458364596183567 12.48
1249 0.01454459646864317 12.49
1250 0.01450333283033137 12.5
1251 0.0144515564994048 12.51
1252 0.01441497118068388 12.52
1253 0.01437696727253088 12.53
1254 0.01433065205300785 12.54
1255 0.01429809855864989 12.55
1256 0.01425640451684013 12.56
1257 0.01422450308015619 12.57
1258 0.01418944466976407 12.58
1259 0.01415108586650893 12.59
1260 0.0141234537960965 12.6
1261 0.01408515653387224 12.61
1262 0.0140558919105446 12.62
1263 0.01401284480402321 12.63
1264 0.01397944734173048 12.64
1265 0.01392952726420735 12.65
1266 0.01389196074657117 12.66
1267 0.01383627603169393 12.67
1268 0.01378395443096889 12.68
1269 0.0137344098442638 12.69
1270 0.01369861167569744 12.7
1271 0.01364725214792753 12.71
1272 0.01359985193180036 12.72
1273 0.013555552520397 12.73
1274 0.01352280339635173 12.74
1275 0.01347566666459071 12.75
1276 0.01344286945486975 12.76
1277 0.01339706049147005 12.77
1278 0.01336540781584297 12.78
1279 0.01332097932031306 12.79
1280 0.01328981874596299 12.8
1281 0.01324575334607439 12.81
1282 0.01321439266022381 12.82
1283 0.01317812165354626 12.83
1284 0.01312877270689697 12.84
1285 0.01309490614669398 12.85
1286 0.01305850718216695 12.86
1287 0.01300843809744878 12.87
1288 0.01297461901843111 12.88
1289 0.01294116389133654 12.89
1290 0.01290522895592819 12.9
1291 0.01285407608500158 12.91
1292 0.01282033743585312 12.92
1293 0.01278414599034106 12.93
1294 0.01274547264159032 12.94
1295 0.01269079914963409 12.95
1296 0.01265458972017247 12.96
1297 0.01261620577340963 12.97
1298 0.01257621481253934 12.98
1299 0.01253523924475658 12.99
1300 0.01249375672681591 13
1301 0.01243630223677908 13.01
1302 0.01239939102151555 13.02
1303 0.01236227455955885 13.03
1304 0.01232516427835789 13.04
1305 0.0122892241457874 13.05
1306 0.01224063912545784 13.06
1307 0.01220937078919948 13.07
1308 0.01217620292922342 13.08
1309 0.01214107401602227 13.09
1310 0.01209152707713385 13.1
1311 0.01205918882655777 13.11
1312 0.01202474301577122 13.12
1313 0.0119761650910668 13.13
1314 0.01194336902749377 13.14
1315 0.01189654843963281 13.15
1316 0.01186428804165801 13.16
1317 0.01181844203157925 13.17
1318 0.01178676016016353 13.18
1319 0.01174138975346123 13.19
1320 0.01170991128218465 13.2
1321 0.01166455876245412 13.21
1322 0.01163055860121903 13.22
1323 0.01159428882327793 13.23
1324 0.01154476883704103 13.24
1325 0.01151095352051304 13.25
1326 0.01146504291838943 13.26
1327 0.01143294083091326 13.27
1328 0.01138904806206481 13.28
1329 0.01135765083374587 13.29
1330 0.01131349179489752 13.3
1331 0.01128124753898102 13.31
1332 0.01123703593937564 13.32
1333 0.0112052487467435 13.33
1334 0.01116040457164511 13.34
1335 0.01112863764999369 13.35
1336 0.01108951512494274 13.36
1337 0.01106211595913889 13.37
1338 0.01101855358247347 13.38
1339 0.01099101908403904 13.39
1340 0.0109466823893424 13.4
1341 0.0109162806114067 13.41
1342 0.01086680283780747 13.42
1343 0.01083559889718633 13.43
1344 0.01080102187915355 13.44
1345 0.01074759283625373 13.45
1346 0.01071538854876786 13.46
1347 0.01068079155549309 13.47
1348 0.01062707520534517 13.48
1349 0.01059557531072439 13.49
1350 0.0105623441909887 13.5
1351 0.01052737804950085 13.51
1352 0.01047467758320048 13.52
1353 0.01044436537980206 13.53
1354 0.01041237438989465 13.54
1355 0.01036380888465774 13.55
1356 0.0103354725351911 13.56
1357 0.01030572279947908 13.57
1358 0.01025637462481685 13.58
1359 0.0102279588283557 13.59
1360 0.01019696119744573 13.6
1361 0.01016357122703809 13.61
1362 0.01011087643958894 13.62
1363 0.01007910164368403 13.63
1364 0.01004552048743607 13.64
1365 0.0100103682632898 13.65
1366 0.00995723997441092 13.66
1367 0.009926627222430373 13.67
1368 0.009894595875341083 13.68
1369 0.009845478651655776 13.69
1370 0.009816722544782636 13.7
1371 0.009785882362250753 13.71
1372 0.009737448490104522 13.72
1373 0.009709553229723111 13.73
1374 0.00967899788132634 13.74
1375 0.009629947265631683 13.75
1376 0.009601949541355875 13.76
1377 0.00957120221029284 13.77
1378 0.009520591343386869 13.78
1379 0.009491444583358516 13.79
1380 0.009459837281927813 13.8
1381 0.009399599676968851 13.81
1382 0.009360544686802447 13.82
1383 0.009321445964753761 13.83
1384 0.009270527267701112 13.84
1385 0.009238402725237987 13.85
1386 0.009206522136432749 13.86
1387 0.009172654191065388 13.87
1388 0.009150957375981317 13.88
1389 0.009117352153641484 13.89
1390 0.009093538519067051 13.9
1391 0.009056157144069765 13.91
1392 0.009029966683566815 13.92
1393 0.008988687616952373 13.93
1394 0.008960047573883634 13.94
1395 0.00891548445836654 13.95
1396 0.008885205479623987 13.96
1397 0.008838616753340245 13.97
1398 0.008807519475362985 13.98
1399 0.008761300030010577 13.99
1400 0.0087308642686236 14
1401 0.00868609992630448 14.01
1402 0.008656767169516605 14.02
1403 0.008613709565465755 14.03
1404 0.008585423791707458 14.04
1405 0.008543749112415067 14.05
1406 0.00851616942073577 14.06
1407 0.008475273386912785 14.07
1408 0.008446028177494652 14.08
1409 0.008403991619620882 14.09
1410 0.008375527827832407 14.1
1411 0.008334893640353863 14.11
1412 0.008307174288697344 14.12
1413 0.00826585547550332 14.13
1414 0.00823692324089248 14.14
1415 0.008196482820838652 14.15
1416 0.008167910666019018 14.16
1417 0.008127744901116785 14.17
1418 0.008100010254298767 14.18
1419 0.008055305781289435 14.19
1420 0.008022717625697479 14.2
1421 0.007994872342332038 14.21
1422 0.007976576867130047 14.22
1423 0.007939549534283386 14.23
1424 0.00790693006054749 14.24
1425 0.007864263675897237 14.25
1426 0.007821586864486807 14.26
1427 0.00777270864701618 14.27
1428 0.007737460748265812 14.28
1429 0.007698523681276936 14.29
1430 0.007668354953320744 14.3
1431 0.007634882949456995 14.31
1432 0.007607006815503498 14.32
1433 0.007577827155629963 14.33
1434 0.00754465653288014 14.34
1435 0.007516468975658691 14.35
1436 0.007483405756299938 14.36
1437 0.007454655176254932 14.37
1438 0.007420048782989824 14.38
1439 0.007389989510698441 14.39
1440 0.007352922741553886 14.4
1441 0.0073211770906145 14.41
1442 0.007283149259078137 14.42
1443 0.007251304036999834 14.43
1444 0.00721346231655326 14.44
1445 0.007181823075097765 14.45
1446 0.007144674654279509 14.46
1447 0.007113594371662146 14.47
1448 0.007077781418670548 14.48
1449 0.007038009245763338 14.49
1450 0.007005871614426479 14.5
1451 0.006972529951860457 14.51
1452 0.006955345230996418 14.52
1453 0.00694118261721563 14.53
1454 0.006921080239875255 14.54
1455 0.006894842608235141 14.55
1456 0.006850876362363839 14.56
1457 0.006819396344200951 14.57
1458 0.006783421032895171 14.58
1459 0.006744098170727575 14.59
1460 0.006686725848143726 14.6
1461 0.006650051097610771 14.61
1462 0.00661261138213623 14.62
1463 0.006575434289799842 14.63
1464 0.006525891049358523 14.64
1465 0.006494380121643162 14.65
1466 0.006463720322318789 14.66
1467 0.006424438448602354 14.67
1468 0.006399793481477845 14.68
1469 0.006374567895358146 14.69
1470 0.006340815078133055 14.7
1471 0.006318154167637008 14.71
1472 0.006293423348947391 14.72
1473 0.006258466652327682 14.73
1474 0.006234235474423977 14.74
1475 0.006199042619527334 14.75
1476 0.006174230258297275 14.76
1477 0.006137781908371998 14.77
1478 0.006118328435517018 14.78
1479 0.006084214985038833 14.79
1480 0.006060976036379534 14.8
1481 0.006021585799387968 14.81
1482 0.005995523000451641 14.82
1483 0.005953149675477915 14.83
1484 0.005925956633334201 14.84
1485 0.005883157647185305 14.85
1486 0.005856767630844417 14.86
1487 0.005814938122652491 14.87
1488 0.005789468200746495 14.88
1489 0.005743245107581896 14.89
1490 0.005713770784634087 14.9
1491 0.00567436749227121 14.91
1492 0.005648634976070849 14.92
1493 0.005613833216838227 14.93
1494 0.005590138757306629 14.94
1495 0.005552454110442251 14.95
1496 0.005525431643348316 14.96
1497 0.005490629129236035 14.97
1498 0.005465160580693046 14.98
1499 0.005433394489480603 14.99
1500 0.005410184735228973 15
1501 0.005379082028529214 15.01
1502 0.005354700031059312 15.02
1503 0.005328087092931755 15.03
1504 0.005291968365987443 15.04
1505 0.005265932295207887 15.05
1506 0.005237754158048807 15.06
1507 0.005199613661615227 15.07
1508 0.005172804080942311 15.08
1509 0.005144248158360981 15.09
1510 0.005109206377803932 15.1
1511 0.005084694823543873 15.11
1512 0.005057914274000735 15.12
1513 0.005019878150528012 15.13
1514 0.004995315838843134 15.14
1515 0.004968083696406334 15.15
1516 0.004929903654857459 15.16
1517 0.004904599732146381 15.17
1518 0.004876821582674329 15.18
1519 0.004835907046493504 15.19
1520 0.004809689507981552 15.2
1521 0.004781897998942991 15.21
1522 0.004752977531099573 15.22
1523 0.004712534199029228 15.23
1524 0.004686908960664898 15.24
1525 0.004660227378168708 15.25
1526 0.004631513847556751 15.26
1527 0.004591112588299223 15.27
1528 0.004564185583710773 15.28
1529 0.004535276450741366 15.29
1530 0.004507442873544459 15.3
1531 0.004479597384464795 15.31
1532 0.004442049650223906 15.32
1533 0.004414537335322793 15.33
1534 0.004386751672057571 15.34
1535 0.004358627200934329 15.35
1536 0.0043232900337139 15.36
1537 0.004298635416471436 15.37
1538 0.004272770717971608 15.38
1539 0.004239628553524138 15.39
1540 0.004215683105766865 15.4
1541 0.00418997439091387 15.41
1542 0.004156822097577284 15.42
1543 0.004132875859027718 15.43
1544 0.004107744163607735 15.44
1545 0.004075763101527324 15.45
1546 0.004051137913512803 15.46
1547 0.004019754992360208 15.47
1548 0.003998304804764707 15.48
1549 0.003969135154370779 15.49
1550 0.003946189860469324 15.5
1551 0.003912767269071915 15.51
1552 0.003887215391372878 15.52
1553 0.003853801035858834 15.53
1554 0.003828507470542336 15.54
1555 0.003795838787737593 15.55
1556 0.00377114759135444 15.56
1557 0.003739427146600471 15.57
1558 0.003715305810995384 15.58
1559 0.003688049752144484 15.59
1560 0.003669523949148101 15.6
1561 0.003638595465910222 15.61
1562 0.003617727514108188 15.62
1563 0.003583230648644908 15.63
1564 0.003560549461856993 15.64
1565 0.003524342246158496 15.65
1566 0.003501085226876061 15.66
1567 0.003464826064603438 15.67
1568 0.003440264797104631 15.68
1569 0.003404079201396987 15.69
1570 0.003381017591610247 15.7
1571 0.003348075652902904 15.71
1572 0.003327012280481767 15.72
1573 0.003295172504392735 15.73
1574 0.003274740928871783 15.74
1575 0.003244175325027354 15.75
1576 0.003223425886750897 15.76
1577 0.003191630281549812 15.77
1578 0.003170603184827731 15.78
1579 0.003139206669284106 15.79
1580 0.003118448625947234 15.8
1581 0.003086679284393767 15.81
1582 0.003065684605609048 15.82
1583 0.003033451988412567 15.83
1584 0.003011966870143767 15.84
1585 0.002977667386222627 15.85
1586 0.00295455282280413 15.86
1587 0.002923802404676018 15.87
1588 0.002902837377901507 15.88
1589 0.002871822657777245 15.89
1590 0.002850605607033291 15.9
1591 0.002819615790766283 15.91
1592 0.002798371554765811 15.92
1593 0.002767152492899105 15.93
1594 0.002745560950494941 15.94
1595 0.002721648840440988 15.95
1596 0.002687345326186918 15.96
1597 0.002664261740008639 15.97
1598 0.002638973570808861 15.98
1599 0.002604250539591624 15.99
1600 0.002580917765059976 16
1601 0.00255630869320006 16.01
1602 0.002522114300746808 16.02
1603 0.00249896604099073 16.03
1604 0.002475402160080326 16.04
1605 0.002450989773044338 16.05
1606 0.002419150969660777 16.06
1607 0.002397602974793189 16.07
1608 0.002376403800499416 16.08
1609 0.002360039716235884 16.09
1610 0.002340616627262843 16.1
1611 0.002307770538871906 16.11
1612 0.002287311696645505 16.12
1613 0.002263864375135538 16.13
1614 0.002237869104719875 16.14
1615 0.002198119401088994 16.15
1616 0.002174805707795269 16.16
1617 0.002150185302666197 16.17
1618 0.002124699669733721 16.18
1619 0.002087336529976835 16.19
1620 0.002066941843803405 16.2
1621 0.002046167758574469 16.21
1622 0.002015558310554499 16.22
1623 0.001998655038071839 16.23
1624 0.001980654759108857 16.24
1625 0.001952865608592147 16.25
1626 0.00193777722873123 16.26
1627 0.001912012938834057 16.27
1628 0.001894477791086452 16.28
1629 0.001866607792966629 16.29
1630 0.001848716580864052 16.3
1631 0.001819295359141604 16.31
1632 0.001799589493373388 16.32
1633 0.001768408077350514 16.33
1634 0.001748584244576856 16.34
1635 0.001717694464627217 16.35
1636 0.001698225437772871 16.36
1637 0.001668130291762021 16.37
1638 0.001649166499882254 16.38
1639 0.001619862374854009 16.39
1640 0.001601323688243422 16.4
1641 0.001572647354156881 16.41
1642 0.00155482278527791 16.42
1643 0.001526713747224628 16.43
1644 0.001509920072888277 16.44
1645 0.001482137575518627 16.45
1646 0.001464555057329286 16.46
1647 0.001436112276127222 16.47
1648 0.001418186849361333 16.48
1649 0.001389200269648158 16.49
1650 0.001371803269952065 16.5
1651 0.001343069590853577 16.51
1652 0.001325736481924328 16.52
1653 0.001295558803847116 16.53
1654 0.001276616226493804 16.54
1655 0.001247071410689846 16.55
1656 0.00122862536229594 16.56
1657 0.001199662538663063 16.57
1658 0.001184104410250894 16.58
1659 0.001157919509363503 16.59
1660 0.001142236757960227 16.6
1661 0.00111518200421605 16.61
1662 0.001098578939529207 16.62
1663 0.001077947302903948 16.63
1664 0.001045054990435376 16.64
1665 0.001025263946676541 16.65
1666 0.0009940685503505159 16.66
1667 0.0009754504704294203 16.67
1668 0.0009551124338060407 16.68
1669 0.0009235184179225697 16.69
1670 0.0009048271597102142 16.7
1671 0.000884577769687922 16.71
1672 0.0008534817939111067 16.72
1673 0.000835301914667741 16.73
1674 0.0008156927268734709 16.74
1675 0.0007847399272812305 16.75
1676 0.0007664581013713256 16.76
1677 0.0007468858250686827 16.77
1678 0.0007170874772751551 16.78
1679 0.0006991022579718731 16.79
1680 0.0006798073195682652 16.8
1681 0.0006512436895131923 16.81
1682 0.0006338129127376468 16.82
1683 0.0006116663208047407 16.83
1684 0.0005821751375200274 16.84
1685 0.0005634273913277393 16.85
1686 0.0005439427344710313 16.86
1687 0.0005179616601396486 16.87
1688 0.000509939430508019 16.88
1689 0.0004984901656598512 16.89
1690 0.0004831127595450319 16.9
1691 0.0004538743608072937 16.91
1692 0.000437362174078873 16.92
1693 0.0004179124451301752 16.93
1694 0.0003960432024118776 16.94
1695 0.0003598809166314165 16.95
1696 0.0003408941558024348 16.96
1697 0.0003207421863140325 16.97
1698 0.0002994505690871591 16.98
1699 0.0002655994896803571 16.99
1700 0.0002483767835081557 17
1701 0.0002304059275449744 17.01
1702 0.0002117156023673794 17.02
1703 0.0001819950968162537 17.03
1704 0.0001672118859438604 17.04
1705 0.0001513434004182246 17.05
1706 0.0001248584016743104 17.06
1707 0.0001109198705219194 17.07
1708 9.530831945402107e-05 17.08
1709 6.854811530049298e-05 17.09
1710 5.446256047914044e-05 17.1
1711 2.937002022264379e-05 17.11
1712 1.587388269562451e-05 17.12
1713 -8.903875420213092e-06 17.13
1714 -2.254232340465068e-05 17.14
1715 -4.785775100769885e-05 17.15
1716 -6.198330333434532e-05 17.16
1717 -8.803023483776318e-05 17.17
1718 -0.0001025740317876778 17.18
1719 -0.0001290354618724565 17.19
1720 -0.0001437291532549873 17.2
1721 -0.0001702009703316298 17.21
1722 -0.0001848432815762108 17.22
1723 -0.000211101897778343 17.23
1724 -0.0002258484892020962 17.24
1725 -0.0002428200822783833 17.25
1726 -0.0002714034897757511 17.26
1727 -0.0002870247367027373 17.27
1728 -0.0003047489749642834 17.28
1729 -0.0003335845344537292 17.29
1730 -0.0003495144497477065 17.3
1731 -0.0003666395022386276 17.31
1732 -0.0003939990077273664 17.32
1733 -0.0004088822550269849 17.33
1734 -0.0004251774282924697 17.34
1735 -0.0004426553796516713 17.35
1736 -0.0004706387472614842 17.36
1737 -0.0004851042579407105 17.37
1738 -0.0005013123301747108 17.38
1739 -0.0005189325431973618 17.39
1740 -0.0005378480928343032 17.4
1741 -0.0005675616400165617 17.41
1742 -0.0005835784551431744 17.42
1743 -0.0006006823635665015 17.43
1744 -0.0006188965735216267 17.44
1745 -0.0006391135758324618 17.45
1746 -0.0006692722943498347 17.46
1747 -0.0006856662708234762 17.47
1748 -0.0007028922122670755 17.48
1749 -0.0007210301000161734 17.49
1750 -0.0007488427110670659 17.5
1751 -0.0007642360762050715 17.51
1752 -0.0007807763308800147 17.52
1753 -0.0008065720226949763 17.53
1754 -0.0008210285109306742 17.54
1755 -0.0008369419601152589 17.55
1756 -0.0008621033353803098 17.56
1757 -0.0008762350649349354 17.57
1758 -0.0008919713346840358 17.58
1759 -0.000917268749984837 17.59
1760 -0.0009315847488174656 17.6
1761 -0.0009475779973078108 17.61
1762 -0.0009733178578885116 17.62
1763 -0.0009878555716223009 17.63
1764 -0.001003963905271368 17.64
1765 -0.00102972725815384 17.65
1766 -0.001044123323455007 17.66
1767 -0.001059965636539123 17.67
1768 -0.001077443515747484 17.68
1769 -0.00110693341968908 17.69
1770 -0.001123973237325743 17.7
1771 -0.001141063364999251 17.71
1772 -0.001158161368959576 17.72
1773 -0.001181401555029646 17.73
1774 -0.001194856649104487 17.74
1775 -0.001208932881465452 17.75
1776 -0.001223753678145076 17.76
1777 -0.001244967061284893 17.77
1778 -0.001257922686413879 17.78
1779 -0.001272288862586402 17.79
1780 -0.001293642998257072 17.8
1781 -0.001307120888187865 17.81
1782 -0.001322354021583663 17.82
1783 -0.001345129029092132 17.83
1784 -0.001359533090659712 17.84
1785 -0.001375461050149115 17.85
1786 -0.001398931248708102 17.86
1787 -0.001413510173225122 17.87
1788 -0.001429350823196091 17.88
1789 -0.001452338343782791 17.89
1790 -0.001466412712280818 17.9
1791 -0.001481602153857439 17.91
1792 -0.001503461146495244 17.92
1793 -0.001516766027021874 17.93
1794 -0.001531061186420518 17.94
1795 -0.001552224538766939 17.95
1796 -0.001563788762768262 17.96
1797 -0.001577439750837933 17.97
1798 -0.001598332956634918 17.98
1799 -0.001611527631039042 17.99
1800 -0.001626492536636007 18
1801 -0.001649267907318508 18.01
1802 -0.001663677406770495 18.02
1803 -0.001679530489461026 18.03
1804 -0.001702694716153058 18.04
1805 -0.001716888828467808 18.05
1806 -0.001732289528610112 18.06
1807 -0.00175524626775192 18.07
1808 -0.001769080339810783 18.08
1809 -0.001783941235872111 18.09
1810 -0.001805993529240435 18.1
1811 -0.001819125260439119 18.11
1812 -0.001833370013475527 18.12
1813 -0.001854792752403744 18.13
1814 -0.001867736264805547 18.14
1815 -0.001881915688350805 18.15
1816 -0.00190338331454426 18.16
1817 -0.001916458081823835 18.17
1818 -0.001930845325106428 18.18
1819 -0.001952700068030305 18.19
1820 -0.001966098402553809 18.2
1821 -0.001980695358215462 18.21
1822 -0.002002908147388627 18.22
1823 -0.002016543754559452 18.23
1824 -0.002031481614916217 18.24
1825 -0.002054126314790586 18.25
1826 -0.002068021584990948 18.26
1827 -0.002083138396545517 18.27
1828 -0.002105889782236414 18.28
1829 -0.002120388398594561 18.29
1830 -0.002135819419841659 18.3
1831 -0.002157195009014484 18.31
1832 -0.002169866611792651 18.32
1833 -0.002182257050234129 18.33
1834 -0.002203419752735761 18.34
1835 -0.002215457536629467 18.35
1836 -0.002229180083429094 18.36
1837 -0.002252075174606863 18.37
1838 -0.002264977774271731 18.38
1839 -0.002286571403099943 18.39
1840 -0.002298706196683362 18.4
1841 -0.002319275150426806 18.41
1842 -0.002330871760181416 18.42
1843 -0.002350856840018165 18.43
1844 -0.00236219459010735 18.44
1845 -0.002375149474994745 18.45
1846 -0.002397017398554829 18.46
1847 -0.002410041753819453 18.47
1848 -0.002431075798960819 18.48
1849 -0.002442734185656395 18.49
1850 -0.002455554769978746 18.5
1851 -0.002476312283985871 18.51
1852 -0.002487835230966864 18.52
1853 -0.002500582758332481 18.53
1854 -0.002521159637061537 18.54
1855 -0.002532535058814012 18.55
1856 -0.00254623758378332 18.56
1857 -0.002570238780885692 18.57
1858 -0.002585262540256567 18.58
1859 -0.002600562816392205 18.59
1860 -0.00261587200410647 18.6
1861 -0.002635361018175936 18.61
1862 -0.00264702488984056 18.62
1863 -0.002658921146346083 18.63
1864 -0.002671170778307114 18.64
1865 -0.002683869331206887 18.65
1866 -0.002700648623694485 18.66
1867 -0.002711331957513621 18.67
1868 -0.002720915942907381 18.68
1869 -0.002731945929687854 18.69
1870 -0.00274967135398238 18.7
1871 -0.002761162615701487 18.71
1872 -0.002774193231855168 18.72
1873 -0.002793438641954304 18.73
1874 -0.002805674029410524 18.74
1875 -0.002819140802199555 18.75
1876 -0.002838578390341032 18.76
1877 -0.002852864876680822 18.77
1878 -0.002867599432650594 18.78
1879 -0.002886282946183039 18.79
1880 -0.002898909800105695 18.8
1881 -0.002912169571485476 18.81
1882 -0.002929155517114507 18.82
1883 -0.002941047533082913 18.83
1884 -0.002953882699490748 18.84
1885 -0.002962507849824089 18.85
1886 -0.002966369464880617 18.86
1887 -0.002974490872542701 18.87
1888 -0.002985724755354843 18.88
1889 -0.003008706213252804 18.89
1890 -0.00302067721910583 18.9
1891 -0.003034749708151346 18.91
1892 -0.00305060030397282 18.92
1893 -0.003078232304559336 18.93
1894 -0.003091934960602075 18.94
1895 -0.003104235308250061 18.95
1896 -0.003117734996314972 18.96
1897 -0.003142530433020096 18.97
1898 -0.003153230512910873 18.98
1899 -0.003164666457291215 18.99
1900 -0.003176859118854236 19
1901 -0.003189760570213751 19.01
1902 -0.003217881819598645 19.02
1903 -0.003232063107246913 19.03
1904 -0.003245022632243827 19.04
1905 -0.003257194653362938 19.05
1906 -0.003268987236157636 19.06
1907 -0.00328648260052343 19.07
1908 -0.003295265848520454 19.08
1909 -0.003304704407906131 19.09
1910 -0.003315083600553867 19.1
1911 -0.003326557966774765 19.11
1912 -0.003345345600781119 19.12
1913 -0.003355747801285169 19.13
1914 -0.003367405180924654 19.14
1915 -0.003380342559081595 19.15
1916 -0.003401399664573104 19.16
1917 -0.003413241670642345 19.17
1918 -0.003426125157361334 19.18
1919 -0.003447298805327695 19.19
1920 -0.003459587717207419 19.2
1921 -0.003472398638854304 19.21
1922 -0.003491847034013146 19.22
1923 -0.003503065921487816 19.23
1924 -0.003514703181284398 19.24
1925 -0.003531941867853314 19.25
1926 -0.003541892477666939 19.26
1927 -0.003557078205290387 19.27
1928 -0.003566129776934421 19.28
1929 -0.003580660242266054 19.29
1930 -0.003589715820659325 19.3
1931 -0.003604784480193399 19.31
1932 -0.003614385655188151 19.32
1933 -0.003625517697514027 19.33
1934 -0.003643516242804054 19.34
1935 -0.003655773507660581 19.35
1936 -0.003669234472125082 19.36
1937 -0.003691384679665635 19.37
1938 -0.003704845220818986 19.38
1939 -0.003718068721220977 19.39
1940 -0.00373470106010107 19.4
1941 -0.003739189714032795 19.41
1942 -0.003745215234516014 19.42
1943 -0.003756741995535884 19.43
1944 -0.003764524095052416 19.44
1945 -0.003774174455208806 19.45
1946 -0.00379032792731554 19.46
1947 -0.003800724506135819 19.47
1948 -0.00381256685525927 19.48
1949 -0.003829875331531396 19.49
1950 -0.003838739979607486 19.5
1951 -0.0038491125508026 19.51
1952 -0.003860861719177933 19.52
1953 -0.003881325801257871 19.53
1954 -0.003891523464264843 19.54
1955 -0.003902528953648718 19.55
1956 -0.003914281927438229 19.56
1957 -0.003933975038308946 19.57
1958 -0.003943414162886336 19.58
1959 -0.003953444078342694 19.59
1960 -0.003964129332267169 19.6
1961 -0.0039802411322757 19.61
1962 -0.003989120348494968 19.62
1963 -0.003999089249152793 19.63
1964 -0.004009995234982744 19.64
1965 -0.004027532956333971 19.65
1966 -0.004036665775209003 19.66
1967 -0.004046459980427963 19.67
1968 -0.004056955477700505 19.68
1969 -0.004073844134431626 19.69
1970 -0.004082670964299137 19.7
1971 -0.004092259194265535 19.71
1972 -0.004102657315188926 19.72
1973 -0.004119538033384773 19.73
1974 -0.004128410423825557 19.74
1975 -0.004138070345994102 19.75
1976 -0.004148536209827303 19.76
1977 -0.004165485326904264 19.77
1978 -0.0041744032724782 19.78
1979 -0.004184100740375299 19.79
1980 -0.004194598798599333 19.8
1981 -0.004205824575188394 19.81
1982 -0.004223596755197595 19.82
1983 -0.00423587459617171 19.83
1984 -0.004247788593839993 19.84
1985 -0.004259446197363417 19.85
1986 -0.004270949483496767 19.86
1987 -0.00428225834183181 19.87
1988 -0.00429353128665258 19.88
1989 -0.004308563484977879 19.89
1990 -0.004317448507740726 19.9
1991 -0.004326575822033926 19.91
1992 -0.00433614267161192 19.92
1993 -0.004346272754204475 19.93
1994 -0.004356983524146124 19.94
1995 -0.004368228008362951 19.95
1996 -0.004379868781178659 19.96
1997 -0.004394744126671957 19.97
1998 -0.004412880091652485 19.98
1999 -0.004422658797740703 19.99
2000 -0.004432043936547017 20
2001 -0.0044414281014655 20.01
2002 -0.004451108897638875 20.02
2003 -0.004461260581482621 20.03
2004 -0.004472081170169839 20.04
2005 -0.004486868130198704 20.05
2006 -0.004495889212120158 20.06
2007 -0.004505754642655777 20.07
2008 -0.004516570237671713 20.08
2009 -0.004532272360877762 20.09
2010 -0.004542351947549539 20.1
2011 -0.004553191986420652 20.11
2012 -0.004568604255571512 20.12
2013 -0.004578890194940483 20.13
2014 -0.004589533469268881 20.14
2015 -0.00460678898641334 20.15
2016 -0.004612295064927455 20.16
2017 -0.004618788418130251 20.17
2018 -0.004630727586921332 20.18
2019 -0.004637150612347832 20.19
2020 -0.004645071593753908 20.2
2021 -0.004659397870793544 20.21
2022 -0.004667205909096542 20.22
2023 -0.004676325188111133 20.23
2024 -0.004686613890919372 20.24
2025 -0.004703504625639357 20.25
2026 -0.004712260048761546 20.26
2027 -0.004721675042740153 20.27
2028 -0.004731761723743955 20.28
2029 -0.00474796229956552 20.29
2030 -0.004756167384986548 20.3
2031 -0.004764948996589927 20.31
2032 -0.004774365849627413 20.32
2033 -0.004784398027147974 20.33
2034 -0.004800302865469286 20.34
2035 -0.004808140188361509 20.35
2036 -0.00481641392651519 20.36
2037 -0.004825210332508281 20.37
2038 -0.004834563733915734 20.38
2039 -0.004844411816950764 20.39
2040 -0.004859788560399467 20.4
2041 -0.004867097877997328 20.41
2042 -0.004874742071658347 20.42
2043 -0.004882633603625425 20.43
2044 -0.004891174536639564 20.44
2045 -0.004905290914249835 20.45
2046 -0.004911980640448232 20.46
2047 -0.004919369225999892 20.47
2048 -0.004927563159565468 20.48
2049 -0.004936572492956912 20.49
2050 -0.00495154032181043 20.5
2051 -0.004958726530208332 20.51
2052 -0.004966608799337482 20.52
2053 -0.004975245554689395 20.53
2054 -0.004984604836573481 20.54
2055 -0.004999919872447495 20.55
2056 -0.005007206287944072 20.56
2057 -0.005015038273265562 20.57
2058 -0.005023495910370268 20.58
2059 -0.005032275606089043 20.59
2060 -0.005046976415246915 20.6
2061 -0.005053696761311885 20.61
2062 -0.005061016221150336 20.62
2063 -0.005069034632244743 20.63
2064 -0.005077908898248482 20.64
2065 -0.005092678364023301 20.65
2066 -0.005099537840243973 20.66
2067 -0.005107003739277638 20.67
2068 -0.005115169233586625 20.68
2069 -0.005123669078673246 20.69
2070 -0.005138299445386463 20.7
2071 -0.005144916436981492 20.71
2072 -0.005152231740919944 20.72
2073 -0.005159570335510469 20.73
2074 -0.005167851569707185 20.74
2075 -0.005176989314106317 20.75
2076 -0.005192946174806964 20.76
2077 -0.005199871589981656 20.77
2078 -0.005207382026180124 20.78
2079 -0.005215567647206029 20.79
2080 -0.005224443695484415 20.8
2081 -0.005234624265944843 20.81
2082 -0.005250962592852682 20.82
2083 -0.005258139380416929 20.83
2084 -0.005265481042813769 20.84
2085 -0.005273184831405167 20.85
2086 -0.005281332302738792 20.86
2087 -0.005289906058435517 20.87
2088 -0.005298804406084892 20.88
2089 -0.005308045446944784 20.89
2090 -0.005317291985913047 20.9
2091 -0.005326431527459374 20.91
2092 -0.005335403462920885 20.92
2093 -0.005344197109151475 20.93
2094 -0.005352843656880282 20.94
2095 -0.005361401122887369 20.95
2096 -0.005369940147722685 20.96
2097 -0.005378528796039519 20.97
2098 -0.005387222483659457 20.98
2099 -0.005396054008193138 20.99
2100 -0.005405763972937322 21
2101 -0.005415454972052869 21.01
2102 -0.005425077025561151 21.02
2103 -0.005439589848847196 21.03
2104 -0.0054460726356719 21.04
2105 -0.005452778910803965 21.05
2106 -0.005459964038842038 21.06
2107 -0.005472117699357945 21.07
2108 -0.005477882158950495 21.08
2109 -0.005484499243852525 21.09
2110 -0.005492072531669348 21.1
2111 -0.005505170993357025 21.11
2112 -0.005511391246672187 21.12
2113 -0.005518403783474402 21.13
2114 -0.005526171130406557 21.14
2115 -0.005539174996283022 21.15
2116 -0.005545122286801193 21.16
2117 -0.005551701525052979 21.17
2118 -0.00555893318544394 21.18
2119 -0.005571098764489524 21.19
2120 -0.005576541187706771 21.2
2121 -0.005582672019685334 21.21
2122 -0.005589537829362543 21.22
2123 -0.005601323523827126 21.23
2124 -0.005604208863657603 21.24
2125 -0.005608333955229486 21.25
2126 -0.005613839677555965 21.26
2127 -0.005620713158374868 21.27
2128 -0.005634719536246294 21.28
2129 -0.0056406469574561 21.29
2130 -0.005646904843986347 21.3
2131 -0.005654245853914427 21.31
2132 -0.005662601357266595 21.32
2133 -0.005678316656749505 21.33
2134 -0.005684803273746514 21.34
2135 -0.005691765226278914 21.35
2136 -0.005699779136779021 21.36
2137 -0.005713848879883007 21.37
2138 -0.005719507234713234 21.38
2139 -0.005725392431748549 21.39
2140 -0.005731688969169896 21.4
2141 -0.005743610663278664 21.41
2142 -0.00574817273685814 21.42
2143 -0.005753262464098241 21.43
2144 -0.005759041694195291 21.44
2145 -0.005765539516592505 21.45
2146 -0.005777972229281447 21.46
2147 -0.005782855242757082 21.47
2148 -0.005788280906576432 21.48
2149 -0.005794397397276732 21.49
2150 -0.005801244498724614 21.5
2151 -0.005808172993184035 21.51
2152 -0.005815772397267341 21.52
2153 -0.005823855597733907 21.53
2154 -0.005832203350937121 21.54
2155 -0.005840654019689057 21.55
2156 -0.005849075356347613 21.56
2157 -0.005855657751001803 21.57
2158 -0.005862528521960023 21.58
2159 -0.005869743560862131 21.59
2160 -0.005877236883786621 21.6
2161 -0.005893343411571023 21.61
2162 -0.005907380748842422 21.62
2163 -0.005919182525622554 21.63
2164 -0.005928792615394904 21.64
2165 -0.005936424451301631 21.65
2166 -0.005942399300838355 21.66
2167 -0.005947090420822851 21.67
2168 -0.005950883025270734 21.68
2169 -0.005954151374334332 21.69
2170 -0.005962506167996304 21.7
2171 -0.005969927164911168 21.71
2172 -0.005976487097235861 21.72
2173 -0.005982269400975682 21.73
2174 -0.005986373326689734 21.74
2175 -0.00599033820775767 21.75
2176 -0.005994413153339789 21.76
2177 -0.005998818422047511 21.77
2178 -0.006003724908951208 21.78
2179 -0.006009242670539039 21.79
2180 -0.00601537314174598 21.8
2181 -0.006022153181697368 21.81
2182 -0.006029522602606668 21.82
2183 -0.006037379408130372 21.83
2184 -0.006045590760112129 21.84
2185 -0.00605400818364521 21.85
2186 -0.006062479990381092 21.86
2187 -0.006070865795668387 21.87
2188 -0.006079047910992674 21.88
2189 -0.006086938463383013 21.89
2190 -0.006093276558762392 21.9
2191 -0.006099695585598808 21.91
2192 -0.006106175669270575 21.92
2193 -0.006112777205581468 21.93
2194 -0.00611953476088424 21.94
2195 -0.006125021532897901 21.95
2196 -0.006131280598868985 21.96
2197 -0.006138032335213428 21.97
2198 -0.006145210460862596 21.98
2199 -0.006151676277172627 21.99
2200 -0.006158617124857046 22
2201 -0.006166009311761061 22.01
2202 -0.006172811665276071 22.02
2203 -0.006179961534606523 22.03
2204 -0.006187502815455798 22.04
2205 -0.00619441154732582 22.05
2206 -0.006201547737961347 22.06
2207 -0.006208974400899528 22.07
2208 -0.006215548152331274 22.08
2209 -0.00622237847742145 22.09
2210 -0.00622943025715085 22.1
2211 -0.006237724138238837 22.11
2212 -0.006244157411322893 22.12
2213 -0.006251101506298096 22.13
2214 -0.006257913631108045 22.14
2215 -0.006264529063371313 22.15
2216 -0.006270927835797913 22.16
2217 -0.006277106916057956 22.17
2218 -0.006283074040681874 22.18
2219 -0.006288840806780244 22.19
2220 -0.006294432999106536 22.2
2221 -0.006299892347234423 22.21
2222 -0.006305383786520721 22.22
2223 -0.006310834287764411 22.23
2224 -0.006316305045081835 22.24
2225 -0.006321854658786569 22.25
2226 -0.006327530236365786 22.26
2227 -0.006333364876802292 22.27
2228 -0.006339367337291499 22.28
2229 -0.006345523148123131 22.29
2230 -0.006351806096922638 22.3
2231 -0.006358180247856185 22.31
2232 -0.0063628683684646 22.32
2233 -0.006368665884937924 22.33
2234 -0.006374789023514321 22.34
2235 -0.006381236795991549 22.35
2236 -0.006386432422529814 22.36
2237 -0.006392748243030336 22.37
2238 -0.006399460626317285 22.38
2239 -0.006406461524313706 22.39
2240 -0.006410351733534672 22.4
2241 -0.006414543168841866 22.41
2242 -0.006419075742445102 22.42
2243 -0.006424515422775431 22.43
2244 -0.006430719903642676 22.44
2245 -0.006437511928005513 22.45
2246 -0.006444707511011435 22.46
2247 -0.006447967219704101 22.47
2248 -0.006452640480664532 22.48
2249 -0.006458541525687908 22.49
2250 -0.006465379957961245 22.5
2251 -0.006472824714022163 22.51
2252 -0.006480563593258049 22.52
2253 -0.006488337912537237 22.53
2254 -0.006495955956430849 22.54
2255 -0.006503313535616062 22.55
2256 -0.006510318535038376 22.56
2257 -0.006516947169121309 22.57
2258 -0.006523207289726857 22.58
2259 -0.006529125586735421 22.59
2260 -0.006534745991455052 22.6
2261 -0.006540124268699404 22.61
2262 -0.006545640034327824 22.62
2263 -0.006551034427258531 22.63
2264 -0.006556305635803131 22.64
2265 -0.006561460322569782 22.65
2266 -0.006566527707207337 22.66
2267 -0.006571547348733178 22.67
2268 -0.006576568319601656 22.68
2269 -0.006581636474122285 22.69
2270 -0.006586789406099941 22.7
2271 -0.006592052948040578 22.71
2272 -0.006597608920404535 22.72
2273 -0.006603432398618977 22.73
2274 -0.006612202766546157 22.74
2275 -0.006616068932276092 22.75
2276 -0.006618212757101616 22.76
2277 -0.006621463284722476 22.77
2278 -0.006625889915005539 22.78
2279 -0.006631405710936858 22.79
2280 -0.006637800748554065 22.8
2281 -0.006644737296918071 22.81
2282 -0.006651979095204305 22.82
2283 -0.006659260714610482 22.83
2284 -0.006666354383019657 22.84
2285 -0.006673100033916732 22.85
2286 -0.006679441365209746 22.86
2287 -0.006685307007000887 22.87
2288 -0.006690717224653073 22.88
2289 -0.006695725236891381 22.89
2290 -0.006700404768329629 22.9
2291 -0.006704836875704764 22.91
2292 -0.006709110880728522 22.92
2293 -0.006713313238303639 22.93
2294 -0.006718292212369054 22.94
2295 -0.006723165786682556 22.95
2296 -0.006727990187106986 22.96
2297 -0.006732825585168203 22.97
2298 -0.006737135567768962 22.98
2299 -0.006741741022652806 22.99
2300 -0.006747174629827352 23
2301 -0.006753678524592271 23.01
2302 -0.006759964011712194 23.02
2303 -0.006766037743577757 23.03
2304 -0.006771941017774938 23.04
2305 -0.006777729504670135 23.05
2306 -0.00678345540063463 23.06
2307 -0.006789156093807161 23.07
2308 -0.006794848414075932 23.08
2309 -0.00679964605312193 23.09
2310 -0.006804736165310701 23.1
2311 -0.006810087710209328 23.11
2312 -0.006815637274017142 23.12
2313 -0.006821301167724433 23.13
2314 -0.006826990707144723 23.14
2315 -0.006832623336331306 23.15
2316 -0.006838131762982647 23.16
2317 -0.006843469470753205 23.17
2318 -0.006848612178797661 23.18
2319 -0.00685461796588864 23.19
2320 -0.00686007388519258 23.2
2321 -0.006865006983805613 23.21
2322 -0.006869493347192515 23.22
2323 -0.006873644597028619 23.23
2324 -0.006877593817358404 23.24
2325 -0.006881475547874119 23.25
2326 -0.006885409780667692 23.26
2327 -0.006889496131665632 23.27
2328 -0.006893712017524159 23.28
2329 -0.006900363031171058 23.29
2330 -0.006902522920421456 23.3
2331 -0.006908034636704821 23.31
2332 -0.006913699319045535 23.32
2333 -0.006920094333183982 23.33
2334 -0.006925308455133297 23.34
2335 -0.006930903207248471 23.35
2336 -0.006937451396725441 23.36
2337 -0.006942796894955042 23.37
2338 -0.006948433581758215 23.38
2339 -0.006954703519309463 23.39
2340 -0.006959638345663349 23.4
2341 -0.006964681391826669 23.41
2342 -0.006969791930987929 23.42
2343 -0.006974886507299674 23.43
2344 -0.006978931103808622 23.44
2345 -0.006983056363623882 23.45
2346 -0.006987325953171253 23.46
2347 -0.006991690047336588 23.47
2348 -0.006995755160791803 23.48
2349 -0.006999306147650805 23.49
2350 -0.007003101523162275 23.5
2351 -0.007007255374211624 23.51
2352 -0.007011788406213013 23.52
2353 -0.00701211608246069 23.53
2354 -0.007015452922223303 23.54
2355 -0.007017828814613228 23.55
2356 -0.007021867156111791 23.56
2357 -0.007027354383300155 23.57
2358 -0.007033949126734163 23.58
2359 -0.007042082730439617 23.59
2360 -0.007050412596574282 23.6
2361 -0.007058541618261943 23.61
2362 -0.00706931486995252 23.62
2363 -0.007074181147049871 23.63
2364 -0.007078514532104979 23.64
2365 -0.007082540650749342 23.65
2366 -0.007086941320326529 23.66
2367 -0.007091088102673018 23.67
2368 -0.007095046828574259 23.68
2369 -0.007098863622706689 23.69
2370 -0.007102573805001025 23.7
2371 -0.007106209059020929 23.71
2372 -0.00710980774397614 23.72
2373 -0.007114273393888065 23.73
2374 -0.0071185572709586 23.74
2375 -0.007122692769929162 23.75
2376 -0.007126725049655822 23.76
2377 -0.007130711658747749 23.77
2378 -0.007134708358965042 23.78
2379 -0.007138770929420682 23.79
2380 -0.007142942341815839 23.8
2381 -0.00714732315227791 23.81
2382 -0.007152205223009508 23.82
2383 -0.007157201282475489 23.83
2384 -0.007162289518306345 23.84
2385 -0.007167439785055435 23.85
2386 -0.007172612807744089 23.86
2387 -0.007177763635794629 23.87
2388 -0.007182845689661127 23.88
2389 -0.007187816828046589 23.89
2390 -0.007192640705788567 23.9
2391 -0.00719728438670153 23.91
2392 -0.00720172674601717 23.92
2393 -0.007206205397385299 23.93
2394 -0.007210421859576988 23.94
2395 -0.007214400947544539 23.95
2396 -0.007218183054687119 23.96
2397 -0.007221819708957647 23.97
2398 -0.007225364642805321 23.98
2399 -0.007228870924465072 23.99
2400 -0.007232389231160236 24
2401 -0.007235968305738846 24.01
2402 -0.007239524865592498 24.02
2403 -0.007243242059533736 24.03
2404 -0.007247155605569669 24.04
2405 -0.007252746672386151 24.05
2406 -0.007258421941692031 24.06
2407 -0.007264030953469891 24.07
2408 -0.007269455606941755 24.08
2409 -0.007274619249854189 24.09
2410 -0.007279489789134286 24.1
2411 -0.007282923343172182 24.11
2412 -0.007283125536770629 24.12
2413 -0.007284272318251669 24.13
2414 -0.00728660721803881 24.14
2415 -0.007290215295497254 24.15
2416 -0.007295021126043036 24.16
2417 -0.007300814433075134 24.17
2418 -0.007311113124228608 24.18
2419 -0.007315503960568806 24.19
2420 -0.007320324372241185 24.2
2421 -0.007325538240993676 24.21
2422 -0.007331053833300932 24.22
2423 -0.007336721036991137 24.23
2424 -0.007342349043262419 24.24
2425 -0.007350960784498914 24.25
2426 -0.007353569352081035 24.26
2427 -0.00735589299293983 24.27
2428 -0.007358396193463151 24.28
2429 -0.007361226176819696 24.29
2430 -0.007364447094050056 24.3
2431 -0.007368033195492729 24.31
2432 -0.007374700588405267 24.32
2433 -0.007376465442055516 24.33
2434 -0.007378788719535387 24.34
2435 -0.007381834990865588 24.35
2436 -0.007388543395523875 24.36
2437 -0.007390886534567695 24.37
2438 -0.007394178804961057 24.38
2439 -0.007401539896426862 24.39
2440 -0.007404441223865812 24.4
2441 -0.007411317166805723 24.41
2442 -0.007414026502709004 24.42
2443 -0.007417798715553189 24.43
2444 -0.007425814854937762 24.44
2445 -0.007432061475159416 24.45
2446 -0.007438466958364878 24.46
2447 -0.007444854570630544 24.47
2448 -0.007451202424645531 24.48
2449 -0.007453685613283814 24.49
2450 -0.007456257704176336 24.5
2451 -0.0074590007703806 24.51
2452 -0.007461955568472997 24.52
2453 -0.007465122802211677 24.53
2454 -0.007469829194819408 24.54
2455 -0.007471471990866257 24.55
2456 -0.007473568653770302 24.56
2457 -0.007476292726043374 24.57
2458 -0.007479723677340247 24.58
2459 -0.007483834696784278 24.59
2460 -0.007488501223162178 24.6
2461 -0.007493539540388325 24.61
2462 -0.007498749975773281 24.62
2463 -0.007503953655242132 24.63
2464 -0.007509013628547723 24.64
2465 -0.007513844077307319 24.65
2466 -0.007518408566921347 24.66
2467 -0.007522711099778881 24.67
2468 -0.007526782589006506 24.68
2469 -0.007530670349242347 24.69
2470 -0.007534426647748296 24.7
2471 -0.007538101391627305 24.71
2472 -0.00754173863316307 24.72
2473 -0.007546922307559364 24.73
2474 -0.007548799075522902 24.74
2475 -0.007551065342120564 24.75
2476 -0.007553932479185954 24.76
2477 -0.007557492890873291 24.77
2478 -0.007561717594504219 24.78
2479 -0.007568554317192305 24.79
2480 -0.007571743049275978 24.8
2481 -0.007575377358859464 24.81
2482 -0.007579475040938713 24.82
2483 -0.007583985206109159 24.83
2484 -0.007590909734316767 24.84
2485 -0.007593983067067253 24.85
2486 -0.007597354159337238 24.86
2487 -0.007601078690677859 24.87
2488 -0.007605144907162742 24.88
2489 -0.007611360219053592 24.89
2490 -0.007613977052252807 24.9
2491 -0.00761689930028997 24.91
2492 -0.007620306705751589 24.92
2493 -0.007625912017588901 24.93
2494 -0.007628332290143244 24.94
2495 -0.007631293064488204 24.95
2496 -0.007636446877745603 24.96
2497 -0.007638738564579695 24.97
2498 -0.007641718175915538 24.98
2499 -0.007645396246451719 24.99
2500 -0.007651459242410868 25
2501 -0.007654260259505358 25.01
2502 -0.007657586013198006 25.02
2503 -0.007661421113936001 25.03
2504 -0.007667522613934358 25.04
2505 -0.007670196484903927 25.05
2506 -0.007673294376590867 25.06
2507 -0.007676850965052329 25.07
2508 -0.007680815972874774 25.08
2509 -0.007686554243287527 25.09
2510 -0.007688782930276417 25.1
2511 -0.007691415310909278 25.11
2512 -0.007694519307599304 25.12
2513 -0.007698085767364055 25.13
2514 -0.007703927205420638 25.14
2515 -0.007706238482118141 25.15
2516 -0.00770898730582395 25.16
2517 -0.007712252408720172 25.17
2518 -0.007716029194301921 25.18
2519 -0.007720241702806108 25.19
2520 -0.00772689059284451 25.2
2521 -0.007729599739102908 25.21
2522 -0.007732635645234895 25.22
2523 -0.007736102216460858 25.23
2524 -0.007740023625837228 25.24
2525 -0.007744350176947662 25.25
2526 -0.007748956349109923 25.26
2527 -0.007753687206174822 25.27
2528 -0.00775838210618314 25.28
2529 -0.007762918619946949 25.29
2530 -0.007767211440707161 25.3
2531 -0.00777123423268454 25.31
2532 -0.00777499320214238 25.32
2533 -0.007778537631793953 25.33
2534 -0.007781923943796662 25.34
2535 -0.007785227310401543 25.35
2536 -0.007788505351605426 25.36
2537 -0.007791819481123022 25.37
2538 -0.007795200814237416 25.38
2539 -0.007798681071456995 25.39
2540 -0.007802288545878569 25.4
2541 -0.007807722977024964 25.41
2542 -0.007809709083925892 25.42
2543 -0.007812914625250134 25.43
2544 -0.007816483005434929 25.44
2545 -0.007822074368030549 25.45
2546 -0.00782529081377166 25.46
2547 -0.007830162469447483 25.47
2548 -0.007832802452324067 25.48
2549 -0.00783718602628454 25.49
2550 -0.007839738427047355 25.5
2551 -0.007843951010379033 25.51
2552 -0.00784640349422705 25.52
2553 -0.007849806738320225 25.53
2554 -0.007855644263766906 25.54
2555 -0.007858793231721728 25.55
2556 -0.007862527255094801 25.56
2557 -0.007868302999072416 25.57
2558 -0.007871080216719381 25.58
2559 -0.007874255356230805 25.59
2560 -0.007877793772315525 25.6
2561 -0.00788297005664941 25.61
2562 -0.007885201255909038 25.62
2563 -0.007887765939270167 25.63
2564 -0.007890709366665194 25.64
2565 -0.007895203260816788 25.65
2566 -0.007897176947990095 25.66
2567 -0.007899754609949836 25.67
2568 -0.007903010928783913 25.68
2569 -0.007906926566383782 25.69
2570 -0.007911984860087651 25.7
2571 -0.007914353259434612 25.71
2572 -0.007917258164063148 25.72
2573 -0.007920737298062336 25.73
2574 -0.00792470199050288 25.74
2575 -0.007930859825691139 25.75
2576 -0.007933692893764402 25.76
2577 -0.007936935465243142 25.77
2578 -0.007940625158518441 25.78
2579 -0.007946532823362856 25.79
2580 -0.007949359787958868 25.8
2581 -0.007952696839839901 25.81
2582 -0.007956534656532635 25.82
2583 -0.007960822073213594 25.83
2584 -0.007967236907025388 25.84
2585 -0.007970111666409471 25.85
2586 -0.00797317139702293 25.86
2587 -0.007976481052153719 25.87
2588 -0.007979984431638165 25.88
2589 -0.007983633884795713 25.89
2590 -0.007987287014695754 25.9
2591 -0.007990857614799243 25.91
2592 -0.007994225401853267 25.92
2593 -0.007997372328367267 25.93
2594 -0.008001302895649445 25.94
2595 -0.008002349316417551 25.95
2596 -0.008003605642372652 25.96
2597 -0.008005892208286847 25.97
2598 -0.008008430761790891 25.98
2599 -0.008011541062179231 25.99
2600 -0.008015139179018207 26
2601 -0.00801912741697107 26.01
2602 -0.008023318549164646 26.02
2603 -0.008027590637994034 26.03
2604 -0.008031790715495576 26.04
2605 -0.008035867796944887 26.05
2606 -0.008040545394219042 26.06
2607 -0.00804187994945417 26.07
2608 -0.008043605023779765 26.08
2609 -0.008045975778710149 26.09
2610 -0.008049056364856977 26.1
2611 -0.008052844719526137 26.11
2612 -0.008057172396485984 26.12
2613 -0.00806429468314096 26.13
2614 -0.008067237118175447 26.14
2615 -0.008070460707461188 26.15
2616 -0.008071156127119686 26.16
2617 -0.008072803184059368 26.17
2618 -0.008075272105432102 26.18
2619 -0.008078422423298412 26.19
2620 -0.008082035244391064 26.2
2621 -0.008085971120207036 26.21
2622 -0.0080900609404852 26.22
2623 -0.00809422995009508 26.23
2624 -0.008098367299077064 26.24
2625 -0.008102443593566988 26.25
2626 -0.008106382130882592 26.26
2627 -0.008110181884359177 26.27
2628 -0.008113793385400997 26.28
2629 -0.008117243358989071 26.29
2630 -0.008120510459310018 26.3
2631 -0.008123648538510761 26.31
2632 -0.008126658897839339 26.32
2633 -0.008130407173746912 26.33
2634 -0.008133908080921265 26.34
2635 -0.008137275804910221 26.35
2636 -0.008140468223680558 26.36
2637 -0.008143566417656511 26.37
2638 -0.008146584204976062 26.38
2639 -0.008149593664111887 26.39
2640 -0.008152609461732463 26.4
2641 -0.008155680758697853 26.41
2642 -0.008158803495952105 26.42
2643 -0.008162019257937636 26.43
2644 -0.008165294287424976 26.44
2645 -0.008168652918691552 26.45
2646 -0.008172052470751104 26.46
2647 -0.008175510889999835 26.47
2648 -0.008178981014338019 26.48
2649 -0.008182480071978429 26.49
2650 -0.008185963598292198 26.5
2651 -0.008189452694315869 26.51
2652 -0.008192906834572244 26.52
2653 -0.008196352303241811 26.53
2654 -0.008199755003107947 26.54
2655 -0.008203145719107074 26.55
2656 -0.008206494262145508 26.56
2657 -0.008212749065642136 26.57
2658 -0.008213949704825127 26.58
2659 -0.00821552980017605 26.59
2660 -0.008217660414630623 26.6
2661 -0.008223367220741309 26.61
2662 -0.008224801966951314 26.62
2663 -0.008227017339367676 26.63
2664 -0.008229984856423331 26.64
2665 -0.008233705266599792 26.65
2666 -0.008237824965976942 26.66
2667 -0.008245565528796212 26.67
2668 -0.0082476685556611 26.68
2669 -0.008249913315036661 26.69
2670 -0.008252376480842094 26.7
2671 -0.008255130396150223 26.71
2672 -0.008258110831803403 26.72
2673 -0.008261524159415876 26.73
2674 -0.008264981684895312 26.74
2675 -0.008268459231354858 26.75
2676 -0.008271882897549598 26.76
2677 -0.008275502249199859 26.77
2678 -0.008278653715943635 26.78
2679 -0.008281544757352641 26.79
2680 -0.00828430700559743 26.8
2681 -0.008287179145422346 26.81
2682 -0.008290027686994023 26.82
2683 -0.008293103307725452 26.83
2684 -0.008296381540379844 26.84
2685 -0.008299869273899418 26.85
2686 -0.008303486823923303 26.86
2687 -0.008307210287685399 26.87
2688 -0.008310948086744346 26.88
2689 -0.008314678434592965 26.89
2690 -0.008318322061116545 26.9
2691 -0.00832187601094711 26.91
2692 -0.008325283029517808 26.92
2693 -0.008328563644650247 26.93
2694 -0.008331679309584478 26.94
2695 -0.008334670318840831 26.95
2696 -0.008337521896423436 26.96
2697 -0.008339653735950039 26.97
2698 -0.008341836908401956 26.98
2699 -0.008344155468013592 26.99
2700 -0.008346612386528868 27
2701 -0.008349265338654002 27.01
2702 -0.008352090496916514 27.02
2703 -0.008355117017591215 27.03
2704 -0.00835829524703692 27.04
2705 -0.008361632139762501 27.05
2706 -0.008365061586109779 27.06
2707 -0.008368851900143123 27.07
2708 -0.008372614756828822 27.08
2709 -0.008376336024174091 27.09
2710 -0.008380648658227227 27.1
2711 -0.008384628521220475 27.11
2712 -0.008388252286471734 27.12
2713 -0.008391594067389319 27.13
2714 -0.008394678128087571 27.14
2715 -0.008397605941357397 27.15
2716 -0.00840041325972174 27.16
2717 -0.008403195462442517 27.17
2718 -0.008405966324638303 27.18
2719 -0.00840880089103932 27.19
2720 -0.008409843094605421 27.2
2721 -0.008411811836031818 27.21
2722 -0.008414502494690154 27.22
2723 -0.008417747397071032 27.23
2724 -0.008421300538460061 27.24
2725 -0.008425000697761878 27.25
2726 -0.008428657808169468 27.26
2727 -0.008432200591976011 27.27
2728 -0.008435539065883846 27.28
2729 -0.008438693474179859 27.29
2730 -0.008441647783194547 27.3
2731 -0.008444474435133381 27.31
2732 -0.00844718602563127 27.32
2733 -0.008449864172256238 27.33
2734 -0.008452520980587755 27.34
2735 -0.00845523129130038 27.35
2736 -0.008457991718998095 27.36
2737 -0.008460857743414985 27.37
2738 -0.008464037567886731 27.38
2739 -0.008467278238879952 27.39
2740 -0.008470534719617798 27.4
2741 -0.008473824139440228 27.41
2742 -0.008477092706234174 27.42
2743 -0.008480355220743419 27.43
2744 -0.008483558771454347 27.44
2745 -0.00848672375533599 27.45
2746 -0.008489805266987685 27.46
2747 -0.008492832569906392 27.47
2748 -0.008495773738563625 27.48
2749 -0.008498668017347943 27.49
2750 -0.008501487122273804 27.5
2751 -0.008504272303445776 27.51
2752 -0.008506996220734087 27.52
2753 -0.00850970817107824 27.53
2754 -0.008512386198349237 27.54
2755 -0.008515079778512832 27.55
2756 -0.008517769514091972 27.56
2757 -0.008520506578112541 27.57
2758 -0.008523269225662475 27.58
2759 -0.008526101644226611 27.59
2760 -0.008528971797216428 27.6
2761 -0.008531908363967763 27.61
2762 -0.00853487199154683 27.62
2763 -0.008537900624578154 27.63
2764 -0.00854095836686411 27.64
2765 -0.008544075457840958 27.65
2766 -0.008547207729636325 27.66
2767 -0.008550379192481972 27.67
2768 -0.008553543334908542 27.68
2769 -0.008556732787767501 27.69
2770 -0.008559913786158266 27.7
2771 -0.008563111245616956 27.71
2772 -0.008566282638412984 27.72
2773 -0.008569458249420667 27.73
2774 -0.008575866344438438 27.74
2775 -0.008577064447630053 27.75
2776 -0.00857849882324728 27.76
2777 -0.00858041794667358 27.77
2778 -0.008582878248635975 27.78
2779 -0.008585892429034597 27.79
2780 -0.00858931213553453 27.8
2781 -0.008593013306263886 27.81
2782 -0.008596794390826154 27.82
2783 -0.008600549102314836 27.83
2784 -0.008604137932684344 27.84
2785 -0.008607536635666366 27.85
2786 -0.008610688464896737 27.86
2787 -0.008613641247378276 27.87
2788 -0.008616391427760092 27.88
2789 -0.008619021474815955 27.89
2790 -0.008621566710888984 27.9
2791 -0.008624117709160051 27.91
2792 -0.008626668266863022 27.92
2793 -0.008629278035651416 27.93
2794 -0.008631947265440892 27.94
2795 -0.008634705191160205 27.95
2796 -0.008637538158316499 27.96
2797 -0.008640495796424993 27.97
2798 -0.008643542200623633 27.98
2799 -0.008646677321329607 27.99
2800 -0.008649850572889181 28
2801 -0.00865309461402837 28.01
2802 -0.008656365017009698 28.02
2803 -0.008659684457745856 28.03
2804 -0.008662998337312378 28.04
2805 -0.008666322691424255 28.05
2806 -0.008669610046089862 28.06
2807 -0.00867289486802289 28.07
2808 -0.008676145009710118 28.08
2809 -0.008679404278772881 28.09
2810 -0.008682640880858863 28.1
2811 -0.008685770288646838 28.11
2812 -0.008688869682265704 28.12
2813 -0.008691798391963629 28.13
2814 -0.008694739323967152 28.14
2815 -0.008697640121010292 28.15
2816 -0.008700547372546205 28.16
2817 -0.008703489969817679 28.17
2818 -0.008706422423904958 28.18
2819 -0.008709372570757809 28.19
2820 -0.008712295974649467 28.2
2821 -0.008715224204320846 28.21
2822 -0.008718118365522068 28.22
2823 -0.008721016991863714 28.23
2824 -0.008723885862286007 28.24
2825 -0.00872677093319113 28.25
2826 -0.008729647412563032 28.26
2827 -0.00873256368880887 28.27
2828 -0.008735491424275085 28.28
2829 -0.008738473951589706 28.29
2830 -0.008741477038560083 28.3
2831 -0.008744536778175285 28.31
2832 -0.008747605049051352 28.32
2833 -0.008750715378199353 28.33
2834 -0.008753828662272062 28.34
2835 -0.008756976295184252 28.35
2836 -0.008760107883452689 28.36
2837 -0.008763242157548493 28.37
2838 -0.008766321270437083 28.38
2839 -0.008769364664012971 28.39
2840 -0.008772321788821466 28.4
2841 -0.008775291228508494 28.41
2842 -0.008778164267389699 28.42
2843 -0.008780980253184648 28.43
2844 -0.008783711621221685 28.44
2845 -0.008786411277264206 28.45
2846 -0.008789059791807385 28.46
2847 -0.008791713852726896 28.47
2848 -0.008794353396449281 28.48
2849 -0.008797031169235109 28.49
2850 -0.008799720055020679 28.5
2851 -0.008802464067629856 28.51
2852 -0.008805326943020247 28.52
2853 -0.008808240508516557 28.53
2854 -0.008811154919678529 28.54
2855 -0.008814093830522035 28.55
2856 -0.008817004261122516 28.56
2857 -0.008819911071069261 28.57
2858 -0.008822766972380006 28.58
2859 -0.008825628031933874 28.59
2860 -0.008828426188541683 28.6
2861 -0.008831203740097132 28.61
2862 -0.008833932026569402 28.62
2863 -0.008836662174432131 28.63
2864 -0.008839370076376959 28.64
2865 -0.008842111251863335 28.65
2866 -0.008844857069057244 28.66
2867 -0.008847649526500245 28.67
2868 -0.008850453154558277 28.68
2869 -0.008853305870239664 28.69
2870 -0.008856050976604996 28.7
2871 -0.008858842529599897 28.71
2872 -0.008861656703311085 28.72
2873 -0.008864520031435036 28.73
2874 -0.008867328501021246 28.74
2875 -0.008870180138113359 28.75
2876 -0.008873033397644933 28.76
2877 -0.008875924619483888 28.77
2878 -0.008878812249435292 28.78
2879 -0.008881730803093457 28.79
2880 -0.008884634908732286 28.8
2881 -0.008887555035720626 28.81
2882 -0.008890443381557367 28.82
2883 -0.008893328885275095 28.83
2884 -0.008896162921339157 28.84
2885 -0.008898978309044417 28.85
2886 -0.008901736353246148 28.86
2887 -0.008904481534881228 28.87
2888 -0.008907183689487425 28.88
2889 -0.00890989140895819 28.89
2890 -0.008912577100756117 28.9
2891 -0.008915292614425002 28.91
2892 -0.00891801273111803 28.92
2893 -0.008920788315501249 28.93
2894 -0.008923597662690963 28.94
2895 -0.00892628351967531 28.95
2896 -0.00892907594810291 28.96
2897 -0.008932022498465184 28.97
2898 -0.008935084121556122 28.98
2899 -0.008938291265922965 28.99
2900 -0.008941587392427008 29
2901 -0.00894498671527677 29.01
2902 -0.008948421044582391 29.02
2903 -0.008951899512364317 29.03
2904 -0.008955352779880979 29.04
2905 -0.008958792865128337 29.05
2906 -0.008962157110157645 29.06
2907 -0.008965466931596555 29.07
2908 -0.008968672005922912 29.08
2909 -0.008971808076395291 29.09
2910 -0.008974838639625171 29.1
2911 -0.008977812123453277 29.11
2912 -0.008980655415908048 29.12
2913 -0.008983478821158838 29.13
2914 -0.00898624988357917 29.14
2915 -0.008989018426183965 29.15
2916 -0.008991759504932764 29.16
2917 -0.008995040380906108 29.17
2918 -0.008998215471652762 29.18
2919 -0.009001331333344451 29.19
2920 -0.009004532116191219 29.2
2921 -0.009007658268565213 29.21
2922 -0.009010684923110926 29.22
2923 -0.009013778246558621 29.23
2924 -0.009016774973102895 29.24
2925 -0.009019728537781282 29.25
2926 -0.009022613108356614 29.26
2927 -0.009025481525695017 29.27
2928 -0.009028306738906935 29.28
2929 -0.009031140834774645 29.29
2930 -0.00903395493415414 29.3
2931 -0.009036798300238388 29.31
2932 -0.009039638061858882 29.32
2933 -0.009042521005455093 29.33
2934 -0.009045517828084562 29.34
2935 -0.009048549318187618 29.35
2936 -0.009051574275576207 29.36
2937 -0.009054630189208809 29.37
2938 -0.009057671812428308 29.38
2939 -0.009060732557682569 29.39
2940 -0.009063765244076885 29.4
2941 -0.00906680424504018 29.41
2942 -0.009069804989933733 29.42
2943 -0.009072805896707822 29.43
2944 -0.009075768680014112 29.44
2945 -0.009078737444798909 29.45
2946 -0.009081676205877479 29.46
2947 -0.009084627713820972 29.47
2948 -0.009087551463332122 29.48
2949 -0.009090486128838227 29.49
2950 -0.009093388986968889 29.5
2951 -0.009096297584099494 29.51
2952 -0.00909916869984205 29.52
2953 -0.009102041960922638 29.53
2954 -0.009104876656365959 29.54
2955 -0.009107715097254998 29.55
2956 -0.009110518861585759 29.56
2957 -0.009113331031879918 29.57
2958 -0.009116113982655411 29.58
2959 -0.009118911872866245 29.59
2960 -0.009119653566012131 29.6
2961 -0.009120858591889838 29.61
2962 -0.00912263048552385 29.62
2963 -0.009125061542273397 29.63
2964 -0.00912807677452597 29.64
2965 -0.009131613938874253 29.65
2966 -0.009135486076593827 29.66
2967 -0.009139573290184347 29.67
2968 -0.009144104045734042 29.68
2969 -0.009148456209386382 29.69
2970 -0.009152489920388945 29.7
2971 -0.009156192544261477 29.71
2972 -0.009159656262888935 29.72
2973 -0.009162820687256212 29.73
2974 -0.009165762515969178 29.74
2975 -0.009168509234914635 29.75
2976 -0.009171085074736018 29.76
2977 -0.009173583109777533 29.77
2978 -0.009176004168797325 29.78
2979 -0.009178426057168357 29.79
2980 -0.009180837789663637 29.8
2981 -0.009183305505608086 29.81
2982 -0.009185807063795959 29.82
2983 -0.009188396046969027 29.83
2984 -0.009191038859225176 29.84
2985 -0.009193775982140898 29.85
2986 -0.009196562682267734 29.86
2987 -0.00919943869277827 29.87
2988 -0.009202360737103829 29.88
2989 -0.009205364222722695 29.89
2990 -0.009208404162110675 29.9
2991 -0.009211519031450469 29.91
2992 -0.009214662183573127 29.92
2993 -0.009217866231938168 29.93
2994 -0.009221085304000703 29.94
2995 -0.009224351290442759 29.95
2996 -0.009227610491951241 29.96
2997 -0.009230884848753035 29.97
2998 -0.009234115717790911 29.98
2999 -0.009237329296832228 29.99
3000 -0.009240472733679297 30
