"cd-rfile"
"Time Step" "cd etc.."
("Time Step" "cd" "flow-time")
0 5.298404709456467e-27 0
1 -104.2502870386956 0.01
2 -10.42117388940914 0.02
3 2.670775206235183 0.03
4 7.264901910303736 0.04
5 3.400599833546182 0.05
6 -2.978068464370385 0.06
7 -1.931386296716309 0.07000000000000001
8 -0.1645107033591725 0.08
9 0.7601396285942496 0.09
10 0.6000395388523929 0.1
11 0.2121960442829806 0.11
12 -0.02105526428806346 0.12
13 -0.01799607338009802 0.13
14 0.07040226658480253 0.14
15 0.06161483364352937 0.15
16 -0.02939771699660206 0.16
17 -0.007436491821595741 0.17
18 0.01648867585870051 0.18
19 0.04895993158958818 0.19
20 0.05673321463888863 0.2
21 0.06194741669190399 0.21
22 0.0816678096821019 0.22
23 0.09919835898745863 0.23
24 0.07560941273152937 0.24
25 0.0492098968093939 0.25
26 0.02202592795231412 0.26
27 0.01127639604764737 0.27
28 0.0009176638930565259 0.28
29 0.01620995732381008 0.29
30 0.03191667593970525 0.3
31 0.04314539242769262 0.31
32 0.0549349924545993 0.32
33 0.05330685463934599 0.33
34 0.04718732223601733 0.34
35 0.04142662887549377 0.35
36 0.03620300332285704 0.36
37 0.03240465913689734 0.37
38 0.02968580749880471 0.38
39 0.02877658364298599 0.39
40 0.02891914256286439 0.4
41 0.02844691370643962 0.41
42 0.02973122534673872 0.42
43 0.03156373066071371 0.43
44 0.03285552767588053 0.44
45 0.03257348678393433 0.45
46 0.03199693701785797 0.46
47 0.03170807037658582 0.47
48 0.03200912268599009 0.48
49 0.03209405068734453 0.49
50 0.0321812382963892 0.5
51 0.03181371581176567 0.51
52 0.03080444572447721 0.52
53 0.03012374872215418 0.53
54 0.02892277290404558 0.54
55 0.02838718944958966 0.55
56 0.02775949068842108 0.5600000000000001
57 0.02729381155107256 0.5700000000000001
58 0.02768633369151006 0.58
59 0.02764901109361829 0.59
60 0.0280215794345024 0.6
61 0.02849568787609813 0.61
62 0.02856260746207511 0.62
63 0.02866129095384147 0.63
64 0.02884169118665145 0.64
65 0.0293363210429568 0.65
66 0.02808591243573583 0.66
67 0.02782925730210098 0.67
68 0.02771442893411815 0.68
69 0.02771263747818086 0.6900000000000001
70 0.0276681528785907 0.7000000000000001
71 0.0270456393097154 0.71
72 0.0271061783888598 0.72
73 0.02724982492875116 0.73
74 0.02682047852293895 0.74
75 0.02673903469621551 0.75
76 0.02674403448588538 0.76
77 0.02683645235390997 0.77
78 0.02658259392205214 0.78
79 0.02632492202797827 0.79
80 0.02638499011930009 0.8
81 0.02652603484902987 0.8100000000000001
82 0.02660376991019323 0.8200000000000001
83 0.0265373962076811 0.8300000000000001
84 0.02635957371601296 0.84
85 0.02628919146912622 0.85
86 0.0263250745157274 0.86
87 0.02643454958824117 0.87
88 0.0264782125668152 0.88
89 0.02651981668887427 0.89
90 0.02654331078403979 0.9
91 0.02651563739414755 0.91
92 0.02643385874880964 0.92
93 0.02637573499317366 0.93
94 0.02631603464735512 0.9400000000000001
95 0.02633798473253698 0.9500000000000001
96 0.0263814445406847 0.96
97 0.02639616906667925 0.97
98 0.02635703284993743 0.98
99 0.0263028937580153 0.99
100 0.02625086002651035 1
101 0.02621868877937409 1.01
102 0.02617382209262931 1.02
103 0.0261555484231531 1.03
104 0.02610913463275675 1.04
105 0.02604907673582497 1.05
106 0.02598477492042999 1.06
107 0.02590476488948679 1.07
108 0.0258230063593165 1.08
109 0.02576653386746349 1.09
110 0.02572803507017777 1.1
111 0.02567889376095563 1.11
112 0.02565800711730914 1.12
113 0.0256430450931844 1.13
114 0.02561903697332255 1.14
115 0.02559520804942804 1.15
116 0.02550949045545873 1.16
117 0.02546775483761638 1.17
118 0.02544662952337749 1.18
119 0.02542329952753751 1.19
120 0.02542231823686397 1.2
121 0.02544143639318757 1.21
122 0.02545765023605335 1.22
123 0.02546387144512523 1.23
124 0.02546154287766134 1.24
125 0.02545779650812289 1.25
126 0.02545827166082713 1.26
127 0.0254575005227801 1.27
128 0.02545961582519988 1.28
129 0.02547199904541285 1.29
130 0.02548636067119854 1.3
131 0.02550344074130657 1.31
132 0.02551425326361673 1.32
133 0.0255244857342636 1.33
134 0.02554923750422508 1.34
135 0.0255669199632605 1.35
136 0.02558209448651879 1.36
137 0.02559479694914099 1.37
138 0.02560867902082722 1.38
139 0.02562256206773068 1.39
140 0.0256349254736509 1.4
141 0.0256500581150365 1.41
142 0.02565953588845298 1.42
143 0.02566180785967518 1.43
144 0.0256760077922553 1.44
145 0.025690165799518 1.45
146 0.0257044051014749 1.46
147 0.02571387584947878 1.47
148 0.0257217095359968 1.48
149 0.02573152474987656 1.49
150 0.02573573572199174 1.5
151 0.02573545756400115 1.51
152 0.02572830487836681 1.52
153 0.02572301139802144 1.53
154 0.02571228653932288 1.54
155 0.02569991651103066 1.55
156 0.02568551513357409 1.56
157 0.02566947600424599 1.57
158 0.02565254815849905 1.58
159 0.02563867620197613 1.59
160 0.02561771425058538 1.6
161 0.02559173613147643 1.61
162 0.0255619766036027 1.62
163 0.02552687870122543 1.63
164 0.02549304228766184 1.64
165 0.02545688869898538 1.65
166 0.02542082840589018 1.66
167 0.02538510055011662 1.67
168 0.02534975393077497 1.68
169 0.02531414464793993 1.69
170 0.02528739913656342 1.7
171 0.02525609313847171 1.71
172 0.02522082633358095 1.72
173 0.02519014051716498 1.73
174 0.02514760583887026 1.74
175 0.0251053837193645 1.75
176 0.02506641533561919 1.76
177 0.02503162510768697 1.77
178 0.02500129014089268 1.78
179 0.02496910083847999 1.79
180 0.02493814438835176 1.8
181 0.02491064634741229 1.81
182 0.02488789008448239 1.82
183 0.02487006704053049 1.83
184 0.02485390957437097 1.84
185 0.02484219217819167 1.85
186 0.02483116212935778 1.86
187 0.02482162664281526 1.87
188 0.02481043039556169 1.88
189 0.02480168406504575 1.89
190 0.02479510676241213 1.9
191 0.02479125878852145 1.91
192 0.02479242478089672 1.92
193 0.02479632837645443 1.93
194 0.02479555386586726 1.94
195 0.02480035335083333 1.95
196 0.02480545179735667 1.96
197 0.0248102852461377 1.97
198 0.02481769387666253 1.98
199 0.02482658909312981 1.99
200 0.02483473162103134 2
201 0.02484377367099887 2.01
202 0.02486072690259952 2.02
203 0.02488544697312053 2.03
204 0.0249039419196384 2.04
205 0.02492881604398352 2.05
206 0.02494360087448937 2.06
207 0.02496217232222255 2.07
208 0.02497277644852567 2.08
209 0.0249858921253568 2.09
210 0.0249922134686796 2.1
211 0.02500385125867832 2.11
212 0.02501595173012377 2.12
213 0.02502202813580463 2.13
214 0.02502338603774676 2.14
215 0.02502036188555244 2.15
216 0.02501796024968421 2.16
217 0.02501654924876989 2.17
218 0.0250122838419344 2.18
219 0.02500681302459659 2.19
220 0.02499912761495673 2.2
221 0.02498909544048353 2.21
222 0.02497680161559123 2.22
223 0.0249626706322176 2.23
224 0.0249444418026869 2.24
225 0.02492507869876788 2.25
226 0.02490758961999931 2.26
227 0.02488975195635755 2.27
228 0.02488033445010421 2.28
229 0.02486899195901316 2.29
230 0.02484877470900402 2.3
231 0.02482057494658358 2.31
232 0.02479052507634108 2.32
233 0.0247617066646919 2.33
234 0.02472556248252281 2.34
235 0.0246997001929819 2.35
236 0.02467970161299997 2.36
237 0.02466931663193481 2.37
238 0.02466596834889758 2.38
239 0.02466080215601926 2.39
240 0.02465455948377997 2.4
241 0.02464029179648608 2.41
242 0.02462779135287208 2.42
243 0.02461301541461237 2.43
244 0.0246043769612676 2.44
245 0.02459437038845913 2.45
246 0.02458186976180117 2.46
247 0.02457044153674965 2.47
248 0.02456348155676391 2.48
249 0.02456003025092581 2.49
250 0.02456141337667316 2.5
251 0.02456135798057864 2.51
252 0.02455594259772481 2.52
253 0.024548260543831 2.53
254 0.02454120691237787 2.54
255 0.02453490450629718 2.55
256 0.02453206168150732 2.56
257 0.02453335422092912 2.57
258 0.02453957029059941 2.58
259 0.02454678116746425 2.59
260 0.02455381138393111 2.6
261 0.02456157737866197 2.61
262 0.02457064870091093 2.62
263 0.02458266973618563 2.63
264 0.02459378501375315 2.64
265 0.02460441086293635 2.65
266 0.02461432489919314 2.66
267 0.02462431746658578 2.67
268 0.02463359086436647 2.68
269 0.02464588971914589 2.69
270 0.02465205366585928 2.7
271 0.02465589548616191 2.71
272 0.02465902669266861 2.72
273 0.02466100980436455 2.73
274 0.02466301653353991 2.74
275 0.02466505941835613 2.75
276 0.0246700560989438 2.76
277 0.02467331047508001 2.77
278 0.02467598276490687 2.78
279 0.02467775842508359 2.79
280 0.02467930807114195 2.8
281 0.02467942545512391 2.81
282 0.02467805187225683 2.82
283 0.02467494000835823 2.83
284 0.02467185679762191 2.84
285 0.02467054041120214 2.85
286 0.02466907170316165 2.86
287 0.02466640548298577 2.87
288 0.02466371091363823 2.88
289 0.02466109735972026 2.89
290 0.02465891947098048 2.9
291 0.02465774358046587 2.91
292 0.02465521476180536 2.92
293 0.02465128135600236 2.93
294 0.02464631595194652 2.94
295 0.024640398188324 2.95
296 0.02463471875828524 2.96
297 0.02462954409908093 2.97
298 0.02462279791408327 2.98
299 0.02461774656833072 2.99
300 0.02461329735798542 3
301 0.0246100015849601 3.01
302 0.02460611672072101 3.02
303 0.02460376900739426 3.03
304 0.02460064510653709 3.04
305 0.02459628580521065 3.05
306 0.02458884803381648 3.06
307 0.02458318201462193 3.07
308 0.02458382596433838 3.08
309 0.02457984609068015 3.09
310 0.02457539027735716 3.1
311 0.02457184526419826 3.11
312 0.0245698791574937 3.12
313 0.02457012622895411 3.13
314 0.02456790018933174 3.14
315 0.02456636796959615 3.15
316 0.02456434614005562 3.16
317 0.02456272276460253 3.17
318 0.02456196924661675 3.18
319 0.02456263318564711 3.19
320 0.02456419363782447 3.2
321 0.02456608209665042 3.21
322 0.0245678502092202 3.22
323 0.02456855372337086 3.23
324 0.02456954094255193 3.24
325 0.02457094183258282 3.25
326 0.0245731962675248 3.26
327 0.02457525945174037 3.27
328 0.02457717720437047 3.28
329 0.0245790095808494 3.29
330 0.02458248871970531 3.3
331 0.0245865366153643 3.31
332 0.02459065608850455 3.32
333 0.02459552347274915 3.33
334 0.0246000646736165 3.34
335 0.02460400218927272 3.35
336 0.02460790479070321 3.36
337 0.02461189099667532 3.37
338 0.0246157014840184 3.38
339 0.0246188084509355 3.39
340 0.02462095043176131 3.4
341 0.02462286011502662 3.41
342 0.024625195347087 3.42
343 0.02462787138743587 3.43
344 0.02463063171437376 3.44
345 0.02463342836936957 3.45
346 0.02463604844732856 3.46
347 0.0246390187810193 3.47
348 0.02464239554229793 3.48
349 0.02464583660995448 3.49
350 0.02464897112584353 3.5
351 0.02465077634995985 3.51
352 0.02465140264608089 3.52
353 0.0246514578532561 3.53
354 0.02465078265020365 3.54
355 0.02465113977195587 3.55
356 0.02465254346133069 3.56
357 0.02465406157594931 3.57
358 0.0246540661790724 3.58
359 0.02465376972080142 3.59
360 0.02465325087897546 3.6
361 0.02465212920056736 3.61
362 0.02465076532396925 3.62
363 0.02464924240390489 3.63
364 0.0246483769404432 3.64
365 0.0246469608081764 3.65
366 0.02464550822703391 3.66
367 0.02464438526075891 3.67
368 0.02464326244620342 3.68
369 0.02464163939469435 3.69
370 0.02463807670983988 3.7
371 0.02463666327304468 3.71
372 0.02463622173022394 3.72
373 0.02463610802094598 3.73
374 0.02463566860588599 3.74
375 0.02463536239573113 3.75
376 0.02463424227660953 3.76
377 0.02463238194599891 3.77
378 0.02463141894161309 3.78
379 0.02463003458289192 3.79
380 0.02462974970198149 3.8
381 0.02462823572422759 3.81
382 0.02462741918664636 3.82
383 0.02462628064732941 3.83
384 0.02462355778094717 3.84
385 0.02462376304616931 3.85
386 0.0246242535967276 3.86
387 0.02462472364589163 3.87
388 0.02462526554013829 3.88
389 0.0246251852592893 3.89
390 0.02462586358635651 3.9
391 0.02462687852918181 3.91
392 0.02462775828188402 3.92
393 0.02462810581534417 3.93
394 0.02462869719122463 3.94
395 0.02462934763959427 3.95
396 0.02463004240037198 3.96
397 0.02463190670431633 3.97
398 0.02463220414145818 3.98
399 0.02463278579886157 3.99
400 0.02463371306559852 4
401 0.02463617192216506 4.01
402 0.02463670732351621 4.02
403 0.02463727086835218 4.03
404 0.02463881481999854 4.04
405 0.02463990398353466 4.05
406 0.02464082058513654 4.06
407 0.02464191579600044 4.07
408 0.02464331260934397 4.08
409 0.02464569781830168 4.09
410 0.02464827155131959 4.1
411 0.02465111918060201 4.11
412 0.0246534816544652 4.12
413 0.02465482508492527 4.13
414 0.02465650097148946 4.14
415 0.02465745927268716 4.15
416 0.02465687559655207 4.16
417 0.02465672233545213 4.17
418 0.02465653802698563 4.18
419 0.0246566496432284 4.19
420 0.02465631416713649 4.2
421 0.02465491122435303 4.21
422 0.0246546512904994 4.22
423 0.02465492615042208 4.23
424 0.02465624567826291 4.24
425 0.02465734639639086 4.25
426 0.02465792874627806 4.26
427 0.02465876179332081 4.27
428 0.02465940543847064 4.28
429 0.02465959564550172 4.29
430 0.02465882336496531 4.3
431 0.02465820793386382 4.31
432 0.02465750206766607 4.32
433 0.02465662776778714 4.33
434 0.02465517883448957 4.34
435 0.02465344889875292 4.350000000000001
436 0.0246513767556132 4.36
437 0.0246493425389241 4.37
438 0.02464903900268946 4.38
439 0.02464797770936086 4.39
440 0.02464543713434726 4.4
441 0.02464441518067235 4.41
442 0.02464400495128176 4.42
443 0.02464367785992806 4.43
444 0.02464320090466316 4.44
445 0.02464289228450929 4.45
446 0.02464080862405635 4.46
447 0.02463929103240831 4.47
448 0.02463925195497869 4.48
449 0.02463788999202315 4.49
450 0.02463666369404358 4.5
451 0.02463491639530035 4.51
452 0.02463265114347839 4.52
453 0.0246307062154014 4.53
454 0.02462925814275637 4.54
455 0.02462807952398794 4.55
456 0.02462710808032752 4.56
457 0.0246263434716143 4.57
458 0.0246257982159323 4.58
459 0.02462620739258038 4.59
460 0.02462568176102168 4.600000000000001
461 0.02462484605947594 4.61
462 0.02462395989041643 4.62
463 0.02462277626271469 4.63
464 0.02462085325856271 4.64
465 0.02462126861643086 4.65
466 0.02462285690480956 4.66
467 0.02462300823930015 4.67
468 0.02462236106173296 4.68
469 0.02462135052228213 4.69
470 0.02461775561247673 4.7
471 0.02461630436134649 4.71
472 0.02461702361994878 4.72
473 0.02461819267901329 4.73
474 0.02462084314204666 4.74
475 0.02462203923964071 4.75
476 0.02462225552994654 4.76
477 0.02462199199606414 4.77
478 0.02462102039772432 4.78
479 0.02461988269896587 4.79
480 0.02461882609485931 4.8
481 0.0246172899692059 4.81
482 0.02461653893654973 4.82
483 0.024616277449084 4.83
484 0.02461622303002785 4.84
485 0.02461617531286868 4.850000000000001
486 0.02461615340922767 4.86
487 0.024615975184406 4.87
488 0.0246156706589081 4.88
489 0.02461543370149985 4.89
490 0.0246150604563516 4.9
491 0.02461459110307159 4.91
492 0.02461413993426207 4.92
493 0.02461374432147759 4.93
494 0.02461327677097141 4.94
495 0.02461235959890246 4.95
496 0.02461136469635699 4.96
497 0.02461045941559989 4.97
498 0.02460975772788806 4.98
499 0.0246089882188547 4.99
500 0.02460807340283206 5
501 0.02460702218304061 5.01
502 0.02460579612548545 5.02
503 0.02460438238161593 5.03
504 0.02460270817741105 5.04
505 0.02460078629186877 5.05
506 0.024598861582995 5.06
507 0.02459700363889609 5.07
508 0.02459554966137772 5.08
509 0.02459413291765241 5.09
510 0.02459271441416558 5.100000000000001
511 0.02459128054030851 5.11
512 0.02458985353361085 5.12
513 0.02458846115493147 5.13
514 0.02458713013268378 5.14
515 0.02458584674437722 5.15
516 0.02458462132233634 5.16
517 0.0245834718363317 5.17
518 0.02458163164390378 5.18
519 0.02458024268444727 5.19
520 0.02457929054121879 5.2
521 0.02457854923271073 5.21
522 0.02457785208208967 5.22
523 0.02457707443661535 5.23
524 0.0245759423781938 5.24
525 0.02457477698705369 5.25
526 0.02457353330754651 5.26
527 0.02457225430965394 5.27
528 0.02457091849753363 5.28
529 0.02456957254737175 5.29
530 0.02456825957075624 5.3
531 0.02456704325397448 5.31
532 0.02456592337583123 5.32
533 0.02456489443477043 5.33
534 0.02456400622202674 5.34
535 0.02456325941606281 5.350000000000001
536 0.02456262259228592 5.36
537 0.02456237523166246 5.37
538 0.02456224035104831 5.38
539 0.02456171061893919 5.39
540 0.02456129825810919 5.4
541 0.02456088797557485 5.41
542 0.02456047487298588 5.42
543 0.02455996152364202 5.43
544 0.02455939109167918 5.44
545 0.02455878784337671 5.45
546 0.02455816111682565 5.46
547 0.02455753935357162 5.47
548 0.02455687365160352 5.48
549 0.02455620932146966 5.49
550 0.02455555207554291 5.5
551 0.02455486004970722 5.51
552 0.02455408997958217 5.52
553 0.02455321238061426 5.53
554 0.02455223559502039 5.54
555 0.02455123982065437 5.55
556 0.02455028067930327 5.56
557 0.02454939156718131 5.57
558 0.0245483852918443 5.58
559 0.02454253106825988 5.59
560 0.02453755780625519 5.600000000000001
561 0.02453501932902824 5.61
562 0.02453448557672362 5.62
563 0.02453849176322672 5.63
564 0.02455434317383885 5.64
565 0.02456094425423985 5.65
566 0.02456140071356964 5.66
567 0.02455735386754002 5.67
568 0.02454999792376238 5.68
569 0.0245419550835991 5.69
570 0.02453535493414271 5.7
571 0.02453137594749619 5.71
572 0.02453021029659957 5.72
573 0.02453106964337907 5.73
574 0.02453288313535604 5.74
575 0.02453450693432914 5.75
576 0.02453560620939785 5.76
577 0.02453531959962472 5.77
578 0.0245339319161033 5.78
579 0.02453142961834582 5.79
580 0.02452833825428828 5.8
581 0.02452508059648763 5.81
582 0.02452198640712808 5.82
583 0.02451928736126377 5.83
584 0.02451710215519949 5.84
585 0.02451544690765775 5.850000000000001
586 0.0245142647070141 5.86
587 0.02451344863834738 5.87
588 0.02451287694352058 5.88
589 0.02451261683400908 5.89
590 0.02451234681589418 5.9
591 0.02450833458258742 5.91
592 0.02450648332170074 5.92
593 0.02450447435139416 5.93
594 0.02450409330538385 5.94
595 0.0245025287424581 5.95
596 0.02450501350674276 5.96
597 0.0245097156770909 5.97
598 0.02451260940003263 5.98
599 0.02451866888153001 5.99
600 0.02451965443096149 6
601 0.02451588366177665 6.01
602 0.0245095483814265 6.02
603 0.02450256776623272 6.03
604 0.02449589929821783 6.04
605 0.0244915841931389 6.05
606 0.0244896818939613 6.06
607 0.02448995482560552 6.07
608 0.02449136149852652 6.08
609 0.02449294474114455 6.09
610 0.0244939887462067 6.100000000000001
611 0.02449412173881471 6.11
612 0.02449329866541891 6.12
613 0.02449153216958644 6.13
614 0.02448946210605071 6.140000000000001
615 0.02448728126843938 6.15
616 0.02448521534895482 6.16
617 0.02448340100823999 6.17
618 0.02448208277837856 6.18
619 0.02447715132848073 6.19
620 0.02447172355074603 6.2
621 0.02446910844939152 6.21
622 0.02446886206227697 6.22
623 0.02446706044979377 6.23
624 0.02446713081436106 6.24
625 0.02446866810232646 6.25
626 0.02447579138268257 6.26
627 0.02447726323376682 6.27
628 0.02448303093970583 6.28
629 0.02448669542707587 6.29
630 0.02449126776309368 6.3
631 0.02449385049378566 6.31
632 0.02449491944877805 6.32
633 0.02448814197981735 6.33
634 0.02447701899178654 6.34
635 0.02446595226475894 6.350000000000001
636 0.02445766303493215 6.36
637 0.02445348757752731 6.37
638 0.02445352427612354 6.38
639 0.02445644697558046 6.390000000000001
640 0.02446073186913624 6.4
641 0.02446483951944569 6.41
642 0.02446705250805172 6.42
643 0.0244659245006854 6.43
644 0.02446384649000277 6.44
645 0.02446247581880654 6.45
646 0.02446052735463268 6.46
647 0.02445873765506213 6.47
648 0.02445760007724909 6.48
649 0.02445613608513083 6.49
650 0.02445280545073638 6.5
651 0.02445190472562095 6.51
652 0.02444887789540692 6.52
653 0.02444847472141091 6.53
654 0.0244474131287381 6.54
655 0.0244487475502553 6.55
656 0.02444496565880162 6.56
657 0.02444665925602019 6.57
658 0.02444360253131567 6.58
659 0.02444194389559063 6.59
660 0.02443951360489835 6.600000000000001
661 0.02443932502734062 6.61
662 0.02444029477472398 6.62
663 0.02444063414330111 6.63
664 0.02443989888393881 6.640000000000001
665 0.02443964997057877 6.65
666 0.0244393809315983 6.66
667 0.02443781195878527 6.67
668 0.02443555165511304 6.68
669 0.02443428082772806 6.69
670 0.02443357671026868 6.7
671 0.02443156834841875 6.71
672 0.02443068790451368 6.72
673 0.02443017248101412 6.73
674 0.02442991630443366 6.74
675 0.02442928533045512 6.75
676 0.02443041202364694 6.76
677 0.02442968860990374 6.77
678 0.02442907679530976 6.78
679 0.02442664135825803 6.79
680 0.02442243426872302 6.8
681 0.02441991290414564 6.81
682 0.02441844045096234 6.82
683 0.02441665074981547 6.83
684 0.02441517140705566 6.84
685 0.02441429976032692 6.850000000000001
686 0.02441501078592498 6.86
687 0.02441434742982131 6.87
688 0.02441325037442695 6.88
689 0.0244129359855249 6.890000000000001
690 0.02441294820263299 6.9
691 0.0244117173229835 6.91
692 0.0244117894708434 6.92
693 0.0244116170958753 6.93
694 0.02440988885188383 6.94
695 0.02440876554590524 6.95
696 0.02440794749824807 6.96
697 0.02440754259066873 6.97
698 0.02440515982720411 6.98
699 0.02440544359008303 6.99
700 0.02440372440218377 7
701 0.02440238391522009 7.01
702 0.02440305552706454 7.02
703 0.02440130517807354 7.03
704 0.02439995437604217 7.04
705 0.0244008724277026 7.05
706 0.02440098543496108 7.06
707 0.02440046515445958 7.07
708 0.02439995076051668 7.08
709 0.02440019355609327 7.09
710 0.0243980303333557 7.100000000000001
711 0.02439597889899359 7.11
712 0.02439454896359674 7.12
713 0.02439352367009641 7.13
714 0.02439115857083723 7.140000000000001
715 0.02438992439626657 7.15
716 0.02439148742828528 7.16
717 0.02439081472105489 7.17
718 0.02439063599168362 7.18
719 0.02439091025740097 7.19
720 0.02439136184320843 7.2
721 0.02439172513174075 7.21
722 0.02439179536214266 7.22
723 0.02439156455383629 7.23
724 0.02439077232511195 7.24
725 0.02438943594840343 7.25
726 0.02438766406927686 7.26
727 0.02438571033060264 7.27
728 0.02438198571152042 7.28
729 0.02438079565614573 7.29
730 0.02437784315857228 7.3
731 0.02437759402205709 7.31
732 0.02437498668227332 7.32
733 0.02437529021311195 7.33
734 0.02437321930738165 7.34
735 0.02437403899563775 7.350000000000001
736 0.0243743951533212 7.36
737 0.02437426944680117 7.37
738 0.02437373683469346 7.38
739 0.02437292162886503 7.390000000000001
740 0.02437195990202727 7.4
741 0.02437096465268392 7.41
742 0.02437009003719402 7.42
743 0.02437107004578895 7.43
744 0.0243709773894625 7.44
745 0.0243701903129044 7.45
746 0.02437036083493024 7.46
747 0.02436821306621765 7.47
748 0.0243661578560895 7.48
749 0.02436464601097342 7.49
750 0.02436339915604523 7.5
751 0.02436236916148246 7.51
752 0.02436007908491528 7.52
753 0.02436032151365834 7.53
754 0.02435869090582803 7.54
755 0.02435767903764392 7.55
756 0.02435708325273431 7.56
757 0.02435472106706441 7.57
758 0.02435548603341419 7.58
759 0.02435597136634329 7.59
760 0.0243556178468874 7.600000000000001
761 0.02435508575872311 7.61
762 0.02435232624886135 7.62
763 0.02435265524976956 7.63
764 0.02435265694796596 7.640000000000001
765 0.02435018981456127 7.65
766 0.0243506778631144 7.66
767 0.02435053308686179 7.67
768 0.02434989226921151 7.68
769 0.0243488853498155 7.69
770 0.02434786047982323 7.7
771 0.02434673017100483 7.71
772 0.02434576529370186 7.72
773 0.0243448156326004 7.73
774 0.02434357767767598 7.74
775 0.02434277872369447 7.75
776 0.02434226049262289 7.76
777 0.02434195981043192 7.77
778 0.02434131675898735 7.78
779 0.02434085969462109 7.79
780 0.02434258862353566 7.8
781 0.02434143131781967 7.81
782 0.02434048396302378 7.82
783 0.02433967242961388 7.83
784 0.02433887166411285 7.84
785 0.02433840488598688 7.850000000000001
786 0.02433736180644021 7.86
787 0.0243358083571329 7.87
788 0.02433430746808662 7.88
789 0.02433097568803312 7.890000000000001
790 0.02433044253026807 7.9
791 0.02432782324463289 7.91
792 0.02432592487159109 7.92
793 0.02432472112853659 7.930000000000001
794 0.02432408623955632 7.94
795 0.02432383738133134 7.95
796 0.02432388926262675 7.96
797 0.0243239237680098 7.97
798 0.02432118262853196 7.98
799 0.02432203737272044 7.99
800 0.02431986608284034 8
801 0.02432126136433658 8.01
802 0.0243192323131835 8.02
803 0.02432074955895123 8.029999999999999
804 0.02432154960319461 8.040000000000001
805 0.0243213884594846 8.050000000000001
806 0.02432035143429093 8.06
807 0.02431891558583603 8.07
808 0.02431735343830797 8.08
809 0.0243158699800326 8.09
810 0.02431457371923808 8.1
811 0.02431568785306189 8.109999999999999
812 0.02431390872321821 8.120000000000001
813 0.02431228457961047 8.130000000000001
814 0.02431302127424866 8.140000000000001
815 0.02431028280631286 8.15
816 0.02430829925254307 8.16
817 0.0243100567411262 8.17
818 0.02430873462309511 8.18
819 0.02431047316392778 8.19
820 0.02430839219410652 8.199999999999999
821 0.02430911325165779 8.210000000000001
822 0.02430623823925927 8.220000000000001
823 0.02430421559893563 8.23
824 0.02430259729135627 8.24
825 0.02430199557725462 8.25
826 0.02430185908825292 8.26
827 0.02430184048493315 8.27
828 0.02430171849436798 8.279999999999999
829 0.02430135839414901 8.290000000000001
830 0.02430071742156356 8.300000000000001
831 0.02429982341068488 8.31
832 0.02429874232519875 8.32
833 0.02429754185405302 8.33
834 0.02429632245376321 8.34
835 0.02429543971590352 8.35
836 0.02429715081003646 8.359999999999999
837 0.02429476157623395 8.370000000000001
838 0.02429457548426023 8.380000000000001
839 0.0242912266454908 8.390000000000001
840 0.02429041337045134 8.4
841 0.02428659866797225 8.41
842 0.02428635750213784 8.42
843 0.02428357670071811 8.43
844 0.02428187352420506 8.44
845 0.02428361549816716 8.449999999999999
846 0.02428191182918724 8.460000000000001
847 0.02428092836247013 8.470000000000001
848 0.02428051727491869 8.48
849 0.02428065035557466 8.49
850 0.02428396417500799 8.5
851 0.02428291248683343 8.51
852 0.02428464118392737 8.52
853 0.02428252896306889 8.529999999999999
854 0.02428305294307943 8.540000000000001
855 0.02427974183993031 8.550000000000001
856 0.02427964802178309 8.56
857 0.0242765621588669 8.57
858 0.02427404953799667 8.58
859 0.02427253936130822 8.59
860 0.02427150790020066 8.6
861 0.02427082586666145 8.609999999999999
862 0.02427298774797874 8.620000000000001
863 0.02427089324238424 8.630000000000001
864 0.02426913618015149 8.640000000000001
865 0.02427026576412629 8.65
866 0.02426766658921339 8.66
867 0.02426555595122799 8.67
868 0.02426390295767383 8.68
869 0.02426251763175455 8.69
870 0.02426154520946816 8.700000000000001
871 0.0242608940274375 8.710000000000001
872 0.02426046235259512 8.720000000000001
873 0.02426015186908931 8.73
874 0.0242598747691945 8.74
875 0.02425937004222353 8.75
876 0.02425881124772364 8.76
877 0.02425816224799487 8.77
878 0.02425740959896806 8.779999999999999
879 0.02425658189706816 8.790000000000001
880 0.02425597297971805 8.800000000000001
881 0.02425494687931935 8.81
882 0.02425651476861504 8.82
883 0.02425415926846771 8.83
884 0.0242553706487122 8.84
885 0.02425269884973212 8.85
886 0.02425211268553523 8.859999999999999
887 0.02424882972509025 8.870000000000001
888 0.02424819998735517 8.880000000000001
889 0.02424502318361844 8.890000000000001
890 0.02424531853146055 8.9
891 0.02424311584226367 8.91
892 0.02424162547668967 8.92
893 0.02424049197437828 8.93
894 0.02423991750742321 8.94
895 0.0242396228324385 8.950000000000001
896 0.02423946988558765 8.960000000000001
897 0.02423643060771934 8.970000000000001
898 0.02423519741959514 8.98
899 0.02423141645183989 8.99
900 0.02422922029327669 9
901 0.0242284169922932 9.01
902 0.02422884374994596 9.02
903 0.02422984369796915 9.029999999999999
904 0.02423104267699876 9.040000000000001
905 0.02423212438071641 9.050000000000001
906 0.02423285588774042 9.06
907 0.02423309418261676 9.07
908 0.02423283818361003 9.08
909 0.02423213101030316 9.09
910 0.02423101247970252 9.1
911 0.02422959283273453 9.109999999999999
912 0.02422793916640625 9.120000000000001
913 0.02422612001217949 9.130000000000001
914 0.02422417063560151 9.140000000000001
915 0.02422216000555437 9.15
916 0.02422060273127026 9.16
917 0.02421947474900575 9.17
918 0.02422157351183765 9.18
919 0.0242186558073809 9.19
920 0.02421907566349763 9.200000000000001
921 0.02421829638477424 9.210000000000001
922 0.02421662632129373 9.220000000000001
923 0.02421457514396872 9.23
924 0.02421239600986086 9.24
925 0.02420961850234472 9.25
926 0.02420998862134124 9.26
927 0.02420720115220151 9.27
928 0.02420527285311792 9.279999999999999
929 0.02420669054426965 9.290000000000001
930 0.02420471615668515 9.300000000000001
931 0.02420372628251704 9.31
932 0.02420302477454903 9.32
933 0.02420259076929775 9.33
934 0.02420261197342582 9.34
935 0.02420263501640332 9.35
936 0.02420233264959325 9.359999999999999
937 0.02420194328864424 9.370000000000001
938 0.02420149445064709 9.380000000000001
939 0.02420063912062988 9.390000000000001
940 0.02419977947918619 9.4
941 0.02419888965853242 9.41
942 0.02419783749098969 9.42
943 0.02419428238576179 9.43
944 0.0241944123218378 9.44
945 0.0241926627243418 9.450000000000001
946 0.02419354276930161 9.460000000000001
947 0.02419070502596421 9.470000000000001
948 0.02418807253919306 9.48
949 0.02418291434781284 9.49
950 0.0241827457590447 9.5
951 0.02417946592527203 9.51
952 0.02418097865531208 9.52
953 0.0241790893671976 9.529999999999999
954 0.02418115948742311 9.540000000000001
955 0.02418260813318955 9.550000000000001
956 0.02417912234329559 9.56
957 0.02417967482687165 9.57
958 0.02417616773714518 9.58
959 0.02417630242959787 9.59
960 0.02417278556398684 9.6
961 0.02417309934990732 9.609999999999999
962 0.0241730794907964 9.620000000000001
963 0.02416959367357421 9.630000000000001
964 0.02416999409986134 9.640000000000001
965 0.02417021519607428 9.65
966 0.02417021602176771 9.66
967 0.02416990861092773 9.67
968 0.0241694015336074 9.68
969 0.02416862222032922 9.69
970 0.02416763499967987 9.700000000000001
971 0.02416650996685203 9.710000000000001
972 0.0241659868425217 9.720000000000001
973 0.02416524030646914 9.73
974 0.02416439078463864 9.74
975 0.02416312751205847 9.75
976 0.02416160659889733 9.76
977 0.02415970750795165 9.77
978 0.02415802472156263 9.779999999999999
979 0.02415649462229757 9.790000000000001
980 0.02415513786380435 9.800000000000001
981 0.02415404938206932 9.81
982 0.02415019197202706 9.82
983 0.02415039273644043 9.83
984 0.0241476293518431 9.84
985 0.02414882028864597 9.85
986 0.02414638921444417 9.859999999999999
987 0.02414780537420822 9.870000000000001
988 0.02414535083550333 9.880000000000001
989 0.02414649267604527 9.890000000000001
990 0.02414381117542208 9.9
991 0.02414466538766471 9.91
992 0.02414451241122054 9.92
993 0.0241437301571888 9.93
994 0.02414241409889784 9.94
995 0.02414065948394802 9.950000000000001
996 0.02413614376342193 9.960000000000001
997 0.02413517673881776 9.970000000000001
998 0.02413392566912884 9.98
999 0.02413272249996518 9.99
1000 0.02412871524774939 10
1001 0.0241286144657092 10.01
1002 0.02412837942193694 10.02
1003 0.02412498368236939 10.03
1004 0.02412551075144764 10.04
1005 0.02412271413561595 10.05
1006 0.02412065396494381 10.06
1007 0.02411931387973464 10.07
1008 0.02412233395121223 10.08
1009 0.02412095309488398 10.09
1010 0.02411981940511957 10.1
1011 0.02411890036190368 10.11
1012 0.02411861443900984 10.12
1013 0.02411786023290655 10.13
1014 0.02411713403551855 10.14
1015 0.02411647404154212 10.15
1016 0.02411548416267201 10.16
1017 0.02411419242893134 10.17
1018 0.024112807566547 10.18
1019 0.02411134388110319 10.19
1020 0.0241098223765812 10.2
1021 0.02410853031547893 10.21
1022 0.02410711442063333 10.22
1023 0.02410564692678185 10.23
1024 0.02410418291680022 10.24
1025 0.02410286374855596 10.25
1026 0.02410156154929118 10.26
1027 0.0241003239027821 10.27
1028 0.02409918196759046 10.28
1029 0.024098132696338 10.29
1030 0.02409751547430341 10.3
1031 0.02409643454662883 10.31
1032 0.02409531739797718 10.32
1033 0.02409725719539927 10.33
1034 0.02409500132839125 10.34
1035 0.02409543974079176 10.35
1036 0.02409205592486171 10.36
1037 0.0240914353707292 10.37
1038 0.02408779727799302 10.38
1039 0.02408714818068585 10.39
1040 0.02408361631087004 10.4
1041 0.02408332724168784 10.41
1042 0.02408301389915966 10.42
1043 0.02408255868242471 10.43
1044 0.02408176043517777 10.44
1045 0.02408062476302917 10.45
1046 0.02407957165506752 10.46
1047 0.02407857903204097 10.47
1048 0.02407634885901569 10.48
1049 0.02407707379794756 10.49
1050 0.02407455861957039 10.5
1051 0.02407512193540627 10.51
1052 0.02407255090143859 10.52
1053 0.02407273255384931 10.53
1054 0.02406991550513567 10.54
1055 0.02407011626184538 10.55
1056 0.02406736550821116 10.56
1057 0.02406781362381928 10.57
1058 0.02406504301179403 10.58
1059 0.024062523886369 10.59
1060 0.02406287877584555 10.6
1061 0.0240601323066048 10.61
1062 0.02405766344458996 10.62
1063 0.02405539964292585 10.63
1064 0.02405599810145484 10.64
1065 0.02405349653412971 10.65
1066 0.02405123191836551 10.66
1067 0.02404923287787035 10.67
1068 0.02404753914112425 10.68
1069 0.0240489923128085 10.69
1070 0.02404710793832821 10.7
1071 0.02404551701011773 10.71
1072 0.02404423738797869 10.72
1073 0.02404609611208105 10.73
1074 0.02404452697646702 10.74
1075 0.02404300284627381 10.75
1076 0.02404431451455103 10.76
1077 0.02404220192859993 10.77
1078 0.02404019436446377 10.78
1079 0.02404098095734373 10.79
1080 0.02403852206118447 10.8
1081 0.02403904900025515 10.81
1082 0.02403649769100895 10.82
1083 0.02403423327962444 10.83
1084 0.02403227159499227 10.84
1085 0.02403060980561613 10.85
1086 0.02402929292252819 10.86
1087 0.02403121688905096 10.87
1088 0.02402944657064202 10.88
1089 0.02402770776267961 10.89
1090 0.0240260422398267 10.9
1091 0.02402447241205639 10.91
1092 0.02402303208484879 10.92
1093 0.02402173442713195 10.93
1094 0.02402085791658197 10.94
1095 0.02401990417148704 10.95
1096 0.02402361043000791 10.96
1097 0.02402252278310112 10.97
1098 0.02401927589383419 10.98
1099 0.02401578416303022 10.99
1100 0.02401472898164666 11
1101 0.02401137536107056 11.01
1102 0.02401022043960791 11.02
1103 0.02400700744299451 11.03
1104 0.02400606224240524 11.04
1105 0.02400327092369352 11.05
1106 0.02400058504915433 11.06
1107 0.02400020257726772 11.07
1108 0.02399781246350312 11.08
1109 0.02399780226922369 11.09
1110 0.02399560902289131 11.1
1111 0.02399555263597933 11.11
1112 0.02399290775903779 11.12
1113 0.02399281950453976 11.13
1114 0.02399036062155242 11.14
1115 0.02398848101037436 11.15
1116 0.02398964642081165 11.16
1117 0.02398850606895793 11.17
1118 0.02398747279139856 11.18
1119 0.02398655739350233 11.19
1120 0.02398573598118311 11.2
1121 0.02398486503389648 11.21
1122 0.02398394561794413 11.22
1123 0.02398301032402801 11.23
1124 0.02398200517540667 11.24
1125 0.02398080238896286 11.25
1126 0.02397961007719414 11.26
1127 0.02397839738323358 11.27
1128 0.02397714014393072 11.28
1129 0.02397581524818558 11.29
1130 0.02397440636200233 11.3
1131 0.02397031715068845 11.31
1132 0.02396943868434865 11.32
1133 0.02396565340273049 11.33
1134 0.02396553679219555 11.34
1135 0.02396228050763845 11.35
1136 0.02396298020433068 11.36
1137 0.02396017373810421 11.37
1138 0.02396135491024754 11.38
1139 0.02395873679054728 11.39
1140 0.02396009693412812 11.4
1141 0.0239575523326407 11.41
1142 0.02395864746006695 11.42
1143 0.0239558952873285 11.43
1144 0.02395680983680907 11.44
1145 0.02395717359671951 11.45
1146 0.02395407068352387 11.46
1147 0.02395415065378726 11.47
1148 0.02395374416918585 11.48
1149 0.02395285817435183 11.49
1150 0.02395154005487788 11.5
1151 0.02394983880778023 11.51
1152 0.02394783689800612 11.52
1153 0.02394780319187575 11.53
1154 0.023944984189825 11.54
1155 0.02394214933510859 11.55
1156 0.02393886712092388 11.56
1157 0.02393589887591558 11.57
1158 0.02393351445830165 11.58
1159 0.02393437320399126 11.59
1160 0.02393237647395224 11.6
1161 0.02393070307819128 11.61
1162 0.02393195884441459 11.62
1163 0.02392981730846408 11.63
1164 0.02392778278588931 11.64
1165 0.02392839797876722 11.65
1166 0.02392533889961701 11.66
1167 0.02392510504688413 11.67
1168 0.02392237113200906 11.68
1169 0.02392007679505273 11.69
1170 0.02392071176979197 11.7
1171 0.02391847913283613 11.71
1172 0.02391644713829154 11.72
1173 0.02391464903093679 11.73
1174 0.02391348017522645 11.74
1175 0.02391230233650794 11.75
1176 0.02391112472814017 11.76
1177 0.0239101199637569 11.77
1178 0.02390898969346772 11.78
1179 0.02390778504296148 11.79
1180 0.02390649964081958 11.8
1181 0.02390527563754511 11.81
1182 0.02390369563608932 11.82
1183 0.02390211322534299 11.83
1184 0.02390059754642827 11.84
1185 0.02389914542064832 11.85
1186 0.02389775916734702 11.86
1187 0.02389643918089547 11.87
1188 0.02389518065362227 11.88
1189 0.0238939735484904 11.89
1190 0.02389280302659773 11.9
1191 0.02389168601759942 11.91
1192 0.02389054543091799 11.92
1193 0.02388939137569243 11.93
1194 0.02388823555476781 11.94
1195 0.02388708744174003 11.95
1196 0.02388595136155252 11.96
1197 0.02388482341305368 11.97
1198 0.02388351107157567 11.98
1199 0.02388242315702427 11.99
1200 0.02388111135272859 12
1201 0.02387992537093165 12.01
1202 0.02387877988896778 12.02
1203 0.02387760922317217 12.03
1204 0.02387636816262473 12.04
1205 0.02387503472379325 12.05
1206 0.0238738561854243 12.06
1207 0.02387245077454726 12.07
1208 0.02387074730474798 12.08
1209 0.02386876365902819 12.09
1210 0.02386677234492271 12.1
1211 0.02386483208485415 12.11
1212 0.02386296864181777 12.12
1213 0.02386120710583681 12.13
1214 0.02385957582456763 12.14
1215 0.0238581105471765 12.15
1216 0.02385670236781648 12.16
1217 0.02385538277699401 12.17
1218 0.02385404410365369 12.18
1219 0.02385272663329791 12.19
1220 0.0238514243881431 12.2
1221 0.02384999583986151 12.21
1222 0.023848627058095 12.22
1223 0.02384729550528054 12.23
1224 0.02384314466518237 12.24
1225 0.0238426726437847 12.25
1226 0.0238422640151775 12.26
1227 0.02383882989211884 12.27
1228 0.02383937209618661 12.28
1229 0.02383974400571241 12.29
1230 0.02383666579651184 12.3
1231 0.02383728729841348 12.31
1232 0.02383740874128626 12.32
1233 0.02383392935552786 12.33
1234 0.02383405175095752 12.34
1235 0.02383370275977104 12.35
1236 0.02382996639537457 12.36
1237 0.02382986981421014 12.37
1238 0.0238294030683928 12.38
1239 0.02382857997294158 12.39
1240 0.02382741415734566 12.4
1241 0.02382591079534635 12.41
1242 0.02382413933109402 12.42
1243 0.02382207645432886 12.43
1244 0.02382025664029828 12.44
1245 0.02381597422419873 12.45
1246 0.02381447379558636 12.46
1247 0.02381305712781468 12.47
1248 0.02381181325896169 12.48
1249 0.02381070736854053 12.49
1250 0.02380964022467329 12.5
1251 0.02380857438821575 12.51
1252 0.02380746730872631 12.52
1253 0.02380634946855818 12.53
1254 0.02380523938911081 12.54
1255 0.02380412751348932 12.55
1256 0.02380297303007205 12.56
1257 0.02380183368222411 12.57
1258 0.02380065471349695 12.58
1259 0.02379972786873735 12.59
1260 0.02379864767236721 12.6
1261 0.02379743268297851 12.61
1262 0.02379613465678833 12.62
1263 0.02379476537619571 12.63
1264 0.02379301736604972 12.64
1265 0.02379100661291162 12.65
1266 0.02378882644124605 12.66
1267 0.02378673477575979 12.67
1268 0.02378486711676416 12.68
1269 0.02378287184209965 12.69
1270 0.02378106866557505 12.7
1271 0.02377941253475252 12.71
1272 0.0237778660920179 12.72
1273 0.02377639174285265 12.73
1274 0.02377495929272681 12.74
1275 0.023770771059815 12.75
1276 0.02377000266450836 12.76
1277 0.0237690667525845 12.77
1278 0.02376829107432017 12.78
1279 0.02376761183179657 12.79
1280 0.02376708235880591 12.8
1281 0.02376639548999903 12.81
1282 0.0237654780350874 12.82
1283 0.0237643247713712 12.83
1284 0.02376033899520227 12.84
1285 0.02375956982173821 12.85
1286 0.02375872012727858 12.86
1287 0.02375785816827958 12.87
1288 0.02375693717119944 12.88
1289 0.02375319723748398 12.89
1290 0.023752710923415 12.9
1291 0.02375208630720269 12.91
1292 0.02375123530715797 12.92
1293 0.0237474178034437 12.93
1294 0.02374688636223276 12.94
1295 0.02374621777860497 12.95
1296 0.02374552779285749 12.96
1297 0.02374480388816863 12.97
1298 0.02374398546048456 12.98
1299 0.02374294236340215 12.99
1300 0.02374172335685888 13
1301 0.02374034407802929 13.01
1302 0.02373882476324522 13.02
1303 0.02373720400293439 13.03
1304 0.02373552488741827 13.04
1305 0.02373382461626812 13.05
1306 0.02373213623962844 13.06
1307 0.02373048148541638 13.07
1308 0.02372887156728607 13.08
1309 0.02372731777679789 13.09
1310 0.02372591382186763 13.1
1311 0.02372443660418709 13.11
1312 0.02372303442003748 13.12
1313 0.02372159674003383 13.13
1314 0.02372004603219596 13.14
1315 0.02371853718382707 13.15
1316 0.02371710641988812 13.16
1317 0.02371590713456453 13.17
1318 0.02371727107635242 13.18
1319 0.02371545688590814 13.19
1320 0.02371355592876648 13.2
1321 0.02371156825541483 13.21
1322 0.0237118914009277 13.22
1323 0.02370937378054603 13.23
1324 0.02370693078552318 13.24
1325 0.02370459643075323 13.25
1326 0.02370456215972416 13.26
1327 0.02370204363450854 13.27
1328 0.02369971852332632 13.28
1329 0.0237000190209288 13.29
1330 0.02369755802012229 13.3
1331 0.02369527389742988 13.31
1332 0.02369544239583662 13.32
1333 0.02369284070350451 13.33
1334 0.02369049634375333 13.34
1335 0.02369046479799473 13.35
1336 0.0236879686735235 13.36
1337 0.02368572103173172 13.37
1338 0.02368370562486655 13.38
1339 0.02368103635152056 13.39
1340 0.02367903867839902 13.4
1341 0.02367761982574858 13.41
1342 0.02367671873599868 13.42
1343 0.02367615959753353 13.43
1344 0.02367531186673043 13.44
1345 0.02367464083769794 13.45
1346 0.02367399091242722 13.46
1347 0.0236732651663994 13.47
1348 0.02367243837393909 13.48
1349 0.0236714714543069 13.49
1350 0.02367033618698475 13.5
1351 0.02366902049971532 13.51
1352 0.02366763083853605 13.52
1353 0.02366596055301952 13.53
1354 0.02366411558661072 13.54
1355 0.02366217248054792 13.55
1356 0.02366012197726164 13.56
1357 0.02365811176894482 13.57
1358 0.02365317755723295 13.58
1359 0.02365229819271537 13.59
1360 0.02365143930259772 13.6
1361 0.02365079307247838 13.61
1362 0.02364680790216282 13.62
1363 0.02364691193336348 13.63
1364 0.02364688184824173 13.64
1365 0.02364310602557879 13.65
1366 0.02364365108518084 13.66
1367 0.02364017126015088 13.67
1368 0.0236410771275178 13.68
1369 0.02364161144607213 13.69
1370 0.02363826263385275 13.7
1371 0.02363893038620547 13.71
1372 0.02363861527986365 13.72
1373 0.02363772299658847 13.73
1374 0.02363631222087081 13.74
1375 0.02363446924633836 13.75
1376 0.02363230792871247 13.76
1377 0.02363012136639533 13.77
1378 0.02362784613226895 13.78
1379 0.02362562750124873 13.79
1380 0.0236235552534839 13.8
1381 0.02362167876252926 13.81
1382 0.02362014331046168 13.82
1383 0.02361875475665378 13.83
1384 0.02361749421337289 13.84
1385 0.02361633771506208 13.85
1386 0.02361534018268738 13.86
1387 0.02361435999059083 13.87
1388 0.02361361201535757 13.88
1389 0.02361277709732335 13.89
1390 0.02361183193472449 13.9
1391 0.02361078036613093 13.91
1392 0.02360961536374311 13.92
1393 0.02360813750616535 13.93
1394 0.02360900070131747 13.94
1395 0.02360650402029172 13.95
1396 0.02360407903373716 13.96
1397 0.02360181989145637 13.97
1398 0.02359958052513809 13.98
1399 0.02359998795197121 13.99
1400 0.02359719759678853 14
1401 0.02359454790282469 14.01
1402 0.02359207093985943 14.02
1403 0.02358985757387309 14.03
1404 0.02358787587624019 14.04
1405 0.02358890921556945 14.05
1406 0.0235869719425748 14.06
1407 0.02358507378681518 14.07
1408 0.02358319252169739 14.08
1409 0.02358384053282259 14.09
1410 0.02358140138919967 14.1
1411 0.02357918902177722 14.11
1412 0.02357706801067312 14.12
1413 0.02357512886057161 14.13
1414 0.02357335717507564 14.14
1415 0.02357437247777861 14.15
1416 0.02357242117180428 14.16
1417 0.02357048655638046 14.17
1418 0.02357095263922826 14.18
1419 0.02356842217030637 14.19
1420 0.02356600744121282 14.2
1421 0.0235637658686192 14.21
1422 0.02356180044142027 14.22
1423 0.02356010408545898 14.23
1424 0.02355866815017093 14.24
1425 0.02355745109841761 14.25
1426 0.02355625304716134 14.26
1427 0.02355519913103058 14.27
1428 0.02355425181923803 14.28
1429 0.02355327215973001 14.29
1430 0.02355207684394626 14.3
1431 0.0235507940624835 14.31
1432 0.02354940723264889 14.32
1433 0.0235479142848546 14.33
1434 0.02354628574533793 14.34
1435 0.02354442466417763 14.35
1436 0.02354267580926138 14.36
1437 0.02354080506095986 14.37
1438 0.02353635464011842 14.38
1439 0.02353552110414434 14.39
1440 0.02353480997561434 14.4
1441 0.02353420966604527 14.41
1442 0.02353363604742133 14.42
1443 0.02353312304409042 14.43
1444 0.02353231849527965 14.44
1445 0.02352844170232081 14.45
1446 0.02352816782237143 14.46
1447 0.02352769188324383 14.47
1448 0.02352710023121336 14.48
1449 0.02352638392064348 14.49
1450 0.02352549895309563 14.5
1451 0.02352440220675827 14.51
1452 0.02352302056906139 14.52
1453 0.02352136438401394 14.53
1454 0.02351948055254916 14.54
1455 0.02351743777271906 14.55
1456 0.02351530942543957 14.56
1457 0.02351554487305052 14.57
1458 0.02351273893701608 14.58
1459 0.02351000576511056 14.59
1460 0.02350724989092286 14.6
1461 0.02350704482270394 14.61
1462 0.02350416830926278 14.62
1463 0.02350161594602656 14.63
1464 0.02350177152241104 14.64
1465 0.02349921750055649 14.65
1466 0.02349940171875188 14.66
1467 0.02349685462856367 14.67
1468 0.02349469700831891 14.68
1469 0.02349280860528296 14.69
1470 0.02349377421947074 14.7
1471 0.02349144650119241 14.71
1472 0.02348962299913387 14.72
1473 0.02348821931259043 14.73
1474 0.0234871515708925 14.74
1475 0.02348653997294455 14.75
1476 0.02348642012756159 14.76
1477 0.02348594384185202 14.77
1478 0.02348515044097736 14.78
1479 0.02348433756278824 14.79
1480 0.02348315009921172 14.8
1481 0.02348168445946252 14.81
1482 0.02347999038926908 14.82
1483 0.02347811741514082 14.83
1484 0.02347615772186366 14.84
1485 0.02347409087365196 14.85
1486 0.02347198075212072 14.86
1487 0.02346942561837767 14.87
1488 0.0234671243712745 14.88
1489 0.02346506516973628 14.89
1490 0.02346325095570808 14.9
1491 0.02346166839235533 14.91
1492 0.02345987857357273 14.92
1493 0.02345555380975468 14.93
1494 0.02345543948877142 14.94
1495 0.02345541538639359 14.95
1496 0.02345194550180819 14.96
1497 0.02345280129741105 14.97
1498 0.0234532847433108 14.98
1499 0.02344990592966518 14.99
1500 0.0234504471897336 15
1501 0.02345048442649589 15.01
1502 0.02344672709945929 15.02
1503 0.02344680103906651 15.03
1504 0.02344636691998635 15.04
1505 0.02344541958577374 15.05
1506 0.0234410184800942 15.06
1507 0.02344017084926889 15.07
1508 0.02343903108850853 15.08
1509 0.02343765120666021 15.09
1510 0.02343603785936009 15.1
1511 0.02343421482647798 15.11
1512 0.02343233010585037 15.12
1513 0.02343034675929419 15.13
1514 0.02342838740971829 15.14
1515 0.02342618714274516 15.15
1516 0.02342428464974404 15.16
1517 0.02342271116120513 15.17
1518 0.02342145236055693 15.18
1519 0.02342045670905001 15.19
1520 0.02341996142020313 15.2
1521 0.02341952004752232 15.21
1522 0.02341904668847981 15.22
1523 0.02341847331604124 15.23
1524 0.02341771676186058 15.24
1525 0.02341699570657903 15.25
1526 0.0234160401652738 15.26
1527 0.02341524297741387 15.27
1528 0.02341397801483238 15.28
1529 0.0234125393068685 15.29
1530 0.02341096991412504 15.3
1531 0.02340930082202799 15.31
1532 0.02340755646293338 15.32
1533 0.02340820651984403 15.33
1534 0.02340550279272822 15.34
1535 0.0234028633839971 15.35
1536 0.02340031755245503 15.36
1537 0.02339793144406778 15.37
1538 0.02339571316669291 15.38
1539 0.02339380802653244 15.39
1540 0.02339218790083954 15.4
1541 0.02339080978637164 15.41
1542 0.02338961861228541 15.42
1543 0.02338871185214837 15.43
1544 0.02338781375313569 15.44
1545 0.02338689105888011 15.45
1546 0.02338592139599099 15.46
1547 0.02338489301978323 15.47
1548 0.0233838035406151 15.48
1549 0.02338520835420326 15.49
1550 0.02338313729843339 15.5
1551 0.02338106704671428 15.51
1552 0.02338100541822241 15.52
1553 0.02337798291933794 15.53
1554 0.02337525520032899 15.54
1555 0.02337281195119121 15.55
1556 0.02337302772111005 15.56
1557 0.02337020480524334 15.57
1558 0.02336771422131835 15.58
1559 0.02336787616621903 15.59
1560 0.02336503512832917 15.6
1561 0.02336253820183735 15.61
1562 0.02336037116845513 15.62
1563 0.02335853945763456 15.63
1564 0.02335703866007819 15.64
1565 0.02335583293906724 15.65
1566 0.023354922508967 15.66
1567 0.02335367973743143 15.67
1568 0.02335258203625569 15.68
1569 0.02335155025903451 15.69
1570 0.02334737580551503 15.7
1571 0.02334767998718251 15.71
1572 0.02334764389340235 15.72
1573 0.02334731461651867 15.73
1574 0.02334355533058503 15.74
1575 0.02334371850732651 15.75
1576 0.02334336360259893 15.76
1577 0.02333950339448982 15.77
1578 0.02333946635743103 15.78
1579 0.02333894179876679 15.79
1580 0.02333804637080758 15.8
1581 0.02333389997659025 15.81
1582 0.02333347964218442 15.82
1583 0.0233326675727357 15.83
1584 0.02333159639159204 15.84
1585 0.02332741176686243 15.85
1586 0.02332702102549777 15.86
1587 0.02332632065308362 15.87
1588 0.02332542524025091 15.88
1589 0.02332140150503765 15.89
1590 0.0233212878956138 15.9
1591 0.0233209024398317 15.91
1592 0.0233205759857245 15.92
1593 0.02331712997214767 15.93
1594 0.02331725588536014 15.94
1595 0.02331709129689544 15.95
1596 0.02331670685492419 15.96
1597 0.02331347891888402 15.97
1598 0.02331363335761761 15.98
1599 0.02331324344751323 15.99
1600 0.0233126690917966 16
1601 0.02331176695249208 16.01
1602 0.0233080104816018 16.02
1603 0.02330735052448504 16.03
1604 0.02330632435725543 16.04
1605 0.02330249833402037 16.05
1606 0.0233018271125965 16.06
1607 0.02330096516928845 16.07
1608 0.02329996786111954 16.08
1609 0.0232962748924687 16.09
1610 0.02329568641457563 16.1
1611 0.0232948936926559 16.11
1612 0.02329396236574918 16.12
1613 0.02329290723453572 16.13
1614 0.0232891476955023 16.14
1615 0.02328865925947539 16.15
1616 0.02328798767740624 16.16
1617 0.02328721067772753 16.17
1618 0.02328633489552774 16.18
1619 0.02328529599675904 16.19
1620 0.02328410091632823 16.2
1621 0.02328277257881311 16.21
1622 0.02328135930686746 16.22
1623 0.02328015058282284 16.23
1624 0.02327909372960826 16.24
1625 0.02327795005880163 16.25
1626 0.0232743034575137 16.26
1627 0.02327372703381476 16.27
1628 0.02327305970160328 16.28
1629 0.0232697373838428 16.29
1630 0.02326943166497865 16.3
1631 0.02326872034915714 16.31
1632 0.0232678410944775 16.32
1633 0.0232667334894827 16.33
1634 0.02326537100612022 16.34
1635 0.0232614020272022 16.35
1636 0.0232602712366038 16.36
1637 0.02325923322727769 16.37
1638 0.02325562895674406 16.38
1639 0.02325496969675128 16.39
1640 0.02325413826213291 16.4
1641 0.02325068340522476 16.41
1642 0.02325020942910763 16.42
1643 0.02324950408526238 16.43
1644 0.02324611193665554 16.44
1645 0.02324550301507405 16.45
1646 0.02324215993759247 16.46
1647 0.02324184947283865 16.47
1648 0.02323875352971791 16.48
1649 0.02323912921880715 16.49
1650 0.02323941942349304 16.5
1651 0.02323669115158472 16.51
1652 0.0232373511166797 16.52
1653 0.02323506150285415 16.53
1654 0.02323591449825915 16.54
1655 0.02323629371944832 16.55
1656 0.02323610360179125 16.56
1657 0.02323311568636459 16.57
1658 0.02323256338015569 16.58
1659 0.02323155425862559 16.59
1660 0.02323021106382965 16.6
1661 0.02322864269901382 16.61
1662 0.02322692594325771 16.62
1663 0.02322315429996043 16.63
1664 0.02322186078778708 16.64
1665 0.02322088144537285 16.65
1666 0.02321978993531361 16.66
1667 0.02321656884255864 16.67
1668 0.0232157509643864 16.68
1669 0.02321492692701172 16.69
1670 0.02321411830300257 16.7
1671 0.02321327362942905 16.71
1672 0.02321234801252247 16.72
1673 0.02321129960271689 16.73
1674 0.02320800378041534 16.74
1675 0.02320734205877034 16.75
1676 0.02320656201722925 16.76
1677 0.02320573090466699 16.77
1678 0.02320485242227035 16.78
1679 0.02320380290259541 16.79
1680 0.02320266659316049 16.8
1681 0.0232014155540851 16.81
1682 0.02320005552650828 16.82
1683 0.02319861453347586 16.83
1684 0.02319714238157106 16.84
1685 0.02319566034206109 16.85
1686 0.02319223111949581 16.86
1687 0.02319133057324415 16.87
1688 0.02319050220980016 16.88
1689 0.02318977980670477 16.89
1690 0.02318912929402374 16.9
1691 0.02318860209591575 16.91
1692 0.02318580480878306 16.92
1693 0.02318555046091892 16.93
1694 0.02318490951254012 16.94
1695 0.02318194504059186 16.95
1696 0.02318167325309476 16.96
1697 0.02317893842407087 16.97
1698 0.02317913588203222 16.98
1699 0.02317659394169975 16.99
1700 0.02317680567113066 17
1701 0.02317431268722863 17.01
1702 0.02317446775528679 17.02
1703 0.02317186630904429 17.03
1704 0.02317177622601651 17.04
1705 0.02316899459801604 17.05
1706 0.02316864492438856 17.06
1707 0.02316573011973785 17.07
1708 0.02316525338963521 17.08
1709 0.0231623087995714 17.09
1710 0.02316185742379559 17.1
1711 0.02315875226256835 17.11
1712 0.02315828765346922 17.12
1713 0.02315531939357304 17.13
1714 0.02315512423005213 17.14
1715 0.02315231971256721 17.15
1716 0.02315233551397966 17.16
1717 0.02314964865483717 17.17
1718 0.02314979944295942 17.18
1719 0.02314718707960583 17.19
1720 0.02314741927465515 17.2
1721 0.02314485646199059 17.21
1722 0.02314514373192365 17.22
1723 0.02314509612103875 17.23
1724 0.0231423600345168 17.24
1725 0.02314233628980283 17.25
1726 0.02314196093730624 17.26
1727 0.02313883885884956 17.27
1728 0.0231384451326306 17.28
1729 0.02313786467673189 17.29
1730 0.02313711332185451 17.3
1731 0.02313433636051081 17.31
1732 0.0231340486382615 17.32
1733 0.02313307365042954 17.33
1734 0.02312979696957092 17.34
1735 0.02312922011113716 17.35
1736 0.02312853385553508 17.36
1737 0.02312549564150269 17.37
1738 0.02312529018257559 17.38
1739 0.02312253608720284 17.39
1740 0.02312249424763689 17.4
1741 0.02311970617968736 17.41
1742 0.0231200813413071 17.42
1743 0.02311752857483625 17.43
1744 0.02311818893401479 17.44
1745 0.02311586267818235 17.45
1746 0.02311657253136066 17.46
1747 0.02311418099540812 17.47
1748 0.02311468681755811 17.48
1749 0.02311214951473193 17.49
1750 0.02311233883797732 17.5
1751 0.02311197245747458 17.51
1752 0.02310886480150399 17.52
1753 0.0231082317369146 17.53
1754 0.023107171562906 17.54
1755 0.02310414882775066 17.55
1756 0.02310333863061694 17.56
1757 0.02310224521666369 17.57
1758 0.02310076530838718 17.58
1759 0.02309733654557474 17.59
1760 0.02309663094740094 17.6
1761 0.02309595331902858 17.61
1762 0.02309536597961097 17.62
1763 0.02309485914781332 17.63
1764 0.02309447107457563 17.64
1765 0.0230940594255247 17.65
1766 0.0230912301577595 17.66
1767 0.02309121046523383 17.67
1768 0.02309098360166445 17.68
1769 0.02308827037128926 17.69
1770 0.02308842911703877 17.7
1771 0.02308593443179606 17.71
1772 0.02308651151769807 17.72
1773 0.02308422148087406 17.73
1774 0.02308468993084575 17.74
1775 0.02308226501879629 17.75
1776 0.02308248466347886 17.76
1777 0.02307984440112479 17.77
1778 0.02307969649014399 17.78
1779 0.02307682306272162 17.79
1780 0.02307636001869642 17.8
1781 0.02307400289216394 17.81
1782 0.02307386613125807 17.82
1783 0.02307115075329184 17.83
1784 0.02307054684400973 17.84
1785 0.02306758413515502 17.85
1786 0.02306673490188433 17.86
1787 0.023063707635134 17.87
1788 0.02306094314850231 17.88
1789 0.02306059647379349 17.89
1790 0.02305801801074922 17.9
1791 0.02305805850893768 17.91
1792 0.02305576636359619 17.92
1793 0.02305618609654453 17.93
1794 0.02305407902288129 17.94
1795 0.0230546381710919 17.95
1796 0.02305254204744904 17.96
1797 0.02305300478310623 17.97
1798 0.02305301848758888 17.98
1799 0.02305053778052786 17.99
1800 0.02305035963911503 18
1801 0.02304976597030796 18.01
1802 0.02304693147093228 18.02
1803 0.0230463104179102 18.03
1804 0.02304546476451787 18.04
1805 0.02304448806013678 18.05
1806 0.02304155493941278 18.06
1807 0.0230409329747706 18.07
1808 0.02304018112161902 18.08
1809 0.02303935084684916 18.09
1810 0.0230365446691896 18.1
1811 0.02303611822839702 18.11
1812 0.02303555583170472 18.12
1813 0.02303291940820212 18.13
1814 0.02303273296548238 18.14
1815 0.02303239906930422 18.15
1816 0.02302940057148605 18.16
1817 0.02302908177503487 18.17
1818 0.02302647567243122 18.18
1819 0.02302667463072422 18.19
1820 0.0230243632335064 18.2
1821 0.02302492064976853 18.21
1822 0.02302278699893737 18.22
1823 0.02302348827364605 18.23
1824 0.02302148402682599 18.24
1825 0.02302216166015722 18.25
1826 0.02302000232283193 18.26
1827 0.02302036667528667 18.27
1828 0.02301797390578538 18.28
1829 0.02301796203833905 18.29
1830 0.02301744602822995 18.3
1831 0.02301456996099505 18.31
1832 0.0230139631840437 18.32
1833 0.02301304357883768 18.33
1834 0.02301001399207631 18.34
1835 0.02300934521339463 18.35
1836 0.02300852013569038 18.36
1837 0.02300564822340621 18.37
1838 0.02300531943476473 18.38
1839 0.02300491154808962 18.39
1840 0.02300448681574945 18.4
1841 0.02300413039766952 18.41
1842 0.02300367284273445 18.42
1843 0.02300306577847636 18.43
1844 0.02300032699946594 18.44
1845 0.02299989696075336 18.45
1846 0.02299920137406241 18.46
1847 0.02299646291712342 18.47
1848 0.02299579307069463 18.48
1849 0.02299310392557121 18.49
1850 0.02299273355874901 18.5
1851 0.02299027448890933 18.51
1852 0.02299024925080864 18.52
1853 0.02298815815335768 18.53
1854 0.0229884008924708 18.54
1855 0.02298628592297337 18.55
1856 0.0229864007498389 18.56
1857 0.02298403620526035 18.57
1858 0.02298181962200559 18.58
1859 0.02298192917215542 18.59
1860 0.02297969797204433 18.6
1861 0.02297764892530191 18.61
1862 0.0229780683375813 18.62
1863 0.0229760367044639 18.63
1864 0.02297419901850432 18.64
1865 0.02297254588277889 18.65
1866 0.02297104747198024 18.66
1867 0.02297220990398219 18.67
1868 0.02297060197046809 18.68
1869 0.02296913226402507 18.69
1870 0.02296778312246967 18.7
1871 0.02296652177209124 18.71
1872 0.02296532261369079 18.72
1873 0.02296417657671502 18.73
1874 0.02296568777941224 18.74
1875 0.02296421901276308 18.75
1876 0.02296272963532723 18.76
1877 0.02296129365380986 18.77
1878 0.02296230986145248 18.78
1879 0.0229604385723488 18.79
1880 0.02295855576014916 18.8
1881 0.02295888619351508 18.81
1882 0.02295660853347247 18.82
1883 0.02295437942835198 18.83
1884 0.02295433858596901 18.84
1885 0.02295193610120842 18.85
1886 0.02294970250818569 18.86
1887 0.02294982926066721 18.87
1888 0.0229475266327672 18.88
1889 0.02294767543481716 18.89
1890 0.0229454670819552 18.9
1891 0.02294349982338547 18.91
1892 0.02294412672739875 18.92
1893 0.02294220831154696 18.93
1894 0.02294289975088444 18.94
1895 0.02294103733922206 18.95
1896 0.02293948154253173 18.96
1897 0.02294067411725729 18.97
1898 0.02293913497619713 18.98
1899 0.02293779345837411 18.99
1900 0.02293917408032859 19
1901 0.02293768009049898 19.01
1902 0.02293630686432831 19.02
1903 0.02293752705387071 19.03
1904 0.02293579873600907 19.04
1905 0.02293415995314531 19.05
1906 0.02293492812964782 19.06
1907 0.02293303131058514 19.07
1908 0.02293133281507711 19.08
1909 0.02293188956337841 19.09
1910 0.02292991879433171 19.1
1911 0.0229300817023687 19.11
1912 0.0229278750665663 19.12
1913 0.02292769433965796 19.13
1914 0.02292527466268492 19.14
1915 0.02292480413562696 19.15
1916 0.02292223015210387 19.16
1917 0.0229216069856503 19.17
1918 0.02292071940788696 19.18
1919 0.02291796968434706 19.19
1920 0.02291718595621491 19.2
1921 0.02291620310866237 19.21
1922 0.02291341320563446 19.22
1923 0.02291259720749821 19.23
1924 0.02291162327855476 19.24
1925 0.0229088905838907 19.25
1926 0.02290829072500808 19.26
1927 0.02290583733783462 19.27
1928 0.02290563948985706 19.28
1929 0.02290538072378067 19.29
1930 0.02290316509035379 19.3
1931 0.02290327796156311 19.31
1932 0.02290125675429008 19.32
1933 0.02290157426709839 19.33
1934 0.02289963932597232 19.34
1935 0.02289791125050762 19.35
1936 0.02289855995032914 19.36
1937 0.02289678189605653 19.37
1938 0.02289505815446418 19.38
1939 0.02289351267075616 19.39
1940 0.02289443942437865 19.4
1941 0.02289273238070266 19.41
1942 0.02289112827914575 19.42
1943 0.02288962064547783 19.43
1944 0.02289045402866965 19.44
1945 0.02288868626978075 19.45
1946 0.02288699335909139 19.46
1947 0.02288538736360447 19.47
1948 0.02288387211904913 19.48
1949 0.02288471486767043 19.49
1950 0.02288299671565689 19.5
1951 0.02288122930812877 19.51
1952 0.0228796445640671 19.52
1953 0.02287822986381028 19.53
1954 0.02287697754148665 19.54
1955 0.02287588772148577 19.55
1956 0.02287497131951394 19.56
1957 0.0228741682041465 19.57
1958 0.02287354566705826 19.58
1959 0.02287307350440864 19.59
1960 0.0228727465312452 19.6
1961 0.02287248167383028 19.61
1962 0.02287223996542143 19.62
1963 0.02287198021399755 19.63
1964 0.02287167175783865 19.64
1965 0.02287128538728784 19.65
1966 0.02287079698129412 19.66
1967 0.02287018732336051 19.67
1968 0.02287205223417061 19.68
1969 0.02287065853987727 19.69
1970 0.02286911047230641 19.7
1971 0.02286741492529666 19.71
1972 0.02286767074816037 19.72
1973 0.02286529984494787 19.73
1974 0.02286473503717075 19.74
1975 0.02286198244089915 19.75
1976 0.02285933478032859 19.76
1977 0.02285866298200829 19.77
1978 0.02285602336329953 19.78
1979 0.02285555093771505 19.79
1980 0.02285313271587919 19.8
1981 0.02285305420049388 19.81
1982 0.02285089477800018 19.82
1983 0.02285116152163588 19.83
1984 0.02284918933940899 19.84
1985 0.02284966683554314 19.85
1986 0.02284779807592823 19.86
1987 0.02284837324816555 19.87
1988 0.02284655683536238 19.88
1989 0.0228471637784603 19.89
1990 0.02284535125819699 19.9
1991 0.02284374124171315 19.91
1992 0.02284461148963916 19.92
1993 0.02284295529027025 19.93
1994 0.02284375246741728 19.94
1995 0.02284205211421269 19.95
1996 0.02284273557141003 19.96
1997 0.02284092954698317 19.97
1998 0.02284139416841758 19.98
1999 0.02284142029771703 19.99
2000 0.02283917220575911 20
2001 0.02283894714589294 20.01
2002 0.0228383150541542 20.02
2003 0.02283734042733395 20.03
2004 0.02283449257444683 20.04
2005 0.02283346848744439 20.05
2006 0.02283219547135331 20.06
2007 0.02282923051571519 20.07
2008 0.0228281971544942 20.08
2009 0.02282544772601925 20.09
2010 0.02282478613337517 20.1
2011 0.02282232628915281 20.11
2012 0.02282213295255749 20.12
2013 0.02281997577841277 20.13
2014 0.02281835986623384 20.14
2015 0.02281915193023899 20.15
2016 0.02281760702304719 20.16
2017 0.02281626788141576 20.17
2018 0.02281727191717991 20.18
2019 0.02281577461975369 20.19
2020 0.0228143886058897 20.2
2021 0.02281322952679289 20.21
2022 0.02281421108550012 20.22
2023 0.02281268284061973 20.23
2024 0.02281124928588768 20.24
2025 0.02280990172865499 20.25
2026 0.02281074653854687 20.26
2027 0.02280925452154163 20.27
2028 0.02280787402509087 20.28
2029 0.02280659837888986 20.29
2030 0.02280540669984866 20.3
2031 0.02280428454486455 20.31
2032 0.02280322930993365 20.32
2033 0.02280224678793456 20.33
2034 0.02280134457692572 20.34
2035 0.02280052592624883 20.35
2036 0.0228020684528881 20.36
2037 0.02280098195869262 20.37
2038 0.02279993548639044 20.38
2039 0.02279891440800895 20.39
2040 0.02279795777583178 20.4
2041 0.02279697384068418 20.41
2042 0.02279597674069346 20.42
2043 0.02279499485303059 20.43
2044 0.02279405794474076 20.44
2045 0.02279318824086859 20.45
2046 0.02279239416838978 20.46
2047 0.02279166892027063 20.47
2048 0.02279099300652575 20.48
2049 0.02279033938903251 20.49
2050 0.02279191850002633 20.5
2051 0.02279081457588884 20.51
2052 0.0227896545314078 20.52
2053 0.02278843284483826 20.53
2054 0.0227890432014362 20.54
2055 0.02278720145435245 20.55
2056 0.02278716579391541 20.56
2057 0.02278507213274876 20.57
2058 0.02278307357084238 20.58
2059 0.02278293626881662 20.59
2060 0.02278084348599266 20.6
2061 0.02278065714915085 20.61
2062 0.02277860261911436 20.62
2063 0.02277851129233059 20.63
2064 0.02277653458313031 20.64
2065 0.02277658323343589 20.65
2066 0.02277470024365872 20.66
2067 0.02277488102180483 20.67
2068 0.02277307901225134 20.68
2069 0.02277148810762298 20.69
2070 0.02277205312536109 20.7
2071 0.02277050904347964 20.71
2072 0.02276913450036219 20.72
2073 0.02276994687032305 20.73
2074 0.02276847819184085 20.74
2075 0.02276714333909955 20.75
2076 0.02276789266318544 20.76
2077 0.02276629473142574 20.77
2078 0.02276697634319273 20.78
2079 0.02276534670875941 20.79
2080 0.02276595950801945 20.8
2081 0.02276621936859036 20.81
2082 0.02276429633053628 20.82
2083 0.02276440910609683 20.83
2084 0.02276416231855434 20.84
2085 0.02276357732050464 20.85
2086 0.02276111516039822 20.86
2087 0.02276047791317578 20.87
2088 0.02275800780599561 20.88
2089 0.02275743043332192 20.89
2090 0.02275505256103388 20.9
2091 0.02275470477105461 20.91
2092 0.02275252205121365 20.92
2093 0.02275064439638915 20.93
2094 0.0227510546813988 20.94
2095 0.02274933490908055 20.95
2096 0.0227478844266046 20.96
2097 0.02274884024745828 20.97
2098 0.02274741149199692 20.98
2099 0.02274617417409444 20.99
2100 0.02274730875186308 21
2101 0.02274592043359805 21.01
2102 0.02274464394294586 21.02
2103 0.02274346682381703 21.03
2104 0.02274454910511133 21.04
2105 0.02274307609245316 21.05
2106 0.02274168114535068 21.06
2107 0.02274037307306569 21.07
2108 0.02274125851658427 21.08
2109 0.02273967535427885 21.09
2110 0.02273818254154679 21.1
2111 0.02273882563556164 21.11
2112 0.0227371203651615 21.12
2113 0.02273553451732362 21.13
2114 0.02273609792018827 21.14
2115 0.0227343871284 21.15
2116 0.02273282869220046 21.16
2117 0.02273142708650435 21.17
2118 0.02273017399041923 21.18
2119 0.02273121214177018 21.19
2120 0.02272980278706414 21.2
2121 0.02272853700308438 21.21
2122 0.02272741289534959 21.22
2123 0.02272641071111185 21.23
2124 0.02272774717369638 21.24
2125 0.02272649187331663 21.25
2126 0.0227251982974372 21.26
2127 0.0227262343130063 21.27
2128 0.02272478331938616 21.28
2129 0.02272556099981359 21.29
2130 0.0227239427995927 21.3
2131 0.02272445218510743 21.31
2132 0.02272265838381186 21.32
2133 0.02272291102143006 21.33
2134 0.02272118082750953 21.34
2135 0.02272133507600651 21.35
2136 0.02271939171615983 21.36
2137 0.02271927714283248 21.37
2138 0.02271720730354506 21.38
2139 0.02271698528003473 21.39
2140 0.02271492669847656 21.4
2141 0.022714770635476 21.41
2142 0.02271278824567018 21.42
2143 0.02271279937497298 21.43
2144 0.02271265820113013 21.44
2145 0.0227107288028375 21.45
2146 0.02271083026044262 21.46
2147 0.02270905859133602 21.47
2148 0.02270932547277447 21.48
2149 0.02270763582129679 21.49
2150 0.02270801191265612 21.5
2151 0.02270639040672694 21.51
2152 0.02270497628331855 21.52
2153 0.02270571764825338 21.53
2154 0.02270430151876335 21.54
2155 0.02270306883208364 21.55
2156 0.02270403703666576 21.56
2157 0.02270274510260184 21.57
2158 0.02270160046530789 21.58
2159 0.02270262547747979 21.59
2160 0.02270133258952892 21.6
2161 0.02270014696262959 21.61
2162 0.0227010775690321 21.62
2163 0.02269972424256911 21.63
2164 0.02269848604663223 21.64
2165 0.02269735494671474 21.65
2166 0.02269830408312074 21.66
2167 0.02269691604311381 21.67
2168 0.02269562605370403 21.68
2169 0.02269444835012203 21.69
2170 0.02269535375099787 21.7
2171 0.02269417702293627 21.71
2172 0.02269306015475257 21.72
2173 0.02269389119516515 21.73
2174 0.02269250814886301 21.74
2175 0.02269294410626327 21.75
2176 0.02269127154382431 21.76
2177 0.02268969929095761 21.77
2178 0.02268993562558489 21.78
2179 0.02268819691144463 21.79
2180 0.02268658761307884 21.8
2181 0.02268512426657144 21.81
2182 0.02268380454520786 21.82
2183 0.02268445533053772 21.83
2184 0.02268301217148961 21.84
2185 0.02268172757672877 21.85
2186 0.0226806037355527 21.86
2187 0.02267961841462517 21.87
2188 0.02268070770267934 21.88
2189 0.02267947477950271 21.89
2190 0.02267835604467304 21.9
2191 0.02267735255170968 21.91
2192 0.0226764477179182 21.92
2193 0.02267562561436839 21.93
2194 0.0226748761935203 21.94
2195 0.02267419355453753 21.95
2196 0.02267357208241526 21.96
2197 0.02267300305029362 21.97
2198 0.02267247291481308 21.98
2199 0.02267196365184924 21.99
2200 0.02267145483979726 22
2201 0.02267092641987554 22.01
2202 0.02267036102324672 22.02
2203 0.02266974602782306 22.03
2204 0.02266907504111 22.04
2205 0.02266834858905569 22.05
2206 0.0226675734299828 22.06
2207 0.02266676129207139 22.07
2208 0.02266592696451073 22.08
2209 0.02266508621878369 22.09
2210 0.02266425405171356 22.1
2211 0.02266344326694346 22.11
2212 0.02266266374182975 22.12
2213 0.02266394149949755 22.13
2214 0.02266281104691461 22.14
2215 0.02266173502606851 22.15
2216 0.02266071752143448 22.16
2217 0.02266164201587718 22.17
2218 0.02266028441699947 22.18
2219 0.02265898768975266 22.19
2220 0.02265779746969655 22.2
2221 0.02265862315111162 22.21
2222 0.02265724362416097 22.22
2223 0.02265783069173623 22.23
2224 0.02265634098488701 22.24
2225 0.02265501764255901 22.25
2226 0.02265567091218102 22.26
2227 0.02265419506515013 22.27
2228 0.02265463813103012 22.28
2229 0.02265312398316811 22.29
2230 0.02265347591266374 22.3
2231 0.02265189078666674 22.31
2232 0.02265216080483738 22.32
2233 0.02265053909751942 22.33
2234 0.02264911115583361 22.34
2235 0.02264961606278002 22.35
2236 0.02264814178516083 22.36
2237 0.02264687432381819 22.37
2238 0.02264581518289768 22.38
2239 0.02264685412091209 22.39
2240 0.02264571625212785 22.4
2241 0.02264476541301518 22.41
2242 0.02264398959177143 22.42
2243 0.02264535130846812 22.43
2244 0.02264434971086007 22.44
2245 0.02264344366205462 22.45
2246 0.02264452067582248 22.46
2247 0.02264329557767086 22.47
2248 0.02264212343128655 22.48
2249 0.02264276522799742 22.49
2250 0.02264126435536833 22.5
2251 0.02263983945529847 22.51
2252 0.02263850858435898 22.52
2253 0.02263897808996119 22.53
2254 0.02263742458966657 22.54
2255 0.02263601660077996 22.55
2256 0.02263476928662124 22.56
2257 0.02263543730434871 22.57
2258 0.02263404534176358 22.58
2259 0.02263281457447195 22.59
2260 0.02263174561377458 22.6
2261 0.02263081926418466 22.61
2262 0.02263001671896288 22.62
2263 0.02262932576060281 22.63
2264 0.02263073810942141 22.64
2265 0.02262979612027551 22.65
2266 0.02262897268759172 22.66
2267 0.02262826156708957 22.67
2268 0.0226276302344707 22.68
2269 0.02262901559044923 22.69
2270 0.02262800528919241 22.7
2271 0.02262702317543475 22.71
2272 0.02262607299017548 22.72
2273 0.02262514446666683 22.73
2274 0.02262423170558998 22.74
2275 0.02262334266053184 22.75
2276 0.02262432215992568 22.76
2277 0.02262310964993951 22.77
2278 0.02262199878931579 22.78
2279 0.0226227630938507 22.79
2280 0.02262145572046579 22.8
2281 0.02262190755903963 22.81
2282 0.02262039325297232 22.82
2283 0.02262052487713618 22.83
2284 0.02261880329228089 22.84
2285 0.02261718566989742 22.85
2286 0.02261719115574088 22.86
2287 0.02261541497214622 22.87
2288 0.02261380962891353 22.88
2289 0.02261239287293881 22.89
2290 0.02261116406891242 22.9
2291 0.02261011888210293 22.91
2292 0.02260925380035037 22.92
2293 0.02260856447071587 22.93
2294 0.02260804166351366 22.94
2295 0.0226076689616508 22.95
2296 0.02260742353857776 22.96
2297 0.02260716798601941 22.97
2298 0.02260704277362472 22.98
2299 0.02260700013161606 22.99
2300 0.02260699522079452 23
2301 0.02260698618621804 23.01
2302 0.02260693652262464 23.02
2303 0.0226068176403505 23.03
2304 0.02260669193504242 23.04
2305 0.02260643695219498 23.05
2306 0.02260808689619388 23.06
2307 0.02260711646841265 23.07
2308 0.02260609047795485 23.08
2309 0.02260502763296103 23.09
2310 0.02260561552651157 23.1
2311 0.02260405612109629 23.11
2312 0.02260254277938993 23.12
2313 0.02260263663739066 23.13
2314 0.02260087366840581 23.14
2315 0.02259926550964833 23.15
2316 0.02259936622375336 23.16
2317 0.02259768815695429 23.17
2318 0.02259623818847725 23.18
2319 0.02259665844101482 23.19
2320 0.02259522526403208 23.2
2321 0.02259404357489899 23.21
2322 0.02259309792039484 23.22
2323 0.02259420964107017 23.23
2324 0.02259318277758118 23.24
2325 0.02259236360397077 23.25
2326 0.02259173181665609 23.26
2327 0.02259321356630564 23.27
2328 0.02259237000054724 23.28
2329 0.02259166064200818 23.29
2330 0.0225910583969719 23.3
2331 0.02259250405367065 23.31
2332 0.02259161654358203 23.32
2333 0.02259085301510719 23.33
2334 0.02259020817241201 23.34
2335 0.02258965211865877 23.35
2336 0.02259109142143859 23.36
2337 0.02259016121421584 23.37
2338 0.0225892920305104 23.38
2339 0.02258846318062571 23.39
2340 0.02258940764184913 23.4
2341 0.02258811003364421 23.41
2342 0.02258684036193376 23.42
2343 0.02258719315008918 23.43
2344 0.02258558690870456 23.44
2345 0.02258408658790488 23.45
2346 0.02258424136532351 23.46
2347 0.02258261169973583 23.47
2348 0.022581187539768 23.48
2349 0.02258158919668919 23.49
2350 0.02258018898367017 23.5
2351 0.02258068312776184 23.51
2352 0.02257937174080539 23.52
2353 0.02257830130235586 23.53
2354 0.02257919181232046 23.54
2355 0.02257805755694108 23.55
2356 0.02257882467650087 23.56
2357 0.02257761655596799 23.57
2358 0.02257657127251905 23.58
2359 0.0225773942747483 23.59
2360 0.02257617994752243 23.6
2361 0.02257510878648972 23.61
2362 0.02257589362947455 23.62
2363 0.02257466616559239 23.63
2364 0.02257360251288128 23.64
2365 0.02257436412143751 23.65
2366 0.02257312872608138 23.66
2367 0.02257202959268622 23.67
2368 0.02257272971663087 23.68
2369 0.02257145538388156 23.69
2370 0.02257007934510744 23.7
2371 0.02257056104707461 23.71
2372 0.0225690929965443 23.72
2373 0.02256946243141104 23.73
2374 0.02256794227756078 23.74
2375 0.02256822480142998 23.75
2376 0.0225666364450257 23.76
2377 0.02256521620059083 23.77
2378 0.0225656024320395 23.78
2379 0.02256406384251053 23.79
2380 0.02256271429682178 23.8
2381 0.0225632796820122 23.81
2382 0.02256191488502026 23.82
2383 0.02256077792042374 23.83
2384 0.02256168212733469 23.84
2385 0.02256053703229579 23.85
2386 0.02255960075147998 23.86
2387 0.02255885812876885 23.87
2388 0.02256024352326973 23.88
2389 0.02255935235439049 23.89
2390 0.02256051224574018 23.9
2391 0.02255948601070498 23.91
2392 0.02255858554175107 23.92
2393 0.02255963038555793 23.93
2394 0.02255846609940142 23.94
2395 0.02255739350758202 23.95
2396 0.02255817247144214 23.96
2397 0.02255685650107097 23.97
2398 0.02255565532379021 23.98
2399 0.02255457147566983 23.99
2400 0.02255533744267381 24
2401 0.02255401086394679 24.01
2402 0.02255280203503431 24.02
2403 0.0225517114441347 24.03
2404 0.02255072361125997 24.04
2405 0.02255160562400682 24.05
2406 0.02255035087047528 24.06
2407 0.02254922772831569 24.07
2408 0.02254825160297019 24.08
2409 0.02254741887309624 24.09
2410 0.02254672396262438 24.1
2411 0.02254616396216367 24.11
2412 0.02254579436868068 24.12
2413 0.02254553708037999 24.13
2414 0.02254538294958919 24.14
2415 0.02254531351290991 24.15
2416 0.02254530209018305 24.16
2417 0.02254531663934425 24.17
2418 0.02254745059766051 24.18
2419 0.0225469476747494 24.19
2420 0.02254639816446494 24.2
2421 0.02254578695501974 24.21
2422 0.02254509323540346 24.22
2423 0.02254431088834573 24.23
2424 0.02254345795281991 24.24
2425 0.02254257269506341 24.25
2426 0.02254168738258678 24.26
2427 0.0225408468061413 24.27
2428 0.02254008502632019 24.28
2429 0.02253942339314162 24.29
2430 0.02253887264007947 24.3
2431 0.02253843351532197 24.31
2432 0.0225400701616491 24.32
2433 0.02253937365062973 24.33
2434 0.02253875922151068 24.34
2435 0.02253820804336096 24.35
2436 0.02253955611083629 24.36
2437 0.02253860382778856 24.37
2438 0.02253767806867507 24.38
2439 0.02253678870580532 24.39
2440 0.02253765623207047 24.4
2441 0.02253644854791754 24.41
2442 0.02253516410612795 24.42
2443 0.02253404798539433 24.43
2444 0.02253484489984197 24.44
2445 0.02253360822238212 24.45
2446 0.02253254308443109 24.46
2447 0.02253341623237936 24.47
2448 0.02253222145616806 24.48
2449 0.02253118056308307 24.49
2450 0.02253205967119454 24.5
2451 0.02253086662746692 24.51
2452 0.02253154722850668 24.52
2453 0.02253026708216919 24.53
2454 0.02253084629920667 24.54
2455 0.02252951823200054 24.55
2456 0.02253002969426881 24.56
2457 0.02252866035536974 24.57
2458 0.02252910647185719 24.58
2459 0.02252923409202453 24.59
2460 0.02252764102104962 24.6
2461 0.02252776967273685 24.61
2462 0.02252617192367918 24.62
2463 0.02252629414590056 24.63
2464 0.02252470564058603 24.64
2465 0.0225248750819938 24.65
2466 0.02252334605329026 24.66
2467 0.02252205617098012 24.67
2468 0.02252268820935495 24.68
2469 0.02252145007833752 24.69
2470 0.02252044217295136 24.7
2471 0.02251965607519328 24.71
2472 0.02251906568445519 24.72
2473 0.02251864199931765 24.73
2474 0.02251835639901967 24.74
2475 0.02251818041653593 24.75
2476 0.02251808389605011 24.76
2477 0.02251803368123296 24.77
2478 0.02251799411237883 24.78
2479 0.02251792920677964 24.79
2480 0.02251780582458785 24.8
2481 0.02251759676045797 24.81
2482 0.022517297964513 24.82
2483 0.02251688397649866 24.83
2484 0.02251635333824628 24.84
2485 0.02251571304317583 24.85
2486 0.02251497707023875 24.86
2487 0.02251416449516162 24.87
2488 0.02251329733347052 24.88
2489 0.02251409930402909 24.89
2490 0.0225127724834232 24.9
2491 0.02251147843587773 24.91
2492 0.0225102482430118 24.92
2493 0.02250909465790081 24.93
2494 0.02250802955042347 24.94
2495 0.02250706895658154 24.95
2496 0.02250623267292255 24.96
2497 0.02250554006554665 24.97
2498 0.02250500509218175 24.98
2499 0.02250463230505698 24.99
2500 0.02250441598566681 25
2501 0.02250434024481057 25.01
2502 0.02250438083523986 25.02
2503 0.02250450732828455 25.03
2504 0.02250468509037924 25.04
2505 0.022504878177527 25.05
2506 0.02250505188318758 25.06
2507 0.02250524459059589 25.07
2508 0.02250747455868149 25.08
2509 0.02250697130580257 25.09
2510 0.02250634885814503 25.1
2511 0.02250735791799149 25.11
2512 0.0225060986947401 25.12
2513 0.02250476579959255 25.13
2514 0.02250339734841376 25.14
2515 0.02250346974974844 25.15
2516 0.02250175172535456 25.16
2517 0.02250015152509838 25.17
2518 0.02249872550924265 25.18
2519 0.02249903667431651 25.19
2520 0.02249765538578696 25.2
2521 0.02249654729272875 25.21
2522 0.02249744608071984 25.22
2523 0.02249648356947622 25.23
2524 0.02249579146276419 25.24
2525 0.02249534712883042 25.25
2526 0.02249708502438586 25.26
2527 0.02249654994252129 25.27
2528 0.02249615608657404 25.28
2529 0.02249781956919358 25.29
2530 0.02249715300485406 25.3
2531 0.02249653356653662 25.31
2532 0.02249594606842486 25.32
2533 0.02249541041458633 25.33
2534 0.02249663817844785 25.34
2535 0.02249562690218314 25.35
2536 0.02249463057466708 25.36
2537 0.02249367593947367 25.37
2538 0.02249440416196614 25.38
2539 0.02249320742405705 25.39
2540 0.02249209829627731 25.4
2541 0.02249115208513932 25.41
2542 0.02249193597063167 25.42
2543 0.0224908134004352 25.43
2544 0.0224897887977708 25.44
2545 0.02249045761577355 25.45
2546 0.02248928539874861 25.46
2547 0.02248973356127522 25.47
2548 0.02248843167150867 25.48
2549 0.02248724018574382 25.49
2550 0.02248766639719283 25.5
2551 0.02248634401074462 25.51
2552 0.02248513763506663 25.52
2553 0.0224840617305451 25.53
2554 0.02248311803635663 25.54
2555 0.02248230764858867 25.55
2556 0.02248163215766976 25.56
2557 0.02248109308667509 25.57
2558 0.0224806871566145 25.58
2559 0.02248040751543213 25.59
2560 0.02248024316135426 25.6
2561 0.02248017873602604 25.61
2562 0.02248019444657018 25.62
2563 0.02248026692445344 25.63
2564 0.02248037054439862 25.64
2565 0.0224804791109844 25.65
2566 0.02248056791722221 25.66
2567 0.02248061554447043 25.67
2568 0.02248060712421724 25.68
2569 0.02248053485268219 25.69
2570 0.0224803958730532 25.7
2571 0.02248018967353934 25.71
2572 0.0224799142974258 25.72
2573 0.02247957442080964 25.73
2574 0.02247916628454946 25.74
2575 0.02247868806528815 25.75
2576 0.02247813860771847 25.76
2577 0.0224775189194021 25.77
2578 0.02247683406015739 25.78
2579 0.02247609543270077 25.79
2580 0.02247532111312241 25.8
2581 0.02247453517532216 25.81
2582 0.02247376507328808 25.82
2583 0.02247303809764526 25.83
2584 0.02247238441452233 25.84
2585 0.02247181365297595 25.85
2586 0.02247133571170566 25.86
2587 0.02247095204522474 25.87
2588 0.02247065659065261 25.88
2589 0.02247043709567574 25.89
2590 0.02247027697208182 25.9
2591 0.02247015746071566 25.91
2592 0.02247007967846781 25.92
2593 0.02246999650779261 25.93
2594 0.02246989020303521 25.94
2595 0.02246974573556478 25.95
2596 0.02246955218725561 25.96
2597 0.02246930261181834 25.97
2598 0.02246899372337442 25.98
2599 0.02246862577717179 25.99
2600 0.02246992656029407 26
2601 0.02246904071845872 26.01
2602 0.02246811592439214 26.02
2603 0.0224671803804222 26.03
2604 0.02246624721370194 26.04
2605 0.02246682115820137 26.05
2606 0.02246555156584698 26.06
2607 0.02246434063963855 26.07
2608 0.02246322202501617 26.08
2609 0.02246221024192359 26.09
2610 0.02246122110894971 26.1
2611 0.02246177682286413 26.11
2612 0.02246056569174016 26.12
2613 0.0224594934447099 26.13
2614 0.02245869392474679 26.14
2615 0.0224580344738311 26.15
2616 0.0224575142454728 26.16
2617 0.02245713012570966 26.17
2618 0.02245865455007027 26.18
2619 0.02245814868472009 26.19
2620 0.02245776659259829 26.2
2621 0.02245749333700432 26.21
2622 0.02245729686730848 26.22
2623 0.02245895347441302 26.23
2624 0.02245838617762061 26.24
2625 0.02245786923114427 26.25
2626 0.02245739700708929 26.26
2627 0.02245864648642778 26.27
2628 0.02245788146136006 26.28
2629 0.02245719167952651 26.29
2630 0.02245820651017884 26.3
2631 0.02245727631891662 26.31
2632 0.0224579365598294 26.32
2633 0.02245680174097132 26.33
2634 0.02245719224678814 26.34
2635 0.02245591236884546 26.35
2636 0.02245612920834739 26.36
2637 0.02245472746790942 26.37
2638 0.02245482555400334 26.38
2639 0.02245338556249986 26.39
2640 0.0224521109529438 26.4
2641 0.02245242791560861 26.41
2642 0.02245112344158643 26.42
2643 0.02244998460422031 26.43
2644 0.02245049001879847 26.44
2645 0.02244928769129026 26.45
2646 0.02244823099795766 26.46
2647 0.02244731804625235 26.47
2648 0.02244809769399224 26.48
2649 0.0224470426844373 26.49
2650 0.02244611904154564 26.5
2651 0.02244534318395395 26.51
2652 0.02244471727048703 26.52
2653 0.02244423875604805 26.53
2654 0.02244390056072213 26.54
2655 0.02244369122166013 26.55
2656 0.02244359130376761 26.56
2657 0.02244357589197269 26.57
2658 0.02244361665244448 26.58
2659 0.02244368475987108 26.59
2660 0.02244375295239667 26.6
2661 0.02244379760521058 26.61
2662 0.02244379973668156 26.62
2663 0.02244374545293203 26.63
2664 0.02244362628914426 26.64
2665 0.02244343850996862 26.65
2666 0.02244318219379113 26.66
2667 0.02244286021094942 26.67
2668 0.02244247765196677 26.68
2669 0.0224420414823709 26.69
2670 0.02244156000951544 26.7
2671 0.02244104266929392 26.71
2672 0.02244049996713092 26.72
2673 0.02243994346328499 26.73
2674 0.02244101842688795 26.74
2675 0.02244008135970744 26.75
2676 0.02243917794282383 26.76
2677 0.02243833122320447 26.77
2678 0.02243755066456717 26.78
2679 0.02243841331986035 26.79
2680 0.02243742711002784 26.8
2681 0.0224365582522204 26.81
2682 0.02243582341488046 26.82
2683 0.0224352210662588 26.83
2684 0.02243474504503296 26.84
2685 0.02243438661334031 26.85
2686 0.02243413412295793 26.86
2687 0.02243397231154706 26.87
2688 0.02243388138188433 26.88
2689 0.02243569692228045 26.89
2690 0.02243525263116699 26.9
2691 0.02243480307370031 26.91
2692 0.02243433904126544 26.92
2693 0.02243548364634632 26.93
2694 0.02243457190941454 26.94
2695 0.02243364520546528 26.95
2696 0.02243273156244634 26.96
2697 0.02243331746409534 26.97
2698 0.02243214598980338 26.98
2699 0.02243106497032104 26.99
2700 0.0224301001089071 27
2701 0.02242925851212967 27.01
2702 0.02242841235689682 27.02
2703 0.02242771343782431 27.03
2704 0.02242885187250385 27.04
2705 0.02242803070684945 27.05
2706 0.02242733034923049 27.06
2707 0.02242673906487613 27.07
2708 0.02242623285887583 27.08
2709 0.022425790964798 27.09
2710 0.02242588899231642 27.1
2711 0.02242591599250532 27.11
2712 0.02242586073966546 27.12
2713 0.02242736650029222 27.13
2714 0.0224267818445861 27.14
2715 0.02242613907476976 27.15
2716 0.02242546149314987 27.16
2717 0.02242617350213675 27.17
2718 0.02242517040448646 27.18
2719 0.02242543679871927 27.19
2720 0.02242425199730607 27.2
2721 0.02242431707968465 27.21
2722 0.02242303736044868 27.22
2723 0.02242303694037673 27.23
2724 0.02242175215614403 27.24
2725 0.02242179776583741 27.25
2726 0.02242167408220472 27.26
2727 0.02242034352625155 27.27
2728 0.02242034194914185 27.28
2729 0.02241899743625432 27.29
2730 0.02241785481177313 27.3
2731 0.02241819092388045 27.31
2732 0.02241712923885323 27.32
2733 0.02241628474026583 27.33
2734 0.02241565955522557 27.34
2735 0.02241524018274857 27.35
2736 0.0224150078357511 27.36
2737 0.02241493894187877 27.37
2738 0.02241500497368073 27.38
2739 0.02241517218227881 27.39
2740 0.02241540255878833 27.4
2741 0.02241565603234905 27.41
2742 0.02241589366568819 27.42
2743 0.02241608074816136 27.43
2744 0.02241618934485023 27.44
2745 0.02241619978012616 27.45
2746 0.02241610136119028 27.46
2747 0.02241589188888547 27.47
2748 0.02241557631405202 27.48
2749 0.02241516485555145 27.49
2750 0.02241467130378925 27.5
2751 0.02241410281673156 27.51
2752 0.02241347458587712 27.52
2753 0.02241296882024953 27.53
2754 0.02241239970856274 27.54
2755 0.02241180000960891 27.55
2756 0.02241120068249064 27.56
2757 0.02241062747757896 27.57
2758 0.02241009861494651 27.58
2759 0.02240962358994098 27.59
2760 0.02240920354974308 27.6
2761 0.02240886410956951 27.61
2762 0.02240855441306602 27.62
2763 0.02240826384378532 27.63
2764 0.02240798228013191 27.64
2765 0.02240770126847512 27.65
2766 0.0224074149165157 27.66
2767 0.0224071201564059 27.67
2768 0.02240681629269585 27.68
2769 0.02240791204246394 27.69
2770 0.02240728571352638 27.7
2771 0.02240666226936536 27.71
2772 0.02240731398989518 27.72
2773 0.02240642679419183 27.73
2774 0.02240556634497652 27.74
2775 0.02240592119070225 27.75
2776 0.02240489522236246 27.76
2777 0.02240396070591773 27.77
2778 0.02240313737358007 27.78
2779 0.02240366762593406 27.79
2780 0.02240282511424868 27.8
2781 0.02240213093914712 27.81
2782 0.02240158145608085 27.82
2783 0.02240251408365424 27.83
2784 0.02240190324752998 27.84
2785 0.02240139378904039 27.85
2786 0.02240096854896929 27.86
2787 0.02240197712852213 27.87
2788 0.02240126222490974 27.88
2789 0.02240062346849141 27.89
2790 0.02240005139932344 27.9
2791 0.0223995317712788 27.91
2792 0.02240043318478258 27.92
2793 0.02239968782053075 27.93
2794 0.02239899613505574 27.94
2795 0.02239807079610566 27.95
2796 0.02239869048228999 27.96
2797 0.02239767540180178 27.97
2798 0.02239678926903524 27.98
2799 0.02239602166523182 27.99
2800 0.02239681587546095 28
2801 0.02239588797997332 28.01
2802 0.02239508305563056 28.02
2803 0.02239440113226725 28.03
2804 0.02239533773654814 28.04
2805 0.02239451161186918 28.05
2806 0.02239380569223026 28.06
2807 0.0223932139374015 28.07
2808 0.02239426231988257 28.08
2809 0.0223934947939419 28.09
2810 0.02239282919772286 28.1
2811 0.02239376936656835 28.11
2812 0.02239293409200929 28.12
2813 0.02239219365574676 28.13
2814 0.02239302014875575 28.14
2815 0.02239211956133978 28.15
2816 0.02239132671150064 28.16
2817 0.02239064344863712 28.17
2818 0.02239006481555647 28.18
2819 0.02239114662093711 28.19
2820 0.02239042230066962 28.2
2821 0.02238981473998851 28.21
2822 0.02238930946157965 28.22
2823 0.02238887888464624 28.23
2824 0.02239008760347577 28.24
2825 0.02238937194574694 28.25
2826 0.02238870034605711 28.26
2827 0.02238806842664535 28.27
2828 0.02238746758102679 28.28
2829 0.02238689880097376 28.29
2830 0.02238637175099129 28.3
2831 0.02238590025698485 28.31
2832 0.02238708048669331 28.32
2833 0.02238638866949775 28.33
2834 0.02238577351887494 28.34
2835 0.02238522031470023 28.35
2836 0.02238470423923754 28.36
2837 0.02238420969408849 28.37
2838 0.02238373399375653 28.38
2839 0.02238328417165224 28.39
2840 0.02238287149423757 28.4
2841 0.02238250514384726 28.41
2842 0.02238218768888418 28.42
2843 0.02238191384189784 28.43
2844 0.02238167121274169 28.44
2845 0.02238144288868082 28.45
2846 0.02238121047103943 28.46
2847 0.02238095779594567 28.47
2848 0.02238067344456696 28.48
2849 0.02238035172365188 28.49
2850 0.02237999252108657 28.5
2851 0.02237965730179097 28.51
2852 0.02238085187815519 28.52
2853 0.02238006316344852 28.53
2854 0.02237923664920664 28.54
2855 0.02237837465393267 28.55
2856 0.02237879185454851 28.56
2857 0.02237755095403573 28.57
2858 0.02237638180593162 28.58
2859 0.0223753426506704 28.59
2860 0.02237583155037511 28.6
2861 0.02237486223889047 28.61
2862 0.02237415531611661 28.62
2863 0.02237371654036986 28.63
2864 0.02237352333872491 28.64
2865 0.02237354038614827 28.65
2866 0.02237372503771278 28.66
2867 0.02237403015178218 28.67
2868 0.02237440851695009 28.68
2869 0.02237486709033343 28.69
2870 0.02237531092331282 28.7
2871 0.02237569861635148 28.71
2872 0.02237599109843447 28.72
2873 0.02237615545869807 28.73
2874 0.0223761684876883 28.74
2875 0.02237601876287762 28.75
2876 0.02237570726217092 28.76
2877 0.022375246419447 28.77
2878 0.02237465798790434 28.78
2879 0.02237397001180181 28.79
2880 0.02237458121075964 28.8
2881 0.02237341608532057 28.81
2882 0.02237226291852312 28.82
2883 0.02237115167627531 28.83
2884 0.02237009640875003 28.84
2885 0.0223691099470519 28.85
2886 0.02236978229824424 28.86
2887 0.02236878600823867 28.87
2888 0.02236784797210761 28.88
2889 0.02236699251112156 28.89
2890 0.02236622834126473 28.9
2891 0.0223668683555837 28.91
2892 0.02236595688479173 28.92
2893 0.02236518150726399 28.93
2894 0.02236455285337138 28.94
2895 0.02236406474836336 28.95
2896 0.02236370633078336 28.96
2897 0.02236347214087599 28.97
2898 0.02236491800389599 28.98
2899 0.02236452834058663 28.99
2900 0.02236423931655414 29
2901 0.02236403327390264 29.01
2902 0.02236385668950267 29.02
2903 0.02236351745325386 29.03
2904 0.02236480761498185 29.04
2905 0.02236417816214965 29.05
2906 0.02236360343712716 29.06
2907 0.02236308315685236 29.07
2908 0.02236260402989286 29.08
2909 0.0223621561286961 29.09
2910 0.02236173653868516 29.1
2911 0.02236134861697846 29.11
2912 0.02236099722768954 29.12
2913 0.02236068399015977 29.13
2914 0.02236040487316768 29.14
2915 0.02236015000039397 29.15
2916 0.02235990506199722 29.16
2917 0.02235965373416257 29.17
2918 0.02236093217248682 29.18
2919 0.02236022117162916 29.19
2920 0.02235949213380736 29.2
2921 0.02235875608828704 29.21
2922 0.02235935819565627 29.22
2923 0.02235826742881021 29.23
2924 0.0223572321204263 29.24
2925 0.02235628023689062 29.25
2926 0.02235672566210588 29.26
2927 0.02235563481982004 29.27
2928 0.02235469602619192 29.28
2929 0.02235392056972793 29.29
2930 0.02235330110787935 29.3
2931 0.02235430063564422 29.31
2932 0.0223535754884818 29.32
2933 0.02235299473356609 29.33
2934 0.02235255098680218 29.34
2935 0.02235222105091317 29.35
2936 0.02235198147675627 29.36
2937 0.02235181292211992 29.37
2938 0.02235170099505864 29.38
2939 0.0223516345236051 29.39
2940 0.02235160308842246 29.4
2941 0.02235159499102311 29.41
2942 0.02235159645085881 29.42
2943 0.02235159197585885 29.43
2944 0.02235156561093151 29.44
2945 0.02235150240428043 29.45
2946 0.02235138978146624 29.46
2947 0.02235121862744568 29.47
2948 0.02235095680105392 29.48
2949 0.02235064256727418 29.49
2950 0.02235027832870044 29.5
2951 0.02234986814639709 29.51
2952 0.02234941767113585 29.52
2953 0.02234893391968852 29.53
2954 0.02234842485170992 29.54
2955 0.02234789888831682 29.55
2956 0.02234736453299584 29.56
2957 0.02234682998209623 29.57
2958 0.0223463028440651 29.58
2959 0.02234579005794756 29.59
2960 0.02234519408288504 29.6
2961 0.02234464962362575 29.61
2962 0.02234416256200269 29.62
2963 0.02234373610040456 29.63
2964 0.02234337010161086 29.64
2965 0.02234306089247387 29.65
2966 0.02234280147034282 29.66
2967 0.02234258219752949 29.67
2968 0.02234239189356009 29.68
2969 0.02234221906239601 29.69
2970 0.02234227040575882 29.7
2971 0.02234224453563575 29.71
2972 0.02234213994886453 29.72
2973 0.02234196296084445 29.73
2974 0.02234172567089926 29.74
2975 0.02234144370092288 29.75
2976 0.02234113363177283 29.76
2977 0.02234081086086516 29.77
2978 0.02234048787498918 29.78
2979 0.02234017306326607 29.79
2980 0.02233987033686377 29.8
2981 0.02233957957808995 29.81
2982 0.02234070959910105 29.82
2983 0.02234008816236499 29.83
2984 0.02233948694825257 29.84
2985 0.02234017615530148 29.85
2986 0.02233928019862576 29.86
2987 0.02233954857949899 29.87
2988 0.0223384105911559 29.88
2989 0.02233837685835215 29.89
2990 0.02233716846312487 29.9
2991 0.02233703797928486 29.91
2992 0.02233575701544071 29.92
2993 0.02233461915930544 29.93
2994 0.02233468693927433 29.94
2995 0.02233357636520665 29.95
2996 0.02233265585907393 29.96
2997 0.02233192746575857 29.97
2998 0.0223326262886686 29.98
2999 0.02233191938500848 29.99
3000 0.02233138415431654 30
