"cl-rfile"
"Time Step" "cl etc.."
("Time Step" "cl" "flow-time")
0 2.576061298072414e-26 0
1 6.739229927410789 0.01
2 -0.1466301053022228 0.02
3 1.927672412843942 0.03
4 -0.8662376163875409 0.04
5 -1.309495177702256 0.05
6 1.141482824217207 0.06
7 0.6284094094637548 0.07000000000000001
8 -0.01709377774610036 0.08
9 -0.2360674379072975 0.09
10 -0.2867053504038048 0.1
11 0.0731796304161929 0.11
12 0.1667064926125875 0.12
13 0.02825115290299136 0.13
14 0.03826571987343436 0.14
15 0.0522567965695853 0.15
16 0.03258396377879045 0.16
17 0.0560737508006368 0.17
18 0.03846812497986353 0.18
19 0.04049655799523091 0.19
20 0.0429387171023195 0.2
21 0.02806441202588975 0.21
22 0.02168834057520404 0.22
23 0.02724603110070314 0.23
24 0.0253515048394805 0.24
25 0.03924144999401488 0.25
26 0.03063227751482469 0.26
27 0.0477558116291283 0.27
28 0.06648582602543843 0.28
29 0.04703343875167419 0.29
30 0.03285862241438189 0.3
31 0.03703385826881516 0.31
32 0.02669170296585836 0.32
33 0.03130851779855798 0.33
34 0.03922376815902219 0.34
35 0.03598394481423619 0.35
36 0.04121981959449588 0.36
37 0.04256054798505538 0.37
38 0.03974052349765487 0.38
39 0.04133731117822237 0.39
40 0.04462364097416741 0.4
41 0.04172134263541188 0.41
42 0.04323182842537971 0.42
43 0.04100291018224088 0.43
44 0.04133029573153649 0.44
45 0.04151260950135496 0.45
46 0.04268433095639732 0.46
47 0.04159034142040897 0.47
48 0.04256119559672306 0.48
49 0.04250543667607583 0.49
50 0.04173968120973914 0.5
51 0.04294522515797393 0.51
52 0.04414716147996584 0.52
53 0.04306778510302439 0.53
54 0.04241102128418814 0.54
55 0.04613444231670235 0.55
56 0.04305621995171163 0.5600000000000001
57 0.04553453094202592 0.5700000000000001
58 0.04418907570324042 0.58
59 0.04505242530916397 0.59
60 0.04400749421429668 0.6
61 0.04519311144516042 0.61
62 0.04497896805567463 0.62
63 0.04515335138773815 0.63
64 0.04331712827493058 0.64
65 0.04622814421322557 0.65
66 0.04500081381668565 0.66
67 0.04574786280013948 0.67
68 0.04612413063210768 0.68
69 0.0457450141470215 0.6900000000000001
70 0.04617619702563427 0.7000000000000001
71 0.04649291351545055 0.71
72 0.04678474890443815 0.72
73 0.04645873124807483 0.73
74 0.04748879970147117 0.74
75 0.04652696155281357 0.75
76 0.04691306300953615 0.76
77 0.04803438456468406 0.77
78 0.04670816118325539 0.78
79 0.04752508687253219 0.79
80 0.04705888915510215 0.8
81 0.04756064552486804 0.8100000000000001
82 0.04771919883988066 0.8200000000000001
83 0.04762157382643773 0.8300000000000001
84 0.04779475120973357 0.84
85 0.04781275045605013 0.85
86 0.0472733931959084 0.86
87 0.04789223798389428 0.87
88 0.04791371903800956 0.88
89 0.047554771592352 0.89
90 0.04753043699957668 0.9
91 0.04817597237227778 0.91
92 0.0484946886932761 0.92
93 0.0487435453651365 0.93
94 0.04880056209057986 0.9400000000000001
95 0.04837447301125791 0.9500000000000001
96 0.04830196155867336 0.96
97 0.04848312051316393 0.97
98 0.04879142037902368 0.98
99 0.04902607513161619 0.99
100 0.04898671402486703 1
101 0.04921676593570973 1.01
102 0.04930015062300488 1.02
103 0.04933155739930014 1.03
104 0.04962430846108427 1.04
105 0.04966456583383101 1.05
106 0.04963522163385937 1.06
107 0.04997580713038396 1.07
108 0.05016788771132381 1.08
109 0.05028419476275044 1.09
110 0.05023463740093611 1.1
111 0.05029983990475523 1.11
112 0.05012010279090546 1.12
113 0.04994315032552175 1.13
114 0.0502080696092768 1.14
115 0.05041557293575858 1.15
116 0.05084559445248921 1.16
117 0.05074683834954766 1.17
118 0.0507984207934432 1.18
119 0.05076125074293455 1.19
120 0.05076213480360434 1.2
121 0.0507087645226889 1.21
122 0.05080433557585536 1.22
123 0.05098172289462247 1.23
124 0.05116543491941763 1.24
125 0.05137999126812608 1.25
126 0.05148281197094367 1.26
127 0.05151974426823145 1.27
128 0.05153460501684298 1.28
129 0.05150885515894017 1.29
130 0.05152330639065789 1.3
131 0.0515438781140466 1.31
132 0.05161378080609692 1.32
133 0.05181432355140978 1.33
134 0.0519628347140286 1.34
135 0.05189505016354844 1.35
136 0.05199635235268751 1.36
137 0.05189755536730682 1.37
138 0.05185947080448603 1.38
139 0.05189462526438445 1.39
140 0.05191914862005268 1.4
141 0.05209527516800658 1.41
142 0.05230765092520529 1.42
143 0.05239064046784886 1.43
144 0.05248151344323255 1.44
145 0.05249512753076206 1.45
146 0.05249508291345742 1.46
147 0.05248467587202277 1.47
148 0.05254176491781372 1.48
149 0.05258910820830569 1.49
150 0.05261260221146939 1.5
151 0.0526156739430847 1.51
152 0.05270273482516841 1.52
153 0.05274868488417429 1.53
154 0.05275196843944849 1.54
155 0.05279099549398744 1.55
156 0.05278684839156526 1.56
157 0.05283044878903728 1.57
158 0.0528702561114511 1.58
159 0.05307791998673747 1.59
160 0.05321786137970406 1.6
161 0.05331165405601892 1.61
162 0.05337536981904242 1.62
163 0.05347536336997669 1.63
164 0.05349410425032219 1.64
165 0.05352122140455073 1.65
166 0.05355190572893981 1.66
167 0.05360762712088807 1.67
168 0.05367724484482445 1.68
169 0.05375038519112232 1.69
170 0.05383946229595596 1.7
171 0.05390138478103682 1.71
172 0.05378902090854588 1.72
173 0.05371931356789054 1.73
174 0.05387683254112252 1.74
175 0.0540570730288446 1.75
176 0.05420904366682087 1.76
177 0.05433134817794575 1.77
178 0.0544089167401479 1.78
179 0.05447479002470525 1.79
180 0.05468078873912188 1.8
181 0.054760840107676 1.81
182 0.05475652029573783 1.82
183 0.05474741001155985 1.83
184 0.05475128653576421 1.84
185 0.05471843785540747 1.85
186 0.05472498840692615 1.86
187 0.05479032935423934 1.87
188 0.05487760014462876 1.88
189 0.05493944753270122 1.89
190 0.05497154740773232 1.9
191 0.05496268258192734 1.91
192 0.05498997318617389 1.92
193 0.05501879540427308 1.93
194 0.05505921753768685 1.94
195 0.05511214235551153 1.95
196 0.05512916799239719 1.96
197 0.05516306699944025 1.97
198 0.05519617407765475 1.98
199 0.05523392388718935 1.99
200 0.0552977378212979 2
201 0.05531605567578445 2.01
202 0.05535058026812429 2.02
203 0.05543674971939017 2.03
204 0.05544449872276781 2.04
205 0.05553464196823153 2.05
206 0.05557034092985549 2.06
207 0.05546711182344582 2.07
208 0.05534511608123267 2.08
209 0.05532226693059335 2.09
210 0.05539298652242517 2.1
211 0.05547206604210618 2.11
212 0.05554557309520741 2.12
213 0.05558690039235253 2.13
214 0.0556908351243313 2.14
215 0.05575305125120227 2.15
216 0.05576355131102469 2.16
217 0.05577809445818883 2.17
218 0.05579824533744945 2.18
219 0.055846620347409 2.19
220 0.05587103964825319 2.2
221 0.05589592173369473 2.21
222 0.05592043215207575 2.22
223 0.05594884276122471 2.23
224 0.05594991730291426 2.24
225 0.05597307247334325 2.25
226 0.05602155389690729 2.26
227 0.05607197709064687 2.27
228 0.05615746329336754 2.28
229 0.05617621313104148 2.29
230 0.05622816708438532 2.3
231 0.05626386474398987 2.31
232 0.05631491698703017 2.32
233 0.05636828173463862 2.33
234 0.05644772048272349 2.34
235 0.05649598605276052 2.35
236 0.05669393429360025 2.36
237 0.05671543078417774 2.37
238 0.05666883865201815 2.38
239 0.05660311039007011 2.39
240 0.05652020890555528 2.4
241 0.05650743922540073 2.41
242 0.05656881525362761 2.42
243 0.05663706477010919 2.43
244 0.05665734184869635 2.44
245 0.05668236542978954 2.45
246 0.0566980762705666 2.46
247 0.05676552137935194 2.47
248 0.05680564632428321 2.48
249 0.0568488824866232 2.49
250 0.05686504441135325 2.5
251 0.05686059452693013 2.51
252 0.05689608669005848 2.52
253 0.0569201670961574 2.53
254 0.05693446570692051 2.54
255 0.05693964316194729 2.55
256 0.05694797154172949 2.56
257 0.05698037696471678 2.57
258 0.05700233317340456 2.58
259 0.05702004299916676 2.59
260 0.05704538447997599 2.6
261 0.0570855491914326 2.61
262 0.05712839143524775 2.62
263 0.05715477938874534 2.63
264 0.05714698938711794 2.64
265 0.05712507736395706 2.65
266 0.05712122004165536 2.66
267 0.05715424225148299 2.67
268 0.05717126249265699 2.68
269 0.05724008767483222 2.69
270 0.05725251446956299 2.7
271 0.05724372080203655 2.71
272 0.05725901288665398 2.72
273 0.05725933286047654 2.73
274 0.05726190737764007 2.74
275 0.05722966536600562 2.75
276 0.05723894989778461 2.76
277 0.05726124374283063 2.77
278 0.05730446847724877 2.78
279 0.05735129654961225 2.79
280 0.05739908395425986 2.8
281 0.05742524850914194 2.81
282 0.05744262974736685 2.82
283 0.05746253180324185 2.83
284 0.05746594141609474 2.84
285 0.05745997435036515 2.85
286 0.05746203396202116 2.86
287 0.05745662384739004 2.87
288 0.05747064542981121 2.88
289 0.05749641199824043 2.89
290 0.05749535714543683 2.9
291 0.0575382859038763 2.91
292 0.05757944905049929 2.92
293 0.05761964360054528 2.93
294 0.0576570781131269 2.94
295 0.05769951837683156 2.95
296 0.05772422264328159 2.96
297 0.05773081776778402 2.97
298 0.0577093272721006 2.98
299 0.05770154994219118 2.99
300 0.05772992936226164 3
301 0.05775630959016844 3.01
302 0.0577895142773614 3.02
303 0.05776439834591875 3.03
304 0.05782074083570849 3.04
305 0.05785390836630413 3.05
306 0.05789279054860372 3.06
307 0.05790867165528276 3.07
308 0.05783579899668002 3.08
309 0.05783306198733485 3.09
310 0.0578675063556256 3.1
311 0.05791646318300057 3.11
312 0.05798003852900925 3.12
313 0.05804804631522533 3.13
314 0.05807926358250037 3.14
315 0.05811727676211082 3.15
316 0.05811885719748974 3.16
317 0.05810569144833697 3.17
318 0.05807216175746063 3.18
319 0.05805681586113196 3.19
320 0.05805695182345155 3.2
321 0.05806752192881044 3.21
322 0.05810132065814216 3.22
323 0.0581155796264062 3.23
324 0.05812581966453529 3.24
325 0.05813711415503369 3.25
326 0.05813780070613599 3.26
327 0.05814863609569793 3.27
328 0.05816602449720806 3.28
329 0.05819051574018336 3.29
330 0.05822004856292311 3.3
331 0.05824423642662974 3.31
332 0.05825451840512738 3.32
333 0.0582572623316791 3.33
334 0.05825481853205681 3.34
335 0.05823833920904197 3.35
336 0.05822164269554034 3.36
337 0.05821709453810282 3.37
338 0.05822255488794731 3.38
339 0.05824721306363485 3.39
340 0.05826191063809123 3.4
341 0.05827036566503216 3.41
342 0.05826951056796982 3.42
343 0.058272859396798 3.43
344 0.05828002409397317 3.44
345 0.05828950684742124 3.45
346 0.05830055085435219 3.46
347 0.05829386509243319 3.47
348 0.05829764709765309 3.48
349 0.05830519729889378 3.49
350 0.05831081339853603 3.5
351 0.05831682889883715 3.51
352 0.05831693075146113 3.52
353 0.05831127955431683 3.53
354 0.05831655136680527 3.54
355 0.05830230896789622 3.55
356 0.05828635065497371 3.56
357 0.05827267226179776 3.57
358 0.0582572329300112 3.58
359 0.05824909107207783 3.59
360 0.05824857645262689 3.6
361 0.05825017379957235 3.61
362 0.05825290620152339 3.62
363 0.05825517462291938 3.63
364 0.05829739370099363 3.64
365 0.05830727332168218 3.65
366 0.05829936769538267 3.66
367 0.05828417939764995 3.67
368 0.05826768034098986 3.68
369 0.0582467757571408 3.69
370 0.05820537941304769 3.7
371 0.05817810857912584 3.71
372 0.05815933566182348 3.72
373 0.05814556877031632 3.73
374 0.05813151234698305 3.74
375 0.05810674340005352 3.75
376 0.05808823825013856 3.76
377 0.05807458015301387 3.77
378 0.05806209486106205 3.78
379 0.05804814157283254 3.79
380 0.05803618528525922 3.8
381 0.0580199250096264 3.81
382 0.05800173290505298 3.82
383 0.05798457140967468 3.83
384 0.05794354726956186 3.84
385 0.05793502519816758 3.85
386 0.05792196750839496 3.86
387 0.05790412296002106 3.87
388 0.05788027402987716 3.88
389 0.05784114994561546 3.89
390 0.05780516267136922 3.9
391 0.05777008026617758 3.91
392 0.05773848096374727 3.92
393 0.05770301567195353 3.93
394 0.0576718988435979 3.94
395 0.05764157898932677 3.95
396 0.0576113303496054 3.96
397 0.05759455393746948 3.97
398 0.05754939814019078 3.98
399 0.05750965556012738 3.99
400 0.05747468681837663 4
401 0.05746054001980488 4.01
402 0.05743781692188267 4.02
403 0.05739607356981327 4.03
404 0.05735115318782369 4.04
405 0.05730814538385028 4.05
406 0.05726681575153588 4.06
407 0.05722658936091557 4.07
408 0.05718561895235059 4.08
409 0.05713701145641904 4.09
410 0.05709141769971578 4.1
411 0.05704709501629755 4.11
412 0.05699689539267293 4.12
413 0.05694468368626576 4.13
414 0.05689832830886588 4.14
415 0.05684802583884085 4.15
416 0.05678862445630277 4.16
417 0.05673558238318638 4.17
418 0.05668609506272025 4.18
419 0.05663946426559256 4.19
420 0.05659391773869543 4.2
421 0.05655301073405448 4.21
422 0.05650695051610352 4.22
423 0.05645728733733838 4.23
424 0.05639805291900793 4.24
425 0.05634135044163373 4.25
426 0.05628069862402738 4.26
427 0.056221725318891 4.27
428 0.05616275586722926 4.28
429 0.05610292364387598 4.29
430 0.05605890388732779 4.3
431 0.05599888187912149 4.31
432 0.05593568343781494 4.32
433 0.05586959484423858 4.33
434 0.05580045484913673 4.34
435 0.05573914694014295 4.350000000000001
436 0.05567503487224106 4.36
437 0.05561069838597452 4.37
438 0.05555192045326976 4.38
439 0.05548952185398554 4.39
440 0.05541729642097703 4.4
441 0.05534874127224022 4.41
442 0.05528391442615298 4.42
443 0.05522032946620398 4.43
444 0.05515715135844326 4.44
445 0.05508875070762914 4.45
446 0.05502121301543931 4.46
447 0.05495074671986455 4.47
448 0.05487317620638751 4.48
449 0.0548011322920944 4.49
450 0.05473218128910467 4.5
451 0.0546557076041129 4.51
452 0.0545583373519578 4.52
453 0.05447258436982493 4.53
454 0.05439789931378977 4.54
455 0.05432882744582705 4.55
456 0.05426101165770188 4.56
457 0.05419226255272493 4.57
458 0.05412180587568408 4.58
459 0.05407284977847834 4.59
460 0.05400406714850878 4.600000000000001
461 0.05392515883422848 4.61
462 0.05384227319317159 4.62
463 0.0537612184732164 4.63
464 0.0536756419917488 4.64
465 0.05359835409020115 4.65
466 0.05351761128115037 4.66
467 0.05343498490771172 4.67
468 0.05335067365711723 4.68
469 0.05326150326241792 4.69
470 0.05316925653990912 4.7
471 0.05308298542410193 4.71
472 0.05299419755805004 4.72
473 0.05290995419005842 4.73
474 0.05282631420331446 4.74
475 0.05274230891760338 4.75
476 0.05264548500529957 4.76
477 0.05256247889471506 4.77
478 0.05248116684861679 4.78
479 0.05239997513376256 4.79
480 0.05231766748125789 4.8
481 0.05223168231173918 4.81
482 0.05215241841939596 4.82
483 0.05207018602382387 4.83
484 0.05198547989602803 4.84
485 0.05190046047745626 4.850000000000001
486 0.0518147085022418 4.86
487 0.05172929594281706 4.87
488 0.05164240358157667 4.88
489 0.05155613872644735 4.89
490 0.05146695466002737 4.9
491 0.05137454639448482 4.91
492 0.05128004517886955 4.92
493 0.0511838816360629 4.93
494 0.05108714205198586 4.94
495 0.05099236139850315 4.95
496 0.05089637517821186 4.96
497 0.05080017215280969 4.97
498 0.05069298544025665 4.98
499 0.05059610347525201 4.99
500 0.05050515409348721 5
501 0.05041690695027371 5.01
502 0.05032845448443903 5.02
503 0.05023902355643298 5.03
504 0.05014808093338687 5.04
505 0.0500516806567884 5.05
506 0.0499589058584413 5.06
507 0.0498667698673667 5.07
508 0.04977879124032215 5.08
509 0.04968761268413007 5.09
510 0.04959347476138058 5.100000000000001
511 0.04949817673015151 5.11
512 0.04940275299936333 5.12
513 0.04930726756294432 5.13
514 0.04921137504638595 5.14
515 0.04911420947905605 5.15
516 0.04901561162449211 5.16
517 0.04891576887179664 5.17
518 0.04882138435482096 5.18
519 0.04872157582533971 5.19
520 0.04862015771887797 5.2
521 0.04851741771624336 5.21
522 0.04841474860976512 5.22
523 0.04831289299375052 5.23
524 0.04820275405186444 5.24
525 0.04810113337758183 5.25
526 0.04800471033860963 5.26
527 0.0479100107198862 5.27
528 0.0478153053202711 5.28
529 0.04771955934361735 5.29
530 0.04762253209166682 5.3
531 0.04752452930970368 5.31
532 0.04742588194730182 5.32
533 0.0473274444014703 5.33
534 0.04722862320068732 5.34
535 0.04712975832218486 5.350000000000001
536 0.04703133439902921 5.36
537 0.04693759692008397 5.37
538 0.04683987913421017 5.38
539 0.04673696408303043 5.39
540 0.04663350704276195 5.4
541 0.04652940035372739 5.41
542 0.04642376749184515 5.42
543 0.04631801729531963 5.43
544 0.04621252732595162 5.44
545 0.0461074254462625 5.45
546 0.04600290752315554 5.46
547 0.04590033356919033 5.47
548 0.04579716069665106 5.48
549 0.04569410509979791 5.49
550 0.04559133122002493 5.5
551 0.04548886497571871 5.51
552 0.04538689347071177 5.52
553 0.04528562641386295 5.53
554 0.04518490434563176 5.54
555 0.0450844039297019 5.55
556 0.0449837064093585 5.56
557 0.04488263225316119 5.57
558 0.04478303288520257 5.58
559 0.04470842082811031 5.59
560 0.04462570409414916 5.600000000000001
561 0.04452724454218561 5.61
562 0.04441957570675695 5.62
563 0.04429044019660674 5.63
564 0.04411689546150561 5.64
565 0.04400187915728329 5.65
566 0.04390470758847617 5.66
567 0.0438163093948688 5.67
568 0.04372677128013078 5.68
569 0.04363413340010919 5.69
570 0.04353603951619071 5.7
571 0.04343107328523427 5.71
572 0.04332506742940321 5.72
573 0.04321832085778592 5.73
574 0.0431112755857024 5.74
575 0.04300377135267982 5.75
576 0.04289741415475513 5.76
577 0.04279221978007394 5.77
578 0.04269379311323293 5.78
579 0.04259198572298762 5.79
580 0.042488612465674 5.8
581 0.04238472291627288 5.81
582 0.04228102947124837 5.82
583 0.04217773485053033 5.83
584 0.04207469026975757 5.84
585 0.0419717199935483 5.850000000000001
586 0.04186870540069754 5.86
587 0.04176521917184677 5.87
588 0.04166132281262191 5.88
589 0.04156634111192884 5.89
590 0.04146364144540367 5.9
591 0.04138271384801965 5.91
592 0.04127839833498214 5.92
593 0.0411774838961837 5.93
594 0.04106323670343816 5.94
595 0.04096188752591935 5.95
596 0.04082750651241092 5.96
597 0.04068404141392716 5.97
598 0.04056077323680607 5.98
599 0.04042017682069467 5.99
600 0.04030887670306105 6
601 0.04021566565642153 6.01
602 0.04012635548717737 6.02
603 0.04003617237449341 6.03
604 0.03993694789839611 6.04
605 0.03983659363152584 6.05
606 0.03973358987392783 6.06
607 0.03963114475684867 6.07
608 0.03952801241947093 6.08
609 0.03942385701174234 6.09
610 0.03931884451798946 6.100000000000001
611 0.03921345003665165 6.11
612 0.03910816057145505 6.12
613 0.03900150172501207 6.13
614 0.03889691840619708 6.140000000000001
615 0.03879330888467476 6.15
616 0.03868984403519786 6.16
617 0.03858547909263917 6.17
618 0.03847418763709113 6.18
619 0.03838078966856965 6.19
620 0.03829936491188472 6.2
621 0.03819816283710287 6.21
622 0.03808507439383994 6.22
623 0.03798685563644578 6.23
624 0.03787575308959974 6.24
625 0.03775730495847168 6.25
626 0.03761000544257198 6.26
627 0.03750215970184397 6.27
628 0.03736828026810147 6.28
629 0.03724829291071264 6.29
630 0.0371214310188815 6.3
631 0.03700098461540377 6.31
632 0.03688423396112629 6.32
633 0.03679487570398189 6.33
634 0.03671254553002849 6.34
635 0.03662677126857784 6.350000000000001
636 0.03653324440313951 6.36
637 0.03643256468057998 6.37
638 0.03632730396726081 6.38
639 0.03621887678111225 6.390000000000001
640 0.03610929953807855 6.4
641 0.03599995488579295 6.41
642 0.03589858432226008 6.42
643 0.03580248789180103 6.43
644 0.03570218244140407 6.44
645 0.03559078350185237 6.45
646 0.03548791954885462 6.46
647 0.03538077196121684 6.47
648 0.03526603995754295 6.48
649 0.03515025933074449 6.49
650 0.03504870880249025 6.5
651 0.03491980692012131 6.51
652 0.03481443088811154 6.52
653 0.03468832393354961 6.53
654 0.03457346483513405 6.54
655 0.03444463797837907 6.55
656 0.03435726662031612 6.56
657 0.03424342183940508 6.57
658 0.03415944994499372 6.58
659 0.03405168073624402 6.59
660 0.0339530963130122 6.600000000000001
661 0.03383441490251406 6.61
662 0.03371714657856482 6.62
663 0.03360781929924911 6.63
664 0.03350762942097285 6.640000000000001
665 0.03340071005089104 6.65
666 0.03329171924988005 6.66
667 0.03319259199744253 6.67
668 0.03309717640377718 6.68
669 0.03298865962051385 6.69
670 0.03287502674504171 6.7
671 0.03277735980760744 6.71
672 0.03266852771101809 6.72
673 0.03255650930195888 6.73
674 0.03244180541843107 6.74
675 0.03232671166644355 6.75
676 0.03219354991122029 6.76
677 0.03207781504918419 6.77
678 0.03195848541124365 6.78
679 0.0318548059523037 6.79
680 0.03176530561055003 6.8
681 0.03165522863417641 6.81
682 0.03153887435510194 6.82
683 0.03143184587385171 6.83
684 0.0313267299070331 6.84
685 0.03122115373574608 6.850000000000001
686 0.03110600105454516 6.86
687 0.03100613855770517 6.87
688 0.03090792313400614 6.88
689 0.0308012011866981 6.890000000000001
690 0.03069073116355361 6.9
691 0.0305930833669524 6.91
692 0.03046879493698799 6.92
693 0.03034935342050099 6.93
694 0.03024839237705122 6.94
695 0.03014193949723804 6.95
696 0.03003347814466556 6.96
697 0.02992662608482955 6.97
698 0.02983134449365813 6.98
699 0.02970919935678798 6.99
700 0.02961135033409217 7
701 0.02950575655382979 7.01
702 0.02938105581630822 7.02
703 0.02928497852421909 7.03
704 0.02918218260071667 7.04
705 0.0290554765697292 7.05
706 0.02894052634585233 7.06
707 0.02883146227839156 7.07
708 0.02872154704187226 7.08
709 0.02860159825596109 7.09
710 0.02850601089030558 7.100000000000001
711 0.02840675874493631 7.11
712 0.02829705493568021 7.12
713 0.02818602550290663 7.13
714 0.02809031539874125 7.140000000000001
715 0.02798320852820174 7.15
716 0.02785190910135434 7.16
717 0.02774965093809885 7.17
718 0.027641806726002 7.18
719 0.02753040095422135 7.19
720 0.02741858102430538 7.2
721 0.0273075649118332 7.21
722 0.02719783370267518 7.22
723 0.02709270399231654 7.23
724 0.0269868215054702 7.24
725 0.02688007147189642 7.25
726 0.02677254652486576 7.26
727 0.02666448466172486 7.27
728 0.02657504313030004 7.28
729 0.02645100762121656 7.29
730 0.02635755948838373 7.3
731 0.02623302153944576 7.31
732 0.02613898476666761 7.32
733 0.02601431508789394 7.33
734 0.02592100920733654 7.34
735 0.02579858746786237 7.350000000000001
736 0.02568416145421362 7.36
737 0.02557405997447964 7.37
738 0.02546595303477218 7.38
739 0.02535838619085379 7.390000000000001
740 0.02525058154412993 7.4
741 0.02514228517796688 7.41
742 0.0250323882622058 7.42
743 0.02490441029998424 7.43
744 0.02479050391152444 7.44
745 0.02468396389273255 7.45
746 0.02456693952756257 7.46
747 0.02447500604952921 7.47
748 0.02437663468142809 7.48
749 0.02427766929006369 7.49
750 0.02417516469954389 7.5
751 0.02406996588526095 7.51
752 0.0239801553789117 7.52
753 0.02386075253263045 7.53
754 0.02376403892981957 7.54
755 0.02365856157655778 7.55
756 0.02354819798967661 7.56
757 0.02345810871882266 7.57
758 0.0233304970061686 7.58
759 0.02320955271287108 7.59
760 0.02309083141469187 7.600000000000001
761 0.02297879050437175 7.61
762 0.02289240131662826 7.62
763 0.02277500901103198 7.63
764 0.02266393251057116 7.640000000000001
765 0.02257740921055496 7.65
766 0.0224582594857015 7.66
767 0.02234370370226196 7.67
768 0.02223234654102344 7.68
769 0.02212274044798198 7.69
770 0.02201611042173347 7.7
771 0.0219087880626316 7.71
772 0.02180132420660512 7.72
773 0.02169343138668026 7.73
774 0.02157895543424765 7.74
775 0.02147092597229431 7.75
776 0.02136486990481919 7.76
777 0.02126023248856146 7.77
778 0.0211545986130039 7.78
779 0.02104976324210803 7.79
780 0.0209271418096349 7.8
781 0.02083529005485183 7.81
782 0.02073881399695216 7.82
783 0.02063881115830964 7.83
784 0.0205360629153866 7.84
785 0.02043102352239166 7.850000000000001
786 0.0203238568800987 7.86
787 0.02021047471779773 7.87
788 0.0200997621901079 7.88
789 0.02000990782504519 7.890000000000001
790 0.01989229957882627 7.9
791 0.01979936298187045 7.91
792 0.01970000678627896 7.92
793 0.01959623587017361 7.930000000000001
794 0.01948934458593103 7.94
795 0.01938048618577471 7.95
796 0.01927170985136294 7.96
797 0.01916246343456651 7.97
798 0.01907830421061135 7.98
799 0.01895606023883773 7.99
800 0.01886507313362926 8
801 0.01873685968273038 8.01
802 0.01864544810719916 8.02
803 0.01851844960283598 8.029999999999999
804 0.01840105426499583 8.040000000000001
805 0.01828982457747096 8.050000000000001
806 0.01818201434695942 8.06
807 0.01807776900883038 8.07
808 0.01797578539882825 8.08
809 0.01787487157018919 8.09
810 0.01777410340678933 8.1
811 0.0176518469383049 8.109999999999999
812 0.0175602504476155 8.120000000000001
813 0.01746486933805014 8.130000000000001
814 0.01734537715440686 8.140000000000001
815 0.01727934349718716 8.15
816 0.01719571829076487 8.16
817 0.01706940252962738 8.17
818 0.01697840137523179 8.18
819 0.01684640356528255 8.19
820 0.01675361043690697 8.199999999999999
821 0.01662278351181797 8.210000000000001
822 0.01654016206132661 8.220000000000001
823 0.01644791758205981 8.23
824 0.01634765038359023 8.24
825 0.01624320407106798 8.25
826 0.01613616084755166 8.26
827 0.01602791597426324 8.27
828 0.01591959169508727 8.279999999999999
829 0.0158119183119146 8.290000000000001
830 0.01570542105298115 8.300000000000001
831 0.01560030874079821 8.31
832 0.01549646695257916 8.32
833 0.01539352148335036 8.33
834 0.01529123643737918 8.34
835 0.01518991188288799 8.35
836 0.01505658250051541 8.359999999999999
837 0.01497032580649208 8.370000000000001
838 0.01484791091808934 8.380000000000001
839 0.01476619947124922 8.390000000000001
840 0.0146457214747957 8.4
841 0.01456507594528057 8.41
842 0.01444514425278017 8.42
843 0.01436319391460639 8.43
844 0.01427167543539935 8.44
845 0.01414206196109151 8.449999999999999
846 0.01405530907439433 8.460000000000001
847 0.01396099859405605 8.470000000000001
848 0.01386130958916168 8.48
849 0.01375809046543119 8.49
850 0.01362027063552628 8.5
851 0.01353113629222941 8.51
852 0.01340751680708979 8.52
853 0.01332630164399002 8.529999999999999
854 0.0132082660256101 8.540000000000001
855 0.01312834882364055 8.550000000000001
856 0.01301204928070376 8.56
857 0.01293234269617943 8.57
858 0.01284079082820922 8.58
859 0.01274524713380931 8.59
860 0.01264443113031756 8.6
861 0.01253994767141966 8.609999999999999
862 0.01240283120452964 8.620000000000001
863 0.01231369588503955 8.630000000000001
864 0.01222095502705285 8.640000000000001
865 0.0120948497608039 8.65
866 0.01201155146163199 8.66
867 0.01192104838723145 8.67
868 0.01182641738674766 8.68
869 0.01172750409065876 8.69
870 0.01162447229433267 8.700000000000001
871 0.01151864583033062 8.710000000000001
872 0.01141134795375393 8.720000000000001
873 0.01130376288229651 8.73
874 0.01119685971012809 8.74
875 0.01109211087204156 8.75
876 0.01098851439731402 8.76
877 0.01088620677041055 8.77
878 0.01078519354503504 8.779999999999999
879 0.01068475837687082 8.790000000000001
880 0.01058535941376938 8.800000000000001
881 0.01048380092148936 8.81
882 0.0103534847768311 8.82
883 0.0102654825699272 8.83
884 0.01013228471115887 8.84
885 0.01004683548904821 8.85
886 0.009939723711920121 8.859999999999999
887 0.009866337668354921 8.870000000000001
888 0.009765781252806707 8.880000000000001
889 0.00968918592069171 8.890000000000001
890 0.009584971884610221 8.9
891 0.009506516868827763 8.91
892 0.009416909751989559 8.92
893 0.009322085296837064 8.93
894 0.009220514252306865 8.94
895 0.009115001821895974 8.950000000000001
896 0.009007837437435802 8.960000000000001
897 0.008929947542974655 8.970000000000001
898 0.008786213798743144 8.98
899 0.008683907483532063 8.99
900 0.008579570881686179 9
901 0.008476240619720216 9.01
902 0.008373696825315158 9.02
903 0.008273824207121304 9.029999999999999
904 0.008176203660826456 9.040000000000001
905 0.008079985037270232 9.050000000000001
906 0.007984355670681374 9.06
907 0.007888529040862461 9.07
908 0.00779175909870778 9.08
909 0.007693623519626352 9.09
910 0.007593535546990814 9.1
911 0.007492504281494371 9.109999999999999
912 0.00739111143296513 9.120000000000001
913 0.007289878084819503 9.130000000000001
914 0.007191531188440956 9.140000000000001
915 0.007093111792967757 9.15
916 0.006998988423772173 9.16
917 0.006903408825596741 9.17
918 0.006782571012545206 9.18
919 0.006697578240371919 9.19
920 0.00658976835403581 9.200000000000001
921 0.006490484177707504 9.210000000000001
922 0.006395531085819292 9.220000000000001
923 0.00630197045056788 9.23
924 0.006208333764567395 9.24
925 0.006106850125388925 9.25
926 0.005992231727126084 9.26
927 0.005904832764893404 9.27
928 0.005813821806807755 9.279999999999999
929 0.005707024614662665 9.290000000000001
930 0.005622149369652421 9.300000000000001
931 0.005527696964079535 9.31
932 0.005431232176034822 9.32
933 0.005333367774450695 9.33
934 0.005235672513053215 9.34
935 0.005137224175716527 9.35
936 0.005037604377605675 9.359999999999999
937 0.004939013094389304 9.370000000000001
938 0.004840107770631987 9.380000000000001
939 0.004743383754313853 9.390000000000001
940 0.004645323505752278 9.4
941 0.004546600391119386 9.41
942 0.004447208408530095 9.42
943 0.004372384871791009 9.43
944 0.004262403181820716 9.44
945 0.004161930491779711 9.450000000000001
946 0.004036012153689207 9.460000000000001
947 0.003943132305269026 9.470000000000001
948 0.003840597074293537 9.48
949 0.003760173596619508 9.49
950 0.00365022727623288 9.5
951 0.003570179099325348 9.51
952 0.00345772811169507 9.52
953 0.003377101023524031 9.529999999999999
954 0.003266246004396087 9.540000000000001
955 0.003167143023191201 9.550000000000001
956 0.003089219023711814 9.56
957 0.002984486064272123 9.57
958 0.002906332434783675 9.58
959 0.002794918821528231 9.59
960 0.002713107234868475 9.6
961 0.002597960439901905 9.609999999999999
962 0.002492442265332146 9.620000000000001
963 0.002413840772458569 9.630000000000001
964 0.002302605459979163 9.640000000000001
965 0.002201088107103859 9.65
966 0.002104287711948387 9.66
967 0.002005759897756498 9.67
968 0.001910675890253339 9.68
969 0.001816432880008658 9.69
970 0.001723558083481234 9.700000000000001
971 0.001631049363536566 9.710000000000001
972 0.001547711857417196 9.720000000000001
973 0.001459540528596134 9.73
974 0.00136568416749669 9.74
975 0.001268454770549343 9.75
976 0.001168935607442068 9.76
977 0.001067940022415176 9.77
978 0.0009669651107651022 9.779999999999999
979 0.0008670425642580732 9.790000000000001
980 0.000767404347827035 9.800000000000001
981 0.0006685732403458428 9.81
982 0.0005919341241359567 9.82
983 0.0004811097479759983 9.83
984 0.0003995027349838529 9.84
985 0.0002855362286912403 9.85
986 0.0002033305682901098 9.859999999999999
987 8.973253559334021e-05 9.870000000000001
988 8.32373288303052e-06 9.880000000000001
989 -0.0001033785971463308 9.890000000000001
990 -0.0001834375009309026 9.9
991 -0.000293163718870624 9.91
992 -0.0003946565103598684 9.92
993 -0.0004903667325564986 9.93
994 -0.0005829290179380206 9.94
995 -0.0006737048458036069 9.950000000000001
996 -0.0007452170245364941 9.960000000000001
997 -0.000850101616922286 9.970000000000001
998 -0.0009479660389770859 9.98
999 -0.0010443256697155 9.99
1000 -0.001119089500863179 10
1001 -0.001227522426482107 10.01
1002 -0.001329869642620476 10.02
1003 -0.001406956072095395 10.03
1004 -0.001515816714437714 10.04
1005 -0.001595562746506491 10.05
1006 -0.001683513611802211 10.06
1007 -0.00177718089298208 10.07
1008 -0.001902345516326672 10.08
1009 -0.001987870122939767 10.09
1010 -0.002077157460411305 10.1
1011 -0.002169087495158428 10.11
1012 -0.002265033538360958 10.12
1013 -0.002359445355078088 10.13
1014 -0.002454086049966252 10.14
1015 -0.002563908668606377 10.15
1016 -0.002668462397126337 10.16
1017 -0.00276819135171208 10.17
1018 -0.00286324580062756 10.18
1019 -0.002954976431022956 10.19
1020 -0.003045063442395827 10.2
1021 -0.003143616391774751 10.21
1022 -0.003239189922244958 10.22
1023 -0.003332369521651124 10.23
1024 -0.00342387356144494 10.24
1025 -0.003513156019095548 10.25
1026 -0.003602682977236419 10.26
1027 -0.003692728666363893 10.27
1028 -0.003783412550026042 10.28
1029 -0.003874874418188852 10.29
1030 -0.003959795372975985 10.3
1031 -0.004037574328006031 10.31
1032 -0.004121601992029933 10.32
1033 -0.004234277149146384 10.33
1034 -0.004316485408846021 10.34
1035 -0.004429027250201681 10.35
1036 -0.004511174789548834 10.36
1037 -0.004623910332635559 10.37
1038 -0.004705211908610336 10.38
1039 -0.004816498877615353 10.39
1040 -0.004896702240524393 10.4
1041 -0.005004902749043764 10.41
1042 -0.005103969103787623 10.42
1043 -0.005197566212389285 10.43
1044 -0.005288707618683127 10.44
1045 -0.005376769411653302 10.45
1046 -0.005464570418185448 10.46
1047 -0.005553149447856275 10.47
1048 -0.005645528406169194 10.48
1049 -0.005759705950152385 10.49
1050 -0.00584505532142716 10.5
1051 -0.005949873431321315 10.51
1052 -0.006029491763230931 10.52
1053 -0.006129398161912455 10.53
1054 -0.006206713577238332 10.54
1055 -0.006303961023300744 10.55
1056 -0.006380969034880343 10.56
1057 -0.006479456343286255 10.57
1058 -0.006558588994507471 10.58
1059 -0.006644983822240016 10.59
1060 -0.006753748942329589 10.6
1061 -0.006837977447773257 10.61
1062 -0.006928465167285096 10.62
1063 -0.007022127452614941 10.63
1064 -0.007135907224451333 10.64
1065 -0.007220684946812284 10.65
1066 -0.007309103232846376 10.66
1067 -0.007399839681525632 10.67
1068 -0.007492084165884397 10.68
1069 -0.007603204200655109 10.69
1070 -0.007685869975781121 10.7
1071 -0.007772279157878426 10.71
1072 -0.007860286123585074 10.72
1073 -0.007967784028007565 10.73
1074 -0.008048889883514715 10.74
1075 -0.008134076622476701 10.75
1076 -0.008239191598175544 10.76
1077 -0.008319067244993976 10.77
1078 -0.008403753840804102 10.78
1079 -0.008509012559588401 10.79
1080 -0.00858552921199235 10.8
1081 -0.008686025949061149 10.81
1082 -0.008763975851041187 10.82
1083 -0.0088485490769369 10.83
1084 -0.008937837646933336 10.84
1085 -0.009027227340763666 10.85
1086 -0.009119444704727636 10.86
1087 -0.009234892480082722 10.87
1088 -0.009317258750362933 10.88
1089 -0.009403453680211185 10.89
1090 -0.009492027940003108 10.9
1091 -0.00958233241683526 10.91
1092 -0.009673814586605083 10.92
1093 -0.009765946861446901 10.93
1094 -0.009854223909238194 10.94
1095 -0.009943714599528176 10.95
1096 -0.010045294534628 10.96
1097 -0.01011856630584634 10.97
1098 -0.01020396490612792 10.98
1099 -0.01029447776887494 10.99
1100 -0.0104115643668244 11
1101 -0.01049463847644653 11.01
1102 -0.01060438343480373 11.02
1103 -0.01068420136611742 11.03
1104 -0.01078976563893355 11.04
1105 -0.01086693711346776 11.05
1106 -0.0109488754647776 11.06
1107 -0.01105633951597524 11.07
1108 -0.01113450161077847 11.08
1109 -0.01123832167785764 11.09
1110 -0.01131433428222911 11.1
1111 -0.0114150907759574 11.11
1112 -0.01148782904905911 11.12
1113 -0.01159331973576083 11.13
1114 -0.01166756577613557 11.14
1115 -0.01174847442787428 11.15
1116 -0.01185561894591198 11.16
1117 -0.01193131465446068 11.17
1118 -0.01201276041369593 11.18
1119 -0.0120976749565803 11.19
1120 -0.01218557554111093 11.2
1121 -0.01227586168594679 11.21
1122 -0.01236778351832274 11.22
1123 -0.01246054682501897 11.23
1124 -0.01255403856110113 11.24
1125 -0.0126484309185811 11.25
1126 -0.01274161297760987 11.26
1127 -0.01283329698796233 11.27
1128 -0.01292343250284936 11.28
1129 -0.01301211165237256 11.29
1130 -0.01309958110993366 11.3
1131 -0.01315840202436645 11.31
1132 -0.01325938515127488 11.32
1133 -0.0133243045931092 11.33
1134 -0.01343306805389006 11.34
1135 -0.0135023494226836 11.35
1136 -0.01361539976906054 11.36
1137 -0.01368626843436306 11.37
1138 -0.01380024696428465 11.38
1139 -0.01387110274331364 11.39
1140 -0.01398780768684361 11.4
1141 -0.01405736046822763 11.41
1142 -0.01416895087092381 11.42
1143 -0.01423801190606045 11.43
1144 -0.01434836923186507 11.44
1145 -0.01445083179590859 11.45
1146 -0.01451522080070825 11.46
1147 -0.01461882747668913 11.47
1148 -0.01471316390636711 11.48
1149 -0.01480163103659951 11.49
1150 -0.01488610329512143 11.5
1151 -0.01496826857834495 11.51
1152 -0.01504953232897566 11.52
1153 -0.015152819334613 11.53
1154 -0.01522366106084081 11.54
1155 -0.01529875741377728 11.55
1156 -0.01538240362411167 11.56
1157 -0.01546651669038764 11.57
1158 -0.01555283170844873 11.58
1159 -0.01565962740834293 11.59
1160 -0.01573424772841972 11.6
1161 -0.01581366164074365 11.61
1162 -0.01591984224152837 11.62
1163 -0.01599619966813546 11.63
1164 -0.01607722742279725 11.64
1165 -0.01618333568667892 11.65
1166 -0.01626350711202078 11.66
1167 -0.01636859522074099 11.67
1168 -0.01644219582742512 11.68
1169 -0.01652006224516819 11.69
1170 -0.01662218768796243 11.7
1171 -0.01669429331417759 11.71
1172 -0.01677144745835501 11.72
1173 -0.01685236039167141 11.73
1174 -0.01694110268953125 11.74
1175 -0.01703001774406078 11.75
1176 -0.01711856967630167 11.76
1177 -0.01720511429101387 11.77
1178 -0.01729133787566818 11.78
1179 -0.01737700941765991 11.79
1180 -0.0174623507167267 11.8
1181 -0.01754705330638563 11.81
1182 -0.01763268000578467 11.82
1183 -0.01771944317825859 11.83
1184 -0.01780600203618035 11.84
1185 -0.01789245767599388 11.85
1186 -0.01797889732534083 11.86
1187 -0.01806538899182068 11.87
1188 -0.01815196135172381 11.88
1189 -0.01823858277145468 11.89
1190 -0.01832519365616583 11.9
1191 -0.01841174729934635 11.91
1192 -0.01849824007965415 11.92
1193 -0.01858461385756226 11.93
1194 -0.01867080489387965 11.94
1195 -0.01875676818550311 11.95
1196 -0.01884245405046 11.96
1197 -0.01892783600582703 11.97
1198 -0.01901731531599707 11.98
1199 -0.01910080183683329 11.99
1200 -0.01918361941215084 12
1201 -0.01926662841963389 12.01
1202 -0.01934984932849069 12.02
1203 -0.01943337936166074 12.03
1204 -0.0195172618193264 12.04
1205 -0.01960149257557361 12.05
1206 -0.01968584769673321 12.06
1207 -0.019772527380588 12.07
1208 -0.01985852015677056 12.08
1209 -0.01994388845806016 12.09
1210 -0.02002851149548415 12.1
1211 -0.02011228825773946 12.11
1212 -0.02019568993491429 12.12
1213 -0.02027888007603811 12.13
1214 -0.02036183869176451 12.14
1215 -0.02044470140729586 12.15
1216 -0.02052779264218893 12.16
1217 -0.020606351099364 12.17
1218 -0.02068772439223488 12.18
1219 -0.02077077931890519 12.19
1220 -0.02085481107864566 12.2
1221 -0.02093749000524877 12.21
1222 -0.02102100379355793 12.22
1223 -0.02110502780338237 12.23
1224 -0.02116404232672761 12.24
1225 -0.02126353344277252 12.25
1226 -0.0213574331078238 12.26
1227 -0.02142059481293946 12.27
1228 -0.02152218019561148 12.28
1229 -0.02161586050787124 12.29
1230 -0.02167774797049988 12.3
1231 -0.02177735983849472 12.31
1232 -0.02186920236733568 12.32
1233 -0.02193081259667434 12.33
1234 -0.02202834268742633 12.34
1235 -0.0221184432340782 12.35
1236 -0.02217926823424045 12.36
1237 -0.02227588980085808 12.37
1238 -0.02236553246892059 12.38
1239 -0.02245103254695897 12.39
1240 -0.02253399990502532 12.4
1241 -0.02261560384359366 12.41
1242 -0.02269874109552273 12.42
1243 -0.02278116164893393 12.43
1244 -0.02286731403816605 12.44
1245 -0.02292984549458951 12.45
1246 -0.02302592014118409 12.46
1247 -0.02311567488981655 12.47
1248 -0.023200993951578 12.48
1249 -0.02328304189885628 12.49
1250 -0.02336305693970623 12.5
1251 -0.02344179366637675 12.51
1252 -0.02352009016287055 12.52
1253 -0.02359773899416141 12.53
1254 -0.02367601959683874 12.54
1255 -0.02375524654590922 12.55
1256 -0.02383563037547504 12.56
1257 -0.02391625923117965 12.57
1258 -0.02399739699816194 12.58
1259 -0.02407584108378894 12.59
1260 -0.02415621787548945 12.6
1261 -0.02423744832840516 12.61
1262 -0.0243185685080035 12.62
1263 -0.02440132331071367 12.63
1264 -0.02448428315453869 12.64
1265 -0.02457013709385365 12.65
1266 -0.0246556410614332 12.66
1267 -0.02473918064018047 12.67
1268 -0.02482030398499827 12.68
1269 -0.02489783760554071 12.69
1270 -0.02497521740624997 12.7
1271 -0.02505282018504332 12.71
1272 -0.0251308247667271 12.72
1273 -0.0252093651162955 12.73
1274 -0.0252884559875911 12.74
1275 -0.02534886368486645 12.75
1276 -0.02544308620224341 12.76
1277 -0.0255335256710592 12.77
1278 -0.02561966597908453 12.78
1279 -0.02570233800738477 12.79
1280 -0.02578196469064471 12.8
1281 -0.02585981791590189 12.81
1282 -0.02593426338895297 12.82
1283 -0.02600930005119593 12.83
1284 -0.02606631430828128 12.84
1285 -0.02615532335791331 12.85
1286 -0.02624057729325664 12.86
1287 -0.02632370780415634 12.87
1288 -0.02640549153837631 12.88
1289 -0.02646543889016813 12.89
1290 -0.02655887998089806 12.9
1291 -0.02664785164320594 12.91
1292 -0.02673312586710039 12.92
1293 -0.02679547437585484 12.93
1294 -0.02688899336879014 12.94
1295 -0.02697603764328853 12.95
1296 -0.02705865737209595 12.96
1297 -0.02713800200927403 12.97
1298 -0.02721507097295966 12.98
1299 -0.02729136615970058 12.99
1300 -0.02736700037603226 13
1301 -0.02744250316161574 13.01
1302 -0.02751829145218748 13.02
1303 -0.02759460590464649 13.03
1304 -0.0276715368083642 13.04
1305 -0.027749061614996 13.05
1306 -0.02782705880925945 13.06
1307 -0.0279053999798938 13.07
1308 -0.02798394879522584 13.08
1309 -0.0280625640104873 13.09
1310 -0.02813956845041377 13.1
1311 -0.02821835600478596 13.11
1312 -0.0282967552135839 13.12
1313 -0.0283751298382466 13.13
1314 -0.02845441389082119 13.14
1315 -0.02853132045680387 13.15
1316 -0.02860811962260809 13.16
1317 -0.02868452413674901 13.17
1318 -0.02877573356422896 13.18
1319 -0.02884275359768889 13.19
1320 -0.02891316370271697 13.2
1321 -0.02898604561228182 13.21
1322 -0.02907485162446397 13.22
1323 -0.02914144856512007 13.23
1324 -0.02921248315550258 13.24
1325 -0.02928652636125791 13.25
1326 -0.02937699303881074 13.26
1327 -0.02944440737724984 13.27
1328 -0.02951617475730369 13.28
1329 -0.02960742581727593 13.29
1330 -0.02967655921717573 13.3
1331 -0.02974935515608312 13.31
1332 -0.02983778751921604 13.32
1333 -0.02990260029310383 13.33
1334 -0.02997198114387832 13.34
1335 -0.03005850617466495 13.35
1336 -0.03012383425427387 13.36
1337 -0.03019392451236745 13.37
1338 -0.03026720885234782 13.38
1339 -0.03033681036456307 13.39
1340 -0.03041057694013308 13.4
1341 -0.03048703272152349 13.41
1342 -0.03056481515940455 13.42
1343 -0.03064676650659106 13.43
1344 -0.03072251279469201 13.44
1345 -0.03079912316819295 13.45
1346 -0.03087608607999399 13.46
1347 -0.03095361280634438 13.47
1348 -0.03103061228527783 13.48
1349 -0.03110693013238472 13.49
1350 -0.03118250860764667 13.5
1351 -0.03125739128335353 13.51
1352 -0.03133437182805454 13.52
1353 -0.03140998649619708 13.53
1354 -0.03148445594124796 13.54
1355 -0.03155805207362342 13.55
1356 -0.03163189215916472 13.56
1357 -0.0317051695341451 13.57
1358 -0.03175862044924625 13.58
1359 -0.03184363737916324 13.59
1360 -0.03192141249931893 13.6
1361 -0.03199693377528053 13.61
1362 -0.03205007807012369 13.62
1363 -0.03213832143380983 13.63
1364 -0.03222071853119971 13.64
1365 -0.03227758305998239 13.65
1366 -0.03236550948465478 13.66
1367 -0.03242447305898961 13.67
1368 -0.03251414110082262 13.68
1369 -0.03259798700515828 13.69
1370 -0.03265017003216233 13.7
1371 -0.0327310961130891 13.71
1372 -0.03280823097558511 13.72
1373 -0.032881551618941 13.73
1374 -0.0329525464854977 13.74
1375 -0.03302231955829985 13.75
1376 -0.03309169257501087 13.76
1377 -0.03316118801414412 13.77
1378 -0.03323111432398775 13.78
1379 -0.03330159710350423 13.79
1380 -0.03337263558747334 13.8
1381 -0.03344412941842699 13.81
1382 -0.03351525236728624 13.82
1383 -0.03358681212395637 13.83
1384 -0.03365864906691515 13.84
1385 -0.03373060550314323 13.85
1386 -0.03380162563464945 13.86
1387 -0.03387280810530527 13.87
1388 -0.03394201171716593 13.88
1389 -0.03401184457477822 13.89
1390 -0.03408196685340548 13.9
1391 -0.03415262172752397 13.91
1392 -0.03422368378454448 13.92
1393 -0.0342964638012975 13.93
1394 -0.03438662799536877 13.94
1395 -0.03444926688420192 13.95
1396 -0.03451396091145794 13.96
1397 -0.03457950128496159 13.97
1398 -0.0346464905262237 13.98
1399 -0.03473078017335169 13.99
1400 -0.0347905508927087 14
1401 -0.03485342523085871 14.01
1402 -0.03491907112053887 14.02
1403 -0.03498694712755057 14.03
1404 -0.03505650671105958 14.04
1405 -0.03514426527797276 14.05
1406 -0.03520371017417743 14.06
1407 -0.03526697812135431 14.07
1408 -0.03533328088200273 14.08
1409 -0.03541942971668769 14.09
1410 -0.03548052789952912 14.1
1411 -0.03554552941704736 14.11
1412 -0.03561317625035822 14.12
1413 -0.03568263163809901 14.13
1414 -0.03575830879449673 14.14
1415 -0.0358496695574333 14.15
1416 -0.03591165345860814 14.16
1417 -0.03597484850261391 14.17
1418 -0.03605385930589275 14.18
1419 -0.0361116390564058 14.19
1420 -0.0361725266021701 14.2
1421 -0.03623585679139956 14.21
1422 -0.03630064414140078 14.22
1423 -0.03636713577607485 14.23
1424 -0.03643487503886574 14.24
1425 -0.0365033848369891 14.25
1426 -0.03657261787140267 14.26
1427 -0.03664204340066894 14.27
1428 -0.03670993006461219 14.28
1429 -0.03677814908719978 14.29
1430 -0.0368488000825878 14.3
1431 -0.0369186792316944 14.31
1432 -0.03698756709051727 14.32
1433 -0.03705569893357447 14.33
1434 -0.03712266247547129 14.34
1435 -0.03718985982429073 14.35
1436 -0.03725552783257212 14.36
1437 -0.03732150304845801 14.37
1438 -0.03737011478330415 14.38
1439 -0.03744493407139642 14.39
1440 -0.03751543200778763 14.4
1441 -0.03758308068013155 14.41
1442 -0.03764879273864841 14.42
1443 -0.03771231164806994 14.43
1444 -0.0377756653411982 14.44
1445 -0.03782288569962695 14.45
1446 -0.03789722971377141 14.46
1447 -0.03796829231153692 14.47
1448 -0.03803715324172728 14.48
1449 -0.0381043112701865 14.49
1450 -0.0381701793340171 14.5
1451 -0.03823516154930935 14.51
1452 -0.03829956086799746 14.52
1453 -0.03836362828470988 14.53
1454 -0.03842746056908632 14.54
1455 -0.03849110436446958 14.55
1456 -0.03855458668791079 14.56
1457 -0.03862842875478861 14.57
1458 -0.03868233903519164 14.58
1459 -0.03873983247593857 14.59
1460 -0.03880042677527257 14.6
1461 -0.03887704880266557 14.61
1462 -0.03893342620921317 14.62
1463 -0.03899336514685128 14.63
1464 -0.03906937515313245 14.64
1465 -0.03912533328965385 14.65
1466 -0.0391977566490735 14.66
1467 -0.03925195565836773 14.67
1468 -0.03931046339807288 14.68
1469 -0.03937121092216684 14.69
1470 -0.0394477251860026 14.7
1471 -0.03950533329888997 14.71
1472 -0.03956522164253617 14.72
1473 -0.03962659980842687 14.73
1474 -0.03968897752824989 14.74
1475 -0.03974891329383375 14.75
1476 -0.03980882412160743 14.76
1477 -0.03987019665250802 14.77
1478 -0.039932805290622 14.78
1479 -0.03999446568694588 14.79
1480 -0.04005766011248017 14.8
1481 -0.04012172740404033 14.81
1482 -0.04018631115029043 14.82
1483 -0.04025103332486138 14.83
1484 -0.04031557465258441 14.84
1485 -0.04037957940394491 14.85
1486 -0.04044285047726262 14.86
1487 -0.04050865281252046 14.87
1488 -0.04057228073539881 14.88
1489 -0.0406340906484802 14.89
1490 -0.04069436312817767 14.9
1491 -0.04075343738483892 14.91
1492 -0.04081249276025247 14.92
1493 -0.04085707847423065 14.93
1494 -0.04092465244210008 14.94
1495 -0.04098885499378554 14.95
1496 -0.04103673856779455 14.96
1497 -0.04110695027088584 14.97
1498 -0.04117280096915005 14.98
1499 -0.04122107190181545 14.99
1500 -0.04128972784218906 15
1501 -0.04135403986413651 15.01
1502 -0.04140093259921544 15.02
1503 -0.04146945555772856 15.03
1504 -0.04153317056815838 15.04
1505 -0.04159356534929452 15.05
1506 -0.04163777427194912 15.06
1507 -0.041703292142377 15.07
1508 -0.04176499627931668 15.08
1509 -0.04182432578123835 15.09
1510 -0.04188222972439987 15.1
1511 -0.04193938033911286 15.11
1512 -0.04199559144276652 15.12
1513 -0.04205208636436852 15.13
1514 -0.04210925118182837 15.14
1515 -0.0421688097842455 15.15
1516 -0.04222792660616555 15.16
1517 -0.04228653882421572 15.17
1518 -0.04234463014835694 15.18
1519 -0.04240223859151393 15.19
1520 -0.04245817064559122 15.2
1521 -0.04251403202040472 15.21
1522 -0.04257018778229361 15.22
1523 -0.04262651534784387 15.23
1524 -0.04268324045385941 15.24
1525 -0.04273845437334504 15.25
1526 -0.04279443885052388 15.26
1527 -0.04284900042381694 15.27
1528 -0.04290551391036702 15.28
1529 -0.04296245725986225 15.29
1530 -0.04301989068309173 15.3
1531 -0.04307769432358294 15.31
1532 -0.04313564267565 15.32
1533 -0.04320667294953466 15.33
1534 -0.04325668393616462 15.34
1535 -0.0433087382441379 15.35
1536 -0.04336206684345501 15.36
1537 -0.04341623570512824 15.37
1538 -0.04347105371410169 15.38
1539 -0.04352600700217522 15.39
1540 -0.04358091233339938 15.4
1541 -0.04363570126302663 15.41
1542 -0.04369038322036217 15.42
1543 -0.0437439627280701 15.43
1544 -0.04379789402339197 15.44
1545 -0.04385219780309823 15.45
1546 -0.04390685349398871 15.46
1547 -0.0439618015194919 15.47
1548 -0.04401693896511907 15.48
1549 -0.04408508179993512 15.49
1550 -0.04413285721558777 15.5
1551 -0.04418308238898914 15.51
1552 -0.04424174200905878 15.52
1553 -0.04428319254055918 15.53
1554 -0.04433026987432972 15.54
1555 -0.04438157792882219 15.55
1556 -0.04445133615034594 15.56
1557 -0.04449940427707963 15.57
1558 -0.04455119309761157 15.58
1559 -0.04462045850054869 15.59
1560 -0.04466735250263808 15.6
1561 -0.04471737473908794 15.61
1562 -0.04476923696830697 15.62
1563 -0.04482209312631957 15.63
1564 -0.04487530968513196 15.64
1565 -0.0449284402748274 15.65
1566 -0.04498112444318512 15.66
1567 -0.04503580323666959 15.67
1568 -0.04508940429579109 15.68
1569 -0.04514197602460084 15.69
1570 -0.04517677691413573 15.7
1571 -0.04523643219138022 15.71
1572 -0.04529215062801379 15.72
1573 -0.04534537453129502 15.73
1574 -0.04537907961308234 15.74
1575 -0.04544016436070179 15.75
1576 -0.04549699431379302 15.76
1577 -0.04553265450697781 15.77
1578 -0.04559576132799947 15.78
1579 -0.04565401204369825 15.79
1580 -0.04570847124166904 15.8
1581 -0.04574259791984 15.81
1582 -0.04580288049260052 15.82
1583 -0.04585814002977524 15.83
1584 -0.04591004452927615 15.84
1585 -0.04594272634091862 15.85
1586 -0.04600112494060095 15.86
1587 -0.04605485299767648 15.87
1588 -0.04610558677130605 15.88
1589 -0.04613771968229243 15.89
1590 -0.04619557725230531 15.9
1591 -0.04624906631745581 15.91
1592 -0.04629877181085951 15.92
1593 -0.04633231430644395 15.93
1594 -0.04638874938531688 15.94
1595 -0.04644254390601023 15.95
1596 -0.04649431453710295 15.96
1597 -0.04652703828975251 15.97
1598 -0.046583593499664 15.98
1599 -0.04663785016599628 15.99
1600 -0.04668850489310059 16
1601 -0.04673737206410556 16.01
1602 -0.0467700991026957 16.02
1603 -0.04682813786586626 16.03
1604 -0.04688210152637218 16.04
1605 -0.04691662369935166 16.05
1606 -0.04697348937588149 16.06
1607 -0.04702595657893684 16.07
1608 -0.04707541811204595 16.08
1609 -0.04710814621474416 16.09
1610 -0.04716419375480862 16.1
1611 -0.04721617603054677 16.11
1612 -0.04726534268053746 16.12
1613 -0.04731247708809097 16.13
1614 -0.04734466387893795 16.14
1615 -0.04739773798811662 16.15
1616 -0.04744750903976094 16.16
1617 -0.04749512298889914 16.17
1618 -0.04754126543435205 16.18
1619 -0.04758681347219433 16.19
1620 -0.04763188890756551 16.2
1621 -0.04767685033417227 16.21
1622 -0.0477219427558386 16.22
1623 -0.04776386540666146 16.23
1624 -0.04780466395989819 16.24
1625 -0.04784760359592473 16.25
1626 -0.04787845727014471 16.26
1627 -0.04793315319443468 16.27
1628 -0.04798592562316255 16.28
1629 -0.04802130604531057 16.29
1630 -0.04808152822794281 16.3
1631 -0.04813913467719469 16.31
1632 -0.04819157120326099 16.32
1633 -0.0482397336644322 16.33
1634 -0.04828443940083593 16.34
1635 -0.04831478715012835 16.35
1636 -0.04836270019954373 16.36
1637 -0.04840641025720007 16.37
1638 -0.04843642029544086 16.38
1639 -0.04848452017884555 16.39
1640 -0.04852923702407567 16.4
1641 -0.04856014280691655 16.41
1642 -0.04860983050730788 16.42
1643 -0.04865625287034643 16.43
1644 -0.04868826952305919 16.44
1645 -0.04873961312680937 16.45
1646 -0.04877396135946129 16.46
1647 -0.04882869914067144 16.47
1648 -0.04886443675123146 16.48
1649 -0.04891886311779226 16.49
1650 -0.04896746241483308 16.5
1651 -0.04899963114282295 16.51
1652 -0.04904871124892692 16.52
1653 -0.04908157824160577 16.53
1654 -0.04913112675833745 16.54
1655 -0.04917534135816286 16.55
1656 -0.04921716490091517 16.56
1657 -0.04924584752233948 16.57
1658 -0.04929278081932523 16.58
1659 -0.04933680483630248 16.59
1660 -0.04937922832786559 16.6
1661 -0.04942055721209428 16.61
1662 -0.04946112238831415 16.62
1663 -0.04948959320021068 16.63
1664 -0.04953658141417316 16.64
1665 -0.0495792586748004 16.65
1666 -0.04962041292518354 16.66
1667 -0.04964843923892222 16.67
1668 -0.04969655212843031 16.68
1669 -0.04974107156850735 16.69
1670 -0.04978307034109737 16.7
1671 -0.04982337028947095 16.71
1672 -0.04986256504558838 16.72
1673 -0.04990116860876435 16.73
1674 -0.04992841158078022 16.74
1675 -0.04997247002605273 16.75
1676 -0.05001453020242538 16.76
1677 -0.05005547552906589 16.77
1678 -0.05009571115785461 16.78
1679 -0.05013611206413725 16.79
1680 -0.05017615217970077 16.8
1681 -0.05021600220262354 16.81
1682 -0.05025570369547798 16.82
1683 -0.05029523287046528 16.83
1684 -0.05033468021069464 16.84
1685 -0.05037381413341505 16.85
1686 -0.05040095257849402 16.86
1687 -0.05044661805907732 16.87
1688 -0.05048922347286501 16.88
1689 -0.05052964913704687 16.89
1690 -0.05056843853870253 16.9
1691 -0.05060712373001205 16.91
1692 -0.05063402480397427 16.92
1693 -0.05067800823723792 16.93
1694 -0.05072060638444518 16.94
1695 -0.05075014121559257 16.95
1696 -0.05079551589092391 16.96
1697 -0.05082591781496588 16.97
1698 -0.05087013477509614 16.98
1699 -0.05089570375158752 16.99
1700 -0.05093912274294422 17
1701 -0.0509662576252193 17.01
1702 -0.05101173415453884 17.02
1703 -0.05104002241977613 17.03
1704 -0.05108678084584096 17.04
1705 -0.0511156351526557 17.05
1706 -0.05116262206799477 17.06
1707 -0.05119131901917735 17.07
1708 -0.0512375262331614 17.08
1709 -0.05126553306815949 17.09
1710 -0.05131042994370022 17.1
1711 -0.05133988285919165 17.11
1712 -0.05138471889693876 17.12
1713 -0.05141262126714442 17.13
1714 -0.05145496773638954 17.14
1715 -0.05148149072657924 17.15
1716 -0.05152223962699896 17.16
1717 -0.05154806265747643 17.17
1718 -0.05158827640152269 17.18
1719 -0.05161403316623372 17.19
1720 -0.05165450632461812 17.2
1721 -0.05168058646607077 17.21
1722 -0.05172169281349125 17.22
1723 -0.05175886899600098 17.23
1724 -0.0517836213482669 17.24
1725 -0.05182346950522378 17.25
1726 -0.05186014220366635 17.26
1727 -0.05188585596625901 17.27
1728 -0.05192633647065431 17.28
1729 -0.05196301065763018 17.29
1730 -0.0519973377681773 17.3
1731 -0.05202215370831755 17.31
1732 -0.05206058824900157 17.32
1733 -0.05209430792087792 17.33
1734 -0.05211738033165639 17.34
1735 -0.05215565638517732 17.35
1736 -0.05219090076352339 17.36
1737 -0.05221448991975839 17.37
1738 -0.05225298117008464 17.38
1739 -0.05227788683657915 17.39
1740 -0.05232197316801551 17.4
1741 -0.0523515527626208 17.41
1742 -0.05239145458050381 17.42
1743 -0.05241869688753775 17.43
1744 -0.05245556391505393 17.44
1745 -0.05248046894967315 17.45
1746 -0.0525155802900162 17.46
1747 -0.05253988975265303 17.47
1748 -0.05257479407280465 17.48
1749 -0.05259951610449675 17.49
1750 -0.05263535583295496 17.5
1751 -0.05266821037155776 17.51
1752 -0.05269235096388747 17.52
1753 -0.05272814664786332 17.53
1754 -0.05276152617954982 17.54
1755 -0.05278154882725937 17.55
1756 -0.05281463431222376 17.56
1757 -0.0528460198879589 17.57
1758 -0.05287947103337914 17.58
1759 -0.05290143065256034 17.59
1760 -0.05293933856768058 17.6
1761 -0.05297490722338987 17.61
1762 -0.05300862646295039 17.62
1763 -0.05304074047639071 17.63
1764 -0.05307057901203135 17.64
1765 -0.053099181313649 17.65
1766 -0.05311859784460467 17.66
1767 -0.05315325063212632 17.67
1768 -0.05318581689801612 17.68
1769 -0.05320717436939218 17.69
1770 -0.05324368305309837 17.7
1771 -0.05326661634979956 17.71
1772 -0.05330450275357675 17.72
1773 -0.05332830320108436 17.73
1774 -0.05336681038065486 17.74
1775 -0.05338997008112834 17.75
1776 -0.05342620650669276 17.76
1777 -0.05344830748643815 17.77
1778 -0.0534829883256271 17.78
1779 -0.05350420086339649 17.79
1780 -0.05353776268985994 17.8
1781 -0.05355130923725033 17.81
1782 -0.05357943972245054 17.82
1783 -0.05359647966612194 17.83
1784 -0.05362981723737563 17.84
1785 -0.05364986864748868 17.85
1786 -0.05368692643228819 17.86
1787 -0.05370877790786672 17.87
1788 -0.05373400234713577 17.88
1789 -0.05377622149093196 17.89
1790 -0.05379983268955627 17.9
1791 -0.05383884538504915 17.91
1792 -0.0538601790720927 17.92
1793 -0.05389564690857051 17.93
1794 -0.05391489692163538 17.94
1795 -0.05394773447338385 17.95
1796 -0.05396569219300264 17.96
1797 -0.05399721533810222 17.97
1798 -0.05402472455167291 17.98
1799 -0.05404038501309429 17.99
1800 -0.05406974791428984 18
1801 -0.05409662980172174 18.01
1802 -0.05411270505676875 18.02
1803 -0.05414254380475144 18.03
1804 -0.05416983588431293 18.04
1805 -0.05419544494654234 18.05
1806 -0.0542110786441097 18.06
1807 -0.05424065804355884 18.07
1808 -0.0542680354974848 18.08
1809 -0.05429393479613926 18.09
1810 -0.05430981342309361 18.1
1811 -0.05433972939608963 18.11
1812 -0.05436731949316197 18.12
1813 -0.05438397555517235 18.13
1814 -0.0544145719723856 18.14
1815 -0.05444227569369845 18.15
1816 -0.05446456235742746 18.16
1817 -0.05449820367647133 18.17
1818 -0.05451877539508584 18.18
1819 -0.05454933222335706 18.19
1820 -0.05456781464487558 18.2
1821 -0.05459540680871302 18.21
1822 -0.05461224308097726 18.22
1823 -0.05463796887731533 18.23
1824 -0.0546535429331954 18.24
1825 -0.05467847699945423 18.25
1826 -0.05469072118440375 18.26
1827 -0.05471482660885268 18.27
1828 -0.05472976289506226 18.28
1829 -0.05475786466079897 18.29
1830 -0.05478405173621416 18.3
1831 -0.0548004327479863 18.31
1832 -0.05483021366454606 18.32
1833 -0.05485767712123193 18.33
1834 -0.05487461237820287 18.34
1835 -0.05490480882998713 18.35
1836 -0.05493224594411648 18.36
1837 -0.05494895222550768 18.37
1838 -0.05497809478378362 18.38
1839 -0.05500419280642836 18.39
1840 -0.0550280628846108 18.4
1841 -0.0550510959747896 18.41
1842 -0.05507273021819278 18.42
1843 -0.05509345625792714 18.43
1844 -0.05510696529299101 18.44
1845 -0.05513176375817151 18.45
1846 -0.05515464448498484 18.46
1847 -0.05517476237737936 18.47
1848 -0.05520339471117987 18.48
1849 -0.05522216122371303 18.49
1850 -0.05524796967884866 18.5
1851 -0.05526450887917091 18.51
1852 -0.05528697407909881 18.52
1853 -0.05530350898855465 18.53
1854 -0.05532470901444776 18.54
1855 -0.0553397093684298 18.55
1856 -0.05535975204123905 18.56
1857 -0.05537288921224178 18.57
1858 -0.05538854917071483 18.58
1859 -0.05541187672201171 18.59
1860 -0.05542806562688263 18.6
1861 -0.05544634242481394 18.61
1862 -0.05547224276506631 18.62
1863 -0.05548952539192275 18.63
1864 -0.05550827889965296 18.64
1865 -0.05552816511490831 18.65
1866 -0.05554891860464824 18.66
1867 -0.05557633106909785 18.67
1868 -0.05559343790933095 18.68
1869 -0.05561105452942248 18.69
1870 -0.05562910678743342 18.7
1871 -0.05564753460811438 18.71
1872 -0.05566624175140338 18.72
1873 -0.05568509005594676 18.73
1874 -0.05570914008749459 18.74
1875 -0.05572411447557029 18.75
1876 -0.05573870778088241 18.76
1877 -0.0557543488323226 18.77
1878 -0.05577623613220963 18.78
1879 -0.05579029633376219 18.79
1880 -0.05580604224749623 18.8
1881 -0.0558286868311953 18.81
1882 -0.05584340732286008 18.82
1883 -0.05585975375110898 18.83
1884 -0.05588288674189382 18.84
1885 -0.05589758700666611 18.85
1886 -0.05591355638445659 18.86
1887 -0.05593560183857203 18.87
1888 -0.05595065835006389 18.88
1889 -0.05597008991494361 18.89
1890 -0.05598331341627898 18.9
1891 -0.05599771805721357 18.91
1892 -0.05601639158456051 18.92
1893 -0.05602927346169783 18.93
1894 -0.05604643573370016 18.94
1895 -0.05605883643872034 18.95
1896 -0.05607232949722596 18.96
1897 -0.05609107473329385 18.97
1898 -0.05610441041966091 18.98
1899 -0.05611957151389706 18.99
1900 -0.05614038041272218 19
1901 -0.05615464612124553 19.01
1902 -0.05617033739900245 19.02
1903 -0.05619128883338818 19.03
1904 -0.0562073517581226 19.04
1905 -0.05622394517136033 19.05
1906 -0.05624481025732284 19.06
1907 -0.05625824738120515 19.07
1908 -0.05627303009929328 19.08
1909 -0.05629034796902311 19.09
1910 -0.05630239343789721 19.1
1911 -0.0563168025238973 19.11
1912 -0.05632780788431319 19.12
1913 -0.05634179297509272 19.13
1914 -0.05635317680077912 19.14
1915 -0.05636842839436924 19.15
1916 -0.05638089992112315 19.16
1917 -0.05639786175671782 19.17
1918 -0.05641355465234114 19.18
1919 -0.05642654342821467 19.19
1920 -0.05644427107529097 19.2
1921 -0.05646064429488931 19.21
1922 -0.05647393512250908 19.22
1923 -0.05649170630922518 19.23
1924 -0.05650758287216131 19.24
1925 -0.05652020634573451 19.25
1926 -0.05653680922082824 19.26
1927 -0.05654950970307517 19.27
1928 -0.05656508844524225 19.28
1929 -0.05657795285046591 19.29
1930 -0.05658833803681048 19.3
1931 -0.05660089607496141 19.31
1932 -0.05661116209452216 19.32
1933 -0.05662381317456182 19.33
1934 -0.0566342863467762 19.34
1935 -0.0566462742075635 19.35
1936 -0.05666109139351815 19.36
1937 -0.05667259102792823 19.37
1938 -0.05668437882615898 19.38
1939 -0.05669740528167212 19.39
1940 -0.05671387530329018 19.4
1941 -0.05672517474650911 19.41
1942 -0.05673745879194205 19.42
1943 -0.05675048788674251 19.43
1944 -0.05676658575854661 19.44
1945 -0.05677727629434473 19.45
1946 -0.05678865007387902 19.46
1947 -0.05680059042603331 19.47
1948 -0.05681291897759945 19.48
1949 -0.05682749015393106 19.49
1950 -0.05683696071820901 19.5
1951 -0.05684792238707955 19.51
1952 -0.05685919767550426 19.52
1953 -0.05687068128928004 19.53
1954 -0.05688222299492728 19.54
1955 -0.05689364747142787 19.55
1956 -0.05690586094578319 19.56
1957 -0.05691751798149385 19.57
1958 -0.05692842218407872 19.58
1959 -0.05693857651703322 19.59
1960 -0.05694777195242987 19.6
1961 -0.05695651009884083 19.61
1962 -0.05696496660844465 19.62
1963 -0.05697329811996576 19.63
1964 -0.05698168116267256 19.64
1965 -0.05699024311528104 19.65
1966 -0.05699906917929581 19.66
1967 -0.05700820422688382 19.67
1968 -0.05701751387414172 19.68
1969 -0.0570248709331968 19.69
1970 -0.05703334462773571 19.7
1971 -0.0570429671009734 19.71
1972 -0.05705414104552659 19.72
1973 -0.05706319612610748 19.73
1974 -0.05707390903222889 19.74
1975 -0.05708292414168255 19.75
1976 -0.05709321799935459 19.76
1977 -0.05710521348364177 19.77
1978 -0.05711454983881236 19.78
1979 -0.05712496271061319 19.79
1980 -0.05713329317451047 19.8
1981 -0.05714228916690336 19.81
1982 -0.05714984946707834 19.82
1983 -0.05715795587661436 19.83
1984 -0.05716512396238022 19.84
1985 -0.05717290771598705 19.85
1986 -0.05718001024537316 19.86
1987 -0.05718787863841025 19.87
1988 -0.05719519152001792 19.88
1989 -0.05720338752378151 19.89
1990 -0.05721087543473315 19.9
1991 -0.05721961428016634 19.91
1992 -0.05722926333348632 19.92
1993 -0.05723716400946773 19.93
1994 -0.05724555634290272 19.94
1995 -0.0572528088887854 19.95
1996 -0.05726051924968916 19.96
1997 -0.05726759053243758 19.97
1998 -0.05727534276295168 19.98
1999 -0.05728184477772791 19.99
2000 -0.05728876736770239 20
2001 -0.05729697448633782 20.01
2002 -0.05730443341631097 20.02
2003 -0.05731164378104999 20.03
2004 -0.05731939316720642 20.04
2005 -0.05732895058782317 20.05
2006 -0.05733752465768888 20.06
2007 -0.05734567897994623 20.07
2008 -0.05735511891693879 20.08
2009 -0.05736320521718724 20.09
2010 -0.05737172796636072 20.1
2011 -0.05737882334965756 20.11
2012 -0.05738552575533493 20.12
2013 -0.05739138453556258 20.13
2014 -0.05739605069669223 20.14
2015 -0.05740052061834486 20.15
2016 -0.05740429009911974 20.16
2017 -0.05740891498059025 20.17
2018 -0.05741370785107455 20.18
2019 -0.05741782995929751 20.19
2020 -0.05742305852826258 20.2
2021 -0.05742806098943921 20.21
2022 -0.05743464115193483 20.22
2023 -0.05743883050926984 20.23
2024 -0.05744421131821035 20.24
2025 -0.05744985447263165 20.25
2026 -0.05745739926398943 20.26
2027 -0.05746182270016344 20.27
2028 -0.05746710453017521 20.28
2029 -0.05747310388715349 20.29
2030 -0.05747959336836177 20.3
2031 -0.05748629412619734 20.31
2032 -0.05749292022025709 20.32
2033 -0.05749922080393217 20.33
2034 -0.05750502010226199 20.34
2035 -0.05751023383297554 20.35
2036 -0.05751497792071592 20.36
2037 -0.05751677958490894 20.37
2038 -0.05751897947989055 20.38
2039 -0.05752189463634491 20.39
2040 -0.05752667561097825 20.4
2041 -0.05753197618006171 20.41
2042 -0.05753759089514092 20.42
2043 -0.05754325239743618 20.43
2044 -0.05754868026752909 20.44
2045 -0.05755363252699176 20.45
2046 -0.05755794246198395 20.46
2047 -0.05756153594965903 20.47
2048 -0.05756442805374182 20.48
2049 -0.05756670858090392 20.49
2050 -0.05756680608542254 20.5
2051 -0.05756647124558359 20.51
2052 -0.05756681282536245 20.52
2053 -0.05756815570063886 20.53
2054 -0.05756963642337543 20.54
2055 -0.05757028546070705 20.55
2056 -0.05757225445099312 20.56
2057 -0.05757436583844255 20.57
2058 -0.05757834947295833 20.58
2059 -0.05758471136780521 20.59
2060 -0.05758890166677218 20.6
2061 -0.05759484592763769 20.61
2062 -0.05759870695055457 20.62
2063 -0.05760361496164473 20.63
2064 -0.05760652522031756 20.64
2065 -0.05760989647636459 20.65
2066 -0.05761187883374819 20.66
2067 -0.05761403009754232 20.67
2068 -0.05761536041571236 20.68
2069 -0.05761752796071386 20.69
2070 -0.0576197671637483 20.7
2071 -0.05762008361968781 20.71
2072 -0.05762128214707429 20.72
2073 -0.05762258413541626 20.73
2074 -0.05762299984955813 20.74
2075 -0.05762432980175201 20.75
2076 -0.05762816881224163 20.76
2077 -0.05763119541280238 20.77
2078 -0.0576325133573031 20.78
2079 -0.05763425073060411 20.79
2080 -0.05763416696956133 20.8
2081 -0.05763279498549662 20.81
2082 -0.05763369904243223 20.82
2083 -0.0576335629081841 20.83
2084 -0.05763309399100704 20.84
2085 -0.05763282844268425 20.85
2086 -0.05763514795167169 20.86
2087 -0.05763745606314243 20.87
2088 -0.05764093964876366 20.88
2089 -0.05764406427304747 20.89
2090 -0.05764744243972493 20.9
2091 -0.05764965140841925 20.91
2092 -0.05765209752873958 20.92
2093 -0.05765479817622238 20.93
2094 -0.05765522636636829 20.94
2095 -0.0576561493389892 20.95
2096 -0.05765716915430441 20.96
2097 -0.05765519339131685 20.97
2098 -0.05765478327856782 20.98
2099 -0.05765477637863961 20.99
2100 -0.057651904498116 21
2101 -0.05765131717296969 21.01
2102 -0.05765149494812701 21.02
2103 -0.05765233435010559 21.03
2104 -0.05765077378177545 21.04
2105 -0.05765090541898905 21.05
2106 -0.05765167456226689 21.06
2107 -0.05765295458180877 21.07
2108 -0.05765183632418797 21.08
2109 -0.05765213922816555 21.09
2110 -0.05765294646880196 21.1
2111 -0.05765135841948795 21.11
2112 -0.05765158356281216 21.12
2113 -0.0576524055544538 21.13
2114 -0.05765097355618784 21.14
2115 -0.05765130937656633 21.15
2116 -0.05765220753363622 21.16
2117 -0.05765345754522185 21.17
2118 -0.05765476038696572 21.18
2119 -0.05765279579489833 21.19
2120 -0.05765199800072424 21.2
2121 -0.05765117323336388 21.21
2122 -0.05765033087843313 21.22
2123 -0.05764942130319348 21.23
2124 -0.05764443388430097 21.24
2125 -0.05764206580216967 21.25
2126 -0.05763885454406979 21.26
2127 -0.05763272536471706 21.27
2128 -0.05763005307209538 21.28
2129 -0.05762536639893397 21.29
2130 -0.05762395419623036 21.3
2131 -0.05762132881486177 21.31
2132 -0.05762121909300075 21.32
2133 -0.05762021464457905 21.33
2134 -0.05761814525198078 21.34
2135 -0.05761612416976302 21.35
2136 -0.05761523085220315 21.36
2137 -0.05761448170371992 21.37
2138 -0.05761408339247575 21.38
2139 -0.05761355117895892 21.39
2140 -0.05761333930715212 21.4
2141 -0.05761228973108545 21.41
2142 -0.05761140488373458 21.42
2143 -0.05760917549862515 21.43
2144 -0.0576054256732094 21.44
2145 -0.05760307793926365 21.45
2146 -0.05759923417748893 21.46
2147 -0.05759732058853542 21.47
2148 -0.05759365608529447 21.48
2149 -0.05759151447001883 21.49
2150 -0.05758737695563634 21.5
2151 -0.05758486352689588 21.51
2152 -0.0575827925834229 21.52
2153 -0.05757839447759171 21.53
2154 -0.05757542836842375 21.54
2155 -0.05757274094482864 21.55
2156 -0.05756735073233232 21.56
2157 -0.05756379154589456 21.57
2158 -0.05756062670673957 21.58
2159 -0.05755484645919675 21.59
2160 -0.05755125332656331 21.6
2161 -0.05754823696618249 21.61
2162 -0.05754274138239022 21.62
2163 -0.05753939356145583 21.63
2164 -0.05753668280064041 21.64
2165 -0.0575344763294688 21.65
2166 -0.05753001821800707 21.66
2167 -0.05752690508118501 21.67
2168 -0.05752403225735119 21.68
2169 -0.05752129994079088 21.69
2170 -0.05751564720502961 21.7
2171 -0.05751189637077832 21.71
2172 -0.05750817169158311 21.72
2173 -0.05750120968619707 21.73
2174 -0.05749664005506236 21.74
2175 -0.05748910224226329 21.75
2176 -0.05748383488799846 21.76
2177 -0.05747958409870472 21.77
2178 -0.05747368374381925 21.78
2179 -0.0574702369183593 21.79
2180 -0.05746771802570629 21.8
2181 -0.05746590146765497 21.81
2182 -0.05746444640998529 21.82
2183 -0.05746099488748935 21.83
2184 -0.05745797225571835 21.84
2185 -0.05745490686966377 21.85
2186 -0.0574518086739805 21.86
2187 -0.0574486161899305 21.87
2188 -0.05744240586311102 21.88
2189 -0.05743741854916275 21.89
2190 -0.05743267392369969 21.9
2191 -0.05742824299985515 21.91
2192 -0.05742406293269715 21.92
2193 -0.05741998827660496 21.93
2194 -0.0574158404371039 21.94
2195 -0.05741145293189621 21.95
2196 -0.05740670293409635 21.96
2197 -0.05740152803373128 21.97
2198 -0.0573959282876227 21.98
2199 -0.05738995807044941 21.99
2200 -0.05738371117797849 22
2201 -0.05737729966361381 22.01
2202 -0.05737083457491889 22.02
2203 -0.05736441226025255 22.03
2204 -0.05735810452310722 22.04
2205 -0.05735195644876744 22.05
2206 -0.05734598446730284 22.06
2207 -0.05734018154286665 22.07
2208 -0.05733452235818518 22.08
2209 -0.05732897036423715 22.09
2210 -0.05732348509781371 22.1
2211 -0.05731802797907555 22.11
2212 -0.05731256519718773 22.12
2213 -0.05730365431201542 22.13
2214 -0.05729717559053157 22.14
2215 -0.05729118402327796 22.15
2216 -0.05728581691417054 22.16
2217 -0.05727805723878741 22.17
2218 -0.05727279743954224 22.18
2219 -0.0572681975313348 22.19
2220 -0.05726568934407701 22.2
2221 -0.05725996164219867 22.21
2222 -0.05725593522451572 22.22
2223 -0.05724789170632029 22.23
2224 -0.05724267351089995 22.24
2225 -0.05723747333990108 22.25
2226 -0.05722817946023386 22.26
2227 -0.05722238355717445 22.27
2228 -0.0572124666021227 22.28
2229 -0.05720699993649671 22.29
2230 -0.05719731281317316 22.3
2231 -0.05719189058221891 22.31
2232 -0.05718254297131571 22.32
2233 -0.05717742673465846 22.33
2234 -0.05717271786869089 22.34
2235 -0.05716413026584551 22.35
2236 -0.0571590986364077 22.36
2237 -0.0571541144997376 22.37
2238 -0.05714904757547589 22.38
2239 -0.05713911922623979 22.39
2240 -0.05713279760732336 22.4
2241 -0.05712630623136023 22.41
2242 -0.05711971080973596 22.42
2243 -0.05710785371598111 22.43
2244 -0.05710061314275203 22.44
2245 -0.0570935544559229 22.45
2246 -0.05708166340384591 22.46
2247 -0.05707479603642555 22.47
2248 -0.05706839805197426 22.48
2249 -0.05705774093905901 22.49
2250 -0.05705168670102116 22.5
2251 -0.05704602526823681 22.51
2252 -0.0570406267402857 22.52
2253 -0.05703073593192257 22.53
2254 -0.05702460572720405 22.54
2255 -0.05701837696027524 22.55
2256 -0.0570120094508421 22.56
2257 -0.05700033342152636 22.57
2258 -0.05699300257229501 22.58
2259 -0.05698564661851974 22.59
2260 -0.05697834600337717 22.6
2261 -0.05697106211089051 22.61
2262 -0.05696369760002976 22.62
2263 -0.05695613881826509 22.63
2264 -0.05694265119992506 22.64
2265 -0.05693418093640793 22.65
2266 -0.05692584610166884 22.66
2267 -0.05691781319125776 22.67
2268 -0.05691010903518785 22.68
2269 -0.05689730418671478 22.69
2270 -0.05688953886091882 22.7
2271 -0.05688223872199553 22.71
2272 -0.05687542632517073 22.72
2273 -0.05686897996230372 22.73
2274 -0.056862698531714 22.74
2275 -0.05685638015698868 22.75
2276 -0.05684482013407448 22.76
2277 -0.05683766450752026 22.77
2278 -0.05683050369133737 22.78
2279 -0.05681835301915898 22.79
2280 -0.05681138646747662 22.8
2281 -0.05679996378139735 22.81
2282 -0.05679376283061079 22.82
2283 -0.05678366748592494 22.83
2284 -0.05677831034961941 22.84
2285 -0.05677335096605629 22.85
2286 -0.05676437877024413 22.86
2287 -0.05675907334432462 22.87
2288 -0.05675360142000493 22.88
2289 -0.05674770490324196 22.89
2290 -0.05674114979451602 22.9
2291 -0.05673373173879914 22.91
2292 -0.0567253260929123 22.92
2293 -0.05671591002466108 22.93
2294 -0.05670556301298812 22.94
2295 -0.05669445381635845 22.95
2296 -0.0566828482278382 22.96
2297 -0.05666841076809569 22.97
2298 -0.05665455787190146 22.98
2299 -0.05664158098657913 22.99
2300 -0.05662966560028313 23
2301 -0.05661887539480557 23.01
2302 -0.05660915684132847 23.02
2303 -0.05660036135076681 23.03
2304 -0.05659342402242656 23.04
2305 -0.05658659723338526 23.05
2306 -0.05657513778737969 23.06
2307 -0.05656736993092499 23.07
2308 -0.0565595833424769 23.08
2309 -0.0565518818850036 23.09
2310 -0.05653956631455376 23.1
2311 -0.05653158795009107 23.11
2312 -0.05652377964893707 23.12
2313 -0.05651151944664202 23.13
2314 -0.05650368297135679 23.14
2315 -0.05649607064714116 23.15
2316 -0.05648409623374045 23.16
2317 -0.05647636267991743 23.17
2318 -0.05646875166806891 23.18
2319 -0.0564565983745953 23.19
2320 -0.056448587531527 23.2
2321 -0.05644057235906105 23.21
2322 -0.05643249573748482 23.22
2323 -0.05641919511817674 23.23
2324 -0.0564101019096995 23.24
2325 -0.05640080642040694 23.25
2326 -0.05639136561855447 23.26
2327 -0.05637618377614908 23.27
2328 -0.05636606154024894 23.28
2329 -0.05635600241975468 23.29
2330 -0.0563459766644363 23.3
2331 -0.05633057576174845 23.31
2332 -0.05632057373901846 23.32
2333 -0.05631084327809279 23.33
2334 -0.05630142224045007 23.34
2335 -0.0562921992396161 23.35
2336 -0.0562776635508034 23.36
2337 -0.05626800248345127 23.37
2338 -0.05625841457730354 23.38
2339 -0.0562489796358521 23.39
2340 -0.05623434963026567 23.4
2341 -0.05622489929432051 23.41
2342 -0.05621573627024155 23.42
2343 -0.05620183282036668 23.43
2344 -0.05619307938667197 23.44
2345 -0.05618470501638472 23.45
2346 -0.05617191011683356 23.46
2347 -0.05616375516111318 23.47
2348 -0.0561557607124028 23.48
2349 -0.05614305855609165 23.49
2350 -0.0561346714684591 23.5
2351 -0.05612116728166452 23.51
2352 -0.05611232828299656 23.52
2353 -0.05610346357518129 23.53
2354 -0.05608935106380565 23.54
2355 -0.05608007940315397 23.55
2356 -0.05606534534915055 23.56
2357 -0.05605582800626408 23.57
2358 -0.05604641126264118 23.58
2359 -0.05603172605036859 23.59
2360 -0.0560222928707021 23.6
2361 -0.05601297633925705 23.61
2362 -0.05599850595676308 23.62
2363 -0.0559892623389994 23.63
2364 -0.05598038365307147 23.64
2365 -0.05596630775538496 23.65
2366 -0.05595747660889541 23.66
2367 -0.0559487414644167 23.67
2368 -0.05593482785059326 23.68
2369 -0.05592610734028614 23.69
2370 -0.0559186461691444 23.7
2371 -0.05590576157167158 23.71
2372 -0.05589792661130313 23.72
2373 -0.05588444936267714 23.73
2374 -0.0558763663252147 23.74
2375 -0.05586277196159455 23.75
2376 -0.05585475748314493 23.76
2377 -0.05584677580695111 23.77
2378 -0.05583325249066244 23.78
2379 -0.05582499916517462 23.79
2380 -0.05581647229861659 23.8
2381 -0.05580166149190452 23.81
2382 -0.05579234523726251 23.82
2383 -0.05578265481284619 23.83
2384 -0.05576617847062345 23.84
2385 -0.05575592565972125 23.85
2386 -0.05574549285723657 23.86
2387 -0.05573494657869321 23.87
2388 -0.05571750699059218 23.88
2389 -0.05570677091952589 23.89
2390 -0.05568936084388382 23.9
2391 -0.05567901594033138 23.91
2392 -0.05566902724851974 23.92
2393 -0.0556533250586864 23.93
2394 -0.05564421615632923 23.94
2395 -0.05563541024695951 23.95
2396 -0.05562108394817188 23.96
2397 -0.0556125045787011 23.97
2398 -0.05560385207394359 23.98
2399 -0.05559501804448955 23.99
2400 -0.05557977724685535 24
2401 -0.05557010911193275 24.01
2402 -0.05556002201410006 24.02
2403 -0.0555495768853884 24.03
2404 -0.05553876068244384 24.04
2405 -0.0555205937343781 24.05
2406 -0.0555091992629537 24.06
2407 -0.05549767318619397 24.07
2408 -0.05548615837681583 24.08
2409 -0.05547467525104197 24.09
2410 -0.05546316593129946 24.1
2411 -0.05545152593816646 24.11
2412 -0.05543992898253536 24.12
2413 -0.05542789696276598 24.13
2414 -0.0554153902604697 24.14
2415 -0.05540243163292045 24.15
2416 -0.05538910021017163 24.16
2417 -0.05537551445447807 24.17
2418 -0.05535352110186409 24.18
2419 -0.05534047159679126 24.19
2420 -0.0553279433149168 24.2
2421 -0.05531612938555847 24.21
2422 -0.05530504127491551 24.22
2423 -0.05529454184142483 24.23
2424 -0.05528439899857174 24.24
2425 -0.0552746855143938 24.25
2426 -0.05526471275812651 24.26
2427 -0.055254232872214 24.27
2428 -0.05524306329278088 24.28
2429 -0.05523110242673585 24.29
2430 -0.05521835280688317 24.3
2431 -0.05520491088553162 24.31
2432 -0.05518238830743009 24.32
2433 -0.05516869470306448 24.33
2434 -0.0551552911628465 24.34
2435 -0.05514245411854388 24.35
2436 -0.05512269481986212 24.36
2437 -0.05511164286627299 24.37
2438 -0.05510133441322811 24.38
2439 -0.05509163622440847 24.39
2440 -0.05507590377054678 24.4
2441 -0.05506672498079761 24.41
2442 -0.05505635936767266 24.42
2443 -0.05504610166534202 24.43
2444 -0.05502957338411106 24.44
2445 -0.05501917265871906 24.45
2446 -0.05500864366681073 24.46
2447 -0.05499171043279497 24.47
2448 -0.05498119021622256 24.48
2449 -0.05497069764065162 24.49
2450 -0.05495411693372294 24.5
2451 -0.05494399497419275 24.51
2452 -0.05492806974544823 24.52
2453 -0.05491850219838074 24.53
2454 -0.05490353966864931 24.54
2455 -0.05489463438453484 24.55
2456 -0.05488055938277789 24.56
2457 -0.05487211063137167 24.57
2458 -0.05485841577204698 24.58
2459 -0.05484478607695652 24.59
2460 -0.05483643730498984 24.6
2461 -0.05482273446563441 24.61
2462 -0.05481431874313262 24.62
2463 -0.05480022631991675 24.63
2464 -0.05479139071560228 24.64
2465 -0.05477647713787041 24.65
2466 -0.05476704396134604 24.66
2467 -0.05475716443194219 24.67
2468 -0.05474049066482992 24.68
2469 -0.05472983839068625 24.69
2470 -0.05471874114391857 24.7
2471 -0.05470725635446093 24.71
2472 -0.05469536251046853 24.72
2473 -0.05468302001078412 24.73
2474 -0.05467020180663782 24.74
2475 -0.05465691364073651 24.75
2476 -0.05464320747955018 24.76
2477 -0.05462918377771527 24.77
2478 -0.05461498029252845 24.78
2479 -0.054600752112694 24.79
2480 -0.05458664995038928 24.8
2481 -0.05457279849849863 24.81
2482 -0.05455857983289416 24.82
2483 -0.05454491158580966 24.83
2484 -0.0545317911099182 24.84
2485 -0.05451915984577385 24.85
2486 -0.05450691798734653 24.86
2487 -0.05449494295473881 24.87
2488 -0.0544831017272762 24.88
2489 -0.05446469119417617 24.89
2490 -0.05445306765267591 24.9
2491 -0.05444156316203141 24.91
2492 -0.0544302625660992 24.92
2493 -0.05441913554933705 24.93
2494 -0.05440806960434885 24.94
2495 -0.05439689752444159 24.95
2496 -0.05438543450685982 24.96
2497 -0.05437351994078976 24.97
2498 -0.05436104921659894 24.98
2499 -0.05434798712432175 24.99
2500 -0.05433437311727042 25
2501 -0.05432030619250616 25.01
2502 -0.05430592698996419 25.02
2503 -0.05429139630168512 25.03
2504 -0.0542768680695687 25.04
2505 -0.054262473696586 25.05
2506 -0.05424831227203046 25.06
2507 -0.05423455490165822 25.07
2508 -0.05421376580160663 25.08
2509 -0.05420109007283469 25.09
2510 -0.05418893286926898 25.1
2511 -0.05417106405840966 25.11
2512 -0.05416054224359589 25.12
2513 -0.05415058127765542 25.13
2514 -0.05414106002733069 25.14
2515 -0.05412631224500924 25.15
2516 -0.0541170115053705 25.16
2517 -0.05410738597480248 25.17
2518 -0.05409729968495992 25.18
2519 -0.0540805068720813 25.19
2520 -0.05406931591002197 25.2
2521 -0.05405746203154966 25.21
2522 -0.05403824471043672 25.22
2523 -0.05402578789442742 25.23
2524 -0.05401304559351997 25.24
2525 -0.05400015198646382 25.25
2526 -0.05398009305106907 25.26
2527 -0.05396738977976897 25.27
2528 -0.05395468482168123 25.28
2529 -0.0539352357575382 25.29
2530 -0.05392312559481487 25.3
2531 -0.05391120506887147 25.31
2532 -0.05389950110766289 25.32
2533 -0.05388848571173348 25.33
2534 -0.053870722454795 25.34
2535 -0.05385945317938692 25.35
2536 -0.05384791086008891 25.36
2537 -0.05383618664959092 25.37
2538 -0.05381709135259268 25.38
2539 -0.05380534918252605 25.39
2540 -0.05379337446773997 25.4
2541 -0.05378182250310799 25.41
2542 -0.05376284546556147 25.42
2543 -0.05375113221319169 25.43
2544 -0.05373924424016587 25.44
2545 -0.05372028995048039 25.45
2546 -0.05370895673370404 25.46
2547 -0.05369118693761423 25.47
2548 -0.05368088214614446 25.48
2549 -0.05367090270366782 25.49
2550 -0.05365530945833744 25.5
2551 -0.0536462417409435 25.51
2552 -0.05363716006829711 25.52
2553 -0.05362790537564385 25.53
2554 -0.05361823511018904 25.54
2555 -0.05360789702709082 25.55
2556 -0.05359667644126113 25.56
2557 -0.05358443478893413 25.57
2558 -0.05357112989330207 25.58
2559 -0.05355682302074396 25.59
2560 -0.05354166657411098 25.6
2561 -0.05352588177653011 25.61
2562 -0.05350972626629539 25.62
2563 -0.05349346476325445 25.63
2564 -0.05347734150976916 25.64
2565 -0.05346156124010441 25.65
2566 -0.05344627597267938 25.66
2567 -0.05343156954011595 25.67
2568 -0.05341746642351996 25.68
2569 -0.05340394409068522 25.69
2570 -0.05339094082926284 25.7
2571 -0.05337836546949205 25.71
2572 -0.05336612459821211 25.72
2573 -0.05335407314019742 25.73
2574 -0.05334210479971432 25.74
2575 -0.05333012920322058 25.75
2576 -0.05331807843800488 25.76
2577 -0.05330591022215395 25.77
2578 -0.05329360443716424 25.78
2579 -0.05328116304924583 25.79
2580 -0.05326860285256377 25.8
2581 -0.0532559507914574 25.81
2582 -0.05324323677634558 25.82
2583 -0.05323048625586722 25.83
2584 -0.0532177736782934 25.84
2585 -0.05320503667678122 25.85
2586 -0.05319227770781548 25.86
2587 -0.05317949118732668 25.87
2588 -0.05316666654330461 25.88
2589 -0.0531537899872284 25.89
2590 -0.0531408447666764 25.9
2591 -0.05312781719479501 25.91
2592 -0.05311478818350785 25.92
2593 -0.0531016338159372 25.93
2594 -0.05308834913367742 25.94
2595 -0.05307493434455516 25.95
2596 -0.05306139964653948 25.96
2597 -0.0530477634465535 25.97
2598 -0.05303404814585359 25.98
2599 -0.05302027959164656 25.99
2600 -0.05299873971948266 26
2601 -0.05298566583156597 26.01
2602 -0.05297288996845761 26.02
2603 -0.05296053842771279 26.03
2604 -0.05294860542129599 26.04
2605 -0.05293028290493147 26.05
2606 -0.0529193954872389 26.06
2607 -0.05290867146788771 26.07
2608 -0.05289804102066627 26.08
2609 -0.05288763069598452 26.09
2610 -0.0528769477706269 26.1
2611 -0.05285914567375772 26.11
2612 -0.05284779878318419 26.12
2613 -0.05283598555398579 26.13
2614 -0.05282487572444495 26.14
2615 -0.05281313573555546 26.15
2616 -0.05280079068533833 26.16
2617 -0.05278787113302652 26.17
2618 -0.05276614061906595 26.18
2619 -0.05275300820758232 26.19
2620 -0.05273973616137519 26.2
2621 -0.05272650775960899 26.21
2622 -0.05271339724574627 26.22
2623 -0.0526924561102724 26.23
2624 -0.05267943693454324 26.24
2625 -0.0526668954948979 26.25
2626 -0.05265484579122276 26.26
2627 -0.05263581984175481 26.27
2628 -0.05262451910680375 26.28
2629 -0.05261356986436608 26.29
2630 -0.05259684503773681 26.3
2631 -0.05258681963831853 26.31
2632 -0.05257115500687793 26.32
2633 -0.05256170156210685 26.33
2634 -0.05254670988164732 26.34
2635 -0.05253759426521064 26.35
2636 -0.05252288590744605 26.36
2637 -0.05251452020382584 26.37
2638 -0.05249995295061018 26.38
2639 -0.05249106704661248 26.39
2640 -0.05248155049320102 26.4
2641 -0.05246498281262581 26.41
2642 -0.05245463538625351 26.42
2643 -0.0524435702980752 26.43
2644 -0.05242475307138911 26.44
2645 -0.05241310156463654 26.45
2646 -0.05240101386449525 26.46
2647 -0.05238860948327313 26.47
2648 -0.05236837086568117 26.48
2649 -0.05235611463695376 26.49
2650 -0.05234373346221808 26.5
2651 -0.05233131175786446 26.51
2652 -0.05231885138808248 26.52
2653 -0.05230630485809216 26.53
2654 -0.05229359695406811 26.54
2655 -0.05228065981844122 26.55
2656 -0.05226743494417723 26.56
2657 -0.05225389511283594 26.57
2658 -0.05224005246743505 26.58
2659 -0.05222596334119204 26.59
2660 -0.05221171598403472 26.6
2661 -0.05219741924997034 26.61
2662 -0.05218318554699886 26.62
2663 -0.05216911481202814 26.63
2664 -0.05215528712821631 26.64
2665 -0.05214175679238466 26.65
2666 -0.05212854978912228 26.66
2667 -0.0521156620529885 26.67
2668 -0.05210306380167685 26.68
2669 -0.05209070554699104 26.69
2670 -0.05207852443766318 26.7
2671 -0.05206644852192543 26.71
2672 -0.05205440417088691 26.72
2673 -0.05204232068670648 26.73
2674 -0.05202292606559677 26.74
2675 -0.0520112806230261 26.75
2676 -0.051999704061503 26.76
2677 -0.05198828861424939 26.77
2678 -0.05197701550941933 26.78
2679 -0.05195906584361923 26.79
2680 -0.05194839823592175 26.8
2681 -0.0519376914003401 26.81
2682 -0.05192692339385775 26.82
2683 -0.0519159932031763 26.83
2684 -0.05190477496448612 26.84
2685 -0.05189314609920278 26.85
2686 -0.05188100951500717 26.86
2687 -0.05186831823542479 26.87
2688 -0.05185508206374462 26.88
2689 -0.05183346184929302 26.89
2690 -0.05182022080854983 26.9
2691 -0.05180705600114219 26.91
2692 -0.05179421499877227 26.92
2693 -0.05177461968881734 26.93
2694 -0.05176347489913489 26.94
2695 -0.05175288103767973 26.95
2696 -0.05174278197038681 26.96
2697 -0.05172690729331214 26.97
2698 -0.05171768381351759 26.98
2699 -0.05170840452262471 26.99
2700 -0.05169894013856808 27
2701 -0.05168911178510704 27.01
2702 -0.05168045491176521 27.02
2703 -0.05167065248563527 27.03
2704 -0.05165162119924109 27.04
2705 -0.05164012950600762 27.05
2706 -0.05162774129006087 27.06
2707 -0.05161474557384568 27.07
2708 -0.05160137050844449 27.08
2709 -0.05158778614610918 27.09
2710 -0.05157105597425513 27.1
2711 -0.05155503206461827 27.11
2712 -0.05153979759558125 27.12
2713 -0.05151694255001119 27.13
2714 -0.0515043166746284 27.14
2715 -0.05149263912517677 27.15
2716 -0.05148190841189403 27.16
2717 -0.05146640744083622 27.17
2718 -0.05145834548160735 27.18
2719 -0.05144463348057554 27.19
2720 -0.0514375810461116 27.2
2721 -0.0514246190969725 27.21
2722 -0.0514175815747563 27.22
2723 -0.05140423087502264 27.23
2724 -0.05139668393003751 27.24
2725 -0.05138231351959181 27.25
2726 -0.05136799208938285 27.26
2727 -0.05135976773597652 27.27
2728 -0.05134465846437798 27.28
2729 -0.05133503268684889 27.29
2730 -0.05132510194183416 27.3
2731 -0.05130857725997726 27.31
2732 -0.0512985605038743 27.32
2733 -0.05128808175220499 27.33
2734 -0.05127713153899963 27.34
2735 -0.05126564986970891 27.35
2736 -0.05125358626305121 27.36
2737 -0.05124092176239541 27.37
2738 -0.05122768432364395 27.38
2739 -0.05121395619619479 27.39
2740 -0.05119986656428177 27.4
2741 -0.05118557570028445 27.41
2742 -0.05117125697244514 27.42
2743 -0.05115707658869989 27.43
2744 -0.05114317701339752 27.44
2745 -0.05112966056681471 27.45
2746 -0.05111658261068475 27.46
2747 -0.051103954532509 27.47
2748 -0.051091748826951 27.48
2749 -0.0510799068714308 27.49
2750 -0.05106834634346785 27.5
2751 -0.0510570695842977 27.51
2752 -0.05104592469044656 27.52
2753 -0.05103289075671203 27.53
2754 -0.05102022663945346 27.54
2755 -0.05100787723367815 27.55
2756 -0.05099578243796329 27.56
2757 -0.05098388495429683 27.57
2758 -0.05097212687735726 27.58
2759 -0.05096045596970704 27.59
2760 -0.05094882621639711 27.6
2761 -0.05093760908562201 27.61
2762 -0.05092623690545518 27.62
2763 -0.05091468035027086 27.63
2764 -0.05090292700912079 27.64
2765 -0.05089098622678428 27.65
2766 -0.0508788792295011 27.66
2767 -0.05086663410721361 27.67
2768 -0.05085428719835916 27.68
2769 -0.05083527623754854 27.69
2770 -0.05082348775751369 27.7
2771 -0.0508119917514931 27.71
2772 -0.05079499389447383 27.72
2773 -0.05078489468164371 27.73
2774 -0.05077529341088224 27.74
2775 -0.05076106006863168 27.75
2776 -0.05075247858784286 27.76
2777 -0.05074399348105536 27.77
2778 -0.05073544464147801 27.78
2779 -0.05072154452165875 27.79
2780 -0.05071239073523136 27.8
2781 -0.05070268457736615 27.81
2782 -0.05069242178608953 27.82
2783 -0.05067562134818773 27.83
2784 -0.05066461268355215 27.84
2785 -0.05065324588893762 27.85
2786 -0.05064169864815461 27.86
2787 -0.05062379760957723 27.87
2788 -0.05061378469366555 27.88
2789 -0.0506035795423815 27.89
2790 -0.05059323733830959 27.9
2791 -0.05058270095574335 27.91
2792 -0.05056531614022637 27.92
2793 -0.05055479009127478 27.93
2794 -0.05054412827659333 27.94
2795 -0.05053022166355962 27.95
2796 -0.05051165724655751 27.96
2797 -0.05049961172037493 27.97
2798 -0.05048846159386471 27.98
2799 -0.0504781659199252 27.99
2800 -0.05046447650580575 28
2801 -0.05045505768689752 28.01
2802 -0.05044590008832024 28.02
2803 -0.05043692716191334 28.03
2804 -0.05042413348117974 28.04
2805 -0.05041478059383753 28.05
2806 -0.05040518683666249 28.06
2807 -0.05039537771629858 28.07
2808 -0.05038091884324135 28.08
2809 -0.05037041545235873 28.09
2810 -0.05035966045506866 28.1
2811 -0.05034408432889491 28.11
2812 -0.05033320594881038 28.12
2813 -0.05032238655346246 28.13
2814 -0.05030710466496222 28.14
2815 -0.05029667196910694 28.15
2816 -0.0502864482742936 28.16
2817 -0.0502764639723348 28.17
2818 -0.05026657987491785 28.18
2819 -0.05025212908868919 28.19
2820 -0.05024187062678246 28.2
2821 -0.05023146367245339 28.21
2822 -0.05022103258227101 28.22
2823 -0.05021057832855828 28.23
2824 -0.05019533794122596 28.24
2825 -0.05018479793109633 28.25
2826 -0.05017429888958608 28.26
2827 -0.05016398268801405 28.27
2828 -0.05015383145478215 28.28
2829 -0.0501437464915198 28.29
2830 -0.05013359176081688 28.3
2831 -0.05012323078280937 28.31
2832 -0.05010769278483052 28.32
2833 -0.05009677285755721 28.33
2834 -0.05008574828638475 28.34
2835 -0.05007485596214885 28.35
2836 -0.05006417590794338 28.36
2837 -0.05005368553109878 28.37
2838 -0.05004325456718529 28.38
2839 -0.05003278934963455 28.39
2840 -0.05002216842457539 28.4
2841 -0.05001130930189015 28.41
2842 -0.05000018383022416 28.42
2843 -0.04998881234011496 28.43
2844 -0.04997725876665798 28.44
2845 -0.04996561479843894 28.45
2846 -0.04995398636567808 28.46
2847 -0.04994246841144363 28.47
2848 -0.04993113576432948 28.48
2849 -0.04992003875588124 28.49
2850 -0.04990920053914022 28.5
2851 -0.04989825811362458 28.51
2852 -0.04988308666067588 28.52
2853 -0.04987285516992881 28.53
2854 -0.04986309507555674 28.54
2855 -0.04985391313429478 28.55
2856 -0.04984164326724366 28.56
2857 -0.0498332669160364 28.57
2858 -0.04982506196895679 28.58
2859 -0.04981693054966953 28.59
2860 -0.04980513202265616 28.6
2861 -0.04979637026988586 28.61
2862 -0.04978715669447246 28.62
2863 -0.04977752862915819 28.63
2864 -0.04976744754995086 28.64
2865 -0.04975686646396273 28.65
2866 -0.04974575676072227 28.66
2867 -0.04973413900751616 28.67
2868 -0.0497220524172108 28.68
2869 -0.04970935545557233 28.69
2870 -0.0496965260080459 28.7
2871 -0.0496837787959845 28.71
2872 -0.04967131527542903 28.72
2873 -0.04965929992019371 28.73
2874 -0.04964784172129293 28.74
2875 -0.04963698930687839 28.75
2876 -0.04962673050762526 28.76
2877 -0.04961700173891462 28.77
2878 -0.04960770041179458 28.78
2879 -0.0495986993406182 28.79
2880 -0.04958623764330593 28.8
2881 -0.04957743058955889 28.81
2882 -0.04956872881734639 28.82
2883 -0.04956021320768621 28.83
2884 -0.0495518284481273 28.84
2885 -0.04954343676730322 28.85
2886 -0.04953135056751776 28.86
2887 -0.04952180839807248 28.87
2888 -0.049512010894407 28.88
2889 -0.04950212431725746 28.89
2890 -0.04949219791192391 28.9
2891 -0.0494785733650869 28.91
2892 -0.04946827906472191 28.92
2893 -0.04945799974716166 28.93
2894 -0.04944786993110019 28.94
2895 -0.04943789065508911 28.95
2896 -0.04942796859242164 28.96
2897 -0.04941802597844508 28.97
2898 -0.04940426492080038 28.98
2899 -0.0493937468900906 28.99
2900 -0.04938325456605473 29
2901 -0.04937319053743818 29.01
2902 -0.04936340868522309 29.02
2903 -0.04935336464519424 29.03
2904 -0.04934067852782137 29.04
2905 -0.04933085193360243 29.05
2906 -0.049321349383378 29.06
2907 -0.04931224730608077 29.07
2908 -0.04930349362397571 29.08
2909 -0.04929495616198501 29.09
2910 -0.04928645541273648 29.1
2911 -0.04927781027224757 29.11
2912 -0.04926888460996293 29.12
2913 -0.0492596015947759 29.13
2914 -0.04924993752337908 29.14
2915 -0.0492399132289685 29.15
2916 -0.04922958462687111 29.16
2917 -0.04921903111146809 29.17
2918 -0.04920475231710552 29.18
2919 -0.04919375154147851 29.19
2920 -0.04918304222512591 29.2
2921 -0.0491728879182603 29.21
2922 -0.04916040052318053 29.22
2923 -0.04915115007106581 29.23
2924 -0.04914249655897906 29.24
2925 -0.04913441261849711 29.25
2926 -0.04912448229700037 29.26
2927 -0.04911636320649764 29.27
2928 -0.04910828506607384 29.28
2929 -0.04910023434699094 29.29
2930 -0.04909210400135365 29.3
2931 -0.04908115005934845 29.31
2932 -0.04907196479121564 29.32
2933 -0.0490625636035687 29.33
2934 -0.04905312519053927 29.34
2935 -0.04904371843789122 29.35
2936 -0.04903433819189505 29.36
2937 -0.04902493233083568 29.37
2938 -0.04901543075082005 29.38
2939 -0.04900577301120014 29.39
2940 -0.04899592782277087 29.4
2941 -0.04898590301016855 29.41
2942 -0.04897574210421846 29.42
2943 -0.04896551349140443 29.43
2944 -0.04895529579975658 29.44
2945 -0.04894516540607413 29.45
2946 -0.04893518545526327 29.46
2947 -0.04892539862052529 29.47
2948 -0.04891598340104319 29.48
2949 -0.04890673404737939 29.49
2950 -0.0488976317682281 29.5
2951 -0.04888864880987791 29.51
2952 -0.04887975168219379 29.52
2953 -0.04887090639853475 29.53
2954 -0.04886208201774671 29.54
2955 -0.04885325193889072 29.55
2956 -0.04884439390953713 29.56
2957 -0.04883549224867634 29.57
2958 -0.04882653771193887 29.58
2959 -0.04881752705424463 29.59
2960 -0.0488093439987404 29.6
2961 -0.04880090648059814 29.61
2962 -0.04879221296144108 29.62
2963 -0.04878328364924393 29.63
2964 -0.04877415438771824 29.64
2965 -0.04876487276480486 29.65
2966 -0.04875549117157692 29.66
2967 -0.04874606125782804 29.67
2968 -0.04873662881179148 29.68
2969 -0.04872723366329259 29.69
2970 -0.04872094406567196 29.7
2971 -0.04871401504202752 29.71
2972 -0.04870639476651993 29.72
2973 -0.04869809601725655 29.73
2974 -0.04868918717746352 29.74
2975 -0.04867977651991292 29.75
2976 -0.048669993446077 29.76
2977 -0.04865997307666114 29.77
2978 -0.04864984743853296 29.78
2979 -0.04863973722620173 29.79
2980 -0.04862974420569925 29.8
2981 -0.0486199469894112 29.81
2982 -0.04860492484542903 29.82
2983 -0.0485959361098838 29.83
2984 -0.04858750204014787 29.84
2985 -0.04857518055761816 29.85
2986 -0.04856827105634162 29.86
2987 -0.04855820027144072 29.87
2988 -0.04855268398553327 29.88
2989 -0.04854439598689336 29.89
2990 -0.0485385754187986 29.9
2991 -0.04853044921987823 29.91
2992 -0.04852520454085667 29.92
2993 -0.04852005551498692 29.93
2994 -0.04851203564488788 29.94
2995 -0.04850621634953937 29.95
2996 -0.048499956453643 29.96
2997 -0.04849322939045946 29.97
2998 -0.04848214390768169 29.98
2999 -0.04847409857798547 29.99
3000 -0.04846561268438983 30
