"x-force-rfile"
"Time Step" "x-force etc.."
("Time Step" "x-force" "flow-time")
0 2.423380700838948e-27 0
1 -52.17613152242745 0.01
2 -5.20850586415412 0.02
3 1.318315163088727 0.03
4 3.639474575680694 0.04
5 1.711498133718479 0.05
6 -1.498794627718235 0.06
7 -0.971044091398154 0.07000000000000001
8 -0.08209317661988003 0.08
9 0.382077293066945 0.09
10 0.3024826104431062 0.1
11 0.1054414213444654 0.11
12 -0.01198476998751707 0.12
13 -0.009243867802185474 0.13
14 0.03486090146265672 0.14
15 0.03034543023686181 0.15
16 -0.0149817303950896 0.16
17 -0.004208344767735073 0.17
18 0.007906463434214084 0.18
19 0.02412185517518078 0.19
20 0.02798653156299365 0.2
21 0.03072338957720142 0.21
22 0.04063786921202173 0.22
23 0.04935316938262813 0.23
24 0.03757708047250174 0.24
25 0.02425780135347973 0.25
26 0.01074323234105181 0.26
27 0.005219451595598196 0.27
28 -0.0001230165616596668 0.28
29 0.007692175502422738 0.29
30 0.01566836751469262 0.3
31 0.02124533088805217 0.31
32 0.02722972620581565 0.32
33 0.02637538295099334 0.33
34 0.0232468236698358 0.34
35 0.02039526790040108 0.35
36 0.01773803907493713 0.36
37 0.0158274259190817 0.37
38 0.01449288466806864 0.38
39 0.01402436981756226 0.39
40 0.01406688162783249 0.4
41 0.01385619966123504 0.41
42 0.01448503976455169 0.42
43 0.01542065604496314 0.43
44 0.01606359087470593 0.44
45 0.01592099670592979 0.45
46 0.01562251292935159 0.46
47 0.01548767458582094 0.47
48 0.01562968231517743 0.48
49 0.01567262772586454 0.49
50 0.0157229155282466 0.5
51 0.01552863342533504 0.51
52 0.01501355823146848 0.52
53 0.01468270684090034 0.53
54 0.01408805784991142 0.54
55 0.01378772567460065 0.55
56 0.01350086006818324 0.5600000000000001
57 0.0132463699218423 0.5700000000000001
58 0.01345437421945608 0.58
59 0.01342816111547439 0.59
60 0.01362356033180722 0.6
61 0.0138502036106105 0.61
62 0.01388553212165455 0.62
63 0.01393334038514167 0.63
64 0.01403959439240859 0.64
65 0.01426139886100742 0.65
66 0.01364702995229775 0.66
67 0.01351218505408273 0.67
68 0.01345148716533218 0.68
69 0.01345390899923132 0.6900000000000001
70 0.01342789707889126 0.7000000000000001
71 0.01311391656462293 0.71
72 0.01314162778907342 0.72
73 0.01321629284737156 0.73
74 0.01299263900059231 0.74
75 0.01296033980199961 0.75
76 0.01295946076792115 0.76
77 0.0129958506016247 0.77
78 0.01288054582339452 0.78
79 0.01274458117299286 0.79
80 0.01277869004008057 0.8
81 0.01284481103040862 0.8100000000000001
82 0.01288228520187126 0.8200000000000001
83 0.01284995769211212 0.8300000000000001
84 0.01275954469002291 0.84
85 0.0127242014553529 0.85
86 0.012746859828058 0.86
87 0.01279617383557471 0.87
88 0.01281781401331464 0.88
89 0.01284175382580767 0.89
90 0.01285371201198164 0.9
91 0.01283422873695313 0.91
92 0.0127905567780424 0.92
93 0.01275932175316982 0.93
94 0.01272897723212165 0.9400000000000001
95 0.01274367904801786 0.9500000000000001
96 0.01276604012907402 0.96
97 0.01277181604940399 0.97
98 0.01274955318767765 0.98
99 0.01272043446215075 0.99
100 0.01269476600673182 1
101 0.01267666979815081 1.01
102 0.01265351024026676 1.02
103 0.01264409998267507 1.03
104 0.01261833494981643 1.04
105 0.01258795833179891 1.05
106 0.01255606912182877 1.06
107 0.01251308997043036 1.07
108 0.01247053618221055 1.08
109 0.01244128652630851 1.09
110 0.0124224737229667 1.1
111 0.01239733628273578 1.11
112 0.01238846733375874 1.12
113 0.01238253587404584 1.13
114 0.0123682155001972 1.14
115 0.01235448712377748 1.15
116 0.01230787202607925 1.16
117 0.01228787156947725 1.17
118 0.01227685916250672 1.18
119 0.01226552120427579 1.19
120 0.01226502289818855 1.2
121 0.01227504752420758 1.21
122 0.01228231691815641 1.22
123 0.01228387483453012 1.23
124 0.01228110317356874 1.24
125 0.01227735281965832 1.25
126 0.01227669063631819 1.26
127 0.01227598195360111 1.27
128 0.01227690940518716 1.28
129 0.01228332538885624 1.29
130 0.01229037864779716 1.3
131 0.01229873736392133 1.31
132 0.01230353111988544 1.32
133 0.01230689174040589 1.33
134 0.01231796619644251 1.34
135 0.01232739921452543 1.35
136 0.0123340988784674 1.36
137 0.01234131365121041 1.37
138 0.01234858687956614 1.38
139 0.01235521972397828 1.39
140 0.01236118589078699 1.4
141 0.01236720987318136 1.41
142 0.0123700896591723 1.42
143 0.01237049927828131 1.43
144 0.01237680298141043 1.44
145 0.01238376177203695 1.45
146 0.01239088072305288 1.46
147 0.01239570643770673 1.47
148 0.01239912312853922 1.48
149 0.01240361571067077 1.49
150 0.01240551529211044 1.5
151 0.01240534935550417 1.51
152 0.01240101174199369 1.52
153 0.01239796332531583 1.53
154 0.01239257298477344 1.54
155 0.01238604741514022 1.55
156 0.01237888411805173 1.56
157 0.01237048426023817 1.57
158 0.01236167330323109 1.58
159 0.01235292124316914 1.59
160 0.01234121732808066 1.6
161 0.01232740953344097 1.61
162 0.01231197450930543 1.62
163 0.01229355326118856 1.63
164 0.0122764736550614 1.64
165 0.01225816234298591 1.65
166 0.01223986645735541 1.66
167 0.01222151768032257 1.67
168 0.01220323789370977 1.68
169 0.0121847959710739 1.69
170 0.01217064580224779 1.7
171 0.01215445335334232 1.71
172 0.01213780588142616 1.72
173 0.01212307529081255 1.73
174 0.01210043285318097 1.74
175 0.01207774784844167 1.75
176 0.01205693683520223 1.76
177 0.01203847417069816 1.77
178 0.01202263025349429 1.78
179 0.01200596164895254 1.79
180 0.0119886832211826 1.8
181 0.01197423582409346 1.81
182 0.01196289723532724 1.82
183 0.01195406679688235 1.83
184 0.01194595537989307 1.84
185 0.01194038501849077 1.85
186 0.01193481351869417 1.86
187 0.0119294747455285 1.87
188 0.01192311382406257 1.88
189 0.0119182001385559 1.89
190 0.01191463110383179 1.9
191 0.01191278498240758 1.91
192 0.01191312908533214 1.92
193 0.0119148283779653 1.93
194 0.01191408747173943 1.94
195 0.01191602373284364 1.95
196 0.01191842358438558 1.96
197 0.01192054330844159 1.97
198 0.01192395735587552 1.98
199 0.01192807395664193 1.99
200 0.01193158619898643 2
201 0.01193594624283308 2.01
202 0.01194411945609215 2.02
203 0.01195572358037101 2.03
204 0.01196490183041272 2.04
205 0.01197654819747835 2.05
206 0.01198362710002376 2.06
207 0.01199381469877778 2.07
208 0.01200018346267651 2.08
209 0.01200694023618852 2.09
210 0.01200948159836538 2.1
211 0.01201460762397408 2.11
212 0.01202001371624341 2.12
213 0.01202268982298518 2.13
214 0.01202245919845507 2.14
215 0.01202040293731464 2.15
216 0.0120191104234585 2.16
217 0.01201827777254898 2.17
218 0.01201596906730146 2.18
219 0.01201281077639196 2.19
220 0.01200875498119187 2.2
221 0.01200352193372492 2.21
222 0.01199716148647469 2.22
223 0.01198984847239686 2.23
224 0.0119807260508336 2.24
225 0.01197084336437911 2.25
226 0.0119616759318964 2.26
227 0.01195231724238499 2.27
228 0.01194686117108493 2.28
229 0.01194102672532951 2.29
230 0.01193046503007836 2.3
231 0.01191605493912221 2.31
232 0.01190058557702743 2.32
233 0.0118857116145666 2.33
234 0.01186694716962586 2.34
235 0.01185359566174698 2.35
236 0.01184186577488994 2.36
237 0.01183648597648655 2.37
238 0.01183521979162415 2.38
239 0.01183321224003029 2.39
240 0.01183081680392659 2.4
241 0.01182379579277254 2.41
242 0.01181700946278198 2.42
243 0.01180902541387536 2.43
244 0.01180452941594575 2.44
245 0.01179930792920574 2.45
246 0.01179292109682058 2.46
247 0.01178661768706227 2.47
248 0.01178278712031384 2.48
249 0.01178068339753266 2.49
250 0.01178123343102479 2.5
251 0.01178124467553272 2.51
252 0.01177822682781215 2.52
253 0.01177417567569609 2.53
254 0.0117705242813984 2.54
255 0.01176732825611391 2.55
256 0.01176583418467201 2.56
257 0.01176619679466832 2.57
258 0.01176911222767629 2.58
259 0.0117725621456953 2.59
260 0.01177585496723877 2.6
261 0.01177938591222579 2.61
262 0.01178354599150974 2.62
263 0.0117893246832174 2.63
264 0.01179494963655101 2.64
265 0.01180045348664929 2.65
266 0.01180544349875669 2.66
267 0.01181015005939134 2.67
268 0.01181463711407751 2.68
269 0.01182018335111273 2.69
270 0.01182315611291288 2.7
271 0.01182515367707108 2.71
272 0.0118265852285403 2.72
273 0.01182757383262828 2.73
274 0.01182855451546883 2.74
275 0.01182985793226329 2.75
276 0.01183227464647379 2.76
277 0.01183370650505144 2.77
278 0.0118346642111841 2.78
279 0.01183514214046717 2.79
280 0.01183549868544738 2.8
281 0.01183532841786666 2.81
282 0.01183448963865502 2.82
283 0.01183275979384943 2.83
284 0.01183118858906936 2.84
285 0.01183058271093416 2.85
286 0.01182983044693457 2.86
287 0.01182854488173511 2.87
288 0.01182707510880426 2.88
289 0.01182554306394127 2.89
290 0.01182446351673892 2.9
291 0.01182350001728849 2.91
292 0.01182187560719363 2.92
293 0.01181955748670173 2.93
294 0.01181674759756869 2.94
295 0.01181341779920502 2.95
296 0.01181036234663062 2.96
297 0.01180771770323732 2.97
298 0.01180453317797979 2.98
299 0.01180207594673853 2.99
300 0.0117996033507051 3
301 0.01179772487875769 3.01
302 0.01179549218949653 3.02
303 0.01179453828730847 3.03
304 0.01179248355620763 3.04
305 0.01179001400986853 3.05
306 0.01178595545868559 3.06
307 0.01178298391677194 3.07
308 0.01178394350796066 3.08
309 0.01178197782584649 3.09
310 0.01177944885804622 3.1
311 0.01177724823061574 3.11
312 0.01177570901747503 3.12
313 0.01177523743827234 3.13
314 0.01177385142503329 3.14
315 0.01177275280158866 3.15
316 0.01177172821218353 3.16
317 0.01177103185447101 3.17
318 0.01177094855172185 3.18
319 0.01177141475328038 3.19
320 0.01177219367015056 3.2
321 0.01177304526219804 3.21
322 0.01177363343034928 3.22
323 0.011773860361734 3.23
324 0.01177426429119556 3.24
325 0.01177486579751437 3.25
326 0.01177598683474716 3.26
327 0.01177692345476421 3.27
328 0.01177773002858368 3.28
329 0.01177843176809024 3.29
330 0.01177991264679354 3.3
331 0.01178172463092854 3.31
332 0.01178369408052021 3.32
333 0.01178610338943758 3.33
334 0.01178839502637503 3.34
335 0.01179050768351882 3.35
336 0.01179260478672914 3.36
337 0.01179463738271169 3.37
338 0.01179649455429316 3.38
339 0.01179783203068669 3.39
340 0.0117987742472736 3.4
341 0.01179965495771885 3.41
342 0.01180082987737729 3.42
343 0.01180213838900718 3.43
344 0.01180345564706473 3.44
345 0.01180477078242658 3.45
346 0.01180598398118339 3.46
347 0.01180752742373188 3.47
348 0.01180918245169754 3.48
349 0.01181083665466769 3.49
350 0.01181235452941044 3.5
351 0.01181320436513854 3.51
352 0.01181351657398788 3.52
353 0.01181359362364002 3.53
354 0.01181320994329707 3.54
355 0.01181351310365637 3.55
356 0.01181435448263665 3.56
357 0.01181523311524408 3.57
358 0.01181537051693655 3.58
359 0.01181529355509767 3.59
360 0.01181503867704648 3.6
361 0.01181446394629486 3.61
362 0.011813758202798 3.62
363 0.01181297700976696 3.63
364 0.01181217491006605 3.64
365 0.01181138050164198 3.65
366 0.01181072349977442 3.66
367 0.01181029500646118 3.67
368 0.01180987805867413 3.68
369 0.0118092495808854 3.69
370 0.01180783074625642 3.7
371 0.01180736276707163 3.71
372 0.01180730630019612 3.72
373 0.01180736992020974 3.73
374 0.01180727324579564 3.74
375 0.01180733690260756 3.75
376 0.01180693885646955 3.76
377 0.01180612834756985 3.77
378 0.01180575617054319 3.78
379 0.01180518619418362 3.79
380 0.01180514839796178 3.8
381 0.01180453380909716 3.81
382 0.01180428479120731 3.82
383 0.01180386577885404 3.83
384 0.01180286353221418 3.84
385 0.0118030407207258 3.85
386 0.01180340021858006 3.86
387 0.01180379135428252 3.87
388 0.01180427094782707 3.88
389 0.01180457316532868 3.89
390 0.01180522718032383 3.9
391 0.01180604155944625 3.91
392 0.01180675787528211 3.92
393 0.01180724195124395 3.93
394 0.01180780987890558 3.94
395 0.01180840036443828 3.95
396 0.01180901237962526 3.96
397 0.01181009118932204 3.97
398 0.01181063501685708 3.98
399 0.01181127356488846 3.99
400 0.01181204311807883 4
401 0.01181339614836167 4.01
402 0.01181386264446212 4.02
403 0.01181450964517216 4.03
404 0.01181567457452662 4.04
405 0.0118165954088098 4.05
406 0.01181741529064979 4.06
407 0.01181831480962653 4.07
408 0.01181937161720979 4.08
409 0.01182098937455895 4.09
410 0.01182267500804796 4.1
411 0.01182448644628308 4.11
412 0.01182610676959603 4.12
413 0.01182723525579054 4.13
414 0.01182847869929913 4.14
415 0.01182939794375279 4.15
416 0.01182962593683294 4.16
417 0.01183001345790657 4.17
418 0.01183035435213122 4.18
419 0.01183081819029949 4.19
420 0.01183104902872768 4.2
421 0.01183070561782995 4.21
422 0.01183097871659993 4.22
423 0.01183155069869032 4.23
424 0.01183272868701428 4.24
425 0.01183377513171578 4.25
426 0.01183459699033754 4.26
427 0.01183552949066748 4.27
428 0.01183636727083503 4.28
429 0.01183698591627152 4.29
430 0.01183698502605945 4.3
431 0.01183720257481711 4.31
432 0.01183740270804375 4.32
433 0.01183754392734505 4.33
434 0.01183742457495435 4.34
435 0.01183709620889734 4.350000000000001
436 0.01183662130288369 4.36
437 0.01183616732094382 4.37
438 0.01183652990708066 4.38
439 0.01183654535501326 4.39
440 0.01183590726420434 4.4
441 0.01183599625128329 4.41
442 0.01183635842948445 4.42
443 0.01183675130332482 4.43
444 0.01183706569656205 4.44
445 0.01183750994385745 4.45
446 0.0118370592556862 4.46
447 0.01183691718505074 4.47
448 0.01183757642312593 4.48
449 0.01183752595973 4.49
450 0.01183751625419141 4.5
451 0.0118373119147188 4.51
452 0.01183703149189983 4.52
453 0.01183680955054851 4.53
454 0.01183673914997486 4.54
455 0.01183675433800885 4.55
456 0.01183686210651872 4.56
457 0.0118370814435688 4.57
458 0.01183742538229311 4.58
459 0.01183805832520727 4.59
460 0.01183839742589224 4.600000000000001
461 0.01183867011921682 4.61
462 0.01183895238588914 4.62
463 0.01183906992470806 4.63
464 0.01183885739918721 4.64
465 0.01183974134714239 4.65
466 0.01184124190239226 4.66
467 0.01184204057269426 4.67
468 0.01184245479147981 4.68
469 0.01184272987665137 4.69
470 0.01184173989367486 4.7
471 0.01184176928687542 4.71
472 0.01184290579133082 4.72
473 0.01184422739535231 4.73
474 0.0118462843080856 4.74
475 0.01184761734598379 4.75
476 0.0118485727235056 4.76
477 0.01184916731424561 4.77
478 0.01184939310321848 4.78
479 0.01184953480175354 4.79
480 0.01184972680631668 4.8
481 0.01184971126660769 4.81
482 0.01185002939934734 4.82
483 0.01185061824281538 4.83
484 0.01185133225080305 4.84
485 0.01185205235064875 4.850000000000001
486 0.01185279176544783 4.86
487 0.01185345006159963 4.87
488 0.01185405816595749 4.88
489 0.01185469455825034 4.89
490 0.01185528836140521 4.9
491 0.011855862330918 4.91
492 0.01185646370544482 4.92
493 0.01185710739977442 4.93
494 0.01185772017134914 4.94
495 0.0118580910251266 4.95
496 0.01185843356882193 4.96
497 0.01185882281368222 4.97
498 0.01185940995124089 4.98
499 0.01185987301256615 4.99
500 0.01186021151898797 5
501 0.0118604581882753 5.01
502 0.01186061924872619 5.02
503 0.01186069504233726 5.03
504 0.01186065385367696 5.04
505 0.01186053660002056 5.05
506 0.01186038621049344 5.06
507 0.01186026360841564 5.07
508 0.01186030658005433 5.08
509 0.01186039616643039 5.09
510 0.0118605107687312 5.100000000000001
511 0.01186062783844873 5.11
512 0.0118607494411428 5.12
513 0.01186088889514391 5.13
514 0.0118610625847806 5.14
515 0.01186127122745647 5.15
516 0.01186152138192693 5.16
517 0.01186182039196974 5.17
518 0.01186172633989165 5.18
519 0.01186190533207917 5.19
520 0.0118623167833898 5.2
521 0.01186284520304936 5.21
522 0.01186339507790056 5.22
523 0.01186389759311398 5.23
524 0.01186429541149076 5.24
525 0.01186460202772664 5.25
526 0.0118648240243339 5.26
527 0.0118650132838192 5.27
528 0.01186517419112637 5.28
529 0.01186533913566483 5.29
530 0.01186553177613568 5.3
531 0.01186578127540922 5.31
532 0.0118660846269603 5.32
533 0.01186643160410802 5.33
534 0.01186685229177609 5.34
535 0.01186734405420368 5.350000000000001
536 0.01186788694076277 5.36
537 0.01186858352076689 5.37
538 0.01186937116148005 5.38
539 0.01187000688488404 5.39
540 0.01187070602756657 5.4
541 0.01187141189393085 5.41
542 0.01187212970512193 5.42
543 0.01187279842733824 5.43
544 0.01187343633552188 5.44
545 0.01187405444210481 5.45
546 0.01187465570150179 5.46
547 0.01187524243164018 5.47
548 0.01187581243656926 5.48
549 0.01187638210110006 5.49
550 0.01187695284205199 5.5
551 0.01187750350377626 5.51
552 0.01187801082016043 5.52
553 0.01187845821614703 5.53
554 0.01187885125754206 5.54
555 0.01187923286645658 5.55
556 0.0118796345138178 5.56
557 0.0118800744661492 5.57
558 0.01188044294084316 5.58
559 0.01187816916343253 5.59
560 0.01187640671859725 5.600000000000001
561 0.01187599923581813 5.61
562 0.01187667454699349 5.62
563 0.01187980732212983 5.63
564 0.01188925040119281 5.64
565 0.0118935568757318 5.65
566 0.01189463536151146 5.66
567 0.01189338576882428 5.67
568 0.01189049185543631 5.68
569 0.01188728167067214 5.69
570 0.01188484046305772 5.7
571 0.01188376977198559 5.71
572 0.01188411463049961 5.72
573 0.01188547831435324 5.73
574 0.01188732161149297 5.74
575 0.011889074092753 5.75
576 0.01189055431519914 5.76
577 0.01189133152616908 5.77
578 0.01189149906436177 5.78
579 0.01189113896350453 5.79
580 0.0118904980765842 5.8
581 0.0118897785732938 5.81
582 0.01188913907571256 5.82
583 0.01188869362974442 5.83
584 0.01188850287637669 5.84
585 0.01188857641149297 5.850000000000001
586 0.01188888682162326 5.86
587 0.01188938439671364 5.87
588 0.01189000772881985 5.88
589 0.01189070882280665 5.89
590 0.01189147249861597 5.9
591 0.01189017483885976 5.91
592 0.01189016215368721 5.92
593 0.01189004086508732 5.93
594 0.01189085008104 5.94
595 0.01189095476624184 5.95
596 0.01189337284707778 5.96
597 0.01189697895061448 5.97
598 0.01189950423758795 5.98
599 0.0119037637906155 5.99
600 0.01190523041152573 6
601 0.01190416095055755 6.01
602 0.01190177529610894 6.02
603 0.01189907466226839 6.03
604 0.01189660919375137 6.04
605 0.01189533011262477 6.05
606 0.01189528043381712 6.06
607 0.01189631331551731 6.07
608 0.01189791899449843 6.08
609 0.01189962189709218 6.09
610 0.01190106272205452 6.100000000000001
611 0.01190205145309904 6.11
612 0.01190256130541865 6.12
613 0.01190261150141036 6.13
614 0.01190249177507857 6.140000000000001
615 0.01190230814906599 6.15
616 0.01190218070737716 6.16
617 0.01190218691199193 6.17
618 0.01190250174387204 6.18
619 0.01190085366707023 6.19
620 0.01189885269384385 6.2
621 0.0118984309030676 6.21
622 0.0118992972986235 6.22
623 0.01189925608473923 6.23
624 0.01190026345447274 6.24
625 0.01190206845044907 6.25
626 0.0119069184763165 6.26
627 0.01190859798360005 6.27
628 0.01191265289484152 6.28
629 0.01191553479648962 6.29
630 0.01191893070793761 6.3
631 0.01192127583092427 6.31
632 0.01192283184265853 6.32
633 0.01192022554855432 6.33
634 0.01191538532906601 6.34
635 0.01191060337294881 6.350000000000001
636 0.01190727779120719 6.36
637 0.01190607137109477 6.37
638 0.01190701079198217 6.38
639 0.01190942070023838 6.390000000000001
640 0.01191252166470255 6.4
641 0.01191553198585165 6.41
642 0.01191752534468773 6.42
643 0.01191780231054936 6.43
644 0.01191764117815006 6.44
645 0.01191793073390759 6.45
646 0.01191785675278934 6.46
647 0.0119178996253747 6.47
648 0.01191833487565223 6.48
649 0.0119186161196548 6.49
650 0.01191783966626166 6.5
651 0.01191851731699926 6.51
652 0.01191792621715872 6.52
653 0.01191882814859152 6.53
654 0.01191930249775166 6.54
655 0.01192109689414313 6.55
656 0.01191997077322285 6.56
657 0.0119218136306545 6.57
658 0.011921020290878 6.58
659 0.01192113412478943 6.59
660 0.01192078181966799 6.600000000000001
661 0.01192172605633199 6.61
662 0.01192323700168049 6.62
663 0.01192436331850102 6.63
664 0.01192487244763653 6.640000000000001
665 0.01192568359834342 6.65
666 0.01192650281365116 6.66
667 0.01192658585149158 6.67
668 0.01192629079830536 6.68
669 0.01192660504827369 6.69
670 0.01192724737771318 6.7
671 0.01192709797632658 6.71
672 0.01192761014726193 6.72
673 0.01192833268198892 6.73
674 0.01192920831932617 6.74
675 0.01192989999817356 6.75
676 0.01193162847844819 6.76
677 0.01193227955446767 6.77
678 0.01193301787727904 6.78
679 0.01193270758302343 6.79
680 0.01193138752510246 6.8
681 0.01193109025456456 6.81
682 0.01193137228837513 6.82
683 0.01193141411794272 6.83
684 0.01193159436765255 6.84
685 0.01193208244582106 6.850000000000001
686 0.01193344553734718 6.86
687 0.01193398774788418 6.87
688 0.01193429872942129 6.88
689 0.01193507541984078 6.890000000000001
690 0.01193604818545563 6.9
691 0.01193628729814299 6.91
692 0.01193741094126988 6.92
693 0.01193836992922703 6.93
694 0.01193838939009773 6.94
695 0.01193875932947131 6.95
696 0.01193929944959043 6.96
697 0.01194003202614076 6.97
698 0.01193967457985901 6.98
699 0.01194088525959752 6.99
700 0.01194088201636331 7
701 0.01194113586440178 7.01
702 0.01194256280147684 7.02
703 0.0119425284767137 7.03
704 0.01194275268561442 7.04
705 0.01194432037086621 7.05
706 0.01194538272743154 7.06
707 0.0119460769823292 7.07
708 0.01194678162813364 7.08
709 0.01194795260838666 7.09
710 0.01194770759130909 7.100000000000001
711 0.01194755052818409 7.11
712 0.01194779562329439 7.12
713 0.01194825460811658 7.13
714 0.0119479097422493 7.140000000000001
715 0.01194822997850367 7.15
716 0.011950160298642 7.16
717 0.01195071879739509 7.17
718 0.01195157312746882 7.18
719 0.01195268508550601 7.19
720 0.01195388931406338 7.2
721 0.01195504236701238 7.21
722 0.01195603766990644 7.22
723 0.0119568422114974 7.23
724 0.01195737267297336 7.24
725 0.01195763869351523 7.25
726 0.01195769377700737 7.26
727 0.01195766264288779 7.27
728 0.01195658326863329 7.28
729 0.01195707369363536 7.29
730 0.01195641538041469 7.3
731 0.01195738058934988 7.31
732 0.01195689997943428 7.32
733 0.01195814263241565 7.33
734 0.01195792380284245 7.34
735 0.01195940482461697 7.350000000000001
736 0.01196058415072098 7.36
737 0.01196148474017739 7.37
738 0.01196216445495597 7.38
739 0.01196269816845436 7.390000000000001
740 0.01196316071354005 7.4
741 0.01196361080268666 7.41
742 0.01196413520498761 7.42
743 0.01196574499388208 7.43
744 0.01196669540041585 7.44
745 0.01196723419125452 7.45
746 0.01196834345038604 7.46
747 0.01196807418612273 7.47
748 0.01196790752824162 7.48
749 0.01196801770920518 7.49
750 0.01196829133441463 7.5
751 0.01196869694876318 7.51
752 0.01196833796459721 7.52
753 0.01196950398426596 7.53
754 0.01196953508889362 7.54
755 0.01196995220237373 7.55
756 0.01197062008217687 7.56
757 0.01197022748828504 7.57
758 0.01197172656769004 7.58
759 0.01197302750914469 7.59
760 0.01197388963652368 7.600000000000001
761 0.01197460403708967 7.61
762 0.01197398043428294 7.62
763 0.01197517214034962 7.63
764 0.01197614495423929 7.640000000000001
765 0.01197566869080958 7.65
766 0.01197695528665862 7.66
767 0.01197788531969276 7.67
768 0.01197853938075697 7.68
769 0.01197899509641808 7.69
770 0.01197941579635097 7.7
771 0.01197978984314117 7.71
772 0.01198024783117718 7.72
773 0.01198071717975874 7.73
774 0.01198110000861367 7.74
775 0.01198164589488851 7.75
776 0.01198231485311101 7.76
777 0.01198308015533507 7.77
778 0.01198368301857688 7.78
779 0.0119843718738726 7.79
780 0.01198630919374638 7.8
781 0.01198653437002419 7.81
782 0.01198690497023322 7.82
783 0.01198737433151217 7.83
784 0.0119878730993341 7.84
785 0.01198855888377082 7.850000000000001
786 0.01198897517593133 7.86
787 0.01198919071064185 7.87
788 0.01198940916106064 7.88
789 0.01198852978870223 7.890000000000001
790 0.01198929237102153 7.9
791 0.01198879616210546 7.91
792 0.01198871652840196 7.92
793 0.01198902278711502 7.930000000000001
794 0.01198964073380548 7.94
795 0.01199046887938385 7.95
796 0.01199144665358421 7.96
797 0.01199241985457257 7.97
798 0.01199178592245362 7.98
799 0.01199328291396964 7.99
800 0.01199299360977349 8
801 0.01199481306394135 8.01
802 0.01199459858250606 8.02
803 0.01199646837818985 8.029999999999999
804 0.01199789559638709 8.040000000000001
805 0.01199878834224289 8.050000000000001
806 0.01199921329277708 8.06
807 0.01199940766795076 8.07
808 0.01199951911221084 8.08
809 0.01199966053404606 8.09
810 0.01199989426565638 8.1
811 0.0120015210414785 8.109999999999999
812 0.0120014331196435 8.120000000000001
813 0.01200145579602522 8.130000000000001
814 0.0120028696925314 8.140000000000001
815 0.0120020784898383 8.15
816 0.01200181861968848 8.16
817 0.01200380254410009 8.17
818 0.0120039378837388 8.18
819 0.01200596205598292 8.19
820 0.01200573370834308 8.199999999999999
821 0.01200723897113823 8.210000000000001
822 0.01200652465666201 8.220000000000001
823 0.01200632066839972 8.23
824 0.01200638901762998 8.24
825 0.01200700215471435 8.25
826 0.01200787059275979 8.26
827 0.01200880847954722 8.27
828 0.01200969537546297 8.279999999999999
829 0.01201045753917828 8.290000000000001
830 0.01201106899664899 8.300000000000001
831 0.01201154183549772 8.31
832 0.01201191003376246 8.32
833 0.01201221070518075 8.33
834 0.01201249613450222 8.34
835 0.01201294146456439 8.35
836 0.01201496356736505 8.359999999999999
837 0.01201452391485949 8.370000000000001
838 0.01201550206358758 8.380000000000001
839 0.01201454290930436 8.390000000000001
840 0.01201519056592777 8.4
841 0.01201398918824986 8.41
842 0.01201491807528264 8.42
843 0.01201424498657362 8.43
844 0.01201419435295532 8.44
845 0.0120161993775868 8.449999999999999
846 0.01201610679688436 8.460000000000001
847 0.01201644039420651 8.470000000000001
848 0.01201710720157636 8.48
849 0.01201807694136715 8.49
850 0.01202093957734548 8.5
851 0.01202119377584162 8.51
852 0.01202313971319288 8.52
853 0.01202279443048425 8.529999999999999
854 0.01202408924042209 8.540000000000001
855 0.01202313325068112 8.550000000000001
856 0.01202410401747637 8.56
857 0.01202325878761498 8.57
858 0.01202280378596709 8.58
859 0.01202288485976534 8.59
860 0.01202325138956238 8.6
861 0.01202382469812448 8.609999999999999
862 0.01202610529854032 8.620000000000001
863 0.01202583817672288 8.630000000000001
864 0.01202577130068657 8.640000000000001
865 0.01202743947895957 8.65
866 0.01202686898480724 8.66
867 0.01202660576644595 8.67
868 0.01202660745630164 8.68
869 0.01202678043132031 8.69
870 0.0120271958651028 8.700000000000001
871 0.01202779634890202 8.710000000000001
872 0.01202851944494982 8.720000000000001
873 0.01202930564045857 8.73
874 0.01203010255831809 8.74
875 0.01203076682876368 8.75
876 0.01203139398593319 8.76
877 0.01203196476944887 8.77
878 0.01203247240970844 8.779999999999999
879 0.01203293747104108 8.790000000000001
880 0.01203350284067591 8.800000000000001
881 0.01203387854749821 8.81
882 0.01203580269178077 8.82
883 0.01203539517747301 8.83
884 0.01203716631070984 8.84
885 0.01203657833154276 8.85
886 0.01203722256629693 8.859999999999999
887 0.01203622349543912 8.870000000000001
888 0.01203678858465928 8.880000000000001
889 0.01203587066661723 8.890000000000001
890 0.01203693023346638 8.9
891 0.0120365155710955 8.91
892 0.0120365546014462 8.92
893 0.01203681768995062 8.93
894 0.01203741928874799 8.94
895 0.01203819525084779 8.950000000000001
896 0.01203905652143685 8.960000000000001
897 0.01203821868374921 8.970000000000001
898 0.01203885991331347 8.98
899 0.0120378649411702 8.99
900 0.01203768001810584 9
901 0.01203818261128595 9.01
902 0.01203929325767816 9.02
903 0.01204066708147617 9.029999999999999
904 0.012042120698984 9.040000000000001
905 0.0120435034204175 9.050000000000001
906 0.01204470591408062 9.06
907 0.01204566356557202 9.07
908 0.01204638236234243 9.08
909 0.01204688755639471 9.09
910 0.01204720418754411 9.1
911 0.01204737853776727 9.109999999999999
912 0.01204743906023025 9.120000000000001
913 0.01204741545572255 9.130000000000001
914 0.01204730149237465 9.140000000000001
915 0.01204715754137949 9.15
916 0.01204720264155855 9.16
917 0.01204747509747477 9.17
918 0.01204958169858575 9.18
919 0.01204886679138657 9.19
920 0.01205002006800281 9.200000000000001
921 0.01205049926556519 9.210000000000001
922 0.01205049524019669 9.220000000000001
923 0.01205028850252345 9.23
924 0.01205001846173238 9.24
925 0.01204951794411556 9.25
926 0.01205070593325126 9.26
927 0.01205007718888734 9.27
928 0.01204990957020475 9.279999999999999
929 0.01205155282643934 9.290000000000001
930 0.01205130847703042 9.300000000000001
931 0.01205164011302172 9.31
932 0.01205213351920299 9.32
933 0.01205277290345079 9.33
934 0.01205363837748437 9.34
935 0.0120545113605251 9.35
936 0.01205523191435256 9.359999999999999
937 0.01205589997784514 9.370000000000001
938 0.01205654105535163 9.380000000000001
939 0.01205695983064099 9.390000000000001
940 0.01205738814312725 9.4
941 0.01205780716866937 9.41
942 0.01205815088606768 9.42
943 0.01205702834231269 9.43
944 0.01205805568528162 9.44
945 0.01205806019774266 9.450000000000001
946 0.01205960198991873 9.460000000000001
947 0.0120589960723071 9.470000000000001
948 0.01205857725581713 9.48
949 0.01205670229352239 9.49
950 0.01205758008743057 9.5
951 0.01205664087606778 9.51
952 0.01205838111749749 9.52
953 0.01205814213819292 9.529999999999999
954 0.01206014706665414 9.540000000000001
955 0.0120617384703253 9.550000000000001
956 0.01206067770924962 9.56
957 0.01206187036506759 9.57
958 0.01206080096506344 9.58
959 0.01206184321577233 9.59
960 0.01206080093719954 9.6
961 0.01206196538779876 9.609999999999999
962 0.01206287878705502 9.620000000000001
963 0.01206182394066231 9.630000000000001
964 0.0120629974777348 9.640000000000001
965 0.01206399632737151 9.65
966 0.01206484378330174 9.66
967 0.01206555226019348 9.67
968 0.01206613078441409 9.68
969 0.01206656585243155 9.69
970 0.01206688501025305 9.700000000000001
971 0.01206713206921814 9.710000000000001
972 0.01206759978445927 9.720000000000001
973 0.01206799810887771 9.73
974 0.01206839469465672 9.74
975 0.01206861395219074 9.75
976 0.01206872444555596 9.76
977 0.01206865879828522 9.77
978 0.01206870110582866 9.779999999999999
979 0.01206881053661549 9.790000000000001
980 0.01206900413650984 9.800000000000001
981 0.01206932479170561 9.81
982 0.01206806700575738 9.82
983 0.01206913713132093 9.83
984 0.01206846974545331 9.84
985 0.01207006237631559 9.85
986 0.01206956635860917 9.859999999999999
987 0.01207126835941042 9.870000000000001
988 0.01207075363841775 9.880000000000001
989 0.0120723019124385 9.890000000000001
990 0.01207166191569733 9.9
991 0.01207304910580271 9.91
992 0.01207386073283348 9.92
993 0.0120743071694055 9.93
994 0.01207445919898646 9.94
995 0.01207437635158496 9.950000000000001
996 0.01207274459800027 9.960000000000001
997 0.01207317894293573 9.970000000000001
998 0.01207340985771099 9.98
999 0.01207365155153987 9.99
1000 0.01207230244646594 10
1001 0.01207320089572103 10.01
1002 0.01207397897193811 10.02
1003 0.01207295590004904 10.03
1004 0.01207417196948202 10.04
1005 0.01207347168619582 10.05
1006 0.0120732113647505 10.06
1007 0.01207336105187852 10.07
1008 0.01207596609812673 10.08
1009 0.01207602415107624 10.09
1010 0.01207623869381853 10.1
1011 0.01207658366808309 10.11
1012 0.01207728029574773 10.12
1013 0.01207772939255589 10.13
1014 0.01207819449435476 10.14
1015 0.01207882554084742 10.15
1016 0.01207924556520551 10.16
1017 0.01207947246649288 10.17
1018 0.01207961190674858 10.18
1019 0.01207968285673562 10.19
1020 0.01207971051927075 10.2
1021 0.01207992696637466 10.21
1022 0.01208005543495249 10.22
1023 0.01208013716010027 10.23
1024 0.01208020596508258 10.24
1025 0.01208032774008761 10.25
1026 0.01208046013776252 10.26
1027 0.01208062934598093 10.27
1028 0.01208085198699277 10.28
1029 0.01208112776056176 10.29
1030 0.01208156228998141 10.3
1031 0.0120817025066634 10.31
1032 0.01208187929439624 10.32
1033 0.01208383499838897 10.33
1034 0.01208342659360778 10.34
1035 0.01208463055349152 10.35
1036 0.01208365772929462 10.36
1037 0.01208433398197236 10.37
1038 0.01208322663631742 10.38
1039 0.01208387594397639 10.39
1040 0.01208281209183295 10.4
1041 0.01208361437819033 10.41
1042 0.01208432460214282 10.42
1043 0.01208491604170983 10.43
1044 0.01208531450388654 10.44
1045 0.01208551733157166 10.45
1046 0.0120857591530396 10.46
1047 0.01208603802036488 10.47
1048 0.01208573145839048 10.48
1049 0.01208709297266762 10.49
1050 0.01208658241807293 10.5
1051 0.01208778123429271 10.51
1052 0.01208719260723571 10.52
1053 0.01208815764148203 10.53
1054 0.01208742587442644 10.54
1055 0.01208837719243372 10.55
1056 0.01208767587793243 10.56
1057 0.01208876170575114 10.57
1058 0.01208806905504299 10.58
1059 0.01208756567539927 10.59
1060 0.01208869483235727 10.6
1061 0.01208805884200643 10.61
1062 0.01208761640470005 10.62
1063 0.01208730426061894 10.63
1064 0.01208859906371057 10.64
1065 0.01208809031143726 10.65
1066 0.01208773187322451 10.66
1067 0.01208752648718334 10.67
1068 0.0120874869255684 10.68
1069 0.0120891857459977 10.69
1070 0.0120889670624807 10.7
1071 0.01208892783597363 10.71
1072 0.01208905821992554 10.72
1073 0.01209092809038284 10.73
1074 0.01209085335222313 10.74
1075 0.01209083682273096 10.75
1076 0.01209241235556342 10.76
1077 0.01209205516901976 10.77
1078 0.01209179258311768 10.78
1079 0.01209310687627039 10.79
1080 0.01209254716856319 10.8
1081 0.01209368998540191 10.81
1082 0.01209309661974926 10.82
1083 0.01209270463785799 10.83
1084 0.01209250525735565 10.84
1085 0.01209245668639169 10.85
1086 0.01209260528543348 10.86
1087 0.0120945773367352 10.87
1088 0.01209441305172976 10.88
1089 0.01209429802187568 10.89
1090 0.01209424044907705 10.9
1091 0.01209424585660033 10.91
1092 0.01209432630978446 10.92
1093 0.01209448377547491 10.93
1094 0.01209481804768184 10.94
1095 0.01209512432840004 10.95
1096 0.01209786603993265 10.96
1097 0.01209796345780672 10.97
1098 0.0120970875345723 10.98
1099 0.01209613396121171 10.99
1100 0.01209663100705975 11
1101 0.01209568138609742 11.01
1102 0.012096064327187 11.02
1103 0.01209515651454239 11.03
1104 0.01209560771729656 11.04
1105 0.01209488755373069 11.05
1106 0.0120942618163029 11.06
1107 0.01209501096415691 11.07
1108 0.01209450004067563 11.08
1109 0.01209540341247076 11.09
1110 0.01209497209870777 11.1
1111 0.01209582557020094 11.11
1112 0.01209513982397611 11.12
1113 0.01209601879024612 11.13
1114 0.01209543922033764 11.14
1115 0.01209520754255693 11.15
1116 0.0120967277169968 11.16
1117 0.0120968199968788 11.17
1118 0.01209701612100979 11.18
1119 0.01209730152922482 11.19
1120 0.01209766005212007 11.2
1121 0.01209801468595555 11.21
1122 0.01209835940210631 11.22
1123 0.01209870354373638 11.23
1124 0.01209901913741878 11.24
1125 0.01209924380813066 11.25
1126 0.0120994631247703 11.26
1127 0.01209965914333466 11.27
1128 0.01209981934266874 11.28
1129 0.01209993297516845 11.29
1130 0.01209999403358006 11.3
1131 0.01209846444817513 11.31
1132 0.01209890892603882 11.32
1133 0.01209758464682339 11.33
1134 0.01209847807536138 11.34
1135 0.01209745642281758 11.35
1136 0.01209879545446662 11.36
1137 0.01209801256613832 11.37
1138 0.01209960042063024 11.38
1139 0.01209891157838213 11.39
1140 0.01210061276212491 11.4
1141 0.01209994927158988 11.41
1142 0.01210147321321981 11.42
1143 0.01210070164997286 11.43
1144 0.01210212452652943 11.44
1145 0.0121032029680756 11.45
1146 0.01210221517927717 11.46
1147 0.01210316175917972 11.47
1148 0.01210378403044436 11.48
1149 0.01210411522453482 11.49
1150 0.0121041954326301 11.5
1151 0.01210406391927199 11.51
1152 0.01210377420881923 11.52
1153 0.01210466116198315 11.53
1154 0.01210387177097469 11.54
1155 0.01210311168457547 11.55
1156 0.01210220276745665 11.56
1157 0.01210145489606458 11.57
1158 0.01210101816164374 11.58
1159 0.01210238197489102 11.59
1160 0.01210203672116794 11.6
1161 0.01210189505572198 11.61
1162 0.01210345196646464 11.62
1163 0.01210304952126878 11.63
1164 0.01210274144185155 11.64
1165 0.0121039774819962 11.65
1166 0.01210314970951456 11.66
1167 0.012103952365094 11.67
1168 0.01210322965249295 11.68
1169 0.01210276402278614 11.69
1170 0.01210397510102914 11.7
1171 0.01210348990731001 11.71
1172 0.01210314919603432 11.72
1173 0.01210295830138962 11.73
1174 0.01210315049453172 11.74
1175 0.0121033397085493 11.75
1176 0.0121035258602557 11.76
1177 0.01210378085586734 11.77
1178 0.01210397029899206 11.78
1179 0.01210411772710433 11.79
1180 0.01210422189582137 11.8
1181 0.01210435117030127 11.81
1182 0.01210431055929039 11.82
1183 0.01210427868842411 11.83
1184 0.01210427839052749 11.84
1185 0.01210430896113088 11.85
1186 0.01210437232300624 11.86
1187 0.01210446926840329 11.87
1188 0.01210459764478379 11.88
1189 0.01210475215759088 11.89
1190 0.01210492486703045 11.9
1191 0.01210512382793255 11.91
1192 0.01210531046922348 11.92
1193 0.01210548933595392 11.93
1194 0.01210566572090619 11.94
1195 0.01210584396635719 11.95
1196 0.01210602579970983 11.96
1197 0.01210620903895059 11.97
1198 0.01210633594935625 11.98
1199 0.01210652261667583 11.99
1200 0.01210659150272017 12
1201 0.01210672496548891 12.01
1202 0.01210688052929678 12.02
1203 0.01210702620808173 12.03
1204 0.01210713977874012 12.04
1205 0.0121072102150858 12.05
1206 0.01210735917804513 12.06
1207 0.01210741506299997 12.07
1208 0.01210731593059395 12.08
1209 0.01210707126727095 12.09
1210 0.01210681624897792 12.1
1211 0.01210657934853914 12.11
1212 0.01210637756858592 12.12
1213 0.01210622488332964 12.13
1214 0.01210613528951276 12.14
1215 0.01210612784575705 12.15
1216 0.01210615094628269 12.16
1217 0.01210617867062987 12.17
1218 0.01210622148614584 12.18
1219 0.01210628961651567 12.19
1220 0.01210637390600999 12.2
1221 0.01210638321576802 12.21
1222 0.01210642970958916 12.22
1223 0.01210649927968296 12.23
1224 0.01210494057876252 12.24
1225 0.01210557519226673 12.25
1226 0.01210619256982308 12.26
1227 0.01210502846208028 12.27
1228 0.012106188436344 12.28
1229 0.01210719410376987 12.29
1230 0.0121061967755576 12.3
1231 0.0121073791236034 12.31
1232 0.01210824349552396 12.32
1233 0.01210704318384813 12.33
1234 0.01210795780047286 12.34
1235 0.01210857174832914 12.35
1236 0.01210723609593531 12.36
1237 0.01210803329107257 12.37
1238 0.01210858436400515 12.38
1239 0.01210892104004725 12.39
1240 0.01210906421992278 12.4
1241 0.01210902672196479 12.41
1242 0.01210886861053095 12.42
1243 0.01210855854374987 12.43
1244 0.01210840264481695 12.44
1245 0.01210680894057773 12.45
1246 0.01210689953371695 12.46
1247 0.01210697669916409 12.47
1248 0.01210710143675961 12.48
1249 0.01210726652941235 12.49
1250 0.01210743320361026 12.5
1251 0.01210758934563971 12.51
1252 0.01210772101711687 12.52
1253 0.01210784164174262 12.53
1254 0.01210797167439313 12.54
1255 0.01210810909001307 12.55
1256 0.01210823532817651 12.56
1257 0.01210837127704477 12.57
1258 0.01210849187168975 12.58
1259 0.01210871493819569 12.59
1260 0.01210887825260991 12.6
1261 0.01210898165072234 12.61
1262 0.01210904257185588 12.62
1263 0.01210908217486699 12.63
1264 0.01210893423629666 12.64
1265 0.0121086802708721 12.65
1266 0.01210833854676094 12.66
1267 0.01210802387975433 12.67
1268 0.01210780005580205 12.68
1269 0.01210748102222834 12.69
1270 0.01210725667702796 12.7
1271 0.01210710779456817 12.71
1272 0.01210701726369294 12.72
1273 0.01210696746227046 12.73
1274 0.01210694342445007 12.74
1275 0.01210537822082928 12.75
1276 0.01210581856767547 12.76
1277 0.01210614206581473 12.77
1278 0.01210650804909416 12.78
1279 0.01210689189398972 12.79
1280 0.01210732396416534 12.8
1281 0.01210766183000085 12.81
1282 0.01210785460121223 12.82
1283 0.01210793465922634 12.83
1284 0.01210644097448075 12.84
1285 0.01210683531232747 12.85
1286 0.0121071565370527 12.86
1287 0.01210745304961289 12.87
1288 0.01210770826280525 12.88
1289 0.01210636314624216 12.89
1290 0.0121069376743031 12.9
1291 0.01210740395255174 12.91
1292 0.01210772470211753 12.92
1293 0.01210636181760292 12.93
1294 0.01210691446722476 12.94
1295 0.01210734189969891 12.95
1296 0.01210771991616318 12.96
1297 0.01210805231735956 12.97
1298 0.01210831755122036 12.98
1299 0.01210846369672065 12.99
1300 0.01210851611719879 13
1301 0.01210848726373378 13.01
1302 0.01210839090130056 13.02
1303 0.01210824842800444 13.03
1304 0.01210808217577554 13.04
1305 0.01210791054424362 13.05
1306 0.01210774899264157 13.06
1307 0.01210760725961296 13.07
1308 0.01210748975816812 13.08
1309 0.01210740089727293 13.09
1310 0.01210737284773836 13.1
1311 0.01210732377542128 13.11
1312 0.01210730881594093 13.12
1313 0.01210727589613041 13.13
1314 0.01210719442892505 13.14
1315 0.01210711308426629 13.15
1316 0.01210706983604756 13.16
1317 0.01210713885604704 13.17
1318 0.01210861884238364 13.18
1319 0.01210829833885577 13.19
1320 0.01210796412313961 13.2
1321 0.01210760818526195 13.21
1322 0.0121085468222913 13.22
1323 0.01210787095542476 13.23
1324 0.01210727122677773 13.24
1325 0.01210675213655605 13.25
1326 0.01210752662418668 13.26
1327 0.01210685745753819 13.27
1328 0.01210632307399455 13.28
1329 0.01210727178397363 13.29
1330 0.01210664641761735 13.3
1331 0.01210614152549158 13.31
1332 0.01210699958122767 13.32
1333 0.01210626607263301 13.33
1334 0.01210570118316916 13.34
1335 0.01210644254220101 13.35
1336 0.01210576631858922 13.36
1337 0.01210525598830374 13.37
1338 0.01210488970722417 13.38
1339 0.01210416431672142 13.39
1340 0.01210381112091483 13.4
1341 0.01210377082267382 13.41
1342 0.01210400097502335 13.42
1343 0.01210443855649586 13.43
1344 0.01210467756708738 13.44
1345 0.0121050124761347 13.45
1346 0.01210536102030154 13.46
1347 0.01210567659350433 13.47
1348 0.01210593703759748 13.48
1349 0.01210612146427705 13.49
1350 0.01210621526019616 13.5
1351 0.012106212771426 13.51
1352 0.01210619165857935 13.52
1353 0.01210601830307312 13.53
1354 0.01210574759932543 13.54
1355 0.01210542019142187 13.55
1356 0.01210504122782079 13.56
1357 0.0121046774846707 13.57
1358 0.01210267847407724 13.58
1359 0.01210298279215083 13.59
1360 0.01210323397705193 13.6
1361 0.01210357175360682 13.61
1362 0.01210204450798518 13.62
1363 0.01210286868123218 13.63
1364 0.0121035746493609 13.64
1365 0.01210218461510696 13.65
1366 0.01210322649543635 13.66
1367 0.01210200280484194 13.67
1368 0.01210324030128896 13.68
1369 0.012104241105691 13.69
1370 0.01210302357890026 13.7
1371 0.01210406554033174 13.71
1372 0.01210458297296318 13.72
1373 0.01210477848534422 13.73
1374 0.01210469443970729 13.74
1375 0.01210438363656251 13.75
1376 0.01210391018559349 13.76
1377 0.01210342518545835 13.77
1378 0.01210289962650406 13.78
1379 0.01210240723410624 13.79
1380 0.01210199288476854 13.8
1381 0.01210168038331856 13.81
1382 0.01210153512982648 13.82
1383 0.01210146713646287 13.83
1384 0.01210146556405397 13.84
1385 0.0121015170517779 13.85
1386 0.01210163981724678 13.86
1387 0.01210177267206101 13.87
1388 0.01210200430169894 13.88
1389 0.01210219797275242 13.89
1390 0.01210233906251815 13.9
1391 0.01210243161786355 13.91
1392 0.01210247102801541 13.92
1393 0.0121023690673814 13.93
1394 0.01210358957252418 13.94
1395 0.01210288953915586 13.95
1396 0.01210224333083693 13.96
1397 0.01210168743783194 13.97
1398 0.0121011541094808 13.98
1399 0.0121020953606704 13.99
1400 0.01210122341505298 14
1401 0.01210044894721073 14.01
1402 0.01209978508385305 14.02
1403 0.01209927251324077 14.03
1404 0.01209889049104972 14.04
1405 0.01210017500502822 14.05
1406 0.01209972668409342 14.06
1407 0.0120993313720442 14.07
1408 0.01209897105988467 14.08
1409 0.01210004885345085 14.09
1410 0.01209936410256886 14.1
1411 0.01209882687820042 14.11
1412 0.0120983584725933 14.12
1413 0.01209799680915415 14.13
1414 0.01209777330822081 14.14
1415 0.01209908032595947 14.15
1416 0.01209864720694392 14.16
1417 0.01209823302992188 14.17
1418 0.01209915741257915 14.18
1419 0.0120983979683975 14.19
1420 0.01209772357974984 14.2
1421 0.01209715713022444 14.21
1422 0.0120967414830046 14.22
1423 0.01209647526398896 14.23
1424 0.01209635015262565 14.24
1425 0.01209634120876868 14.25
1426 0.01209634809231932 14.26
1427 0.01209642871680438 14.27
1428 0.01209654916959274 14.28
1429 0.01209665635927481 14.29
1430 0.01209667701809215 14.3
1431 0.01209664719679629 14.31
1432 0.01209655668508564 14.32
1433 0.01209640650707327 14.33
1434 0.01209617832046855 14.34
1435 0.01209583592675546 14.35
1436 0.01209553625521385 14.36
1437 0.01209517833450615 14.37
1438 0.01209337883749001 14.38
1439 0.01209361683277891 14.39
1440 0.01209387820881724 14.4
1441 0.01209417005362139 14.41
1442 0.01209445829568919 14.42
1443 0.01209475764980808 14.43
1444 0.01209490980780198 14.44
1445 0.01209338490568714 14.45
1446 0.01209389852729051 14.46
1447 0.01209428242103884 14.47
1448 0.01209458920170252 14.48
1449 0.01209481876155393 14.49
1450 0.01209495271811196 14.5
1451 0.01209497304995439 14.51
1452 0.01209484585734849 14.52
1453 0.01209457850781255 14.53
1454 0.01209419529499574 14.54
1455 0.01209373097081186 14.55
1456 0.01209322245650996 14.56
1457 0.01209398631064708 14.57
1458 0.01209305529455321 14.58
1459 0.01209219200907398 14.59
1460 0.01209134450797613 14.6
1461 0.01209191246372537 14.61
1462 0.01209096775269795 14.62
1463 0.01209021625680834 14.63
1464 0.01209095915180706 14.64
1465 0.01209017199309334 14.65
1466 0.01209089782217366 14.66
1467 0.01209009873567782 14.67
1468 0.01208953205748756 14.68
1469 0.01208911956631799 14.69
1470 0.01209027183064963 14.7
1471 0.01208961224436442 14.71
1472 0.01208922468053253 14.72
1473 0.01208906002886607 14.73
1474 0.01208907207040395 14.74
1475 0.01208929078078654 14.75
1476 0.01208975511157935 14.76
1477 0.01209005404000514 14.77
1478 0.01209020525157657 14.78
1479 0.01209033842847782 14.79
1480 0.012090297764754 14.8
1481 0.01209012567218094 14.81
1482 0.01208984390106823 14.82
1483 0.01208947390299234 14.83
1484 0.0120890589694985 14.84
1485 0.01208858577147966 14.85
1486 0.01208808452013104 14.86
1487 0.01208738294633339 14.87
1488 0.01208678926941432 14.88
1489 0.01208630068841183 14.89
1490 0.01208592112923182 14.9
1491 0.01208564689270791 14.91
1492 0.01208526887912112 14.92
1493 0.01208349697166111 14.93
1494 0.01208403111984854 14.94
1495 0.01208458086915622 14.95
1496 0.01208326519347713 14.96
1497 0.0120843074069351 14.97
1498 0.01208512531347411 14.98
1499 0.01208385855583816 14.99
1500 0.01208472991205298 15
1501 0.01208531128414332 15.01
1502 0.0120838432390028 15.02
1503 0.01208447980712653 15.03
1504 0.01208482031329442 15.04
1505 0.01208487519782815 15.05
1506 0.01208306182820475 15.06
1507 0.01208321138592911 15.07
1508 0.01208318152932427 15.08
1509 0.01208301085153281 15.09
1510 0.01208271098466956 15.1
1511 0.01208229969913929 15.11
1512 0.01208184935335307 15.12
1513 0.01208135218567832 15.13
1514 0.01208087287651954 15.14
1515 0.01208029407371039 15.15
1516 0.01207986026932454 15.16
1517 0.01207958652648536 15.17
1518 0.01207946554545886 15.18
1519 0.01207947189344562 15.19
1520 0.01207971371535507 15.2
1521 0.01207998187274636 15.21
1522 0.01208023661541378 15.22
1523 0.01208044286239424 15.23
1524 0.01208056101117295 15.24
1525 0.01208068368318114 15.25
1526 0.01208069587282913 15.26
1527 0.01208077477608136 15.27
1528 0.01208063690783422 15.28
1529 0.01208041594167754 15.29
1530 0.01208013393148445 15.3
1531 0.01207980531880193 15.31
1532 0.01207944034466985 15.32
1533 0.01208038686736634 15.33
1534 0.01207947282748581 15.34
1535 0.01207860882177196 15.35
1536 0.01207780274805863 15.36
1537 0.01207708387633196 15.37
1538 0.01207645458756477 15.38
1539 0.01207598302717371 15.39
1540 0.01207565353254921 15.4
1541 0.01207544400644337 15.41
1542 0.01207532700016189 15.42
1543 0.0120753425321896 15.43
1544 0.01207536547240212 15.44
1545 0.01207537937626766 15.45
1546 0.01207537287878024 15.46
1547 0.01207533958717721 15.47
1548 0.01207527740627675 15.48
1549 0.01207657598324036 15.49
1550 0.012075958668423 15.5
1551 0.01207536319195418 15.51
1552 0.01207584567815412 15.52
1553 0.01207469736930713 15.53
1554 0.01207374566465188 15.54
1555 0.01207297319368974 15.55
1556 0.01207369147516637 15.56
1557 0.01207270084921665 15.57
1558 0.01207190892138556 15.58
1559 0.01207259598211009 15.59
1560 0.01207158602246446 15.6
1561 0.01207077546550061 15.61
1562 0.01207014593052095 15.62
1563 0.01206969272842907 15.63
1564 0.0120694081112842 15.64
1565 0.01206927025755138 15.65
1566 0.0120692761202921 15.66
1567 0.01206913329155206 15.67
1568 0.01206905355626554 15.68
1569 0.01206899777084587 15.69
1570 0.0120672153857993 15.7
1571 0.01206788946147532 15.71
1572 0.01206835897651481 15.72
1573 0.01206866009426357 15.73
1574 0.01206707567245116 15.74
1575 0.01206769176491358 15.75
1576 0.01206801162511721 15.76
1577 0.01206639385797158 15.77
1578 0.01206692755283669 15.78
1579 0.01206717503131867 15.79
1580 0.01206720392621801 15.8
1581 0.012065429669048 15.81
1582 0.01206574703126053 15.82
1583 0.01206582460232807 15.83
1584 0.01206574327943452 15.84
1585 0.01206393726676135 15.85
1586 0.01206425293769149 15.86
1587 0.01206437294764426 15.87
1588 0.01206436925111525 15.88
1589 0.01206263886777426 15.89
1590 0.01206308834922183 15.9
1591 0.01206336370209839 15.91
1592 0.01206363544349022 15.92
1593 0.01206220621117128 15.93
1594 0.01206276298821473 15.94
1595 0.0120631514306982 15.95
1596 0.01206341225339996 15.96
1597 0.01206208487881357 15.97
1598 0.01206265696762907 15.98
1599 0.01206293681051064 15.99
1600 0.01206309292626503 16
1601 0.0120630695334769 16.01
1602 0.01206147796069162 16.02
1603 0.01206165589564404 16.03
1604 0.01206161509476361 16.04
1605 0.01206000445929388 16.05
1606 0.01206016649796622 16.06
1607 0.01206019470185479 16.07
1608 0.01206012893283418 16.08
1609 0.01205856911561728 16.09
1610 0.01205876536068938 16.1
1611 0.01205882392665859 16.11
1612 0.01205878856286833 16.12
1613 0.01205867352345051 16.13
1614 0.01205707568943935 16.14
1615 0.01205729592904438 16.15
1616 0.01205739570654509 16.16
1617 0.01205742390778206 16.17
1618 0.01205738984906224 16.18
1619 0.01205726904323839 16.19
1620 0.0120570660230778 16.2
1621 0.01205679538695584 16.21
1622 0.01205648343638301 16.22
1623 0.01205624600730281 16.23
1624 0.01205607466569326 16.24
1625 0.01205587865728807 16.25
1626 0.0120543256181843 16.26
1627 0.01205451606223821 16.27
1628 0.01205464422762239 16.28
1629 0.01205329291635054 16.29
1630 0.01205366704911879 16.3
1631 0.01205381552572761 16.31
1632 0.01205383480681977 16.32
1633 0.01205370253042016 16.33
1634 0.01205341258659515 16.34
1635 0.01205169395631204 16.35
1636 0.01205154790643095 16.36
1637 0.01205141146218008 16.37
1638 0.01204987220305125 16.38
1639 0.01204996351723927 16.39
1640 0.01204993915432776 16.4
1641 0.01204848242870276 16.41
1642 0.01204868026469005 16.42
1643 0.01204873386148974 16.43
1644 0.01204731820578031 16.44
1645 0.01204746306920227 16.45
1646 0.01204609234757827 16.46
1647 0.01204641611700399 16.47
1648 0.01204518110126232 16.48
1649 0.01204584517006111 16.49
1650 0.01204641551395678 16.5
1651 0.01204533307648093 16.51
1652 0.01204609247954298 16.52
1653 0.01204523544762036 16.53
1654 0.01204609544984107 16.54
1655 0.01204667192727349 16.55
1656 0.01204694285615047 16.56
1657 0.012045700111936 16.57
1658 0.01204583468671645 16.58
1659 0.01204571543142427 16.59
1660 0.0120454151598274 16.6
1661 0.01204499274220013 16.61
1662 0.01204448945770762 16.62
1663 0.01204285305615202 16.63
1664 0.01204261756525454 16.64
1665 0.0120425014125697 16.65
1666 0.01204231585768755 16.66
1667 0.01204095079970327 16.67
1668 0.01204096293075658 16.68
1669 0.01204094053852444 16.69
1670 0.01204090379492076 16.7
1671 0.01204083416388699 16.71
1672 0.01204071439649959 16.72
1673 0.01204052806888498 16.73
1674 0.01203911879728861 16.74
1675 0.01203917351659834 16.75
1676 0.01203915159934826 16.76
1677 0.01203909439510611 16.77
1678 0.01203900729942698 16.78
1679 0.01203883614445179 16.79
1680 0.01203861844417587 16.8
1681 0.01203834172447665 16.81
1682 0.01203800921917358 16.82
1683 0.01203763472949068 16.83
1684 0.01203724394666992 16.84
1685 0.01203684547827201 16.85
1686 0.01203536860210542 16.86
1687 0.01203531798961781 16.87
1688 0.01203527668616749 16.88
1689 0.01203526928107472 16.89
1690 0.01203528349771609 16.9
1691 0.01203535845031786 16.91
1692 0.01203419541638216 16.92
1693 0.01203445313500162 16.93
1694 0.01203450546114693 16.94
1695 0.01203328189406095 16.95
1696 0.0120335430681379 16.96
1697 0.01203244189234742 16.97
1698 0.01203292752273818 16.98
1699 0.01203188048625024 16.99
1700 0.01203236626872899 17
1701 0.01203135740902505 17.01
1702 0.01203183286945709 17.02
1703 0.01203077987946229 17.03
1704 0.01203114400024605 17.04
1705 0.01203000588626566 17.05
1706 0.01203024223100269 17.06
1707 0.01202903616196896 17.07
1708 0.01202920216549129 17.08
1709 0.01202797516723227 17.09
1710 0.01202814237997786 17.1
1711 0.01202684776223018 17.11
1712 0.01202700782697182 17.12
1713 0.01202576808149938 17.13
1714 0.01202604106365206 17.14
1715 0.01202487110670589 17.15
1716 0.01202523557578824 17.16
1717 0.01202411831406907 17.17
1718 0.01202454558333196 17.18
1719 0.01202346498395004 17.19
1720 0.01202393522042451 17.2
1721 0.01202288222227182 17.21
1722 0.01202338553263445 17.22
1723 0.0120236870376774 17.23
1724 0.01202253579716477 17.24
1725 0.01202287261433756 17.25
1726 0.01202300586797963 17.26
1727 0.01202167007379172 17.27
1728 0.01202182746184291 17.28
1729 0.0120218581925151 17.29
1730 0.01202178294890357 17.3
1731 0.01202061183053004 17.31
1732 0.01202080430942741 17.32
1733 0.01202061195112597 17.33
1734 0.01201917575466449 17.34
1735 0.01201922230078274 17.35
1736 0.01201918762829317 17.36
1737 0.0120178751687187 17.37
1738 0.01201810926921043 17.38
1739 0.0120169503672138 17.39
1740 0.01201731522411061 17.4
1741 0.01201618023721438 17.41
1742 0.01201671694656268 17.42
1743 0.01201567914016289 17.43
1744 0.01201633187079142 17.44
1745 0.01201538685027372 17.45
1746 0.01201604896112949 17.46
1747 0.01201506609405157 17.47
1748 0.01201562439350541 17.48
1749 0.01201457226430124 17.49
1750 0.01201498052374507 17.5
1751 0.01201508485223295 17.51
1752 0.01201374250229886 17.52
1753 0.0120137392453928 17.53
1754 0.0120135013241601 17.54
1755 0.01201216539442695 17.55
1756 0.01201204986946019 17.56
1757 0.01201177788286842 17.57
1758 0.01201133075329266 17.58
1759 0.01200980879011731 17.59
1760 0.0120097877548619 17.6
1761 0.01200976023288644 17.61
1762 0.01200976166532485 17.62
1763 0.01200978929902161 17.63
1764 0.01200985639154064 17.64
1765 0.01200990088040381 17.65
1766 0.01200865636578075 17.66
1767 0.01200894974712469 17.67
1768 0.01200912130089123 17.68
1769 0.01200795178010203 17.69
1770 0.0120083506067721 17.7
1771 0.01200730413093163 17.71
1772 0.01200792415125883 17.72
1773 0.01200698757188175 17.73
1774 0.01200755871460535 17.74
1775 0.01200654910114443 17.75
1776 0.01200697599024729 17.76
1777 0.01200584945388416 17.77
1778 0.01200607898128252 17.78
1779 0.01200482810600843 17.79
1780 0.01200489029919592 17.8
1781 0.01200383045427179 17.81
1782 0.01200400823757068 17.82
1783 0.01200279986301278 17.83
1784 0.01200278967203361 17.84
1785 0.01200148400253706 17.85
1786 0.01200138372174326 17.86
1787 0.01200006152955332 17.87
1788 0.01199890022211541 17.88
1789 0.01199909634612629 17.89
1790 0.01199801391972015 17.9
1791 0.01199837554279436 17.91
1792 0.01199741632415454 17.92
1793 0.01199793651659878 17.93
1794 0.01199705158662448 17.94
1795 0.01199761845995424 17.95
1796 0.01199672769605412 17.96
1797 0.01199723486889291 17.97
1798 0.0119974824369826 17.98
1799 0.01199637930887196 17.99
1800 0.01199654718923136 18
1801 0.01199648562782521 18.01
1802 0.01199520926026337 18.02
1803 0.01199515988258883 18.03
1804 0.01199497593753522 18.04
1805 0.01199471174993082 18.05
1806 0.01199338221543781 18.06
1807 0.01199333011261703 18.07
1808 0.01199319380756168 18.08
1809 0.01199300536323769 18.09
1810 0.01199174143378873 18.1
1811 0.01199179002307693 18.11
1812 0.01199175029245822 18.12
1813 0.01199057802996421 18.13
1814 0.01199075255407675 18.14
1815 0.01199082805047624 18.15
1816 0.01198952404862413 18.16
1817 0.01198965905014546 18.17
1818 0.01198853620937984 18.18
1819 0.01198890305806698 18.19
1820 0.01198790926522082 18.2
1821 0.01198842937341408 18.21
1822 0.01198751003566932 18.22
1823 0.01198808573058896 18.23
1824 0.01198722004002968 18.24
1825 0.01198777698810814 18.25
1826 0.01198680462643646 18.26
1827 0.01198719770711074 18.27
1828 0.01198613220421608 18.28
1829 0.01198637217337387 18.29
1830 0.01198634335547992 18.3
1831 0.01198504888266825 18.31
1832 0.01198500613588722 18.32
1833 0.01198478672020977 18.33
1834 0.01198342034926345 18.34
1835 0.01198335024246866 18.35
1836 0.01198317785279543 18.36
1837 0.01198188830338349 18.37
1838 0.01198197894357358 18.38
1839 0.01198200339986876 18.39
1840 0.01198199993919385 18.4
1841 0.01198202330642966 18.41
1842 0.01198198387249967 18.42
1843 0.01198186174820246 18.43
1844 0.01198061077801638 18.44
1845 0.01198061278832849 18.45
1846 0.01198046526398888 18.46
1847 0.01197927228502519 18.47
1848 0.01197918795776495 18.48
1849 0.0119780078058051 18.49
1850 0.0119780484853192 18.5
1851 0.01197696386348802 18.51
1852 0.01197714782608062 18.52
1853 0.01197624712471928 18.53
1854 0.01197655398460675 18.54
1855 0.0119756279210606 18.55
1856 0.01197586070730522 18.56
1857 0.01197479357171486 18.57
1858 0.01197382248088092 18.58
1859 0.01197408137320535 18.59
1860 0.01197310760356039 18.6
1861 0.01197224316657161 18.61
1862 0.01197267947919119 18.62
1863 0.01197181504827694 18.63
1864 0.01197106044690071 18.64
1865 0.01197040801816478 18.65
1866 0.01196984052905144 18.66
1867 0.01197066152634188 18.67
1868 0.01197000737457922 18.68
1869 0.01196942678655007 18.69
1870 0.01196891028374281 18.7
1871 0.01196844095612873 18.71
1872 0.0119680051639286 18.72
1873 0.01196759716359187 18.73
1874 0.01196856309685611 18.74
1875 0.01196795985803844 18.75
1876 0.01196734298077528 18.76
1877 0.01196676196559075 18.77
1878 0.01196746151444343 18.78
1879 0.01196664904571497 18.79
1880 0.01196584556699367 18.8
1881 0.01196620890776539 18.81
1882 0.01196519906249475 18.82
1883 0.01196422771857881 18.83
1884 0.01196440972366897 18.84
1885 0.01196333729860426 18.85
1886 0.01196236041173476 18.86
1887 0.01196261668503175 18.87
1888 0.01196159729805559 18.88
1889 0.0119618417218458 18.89
1890 0.01196085342557909 18.9
1891 0.01195999599345234 18.91
1892 0.01196047279847408 18.92
1893 0.01195962645915857 18.93
1894 0.01196012230279669 18.94
1895 0.01195929975083402 18.95
1896 0.01195864004141904 18.96
1897 0.0119594002659611 18.97
1898 0.01195874750601505 18.98
1899 0.01195820951562176 18.99
1900 0.01195908180727371 19
1901 0.01195845975756064 19.01
1902 0.0119579105547448 19.02
1903 0.0119587038897205 19.03
1904 0.01195798042031394 19.04
1905 0.01195730635354204 19.05
1906 0.01195787296102683 19.06
1907 0.01195704227708876 19.07
1908 0.01195632251424229 19.08
1909 0.01195675238422027 19.09
1910 0.01195587255340103 19.1
1911 0.01195608008035513 19.11
1912 0.0119550732328442 19.12
1913 0.01195510525850764 19.13
1914 0.01195399521845143 19.14
1915 0.01195389344865054 19.15
1916 0.01195271578496571 19.16
1917 0.01195255267247421 19.17
1918 0.01195224627083024 19.18
1919 0.01195098527673628 19.19
1920 0.01195074859686503 19.2
1921 0.01195040052073552 19.21
1922 0.01194912208305094 19.22
1923 0.01194886965163844 19.23
1924 0.01194852168818109 19.24
1925 0.01194726601067614 19.25
1926 0.01194711140913377 19.26
1927 0.01194599603784347 19.27
1928 0.01194603344938641 19.28
1929 0.01194601665498361 19.29
1930 0.01194499988257203 19.3
1931 0.01194516619751626 19.31
1932 0.01194424558053512 19.32
1933 0.01194451501476297 19.33
1934 0.01194363933692008 19.34
1935 0.01194288033021308 19.35
1936 0.01194333428690159 19.36
1937 0.0119425460224368 19.37
1938 0.01194178743170471 19.38
1939 0.01194112879502367 19.39
1940 0.01194173622031028 19.4
1941 0.01194098170395113 19.41
1942 0.01194028726644174 19.42
1943 0.0119396475749772 19.43
1944 0.01194020506573492 19.44
1945 0.01193941486822902 19.45
1946 0.01193866806775418 19.46
1947 0.0119379696759677 19.47
1948 0.01193732004960174 19.48
1949 0.01193786886314569 19.49
1950 0.01193709279002779 19.5
1951 0.01193630514070092 19.51
1952 0.01193561155341942 19.52
1953 0.01193500479795138 19.53
1954 0.01193447972734345 19.54
1955 0.0119340348696501 19.55
1956 0.01193368361174641 19.56
1957 0.01193338411940366 19.57
1958 0.0119331683147741 19.58
1959 0.01193302112418213 19.59
1960 0.0119329381264685 19.6
1961 0.01193288218040646 19.61
1962 0.01193283534263728 19.62
1963 0.01193277839095775 19.63
1964 0.01193269754155932 19.64
1965 0.01193257930646626 19.65
1966 0.01193241237254825 19.66
1967 0.01193218752567819 19.67
1968 0.01193320130150724 19.68
1969 0.01193256893836667 19.69
1970 0.01193186917142686 19.7
1971 0.01193110572834555 19.71
1972 0.01193133139678391 19.72
1973 0.01193022536239861 19.73
1974 0.01193003674408147 19.74
1975 0.01192873954263122 19.75
1976 0.01192750599056719 19.76
1977 0.01192727510825613 19.77
1978 0.01192603719796773 19.78
1979 0.01192589213824937 19.79
1980 0.01192475610748276 19.8
1981 0.01192479557442434 19.81
1982 0.01192378218426276 19.82
1983 0.01192398647006172 19.83
1984 0.01192306325365864 19.84
1985 0.01192337007619667 19.85
1986 0.01192249798953472 19.86
1987 0.01192285438327445 19.87
1988 0.01192201030667808 19.88
1989 0.01192238545014342 19.89
1990 0.01192154485109743 19.9
1991 0.01192081643462395 19.91
1992 0.01192133592512 19.92
1993 0.0119205770864141 19.93
1994 0.01192104905030184 19.94
1995 0.0119202624666551 19.95
1996 0.0119206716117369 19.96
1997 0.01191983061444411 19.97
1998 0.01192013072477817 19.98
1999 0.01192020068272221 19.99
2000 0.01191913738439272 20
2001 0.01191909668734678 20.01
2002 0.01191884595857567 20.02
2003 0.01191842181344591 20.03
2004 0.01191706591538442 20.04
2005 0.01191663758165224 20.05
2006 0.01191607619771538 20.06
2007 0.0119146653006025 20.07
2008 0.01191423130244135 20.08
2009 0.01191292755718548 20.09
2010 0.01191267138907494 20.1
2011 0.01191150374284068 20.11
2012 0.01191146573814561 20.12
2013 0.01191043858298917 20.13
2014 0.01190967158146211 20.14
2015 0.01191010666645913 20.15
2016 0.01190936731566763 20.16
2017 0.01190873831700653 20.17
2018 0.01190928219758588 20.18
2019 0.01190856973366619 20.19
2020 0.01190792258499116 20.2
2021 0.01190738690778622 20.21
2022 0.01190793519109622 20.22
2023 0.01190720784427656 20.23
2024 0.01190653826097018 20.24
2025 0.01190591396545869 20.25
2026 0.01190640232573068 20.26
2027 0.01190569513836024 20.27
2028 0.01190505121402532 20.28
2029 0.01190446598544147 20.29
2030 0.01190392702279566 20.3
2031 0.01190342466561167 20.31
2032 0.01190295510999119 20.32
2033 0.01190251905691926 20.33
2034 0.01190211876674029 20.34
2035 0.01190175512637189 20.35
2036 0.01190256778428457 20.36
2037 0.0119020403856861 20.37
2038 0.01190153647965225 20.38
2039 0.01190105152746536 20.39
2040 0.01190061512011969 20.4
2041 0.01190016961004402 20.41
2042 0.01189972026746116 20.42
2043 0.01189927893928466 20.43
2044 0.01189885805297279 20.44
2045 0.01189846660193553 20.45
2046 0.01189810734020095 20.46
2047 0.01189777621616816 20.47
2048 0.0118974636181507 20.48
2049 0.0118971568150029 20.49
2050 0.01189794710278304 20.5
2051 0.01189739229526201 20.51
2052 0.01189681535081564 20.52
2053 0.01189621635179143 20.53
2054 0.01189653444028307 20.54
2055 0.01189561938711674 20.55
2056 0.01189561878910124 20.56
2057 0.01189459059434703 20.57
2058 0.01189362632487014 20.58
2059 0.01189361335355958 20.59
2060 0.01189260378923761 20.6
2061 0.01189256264980532 20.61
2062 0.0118915693276474 20.62
2063 0.01189156661835829 20.63
2064 0.01189060388108235 20.64
2065 0.01189065770238237 20.65
2066 0.01188973369812464 20.66
2067 0.01188984289779475 20.67
2068 0.01188895367183728 20.68
2069 0.01188817730825496 20.69
2070 0.01188847936780213 20.7
2071 0.01188771021421953 20.71
2072 0.01188703353552322 20.72
2073 0.0118874510512278 20.73
2074 0.01188672046212074 20.74
2075 0.01188606477559415 20.75
2076 0.01188647297317301 20.76
2077 0.01188570061365149 20.77
2078 0.01188605289989495 20.78
2079 0.01188525341019715 20.79
2080 0.01188555902995827 20.8
2081 0.01188567693492167 20.81
2082 0.01188472347402116 20.82
2083 0.0118847786619351 20.83
2084 0.01188465118384418 20.84
2085 0.01188435640595917 20.85
2086 0.01188314581110187 20.86
2087 0.01188284743320991 20.87
2088 0.01188164305157211 20.88
2089 0.01188138175119149 20.89
2090 0.01188022255747784 20.9
2091 0.01188006801850218 20.91
2092 0.01187899823028039 20.92
2093 0.01187808317842334 20.93
2094 0.01187829203634971 20.94
2095 0.01187744035827194 20.95
2096 0.01187672415190758 20.96
2097 0.0118771847004057 20.97
2098 0.01187646684342803 20.98
2099 0.01187584821884788 20.99
2100 0.01187639029071921 21
2101 0.01187569109856208 21.01
2102 0.01187505450658946 21.02
2103 0.01187447338227505 21.03
2104 0.01187500078443319 21.04
2105 0.01187426554278044 21.05
2106 0.01187357490636706 21.06
2107 0.01187293217108671 21.07
2108 0.01187336503983001 21.08
2109 0.01187257623044281 21.09
2110 0.01187183700207626 21.1
2111 0.0118721446037558 21.11
2112 0.01187129406923413 21.12
2113 0.01187050845951623 21.13
2114 0.01187077758723372 21.14
2115 0.01186992526091039 21.15
2116 0.01186915402139133 21.16
2117 0.01186846426398588 21.17
2118 0.01186784921229926 21.18
2119 0.01186835101749165 21.19
2120 0.01186763946703459 21.2
2121 0.01186699945492024 21.21
2122 0.01186643011618098 21.22
2123 0.01186592114164863 21.23
2124 0.01186654562864035 21.24
2125 0.01186589735288619 21.25
2126 0.01186522256417772 21.26
2127 0.01186568685979646 21.27
2128 0.0118649380904409 21.28
2129 0.01186528586079157 21.29
2130 0.01186446452724301 21.3
2131 0.0118646962078305 21.31
2132 0.01186379848443274 21.32
2133 0.01186391599456046 21.33
2134 0.01186303292205702 21.34
2135 0.01186309234919578 21.35
2136 0.01186211300119135 21.36
2137 0.0118620491679448 21.37
2138 0.01186101092141345 21.38
2139 0.01186089526957337 21.39
2140 0.0118598642824661 21.4
2141 0.01185977707869551 21.41
2142 0.01185877829281805 21.42
2143 0.01185876434858344 21.43
2144 0.01185866095996263 21.44
2145 0.0118576758649264 21.45
2146 0.01185769295146828 21.46
2147 0.01185679050789357 21.47
2148 0.01185689186227036 21.48
2149 0.01185602842590575 21.49
2150 0.01185618023783874 21.5
2151 0.01185534761550983 21.51
2152 0.0118546225404884 21.52
2153 0.01185495468095611 21.53
2154 0.01185422076998062 21.54
2155 0.01185358100497608 21.55
2156 0.01185401786655697 21.56
2157 0.01185334085411493 21.57
2158 0.01185274092947895 21.58
2159 0.01185320277753808 21.59
2160 0.01185252499118247 21.6
2161 0.01185190587413276 21.61
2162 0.0118523230174609 21.62
2163 0.01185161716305529 21.63
2164 0.0118509744396338 21.64
2165 0.01185038966876221 21.65
2166 0.01185082515398142 21.66
2167 0.01185010399904425 21.67
2168 0.01184943396473457 21.68
2169 0.01184882129423667 21.69
2170 0.01184922446158744 21.7
2171 0.01184860336632765 21.71
2172 0.01184801242529047 21.72
2173 0.01184836696145777 21.73
2174 0.01184763555806819 21.74
2175 0.01184778754443208 21.75
2176 0.01184690529978049 21.76
2177 0.01184608209759406 21.77
2178 0.0118461486162858 21.78
2179 0.01184524923122263 21.79
2180 0.01184442266392914 21.8
2181 0.01184367520710423 21.81
2182 0.01184300271512962 21.82
2183 0.01184329785572331 21.83
2184 0.01184254993744263 21.84
2185 0.01184188091504593 21.85
2186 0.01184129197003412 21.86
2187 0.01184077144947745 21.87
2188 0.01184126166718575 21.88
2189 0.0118406016589673 21.89
2190 0.01184000085980204 21.9
2191 0.01183946041776301 21.91
2192 0.0118389714928539 21.92
2193 0.01183852484912056 21.93
2194 0.01183811390078753 21.94
2195 0.01183773424110011 21.95
2196 0.01183738198820024 21.96
2197 0.0118370522332134 21.97
2198 0.01183673820599414 21.98
2199 0.01183643137166119 21.99
2200 0.01183612234172735 22
2201 0.01183580206885105 22.01
2202 0.01183546284165536 22.02
2203 0.0118350991931506 22.03
2204 0.01183470855588898 22.04
2205 0.01183429158731904 22.05
2206 0.01183385180985442 22.06
2207 0.01183339502512055 22.07
2208 0.01183292840504302 22.08
2209 0.01183245951433663 22.09
2210 0.01183199549619499 22.1
2211 0.01183154241386979 22.11
2212 0.01183110490942418 22.12
2213 0.01183166571651428 22.13
2214 0.0118310438853185 22.14
2215 0.01183045352862226 22.15
2216 0.01182989788981595 22.16
2217 0.01183029216590249 22.17
2218 0.01182956744502254 22.18
2219 0.0118288789296139 22.19
2220 0.0118282619630607 22.2
2221 0.01182862462080138 22.21
2222 0.01182789973015848 22.22
2223 0.01182812283490896 22.23
2224 0.01182733243421001 22.24
2225 0.0118266253607533 22.25
2226 0.01182687062028216 22.26
2227 0.01182608209325235 22.27
2228 0.01182621681484159 22.28
2229 0.01182541202129165 22.29
2230 0.01182550319278937 22.3
2231 0.01182466330442874 22.31
2232 0.01182471649740925 22.32
2233 0.01182386099876493 22.33
2234 0.01182310593275952 22.34
2235 0.01182328320252331 22.35
2236 0.01182250214778672 22.36
2237 0.01182182490093252 22.37
2238 0.01182125107391178 22.38
2239 0.0118216835862352 22.39
2240 0.01182105942221855 22.4
2241 0.01182052727327203 22.41
2242 0.01182008170941568 22.42
2243 0.01182065870905795 22.43
2244 0.01182009462896734 22.44
2245 0.0118195799075419 22.45
2246 0.0118200142803718 22.46
2247 0.01181934173282792 22.47
2248 0.01181869976440632 22.48
2249 0.0118189273595083 22.49
2250 0.01181812406105875 22.5
2251 0.01181736218027821 22.51
2252 0.0118166496073876 22.52
2253 0.01181679777560755 22.53
2254 0.01181596750261563 22.54
2255 0.01181520911172535 22.55
2256 0.01181452983184146 22.56
2257 0.01181476161950757 22.57
2258 0.0118140015968688 22.58
2259 0.01181332193985811 22.59
2260 0.01181272365798984 22.6
2261 0.01181219681708487 22.61
2262 0.01181173116343976 22.62
2263 0.01181131959473062 22.63
2264 0.01181190763879801 22.64
2265 0.01181136259807972 22.65
2266 0.01181087801157129 22.66
2267 0.01181045221451498 22.67
2268 0.01181006918202579 22.68
2269 0.01181064970625642 22.69
2270 0.01181007668320779 22.7
2271 0.01180952182232614 22.71
2272 0.01180898719119209 22.72
2273 0.01180846659222179 22.73
2274 0.01180795531648543 22.74
2275 0.01180745557366602 22.75
2276 0.01180784409341702 22.76
2277 0.01180717531660631 22.77
2278 0.0118065573112816 22.78
2279 0.01180683308165856 22.79
2280 0.01180611853489535 22.8
2281 0.01180624446639588 22.81
2282 0.01180543316845919 22.82
2283 0.01180541063205674 22.83
2284 0.01180450309432123 22.84
2285 0.01180365101036022 22.85
2286 0.01180357524246983 22.86
2287 0.01180264086203264 22.87
2288 0.01180179043176498 22.88
2289 0.01180103056532716 22.89
2290 0.01180035889752129 22.9
2291 0.01179977147312328 22.91
2292 0.0117992654456432 22.92
2293 0.01179883843915385 22.93
2294 0.01179848653499247 22.94
2295 0.0117982030025755 22.95
2296 0.01179797875617442 22.96
2297 0.01179772466577207 22.97
2298 0.01179754085064141 22.98
2299 0.01179740597983519 22.99
2300 0.01179729926028495 23
2301 0.01179720032496651 23.01
2302 0.0117970904556452 23.02
2303 0.01179695405946295 23.03
2304 0.01179683051196751 23.04
2305 0.01179664330286607 23.05
2306 0.01179736787366914 23.06
2307 0.01179681476216068 23.07
2308 0.01179623370965605 23.08
2309 0.0117956349776365 23.09
2310 0.01179582111310256 23.1
2311 0.01179497171584698 23.11
2312 0.01179414683504217 23.12
2313 0.01179408647505842 23.13
2314 0.01179313655319452 23.14
2315 0.01179226598600339 23.15
2316 0.01179221155431677 23.16
2317 0.01179130497764933 23.17
2318 0.01179051350496865 23.18
2319 0.01179061725275551 23.19
2320 0.01178983067584907 23.2
2321 0.01178916978572562 23.21
2322 0.01178862635713726 23.22
2323 0.01178906574647199 23.23
2324 0.01178847282405764 23.24
2325 0.01178798196063854 23.25
2326 0.01178758350447362 23.26
2327 0.01178819141848686 23.27
2328 0.01178768112648982 23.28
2329 0.01178723848011114 23.29
2330 0.01178684967424054 23.3
2331 0.01178743762767493 23.31
2332 0.01178690641879236 23.32
2333 0.01178643956749986 23.33
2334 0.01178603475758935 23.34
2335 0.01178567606825403 23.35
2336 0.01178626841619166 23.36
2337 0.01178571884551094 23.37
2338 0.0117852004221065 23.38
2339 0.01178470350102766 23.39
2340 0.01178504764076941 23.4
2341 0.01178431624171775 23.41
2342 0.01178360132287069 23.42
2343 0.0117836560290465 23.43
2344 0.01178277643521917 23.44
2345 0.01178195311053361 23.45
2346 0.01178191852677365 23.46
2347 0.01178103245956617 23.47
2348 0.01178025053393405 23.48
2349 0.01178034018256182 23.49
2350 0.0117795667928188 23.5
2351 0.01177969565985397 23.51
2352 0.01177896272193349 23.52
2353 0.01177835001485013 23.53
2354 0.01177867171138033 23.54
2355 0.01177802353971468 23.55
2356 0.01177827811173835 23.56
2357 0.01177759086333192 23.57
2358 0.01177698590128294 23.58
2359 0.01177726883774725 23.59
2360 0.0117765792229323 23.6
2361 0.01177596220097066 23.61
2362 0.01177622794058348 23.62
2363 0.0117755334171907 23.63
2364 0.0117749239801427 23.64
2365 0.01177518155622422 23.65
2366 0.01177448667699457 23.66
2367 0.01177386075836804 23.67
2368 0.01177408901690232 23.68
2369 0.0117733756400697 23.69
2370 0.0117726224377469 23.7
2371 0.0117727505063332 23.71
2372 0.01177194803436917 23.72
2373 0.01177201479206158 23.73
2374 0.01177118410165113 23.74
2375 0.01177120638569581 23.75
2376 0.01177034219915047 23.76
2377 0.01176956234274975 23.77
2378 0.01176963709433598 23.78
2379 0.01176879569740785 23.79
2380 0.01176804641432719 23.8
2381 0.01176819946299641 23.81
2382 0.01176743564796262 23.82
2383 0.01176678245754123 23.83
2384 0.01176709031700666 23.84
2385 0.01176642814087433 23.85
2386 0.01176586878086333 23.86
2387 0.01176540524211317 23.87
2388 0.01176594522972999 23.88
2389 0.01176540576850838 23.89
2390 0.01176583328006375 23.9
2391 0.01176522971898305 23.91
2392 0.01176469214831117 23.92
2393 0.01176507708960603 23.93
2394 0.01176441532905325 23.94
2395 0.01176380205996035 23.95
2396 0.01176406612125251 23.96
2397 0.01176333316383757 23.97
2398 0.01176265695421374 23.98
2399 0.01176203781177004 23.99
2400 0.01176228737338952 24
2401 0.01176153958546489 24.01
2402 0.01176084699733352 24.02
2403 0.01176021038623747 24.03
2404 0.01175962189923342 24.04
2405 0.01175990386982204 24.05
2406 0.01175917688284288 24.06
2407 0.01175851453987085 24.07
2408 0.01175792579264218 24.08
2409 0.01175740900941323 24.09
2410 0.01175696089612375 24.1
2411 0.01175657908406331 24.11
2412 0.01175629283750699 24.12
2413 0.01175605892795241 24.13
2414 0.01175587243558669 24.14
2415 0.01175572432925998 24.15
2416 0.01175560196335618 24.16
2417 0.01175549035589005 24.17
2418 0.01175636472078631 24.18
2419 0.01175599910932253 24.19
2420 0.01175561476865622 24.2
2421 0.0117552058340116 24.21
2422 0.01175476200181105 24.22
2423 0.01175427901384292 24.23
2424 0.01175376385736037 24.24
2425 0.01175323629930203 24.25
2426 0.01175270644515072 24.26
2427 0.01175219451799699 24.27
2428 0.01175171594802045 24.28
2429 0.01175128051961411 24.29
2430 0.01175089362085607 24.3
2431 0.01175055646978038 24.31
2432 0.011751177585824 24.32
2433 0.01175070955899731 24.33
2434 0.01175028510501553 24.34
2435 0.01174989722874647 24.35
2436 0.01175039825729016 24.36
2437 0.01174982547956257 24.37
2438 0.01174927246770562 24.38
2439 0.01174874299124565 24.39
2440 0.01174903902252519 24.4
2441 0.01174835495475408 24.41
2442 0.01174762212885126 24.42
2443 0.01174697439485084 24.43
2444 0.01174722816181298 24.44
2445 0.01174651890717071 24.45
2446 0.01174589428676252 24.46
2447 0.01174618262113445 24.47
2448 0.01174549326831103 24.48
2449 0.01174488108713717 24.49
2450 0.01174517548589085 24.5
2451 0.01174449048408901 24.51
2452 0.01174469138021048 24.52
2453 0.01174396768511 24.53
2454 0.01174412632100495 24.54
2455 0.01174338446421208 24.55
2456 0.01174351699414445 24.56
2457 0.01174275849951391 24.57
2458 0.0117428616879619 24.58
2459 0.01174280622285263 24.59
2460 0.01174193675417766 24.6
2461 0.01174188116470704 24.61
2462 0.01174100877150428 24.62
2463 0.01174094655877456 24.63
2464 0.01174007511259751 24.64
2465 0.01174002932040645 24.65
2466 0.0117391823789786 24.66
2467 0.01173845108666397 24.67
2468 0.01173862115515406 24.68
2469 0.0117379089726896 24.69
2470 0.01173730799171822 24.7
2471 0.01173681450641841 24.71
2472 0.01173641528024732 24.72
2473 0.01173609546818968 24.73
2474 0.01173584052536881 24.74
2475 0.01173563627070298 24.75
2476 0.01173546808332114 24.76
2477 0.01173532026661687 24.77
2478 0.01173517619890085 24.78
2479 0.01173501924866419 24.79
2480 0.01173483416731416 24.8
2481 0.01173460844537514 24.81
2482 0.01173433465112928 24.82
2483 0.01173400808605736 24.83
2484 0.0117336279980215 24.84
2485 0.01173319737077701 24.85
2486 0.01173272231938547 24.86
2487 0.01173221130762508 24.87
2488 0.01173167417758758 24.88
2489 0.01173191400174241 24.89
2490 0.01173114898228757 24.9
2491 0.01173040138859713 24.91
2492 0.01172968750151908 24.92
2493 0.01172901343134113 24.93
2494 0.01172838412760784 24.94
2495 0.01172780614396502 24.95
2496 0.0117272877600706 24.96
2497 0.01172683725208123 24.97
2498 0.01172646068241486 24.98
2499 0.01172616001873583 24.99
2500 0.01172593274746194 25
2501 0.01172577179147445 25.01
2502 0.01172566625966301 25.02
2503 0.01172560234701891 25.03
2504 0.01172556408646628 25.04
2505 0.01172553465858897 25.05
2506 0.01172549757984647 25.06
2507 0.01172547353616253 25.07
2508 0.01172640643629513 25.08
2509 0.01172604393056861 25.09
2510 0.01172562637388832 25.1
2511 0.01172597446712084 25.11
2512 0.01172525288172718 25.12
2513 0.01172449937368449 25.13
2514 0.01172373193804083 25.14
2515 0.01172363908402195 25.15
2516 0.01172269881809842 25.16
2517 0.01172181461316749 25.17
2518 0.01172101345526595 25.18
2519 0.01172102206997734 25.19
2520 0.01172023360597906 25.2
2521 0.01171957591800593 25.21
2522 0.01171985708373727 25.22
2523 0.01171926689957277 25.23
2524 0.01171880939885779 25.24
2525 0.01171847444156776 25.25
2526 0.01171916773235613 25.26
2527 0.01171878907356568 25.27
2528 0.01171848100215936 25.28
2529 0.01171914242880148 25.29
2530 0.01171870322878513 25.3
2531 0.01171828924757069 25.31
2532 0.01171789312904348 25.32
2533 0.01171752895391139 25.33
2534 0.01171798730604415 25.34
2535 0.01171738313457048 25.35
2536 0.01171678404708044 25.36
2537 0.01171620421093654 25.37
2538 0.01171640117474075 25.38
2539 0.01171570014862456 25.39
2540 0.01171504088600262 25.4
2541 0.0117144667684633 25.41
2542 0.01171469259432371 25.42
2543 0.01171402889942611 25.43
2544 0.01171341265191524 25.44
2545 0.01171358115189532 25.45
2546 0.01171289596285248 25.46
2547 0.01171296451679591 25.47
2548 0.01171222350045512 25.48
2549 0.01171154052459802 25.49
2550 0.01171161715039512 25.5
2551 0.01171087671218842 25.51
2552 0.01171019414836906 25.52
2553 0.01170957529614103 25.53
2554 0.01170901890252305 25.54
2555 0.01170852330822912 25.55
2556 0.01170808742976919 25.56
2557 0.01170771081607444 25.57
2558 0.01170739145883654 25.58
2559 0.01170712646865818 25.59
2560 0.01170691167908242 25.6
2561 0.01170674134790095 25.61
2562 0.0117066078346315 25.62
2563 0.01170650177320411 25.63
2564 0.01170641249016326 25.64
2565 0.01170632868131297 25.65
2566 0.0117062393252744 25.66
2567 0.01170613444793671 25.67
2568 0.01170600683040227 25.68
2569 0.01170585237421238 25.69
2570 0.01170566911117141 25.7
2571 0.0117054559876503 25.71
2572 0.01170521120803803 25.72
2573 0.01170493584055733 25.73
2574 0.01170462707579413 25.74
2575 0.01170428321140394 25.75
2576 0.01170390307555753 25.76
2577 0.01170348680197453 25.77
2578 0.01170303674413149 25.78
2579 0.01170255861971859 25.79
2580 0.01170206161235257 25.8
2581 0.01170155799291391 25.81
2582 0.01170106174802274 25.82
2583 0.01170058674358786 25.83
2584 0.01170014871181648 25.84
2585 0.01169975192076413 25.85
2586 0.01169940134051784 25.86
2587 0.01169909764935996 25.87
2588 0.01169883772380507 25.88
2589 0.0116986153179794 25.89
2590 0.01169842199245649 25.9
2591 0.01169824824932965 25.91
2592 0.01169809535497116 25.92
2593 0.01169793866989273 25.93
2594 0.01169776927923775 25.94
2595 0.01169757967166019 25.95
2596 0.01169736447816967 25.96
2597 0.01169712038722155 25.97
2598 0.01169684595214836 25.98
2599 0.01169654152672816 25.99
2600 0.01169700333596814 26
2601 0.01169644608100458 26.01
2602 0.01169587196074746 26.02
2603 0.0116952961793565 26.03
2604 0.01169472524875532 26.04
2605 0.01169485184752432 26.05
2606 0.01169412187919808 26.06
2607 0.01169342266925492 26.07
2608 0.01169277042683046 26.08
2609 0.01169217351815271 26.09
2610 0.01169158554743217 26.1
2611 0.01169170758618865 26.11
2612 0.01169100282342482 26.12
2613 0.01169036341141856 26.13
2614 0.01168986649709705 26.14
2615 0.01168943409242072 26.15
2616 0.01168906599382734 26.16
2617 0.01168876091198008 26.17
2618 0.01168933285651988 26.18
2619 0.0116889650485968 26.19
2620 0.01168865789594882 26.2
2621 0.0116884055351373 26.21
2622 0.01168819259296241 26.22
2623 0.01168883752613763 26.23
2624 0.01168843999805686 26.24
2625 0.01168807182166513 26.25
2626 0.01168773030595079 26.26
2627 0.01168818846508181 26.27
2628 0.01168770712506592 26.28
2629 0.01168726647660893 26.29
2630 0.01168762746513354 26.3
2631 0.0116870747143769 26.31
2632 0.01168726771232722 26.32
2633 0.0116866176682798 26.33
2634 0.01168668170793425 26.34
2635 0.01168596210158894 26.35
2636 0.01168594180057428 26.36
2637 0.01168516783435763 26.37
2638 0.01168508940045524 26.38
2639 0.01168429175966834 26.39
2640 0.01168357127874999 26.4
2641 0.01168358476181285 26.41
2642 0.01168284208046926 26.42
2643 0.01168217592493493 26.43
2644 0.01168226393507286 26.44
2645 0.01168156090792631 26.45
2646 0.01168092686984456 26.46
2647 0.01168036192048006 26.47
2648 0.01168057458844608 26.48
2649 0.01167993991743 26.49
2650 0.01167936982635728 26.5
2651 0.01167887326196703 26.51
2652 0.01167845131981876 26.52
2653 0.01167810231196016 26.53
2654 0.01167782204082411 26.54
2655 0.01167760418208227 26.55
2656 0.01167743850771513 26.56
2657 0.01167731232392214 26.57
2658 0.01167721157221389 26.58
2659 0.01167712233508052 26.59
2660 0.01167703175590475 26.6
2661 0.01167692897660752 26.61
2662 0.01167680549144283 26.62
2663 0.01167665522902474 26.63
2664 0.01167647465835304 26.64
2665 0.01167626238715841 26.65
2666 0.01167601868200367 26.66
2667 0.01167574494226355 26.67
2668 0.01167544345220249 26.68
2669 0.01167511726100897 26.69
2670 0.01167476997174929 26.7
2671 0.01167440567204019 26.71
2672 0.01167402896950651 26.72
2673 0.01167364502475719 26.73
2674 0.01167401271335606 26.74
2675 0.01167344234912498 26.75
2676 0.01167288941020298 26.76
2677 0.01167236622538739 26.77
2678 0.01167187736155109 26.78
2679 0.01167215155620409 26.79
2680 0.01167156518086621 26.8
2681 0.01167103712929449 26.81
2682 0.01167057554242338 26.82
2683 0.01167017877058776 26.83
2684 0.0116698426322383 26.84
2685 0.01166956168649989 26.85
2686 0.01166932926055546 26.86
2687 0.01166913731334092 26.87
2688 0.01166897603354338 26.88
2689 0.0116696944789745 26.89
2690 0.01166935650290413 26.9
2691 0.01166901656113338 26.91
2692 0.0116686722164138 26.92
2693 0.01166907296430911 26.93
2694 0.01166851964418077 26.94
2695 0.01166796366253767 26.95
2696 0.01166741854001138 26.96
2697 0.01166757253603696 26.97
2698 0.01166690617936733 26.98
2699 0.0116662845548059 26.99
2700 0.01166571938074272 27
2701 0.01166521264467723 27.01
2702 0.01166471388066445 27.02
2703 0.01166427869940057 27.03
2704 0.01166468129800512 27.04
2705 0.01166417022103162 27.05
2706 0.01166371169388358 27.06
2707 0.01166330237913906 27.07
2708 0.01166293227759573 27.08
2709 0.01166259249565493 27.09
2710 0.01166249510604438 27.1
2711 0.01166236838829198 27.11
2712 0.01166220745825271 27.12
2713 0.01166276023224212 27.13
2714 0.01166235746757305 27.14
2715 0.01166193394853971 27.15
2716 0.01166150131147502 27.16
2717 0.01166172162159368 27.17
2718 0.01166114960413254 27.18
2719 0.01166116279521858 27.19
2720 0.01166050877354565 27.2
2721 0.01166042788738173 27.21
2722 0.01165972654455409 27.22
2723 0.01165960951045369 27.23
2724 0.01165890117785744 27.24
2725 0.01165879823222813 27.25
2726 0.01165861108149667 27.26
2727 0.01165787393894375 27.27
2728 0.01165774093818823 27.28
2729 0.01165698455520122 27.29
2730 0.01165632643236712 27.3
2731 0.01165634986494128 27.31
2732 0.01165573145300391 27.32
2733 0.01165521757500464 27.33
2734 0.01165480921150315 27.34
2735 0.01165449908806443 27.35
2736 0.01165427737085333 27.36
2737 0.01165413210961944 27.37
2738 0.01165404928744744 27.38
2739 0.01165401275219854 27.39
2740 0.01165400463275597 27.4
2741 0.01165400629920708 27.41
2742 0.01165399980294033 27.42
2743 0.01165396924567911 27.43
2744 0.01165390190872483 27.44
2745 0.01165378885111423 27.45
2746 0.01165362521170454 27.46
2747 0.01165340999073091 27.47
2748 0.01165314542255141 27.48
2749 0.01165283610284265 27.49
2750 0.01165248820539594 27.5
2751 0.01165210532913297 27.51
2752 0.01165169373942215 27.52
2753 0.01165132684307341 27.53
2754 0.01165093151459162 27.54
2755 0.01165052364867306 27.55
2756 0.01165011819658623 27.56
2757 0.0116497275301637 27.57
2758 0.01164936025135126 27.58
2759 0.01164902064999667 27.59
2760 0.01164870889695274 27.6
2761 0.01164844104836535 27.61
2762 0.01164818671258962 27.62
2763 0.0116479403256036 27.63
2764 0.01164769671878373 27.64
2765 0.01164745174773267 27.65
2766 0.0116472026524903 27.66
2767 0.01164694814516617 27.67
2768 0.01164668819606484 27.68
2769 0.01164706963333948 27.69
2770 0.01164665336279848 27.7
2771 0.01164624109369238 27.71
2772 0.01164641816583323 27.72
2773 0.011645886263666 27.73
2774 0.01164537208989193 27.74
2775 0.01164542493800178 27.75
2776 0.01164483694092057 27.76
2777 0.01164429550609594 27.77
2778 0.01164380909712281 27.78
2779 0.01164395255094784 27.79
2780 0.01164345126023655 27.8
2781 0.01164301929298166 27.81
2782 0.01164265478989397 27.82
2783 0.01164297402154422 27.83
2784 0.01164257231992797 27.84
2785 0.01164221816558185 27.85
2786 0.01164190453501796 27.86
2787 0.01164225210613469 27.87
2788 0.011641807091953 27.88
2789 0.01164139846339901 27.89
2790 0.01164102197409549 27.9
2791 0.01164067000219649 27.91
2792 0.01164096851565843 27.92
2793 0.01164050378336507 27.93
2794 0.01164006469834384 27.94
2795 0.01163948041116123 27.95
2796 0.01163962776054023 27.96
2797 0.01163901489473358 27.97
2798 0.01163847432802777 27.98
2799 0.01163800049353744 27.99
2800 0.01163827774984858 28
2801 0.01163773145463161 28.01
2802 0.01163724892135548 28.02
2803 0.01163682949510743 28.03
2804 0.01163718577557494 28.04
2805 0.01163669093489738 28.05
2806 0.01163625407982527 28.06
2807 0.01163587241389982 28.07
2808 0.01163627000379237 28.08
2809 0.01163579439061903 28.09
2810 0.01163536753284195 28.1
2811 0.01163570124778037 28.11
2812 0.01163518848417645 28.12
2813 0.01163472364859914 28.13
2814 0.01163500310902438 28.14
2815 0.01163446159391312 28.15
2816 0.01163397576818502 28.16
2817 0.01163354682233867 28.17
2818 0.01163317106020252 28.18
2819 0.01163358542974854 28.19
2820 0.01163313355933225 28.2
2821 0.01163273876039865 28.21
2822 0.01163239488357023 28.22
2823 0.01163208814906885 28.23
2824 0.01163255905628745 28.24
2825 0.01163210905281477 28.25
2826 0.01163168143348004 28.26
2827 0.01163127525117022 28.27
2828 0.01163088604691813 28.28
2829 0.01163051345288278 28.29
2830 0.01163016111019349 28.3
2831 0.0116298347364895 28.31
2832 0.01163028879711395 28.32
2833 0.01162984738765153 28.33
2834 0.01162944338992767 28.34
2835 0.01162907151789919 28.35
2836 0.01162872006483338 28.36
2837 0.01162838103503037 28.37
2838 0.01162805194608036 28.38
2839 0.01162773549452916 28.39
2840 0.01162743624997387 28.4
2841 0.01162715808105635 28.41
2842 0.01162690202544546 28.42
2843 0.01162666561772139 28.43
2844 0.01162644322321794 28.44
2845 0.01162622718917549 28.45
2846 0.01162600924459787 28.46
2847 0.01162578213957769 28.47
2848 0.01162554082035395 28.48
2849 0.01162528288115855 28.49
2850 0.01162500846854177 28.5
2851 0.0116247451338538 28.51
2852 0.01162520957412683 28.52
2853 0.0116247257474307 28.53
2854 0.01162422714877303 28.54
2855 0.01162371587139308 28.55
2856 0.01162381707338617 28.56
2857 0.01162312342164495 28.57
2858 0.01162246714046998 28.58
2859 0.01162187648916052 28.59
2860 0.01162201765962623 28.6
2861 0.01162145640918032 28.61
2862 0.01162102237936386 28.62
2863 0.01162071877557086 28.63
2864 0.0116205339759665 28.64
2865 0.01162044990953202 28.65
2866 0.01162044500671604 28.66
2867 0.01162049588028252 28.67
2868 0.01162057927127216 28.68
2869 0.0116206974192281 28.69
2870 0.01162080703880499 28.7
2871 0.01162088931230449 28.71
2872 0.01162092647003399 28.72
2873 0.01162090349829508 28.73
2874 0.01162080974785414 28.74
2875 0.01162063993383833 28.75
2876 0.01162039443863864 28.76
2877 0.01162007892185085 28.77
2878 0.01161970336071304 28.78
2879 0.01161928066228059 28.79
2880 0.01161947716999572 28.8
2881 0.01161881763116502 28.81
2882 0.011618164991996 28.82
2883 0.01161753494089005 28.83
2884 0.01161693401785112 28.84
2885 0.011616367431893 28.85
2886 0.01161659779679993 28.86
2887 0.01161601623019356 28.87
2888 0.0116154615517845 28.88
2889 0.01161494737519521 28.89
2890 0.01161447848866692 28.9
2891 0.01161467922644594 28.91
2892 0.01161413348149736 28.92
2893 0.01161365590386516 28.93
2894 0.01161325298501451 28.94
2895 0.0116129216471307 28.95
2896 0.01161265564367023 28.96
2897 0.0116124515647009 28.97
2898 0.01161305397059659 28.98
2899 0.01161276713169939 28.99
2900 0.01161253082967804 29
2901 0.01161233975975337 29.01
2902 0.01161216588585789 29.02
2903 0.01161190840424227 29.03
2904 0.01161244237758299 29.04
2905 0.01161204171263916 29.05
2906 0.01161167124292719 29.06
2907 0.01161133149572224 29.07
2908 0.01161101537062438 29.08
2909 0.01161071674803141 29.09
2910 0.01161043260011495 29.1
2911 0.01161016302044304 29.11
2912 0.0116099092495018 29.12
2913 0.01160967142453424 29.13
2914 0.01160944732282464 29.14
2915 0.01160923218926865 29.15
2916 0.01160901935932338 29.16
2917 0.0116088013670648 29.17
2918 0.01160931554302469 29.18
2919 0.01160886383574397 29.19
2920 0.01160840566175052 29.2
2921 0.01160794884100501 29.21
2922 0.01160814057875602 29.22
2923 0.01160751433361027 29.23
2924 0.01160692103691882 29.24
2925 0.01160637443024826 29.25
2926 0.01160651021436259 29.26
2927 0.0116058938313807 29.27
2928 0.01160535381941444 29.28
2929 0.01160489570347059 29.29
2930 0.01160451487612407 29.3
2931 0.01160491871198336 29.31
2932 0.01160447581906847 29.32
2933 0.01160410322183574 29.33
2934 0.01160379879245008 29.34
2935 0.01160355153682806 29.35
2936 0.01160334968709667 29.36
2937 0.01160318311754489 29.37
2938 0.01160304401986425 29.38
2939 0.01160292628004612 29.39
2940 0.01160282441542658 29.4
2941 0.01160273264612643 29.41
2942 0.01160264446383935 29.42
2943 0.01160255272212609 29.43
2944 0.01160245013269006 29.44
2945 0.01160232988910631 29.45
2946 0.01160218625766189 29.46
2947 0.01160201505494117 29.47
2948 0.01160180177476398 29.48
2949 0.01160156374629985 29.49
2950 0.01160130200623014 29.5
2951 0.01160101834191973 29.51
2952 0.01160071528526935 29.52
2953 0.01160039604673054 29.53
2954 0.01160006433477341 29.54
2955 0.01159972412654238 29.55
2956 0.01159937947841171 29.56
2957 0.01159903435071313 29.57
2958 0.01159869246619554 29.58
2959 0.01159835726545436 29.59
2960 0.01159798771846941 29.6
2961 0.01159764169878882 29.61
2962 0.01159732213341724 29.62
2963 0.01159703080013187 29.63
2964 0.01159676794398013 29.64
2965 0.01159653214508344 29.65
2966 0.01159632036109602 29.66
2967 0.01159612822586862 29.67
2968 0.01159595055068633 29.68
2969 0.01159578193693746 29.69
2970 0.01159575256812924 29.7
2971 0.01159567900325087 29.71
2972 0.01159556003733897 29.72
2973 0.01159539893942326 29.73
2974 0.01159520235662036 29.74
2975 0.01159497904611215 29.75
2976 0.01159473842937361 29.76
2977 0.01159448938629529 29.77
2978 0.01159423931460488 29.78
2979 0.01159399346434702 29.79
2980 0.01159375468130067 29.8
2981 0.01159352359451929 29.81
2982 0.0115939570685738 29.82
2983 0.01159356774267113 29.83
2984 0.01159319338008497 29.84
2985 0.01159343011280895 29.85
2986 0.01159292174211033 29.86
2987 0.01159296778849853 29.87
2988 0.01159235061170563 29.88
2989 0.0115922612245006 29.89
2990 0.01159160618706315 29.9
2991 0.01159146984756264 29.91
2992 0.01159078357063925 29.92
2993 0.01159016967361605 29.93
2994 0.01159013338125862 29.94
2995 0.01158952725804732 29.95
2996 0.0115890122988135 29.96
2997 0.01158858929337191 29.97
2998 0.01158884164879472 29.98
2999 0.01158841785116268 29.99
3000 0.01158807602175403 30
