"cd-rfile"
"Time Step" "cd etc.."
("Time Step" "cd" "flow-time")
0 7.081241157355666e-27 0
1 -88.10674489171925 0.01
2 -19.15610531201653 0.02
3 1.78750284152066 0.03
4 5.175131962676813 0.04
5 4.833750350300194 0.05
6 -0.5164885172540784 0.06
7 -2.098388399111441 0.07000000000000001
8 -0.8985141250765414 0.08
9 0.001628248338095179 0.09
10 0.7322862035598838 0.1
11 0.5733353582699926 0.11
12 0.2661000634012622 0.12
13 0.03416090796661779 0.13
14 -0.05676080224316862 0.14
15 0.004567512009040875 0.15
16 -0.0199766723853914 0.16
17 0.02072132721590794 0.17
18 0.03997232917191854 0.18
19 0.09262377854460831 0.19
20 0.1253625344829773 0.2
21 0.1358498665587983 0.21
22 0.1175618233347497 0.22
23 0.06590985173813771 0.23
24 0.04352809658315166 0.24
25 0.04072644667692783 0.25
26 0.04710110398202454 0.26
27 0.05554183630455967 0.27
28 0.06405454851925836 0.28
29 0.06058519079201995 0.29
30 0.05629473848674105 0.3
31 0.05910069674351544 0.31
32 0.06119433902477724 0.32
33 0.05778670204921131 0.33
34 0.05466838573397349 0.34
35 0.05551143805851438 0.35
36 0.0563858676440664 0.36
37 0.05724405942280436 0.37
38 0.05719364396700695 0.38
39 0.05464236733936741 0.39
40 0.05112114416461749 0.4
41 0.04640432767478779 0.41
42 0.04438272396813021 0.42
43 0.04555004170707955 0.43
44 0.04659456802413044 0.44
45 0.04728404390815367 0.45
46 0.04891687592142687 0.46
47 0.0515851250579271 0.47
48 0.05212210161463128 0.48
49 0.05123286740132499 0.49
50 0.04935132605680582 0.5
51 0.04772755444691393 0.51
52 0.04667324708697572 0.52
53 0.04553221783880839 0.53
54 0.04497829804410642 0.54
55 0.04457827972523533 0.55
56 0.0463208119177859 0.5600000000000001
57 0.04538795462596274 0.5700000000000001
58 0.04567417921771521 0.58
59 0.04596566343534356 0.59
60 0.04608203770120336 0.6
61 0.04568455487572419 0.61
62 0.04619777768183406 0.62
63 0.04579266358781735 0.63
64 0.04557704553534097 0.64
65 0.04542833987546297 0.65
66 0.0459983824070057 0.66
67 0.04516785997960757 0.67
68 0.04518126527008744 0.68
69 0.0453097032814056 0.6900000000000001
70 0.04527575393817598 0.7000000000000001
71 0.04514590532479555 0.71
72 0.04474612588111075 0.72
73 0.04466677948018816 0.73
74 0.04462295170506739 0.74
75 0.04454208073160711 0.75
76 0.04432817402248992 0.76
77 0.04426250562734788 0.77
78 0.04413519159780643 0.78
79 0.04409868887071867 0.79
80 0.04395030884188582 0.8
81 0.04421453714118981 0.8100000000000001
82 0.04410224030406509 0.8200000000000001
83 0.04402689857187292 0.8300000000000001
84 0.04402819039768612 0.84
85 0.04396861981850858 0.85
86 0.04386970361374298 0.86
87 0.04385847401190462 0.87
88 0.04390535570287359 0.88
89 0.04398714846655895 0.89
90 0.04401945745140384 0.9
91 0.04403297840993422 0.91
92 0.04403319300387833 0.92
93 0.04408393510814664 0.93
94 0.0442404687298629 0.9400000000000001
95 0.0443413818186949 0.9500000000000001
96 0.04436445220001742 0.96
97 0.04430288813619404 0.97
98 0.04422483468053873 0.98
99 0.04414844797802533 0.99
100 0.04407095899616983 1
101 0.04416162166049482 1.01
102 0.04432905648722295 1.02
103 0.04437757502991103 1.03
104 0.04431563623172902 1.04
105 0.04414491748394242 1.05
106 0.04402563124665857 1.06
107 0.04391402602942057 1.07
108 0.04382497273215285 1.08
109 0.04371002193522974 1.09
110 0.04362993472730552 1.1
111 0.04360715756459282 1.11
112 0.04358187194081094 1.12
113 0.04354090706199798 1.13
114 0.04345683502615222 1.14
115 0.04335188000005783 1.15
116 0.04322322464827861 1.16
117 0.04313177418385464 1.17
118 0.04309959782232886 1.18
119 0.04309780699513745 1.19
120 0.04310800320998776 1.2
121 0.04310266943073096 1.21
122 0.04309476839047913 1.22
123 0.04308445909700066 1.23
124 0.04306766636708821 1.24
125 0.04304528695481921 1.25
126 0.04302025163082378 1.26
127 0.04301188179298716 1.27
128 0.04299720816739074 1.28
129 0.04299146971794906 1.29
130 0.0430079189789978 1.3
131 0.04303518450917718 1.31
132 0.04306489652695875 1.32
133 0.04307546047795521 1.33
134 0.04310925423893795 1.34
135 0.04312235245461832 1.35
136 0.04312968989414072 1.36
137 0.04313282135457771 1.37
138 0.04313180031850575 1.38
139 0.04312236707430701 1.39
140 0.04311326116931775 1.4
141 0.04310057422230022 1.41
142 0.04308481359569635 1.42
143 0.04307968271303983 1.43
144 0.04308544690898838 1.44
145 0.04309073269777513 1.45
146 0.04308661192123011 1.46
147 0.04309015783945188 1.47
148 0.04309069430160938 1.48
149 0.04308407077317344 1.49
150 0.04306945415377153 1.5
151 0.04304505516426334 1.51
152 0.04301416198307785 1.52
153 0.04298140372870193 1.53
154 0.04295121689340163 1.54
155 0.04292738925884295 1.55
156 0.0429020881723446 1.56
157 0.04288195761114961 1.57
158 0.04286317686561949 1.58
159 0.04284508882917522 1.59
160 0.04282628978247326 1.6
161 0.04280625487955943 1.61
162 0.0427877579134697 1.62
163 0.04276180927387533 1.63
164 0.04274742138566576 1.64
165 0.04272803654522233 1.65
166 0.04270208400656393 1.66
167 0.04266619699931738 1.67
168 0.04262526200059784 1.68
169 0.04259172293366307 1.69
170 0.04255633592597871 1.7
171 0.04252170775101129 1.71
172 0.04249366358435344 1.72
173 0.04246186770530695 1.73
174 0.04242536614716617 1.74
175 0.04238310290246608 1.75
176 0.04235810145354056 1.76
177 0.04235250523382448 1.77
178 0.04236009041101386 1.78
179 0.04237320403970261 1.79
180 0.04238209848446736 1.8
181 0.04236767136463104 1.81
182 0.04234281971165004 1.82
183 0.04231436093141237 1.83
184 0.0422855806632486 1.84
185 0.04225364906962972 1.85
186 0.04223236753675236 1.86
187 0.04222229184425247 1.87
188 0.04221940978318198 1.88
189 0.0422217137924205 1.89
190 0.04221834115935309 1.9
191 0.04221895401542906 1.91
192 0.04221432123860862 1.92
193 0.04220906410258341 1.93
194 0.04220376677907569 1.94
195 0.04220090109416696 1.95
196 0.04219942444379154 1.96
197 0.04219705001630249 1.97
198 0.04219342229374482 1.98
199 0.04219369258282235 1.99
200 0.04219387278677002 2
201 0.04218496753672984 2.01
202 0.04218248974091317 2.02
203 0.04218395388228541 2.03
204 0.04218824456421572 2.04
205 0.0422004520286828 2.05
206 0.0421981836250977 2.06
207 0.04218886916152238 2.07
208 0.04217692784903913 2.08
209 0.04216556336302335 2.09
210 0.04215801904469303 2.1
211 0.04215571387851729 2.11
212 0.04215461804954652 2.12
213 0.04215609983146883 2.13
214 0.04215190996202206 2.14
215 0.04214489736415473 2.15
216 0.04213537634175584 2.16
217 0.04212356596530548 2.17
218 0.04210816734162835 2.18
219 0.04209181120725287 2.19
220 0.04207523383236629 2.2
221 0.04205850365079424 2.21
222 0.04204281644056589 2.22
223 0.04202683436207732 2.23
224 0.04201026887673687 2.24
225 0.04199158926047452 2.25
226 0.04197313577306304 2.26
227 0.04195665897193446 2.27
228 0.04194605631361525 2.28
229 0.04194005292380099 2.29
230 0.04193508301750359 2.3
231 0.0419300126857302 2.31
232 0.04192668928897068 2.32
233 0.04192464489865406 2.33
234 0.04192306073459241 2.34
235 0.0419205676122078 2.35
236 0.04191712672075341 2.36
237 0.04190964842892737 2.37
238 0.04189899246273106 2.38
239 0.04188748523676554 2.39
240 0.04187735965079806 2.4
241 0.04187010921124761 2.41
242 0.04186562490627853 2.42
243 0.04186349678272666 2.43
244 0.04186032757862414 2.44
245 0.04185959616382953 2.45
246 0.04186215594640775 2.46
247 0.04186592711944287 2.47
248 0.04186709533152003 2.48
249 0.04186700651236539 2.49
250 0.04186017442658095 2.5
251 0.04185589791649777 2.51
252 0.04185302496098705 2.52
253 0.04184959677414089 2.53
254 0.04184519889277601 2.54
255 0.04184044204296628 2.55
256 0.04183743947839547 2.56
257 0.04183381826571269 2.57
258 0.04183164000706567 2.58
259 0.04182986972939894 2.59
260 0.0418232864367757 2.6
261 0.04182055058413819 2.61
262 0.04182449432662468 2.62
263 0.04182659336285949 2.63
264 0.04182979451973931 2.64
265 0.04182775651959991 2.65
266 0.04182396972193297 2.66
267 0.04182229655855243 2.67
268 0.04181825617357723 2.68
269 0.04181257420658917 2.69
270 0.04180865386087221 2.7
271 0.04180585661013213 2.71
272 0.04180431485057677 2.72
273 0.04180452683701278 2.73
274 0.04180143509402356 2.74
275 0.04180240773260205 2.75
276 0.04180504085791854 2.76
277 0.04180774655637468 2.77
278 0.04180903708023559 2.78
279 0.04181066267645956 2.79
280 0.04180344322045187 2.8
281 0.04179943363203725 2.81
282 0.04179827991715035 2.82
283 0.04179418479716591 2.83
284 0.04178877568804252 2.84
285 0.04178477454257398 2.85
286 0.04177957302921229 2.86
287 0.04177285926350344 2.87
288 0.04177381980404707 2.88
289 0.04177272039732968 2.89
290 0.04176245976585639 2.9
291 0.04175157856686318 2.91
292 0.04174535000307668 2.92
293 0.04174302764864538 2.93
294 0.0417399699135448 2.94
295 0.04173810820343946 2.95
296 0.04173795278784178 2.96
297 0.04173182688373076 2.97
298 0.04172991972874066 2.98
299 0.04172649456989905 2.99
300 0.04172601022575223 3
301 0.04172663623885191 3.01
302 0.04172674724046592 3.02
303 0.04172614388894287 3.03
304 0.04172625391468771 3.04
305 0.04172493309132538 3.05
306 0.04172377101994831 3.06
307 0.0417237067501972 3.07
308 0.04172405339195445 3.08
309 0.04172572885734645 3.09
310 0.04172650882430446 3.1
311 0.0417266015479825 3.11
312 0.04172534061121538 3.12
313 0.04172746788169249 3.13
314 0.04173103273206186 3.14
315 0.04173565184766314 3.15
316 0.04173846774038723 3.16
317 0.04174240028860885 3.17
318 0.04174549333187472 3.18
319 0.04175005548631111 3.19
320 0.04174515972240481 3.2
321 0.04174199785854061 3.21
322 0.04173984421971066 3.22
323 0.04173851006918953 3.23
324 0.04174366923653246 3.24
325 0.04174918216601389 3.25
326 0.04175074042829871 3.26
327 0.04174947756793545 3.27
328 0.04174739326227451 3.28
329 0.04174517863417092 3.29
330 0.04174507110023271 3.3
331 0.04174462891584073 3.31
332 0.04174543271623728 3.32
333 0.04174560149324647 3.33
334 0.04174575855973573 3.34
335 0.04174585358632101 3.35
336 0.04174678460215233 3.36
337 0.04174809430239312 3.37
338 0.041749249225845 3.38
339 0.04175358896585936 3.39
340 0.04175249599223955 3.4
341 0.04174805947172854 3.41
342 0.04174174430325965 3.42
343 0.04173536242561941 3.43
344 0.04173096449836831 3.44
345 0.04172876669689799 3.45
346 0.04172819559421201 3.46
347 0.04172852180280394 3.47
348 0.04172888893946158 3.48
349 0.04172893370005683 3.49
350 0.04172833860388291 3.5
351 0.04172734811130671 3.51
352 0.04172347343232861 3.52
353 0.04172167665849525 3.53
354 0.04171931088082363 3.54
355 0.04171939703849178 3.55
356 0.04172043812287489 3.56
357 0.04172201868265801 3.57
358 0.04172313221475243 3.58
359 0.04172178589955232 3.59
360 0.04171940700116795 3.6
361 0.04171640225387065 3.61
362 0.04172109681213935 3.62
363 0.04171832962666482 3.63
364 0.04171130633427735 3.64
365 0.04170600060696762 3.65
366 0.0417037507401314 3.66
367 0.04170302410090716 3.67
368 0.04170314023810325 3.68
369 0.04170374052022412 3.69
370 0.0417043572937911 3.7
371 0.04170612927298206 3.71
372 0.04170628967422724 3.72
373 0.04170526033618815 3.73
374 0.04170435278130784 3.74
375 0.04170275893412283 3.75
376 0.04170284382772829 3.76
377 0.04170141410505097 3.77
378 0.04170058696726579 3.78
379 0.04170203193147479 3.79
380 0.04170157026898934 3.8
381 0.04169968948459751 3.81
382 0.0416962418576732 3.82
383 0.04169276751718091 3.83
384 0.0416861782397061 3.84
385 0.04168225742766411 3.85
386 0.04167908839997492 3.86
387 0.0416768491669831 3.87
388 0.04167509256833155 3.88
389 0.04167291167967979 3.89
390 0.04167132854763973 3.9
391 0.04167054080787586 3.91
392 0.04166498844456212 3.92
393 0.04166679675298027 3.93
394 0.04167077937526289 3.94
395 0.04166879229083108 3.95
396 0.04166083797414857 3.96
397 0.04165575814109556 3.97
398 0.04165209045388118 3.98
399 0.04164868710148076 3.99
400 0.04164487967824279 4
401 0.04164410856508106 4.01
402 0.04163994588394526 4.02
403 0.04163300539720262 4.03
404 0.04162623364583109 4.04
405 0.04161968823303349 4.05
406 0.041607857802222 4.06
407 0.0416009414714499 4.07
408 0.04159640938186949 4.08
409 0.0415926677337931 4.09
410 0.0415895034354095 4.1
411 0.04158634716934909 4.11
412 0.04158281223002036 4.12
413 0.04158134973638544 4.13
414 0.04157742932929794 4.14
415 0.0415736068597659 4.15
416 0.04156679266428057 4.16
417 0.04156112069869261 4.17
418 0.04155486740094923 4.18
419 0.04153832223566368 4.19
420 0.04153460105895939 4.2
421 0.04154825578933539 4.21
422 0.04155315423438141 4.22
423 0.04154431424159269 4.23
424 0.04153116361314374 4.24
425 0.0415176037217475 4.25
426 0.04150513671501294 4.26
427 0.04149474287277125 4.27
428 0.04148778614582867 4.28
429 0.04148239745271318 4.29
430 0.0414788083916825 4.3
431 0.04147523133054103 4.31
432 0.04147064852972793 4.32
433 0.04146595634946717 4.33
434 0.04146003311916202 4.34
435 0.04145288421134191 4.350000000000001
436 0.04144513318703779 4.36
437 0.04143714938356081 4.37
438 0.04142920455741275 4.38
439 0.04142149571852296 4.39
440 0.04141478019933591 4.4
441 0.04140777610395675 4.41
442 0.04140092031375277 4.42
443 0.04139435725871638 4.43
444 0.04138865439909847 4.44
445 0.04138377031987359 4.45
446 0.04137773668773292 4.46
447 0.0413694720098849 4.47
448 0.04135079713535789 4.48
449 0.04133293429162523 4.49
450 0.04131740929953333 4.5
451 0.04131149356106745 4.51
452 0.04132925151027035 4.52
453 0.04135005762159167 4.53
454 0.0413410102208638 4.54
455 0.04131528018919513 4.55
456 0.04128874800749697 4.56
457 0.04126564304823147 4.57
458 0.04124863350771762 4.58
459 0.04123863153687805 4.59
460 0.04123453801503252 4.600000000000001
461 0.04123606616150995 4.61
462 0.04123612100200526 4.62
463 0.04123439147145184 4.63
464 0.04123005457921887 4.64
465 0.04122305308917262 4.65
466 0.04121384800627166 4.66
467 0.04120266917539358 4.67
468 0.04118962422748255 4.68
469 0.04117888152852991 4.69
470 0.04116815598529724 4.7
471 0.04115637349291736 4.71
472 0.04114489480901343 4.72
473 0.04113507613047371 4.73
474 0.04112476404708597 4.74
475 0.0411149694255997 4.75
476 0.04110502739994468 4.76
477 0.04108844168209272 4.77
478 0.04107308199070256 4.78
479 0.04106115166535861 4.79
480 0.04104538410434347 4.8
481 0.04103774373933074 4.81
482 0.0410361565601076 4.82
483 0.04104141815598315 4.83
484 0.04104873188426488 4.84
485 0.04105933560129887 4.850000000000001
486 0.04103955125686572 4.86
487 0.04100898021575248 4.87
488 0.04097762972409418 4.88
489 0.04095178721828996 4.89
490 0.04093477912105683 4.9
491 0.04092647572013746 4.91
492 0.0409250313573449 4.92
493 0.04092720360673083 4.93
494 0.04092990374170702 4.94
495 0.04093038251725747 4.95
496 0.04092719814493505 4.96
497 0.04092104400019404 4.97
498 0.04090919796242747 4.98
499 0.04089378100414508 4.99
500 0.04087632875098619 5
501 0.04086058283399697 5.01
502 0.04084604311571916 5.02
503 0.04083189226159521 5.03
504 0.04081926011786579 5.04
505 0.04080690326662748 5.05
506 0.04078332160471496 5.06
507 0.04076534021079228 5.07
508 0.04075179385524191 5.08
509 0.04074393459133643 5.09
510 0.04074083436529038 5.100000000000001
511 0.04073136905088552 5.11
512 0.040734561043958 5.12
513 0.0407345136730585 5.13
514 0.04073275101168499 5.14
515 0.04073571123091424 5.15
516 0.04073241750656962 5.16
517 0.04072728881916851 5.17
518 0.04071111958665483 5.18
519 0.04068112826832081 5.19
520 0.04065009222390999 5.2
521 0.04062373521878323 5.21
522 0.04060606728115121 5.22
523 0.04059560209110971 5.23
524 0.04059370909658674 5.24
525 0.04059802323451767 5.25
526 0.04060258224862653 5.26
527 0.04060667973755653 5.27
528 0.04060699111952335 5.28
529 0.04060277965725671 5.29
530 0.04059239368946797 5.3
531 0.04057598256782357 5.31
532 0.04055750866144948 5.32
533 0.04054168145268219 5.33
534 0.0405259922565161 5.34
535 0.04051119714596627 5.350000000000001
536 0.04050056855226835 5.36
537 0.04048990827695306 5.37
538 0.04047871019278953 5.38
539 0.04046779322141848 5.39
540 0.04045535642279938 5.4
541 0.04043920542673676 5.41
542 0.04043093456551686 5.42
543 0.04041673987569508 5.43
544 0.04041023646489486 5.44
545 0.04039920371821205 5.45
546 0.0403894093012215 5.46
547 0.04037517587197619 5.47
548 0.04036612845893393 5.48
549 0.04035567319707756 5.49
550 0.04034714594549463 5.5
551 0.04033422315461013 5.51
552 0.04032672349107738 5.52
553 0.04032173960904444 5.53
554 0.04031581370168561 5.54
555 0.04030836819926523 5.55
556 0.04030459615444325 5.56
557 0.04030107775716324 5.57
558 0.04029772726491106 5.58
559 0.04029311210967554 5.59
560 0.04028800012771395 5.600000000000001
561 0.0402806632654163 5.61
562 0.04027102407177396 5.62
563 0.04026034387019384 5.63
564 0.04025200733492406 5.64
565 0.04023492747429386 5.65
566 0.04022943457455704 5.66
567 0.04021940558649147 5.67
568 0.04020913547474435 5.68
569 0.04019791981755581 5.69
570 0.04018918267014665 5.7
571 0.04018037745153435 5.71
572 0.04017069218563461 5.72
573 0.04016030510207941 5.73
574 0.04015027293374998 5.74
575 0.04013891948253323 5.75
576 0.04012838358211249 5.76
577 0.04011797103088768 5.77
578 0.0401053205119439 5.78
579 0.04009582294666335 5.79
580 0.04008579355858325 5.8
581 0.04007790991612944 5.81
582 0.04006633773687078 5.82
583 0.04005540624845869 5.83
584 0.04004753811192169 5.84
585 0.04004235509901834 5.850000000000001
586 0.04003953560058454 5.86
587 0.04003836123772079 5.87
588 0.04003292246034667 5.88
589 0.04003409825103556 5.89
590 0.04002853112474061 5.9
591 0.04002953469593654 5.91
592 0.04002261972601597 5.92
593 0.04002147797635289 5.93
594 0.04001025526658109 5.94
595 0.04000366222518931 5.95
596 0.0399968601990973 5.96
597 0.03998481966084055 5.97
598 0.03997887011606698 5.98
599 0.03997199458974571 5.99
600 0.03996731185099972 6
601 0.03995475905467393 6.01
602 0.03994267674886734 6.02
603 0.03993556213906668 6.03
604 0.03993615224224803 6.04
605 0.03992874145621996 6.05
606 0.0399212999487712 6.06
607 0.03991821715345654 6.07
608 0.03990758038981723 6.08
609 0.03989792079548919 6.09
610 0.03989596194066464 6.100000000000001
611 0.03988586925195258 6.11
612 0.03987863221029093 6.12
613 0.03987269646218513 6.13
614 0.03987430432301804 6.140000000000001
615 0.03986098202200257 6.15
616 0.03985700776121783 6.16
617 0.03985027707048415 6.17
618 0.03985158679598636 6.18
619 0.03984940332046393 6.19
620 0.03984392106678006 6.2
621 0.03983534867162962 6.21
622 0.03982988050642956 6.22
623 0.03982475231383512 6.23
624 0.03981893800435121 6.24
625 0.03981679299232223 6.25
626 0.03980757314974804 6.26
627 0.03981056348138106 6.27
628 0.03980458683942087 6.28
629 0.03980016709300833 6.29
630 0.03978903377390083 6.3
631 0.03978595187338936 6.31
632 0.03977771257008433 6.32
633 0.03976706507697367 6.33
634 0.03976545411539407 6.34
635 0.03975931811026835 6.350000000000001
636 0.03975352867395449 6.36
637 0.03974963902128246 6.37
638 0.03974086918131679 6.38
639 0.03973493886838335 6.390000000000001
640 0.03973161712748445 6.4
641 0.03973164016527525 6.41
642 0.0397303237802478 6.42
643 0.03972419456014797 6.43
644 0.03973020636755634 6.44
645 0.03972557117487657 6.45
646 0.03972823289242521 6.46
647 0.03972821610760457 6.47
648 0.03972569227725806 6.48
649 0.03971965027333265 6.49
650 0.03971055146252341 6.5
651 0.03970303981293727 6.51
652 0.03969955698644705 6.52
653 0.03969272557713748 6.53
654 0.03968948116951299 6.54
655 0.03968769733897068 6.55
656 0.03968740226098509 6.56
657 0.03968688474426256 6.57
658 0.03968650173363466 6.58
659 0.03968529708431359 6.59
660 0.03968343255435371 6.600000000000001
661 0.03968309800635895 6.61
662 0.03967318550086538 6.62
663 0.03967013223839436 6.63
664 0.0396680472268715 6.640000000000001
665 0.0396604153222267 6.65
666 0.03966116014822853 6.66
667 0.03966331008338847 6.67
668 0.03966126923046666 6.68
669 0.03965943685436832 6.69
670 0.03965949050138789 6.7
671 0.03964963211255366 6.71
672 0.03965127594690471 6.72
673 0.03964632669741733 6.73
674 0.03964853460516745 6.74
675 0.03964112194439164 6.75
676 0.03963574189090141 6.76
677 0.03963247872180144 6.77
678 0.03962635519393123 6.78
679 0.03962218635625738 6.79
680 0.03961260364839085 6.8
681 0.03961269913325402 6.81
682 0.03961502353760389 6.82
683 0.03961856798753127 6.83
684 0.03962354252075474 6.84
685 0.03962629445439047 6.850000000000001
686 0.03963081608030894 6.86
687 0.03963726747619872 6.87
688 0.03963995068161551 6.88
689 0.03962722523556995 6.890000000000001
690 0.03962298814495925 6.9
691 0.03962432764406178 6.91
692 0.03961247505969426 6.92
693 0.03962339791025628 6.93
694 0.03963064888202675 6.94
695 0.03963483742925072 6.95
696 0.03963611890318202 6.96
697 0.03964180078393741 6.97
698 0.03963698180270734 6.98
699 0.03963354098770239 6.99
700 0.03963965020492769 7
701 0.03963314188564938 7.01
702 0.03962447529159605 7.02
703 0.03961557182343106 7.03
704 0.03962025036631497 7.04
705 0.03961395133903998 7.05
706 0.03960957983215355 7.06
707 0.03961793469298784 7.07
708 0.03961485670339279 7.08
709 0.03962308441445574 7.09
710 0.03961955021108497 7.100000000000001
711 0.0396277963097362 7.11
712 0.03963614983839433 7.12
713 0.0396329227139243 7.13
714 0.03963784194510497 7.140000000000001
715 0.03963747229043886 7.15
716 0.03963278776196439 7.16
717 0.039639938832564 7.17
718 0.03964564168484268 7.18
719 0.0396440001226223 7.19
720 0.03965029706323041 7.2
721 0.03965185965799511 7.21
722 0.03964909189068427 7.22
723 0.03964656659124552 7.23
724 0.03964197369922247 7.24
725 0.03964027996733196 7.25
726 0.03963580085528944 7.26
727 0.03963397515245885 7.27
728 0.03963645898797926 7.28
729 0.03963841709039159 7.29
730 0.03964394993902597 7.3
731 0.03964975097657575 7.31
732 0.03965439127851313 7.32
733 0.03965735019875756 7.33
734 0.03965773826168693 7.34
735 0.03964986469266352 7.350000000000001
736 0.03963992893995451 7.36
737 0.03963846294953393 7.37
738 0.03962489922848085 7.38
739 0.03962901318876662 7.390000000000001
740 0.03962100438655737 7.4
741 0.03963600003159834 7.41
742 0.0396321553121541 7.42
743 0.0396521776558628 7.43
744 0.03964911158806609 7.44
745 0.0396663915678899 7.45
746 0.03966216516285499 7.46
747 0.03968153365498587 7.47
748 0.03967651771920511 7.48
749 0.03969284506408381 7.49
750 0.03969153857245496 7.5
751 0.03970190319785274 7.51
752 0.03970029436415241 7.52
753 0.0397131132846105 7.53
754 0.03972246167808572 7.54
755 0.0397266127476111 7.55
756 0.03973308640601921 7.56
757 0.03973539785813081 7.57
758 0.03973471981652008 7.58
759 0.03973099982811542 7.59
760 0.03972783961462677 7.600000000000001
761 0.03972759836221283 7.61
762 0.03972953462649705 7.62
763 0.03973082762044401 7.63
764 0.03973211684445437 7.640000000000001
765 0.03973388414974024 7.65
766 0.03974687048203893 7.66
767 0.03973958358023345 7.67
768 0.03973474360741949 7.68
769 0.03974712681411369 7.69
770 0.03974648211641911 7.7
771 0.03974616289057316 7.71
772 0.03975046067317708 7.72
773 0.03975666375784163 7.73
774 0.03976586986727679 7.74
775 0.03977484421287293 7.75
776 0.03978321876304554 7.76
777 0.03979582397213886 7.77
778 0.03980289963281875 7.78
779 0.03980602573330231 7.79
780 0.03981012602973467 7.8
781 0.03981406609302897 7.81
782 0.03981623703777581 7.82
783 0.03982898818830406 7.83
784 0.03982750463622376 7.84
785 0.0398247431299051 7.850000000000001
786 0.0398225386107729 7.86
787 0.0398120206540975 7.87
788 0.03981412990365916 7.88
789 0.03981441836508495 7.890000000000001
790 0.039816965903878 7.9
791 0.03982128797482573 7.91
792 0.03981388508767116 7.92
793 0.03982631609541901 7.930000000000001
794 0.0398225282616485 7.94
795 0.03983548210640381 7.95
796 0.0398339306041184 7.96
797 0.03983331775738364 7.97
798 0.03984173842893916 7.98
799 0.03987079093606113 7.99
800 0.03987778163917127 8
801 0.0398831035010843 8.01
802 0.03988363640759413 8.02
803 0.03988580691547484 8.029999999999999
804 0.03988933232385396 8.040000000000001
805 0.03989289113172016 8.050000000000001
806 0.03990112977991368 8.06
807 0.03990949403655863 8.07
808 0.03991947994017212 8.08
809 0.03992384211560694 8.09
810 0.0399238332576334 8.1
811 0.0399287373757324 8.109999999999999
812 0.03995290146463482 8.120000000000001
813 0.0399541147213607 8.130000000000001
814 0.03995114668358125 8.140000000000001
815 0.03995783564831579 8.15
816 0.03994538430235137 8.16
817 0.03994711200455462 8.17
818 0.03993658124706281 8.18
819 0.03994463406544933 8.19
820 0.03994498367160678 8.199999999999999
821 0.03995606080601809 8.210000000000001
822 0.03995765996624247 8.220000000000001
823 0.0399537018815419 8.23
824 0.03994670545076474 8.24
825 0.03994260981645024 8.25
826 0.03993898395442408 8.26
827 0.03994048365379817 8.27
828 0.03994451238292596 8.279999999999999
829 0.03995675355167327 8.290000000000001
830 0.03996996420363357 8.300000000000001
831 0.03999303208233734 8.31
832 0.04001253831473806 8.32
833 0.04002704663024311 8.33
834 0.04003579922397685 8.34
835 0.04004640774043441 8.35
836 0.04004567855168741 8.359999999999999
837 0.04004207631969196 8.370000000000001
838 0.04004198294264114 8.380000000000001
839 0.04004221460500434 8.390000000000001
840 0.04004057630156304 8.4
841 0.04004079574744978 8.41
842 0.0400427812967712 8.42
843 0.0400540756141864 8.43
844 0.0400619133864703 8.44
845 0.0400648762902 8.449999999999999
846 0.04006117487734698 8.460000000000001
847 0.04005889069072053 8.470000000000001
848 0.04004808299400785 8.48
849 0.04005323256423655 8.49
850 0.04005410991471627 8.5
851 0.04004089439024138 8.51
852 0.04005810134915237 8.52
853 0.04004779877016867 8.529999999999999
854 0.04004415419092379 8.540000000000001
855 0.04006614692403072 8.550000000000001
856 0.04005649106465915 8.56
857 0.0400496594497592 8.57
858 0.04004705193186826 8.58
859 0.04005357044571707 8.59
860 0.04005888215638911 8.6
861 0.04006718238977348 8.609999999999999
862 0.04008220436580689 8.620000000000001
863 0.04009790207704553 8.630000000000001
864 0.04010837342775164 8.640000000000001
865 0.04013682645749962 8.65
866 0.04014479126821582 8.66
867 0.04013579733632626 8.67
868 0.04012787122550152 8.68
869 0.04011816767600065 8.69
870 0.04011314022757137 8.700000000000001
871 0.04012605941663101 8.710000000000001
872 0.04011495260413087 8.720000000000001
873 0.04010361492736186 8.73
874 0.04011964615026812 8.74
875 0.04010757176689013 8.75
876 0.04010145156460703 8.76
877 0.04011764096523397 8.77
878 0.04011507795765427 8.779999999999999
879 0.04011303785904274 8.790000000000001
880 0.04013194515209557 8.800000000000001
881 0.04012736688514124 8.81
882 0.04012349153810176 8.82
883 0.04013413241455697 8.83
884 0.04012405619080387 8.84
885 0.04012006982322215 8.85
886 0.04013477499415162 8.859999999999999
887 0.04013369064121333 8.870000000000001
888 0.04014417443108525 8.880000000000001
889 0.04013615170952475 8.890000000000001
890 0.04013870811892892 8.9
891 0.04014677477598677 8.91
892 0.04014990521511783 8.92
893 0.04015011242330507 8.93
894 0.04014981681979775 8.94
895 0.04015018675947098 8.950000000000001
896 0.04015413940283492 8.960000000000001
897 0.04015478680468346 8.970000000000001
898 0.04014162319676524 8.98
899 0.04014173279416941 8.99
900 0.04014039373323781 9
901 0.04013272036179271 9.01
902 0.04012906132827283 9.02
903 0.04011520914301198 9.029999999999999
904 0.04011255002275064 9.040000000000001
905 0.04011982661497239 9.050000000000001
906 0.04012766831052682 9.06
907 0.04013489795195094 9.07
908 0.04012575001749219 9.08
909 0.04013075384223198 9.09
910 0.04013578477548022 9.1
911 0.04012793923398397 9.109999999999999
912 0.04013773561399495 9.120000000000001
913 0.0401471466331876 9.130000000000001
914 0.04013473310203953 9.140000000000001
915 0.04013446931188764 9.15
916 0.04012034685359425 9.16
917 0.04012170920954872 9.17
918 0.04011247110244537 9.18
919 0.04013778845832829 9.19
920 0.04013644312211945 9.200000000000001
921 0.04013375036815166 9.210000000000001
922 0.04013375660326238 9.220000000000001
923 0.0401605333787866 9.23
924 0.04016091240658029 9.24
925 0.04016030821980365 9.25
926 0.04015397838633625 9.26
927 0.04014659696130111 9.27
928 0.04014140863874277 9.279999999999999
929 0.04012980918778083 9.290000000000001
930 0.04012304227867113 9.300000000000001
931 0.04011294704315251 9.31
932 0.04011014072132492 9.32
933 0.04012064033691019 9.33
934 0.04012273484855526 9.34
935 0.04012583186066234 9.35
936 0.04013457092497531 9.359999999999999
937 0.04014149369079411 9.370000000000001
938 0.04014274409765813 9.380000000000001
939 0.04014688792490156 9.390000000000001
940 0.04014876643128763 9.4
941 0.04014398792674059 9.41
942 0.04014588686119535 9.42
943 0.04014296504885614 9.43
944 0.04013986591065274 9.44
945 0.04013788900645573 9.450000000000001
946 0.04014034427676241 9.460000000000001
947 0.04014451796198424 9.470000000000001
948 0.04014812670188268 9.48
949 0.0401528312942933 9.49
950 0.04015680385187816 9.5
951 0.04017475916446626 9.51
952 0.04017874123318139 9.52
953 0.04018339888325491 9.529999999999999
954 0.0401716368405622 9.540000000000001
955 0.0401722494586929 9.550000000000001
956 0.04017559027407199 9.56
957 0.04017587541220136 9.57
958 0.04016977264996124 9.58
959 0.04016578320949688 9.59
960 0.04016375951305399 9.6
961 0.0401490870730846 9.609999999999999
962 0.04014835241790859 9.620000000000001
963 0.04014138027937952 9.630000000000001
964 0.04015451380614909 9.640000000000001
965 0.04016822757855822 9.65
966 0.0401650930426825 9.66
967 0.04017749042979366 9.67
968 0.04017228726322832 9.68
969 0.04018097607632427 9.69
970 0.04017382894640192 9.700000000000001
971 0.0401803127515803 9.710000000000001
972 0.04017455161118571 9.720000000000001
973 0.04018694905564624 9.73
974 0.04018582670273184 9.74
975 0.04019725504158968 9.75
976 0.0401975380174603 9.76
977 0.04020545365414008 9.77
978 0.04019064401227084 9.779999999999999
979 0.04019545665049109 9.790000000000001
980 0.04018205043604921 9.800000000000001
981 0.04016879064738179 9.81
982 0.04017108968361327 9.82
983 0.04016766014426824 9.83
984 0.04016475199965838 9.84
985 0.04016261720722854 9.85
986 0.04016400901743487 9.859999999999999
987 0.04016367533797038 9.870000000000001
988 0.0401612273032032 9.880000000000001
989 0.04016186048752718 9.890000000000001
990 0.04016406785021809 9.9
991 0.04016997462848262 9.91
992 0.04017663099354132 9.92
993 0.04019106702962093 9.93
994 0.04020303778836933 9.94
995 0.04021634859175724 9.950000000000001
996 0.04022120239638044 9.960000000000001
997 0.04022767540628478 9.970000000000001
998 0.04023157384305991 9.98
999 0.04023679374772907 9.99
1000 0.04024108118324604 10
1001 0.04025298860358114 10.01
1002 0.04026593667099974 10.02
1003 0.04026002397896394 10.03
1004 0.04026491346160433 10.04
1005 0.04026882335276624 10.05
1006 0.04027362002487177 10.06
1007 0.04027765239251207 10.07
1008 0.0402855604162962 10.08
1009 0.04029678920778506 10.09
1010 0.04030862779024432 10.1
1011 0.04032078908579827 10.11
1012 0.04033441725941249 10.12
1013 0.04034618473743183 10.13
1014 0.04035452868603173 10.14
1015 0.04036242420413254 10.15
1016 0.04037123522821149 10.16
1017 0.04037576291748977 10.17
1018 0.04038218572184802 10.18
1019 0.04039562454265658 10.19
1020 0.04043471175290799 10.2
1021 0.04044611306040497 10.21
1022 0.04045570584261445 10.22
1023 0.0404552438031711 10.23
1024 0.04047247073385121 10.24
1025 0.04048395866126299 10.25
1026 0.04048819218114785 10.26
1027 0.04050229145360053 10.27
1028 0.04050873146385496 10.28
1029 0.04051045575689005 10.29
1030 0.04050744400234747 10.3
1031 0.04049991843510063 10.31
1032 0.04050860033461345 10.32
1033 0.04051737105230987 10.33
1034 0.0405264421651738 10.34
1035 0.04054386610613693 10.35
1036 0.04055645459883452 10.36
1037 0.04056578237784123 10.37
1038 0.04058482512997134 10.38
1039 0.0405987066078928 10.39
1040 0.04061765979100097 10.4
1041 0.04062366094440478 10.41
1042 0.04062643019947506 10.42
1043 0.04062279085438 10.43
1044 0.04061253348244891 10.44
1045 0.0406074587300736 10.45
1046 0.04061535231713538 10.46
1047 0.04061681834747161 10.47
1048 0.04061451547121921 10.48
1049 0.04060173901845014 10.49
1050 0.04059920852520947 10.5
1051 0.04060621690791923 10.51
1052 0.04060823395420369 10.52
1053 0.04061026418339415 10.53
1054 0.04059272465881244 10.54
1055 0.04058360673231726 10.55
1056 0.04058393453776522 10.56
1057 0.04058605525096036 10.57
1058 0.0405737960166583 10.58
1059 0.04056368843328071 10.59
1060 0.0405596456141654 10.6
1061 0.04054681840007827 10.61
1062 0.04053376429882116 10.62
1063 0.04052883802493607 10.63
1064 0.04053280570899187 10.64
1065 0.04053294074616582 10.65
1066 0.04052343914563131 10.66
1067 0.04052683457945692 10.67
1068 0.04051995483287285 10.68
1069 0.04051028989534917 10.69
1070 0.04050563272037267 10.7
1071 0.04047898526647107 10.71
1072 0.04048109006832688 10.72
1073 0.04048461331640776 10.73
1074 0.04047331400938136 10.74
1075 0.0404674620574195 10.75
1076 0.04042621691322416 10.76
1077 0.04038535257672411 10.77
1078 0.04032235844188119 10.78
1079 0.04031408968843642 10.79
1080 0.04028771367777032 10.8
1081 0.04025812430407687 10.81
1082 0.04022653579572161 10.82
1083 0.04019803033153731 10.83
1084 0.04018112904939589 10.84
1085 0.04012510111504584 10.85
1086 0.04010149405922375 10.86
1087 0.04007294113878103 10.87
1088 0.0400479326922893 10.88
1089 0.04001974158777742 10.89
1090 0.03999691027874354 10.9
1091 0.03996067260773918 10.91
1092 0.03993195344952492 10.92
1093 0.03990220317552279 10.93
1094 0.03990972557280319 10.94
1095 0.03988692914198514 10.95
1096 0.03984634575172768 10.96
1097 0.03980686223496474 10.97
1098 0.03969325190785116 10.98
1099 0.03960464583627296 10.99
1100 0.03960905247286548 11
1101 0.03960897238883269 11.01
1102 0.03959076990351218 11.02
1103 0.03956278624241225 11.03
1104 0.03952736364788152 11.04
1105 0.03949071844988875 11.05
1106 0.039420202891507 11.06
1107 0.03934615380910358 11.07
1108 0.03931757494291008 11.08
1109 0.03935589617493187 11.09
1110 0.03938036615831058 11.1
1111 0.03945952708086069 11.11
1112 0.03949213952728985 11.12
1113 0.03957120656568275 11.13
1114 0.03961459110758972 11.14
1115 0.03963558704686602 11.15
1116 0.03966096029130885 11.16
1117 0.03967020276922795 11.17
1118 0.03965539828849538 11.18
1119 0.03962502224863833 11.19
1120 0.03967493504483556 11.2
1121 0.03969207195073295 11.21
1122 0.03972510520485999 11.22
1123 0.03970552814554695 11.23
1124 0.03974413281171192 11.24
1125 0.03978272000298601 11.25
1126 0.03983949227382749 11.26
1127 0.03985748968120559 11.27
1128 0.03986689010343257 11.28
1129 0.03993482140512409 11.29
1130 0.0400204372793669 11.3
1131 0.04005552131397326 11.31
1132 0.04007812967030126 11.32
1133 0.04012745659620329 11.33
1134 0.04015244613212045 11.34
1135 0.04016363125430362 11.35
1136 0.04020527477845581 11.36
1137 0.04016783968350517 11.37
1138 0.04014961681464258 11.38
1139 0.04015531196529383 11.39
1140 0.04010369631324037 11.4
1141 0.04004236979206361 11.41
1142 0.03996523068777099 11.42
1143 0.03991504287212922 11.43
1144 0.03980037228378692 11.44
1145 0.03967119622121141 11.45
1146 0.03956293198368613 11.46
1147 0.03950177036467147 11.47
1148 0.03944509178449124 11.48
1149 0.03938732878901515 11.49
1150 0.03933980624622265 11.5
1151 0.03929908059980059 11.51
1152 0.03927984083446454 11.52
1153 0.03920859477985615 11.53
1154 0.03913797416428699 11.54
1155 0.03905158819441633 11.55
1156 0.03897497314887485 11.56
1157 0.03885217829298829 11.57
1158 0.03872208514229516 11.58
1159 0.03857686009247169 11.59
1160 0.0384401860178456 11.6
1161 0.03830230735691138 11.61
1162 0.03819160876647775 11.62
1163 0.03806684551816287 11.63
1164 0.03797849158254148 11.64
1165 0.03791010623352481 11.65
1166 0.03783319778969056 11.66
1167 0.03779649646790127 11.67
1168 0.03777350824223927 11.68
1169 0.03778151731438199 11.69
1170 0.03776240765471908 11.7
1171 0.03777359371694419 11.71
1172 0.03781144117843054 11.72
1173 0.03780800116906011 11.73
1174 0.03778985779669682 11.74
1175 0.03776576446476795 11.75
1176 0.03775817606613379 11.76
1177 0.03775503190340321 11.77
1178 0.03771755685817105 11.78
1179 0.03770226765767776 11.79
1180 0.03773008096649847 11.8
1181 0.03781765009277804 11.81
1182 0.03791376899440113 11.82
1183 0.03799724795243765 11.83
1184 0.03809772620788654 11.84
1185 0.03820810535025847 11.85
1186 0.03829061429470509 11.86
1187 0.03842403943280399 11.87
1188 0.0385308989148582 11.88
1189 0.0386711841452297 11.89
1190 0.03882274541098895 11.9
1191 0.03899207308531761 11.91
1192 0.03917983040690937 11.92
1193 0.03937628276629123 11.93
1194 0.03960173051479862 11.94
1195 0.03980107103843401 11.95
1196 0.04003893880499607 11.96
1197 0.04025857960994152 11.97
1198 0.0404635806337568 11.98
1199 0.04064306095394651 11.99
1200 0.04075719746715951 12
1201 0.04095088730375172 12.01
1202 0.04117581611572185 12.02
1203 0.04139678468068936 12.03
1204 0.04157954992949135 12.04
1205 0.04180240400889079 12.05
1206 0.04196670732837249 12.06
1207 0.04218013146803524 12.07
1208 0.04237252288134543 12.08
1209 0.0425616241116419 12.09
1210 0.0427493888129656 12.1
1211 0.04290199187942546 12.11
1212 0.04305091204223466 12.12
1213 0.04319094319513966 12.13
1214 0.04333591396622812 12.14
1215 0.04348347361432107 12.15
1216 0.04369569937000348 12.16
1217 0.04383792719338928 12.17
1218 0.0440538413364603 12.18
1219 0.04418909737324347 12.19
1220 0.04432087129821338 12.2
1221 0.04438674215593259 12.21
1222 0.044480373728452 12.22
1223 0.04456141671928446 12.23
1224 0.04464759892693706 12.24
1225 0.04466643405997648 12.25
1226 0.04473050359520022 12.26
1227 0.04466136139191872 12.27
1228 0.0446476476353602 12.28
1229 0.04458098035698988 12.29
1230 0.04444754354138217 12.3
1231 0.04446398227059532 12.31
1232 0.04448633814385474 12.32
1233 0.04450672678936851 12.33
1234 0.0445157493211274 12.34
1235 0.04458396607698138 12.35
1236 0.04459204219480233 12.36
1237 0.04461321672879768 12.37
1238 0.04455303912192633 12.38
1239 0.04444558172785733 12.39
1240 0.04427762082803285 12.4
1241 0.04427508091870805 12.41
1242 0.04423316333252367 12.42
1243 0.04415622581122101 12.43
1244 0.04406649185882894 12.44
1245 0.04409856702160469 12.45
1246 0.04405878362571528 12.46
1247 0.0440213336097398 12.47
1248 0.04381488082459598 12.48
1249 0.04367606081890413 12.49
1250 0.0435429593236157 12.5
1251 0.04344031399388932 12.51
1252 0.04328700971273922 12.52
1253 0.04299070229907476 12.53
1254 0.04288625731701007 12.54
1255 0.04282045921620069 12.55
1256 0.04272892862397488 12.56
1257 0.04248429357593864 12.57
1258 0.04240227429396397 12.58
1259 0.04238161178378284 12.59
1260 0.04233117209479422 12.6
1261 0.04214388661397726 12.61
1262 0.04199686217974082 12.62
1263 0.04183850204786523 12.63
1264 0.04161968633720286 12.64
1265 0.04142142235575696 12.65
1266 0.0412177795896195 12.66
1267 0.04103304252505757 12.67
1268 0.04085153604880803 12.68
1269 0.04059002824283633 12.69
1270 0.04040958121075829 12.7
1271 0.04029360455203336 12.71
1272 0.04013727763882172 12.72
1273 0.03994721790261537 12.73
1274 0.03983126220088866 12.74
1275 0.03972150578189543 12.75
1276 0.03974875544075465 12.76
1277 0.03966836398648416 12.77
1278 0.03955511586354428 12.78
1279 0.03942021955966787 12.79
1280 0.03928259810673039 12.8
1281 0.03913554137119041 12.81
1282 0.03898683127480234 12.82
1283 0.03877914611573861 12.83
1284 0.03863072141409921 12.84
1285 0.0385210468191063 12.85
1286 0.03842886549686866 12.86
1287 0.0382839463158641 12.87
1288 0.03814984409888501 12.88
1289 0.03806233127287285 12.89
1290 0.03800612298905569 12.9
1291 0.03791672079864546 12.91
1292 0.03787962828378384 12.92
1293 0.03784075441600097 12.93
1294 0.03779567483194307 12.94
1295 0.03776755163262239 12.95
1296 0.0377805921381725 12.96
1297 0.03775491319016997 12.97
1298 0.03772515258939594 12.98
1299 0.03770026797226598 12.99
1300 0.03769005244641384 13
1301 0.03770594246097202 13.01
1302 0.03773328745650591 13.02
1303 0.03775952677920139 13.03
1304 0.03782034869547748 13.04
1305 0.03787666479626325 13.05
1306 0.03797744877079776 13.06
1307 0.03805721526989175 13.07
1308 0.03815988336600379 13.08
1309 0.03828543512214568 13.09
1310 0.03844947578244702 13.1
1311 0.03851978653286791 13.11
1312 0.03865940529238961 13.12
1313 0.03874839578260383 13.13
1314 0.03888829184495503 13.14
1315 0.03907987624357871 13.15
1316 0.03923894139535318 13.16
1317 0.03942091174526285 13.17
1318 0.03953912634010889 13.18
1319 0.03967933039718198 13.19
1320 0.03977339111653898 13.2
1321 0.03987698010770827 13.21
1322 0.04007460635593147 13.22
1323 0.0402043882830155 13.23
1324 0.04028517959105282 13.24
1325 0.04058547250876638 13.25
1326 0.04073668046273222 13.26
1327 0.04094106607554327 13.27
1328 0.04108597109266784 13.28
1329 0.04123902331042874 13.29
1330 0.04127951099274353 13.3
1331 0.04144940356858962 13.31
1332 0.04152430058741178 13.32
1333 0.04167492302361659 13.33
1334 0.04176917219680505 13.34
1335 0.04194706523851589 13.35
1336 0.04200286407628295 13.36
1337 0.04215176809233139 13.37
1338 0.04230717980378343 13.38
1339 0.04234028478792182 13.39
1340 0.04242762660935449 13.4
1341 0.04255927610475429 13.41
1342 0.04253459772941913 13.42
1343 0.04256791462938386 13.43
1344 0.04254424351081613 13.44
1345 0.04254743837725102 13.45
1346 0.04243739922209961 13.46
1347 0.04244298036754525 13.47
1348 0.04247336165422956 13.48
1349 0.04244239350733903 13.49
1350 0.04234683732569196 13.5
1351 0.04230367178744161 13.51
1352 0.0423313247281604 13.52
1353 0.04226668943898379 13.53
1354 0.04226717666619186 13.54
1355 0.04235095964253227 13.55
1356 0.04231549529968565 13.56
1357 0.04227312563724892 13.57
1358 0.0422160619482938 13.58
1359 0.0421951566207816 13.59
1360 0.0421120027850088 13.6
1361 0.04207794650570321 13.61
1362 0.04203915249821721 13.62
1363 0.04180191024680259 13.63
1364 0.04163009877883864 13.64
1365 0.04156567222543939 13.65
1366 0.04138607247818315 13.66
1367 0.04131279899841204 13.67
1368 0.04126456024728983 13.68
1369 0.04118328018575501 13.69
1370 0.04106227605298799 13.7
1371 0.04100456470479839 13.71
1372 0.04084114086935856 13.72
1373 0.04069649848004763 13.73
1374 0.04054588445777216 13.74
1375 0.04043860602734793 13.75
1376 0.04029170301213707 13.76
1377 0.04023261128956469 13.77
1378 0.04018237417448038 13.78
1379 0.04006716011968696 13.79
1380 0.0399225417306688 13.8
1381 0.03977880029380796 13.81
1382 0.03971688812072514 13.82
1383 0.0396325723076227 13.83
1384 0.03953577250727547 13.84
1385 0.03943677562332067 13.85
1386 0.03939068045994078 13.86
1387 0.03928611342062595 13.87
1388 0.03915915679107523 13.88
1389 0.0391078739232679 13.89
1390 0.03906145701350242 13.9
1391 0.03898926324144308 13.91
1392 0.03898163536233111 13.92
1393 0.03891684768371782 13.93
1394 0.03878158464524601 13.94
1395 0.03865851556010561 13.95
1396 0.0384958809722144 13.96
1397 0.03842036556348933 13.97
1398 0.03822345392970666 13.98
1399 0.03816499721979013 13.99
1400 0.03803906388052149 14
1401 0.03793203769980123 14.01
1402 0.03787571081852292 14.02
1403 0.03783858592825784 14.03
1404 0.03784700992373389 14.04
1405 0.03788993405950811 14.05
1406 0.03791241813176182 14.06
1407 0.03801738109342726 14.07
1408 0.03808312979248679 14.08
1409 0.03808436436783109 14.09
1410 0.03799938938329109 14.1
1411 0.03790593968515993 14.11
1412 0.03779858678792834 14.12
1413 0.03778397778712265 14.13
1414 0.03776196279843719 14.14
1415 0.03768764347616348 14.15
1416 0.03759525469608491 14.16
1417 0.03751482577685648 14.17
1418 0.03746810878597633 14.18
1419 0.03749381940213807 14.19
1420 0.03746705891261193 14.2
1421 0.0374458022434716 14.21
1422 0.03741131724906392 14.22
1423 0.0373419456161 14.23
1424 0.03731773760859778 14.24
1425 0.03726835872592429 14.25
1426 0.03726833299984304 14.26
1427 0.0372415837882117 14.27
1428 0.03721054916851153 14.28
1429 0.03726335170897672 14.29
1430 0.03727318099607025 14.3
1431 0.03724138470373749 14.31
1432 0.03723723624986255 14.32
1433 0.03720421007546049 14.33
1434 0.03723111677310879 14.34
1435 0.03716562702286494 14.35
1436 0.03715966843099097 14.36
1437 0.03711407722381124 14.37
1438 0.03700468110230487 14.38
1439 0.0369550411748652 14.39
1440 0.03687985448982391 14.4
1441 0.03682354504053652 14.41
1442 0.03680646744080591 14.42
1443 0.03678931244804236 14.43
1444 0.03678096894812705 14.44
1445 0.03678787856840177 14.45
1446 0.03675623171241661 14.46
1447 0.03673887464823541 14.47
1448 0.03673280221339973 14.48
1449 0.03666390796108536 14.49
1450 0.03667771654146785 14.5
1451 0.03670151580788397 14.51
1452 0.03663474373255549 14.52
1453 0.03663740775855893 14.53
1454 0.03660439801792643 14.54
1455 0.03656723838994972 14.55
1456 0.0365421527954235 14.56
1457 0.03654356160105424 14.57
1458 0.03655457008644482 14.58
1459 0.03653077742088896 14.59
1460 0.0365312943216179 14.6
1461 0.03652400193070807 14.61
1462 0.0364853317160908 14.62
1463 0.03644323351399243 14.63
1464 0.03635213303004151 14.64
1465 0.03631971244866846 14.65
1466 0.03629141824391199 14.66
1467 0.03624185142181839 14.67
1468 0.03618497671509005 14.68
1469 0.03614182304805714 14.69
1470 0.03610424462506055 14.7
1471 0.03605951794179952 14.71
1472 0.03604859673869953 14.72
1473 0.0360487645172827 14.73
1474 0.03604506470729213 14.74
1475 0.03605836735544875 14.75
1476 0.03610732716240328 14.76
1477 0.03614856414669784 14.77
1478 0.03615483988885902 14.78
1479 0.03616455046036447 14.79
1480 0.03618037867414051 14.8
1481 0.03618375937743051 14.81
1482 0.0362011084611353 14.82
1483 0.03615534761868688 14.83
1484 0.03612903840333645 14.84
1485 0.03608445787724252 14.85
1486 0.03613376503314583 14.86
1487 0.03614034489228497 14.87
1488 0.03615983398274134 14.88
1489 0.03613788699301401 14.89
1490 0.03612253901920055 14.9
1491 0.03612031398887244 14.91
1492 0.03609381445017813 14.92
1493 0.03607867128842299 14.93
1494 0.03611490013992273 14.94
1495 0.03615330348297797 14.95
1496 0.03619861206769114 14.96
1497 0.03622591810167564 14.97
1498 0.0362508314504888 14.98
1499 0.03631573747073066 14.99
1500 0.03639369608340431 15
1501 0.036440727710703 15.01
1502 0.03641714842668511 15.02
1503 0.03646263480631839 15.03
1504 0.03654128094511513 15.04
1505 0.03659211368503904 15.05
1506 0.03664359273339962 15.06
1507 0.03668429802613554 15.07
1508 0.03671751475386435 15.08
1509 0.03676831174566468 15.09
1510 0.03677960614717218 15.1
1511 0.03679836053907424 15.11
1512 0.03687128595530888 15.12
1513 0.03691095880718248 15.13
1514 0.03693029431101789 15.14
1515 0.03694826138110045 15.15
1516 0.03697664740570697 15.16
1517 0.03694690982485266 15.17
1518 0.03694464806570573 15.18
1519 0.03695640618576656 15.19
1520 0.03696447918124863 15.2
1521 0.03697160684227556 15.21
1522 0.03695621485543199 15.22
1523 0.0370077692234612 15.23
1524 0.03702662976587387 15.24
1525 0.03702407045053117 15.25
1526 0.03708556130449826 15.26
1527 0.03714166859354932 15.27
1528 0.03719542433065286 15.28
1529 0.03720879870687918 15.29
1530 0.0372160686585564 15.3
1531 0.03719647826696168 15.31
1532 0.03720413598181449 15.32
1533 0.03719908631917552 15.33
1534 0.0372098174888498 15.34
1535 0.03722515860533028 15.35
1536 0.0371992314393142 15.36
1537 0.03715389104532481 15.37
1538 0.03713994488540347 15.38
1539 0.03712426319199458 15.39
1540 0.03709571169156055 15.4
1541 0.0370583697614565 15.41
1542 0.0370434892353154 15.42
1543 0.03708081493995535 15.43
1544 0.03712159295779042 15.44
1545 0.03715778957871075 15.45
1546 0.0372082832810687 15.46
1547 0.03727232651238232 15.47
1548 0.03732305100033594 15.48
1549 0.03737564914370521 15.49
1550 0.03740874576924553 15.5
1551 0.0374619225643669 15.51
1552 0.03755170643756744 15.52
1553 0.03762016471475323 15.53
1554 0.03771811342753275 15.54
1555 0.03780299601039688 15.55
1556 0.0378998905207842 15.56
1557 0.03803002391077492 15.57
1558 0.03816557507108607 15.58
1559 0.03825311696314797 15.59
1560 0.03836522054425669 15.6
1561 0.03851437885464475 15.61
1562 0.03863701094260234 15.62
1563 0.03874727116857115 15.63
1564 0.03884421728357472 15.64
1565 0.03893719812291384 15.65
1566 0.03902271127768826 15.66
1567 0.03911631660862216 15.67
1568 0.03918731913316987 15.68
1569 0.03928543209095744 15.69
1570 0.03938517976245603 15.7
1571 0.03949216726305543 15.71
1572 0.03958620366084123 15.72
1573 0.0396885354865042 15.73
1574 0.03980673005781463 15.74
1575 0.03991806699036832 15.75
1576 0.0400834916014422 15.76
1577 0.04023808364813273 15.77
1578 0.04036900491626009 15.78
1579 0.04046935956581167 15.79
1580 0.04058994831031005 15.8
1581 0.04069074678688483 15.81
1582 0.04076630402662917 15.82
1583 0.04088674942655792 15.83
1584 0.04098583731308657 15.84
1585 0.04108508470453932 15.85
1586 0.04113308287535421 15.86
1587 0.04113725805957078 15.87
1588 0.04118311095404695 15.88
1589 0.04119295924341067 15.89
1590 0.0412437231811989 15.9
1591 0.04129491269698336 15.91
1592 0.04136898205802619 15.92
1593 0.04141439783382297 15.93
1594 0.04145232996229411 15.94
1595 0.04149541859649475 15.95
1596 0.0415296743295062 15.96
1597 0.04160305993652654 15.97
1598 0.04164512860497106 15.98
1599 0.04170403237724052 15.99
1600 0.04172362779195618 16
1601 0.0417248218057729 16.01
1602 0.04173350908469858 16.02
1603 0.04171706827149241 16.03
1604 0.04170019101570622 16.04
1605 0.04170846153041982 16.05
1606 0.04175217016954262 16.06
1607 0.04183774217022607 16.07
1608 0.04184627116748305 16.08
1609 0.04182990043065779 16.09
1610 0.04183356610730091 16.1
1611 0.04190688382705574 16.11
1612 0.04193721480157211 16.12
1613 0.04193366875783502 16.13
1614 0.0419085907887255 16.14
1615 0.04191535437030933 16.15
1616 0.04184978491903395 16.16
1617 0.04174844585902739 16.17
1618 0.04165348786131808 16.18
1619 0.04154968720510216 16.19
1620 0.04145984211693774 16.2
1621 0.04143721357245378 16.21
1622 0.04131894491570617 16.22
1623 0.0412676117334119 16.23
1624 0.04129404146913394 16.24
1625 0.04127204890126134 16.25
1626 0.04128375831283881 16.26
1627 0.04128955384910374 16.27
1628 0.04136702297233661 16.28
1629 0.04139830521839118 16.29
1630 0.04142815327749259 16.3
1631 0.0414562971382075 16.31
1632 0.04153292139841221 16.32
1633 0.04158994466321169 16.33
1634 0.04162644689718392 16.34
1635 0.04167545149799221 16.35
1636 0.04166355551192935 16.36
1637 0.04166205895447501 16.37
1638 0.041645782050905 16.38
1639 0.04164830888534831 16.39
1640 0.04167330285820366 16.4
1641 0.04170106319044958 16.41
1642 0.04167841703016335 16.42
1643 0.04173087522472555 16.43
1644 0.04176712999172879 16.44
1645 0.04180642731277539 16.45
1646 0.04183225400376181 16.46
1647 0.04185186880331006 16.47
1648 0.04190149912025185 16.48
1649 0.0419128891644353 16.49
1650 0.04190367827285446 16.5
1651 0.04189317358136143 16.51
1652 0.0419136978823564 16.52
1653 0.04196286737463628 16.53
1654 0.04194864767481667 16.54
1655 0.04200689868327601 16.55
1656 0.04205941633526308 16.56
1657 0.0421052431258173 16.57
1658 0.04211940488109862 16.58
1659 0.04214252232421149 16.59
1660 0.0421549653982459 16.6
1661 0.04217729171327775 16.61
1662 0.04215935376610638 16.62
1663 0.04222793336117831 16.63
1664 0.04225027661282153 16.64
1665 0.04225630881417723 16.65
1666 0.04227397945276737 16.66
1667 0.0422947874673938 16.67
1668 0.04223431135680968 16.68
1669 0.04223507929999507 16.69
1670 0.04231182794820834 16.7
1671 0.04233245102804839 16.71
1672 0.04233096813438309 16.72
1673 0.04232805692712427 16.73
1674 0.04233745156326905 16.74
1675 0.0423761034636829 16.75
1676 0.04236786549847409 16.76
1677 0.04239976612871146 16.77
1678 0.04243401140971358 16.78
1679 0.04245828439554133 16.79
1680 0.04245860872949086 16.8
1681 0.04247959264875158 16.81
1682 0.04249465455136493 16.82
1683 0.04255496066926282 16.83
1684 0.04262712365019251 16.84
1685 0.04263262667186244 16.85
1686 0.04266210130822626 16.86
1687 0.0426392850093563 16.87
1688 0.04266067784492383 16.88
1689 0.04265431605947945 16.89
1690 0.04267444823733141 16.9
1691 0.04267355740569967 16.91
1692 0.04267422923469061 16.92
1693 0.04272631643203127 16.93
1694 0.04279696323969387 16.94
1695 0.04284778538683759 16.95
1696 0.04288967385920224 16.96
1697 0.04287314370061793 16.97
1698 0.04286228602913333 16.98
1699 0.04284576858595479 16.99
1700 0.04285930001585251 17
1701 0.04287264257428085 17.01
1702 0.0428858994870843 17.02
1703 0.04291974514959007 17.03
1704 0.04296082730112666 17.04
1705 0.04298576189546093 17.05
1706 0.04297385271602944 17.06
1707 0.04297816173633327 17.07
1708 0.04298932228164945 17.08
1709 0.04295425504269192 17.09
1710 0.0429323212678764 17.1
1711 0.04291717178306734 17.11
1712 0.04291806663001403 17.12
1713 0.04292337802115055 17.13
1714 0.04294220509201011 17.14
1715 0.04292537325943879 17.15
1716 0.04291078447335959 17.16
1717 0.04289639618869935 17.17
1718 0.04288570002465416 17.18
1719 0.04285794510750393 17.19
1720 0.04279465670835765 17.2
1721 0.04279786399391551 17.21
1722 0.04278068820681406 17.22
1723 0.04274655705116329 17.23
1724 0.04271614823332059 17.24
1725 0.04268369835629292 17.25
1726 0.04264669433007408 17.26
1727 0.04261142089637843 17.27
1728 0.04257410814470867 17.28
1729 0.04251314945155706 17.29
1730 0.04245871184635637 17.3
1731 0.0423906150173941 17.31
1732 0.042344917549081 17.32
1733 0.04228342133502265 17.33
1734 0.04223742676938502 17.34
1735 0.04218351498019283 17.35
1736 0.04212155318230425 17.36
1737 0.04206060177320008 17.37
1738 0.04199915466827969 17.38
1739 0.04192279059575021 17.39
1740 0.04184783408077604 17.4
1741 0.0417644615117339 17.41
1742 0.04171893457268456 17.42
1743 0.04162058742097993 17.43
1744 0.04155647410048829 17.44
1745 0.04149629789209028 17.45
1746 0.04144152536621618 17.46
1747 0.04140158356414858 17.47
1748 0.04133967773193883 17.48
1749 0.04128364015382039 17.49
1750 0.04121297260686613 17.5
1751 0.04112674667929796 17.51
1752 0.04103537601529509 17.52
1753 0.0409277192092297 17.53
1754 0.04082207035001586 17.54
1755 0.04071960664577803 17.55
1756 0.04061286755549369 17.56
1757 0.04047857137954392 17.57
1758 0.04036676395633321 17.58
1759 0.04030899746122244 17.59
1760 0.04024106809620117 17.6
1761 0.04018412201604653 17.61
1762 0.04014746219909039 17.62
1763 0.0401055314373025 17.63
1764 0.0400434539861633 17.64
1765 0.03999447272240968 17.65
1766 0.03993225521715896 17.66
1767 0.03983235214501629 17.67
1768 0.0397106135842664 17.68
1769 0.03958465569817004 17.69
1770 0.03948028173875136 17.7
1771 0.03939027842720567 17.71
1772 0.0392952575476635 17.72
1773 0.03920362398630717 17.73
1774 0.03911681106206747 17.74
1775 0.03902878624691757 17.75
1776 0.0389628951439635 17.76
1777 0.03890529377646743 17.77
1778 0.03885729151871139 17.78
1779 0.03876851842235137 17.79
1780 0.03868975022453251 17.8
1781 0.03861919827037922 17.81
1782 0.03854895982320228 17.82
1783 0.03848966616434514 17.83
1784 0.03843327128861832 17.84
1785 0.03836387157706379 17.85
1786 0.0383072810095178 17.86
1787 0.0382602190743914 17.87
1788 0.03817577813323284 17.88
1789 0.03808497055422844 17.89
1790 0.03800648526587304 17.9
1791 0.03793980057557222 17.91
1792 0.03783397581777544 17.92
1793 0.03777487243707402 17.93
1794 0.03772805430715498 17.94
1795 0.03769484162850271 17.95
1796 0.03763060200582085 17.96
1797 0.03758524154349573 17.97
1798 0.03752702659064138 17.98
1799 0.0374926744171049 17.99
1800 0.03748713255219272 18
1801 0.0374617101134887 18.01
1802 0.03741440351128999 18.02
1803 0.03736780692046678 18.03
1804 0.03731693412399221 18.04
1805 0.0372710918551122 18.05
1806 0.0372157003086029 18.06
1807 0.03716049258807461 18.07
1808 0.03711358428370997 18.08
1809 0.03707643568848711 18.09
1810 0.03705242495218809 18.1
1811 0.03701229457992344 18.11
1812 0.03697523255665294 18.12
1813 0.03696505928896898 18.13
1814 0.03693230266852213 18.14
1815 0.03688841642940847 18.15
1816 0.03686926933384438 18.16
1817 0.03684170488985551 18.17
1818 0.03680275495281279 18.18
1819 0.03675881959566997 18.19
1820 0.03672853496257671 18.2
1821 0.03670552923198009 18.21
1822 0.03668295652778934 18.22
1823 0.03667528077709524 18.23
1824 0.03659492421469632 18.24
1825 0.03655652523916664 18.25
1826 0.03654278629049572 18.26
1827 0.03647686284977216 18.27
1828 0.03643788990644957 18.28
1829 0.03638178369630579 18.29
1830 0.03638427722736801 18.3
1831 0.03634347662277844 18.31
1832 0.03630197111070765 18.32
1833 0.03629932552509221 18.33
1834 0.03621991835146256 18.34
1835 0.0361450327337135 18.35
1836 0.03607892884938996 18.36
1837 0.03605343983533856 18.37
1838 0.03602379749178049 18.38
1839 0.03601464417427963 18.39
1840 0.03598522115560264 18.4
1841 0.03590913457871635 18.41
1842 0.03581793868366698 18.42
1843 0.0357557524514708 18.43
1844 0.03569134394038037 18.44
1845 0.0356241437485242 18.45
1846 0.03556344914300005 18.46
1847 0.03549148026452024 18.47
1848 0.03546241522150436 18.48
1849 0.03542564537945515 18.49
1850 0.03537726461027295 18.5
1851 0.03532953521901124 18.51
1852 0.03525775387754546 18.52
1853 0.03522642898166225 18.53
1854 0.03517991330041578 18.54
1855 0.03516042337869373 18.55
1856 0.03511454959058939 18.56
1857 0.03507819192748929 18.57
1858 0.03503344797935859 18.58
1859 0.03498339716789665 18.59
1860 0.03494353499568573 18.6
1861 0.03487248420018988 18.61
1862 0.03483311245328234 18.62
1863 0.03479448352673319 18.63
1864 0.03480942922985879 18.64
1865 0.03478658593718739 18.65
1866 0.03474177960394736 18.66
1867 0.03468331997978296 18.67
1868 0.03463844334070225 18.68
1869 0.03459193632891433 18.69
1870 0.03459780089051889 18.7
1871 0.03452879712602593 18.71
1872 0.03448272899499287 18.72
1873 0.03446285355598801 18.73
1874 0.03444248373286508 18.74
1875 0.03446306186225869 18.75
1876 0.03447484727780319 18.76
1877 0.03448768976873667 18.77
1878 0.03450229845444339 18.78
1879 0.03451509314583735 18.79
1880 0.03451930222807133 18.8
1881 0.03451069143268352 18.81
1882 0.03447945151757068 18.82
1883 0.03444657411020059 18.83
1884 0.03438542086539343 18.84
1885 0.03434056617360561 18.85
1886 0.03431767683461021 18.86
1887 0.03431533005269837 18.87
1888 0.03429267374498895 18.88
1889 0.03431974805937316 18.89
1890 0.0343470583450104 18.9
1891 0.03434320790981836 18.91
1892 0.03431253387729305 18.92
1893 0.03431718912118726 18.93
1894 0.0343645844980623 18.94
1895 0.03439610534094877 18.95
1896 0.03437025296639278 18.96
1897 0.03437379497580991 18.97
1898 0.03437044671846287 18.98
1899 0.03433069587358412 18.99
1900 0.03433816361136388 19
1901 0.03429964918474529 19.01
1902 0.03426820792119008 19.02
1903 0.03427382486127771 19.03
1904 0.03429141048136132 19.04
1905 0.03429085944616168 19.05
1906 0.03423492364217647 19.06
1907 0.03421222463685127 19.07
1908 0.03420400942139437 19.08
1909 0.03422564942013109 19.09
1910 0.03426207647533088 19.1
1911 0.03425197846082587 19.11
1912 0.03425141957873649 19.12
1913 0.03422740212601135 19.13
1914 0.03423033628459244 19.14
1915 0.03427092871777867 19.15
1916 0.03431077331561379 19.16
1917 0.03433990493065031 19.17
1918 0.03433491293788593 19.18
1919 0.03428951488025719 19.19
1920 0.03430151159239098 19.2
1921 0.03435027834286977 19.21
1922 0.03435258825318984 19.22
1923 0.03438967626674173 19.23
1924 0.03441267708842331 19.24
1925 0.03446687519607749 19.25
1926 0.03452034196339093 19.26
1927 0.0345546375822651 19.27
1928 0.03454653780830739 19.28
1929 0.03450666604011371 19.29
1930 0.03450027347133054 19.3
1931 0.03447471967592033 19.31
1932 0.03447064627419975 19.32
1933 0.0344964942194973 19.33
1934 0.03453241047839572 19.34
1935 0.03454151260809268 19.35
1936 0.03457750467674543 19.36
1937 0.03456757047839229 19.37
1938 0.03459415636484239 19.38
1939 0.03460587598966176 19.39
1940 0.03460475422669584 19.4
1941 0.03460780033654336 19.41
1942 0.03461843301230728 19.42
1943 0.03461014542716052 19.43
1944 0.03462051392385104 19.44
1945 0.03461679848682803 19.45
1946 0.03470614807415129 19.46
1947 0.03479703698875276 19.47
1948 0.034872130699944 19.48
1949 0.03491290972363843 19.49
1950 0.0349625223234857 19.5
1951 0.03498231491596424 19.51
1952 0.03497597555107225 19.52
1953 0.03493205539848657 19.53
1954 0.03488333744986594 19.54
1955 0.03484939225782255 19.55
1956 0.03484067829154309 19.56
1957 0.03482859192963264 19.57
1958 0.03487875924177077 19.58
1959 0.03485429514944938 19.59
1960 0.0348729961598578 19.6
1961 0.03489654326989545 19.61
1962 0.03491946323008582 19.62
1963 0.03496892462834168 19.63
1964 0.0350218635793876 19.64
1965 0.0350644760413569 19.65
1966 0.03509125500780298 19.66
1967 0.03510495199602488 19.67
1968 0.0351074806358935 19.68
1969 0.03508852424263921 19.69
1970 0.03511016812158695 19.7
1971 0.03513056937079943 19.71
1972 0.03512835209449251 19.72
1973 0.03513862467234125 19.73
1974 0.03514509776313643 19.74
1975 0.03513723500822964 19.75
1976 0.03514519191022518 19.76
1977 0.03517379971594442 19.77
1978 0.03520818913721823 19.78
1979 0.03522198075473552 19.79
1980 0.03522904211878505 19.8
1981 0.0352549008974964 19.81
1982 0.03529495037593097 19.82
1983 0.03531427119429787 19.83
1984 0.03532468735152482 19.84
1985 0.03533830208577631 19.85
1986 0.03534479889334942 19.86
1987 0.03536611701161124 19.87
1988 0.03537535021923313 19.88
1989 0.03537210344052158 19.89
1990 0.03537044218987838 19.9
1991 0.03537077019499739 19.91
1992 0.03537906314588848 19.92
1993 0.03539404734223135 19.93
1994 0.03541283886772182 19.94
1995 0.0354391045149784 19.95
1996 0.03545569950879972 19.96
1997 0.03547029134984883 19.97
1998 0.03549920784837118 19.98
1999 0.03554816766465554 19.99
2000 0.03558161013289189 20
2001 0.03561459581435281 20.01
2002 0.03562225258063603 20.02
2003 0.03562935410122692 20.03
2004 0.03565194961009358 20.04
2005 0.03567206258540088 20.05
2006 0.03571090762432724 20.06
2007 0.03573831837245638 20.07
2008 0.03575350467908796 20.08
2009 0.03574603129225366 20.09
2010 0.03576472364126616 20.1
2011 0.03578358779445295 20.11
2012 0.03580291090810456 20.12
2013 0.03580305378890119 20.13
2014 0.03580700888911723 20.14
2015 0.03582889894503264 20.15
2016 0.03585196460614049 20.16
2017 0.0358799041611605 20.17
2018 0.03590734017255112 20.18
2019 0.0359426132667378 20.19
2020 0.03599618823339086 20.2
2021 0.03604539521433615 20.21
2022 0.03609019427027933 20.22
2023 0.03614356906288606 20.23
2024 0.03620188355184071 20.24
2025 0.03625137419882921 20.25
2026 0.03629819588709648 20.26
2027 0.03634121305443626 20.27
2028 0.03641238255060256 20.28
2029 0.03647585940334034 20.29
2030 0.03652678659849822 20.3
2031 0.0365601245124577 20.31
2032 0.03659827418296125 20.32
2033 0.03663613146168358 20.33
2034 0.03668234059765806 20.34
2035 0.03672548666743347 20.35
2036 0.03677718607908451 20.36
2037 0.03683839043728313 20.37
2038 0.03692059508432202 20.38
2039 0.03701001025009368 20.39
2040 0.03709615435491614 20.4
2041 0.0371906104584744 20.41
2042 0.03726423261945255 20.42
2043 0.0373298645366652 20.43
2044 0.03738439391878089 20.44
2045 0.03743368192273621 20.45
2046 0.03746970257785866 20.46
2047 0.03750157127766262 20.47
2048 0.03752769822222578 20.48
2049 0.0375560805312467 20.49
2050 0.03758309668158982 20.5
2051 0.03762288380942035 20.51
2052 0.0376669719990079 20.52
2053 0.0377077351066517 20.53
2054 0.03775776194301466 20.54
2055 0.03779861407559844 20.55
2056 0.03781581928075665 20.56
2057 0.0378443700348108 20.57
2058 0.03788466555625381 20.58
2059 0.03793187984952461 20.59
2060 0.03798055396357842 20.6
2061 0.03804254551856656 20.61
2062 0.03810904456795399 20.62
2063 0.03817342208214555 20.63
2064 0.03823809638253042 20.64
2065 0.03827668530623617 20.65
2066 0.03830536542842241 20.66
2067 0.0383227008825317 20.67
2068 0.03835237050736564 20.68
2069 0.03837333848130269 20.69
2070 0.03840769886114023 20.7
2071 0.03843196602440506 20.71
2072 0.03845447887468931 20.72
2073 0.03848516996646772 20.73
2074 0.03850336985754458 20.74
2075 0.03853803132400591 20.75
2076 0.03857899370614325 20.76
2077 0.03862546910257653 20.77
2078 0.03866621407939139 20.78
2079 0.03871198664215661 20.79
2080 0.03875915082466226 20.8
2081 0.03881040429729202 20.81
2082 0.03886151532764178 20.82
2083 0.03891001483476924 20.83
2084 0.03896193736846421 20.84
2085 0.03901023173569646 20.85
2086 0.0390583232651835 20.86
2087 0.03910938760021054 20.87
2088 0.03915888378650561 20.88
2089 0.03921070573846557 20.89
2090 0.03926978687411627 20.9
2091 0.03932227872295208 20.91
2092 0.03937314962703235 20.92
2093 0.03942130081520371 20.93
2094 0.03947207735788322 20.94
2095 0.03952667536775584 20.95
2096 0.03957279815244681 20.96
2097 0.03963181157779086 20.97
2098 0.0396940809477876 20.98
2099 0.03975725079791991 20.99
2100 0.03982403877975338 21
2101 0.03989256274321266 21.01
2102 0.03995853868651963 21.02
2103 0.04001052697063966 21.03
2104 0.0400498776485007 21.04
2105 0.04010807311625848 21.05
2106 0.04016981327485468 21.06
2107 0.04020972033858577 21.07
2108 0.04024869726126343 21.08
2109 0.04032110588737704 21.09
2110 0.04038349934386559 21.1
2111 0.04044733380284541 21.11
2112 0.04050668709764787 21.12
2113 0.04054791711317755 21.13
2114 0.04059325201219648 21.14
2115 0.0406360838698159 21.15
2116 0.04067690264275442 21.16
2117 0.04070906503721019 21.17
2118 0.04075807053829369 21.18
2119 0.04079950644048534 21.19
2120 0.04085065354898796 21.2
2121 0.04090969720174731 21.21
2122 0.04097011103231929 21.22
2123 0.04102472886835164 21.23
2124 0.04108399602854206 21.24
2125 0.0411311973541538 21.25
2126 0.04118857131920584 21.26
2127 0.04125305856423317 21.27
2128 0.04132605852106469 21.28
2129 0.04138209143786768 21.29
2130 0.04144255144261409 21.3
2131 0.04149983055139327 21.31
2132 0.04154792336005687 21.32
2133 0.04157581445571794 21.33
2134 0.04161808448412706 21.34
2135 0.0416774221304294 21.35
2136 0.04172390054253992 21.36
2137 0.04175829103656464 21.37
2138 0.04181229691541296 21.38
2139 0.04183656719147245 21.39
2140 0.04186944205567786 21.4
2141 0.04190629899160089 21.41
2142 0.0419496797865939 21.42
2143 0.04201217300641424 21.43
2144 0.04209716148642462 21.44
2145 0.04218754053783281 21.45
2146 0.04225750987851584 21.46
2147 0.04233661910495032 21.47
2148 0.04239388842857698 21.48
2149 0.04244998850815045 21.49
2150 0.04249969984034697 21.5
2151 0.04254264603306322 21.51
2152 0.04259797712574724 21.52
2153 0.04266084247967762 21.53
2154 0.04270635514880258 21.54
2155 0.04277190815281205 21.55
2156 0.04281157899295386 21.56
2157 0.04285016940794722 21.57
2158 0.04289336146327125 21.58
2159 0.04293200283121128 21.59
2160 0.04297542453765055 21.6
2161 0.04302696308676379 21.61
2162 0.04306438238405779 21.62
2163 0.04312396510964956 21.63
2164 0.04317464729208208 21.64
2165 0.04321874075484405 21.65
2166 0.04326789771707256 21.66
2167 0.04333832513319923 21.67
2168 0.04340773243038231 21.68
2169 0.04346456533867182 21.69
2170 0.04355415899590057 21.7
2171 0.04362125118212745 21.71
2172 0.04368560594603983 21.72
2173 0.04374224973314231 21.73
2174 0.04379116356582816 21.74
2175 0.04383585306814028 21.75
2176 0.04388027513700034 21.76
2177 0.04391206819463412 21.77
2178 0.0439613650624196 21.78
2179 0.04400618790479074 21.79
2180 0.04401121015194099 21.8
2181 0.04401583797757971 21.81
2182 0.04403959759675101 21.82
2183 0.04406131619211834 21.83
2184 0.04409495476254172 21.84
2185 0.0441389493674486 21.85
2186 0.04418043253421524 21.86
2187 0.04419503327807337 21.87
2188 0.04422592364501825 21.88
2189 0.04425019444258706 21.89
2190 0.04428270556710621 21.9
2191 0.04432074042804965 21.91
2192 0.04434603499118295 21.92
2193 0.04439397658261025 21.93
2194 0.04440275024403432 21.94
2195 0.04441958417896538 21.95
2196 0.04443404149011329 21.96
2197 0.04444705240286734 21.97
2198 0.04445242617309504 21.98
2199 0.04445555366852146 21.99
2200 0.04446520098503268 22
2201 0.04447298255136771 22.01
2202 0.04447047400642062 22.02
2203 0.0444853215251106 22.03
2204 0.04450648194601654 22.04
2205 0.04449604288087444 22.05
2206 0.04450186455383176 22.06
2207 0.04448792972209824 22.07
2208 0.04448300770130045 22.08
2209 0.0444961914255193 22.09
2210 0.04447454395105174 22.1
2211 0.04444779286937901 22.11
2212 0.04442159947469514 22.12
2213 0.04441369712407557 22.13
2214 0.04440143017393394 22.14
2215 0.04439594641977074 22.15
2216 0.04438920017270809 22.16
2217 0.04436983134163804 22.17
2218 0.04436254766750693 22.18
2219 0.04435381475898399 22.19
2220 0.04433872774754854 22.2
2221 0.04431462640634377 22.21
2222 0.04429087858797683 22.22
2223 0.04427282182426591 22.23
2224 0.04422741537709737 22.24
2225 0.04416296179753097 22.25
2226 0.04409482524883875 22.26
2227 0.04404985020570203 22.27
2228 0.0440011319255468 22.28
2229 0.04393849660339257 22.29
2230 0.04389686185497419 22.3
2231 0.04385309426238776 22.31
2232 0.04378406236581879 22.32
2233 0.0437204348782072 22.33
2234 0.04365744746371998 22.34
2235 0.04361412696001767 22.35
2236 0.04356719580853725 22.36
2237 0.04354005970031787 22.37
2238 0.04348048584993365 22.38
2239 0.04340621485003545 22.39
2240 0.04331042273377039 22.4
2241 0.04321626717643771 22.41
2242 0.04310950643725625 22.42
2243 0.04301423801788475 22.43
2244 0.04294609755552768 22.44
2245 0.04287715409682778 22.45
2246 0.04279632547663917 22.46
2247 0.04270051504090908 22.47
2248 0.04262834241290708 22.48
2249 0.0425206155386201 22.49
2250 0.0424195833461006 22.5
2251 0.042325404168355 22.51
2252 0.04221797447244074 22.52
2253 0.04214791299252457 22.53
2254 0.04206557560332984 22.54
2255 0.04198924876795844 22.55
2256 0.04193201066292299 22.56
2257 0.04184589806399762 22.57
2258 0.04176391425570336 22.58
2259 0.04169509688622919 22.59
2260 0.04160918267521986 22.6
2261 0.0414950193188373 22.61
2262 0.04137531466142506 22.62
2263 0.04125533079743187 22.63
2264 0.04116191835906522 22.64
2265 0.04106596923714137 22.65
2266 0.04100930428243636 22.66
2267 0.04092238304936517 22.67
2268 0.04083470776711792 22.68
2269 0.04073798540865915 22.69
2270 0.04066239205553828 22.7
2271 0.04057510044496221 22.71
2272 0.04048647035888827 22.72
2273 0.04039974187739412 22.73
2274 0.04032043432024427 22.74
2275 0.04029038503626916 22.75
2276 0.04025014493419812 22.76
2277 0.04021493603184791 22.77
2278 0.04018585340665802 22.78
2279 0.04014290221364773 22.79
2280 0.04006326728379257 22.8
2281 0.04001361636231997 22.81
2282 0.03997828860294401 22.82
2283 0.03995169095259859 22.83
2284 0.03989887899786981 22.84
2285 0.03983885321842629 22.85
2286 0.0397814912556813 22.86
2287 0.03971869869629862 22.87
2288 0.03966368042087592 22.88
2289 0.03959935701816761 22.89
2290 0.0395380414140818 22.9
2291 0.03947333092580242 22.91
2292 0.03942265555108184 22.92
2293 0.03937609653993092 22.93
2294 0.03934628934376091 22.94
2295 0.03931896057091635 22.95
2296 0.03927179971848001 22.96
2297 0.03922844297182136 22.97
2298 0.03920262405841016 22.98
2299 0.03918206139448742 22.99
2300 0.03916598022815591 23
2301 0.03913431999641211 23.01
2302 0.03908158768793759 23.02
2303 0.03900852196788638 23.03
2304 0.03891801264188904 23.04
2305 0.03885141941605107 23.05
2306 0.03878509164878578 23.06
2307 0.03871643309881664 23.07
2308 0.03861794279108122 23.08
2309 0.03855713175462581 23.09
2310 0.03847904761618828 23.1
2311 0.03842233927631028 23.11
2312 0.0383580173862867 23.12
2313 0.03829753562481798 23.13
2314 0.03823342277528243 23.14
2315 0.03816797685417264 23.15
2316 0.03811750417417713 23.16
2317 0.03806888012541078 23.17
2318 0.03800712082232318 23.18
2319 0.03791930775265671 23.19
2320 0.03785787345681092 23.2
2321 0.03778777741372089 23.21
2322 0.03771741901036153 23.22
2323 0.03760784113554182 23.23
2324 0.03750290234584282 23.24
2325 0.03741713612806648 23.25
2326 0.03732973407590619 23.26
2327 0.03729748393268507 23.27
2328 0.03724265053347039 23.28
2329 0.03719359753873217 23.29
2330 0.03712638885167953 23.3
2331 0.03701483178006386 23.31
2332 0.03691896381580444 23.32
2333 0.03681040365211163 23.33
2334 0.03672387681375796 23.34
2335 0.03664683307503186 23.35
2336 0.03656355055905451 23.36
2337 0.03645789850308468 23.37
2338 0.03636181856257669 23.38
2339 0.03623470139072194 23.39
2340 0.0361592034172663 23.4
2341 0.03609887614183355 23.41
2342 0.03602681037026449 23.42
2343 0.0359553860716484 23.43
2344 0.03587572577173468 23.44
2345 0.03578549922396845 23.45
2346 0.03568202294286119 23.46
2347 0.03559867212388372 23.47
2348 0.03552822837018804 23.48
2349 0.03545707286728335 23.49
2350 0.03536091218042731 23.5
2351 0.03529693213635288 23.51
2352 0.03520432622883145 23.52
2353 0.03509507056528388 23.53
2354 0.03500844644677474 23.54
2355 0.03492691965443957 23.55
2356 0.03485578469489557 23.56
2357 0.0347875041695552 23.57
2358 0.03472784276000319 23.58
2359 0.03465433558815358 23.59
2360 0.0346017942416733 23.6
2361 0.03454263213898243 23.61
2362 0.03448076912483281 23.62
2363 0.03443631255235041 23.63
2364 0.03438328981499474 23.64
2365 0.03432144325272416 23.65
2366 0.03428415203178613 23.66
2367 0.03420635258189255 23.67
2368 0.03414017656355064 23.68
2369 0.03408920394150824 23.69
2370 0.03405263798594021 23.7
2371 0.0339978275721247 23.71
2372 0.03391990880711428 23.72
2373 0.03386120433370043 23.73
2374 0.03381095105489974 23.74
2375 0.03376855806311531 23.75
2376 0.03372230805717451 23.76
2377 0.03369125807598813 23.77
2378 0.033664599117287 23.78
2379 0.03363673099416736 23.79
2380 0.03361236679022622 23.8
2381 0.03363453666223727 23.81
2382 0.03360363741513406 23.82
2383 0.03359520601974284 23.83
2384 0.03357726677193536 23.84
2385 0.03358699788179427 23.85
2386 0.03355553573929569 23.86
2387 0.03353592025526395 23.87
2388 0.03346691700567765 23.88
2389 0.03343458408906033 23.89
2390 0.03340829409132882 23.9
2391 0.03339078208486254 23.91
2392 0.0333871193019348 23.92
2393 0.03337306434840003 23.93
2394 0.0333636040639416 23.94
2395 0.03335656667991738 23.95
2396 0.03335375182963111 23.96
2397 0.03334069517679571 23.97
2398 0.03332693354098657 23.98
2399 0.0333160901073208 23.99
2400 0.03329898872753381 24
2401 0.03327297001849421 24.01
2402 0.03325636472944939 24.02
2403 0.03322586095876762 24.03
2404 0.03320340968068206 24.04
2405 0.03318399528442346 24.05
2406 0.0331648945906349 24.06
2407 0.03315846963933296 24.07
2408 0.03315058230732845 24.08
2409 0.03316217900268426 24.09
2410 0.03315626949470823 24.1
2411 0.03315453852067742 24.11
2412 0.03314276249937619 24.12
2413 0.03313027055972015 24.13
2414 0.03314591640641759 24.14
2415 0.03315758652358394 24.15
2416 0.03314599288323606 24.16
2417 0.033128208317744 24.17
2418 0.03311910782593289 24.18
2419 0.03310704744746011 24.19
2420 0.03310616758643931 24.2
2421 0.03310151677353841 24.21
2422 0.03311472382864399 24.22
2423 0.03313589578625682 24.23
2424 0.03311754638764108 24.24
2425 0.03309218228535599 24.25
2426 0.03307904936994326 24.26
2427 0.03309060504412996 24.27
2428 0.03309368717110032 24.28
2429 0.03310908596059693 24.29
2430 0.03313413002187628 24.3
2431 0.03318027804635876 24.31
2432 0.03322701050869331 24.32
2433 0.03327547484877806 24.33
2434 0.03330458720309423 24.34
2435 0.03331835173692185 24.35
2436 0.03331363335371926 24.36
2437 0.03334450073567085 24.37
2438 0.03334839218043338 24.38
2439 0.03333979635465646 24.39
2440 0.03333152722281888 24.4
2441 0.03332428654166382 24.41
2442 0.03333459183840129 24.42
2443 0.03334205215398629 24.43
2444 0.03336117676543129 24.44
2445 0.03336365891243413 24.45
2446 0.03340334773099106 24.46
2447 0.03342751081337517 24.47
2448 0.03344375172912635 24.48
2449 0.03348022653184336 24.49
2450 0.033506202269845 24.5
2451 0.03352949254283196 24.51
2452 0.03355077776624743 24.52
2453 0.0335556097836989 24.53
2454 0.03355753679279092 24.54
2455 0.03357162715268842 24.55
2456 0.03362745035676663 24.56
2457 0.03366192162516983 24.57
2458 0.03368912951697352 24.58
2459 0.03370782777988243 24.59
2460 0.03374845904006568 24.6
2461 0.0337666537064116 24.61
2462 0.03377098776884661 24.62
2463 0.03383169992244941 24.63
2464 0.03388578890367555 24.64
2465 0.03390070219668167 24.65
2466 0.03390874627613887 24.66
2467 0.03392557780213272 24.67
2468 0.03391521356533166 24.68
2469 0.0339830054451891 24.69
2470 0.03403036887206971 24.7
2471 0.03409648949748265 24.71
2472 0.03413224619051004 24.72
2473 0.03414370957995433 24.73
2474 0.03416474948627525 24.74
2475 0.03419880460592239 24.75
2476 0.03421341136616528 24.76
2477 0.03421650421789563 24.77
2478 0.03422268905323166 24.78
2479 0.03424007182813926 24.79
2480 0.03426632994919219 24.8
2481 0.03428791492716461 24.81
2482 0.03428624059810777 24.82
2483 0.0343013284835575 24.83
2484 0.03432694950321846 24.84
2485 0.03435711016110081 24.85
2486 0.03437402853336065 24.86
2487 0.03440865514754726 24.87
2488 0.03442848411894667 24.88
2489 0.03445231839160697 24.89
2490 0.03445067584240769 24.9
2491 0.03445107221055035 24.91
2492 0.0344695983927301 24.92
2493 0.03449709892799185 24.93
2494 0.03455003680537165 24.94
2495 0.03460175256108843 24.95
2496 0.03462236205068879 24.96
2497 0.03463342832095705 24.97
2498 0.03464498820639129 24.98
2499 0.03470125647532301 24.99
2500 0.03475170965917861 25
2501 0.03479909648408084 25.01
2502 0.03484632557996789 25.02
2503 0.03488059743705432 25.03
2504 0.0349066341612705 25.04
2505 0.03494467043396984 25.05
2506 0.03498776943659138 25.06
2507 0.03500801780638517 25.07
2508 0.03502268374009456 25.08
2509 0.03501239263421209 25.09
2510 0.03501933292674734 25.1
2511 0.03504384962797186 25.11
2512 0.03503707492763455 25.12
2513 0.03503321363692762 25.13
2514 0.03502329020318898 25.14
2515 0.03501240754834738 25.15
2516 0.03499290046985007 25.16
2517 0.03498780753782354 25.17
2518 0.03497571321442634 25.18
2519 0.0349964767023729 25.19
2520 0.0350037236925658 25.2
2521 0.03502727058516892 25.21
2522 0.0350683108200238 25.22
2523 0.03512413801205649 25.23
2524 0.03518607013235305 25.24
2525 0.03524895326435718 25.25
2526 0.0352971386745858 25.26
2527 0.03534731178654039 25.27
2528 0.03535554997597876 25.28
2529 0.03541159749119357 25.29
2530 0.03543888459853822 25.3
2531 0.03545821974153295 25.31
2532 0.03546781683885016 25.32
2533 0.03546485091325612 25.33
2534 0.03546680413231494 25.34
2535 0.03546547699713495 25.35
2536 0.03545431132184799 25.36
2537 0.03545014913917351 25.37
2538 0.0354549011605375 25.38
2539 0.03546737409549972 25.39
2540 0.03548512726580556 25.4
2541 0.03552446499433626 25.41
2542 0.03555956321637781 25.42
2543 0.0355774679255605 25.43
2544 0.03559327235776369 25.44
2545 0.03560390643826097 25.45
2546 0.03561069587104451 25.46
2547 0.0356419526102648 25.47
2548 0.03566927954764516 25.48
2549 0.03569535459006144 25.49
2550 0.03571058793771511 25.5
2551 0.03571428311780795 25.51
2552 0.03571012271842062 25.52
2553 0.03571865725209002 25.53
2554 0.0357306350289194 25.54
2555 0.03575011944551363 25.55
2556 0.03577434098908899 25.56
2557 0.03579758459924855 25.57
2558 0.03581320251318851 25.58
2559 0.0358307890993063 25.59
2560 0.03585099857975679 25.6
2561 0.0358744005914691 25.61
2562 0.03590327444457562 25.62
2563 0.03591890769453946 25.63
2564 0.03592631812070508 25.64
2565 0.03592936750192047 25.65
2566 0.03593027700001186 25.66
2567 0.03592882527831166 25.67
2568 0.03592433980717902 25.68
2569 0.03591342754209472 25.69
2570 0.03592516721553576 25.7
2571 0.03596531573639546 25.71
2572 0.03598015797959516 25.72
2573 0.03599969855293653 25.73
2574 0.03602050011133986 25.74
2575 0.03604778272230582 25.75
2576 0.03606219036428581 25.76
2577 0.03606882687522832 25.77
2578 0.03607713384588392 25.78
2579 0.03605540876895712 25.79
2580 0.03601966824863764 25.8
2581 0.03601180516571627 25.81
2582 0.0360111052020979 25.82
2583 0.03603541351732447 25.83
2584 0.03603933934740855 25.84
2585 0.03605464072031492 25.85
2586 0.03605825614087012 25.86
2587 0.03606023599608116 25.87
2588 0.03606295717292281 25.88
2589 0.03608948264685138 25.89
2590 0.03611842069621632 25.9
2591 0.03613696491470238 25.91
2592 0.03615660939549066 25.92
2593 0.03616716535587158 25.93
2594 0.03616945767108966 25.94
2595 0.03617242230389598 25.95
2596 0.03619119085942607 25.96
2597 0.03620665782141318 25.97
2598 0.03621682816244692 25.98
2599 0.03621826938040166 25.99
2600 0.03620701200204458 26
2601 0.03619473960836989 26.01
2602 0.03617889089536881 26.02
2603 0.03616270090175646 26.03
2604 0.03617820528482801 26.04
2605 0.03620502249260716 26.05
2606 0.03624237434410769 26.06
2607 0.03628263800875911 26.07
2608 0.03632355712011183 26.08
2609 0.03635955796618006 26.09
2610 0.03639993044677826 26.1
2611 0.03644866942771353 26.11
2612 0.0365089584267251 26.12
2613 0.03656610079450836 26.13
2614 0.03660773073329959 26.14
2615 0.03665762344539419 26.15
2616 0.03673538972681343 26.16
2617 0.0367748787104225 26.17
2618 0.03682663763961766 26.18
2619 0.03686916230383489 26.19
2620 0.03692394332883282 26.2
2621 0.03698087187998653 26.21
2622 0.03703590740396289 26.22
2623 0.03708605281074937 26.23
2624 0.03712409783280291 26.24
2625 0.03717293702158794 26.25
2626 0.03722898631221092 26.26
2627 0.03731581172678046 26.27
2628 0.03739674874371302 26.28
2629 0.03748055080184316 26.29
2630 0.03754556001168076 26.3
2631 0.03761935469538839 26.31
2632 0.03769469102385915 26.32
2633 0.03777490507498633 26.33
2634 0.03784889831312812 26.34
2635 0.03793005680488182 26.35
2636 0.03799639949711946 26.36
2637 0.03808184966855785 26.37
2638 0.03816562831635978 26.38
2639 0.03825442642871296 26.39
2640 0.03834627238719555 26.4
2641 0.03841277323389381 26.41
2642 0.03849201660650255 26.42
2643 0.03857636350396413 26.43
2644 0.03866952788213499 26.44
2645 0.03878019050014898 26.45
2646 0.03887734268053401 26.46
2647 0.03895118186526197 26.47
2648 0.03902544182448881 26.48
2649 0.03908221281212394 26.49
2650 0.03914305428224903 26.5
2651 0.03920729728849843 26.51
2652 0.0392870697841522 26.52
2653 0.03934279739873518 26.53
2654 0.03939808028183635 26.54
2655 0.03946970207609116 26.55
2656 0.03952972599503274 26.56
2657 0.03958511412260535 26.57
2658 0.0396152091513416 26.58
2659 0.03965982150202201 26.59
2660 0.03973149487349759 26.6
2661 0.03976379951891196 26.61
2662 0.03984300788147 26.62
2663 0.03992265837598675 26.63
2664 0.04000223360467212 26.64
2665 0.04005203663136522 26.65
2666 0.04010484825955773 26.66
2667 0.0401590601995633 26.67
2668 0.04020859394495518 26.68
2669 0.04024155552268407 26.69
2670 0.04026964095075472 26.7
2671 0.040302286854233 26.71
2672 0.04034977956148857 26.72
2673 0.04039354102643943 26.73
2674 0.04041720020571365 26.74
2675 0.04044515754961846 26.75
2676 0.04045123285564485 26.76
2677 0.04046855496994952 26.77
2678 0.0404949514913136 26.78
2679 0.04050344714462318 26.79
2680 0.04052669774140234 26.8
2681 0.04055374397524238 26.81
2682 0.04059175667879755 26.82
2683 0.04062320504914721 26.83
2684 0.04065357584735911 26.84
2685 0.04069575752958176 26.85
2686 0.04073963684248467 26.86
2687 0.04075495350375186 26.87
2688 0.0408026553821812 26.88
2689 0.04084012074680743 26.89
2690 0.04088595130057771 26.9
2691 0.04092056473301491 26.91
2692 0.04096743611836773 26.92
2693 0.04098802582424019 26.93
2694 0.04099675629160083 26.94
2695 0.04101935012490836 26.95
2696 0.04105116905588006 26.96
2697 0.04108177976633143 26.97
2698 0.04109310067346025 26.98
2699 0.0411153889195696 26.99
2700 0.04115903829025892 27
2701 0.04122342695177687 27.01
2702 0.04127256698601968 27.02
2703 0.04134330893622966 27.03
2704 0.04139253406262476 27.04
2705 0.04143881296521797 27.05
2706 0.041494308089356 27.06
2707 0.04155555539844706 27.07
2708 0.04160887114116077 27.08
2709 0.04165289236272802 27.09
2710 0.04170387646056818 27.1
2711 0.04174129705571961 27.11
2712 0.04176575410798428 27.12
2713 0.0417968904005484 27.13
2714 0.04182073690880495 27.14
2715 0.04184843098192414 27.15
2716 0.04188413191895854 27.16
2717 0.04192293102044641 27.17
2718 0.04195953277313369 27.18
2719 0.04199549564452413 27.19
2720 0.04203941322657457 27.2
2721 0.04207829588492323 27.21
2722 0.04212081679966699 27.22
2723 0.04217329229669806 27.23
2724 0.0422205393160681 27.24
2725 0.04227081436898565 27.25
2726 0.04230991202434079 27.26
2727 0.04234503684774975 27.27
2728 0.04239682260309997 27.28
2729 0.04242580391906578 27.29
2730 0.04248913393541971 27.3
2731 0.04249813665115528 27.31
2732 0.04251706438332869 27.32
2733 0.04253448146006048 27.33
2734 0.04256959539178094 27.34
2735 0.04261397756995278 27.35
2736 0.04264454259784126 27.36
2737 0.0426627761215504 27.37
2738 0.04269237150473259 27.38
2739 0.04272530573174715 27.39
2740 0.04275540941128272 27.4
2741 0.04277254535559381 27.41
2742 0.04279340482452213 27.42
2743 0.04283880608045371 27.43
2744 0.04284870403513258 27.44
2745 0.04288254115378771 27.45
2746 0.04291516288876836 27.46
2747 0.04293702749923225 27.47
2748 0.04296771229336072 27.48
2749 0.04298645151739477 27.49
2750 0.04298675784245536 27.5
2751 0.04300744852293878 27.51
2752 0.04301582274612955 27.52
2753 0.04302566222627702 27.53
2754 0.04300108615494801 27.54
2755 0.04300061431640986 27.55
2756 0.0429760653827207 27.56
2757 0.04293242438614152 27.57
2758 0.04288348101099121 27.58
2759 0.04281823245021122 27.59
2760 0.04276039140311817 27.6
2761 0.04271168913767365 27.61
2762 0.04268869494011847 27.62
2763 0.04266570774232895 27.63
2764 0.04263974256520803 27.64
2765 0.04263507048839775 27.65
2766 0.04262521339582543 27.66
2767 0.04263374303393618 27.67
2768 0.04260366477992105 27.68
2769 0.0425737208559292 27.69
2770 0.04249010286637383 27.7
2771 0.04243682200055308 27.71
2772 0.04233711297457818 27.72
2773 0.04224357129398877 27.73
2774 0.04210501245390547 27.74
2775 0.04196870214976149 27.75
2776 0.04185099952492936 27.76
2777 0.04174080512497443 27.77
2778 0.04159814536032933 27.78
2779 0.04148586513846182 27.79
2780 0.04139817166507112 27.8
2781 0.04130657446032707 27.81
2782 0.04122539896584732 27.82
2783 0.04115808486879252 27.83
2784 0.04106161858323878 27.84
2785 0.04095920076233335 27.85
2786 0.04084651828113003 27.86
2787 0.04073000455366824 27.87
2788 0.04062138028905554 27.88
2789 0.04050433123908425 27.89
2790 0.04038239227399484 27.9
2791 0.04029728724558602 27.91
2792 0.04019417249080384 27.92
2793 0.0400938624538994 27.93
2794 0.03995910505958347 27.94
2795 0.0398518917969489 27.95
2796 0.03974090401311892 27.96
2797 0.03964046757243272 27.97
2798 0.03955867930756796 27.98
2799 0.03947108143124653 27.99
2800 0.03935899410816383 28
2801 0.03925844967513801 28.01
2802 0.03910338536760061 28.02
2803 0.03894409259166884 28.03
2804 0.03884619218478737 28.04
2805 0.03871935144493849 28.05
2806 0.03863605280433306 28.06
2807 0.03855387905294235 28.07
2808 0.03849649657748715 28.08
2809 0.0384390829931542 28.09
2810 0.03841951745415496 28.1
2811 0.03836951325156436 28.11
2812 0.03834439657404974 28.12
2813 0.03832346939718312 28.13
2814 0.0382658209007458 28.14
2815 0.03819262915682046 28.15
2816 0.03811725659610327 28.16
2817 0.0380712762989739 28.17
2818 0.03803100113084096 28.18
2819 0.03800157051572701 28.19
2820 0.03794825289109284 28.2
2821 0.03791663273011127 28.21
2822 0.03789134340405496 28.22
2823 0.03787458230118672 28.23
2824 0.03783683102512198 28.24
2825 0.03779238557007331 28.25
2826 0.03776169016739418 28.26
2827 0.03775006400028339 28.27
2828 0.03773220795531342 28.28
2829 0.03771870440980523 28.29
2830 0.0377154669204685 28.3
2831 0.03772588946664918 28.31
2832 0.03772206279188638 28.32
2833 0.03771237548085719 28.33
2834 0.03771038954598004 28.34
2835 0.03770480065292621 28.35
2836 0.03768373375312829 28.36
2837 0.03766266953886577 28.37
2838 0.03764889907749014 28.38
2839 0.03757612846744181 28.39
2840 0.03753994307336112 28.4
2841 0.03747688252117921 28.41
2842 0.03743791174796299 28.42
2843 0.03744814883039308 28.43
2844 0.03746151742023548 28.44
2845 0.03741892919066462 28.45
2846 0.03738706525225358 28.46
2847 0.03731534571218077 28.47
2848 0.03725195947707282 28.48
2849 0.03722641281292018 28.49
2850 0.03720666749471399 28.5
2851 0.03719479092082584 28.51
2852 0.03718194905586972 28.52
2853 0.03715699816986554 28.53
2854 0.03711028918669862 28.54
2855 0.0370704681515519 28.55
2856 0.0370207987568977 28.56
2857 0.03696676261407131 28.57
2858 0.03691872535160187 28.58
2859 0.03685827701946027 28.59
2860 0.0367967895003239 28.6
2861 0.03673175694033274 28.61
2862 0.03664706040878753 28.62
2863 0.03655387948022148 28.63
2864 0.03647061508803343 28.64
2865 0.03643922289767531 28.65
2866 0.03641037902017907 28.66
2867 0.03638011123638566 28.67
2868 0.0363183449809246 28.68
2869 0.03625801172529447 28.69
2870 0.03617763376904408 28.7
2871 0.03605470527760408 28.71
2872 0.03601080224906503 28.72
2873 0.03597391274366113 28.73
2874 0.03589947763920009 28.74
2875 0.03582069067401505 28.75
2876 0.03572450306213397 28.76
2877 0.03563104774515734 28.77
2878 0.03552369334215957 28.78
2879 0.03546321052661906 28.79
2880 0.03533551796755709 28.8
2881 0.03525618535683443 28.81
2882 0.03520181342503331 28.82
2883 0.03511709972188614 28.83
2884 0.03501941688808861 28.84
2885 0.03490357831573313 28.85
2886 0.03486819643584241 28.86
2887 0.03479160788341679 28.87
2888 0.03474032681442431 28.88
2889 0.03465279011124774 28.89
2890 0.03458931891866888 28.9
2891 0.03450741617946137 28.91
2892 0.03442119383594005 28.92
2893 0.03435547951370873 28.93
2894 0.03429342239210516 28.94
2895 0.03424559392996025 28.95
2896 0.03415848039005785 28.96
2897 0.03408489471362615 28.97
2898 0.03400764303735058 28.98
2899 0.03394672119660309 28.99
2900 0.03389094396294991 29
2901 0.0338274573232601 29.01
2902 0.03374775484562205 29.02
2903 0.03369470912606295 29.03
2904 0.03365696117501801 29.04
2905 0.03358726611227354 29.05
2906 0.03352288131862582 29.06
2907 0.03345748344832168 29.07
2908 0.03339563449183096 29.08
2909 0.03334088211591648 29.09
2910 0.03330307524528581 29.1
2911 0.03329275975433481 29.11
2912 0.03327349893144745 29.12
2913 0.03325772891795645 29.13
2914 0.03322214563824655 29.14
2915 0.03318441837714061 29.15
2916 0.03313437779558103 29.16
2917 0.03309540347671118 29.17
2918 0.0330460799728965 29.18
2919 0.03300117433971661 29.19
2920 0.03296294012611051 29.2
2921 0.03292248401164023 29.21
2922 0.03294366365850097 29.22
2923 0.03293438650066167 29.23
2924 0.03291529821700207 29.24
2925 0.03291242400452637 29.25
2926 0.03289979874405512 29.26
2927 0.03289694814387529 29.27
2928 0.03288493591252312 29.28
2929 0.03287908212769311 29.29
2930 0.03289039753427497 29.3
2931 0.03288846436519131 29.31
2932 0.03288915563865543 29.32
2933 0.03290395571772684 29.33
2934 0.03291039435195813 29.34
2935 0.03292774476694195 29.35
2936 0.03294547951026437 29.36
2937 0.03295010954289591 29.37
2938 0.03291462256660896 29.38
2939 0.03288277532708638 29.39
2940 0.03286222182140455 29.4
2941 0.03283718059007919 29.41
2942 0.03283074396643883 29.42
2943 0.03283000983362706 29.43
2944 0.03279779617743192 29.44
2945 0.03277093485174844 29.45
2946 0.03276010758408297 29.46
2947 0.03278825172677068 29.47
2948 0.03278844095282034 29.48
2949 0.03276793420044034 29.49
2950 0.03278763363817357 29.5
2951 0.03282621700211086 29.51
2952 0.03284638338687851 29.52
2953 0.03286568459691048 29.53
2954 0.03287582520776149 29.54
2955 0.03283277550532911 29.55
2956 0.03285943901521564 29.56
2957 0.03287540086879675 29.57
2958 0.03286016369247654 29.58
2959 0.03284772967291349 29.59
2960 0.03284780400616048 29.6
2961 0.03285401360846033 29.61
2962 0.03285378235099173 29.62
2963 0.03287229743007602 29.63
2964 0.03287806931497995 29.64
2965 0.03288073815525951 29.65
2966 0.03284387757943783 29.66
2967 0.03283329308232082 29.67
2968 0.03281807081675104 29.68
2969 0.03280779630660965 29.69
2970 0.03281650597775138 29.7
2971 0.03282772250021773 29.71
2972 0.0328274060256596 29.72
2973 0.03287343934043522 29.73
2974 0.03292890705052068 29.74
2975 0.03293772448813587 29.75
2976 0.03296374051800576 29.76
2977 0.03299001015717164 29.77
2978 0.03303306564603006 29.78
2979 0.03307413993297877 29.79
2980 0.03308823251336248 29.8
2981 0.03309812134009513 29.81
2982 0.03309917743361741 29.82
2983 0.03309031175311113 29.83
2984 0.03308224115565091 29.84
2985 0.03308263197295348 29.85
2986 0.03309492383488162 29.86
2987 0.03312436164315707 29.87
2988 0.03313841727928269 29.88
2989 0.03314036773995092 29.89
2990 0.0331510578523482 29.9
2991 0.03313523249383653 29.91
2992 0.03310747380224072 29.92
2993 0.03311251256219856 29.93
2994 0.03310162749100778 29.94
2995 0.0331316544476959 29.95
2996 0.03315040247507924 29.96
2997 0.03319294912445351 29.97
2998 0.03324440850716294 29.98
2999 0.0332919460954461 29.99
3000 0.03330978364702091 30
