"y-force-rfile"
"Time Step" "y-force etc.."
("Time Step" "y-force" "flow-time")
0 1.292469707114106e-26 0
1 3.205869176017586 0.01
2 -0.5528721072523695 0.02
3 -0.13363686189291 0.03
4 -0.1968868679953175 0.04
5 -0.4966051867447732 0.05
6 0.3005760950335343 0.06
7 0.4782712189328322 0.07000000000000001
8 0.495710669223115 0.08
9 -0.4424060641579786 0.09
10 0.1024765811044261 0.1
11 0.03403924253228752 0.11
12 0.06955881956025678 0.12
13 0.1553793314597307 0.13
14 0.1066275675320201 0.14
15 0.09816307826821458 0.15
16 0.1370242584667736 0.16
17 0.09590034734993225 0.17
18 0.1103374538608142 0.18
19 0.0878847991980729 0.19
20 0.1010909263601469 0.2
21 0.07788808454149176 0.21
22 0.0936058186822244 0.22
23 0.1043643626150401 0.23
24 0.1187712858511141 0.24
25 0.1028769940400718 0.25
26 0.1098226887835119 0.26
27 0.1067665525670676 0.27
28 0.1059592971749446 0.28
29 0.1109595195472681 0.29
30 0.1076020073771948 0.3
31 0.1041683266363462 0.31
32 0.1075366912853268 0.32
33 0.1054490999168869 0.33
34 0.1077406689397955 0.34
35 0.1080103692432148 0.35
36 0.1072151330630904 0.36
37 0.1081297540844801 0.37
38 0.1089507704895816 0.38
39 0.1093151286963518 0.39
40 0.1133313608751967 0.4
41 0.1128292378793632 0.41
42 0.1139589513250319 0.42
43 0.1127967158723502 0.43
44 0.113300559387469 0.44
45 0.1150439486422263 0.45
46 0.1155048128104245 0.46
47 0.11287649278121 0.47
48 0.1148836932965116 0.48
49 0.1146723021268778 0.49
50 0.1154669105187098 0.5
51 0.1166388193133663 0.51
52 0.1167674623767311 0.52
53 0.116753240610997 0.53
54 0.1174510989276248 0.54
55 0.1127067559731157 0.55
56 0.1189810024019662 0.5600000000000001
57 0.1196515230066377 0.5700000000000001
58 0.1180276827836151 0.58
59 0.1190732177694512 0.59
60 0.1193172620475055 0.6
61 0.1163140464712392 0.61
62 0.1169327229261346 0.62
63 0.1205173968211332 0.63
64 0.120711717003376 0.64
65 0.1191475858498268 0.65
66 0.1227439827633078 0.66
67 0.1214083123122009 0.67
68 0.121886918474361 0.68
69 0.1220960639666911 0.6900000000000001
70 0.1224230576813588 0.7000000000000001
71 0.1239055674874551 0.71
72 0.1233050814950681 0.72
73 0.1235870309888031 0.73
74 0.1236845940362621 0.74
75 0.124249999221422 0.75
76 0.1237814950589046 0.76
77 0.1239511250049005 0.77
78 0.124113917751273 0.78
79 0.12477650916829 0.79
80 0.1248530090707849 0.8
81 0.1272100317813309 0.8100000000000001
82 0.1269424443011236 0.8200000000000001
83 0.1267199020989678 0.8300000000000001
84 0.1266017491452321 0.84
85 0.126217504791597 0.85
86 0.125737059506704 0.86
87 0.1258752627352373 0.87
88 0.1263257735896999 0.88
89 0.127166199151648 0.89
90 0.1276380651520734 0.9
91 0.1277208721524024 0.91
92 0.1277955557484575 0.92
93 0.1278849884853846 0.93
94 0.1283107561937494 0.9400000000000001
95 0.1287035167192104 0.9500000000000001
96 0.1289827277203242 0.96
97 0.1291007631190817 0.97
98 0.1292596789458239 0.98
99 0.1289271687853411 0.99
100 0.1284340253749851 1
101 0.1287878100497211 1.01
102 0.1299285345782887 1.02
103 0.1307668335121372 1.03
104 0.1313876376109935 1.04
105 0.1313048894515365 1.05
106 0.1312565788659651 1.06
107 0.1311314559580218 1.07
108 0.1308893143471185 1.08
109 0.1304653576739014 1.09
110 0.1301729625215328 1.1
111 0.1302559878005143 1.11
112 0.1304253527103685 1.12
113 0.1307459826353246 1.13
114 0.1311334938204279 1.14
115 0.1315274544715928 1.15
116 0.1317693577831743 1.16
117 0.1319940194583272 1.17
118 0.1322266899384186 1.18
119 0.1324061901512071 1.19
120 0.1325623639959126 1.2
121 0.1326735616602477 1.21
122 0.1328073212810945 1.22
123 0.1329897122377779 1.23
124 0.1331775609440065 1.24
125 0.133339998805907 1.25
126 0.1334544958533644 1.26
127 0.1336031695499813 1.27
128 0.1337152659645233 1.28
129 0.1337656974250869 1.29
130 0.1339431901426097 1.3
131 0.134142194342305 1.31
132 0.1343766884442957 1.32
133 0.1344646337952901 1.33
134 0.1347245002409788 1.34
135 0.1349141982421225 1.35
136 0.1351349103009623 1.36
137 0.1353056546285371 1.37
138 0.1354539621388409 1.38
139 0.1355486911867134 1.39
140 0.1356318055995065 1.4
141 0.1357090829148406 1.41
142 0.1357608757443745 1.42
143 0.1358760368231101 1.43
144 0.1360706989624402 1.44
145 0.1362790745307584 1.45
146 0.1364303292588676 1.46
147 0.1366191654140612 1.47
148 0.1367946402570082 1.48
149 0.1369347615535478 1.49
150 0.1370425814164559 1.5
151 0.1371343187919625 1.51
152 0.137226503221953 1.52
153 0.1373279558446363 1.53
154 0.1374483919636402 1.54
155 0.1375956713570539 1.55
156 0.1377134188096119 1.56
157 0.1378863305238656 1.57
158 0.1380524356342011 1.58
159 0.138196547330902 1.59
160 0.1383157473634981 1.6
161 0.1384107714130244 1.61
162 0.1385486534022363 1.62
163 0.138627207223183 1.63
164 0.138764016403788 1.64
165 0.138898170369486 1.65
166 0.1390268010248663 1.66
167 0.1391533035691194 1.67
168 0.1392827853101506 1.68
169 0.1394242036901513 1.69
170 0.1395650772752604 1.7
171 0.1397254552396572 1.71
172 0.1399151642027765 1.72
173 0.1400637279224681 1.73
174 0.1401827177092807 1.74
175 0.1402454282033578 1.75
176 0.1403251054569145 1.76
177 0.1404258753244253 1.77
178 0.1405097310324617 1.78
179 0.1405993197108326 1.79
180 0.140713627668207 1.8
181 0.1407925042594832 1.81
182 0.1409120561388431 1.82
183 0.1410462904249816 1.83
184 0.1411707802018425 1.84
185 0.1412866576932394 1.85
186 0.1414166392451637 1.86
187 0.1415522512877214 1.87
188 0.141675047374333 1.88
189 0.1417974518761838 1.89
190 0.1418943080016405 1.9
191 0.1420043388965351 1.91
192 0.1421041311957507 1.92
193 0.1421957018766448 1.93
194 0.1422834404198679 1.94
195 0.1423751169501536 1.95
196 0.1424495457136062 1.96
197 0.1425281198042274 1.97
198 0.1426079060044057 1.98
199 0.1427133912832856 1.99
200 0.1428244660594545 2
201 0.1428967133199478 2.01
202 0.142995356796823 2.02
203 0.1431034712224739 2.03
204 0.1432173880824414 2.04
205 0.1433671307394955 2.05
206 0.1434518062740779 2.06
207 0.1435218167807429 2.07
208 0.1435914486997931 2.08
209 0.1436538777639986 2.09
210 0.1437511791618321 2.1
211 0.1438604840976018 2.11
212 0.1439700068747046 2.12
213 0.1440918062702924 2.13
214 0.1441876509951631 2.14
215 0.1442605245417161 2.15
216 0.1443248200995422 2.16
217 0.1443917609190045 2.17
218 0.1444646559310001 2.18
219 0.1445553406195981 2.19
220 0.1446588488541332 2.2
221 0.144765553367706 2.21
222 0.1448693906754572 2.22
223 0.1449576165026578 2.23
224 0.1450415226328566 2.24
225 0.1451154208120546 2.25
226 0.145188555809696 2.26
227 0.1452622271082885 2.27
228 0.1453419345226582 2.28
229 0.1454280006072665 2.29
230 0.1455168975328144 2.3
231 0.1456034016751636 2.31
232 0.1456793398320386 2.32
233 0.1457501092149204 2.33
234 0.145815081438513 2.34
235 0.1458796617431846 2.35
236 0.14596416430681 2.36
237 0.1460446873875143 2.37
238 0.1461215258790352 2.38
239 0.1461974581578332 2.39
240 0.1462723766159023 2.4
241 0.1463465218940171 2.41
242 0.1464175550553627 2.42
243 0.146485693018699 2.43
244 0.1465304944370278 2.44
245 0.1465888316892282 2.45
246 0.1466714968592853 2.46
247 0.1467499884206757 2.47
248 0.1468169401628222 2.48
249 0.146879985737645 2.49
250 0.1469191544883529 2.5
251 0.1469762512773002 2.51
252 0.1470437998480708 2.52
253 0.1471127720056419 2.53
254 0.1471813458981967 2.54
255 0.1472489381215658 2.55
256 0.1473238661279359 2.56
257 0.1473875431436919 2.57
258 0.1474497603174662 2.58
259 0.1474980362891751 2.59
260 0.1475353258947109 2.6
261 0.1475999918305497 2.61
262 0.1476961977678032 2.62
263 0.1477749222373693 2.63
264 0.1478542692786022 2.64
265 0.1479092840167458 2.65
266 0.1479532272807068 2.66
267 0.1480024049772011 2.67
268 0.148046902558703 2.68
269 0.1480913839161775 2.69
270 0.1481415468204776 2.7
271 0.1481952216379057 2.71
272 0.148248713814441 2.72
273 0.1483128105599997 2.73
274 0.1483459575509612 2.74
275 0.1483993700847572 2.75
276 0.148465724590123 2.76
277 0.1485384065285012 2.77
278 0.1486109393517088 2.78
279 0.1486889625452523 2.79
280 0.1487209620642222 2.8
281 0.1487729129524273 2.81
282 0.1488475714237857 2.82
283 0.1489033578257821 2.83
284 0.1489494315744979 2.84
285 0.1489895301033272 2.85
286 0.1490372636761531 2.86
287 0.149091877159726 2.87
288 0.1491878460965708 2.88
289 0.1492598041834769 2.89
290 0.1492916795137894 2.9
291 0.1493272771257598 2.91
292 0.1493738706492232 2.92
293 0.1494398159069152 2.93
294 0.149497833411945 2.94
295 0.1495531085552291 2.95
296 0.1496118606538058 2.96
297 0.149638401254872 2.97
298 0.1496836619152979 2.98
299 0.1497303898638057 2.99
300 0.1497883095347808 3
301 0.1498477766577453 3.01
302 0.1499005318710636 3.02
303 0.1499374357079833 3.03
304 0.1499941028087076 3.04
305 0.1500554869694729 3.05
306 0.1501075120275521 3.06
307 0.1501601029010839 3.07
308 0.1502076564578859 3.08
309 0.1502532241724226 3.09
310 0.1502910860513226 3.1
311 0.1503078766115596 3.11
312 0.1503270453282837 3.12
313 0.1503670731877035 3.13
314 0.1504200455079015 3.14
315 0.1504812389239256 3.15
316 0.1505407649348571 3.16
317 0.1506013295849734 3.17
318 0.1506573133112482 3.18
319 0.1507190462765606 3.19
320 0.1507332083566507 3.2
321 0.150757208171043 3.21
322 0.1507877906719787 3.22
323 0.1508227279673776 3.23
324 0.1508848620992223 3.24
325 0.1509344900955186 3.25
326 0.1509732171424241 3.26
327 0.1510090950796721 3.27
328 0.1510481051128366 3.28
329 0.1510894130770676 3.29
330 0.1511400950054595 3.3
331 0.1511835265742237 3.31
332 0.1512274366508368 3.32
333 0.1512629269603504 3.33
334 0.1512949698597104 3.34
335 0.1513264430606091 3.35
336 0.1513611246557781 3.36
337 0.1513991913085055 3.37
338 0.1514429912793494 3.38
339 0.1515141158260569 3.39
340 0.1515549253955856 3.4
341 0.1515760242181454 3.41
342 0.1515891972901531 3.42
343 0.1516040728386666 3.43
344 0.1516235022586832 3.44
345 0.1516487195009822 3.45
346 0.1516780981007885 3.46
347 0.1517093469362025 3.47
348 0.1517395369773384 3.48
349 0.1517699487661681 3.49
350 0.1517990482556995 3.5
351 0.1518251459237176 3.51
352 0.1518375291011658 3.52
353 0.1518624801629468 3.53
354 0.1518714626648898 3.54
355 0.1518997780941935 3.55
356 0.151937083591031 3.56
357 0.1519759958865933 3.57
358 0.1520107727193758 3.58
359 0.1520352362392933 3.59
360 0.1520545963775331 3.6
361 0.1520716903238892 3.61
362 0.152120485008609 3.62
363 0.1521341541540929 3.63
364 0.1521315751372192 3.64
365 0.1521300895154074 3.65
366 0.1521441007317725 3.66
367 0.1521566230331904 3.67
368 0.1521672083573101 3.68
369 0.1521785818490516 3.69
370 0.1521900073851413 3.7
371 0.1522054423073907 3.71
372 0.1522165281205778 3.72
373 0.1522236650780469 3.73
374 0.152237162744024 3.74
375 0.1522435769424805 3.75
376 0.1522502647056836 3.76
377 0.1522495280867767 3.77
378 0.1522477791931891 3.78
379 0.1522595707311442 3.79
380 0.1522652236973161 3.8
381 0.1522654072918558 3.81
382 0.1522576526354824 3.82
383 0.1522506276145722 3.83
384 0.1522344913268213 3.84
385 0.152224917688854 3.85
386 0.1522205203593038 3.86
387 0.1522182210368444 3.87
388 0.1522154504835568 3.88
389 0.15220941281101 3.89
390 0.1522030892586073 3.9
391 0.1521973529083708 3.91
392 0.1521730720078131 3.92
393 0.1521780852481097 3.93
394 0.1521981730486826 3.94
395 0.1521861123756814 3.95
396 0.1521339551215653 3.96
397 0.1521031528957288 3.97
398 0.1520843480971505 3.98
399 0.1520702117175339 3.99
400 0.1520554696401834 4
401 0.1520527431346771 4.01
402 0.1520348452499249 4.02
403 0.1520065748962944 4.03
404 0.151975936212535 4.04
405 0.1519440477217383 4.05
406 0.1518959338858232 4.06
407 0.1518637157849557 4.07
408 0.1518373491621245 4.08
409 0.1518110257220185 4.09
410 0.1517839118244877 4.1
411 0.1517548212159539 4.11
412 0.1517235268378759 4.12
413 0.1516988180538757 4.13
414 0.1516647850449608 4.14
415 0.1516307536242868 4.15
416 0.1515824727645563 4.16
417 0.1515395729645626 4.17
418 0.1514960524529543 4.18
419 0.1514982379885543 4.19
420 0.151449506491824 4.2
421 0.1513694446573473 4.21
422 0.1513298652052102 4.22
423 0.1512524866078039 4.23
424 0.1511904630819587 4.24
425 0.1511410378946808 4.25
426 0.1510966980998295 4.26
427 0.1510531817635334 4.27
428 0.1510071740925276 4.28
429 0.1509514574236906 4.29
430 0.1508947981086847 4.3
431 0.1508356889523956 4.31
432 0.1507736495288238 4.32
433 0.1507195632824989 4.33
434 0.1506585246034917 4.34
435 0.1505930848658291 4.350000000000001
436 0.1505253080033114 4.36
437 0.1504579172963122 4.37
438 0.150391129396111 4.38
439 0.1503249489291935 4.39
440 0.1502648190990211 4.4
441 0.150197977694953 4.41
442 0.1501269998144191 4.42
443 0.1500535952708048 4.43
444 0.1499856802345265 4.44
445 0.1499146796668351 4.45
446 0.1498361518098306 4.46
447 0.1497499798234247 4.47
448 0.1497156940472847 4.48
449 0.1496293165302136 4.49
450 0.1495640885374455 4.5
451 0.1494472248557477 4.51
452 0.1493070583959971 4.52
453 0.1491906006067728 4.53
454 0.1491021339576505 4.54
455 0.1490061178842247 4.55
456 0.1489226198220912 4.56
457 0.1488462299477685 4.57
458 0.1487695800595818 4.58
459 0.1486841767621815 4.59
460 0.1485964013495729 4.600000000000001
461 0.1485185266911898 4.61
462 0.1484254922787573 4.62
463 0.1483232795307731 4.63
464 0.1482159972511956 4.64
465 0.1481057801964318 4.65
466 0.1479992227022944 4.66
467 0.1478971401746605 4.67
468 0.1477951172006745 4.68
469 0.1477077182886844 4.69
470 0.1476128255422715 4.7
471 0.1475091177249318 4.71
472 0.1473980985341315 4.72
473 0.1472887334534358 4.73
474 0.1471752523197443 4.74
475 0.1470606532935065 4.75
476 0.146944527986206 4.76
477 0.1468832087239881 4.77
478 0.1468103100240876 4.78
479 0.1467091752785715 4.79
480 0.1466195004770741 4.8
481 0.1464560471263445 4.81
482 0.1463121674042479 4.82
483 0.1461303658718502 4.83
484 0.145945586837477 4.84
485 0.1456988768652161 4.850000000000001
486 0.1455505467638242 4.86
487 0.1454513925851847 4.87
488 0.1453766120620562 4.88
489 0.1453047590845629 4.89
490 0.1452219047872327 4.9
491 0.1451202004707529 4.91
492 0.145000838011606 4.92
493 0.1448680036958827 4.93
494 0.1447261679623112 4.94
495 0.144582186751779 4.95
496 0.14443917888585 4.96
497 0.1443033182789123 4.97
498 0.1441638321613879 4.98
499 0.1440225969484507 4.99
500 0.1438749585064261 5
501 0.1437390515130762 5.01
502 0.1436090651951476 5.02
503 0.14347516759987 5.03
504 0.1433414516346872 5.04
505 0.1432086758931922 5.05
506 0.1431220191530356 5.06
507 0.1430020394772689 5.07
508 0.1428579220941565 5.08
509 0.1427030270745157 5.09
510 0.1425469927522897 5.100000000000001
511 0.1424319522698112 5.11
512 0.1422459713294522 5.12
513 0.1420599748340216 5.13
514 0.1418789860568166 5.14
515 0.1416645824553045 5.15
516 0.1414869151193732 5.16
517 0.1412633459190736 5.17
518 0.1410457658411809 5.18
519 0.1408760299900039 5.19
520 0.1407714485357965 5.2
521 0.1406790620627933 5.21
522 0.1405817754237432 5.22
523 0.1404556252524782 5.23
524 0.1403095126854251 5.24
525 0.1401517205006318 5.25
526 0.1399808648097655 5.26
527 0.1398097814994907 5.27
528 0.1396394773698764 5.28
529 0.1394731277958457 5.29
530 0.1393017640173457 5.3
531 0.1391778250145385 5.31
532 0.1390378857404612 5.32
533 0.1388786092913211 5.33
534 0.1387333262776186 5.34
535 0.1385625097747643 5.350000000000001
536 0.1383876584893902 5.36
537 0.1382009715768646 5.37
538 0.1380091110187239 5.38
539 0.1378186815157633 5.39
540 0.1376233428270446 5.4
541 0.1374673040415923 5.41
542 0.1372731619959301 5.42
543 0.1371227950160067 5.43
544 0.1369261581727044 5.44
545 0.1367781487525487 5.45
546 0.1365658900981567 5.46
547 0.1364059622725275 5.47
548 0.1361924520429576 5.48
549 0.1359897813400387 5.49
550 0.1357641645639491 5.5
551 0.1355611892523289 5.51
552 0.1353755009321661 5.52
553 0.1352083063774548 5.53
554 0.135063448822318 5.54
555 0.134913834557758 5.55
556 0.1347516918637929 5.56
557 0.1345887715920324 5.57
558 0.1344349301789449 5.58
559 0.1342676065328099 5.59
560 0.1340826889407078 5.600000000000001
561 0.133906822846993 5.61
562 0.1337055623227619 5.62
563 0.1335239575670177 5.63
564 0.1333347795783829 5.64
565 0.1331495817828817 5.65
566 0.1329358466920316 5.66
567 0.1327584593321389 5.67
568 0.1325667985734192 5.68
569 0.1323697698666501 5.69
570 0.1321775512150314 5.7
571 0.1319824883553756 5.71
572 0.1317863573969106 5.72
573 0.1315908231964197 5.73
574 0.1314057294431384 5.74
575 0.1312170789006523 5.75
576 0.1310284858948851 5.76
577 0.1307936223956721 5.77
578 0.1306138758932328 5.78
579 0.1303945539297316 5.79
580 0.1302298606512076 5.8
581 0.1300142970609197 5.81
582 0.1298423082437599 5.82
583 0.1296544372802393 5.83
584 0.1294605413114678 5.84
585 0.1292630427118153 5.850000000000001
586 0.1290660604491057 5.86
587 0.1288727113984445 5.87
588 0.1286583784634523 5.88
589 0.1284075287412265 5.89
590 0.1282161746839323 5.9
591 0.1279946437860865 5.91
592 0.1278294253564038 5.92
593 0.1276149367241707 5.93
594 0.1274310174906721 5.94
595 0.1272084928925517 5.95
596 0.1270060566611956 5.96
597 0.1268337946648375 5.97
598 0.1266216369022473 5.98
599 0.1264597545658575 5.99
600 0.1262417941603196 6
601 0.1260497587598267 6.01
602 0.1258376519196499 6.02
603 0.1256287467902222 6.03
604 0.1253963734108434 6.04
605 0.1251996496447259 6.05
606 0.1249997800450558 6.06
607 0.1247656226666528 6.07
608 0.1245714066430665 6.08
609 0.1243710277802597 6.09
610 0.1241451416463068 6.100000000000001
611 0.1239521704577249 6.11
612 0.1237577583563273 6.12
613 0.1235580872898208 6.13
614 0.1233301826459906 6.140000000000001
615 0.1231144952397067 6.15
616 0.1229260540434362 6.16
617 0.1227106630104585 6.17
618 0.1224692278837289 6.18
619 0.1222941505175576 6.19
620 0.1220936227868158 6.2
621 0.1218746422499264 6.21
622 0.1216710695851522 6.22
623 0.1214621095499256 6.23
624 0.1212422402421871 6.24
625 0.1210309109730091 6.25
626 0.120855323606633 6.26
627 0.1206241679220455 6.27
628 0.1204412476335502 6.28
629 0.1201701693799971 6.29
630 0.1199640733120052 6.3
631 0.119701564430939 6.31
632 0.1195063097339191 6.32
633 0.1192884491274459 6.33
634 0.1190237334180982 6.34
635 0.118835185872766 6.350000000000001
636 0.1186412623743109 6.36
637 0.1184462742231099 6.37
638 0.1182188842154226 6.38
639 0.1179951149889768 6.390000000000001
640 0.1177756306848359 6.4
641 0.1175718594024707 6.41
642 0.1173555393391394 6.42
643 0.1171153074153412 6.43
644 0.116848905571217 6.44
645 0.1166538106461649 6.45
646 0.1164123215175665 6.46
647 0.1161906196631723 6.47
648 0.1159798130142244 6.48
649 0.1157684160478001 6.49
650 0.1155429957331012 6.5
651 0.1153272377365773 6.51
652 0.1151283003787093 6.52
653 0.1149120281325283 6.53
654 0.1147034251656016 6.54
655 0.1144910880930953 6.55
656 0.1142838922983807 6.56
657 0.1140674473958061 6.57
658 0.1138457546783803 6.58
659 0.1136177735773486 6.59
660 0.1133864553236215 6.600000000000001
661 0.1131556196806559 6.61
662 0.1129495971349996 6.62
663 0.1126918321173806 6.63
664 0.1124466567609293 6.640000000000001
665 0.1122481133625128 6.65
666 0.1119961765596157 6.66
667 0.1117692078782713 6.67
668 0.1115878174283315 6.68
669 0.111342599602627 6.69
670 0.1111168526923205 6.7
671 0.1109097469123289 6.71
672 0.1106737237562347 6.72
673 0.1104881723759552 6.73
674 0.1102512084378591 6.74
675 0.1100595980770407 6.75
676 0.1098526123193574 6.76
677 0.1095728242686779 6.77
678 0.1093649564583404 6.78
679 0.1091449256459839 6.79
680 0.1088943877180727 6.8
681 0.1086597382579372 6.81
682 0.1084328000290295 6.82
683 0.1082060551381111 6.83
684 0.107983862643007 6.84
685 0.1077548764604652 6.850000000000001
686 0.1075247233920068 6.86
687 0.107305196854204 6.87
688 0.1070818572717767 6.88
689 0.1069054394588866 6.890000000000001
690 0.1066384770467756 6.9
691 0.106399621026184 6.91
692 0.1062192742511312 6.92
693 0.1059810523912727 6.93
694 0.1057407555886007 6.94
695 0.1054976324591777 6.95
696 0.1052612251123335 6.96
697 0.1050437524744502 6.97
698 0.104800301085954 6.98
699 0.1045762001041813 6.99
700 0.1042957767612211 7
701 0.1040843552761022 7.01
702 0.1038613193827476 7.02
703 0.1036229364897739 7.03
704 0.1033581313924008 7.04
705 0.1031534019056272 7.05
706 0.1029416868012498 7.06
707 0.1026855034511436 7.07
708 0.1024863241397292 7.08
709 0.1022380040260313 7.09
710 0.1020388219031549 7.100000000000001
711 0.101799862461865 7.11
712 0.1015681848332625 7.12
713 0.1013744556415131 7.13
714 0.1011212343183249 7.140000000000001
715 0.1008740466477869 7.15
716 0.1006832632076642 7.16
717 0.1004384287104013 7.17
718 0.1002045690115801 7.18
719 0.1000201016719716 7.19
720 0.0997728348215835 7.2
721 0.0995149269191721 7.21
722 0.09932533858773857 7.22
723 0.09905472090281774 7.23
724 0.09885135988224826 7.24
725 0.09864216551044939 7.25
726 0.09840678364721071 7.26
727 0.09816694371751399 7.27
728 0.09792535907718737 7.28
729 0.09768738725106182 7.29
730 0.09745305624373182 7.3
731 0.09722076379484666 7.31
732 0.09698804738778699 7.32
733 0.09675461082176004 7.33
734 0.09651731625298926 7.34
735 0.09624006039319348 7.350000000000001
736 0.09605498319341352 7.36
737 0.09577655377635015 7.37
738 0.09556567473795267 7.38
739 0.09529932009745437 7.390000000000001
740 0.09511262349891912 7.4
741 0.0948486146171663 7.41
742 0.09465843642978661 7.42
743 0.09439986989004452 7.43
744 0.09421666691067515 7.44
745 0.09395457051528074 7.45
746 0.0937661048230387 7.46
747 0.09350405191343465 7.47
748 0.09330774799264191 7.48
749 0.09304683613047125 7.49
750 0.09287163656263238 7.5
751 0.09259524937318593 7.51
752 0.09241112958943168 7.52
753 0.09215022356422224 7.53
754 0.09190623621790638 7.54
755 0.09167419094129799 7.55
756 0.09146327655447135 7.56
757 0.0912426074725219 7.57
758 0.0910179155412915 7.58
759 0.09077738306075471 7.59
760 0.09054063210431681 7.600000000000001
761 0.09031337535410391 7.61
762 0.09009326666033814 7.62
763 0.08986797358936946 7.63
764 0.08963435234727453 7.640000000000001
765 0.08940096934191576 7.65
766 0.08912830060918796 7.66
767 0.08889444865247527 7.67
768 0.08866124963689784 7.68
769 0.08840926897304048 7.69
770 0.08820664705858247 7.7
771 0.08799578150742789 7.71
772 0.08778576802147411 7.72
773 0.08758133689917291 7.73
774 0.0873782788729503 7.74
775 0.08716678301955393 7.75
776 0.08694427521605841 7.76
777 0.08673197262953365 7.77
778 0.08650525760590932 7.78
779 0.08626702844859092 7.79
780 0.08603068151505279 7.8
781 0.08580024557898482 7.81
782 0.08556593792598727 7.82
783 0.08528893750468543 7.83
784 0.08508318145830437 7.84
785 0.08487270486970801 7.850000000000001
786 0.08465390916477646 7.86
787 0.08436972063630112 7.87
788 0.08412434799025993 7.88
789 0.08387949610592331 7.890000000000001
790 0.08364668071894132 7.9
791 0.08342106262900406 7.91
792 0.08324848691028179 7.92
793 0.0830112109673701 7.930000000000001
794 0.08282932678040481 7.94
795 0.08256518798196134 7.95
796 0.0823766381536718 7.96
797 0.08216300240592289 7.97
798 0.08196006288273991 7.98
799 0.08168464830768982 7.99
800 0.08149218638975961 8
801 0.0812841714940529 8.01
802 0.08105339822932157 8.02
803 0.08081681198292448 8.029999999999999
804 0.08057661933438635 8.040000000000001
805 0.08032529629051592 8.050000000000001
806 0.08007844633184708 8.06
807 0.07983422053758331 8.07
808 0.07960701112876802 8.08
809 0.07936051399877138 8.09
810 0.07910930307830459 8.1
811 0.0788894122924617 8.109999999999999
812 0.07861639701286738 8.120000000000001
813 0.07843130720460748 8.130000000000001
814 0.07823775314045339 8.140000000000001
815 0.07797228127569621 8.15
816 0.07777048835565666 8.16
817 0.07750706154382334 8.17
818 0.07731541760299702 8.18
819 0.07706769518734902 8.19
820 0.07680804680951249 8.199999999999999
821 0.07660527764512803 8.210000000000001
822 0.07638259686508744 8.220000000000001
823 0.07614763008161636 8.23
824 0.07589051812901904 8.24
825 0.07564784441300151 8.25
826 0.07541038147288913 8.26
827 0.07518531967870426 8.27
828 0.07495884342645841 8.279999999999999
829 0.0747701888929377 8.290000000000001
830 0.07456966619791926 8.300000000000001
831 0.07439076623232742 8.31
832 0.07419939073839951 8.32
833 0.07398615980761616 8.33
834 0.07375653293931199 8.34
835 0.07354002642908765 8.35
836 0.0732856374845378 8.359999999999999
837 0.07302261663161062 8.370000000000001
838 0.07276574954236703 8.380000000000001
839 0.0725189173420559 8.390000000000001
840 0.07226970062681665 8.4
841 0.07203081016156744 8.41
842 0.07179938027297839 8.42
843 0.07160768803708452 8.43
844 0.07141116423774384 8.44
845 0.07118240386526303 8.449999999999999
846 0.07093998681993477 8.460000000000001
847 0.07070508326145208 8.470000000000001
848 0.0705235667430881 8.48
849 0.07027523141249481 8.49
850 0.07002858734150878 8.5
851 0.0698292784474186 8.51
852 0.06959651675776092 8.52
853 0.06936922018542806 8.529999999999999
854 0.0691461410394722 8.540000000000001
855 0.06888846382358287 8.550000000000001
856 0.06866889872593665 8.56
857 0.06843656640468275 8.57
858 0.06819921275798463 8.58
859 0.06797144456069863 8.59
860 0.06773508533865605 8.6
861 0.06750043969421196 8.609999999999999
862 0.06727977603760267 8.620000000000001
863 0.06707837007965596 8.630000000000001
864 0.0668648239859881 8.640000000000001
865 0.06658904536460003 8.65
866 0.06643484902866738 8.66
867 0.06623182951114033 8.67
868 0.06601786770879606 8.68
869 0.06577606563764238 8.69
870 0.0655497905218848 8.700000000000001
871 0.06522985773736666 8.710000000000001
872 0.06500358171463823 8.720000000000001
873 0.06476711035905075 8.73
874 0.0644781684035885 8.74
875 0.06426990698550114 8.75
876 0.06406312209640763 8.76
877 0.0637844234702838 8.77
878 0.06359798193242067 8.779999999999999
879 0.06340040267148619 8.790000000000001
880 0.0631336427110738 8.800000000000001
881 0.06293999430708905 8.81
882 0.06272918362921084 8.82
883 0.06244025726504315 8.83
884 0.06223602037381856 8.84
885 0.06204124952856625 8.85
886 0.06177180320719995 8.859999999999999
887 0.06159289371464223 8.870000000000001
888 0.06132760944502827 8.880000000000001
889 0.06114172624714738 8.890000000000001
890 0.06085226873927206 8.9
891 0.06061110504155148 8.91
892 0.06036947848849425 8.92
893 0.06013516054637291 8.93
894 0.05991440062063051 8.94
895 0.05970915689668772 8.950000000000001
896 0.05950669427066486 8.960000000000001
897 0.05930856226556624 8.970000000000001
898 0.0591505168584275 8.98
899 0.05890359947277152 8.99
900 0.05865718516451035 9
901 0.05839292159322712 9.01
902 0.0581474105365319 9.02
903 0.05797028312625753 9.029999999999999
904 0.05769404018088298 9.040000000000001
905 0.05745852756712995 9.050000000000001
906 0.05722929573390428 9.06
907 0.0570156034921835 9.07
908 0.05683921169709831 9.08
909 0.05658376091760371 9.09
910 0.05634209524943656 9.1
911 0.05615944955175779 9.109999999999999
912 0.0559189967699216 9.120000000000001
913 0.05569101082196616 9.130000000000001
914 0.05551289464989485 9.140000000000001
915 0.05525915932491808 9.15
916 0.05506355409824938 9.16
917 0.05479708177541247 9.17
918 0.05460395097009897 9.18
919 0.05439664136985373 9.19
920 0.05423734563239602 9.200000000000001
921 0.05406196889567814 9.210000000000001
922 0.05387347318400207 9.220000000000001
923 0.05363278476317711 9.23
924 0.05345997343277764 9.24
925 0.05327138130531214 9.25
926 0.05305667284892243 9.26
927 0.05282884252222583 9.27
928 0.05260526234620927 9.279999999999999
929 0.05234093900669073 9.290000000000001
930 0.05208958047085159 9.300000000000001
931 0.05182898563825748 9.31
932 0.051590982572481 9.32
933 0.05139576958385973 9.33
934 0.05118282207989923 9.34
935 0.05098011632924027 9.35
936 0.05079953865211541 9.359999999999999
937 0.05062098076343657 9.370000000000001
938 0.05042633669932389 9.380000000000001
939 0.0502528662819712 9.390000000000001
940 0.05007841101915787 9.4
941 0.04988650244714714 9.41
942 0.04970920397275173 9.42
943 0.04951857431601007 9.43
944 0.0493244414217906 9.44
945 0.04913870190860371 9.450000000000001
946 0.04895427494227632 9.460000000000001
947 0.04876903448057066 9.470000000000001
948 0.04858064142293385 9.48
949 0.04839404661858283 9.49
950 0.04820581975144399 9.5
951 0.04795135133223956 9.51
952 0.0477933350516274 9.52
953 0.04755249179897206 9.529999999999999
954 0.0473792042704871 9.540000000000001
955 0.04717350422987454 9.550000000000001
956 0.04700259372811257 9.56
957 0.04683613596349755 9.57
958 0.04664319017678327 9.58
959 0.04646248409115822 9.59
960 0.04629238286157519 9.6
961 0.04614544650081866 9.609999999999999
962 0.0459394561650022 9.620000000000001
963 0.04579232528525649 9.630000000000001
964 0.04560012536240685 9.640000000000001
965 0.04543171014150742 9.65
966 0.04529890129435885 9.66
967 0.04510759619721325 9.67
968 0.04495714417823343 9.68
969 0.04474556651972965 9.69
970 0.04458590817762006 9.700000000000001
971 0.04436616722438777 9.710000000000001
972 0.04421494729327695 9.720000000000001
973 0.04402611033493344 9.73
974 0.0438990440162204 9.74
975 0.04372101167672969 9.75
976 0.04360670340546201 9.76
977 0.04343023942087103 9.77
978 0.0432752267135441 9.779999999999999
979 0.04310081097017782 9.790000000000001
980 0.04295967259374113 9.800000000000001
981 0.04280490521013783 9.81
982 0.04260493274933246 9.82
983 0.04247674016546323 9.83
984 0.04233703428690062 9.84
985 0.04218551297691443 9.85
986 0.04203722796443787 9.859999999999999
987 0.04187485828963108 9.870000000000001
988 0.0417079496613721 9.880000000000001
989 0.04154804242603367 9.890000000000001
990 0.04139485183468328 9.9
991 0.04125246402673749 9.91
992 0.04110950780071289 9.92
993 0.04098889508695858 9.93
994 0.0408680070108797 9.94
995 0.04076475940398397 9.950000000000001
996 0.04065168378253979 9.960000000000001
997 0.04055016252543434 9.970000000000001
998 0.04044193643775391 9.98
999 0.04034193135463231 9.99
1000 0.04022700223196279 10
1001 0.0401331372308661 10.01
1002 0.04003986277245962 10.02
1003 0.03987904068698411 10.03
1004 0.03974493361758506 10.04
1005 0.03961583013860574 10.05
1006 0.03949480739773441 10.06
1007 0.03937726838193385 10.07
1008 0.03928317664144966 10.08
1009 0.03919334850433065 10.09
1010 0.03910677962793341 10.1
1011 0.03902721754387502 10.11
1012 0.03895820533850496 10.12
1013 0.03889245912146357 10.13
1014 0.03881951324097216 10.14
1015 0.03874345314444112 10.15
1016 0.03866729041420687 10.16
1017 0.03857596791545233 10.17
1018 0.0384787263901523 10.18
1019 0.03840943529829803 10.19
1020 0.03835873509036417 10.2
1021 0.03830883857681339 10.21
1022 0.03825527019174194 10.22
1023 0.03817161690542344 10.23
1024 0.03808498283919412 10.24
1025 0.03804105958268396 10.25
1026 0.03798203812991026 10.26
1027 0.0378952459355862 10.27
1028 0.0378494181280218 10.28
1029 0.03772796165402992 10.29
1030 0.0376616074450665 10.3
1031 0.03757859416945537 10.31
1032 0.0374738294829762 10.32
1033 0.03743284357881216 10.33
1034 0.03738502847576422 10.34
1035 0.03729389198101478 10.35
1036 0.03726717582037664 10.36
1037 0.03722125724926824 10.37
1038 0.03712024029924911 10.38
1039 0.03708954946111968 10.39
1040 0.03701472113177326 10.4
1041 0.03696271599223547 10.41
1042 0.0368414971098249 10.42
1043 0.03675882620239904 10.43
1044 0.03660501008943175 10.44
1045 0.0365291042049848 10.45
1046 0.03641826058347265 10.46
1047 0.03634938413987798 10.47
1048 0.03620833247203147 10.48
1049 0.03608466284376749 10.49
1050 0.03599294003753838 10.5
1051 0.03586100039949186 10.51
1052 0.03578672847637711 10.52
1053 0.03571389399187713 10.53
1054 0.03556253411714519 10.54
1055 0.03546794690766625 10.55
1056 0.03541563364922169 10.56
1057 0.03534174581768715 10.57
1058 0.03518331931575652 10.58
1059 0.03499052198990761 10.59
1060 0.03480425145237272 10.6
1061 0.03456383373385756 10.61
1062 0.03435216940650965 10.62
1063 0.03417218932516734 10.63
1064 0.03403683439651271 10.64
1065 0.03390961564829285 10.65
1066 0.03374168423937551 10.66
1067 0.03361737174576279 10.67
1068 0.03344587305029935 10.68
1069 0.03328454694776846 10.69
1070 0.0331612901792086 10.7
1071 0.03290852649496545 10.71
1072 0.03280532227366806 10.72
1073 0.03270581315913383 10.73
1074 0.03251352775258376 10.74
1075 0.03234038111334364 10.75
1076 0.03194696662987928 10.76
1077 0.03161349656692099 10.77
1078 0.03121611658001515 10.78
1079 0.03098186082080091 10.79
1080 0.0307052299269521 10.8
1081 0.03034938119139817 10.81
1082 0.02998571186698906 10.82
1083 0.02963178203298283 10.83
1084 0.02934282347391272 10.84
1085 0.02896780904122961 10.85
1086 0.02869516568398126 10.86
1087 0.0283693618552907 10.87
1088 0.02805805561382348 10.88
1089 0.02772098549266315 10.89
1090 0.02740011313048815 10.9
1091 0.02700291881073594 10.91
1092 0.02661168089644389 10.92
1093 0.02626698606314874 10.93
1094 0.0260122717117853 10.94
1095 0.02554977807422934 10.95
1096 0.02514158368170523 10.96
1097 0.02473372662905213 10.97
1098 0.02400441018097554 10.98
1099 0.02347128325865085 10.99
1100 0.0231787137138066 11
1101 0.02274274556245384 11.01
1102 0.02249281972244949 11.02
1103 0.02211223785733608 11.03
1104 0.02157845807480736 11.04
1105 0.02119834198805214 11.05
1106 0.02060962077085454 11.06
1107 0.02010796627417176 11.07
1108 0.01963442471684625 11.08
1109 0.0195129648258961 11.09
1110 0.01924612862758479 11.1
1111 0.01914280478529383 11.11
1112 0.01903094484488452 11.12
1113 0.01904884105892854 11.13
1114 0.01884117885213146 11.14
1115 0.01868454178950618 11.15
1116 0.0185460417068629 11.16
1117 0.0183889441030507 11.17
1118 0.01812270749508023 11.18
1119 0.01781943431043441 11.19
1120 0.01774938637583162 11.2
1121 0.0174258538015111 11.21
1122 0.0173611525308405 11.22
1123 0.01710703863999084 11.23
1124 0.01702917133349666 11.24
1125 0.01698594599585929 11.25
1126 0.01701058070346199 11.26
1127 0.01689490755753488 11.27
1128 0.01681481445001272 11.28
1129 0.01697608041046583 11.29
1130 0.01722628776260941 11.3
1131 0.01728915254129128 11.31
1132 0.01736178361910386 11.32
1133 0.01749486897252275 11.33
1134 0.01755280155425512 11.34
1135 0.0175820979175952 11.35
1136 0.01770013261385818 11.36
1137 0.01760622454536089 11.37
1138 0.01757448734861797 11.38
1139 0.01761558959470076 11.39
1140 0.01745379064963466 11.4
1141 0.01716777513827729 11.41
1142 0.0169039728608248 11.42
1143 0.01677571096932788 11.43
1144 0.01643259059231082 11.44
1145 0.01599821619863777 11.45
1146 0.01562167511946723 11.46
1147 0.01547365517472138 11.47
1148 0.01531212473120462 11.48
1149 0.01511030230361596 11.49
1150 0.01503826322417841 11.5
1151 0.01493440710066167 11.51
1152 0.01493258955589576 11.52
1153 0.01474364897874518 11.53
1154 0.01455102611866177 11.54
1155 0.0143314034434515 11.55
1156 0.01413857668036989 11.56
1157 0.01377772178049835 11.57
1158 0.01335831673203143 11.58
1159 0.01287207770635643 11.59
1160 0.01249425401379044 11.6
1161 0.0120320929783491 11.61
1162 0.01169361012917655 11.62
1163 0.01130595041562275 11.63
1164 0.01104100214433056 11.64
1165 0.01083863224532594 11.65
1166 0.0106072631254007 11.66
1167 0.01046840398762673 11.67
1168 0.01038532845728796 11.68
1169 0.01042464623815263 11.69
1170 0.01037081783834988 11.7
1171 0.01036608698900937 11.71
1172 0.01048387839327664 11.72
1173 0.01045622175216987 11.73
1174 0.01037233510515753 11.74
1175 0.01032847003699612 11.75
1176 0.01036311640951468 11.76
1177 0.01037143468359449 11.77
1178 0.01021917196763439 11.78
1179 0.01029556161639615 11.79
1180 0.01045003494122784 11.8
1181 0.01079547850840859 11.81
1182 0.01122116855036921 11.82
1183 0.01155763953191864 11.83
1184 0.01191420200190986 11.84
1185 0.01227538950728617 11.85
1186 0.01253047448345621 11.86
1187 0.01291132460631358 11.87
1188 0.0132682524008966 11.88
1189 0.01377391358378668 11.89
1190 0.01430409371935597 11.9
1191 0.01492136820753276 11.91
1192 0.01562203528862273 11.92
1193 0.01626789299244102 11.93
1194 0.01704337571090729 11.94
1195 0.01777561411936808 11.95
1196 0.01869161051218203 11.96
1197 0.01954275118928683 11.97
1198 0.02035481874508735 11.98
1199 0.02114572925298189 11.99
1200 0.02162746127197104 12
1201 0.02241866529544069 12.01
1202 0.02337407415856198 12.02
1203 0.02428469524234526 12.03
1204 0.02507428682334398 12.04
1205 0.02593137807586519 12.05
1206 0.02655681762766751 12.06
1207 0.02738115173968336 12.07
1208 0.02811370897408293 12.08
1209 0.0288028599632424 12.09
1210 0.02951596614174087 12.1
1211 0.03008966380836552 12.11
1212 0.03066012599677984 12.12
1213 0.03118041464069153 12.13
1214 0.03186491088462745 12.14
1215 0.03240683519049441 12.15
1216 0.03324503016009951 12.16
1217 0.03388002081154851 12.17
1218 0.03458631579550266 12.18
1219 0.03505479748128543 12.19
1220 0.03559021880801401 12.2
1221 0.03571740431472548 12.21
1222 0.03609048668151511 12.22
1223 0.0364084950664829 12.23
1224 0.03656516057845173 12.24
1225 0.03666605527309924 12.25
1226 0.03677582617493465 12.26
1227 0.03637867443247027 12.27
1228 0.03632644196345725 12.28
1229 0.03605466464665003 12.29
1230 0.03567019240488353 12.3
1231 0.03566729963342642 12.31
1232 0.0357022959067208 12.32
1233 0.03572152603367985 12.33
1234 0.03572826666319537 12.34
1235 0.03593310704388497 12.35
1236 0.03583388254887859 12.36
1237 0.03575145790849332 12.37
1238 0.0354423206116793 12.38
1239 0.03497691784847387 12.39
1240 0.03434513821317967 12.4
1241 0.03420616045579365 12.41
1242 0.03383622026871867 12.42
1243 0.03350045116057418 12.43
1244 0.03287711086256549 12.44
1245 0.03272592968542334 12.45
1246 0.03233418776053282 12.46
1247 0.03197311377838967 12.47
1248 0.0312568995976914 12.48
1249 0.03071437412502749 12.49
1250 0.03018195645901223 12.5
1251 0.02980559873491431 12.51
1252 0.02905415235697827 12.52
1253 0.02788760453800374 12.53
1254 0.02731975631332978 12.54
1255 0.02694011873747308 12.55
1256 0.0266679500342458 12.56
1257 0.02571302030963954 12.57
1258 0.02535833653665986 12.58
1259 0.02533113840946559 12.59
1260 0.02515920028861031 12.6
1261 0.02460683125000172 12.61
1262 0.02414345413436775 12.62
1263 0.02353411835449112 12.63
1264 0.02268806598541838 12.64
1265 0.02195528890446102 12.65
1266 0.02119909769300579 12.66
1267 0.02055164011165593 12.67
1268 0.01974457642685482 12.68
1269 0.01873720838140694 12.69
1270 0.01804018997531506 12.7
1271 0.01751319949391372 12.71
1272 0.01682990990289958 12.72
1273 0.01603493457133287 12.73
1274 0.01568586899103154 12.74
1275 0.01529817944250124 12.75
1276 0.0154281427387906 12.76
1277 0.01520520243135901 12.77
1278 0.0149007947055655 12.78
1279 0.01453728100330343 12.79
1280 0.01422132406703326 12.8
1281 0.01380465075836235 12.81
1282 0.01332585189187016 12.82
1283 0.01272600302630642 12.83
1284 0.01222472513143738 12.84
1285 0.01184804100118754 12.85
1286 0.01158383512572923 12.86
1287 0.0110720390539709 12.87
1288 0.01057837387629156 12.88
1289 0.01025104744398271 12.89
1290 0.01003665151261149 12.9
1291 0.009723379979430041 12.91
1292 0.009576867161807306 12.92
1293 0.00942499802753137 12.93
1294 0.009267631052224903 12.94
1295 0.009105026670302538 12.95
1296 0.009089770420066465 12.96
1297 0.008985523087092967 12.97
1298 0.008902932752334766 12.98
1299 0.008845086468662666 12.99
1300 0.00881885912335198 13
1301 0.008857329445142517 13.01
1302 0.008915864218955211 13.02
1303 0.009006858237399856 13.03
1304 0.009266588868824935 13.04
1305 0.009520453751157607 13.05
1306 0.009950559800714992 13.06
1307 0.0102368964127256 13.07
1308 0.01062668927485552 13.08
1309 0.0110554070909108 13.09
1310 0.01167479051837274 13.1
1311 0.01178670359694005 13.11
1312 0.01219795522967794 13.12
1313 0.01243178697994629 13.13
1314 0.01281300406499815 13.14
1315 0.01345909403525254 13.15
1316 0.0138760423090111 13.16
1317 0.01449662976440311 13.17
1318 0.01482226873093666 13.18
1319 0.01526444179727506 13.19
1320 0.01557119775208274 13.2
1321 0.016000864574747 13.21
1322 0.01660775268330224 13.22
1323 0.01706949523895276 13.23
1324 0.01733068443268894 13.24
1325 0.01829448141837363 13.25
1326 0.01892011083273076 13.26
1327 0.01943791910932997 13.27
1328 0.01985700758058796 13.28
1329 0.02024784750192869 13.29
1330 0.02035307891752951 13.3
1331 0.02091228777037725 13.31
1332 0.02119990094645405 13.32
1333 0.02159822411603197 13.33
1334 0.02194127848234027 13.34
1335 0.02246337673382 13.35
1336 0.02263764130639516 13.36
1337 0.02311170864506121 13.37
1338 0.02356907465653425 13.38
1339 0.02369069568401266 13.39
1340 0.02391488006225663 13.4
1341 0.02438855094086592 13.41
1342 0.02399677525285542 13.42
1343 0.02424197550799223 13.43
1344 0.0241292575913018 13.44
1345 0.02422876494779966 13.45
1346 0.02389502489200238 13.46
1347 0.02380077445428112 13.47
1348 0.02367340654715733 13.48
1349 0.02338703659776491 13.49
1350 0.02274176074446757 13.5
1351 0.02237055767866411 13.51
1352 0.02225133698753391 13.52
1353 0.02184134727897136 13.53
1354 0.02168609260946452 13.54
1355 0.02209015948360436 13.55
1356 0.02182370858966806 13.56
1357 0.02157822274439615 13.57
1358 0.02129612375398628 13.58
1359 0.02111586747464432 13.59
1360 0.02080763511024281 13.6
1361 0.0205748834046986 13.61
1362 0.02037173263548028 13.62
1363 0.01938944086640566 13.63
1364 0.01869657027038822 13.64
1365 0.01834179647744037 13.65
1366 0.01754247232500333 13.66
1367 0.01726474786860892 13.67
1368 0.01705722084399318 13.68
1369 0.01661995113198085 13.69
1370 0.0161389618038031 13.7
1371 0.0157985168874758 13.71
1372 0.015162441306266 13.72
1373 0.01456815815350399 13.73
1374 0.01399539295227954 13.74
1375 0.01368011762860349 13.75
1376 0.01329731390903441 13.76
1377 0.01302289493721907 13.77
1378 0.01258841517668569 13.78
1379 0.01218362074780587 13.79
1380 0.01168038135932485 13.8
1381 0.01111475980294614 13.81
1382 0.01097722128979027 13.82
1383 0.01070361256122093 13.83
1384 0.01034170465734505 13.84
1385 0.009971103581895027 13.85
1386 0.009680148478085918 13.86
1387 0.009104831390933293 13.87
1388 0.008676811658891684 13.88
1389 0.008431441759381417 13.89
1390 0.008216535591442559 13.9
1391 0.007896217105139533 13.91
1392 0.00783967726166411 13.92
1393 0.007659083634780975 13.93
1394 0.007192221586087455 13.94
1395 0.006784685303009436 13.95
1396 0.006273937528664633 13.96
1397 0.006118257056044282 13.97
1398 0.005525986731053603 13.98
1399 0.005305402247011134 13.99
1400 0.004781583124298536 14
1401 0.004346773779098145 14.01
1402 0.004018896025277968 14.02
1403 0.003796083530360525 14.03
1404 0.003731017542847256 14.04
1405 0.003798406811272248 14.05
1406 0.003783451473999472 14.06
1407 0.004042500524006495 14.07
1408 0.004124552301295784 14.08
1409 0.004190111907076396 14.09
1410 0.004082999204218785 14.1
1411 0.003891644599221714 14.11
1412 0.003663090429610133 14.12
1413 0.003741443158228344 14.13
1414 0.003653044859923169 14.14
1415 0.003338374111879802 14.15
1416 0.003004495604470858 14.16
1417 0.002631673532655546 14.17
1418 0.002403025074630347 14.18
1419 0.002482243158972677 14.19
1420 0.002313193840844996 14.2
1421 0.002085808437716316 14.21
1422 0.001903346369841671 14.22
1423 0.00163646455482927 14.23
1424 0.001682909706463245 14.24
1425 0.001579593989414929 14.25
1426 0.001720657088045544 14.26
1427 0.00176296277663103 14.27
1428 0.001731528258990991 14.28
1429 0.002067723720360001 14.29
1430 0.002173572129823151 14.3
1431 0.002153579811282821 14.31
1432 0.002157936296235632 14.32
1433 0.002031630878332982 14.33
1434 0.0021864789850881 14.34
1435 0.001984663153577967 14.35
1436 0.001946845902560182 14.36
1437 0.00184210920779726 14.37
1438 0.001489568950531497 14.38
1439 0.001373195569711841 14.39
1440 0.001096815422087283 14.4
1441 0.0008460632197607593 14.41
1442 0.0007354039404132706 14.42
1443 0.0006282065386136043 14.43
1444 0.0006280568039895018 14.44
1445 0.0006359081063837674 14.45
1446 0.0005351712616984972 14.46
1447 0.0005177405117759437 14.47
1448 0.0005500802207743238 14.48
1449 0.0003670019707228411 14.49
1450 0.0004781412242242794 14.5
1451 0.0006048567953408773 14.51
1452 0.0004187559332124863 14.52
1453 0.0005287115239060725 14.53
1454 0.0005180794907829744 14.54
1455 0.0005111184721715012 14.55
1456 0.0005335246428813667 14.56
1457 0.0006499183235799955 14.57
1458 0.0008062275034625976 14.58
1459 0.000814810075618469 14.59
1460 0.0008944344492552159 14.6
1461 0.0009543507947049473 14.61
1462 0.0008558356891256863 14.62
1463 0.0007355473963213399 14.63
1464 0.0004381688183754395 14.64
1465 0.0002926959256453476 14.65
1466 0.0001621006294593996 14.66
1467 -0.0001147615299868093 14.67
1468 -0.0003511481822927043 14.68
1469 -0.0005459062777994905 14.69
1470 -0.0006487398824353008 14.7
1471 -0.0007639449688265909 14.71
1472 -0.00061952643614957 14.72
1473 -0.0005477665499137169 14.73
1474 -0.0004823984767230172 14.74
1475 -0.0003187979686935516 14.75
1476 0.0001070750861556086 14.76
1477 0.0003441267408402088 14.77
1478 0.0004662626985075385 14.78
1479 0.0007406095890198222 14.79
1480 0.0009853035196093068 14.8
1481 0.001194469927581931 14.81
1482 0.001407410461959205 14.82
1483 0.001398380090156637 14.83
1484 0.001338650084313053 14.84
1485 0.00128526591844054 14.85
1486 0.001632600136069418 14.86
1487 0.001798798771806762 14.87
1488 0.002011235019659025 14.88
1489 0.001988870174854912 14.89
1490 0.002032731059762052 14.9
1491 0.002082863572717489 14.91
1492 0.002092858901319911 14.92
1493 0.002211035131134256 14.93
1494 0.002561864918832313 14.94
1495 0.002843192803438171 14.95
1496 0.0031574320237759 14.96
1497 0.003615067789085546 14.97
1498 0.003914221320010375 14.98
1499 0.004299042612464055 14.99
1500 0.00474818039738685 15
1501 0.005087988808198288 15.01
1502 0.005192151973907599 15.02
1503 0.005505440371488812 15.03
1504 0.006020243388363933 15.04
1505 0.006381153062226919 15.05
1506 0.006733452266684245 15.06
1507 0.007101709192823907 15.07
1508 0.007441564512528781 15.08
1509 0.007837875792845617 15.09
1510 0.008214780649681522 15.1
1511 0.00861430576821258 15.11
1512 0.009139956778428104 15.12
1513 0.009587468144895125 15.13
1514 0.009983895461966291 15.14
1515 0.01030728889625813 15.15
1516 0.010662424762483 15.16
1517 0.01084812833538606 15.17
1518 0.01113019684443275 15.18
1519 0.01146729529705964 15.19
1520 0.01175425104393955 15.2
1521 0.01195257091304569 15.21
1522 0.01207472925136485 15.22
1523 0.01243825045331158 15.23
1524 0.0126449594082146 15.24
1525 0.01288369686787351 15.25
1526 0.01331024933868558 15.26
1527 0.01372318698264595 15.27
1528 0.01426282268144445 15.28
1529 0.01456896718365046 15.29
1530 0.01481237045801005 15.3
1531 0.01503978508713148 15.31
1532 0.01534231239192108 15.32
1533 0.01560315537316337 15.33
1534 0.0158647776570202 15.34
1535 0.01611032452479473 15.35
1536 0.01622487977745157 15.36
1537 0.01617785615995714 15.37
1538 0.01624225706140488 15.38
1539 0.01628222069816314 15.39
1540 0.0162881831537678 15.4
1541 0.01631494014770225 15.41
1542 0.01642678322578335 15.42
1543 0.01667392774595118 15.43
1544 0.01697273598953543 15.44
1545 0.01731043770523708 15.45
1546 0.01774079590589352 15.46
1547 0.01823387167597618 15.47
1548 0.01862076605361696 15.48
1549 0.01911717553662991 15.49
1550 0.01954336646046903 15.5
1551 0.02003660631983553 15.51
1552 0.02056083428693789 15.52
1553 0.02104710803403008 15.53
1554 0.02159310656643339 15.54
1555 0.02204788523819184 15.55
1556 0.0225740544150565 15.56
1557 0.0232424504441814 15.57
1558 0.02391404901648519 15.58
1559 0.02444917489853329 15.59
1560 0.02506112591981086 15.6
1561 0.02578595154517489 15.61
1562 0.02653193847089023 15.62
1563 0.02720374519120178 15.63
1564 0.02791049513504952 15.64
1565 0.02850530253552182 15.65
1566 0.02910820846529655 15.66
1567 0.02971503217379944 15.67
1568 0.03028098642998393 15.68
1569 0.0309472124315356 15.69
1570 0.03164282244389637 15.7
1571 0.03233953391647738 15.71
1572 0.03302442638775933 15.72
1573 0.03375666213493471 15.73
1574 0.03451523019424943 15.74
1575 0.03521232225726627 15.75
1576 0.03603505591848706 15.76
1577 0.03692713430350143 15.77
1578 0.03772097747083111 15.78
1579 0.03842311886065009 15.79
1580 0.03932304726673141 15.8
1581 0.04013118628844471 15.81
1582 0.04075363352114673 15.82
1583 0.04145832057860892 15.83
1584 0.04221067467062019 15.84
1585 0.04297240817338489 15.85
1586 0.04353869544078247 15.86
1587 0.04379238683558004 15.87
1588 0.04421618988784144 15.88
1589 0.04461251411621425 15.89
1590 0.045228458783746 15.9
1591 0.04576979980822092 15.91
1592 0.04641389427229922 15.92
1593 0.04686323723308301 15.93
1594 0.04732086045108647 15.94
1595 0.04773132318624712 15.95
1596 0.04802552590679045 15.96
1597 0.04860800677802554 15.97
1598 0.04909427718370785 15.98
1599 0.0496941933365246 15.99
1600 0.05011076653031764 16
1601 0.05051816583422172 16.01
1602 0.05083957815191856 16.02
1603 0.05107952414244192 16.03
1604 0.05125729379164043 16.04
1605 0.05149304667750654 16.05
1606 0.05180969533792154 16.06
1607 0.05219620608234792 16.07
1608 0.05235823966711536 16.08
1609 0.05246076417767587 16.09
1610 0.05255387749293028 16.1
1611 0.05299307068136558 16.11
1612 0.05323653404016318 16.12
1613 0.05339919728273942 16.13
1614 0.05359854948379961 16.14
1615 0.05388739515188855 16.15
1616 0.05379998048921093 16.16
1617 0.05362909294275789 16.17
1618 0.05355612922313854 16.18
1619 0.05333008566704329 16.19
1620 0.05312099494276049 16.2
1621 0.05303563093304418 16.21
1622 0.05255355750423835 16.22
1623 0.05242451023929323 16.23
1624 0.05244786915409337 16.24
1625 0.05245141597354036 16.25
1626 0.05259803145186946 16.26
1627 0.05270906260793952 16.27
1628 0.05307216908703276 16.28
1629 0.05326336577189816 16.29
1630 0.05349825395657581 16.3
1631 0.05364622424750146 16.31
1632 0.05401645591779218 16.32
1633 0.05437832687128337 16.33
1634 0.05463877173601445 16.34
1635 0.05499623816191665 16.35
1636 0.0551246277131866 16.36
1637 0.05522923673395937 16.37
1638 0.0553081924758559 16.38
1639 0.05541057201162927 16.39
1640 0.05565986681174195 16.4
1641 0.05588273168167908 16.41
1642 0.05587827375938989 16.42
1643 0.05617589871588889 16.43
1644 0.0564470443231818 16.44
1645 0.05680985461330182 16.45
1646 0.05707303015171732 16.46
1647 0.05720310114819831 16.47
1648 0.0574934725382034 16.48
1649 0.05767631758370265 16.49
1650 0.05777440397020107 16.5
1651 0.05789623880451991 16.51
1652 0.05812262550723624 16.52
1653 0.05849484879617264 16.53
1654 0.05858397226395895 16.54
1655 0.0588629968497265 16.55
1656 0.05920239599664723 16.56
1657 0.05957099461822285 16.57
1658 0.05984154897791215 16.58
1659 0.06012104183771037 16.59
1660 0.06034739402582787 16.6
1661 0.06066668062999576 16.61
1662 0.06088304997407872 16.62
1663 0.06134724784514409 16.63
1664 0.06163769649134782 16.64
1665 0.06183471869645631 16.65
1666 0.06204456870345848 16.66
1667 0.06231590302027064 16.67
1668 0.06216064324548556 16.68
1669 0.06222828599939441 16.69
1670 0.0625723610713044 16.7
1671 0.06274302999218311 16.71
1672 0.06285348273990861 16.72
1673 0.06303692364193642 16.73
1674 0.06327525867620097 16.74
1675 0.06355064072708874 16.75
1676 0.0637338410968878 16.76
1677 0.06392505887756507 16.77
1678 0.06420165024142764 16.78
1679 0.06447474753456234 16.79
1680 0.06460369614380669 16.8
1681 0.06482316858637266 16.81
1682 0.0650186787326245 16.82
1683 0.06537264084384919 16.83
1684 0.06575843591783746 16.84
1685 0.06588511282519298 16.85
1686 0.06606853496064156 16.86
1687 0.06610885302693643 16.87
1688 0.06624369673752818 16.88
1689 0.06637606643692223 16.89
1690 0.06652448074382318 16.9
1691 0.06662058054857031 16.91
1692 0.06670634521220271 16.92
1693 0.06693366734238206 16.93
1694 0.06723705266663443 16.94
1695 0.06745797312546239 16.95
1696 0.06764881109974966 16.96
1697 0.06769105736977667 16.97
1698 0.0677483382017196 16.98
1699 0.06782221524839716 16.99
1700 0.06797835972066872 17
1701 0.06800059879235311 17.01
1702 0.06805487741881097 17.02
1703 0.0681688490698542 17.03
1704 0.06826165367049819 17.04
1705 0.06827022087357347 17.05
1706 0.06816692640147505 17.06
1707 0.06816629291011801 17.07
1708 0.06823588654821693 17.08
1709 0.06816926233413111 17.09
1710 0.06815030449811567 17.1
1711 0.06815925134430167 17.11
1712 0.06819773905655691 17.12
1713 0.06820389861567226 17.13
1714 0.06822200835763105 17.14
1715 0.06814839155920564 17.15
1716 0.06807868709003369 17.16
1717 0.06800079035907265 17.17
1718 0.06785687379303346 17.18
1719 0.06777135702641496 17.19
1720 0.06758071081057707 17.2
1721 0.06762101596676913 17.21
1722 0.06760403758970257 17.22
1723 0.06752599468493396 17.23
1724 0.06746259266370003 17.24
1725 0.06735211270693196 17.25
1726 0.06720556049367736 17.26
1727 0.06702938809182551 17.27
1728 0.06685351989307121 17.28
1729 0.06657548501665703 17.29
1730 0.06628668181578495 17.3
1731 0.06597263733354537 17.31
1732 0.06573634272600042 17.32
1733 0.065444102076633 17.33
1734 0.06523867100993422 17.34
1735 0.06501919379226123 17.35
1736 0.06475730839574395 17.36
1737 0.06450385952080583 17.37
1738 0.064255764104956 17.38
1739 0.06395744585719564 17.39
1740 0.06367129019107509 17.4
1741 0.06336109957732153 17.41
1742 0.06309239457313788 17.42
1743 0.06272426208786432 17.43
1744 0.0623815044472501 17.44
1745 0.06197083030743833 17.45
1746 0.06169303676286163 17.46
1747 0.0614685791317752 17.47
1748 0.06115850623039591 17.48
1749 0.06082358488950625 17.49
1750 0.06046760472766229 17.5
1751 0.0600007962714959 17.51
1752 0.05954332661014144 17.52
1753 0.05910490740707941 17.53
1754 0.05867781413746026 17.54
1755 0.05825307423750363 17.55
1756 0.05787141605376532 17.56
1757 0.05740903344019341 17.57
1758 0.05699117809211966 17.58
1759 0.05671218105614685 17.59
1760 0.05642003427346504 17.6
1761 0.05612025833245141 17.61
1762 0.05584988611679098 17.62
1763 0.05553600304736561 17.63
1764 0.05511709097235469 17.64
1765 0.0547151686317119 17.65
1766 0.05434943640105312 17.66
1767 0.05392995910635595 17.67
1768 0.05343755340280208 17.68
1769 0.05299346770666638 17.69
1770 0.05261538478668132 17.7
1771 0.05218637557680916 17.71
1772 0.05180017746537083 17.72
1773 0.05139280709215323 17.73
1774 0.05094078861898776 17.74
1775 0.05040928316585207 17.75
1776 0.04996401193990632 17.76
1777 0.04954488551918344 17.77
1778 0.04918958843470468 17.78
1779 0.04872858268743015 17.79
1780 0.0483264439262012 17.8
1781 0.04794410103094399 17.81
1782 0.04755591001062477 17.82
1783 0.04722657732404276 17.83
1784 0.04688555098113401 17.84
1785 0.04650016648359827 17.85
1786 0.04617341129295963 17.86
1787 0.04585066709276725 17.87
1788 0.04548343070973983 17.88
1789 0.04502201530351871 17.89
1790 0.04460236805211727 17.9
1791 0.04428802354187227 17.91
1792 0.04379285205255218 17.92
1793 0.04342893770052421 17.93
1794 0.04308896749625572 17.94
1795 0.0428050131168026 17.95
1796 0.0424673006071129 17.96
1797 0.04213845674083935 17.97
1798 0.04178915805764015 17.98
1799 0.04148362566450213 17.99
1800 0.04128850317812818 18
1801 0.04104683908080987 18.01
1802 0.04069255170100457 18.02
1803 0.04035976606761256 18.03
1804 0.0400342368264264 18.04
1805 0.03972062581791147 18.05
1806 0.03935277922603472 18.06
1807 0.03892894794836532 18.07
1808 0.03860231141160407 18.08
1809 0.0383182884673948 18.09
1810 0.03808583903806335 18.1
1811 0.03777536137307956 18.11
1812 0.03745986365626448 18.12
1813 0.03725357829583505 18.13
1814 0.03699628129539502 18.14
1815 0.03670025479133074 18.15
1816 0.03649021924666519 18.16
1817 0.03626620656712087 18.17
1818 0.03599106975434672 18.18
1819 0.03572752276583561 18.19
1820 0.03549557631842888 18.2
1821 0.03530037901637877 18.21
1822 0.03505929224389492 18.22
1823 0.03490187341307009 18.23
1824 0.03444014178613621 18.24
1825 0.03417909056242208 18.25
1826 0.03397348471822062 18.26
1827 0.03356636284134434 18.27
1828 0.03325897787329324 18.28
1829 0.03296181317024979 18.29
1830 0.03286000351056109 18.3
1831 0.03263664873399183 18.31
1832 0.03241986731369983 18.32
1833 0.03233432077633783 18.33
1834 0.0319811482548213 18.34
1835 0.0316148074489829 18.35
1836 0.03122320422168061 18.36
1837 0.03094999264037519 18.37
1838 0.03067431134388778 18.38
1839 0.03045727142482026 18.39
1840 0.03014020847508987 18.4
1841 0.02970200776325038 18.41
1842 0.02922569143796076 18.42
1843 0.02887092557177655 18.43
1844 0.028514948042553 18.44
1845 0.02814310355387613 18.45
1846 0.02780184898628636 18.46
1847 0.02743585390516805 18.47
1848 0.02722275137766034 18.48
1849 0.02699908016875417 18.49
1850 0.02672432854456462 18.5
1851 0.02644693473143189 18.51
1852 0.02608246192971989 18.52
1853 0.02588303193726672 18.53
1854 0.02564356459149277 18.54
1855 0.02545017315361238 18.55
1856 0.02514005271769207 18.56
1857 0.02486506992027426 18.57
1858 0.02457545007349023 18.58
1859 0.02427132558666818 18.59
1860 0.02402514838255802 18.6
1861 0.02367972792841781 18.61
1862 0.02340210224021047 18.62
1863 0.02307265878958532 18.63
1864 0.02295160324041186 18.64
1865 0.02282465900765916 18.65
1866 0.02257776661625005 18.66
1867 0.02225971652913278 18.67
1868 0.02201483806820344 18.68
1869 0.02171971155898152 18.69
1870 0.02165395849901895 18.7
1871 0.02129692613979833 18.71
1872 0.0210155349193126 18.72
1873 0.02086764578623315 18.73
1874 0.02067090184132674 18.74
1875 0.02070787398791996 18.75
1876 0.02066880091853882 18.76
1877 0.02069199259063952 18.77
1878 0.02070087496950333 18.78
1879 0.02067087769565276 18.79
1880 0.02062571317702346 18.8
1881 0.02054325810188115 18.81
1882 0.02037647049431898 18.82
1883 0.02018765483496389 18.83
1884 0.01984570221304843 18.84
1885 0.01956963087123455 18.85
1886 0.01936621293082502 18.86
1887 0.01924640108264347 18.87
1888 0.01908361075552381 18.88
1889 0.01918279888903535 18.89
1890 0.01925609444735502 18.9
1891 0.01919325333708082 18.91
1892 0.01904426206814547 18.92
1893 0.01905696648397366 18.93
1894 0.01917159691391082 18.94
1895 0.01923019724449603 18.95
1896 0.01913945920788744 18.96
1897 0.01908406514694351 18.97
1898 0.01904746632708459 18.98
1899 0.01885917381876516 18.99
1900 0.01876794985934201 19
1901 0.01840809298777775 19.01
1902 0.01813162539163062 19.02
1903 0.01806917602947199 19.03
1904 0.01805848131257957 19.04
1905 0.01801575008674117 19.05
1906 0.01784494623879919 19.06
1907 0.01776760062116832 19.07
1908 0.01774481918373415 19.08
1909 0.01786018129744145 19.09
1910 0.01799254550665104 19.1
1911 0.01801047853936186 19.11
1912 0.01802111188859551 19.12
1913 0.0179629978203602 19.13
1914 0.01795770515008022 19.14
1915 0.01808100428388622 19.15
1916 0.01815795778204332 19.16
1917 0.01816436504297024 19.17
1918 0.01808285137690971 19.18
1919 0.01769985596343313 19.19
1920 0.01767938080884504 19.2
1921 0.01779868826417606 19.21
1922 0.01768416378907156 19.22
1923 0.01777852859993888 19.23
1924 0.01788515517914423 19.24
1925 0.01808288297431604 19.25
1926 0.01825753825573247 19.26
1927 0.01841260268357185 19.27
1928 0.01848677754507429 19.28
1929 0.01847308085769767 19.29
1930 0.01846072150689189 19.3
1931 0.01837415671320457 19.31
1932 0.01832555219966378 19.32
1933 0.0183613938356413 19.33
1934 0.01843614918894411 19.34
1935 0.01848262791868997 19.35
1936 0.01863292050190708 19.36
1937 0.01864172286393909 19.37
1938 0.01878485778577245 19.38
1939 0.01881389060788664 19.39
1940 0.0188194790803929 19.4
1941 0.01885638733043837 19.41
1942 0.01891581270440529 19.42
1943 0.01892795792707999 19.43
1944 0.01894679762912282 19.44
1945 0.01898512184316738 19.45
1946 0.01929038174366433 19.46
1947 0.01952388259575763 19.47
1948 0.01972622661781274 19.48
1949 0.01981811280543772 19.49
1950 0.02001544025530529 19.5
1951 0.02012615480728659 19.51
1952 0.02013014981627179 19.52
1953 0.01994502924790602 19.53
1954 0.01980642039408706 19.54
1955 0.01976257423036244 19.55
1956 0.01981053667607577 19.56
1957 0.01989089916655876 19.57
1958 0.02013524990656697 19.58
1959 0.02013638162774409 19.59
1960 0.02026698591792628 19.6
1961 0.02041787889013941 19.61
1962 0.02053066982826213 19.62
1963 0.0207510433045834 19.63
1964 0.02098164517244108 19.64
1965 0.02116727658938963 19.65
1966 0.02122088174224632 19.66
1967 0.02127546216190294 19.67
1968 0.02131566164328873 19.68
1969 0.02127221714082511 19.69
1970 0.02132023046075486 19.7
1971 0.0214590797674441 19.71
1972 0.02145836868116488 19.72
1973 0.02151896379744911 19.73
1974 0.02158369811139414 19.74
1975 0.02162404441029578 19.75
1976 0.021719827406657 19.76
1977 0.02191649248520283 19.77
1978 0.02211386041094571 19.78
1979 0.02218047287512889 19.79
1980 0.02227047687461643 19.8
1981 0.02244167125310657 19.81
1982 0.02262725453201574 19.82
1983 0.02275875179110298 19.83
1984 0.02287778292920842 19.84
1985 0.02299298555523312 19.85
1986 0.02298904905611442 19.86
1987 0.02308776721952301 19.87
1988 0.02310866682169352 19.88
1989 0.02309493496537653 19.89
1990 0.02309139649484461 19.9
1991 0.02310726795364812 19.91
1992 0.02313598832588024 19.92
1993 0.02319692965302063 19.93
1994 0.02324675937078048 19.94
1995 0.02338352399184709 19.95
1996 0.02355064203850808 19.96
1997 0.02370312189650881 19.97
1998 0.02390064466271066 19.98
1999 0.02414708749011621 19.99
2000 0.02435082945639484 20
2001 0.02455805364656895 20.01
2002 0.0246775538069213 20.02
2003 0.02476649060040319 20.03
2004 0.02496291168002218 20.04
2005 0.02510751614255891 20.05
2006 0.02531478034863846 20.06
2007 0.02546334342559935 20.07
2008 0.02553828265373932 20.08
2009 0.02550323339487896 20.09
2010 0.02555025353413025 20.1
2011 0.0256133746516112 20.11
2012 0.02569516455692604 20.12
2013 0.02570648067234287 20.13
2014 0.02577273660536394 20.14
2015 0.02593575801375748 20.15
2016 0.02613642625763467 20.16
2017 0.02635821711332714 20.17
2018 0.02655408691304294 20.18
2019 0.02679644020830058 20.19
2020 0.02704667721545728 20.2
2021 0.02729417674351148 20.21
2022 0.02756274245242814 20.22
2023 0.02786124241118842 20.23
2024 0.02822619573819676 20.24
2025 0.028483709146729 20.25
2026 0.02875269488047083 20.26
2027 0.02898972766582701 20.27
2028 0.02924946531921475 20.28
2029 0.02949103368738343 20.29
2030 0.02975202733139935 20.3
2031 0.03001130651696307 20.31
2032 0.03031976266903871 20.32
2033 0.03059965408148924 20.33
2034 0.03094534786135705 20.34
2035 0.03128019855064611 20.35
2036 0.03159896832005621 20.36
2037 0.03195147207864754 20.37
2038 0.03239043699998413 20.38
2039 0.03288684320417191 20.39
2040 0.03339638456163473 20.4
2041 0.03384048726708853 20.41
2042 0.03420780124828114 20.42
2043 0.03459234655452927 20.43
2044 0.03496854236972308 20.44
2045 0.03533766647564221 20.45
2046 0.03569473154948058 20.46
2047 0.03604140366739358 20.47
2048 0.03629670176031778 20.48
2049 0.0365694780964437 20.49
2050 0.03681487634961038 20.5
2051 0.03714208434209718 20.51
2052 0.03747702653309552 20.52
2053 0.03778530368355225 20.53
2054 0.0381263945112358 20.54
2055 0.03841534772282541 20.55
2056 0.0386101298764117 20.56
2057 0.03886648722538072 20.57
2058 0.03918821039669511 20.58
2059 0.03958063410681094 20.59
2060 0.03997226413534542 20.6
2061 0.04039939673332288 20.61
2062 0.04088217527242838 20.62
2063 0.04134204469882237 20.63
2064 0.04179548752614878 20.64
2065 0.04212906492756573 20.65
2066 0.04240174030986955 20.66
2067 0.04266979995947413 20.67
2068 0.04295118511601211 20.68
2069 0.04319576420506926 20.69
2070 0.04349392765999217 20.7
2071 0.04376907556857544 20.71
2072 0.04398266984150116 20.72
2073 0.04421811606938665 20.73
2074 0.04438758891912842 20.74
2075 0.04465799440672755 20.75
2076 0.04498907305881604 20.76
2077 0.04536831169250181 20.77
2078 0.04573766815377417 20.78
2079 0.04612224419231657 20.79
2080 0.04652658494799673 20.8
2081 0.04694006977340053 20.81
2082 0.04736752625103589 20.82
2083 0.04777136702518008 20.83
2084 0.04819210403972028 20.84
2085 0.04858911200546269 20.85
2086 0.04896564024521867 20.86
2087 0.04933469272753567 20.87
2088 0.04969348549175169 20.88
2089 0.05004958334729576 20.89
2090 0.05040472318661215 20.9
2091 0.05074706488890678 20.91
2092 0.05107673430515651 20.92
2093 0.05146025000989275 20.93
2094 0.0518644764300087 20.94
2095 0.05227137820580553 20.95
2096 0.05263786939583867 20.96
2097 0.05305932177644293 20.97
2098 0.05346668670971871 20.98
2099 0.05394627681709924 20.99
2100 0.05435899388541904 21
2101 0.05478813318401887 21.01
2102 0.05521966374012431 21.02
2103 0.05555739888214699 21.03
2104 0.05588402600272456 21.04
2105 0.05638461309440178 21.05
2106 0.05686653514621343 21.06
2107 0.0571952512046501 21.07
2108 0.05752004349180763 21.08
2109 0.05801719018488312 21.09
2110 0.05842242469084477 21.1
2111 0.05883860753633671 21.11
2112 0.05921755823339726 21.12
2113 0.05956286883448305 21.13
2114 0.05991661748945817 21.14
2115 0.06027123455524397 21.15
2116 0.06062013863181673 21.16
2117 0.06093242225974407 21.17
2118 0.06133546604770793 21.18
2119 0.06163709713975339 21.19
2120 0.06200829277029311 21.2
2121 0.06241891067174508 21.21
2122 0.06284158095535397 21.22
2123 0.06318893890244015 21.23
2124 0.06355387269371124 21.24
2125 0.06389117765190766 21.25
2126 0.06432708529193847 21.26
2127 0.06478515028336741 21.27
2128 0.0652907847479034 21.28
2129 0.06570502103979665 21.29
2130 0.06607246584625034 21.3
2131 0.06648094482901641 21.31
2132 0.06684089276237519 21.32
2133 0.06714482813091029 21.33
2134 0.06748617680739369 21.34
2135 0.06779957900451007 21.35
2136 0.06810427627195004 21.36
2137 0.06838663728209896 21.37
2138 0.0687382958460788 21.38
2139 0.06898696114302071 21.39
2140 0.06924374059125574 21.4
2141 0.06952189913265915 21.41
2142 0.06986642691713392 21.42
2143 0.07026409945380552 21.43
2144 0.07075304832659782 21.44
2145 0.07124195612245815 21.45
2146 0.07164614337412556 21.46
2147 0.07206480441223259 21.47
2148 0.07236386302706309 21.48
2149 0.07270837914072031 21.49
2150 0.07302431839728482 21.5
2151 0.07326518297718937 21.51
2152 0.07359599313258273 21.52
2153 0.07399949755358844 21.53
2154 0.07432902506359326 21.54
2155 0.07470108947312329 21.55
2156 0.07498887645182087 21.56
2157 0.0751914853977191 21.57
2158 0.07548500579827358 21.58
2159 0.07575304377134562 21.59
2160 0.07604238177298198 21.6
2161 0.07633686110280929 21.61
2162 0.07654392908191804 21.62
2163 0.0768298020425115 21.63
2164 0.07712115866280896 21.64
2165 0.0773585219356521 21.65
2166 0.07763904336309757 21.66
2167 0.07799081653352771 21.67
2168 0.07842208201330361 21.68
2169 0.07879513055162064 21.69
2170 0.07926370584416562 21.7
2171 0.07960075152079613 21.71
2172 0.07994160421571228 21.72
2173 0.08023420354562454 21.73
2174 0.08048964770985551 21.74
2175 0.08072092843554159 21.75
2176 0.081010269150406 21.76
2177 0.0812773061616332 21.77
2178 0.08156092745286511 21.78
2179 0.08176593844618968 21.79
2180 0.08178324999390359 21.8
2181 0.08180498859244476 21.81
2182 0.08198875130645206 21.82
2183 0.08214015479892017 21.83
2184 0.08236612271310406 21.84
2185 0.08260058448067767 21.85
2186 0.08285073201516574 21.86
2187 0.08298106481377931 21.87
2188 0.08315254247032931 21.88
2189 0.08328770944330791 21.89
2190 0.08350075062766077 21.9
2191 0.08374283647305883 21.91
2192 0.08394037930264223 21.92
2193 0.08430788150619825 21.93
2194 0.08440258302464973 21.94
2195 0.0845235291861593 21.95
2196 0.08466576876251646 21.96
2197 0.08470412069120276 21.97
2198 0.08476146827505296 21.98
2199 0.0847679614772669 21.99
2200 0.08482660189152584 22
2201 0.08487137347110255 22.01
2202 0.08478948758689196 22.02
2203 0.08483514383675009 22.03
2204 0.08502983078526073 22.04
2205 0.08510297328990062 22.05
2206 0.08508746338789114 22.06
2207 0.08504924552069493 22.07
2208 0.08513784030492143 22.08
2209 0.0851649621249812 22.09
2210 0.08510615069127891 22.1
2211 0.08503331574337067 22.11
2212 0.08498408889061845 22.12
2213 0.08496073213605275 22.13
2214 0.0849749103803587 22.14
2215 0.08498283107569549 22.15
2216 0.08497795571756923 22.16
2217 0.08487376850028275 22.17
2218 0.08479395349897739 22.18
2219 0.08474840668802414 22.19
2220 0.08473315115818639 22.2
2221 0.08473582713370066 22.21
2222 0.08467600192599058 22.22
2223 0.0846612214243512 22.23
2224 0.0844728091687868 22.24
2225 0.08423715586798337 22.25
2226 0.08399126152886284 22.26
2227 0.08380616318327549 22.27
2228 0.08360019155964614 22.28
2229 0.08333345218217549 22.29
2230 0.08304542487450892 22.3
2231 0.08283323947367274 22.31
2232 0.0825602430364618 22.32
2233 0.08227101424981115 22.33
2234 0.0820164953692024 22.34
2235 0.08185816870925849 22.35
2236 0.08167892979096238 22.36
2237 0.08154977009431255 22.37
2238 0.08123664415533459 22.38
2239 0.08093798041709149 22.39
2240 0.08062967806951862 22.4
2241 0.08029701199286232 22.41
2242 0.0798038511738951 22.42
2243 0.07942604235691803 22.43
2244 0.07916014806186586 22.44
2245 0.07885701262362257 22.45
2246 0.07850858609411424 22.46
2247 0.07811815079346129 22.47
2248 0.07774209451113517 22.48
2249 0.0772801591880736 22.49
2250 0.07681927718521064 22.5
2251 0.0763996823783101 22.51
2252 0.07593127133134145 22.52
2253 0.0756032448412641 22.53
2254 0.0752619338969111 22.54
2255 0.07490282602535607 22.55
2256 0.07461693971550021 22.56
2257 0.07421472181775432 22.57
2258 0.07383182784650613 22.58
2259 0.07349825180606584 22.59
2260 0.07307971059807035 22.6
2261 0.07253612195507164 22.61
2262 0.07196864815676912 22.62
2263 0.0713930809779855 22.63
2264 0.07097461281194498 22.64
2265 0.07047702497779025 22.65
2266 0.07013627397024802 22.66
2267 0.06971824188156224 22.67
2268 0.0692094758948234 22.68
2269 0.06861636741744415 22.69
2270 0.0681378320615455 22.7
2271 0.06774594146831225 22.71
2272 0.06735122385320125 22.72
2273 0.06693151694953123 22.73
2274 0.06651736117910015 22.74
2275 0.06629666224260961 22.75
2276 0.06600180946571237 22.76
2277 0.0656749675972913 22.77
2278 0.06536560016256446 22.78
2279 0.06504648560227196 22.79
2280 0.06459831972300867 22.8
2281 0.0642363931688425 22.81
2282 0.06392693825296852 22.82
2283 0.06365028187841121 22.83
2284 0.06325122655976062 22.84
2285 0.06283904858827447 22.85
2286 0.06246175964047317 22.86
2287 0.06205077349428361 22.87
2288 0.06161046635510343 22.88
2289 0.06112511425547269 22.89
2290 0.06064413660773871 22.9
2291 0.06020718974670557 22.91
2292 0.05977803152182647 22.92
2293 0.05940656257822512 22.93
2294 0.05908130534900113 22.94
2295 0.05877614309733582 22.95
2296 0.05836258010702204 22.96
2297 0.05802525379984604 22.97
2298 0.05768530858158111 22.98
2299 0.05735317592950649 22.99
2300 0.05702998802725066 23
2301 0.05667206280810858 23.01
2302 0.05625630990866992 23.02
2303 0.05577702270362789 23.03
2304 0.05520736138700107 23.04
2305 0.05472176859693209 23.05
2306 0.05416103773739016 23.06
2307 0.05361521306174306 23.07
2308 0.05303569466347638 23.08
2309 0.05260214063013513 23.09
2310 0.05213626792069632 23.1
2311 0.05174896327031817 23.11
2312 0.05131023169905789 23.12
2313 0.0509016814626805 23.13
2314 0.05050461948390225 23.14
2315 0.05008077714695854 23.15
2316 0.04976304339770996 23.16
2317 0.04938124637065516 23.17
2318 0.04895617195714927 23.18
2319 0.04842836901554137 23.19
2320 0.04794012959900503 23.2
2321 0.04748426643388708 23.21
2322 0.04704036255342754 23.22
2323 0.0464943768747795 23.23
2324 0.04594682299339763 23.24
2325 0.04538332618979254 23.25
2326 0.04480159376216098 23.26
2327 0.0444347294029509 23.27
2328 0.04399008527394078 23.28
2329 0.04350876083176562 23.29
2330 0.04305993575265332 23.3
2331 0.04248789791683246 23.31
2332 0.04196509435711439 23.32
2333 0.04140406403386426 23.33
2334 0.04087505880370482 23.34
2335 0.04041940675923984 23.35
2336 0.03994026096148598 23.36
2337 0.03936853972372345 23.37
2338 0.03881020638974381 23.38
2339 0.03818811959116233 23.39
2340 0.03770819903169188 23.4
2341 0.03722912520690007 23.41
2342 0.03677003494680527 23.42
2343 0.03631483701971586 23.43
2344 0.03581879890202522 23.44
2345 0.03530397767176302 23.45
2346 0.03475461493385923 23.46
2347 0.03424425152795164 23.47
2348 0.03374376789061792 23.48
2349 0.03325551428156875 23.49
2350 0.03278102453006652 23.5
2351 0.03235332087140866 23.51
2352 0.03186242392399705 23.52
2353 0.03129441283639295 23.53
2354 0.03079723948041208 23.54
2355 0.0303010128231095 23.55
2356 0.02984519077165837 23.56
2357 0.02942363017714064 23.57
2358 0.0290192490417885 23.58
2359 0.02844036367052558 23.59
2360 0.0279929089863529 23.6
2361 0.02755039997152291 23.61
2362 0.02716871026482752 23.62
2363 0.02688134213525734 23.63
2364 0.0265362840599136 23.64
2365 0.02617630436891891 23.65
2366 0.02586309663587807 23.66
2367 0.02544092356638918 23.67
2368 0.02504803007918775 23.68
2369 0.02467730814251821 23.69
2370 0.02433387733284401 23.7
2371 0.02394588630507398 23.71
2372 0.02345777979781397 23.72
2373 0.02308290985307497 23.73
2374 0.0227394866372565 23.74
2375 0.02242206665247791 23.75
2376 0.02205360075313494 23.76
2377 0.0217185549411698 23.77
2378 0.02143296003724889 23.78
2379 0.02119541936247381 23.79
2380 0.02096104616568403 23.8
2381 0.02088263503225632 23.81
2382 0.02063013567582724 23.82
2383 0.02045190776148723 23.83
2384 0.02023281921168173 23.84
2385 0.02010275511010766 23.85
2386 0.01993992610334321 23.86
2387 0.01968007477950758 23.87
2388 0.0193035734574435 23.88
2389 0.01900435420644629 23.89
2390 0.01873232712385878 23.9
2391 0.0185340037177856 23.91
2392 0.01835265292175166 23.92
2393 0.01809252850601326 23.93
2394 0.01786277647633717 23.94
2395 0.01768750430930807 23.95
2396 0.01752588322080564 23.96
2397 0.0173820379524587 23.97
2398 0.0172228204587305 23.98
2399 0.01708311208747988 23.99
2400 0.01691092159470739 24
2401 0.01665008453949678 24.01
2402 0.01645762177306369 24.02
2403 0.01620843415398519 24.03
2404 0.01596447958225373 24.04
2405 0.0157711020261294 24.05
2406 0.015559439735053 24.06
2407 0.01542279906721275 24.07
2408 0.01534164109442381 24.08
2409 0.01535362987947805 24.09
2410 0.01530203965430252 24.1
2411 0.01523365837979344 24.11
2412 0.01513375456427656 24.12
2413 0.01501392432261477 24.13
2414 0.01494964551319798 24.14
2415 0.01488776764238736 24.15
2416 0.01476658644788913 24.16
2417 0.0145618433745127 24.17
2418 0.01434448862253027 24.18
2419 0.01412556032088406 24.19
2420 0.0140070442576125 24.2
2421 0.01388767913121429 24.21
2422 0.01384263016067803 24.22
2423 0.01382513721358879 24.23
2424 0.01370564133791949 24.24
2425 0.01354870173630104 24.25
2426 0.01343552174262098 24.26
2427 0.01338633870651436 24.27
2428 0.01332120388228275 24.28
2429 0.01330279585719359 24.29
2430 0.0133270472947217 24.3
2431 0.01341800397910398 24.31
2432 0.01350318133742981 24.32
2433 0.01358043380954005 24.33
2434 0.01362780901165872 24.34
2435 0.01352203319704819 24.35
2436 0.01346147299199137 24.36
2437 0.01352754330030929 24.37
2438 0.01350227976280945 24.38
2439 0.01342292821644213 24.39
2440 0.01333810981023656 24.4
2441 0.01320417878194129 24.41
2442 0.013155972868152 24.42
2443 0.01308208867995742 24.43
2444 0.01315756730646589 24.44
2445 0.01312654174202819 24.45
2446 0.01322179528682858 24.46
2447 0.01323565082154166 24.47
2448 0.01322998692564618 24.48
2449 0.01328182442915346 24.49
2450 0.01332463442329683 24.5
2451 0.01334622361769991 24.51
2452 0.01336314751935024 24.52
2453 0.01333403119327765 24.53
2454 0.01324180685794736 24.54
2455 0.01320922895967773 24.55
2456 0.01335828605647653 24.56
2457 0.01340891969119561 24.57
2458 0.01344348318603562 24.58
2459 0.01352833463118186 24.59
2460 0.01367490791287025 24.6
2461 0.01371980939169308 24.61
2462 0.01375672590216771 24.62
2463 0.01395198085166192 24.63
2464 0.01414018077692891 24.64
2465 0.01412543089519379 24.65
2466 0.01407823590650398 24.66
2467 0.0140549166147739 24.67
2468 0.01395133633276519 24.68
2469 0.01414081154038661 24.69
2470 0.01431615417202711 24.7
2471 0.01450899824608597 24.71
2472 0.01463026604432259 24.72
2473 0.01472914055792882 24.73
2474 0.01482488696068654 24.74
2475 0.01497674841659254 24.75
2476 0.01503498623250356 24.76
2477 0.01504002311704662 24.77
2478 0.01497978736137057 24.78
2479 0.01494674655594083 24.79
2480 0.01496166439551209 24.8
2481 0.01497427002027292 24.81
2482 0.01493528660337388 24.82
2483 0.0149814147172032 24.83
2484 0.01508357915013263 24.84
2485 0.01528876765020641 24.85
2486 0.01538975456067415 24.86
2487 0.01553970053834719 24.87
2488 0.01566324527728589 24.88
2489 0.0157557507838687 24.89
2490 0.01569701195624461 24.9
2491 0.01569024743023498 24.91
2492 0.01576505293677115 24.92
2493 0.01576537765711146 24.93
2494 0.01595727464517414 24.94
2495 0.0161025660292287 24.95
2496 0.01613083987013214 24.96
2497 0.01613248254936352 24.97
2498 0.0161419239787661 24.98
2499 0.01638722840766661 24.99
2500 0.0165903124573827 25
2501 0.0167447515121968 25.01
2502 0.01690367223963059 25.02
2503 0.01702754841783587 25.03
2504 0.01711698577082363 25.04
2505 0.01719685608065481 25.05
2506 0.01731784464009234 25.06
2507 0.01736946661793146 25.07
2508 0.01738369856899845 25.08
2509 0.01731812944794632 25.09
2510 0.01738163940622929 25.1
2511 0.01749470667393195 25.11
2512 0.01748882994504761 25.12
2513 0.0174822953411054 25.13
2514 0.01749677004670201 25.14
2515 0.01750547576701099 25.15
2516 0.01738968758216838 25.16
2517 0.01732159881795359 25.17
2518 0.01720899858412994 25.18
2519 0.01721376119146753 25.19
2520 0.01720465676619838 25.2
2521 0.01729832397396747 25.21
2522 0.01752309997870273 25.22
2523 0.01780973627985863 25.23
2524 0.01810263670256543 25.24
2525 0.01840559148784181 25.25
2526 0.01857433405243933 25.26
2527 0.01878714616956537 25.27
2528 0.01879508343772868 25.28
2529 0.01899506149869484 25.29
2530 0.01912298542857126 25.3
2531 0.01919902115585892 25.31
2532 0.01921296883834978 25.32
2533 0.01917298490742558 25.33
2534 0.01915855479462791 25.34
2535 0.01913053623641266 25.35
2536 0.01902607433531914 25.36
2537 0.01898021350468533 25.37
2538 0.0189964810435376 25.38
2539 0.01906773199731814 25.39
2540 0.01915807057951023 25.4
2541 0.01934553726034402 25.41
2542 0.01950088277162262 25.42
2543 0.01960335993110997 25.43
2544 0.0196980392311307 25.44
2545 0.01978257587437199 25.45
2546 0.01987659013799221 25.46
2547 0.02005940266815241 25.47
2548 0.02024949067337577 25.48
2549 0.0204139041639807 25.49
2550 0.02050263028083717 25.5
2551 0.02048841570875509 25.51
2552 0.02043744067296407 25.52
2553 0.02044612588079191 25.53
2554 0.02048225386729184 25.54
2555 0.02054292351072635 25.55
2556 0.02063770536738524 25.56
2557 0.02073059225009863 25.57
2558 0.02080696812265653 25.58
2559 0.02090668239825282 25.59
2560 0.02103290096643036 25.6
2561 0.02117689066005565 25.61
2562 0.02134052807744088 25.62
2563 0.02146188247257273 25.63
2564 0.02150456488732783 25.64
2565 0.02155371553455161 25.65
2566 0.02156827181813856 25.66
2567 0.02159652279749298 25.67
2568 0.02161682268819921 25.68
2569 0.02163447500483061 25.69
2570 0.02182012445360636 25.7
2571 0.02208975331341215 25.71
2572 0.022267073245486 25.72
2573 0.02243411809990123 25.73
2574 0.02257783260858016 25.74
2575 0.02275882655571239 25.75
2576 0.02290058947765362 25.76
2577 0.02298695968256664 25.77
2578 0.02305689176399546 25.78
2579 0.02295472760456194 25.79
2580 0.02282561481605222 25.8
2581 0.02287978201253922 25.81
2582 0.02297861240055861 25.82
2583 0.02316013407892377 25.83
2584 0.02327550338404302 25.84
2585 0.02339421302363263 25.85
2586 0.0234565357753856 25.86
2587 0.0235376359009148 25.87
2588 0.02363837764112296 25.88
2589 0.0238463310032046 25.89
2590 0.02405368463454537 25.9
2591 0.0242277026823926 25.91
2592 0.02438700428591339 25.92
2593 0.02453755009461053 25.93
2594 0.02462353308590082 25.94
2595 0.02470254461345425 25.95
2596 0.02482693057426411 25.96
2597 0.02497612448902768 25.97
2598 0.02509626177654291 25.98
2599 0.025164293079644 25.99
2600 0.02517886287948129 26
2601 0.02522059719604601 26.01
2602 0.02524771893615578 26.02
2603 0.02526684529953202 26.03
2604 0.02546871965070165 26.04
2605 0.02572536624650901 26.05
2606 0.02601321707014669 26.06
2607 0.02633390440881272 26.07
2608 0.02664269415316493 26.08
2609 0.02690572725239543 26.09
2610 0.02715335109681702 26.1
2611 0.02746803816596623 26.11
2612 0.02782489252521866 26.12
2613 0.02813835393110256 26.13
2614 0.02838285648908095 26.14
2615 0.02865510574133642 26.15
2616 0.02907932622006035 26.16
2617 0.02933307315980825 26.17
2618 0.02965984389658952 26.18
2619 0.02995292554857196 26.19
2620 0.0302654412927324 26.2
2621 0.03058018312181293 26.21
2622 0.03089766094238292 26.22
2623 0.03124593487035773 26.23
2624 0.0315369455925133 26.24
2625 0.03183542003480658 26.25
2626 0.03217186491707426 26.26
2627 0.03265192274709801 26.27
2628 0.03309370884977321 26.28
2629 0.03352832503464517 26.29
2630 0.03392461640750043 26.3
2631 0.03435283717618008 26.31
2632 0.03478948502672519 26.32
2633 0.03526917882199906 26.33
2634 0.0357107319656943 26.34
2635 0.03619148512587388 26.35
2636 0.03659661694035983 26.36
2637 0.03707624609954829 26.37
2638 0.03755602936832389 26.38
2639 0.03802348810564717 26.39
2640 0.03851687002738308 26.4
2641 0.03892661598589009 26.41
2642 0.0393991299217694 26.42
2643 0.03987396182543783 26.43
2644 0.04036718536720797 26.44
2645 0.04097550874860297 26.45
2646 0.04153201899243517 26.46
2647 0.04193179221233818 26.47
2648 0.04239365768879393 26.48
2649 0.04272827013124054 26.49
2650 0.04308044588119427 26.5
2651 0.04346982407526898 26.51
2652 0.04393408655694844 26.52
2653 0.04433796266343433 26.53
2654 0.04475060637027053 26.54
2655 0.0451332025635985 26.55
2656 0.04553606633356563 26.56
2657 0.04590699075497184 26.57
2658 0.04615077752486263 26.58
2659 0.0465017289713284 26.59
2660 0.04692839108457841 26.6
2661 0.04726942377589769 26.61
2662 0.04780825721725782 26.62
2663 0.04831800986986077 26.63
2664 0.04877860801425744 26.64
2665 0.04915273348480121 26.65
2666 0.04948909117125448 26.66
2667 0.04982590864911284 26.67
2668 0.05011701188381947 26.68
2669 0.05035357114719357 26.69
2670 0.05062694640079015 26.7
2671 0.05089924761024871 26.71
2672 0.05119623392411321 26.72
2673 0.05145867758263206 26.73
2674 0.05158679122408178 26.74
2675 0.05177020540638703 26.75
2676 0.05186153169098011 26.76
2677 0.05203827217678136 26.77
2678 0.05227681030603566 26.78
2679 0.05245901598457893 26.79
2680 0.05276158812140629 26.8
2681 0.0530304438518575 26.81
2682 0.05330354123038147 26.82
2683 0.05350219458362443 26.83
2684 0.05366299340634306 26.84
2685 0.05389286664307296 26.85
2686 0.05409974430455116 26.86
2687 0.05424365966258727 26.87
2688 0.05449285321314202 26.88
2689 0.05469701403749369 26.89
2690 0.05495094179959472 26.9
2691 0.05517386918307438 26.91
2692 0.05545475008282758 26.92
2693 0.05559301480633648 26.93
2694 0.05569560056911508 26.94
2695 0.05582743125301408 26.95
2696 0.05602974608991388 26.96
2697 0.0561736755072143 26.97
2698 0.05624079535686462 26.98
2699 0.05642294035639484 26.99
2700 0.0566586305188112 27
2701 0.05696278675543947 27.01
2702 0.05720978601378333 27.02
2703 0.0575560515291893 27.03
2704 0.05785310254736276 27.04
2705 0.05808149278492109 27.05
2706 0.05838643664343342 27.06
2707 0.05867418812626156 27.07
2708 0.05885130730855909 27.08
2709 0.05898120991997748 27.09
2710 0.05920435914522066 27.1
2711 0.05935329855919621 27.11
2712 0.05946832446852213 27.12
2713 0.0596550994402586 27.13
2714 0.05979740301788967 27.14
2715 0.05995701523818533 27.15
2716 0.06017482513957644 27.16
2717 0.06034965850705717 27.17
2718 0.06048941607235887 27.18
2719 0.06061724483722003 27.19
2720 0.06080120221810049 27.2
2721 0.06085952561752084 27.21
2722 0.06098014518564181 27.22
2723 0.06117774905235556 27.23
2724 0.06137091871894903 27.24
2725 0.06162368200740143 27.25
2726 0.06182514732152394 27.26
2727 0.06199239359468322 27.27
2728 0.06223337673369041 27.28
2729 0.06242721561426955 27.29
2730 0.06272192426032994 27.3
2731 0.06280691596770624 27.31
2732 0.06288357561020519 27.32
2733 0.06289908187047344 27.33
2734 0.06302241423973493 27.34
2735 0.06326911787789904 27.35
2736 0.06341282285762884 27.36
2737 0.0634364930869937 27.37
2738 0.06350890109671892 27.38
2739 0.06360929149929767 27.39
2740 0.06363626044322773 27.4
2741 0.06366275390385892 27.41
2742 0.06370107814671844 27.42
2743 0.06393555988726299 27.43
2744 0.06402489772997765 27.44
2745 0.06422313599623355 27.45
2746 0.06439610545693245 27.46
2747 0.06450548624751495 27.47
2748 0.06459957691487003 27.48
2749 0.06463174965880097 27.49
2750 0.06449544812761163 27.5
2751 0.06442798874083905 27.51
2752 0.06441869853060062 27.52
2753 0.0644621551219916 27.53
2754 0.06442055203663322 27.54
2755 0.06447980241744526 27.55
2756 0.06440786670286119 27.56
2757 0.06415161515379086 27.57
2758 0.06391455727084977 27.58
2759 0.06361466074142105 27.59
2760 0.06334587223446278 27.6
2761 0.06311451791817034 27.61
2762 0.06299831878880949 27.62
2763 0.06296651097733805 27.63
2764 0.06292744183085797 27.64
2765 0.06295077515929089 27.65
2766 0.06293748516459743 27.66
2767 0.06293653344572116 27.67
2768 0.06276679725272216 27.68
2769 0.06262866656148344 27.69
2770 0.06223818179219509 27.7
2771 0.0619500603265373 27.71
2772 0.06153348436186042 27.72
2773 0.06115078140070202 27.73
2774 0.06065315002520662 27.74
2775 0.06012709130909719 27.75
2776 0.05967761724889241 27.76
2777 0.05929185520100771 27.77
2778 0.05877500577285479 27.78
2779 0.05836550927365225 27.79
2780 0.05795263324257027 27.8
2781 0.05753564360139132 27.81
2782 0.0571600690565912 27.82
2783 0.05681480769403222 27.83
2784 0.05639572532602664 27.84
2785 0.05588467756834537 27.85
2786 0.05543885340350557 27.86
2787 0.05491130239467328 27.87
2788 0.05453715574633149 27.88
2789 0.05407234723816363 27.89
2790 0.05353762083550166 27.9
2791 0.05313569249384092 27.91
2792 0.05267200022296634 27.92
2793 0.0522733837654234 27.93
2794 0.05164165253022679 27.94
2795 0.05122445246964306 27.95
2796 0.05072366168883173 27.96
2797 0.05023168874166793 27.97
2798 0.04985548191641649 27.98
2799 0.04940686306044539 27.99
2800 0.04885285336930482 28
2801 0.04837824938549427 28.01
2802 0.04773725480767005 28.02
2803 0.04707437934163004 28.03
2804 0.04667353076562061 28.04
2805 0.0461279412462595 28.05
2806 0.0458212343996186 28.06
2807 0.04539611945662515 28.07
2808 0.04500279890996645 28.08
2809 0.04465655218129799 28.09
2810 0.0443409660645182 28.1
2811 0.04394889134159538 28.11
2812 0.04358127805546057 28.12
2813 0.04328835874934092 28.13
2814 0.04298787210118701 28.14
2815 0.04263153520147391 28.15
2816 0.04225134564355041 28.16
2817 0.04196922634916248 28.17
2818 0.04168919935507217 28.18
2819 0.0413542468037041 28.19
2820 0.04099971446929083 28.2
2821 0.04068071012880566 28.21
2822 0.04034885939175076 28.22
2823 0.04009534359335784 28.23
2824 0.03978781346564295 28.24
2825 0.03940295541911586 28.25
2826 0.03903156323502081 28.26
2827 0.03873594362606104 28.27
2828 0.03844150142057173 28.28
2829 0.03815331450192733 28.29
2830 0.03790189178240348 28.3
2831 0.03773634462111339 28.31
2832 0.03752608300029424 28.32
2833 0.03727063088805677 28.33
2834 0.03707946991457226 28.34
2835 0.03687492449515423 28.35
2836 0.03657101911581849 28.36
2837 0.03632084931760952 28.37
2838 0.03605680418726265 28.38
2839 0.03558487497985943 28.39
2840 0.03523433244258833 28.4
2841 0.03471476406502985 28.41
2842 0.03439297214030528 28.42
2843 0.03425177242653211 28.43
2844 0.03406764014437097 28.44
2845 0.03363978401673888 28.45
2846 0.03338532588074265 28.46
2847 0.03287654627973506 28.47
2848 0.03243036418701736 28.48
2849 0.03219748413940597 28.49
2850 0.03197513109403023 28.5
2851 0.03175373761665015 28.51
2852 0.03152527661631851 28.52
2853 0.03123388130473417 28.53
2854 0.03086375543379469 28.54
2855 0.03054037271792828 28.55
2856 0.03007892772068858 28.56
2857 0.02966765472777474 28.57
2858 0.02934668669425322 28.58
2859 0.02899030937016636 28.59
2860 0.02867421340783884 28.6
2861 0.02833270059286258 28.61
2862 0.02788361582673611 28.62
2863 0.02740569229657609 28.63
2864 0.02695381796969296 28.64
2865 0.02662708502307877 28.65
2866 0.02645177954156915 28.66
2867 0.02626705130269587 28.67
2868 0.02584950599414425 28.68
2869 0.02537104271900568 28.69
2870 0.02489996106067235 28.7
2871 0.02429071716248246 28.71
2872 0.02390654707937863 28.72
2873 0.02353631521253334 28.73
2874 0.02307187729954212 28.74
2875 0.02262817092027578 28.75
2876 0.02212674460386638 28.76
2877 0.02166733156783736 28.77
2878 0.02118871506693792 28.78
2879 0.02083261293034197 28.79
2880 0.02038340795193366 28.8
2881 0.01995336800728978 28.81
2882 0.01960456396347784 28.82
2883 0.01917657244599709 28.83
2884 0.01857331229945607 28.84
2885 0.01793694492993335 28.85
2886 0.01772436134474106 28.86
2887 0.01725987356393927 28.87
2888 0.01696730345596098 28.88
2889 0.01659030794935701 28.89
2890 0.01623030378378144 28.9
2891 0.01579447002150611 28.91
2892 0.0154009397955884 28.92
2893 0.01503437987308422 28.93
2894 0.01461679449818014 28.94
2895 0.01431752523285738 28.95
2896 0.01394783834070121 28.96
2897 0.01358693290534287 28.97
2898 0.01314989209119133 28.98
2899 0.01273967448442531 28.99
2900 0.01230674009161406 29
2901 0.0119208889702402 29.01
2902 0.01135255977648207 29.02
2903 0.01100006675891099 29.03
2904 0.01070068417802506 29.04
2905 0.01029896528537448 29.05
2906 0.009923305142156696 29.06
2907 0.009512815861967033 29.07
2908 0.009240979958555023 29.08
2909 0.008994499189428545 29.09
2910 0.00874431219596998 29.1
2911 0.008560196338106299 29.11
2912 0.008347338613642313 29.12
2913 0.008119202711569601 29.13
2914 0.007885605213889438 29.14
2915 0.007663326217253491 29.15
2916 0.007351718265180898 29.16
2917 0.007074103820347608 29.17
2918 0.00675088947897115 29.18
2919 0.006477679571373351 29.19
2920 0.006245113739904329 29.2
2921 0.005979576973738132 29.21
2922 0.005922405234785613 29.22
2923 0.00580125733773551 29.23
2924 0.005655921554585955 29.24
2925 0.005520965738950362 29.25
2926 0.005324692917565446 29.26
2927 0.00514136600936918 29.27
2928 0.004944251538264388 29.28
2929 0.004779275668008801 29.29
2930 0.004690969002320605 29.3
2931 0.004592950372540885 29.31
2932 0.004531706001735303 29.32
2933 0.004558313705380082 29.33
2934 0.0045362246516302 29.34
2935 0.004514658295707186 29.35
2936 0.004468045425406603 29.36
2937 0.004388110230601372 29.37
2938 0.004174833438330375 29.38
2939 0.004020965381713787 29.39
2940 0.003875800773720781 29.4
2941 0.003709283399968469 29.41
2942 0.003610362250911839 29.42
2943 0.003524287852217284 29.43
2944 0.00328662436125933 29.44
2945 0.003081515700350243 29.45
2946 0.002944304773513234 29.46
2947 0.002978153514157936 29.47
2948 0.002881835876183028 29.48
2949 0.002757297365081887 29.49
2950 0.002813214364823069 29.5
2951 0.002983067217999527 29.51
2952 0.003045369303701459 29.52
2953 0.003097135231511755 29.53
2954 0.003072513533221369 29.54
2955 0.002919787048012129 29.55
2956 0.002944291761063908 29.56
2957 0.002924666255935113 29.57
2958 0.002796415353838594 29.58
2959 0.002706113557880821 29.59
2960 0.002660943540307409 29.6
2961 0.002648260107454961 29.61
2962 0.002581981897342045 29.62
2963 0.002633373952034432 29.63
2964 0.0026050454975413 29.64
2965 0.002569173561235982 29.65
2966 0.002402287150643487 29.66
2967 0.002321614232003236 29.67
2968 0.002176631057602046 29.68
2969 0.002143949553540511 29.69
2970 0.002140917632573763 29.7
2971 0.002132087021203655 29.71
2972 0.002070100391006677 29.72
2973 0.002192921521705277 29.73
2974 0.002349470068576401 29.74
2975 0.002284742514842841 29.75
2976 0.002352245778466613 29.76
2977 0.002445469690649474 29.77
2978 0.002579613192905214 29.78
2979 0.002742645639594463 29.79
2980 0.002789906134882336 29.8
2981 0.002829369099135032 29.81
2982 0.002855099725335541 29.82
2983 0.002871410780755868 29.83
2984 0.002854687682952162 29.84
2985 0.002859507247174403 29.85
2986 0.002919674383319776 29.86
2987 0.002974010514566319 29.87
2988 0.002958448483344575 29.88
2989 0.002945814728169988 29.89
2990 0.002955354682295033 29.9
2991 0.002882395064447152 29.91
2992 0.002751212382477775 29.92
2993 0.00273849201835126 29.93
2994 0.002636567442690932 29.94
2995 0.002673722277916318 29.95
2996 0.002733684303649953 29.96
2997 0.002902444119504702 29.97
2998 0.003084930243600362 29.98
2999 0.003266167355402624 29.99
3000 0.003326018095429276 30
