"cd-rfile"
"Time Step" "cd etc.."
("Time Step" "cd" "flow-time")
0 5.745939731170285e-27 0
1 -93.20025368848025 0.01
2 -20.88341485574159 0.02
3 2.24136775123195 0.03
4 6.184763340101885 0.04
5 5.532694683655063 0.05
6 -1.530821422155143 0.06
7 -2.879003057506357 0.07000000000000001
8 -0.9933319051910307 0.08
9 0.6469061333503198 0.09
10 1.154669586502046 0.1
11 0.2970705981599766 0.11
12 -0.05151215978789103 0.12
13 -0.1789999393225075 0.13
14 -0.06660902244863202 0.14
15 0.04800780464340685 0.15
16 0.07901654902885678 0.16
17 0.03658602632102254 0.17
18 0.0227654540117952 0.18
19 0.04956384332126088 0.19
20 0.07213099667933491 0.2
21 0.06711259197029423 0.21
22 0.1003244625606396 0.22
23 0.08305610319592151 0.23
24 0.06398680568809076 0.24
25 0.03518170748206512 0.25
26 0.01188416175648547 0.26
27 0.005078286609933281 0.27
28 0.02267770961097599 0.28
29 0.04617521089970377 0.29
30 0.04543184398733956 0.3
31 0.03441627191764402 0.31
32 0.03332424823316693 0.32
33 0.03962437137066017 0.33
34 0.04740790382369237 0.34
35 0.04613465488703857 0.35
36 0.04382440677232674 0.36
37 0.04092596360409603 0.37
38 0.03710315875758535 0.38
39 0.03565243210846 0.39
40 0.03295839404815644 0.4
41 0.03154222808157176 0.41
42 0.03127608019844366 0.42
43 0.03181185899128525 0.43
44 0.03137067914490253 0.44
45 0.03048833739888374 0.45
46 0.03052657409995046 0.46
47 0.03101899477354779 0.47
48 0.03196148622534047 0.48
49 0.0328309484814769 0.49
50 0.03384107482638601 0.5
51 0.03391745897793302 0.51
52 0.03329823936419104 0.52
53 0.03241393966549265 0.53
54 0.03165039933332102 0.54
55 0.03140749355689739 0.55
56 0.03064568317735587 0.5600000000000001
57 0.02996987124733271 0.5700000000000001
58 0.02923939915131847 0.58
59 0.028609703932446 0.59
60 0.02844771455125197 0.6
61 0.02846854360400229 0.61
62 0.02840304276711373 0.62
63 0.02884199914577374 0.63
64 0.0291505624022795 0.64
65 0.02925142950436949 0.65
66 0.0296862825049423 0.66
67 0.03007423229333871 0.67
68 0.03035238531736021 0.68
69 0.0298193832938996 0.6900000000000001
70 0.02944727838760853 0.7000000000000001
71 0.02923399974107891 0.71
72 0.02928412186837348 0.72
73 0.02872916558956519 0.73
74 0.02824233058938154 0.74
75 0.02838325161388857 0.75
76 0.02825358399860309 0.76
77 0.02791326859709962 0.77
78 0.02766118330304269 0.78
79 0.02762072940288759 0.79
80 0.02771115616266981 0.8
81 0.02769117768677523 0.8100000000000001
82 0.02725859385791534 0.8200000000000001
83 0.02731137127926334 0.8300000000000001
84 0.02753291615617603 0.84
85 0.027695692828603 0.85
86 0.02762709416266418 0.86
87 0.02770128351422584 0.87
88 0.02773443877330109 0.88
89 0.0277813944821281 0.89
90 0.02781243108477447 0.9
91 0.02781094228256102 0.91
92 0.02778215174202985 0.92
93 0.02777353352428996 0.93
94 0.02782259495142355 0.9400000000000001
95 0.02787058006930621 0.9500000000000001
96 0.02790148528666283 0.96
97 0.0278999851309277 0.97
98 0.02786496526398899 0.98
99 0.02775639263696119 0.99
100 0.02748178439539765 1
101 0.02723902402541567 1.01
102 0.02718880672181025 1.02
103 0.02717050217738301 1.03
104 0.0271090421862022 1.04
105 0.02702471224592296 1.05
106 0.02697923806340343 1.06
107 0.02694150366080585 1.07
108 0.02690621250310296 1.08
109 0.02689299670117282 1.09
110 0.02683949275682335 1.1
111 0.02679768947324028 1.11
112 0.02676259784109556 1.12
113 0.02668379642520878 1.13
114 0.02655862921684361 1.14
115 0.0264679706950348 1.15
116 0.02645568440045198 1.16
117 0.02650821763249124 1.17
118 0.02658377659363451 1.18
119 0.0266296365703334 1.19
120 0.02661751788826249 1.2
121 0.02658074913998928 1.21
122 0.02654337088391439 1.22
123 0.02650886867030364 1.23
124 0.02650825505536213 1.24
125 0.02654645157891423 1.25
126 0.02655109521360569 1.26
127 0.0265640518117611 1.27
128 0.02658308654934402 1.28
129 0.02660831843990647 1.29
130 0.02664083496787061 1.3
131 0.0266631200919984 1.31
132 0.02668400933467248 1.32
133 0.02670389214517347 1.33
134 0.02671205284842056 1.34
135 0.02670773899582209 1.35
136 0.0267458426554565 1.36
137 0.02678463199764194 1.37
138 0.02681913976666857 1.38
139 0.02685773974592556 1.39
140 0.02690215284730807 1.4
141 0.02693721756596805 1.41
142 0.02695926600618809 1.42
143 0.02697820057777058 1.43
144 0.02697769539549264 1.44
145 0.02696945753968324 1.45
146 0.0269586555263196 1.46
147 0.02694751173860188 1.47
148 0.02693574600566735 1.48
149 0.02692369735346814 1.49
150 0.02690764163030486 1.5
151 0.02688947180694491 1.51
152 0.02687160671323248 1.52
153 0.02684695883379762 1.53
154 0.02682183773144754 1.54
155 0.02679463298840738 1.55
156 0.02676736528883343 1.56
157 0.0267386515658627 1.57
158 0.02669304948188508 1.58
159 0.02665287165142648 1.59
160 0.02661590174545547 1.6
161 0.02658037722040206 1.61
162 0.02654600433255108 1.62
163 0.02651099709669853 1.63
164 0.02647561758567376 1.64
165 0.02643584919475764 1.65
166 0.02639917898293734 1.66
167 0.0263779135891919 1.67
168 0.02636456321450413 1.68
169 0.02634250206009891 1.69
170 0.02632452846272441 1.7
171 0.0262968939106993 1.71
172 0.02626809762894805 1.72
173 0.02625170373560073 1.73
174 0.02623686883032314 1.74
175 0.02622570734436042 1.75
176 0.02621587420490824 1.76
177 0.02620896564253643 1.77
178 0.02620418526519494 1.78
179 0.02620184764198167 1.79
180 0.02620242928165056 1.8
181 0.02620605866576351 1.81
182 0.02621156930721074 1.82
183 0.02621729505845431 1.83
184 0.02622260365381155 1.84
185 0.02622987090796395 1.85
186 0.0262336524614872 1.86
187 0.02623851316407381 1.87
188 0.02624458599823142 1.88
189 0.02625270657568227 1.89
190 0.02626104375971206 1.9
191 0.02626925892729241 1.91
192 0.02627595229252423 1.92
193 0.02628309297534832 1.93
194 0.02628971941133387 1.94
195 0.0262975224227875 1.95
196 0.0263111290088197 1.96
197 0.02632061522458966 1.97
198 0.02632625507943437 1.98
199 0.02632828985641426 1.99
200 0.02632824344801344 2
201 0.02632461809182798 2.01
202 0.02631994446608832 2.02
203 0.02631602075930216 2.03
204 0.02632088985940622 2.04
205 0.02632015539600681 2.05
206 0.02631830171228389 2.06
207 0.02631741795881424 2.07
208 0.0263163388799397 2.08
209 0.02631546567959585 2.09
210 0.0263140417065898 2.1
211 0.02631120367506034 2.11
212 0.02630576332925983 2.12
213 0.02630098026453071 2.13
214 0.02629663318560692 2.14
215 0.02629084267028091 2.15
216 0.02628377146009956 2.16
217 0.02627562804979873 2.17
218 0.02626662885130211 2.18
219 0.02625713929343182 2.19
220 0.02625144540613466 2.2
221 0.02624396096849697 2.21
222 0.02623486561883901 2.22
223 0.02621925942986701 2.23
224 0.02619669362162847 2.24
225 0.02618454442012724 2.25
226 0.02617355877702166 2.26
227 0.02616415813458327 2.27
228 0.02615562317451417 2.28
229 0.02614166336428679 2.29
230 0.02613445499905307 2.3
231 0.0261243244622016 2.31
232 0.02610990560600107 2.32
233 0.0260982139090136 2.33
234 0.02608696777110215 2.34
235 0.02607797006789749 2.35
236 0.02606846813268638 2.36
237 0.02605978141663081 2.37
238 0.02605027410739028 2.38
239 0.0260417677299738 2.39
240 0.0260340789487 2.4
241 0.02602614385522534 2.41
242 0.02602010550237516 2.42
243 0.02601512132055922 2.43
244 0.02600965680847019 2.44
245 0.02600421568275638 2.45
246 0.02599973299532167 2.46
247 0.02599649977342775 2.47
248 0.02599447878266573 2.48
249 0.02599326059154288 2.49
250 0.02599252332986459 2.5
251 0.02599230081208321 2.51
252 0.02599247145558843 2.52
253 0.02599327374272256 2.53
254 0.02599827255614792 2.54
255 0.0260001139478703 2.55
256 0.02600419194050102 2.56
257 0.02600599138994986 2.57
258 0.02600786970549437 2.58
259 0.02601059190502221 2.59
260 0.02601312571093971 2.6
261 0.02601622474244579 2.61
262 0.02602117956062393 2.62
263 0.02602526220472603 2.63
264 0.02603102914281637 2.64
265 0.02603488435116642 2.65
266 0.02603775979574022 2.66
267 0.02604006419711209 2.67
268 0.02604225883262247 2.68
269 0.02604466526681726 2.69
270 0.02604666730132462 2.7
271 0.02604972863566272 2.71
272 0.02605303466852091 2.72
273 0.02605623065135591 2.73
274 0.02605910522116734 2.74
275 0.02606168899928331 2.75
276 0.02606373238716552 2.76
277 0.02606537789188223 2.77
278 0.02606607420850576 2.78
279 0.02606592834568908 2.79
280 0.0260652512481917 2.8
281 0.02606436789204381 2.81
282 0.02606345211068433 2.82
283 0.02606244638861929 2.83
284 0.02606110777367178 2.84
285 0.02605958011258997 2.85
286 0.02605983402014441 2.86
287 0.02605724184813333 2.87
288 0.02605387543102084 2.88
289 0.0260497495615482 2.89
290 0.02604524023730167 2.9
291 0.02604017266260269 2.91
292 0.0260358760801671 2.92
293 0.02603288271918158 2.93
294 0.02603030138790694 2.94
295 0.02602689824889535 2.95
296 0.02602309639993266 2.96
297 0.02601903304619605 2.97
298 0.02601335753827855 2.98
299 0.02600684217565967 2.99
300 0.02600274167559771 3
301 0.02599937791012343 3.01
302 0.02599590357789728 3.02
303 0.02599197759416087 3.03
304 0.02598885853467164 3.04
305 0.02598659569368291 3.05
306 0.02598455326441115 3.06
307 0.02598537928558453 3.07
308 0.02598526822608239 3.08
309 0.0259854446707744 3.09
310 0.0259857409113729 3.1
311 0.02598594275247303 3.11
312 0.02598599754867945 3.12
313 0.02598579043799297 3.13
314 0.02598568425104451 3.14
315 0.02598526955943495 3.15
316 0.02598672626712119 3.16
317 0.02598925086473719 3.17
318 0.02599245636659673 3.18
319 0.02599567760680298 3.19
320 0.025998733341381 3.2
321 0.0260012318872677 3.21
322 0.02600366091292243 3.22
323 0.02600505105774303 3.23
324 0.02600740885406473 3.24
325 0.02601021349382138 3.25
326 0.02601333375694628 3.26
327 0.02601682425376674 3.27
328 0.02602060587158064 3.28
329 0.02602420321653663 3.29
330 0.02602773902498869 3.3
331 0.02603087724338872 3.31
332 0.0260341491509093 3.32
333 0.02603679098523232 3.33
334 0.02604067820233013 3.34
335 0.02604393412010174 3.35
336 0.02604674734086554 3.36
337 0.02604929698724662 3.37
338 0.02605226660679751 3.38
339 0.02605525205507624 3.39
340 0.02605890389758439 3.4
341 0.02606280226531493 3.41
342 0.0260666390573333 3.42
343 0.02607025519334933 3.43
344 0.02607377012243543 3.44
345 0.02607642963760037 3.45
346 0.02607837452093102 3.46
347 0.02607980339772647 3.47
348 0.02608028531919919 3.48
349 0.02608005394506985 3.49
350 0.02607968187954382 3.5
351 0.0260794072926924 3.51
352 0.02607929505001842 3.52
353 0.02607928762663395 3.53
354 0.02607979446781888 3.54
355 0.02607953934957459 3.55
356 0.02607893601189559 3.56
357 0.0260780762213885 3.57
358 0.02607634633699147 3.58
359 0.02607450817860611 3.59
360 0.02607242301456785 3.6
361 0.02607012565711918 3.61
362 0.02606829143452791 3.62
363 0.02606630929485211 3.63
364 0.02606407318647431 3.64
365 0.02606253558870471 3.65
366 0.02606084132187655 3.66
367 0.02605941845258894 3.67
368 0.02605808255548368 3.68
369 0.02605701125696245 3.69
370 0.02605471576886775 3.7
371 0.02605377468475482 3.71
372 0.0260529347583279 3.72
373 0.02605154805485679 3.73
374 0.02605089895779187 3.74
375 0.02604887795693117 3.75
376 0.02604740766207329 3.76
377 0.02604501163180784 3.77
378 0.02604234654830605 3.78
379 0.02603988589341426 3.79
380 0.02603696117638206 3.8
381 0.02603514930948042 3.81
382 0.02603394551291154 3.82
383 0.02603383749208171 3.83
384 0.02603392596581187 3.84
385 0.02603418231824162 3.85
386 0.02603472563107605 3.86
387 0.02603552777997322 3.87
388 0.02603604083815345 3.88
389 0.02603593466768091 3.89
390 0.02603605702942915 3.9
391 0.02603596663047216 3.91
392 0.0260366065591345 3.92
393 0.02603811874341714 3.93
394 0.02603784065570044 3.94
395 0.02603762727921105 3.95
396 0.02603794374522191 3.96
397 0.02603811420610185 3.97
398 0.02603802797293037 3.98
399 0.02603801318941461 3.99
400 0.02603800334251817 4
401 0.02603844484793646 4.01
402 0.02603716449284871 4.02
403 0.02603672311764837 4.03
404 0.02603703870804286 4.04
405 0.02603757845091433 4.05
406 0.02603808011153499 4.06
407 0.02603855602133193 4.07
408 0.02604016927075309 4.08
409 0.02604014074500619 4.09
410 0.02603936020714128 4.1
411 0.02603822241527191 4.11
412 0.02603692335292308 4.12
413 0.02603514375759662 4.13
414 0.02603367147513578 4.14
415 0.02603227855742804 4.15
416 0.02603076880253204 4.16
417 0.02602885518030627 4.17
418 0.0260267723621507 4.18
419 0.02602468166972636 4.19
420 0.02602228160203056 4.2
421 0.02601964707612619 4.21
422 0.02601679841033085 4.22
423 0.02601367158938895 4.23
424 0.02601102224352987 4.24
425 0.02600810754296537 4.25
426 0.0260056576809301 4.26
427 0.02600293749895526 4.27
428 0.02599969498506484 4.28
429 0.025996218610154 4.29
430 0.02599127896459236 4.3
431 0.02598728604193275 4.31
432 0.02598372919941692 4.32
433 0.02598060493631691 4.33
434 0.02597703737403576 4.34
435 0.02597315342153216 4.350000000000001
436 0.02596958103194619 4.36
437 0.02596617747126722 4.37
438 0.02596268762634988 4.38
439 0.02595935601055939 4.39
440 0.02595609691858931 4.4
441 0.02595286842342281 4.41
442 0.02594964156869677 4.42
443 0.02594644478986256 4.43
444 0.02594253489747726 4.44
445 0.02593869053719735 4.45
446 0.02593509617238548 4.46
447 0.02593139876874576 4.47
448 0.02592787015536436 4.48
449 0.02592527890349065 4.49
450 0.02592261094277093 4.5
451 0.02592062808903452 4.51
452 0.02591879646208708 4.52
453 0.02591703682735259 4.53
454 0.02591503436145871 4.54
455 0.0259132172557961 4.55
456 0.02591138318393303 4.56
457 0.0259094978009291 4.57
458 0.02590792816944327 4.58
459 0.02590542886203035 4.59
460 0.02590266783871318 4.600000000000001
461 0.02590011908279288 4.61
462 0.02589738730747907 4.62
463 0.02589447865648568 4.63
464 0.02589114385284118 4.64
465 0.02588860641672239 4.65
466 0.0258863188393554 4.66
467 0.02588411313624645 4.67
468 0.02588196218775232 4.68
469 0.02587966823672619 4.69
470 0.02587772004108562 4.7
471 0.02587511513354155 4.71
472 0.02587260297036122 4.72
473 0.02587017454088607 4.73
474 0.025867859776823 4.74
475 0.0258658227569285 4.75
476 0.0258634411090644 4.76
477 0.02586150700025387 4.77
478 0.02585915613531555 4.78
479 0.02585694165540549 4.79
480 0.02585474653999252 4.8
481 0.02585243300819212 4.81
482 0.02584995211324675 4.82
483 0.02584729668455703 4.83
484 0.02584446622270832 4.84
485 0.02584147608223579 4.850000000000001
486 0.02583833392824969 4.86
487 0.02583502682032308 4.87
488 0.02583098786499244 4.88
489 0.02582740920746403 4.89
490 0.02582396138543513 4.9
491 0.02582049752001992 4.91
492 0.02581698984126604 4.92
493 0.02581344185204497 4.93
494 0.02581013398707293 4.94
495 0.02580674277500703 4.95
496 0.02580349409442902 4.96
497 0.02579980351861735 4.97
498 0.02579672330967685 4.98
499 0.02579318662522107 4.99
500 0.02579017024424409 5
501 0.02578760807715191 5.01
502 0.02578533922231884 5.02
503 0.02578320763130536 5.03
504 0.02578109418858117 5.04
505 0.0257785190126991 5.05
506 0.02577611310338867 5.06
507 0.02577230992096504 5.07
508 0.02576904818186886 5.08
509 0.02576490530483469 5.09
510 0.02575974414117984 5.100000000000001
511 0.02575521590853196 5.11
512 0.02575113388177872 5.12
513 0.02574707057257613 5.13
514 0.02574366393912104 5.14
515 0.02574065340328301 5.15
516 0.02573806561877319 5.16
517 0.02573550247676641 5.17
518 0.0257329688249438 5.18
519 0.02573032374699786 5.19
520 0.02572777534331448 5.2
521 0.02572538400034935 5.21
522 0.02572326384372412 5.22
523 0.02572149387408367 5.23
524 0.02571968489344629 5.24
525 0.02571759983192903 5.25
526 0.02571530551644045 5.26
527 0.02571300582484822 5.27
528 0.02571068994610779 5.28
529 0.02570832034101682 5.29
530 0.02570703199941801 5.3
531 0.02570450847997969 5.31
532 0.02570208158589569 5.32
533 0.02569972670910391 5.33
534 0.02569760079529229 5.34
535 0.02569501166888484 5.350000000000001
536 0.02569234206125435 5.36
537 0.02568980998346189 5.37
538 0.02568737522834116 5.38
539 0.02568493453533077 5.39
540 0.02568224020752915 5.4
541 0.02567981120432609 5.41
542 0.02567747346991959 5.42
543 0.02567513334949996 5.43
544 0.02567280591465318 5.44
545 0.02567041844645207 5.45
546 0.02566830818508247 5.46
547 0.02566618622643837 5.47
548 0.02566396666179762 5.48
549 0.02566178079943108 5.49
550 0.02565959256941131 5.5
551 0.02565739101819679 5.51
552 0.02565499086011371 5.52
553 0.02565285216435526 5.53
554 0.02565071717529733 5.54
555 0.02564831250098983 5.55
556 0.02564600131715336 5.56
557 0.02564383946516351 5.57
558 0.02564154595741555 5.58
559 0.02563884032666719 5.59
560 0.0256361701277334 5.600000000000001
561 0.02563360767325071 5.61
562 0.02563118692354301 5.62
563 0.02562867668600524 5.63
564 0.02562614983523115 5.64
565 0.02562364918137005 5.65
566 0.02562116842892179 5.66
567 0.02561887730562938 5.67
568 0.02561652213461316 5.68
569 0.02561405357314209 5.69
570 0.02561149758334967 5.7
571 0.02560886109816025 5.71
572 0.02560592456654248 5.72
573 0.02560343955368093 5.73
574 0.0256011394494053 5.74
575 0.02559889889451109 5.75
576 0.02559679723829781 5.76
577 0.02559454316419942 5.77
578 0.0255924451570392 5.78
579 0.02559005016456323 5.79
580 0.02558806023523106 5.8
581 0.02558595883541041 5.81
582 0.02558372463183065 5.82
583 0.02558143562726307 5.83
584 0.02557917116884064 5.84
585 0.02557688644871642 5.850000000000001
586 0.02557464233474038 5.86
587 0.02557259253329234 5.87
588 0.02557034801941331 5.88
589 0.02556776160044471 5.89
590 0.02556552395576434 5.9
591 0.02556348424701518 5.91
592 0.02556145826908927 5.92
593 0.02555962986235743 5.93
594 0.02555769978172009 5.94
595 0.02555556943906921 5.95
596 0.02555344603843841 5.96
597 0.02555140487617294 5.97
598 0.02554942396778025 5.98
599 0.02554746278728122 5.99
600 0.02554557119728351 6
601 0.02554373850117801 6.01
602 0.02554197950483025 6.02
603 0.02554050524024421 6.03
604 0.02553898593538118 6.04
605 0.02553744656776938 6.05
606 0.02553535827331236 6.06
607 0.02553364616514922 6.07
608 0.02553235178968587 6.08
609 0.02553115665811453 6.09
610 0.02552990525618008 6.100000000000001
611 0.02552327648138925 6.11
612 0.02551763953200441 6.12
613 0.02551766049512162 6.13
614 0.02552579770975866 6.140000000000001
615 0.02553000795584251 6.15
616 0.02552952330121127 6.16
617 0.02552588876588135 6.17
618 0.02552017444182423 6.18
619 0.02551376899620299 6.19
620 0.02550824376665364 6.2
621 0.02550452113907997 6.21
622 0.0255026709678621 6.22
623 0.02550216121638379 6.23
624 0.02550249784844851 6.24
625 0.02550301323984312 6.25
626 0.0255028864333472 6.26
627 0.02550219164258265 6.27
628 0.02550107516158813 6.28
629 0.02549929126891552 6.29
630 0.02549684478755659 6.3
631 0.02549407537947448 6.31
632 0.02549142836706697 6.32
633 0.02548837670149448 6.33
634 0.02548548154333139 6.34
635 0.02548273983454036 6.350000000000001
636 0.02548026091200513 6.36
637 0.0254785644291196 6.37
638 0.02547650228896801 6.38
639 0.02547492842653419 6.390000000000001
640 0.02547359697892094 6.4
641 0.02547233670171805 6.41
642 0.02547126176583591 6.42
643 0.0254610438344974 6.43
644 0.02545437097033473 6.44
645 0.02545126595625255 6.45
646 0.02545112999224433 6.46
647 0.02545305422959039 6.47
648 0.02545989008611275 6.48
649 0.02547239301240348 6.49
650 0.02547706798473014 6.5
651 0.02547975981762187 6.51
652 0.02547155581261857 6.52
653 0.02545814432498784 6.53
654 0.02544445384532582 6.54
655 0.0254335525536014 6.55
656 0.02542779141113779 6.56
657 0.02542740878463729 6.57
658 0.02543078125383298 6.58
659 0.0254364324821561 6.59
660 0.02544257421173224 6.600000000000001
661 0.02544729351172163 6.61
662 0.0254497301719999 6.62
663 0.02544966570252229 6.63
664 0.02544734555157491 6.640000000000001
665 0.0254433842115351 6.65
666 0.02543893342955367 6.66
667 0.02543356680407198 6.67
668 0.02542840638838054 6.68
669 0.02542402340208486 6.69
670 0.02542137440882835 6.7
671 0.02541883562744202 6.71
672 0.0254138645425483 6.72
673 0.02540682151542984 6.73
674 0.02540076152193942 6.74
675 0.02539843139806516 6.75
676 0.02539902637361955 6.76
677 0.02540172102295491 6.77
678 0.02540517121829506 6.78
679 0.02540434345874366 6.79
680 0.02540919686262563 6.8
681 0.0254124283440952 6.81
682 0.02541445688040046 6.82
683 0.02541864563732804 6.83
684 0.02542104691209846 6.84
685 0.02541999434362164 6.850000000000001
686 0.02541091728122153 6.86
687 0.02539722110231146 6.87
688 0.0253830044211671 6.88
689 0.02537285975713552 6.890000000000001
690 0.02536820395150886 6.9
691 0.02537027324589289 6.91
692 0.02537732564709039 6.92
693 0.02538737626381862 6.93
694 0.02539769939765395 6.94
695 0.02540557447478183 6.95
696 0.02540493994142153 6.96
697 0.02540489557692354 6.97
698 0.02540290458764482 6.98
699 0.02539830455004057 6.99
700 0.02539765599457782 7
701 0.02539370238459105 7.01
702 0.02539213424657611 7.02
703 0.02538704063096648 7.03
704 0.02538168199964334 7.04
705 0.02537851803588711 7.05
706 0.02537146412430813 7.06
707 0.02536782638082015 7.07
708 0.02536281332453608 7.08
709 0.02535703801523928 7.09
710 0.02535123043613067 7.100000000000001
711 0.02534626883309445 7.11
712 0.02534230818024455 7.12
713 0.02533982832973125 7.13
714 0.02533833860879485 7.140000000000001
715 0.02533588214485188 7.15
716 0.02533889980625503 7.16
717 0.02534240179064997 7.17
718 0.02534601949613946 7.18
719 0.02534597346586004 7.19
720 0.02535030498761212 7.2
721 0.02535029496697614 7.21
722 0.02535046273268566 7.22
723 0.02535083351896577 7.23
724 0.02535393371067202 7.24
725 0.02534907031571675 7.25
726 0.0253510441767302 7.26
727 0.0253481892094516 7.27
728 0.02534849570410017 7.28
729 0.0253464472275533 7.29
730 0.02534425327752998 7.3
731 0.02533673557071755 7.31
732 0.02533320313187748 7.32
733 0.02532624109659327 7.33
734 0.02532073047919123 7.34
735 0.02531942871114478 7.350000000000001
736 0.02531892309993299 7.36
737 0.02531868871286024 7.37
738 0.02531632768543784 7.38
739 0.02531795114243974 7.390000000000001
740 0.02531852119486287 7.4
741 0.02531857858343893 7.41
742 0.0253178966657248 7.42
743 0.02531681098737512 7.43
744 0.02531696087827346 7.44
745 0.02531337834058253 7.45
746 0.02530807540142511 7.46
747 0.02530438030675124 7.47
748 0.0253023757965442 7.48
749 0.02530208679831628 7.49
750 0.02530187824091685 7.5
751 0.02530139285288243 7.51
752 0.02530270514320987 7.52
753 0.02529983228750381 7.53
754 0.02529665775616767 7.54
755 0.02529329403862988 7.55
756 0.02529035948376609 7.56
757 0.02528776885547819 7.57
758 0.02528288452474992 7.58
759 0.02528233863489235 7.59
760 0.02527896546614591 7.600000000000001
761 0.02528032253469132 7.61
762 0.02527795321548532 7.62
763 0.0252806441752536 7.63
764 0.02527863718983844 7.640000000000001
765 0.02527902539684131 7.65
766 0.02527625234014783 7.66
767 0.02527643662295776 7.67
768 0.02527282354981138 7.68
769 0.025272406957859 7.69
770 0.02527153336964492 7.7
771 0.02526981749072825 7.71
772 0.02526747735083258 7.72
773 0.02526467688097799 7.73
774 0.02526194196757387 7.74
775 0.02525950932628247 7.75
776 0.02525736284461864 7.76
777 0.02525555712389583 7.77
778 0.02525392624000164 7.78
779 0.02525274981844001 7.79
780 0.02525186813643053 7.8
781 0.02525091316713661 7.81
782 0.0252502654073386 7.82
783 0.02524962400899092 7.83
784 0.0252489723608955 7.84
785 0.02524788156721582 7.850000000000001
786 0.02524641645346522 7.86
787 0.0252446434372117 7.87
788 0.02524260036784124 7.88
789 0.02523806877103764 7.890000000000001
790 0.02523399433486403 7.9
791 0.02523001191002334 7.91
792 0.02522744600888469 7.92
793 0.02522586285565314 7.930000000000001
794 0.0252247071104854 7.94
795 0.02522382235977651 7.95
796 0.02522294383312755 7.96
797 0.02522293989250958 7.97
798 0.02522086909299291 7.98
799 0.02522231706799468 7.99
800 0.02521883722757085 8
801 0.02521497923363133 8.01
802 0.02521398802900173 8.02
803 0.02520905109837242 8.029999999999999
804 0.0252072545537772 8.040000000000001
805 0.0252056451864406 8.050000000000001
806 0.0252019236811973 8.06
807 0.02519585313511167 8.07
808 0.02519531998654985 8.08
809 0.02519202606998572 8.09
810 0.02518947768491751 8.1
811 0.02519072323847664 8.109999999999999
812 0.02518877280526321 8.120000000000001
813 0.02518726878872777 8.130000000000001
814 0.02518537472141163 8.140000000000001
815 0.02518421643767773 8.15
816 0.02518265917237457 8.16
817 0.02518176839631057 8.17
818 0.02518130029678863 8.18
819 0.02517990431270599 8.19
820 0.0251783076890335 8.199999999999999
821 0.02517723823932403 8.210000000000001
822 0.02517699586772397 8.220000000000001
823 0.02517605657573626 8.23
824 0.02517025668472619 8.24
825 0.02516995778867982 8.25
826 0.02516502883820717 8.26
827 0.02516488850122932 8.27
828 0.02516005878833776 8.279999999999999
829 0.02515999207025097 8.290000000000001
830 0.0251584130246246 8.300000000000001
831 0.02515805265600529 8.31
832 0.02515186984364864 8.32
833 0.02514995315104693 8.33
834 0.02514917036889276 8.34
835 0.0251435997207656 8.35
836 0.02514347053929684 8.359999999999999
837 0.02513857656674782 8.370000000000001
838 0.02513881788748119 8.380000000000001
839 0.02513397065958674 8.390000000000001
840 0.0251335246649484 8.4
841 0.02513207636389165 8.41
842 0.02513050988190509 8.42
843 0.02512849640514991 8.43
844 0.02512609887954039 8.44
845 0.02512268624368881 8.449999999999999
846 0.02511911577422835 8.460000000000001
847 0.02511954214749886 8.470000000000001
848 0.02511582661165565 8.48
849 0.02511201079352285 8.49
850 0.02510870031939387 8.5
851 0.02510919563639561 8.51
852 0.02510533207593309 8.52
853 0.0251019861550467 8.529999999999999
854 0.02509994193161469 8.540000000000001
855 0.02509637493530758 8.550000000000001
856 0.02509417585906967 8.56
857 0.02509323169739069 8.57
858 0.02508809882114679 8.58
859 0.02508972309754663 8.59
860 0.02509091983404065 8.6
861 0.02508653684543178 8.609999999999999
862 0.02508848756431403 8.620000000000001
863 0.02508905542687674 8.630000000000001
864 0.02508377034448263 8.640000000000001
865 0.02508355555952555 8.65
866 0.02508299285281999 8.66
867 0.02507636546734636 8.67
868 0.02507567053547827 8.68
869 0.02507012357515219 8.69
870 0.02506912936169241 8.700000000000001
871 0.02506355214761544 8.710000000000001
872 0.0250575159811988 8.720000000000001
873 0.02505825922858527 8.73
874 0.02505394630076229 8.74
875 0.02505002746343332 8.75
876 0.02504673982761554 8.76
877 0.02504511206614276 8.77
878 0.02504305390926092 8.779999999999999
879 0.02504175217664669 8.790000000000001
880 0.02504044359364712 8.800000000000001
881 0.02503983227659884 8.81
882 0.02503869272530581 8.82
883 0.02504086625325571 8.83
884 0.02503882476763764 8.84
885 0.02503953435054384 8.85
886 0.02503502197937441 8.859999999999999
887 0.02503306996901424 8.870000000000001
888 0.02502780924662977 8.880000000000001
889 0.02502424690790027 8.890000000000001
890 0.02502089131371418 8.9
891 0.02501699403621293 8.91
892 0.02501413279793653 8.92
893 0.02501127466916554 8.93
894 0.02500796093139819 8.94
895 0.02500464207560317 8.950000000000001
896 0.02500110213145881 8.960000000000001
897 0.02499891844297927 8.970000000000001
898 0.02499721093831283 8.98
899 0.02499222730130443 8.99
900 0.02499226685173528 9
901 0.0249920276668812 9.01
902 0.02498758246504455 9.02
903 0.02498771012499958 9.029999999999999
904 0.02498779131934766 9.040000000000001
905 0.02498285092742699 9.050000000000001
906 0.02498379743917602 9.06
907 0.02498417984495882 9.07
908 0.02497987127018873 9.08
909 0.02497925042881449 9.09
910 0.02497788856219136 9.1
911 0.0249755067664243 9.109999999999999
912 0.02496962512816625 9.120000000000001
913 0.02496744793913136 9.130000000000001
914 0.0249648907967465 9.140000000000001
915 0.02495861837288335 9.15
916 0.02495656287339766 9.16
917 0.02495426524923532 9.17
918 0.02494891502964535 9.18
919 0.02494786180529616 9.19
920 0.02494323699916618 9.200000000000001
921 0.02494221019614716 9.210000000000001
922 0.02493791480984363 9.220000000000001
923 0.0249324984877639 9.23
924 0.02493361736900592 9.24
925 0.02493284796407898 9.25
926 0.0249318443542014 9.26
927 0.02493031719591238 9.27
928 0.02493100629903752 9.279999999999999
929 0.02493077341209432 9.290000000000001
930 0.02492956968722919 9.300000000000001
931 0.02492748537174732 9.31
932 0.0249234933570221 9.32
933 0.02491958868004264 9.33
934 0.02491647065928075 9.34
935 0.02491330181128898 9.35
936 0.02491123226247995 9.359999999999999
937 0.0249085044687884 9.370000000000001
938 0.02490777529303224 9.380000000000001
939 0.02490403004462122 9.390000000000001
940 0.02489937106718947 9.4
941 0.02489474494288325 9.41
942 0.02489079072461314 9.42
943 0.02488613695212497 9.43
944 0.02488187382455189 9.44
945 0.02487813957141762 9.450000000000001
946 0.02487531750887782 9.460000000000001
947 0.02487317516166491 9.470000000000001
948 0.02487142170167059 9.48
949 0.02486869615718661 9.49
950 0.0248664759507086 9.5
951 0.02486468398557632 9.51
952 0.02486626357637319 9.52
953 0.02486501330407428 9.529999999999999
954 0.02486288872134715 9.540000000000001
955 0.02486086329272619 9.550000000000001
956 0.024861938582791 9.56
957 0.02485985509650603 9.57
958 0.02485755229482088 9.58
959 0.02485786229843447 9.59
960 0.02485548051779594 9.6
961 0.02485485177219739 9.609999999999999
962 0.02485145201522953 9.620000000000001
963 0.02484985117684855 9.630000000000001
964 0.02484586613802788 9.640000000000001
965 0.02484371675442703 9.65
966 0.02483963941890354 9.66
967 0.02483696834509965 9.67
968 0.02483141165929338 9.68
969 0.02482673466393507 9.69
970 0.02482555620070027 9.700000000000001
971 0.02482234672354045 9.710000000000001
972 0.02481906666949028 9.720000000000001
973 0.02481621744901209 9.73
974 0.02481631072987317 9.74
975 0.02481311010226809 9.75
976 0.02480955499786457 9.76
977 0.02480647395552234 9.77
978 0.0248038499431389 9.779999999999999
979 0.02480019880988156 9.790000000000001
980 0.02479752081053981 9.800000000000001
981 0.02479550036065088 9.81
982 0.024794109025902 9.82
983 0.0247925314545466 9.83
984 0.02479240893204824 9.84
985 0.02479188029557149 9.85
986 0.02479111924891026 9.859999999999999
987 0.02478960567623589 9.870000000000001
988 0.02478706115898343 9.880000000000001
989 0.02478383371382037 9.890000000000001
990 0.02477653468332131 9.9
991 0.0247735029282139 9.91
992 0.02476779490887049 9.92
993 0.02476343210531894 9.93
994 0.02476063524055544 9.94
995 0.0247587922195215 9.950000000000001
996 0.02475577469325695 9.960000000000001
997 0.02475330936799755 9.970000000000001
998 0.02475171476773285 9.98
999 0.02475079769038569 9.99
1000 0.02475128697859988 10
1001 0.02475010301762937 10.01
1002 0.0247489260420698 10.02
1003 0.02474702189055551 10.03
1004 0.02474496839928572 10.04
1005 0.02474396264478384 10.05
1006 0.02474514431470042 10.06
1007 0.02475084835021201 10.07
1008 0.02474859426783196 10.08
1009 0.02474532742238161 10.09
1010 0.02474098442987823 10.1
1011 0.02473914199647051 10.11
1012 0.02473263313064189 10.12
1013 0.02472736235380632 10.13
1014 0.02472750645727157 10.14
1015 0.02472191476038993 10.15
1016 0.02471735996694135 10.16
1017 0.02471402540423603 10.17
1018 0.02471679164607055 10.18
1019 0.02471277067388615 10.19
1020 0.02470969956699375 10.2
1021 0.02471150482137578 10.21
1022 0.02470738356954337 10.22
1023 0.02470346504393998 10.23
1024 0.02469995274107643 10.24
1025 0.02469725418163785 10.25
1026 0.02469905194615203 10.26
1027 0.02469514646384157 10.27
1028 0.02469149689929825 10.28
1029 0.0246894874801435 10.29
1030 0.02468724466006099 10.3
1031 0.02468555785231769 10.31
1032 0.02468424370480166 10.32
1033 0.02468183212738131 10.33
1034 0.02467941683225471 10.34
1035 0.02467694795571976 10.35
1036 0.02467452441324289 10.36
1037 0.02467295335533637 10.37
1038 0.02467127352082092 10.38
1039 0.02466942185932188 10.39
1040 0.02466767965060246 10.4
1041 0.02466575027108189 10.41
1042 0.02466217172938782 10.42
1043 0.02465864721995907 10.43
1044 0.0246554384030601 10.44
1045 0.02465271301510452 10.45
1046 0.0246501680258371 10.46
1047 0.02464737362322382 10.47
1048 0.02464492801871756 10.48
1049 0.02464289873982134 10.49
1050 0.02464122976591392 10.5
1051 0.02464053271897085 10.51
1052 0.02463975246846529 10.52
1053 0.02463260888959646 10.53
1054 0.02463390845980829 10.54
1055 0.02463611491403214 10.55
1056 0.02463734229648152 10.56
1057 0.02463160795946784 10.57
1058 0.02463133147908534 10.58
1059 0.02462966040439947 10.59
1060 0.02462293199873301 10.6
1061 0.02462407792895746 10.61
1062 0.02462447986663233 10.62
1063 0.0246227915840734 10.63
1064 0.02462131623762152 10.64
1065 0.0246190704486309 10.65
1066 0.02461535054564517 10.66
1067 0.02461126089342854 10.67
1068 0.02460704673745521 10.68
1069 0.02460283947495285 10.69
1070 0.02459885606999162 10.7
1071 0.02459503067988389 10.71
1072 0.02459218456316454 10.72
1073 0.02458956382831137 10.73
1074 0.02458682725144886 10.74
1075 0.02458446761791316 10.75
1076 0.02458227361792759 10.76
1077 0.02458022286293743 10.77
1078 0.02457370200066451 10.78
1079 0.02457287789363017 10.79
1080 0.02457269225116492 10.8
1081 0.02456718824260467 10.81
1082 0.02456839839641111 10.82
1083 0.02457278383112687 10.83
1084 0.02457033721683394 10.84
1085 0.02457364385655718 10.85
1086 0.0245754156127782 10.86
1087 0.02457560344384275 10.87
1088 0.02457393807251035 10.88
1089 0.02456803544501491 10.89
1090 0.02456206353194893 10.9
1091 0.02455640150204885 10.91
1092 0.02455133797185399 10.92
1093 0.02454811141213186 10.93
1094 0.02454492313666281 10.94
1095 0.02454215049821351 10.95
1096 0.02453975253223323 10.96
1097 0.02453270367701241 10.97
1098 0.02453186937645043 10.98
1099 0.02453135850973551 10.99
1100 0.02453099426862672 11
1101 0.02452993551442732 11.01
1102 0.0245235051672834 11.02
1103 0.02452386194501608 11.03
1104 0.02452405698665992 11.04
1105 0.02452415804468999 11.05
1106 0.02451813779100223 11.06
1107 0.02451886473598907 11.07
1108 0.0245194905004421 11.08
1109 0.02451398451527546 11.09
1110 0.02451535613373807 11.1
1111 0.02451628972911839 11.11
1112 0.02451737031670311 11.12
1113 0.02451693143200757 11.13
1114 0.02451031259659564 11.14
1115 0.02450820237398518 11.15
1116 0.02450546452199402 11.16
1117 0.02450225039534791 11.17
1118 0.02449869109510691 11.18
1119 0.02449500474833571 11.19
1120 0.0244915850891089 11.2
1121 0.0244879788064324 11.21
1122 0.02448432253560789 11.22
1123 0.02448059735733343 11.23
1124 0.02447781734938501 11.24
1125 0.02447426066104944 11.25
1126 0.0244670247436905 11.26
1127 0.02446564055758929 11.27
1128 0.0244649203875385 11.28
1129 0.02445937793404404 11.29
1130 0.02446005096675666 11.3
1131 0.02445534402935079 11.31
1132 0.02445773352701582 11.32
1133 0.02445558928805963 11.33
1134 0.02445994590340143 11.34
1135 0.02446291315526011 11.35
1136 0.02446027710003825 11.36
1137 0.02446182046791216 11.37
1138 0.02446176978803375 11.38
1139 0.02445987265324585 11.39
1140 0.02445637617532214 11.4
1141 0.02445184433836332 11.41
1142 0.02444627310976684 11.42
1143 0.02444064992794224 11.43
1144 0.02443530897298245 11.44
1145 0.02443001738168193 11.45
1146 0.02442545322377024 11.46
1147 0.02441774018304213 11.47
1148 0.02441553667730529 11.48
1149 0.02441425408729631 11.49
1150 0.02441420687665141 11.5
1151 0.02440915085993121 11.51
1152 0.02440989445867287 11.52
1153 0.02440972749137722 11.53
1154 0.02440940818285595 11.54
1155 0.02440384855410797 11.55
1156 0.02440435355861998 11.56
1157 0.02440406434305874 11.57
1158 0.02440425025304624 11.58
1159 0.02440416490720741 11.59
1160 0.02440340530094827 11.6
1161 0.02439943462916724 11.61
1162 0.02439064096495454 11.62
1163 0.02438776581040127 11.63
1164 0.02438582110526427 11.64
1165 0.02438495870583296 11.65
1166 0.02438420924969201 11.66
1167 0.02438263823336085 11.67
1168 0.02437955569122558 11.68
1169 0.02437614233814592 11.69
1170 0.02437244587188242 11.7
1171 0.0243687318612979 11.71
1172 0.02436492856158625 11.72
1173 0.02436181098474435 11.73
1174 0.02435892642621585 11.74
1175 0.0243520154499947 11.75
1176 0.02435011896852717 11.76
1177 0.02434867102720058 11.77
1178 0.02434326085172372 11.78
1179 0.02434261666854338 11.79
1180 0.02433718568221517 11.8
1181 0.02433721769894348 11.81
1182 0.02433245793919598 11.82
1183 0.02433424427846766 11.83
1184 0.02433066311616807 11.84
1185 0.02432686741963238 11.85
1186 0.02432864136071566 11.86
1187 0.02432485046465814 11.87
1188 0.02432637442950576 11.88
1189 0.02432216079229341 11.89
1190 0.02432252855721064 11.9
1191 0.02431755722104611 11.91
1192 0.02431669711794302 11.92
1193 0.02431108189205486 11.93
1194 0.02430900347447612 11.94
1195 0.02430249130631359 11.95
1196 0.02430046762407132 11.96
1197 0.02429256937493629 11.97
1198 0.0242899924282605 11.98
1199 0.02428307592726407 11.99
1200 0.02428312669922327 12
1201 0.02427805600772006 12.01
1202 0.02427852783848642 12.02
1203 0.02427321478854747 12.03
1204 0.02427350570001064 12.04
1205 0.02426830673622231 12.05
1206 0.02426831757746307 12.06
1207 0.0242630892332256 12.07
1208 0.02426266333545683 12.08
1209 0.02425675549322399 12.09
1210 0.02425571313714238 12.1
1211 0.02425060896507815 12.11
1212 0.024248525450722 12.12
1213 0.02424214215865387 12.13
1214 0.02424336676282323 12.14
1215 0.02423889519127747 12.15
1216 0.02424022109536505 12.16
1217 0.02424067122839818 12.17
1218 0.02423517601344157 12.18
1219 0.02423476502270954 12.19
1220 0.02423274805526156 12.2
1221 0.02422621458996237 12.21
1222 0.02422395141517713 12.22
1223 0.02422070743943708 12.23
1224 0.02421306641423505 12.24
1225 0.0242097284160687 12.25
1226 0.02420607670069676 12.26
1227 0.02419833407338898 12.27
1228 0.02419546696067238 12.28
1229 0.02419183559071401 12.29
1230 0.02418479568499421 12.3
1231 0.02418324887330841 12.31
1232 0.02417851373449998 12.32
1233 0.02416942728032495 12.33
1234 0.02416724784550683 12.34
1235 0.02416072597508635 12.35
1236 0.02416216651117439 12.36
1237 0.02416071914759623 12.37
1238 0.02416260576533833 12.38
1239 0.02415756380293465 12.39
1240 0.02415895793320697 12.4
1241 0.02415340141034994 12.41
1242 0.02415414119032962 12.42
1243 0.02414824977365437 12.43
1244 0.02414839387884932 12.44
1245 0.02414219678616477 12.45
1246 0.02414183347864881 12.46
1247 0.02413528593777518 12.47
1248 0.0241345164533855 12.48
1249 0.02412766129530465 12.49
1250 0.02412698654262112 12.5
1251 0.02412281604638175 12.51
1252 0.02412291451429446 12.52
1253 0.02411729173679617 12.53
1254 0.02411482964490349 12.54
1255 0.02410759724881411 12.55
1256 0.02410372571612742 12.56
1257 0.02409627853422697 12.57
1258 0.02409268614113947 12.58
1259 0.0240854855609255 12.59
1260 0.02407895811315542 12.6
1261 0.02407710011673895 12.61
1262 0.02407122039260402 12.62
1263 0.02406617512532918 12.63
1264 0.02406660504631379 12.64
1265 0.02406215666940954 12.65
1266 0.02406313214227647 12.66
1267 0.02405879651538376 12.67
1268 0.0240588340426372 12.68
1269 0.02405392164960788 12.69
1270 0.02405291429317678 12.7
1271 0.02404724860462658 12.71
1272 0.02404542482996994 12.72
1273 0.02403933433248146 12.73
1274 0.02403661722193538 12.74
1275 0.02403021683603614 12.75
1276 0.02402774893760342 12.76
1277 0.02402141058474318 12.77
1278 0.02401907174967001 12.78
1279 0.02401289357816965 12.79
1280 0.02401078538287799 12.8
1281 0.02400480820359064 12.81
1282 0.02400377792025341 12.82
1283 0.02399850052216393 12.83
1284 0.02399690748575985 12.84
1285 0.02399480263094627 12.85
1286 0.02398861416403606 12.86
1287 0.02398672183678266 12.87
1288 0.02398427575404696 12.88
1289 0.0239778333723034 12.89
1290 0.02397570673251291 12.9
1291 0.02397315572443719 12.91
1292 0.02396756353255172 12.92
1293 0.02396626431836916 12.93
1294 0.023960430049421 12.94
1295 0.02395502890936573 12.95
1296 0.02394602921022483 12.96
1297 0.02394383212973506 12.97
1298 0.02393695385110358 12.98
1299 0.02393795078438146 12.99
1300 0.02393216440210441 13
1301 0.02393335447208456 13.01
1302 0.02392686039954338 13.02
1303 0.02392903349460839 13.03
1304 0.02392483906175771 13.04
1305 0.02392767961841383 13.05
1306 0.02392242487100656 13.06
1307 0.02392246580962157 13.07
1308 0.02391546717922604 13.08
1309 0.02391341853445327 13.09
1310 0.02390563914376865 13.1
1311 0.02390285168530699 13.11
1312 0.02389496650973318 13.12
1313 0.02389214544786503 13.13
1314 0.02388443334696069 13.14
1315 0.02387777439164586 13.15
1316 0.02387833806968848 13.16
1317 0.02387287680163332 13.17
1318 0.02387360505860274 13.18
1319 0.02386724660988476 13.19
1320 0.0238614978871447 13.2
1321 0.02386268386138376 13.21
1322 0.0238570862237084 13.22
1323 0.02385251307865215 13.23
1324 0.02385428526311991 13.24
1325 0.02384934506209891 13.25
1326 0.02384472138577492 13.26
1327 0.02384602868630549 13.27
1328 0.02384089555724242 13.28
1329 0.02383657889560664 13.29
1330 0.02383806427798544 13.3
1331 0.02383274275435729 13.31
1332 0.02382768009988288 13.32
1333 0.02383020411053021 13.33
1334 0.02382573708765444 13.34
1335 0.02382127934627702 13.35
1336 0.02382292602617955 13.36
1337 0.02381790071597977 13.37
1338 0.02381149194797146 13.38
1339 0.02381009388358316 13.39
1340 0.02380381750789429 13.4
1341 0.02379893339754657 13.41
1342 0.02379970162794383 13.42
1343 0.0237945879201497 13.43
1344 0.02379021916328505 13.44
1345 0.02379060068065652 13.45
1346 0.02378564876022543 13.46
1347 0.02378005559494275 13.47
1348 0.02377958970532872 13.48
1349 0.02377447649298127 13.49
1350 0.02376996924712154 13.5
1351 0.02377096916157947 13.51
1352 0.02376661548409272 13.52
1353 0.02376282324300766 13.53
1354 0.02376491804598992 13.54
1355 0.02376149575929171 13.55
1356 0.02375824698208736 13.56
1357 0.02375961996564501 13.57
1358 0.0237553411335557 13.58
1359 0.02375549107191472 13.59
1360 0.02375087175154649 13.6
1361 0.02375023268031784 13.61
1362 0.02374517174230188 13.62
1363 0.0237444716401416 13.63
1364 0.02373937368599759 13.64
1365 0.02373870689212634 13.65
1366 0.02373375414927533 13.66
1367 0.0237333682107555 13.67
1368 0.02372859714386298 13.68
1369 0.02372841486713774 13.69
1370 0.02372381250353505 13.7
1371 0.02372004530294831 13.71
1372 0.02372062515007048 13.72
1373 0.02371677114203356 13.73
1374 0.02371328957690046 13.74
1375 0.02371513383101352 13.75
1376 0.0237117491846243 13.76
1377 0.02370867545746937 13.77
1378 0.02370520359296347 13.78
1379 0.02370741585286551 13.79
1380 0.02370490761360941 13.8
1381 0.02370269018707368 13.81
1382 0.02370137164708672 13.82
1383 0.02370504197133106 13.83
1384 0.02370274985113983 13.84
1385 0.02370024337212098 13.85
1386 0.02370187645568946 13.86
1387 0.02369874050104252 13.87
1388 0.0236950936908227 13.88
1389 0.02369422630625683 13.89
1390 0.02369078428796949 13.9
1391 0.02369066454238481 13.91
1392 0.02368652807700961 13.92
1393 0.02368372987569502 13.93
1394 0.02368100315142738 13.94
1395 0.02367833648220943 13.95
1396 0.02367571929975941 13.96
1397 0.02367374529440469 13.97
1398 0.02367170485012293 13.98
1399 0.02366968951372549 13.99
1400 0.02366842154723664 14
1401 0.02366711622312989 14.01
1402 0.02366607945460731 14.02
1403 0.0236653407169848 14.03
1404 0.02366459305034655 14.04
1405 0.02366365690189108 14.05
1406 0.02366328723668374 14.06
1407 0.02366595121093485 14.07
1408 0.02366494134860221 14.08
1409 0.02366477603673006 14.09
1410 0.02366681068723425 14.1
1411 0.02366511802907612 14.11
1412 0.02366319531411795 14.12
1413 0.02366121108722541 14.13
1414 0.02365931772670429 14.14
1415 0.0236567084667582 14.15
1416 0.02365477339547806 14.16
1417 0.02365276154073095 14.17
1418 0.02365129754563888 14.18
1419 0.02365024380624555 14.19
1420 0.02364951613340523 14.2
1421 0.0236488038055428 14.21
1422 0.02364807605711671 14.22
1423 0.02364722989775347 14.23
1424 0.02364617931425632 14.24
1425 0.0236421744004114 14.25
1426 0.02364163041110848 14.26
1427 0.02364104720863629 14.27
1428 0.02363732188058791 14.28
1429 0.02363736879880639 14.29
1430 0.02363273291906076 14.3
1431 0.02363210848970406 14.31
1432 0.02362922799446638 14.32
1433 0.02363074449126097 14.33
1434 0.02362866973836368 14.34
1435 0.02363128370645265 14.35
1436 0.02362996403222117 14.36
1437 0.02363290993379372 14.37
1438 0.02363121630583475 14.38
1439 0.02363328489746731 14.39
1440 0.02363096377161845 14.4
1441 0.02363205714884307 14.41
1442 0.02362907723889499 14.42
1443 0.0236296366580762 14.43
1444 0.02362662935367137 14.44
1445 0.02362704045718915 14.45
1446 0.02362411986797845 14.46
1447 0.02362436260580767 14.47
1448 0.02362153179290492 14.48
1449 0.02362203392436563 14.49
1450 0.02361899029446181 14.5
1451 0.02362008735387485 14.51
1452 0.02361710470973373 14.52
1453 0.02361842890564336 14.53
1454 0.02361562388613357 14.54
1455 0.02361731962192553 14.55
1456 0.02361486311695997 14.56
1457 0.02361653806994487 14.57
1458 0.02361403218170474 14.58
1459 0.02361558731677041 14.59
1460 0.02361301297620204 14.6
1461 0.02361426571599347 14.61
1462 0.02361149214884438 14.62
1463 0.02361238662720566 14.63
1464 0.02360940383153071 14.64
1465 0.02360651309383053 14.65
1466 0.0236073268468136 14.66
1467 0.02360448728799383 14.67
1468 0.02360544916763718 14.68
1469 0.02360269730734988 14.69
1470 0.02360362029372536 14.7
1471 0.02360073786148956 14.71
1472 0.02360132123040585 14.72
1473 0.02359818516297126 14.73
1474 0.02359838598287719 14.74
1475 0.02359815454329987 14.75
1476 0.02359455553321751 14.76
1477 0.0235941710016442 14.77
1478 0.02359335757533207 14.78
1479 0.02359259552397216 14.79
1480 0.02359138175847823 14.8
1481 0.0235902355176055 14.81
1482 0.02358840559689955 14.82
1483 0.02358611397580437 14.83
1484 0.0235835395924982 14.84
1485 0.02358091694689093 14.85
1486 0.02357843482181824 14.86
1487 0.02357664153193627 14.87
1488 0.02357311684293884 14.88
1489 0.02357193457108112 14.89
1490 0.02357111008416597 14.9
1491 0.02356841828421661 14.91
1492 0.02356856861166868 14.92
1493 0.02356891544870448 14.93
1494 0.02356688052304536 14.94
1495 0.02356757150662031 14.95
1496 0.02356798791784033 14.96
1497 0.02356571057847823 14.97
1498 0.02356567292836975 14.98
1499 0.02356515773236168 14.99
1500 0.02356218273359105 15
1501 0.02356106192868291 15.01
1502 0.02355880275572834 15.02
1503 0.0235545716113073 15.03
1504 0.02355296132433132 15.04
1505 0.02354860187230843 15.05
1506 0.02354681713739484 15.06
1507 0.02354245869235001 15.07
1508 0.02354047287776012 15.08
1509 0.02353573567763189 15.09
1510 0.0235315062214742 15.1
1511 0.02353015864721064 15.11
1512 0.02352520346022004 15.12
1513 0.02352109826153264 15.13
1514 0.0235167484893528 15.14
1515 0.02351668190327303 15.15
1516 0.02351263510831161 15.16
1517 0.02350980179221963 15.17
1518 0.02350782658838377 15.18
1519 0.02350637045945694 15.19
1520 0.02351039945325197 15.2
1521 0.02350793415262696 15.21
1522 0.02350565025756545 15.22
1523 0.02350370157308557 15.23
1524 0.02350120164249812 15.24
1525 0.02350212038749147 15.25
1526 0.02349830797665868 15.26
1527 0.02349450784593367 15.27
1528 0.02349047757454048 15.28
1529 0.02348974784334114 15.29
1530 0.0234852159786173 15.3
1531 0.02348098611923478 15.31
1532 0.02348013535716147 15.32
1533 0.0234755258573505 15.33
1534 0.02347427862394811 15.34
1535 0.02346942933690467 15.35
1536 0.02346781842237836 15.36
1537 0.02346274792722884 15.37
1538 0.02346199117996407 15.38
1539 0.02345763762745279 15.39
1540 0.02345593253643358 15.4
1541 0.02345123760399156 15.41
1542 0.02344938111126822 15.42
1543 0.02344709380305035 15.43
1544 0.02344221824404931 15.44
1545 0.0234402390167319 15.45
1546 0.02343775314068268 15.46
1547 0.02343517334708188 15.47
1548 0.02343250328640428 15.48
1549 0.02342752074217924 15.49
1550 0.023424378617248 15.5
1551 0.02342133995175217 15.51
1552 0.02341524551680624 15.52
1553 0.02341331764423842 15.53
1554 0.02340824516652184 15.54
1555 0.0234076060279546 15.55
1556 0.02340659525491211 15.56
1557 0.02340293762794243 15.57
1558 0.02340292162164078 15.58
1559 0.02340167872635675 15.59
1560 0.02339941908686245 15.6
1561 0.02339634461889347 15.61
1562 0.02339258632963171 15.62
1563 0.0233883062317147 15.63
1564 0.02338362205189102 15.64
1565 0.02337879551247984 15.65
1566 0.02337193878237248 15.66
1567 0.02336799693434732 15.67
1568 0.02336397432484599 15.68
1569 0.02336008056262166 15.69
1570 0.02335414502118637 15.7
1571 0.02335186024765028 15.71
1572 0.02334937706353732 15.72
1573 0.02334698297176116 15.73
1574 0.02334454563658632 15.74
1575 0.0233402097911092 15.75
1576 0.02333871289650764 15.76
1577 0.02333600157369578 15.77
1578 0.0233305226758793 15.78
1579 0.02332786360597315 15.79
1580 0.02332308034191291 15.8
1581 0.02332117054387677 15.81
1582 0.02331677034064037 15.82
1583 0.02331564690782109 15.83
1584 0.02331149250425595 15.84
1585 0.023308040707992 15.85
1586 0.02330780168770199 15.86
1587 0.02330385060723915 15.87
1588 0.02330054395454926 15.88
1589 0.02329773597164296 15.89
1590 0.02329613161307326 15.9
1591 0.0232945115240518 15.91
1592 0.02329272698613587 15.92
1593 0.02329041488965757 15.93
1594 0.02328756855878783 15.94
1595 0.0232842391813127 15.95
1596 0.0232805258814515 15.96
1597 0.02327655558739249 15.97
1598 0.02327246620221429 15.98
1599 0.02326833945158823 15.99
1600 0.02326415449862058 16
1601 0.02326268911830271 16.01
1602 0.02325827086537129 16.02
1603 0.02325082897155006 16.03
1604 0.02324472497067097 16.04
1605 0.02323980484743148 16.05
1606 0.02323597870182977 16.06
1607 0.02323767353690523 16.07
1608 0.02323486932520427 16.08
1609 0.02323278518436474 16.09
1610 0.02323115230986899 16.1
1611 0.02322970863288395 16.11
1612 0.02322825705859298 16.12
1613 0.02323152474213381 16.13
1614 0.02322857280329506 16.14
1615 0.02322560606198532 16.15
1616 0.02322270607420975 16.16
1617 0.02321986017267904 16.17
1618 0.02321694271127914 16.18
1619 0.023218681202724 16.19
1620 0.02321524247639959 16.2
1621 0.02321231503073934 16.21
1622 0.02320978204310633 16.22
1623 0.02320757290568404 16.23
1624 0.02321067590605445 16.24
1625 0.02320762530705105 16.25
1626 0.02320500798008934 16.26
1627 0.02320275163270253 16.27
1628 0.0232055885397693 16.28
1629 0.02320252811320731 16.29
1630 0.02319976258692019 16.3
1631 0.02319725437342509 16.31
1632 0.02319974748745149 16.32
1633 0.02319696970254246 16.33
1634 0.02319426042232644 16.34
1635 0.02319586282818144 16.35
1636 0.02319224740038932 16.36
1637 0.02319271445844213 16.37
1638 0.0231884777263026 16.38
1639 0.02318829100392854 16.39
1640 0.02318374359483848 16.4
1641 0.02318437113694382 16.41
1642 0.02318059610761327 16.42
1643 0.02318100061243009 16.43
1644 0.02318075568454912 16.44
1645 0.02317669084489161 16.45
1646 0.02317695352884231 16.46
1647 0.02317326814659784 16.47
1648 0.02317413209349365 16.48
1649 0.02317462330906184 16.49
1650 0.02317138752036611 16.5
1651 0.02317298234254224 16.51
1652 0.02317423918080352 16.52
1653 0.02317138876285499 16.53
1654 0.02317343781542794 16.54
1655 0.0231753386308362 16.55
1656 0.02317287967221597 16.56
1657 0.02317525467864398 16.57
1658 0.02317705590107937 16.58
1659 0.02317451650409796 16.59
1660 0.02317667196428136 16.6
1661 0.02317831662652734 16.61
1662 0.02317572651358913 16.62
1663 0.0231777359766774 16.63
1664 0.02317464274128118 16.64
1665 0.02317856348114327 16.65
1666 0.02317721393888621 16.66
1667 0.02318082954334428 16.67
1668 0.02317874771667482 16.68
1669 0.0231771080882623 16.69
1670 0.02318000553984288 16.7
1671 0.0231784107400579 16.71
1672 0.0231773113447451 16.72
1673 0.02318121720435889 16.73
1674 0.02318023276383522 16.74
1675 0.02317973054979339 16.75
1676 0.02318564168305775 16.76
1677 0.02318576289770172 16.77
1678 0.02318596364781437 16.78
1679 0.02319075348756951 16.79
1680 0.02319007044833888 16.8
1681 0.02318927556030567 16.81
1682 0.02319303595800196 16.82
1683 0.02319176244030479 16.83
1684 0.02319081234357337 16.84
1685 0.02319460837201392 16.85
1686 0.02319379324409646 16.86
1687 0.02319345029691748 16.87
1688 0.0231936535198963 16.88
1689 0.02319892033203798 16.89
1690 0.02319894138825803 16.9
1691 0.02319940455690682 16.91
1692 0.0232050508168798 16.92
1693 0.02320226193003532 16.93
1694 0.02320062833827461 16.94
1695 0.02320589861013676 16.95
1696 0.02320542902633547 16.96
1697 0.02320604212515354 16.97
1698 0.02321414526400536 16.98
1699 0.02321507665534998 16.99
1700 0.02322304905089645 17
1701 0.02322372858316634 17.01
1702 0.02323106797899029 17.02
1703 0.02323052774071668 17.03
1704 0.02323614954043811 17.04
1705 0.02323513231029407 17.05
1706 0.0232400411779849 17.06
1707 0.02323876470644216 17.07
1708 0.02324327951527204 17.08
1709 0.02324179525566973 17.09
1710 0.02324645541685454 17.1
1711 0.02324554186729427 17.11
1712 0.0232503068679333 17.12
1713 0.02324934977718356 17.13
1714 0.02325417047635497 17.14
1715 0.02325340582314844 17.15
1716 0.02325835842148362 17.16
1717 0.02325763236784791 17.17
1718 0.02326290433208474 17.18
1719 0.02326250557771068 17.19
1720 0.02326762787918445 17.2
1721 0.02327227047041319 17.21
1722 0.02327126596593887 17.22
1723 0.02327689233948067 17.23
1724 0.0232812959515835 17.24
1725 0.02328030273099028 17.25
1726 0.02328497134314235 17.26
1727 0.02328881487608899 17.27
1728 0.02329206975521656 17.28
1729 0.02329029346946871 17.29
1730 0.0232941131412892 17.3
1731 0.02329731188732377 17.31
1732 0.02329597352829935 17.32
1733 0.02330021078305627 17.33
1734 0.02330383895430444 17.34
1735 0.02330253767767567 17.35
1736 0.02330688928675832 17.36
1737 0.02330769024965403 17.37
1738 0.0233137660729324 17.38
1739 0.02331420493872806 17.39
1740 0.02331928749546866 17.4
1741 0.02331910131179763 17.41
1742 0.0233237454048938 17.42
1743 0.02332326981628691 17.43
1744 0.02332447948104429 17.44
1745 0.02332972950453568 17.45
1746 0.02332946505406497 17.46
1747 0.02332986674988855 17.47
1748 0.02333480892456244 17.48
1749 0.02333505805093793 17.49
1750 0.02333583871297375 17.5
1751 0.02333703860509647 17.51
1752 0.02334293223716583 17.52
1753 0.02334367136033328 17.53
1754 0.02334465433448756 17.54
1755 0.02334936473668577 17.55
1756 0.0233495045980885 17.56
1757 0.02335083028993101 17.57
1758 0.02335230934784833 17.58
1759 0.02335753253112065 17.59
1760 0.02335803695116996 17.6
1761 0.02335869931544809 17.61
1762 0.02335884530175655 17.62
1763 0.02336087212749974 17.63
1764 0.02336624255797515 17.64
1765 0.02336680196399074 17.65
1766 0.02336750789396297 17.66
1767 0.02336821837145066 17.67
1768 0.02336880642835325 17.68
1769 0.02337274826424646 17.69
1770 0.02337227119895782 17.7
1771 0.02337121072444292 17.71
1772 0.02337084481532936 17.72
1773 0.02337130010485066 17.73
1774 0.02337233060119361 17.74
1775 0.0233736408720491 17.75
1776 0.02337486966403554 17.76
1777 0.02337633755488228 17.77
1778 0.02337818766148115 17.78
1779 0.02338014792145316 17.79
1780 0.02338215711075897 17.8
1781 0.0233844314808189 17.81
1782 0.02338567158489115 17.82
1783 0.02338675802382318 17.83
1784 0.02338785759280292 17.84
1785 0.02338893426852962 17.85
1786 0.02339047601592721 17.86
1787 0.02339159280037388 17.87
1788 0.02339258255025046 17.88
1789 0.02339307493550472 17.89
1790 0.02339335522288264 17.9
1791 0.02339340605541953 17.91
1792 0.02339330334553603 17.92
1793 0.02339582837687286 17.93
1794 0.02339455493060571 17.94
1795 0.02339360432354095 17.95
1796 0.02339290338733205 17.96
1797 0.02339247324810929 17.97
1798 0.02339474565942708 17.98
1799 0.02339350837960048 17.99
1800 0.0233924589367225 18
1801 0.02339345390179283 18.01
1802 0.02339306135504923 18.02
1803 0.02339250622215637 18.03
1804 0.02339199735943472 18.04
1805 0.02338976424821366 18.05
1806 0.02338965432717174 18.06
1807 0.02338772293882332 18.07
1808 0.02338818476483473 18.08
1809 0.02339015668434995 18.09
1810 0.02339000562649455 18.1
1811 0.02339174168004376 18.11
1812 0.02339258511915061 18.12
1813 0.02339080409561586 18.13
1814 0.02339050154453768 18.14
1815 0.02338954962765667 18.15
1816 0.02338830365530789 18.16
1817 0.0233861673433495 18.17
1818 0.0233865014274195 18.18
1819 0.02338472447009564 18.19
1820 0.02338226796057955 18.2
1821 0.02338070801651709 18.21
1822 0.02337887853675336 18.22
1823 0.02337664165677555 18.23
1824 0.02337560714694856 18.24
1825 0.02337309379291989 18.25
1826 0.02337282891355952 18.26
1827 0.02337131975380357 18.27
1828 0.02337170249674079 18.28
1829 0.0233701546848976 18.29
1830 0.02336890267341834 18.3
1831 0.02336865105710333 18.31
1832 0.02336690430670161 18.32
1833 0.02336520404893654 18.33
1834 0.02336340518895675 18.34
1835 0.02336231928196788 18.35
1836 0.02335974651698514 18.36
1837 0.02335741530874629 18.37
1838 0.02335523370293199 18.38
1839 0.02335311664560698 18.39
1840 0.02335054718846442 18.4
1841 0.02334811436133179 18.41
1842 0.02334697980916877 18.42
1843 0.02334449904990566 18.43
1844 0.0233423312744702 18.44
1845 0.02333871720491821 18.45
1846 0.02333581461900626 18.46
1847 0.02333375577158032 18.47
1848 0.02333318938143912 18.48
1849 0.02333163474219445 18.49
1850 0.02333040468390831 18.5
1851 0.02332927186676969 18.51
1852 0.02332804719287141 18.52
1853 0.02332655309456082 18.53
1854 0.02332485277276583 18.54
1855 0.02332317438471427 18.55
1856 0.02332318882402638 18.56
1857 0.02332047982016025 18.57
1858 0.02331731859382013 18.58
1859 0.02331441506499507 18.59
1860 0.02331155140433145 18.6
1861 0.02330893245033237 18.61
1862 0.0233071395693139 18.62
1863 0.02330519259500615 18.63
1864 0.02330308592308233 18.64
1865 0.02330085156521379 18.65
1866 0.02329894793968606 18.66
1867 0.02329700397931215 18.67
1868 0.02329512588064235 18.68
1869 0.02329496402583498 18.69
1870 0.02329289839371975 18.7
1871 0.02329069902944874 18.71
1872 0.02328869396892239 18.72
1873 0.02328668169362343 18.73
1874 0.02328617064528256 18.74
1875 0.02328337317178584 18.75
1876 0.023280663344872 18.76
1877 0.02327805434500891 18.77
1878 0.02327675027537802 18.78
1879 0.02327329009230763 18.79
1880 0.02327008992711593 18.8
1881 0.0232684354580563 18.81
1882 0.02326456069199627 18.82
1883 0.02326276354205202 18.83
1884 0.02325934710463883 18.84
1885 0.02325818400797828 18.85
1886 0.02325504651915636 18.86
1887 0.02325536052699374 18.87
1888 0.02325318704262707 18.88
1889 0.02325250811257632 18.89
1890 0.02324977011467769 18.9
1891 0.02324829916183135 18.91
1892 0.02324511492083876 18.92
1893 0.02324232806511922 18.93
1894 0.02323800302859737 18.94
1895 0.02323761543099538 18.95
1896 0.02323388299309122 18.96
1897 0.02323258661657875 18.97
1898 0.02322921107700245 18.98
1899 0.02322834251698961 18.99
1900 0.02322521096459413 19
1901 0.02322502970933924 19.01
1902 0.0232223366378757 19.02
1903 0.02322274400203874 19.03
1904 0.02322026820091241 19.04
1905 0.02322078428837324 19.05
1906 0.0232183348991024 19.06
1907 0.02321866687465524 19.07
1908 0.02321606589507605 19.08
1909 0.02321587912781351 19.09
1910 0.02321295431149272 19.1
1911 0.02321232639564279 19.11
1912 0.02320903027827364 19.12
1913 0.02320626325130638 19.13
1914 0.02320604935584959 19.14
1915 0.0232030915198063 19.15
1916 0.0232010597570714 19.16
1917 0.0232015850953507 19.17
1918 0.02319752582061812 19.18
1919 0.02319439200897494 19.19
1920 0.0231921186804769 19.2
1921 0.02319057934654695 19.21
1922 0.0231931934975734 19.22
1923 0.02319144659158912 19.23
1924 0.02319020693489763 19.24
1925 0.02318939898695562 19.25
1926 0.02318835623666122 19.26
1927 0.02318749956820505 19.27
1928 0.02318675875734995 19.28
1929 0.02318609042273925 19.29
1930 0.02318556113012728 19.3
1931 0.02318541667087161 19.31
1932 0.02318536334363222 19.32
1933 0.02318538943013563 19.33
1934 0.02318544168938343 19.34
1935 0.02318552727508558 19.35
1936 0.02318561185107068 19.36
1937 0.02318502705476191 19.37
1938 0.02318454393934909 19.38
1939 0.02318415314603647 19.39
1940 0.02318382305603489 19.4
1941 0.02318356454607586 19.41
1942 0.02318336531196288 19.42
1943 0.02318321391732833 19.43
1944 0.02318812979966043 19.44
1945 0.02318739002329883 19.45
1946 0.02318656036810806 19.46
1947 0.02318572830981894 19.47
1948 0.02318847903137977 19.48
1949 0.02318659185676063 19.49
1950 0.02318615571984578 19.5
1951 0.02318568079602588 19.51
1952 0.02318958735332766 19.52
1953 0.02318944139228323 19.53
1954 0.02318862452088861 19.54
1955 0.02318974479736201 19.55
1956 0.02318829220661534 19.56
1957 0.02318702999923505 19.57
1958 0.02318816335002524 19.58
1959 0.02318711349808123 19.59
1960 0.02318651131981175 19.6
1961 0.02318691771215234 19.61
1962 0.02318563232948668 19.62
1963 0.02318814179410567 19.63
1964 0.02318774617594947 19.64
1965 0.02319117655443343 19.65
1966 0.02319117404875562 19.66
1967 0.02319602134720643 19.67
1968 0.02319975726357216 19.68
1969 0.02320002736206229 19.69
1970 0.02320263265044814 19.7
1971 0.02320410684109907 19.71
1972 0.02320254246619387 19.72
1973 0.02320387787275369 19.73
1974 0.02320474486014331 19.74
1975 0.02320303962663412 19.75
1976 0.02320440382652258 19.76
1977 0.02320555731744164 19.77
1978 0.02320419279823656 19.78
1979 0.02320617166513095 19.79
1980 0.02320801496297153 19.8
1981 0.02320719015557074 19.81
1982 0.0232096659820525 19.82
1983 0.02321195691035917 19.83
1984 0.02321142888371289 19.84
1985 0.02321439570587372 19.85
1986 0.02321664241888128 19.86
1987 0.02321593287140032 19.87
1988 0.02321828150074043 19.88
1989 0.02321772768243148 19.89
1990 0.02322055021545994 19.9
1991 0.0232204426605548 19.91
1992 0.02322404950928687 19.92
1993 0.02322447918005696 19.93
1994 0.02322869797402196 19.94
1995 0.02322939703441331 19.95
1996 0.02323376781119641 19.96
1997 0.02323444165107265 19.97
1998 0.02323538037200704 19.98
1999 0.02323990243813853 19.99
2000 0.02324053086005338 20
2001 0.0232413631925342 20.01
2002 0.02324561887386783 20.02
2003 0.02324612105168204 20.03
2004 0.02324682132338633 20.04
2005 0.02324779644667001 20.05
2006 0.02325237310190227 20.06
2007 0.02325307072649573 20.07
2008 0.02325405444158776 20.08
2009 0.02325527715889015 20.09
2010 0.02325669439034891 20.1
2011 0.0232583069512569 20.11
2012 0.02325994997515721 20.12
2013 0.023261753000502 20.13
2014 0.02326368261851079 20.14
2015 0.02326568812417269 20.15
2016 0.02326784561139603 20.16
2017 0.02327015943535614 20.17
2018 0.02327256706424554 20.18
2019 0.02327504699548063 20.19
2020 0.02327793132314324 20.2
2021 0.02328069070643991 20.21
2022 0.02328326109106154 20.22
2023 0.02328720676254208 20.23
2024 0.02329072621288629 20.24
2025 0.02329334744059351 20.25
2026 0.0232956014639783 20.26
2027 0.02329753929709107 20.27
2028 0.02329908236286097 20.28
2029 0.02330029228906704 20.29
2030 0.0233016076396552 20.3
2031 0.02330210072842618 20.31
2032 0.02330266147320119 20.32
2033 0.0233034074867776 20.33
2034 0.02330450018684211 20.34
2035 0.02330580065898435 20.35
2036 0.02330728922330933 20.36
2037 0.02330898065244254 20.37
2038 0.0233138177512088 20.38
2039 0.02331518608457893 20.39
2040 0.02331659697996051 20.4
2041 0.02331812705260596 20.41
2042 0.02332102737134316 20.42
2043 0.02332623635241629 20.43
2044 0.02332777714388912 20.44
2045 0.02332902847765157 20.45
2046 0.02333007318495105 20.46
2047 0.02333294672924842 20.47
2048 0.02333330353478391 20.48
2049 0.02333368722039171 20.49
2050 0.02333409339576971 20.5
2051 0.02333666857573359 20.51
2052 0.02333700986215479 20.52
2053 0.02333764102974913 20.53
2054 0.02333855053530981 20.54
2055 0.02334191854061449 20.55
2056 0.02334306369905434 20.56
2057 0.02334421543834916 20.57
2058 0.02334751320001395 20.58
2059 0.02334821084151325 20.59
2060 0.02334880618599935 20.6
2061 0.02335141052336171 20.61
2062 0.0233516432268182 20.62
2063 0.02335374122887626 20.63
2064 0.02335368352080469 20.64
2065 0.02335543409098652 20.65
2066 0.02335519477160743 20.66
2067 0.0233567695028736 20.67
2068 0.02335645386736233 20.68
2069 0.02335764477529726 20.69
2070 0.02335855651698243 20.7
2071 0.02335770533849662 20.71
2072 0.02335911044909085 20.72
2073 0.02336037094994768 20.73
2074 0.02335984076782462 20.74
2075 0.02336160802536467 20.75
2076 0.02336121485450616 20.76
2077 0.02336317161570724 20.77
2078 0.02336293116782418 20.78
2079 0.02336514293270371 20.79
2080 0.0233650359184126 20.8
2081 0.02336719104583406 20.81
2082 0.02336637490011091 20.82
2083 0.0233659666947517 20.83
2084 0.02336589331780657 20.84
2085 0.0233684302770245 20.85
2086 0.02336818734299794 20.86
2087 0.02336879103694772 20.87
2088 0.02336953253996374 20.88
2089 0.02337035141889978 20.89
2090 0.02337118804266671 20.9
2091 0.02337170562812238 20.91
2092 0.02337213446801693 20.92
2093 0.02337250400030771 20.93
2094 0.02337278610102392 20.94
2095 0.02337302476771069 20.95
2096 0.02337309987536083 20.96
2097 0.02337318214753627 20.97
2098 0.0233732467485118 20.98
2099 0.02337332845077688 20.99
2100 0.0233733851679706 21
2101 0.02337337108348425 21.01
2102 0.02337331809205484 21.02
2103 0.02337335463315287 21.03
2104 0.02337327380174722 21.04
2105 0.02337304467919222 21.05
2106 0.02337273555161657 21.06
2107 0.02337238414636027 21.07
2108 0.02337212335493599 21.08
2109 0.02337177755191864 21.09
2110 0.02337134035977828 21.1
2111 0.02337105394361981 21.11
2112 0.02337069900393377 21.12
2113 0.02337053329185432 21.13
2114 0.02337026837013017 21.14
2115 0.02336982167437224 21.15
2116 0.02336930633566906 21.16
2117 0.02336881282705515 21.17
2118 0.0233683080331045 21.18
2119 0.02336785372533649 21.19
2120 0.02336762046792087 21.2
2121 0.0233674047367034 21.21
2122 0.02336685024963995 21.22
2123 0.02336854549413419 21.23
2124 0.02336747694225214 21.24
2125 0.02336663095921857 21.25
2126 0.02336632495997125 21.26
2127 0.02336563993203166 21.27
2128 0.02336671561774072 21.28
2129 0.0233651397434751 21.29
2130 0.02336363282418035 21.3
2131 0.02336232961699376 21.31
2132 0.02336286608214891 21.32
2133 0.02336109849520138 21.33
2134 0.02335957388627501 21.34
2135 0.02335824550495029 21.35
2136 0.02335887308638059 21.36
2137 0.02335819236871951 21.37
2138 0.02335741507934297 21.38
2139 0.02335653906613422 21.39
2140 0.02335668289000593 21.4
2141 0.02335505003333213 21.41
2142 0.02335340750363644 21.42
2143 0.02335278070470376 21.43
2144 0.02335088941944507 21.44
2145 0.02335009960496541 21.45
2146 0.02334822502410957 21.46
2147 0.02334765781827751 21.47
2148 0.02334595283971488 21.48
2149 0.02334399923810117 21.49
2150 0.02334098982331923 21.5
2151 0.02334026814611829 21.51
2152 0.02333808314627582 21.52
2153 0.02333851817833472 21.53
2154 0.02333693201772377 21.54
2155 0.02333797073020006 21.55
2156 0.02333657345127741 21.56
2157 0.02333745120525316 21.57
2158 0.02333568514280543 21.58
2159 0.0233362242090977 21.59
2160 0.02333418881319416 21.6
2161 0.0233343019571381 21.61
2162 0.02333203759999423 21.62
2163 0.02333187752278033 21.63
2164 0.02332951101790374 21.64
2165 0.02332927203400172 21.65
2166 0.02332691390350164 21.66
2167 0.02332487693633245 21.67
2168 0.02332504373696213 21.68
2169 0.02332299029203963 21.69
2170 0.02332119372844392 21.7
2171 0.02331971639093637 21.71
2172 0.02331839996054939 21.72
2173 0.02331926208889083 21.73
2174 0.02331752851392892 21.74
2175 0.02331598998939879 21.75
2176 0.02331459804589658 21.76
2177 0.02331340254632508 21.77
2178 0.02331229652898347 21.78
2179 0.02331129613460207 21.79
2180 0.02331033339904028 21.8
2181 0.0233094313098367 21.81
2182 0.02330852856919537 21.82
2183 0.02330765243627365 21.83
2184 0.02330674552141412 21.84
2185 0.02330583861749954 21.85
2186 0.02330487869416584 21.86
2187 0.02330390233501807 21.87
2188 0.02330284427500203 21.88
2189 0.02330175716910082 21.89
2190 0.02330060025139769 21.9
2191 0.0232994248199525 21.91
2192 0.02329819991892616 21.92
2193 0.0232969822993356 21.93
2194 0.02329590412589357 21.94
2195 0.0232947925753568 21.95
2196 0.02329364744094416 21.96
2197 0.02329252435182604 21.97
2198 0.02329138925743299 21.98
2199 0.02329029410327782 21.99
2200 0.02328919955153484 22
2201 0.02328816293278721 22.01
2202 0.02328714862463908 22.02
2203 0.02328620854468052 22.03
2204 0.02328530532962056 22.04
2205 0.02328582243607316 22.05
2206 0.02328612338406313 22.06
2207 0.02328619002183411 22.07
2208 0.02328592815782701 22.08
2209 0.0232853624769691 22.09
2210 0.02328446658983477 22.1
2211 0.02328333387587582 22.11
2212 0.02328199397208099 22.12
2213 0.0232806024314105 22.13
2214 0.02327916719725077 22.14
2215 0.02327794884933817 22.15
2216 0.02327680858723429 22.16
2217 0.02327530196335446 22.17
2218 0.02327532216112296 22.18
2219 0.02327413064841631 22.19
2220 0.02327320503611564 22.2
2221 0.02327408962041849 22.21
2222 0.02327324757976441 22.22
2223 0.02327409132967737 22.23
2224 0.02327282781635928 22.24
2225 0.0232730602961198 22.25
2226 0.02327145195442037 22.26
2227 0.02327151860851442 22.27
2228 0.02326979170713987 22.28
2229 0.02326961849596193 22.29
2230 0.0232677510186842 22.3
2231 0.02326758867866736 22.31
2232 0.02326575212645792 22.32
2233 0.02326569890532583 22.33
2234 0.02326397525230828 22.34
2235 0.02326407818793898 22.35
2236 0.02326246458342557 22.36
2237 0.02326286545160128 22.37
2238 0.02326143327190597 22.38
2239 0.02326199539287116 22.39
2240 0.02326063941152676 22.4
2241 0.02326138814876116 22.41
2242 0.02326012469258714 22.42
2243 0.02326094080103246 22.43
2244 0.02325961316724734 22.44
2245 0.02326030432147198 22.45
2246 0.02325895295195615 22.46
2247 0.0232595701481576 22.47
2248 0.0232581656598003 22.48
2249 0.02325868548259327 22.49
2250 0.0232572239469335 22.5
2251 0.02325765784183362 22.51
2252 0.02325615558966205 22.52
2253 0.02325654012340671 22.53
2254 0.0232550250612855 22.54
2255 0.02325377967664739 22.55
2256 0.02325446340690292 22.56
2257 0.02325317127408168 22.57
2258 0.02325208980213466 22.58
2259 0.02325315904553193 22.59
2260 0.02325211159277519 22.6
2261 0.02325129029904375 22.61
2262 0.02325066513391357 22.62
2263 0.0232521534150639 22.63
2264 0.02325149859775001 22.64
2265 0.02325092192787359 22.65
2266 0.0232501542273846 22.66
2267 0.0232495559902433 22.67
2268 0.02324908812495524 22.68
2269 0.02324881989596235 22.69
2270 0.02325096147784261 22.7
2271 0.02325046541306026 22.71
2272 0.0232500369977699 22.72
2273 0.0232497615389543 22.73
2274 0.02324958144348076 22.74
2275 0.02324950884103806 22.75
2276 0.02324946562068973 22.76
2277 0.02324946434334972 22.77
2278 0.02324944061729919 22.78
2279 0.02324942082972037 22.79
2280 0.02324935879722609 22.8
2281 0.02324926266278346 22.81
2282 0.02324913523616847 22.82
2283 0.02324884572468775 22.83
2284 0.02324855561176403 22.84
2285 0.02324833160810775 22.85
2286 0.02324810358162999 22.86
2287 0.02324791002846727 22.87
2288 0.02324770297277063 22.88
2289 0.02324751922302751 22.89
2290 0.02324950041828954 22.9
2291 0.02324877185312491 22.91
2292 0.02324797522255084 22.92
2293 0.02324722502614458 22.93
2294 0.02324650547062404 22.94
2295 0.02324587130663246 22.95
2296 0.02324528523077438 22.96
2297 0.02324479370309381 22.97
2298 0.02324435836556606 22.98
2299 0.02324402554621547 22.99
2300 0.02324434891004623 23
2301 0.02324472148231881 23.01
2302 0.02324505922333863 23.02
2303 0.02324549787863949 23.03
2304 0.02324577437237919 23.04
2305 0.02324587356036732 23.05
2306 0.0232457538712242 23.06
2307 0.02324550204027355 23.07
2308 0.02324511637604622 23.08
2309 0.02324468668917067 23.09
2310 0.02324422152832801 23.1
2311 0.02324377931211478 23.11
2312 0.02324336198982728 23.12
2313 0.02324303384925949 23.13
2314 0.0232427577295254 23.14
2315 0.02324256787536951 23.15
2316 0.02324240540592086 23.16
2317 0.02324229029182931 23.17
2318 0.02324390879616748 23.18
2319 0.02324338147319299 23.19
2320 0.02324276028107879 23.2
2321 0.02324213174754416 23.21
2322 0.02324132165378546 23.22
2323 0.02324189625730048 23.23
2324 0.02324058766801341 23.24
2325 0.02323943009515551 23.25
2326 0.02323842157251065 23.26
2327 0.02323760995179403 23.27
2328 0.02323875553166389 23.28
2329 0.02323779725031643 23.29
2330 0.02323694893910873 23.3
2331 0.02323628029188873 23.31
2332 0.02323578468368728 23.32
2333 0.02323736220525663 23.33
2334 0.02323658189196396 23.34
2335 0.02323590695765822 23.35
2336 0.02323531531184937 23.36
2337 0.02323484556030803 23.37
2338 0.02323444329778592 23.38
2339 0.02323413234641745 23.39
2340 0.02323385255621938 23.4
2341 0.02323362961009718 23.41
2342 0.02323340805001289 23.42
2343 0.02323321698309453 23.43
2344 0.02323300187335529 23.44
2345 0.02323279198401429 23.45
2346 0.02323250533400061 23.46
2347 0.02323221212424844 23.47
2348 0.02323185929025729 23.48
2349 0.02323169463942141 23.49
2350 0.02323137184757284 23.5
2351 0.02323093766917698 23.51
2352 0.02323036154222709 23.52
2353 0.02322970137990743 23.53
2354 0.02322896046203112 23.54
2355 0.0232281669934806 23.55
2356 0.02322729994250227 23.56
2357 0.02322638696988573 23.57
2358 0.02322544577316511 23.58
2359 0.02322458093127238 23.59
2360 0.02322369822133084 23.6
2361 0.02322285144025702 23.61
2362 0.02322200808523495 23.62
2363 0.02322121703621518 23.63
2364 0.02322046408540308 23.64
2365 0.02321954229832686 23.65
2366 0.0232187169625678 23.66
2367 0.02321802349469842 23.67
2368 0.02321740776137263 23.68
2369 0.02321689444297248 23.69
2370 0.02321642227453978 23.7
2371 0.02321601265456297 23.71
2372 0.02321560450647149 23.72
2373 0.02321522202266077 23.73
2374 0.02321480882896629 23.74
2375 0.02321439489680014 23.75
2376 0.0232139300072436 23.76
2377 0.02321344977631029 23.77
2378 0.02321290861915707 23.78
2379 0.02321234548530045 23.79
2380 0.02321161450195904 23.8
2381 0.02321087646103547 23.81
2382 0.02321008977083169 23.82
2383 0.02320928905504521 23.83
2384 0.02320842130026073 23.84
2385 0.02320752781709069 23.85
2386 0.02320656833666719 23.86
2387 0.02320558899939761 23.87
2388 0.02320455500356092 23.88
2389 0.02320372257095966 23.89
2390 0.02320275930611221 23.9
2391 0.02320172698280707 23.91
2392 0.02320061050892789 23.92
2393 0.02319947845672888 23.93
2394 0.02319833322542062 23.94
2395 0.02319720640389513 23.95
2396 0.02319581851366017 23.96
2397 0.0231945297688201 23.97
2398 0.02319330291649519 23.98
2399 0.02319218224661249 23.99
2400 0.0231911168812533 24
2401 0.02319013807795451 24.01
2402 0.02318918951847429 24.02
2403 0.02318829671670705 24.03
2404 0.0231874010995235 24.04
2405 0.02318652869136673 24.05
2406 0.02318562470606175 24.06
2407 0.02318472097567215 24.07
2408 0.02318376971263493 24.08
2409 0.02318281070043885 24.09
2410 0.02318180371608284 24.1
2411 0.02318079472953786 24.11
2412 0.02317974763611457 24.12
2413 0.0231787105320804 24.13
2414 0.02317764739048518 24.14
2415 0.02317660454402384 24.15
2416 0.02317554261246129 24.16
2417 0.02317450377895207 24.17
2418 0.02317344455279836 24.18
2419 0.02317240400221542 24.19
2420 0.02317133696731402 24.2
2421 0.02317028192493078 24.21
2422 0.0231691936523183 24.22
2423 0.02316811497351956 24.23
2424 0.02316889001551415 24.24
2425 0.02316741301871745 24.25
2426 0.02316581923625405 24.26
2427 0.02316460526903418 24.27
2428 0.02316331876206351 24.28
2429 0.0231636761714553 24.29
2430 0.02316196118534364 24.3
2431 0.02316022178631244 24.31
2432 0.02315810185591197 24.32
2433 0.02315768864464782 24.33
2434 0.02315571006334793 24.34
2435 0.02315386818158116 24.35
2436 0.02315215494109595 24.36
2437 0.02315062758184178 24.37
2438 0.02314924168156751 24.38
2439 0.02314802590315112 24.39
2440 0.02314691949959135 24.4
2441 0.02314593585638696 24.41
2442 0.02314501294102447 24.42
2443 0.02314417078008726 24.43
2444 0.0231433460785199 24.44
2445 0.02314256005578268 24.45
2446 0.02314183722007288 24.46
2447 0.02314109422706321 24.47
2448 0.02314027194358538 24.48
2449 0.02313941580369317 24.49
2450 0.02313864962996701 24.5
2451 0.02313796032207366 24.51
2452 0.02313702213838013 24.52
2453 0.02313558920933711 24.53
2454 0.02313408339767663 24.54
2455 0.02313257168435487 24.55
2456 0.02313103196509794 24.56
2457 0.02312952515471909 24.57
2458 0.0231280116546003 24.58
2459 0.02312653902295866 24.59
2460 0.02312506947920753 24.6
2461 0.02312364875447097 24.61
2462 0.02312223730933873 24.62
2463 0.02312118093744059 24.63
2464 0.02312175298686127 24.64
2465 0.02312021967587728 24.65
2466 0.02311858209625344 24.66
2467 0.02311694554296624 24.67
2468 0.02311531586497561 24.68
2469 0.02311534561403023 24.69
2470 0.02311352991929194 24.7
2471 0.02311183829417855 24.71
2472 0.0231104455972713 24.72
2473 0.02310916395957084 24.73
2474 0.02310781673977375 24.74
2475 0.02310605714352838 24.75
2476 0.02310456101761021 24.76
2477 0.02310334678847691 24.77
2478 0.0231023404450327 24.78
2479 0.02310376441491388 24.79
2480 0.02310261954579874 24.8
2481 0.0231015458870961 24.81
2482 0.02310048984063332 24.82
2483 0.02309947633604949 24.83
2484 0.02309844492205025 24.84
2485 0.02309952290469342 24.85
2486 0.02309804018443517 24.86
2487 0.023096519439557 24.87
2488 0.02309495768164169 24.88
2489 0.02309342455740647 24.89
2490 0.02309371575987362 24.9
2491 0.02309187855209687 24.91
2492 0.0230900371348867 24.92
2493 0.02308827518011836 24.93
2494 0.02308657872752012 24.94
2495 0.02308678210553624 24.95
2496 0.02308492711319393 24.96
2497 0.02308317006812453 24.97
2498 0.02308150100827313 24.98
2499 0.02307997853572522 24.99
2500 0.02307856426648448 25
2501 0.02307729634906122 25.01
2502 0.02307612538701706 25.02
2503 0.02307508367723063 25.03
2504 0.02307431824705469 25.04
2505 0.02307360576299852 25.05
2506 0.02307287137101391 25.06
2507 0.02307214858835002 25.07
2508 0.02307137887754616 25.08
2509 0.02307037543694292 25.09
2510 0.02306942199236571 25.1
2511 0.02306852800751165 25.11
2512 0.02306762773478219 25.12
2513 0.02306674654152684 25.13
2514 0.02306583102707803 25.14
2515 0.02306721375027649 25.15
2516 0.02306516498576116 25.16
2517 0.02306320203088145 25.17
2518 0.02306139036759295 25.18
2519 0.02305980103929828 25.19
2520 0.02305839528848402 25.2
2521 0.0230595829256181 25.21
2522 0.02305793571973256 25.22
2523 0.02305640280611698 25.23
2524 0.023054967149464 25.24
2525 0.02305367576782907 25.25
2526 0.02305248113761385 25.26
2527 0.02305141377986007 25.27
2528 0.02305284613195484 25.28
2529 0.0230513581266898 25.29
2530 0.02304989572805218 25.3
2531 0.02304855304256612 25.31
2532 0.02304731909328154 25.32
2533 0.02304624845262308 25.33
2534 0.02304540648901331 25.34
2535 0.02304710763376039 25.35
2536 0.02304589917183837 25.36
2537 0.02304474654482862 25.37
2538 0.02304363849655983 25.38
2539 0.02304262946600707 25.39
2540 0.02304167789735721 25.4
2541 0.02304081777193263 25.41
2542 0.02303999528225945 25.42
2543 0.02303924040075683 25.43
2544 0.02303849730793507 25.44
2545 0.02303781822415967 25.45
2546 0.02303711206513059 25.46
2547 0.02303641858746108 25.47
2548 0.02303784481850965 25.48
2549 0.02303652524837596 25.49
2550 0.02303511271236745 25.5
2551 0.02303370419906799 25.51
2552 0.02303227690841274 25.52
2553 0.02303288818902063 25.53
2554 0.02303090866670198 25.54
2555 0.0230290341223567 25.55
2556 0.02302728896533882 25.56
2557 0.02302757093188822 25.57
2558 0.02302580935895618 25.58
2559 0.02302424655746673 25.59
2560 0.0230247094158633 25.6
2561 0.02302312929190229 25.61
2562 0.02302168289382905 25.62
2563 0.02302043028073536 25.63
2564 0.02302125687982991 25.64
2565 0.02301989353344368 25.65
2566 0.02301862248264834 25.66
2567 0.02301773234731097 25.67
2568 0.02301687275843229 25.68
2569 0.02301609701885871 25.69
2570 0.02301537358425085 25.7
2571 0.02301474481944647 25.71
2572 0.02301416404154001 25.72
2573 0.02301366183926512 25.73
2574 0.02301317960353905 25.74
2575 0.02301273807366679 25.75
2576 0.023012272455712 25.76
2577 0.02301184787366275 25.77
2578 0.0230113536836704 25.78
2579 0.02301082417475272 25.79
2580 0.02301020879789346 25.8
2581 0.02300954305576765 25.81
2582 0.0230087768212421 25.82
2583 0.02300794637052926 25.83
2584 0.023007104842979 25.84
2585 0.02300616865237354 25.85
2586 0.0230051074474292 25.86
2587 0.02300398068536223 25.87
2588 0.0230027694782532 25.88
2589 0.02300154048191755 25.89
2590 0.02300014031922452 25.9
2591 0.0229988218844175 25.91
2592 0.0229975618407796 25.92
2593 0.02299640472646686 25.93
2594 0.02299536464072817 25.94
2595 0.02299444775995439 25.95
2596 0.02299361008202856 25.96
2597 0.02299286920956519 25.97
2598 0.0229921564248956 25.98
2599 0.02299147670975921 25.99
2600 0.0229908167114288 26
2601 0.02299020663039857 26.01
2602 0.02298959164524029 26.02
2603 0.02298900263475226 26.03
2604 0.0229883905791453 26.04
2605 0.02298779288790815 26.05
2606 0.02298716533558666 26.06
2607 0.02298654713583425 26.07
2608 0.02298589381740374 26.08
2609 0.02298523937579554 26.09
2610 0.02298459242533941 26.1
2611 0.02298391998730801 26.11
2612 0.02298318382571197 26.12
2613 0.02298243327679454 26.13
2614 0.02298163570624497 26.14
2615 0.02298084247739925 26.15
2616 0.02298001936060529 26.16
2617 0.0229791917296226 26.17
2618 0.0229783508866986 26.18
2619 0.02297753454427461 26.19
2620 0.02297669470678916 26.2
2621 0.02297586579490688 26.21
2622 0.02297499805076976 26.22
2623 0.02297444386285516 26.23
2624 0.02297375681538902 26.24
2625 0.02297297432083769 26.25
2626 0.02297205846134718 26.26
2627 0.02297044225833903 26.27
2628 0.02296890182816015 26.28
2629 0.02296749965578056 26.29
2630 0.02296645054440928 26.3
2631 0.02296550091775628 26.31
2632 0.02296459817789781 26.32
2633 0.0229637669685718 26.33
2634 0.02296294500731226 26.34
2635 0.02296200440734821 26.35
2636 0.0229610072520009 26.36
2637 0.02296000917485114 26.37
2638 0.02295898735835486 26.38
2639 0.02295800482748193 26.39
2640 0.02295770653829673 26.4
2641 0.02295729273769343 26.41
2642 0.02295665089404449 26.42
2643 0.02295600671774553 26.43
2644 0.02295532641367006 26.44
2645 0.02295461556865705 26.45
2646 0.0229538012543555 26.46
2647 0.02295290277973551 26.47
2648 0.02295187019432713 26.48
2649 0.02295075303247459 26.49
2650 0.02294963667172491 26.5
2651 0.0229484546776629 26.51
2652 0.02294730541696832 26.52
2653 0.02294630387598621 26.53
2654 0.02294519125282093 26.54
2655 0.02294405248709815 26.55
2656 0.02294288077297241 26.56
2657 0.02294174349435319 26.57
2658 0.02294061436709004 26.58
2659 0.02293954449902482 26.59
2660 0.0229387453239408 26.6
2661 0.02293803926139563 26.61
2662 0.02293727051753353 26.62
2663 0.02293649804971585 26.63
2664 0.02293567451039883 26.64
2665 0.02293483603836948 26.65
2666 0.0229339328584985 26.66
2667 0.02293300234555646 26.67
2668 0.02293102499357718 26.68
2669 0.02292925909292668 26.69
2670 0.02292768338492133 26.7
2671 0.02292650410201818 26.71
2672 0.02292544175631844 26.72
2673 0.02292451842928691 26.73
2674 0.02292365617898259 26.74
2675 0.02292286699598766 26.75
2676 0.0229220766792702 26.76
2677 0.02292127081552328 26.77
2678 0.02292032614966163 26.78
2679 0.02291934024943513 26.79
2680 0.02291826240717412 26.8
2681 0.02291713417604117 26.81
2682 0.02291591926100975 26.82
2683 0.02291467119991046 26.83
2684 0.02291346273442019 26.84
2685 0.02291223850030718 26.85
2686 0.02291119432442801 26.86
2687 0.02291003022658274 26.87
2688 0.02290874127657857 26.88
2689 0.0229074042070701 26.89
2690 0.02290602394719481 26.9
2691 0.02290468561989805 26.91
2692 0.02290334289507809 26.92
2693 0.02290208221051612 26.93
2694 0.0229008643907375 26.94
2695 0.02289972836283679 26.95
2696 0.02289862217098153 26.96
2697 0.02289757628312533 26.97
2698 0.02289653401251614 26.98
2699 0.02289552390073435 26.99
2700 0.02289448964701303 27
2701 0.02289346243103831 27.01
2702 0.02289238985683551 27.02
2703 0.02289130782619439 27.03
2704 0.02289016903506579 27.04
2705 0.02288901459898359 27.05
2706 0.02288780242861693 27.06
2707 0.0228865780619576 27.07
2708 0.02288537121361245 27.08
2709 0.02288437421871085 27.09
2710 0.02288362828437755 27.1
2711 0.02288278517902621 27.11
2712 0.02288176076108173 27.12
2713 0.02288058917948852 27.13
2714 0.02287923092842776 27.14
2715 0.02287775849777486 27.15
2716 0.02287617165040642 27.16
2717 0.02287464968050361 27.17
2718 0.02287301509592893 27.18
2719 0.02287137419696009 27.19
2720 0.02286974058768977 27.2
2721 0.02286819922187854 27.21
2722 0.02286674000567069 27.22
2723 0.02286541051955818 27.23
2724 0.02286420897217256 27.24
2725 0.02286290211034461 27.25
2726 0.02286175539854825 27.26
2727 0.02286076571631851 27.27
2728 0.02285984064251023 27.28
2729 0.02285897546882806 27.29
2730 0.02285808633700152 27.3
2731 0.02285718521048081 27.31
2732 0.02285620829658161 27.32
2733 0.02285518742414415 27.33
2734 0.02285407609408898 27.34
2735 0.02285292036963546 27.35
2736 0.02285168406800185 27.36
2737 0.02285043310904653 27.37
2738 0.02284911466179742 27.38
2739 0.02284778199757477 27.39
2740 0.02284640386820044 27.4
2741 0.02284503438922752 27.41
2742 0.02284364008858427 27.42
2743 0.02284227198406365 27.43
2744 0.02284089312600486 27.44
2745 0.02283955065256497 27.45
2746 0.02283820359192307 27.46
2747 0.0228368950926208 27.47
2748 0.02283558041606239 27.48
2749 0.02283429918661769 27.49
2750 0.02283300416355773 27.5
2751 0.02283174255788884 27.51
2752 0.0228304731779768 27.52
2753 0.02282923848133905 27.53
2754 0.02282797034578161 27.54
2755 0.02282673621828491 27.55
2756 0.02282548128551886 27.56
2757 0.02282423501374588 27.57
2758 0.02282294194629249 27.58
2759 0.02282112336352676 27.59
2760 0.02281932882272071 27.6
2761 0.02281785430929317 27.61
2762 0.02281643211463141 27.62
2763 0.0228151135291591 27.63
2764 0.02281385506639825 27.64
2765 0.0228126910239274 27.65
2766 0.02281184785254947 27.66
2767 0.02281100429080664 27.67
2768 0.02281002580448087 27.68
2769 0.02280896059128934 27.69
2770 0.02280778472817582 27.7
2771 0.02280657064530726 27.71
2772 0.02280530891705135 27.72
2773 0.02280407254359928 27.73
2774 0.02280284021176283 27.74
2775 0.02280175400608234 27.75
2776 0.02280068791081341 27.76
2777 0.02279967002147744 27.77
2778 0.02279825211105719 27.78
2779 0.02279694569533459 27.79
2780 0.02279571069766534 27.8
2781 0.02279458680775452 27.81
2782 0.02279351823376174 27.82
2783 0.0227925335530311 27.83
2784 0.02279155424146008 27.84
2785 0.02279060585281509 27.85
2786 0.02278960415974185 27.86
2787 0.02278857808634985 27.87
2788 0.0227874740069805 27.88
2789 0.02278632961742611 27.89
2790 0.02278461842926126 27.9
2791 0.02278298228031927 27.91
2792 0.02278167111776614 27.92
2793 0.02278042592377915 27.93
2794 0.02277919902036991 27.94
2795 0.02277774065701971 27.95
2796 0.02277637698710133 27.96
2797 0.02277507742479545 27.97
2798 0.02277382556016958 27.98
2799 0.02277261994808387 27.99
2800 0.02277139302548545 28
2801 0.02276962614841842 28.01
2802 0.02276798025382345 28.02
2803 0.02276647863411345 28.03
2804 0.02276512495290928 28.04
2805 0.02276395455873051 28.05
2806 0.02276288337951559 28.06
2807 0.02276195370569343 28.07
2808 0.02276168167003949 28.08
2809 0.02276130154420389 28.09
2810 0.02276073650669242 28.1
2811 0.02276001442837899 28.11
2812 0.0227590980382124 28.12
2813 0.02275805071756878 28.13
2814 0.02275686238098089 28.14
2815 0.02275561248127723 28.15
2816 0.02275431125583364 28.16
2817 0.02275301443723708 28.17
2818 0.02275170727342039 28.18
2819 0.02275045208069725 28.19
2820 0.02274921916192733 28.2
2821 0.0227480410209832 28.21
2822 0.02274689030912593 28.22
2823 0.02274577929320612 28.23
2824 0.02274469709624724 28.24
2825 0.02274367054305448 28.25
2826 0.02274302643759641 28.26
2827 0.02274232342026657 28.27
2828 0.02274135449251079 28.28
2829 0.02274079699879585 28.29
2830 0.02274006806927393 28.3
2831 0.02273861064671657 28.31
2832 0.02273713762255327 28.32
2833 0.02273571818128794 28.33
2834 0.02273433741974572 28.34
2835 0.02273305671454487 28.35
2836 0.02273184339955623 28.36
2837 0.02273073705609137 28.37
2838 0.02272968498437199 28.38
2839 0.022728711625064 28.39
2840 0.0227277554018304 28.4
2841 0.02272683737406904 28.41
2842 0.02272592627117265 28.42
2843 0.02272452775909941 28.43
2844 0.0227232476229597 28.44
2845 0.022722115403772 28.45
2846 0.02272106453073764 28.46
2847 0.02272010858235426 28.47
2848 0.02271918207421669 28.48
2849 0.02271828584277339 28.49
2850 0.02271735954929881 28.5
2851 0.02271643232981948 28.51
2852 0.02271545791300979 28.52
2853 0.02271448016150028 28.53
2854 0.02271319790509513 28.54
2855 0.02271196261014482 28.55
2856 0.02271077135577081 28.56
2857 0.02270968147959444 28.57
2858 0.02270865993208637 28.58
2859 0.02270776484495295 28.59
2860 0.02270663647881133 28.6
2861 0.02270558737192582 28.61
2862 0.02270458110764258 28.62
2863 0.02270348320465491 28.63
2864 0.02270264240091016 28.64
2865 0.02270192019460573 28.65
2866 0.02270123730227722 28.66
2867 0.02270058847850719 28.67
2868 0.02269988712415857 28.68
2869 0.0226991344356856 28.69
2870 0.02269818527561821 28.7
2871 0.02269713870930584 28.71
2872 0.022695927232162 28.72
2873 0.02269467758719167 28.73
2874 0.02269337103575825 28.74
2875 0.02269206633008941 28.75
2876 0.02269079773185024 28.76
2877 0.02268953034576893 28.77
2878 0.02268824973841541 28.78
2879 0.02268698328548953 28.79
2880 0.02268570058658223 28.8
2881 0.02268445007108957 28.81
2882 0.02268319830890431 28.82
2883 0.0226820063226401 28.83
2884 0.02268083457508559 28.84
2885 0.02267972502372924 28.85
2886 0.02267863749818042 28.86
2887 0.02267760942927665 28.87
2888 0.0226765964747116 28.88
2889 0.02267552658238621 28.89
2890 0.02267447738192039 28.9
2891 0.02267348812968673 28.91
2892 0.02267251727705682 28.92
2893 0.02267160149399958 28.93
2894 0.02267069541483568 28.94
2895 0.02266983133795829 28.95
2896 0.02266895948646271 28.96
2897 0.02266810806692501 28.97
2898 0.0226672257849517 28.98
2899 0.02266634158009949 28.99
2900 0.02266542013773257 29
2901 0.02266465149847013 29.01
2902 0.02266378471754908 29.02
2903 0.02266285212668705 29.03
2904 0.02266181638334634 29.04
2905 0.02266071985179462 29.05
2906 0.0226596909336846 29.06
2907 0.02265859592161759 29.07
2908 0.02265722348348021 29.08
2909 0.02265599894800176 29.09
2910 0.02265496353772616 29.1
2911 0.02265399142958852 29.11
2912 0.02265298478497865 29.12
2913 0.02265194065564116 29.13
2914 0.0226507964253184 29.14
2915 0.02264958560953532 29.15
2916 0.02264820763551912 29.16
2917 0.02264682843482351 29.17
2918 0.02264531903156532 29.18
2919 0.02264387564513764 29.19
2920 0.0226424750266238 29.2
2921 0.02264116936606865 29.21
2922 0.02263999854270763 29.22
2923 0.02263895604919909 29.23
2924 0.02263798281137666 29.24
2925 0.02263710503065946 29.25
2926 0.02263626435460543 29.26
2927 0.02263546646013244 29.27
2928 0.02263466959992102 29.28
2929 0.02263388518737859 29.29
2930 0.02263309680596319 29.3
2931 0.02263225619762785 29.31
2932 0.02263111744966217 29.32
2933 0.02262997217958694 29.33
2934 0.0226287819583286 29.34
2935 0.02262759021764795 29.35
2936 0.02262651682180171 29.36
2937 0.02262538227812356 29.37
2938 0.02262419620221257 29.38
2939 0.02262299810941417 29.39
2940 0.02262175314559066 29.4
2941 0.0226205312478662 29.41
2942 0.02261925305075103 29.42
2943 0.02261796551865898 29.43
2944 0.0226166394206575 29.44
2945 0.02261532268458288 29.45
2946 0.02261398812147 29.46
2947 0.02261267968802645 29.47
2948 0.02261133474916991 29.48
2949 0.02261003455464545 29.49
2950 0.02260873810836082 29.5
2951 0.02260748071031456 29.51
2952 0.02260622102363357 29.52
2953 0.02260499402554266 29.53
2954 0.02260360447265519 29.54
2955 0.02260242817603513 29.55
2956 0.02260124074298924 29.56
2957 0.02260012277798677 29.57
2958 0.02259897464349379 29.58
2959 0.0225978695253457 29.59
2960 0.02259672000317356 29.6
2961 0.02259556418191228 29.61
2962 0.0225943678958314 29.62
2963 0.02259317480940892 29.63
2964 0.02259195512695739 29.64
2965 0.0225907576456975 29.65
2966 0.02258954980163846 29.66
2967 0.02258837459043674 29.67
2968 0.0225873369176025 29.68
2969 0.0225863304263924 29.69
2970 0.0225853423590188 29.7
2971 0.02258438314621723 29.71
2972 0.02258341766312076 29.72
2973 0.02258245737236872 29.73
2974 0.02258142537872405 29.74
2975 0.02258032950735888 29.75
2976 0.02257911765528121 29.76
2977 0.02257782714224062 29.77
2978 0.02257644366629886 29.78
2979 0.0225750129558074 29.79
2980 0.02257352510958471 29.8
2981 0.0225720864800544 29.81
2982 0.02257030354808413 29.82
2983 0.02256866649097916 29.83
2984 0.02256718770131073 29.84
2985 0.02256583452164308 29.85
2986 0.02256441260799506 29.86
2987 0.02256309502447328 29.87
2988 0.02256188431439999 29.88
2989 0.02256078549793036 29.89
2990 0.02255972588182249 29.9
2991 0.02255870685712706 29.91
2992 0.02255766017661056 29.92
2993 0.02255659733832564 29.93
2994 0.02255546413321058 29.94
2995 0.02255428770848581 29.95
2996 0.02255301978263853 29.96
2997 0.02255171143936589 29.97
2998 0.02255033670026179 29.98
2999 0.02254894651563682 29.99
3000 0.02254752055001935 30
