"cl-rfile"
"Time Step" "cl etc.."
("Time Step" "cl" "flow-time")
0 2.566449785625276e-26 0
1 12.30782399943925 0.01
2 -1.972798710580276 0.02
3 0.6063345933782666 0.03
4 -0.637314889994417 0.04
5 -2.178148534863906 0.05
6 0.9461658055962979 0.06
7 1.447747924213524 0.07000000000000001
8 -0.2269863076007011 0.08
9 0.2002219074229071 0.09
10 -0.3418234370127327 0.1
11 0.06871180065852033 0.11
12 0.07635672074023696 0.12
13 0.3258361496623187 0.13
14 0.06989688491839113 0.14
15 0.03755654166618011 0.15
16 0.06874531451706367 0.16
17 0.07825320051611938 0.17
18 0.08483421104759127 0.18
19 0.08205328422313575 0.19
20 0.0806032639357064 0.2
21 0.07779494699956585 0.21
22 0.04286408009439828 0.22
23 0.073817727127456 0.23
24 0.06309288431232687 0.24
25 0.09632774818165761 0.25
26 0.09137940016980892 0.26
27 0.09232609863915636 0.27
28 0.09753241717415012 0.28
29 0.06848977065952098 0.29
30 0.08726378620383814 0.3
31 0.08613029013592503 0.31
32 0.08611345981373979 0.32
33 0.07734156142414775 0.33
34 0.08787718187530717 0.34
35 0.07806039777294572 0.35
36 0.08298867499047488 0.36
37 0.0844588058088237 0.37
38 0.08514415508580038 0.38
39 0.0888400159048125 0.39
40 0.08988833049886363 0.4
41 0.08908568905491245 0.41
42 0.08976977682033516 0.42
43 0.08919572428798778 0.43
44 0.09136839437108008 0.44
45 0.09073221336768908 0.45
46 0.09160354418833327 0.46
47 0.08947349958948216 0.47
48 0.09105950416100927 0.48
49 0.09262610928692208 0.49
50 0.08843918417933981 0.5
51 0.09301095253668719 0.51
52 0.09117567139677366 0.52
53 0.09171831083808749 0.53
54 0.09244154615400045 0.54
55 0.09347725265856774 0.55
56 0.09412199593284493 0.5600000000000001
57 0.09331408579122492 0.5700000000000001
58 0.09454099562410818 0.58
59 0.09445044858076532 0.59
60 0.09553370722268463 0.6
61 0.0953994743077779 0.61
62 0.09594370653689516 0.62
63 0.09535681859841454 0.63
64 0.09575855525073255 0.64
65 0.0960095781937942 0.65
66 0.09559338592288963 0.66
67 0.09537414621977194 0.67
68 0.09541262189560437 0.68
69 0.09627821383259963 0.6900000000000001
70 0.09661879705641499 0.7000000000000001
71 0.09719296274352612 0.71
72 0.09737494715208653 0.72
73 0.09845302411310931 0.73
74 0.09795339861488916 0.74
75 0.09884890278835329 0.75
76 0.09928501041895817 0.76
77 0.09845233613569385 0.77
78 0.09973470902660064 0.78
79 0.09923717512173311 0.79
80 0.09990257947960969 0.8
81 0.09997331615290682 0.8100000000000001
82 0.1001236809077391 0.8200000000000001
83 0.1003814188851214 0.8300000000000001
84 0.09959092193297778 0.84
85 0.1007665969560861 0.85
86 0.1007053417605549 0.86
87 0.1003029807507763 0.87
88 0.09974921780226098 0.88
89 0.1002168911803443 0.89
90 0.1011058459973035 0.9
91 0.1018143018322257 0.91
92 0.1014809736316143 0.92
93 0.1011884675583204 0.93
94 0.1014777427575112 0.9400000000000001
95 0.1013177420131171 0.9500000000000001
96 0.1012628745356392 0.96
97 0.1015156930177266 0.97
98 0.1018092413673211 0.98
99 0.1026624495369049 0.99
100 0.104073178725302 1
101 0.1032918620266097 1.01
102 0.1036421873301284 1.02
103 0.1039183917511544 1.03
104 0.1037821090808042 1.04
105 0.103440266346209 1.05
106 0.1035235063099707 1.06
107 0.1034528012671855 1.07
108 0.1029969888643171 1.08
109 0.1034374563821908 1.09
110 0.1033043649065827 1.1
111 0.1033596288938696 1.11
112 0.1037877321864707 1.12
113 0.1049908085611057 1.13
114 0.1055370591213034 1.14
115 0.1057570695476487 1.15
116 0.1057346668991954 1.16
117 0.1057377788915615 1.17
118 0.1057139040403179 1.18
119 0.1057481287980297 1.19
120 0.1059806479708122 1.2
121 0.106250728184673 1.21
122 0.1064285746127942 1.22
123 0.1064507641297018 1.23
124 0.106657508007332 1.24
125 0.1070034957629839 1.25
126 0.1068033940103315 1.26
127 0.1064471281831043 1.27
128 0.1062357567511604 1.28
129 0.1062099120514644 1.29
130 0.1063149294795493 1.3
131 0.1065082968205325 1.31
132 0.1068947254889955 1.32
133 0.1070272176925616 1.33
134 0.1073274623970844 1.34
135 0.1071934134214657 1.35
136 0.1073341496741891 1.36
137 0.107463020677872 1.37
138 0.1075135041821275 1.38
139 0.1077113718324379 1.39
140 0.107899457140135 1.4
141 0.1080001218163613 1.41
142 0.108009837766057 1.42
143 0.1082669498269494 1.43
144 0.108294785959242 1.44
145 0.1082555688992674 1.45
146 0.1081848559155024 1.46
147 0.1081941734183465 1.47
148 0.1082604983385016 1.48
149 0.1083992732237608 1.49
150 0.1085940831837795 1.5
151 0.1087885296324721 1.51
152 0.1090144595286241 1.52
153 0.109199915182641 1.53
154 0.1092701826918099 1.54
155 0.1094689929566358 1.55
156 0.1095492553361743 1.56
157 0.1096380584294741 1.57
158 0.1096465328630646 1.58
159 0.1097355867947185 1.59
160 0.1098527032857771 1.6
161 0.1099749742890988 1.61
162 0.1100655369657263 1.62
163 0.1101999730286996 1.63
164 0.11036752676081 1.64
165 0.1104779601816562 1.65
166 0.1105578377762327 1.66
167 0.1106887278684626 1.67
168 0.1109501481370648 1.68
169 0.1111052568286772 1.69
170 0.1112449260778486 1.7
171 0.1112799295855302 1.71
172 0.1112046132687166 1.72
173 0.1112832155390583 1.73
174 0.1112947207662332 1.74
175 0.1113780194398692 1.75
176 0.1114887062994058 1.76
177 0.1116144476320792 1.77
178 0.1117303006176822 1.78
179 0.1118337794879666 1.79
180 0.1119219605539355 1.8
181 0.1120038322282941 1.81
182 0.1120654362630624 1.82
183 0.112110326687504 1.83
184 0.1121484019937947 1.84
185 0.1122102975061445 1.85
186 0.1122233681649492 1.86
187 0.1122378715027662 1.87
188 0.1122766668118105 1.88
189 0.1123637080698259 1.89
190 0.1124417777655431 1.9
191 0.1125012430980553 1.91
192 0.1125287039217462 1.92
193 0.1125905578805547 1.93
194 0.1127310897038389 1.94
195 0.1128240741260653 1.95
196 0.1128732808010917 1.96
197 0.1128678243606167 1.97
198 0.1128125396072891 1.98
199 0.1128338342875762 1.99
200 0.1128993946413796 2
201 0.1129877342896119 2.01
202 0.1130807120395583 2.02
203 0.1131694011338108 2.03
204 0.1132784189587523 2.04
205 0.1133440338204613 2.05
206 0.1133907270460101 2.06
207 0.1133985720313105 2.07
208 0.113446395187986 2.08
209 0.1135089052960226 2.09
210 0.1135731011035122 2.1
211 0.1136529810033943 2.11
212 0.113683411264703 2.12
213 0.1137257735614582 2.13
214 0.1137694351121461 2.14
215 0.1138170693092581 2.15
216 0.1138674885707384 2.16
217 0.1139208527226381 2.17
218 0.1139751719467731 2.18
219 0.1140349612298592 2.19
220 0.1141135953415277 2.2
221 0.1141751967125253 2.21
222 0.1142418247550655 2.22
223 0.1142782913167937 2.23
224 0.1143263343576924 2.24
225 0.1144026375242499 2.25
226 0.1144769559180854 2.26
227 0.1145403822202791 2.27
228 0.1146170303761401 2.28
229 0.1146481098025891 2.29
230 0.1146982140469687 2.3
231 0.11472782464011 2.31
232 0.1147178967707166 2.32
233 0.1147519658220671 2.33
234 0.1147987522143197 2.34
235 0.1148644970696363 2.35
236 0.1149223132501961 2.36
237 0.1149890308612153 2.37
238 0.1150375828701037 2.38
239 0.1150859489752546 2.39
240 0.1151492043864831 2.4
241 0.1152448046693056 2.41
242 0.1152924642533297 2.42
243 0.1153147285932516 2.43
244 0.115319336304024 2.44
245 0.1153207467493018 2.45
246 0.1153318029515121 2.46
247 0.1153519009141955 2.47
248 0.1153622886088216 2.48
249 0.1153914018305566 2.49
250 0.1154283931521935 2.5
251 0.1154667667365441 2.51
252 0.1155065479726253 2.52
253 0.1155482358623061 2.53
254 0.1156120497497909 2.54
255 0.1156818648352164 2.55
256 0.1157372166408051 2.56
257 0.1157654780742331 2.57
258 0.1157869057464851 2.58
259 0.1157983880821409 2.59
260 0.11581109856944 2.6
261 0.1158246065226994 2.61
262 0.1158564836782799 2.62
263 0.1158800802750728 2.63
264 0.1158677727329615 2.64
265 0.1158850878318309 2.65
266 0.1159176191842125 2.66
267 0.1159562886953959 2.67
268 0.1159946801512953 2.68
269 0.1160315398505099 2.69
270 0.1160666788955928 2.7
271 0.1161011716032029 2.71
272 0.1161353317911672 2.72
273 0.1161702350751059 2.73
274 0.1162114921440228 2.74
275 0.1162540999187873 2.75
276 0.1162940511051859 2.76
277 0.1163321092611884 2.77
278 0.1163611508216628 2.78
279 0.1163826905205322 2.79
280 0.1164008957279806 2.8
281 0.1164196336052511 2.81
282 0.1164416615884655 2.82
283 0.1164677118764633 2.83
284 0.1164974761357827 2.84
285 0.1165357834519978 2.85
286 0.1165983886184546 2.86
287 0.116627906519093 2.87
288 0.1166643238980917 2.88
289 0.1167029817068206 2.89
290 0.1167426579803899 2.9
291 0.116773754669531 2.91
292 0.1168170441830025 2.92
293 0.1168597337903583 2.93
294 0.1168982335770155 2.94
295 0.1169252101318784 2.95
296 0.1169487201410719 2.96
297 0.1169728059339022 2.97
298 0.1170007022769338 2.98
299 0.1170119120723717 2.99
300 0.1170528064446461 3
301 0.1170940690695682 3.01
302 0.117123301122542 3.02
303 0.1171594191383804 3.03
304 0.1171984896825553 3.04
305 0.1172264812191097 3.05
306 0.1172620951642908 3.06
307 0.1172971785518159 3.07
308 0.1173415169616241 3.08
309 0.1173901230453778 3.09
310 0.1174356078417811 3.1
311 0.1174729987758248 3.11
312 0.1175027173913647 3.12
313 0.1175231407467577 3.13
314 0.1175354765185607 3.14
315 0.1175427424015523 3.15
316 0.1175598137796541 3.16
317 0.117584008553532 3.17
318 0.1176135405824909 3.18
319 0.117647750150053 3.19
320 0.1176842042675805 3.2
321 0.1177185810551217 3.21
322 0.1177507222731971 3.22
323 0.1177823696935255 3.23
324 0.1178114258814704 3.24
325 0.1178373024594519 3.25
326 0.1178625026924884 3.26
327 0.1178874524306144 3.27
328 0.1179078312195444 3.28
329 0.1179283192062171 3.29
330 0.1179491350369288 3.3
331 0.1179578156872978 3.31
332 0.1179738955035718 3.32
333 0.1179892365852521 3.33
334 0.1180086340682913 3.34
335 0.1180226061928305 3.35
336 0.1180334760138701 3.36
337 0.118047104368522 3.37
338 0.1180568231035921 3.38
339 0.1180749147074958 3.39
340 0.1180861808258006 3.4
341 0.1180963412464366 3.41
342 0.1181086520367058 3.42
343 0.1181237480936736 3.43
344 0.1181415965823304 3.44
345 0.1181561082973004 3.45
346 0.1181673164454981 3.46
347 0.1181745639651218 3.47
348 0.1181738026670629 3.48
349 0.1181678233042598 3.49
350 0.1181582965753234 3.5
351 0.1181463529608759 3.51
352 0.1181363501461501 3.52
353 0.1181299122652733 3.53
354 0.1181320556028354 3.54
355 0.1181299202288328 3.55
356 0.1181343215886126 3.56
357 0.1181487975273643 3.57
358 0.1181457043668765 3.58
359 0.1181375552193232 3.59
360 0.1181269137076818 3.6
361 0.118114991287373 3.61
362 0.1181017617613593 3.62
363 0.118086889053315 3.63
364 0.1180792775465854 3.64
365 0.1180631502549337 3.65
366 0.1180508537283186 3.66
367 0.1180382861084021 3.67
368 0.1180220588890485 3.68
369 0.1180010537438284 3.69
370 0.1179712857125924 3.7
371 0.1179391930193586 3.71
372 0.1179058264052678 3.72
373 0.1178789992377812 3.73
374 0.1178559994112983 3.74
375 0.1178161685468252 3.75
376 0.1177870561840478 3.76
377 0.1177435138677763 3.77
378 0.117693766172269 3.78
379 0.1176438138843227 3.79
380 0.1175938931387817 3.8
381 0.117551375185308 3.81
382 0.1175132188119625 3.82
383 0.1174772410270081 3.83
384 0.1174309074220671 3.84
385 0.1173876105650529 3.85
386 0.1173423726022307 3.86
387 0.1172978279438017 3.87
388 0.1172443227333185 3.88
389 0.1171766497249342 3.89
390 0.1171100553041282 3.9
391 0.1170500347886042 3.91
392 0.1169840593364552 3.92
393 0.116927334802692 3.93
394 0.1168570209166919 3.94
395 0.1167839791112233 3.95
396 0.1167160351797886 3.96
397 0.1166468990818328 3.97
398 0.1165762902240373 3.98
399 0.1165023081531962 3.99
400 0.1164250904974606 4
401 0.1163344359409344 4.01
402 0.1162454903924286 4.02
403 0.1161701023625721 4.03
404 0.1160930631230068 4.04
405 0.1160147171139278 4.05
406 0.1159270450526892 4.06
407 0.1158438652409303 4.07
408 0.1157723368628257 4.08
409 0.1156926770065995 4.09
410 0.115600090135103 4.1
411 0.1155001801605846 4.11
412 0.1153962025010235 4.12
413 0.1152883148857476 4.13
414 0.1151811085299277 4.14
415 0.1150747362112921 4.15
416 0.1149638533276317 4.16
417 0.1148606192471191 4.17
418 0.114757227993737 4.18
419 0.1146503422411101 4.19
420 0.114543439803209 4.2
421 0.1144367867882686 4.21
422 0.1143292104495152 4.22
423 0.1142067994620784 4.23
424 0.1140966027520717 4.24
425 0.1139892041524743 4.25
426 0.1138968956216492 4.26
427 0.1137907154755517 4.27
428 0.1136781775231125 4.28
429 0.1135602227141422 4.29
430 0.1134324817752009 4.3
431 0.1133062224954854 4.31
432 0.1131777880436409 4.32
433 0.1130492599651257 4.33
434 0.1129150407699779 4.34
435 0.1127785587356906 4.350000000000001
436 0.1126440773192295 4.36
437 0.1125099731216418 4.37
438 0.1123735035508264 4.38
439 0.1122360547789134 4.39
440 0.1120983359542543 4.4
441 0.1119601954494938 4.41
442 0.1118215407341236 4.42
443 0.1116826741349466 4.43
444 0.1115389990203988 4.44
445 0.1113955779316808 4.45
446 0.1112535525926117 4.46
447 0.1111095422368934 4.47
448 0.1109647606665046 4.48
449 0.1108316513572022 4.49
450 0.1106880327423141 4.5
451 0.1105419077701401 4.51
452 0.1103913366935876 4.52
453 0.1102386134164587 4.53
454 0.1100813612385883 4.54
455 0.1099247555334593 4.55
456 0.1097673363034688 4.56
457 0.1096048503432578 4.57
458 0.109430251928847 4.58
459 0.109264909200663 4.59
460 0.1091036936762346 4.600000000000001
461 0.1089458034468494 4.61
462 0.1087848420828206 4.62
463 0.1086204900945139 4.63
464 0.108447026257999 4.64
465 0.1082783079796453 4.65
466 0.1081116525098699 4.66
467 0.1079458708806854 4.67
468 0.1077808252660373 4.68
469 0.1076151158337105 4.69
470 0.1074489752945049 4.7
471 0.107280002308969 4.71
472 0.10711180423597 4.72
473 0.1069437382578333 4.73
474 0.1067755014281064 4.74
475 0.1066065602869517 4.75
476 0.1064342774506218 4.76
477 0.1062605123896478 4.77
478 0.1060762324684365 4.78
479 0.1058977848139202 4.79
480 0.1057213102231818 4.8
481 0.1055445872497634 4.81
482 0.1053666139231925 4.82
483 0.1051872840039765 4.83
484 0.1050068472836202 4.84
485 0.1048255013390181 4.850000000000001
486 0.1046432774030376 4.86
487 0.1044607778983122 4.87
488 0.104273558466023 4.88
489 0.1040898129744957 4.89
490 0.1039074003130309 4.9
491 0.1037253397563083 4.91
492 0.1035425968646681 4.92
493 0.103358359890272 4.93
494 0.103175034237753 4.94
495 0.1029892703054718 4.95
496 0.1028026079465023 4.96
497 0.1026188843306685 4.97
498 0.1024307373885187 4.98
499 0.1022434376460658 4.99
500 0.1020563834164387 5
501 0.1018698100543858 5.01
502 0.1016829248985741 5.02
503 0.1014958755678494 5.03
504 0.1013086648683883 5.04
505 0.1011185849516471 5.05
506 0.1009296428111862 5.06
507 0.1007372735326143 5.07
508 0.1005471951691723 5.08
509 0.1003473578386175 5.09
510 0.1001394252627997 5.100000000000001
511 0.09993723888345032 5.11
512 0.09973972349711559 5.12
513 0.09954286956028428 5.13
514 0.09934947952875008 5.14
515 0.09915680447271143 5.15
516 0.0989658984776545 5.16
517 0.09877448706458107 5.17
518 0.09858123648552891 5.18
519 0.09838556732038815 5.19
520 0.09818837034251425 5.2
521 0.09799116430119709 5.21
522 0.09779435975976236 5.22
523 0.09759860571170265 5.23
524 0.09740338285215752 5.24
525 0.0972079580359493 5.25
526 0.09701190321565092 5.26
527 0.09681523364722398 5.27
528 0.09661728031847458 5.28
529 0.09641693438676328 5.29
530 0.09622840540363047 5.3
531 0.09602695325667619 5.31
532 0.09582175729791277 5.32
533 0.09561406934452386 5.33
534 0.09541025230727661 5.34
535 0.09520687822964631 5.350000000000001
536 0.09500408274299514 5.36
537 0.09480220797254178 5.37
538 0.09460222015877927 5.38
539 0.09440197430040158 5.39
540 0.09420092343978666 5.4
541 0.09399971477159305 5.41
542 0.09379840169908649 5.42
543 0.09359691804949427 5.43
544 0.09339536306464667 5.44
545 0.09319182931861107 5.45
546 0.09299050835123253 5.46
547 0.09278925703179887 5.47
548 0.09258712028947727 5.48
549 0.09238536209898049 5.49
550 0.09218392898715323 5.5
551 0.09198291270990894 5.51
552 0.09178202962848565 5.52
553 0.09158107257792332 5.53
554 0.09137992874559862 5.54
555 0.09117769974253979 5.55
556 0.09097486034419532 5.56
557 0.09077234058589388 5.57
558 0.09056795327348195 5.58
559 0.09036081756955504 5.59
560 0.09015332134370348 5.600000000000001
561 0.08994603585368616 5.61
562 0.08973949406153763 5.62
563 0.08953461281095379 5.63
564 0.08932949707874972 5.64
565 0.08912445868618864 5.65
566 0.08891985491855442 5.66
567 0.08871558050981418 5.67
568 0.08851143910459279 5.68
569 0.08830736594865682 5.69
570 0.08810339098688567 5.7
571 0.087900533407542 5.71
572 0.08769189305241688 5.72
573 0.08748599641390134 5.73
574 0.08728140663646768 5.74
575 0.08707728667038696 5.75
576 0.08687426079777738 5.76
577 0.0866702060859831 5.77
578 0.08646607605891538 5.78
579 0.08626213137456459 5.79
580 0.08605716366004608 5.8
581 0.08585002498516417 5.81
582 0.08564126790266145 5.82
583 0.08543206538995557 5.83
584 0.08522259512319265 5.84
585 0.08501283162551104 5.850000000000001
586 0.08480399442686903 5.86
587 0.08459763491217563 5.87
588 0.08439053518969795 5.88
589 0.08418105898871403 5.89
590 0.08397346923685853 5.9
591 0.08376717248368941 5.91
592 0.08356134247324151 5.92
593 0.08335623109206547 5.93
594 0.08315117207553034 5.94
595 0.08294099731432066 5.95
596 0.08273358459066051 5.96
597 0.08252783164798255 5.97
598 0.08232260520053172 5.98
599 0.08211775674637299 5.99
600 0.08191213857186956 6
601 0.08170576454543381 6.01
602 0.08149871999374568 6.02
603 0.08128856613079113 6.03
604 0.08108039396976788 6.04
605 0.08087323057626621 6.05
606 0.08066275894177612 6.06
607 0.08045389804131854 6.07
608 0.08024806723293151 6.08
609 0.08004311232024817 6.09
610 0.07983769778596013 6.100000000000001
611 0.07968369236077219 6.11
612 0.07951049765859435 6.12
613 0.07927590503620841 6.13
614 0.07897678837521167 6.140000000000001
615 0.07872638976424 6.15
616 0.07852222098639283 6.16
617 0.07833530160363779 6.17
618 0.078151086271515 6.18
619 0.07796089126727994 6.19
620 0.07776254631333872 6.2
621 0.0775573270881894 6.21
622 0.07734818238970151 6.22
623 0.0771358907933701 6.23
624 0.07692292035086375 6.24
625 0.07671104173955871 6.25
626 0.07650020725147895 6.26
627 0.07628999431260224 6.27
628 0.07608304083382882 6.28
629 0.07587662474408081 6.29
630 0.07567045053472954 6.3
631 0.07546404783988493 6.31
632 0.07525867357633015 6.32
633 0.07504820123725991 6.33
634 0.07483965281708743 6.34
635 0.07463082007325283 6.350000000000001
636 0.07442084672945534 6.36
637 0.07421300720614459 6.37
638 0.07400508133891529 6.38
639 0.07379609939365325 6.390000000000001
640 0.07358615109738106 6.4
641 0.07337544172484209 6.41
642 0.07316293201348081 6.42
643 0.07303726631496575 6.43
644 0.07286376443325751 6.44
645 0.0726571519262373 6.45
646 0.07242925565045172 6.46
647 0.07219036791971369 6.47
648 0.0719043118435831 6.48
649 0.07158868723971359 6.49
650 0.07135015543199449 6.5
651 0.07110957569251741 6.51
652 0.07093382000336027 6.52
653 0.07077698742633731 6.53
654 0.07061514467268185 6.54
655 0.07043774645553719 6.55
656 0.07024499668754869 6.56
657 0.07003988738077077 6.57
658 0.06982733373719709 6.58
659 0.06960829740241767 6.59
660 0.06938511984848127 6.600000000000001
661 0.06916685509599863 6.61
662 0.06895188137185761 6.62
663 0.06874138749697567 6.63
664 0.06853310504517407 6.640000000000001
665 0.06832593298226096 6.65
666 0.06812922219106311 6.66
667 0.06791960637262805 6.67
668 0.06770726394842527 6.68
669 0.06749535766423542 6.69
670 0.06729003022057174 6.7
671 0.06708057185248024 6.71
672 0.0668843427125019 6.72
673 0.06672591559449861 6.73
674 0.06655549292381574 6.74
675 0.06634844399691917 6.75
676 0.06612156275582962 6.76
677 0.06588222137320925 6.77
678 0.06563472102558146 6.78
679 0.06544256314656975 6.79
680 0.06517655694339537 6.8
681 0.06492143019259851 6.81
682 0.06468467080469376 6.82
683 0.06442939914700775 6.83
684 0.06418345170336223 6.84
685 0.06394692794322052 6.850000000000001
686 0.06375912086413354 6.86
687 0.06359731586841594 6.87
688 0.06344185217427718 6.88
689 0.06327489867721042 6.890000000000001
690 0.0630827321856719 6.9
691 0.06287573444407626 6.91
692 0.06265659934198435 6.92
693 0.0624330687747326 6.93
694 0.06220927735760127 6.94
695 0.06198291714621774 6.95
696 0.06180016739806778 6.96
697 0.06159518085388001 6.97
698 0.06140354271792524 6.98
699 0.06121810044802092 6.99
700 0.06097841801763592 7
701 0.06077048143892046 7.01
702 0.06052023544633076 7.02
703 0.06031319681677381 7.03
704 0.0600954457320815 7.04
705 0.05984770289866752 7.05
706 0.05964757069157063 7.06
707 0.05942116096833965 7.07
708 0.05921350449093367 7.08
709 0.05900612789416961 7.09
710 0.05879749549907519 7.100000000000001
711 0.05858596291612828 7.11
712 0.05837258589199238 7.12
713 0.05815871799481873 7.13
714 0.05793753328980367 7.140000000000001
715 0.05774644755340635 7.15
716 0.05751246369527368 7.16
717 0.0572881280824169 7.17
718 0.05707052485274418 7.18
719 0.05688251525702212 7.19
720 0.0566568311271252 7.2
721 0.05646376902758093 7.21
722 0.05625563600765845 7.22
723 0.05603958992660126 7.23
724 0.05578656479889449 7.24
725 0.05561537970815863 7.25
726 0.05534956444055837 7.26
727 0.05514067132700548 7.27
728 0.05491135781219079 7.28
729 0.0546937456522346 7.29
730 0.05445534972848175 7.3
731 0.05428881583366537 7.31
732 0.05403955066370722 7.32
733 0.05386863247252614 7.33
734 0.05367291832820442 7.34
735 0.05342382854234911 7.350000000000001
736 0.05318858588962865 7.36
737 0.05296162178346651 7.37
738 0.05277029118714163 7.38
739 0.05253157216491252 7.390000000000001
740 0.05229592852242677 7.4
741 0.05207107640881607 7.41
742 0.05185375084409663 7.42
743 0.05164113469775936 7.43
744 0.05144356734053471 7.44
745 0.05126282499271614 7.45
746 0.05104352057313224 7.46
747 0.05081711531316484 7.47
748 0.05059064643630085 7.48
749 0.05036564863149914 7.49
750 0.05013850948835054 7.5
751 0.04991060394773894 7.51
752 0.04964913534025962 7.52
753 0.0494445053057492 7.53
754 0.04923389386460204 7.54
755 0.04901802802667009 7.55
756 0.04880084299004055 7.56
757 0.04858160661570402 7.57
758 0.04839746207171977 7.58
759 0.04815448725174955 7.59
760 0.04795833377427258 7.600000000000001
761 0.04770926667466198 7.61
762 0.04751184107844814 7.62
763 0.04725937109036178 7.63
764 0.0470630948183576 7.640000000000001
765 0.04680655002108647 7.65
766 0.04660737833684387 7.66
767 0.04635371246641866 7.67
768 0.04615440846426425 7.68
769 0.04590072861941447 7.69
770 0.04566420024388231 7.7
771 0.04543669123295367 7.71
772 0.04521480539806465 7.72
773 0.04499527373739182 7.73
774 0.04477676394457426 7.74
775 0.04455813258083931 7.75
776 0.04433752178204795 7.76
777 0.04411457743838686 7.77
778 0.04388786492369674 7.78
779 0.04365977550813751 7.79
780 0.04343074606250023 7.8
781 0.04320242925737833 7.81
782 0.04297227639091596 7.82
783 0.04274295904829001 7.83
784 0.04251748469082776 7.84
785 0.04228982563608336 7.850000000000001
786 0.04206137203893834 7.86
787 0.0418322413283396 7.87
788 0.04160249304517117 7.88
789 0.04141160302964741 7.890000000000001
790 0.04119789934933783 7.9
791 0.04097153900280991 7.91
792 0.04073507983237269 7.92
793 0.04049346503145082 7.930000000000001
794 0.04024955697495546 7.94
795 0.04000680166363351 7.95
796 0.03976656222650849 7.96
797 0.03952834620933645 7.97
798 0.03928967924043407 7.98
799 0.03901588630166022 7.99
800 0.03881337437140349 8
801 0.03860377242206128 8.01
802 0.03834705993811648 8.02
803 0.03814475673036283 8.029999999999999
804 0.03789252110843758 8.040000000000001
805 0.03766575380892612 8.050000000000001
806 0.03743482128198502 8.06
807 0.03724213498319251 8.07
808 0.03699555850569271 8.08
809 0.03679297252880005 8.09
810 0.03657047069927324 8.1
811 0.03628742973208005 8.109999999999999
812 0.03607188718651452 8.120000000000001
813 0.03584335076541947 8.130000000000001
814 0.03559910696687438 8.140000000000001
815 0.03534969014735882 8.15
816 0.03509578221615636 8.16
817 0.03484783053019287 8.17
818 0.03460582560046399 8.18
819 0.034362395900185 8.19
820 0.03412698544414702 8.199999999999999
821 0.03389642297838612 8.210000000000001
822 0.03367509993463603 8.220000000000001
823 0.03344859577324973 8.23
824 0.03326457755715572 8.24
825 0.03300264899559869 8.25
826 0.03280315118429196 8.26
827 0.03252248078440492 8.27
828 0.03231390683917391 8.279999999999999
829 0.0320259909878641 8.290000000000001
830 0.0317554863274603 8.300000000000001
831 0.03150660164599747 8.31
832 0.0313087701331252 8.32
833 0.03103968528245999 8.33
834 0.03079370465804303 8.34
835 0.03059926544519109 8.35
836 0.03033707766204543 8.359999999999999
837 0.0301383575123674 8.370000000000001
838 0.02985671741778381 8.380000000000001
839 0.02964384555730264 8.390000000000001
840 0.02936078169010191 8.4
841 0.02909557144403543 8.41
842 0.02884447986146613 8.42
843 0.0286049939864014 8.43
844 0.02837154143559372 8.44
845 0.02813618707690958 8.449999999999999
846 0.02789951305455288 8.460000000000001
847 0.02762453315816496 8.470000000000001
848 0.02741086237666125 8.48
849 0.02718440671708917 8.49
850 0.02695052163418644 8.5
851 0.02667103833968089 8.51
852 0.02644772476396068 8.52
853 0.0262126832866148 8.529999999999999
854 0.0259781609622566 8.540000000000001
855 0.02573570100359522 8.550000000000001
856 0.02548861845961336 8.56
857 0.02524154313915206 8.57
858 0.0250454604375836 8.58
859 0.02476583745951572 8.59
860 0.02449706985476283 8.6
861 0.02428738333734433 8.609999999999999
862 0.02400139487303894 8.620000000000001
863 0.02373302206442946 8.630000000000001
864 0.02353003411944773 8.640000000000001
865 0.02324717180529752 8.65
866 0.02298811413004111 8.66
867 0.02278371576127238 8.67
868 0.02250940181449449 8.68
869 0.0223051026192715 8.69
870 0.02202103419638508 8.700000000000001
871 0.02181231490394979 8.710000000000001
872 0.02157650431639926 8.720000000000001
873 0.02126955634138076 8.73
874 0.02105113170760442 8.74
875 0.02081344648261208 8.75
876 0.02057417035716148 8.76
877 0.02033163880196169 8.77
878 0.02007547458483459 8.779999999999999
879 0.01981832372903001 8.790000000000001
880 0.01955770856042227 8.800000000000001
881 0.01930274165462263 8.81
882 0.01904631298247818 8.82
883 0.0187150913232385 8.83
884 0.01848342370157066 8.84
885 0.01818814636110687 8.85
886 0.01797618279628542 8.859999999999999
887 0.01769952922689303 8.870000000000001
888 0.0175004229261324 8.880000000000001
889 0.01722890361774661 8.890000000000001
890 0.01697720100951476 8.9
891 0.01673668595213364 8.91
892 0.01650501717796258 8.92
893 0.01627121280737853 8.93
894 0.01602427170107878 8.94
895 0.01577133506577462 8.950000000000001
896 0.01551797700949799 8.960000000000001
897 0.01527469671009525 8.970000000000001
898 0.01502907780975722 8.98
899 0.01483227877827102 8.99
900 0.01455118925730561 9
901 0.01427913608474771 9.01
902 0.01406333405248941 9.02
903 0.01376960424412001 9.029999999999999
904 0.01348941622596181 9.040000000000001
905 0.01327860398228787 9.050000000000001
906 0.01300260057106826 9.06
907 0.01274244408701057 9.07
908 0.01254056634956886 9.08
909 0.01226069347984872 9.09
910 0.01199735301238822 9.1
911 0.01174026929268302 9.109999999999999
912 0.0115336251725313 9.120000000000001
913 0.01125062841404614 9.130000000000001
914 0.01098813571666532 9.140000000000001
915 0.01077713918556689 9.15
916 0.01049695133495561 9.16
917 0.01022989251476603 9.17
918 0.01002652432788584 9.18
919 0.009749579564774444 9.19
920 0.00953740215107093 9.200000000000001
921 0.009243524553736279 9.210000000000001
922 0.009021345758939394 9.220000000000001
923 0.008768426074493645 9.23
924 0.008451773080884059 9.24
925 0.008235393158419074 9.25
926 0.008006185473016696 9.26
927 0.00776681189918896 9.27
928 0.007547533384993454 9.279999999999999
929 0.007310673511314361 9.290000000000001
930 0.007059195437151645 9.300000000000001
931 0.006797227393314976 9.31
932 0.006530713060700805 9.32
933 0.00626083124820717 9.33
934 0.005991912337508352 9.34
935 0.005725555042997042 9.35
936 0.005460477415203375 9.359999999999999
937 0.005201768365217648 9.370000000000001
938 0.004874406933470125 9.380000000000001
939 0.004655248240265315 9.390000000000001
940 0.004436572814122543 9.4
941 0.004215002012856269 9.41
942 0.003994313333051161 9.42
943 0.00375689884292158 9.43
944 0.00351302132627091 9.44
945 0.003263626126286481 9.450000000000001
946 0.003015922405960002 9.460000000000001
947 0.002764697527117784 9.470000000000001
948 0.002511452116786077 9.48
949 0.002245160098005031 9.49
950 0.001981592051445573 9.5
951 0.001721563795643724 9.51
952 0.001391301765376435 9.52
953 0.001176632345300047 9.529999999999999
954 0.0009549869836884763 9.540000000000001
955 0.0007299684954060442 9.550000000000001
956 0.0004328389872408946 9.56
957 0.0002285790707058626 9.57
958 1.333416878498894e-05 9.58
959 -0.0002776557076861259 9.59
960 -0.0004821665755332845 9.6
961 -0.0007628839984441141 9.609999999999999
962 -0.0009616052830895014 9.620000000000001
963 -0.001242343283985883 9.630000000000001
964 -0.001442852908260844 9.640000000000001
965 -0.001727143400879436 9.65
966 -0.001928460736333601 9.66
967 -0.002220872681889225 9.67
968 -0.002424587770887244 9.68
969 -0.002645315248741565 9.69
970 -0.002949747895213143 9.700000000000001
971 -0.003160633410161278 9.710000000000001
972 -0.00338820052176102 9.720000000000001
973 -0.003627139226206175 9.73
974 -0.0039480458153294 9.74
975 -0.004167728885937569 9.75
976 -0.004395097001589104 9.76
977 -0.004628316838748666 9.77
978 -0.00486645221697212 9.779999999999999
979 -0.005131212356895993 9.790000000000001
980 -0.00538829912288727 9.800000000000001
981 -0.005638711525220747 9.81
982 -0.005881942854054373 9.82
983 -0.006123000803800389 9.83
984 -0.006350475769877232 9.84
985 -0.006577349040510762 9.85
986 -0.006797209377672438 9.859999999999999
987 -0.007022063945954315 9.870000000000001
988 -0.007255847583859969 9.880000000000001
989 -0.007493635425430798 9.890000000000001
990 -0.00766392785704433 9.9
991 -0.007938848122597006 9.91
992 -0.008224206735727609 9.92
993 -0.00849742183783108 9.93
994 -0.008756320208111039 9.94
995 -0.009003397941808423 9.950000000000001
996 -0.009253336986302541 9.960000000000001
997 -0.009494719672370724 9.970000000000001
998 -0.009724970904550724 9.98
999 -0.009946094255855301 9.99
1000 -0.01015160262129938 10
1001 -0.01035042680594915 10.01
1002 -0.01055622339753984 10.02
1003 -0.01077780598887544 10.03
1004 -0.01101029653833108 10.04
1005 -0.01124164875373985 10.05
1006 -0.01144408443938913 10.06
1007 -0.01172315280308011 10.07
1008 -0.0119240357455362 10.08
1009 -0.01213965734103563 10.09
1010 -0.0123717680297149 10.1
1011 -0.01267859803144473 10.11
1012 -0.01289552457484787 10.12
1013 -0.01311523444088162 10.13
1014 -0.01339928450529885 10.14
1015 -0.01360314530210762 10.15
1016 -0.01381191353247771 10.16
1017 -0.01402266874855563 10.17
1018 -0.01429513816769369 10.18
1019 -0.01448796741526244 10.19
1020 -0.01469993661192494 10.2
1021 -0.01497668024486897 10.21
1022 -0.01517156952543932 10.22
1023 -0.01537357377542877 10.23
1024 -0.01558126472523303 10.24
1025 -0.01578801937797297 10.25
1026 -0.01606649679481042 10.26
1027 -0.01626416988570706 10.27
1028 -0.0164693232752961 10.28
1029 -0.01666370804251417 10.29
1030 -0.01686821706970948 10.3
1031 -0.01708065593086321 10.31
1032 -0.01729809487789167 10.32
1033 -0.01753573300648645 10.33
1034 -0.0177726814196057 10.34
1035 -0.01800696694945833 10.35
1036 -0.01823672339377994 10.36
1037 -0.0184534235446607 10.37
1038 -0.01866739644261074 10.38
1039 -0.01887930272731188 10.39
1040 -0.01908801087579469 10.4
1041 -0.01929579284682433 10.41
1042 -0.01951560851333223 10.42
1043 -0.0197371327018885 10.43
1044 -0.0199543645315684 10.44
1045 -0.02016384730735528 10.45
1046 -0.02037181208705703 10.46
1047 -0.02058286346323104 10.47
1048 -0.02079398988057687 10.48
1049 -0.02100306544771366 10.49
1050 -0.02121046891694744 10.5
1051 -0.02141132050098395 10.51
1052 -0.02161508022663715 10.52
1053 -0.02175858995817044 10.53
1054 -0.02198594733802256 10.54
1055 -0.02219976698828637 10.55
1056 -0.02241365497175619 10.56
1057 -0.02255099696635525 10.57
1058 -0.02279518334671597 10.58
1059 -0.02304037248194917 10.59
1060 -0.02319897998556854 10.6
1061 -0.02345225746854145 10.61
1062 -0.02369011452958462 10.62
1063 -0.02392180636066712 10.63
1064 -0.02413942466593678 10.64
1065 -0.0243455414320546 10.65
1066 -0.0245457089556789 10.66
1067 -0.02473853019397221 10.67
1068 -0.02492638787687762 10.68
1069 -0.0251117891611047 10.69
1070 -0.02529724125045384 10.7
1071 -0.02548208118906465 10.71
1072 -0.02566642819845001 10.72
1073 -0.02585298928191462 10.73
1074 -0.02604199843483954 10.74
1075 -0.02623245767983087 10.75
1076 -0.02642519294004597 10.76
1077 -0.02661990611806996 10.77
1078 -0.02674972633301572 10.78
1079 -0.02697981481844445 10.79
1080 -0.02720076453704719 10.8
1081 -0.027347074926867 10.81
1082 -0.02759071282226858 10.82
1083 -0.0277977435513786 10.83
1084 -0.02792856103435356 10.84
1085 -0.0281549420750088 10.85
1086 -0.02836900909706086 10.86
1087 -0.02858848788948757 10.87
1088 -0.02879538682501147 10.88
1089 -0.02901409861632514 10.89
1090 -0.02921655119516166 10.9
1091 -0.0294043558118659 10.91
1092 -0.02958067787832027 10.92
1093 -0.0297401714925128 10.93
1094 -0.02990010727357532 10.94
1095 -0.0300604372349394 10.95
1096 -0.03022310993549003 10.96
1097 -0.03034258401704221 10.97
1098 -0.03054025141956191 10.98
1099 -0.03073400327552225 10.99
1100 -0.03092762204437064 11
1101 -0.03112233385353827 11.01
1102 -0.03125808298124252 11.02
1103 -0.03147315310579497 11.03
1104 -0.03167770076068244 11.04
1105 -0.03187309844324213 11.05
1106 -0.03200908732946556 11.06
1107 -0.03221915410003041 11.07
1108 -0.03241604846641756 11.08
1109 -0.03255011075439175 11.09
1110 -0.03275714140034635 11.1
1111 -0.03294923808549232 11.11
1112 -0.03312379234942461 11.12
1113 -0.03329512042048667 11.13
1114 -0.03341495435198744 11.14
1115 -0.03361045538511082 11.15
1116 -0.03379775832851396 11.16
1117 -0.03398024136424885 11.17
1118 -0.03415892582664694 11.18
1119 -0.03432966937682017 11.19
1120 -0.03449702674619202 11.2
1121 -0.03466443624389434 11.21
1122 -0.03483214710235659 11.22
1123 -0.03500182554606831 11.23
1124 -0.03516756249425588 11.24
1125 -0.03533857559958364 11.25
1126 -0.03545306515326938 11.26
1127 -0.03565160559849478 11.27
1128 -0.03584049963933238 11.28
1129 -0.03596689491100761 11.29
1130 -0.03617585906624431 11.3
1131 -0.03630946457977355 11.31
1132 -0.03652341779593664 11.32
1133 -0.03664760149783015 11.33
1134 -0.03685317230710217 11.34
1135 -0.0370436601962614 11.35
1136 -0.03715557723297697 11.36
1137 -0.03734731690166648 11.37
1138 -0.03752718289634988 11.38
1139 -0.03770118659758057 11.39
1140 -0.0378678330419808 11.4
1141 -0.03803384834263618 11.41
1142 -0.03819619137242075 11.42
1143 -0.03835506022386594 11.43
1144 -0.0385110198109344 11.44
1145 -0.03866479220233665 11.45
1146 -0.03881795743253767 11.46
1147 -0.03891909219995966 11.47
1148 -0.03909908185118846 11.48
1149 -0.03927297874750454 11.49
1150 -0.03944888701301393 11.5
1151 -0.03956564945142894 11.51
1152 -0.0397578623490378 11.52
1153 -0.03994743881446252 11.53
1154 -0.04012572068665544 11.54
1155 -0.04024459439251982 11.55
1156 -0.04043396292657532 11.56
1157 -0.04060216190861069 11.57
1158 -0.04075929001713356 11.58
1159 -0.04091078629605292 11.59
1160 -0.04105970063018696 11.6
1161 -0.04122506389171011 11.61
1162 -0.04134016721871637 11.62
1163 -0.04152090378893375 11.63
1164 -0.04169109580806907 11.64
1165 -0.04184879296809398 11.65
1166 -0.04199608735268708 11.66
1167 -0.04214312672628504 11.67
1168 -0.04229411829652217 11.68
1169 -0.04244508840609849 11.69
1170 -0.04259667315250262 11.7
1171 -0.04274864606899013 11.71
1172 -0.04290214054544663 11.72
1173 -0.04305283172806108 11.73
1174 -0.04319868023931336 11.74
1175 -0.04330049905635508 11.75
1176 -0.04348049050057093 11.76
1177 -0.04365750235851306 11.77
1178 -0.04377475699280162 11.78
1179 -0.04397356688605738 11.79
1180 -0.04410401585182253 11.8
1181 -0.04431116301758971 11.81
1182 -0.04444197839214955 11.82
1183 -0.04463601314100465 11.83
1184 -0.04475427318052307 11.84
1185 -0.04489014197691225 11.85
1186 -0.0450985192404447 11.86
1187 -0.04522475686381743 11.87
1188 -0.04541858448505667 11.88
1189 -0.04553670655217591 11.89
1190 -0.04572260955475788 11.9
1191 -0.04583656739441633 11.91
1192 -0.04601983422930674 11.92
1193 -0.04613384359628564 11.93
1194 -0.04632279210370968 11.94
1195 -0.04643920809052693 11.95
1196 -0.04662441742879708 11.96
1197 -0.04675103879876181 11.97
1198 -0.04694401379385567 11.98
1199 -0.0470667898168067 11.99
1200 -0.04724114852707999 12
1201 -0.04735169232402402 12.01
1202 -0.0475309157875892 12.02
1203 -0.04764640881243289 12.03
1204 -0.04783414339916114 12.04
1205 -0.04795451877465664 12.05
1206 -0.04814285847575923 12.06
1207 -0.04826247619833805 12.07
1208 -0.0484536042929455 12.08
1209 -0.04857836765050744 12.09
1210 -0.04877362979314818 12.1
1211 -0.04889047373157969 12.11
1212 -0.04909566502022554 12.12
1213 -0.04922526256012539 12.13
1214 -0.04940025770697642 12.14
1215 -0.04951050649890746 12.15
1216 -0.04968503786719117 12.16
1217 -0.04984622625148494 12.17
1218 -0.04995658993643583 12.18
1219 -0.05012868510512285 12.19
1220 -0.05028495557021329 12.2
1221 -0.05038999581530101 12.21
1222 -0.05056445138035409 12.22
1223 -0.05073245010527301 12.23
1224 -0.05084536289052927 12.24
1225 -0.05102931719325558 12.25
1226 -0.05120332000497142 12.26
1227 -0.0513182115933506 12.27
1228 -0.05150261407353148 12.28
1229 -0.05167957663908992 12.29
1230 -0.0517951355578825 12.3
1231 -0.05197615907600019 12.31
1232 -0.0521646423267903 12.32
1233 -0.05228698836491671 12.33
1234 -0.0524674266909597 12.34
1235 -0.05258472873672076 12.35
1236 -0.05275024980012675 12.36
1237 -0.05284316768623492 12.37
1238 -0.05302086497034403 12.38
1239 -0.05314403125262434 12.39
1240 -0.05332876747257925 12.4
1241 -0.05345375777452285 12.41
1242 -0.05364178793892081 12.42
1243 -0.05376665650561759 12.43
1244 -0.05395596469636133 12.44
1245 -0.05408164064136084 12.45
1246 -0.05427074519866146 12.46
1247 -0.054395851773841 12.47
1248 -0.05458320492269038 12.48
1249 -0.05470931405814086 12.49
1250 -0.05489009125563531 12.5
1251 -0.05499495625007777 12.51
1252 -0.05516787829543028 12.52
1253 -0.05528081350937749 12.53
1254 -0.05546611448815063 12.54
1255 -0.05558630474371325 12.55
1256 -0.05577861918140107 12.56
1257 -0.05589803513141882 12.57
1258 -0.056089619462021 12.58
1259 -0.05621046418152961 12.59
1260 -0.05634157909436512 12.6
1261 -0.05654648466815157 12.61
1262 -0.05667320536406457 12.62
1263 -0.05680831575243898 12.63
1264 -0.05702077528455776 12.64
1265 -0.05714898329747142 12.65
1266 -0.05734381847249771 12.66
1267 -0.05746157925060674 12.67
1268 -0.05764261961648859 12.68
1269 -0.05775225868744763 12.69
1270 -0.05792446852321851 12.7
1271 -0.05803249928997158 12.71
1272 -0.05820474317745128 12.72
1273 -0.05831426659008992 12.73
1274 -0.05848915367188622 12.74
1275 -0.05860207599383826 12.75
1276 -0.05878236927520102 12.76
1277 -0.05889805014577561 12.77
1278 -0.0590807490688179 12.78
1279 -0.05919734048029448 12.79
1280 -0.05938133187559194 12.8
1281 -0.05949376978054041 12.81
1282 -0.05967593360725422 12.82
1283 -0.05978964998909195 12.83
1284 -0.05996781999699893 12.84
1285 -0.06013107853240789 12.85
1286 -0.06023523221785547 12.86
1287 -0.06040046209585681 12.87
1288 -0.06055390915641995 12.88
1289 -0.06065631119602544 12.89
1290 -0.06081903147404637 12.9
1291 -0.060971828022051 12.91
1292 -0.0610714279430649 12.92
1293 -0.06123094452619308 12.93
1294 -0.0613403409615636 12.94
1295 -0.0615318009769043 12.95
1296 -0.06166164912157093 12.96
1297 -0.06183563565478324 12.97
1298 -0.06195406386785227 12.98
1299 -0.06211302551135327 12.99
1300 -0.06222641890262114 13
1301 -0.06238733193504717 13.01
1302 -0.06250484844000864 13.02
1303 -0.06264931113393779 13.03
1304 -0.06274683301898783 13.04
1305 -0.06288077244596188 13.05
1306 -0.06298068446695461 13.06
1307 -0.06312655444890748 13.07
1308 -0.06323527538404769 13.08
1309 -0.06339242462609995 13.09
1310 -0.06351049540931657 13.1
1311 -0.06367449676431039 13.11
1312 -0.06379220078347575 13.12
1313 -0.06395562733571487 13.13
1314 -0.06407182260720574 13.14
1315 -0.06418892461002863 13.15
1316 -0.06433795547658019 13.16
1317 -0.0644443607422403 13.17
1318 -0.06458607020589727 13.18
1319 -0.06469828114047409 13.19
1320 -0.06481391315870391 13.2
1321 -0.06496042838284087 13.21
1322 -0.06506475822285607 13.22
1323 -0.06516959808018855 13.23
1324 -0.06530498338082015 13.24
1325 -0.06540161845501977 13.25
1326 -0.0655034493359546 13.26
1327 -0.06563941791391158 13.27
1328 -0.06573703578495939 13.28
1329 -0.06583802296239212 13.29
1330 -0.06596534876319585 13.3
1331 -0.0660566494138807 13.31
1332 -0.06615433698172603 13.32
1333 -0.06628170661507407 13.33
1334 -0.06637367555895177 13.34
1335 -0.0664710981279443 13.35
1336 -0.06659345883539662 13.36
1337 -0.06667502274594952 13.37
1338 -0.06677365154127846 13.38
1339 -0.06691615309658906 13.39
1340 -0.06700705055510929 13.4
1341 -0.06709776244324607 13.41
1342 -0.06723067333795964 13.42
1343 -0.0673101812610174 13.43
1344 -0.0673908445797767 13.44
1345 -0.06751139611757639 13.45
1346 -0.06758447436062692 13.46
1347 -0.06766840656434207 13.47
1348 -0.0677900497341212 13.48
1349 -0.06786129027478778 13.49
1350 -0.06793634115628895 13.5
1351 -0.06804642785933342 13.51
1352 -0.06811253246118235 13.52
1353 -0.06818314290927044 13.53
1354 -0.06828410502468989 13.54
1355 -0.06834564179215552 13.55
1356 -0.0684099064867813 13.56
1357 -0.06850703813574263 13.57
1358 -0.06857037939476011 13.58
1359 -0.06866538470554939 13.59
1360 -0.06872404795127642 13.6
1361 -0.06881696850884514 13.61
1362 -0.06887587265558966 13.62
1363 -0.0689610735088792 13.63
1364 -0.06901672550755981 13.64
1365 -0.06909600362991243 13.65
1366 -0.06914661733291788 13.66
1367 -0.06921931302113352 13.67
1368 -0.0692637692556943 13.68
1369 -0.06933005768405298 13.69
1370 -0.06937344313661295 13.7
1371 -0.06941529882253067 13.71
1372 -0.06948610133687431 13.72
1373 -0.06952987163141913 13.73
1374 -0.06957828807578591 13.74
1375 -0.06965003639517715 13.75
1376 -0.06969406206231174 13.76
1377 -0.06974058307971441 13.77
1378 -0.06979252665487878 13.78
1379 -0.06986147379615376 13.79
1380 -0.0698872718990087 13.8
1381 -0.06991645634355713 13.81
1382 -0.06994852509164423 13.82
1383 -0.06999944659617349 13.83
1384 -0.07002412497674103 13.84
1385 -0.0700470497636262 13.85
1386 -0.07009278451009116 13.86
1387 -0.07011310816133244 13.87
1388 -0.07013863356417216 13.88
1389 -0.07019229473261059 13.89
1390 -0.07021638263202415 13.9
1391 -0.07025660752478707 13.91
1392 -0.0702771062408995 13.92
1393 -0.07032338808959032 13.93
1394 -0.07035683874064204 13.94
1395 -0.07038055175394889 13.95
1396 -0.07039653553718592 13.96
1397 -0.07040370467096924 13.97
1398 -0.07040851249341998 13.98
1399 -0.07041254364950543 13.99
1400 -0.07041555368849411 14
1401 -0.07041964748215193 14.01
1402 -0.07042385896493189 14.02
1403 -0.0704359322203353 14.03
1404 -0.07044666431249132 14.04
1405 -0.07045813908018317 14.05
1406 -0.07046319902214708 14.06
1407 -0.0704690050092506 14.07
1408 -0.07046803585833467 14.08
1409 -0.07046233658526958 14.09
1410 -0.07045983221970663 14.1
1411 -0.07045450543931531 14.11
1412 -0.07045167995347054 14.12
1413 -0.07044969299148564 14.13
1414 -0.07044744953556063 14.14
1415 -0.07045409601854409 14.15
1416 -0.07045457952603365 14.16
1417 -0.07046004838376507 14.17
1418 -0.07045706795695245 14.18
1419 -0.07044647218934137 14.19
1420 -0.07042198568621491 14.2
1421 -0.07039307177554499 14.21
1422 -0.0703669480803719 14.22
1423 -0.07034216585137222 14.23
1424 -0.07031834274100447 14.24
1425 -0.07029707837063255 14.25
1426 -0.07027533603486631 14.26
1427 -0.07025222064989847 14.27
1428 -0.07023340157356277 14.28
1429 -0.07021379359672873 14.29
1430 -0.07020178852676048 14.3
1431 -0.0701898746408476 14.31
1432 -0.07016913450790006 14.32
1433 -0.07014410562257659 14.33
1434 -0.07011522620395842 14.34
1435 -0.07008191176454806 14.35
1436 -0.07005325399796236 14.36
1437 -0.0700135138539156 14.37
1438 -0.06998265892397747 14.38
1439 -0.06994139292086216 14.39
1440 -0.06991026085089469 14.4
1441 -0.06986968300425546 14.41
1442 -0.06984288718594148 14.42
1443 -0.06979978716418371 14.43
1444 -0.06976645576151227 14.44
1445 -0.06972373368660724 14.45
1446 -0.06969049736820593 14.46
1447 -0.0696555260152022 14.47
1448 -0.06963114194070025 14.48
1449 -0.06958902414963783 14.49
1450 -0.06955900169663072 14.5
1451 -0.06951148973889988 14.51
1452 -0.06948973361454842 14.52
1453 -0.06944333119717257 14.53
1454 -0.06941033608356384 14.54
1455 -0.06935199805587484 14.55
1456 -0.06931503129672448 14.56
1457 -0.06925406418310577 14.57
1458 -0.06921639920758622 14.58
1459 -0.0691520663901499 14.59
1460 -0.0691121364748212 14.6
1461 -0.06905309131552605 14.61
1462 -0.06901566290466568 14.62
1463 -0.06896104774147324 14.63
1464 -0.0689265788497207 14.64
1465 -0.06889672174687198 14.65
1466 -0.06884673571176111 14.66
1467 -0.06881378423880991 14.67
1468 -0.06875976192049905 14.68
1469 -0.06872443275256622 14.69
1470 -0.06866743433765529 14.7
1471 -0.06863050783436773 14.71
1472 -0.06857192370474018 14.72
1473 -0.06853438473474881 14.73
1474 -0.0684755719572365 14.74
1475 -0.06841856198028722 14.75
1476 -0.06838333896137611 14.76
1477 -0.06832691296123901 14.77
1478 -0.06827307681609607 14.78
1479 -0.06820924316137204 14.79
1480 -0.06815373182132375 14.8
1481 -0.06811492591489879 14.81
1482 -0.06807842636060817 14.82
1483 -0.06804069513031719 14.83
1484 -0.06800388262189151 14.84
1485 -0.06796686939224192 14.85
1486 -0.06792891609838263 14.86
1487 -0.06789049968985367 14.87
1488 -0.06786045272261274 14.88
1489 -0.06781608539512267 14.89
1490 -0.06776912487288839 14.9
1491 -0.06773382512708169 14.91
1492 -0.06768255836920858 14.92
1493 -0.06763093482838776 14.93
1494 -0.067594093942798 14.94
1495 -0.06754272722496747 14.95
1496 -0.0674929719325164 14.96
1497 -0.06745820968331717 14.97
1498 -0.06741151910668255 14.98
1499 -0.06736674179294602 14.99
1500 -0.06733561273565519 15
1501 -0.06729350378159488 15.01
1502 -0.0672474915006422 15.02
1503 -0.06721725631386709 15.03
1504 -0.06717409504121859 15.04
1505 -0.0671463517630496 15.05
1506 -0.06710595661102392 15.06
1507 -0.06707899459181564 15.07
1508 -0.06704783943424285 15.08
1509 -0.06703064772113258 15.09
1510 -0.06700947273321588 15.1
1511 -0.06696823797410074 15.11
1512 -0.06691848000299862 15.12
1513 -0.0668724544608614 15.13
1514 -0.06683647824261431 15.14
1515 -0.06679264541646583 15.15
1516 -0.06676497676971196 15.16
1517 -0.06673906323824118 15.17
1518 -0.06671354126028571 15.18
1519 -0.06668945218617174 15.19
1520 -0.06666042511938756 15.2
1521 -0.06663909313198046 15.21
1522 -0.06662592644909202 15.22
1523 -0.06660637573238376 15.23
1524 -0.06660091673415612 15.24
1525 -0.06657484809149622 15.25
1526 -0.06655160530780523 15.26
1527 -0.06652822187165586 15.27
1528 -0.06649433852384078 15.28
1529 -0.06645611423940187 15.29
1530 -0.06642610408107028 15.3
1531 -0.06639886391049507 15.31
1532 -0.06637231825986949 15.32
1533 -0.0663502072564281 15.33
1534 -0.06633070023020457 15.34
1535 -0.06631322374725587 15.35
1536 -0.06629974287833809 15.36
1537 -0.06628567540863999 15.37
1538 -0.06626630936230124 15.38
1539 -0.06624635155734956 15.39
1540 -0.06623905924930136 15.4
1541 -0.0662221017473186 15.41
1542 -0.06621296992933386 15.42
1543 -0.06620058774929422 15.43
1544 -0.0661832895573483 15.44
1545 -0.06617506987974768 15.45
1546 -0.06617020123013503 15.46
1547 -0.06616314954198389 15.47
1548 -0.06615180892712348 15.48
1549 -0.06613500554702247 15.49
1550 -0.06613456775555747 15.5
1551 -0.06613031579847112 15.51
1552 -0.0661261415082452 15.52
1553 -0.0661214305044933 15.53
1554 -0.0661126847689377 15.54
1555 -0.06610162463569139 15.55
1556 -0.06608793256232461 15.56
1557 -0.06606962877723956 15.57
1558 -0.06605168325090811 15.58
1559 -0.06603579234437941 15.59
1560 -0.06602427421597028 15.6
1561 -0.06601476265290381 15.61
1562 -0.06600750295104985 15.62
1563 -0.06600229511611139 15.63
1564 -0.06600162182099163 15.64
1565 -0.06600073150467246 15.65
1566 -0.06599797715907978 15.66
1567 -0.06599608276656548 15.67
1568 -0.06599324355979067 15.68
1569 -0.0659859310324231 15.69
1570 -0.06597639771965033 15.7
1571 -0.0659697870363042 15.71
1572 -0.06596327613733614 15.72
1573 -0.06595637023690309 15.73
1574 -0.06594957483719488 15.74
1575 -0.06593392242138008 15.75
1576 -0.06592495320994575 15.76
1577 -0.06592076889891849 15.77
1578 -0.06591469050035539 15.78
1579 -0.06591458833647412 15.79
1580 -0.0659057037936967 15.8
1581 -0.06590458310575262 15.81
1582 -0.06589697951226152 15.82
1583 -0.06589246280164784 15.83
1584 -0.06588278423881433 15.84
1585 -0.06587364645004125 15.85
1586 -0.06587093003995967 15.86
1587 -0.0658616573955375 15.87
1588 -0.06585262344583204 15.88
1589 -0.06584847714964685 15.89
1590 -0.06583575859065106 15.9
1591 -0.0658202147027399 15.91
1592 -0.06580889115815577 15.92
1593 -0.06579730842927714 15.93
1594 -0.06578547452280943 15.94
1595 -0.06577349597588095 15.95
1596 -0.06576148265312926 15.96
1597 -0.06574948328082768 15.97
1598 -0.06573744557369431 15.98
1599 -0.0657255758487679 15.99
1600 -0.06571611461157707 16
1601 -0.0657054315397638 16.01
1602 -0.06569225120425472 16.02
1603 -0.06569662045069573 16.03
1604 -0.06569551532598369 16.04
1605 -0.06568873023954774 16.05
1606 -0.06567581305806969 16.06
1607 -0.06564586611794446 16.07
1608 -0.06561847832213205 16.08
1609 -0.06558698966348216 16.09
1610 -0.06555284279038434 16.1
1611 -0.06551715863041266 16.11
1612 -0.06548068985393936 16.12
1613 -0.06542611091472258 16.13
1614 -0.06539069836738381 16.14
1615 -0.0653581986562021 16.15
1616 -0.06532746528792124 16.16
1617 -0.06529810575129245 16.17
1618 -0.06526669682125083 16.18
1619 -0.06522044271932254 16.19
1620 -0.06518950142841189 16.2
1621 -0.06515820009832847 16.21
1622 -0.06512567220435748 16.22
1623 -0.06509271192956534 16.23
1624 -0.06504178340326362 16.24
1625 -0.06501064322232773 16.25
1626 -0.06497657342893783 16.26
1627 -0.06493939660526993 16.27
1628 -0.06487693227844399 16.28
1629 -0.06483452423651265 16.29
1630 -0.06478954452191205 16.3
1631 -0.0647421357644779 16.31
1632 -0.06466708446643546 16.32
1633 -0.06462472745224593 16.33
1634 -0.06457837143709565 16.34
1635 -0.06449744370032605 16.35
1636 -0.06444764817273861 16.36
1637 -0.06436357995613438 16.37
1638 -0.06431362431580075 16.38
1639 -0.0642281776306806 16.39
1640 -0.06417571678435012 16.4
1641 -0.06409289577106855 16.41
1642 -0.06404155647595479 16.42
1643 -0.06395505192228797 16.43
1644 -0.06387027410639394 16.44
1645 -0.06381811942057651 16.45
1646 -0.06373058002309887 16.46
1647 -0.06367554323412945 16.47
1648 -0.06358209790755524 16.48
1649 -0.06348896810132884 16.49
1650 -0.06342785016210795 16.5
1651 -0.06332687860451103 16.51
1652 -0.06322738674273434 16.52
1653 -0.0631634592616 16.53
1654 -0.06305740483492041 16.54
1655 -0.06295317302685907 16.55
1656 -0.06288640525090346 16.56
1657 -0.0627738622580757 16.57
1658 -0.06266149951379402 16.58
1659 -0.06258933941968794 16.59
1660 -0.06246859563576487 16.6
1661 -0.06234859312114479 16.61
1662 -0.0622715707010203 16.62
1663 -0.06214179947161182 16.63
1664 -0.06206613515851606 16.64
1665 -0.06191745143502122 16.65
1666 -0.06182389006929642 16.66
1667 -0.06167186341495737 16.67
1668 -0.06158238263570861 16.68
1669 -0.06148571605796976 16.69
1670 -0.06132836953697944 16.7
1671 -0.06122582878896447 16.71
1672 -0.06111609698229332 16.72
1673 -0.06094119904630169 16.73
1674 -0.06082811613753992 16.74
1675 -0.06071075926285954 16.75
1676 -0.06051630870263286 16.76
1677 -0.06039286093639138 16.77
1678 -0.06026735459939591 16.78
1679 -0.06007906494596512 16.79
1680 -0.05995697181513987 16.8
1681 -0.05983469780007115 16.81
1682 -0.05964788845581129 16.82
1683 -0.05952979530021967 16.83
1684 -0.05940780820890736 16.84
1685 -0.05922064878204765 16.85
1686 -0.05909786396115673 16.86
1687 -0.05896965059601075 16.87
1688 -0.05883438928691771 16.88
1689 -0.05862531320752467 16.89
1690 -0.05848790746689215 16.9
1691 -0.05834526944822162 16.91
1692 -0.05812811523145194 16.92
1693 -0.05800290405070323 16.93
1694 -0.05787023292314625 16.94
1695 -0.05765616455891609 16.95
1696 -0.05751950031192 16.96
1697 -0.0573748795564397 16.97
1698 -0.05714383768907812 16.98
1699 -0.05699688554321599 16.99
1700 -0.05676607357419113 17
1701 -0.05661992260865243 17.01
1702 -0.0563942086181482 17.02
1703 -0.05623920127240368 17.03
1704 -0.05601182210886633 17.04
1705 -0.05586560158291054 17.05
1706 -0.05564985070232619 17.06
1707 -0.05550805781989714 17.07
1708 -0.05529668323983398 17.08
1709 -0.0551566590290658 17.09
1710 -0.05494291389021259 17.1
1711 -0.0548036067884884 17.11
1712 -0.05458894402812176 17.12
1713 -0.05444355135526459 17.13
1714 -0.05421940790482814 17.14
1715 -0.05406633456689693 17.15
1716 -0.05383331527860223 17.16
1717 -0.05367619777932408 17.17
1718 -0.05343917578714479 17.18
1719 -0.05328014702336009 17.19
1720 -0.05304215601042954 17.2
1721 -0.05281584362807091 17.21
1722 -0.05266285216445241 17.22
1723 -0.05242995045924156 17.23
1724 -0.05219990980223636 17.24
1725 -0.05204401740173006 17.25
1726 -0.05182692856054065 17.26
1727 -0.05161764791495477 17.27
1728 -0.05141389313364915 17.28
1729 -0.05127281114853924 17.29
1730 -0.051063519510942 17.3
1731 -0.05085664871477658 17.31
1732 -0.05070318945934534 17.32
1733 -0.05048003754301061 17.33
1734 -0.05026070844540338 17.34
1735 -0.05010449984611276 17.35
1736 -0.04987782097264545 17.36
1737 -0.04970398556907279 17.37
1738 -0.04946263559910222 17.38
1739 -0.04928880059043992 17.39
1740 -0.0490440078391599 17.4
1741 -0.04886824166033747 17.41
1742 -0.04863184035195841 17.42
1743 -0.04846553732405013 17.43
1744 -0.04831703198845453 17.44
1745 -0.04809399465664134 17.45
1746 -0.04793092392252436 17.46
1747 -0.04775570001583756 17.47
1748 -0.04750079846720773 17.48
1749 -0.04732456741139363 17.49
1750 -0.04714321174798319 17.5
1751 -0.04695673579849637 17.51
1752 -0.04670635605867014 17.52
1753 -0.04653715699694931 17.53
1754 -0.04636277534406841 17.54
1755 -0.04610037553564814 17.55
1756 -0.04592391224633099 17.56
1757 -0.04574738070519918 17.57
1758 -0.04556918815870625 17.58
1759 -0.0453187442991814 17.59
1760 -0.04515086266368082 17.6
1761 -0.04498206620385369 17.61
1762 -0.04479063552565378 17.62
1763 -0.04461922313495732 17.63
1764 -0.04437677658883207 17.64
1765 -0.04421910912519786 17.65
1766 -0.04405890625389514 17.66
1767 -0.04389563395412002 17.67
1768 -0.04372529894680081 17.68
1769 -0.04348479843035555 17.69
1770 -0.04331700331342967 17.7
1771 -0.04315891839949679 17.71
1772 -0.04299935995801489 17.72
1773 -0.04284159590321206 17.73
1774 -0.04268363601087354 17.74
1775 -0.04251991047138656 17.75
1776 -0.04235579173305783 17.76
1777 -0.04218564635729326 17.77
1778 -0.04201473963036756 17.78
1779 -0.04183965327331315 17.79
1780 -0.04166201904330401 17.8
1781 -0.04148934867118276 17.81
1782 -0.04130595264764352 17.82
1783 -0.04113306390853878 17.83
1784 -0.0409631118631001 17.84
1785 -0.04079662785947987 17.85
1786 -0.04063096677595539 17.86
1787 -0.04047047641442168 17.87
1788 -0.04030801464179409 17.88
1789 -0.04013771352286154 17.89
1790 -0.0399765170106116 17.9
1791 -0.03982409580337737 17.91
1792 -0.03967961448651365 17.92
1793 -0.03948695188960107 17.93
1794 -0.03936671143214344 17.94
1795 -0.03925059116434459 17.95
1796 -0.03913911671934188 17.96
1797 -0.03902313083939658 17.97
1798 -0.03885388752982238 17.98
1799 -0.03874317392241104 17.99
1800 -0.03863083551227139 18
1801 -0.03848065115904946 18.01
1802 -0.03836186154202662 18.02
1803 -0.03824041985135297 18.03
1804 -0.0380788652830484 18.04
1805 -0.03796805835970082 18.05
1806 -0.03781779026392885 18.06
1807 -0.03771588340298292 18.07
1808 -0.03757670035811238 18.08
1809 -0.03742181235770765 18.09
1810 -0.03731214757095519 18.1
1811 -0.03717418232302427 18.11
1812 -0.03705577009964589 18.12
1813 -0.03697550313406738 18.13
1814 -0.0368745993339518 18.14
1815 -0.03677769727275398 18.15
1816 -0.03668567141292503 18.16
1817 -0.03660598922812253 18.17
1818 -0.03650526126514848 18.18
1819 -0.03643350252047744 18.19
1820 -0.03637023905145884 18.2
1821 -0.03628181316434132 18.21
1822 -0.0361842731519998 18.22
1823 -0.03610215217204418 18.23
1824 -0.03597840203525241 18.24
1825 -0.03590263873078599 18.25
1826 -0.03577897222925861 18.26
1827 -0.03569665356032962 18.27
1828 -0.03557062893144377 18.28
1829 -0.0354879089716074 18.29
1830 -0.03540325387254507 18.3
1831 -0.0352844004180919 18.31
1832 -0.03521580795579168 18.32
1833 -0.03514583066267655 18.33
1834 -0.03507558037347833 18.34
1835 -0.03497552216234926 18.35
1836 -0.03491529219139509 18.36
1837 -0.03485261249261493 18.37
1838 -0.0347885644703279 18.38
1839 -0.03472350606335633 18.39
1840 -0.03466405380155591 18.4
1841 -0.03460246687939179 18.41
1842 -0.03450810592190703 18.42
1843 -0.0344522637106812 18.43
1844 -0.03439270919053086 18.44
1845 -0.03430582352627078 18.45
1846 -0.03422495641721451 18.46
1847 -0.03415034850236399 18.47
1848 -0.0340780694080992 18.48
1849 -0.03404140218427909 18.49
1850 -0.03400547179437684 18.5
1851 -0.03396824250606707 18.51
1852 -0.0339282377316648 18.52
1853 -0.03388693038494615 18.53
1854 -0.0338412235667551 18.54
1855 -0.03378901914142704 18.55
1856 -0.03371039418635979 18.56
1857 -0.03366187359249066 18.57
1858 -0.03361233398984008 18.58
1859 -0.03356257947508588 18.59
1860 -0.03351593971585164 18.6
1861 -0.03346974846114049 18.61
1862 -0.03341545560003142 18.62
1863 -0.03336802854220848 18.63
1864 -0.03332213745955772 18.64
1865 -0.03327778246660529 18.65
1866 -0.03322696050705022 18.66
1867 -0.03317941872922614 18.67
1868 -0.03313235321065922 18.68
1869 -0.03307640913545302 18.69
1870 -0.03304428871236487 18.7
1871 -0.03302000180741086 18.71
1872 -0.032988532831653 18.72
1873 -0.0329579972769905 18.73
1874 -0.03291679203992271 18.74
1875 -0.03289095560187393 18.75
1876 -0.0328625567937646 18.76
1877 -0.03282916027701586 18.77
1878 -0.03278139639578668 18.78
1879 -0.03276527301881289 18.79
1880 -0.0327436961715879 18.8
1881 -0.03270267963603515 18.81
1882 -0.03266899801609727 18.82
1883 -0.0326170714672438 18.83
1884 -0.03258416320909673 18.84
1885 -0.03253468601520559 18.85
1886 -0.03250417350414505 18.86
1887 -0.03244908423860365 18.87
1888 -0.03241646462832517 18.88
1889 -0.03237217048815193 18.89
1890 -0.03234518527107362 18.9
1891 -0.03230768508040555 18.91
1892 -0.03228422690650012 18.92
1893 -0.03225380390175963 18.93
1894 -0.03223458348554354 18.94
1895 -0.03220782157742008 18.95
1896 -0.03219372939647849 18.96
1897 -0.0321559429982667 18.97
1898 -0.0321328014316808 18.98
1899 -0.03208925870147347 18.99
1900 -0.03206491997691471 19
1901 -0.03200585156755974 19.01
1902 -0.0319721430494383 19.02
1903 -0.0319110120789809 19.03
1904 -0.03187747056029114 19.04
1905 -0.03181854208642639 19.05
1906 -0.03178683294555861 19.06
1907 -0.03173080951826539 19.07
1908 -0.03170091737811907 19.08
1909 -0.03164934705050312 19.09
1910 -0.03162166189820474 19.1
1911 -0.03157481200531342 19.11
1912 -0.0315496985188353 19.12
1913 -0.03151948556070305 19.13
1914 -0.0314643702849929 19.14
1915 -0.03143287042754513 19.15
1916 -0.03139230227915932 19.16
1917 -0.03132568597078944 19.17
1918 -0.03127366019708544 19.18
1919 -0.0312225084573016 19.19
1920 -0.03117257100599979 19.2
1921 -0.03112366307516812 19.21
1922 -0.03105663831066521 19.22
1923 -0.0310142383310612 19.23
1924 -0.03097059255749142 19.24
1925 -0.03092560453693325 19.25
1926 -0.03089924494296598 19.26
1927 -0.03086621366421417 19.27
1928 -0.03082568596030495 19.28
1929 -0.03077705682444753 19.29
1930 -0.03072112073208226 19.3
1931 -0.0306568801245801 19.31
1932 -0.03058795297272794 19.32
1933 -0.03051563484570817 19.33
1934 -0.03044136680263269 19.34
1935 -0.03036610218700786 19.35
1936 -0.03029081216808008 19.36
1937 -0.03022000239236835 19.37
1938 -0.03014969293756779 19.38
1939 -0.03008005502859813 19.39
1940 -0.03001123974540957 19.4
1941 -0.02994287673820366 19.41
1942 -0.02987468683205393 19.42
1943 -0.02980634066245024 19.43
1944 -0.02969151459403157 19.44
1945 -0.02962627310520022 19.45
1946 -0.02956184388622075 19.46
1947 -0.02949757145941573 19.47
1948 -0.02939749660691011 19.48
1949 -0.02932665417968802 19.49
1950 -0.02924246617586817 19.5
1951 -0.02916223621026593 19.51
1952 -0.02904675121064048 19.52
1953 -0.02896315780145845 19.53
1954 -0.02888662194334526 19.54
1955 -0.02880069927219494 19.55
1956 -0.02873379842068507 19.56
1957 -0.0286679956024781 19.57
1958 -0.02859086439922924 19.58
1959 -0.02852479555880542 19.59
1960 -0.02845529137699121 19.6
1961 -0.02838411171939884 19.61
1962 -0.0283363386643512 19.62
1963 -0.02824851468369214 19.63
1964 -0.0281805389066673 19.64
1965 -0.02806461723412552 19.65
1966 -0.02798084600367091 19.66
1967 -0.02784445127599623 19.67
1968 -0.0277107203263939 19.68
1969 -0.0276166848971709 19.69
1970 -0.02748220144709104 19.7
1971 -0.02735377743520343 19.71
1972 -0.02726825815989285 19.72
1973 -0.02715247519312814 19.73
1974 -0.02704531810756877 19.74
1975 -0.02697144980701607 19.75
1976 -0.02686884133516799 19.76
1977 -0.0267691235715238 19.77
1978 -0.02669607485190457 19.78
1979 -0.02659067731263244 19.79
1980 -0.02648443014806173 19.8
1981 -0.02640512661177581 19.81
1982 -0.02628869046270593 19.82
1983 -0.02617159098538636 19.83
1984 -0.02608458497279411 19.84
1985 -0.0259599957528949 19.85
1986 -0.02584659943922576 19.86
1987 -0.02576494592246783 19.87
1988 -0.02564058441664351 19.88
1989 -0.02555125860668852 19.89
1990 -0.02541640311826391 19.9
1991 -0.02532099003525423 19.91
1992 -0.02517917830339216 19.92
1993 -0.02508044836305115 19.93
1994 -0.02493696537861194 19.94
1995 -0.02483826880456607 19.95
1996 -0.02469669379528298 19.96
1997 -0.02459965201899157 19.97
1998 -0.02449960906885095 19.98
1999 -0.02435594902913004 19.99
2000 -0.02425660504839885 20
2001 -0.02415410514227014 20.01
2002 -0.02400673883854523 20.02
2003 -0.02390513712411299 20.03
2004 -0.02380041754436866 20.04
2005 -0.0236923651499809 20.05
2006 -0.02353714439490103 20.06
2007 -0.02343071698146371 20.07
2008 -0.02332151335036165 20.08
2009 -0.02321010008580357 20.09
2010 -0.02309588840498142 20.1
2011 -0.02297899340197307 20.11
2012 -0.02286363824161516 20.12
2013 -0.02274490562473745 20.13
2014 -0.02262322953406398 20.14
2015 -0.02250117363210395 20.15
2016 -0.02237742792603152 20.16
2017 -0.02225295315360434 20.17
2018 -0.02212812995707561 20.18
2019 -0.02200388566254115 20.19
2020 -0.02188016199017327 20.2
2021 -0.02175723755056318 20.21
2022 -0.02163522397686496 20.22
2023 -0.02150128493193941 20.23
2024 -0.02137119302293546 20.24
2025 -0.0212489666674027 20.25
2026 -0.02113083761127153 20.26
2027 -0.02101731264576217 20.27
2028 -0.02090654167492779 20.28
2029 -0.02079794506654836 20.29
2030 -0.02068845577657413 20.3
2031 -0.02058477863646215 20.31
2032 -0.02047980919883069 20.32
2033 -0.02037307218639326 20.33
2034 -0.02026252840913276 20.34
2035 -0.02015020324977913 20.35
2036 -0.02003602204566059 20.36
2037 -0.01992066388873526 20.37
2038 -0.01975885096553234 20.38
2039 -0.01965272658634915 20.39
2040 -0.01954770402216026 20.4
2041 -0.01944394247578274 20.41
2042 -0.01933160562057949 20.42
2043 -0.0191828496266197 20.43
2044 -0.01908404135462758 20.44
2045 -0.01898781182931574 20.45
2046 -0.01889310740295006 20.46
2047 -0.01876668840530771 20.47
2048 -0.01867964355239476 20.48
2049 -0.01859211655115969 20.49
2050 -0.0185040940834877 20.5
2051 -0.0183812642371503 20.51
2052 -0.01829493093146974 20.52
2053 -0.0182057294156296 20.53
2054 -0.01811339678495511 20.54
2055 -0.01798337095193085 20.55
2056 -0.01789030661654544 20.56
2057 -0.0177962041185697 20.57
2058 -0.01766811182909957 20.58
2059 -0.01758034112970914 20.59
2060 -0.01749083071310774 20.6
2061 -0.0173721900048641 20.61
2062 -0.01729080417256953 20.62
2063 -0.01718235784396994 20.63
2064 -0.01710671152301951 20.64
2065 -0.01700557506004998 20.65
2066 -0.01693398424754378 20.66
2067 -0.01683721277528464 20.67
2068 -0.01676774729707455 20.68
2069 -0.01667372403306335 20.69
2070 -0.01658367427946671 20.7
2071 -0.01651826019703687 20.71
2072 -0.01642734876931386 20.72
2073 -0.01634023437749592 20.73
2074 -0.01628320062547487 20.74
2075 -0.01619772770103482 20.75
2076 -0.01613680152888015 20.76
2077 -0.016044957502416 20.77
2078 -0.01598117136350418 20.78
2079 -0.01588482028714516 20.79
2080 -0.01582071763207946 20.8
2081 -0.01572512945447581 20.81
2082 -0.01566644772712663 20.82
2083 -0.01560479018036872 20.83
2084 -0.01554018342881802 20.84
2085 -0.01544242462598758 20.85
2086 -0.015379902389979 20.86
2087 -0.01531260269551452 20.87
2088 -0.01524471514262908 20.88
2089 -0.01517714592595827 20.89
2090 -0.01511034712786954 20.9
2091 -0.01504463738251352 20.91
2092 -0.01498016775535877 20.92
2093 -0.01491721741381633 20.93
2094 -0.01485539052155124 20.94
2095 -0.01479493882099383 20.95
2096 -0.0147361481967707 20.96
2097 -0.01467856468241386 20.97
2098 -0.01462186536858109 20.98
2099 -0.01456641243440013 20.99
2100 -0.01451191213553489 21
2101 -0.01446068424299417 21.01
2102 -0.01441001276901808 21.02
2103 -0.01436353657335954 21.03
2104 -0.01431652588036235 21.04
2105 -0.01426915892959454 21.05
2106 -0.01422147856209236 21.06
2107 -0.01417402629127106 21.07
2108 -0.01412606849467843 21.08
2109 -0.01407898430765413 21.09
2110 -0.01403265613904403 21.1
2111 -0.01398476866466101 21.11
2112 -0.01393840283927807 21.12
2113 -0.01389222561750505 21.13
2114 -0.01384852584895785 21.14
2115 -0.01381353786555629 21.15
2116 -0.01377938990430139 21.16
2117 -0.0137466476931636 21.17
2118 -0.01371404718434402 21.18
2119 -0.01368181142398464 21.19
2120 -0.01364897412881666 21.2
2121 -0.01361656281133547 21.21
2122 -0.01357855095359804 21.22
2123 -0.01352403623750205 21.23
2124 -0.01349451892200517 21.24
2125 -0.01346699783111827 21.25
2126 -0.0134476744810283 21.26
2127 -0.01343338496958507 21.27
2128 -0.01339871139395817 21.28
2129 -0.01338242240138449 21.29
2130 -0.01336421220125037 21.3
2131 -0.01334545745206989 21.31
2132 -0.01330737963463575 21.32
2133 -0.01328935166854089 21.33
2134 -0.01326835033263286 21.34
2135 -0.01324694347083608 21.35
2136 -0.01320701227996224 21.36
2137 -0.0131794658142569 21.37
2138 -0.01315405211708157 21.38
2139 -0.0131319355924038 21.39
2140 -0.01310165354983653 21.4
2141 -0.01308762049672684 21.41
2142 -0.01307522808771897 21.42
2143 -0.01305771107873975 21.43
2144 -0.01304952799334853 21.44
2145 -0.01303612531437381 21.45
2146 -0.01303011848557387 21.46
2147 -0.01301792572021952 21.47
2148 -0.01301180116672868 21.48
2149 -0.01301051361116554 21.49
2150 -0.01301401442681211 21.5
2151 -0.01300431458808865 21.51
2152 -0.01300238386456399 21.52
2153 -0.01298526334976405 21.53
2154 -0.01297954092218685 21.54
2155 -0.01295345971477907 21.55
2156 -0.01294255240520431 21.56
2157 -0.01292076239928566 21.57
2158 -0.01291510856998915 21.58
2159 -0.01289518104094712 21.59
2160 -0.01289121845094566 21.6
2161 -0.01287449132956131 21.61
2162 -0.01287270575000314 21.62
2163 -0.01285938371213613 21.63
2164 -0.01285953981156233 21.64
2165 -0.01284884840330063 21.65
2166 -0.01285019885777892 21.66
2167 -0.01285116829609442 21.67
2168 -0.0128407388455871 21.68
2169 -0.01284198067100349 21.69
2170 -0.01284129906442417 21.7
2171 -0.01284031560106923 21.71
2172 -0.01283787697257712 21.72
2173 -0.01282250104804898 21.73
2174 -0.01282001273942341 21.74
2175 -0.01281652233179286 21.75
2176 -0.01281232335336105 21.76
2177 -0.01280793932679259 21.77
2178 -0.01280334765463731 21.78
2179 -0.01279905274279845 21.79
2180 -0.01279469196397569 21.8
2181 -0.01279067612218302 21.81
2182 -0.01278660753233705 21.82
2183 -0.01278290887629405 21.83
2184 -0.01277919955462796 21.84
2185 -0.01277591903006478 21.85
2186 -0.01277268289015591 21.86
2187 -0.01276991400561978 21.87
2188 -0.01276669537416525 21.88
2189 -0.01276402168763259 21.89
2190 -0.01276145543839505 21.9
2191 -0.0127593559247133 21.91
2192 -0.0127572232036981 21.92
2193 -0.0127553752631431 21.93
2194 -0.01275175888076583 21.94
2195 -0.01274878727049167 21.95
2196 -0.01274586451969396 21.96
2197 -0.01274334261932085 21.97
2198 -0.01274073578083549 21.98
2199 -0.0127383816555321 21.99
2200 -0.01273580646460409 22
2201 -0.01273333121103587 22.01
2202 -0.01273049009626903 22.02
2203 -0.01272765083569953 22.03
2204 -0.01272436693094632 22.04
2205 -0.01271228962382318 22.05
2206 -0.01270175077475199 22.06
2207 -0.01269324046091969 22.07
2208 -0.01268631924264365 22.08
2209 -0.01268130498832183 22.09
2210 -0.01267762286663334 22.1
2211 -0.01267546931042913 22.11
2212 -0.01267414429535318 22.12
2213 -0.0126734171073651 22.13
2214 -0.01267287359055102 22.14
2215 -0.01267069428392009 22.15
2216 -0.01266829819621239 22.16
2217 -0.01266244328080849 22.17
2218 -0.01265841830017159 22.18
2219 -0.01265325282861158 22.19
2220 -0.01264794312334896 22.2
2221 -0.01264300999925517 22.21
2222 -0.01263408554676736 22.22
2223 -0.01262689726341362 22.23
2224 -0.01261558906193453 22.24
2225 -0.01260911963455298 22.25
2226 -0.01259980141263029 22.26
2227 -0.01259641436345162 22.27
2228 -0.01258844316147302 22.28
2229 -0.01258519588584983 22.29
2230 -0.01257632481719813 22.3
2231 -0.0125734338723716 22.31
2232 -0.01256425202926991 22.32
2233 -0.012560402806559 22.33
2234 -0.01255018755060014 22.34
2235 -0.01254354723023965 22.35
2236 -0.01253129135504128 22.36
2237 -0.01252449369679499 22.37
2238 -0.0125119280532765 22.38
2239 -0.01250348316421104 22.39
2240 -0.01248919133973826 22.4
2241 -0.01248133381589573 22.41
2242 -0.01246764244361811 22.42
2243 -0.01246094898100189 22.43
2244 -0.01244897399036519 22.44
2245 -0.01244363633450534 22.45
2246 -0.01243139664245268 22.46
2247 -0.01242540040083544 22.47
2248 -0.01241249357967392 22.48
2249 -0.01240537722856728 22.49
2250 -0.01239163205722014 22.5
2251 -0.01238329249110639 22.51
2252 -0.01236875568228307 22.52
2253 -0.01235937680828206 22.53
2254 -0.01234424224696241 22.54
2255 -0.01233050729463001 22.55
2256 -0.01232173496483349 22.56
2257 -0.0123069758057399 22.57
2258 -0.01229299392138205 22.58
2259 -0.01228535666791144 22.59
2260 -0.01227054336709745 22.6
2261 -0.0122566294007626 22.61
2262 -0.01224303929914964 22.62
2263 -0.01223325757064373 22.63
2264 -0.01222225562684316 22.64
2265 -0.01221061310615537 22.65
2266 -0.01219946069994347 22.66
2267 -0.01218717738387937 22.67
2268 -0.01217373395284208 22.68
2269 -0.01215953037506754 22.69
2270 -0.01214341937871867 22.7
2271 -0.01212605353025528 22.71
2272 -0.01210862603597954 22.72
2273 -0.01209180666070984 22.73
2274 -0.01207536607572147 22.74
2275 -0.01205979579217565 22.75
2276 -0.01204466912894011 22.76
2277 -0.01203029453515313 22.77
2278 -0.01201612327242594 22.78
2279 -0.01200271659554961 22.79
2280 -0.01198918733405017 22.8
2281 -0.01197521846156996 22.81
2282 -0.01196117269428792 22.82
2283 -0.01194883484513296 22.83
2284 -0.01193610506870888 22.84
2285 -0.01192299002280274 22.85
2286 -0.01190954571156038 22.86
2287 -0.01189621208013426 22.87
2288 -0.01188262559992926 22.88
2289 -0.01186923557186988 22.89
2290 -0.0118549744398947 22.9
2291 -0.01183998136938118 22.91
2292 -0.01182555484340664 22.92
2293 -0.0118122501824921 22.93
2294 -0.01179967888799869 22.94
2295 -0.01178813654852624 22.95
2296 -0.01177701139877835 22.96
2297 -0.0117664475993961 22.97
2298 -0.01175579184880308 22.98
2299 -0.01174524083198619 22.99
2300 -0.011717982624203 23
2301 -0.01169526995973598 23.01
2302 -0.0116767543087388 23.02
2303 -0.01166446969927488 23.03
2304 -0.01165435943755409 23.04
2305 -0.01164652897394041 23.05
2306 -0.01164003151260602 23.06
2307 -0.01163473348614326 23.07
2308 -0.01162975615645683 23.08
2309 -0.01162508292721297 23.09
2310 -0.01162021937071813 23.1
2311 -0.01161496459273357 23.11
2312 -0.01160872667960223 23.12
2313 -0.0116018078157588 23.13
2314 -0.01159380291345191 23.14
2315 -0.01158519375530585 23.15
2316 -0.01157573265809834 23.16
2317 -0.01156603063168303 23.17
2318 -0.0115601908556554 23.18
2319 -0.01154751668303353 23.19
2320 -0.0115355042781233 23.2
2321 -0.01152493493947295 23.21
2322 -0.01151645601863377 23.22
2323 -0.01151221530847862 23.23
2324 -0.01150145164963993 23.24
2325 -0.01149299068220163 23.25
2326 -0.01148637181643952 23.26
2327 -0.01148177806674991 23.27
2328 -0.01148604641315865 23.28
2329 -0.01147978189614167 23.29
2330 -0.01147437273369047 23.3
2331 -0.01147018055223729 23.31
2332 -0.01146633186577416 23.32
2333 -0.0114714224302001 23.33
2334 -0.01146524095014141 23.34
2335 -0.01145996905991074 23.35
2336 -0.01145544286223762 23.36
2337 -0.01145216333902243 23.37
2338 -0.01144969517433966 23.38
2339 -0.01144829407281735 23.39
2340 -0.0114473722851682 23.4
2341 -0.01144713359689636 23.41
2342 -0.01144702374691256 23.42
2343 -0.01144733919415951 23.43
2344 -0.01144764139587272 23.44
2345 -0.0114483265855786 23.45
2346 -0.01144907183978802 23.46
2347 -0.01145026344244494 23.47
2348 -0.01145154722920164 23.48
2349 -0.01145675267244679 23.49
2350 -0.01146114675548256 23.5
2351 -0.01146514304376594 23.51
2352 -0.01146843850907241 23.52
2353 -0.01147157968922527 23.53
2354 -0.01147409055670387 23.54
2355 -0.01147685305846053 23.55
2356 -0.0114796221622297 23.56
2357 -0.01148340813175991 23.57
2358 -0.0114873155872972 23.58
2359 -0.01149112559213541 23.59
2360 -0.01149532591231284 23.6
2361 -0.0115003749536854 23.61
2362 -0.01150590334078055 23.62
2363 -0.01151230398852485 23.63
2364 -0.01151919519958016 23.64
2365 -0.01152374951009285 23.65
2366 -0.01152950859300099 23.66
2367 -0.01153680907110283 23.67
2368 -0.01154512457170725 23.68
2369 -0.01155466901189539 23.69
2370 -0.01156484020142116 23.7
2371 -0.0115758341224367 23.71
2372 -0.01158707807441763 23.72
2373 -0.01159882443577412 23.73
2374 -0.01161056460852863 23.74
2375 -0.01162261464431691 23.75
2376 -0.0116345283757074 23.76
2377 -0.01164668619830178 23.77
2378 -0.01165870407773661 23.78
2379 -0.01167101034655869 23.79
2380 -0.01168436232926377 23.8
2381 -0.01169783465203479 23.81
2382 -0.01171110394018217 23.82
2383 -0.01172465404096759 23.83
2384 -0.01173835231764305 23.84
2385 -0.01175247233610513 23.85
2386 -0.0117667042970258 23.86
2387 -0.01178150873479271 23.87
2388 -0.01179653161826127 23.88
2389 -0.01181224932045799 23.89
2390 -0.01182818932942874 23.9
2391 -0.01184474479206065 23.91
2392 -0.01186150488067669 23.92
2393 -0.01187884294866746 23.93
2394 -0.01189637412958174 23.94
2395 -0.01191440918883357 23.95
2396 -0.01193485646420345 23.96
2397 -0.0119552288682409 23.97
2398 -0.01197506131359147 23.98
2399 -0.01199480226259396 23.99
2400 -0.01201406509536755 24
2401 -0.012033347278109 24.01
2402 -0.01205237989019329 24.02
2403 -0.01207168330071632 24.03
2404 -0.01209098606856156 24.04
2405 -0.01211080969859424 24.05
2406 -0.01213085074986791 24.06
2407 -0.01215157772846997 24.07
2408 -0.01217263692830138 24.08
2409 -0.01219443713389245 24.09
2410 -0.01221656765235056 24.1
2411 -0.01223939098201037 24.11
2412 -0.01226245861604411 24.12
2413 -0.01228610502084958 24.13
2414 -0.01230986336965972 24.14
2415 -0.01233406284068259 24.15
2416 -0.01235824688008246 24.16
2417 -0.01238276584724268 24.17
2418 -0.01240719080064206 24.18
2419 -0.01243189401427878 24.19
2420 -0.01245646561551218 24.2
2421 -0.01248130419998331 24.21
2422 -0.01250563795401311 24.22
2423 -0.01253037350219469 24.23
2424 -0.0125677308811925 24.24
2425 -0.01258806074823282 24.25
2426 -0.0126085330742498 24.26
2427 -0.01262808675781223 24.27
2428 -0.01264932540049791 24.28
2429 -0.01268552785847234 24.29
2430 -0.01270598553418446 24.3
2431 -0.01272826413787147 24.31
2432 -0.01275436661039693 24.32
2433 -0.01279543149402556 24.33
2434 -0.01281783725730689 24.34
2435 -0.01284144067968271 24.35
2436 -0.01286610885282023 24.36
2437 -0.01289224894110635 24.37
2438 -0.01291928877447254 24.38
2439 -0.0129473276075816 24.39
2440 -0.01297562935646247 24.4
2441 -0.0130042964879606 24.41
2442 -0.01303269965163022 24.42
2443 -0.01306110535002996 24.43
2444 -0.01308906505244355 24.44
2445 -0.01311699617411751 24.45
2446 -0.01314462101338061 24.46
2447 -0.01317231962869737 24.47
2448 -0.01319978610152524 24.48
2449 -0.01322758696986703 24.49
2450 -0.01325261648543117 24.5
2451 -0.01328036480406584 24.51
2452 -0.01330844253503533 24.52
2453 -0.0133314237079934 24.53
2454 -0.0133562253063694 24.54
2455 -0.01338315367631548 24.55
2456 -0.01341154490796973 24.56
2457 -0.01344141065629205 24.57
2458 -0.01347201739653182 24.58
2459 -0.01350340684157612 24.59
2460 -0.0135348600614217 24.6
2461 -0.01356650455414277 24.61
2462 -0.01359771688218715 24.62
2463 -0.01363512056083147 24.63
2464 -0.01368505517557631 24.64
2465 -0.01371192230895004 24.65
2466 -0.01373680417920439 24.66
2467 -0.01376097368354343 24.67
2468 -0.01378476546149112 24.68
2469 -0.01381971315813308 24.69
2470 -0.01384067871333935 24.7
2471 -0.01386083743967266 24.71
2472 -0.01388134552606022 24.72
2473 -0.01390441141985926 24.73
2474 -0.01393166809895404 24.74
2475 -0.01395607257034596 24.75
2476 -0.01398318913860931 24.76
2477 -0.01401278331073702 24.77
2478 -0.01404375545774236 24.78
2479 -0.01409363525448815 24.79
2480 -0.01411862506964806 24.8
2481 -0.01414442447128899 24.81
2482 -0.0141709064079096 24.82
2483 -0.0141986476382553 24.83
2484 -0.01422723782231767 24.84
2485 -0.01427365369435705 24.85
2486 -0.0142998152176383 24.86
2487 -0.01432631318028534 24.87
2488 -0.01435287126479822 24.88
2489 -0.01437998720755481 24.89
2490 -0.01442120223431822 24.9
2491 -0.01444281476752675 24.91
2492 -0.01446517444595841 24.92
2493 -0.0144889194122959 24.93
2494 -0.01451378697013733 24.94
2495 -0.01455357954758401 24.95
2496 -0.0145746883496879 24.96
2497 -0.01459767794436457 24.97
2498 -0.01462220577162421 24.98
2499 -0.01464861266204336 24.99
2500 -0.01467627844979445 25
2501 -0.014705235796427 25.01
2502 -0.0147346672862926 25.02
2503 -0.0147645660266102 25.03
2504 -0.01479329986652382 25.04
2505 -0.01482210364459257 25.05
2506 -0.01485053162579989 25.06
2507 -0.0148788491125649 25.07
2508 -0.01490664756647227 25.08
2509 -0.01493364591829079 25.09
2510 -0.01496030517895838 25.1
2511 -0.01498708639131154 25.11
2512 -0.01501365624142962 25.12
2513 -0.0150404519620278 25.13
2514 -0.0150670974887535 25.14
2515 -0.01510629755232661 25.15
2516 -0.01513151002106806 25.16
2517 -0.01515679478555637 25.17
2518 -0.0151819555148439 25.18
2519 -0.01520748630402697 25.19
2520 -0.01523299711348734 25.2
2521 -0.01526954722563604 25.21
2522 -0.01528974042990152 25.22
2523 -0.01531095950649163 25.23
2524 -0.01533289928179606 25.24
2525 -0.01535603815405965 25.25
2526 -0.0153799688973071 25.26
2527 -0.01540495085190758 25.27
2528 -0.01544119221229603 25.28
2529 -0.01546185467056897 25.29
2530 -0.0154835069893998 25.3
2531 -0.01550649309848823 25.31
2532 -0.01553039018700943 25.32
2533 -0.01555547525903482 25.33
2534 -0.01558073001565699 25.34
2535 -0.01561826961974295 25.35
2536 -0.01563867857453312 25.36
2537 -0.0156602718868833 25.37
2538 -0.01568258474788627 25.38
2539 -0.01570601345980493 25.39
2540 -0.01573008177521222 25.4
2541 -0.01575500105701446 25.41
2542 -0.0157801214156383 25.42
2543 -0.01580560602801426 25.43
2544 -0.01583084799376861 25.44
2545 -0.01585566763503939 25.45
2546 -0.01588011848795141 25.46
2547 -0.01590434651841501 25.47
2548 -0.01594040452754771 25.48
2549 -0.01595933554924435 25.49
2550 -0.01597887711726242 25.5
2551 -0.01599949445906932 25.51
2552 -0.01602065059573042 25.52
2553 -0.01605268929080796 25.53
2554 -0.01607157102830275 25.54
2555 -0.0160922525324078 25.55
2556 -0.01611410906852983 25.56
2557 -0.01614868076380158 25.57
2558 -0.01616723274827917 25.58
2559 -0.01618761123026054 25.59
2560 -0.01622011190104253 25.6
2561 -0.01623774450310784 25.61
2562 -0.01625720561752769 25.62
2563 -0.01627868507837776 25.63
2564 -0.01631306980408908 25.64
2565 -0.01633189470887239 25.65
2566 -0.01635247596809385 25.66
2567 -0.01637333002963832 25.67
2568 -0.01639576376518825 25.68
2569 -0.0164198255982488 25.69
2570 -0.01644475289900324 25.7
2571 -0.01647049183329049 25.71
2572 -0.01649623388357758 25.72
2573 -0.01652204517258353 25.73
2574 -0.0165472987342031 25.74
2575 -0.01657226018574577 25.75
2576 -0.01659648312160212 25.76
2577 -0.01661769759504171 25.77
2578 -0.01663914092832899 25.78
2579 -0.0166612383803794 25.79
2580 -0.01668360871498167 25.8
2581 -0.01670660565326862 25.81
2582 -0.01672978676495196 25.82
2583 -0.01675349402924954 25.83
2584 -0.01677772306285193 25.84
2585 -0.01680203621874593 25.85
2586 -0.01682609538424935 25.86
2587 -0.01685035695654474 25.87
2588 -0.01687447557939906 25.88
2589 -0.01689886351347052 25.89
2590 -0.01692408833998383 25.9
2591 -0.01694930509429548 25.91
2592 -0.01697406662376591 25.92
2593 -0.01699693605586723 25.93
2594 -0.01701975868172926 25.94
2595 -0.01704309677268546 25.95
2596 -0.01706648062330377 25.96
2597 -0.01709033012874143 25.97
2598 -0.01711446654255684 25.98
2599 -0.01713928581342988 25.99
2600 -0.01716394398636787 26
2601 -0.01718879288551121 26.01
2602 -0.01721342904041936 26.02
2603 -0.01723826204438105 26.03
2604 -0.01726291853168314 26.04
2605 -0.0172878150877766 26.05
2606 -0.01731256909112505 26.06
2607 -0.0173376031915524 26.07
2608 -0.01736254103651455 26.08
2609 -0.01738764935873739 26.09
2610 -0.01741361327879648 26.1
2611 -0.0174396442890735 26.11
2612 -0.01746539389258835 26.12
2613 -0.01749130306550779 26.13
2614 -0.01751701820876007 26.14
2615 -0.01754296351471116 26.15
2616 -0.01756876856762077 26.16
2617 -0.01759459195986107 26.17
2618 -0.01762040150257468 26.18
2619 -0.01764659641561616 26.19
2620 -0.01767277834492731 26.2
2621 -0.01769933381603452 26.21
2622 -0.01772586302675001 26.22
2623 -0.01775096144185358 26.23
2624 -0.0177764806385711 26.24
2625 -0.01780282231726737 26.25
2626 -0.01782955638427246 26.26
2627 -0.01786207864536925 26.27
2628 -0.01789355198499262 26.28
2629 -0.01792424110322885 26.29
2630 -0.0179522822084545 26.3
2631 -0.01797990989092598 26.31
2632 -0.01800687463897281 26.32
2633 -0.01803373165858586 26.33
2634 -0.01806025154079159 26.34
2635 -0.01808849211326062 26.35
2636 -0.01811650588475214 26.36
2637 -0.01814473538861605 26.37
2638 -0.0181728389946412 26.38
2639 -0.01820125448205144 26.39
2640 -0.01822181124015586 26.4
2641 -0.01824414227447559 26.41
2642 -0.01827150689095189 26.42
2643 -0.01830034029648562 26.43
2644 -0.01833021529034578 26.44
2645 -0.01836104522617812 26.45
2646 -0.01839226159474091 26.46
2647 -0.01842413748075124 26.47
2648 -0.01845617530596352 26.48
2649 -0.01848868071282446 26.49
2650 -0.01852108029388544 26.5
2651 -0.0185537298346336 26.51
2652 -0.01858522969110443 26.52
2653 -0.01861584208960276 26.53
2654 -0.01864204444357644 26.54
2655 -0.01867002398803782 26.55
2656 -0.01869935724829768 26.56
2657 -0.01873030988434112 26.57
2658 -0.01876227646443741 26.58
2659 -0.01879540777126419 26.59
2660 -0.01882515704992834 26.6
2661 -0.01885618019326248 26.61
2662 -0.01888897838220636 26.62
2663 -0.01892345841898409 26.63
2664 -0.01895882027947311 26.64
2665 -0.01899502055492761 26.65
2666 -0.01903123868060999 26.66
2667 -0.01906748555295311 26.67
2668 -0.01911141566062141 26.68
2669 -0.01915315234745081 26.69
2670 -0.01919200203744627 26.7
2671 -0.01922997196004042 26.71
2672 -0.01926475002034144 26.72
2673 -0.01929714580495104 26.73
2674 -0.01932742647139177 26.74
2675 -0.0193565171885498 26.75
2676 -0.01938450273823888 26.76
2677 -0.01941263774077613 26.77
2678 -0.01944139166323526 26.78
2679 -0.0194712464179898 26.79
2680 -0.01950212305453905 26.8
2681 -0.01953460380104881 26.81
2682 -0.01956835005975836 26.82
2683 -0.0196037058804712 26.83
2684 -0.01963976191535617 26.84
2685 -0.0196769632717934 26.85
2686 -0.019712638180347 26.86
2687 -0.0197496107106604 26.87
2688 -0.01978734214523052 26.88
2689 -0.01982614125796934 26.89
2690 -0.01986524311167691 26.9
2691 -0.01990464839696626 26.91
2692 -0.01994415673832789 26.92
2693 -0.01998362745138993 26.93
2694 -0.02002250313840393 26.94
2695 -0.02006110058893489 26.95
2696 -0.02009899672718421 26.96
2697 -0.02013662967972684 26.97
2698 -0.02017367031207286 26.98
2699 -0.0202106247199006 26.99
2700 -0.02024720701286705 27
2701 -0.02028394082626776 27.01
2702 -0.02032053747927537 27.02
2703 -0.02035750423443881 27.03
2704 -0.02039452369750276 27.04
2705 -0.02043206383201943 27.05
2706 -0.02046976171341887 27.06
2707 -0.02050803645261368 27.07
2708 -0.0205458112446704 27.08
2709 -0.02057543610615507 27.09
2710 -0.02060182842219249 27.1
2711 -0.02063214712646098 27.11
2712 -0.02066616107282288 27.12
2713 -0.0207041425321394 27.13
2714 -0.02074524449333924 27.14
2715 -0.02078924166929207 27.15
2716 -0.02083498635361613 27.16
2717 -0.02088317672173262 27.17
2718 -0.02093131333158305 27.18
2719 -0.02097912877440912 27.19
2720 -0.02102569344513045 27.2
2721 -0.02107107093032951 27.21
2722 -0.02111464484120167 27.22
2723 -0.02115670904565596 27.23
2724 -0.02119765962968729 27.24
2725 -0.02123701438222119 27.25
2726 -0.02127515036606918 27.26
2727 -0.02131282218834572 27.27
2728 -0.02134997587562541 27.28
2729 -0.02138734034773077 27.29
2730 -0.02142477754225088 27.3
2731 -0.02146289694486685 27.31
2732 -0.02150142781876575 27.32
2733 -0.02154084563747536 27.33
2734 -0.02158076046362612 27.34
2735 -0.02162154041743908 27.35
2736 -0.02166270733621021 27.36
2737 -0.02170445871370041 27.37
2738 -0.02174642989384238 27.38
2739 -0.02178890002417732 27.39
2740 -0.02183133960399041 27.4
2741 -0.02187404124423857 27.41
2742 -0.02191650169262079 27.42
2743 -0.02195904783124651 27.43
2744 -0.02200121742650273 27.44
2745 -0.02204337983776461 27.45
2746 -0.02208511275733757 27.46
2747 -0.0221268247201425 27.47
2748 -0.02216812876079289 27.48
2749 -0.02220946047569543 27.49
2750 -0.02225045278380153 27.5
2751 -0.02229162082911958 27.51
2752 -0.02233253647504574 27.52
2753 -0.02237365170265801 27.53
2754 -0.02241468742319452 27.54
2755 -0.02245597070367786 27.55
2756 -0.02249713070041215 27.56
2757 -0.02253859039895286 27.57
2758 -0.02257994999477135 27.58
2759 -0.0226275053762228 27.59
2760 -0.02267366300047548 27.6
2761 -0.02271739058905558 27.61
2762 -0.0227598075081996 27.62
2763 -0.02280140610194686 27.63
2764 -0.0228419161267095 27.64
2765 -0.02288191688473956 27.65
2766 -0.02291762457429689 27.66
2767 -0.02295407570832622 27.67
2768 -0.0229910449211648 27.68
2769 -0.02302930212192576 27.69
2770 -0.0230685468016352 27.7
2771 -0.02310918132409676 27.71
2772 -0.023150690066115 27.72
2773 -0.02319327929207136 27.73
2774 -0.02323629656172773 27.74
2775 -0.02328113606624046 27.75
2776 -0.02332554649022563 27.76
2777 -0.02336971206776828 27.77
2778 -0.02341625947151819 27.78
2779 -0.02346139931257921 27.79
2780 -0.02350473291237943 27.8
2781 -0.0235467787496908 27.81
2782 -0.02358733624199214 27.82
2783 -0.02362717725269701 27.83
2784 -0.02366602464061787 27.84
2785 -0.02370467392286188 27.85
2786 -0.02374284153234434 27.86
2787 -0.02378116830465536 27.87
2788 -0.02381945252105769 27.88
2789 -0.02385824708143625 27.89
2790 -0.02390188338304105 27.9
2791 -0.02394540747461718 27.91
2792 -0.02398676568381954 27.92
2793 -0.02402783493545073 27.93
2794 -0.02406822650989219 27.94
2795 -0.02411004988775394 27.95
2796 -0.02415126366977892 27.96
2797 -0.02419279924249346 27.97
2798 -0.02423314585058347 27.98
2799 -0.02427271090485909 27.99
2800 -0.02431125033723259 28
2801 -0.02435205103772682 28.01
2802 -0.02439189994771692 28.02
2803 -0.02443160744232865 28.03
2804 -0.02447065563876191 28.04
2805 -0.02450961990530015 28.05
2806 -0.02454840393800731 28.06
2807 -0.02458730793313879 28.07
2808 -0.02462946021415678 28.08
2809 -0.02467097371569814 28.09
2810 -0.02471147033393109 28.1
2811 -0.0247514325281316 28.11
2812 -0.02479059896302934 28.12
2813 -0.02482952426339244 28.13
2814 -0.02486796936275361 28.14
2815 -0.02490647044536987 28.15
2816 -0.02494465435118529 28.16
2817 -0.02498312194223842 28.17
2818 -0.0250215404339105 28.18
2819 -0.02506034050529595 28.19
2820 -0.02509913999165276 28.2
2821 -0.02513841690966043 28.21
2822 -0.02517751702698249 28.22
2823 -0.02521714635511556 28.23
2824 -0.02525661498046703 28.24
2825 -0.02529607906006058 28.25
2826 -0.02533290097346232 28.26
2827 -0.02537041413421723 28.27
2828 -0.02540741994109047 28.28
2829 -0.02544241306765548 28.29
2830 -0.02547869554634291 28.3
2831 -0.02552067836764683 28.31
2832 -0.02556286164436611 28.32
2833 -0.02560527236628838 28.33
2834 -0.02564719964305041 28.34
2835 -0.02568878745681732 28.35
2836 -0.02572948394334887 28.36
2837 -0.02576960584563217 28.37
2838 -0.02580876237525104 28.38
2839 -0.02584740329018747 28.39
2840 -0.02588524449253332 28.4
2841 -0.02592281342725111 28.41
2842 -0.02595946484024795 28.42
2843 -0.0259895572154124 28.43
2844 -0.02602163399358885 28.44
2845 -0.0260562213050189 28.45
2846 -0.02609282136276911 28.46
2847 -0.02613151402400647 28.47
2848 -0.02617147300361855 28.48
2849 -0.02621291787838554 28.49
2850 -0.02625459065583921 28.5
2851 -0.02629645784763165 28.51
2852 -0.02633780594229516 28.52
2853 -0.02637880543956515 28.53
2854 -0.02642060038388 28.54
2855 -0.02646130430103013 28.55
2856 -0.02650076322103942 28.56
2857 -0.02653944535864076 28.57
2858 -0.02657709155166925 28.58
2859 -0.02661400335508901 28.59
2860 -0.0266601486794327 28.6
2861 -0.0267038694414924 28.61
2862 -0.02674476834207504 28.62
2863 -0.02678430958861457 28.63
2864 -0.02681984211113852 28.64
2865 -0.02685407797756448 28.65
2866 -0.02688722463249885 28.66
2867 -0.02692024922381108 28.67
2868 -0.02695326366904136 28.68
2869 -0.02698705022452494 28.69
2870 -0.02701981438960194 28.7
2871 -0.02705429413455791 28.71
2872 -0.02709049615376599 28.72
2873 -0.02712830938836466 28.73
2874 -0.02716715148977942 28.74
2875 -0.02720713075979564 28.75
2876 -0.02724706675167341 28.76
2877 -0.02728766495600741 28.77
2878 -0.02732861942563638 28.78
2879 -0.02736980524631671 28.79
2880 -0.02741058650253515 28.8
2881 -0.02745116742901856 28.81
2882 -0.02749322863332927 28.82
2883 -0.02753428278244793 28.83
2884 -0.02757399281360341 28.84
2885 -0.02761286590764408 28.85
2886 -0.02765072255888102 28.86
2887 -0.02768817936549904 28.87
2888 -0.02772510116137904 28.88
2889 -0.02776218263306731 28.89
2890 -0.02779923190791053 28.9
2891 -0.02783674193657884 28.91
2892 -0.02787440403849072 28.92
2893 -0.02791263088532477 28.93
2894 -0.02795104448185178 28.94
2895 -0.02799000609996776 28.95
2896 -0.02802910486405974 28.96
2897 -0.02806867814453674 28.97
2898 -0.02810830319966042 28.98
2899 -0.02814831005662929 28.99
2900 -0.02818824403774569 29
2901 -0.0282263554776157 29.01
2902 -0.02826488840778721 29.02
2903 -0.0283041991081733 29.03
2904 -0.02834385511368961 29.04
2905 -0.02838415429395773 29.05
2906 -0.02842412768549915 29.06
2907 -0.02846466047577735 29.07
2908 -0.02850773208351675 29.08
2909 -0.02855013195316966 29.09
2910 -0.02858752317239876 29.1
2911 -0.02862552837147085 29.11
2912 -0.02866397042335247 29.12
2913 -0.02870331631017878 29.13
2914 -0.0287432095609503 29.14
2915 -0.02878398173033797 29.15
2916 -0.02882531903334461 29.16
2917 -0.02886735026303866 29.17
2918 -0.02891087069914205 29.18
2919 -0.02895446741067203 29.19
2920 -0.02899760675960157 29.2
2921 -0.02904054725066023 29.21
2922 -0.02908180229521021 29.22
2923 -0.02912284010740277 29.23
2924 -0.02916353681402645 29.24
2925 -0.02920434799902036 29.25
2926 -0.02924498168537825 29.26
2927 -0.02928604121437613 29.27
2928 -0.02932701087887425 29.28
2929 -0.0293682842607987 29.29
2930 -0.02940918152348564 29.3
2931 -0.02945054705805512 29.31
2932 -0.02949339179397411 29.32
2933 -0.02953641446606739 29.33
2934 -0.02957922794560806 29.34
2935 -0.02962219173887206 29.35
2936 -0.02966549074691731 29.36
2937 -0.02970876592538989 29.37
2938 -0.02975168727492017 29.38
2939 -0.02979464940558922 29.39
2940 -0.02983728183849079 29.4
2941 -0.02988112794254453 29.41
2942 -0.02992440903777592 29.42
2943 -0.02996754571721578 29.43
2944 -0.03001025518595611 29.44
2945 -0.03005299384680104 29.45
2946 -0.03009549649711576 29.46
2947 -0.03013818140360157 29.47
2948 -0.03018082380114446 29.48
2949 -0.03022369810116659 29.49
2950 -0.03026647953463018 29.5
2951 -0.03030955994912545 29.51
2952 -0.03035260395939099 29.52
2953 -0.03039599244207694 29.53
2954 -0.03043937748364895 29.54
2955 -0.03048312373759037 29.55
2956 -0.03052685622551854 29.56
2957 -0.03057054199578296 29.57
2958 -0.03061421283621071 29.58
2959 -0.03065843762239821 29.59
2960 -0.03070263553877257 29.6
2961 -0.03074715860039154 29.61
2962 -0.0307916304944058 29.62
2963 -0.03083638993241385 29.63
2964 -0.03088105358077628 29.64
2965 -0.03092590328003776 29.65
2966 -0.03097063309842702 29.66
2967 -0.03101558178883366 29.67
2968 -0.03105369286963046 29.68
2969 -0.03109297696531625 29.69
2970 -0.03113343484365119 29.7
2971 -0.03117580171055604 29.71
2972 -0.03121974088171391 29.72
2973 -0.03126543954868616 29.73
2974 -0.03131235480553858 29.74
2975 -0.03136054037432771 29.75
2976 -0.03140927216085272 29.76
2977 -0.03145851839665877 29.77
2978 -0.03150747171291565 29.78
2979 -0.03155626999319861 29.79
2980 -0.03160432896597802 29.8
2981 -0.03165147963496293 29.81
2982 -0.03169881025032834 29.82
2983 -0.03174552762431384 29.83
2984 -0.03179127060856163 29.84
2985 -0.03183646236654339 29.85
2986 -0.03188153692442538 29.86
2987 -0.03192620908351066 29.87
2988 -0.03197023623674403 29.88
2989 -0.0320141358851934 29.89
2990 -0.03205774158785395 29.9
2991 -0.0321015742597513 29.91
2992 -0.03214543542172637 29.92
2993 -0.03218979195908907 29.93
2994 -0.03223437534213452 29.94
2995 -0.03227956937430256 29.95
2996 -0.03232505733835806 29.96
2997 -0.03237111546057597 29.97
2998 -0.03241734378938656 29.98
2999 -0.03246401803240601 29.99
3000 -0.03251070817240695 30
