"x-force-rfile"
"Time Step" "x-force etc.."
("Time Step" "x-force" "flow-time")
0 2.423380700838948e-27 0
1 -46.7865077375933 0.01
2 -10.4009217807864 0.02
3 1.109420799208333 0.03
4 3.101618859141425 0.04
5 2.802670301574295 0.05
6 -0.7814547987584843 0.06
7 -1.463887460268229 0.07000000000000001
8 -0.4924025431700869 0.08
9 0.3197622059076177 0.09
10 0.5829478294501937 0.1
11 0.1472458117588982 0.11
12 -0.02707279554775566 0.12
13 -0.09513120751299947 0.13
14 -0.03450390606823628 0.14
15 0.02333392759199061 0.15
16 0.03828461870248721 0.16
17 0.01691637089454118 0.17
18 0.009895457321877688 0.18
19 0.02333501602252928 0.19
20 0.03463702154064471 0.2
21 0.03217835214822584 0.21
22 0.04938370639344936 0.22
23 0.04021465306881256 0.23
24 0.03087295837352078 0.24
25 0.01589924290329929 0.25
26 0.004343913585754061 0.26
27 0.0009265293400493313 0.27
28 0.009630031345818052 0.28
29 0.02187841184183877 0.29
30 0.02117935295840199 0.3
31 0.01569470133913207 0.31
32 0.01514931579744183 0.32
33 0.01845052585324587 0.33
34 0.02215607739534166 0.34
35 0.02169114115363558 0.35
36 0.02045072356939835 0.36
37 0.01897673139909303 0.37
38 0.01705453417813413 0.38
39 0.01626512088408044 0.39
40 0.01490062959566833 0.4
41 0.01420698384861011 0.41
42 0.01406205381273954 0.42
43 0.01433979709040752 0.43
44 0.01408142899843895 0.44
45 0.01365162807321976 0.45
46 0.01365553027382041 0.46
47 0.01393875936815923 0.47
48 0.01438204264323639 0.48
49 0.01478917207963594 0.49
50 0.01536698837074123 0.5
51 0.01532538097358235 0.51
52 0.01504798496668391 0.52
53 0.01459663554138053 0.53
54 0.01420247766510403 0.54
55 0.01406302594484066 0.55
56 0.01367110218433306 0.5600000000000001
57 0.01334749989116638 0.5700000000000001
58 0.01296107706725897 0.58
59 0.01264800127759969 0.59
60 0.01254815333607996 0.6
61 0.0125609038487925 0.61
62 0.01251867666557601 0.62
63 0.01274826220155952 0.63
64 0.01289543964212697 0.64
65 0.01294146218322876 0.65
66 0.01316601868355851 0.66
67 0.01336370109114002 0.67
68 0.0135020214906365 0.68
69 0.01322057846264726 0.6900000000000001
70 0.01302869625608127 0.7000000000000001
71 0.0129121028478594 0.71
72 0.01293397306285078 0.72
73 0.01263785178395979 0.73
74 0.01240330090644544 0.74
75 0.01245809217358505 0.75
76 0.01238568789253846 0.76
77 0.01223016380396126 0.77
78 0.01208182085447018 0.78
79 0.0120702880675398 0.79
80 0.01210386276606535 0.8
81 0.01209264527614374 0.8100000000000001
82 0.01187386129377146 0.8200000000000001
83 0.01189573646631027 0.8300000000000001
84 0.0120202353980767 0.84
85 0.01208105892141979 0.85
86 0.01204784937042445 0.86
87 0.01209194254749769 0.87
88 0.01211817310248865 0.88
89 0.01213347587206989 0.89
90 0.01213347268221244 0.9
91 0.01212036635853805 0.91
92 0.01211179635070089 0.92
93 0.01211259402419357 0.93
94 0.01213206201488258 0.9400000000000001
95 0.01215883193093081 0.9500000000000001
96 0.01217523254997204 0.96
97 0.0121700713101409 0.97
98 0.01214744969842084 0.98
99 0.01207830818681267 0.99
100 0.01191647083866344 1
101 0.01180879837497565 1.01
102 0.01177759193029804 1.02
103 0.01176362553576122 1.03
104 0.01173529235835595 1.04
105 0.01169911814367096 1.05
106 0.01167494238681251 1.06
107 0.01165732046410668 1.07
108 0.01164763944619012 1.08
109 0.01163334952323638 1.09
110 0.01160893626039722 1.1
111 0.01158708300865012 1.11
112 0.01156207758629101 1.12
113 0.01150170750021071 1.13
114 0.01142963008545715 1.14
115 0.01138048931133956 1.15
116 0.01137474082686539 1.16
117 0.01140093713848858 1.17
118 0.01143911021496753 1.18
119 0.01146142902157819 1.19
120 0.01145131597067789 1.2
121 0.01142822996403901 1.21
122 0.01140644884549768 1.22
123 0.01138882104611441 1.23
124 0.01138490679690486 1.24
125 0.01139795602526743 1.25
126 0.01140376815345301 1.26
127 0.01141645925515689 1.27
128 0.01142965920452031 1.28
129 0.01144271844801442 1.29
130 0.01145713428020888 1.3
131 0.0114648958430857 1.31
132 0.01146859101882159 1.32
133 0.01147621441242601 1.33
134 0.01147505308387214 1.34
135 0.0114752365924053 1.35
136 0.01149182100416875 1.36
137 0.01150895509396795 1.37
138 0.01152531754343591 1.38
139 0.0115411530353276 1.39
140 0.01156006401710046 1.4
141 0.01157582912292294 1.41
142 0.01158667708649876 1.42
143 0.01159165206431489 1.43
144 0.01159091389354407 1.44
145 0.01158748180260656 1.45
146 0.01158331800984388 1.46
147 0.01157758692215232 1.47
148 0.0115705502862023 1.48
149 0.01156210804313426 1.49
150 0.01155068568713052 1.5
151 0.01153821326813597 1.51
152 0.01152534374291328 1.52
153 0.01150979115611421 1.53
154 0.01149601210613537 1.54
155 0.01147894883172181 1.55
156 0.01146392272898281 1.56
157 0.01144802502167874 1.57
158 0.01142508999273508 1.58
159 0.01140345934643318 1.59
160 0.01138294200068494 1.6
161 0.01136305696021014 1.61
162 0.01134430068988484 1.62
163 0.01132446185922158 1.63
164 0.0113038591093698 1.64
165 0.01128205999142313 1.65
166 0.01126234221083992 1.66
167 0.01124943199194788 1.67
168 0.01123819915304698 1.68
169 0.01122446868773838 1.69
170 0.01121305017031575 1.7
171 0.01119863050901399 1.71
172 0.01118555538987183 1.72
173 0.01117599184671939 1.73
174 0.01116837814927341 1.74
175 0.01116134726503702 1.75
176 0.01115450223250776 1.76
177 0.01114885590096424 1.77
178 0.01114444556288744 1.78
179 0.01114147178304322 1.79
180 0.01114022368830766 1.8
181 0.01114060863478819 1.81
182 0.01114228730214079 1.82
183 0.01114436510716625 1.83
184 0.0111463533834053 1.84
185 0.01114890473585955 1.85
186 0.01115056628110415 1.86
187 0.01115274207229796 1.87
188 0.01115509967129352 1.88
189 0.0111576386385523 1.89
190 0.01116044239462952 1.9
191 0.01116350982110273 1.91
192 0.01116637528054712 1.92
193 0.01116886411098796 1.93
194 0.01116972306570633 1.94
195 0.01117199963997292 1.95
196 0.01117794014451037 1.96
197 0.01118277557653535 1.97
198 0.01118655849116729 1.98
199 0.01118720367307945 1.99
200 0.01118603647133878 2
201 0.01118268339284956 2.01
202 0.01117872556516424 2.02
203 0.01117521730450312 2.03
204 0.0111757480378821 2.04
205 0.01117423606706516 2.05
206 0.01117249500477524 2.06
207 0.01117191650420047 2.07
208 0.01117054279138674 2.08
209 0.01116901567152525 2.09
210 0.01116718391805933 2.1
211 0.01116437188256947 2.11
212 0.01116112236632298 2.12
213 0.0111579930793974 2.13
214 0.01115505898092493 2.14
215 0.01115133428222219 2.15
216 0.01114692102750176 2.16
217 0.01114192061170254 2.17
218 0.01113647589669677 2.18
219 0.01113069070020885 2.19
220 0.01112647334538105 2.2
221 0.01112165847779885 2.21
222 0.01111595093071511 2.22
223 0.01110751625733808 2.23
224 0.01109540188748547 2.24
225 0.01108799951616274 2.25
226 0.0110812132034182 2.26
227 0.01107540897249562 2.27
228 0.01106980660106331 2.28
229 0.01106228861974882 2.29
230 0.01105781232624692 2.3
231 0.01105223344604703 2.31
232 0.01104520164855814 2.32
233 0.01103876486482476 2.33
234 0.01103232881051968 2.34
235 0.01102668546831559 2.35
236 0.01102092851706979 2.36
237 0.01101542359937554 2.37
238 0.01100982562021622 2.38
239 0.01100473104607206 2.39
240 0.01099978520632632 2.4
241 0.0109941518756338 2.41
242 0.0109903028906617 2.42
243 0.01098742381073936 2.43
244 0.01098461281571795 2.44
245 0.01098186929823928 2.45
246 0.01097943639194167 2.46
247 0.01097747006139924 2.47
248 0.01097627891892755 2.48
249 0.01097516217601774 2.49
250 0.01097414828048483 2.5
251 0.01097336747997983 2.51
252 0.01097275857719805 2.52
253 0.01097243203321511 2.53
254 0.01097381638107889 2.54
255 0.0109735182604053 2.55
256 0.01097459013954094 2.56
257 0.01097499616127603 2.57
258 0.01097556083945022 2.58
259 0.01097672074620126 2.59
260 0.01097776508259219 2.6
261 0.01097907794403699 2.61
262 0.01098099759561237 2.62
263 0.01098262591946923 2.63
264 0.01098572239549562 2.64
265 0.01098734668130833 2.65
266 0.0109882158638611 2.66
267 0.01098869258941853 2.67
268 0.01098911931747315 2.68
269 0.01098967860912763 2.69
270 0.01099006584909468 2.7
271 0.01099099369475493 2.71
272 0.0109920496175275 2.72
273 0.01099303758197048 2.73
274 0.01099375406585079 2.74
275 0.01099430167297746 2.75
276 0.01099462560638126 2.76
277 0.01099478375229619 2.77
278 0.01099462493059734 2.78
279 0.01099417618129203 2.79
280 0.01099352016248945 2.8
281 0.01099275178223087 2.81
282 0.010991909787722 2.82
283 0.01099095266204882 2.83
284 0.01098976438346413 2.84
285 0.01098833256520023 2.85
286 0.01098736699724053 2.86
287 0.0109855566208376 2.87
288 0.01098323896354742 2.88
289 0.01098050271646111 2.89
290 0.01097755708682783 2.9
291 0.01097448221359309 2.91
292 0.01097157983993997 2.92
293 0.01096933914827899 2.93
294 0.0109673774572916 2.94
295 0.01096520619024226 2.95
296 0.01096289618000861 2.96
297 0.01096044544975925 2.97
298 0.01095712264031774 2.98
299 0.01095367133539028 2.99
300 0.01095090873781109 3
301 0.01094850785721031 3.01
302 0.01094626165736374 3.02
303 0.01094366961100984 3.03
304 0.01094142926012485 3.04
305 0.01093981008359246 3.05
306 0.01093816803667178 3.06
307 0.01093796859937999 3.07
308 0.01093713940936273 3.08
309 0.01093637941403627 3.09
310 0.01093573374585363 3.1
311 0.01093518214253598 3.11
312 0.01093469094158651 3.12
313 0.01093423106691431 3.13
314 0.01093396274966953 3.14
315 0.01093362874234446 3.15
316 0.01093405876124223 3.16
317 0.01093489809837634 3.17
318 0.01093598454647994 3.18
319 0.01093699723709168 3.19
320 0.01093788805846803 3.2
321 0.01093853670409638 3.21
322 0.01093918962090825 3.22
323 0.01093933203037855 3.23
324 0.01094000318721884 3.24
325 0.01094095311306783 3.25
326 0.01094207255651544 3.26
327 0.01094338137511578 3.27
328 0.01094491542745452 3.28
329 0.0109463554940182 3.29
330 0.01094775909027712 3.3
331 0.01094917576845375 3.31
332 0.01095053013688771 3.32
333 0.01095158255136743 3.33
334 0.01095318649472486 3.34
335 0.01095456965184497 3.35
336 0.01095578572971607 3.36
337 0.01095682196495967 3.37
338 0.01095813628074786 3.38
339 0.01095931240162464 3.39
340 0.01096094061964751 3.4
341 0.01096271131933941 3.41
342 0.01096441372652138 3.42
343 0.01096595727070805 3.43
344 0.01096740221301569 3.44
345 0.01096847793477141 3.45
346 0.01096925420468602 3.46
347 0.01096984174047359 3.47
348 0.01097009583888272 3.48
349 0.0109700845606677 3.49
350 0.01097006488025336 3.5
351 0.0109701360835296 3.51
352 0.01097025454297997 3.52
353 0.01097036317295 3.53
354 0.0109705790384644 3.54
355 0.01097048881878681 3.55
356 0.01097011053109526 3.56
357 0.01096942829623394 3.57
358 0.01096861785580696 3.58
359 0.01096784153706656 3.59
360 0.01096698528186044 3.6
361 0.01096604534611426 3.61
362 0.01096535964539778 3.62
363 0.01096462870430551 3.63
364 0.01096364415008201 3.64
365 0.01096315723670961 3.65
366 0.01096252519064134 3.66
367 0.0109620334911892 3.67
368 0.01096164911042693 3.68
369 0.01096148032196752 3.69
370 0.01096085272174879 3.7
371 0.01096094247575465 3.71
372 0.01096110500739061 3.72
373 0.0109608802053478 3.73
374 0.01096095719570576 3.74
375 0.0109606423494066 3.75
376 0.01096041565321396 3.76
377 0.01095997817034122 3.77
378 0.01095951452510636 3.78
379 0.01095915660199689 3.79
380 0.01095856623875724 3.8
381 0.01095840278476508 3.81
382 0.01095846707225366 3.82
383 0.01095904089803408 3.83
384 0.01095989361769765 3.84
385 0.0109607772350903 3.85
386 0.01096183811708889 3.86
387 0.01096301624029369 3.87
388 0.01096420626557158 3.88
389 0.01096533408963982 3.89
390 0.0109665572891288 3.9
391 0.01096755946007636 3.91
392 0.0109690304845312 3.92
393 0.01097077594492108 3.93
394 0.01097186394538073 3.94
395 0.01097303188325211 3.95
396 0.01097437562437174 3.96
397 0.01097566721040288 3.97
398 0.01097685622688243 3.98
399 0.01097813980814603 3.99
400 0.01097948231635783 4
401 0.01098128483378858 4.01
402 0.01098219712366187 4.02
403 0.01098329207264825 4.03
404 0.01098479408706444 4.04
405 0.01098643091224447 4.05
406 0.01098821144516172 4.06
407 0.01098990072188752 4.07
408 0.01099195500742195 4.08
409 0.01099333079768183 4.09
410 0.01099455638409882 4.1
411 0.01099573123863321 4.11
412 0.01099689648712903 4.12
413 0.01099788984324318 4.13
414 0.01099902487438072 4.14
415 0.0110001850099824 4.15
416 0.01100136547080158 4.16
417 0.01100221065127829 4.17
418 0.01100297402795192 4.18
419 0.011003794448022 4.19
420 0.0110044605658417 4.2
421 0.01100500517360203 4.21
422 0.01100545888840918 4.22
423 0.01100603247125173 4.23
424 0.0110066315101358 4.24
425 0.01100704912616812 4.25
426 0.01100743570197885 4.26
427 0.01100792925635131 4.27
428 0.01100827274598195 4.28
429 0.01100859389911661 4.29
430 0.01100835462812366 4.3
431 0.01100856257564208 4.31
432 0.01100902638661455 4.32
433 0.01100970798929892 4.33
434 0.01101026738596873 4.34
435 0.01101070816986905 4.350000000000001
436 0.01101126973005271 4.36
437 0.01101190907089246 4.37
438 0.01101254657106161 4.38
439 0.01101328022441247 4.39
440 0.01101405482993622 4.4
441 0.01101485208275404 4.41
442 0.01101565912813818 4.42
443 0.01101648489962662 4.43
444 0.01101703823892743 4.44
445 0.01101761989163394 4.45
446 0.0110183021104491 4.46
447 0.01101896747927556 4.47
448 0.01101973064932188 4.48
449 0.01102075853659575 4.49
450 0.01102193147754891 4.5
451 0.0110234904986233 4.51
452 0.01102520267043309 4.52
453 0.01102698837177994 4.53
454 0.01102873175968844 4.54
455 0.0110305564904677 4.55
456 0.01103238693911852 4.56
457 0.01103428016099489 4.57
458 0.01103654252173435 4.58
459 0.01103817881828154 4.59
460 0.0110396123179248 4.600000000000001
461 0.01104109386105102 4.61
462 0.0110425375407524 4.62
463 0.01104395200202833 4.63
464 0.01104531251623729 4.64
465 0.01104698866254603 4.65
466 0.01104875366663648 4.66
467 0.01105054433461975 4.67
468 0.01105234951996448 4.68
469 0.01105409483105128 4.69
470 0.011056020437225 4.7
471 0.01105766731294821 4.71
472 0.01105934701057586 4.72
473 0.01106106624452984 4.73
474 0.01106284525788616 4.74
475 0.01106477534878681 4.75
476 0.01106659154241156 4.76
477 0.01106865723369579 4.77
478 0.01107069815551949 4.78
479 0.01107270545673014 4.79
480 0.01107468800482477 4.8
481 0.01107661571500897 4.81
482 0.01107848161294511 4.82
483 0.01108028396936996 4.83
484 0.01108201817592942 4.84
485 0.01108368845754721 4.850000000000001
486 0.01108529809943808 4.86
487 0.01108683012320669 4.87
488 0.01108807880773234 4.88
489 0.01108949688156653 4.89
490 0.01109095707575057 4.9
491 0.0110924031089889 4.91
492 0.01109383915547546 4.92
493 0.01109528113037455 4.93
494 0.01109682719192213 4.94
495 0.01109837415267743 4.95
496 0.01110000801308314 4.96
497 0.01110136978013916 4.97
498 0.01110311373065234 4.98
499 0.01110461479902264 4.99
500 0.0111063715765179 5
501 0.01110834693158999 5.01
502 0.01111047429417532 5.02
503 0.01111267311167264 5.03
504 0.01111488381363074 5.04
505 0.01111691385676707 5.05
506 0.01111900862772315 5.06
507 0.01112046499041074 5.07
508 0.01112215193395322 5.08
509 0.01112356886842969 5.09
510 0.01112461822974485 5.100000000000001
511 0.01112588359409891 5.11
512 0.01112729041783935 5.12
513 0.01112869505252663 5.13
514 0.01113036738079734 5.14
515 0.01113222516108814 5.15
516 0.01113426331860974 5.16
517 0.0111363226092943 5.17
518 0.01113842872907212 5.18
519 0.01114052137344579 5.19
520 0.01114268898545277 5.2
521 0.01114493523813512 5.21
522 0.01114730999531581 5.22
523 0.01114984140848163 5.23
524 0.0111523440589253 5.24
525 0.01115471227711248 5.25
526 0.01115698692546277 5.26
527 0.01115926961459886 5.27
528 0.01116156661638582 5.28
529 0.01116387852168141 5.29
530 0.01116652452660586 5.3
531 0.01116877882478561 5.31
532 0.0111711467347857 5.32
533 0.0111735941161755 5.33
534 0.01117608836280378 5.34
535 0.01117834341468862 5.350000000000001
536 0.01118054815420843 5.36
537 0.01118280555049159 5.37
538 0.01118507865154803 5.38
539 0.01118735328828184 5.39
540 0.01118951523196023 5.4
541 0.01119181251082614 5.41
542 0.01119415721812008 5.42
543 0.01119650370966143 5.43
544 0.0111988577849076 5.44
545 0.01120121639064672 5.45
546 0.01120367490293743 5.46
547 0.01120612635481461 5.47
548 0.0112085444838295 5.48
549 0.01121097284808216 5.49
550 0.01121339435668839 5.5
551 0.01121580193509613 5.51
552 0.01121810794632899 5.52
553 0.01122054589982913 5.53
554 0.01122298896484528 5.54
555 0.01122531620533536 5.55
556 0.01122770081382914 5.56
557 0.01123015446512345 5.57
558 0.01123257491698854 5.58
559 0.01123483739162083 5.59
560 0.01123712386238521 5.600000000000001
561 0.01123946049527036 5.61
562 0.01124185496004099 5.62
563 0.01124417573212093 5.63
564 0.01124649229428815 5.64
565 0.01124882059737533 5.65
566 0.01125115126101164 5.66
567 0.01125357093423756 5.67
568 0.01125595628223172 5.68
569 0.0112582837786028 5.69
570 0.01126056587397923 5.7
571 0.01126278824813279 5.71
572 0.01126496159844443 5.72
573 0.01126731269344328 5.73
574 0.01126973338201742 5.74
575 0.01127217562905445 5.75
576 0.01127466819146954 5.76
577 0.01127710254435138 5.77
578 0.01127961619739899 5.78
579 0.01128197821406267 5.79
580 0.01128456049054046 5.8
581 0.01128712494843844 5.81
582 0.01128965128571281 5.82
583 0.01129215801182987 5.83
584 0.01129468167578399 5.84
585 0.01129720033186439 5.850000000000001
586 0.01129972311496566 5.86
587 0.01130229976018457 5.87
588 0.01130479202493432 5.88
589 0.01130715491023085 5.89
590 0.01130965915837699 5.9
591 0.01131223975169844 5.91
592 0.01131481906170624 5.92
593 0.01131748455723363 5.93
594 0.01132009833302695 5.94
595 0.0113227013072678 5.95
596 0.01132525955354408 5.96
597 0.01132782993119386 5.97
598 0.0113304212302183 5.98
599 0.0113330157912929 5.99
600 0.01133565855784814 6
601 0.01133834394283721 6.01
602 0.01134107785575412 6.02
603 0.01134400830452559 6.03
604 0.01134688166667721 6.04
605 0.01134972740082589 6.05
606 0.0113523565667204 6.06
607 0.01135514560427706 6.07
608 0.01135809050660376 6.08
609 0.01136106971648851 6.09
610 0.01136402882861223 6.100000000000001
611 0.01136340381616618 6.11
612 0.01136360926238101 6.12
613 0.01136771331978001 6.13
614 0.01137699895907467 6.140000000000001
615 0.01138347219248124 6.15
616 0.01138679270657931 6.16
617 0.01138823824213558 6.17
618 0.01138859733180075 6.18
619 0.01138871541496372 6.19
620 0.01138941555263216 6.2
621 0.01139113639654289 6.21
622 0.01139386139682854 6.22
623 0.01139731111128567 6.23
624 0.01140119560541225 6.24
625 0.01140515037257639 6.25
626 0.01140876601671254 6.26
627 0.01141208699583753 6.27
628 0.01141514038153011 6.28
629 0.01141785088736498 6.29
630 0.0114202260799202 6.3
631 0.0114224438944873 6.31
632 0.01142470492374443 6.32
633 0.01142685270980577 6.33
634 0.01142904513000116 6.34
635 0.01143131918952033 6.350000000000001
636 0.01143374446530858 6.36
637 0.0114365234879706 6.37
638 0.01143912130005352 6.38
639 0.01144198153056843 6.390000000000001
640 0.01144497975723929 6.4
641 0.01144802682802712 6.41
642 0.01145119792848225 6.42
643 0.0114482849098722 6.43
644 0.01144797807442926 6.44
645 0.01145003184938705 6.45
646 0.01145394064145817 6.46
647 0.01145907070481986 6.47
648 0.01146747815751406 6.48
649 0.01147923338234768 6.49
650 0.01148573176459585 6.5
651 0.01149127491705784 6.51
652 0.01149024230593221 6.52
653 0.01148627733607699 6.53
654 0.01148226038150474 6.54
655 0.01147990861027568 6.55
656 0.01148039322875603 6.56
657 0.01148378113783623 6.57
658 0.01148917535281683 6.58
659 0.01149582137461207 6.59
660 0.01150278476086591 6.600000000000001
661 0.01150895163843016 6.61
662 0.01151392046378369 6.62
663 0.01151756131382739 6.63
664 0.01152003642141006 6.640000000000001
665 0.01152167205832387 6.65
666 0.01152288057678542 6.66
667 0.01152385664192813 6.67
668 0.01152498332774176 6.68
669 0.0115264908809253 6.69
670 0.01152875010336595 6.7
671 0.01153113648176436 6.71
672 0.01153207660255443 6.72
673 0.01153132174754714 6.73
674 0.01153126742931069 6.74
675 0.01153371602876837 6.75
676 0.01153797235588647 6.76
677 0.01154349530669691 6.77
678 0.01154953817226682 6.78
679 0.01155247765124778 6.79
680 0.01155954461621254 6.8
681 0.01156561127028056 6.81
682 0.01157075631230696 6.82
683 0.01157730384111957 6.83
684 0.01158279546810794 6.84
685 0.01158639678456102 6.850000000000001
686 0.01158513820438003 6.86
687 0.01158111774305316 6.87
688 0.01157672653503032 6.88
689 0.01157457058945218 6.890000000000001
690 0.01157559736165305 6.9
691 0.01158024343706588 6.91
692 0.01158759134198474 6.92
693 0.01159651414121393 6.93
694 0.01160557766775639 6.94
695 0.01161346273640339 6.95
696 0.01161633460010984 6.96
697 0.01161988939498495 6.97
698 0.01162223854402077 6.98
699 0.01162317584727129 6.99
700 0.01162703416517537 7
701 0.01162868700536959 7.01
702 0.01163227014359214 7.02
703 0.0116333376592184 7.03
704 0.01163445967735443 7.04
705 0.01163720170927561 7.05
706 0.01163716915866292 7.06
707 0.01163930218762091 7.07
708 0.01164042073966214 7.08
709 0.01164115351352221 7.09
710 0.01164189207567017 7.100000000000001
711 0.01164310397572963 7.11
712 0.01164484823104095 7.12
713 0.01164734100209916 7.13
714 0.01165045621282129 7.140000000000001
715 0.01165256312706901 7.15
716 0.01165815399807414 7.16
717 0.01166381852360485 7.17
718 0.01166942339604338 7.18
719 0.01167268111505667 7.19
720 0.01167878368788306 7.2
721 0.01168214756567026 7.21
722 0.01168586326624689 7.22
723 0.01168981849619698 7.23
724 0.01169578287257839 7.24
725 0.01169633979317982 7.25
726 0.01170196453200245 7.26
727 0.01170418305021123 7.27
728 0.01170833766730824 7.28
729 0.01171111133040229 7.29
730 0.0117141749725154 7.3
731 0.01171332438345747 7.31
732 0.01171590885445886 7.32
733 0.01171541243678324 7.33
734 0.01171607396910886 7.34
735 0.01171977003566641 7.350000000000001
736 0.01172362230915409 7.36
737 0.01172746565354594 7.37
738 0.01172962452972939 7.38
739 0.0117346013506116 7.390000000000001
740 0.01173899812545463 7.4
741 0.01174295041506143 7.41
742 0.01174640194032173 7.42
743 0.01174956953007865 7.43
744 0.01175309193053889 7.44
745 0.01175445566137169 7.45
746 0.01175563261393046 7.46
747 0.01175773690688107 7.47
748 0.01176068708723474 7.48
749 0.0117644688312189 7.49
750 0.01176832813693141 7.5
751 0.01177206248508816 7.51
752 0.011777280791948 7.52
753 0.01177941598173513 7.53
754 0.01178150479963414 7.54
755 0.01178359076995751 7.55
756 0.01178591421058603 7.56
757 0.01178844530507387 7.57
758 0.0117892179033635 7.58
759 0.01179318497416934 7.59
760 0.01179492224603776 7.600000000000001
761 0.01179994652517627 7.61
762 0.01180220761420774 7.62
763 0.01180795781222001 7.63
764 0.01181037990236669 7.640000000000001
765 0.01181505052977848 7.65
766 0.01181714034183589 7.66
767 0.0118216588327148 7.67
768 0.01182333120131768 7.68
769 0.01182754968168395 7.69
770 0.01183124051429083 7.7
771 0.01183435307245417 7.71
772 0.01183705556726265 7.72
773 0.01183948695755431 7.73
774 0.01184193327476668 7.74
775 0.01184453275734932 7.75
776 0.011847309773229 7.76
777 0.01185029778555874 7.77
778 0.01185343891668607 7.78
779 0.01185683116713025 7.79
780 0.01186038710086512 7.8
781 0.01186389397788244 7.81
782 0.0118675864048842 7.82
783 0.01187126743099282 7.83
784 0.01187487627622548 7.84
785 0.01187830380484162 7.850000000000001
786 0.01188155815200009 7.86
787 0.01188467045714941 7.87
788 0.01188765859448072 7.88
789 0.01188872515907557 7.890000000000001
790 0.01189041825744992 7.9
791 0.01189237818910579 7.91
792 0.01189522217309454 7.92
793 0.01189864719615966 7.930000000000001
794 0.01190232580980661 7.94
795 0.01190611972302856 7.95
796 0.01190987284501308 7.96
797 0.01191402768545703 7.97
798 0.01191715759498314 7.98
799 0.0119226587593321 7.99
800 0.01192445368125348 8
801 0.01192618336064632 8.01
802 0.01193016762848229 8.02
803 0.01193123080695577 8.029999999999999
804 0.01193473452998896 8.040000000000001
805 0.01193788736882277 8.050000000000001
806 0.01194005746420237 8.06
807 0.01194038636759037 8.07
808 0.01194442265318079 8.08
809 0.0119463117724973 8.09
810 0.01194892095709959 8.1
811 0.01195448234815072 8.109999999999999
812 0.01195726888879852 8.120000000000001
813 0.01196050524167091 8.130000000000001
814 0.0119638207777409 8.140000000000001
815 0.01196759424940642 8.15
816 0.01197124672058045 8.16
817 0.01197512829838991 8.17
818 0.01197911731632904 8.18
819 0.01198266753649647 8.19
820 0.01198597756418713 8.199999999999999
821 0.01198946642207889 8.210000000000001
822 0.01199320734151955 8.220000000000001
823 0.01199669042223784 8.23
824 0.01199700331486397 8.24
825 0.01200142454536541 8.25
826 0.01200244275802456 8.26
827 0.0120072702601278 8.27
828 0.01200849643760403 8.279999999999999
829 0.0120134871580335 8.290000000000001
830 0.01201741835442792 8.300000000000001
831 0.01202158125494145 8.31
832 0.01202194384207963 8.32
833 0.01202568154250645 8.33
834 0.01202958268984937 8.34
835 0.01203019197786365 8.35
836 0.01203470253731262 8.359999999999999
837 0.01203572465828006 8.370000000000001
838 0.01204075979391956 8.380000000000001
839 0.01204205221676873 8.390000000000001
840 0.01204676874854322 8.4
841 0.01205067289120158 8.41
842 0.01205427161226627 8.42
843 0.01205744445541984 8.43
844 0.01206032011113232 8.44
845 0.01206272170698151 8.449999999999999
846 0.01206506746189922 8.460000000000001
847 0.01207007884866031 8.470000000000001
848 0.01207195071380779 8.48
849 0.01207399556126008 8.49
850 0.01207642256836084 8.5
851 0.01208154698915209 8.51
852 0.01208351315140868 8.52
853 0.01208594262471936 8.529999999999999
854 0.01208901349118878 8.540000000000001
855 0.01209146194475779 8.550000000000001
856 0.01209467460466199 8.56
857 0.01209851421356702 8.57
858 0.01209937093264805 8.58
859 0.01210506192671558 8.59
860 0.01211034985752048 8.6
861 0.01211181867517658 8.609999999999999
862 0.01211778386718831 8.620000000000001
863 0.01212275066348071 8.630000000000001
864 0.01212365182060643 8.640000000000001
865 0.01212848036974821 8.65
866 0.01213271967902973 8.66
867 0.01213297470500323 8.67
868 0.01213741416007631 8.68
869 0.01213820733898727 8.69
870 0.01214266745757501 8.700000000000001
871 0.01214352264840944 8.710000000000001
872 0.01214462123914696 8.720000000000001
873 0.0121503488013778 8.73
874 0.01215200510601878 8.74
875 0.01215419442834191 8.75
876 0.01215672691997783 8.76
877 0.01216014564964085 8.77
878 0.01216358719921193 8.779999999999999
879 0.01216742394711685 8.790000000000001
880 0.01217131772330226 8.800000000000001
881 0.0121754613593209 8.81
882 0.01217936654656504 8.82
883 0.01218623238311465 8.83
884 0.01218925480381358 8.84
885 0.01219476189442196 8.85
886 0.01219620579411012 8.859999999999999
887 0.01220005791865214 8.870000000000001
888 0.01220090351464811 8.880000000000001
889 0.0122038613739272 8.890000000000001
890 0.01220657674607558 8.9
891 0.0122088262216088 8.91
892 0.01221143903577504 8.92
893 0.01221409066936686 8.93
894 0.01221674386996522 8.94
895 0.01221949913358099 8.950000000000001
896 0.01222215127405253 8.960000000000001
897 0.01222530527493794 8.970000000000001
898 0.01222873803068856 8.98
899 0.01222968182370789 8.99
900 0.01223460652828155 9
901 0.01223923426810603 9.01
902 0.01224077871229253 9.02
903 0.01224596801462558 9.029999999999999
904 0.01225089779747657 9.040000000000001
905 0.01225210772689415 9.050000000000001
906 0.01225739688454359 9.06
907 0.01226212763613786 9.07
908 0.01226349737680238 9.08
909 0.01226807085636186 9.09
910 0.01227198556274411 9.1
911 0.01227528143653722 9.109999999999999
912 0.01227594829677047 9.120000000000001
913 0.01227979858761492 9.130000000000001
914 0.01228310122680661 9.140000000000001
915 0.01228364876174107 9.15
916 0.01228751084555959 9.16
917 0.01229102284251074 9.17
918 0.01229189808600389 9.18
919 0.01229620441105044 9.19
920 0.01229759585911367 9.200000000000001
921 0.01230221086047378 9.210000000000001
922 0.01230394143969664 9.220000000000001
923 0.01230564831324173 9.23
924 0.0123117329281195 9.24
925 0.01231512423520145 9.25
926 0.01231862235237891 9.26
927 0.01232203624701119 9.27
928 0.01232620694357361 9.279999999999999
929 0.01233022371622622 9.290000000000001
930 0.01233401044954175 9.300000000000001
931 0.01233754020309593 9.31
932 0.01234019601968295 9.32
933 0.01234295424021743 9.33
934 0.01234608874686182 9.34
935 0.01234915315581472 9.35
936 0.01235274454966512 9.359999999999999
937 0.01235589589148666 9.370000000000001
938 0.01236124390030926 9.380000000000001
939 0.01236319668090103 9.390000000000001
940 0.01236468444240334 9.4
941 0.01236623914402907 9.41
942 0.01236811420122185 9.42
943 0.01236993155556147 9.43
944 0.01237205689155986 9.44
945 0.01237454278587529 9.450000000000001
946 0.01237745498175265 9.460000000000001
947 0.01238076827159136 9.470000000000001
948 0.01238431114435559 9.48
949 0.01238759593099306 9.49
950 0.01239108570008461 9.5
951 0.01239472769095455 9.51
952 0.01240127999454881 9.52
953 0.01240440116657425 9.529999999999999
954 0.01240720717811302 9.540000000000001
955 0.01241012159671544 9.550000000000001
956 0.01241584374937396 9.56
957 0.01241836692497485 9.57
958 0.01242097219490676 9.58
959 0.01242620480240756 9.59
960 0.01242858330072535 9.6
961 0.01243316756782083 9.609999999999999
962 0.01243493636126586 9.620000000000001
963 0.01243903523713714 9.630000000000001
964 0.01244054277400121 9.640000000000001
965 0.01244442953442858 9.65
966 0.01244590504541039 9.66
967 0.01244967283694601 9.67
968 0.01245045096357249 9.68
969 0.0124519655293855 9.69
970 0.01245668892978263 9.700000000000001
971 0.01245876506793268 9.710000000000001
972 0.01246109702879798 9.720000000000001
973 0.01246384270665667 9.73
974 0.01246948905789928 9.74
975 0.01247172313326361 9.75
976 0.01247391418029964 9.76
977 0.01247644422504114 9.77
978 0.01247928842051145 9.779999999999999
979 0.01248208396378352 9.790000000000001
980 0.01248523187916581 9.800000000000001
981 0.01248859190302761 9.81
982 0.01249214098491401 9.82
983 0.01249555908030414 9.83
984 0.0124994672372877 9.84
985 0.01250316196154483 9.85
986 0.01250661817757443 9.859999999999999
987 0.01250978550788298 9.870000000000001
988 0.01251259348993221 9.880000000000001
989 0.01251513008838306 9.890000000000001
990 0.01251445435639723 9.9
991 0.01251773669172548 9.91
992 0.01251986385662808 9.92
993 0.01252245131848054 9.93
994 0.01252557144939571 9.94
995 0.01252896194451404 9.950000000000001
996 0.01253181547390884 9.960000000000001
997 0.01253479562931193 9.970000000000001
998 0.01253801664093217 9.98
999 0.01254141692842261 9.99
1000 0.01254524749276002 10
1001 0.01254812530488138 10.01
1002 0.01255112827432706 10.02
1003 0.01255404333900637 10.03
1004 0.012557074120419 10.04
1005 0.01256060858744647 10.05
1006 0.01256473151425577 10.06
1007 0.01257245146735836 10.07
1008 0.0125748304695251 10.08
1009 0.01257696058441728 10.09
1010 0.01257884068408931 10.1
1011 0.0125832741348823 10.11
1012 0.01258380699807348 10.12
1013 0.01258500709693549 10.13
1014 0.01259003570691913 10.14
1015 0.01259079888123644 10.15
1016 0.01259216582492421 10.16
1017 0.01259417718471838 10.17
1018 0.01260031398587287 10.18
1019 0.01260166954635913 10.19
1020 0.01260383373747039 10.2
1021 0.01260956492155773 10.21
1022 0.01261090631982129 10.22
1023 0.01261247317387757 10.23
1024 0.01261434224705453 10.24
1025 0.01261660160594056 10.25
1026 0.01262235930146793 10.26
1027 0.01262385709556163 10.27
1028 0.01262561329991957 10.28
1029 0.01262800116765522 10.29
1030 0.01263044907180659 10.3
1031 0.01263331318638075 10.31
1032 0.01263645076780153 10.32
1033 0.01263939243916768 10.33
1034 0.01264232021745159 10.34
1035 0.0126451747547086 10.35
1036 0.01264797291378375 10.36
1037 0.01265096922645385 10.37
1038 0.01265386359407404 10.38
1039 0.01265663603865749 10.39
1040 0.01265940736962071 10.4
1041 0.01266206901062956 10.41
1042 0.01266411655782201 10.42
1043 0.01266622091796941 10.43
1044 0.0126684081276438 10.44
1045 0.01267070168550357 10.45
1046 0.01267305889911074 10.46
1047 0.01267534534234461 10.47
1048 0.01267780738784237 10.48
1049 0.01268044168251793 10.49
1050 0.01268322684225625 10.5
1051 0.012686383340693 10.51
1052 0.01268954900903056 10.52
1053 0.01268848360413484 10.53
1054 0.01269310032247324 10.54
1055 0.01269793397661848 10.55
1056 0.01270227958548576 10.56
1057 0.0127018107468242 10.57
1058 0.01270593358173301 10.58
1059 0.0127093770420849 10.59
1060 0.01270878254965777 10.6
1061 0.01271377479407582 10.61
1062 0.01271812618634702 10.62
1063 0.01272132552344283 10.63
1064 0.01272438568425087 10.64
1065 0.01272686015949209 10.65
1066 0.01272849421394657 10.66
1067 0.01272981531557589 10.67
1068 0.01273098759045658 10.68
1069 0.01273212044643432 10.69
1070 0.01273336604953522 10.7
1071 0.01273467993005736 10.71
1072 0.01273647454750929 10.72
1073 0.01273842042228156 10.73
1074 0.0127403511295291 10.74
1075 0.01274249549736984 10.75
1076 0.0127447623474288 10.76
1077 0.012747135290523 10.77
1078 0.01274614217563468 10.78
1079 0.01274974535929842 10.79
1080 0.01275350811159768 10.8
1081 0.0127533108632476 10.81
1082 0.01275816699151768 10.82
1083 0.01276397100725515 10.83
1084 0.01276503117747208 10.84
1085 0.01277063378236664 10.85
1086 0.01277525453648905 10.86
1087 0.0127791782445066 10.87
1088 0.01278195640044886 10.88
1089 0.0127828233502814 10.89
1090 0.01278337195926603 10.9
1091 0.01278381981219432 10.91
1092 0.01278436636506802 10.92
1093 0.01278553719140461 10.93
1094 0.01278673486390747 10.94
1095 0.01278814710666986 10.95
1096 0.01278978745175584 10.96
1097 0.01278834996378898 10.97
1098 0.0127913823140557 10.98
1099 0.01279450795743026 10.99
1100 0.01279770454661108 11
1101 0.01280057316406443 11.01
1102 0.01279972873720655 11.02
1103 0.01280365993695433 11.03
1104 0.01280732670347264 11.04
1105 0.01281078684209567 11.05
1106 0.01281015152078277 11.06
1107 0.01281418038414169 11.07
1108 0.01281792883291386 11.08
1109 0.01281751687056766 11.09
1110 0.01282181489469523 11.1
1111 0.01282563344683958 11.11
1112 0.01282921933947865 11.12
1113 0.01283198966253462 11.13
1114 0.01283077333278502 11.14
1115 0.01283313030805532 11.15
1116 0.01283503060520013 11.16
1117 0.01283660880390841 11.17
1118 0.01283794823680564 11.18
1119 0.01283908561821443 11.19
1120 0.01284029717416314 11.2
1121 0.01284141638485624 11.21
1122 0.01284251587537047 11.22
1123 0.01284361526701546 11.23
1124 0.01284511817783234 11.24
1125 0.01284632505263635 11.25
1126 0.01284470711182011 11.26
1127 0.01284747992118044 11.27
1128 0.01285041620898661 11.28
1129 0.01284985223607924 11.29
1130 0.012853834919362 11.3
1131 0.01285381426691791 11.31
1132 0.01285874171772251 11.32
1133 0.01285983722569789 11.33
1134 0.01286560136529258 11.34
1135 0.0128704080531667 11.35
1136 0.01287104375258939 11.36
1137 0.01287516077540475 11.37
1138 0.01287827406724595 11.38
1139 0.01288036239849213 11.39
1140 0.01288152316302848 11.4
1141 0.01288215555010413 11.41
1142 0.01288220447774303 11.42
1143 0.01288216682105436 11.43
1144 0.01288221942590436 11.44
1145 0.01288225853153453 11.45
1146 0.01288265053748255 11.46
1147 0.01288056114264749 11.47
1148 0.01288260083505675 11.48
1149 0.01288499438779147 11.49
1150 0.01288804035181463 11.5
1151 0.01288755135861603 11.51
1152 0.01289127699818969 11.52
1153 0.01289450162701265 11.53
1154 0.01289745304381428 11.54
1155 0.0128967492390809 11.55
1156 0.01290030602078409 11.56
1157 0.01290309653100393 11.57
1158 0.01290593127532449 11.58
1159 0.01290853220034342 11.59
1160 0.01291075114623605 11.6
1161 0.01291165256705849 11.61
1162 0.012909266937474 11.62
1163 0.0129109840435986 11.63
1164 0.01291298209126616 11.64
1165 0.01291530292998372 11.65
1166 0.01291749868013203 11.66
1167 0.01291927945054367 11.67
1168 0.01292037388328039 11.68
1169 0.01292130263682232 11.69
1170 0.01292210064526276 11.7
1171 0.01292289666035672 11.71
1172 0.01292367460892194 11.72
1173 0.01292474629328802 11.73
1174 0.01292584991243995 11.74
1175 0.01292417324205407 11.75
1176 0.01292636638436972 11.76
1177 0.01292873166710591 11.77
1178 0.01292807429109509 11.78
1179 0.01293122157832128 11.79
1180 0.0129307840409874 11.8
1181 0.01293441470551382 11.81
1182 0.01293431897076501 11.82
1183 0.01293859745384478 11.83
1184 0.01293887157139814 11.84
1185 0.01293934575555384 11.85
1186 0.01294386831658756 11.86
1187 0.01294417683797472 11.87
1188 0.01294832059943339 11.88
1189 0.01294827626459004 11.89
1190 0.01295170399564506 11.9
1191 0.01295120837738922 11.91
1192 0.01295397654796326 11.92
1193 0.01295316008010449 11.93
1194 0.01295541860827875 11.94
1195 0.01295419593738985 11.95
1196 0.01295641656899994 11.96
1197 0.01295467936117406 11.97
1198 0.01295675903784161 11.98
1199 0.01295544530472011 11.99
1200 0.01295851319085221 12
1201 0.0129579083510031 12.01
1202 0.01296127152701069 12.02
1203 0.01296063194454419 12.03
1204 0.01296405323296314 12.04
1205 0.01296355585461308 12.05
1206 0.01296684775231998 12.06
1207 0.01296632247184151 12.07
1208 0.01296944478983341 12.08
1209 0.01296866975735872 12.09
1210 0.01297155617205692 12.1
1211 0.01297104453800855 12.11
1212 0.01297358395179136 12.12
1213 0.0129726556944799 12.13
1214 0.01297632124484177 12.14
1215 0.0129760106347243 12.15
1216 0.0129797187113714 12.16
1217 0.01298275633752645 12.17
1218 0.01298193622234579 12.18
1219 0.0129847338695479 12.19
1220 0.01298645288045537 12.2
1221 0.01298502106365447 12.21
1222 0.01298693437130281 12.22
1223 0.01298824490697698 12.23
1224 0.01298639702141728 12.24
1225 0.01298793899533378 12.25
1226 0.01298915055518768 12.26
1227 0.01298728642913825 12.27
1228 0.01298907152293808 12.28
1229 0.01299034489626156 12.29
1230 0.0129888435617144 12.3
1231 0.01299122944184609 12.31
1232 0.01299215229999572 12.32
1233 0.01298974674809636 12.33
1234 0.01299180629789591 12.34
1235 0.0129905942403388 12.35
1236 0.01299420237051811 12.36
1237 0.01299510052330625 12.37
1238 0.01299914403042927 12.38
1239 0.01299877380557209 12.39
1240 0.01300269404662441 12.4
1241 0.01300209852695284 12.41
1242 0.01300574927066671 12.42
1243 0.01300498428184074 12.43
1244 0.01300835967083486 12.44
1245 0.01300745602565722 12.45
1246 0.0130105743094946 12.46
1247 0.01300948561160414 12.47
1248 0.01301237036908391 12.48
1249 0.01301114545071032 12.49
1250 0.01301396279649286 12.5
1251 0.01301370868641377 12.51
1252 0.01301677533655375 12.52
1253 0.01301593635148995 12.53
1254 0.01301793951091219 12.54
1255 0.01301642280547138 12.55
1256 0.01301784405688638 12.56
1257 0.01301620651252397 12.57
1258 0.0130177545085315 12.58
1259 0.01301626512156887 12.59
1260 0.01301529130809019 12.6
1261 0.01301793842650071 12.61
1262 0.01301721159957225 12.62
1263 0.01301704814493173 12.63
1264 0.01302097033984602 12.64
1265 0.01302098470387124 12.65
1266 0.01302487196796285 12.66
1267 0.01302476037103342 12.67
1268 0.01302793823205574 12.68
1269 0.01302739670598723 12.69
1270 0.01302989835289649 12.7
1271 0.01302895234400752 12.71
1272 0.01303104662466772 12.72
1273 0.01302991438699575 12.73
1274 0.01303160839488495 12.74
1275 0.01303038061750761 12.75
1276 0.0130322934923688 12.76
1277 0.01303114484859581 12.77
1278 0.01303316419366776 12.78
1279 0.01303211148049523 12.79
1280 0.01303426862852377 12.8
1281 0.01303324387259455 12.81
1282 0.01303590775767101 12.82
1283 0.01303525498829681 12.83
1284 0.01303756797711369 12.84
1285 0.01303936501117617 12.85
1286 0.0130380901182453 12.86
1287 0.013040027750787 12.87
1288 0.01304148306705483 12.88
1289 0.01304005072826717 12.89
1290 0.01304182748402064 12.9
1291 0.01304321901829686 12.91
1292 0.01304216261921763 12.92
1293 0.01304429693208273 12.93
1294 0.01304329051491579 12.94
1295 0.0130439325190893 12.95
1296 0.01304170122815381 12.96
1297 0.01304363937833087 12.97
1298 0.01304226887656151 12.98
1299 0.01304554088022449 12.99
1300 0.01304462813768205 13
1301 0.01304803070211501 13.01
1302 0.01304683627728977 13.02
1303 0.01305044300058195 13.03
1304 0.01305004879407696 13.04
1305 0.01305380541650473 13.05
1306 0.01305292308294966 13.06
1307 0.01305548893426476 13.07
1308 0.01305388890371387 13.08
1309 0.01305560742004427 13.09
1310 0.01305378039965392 13.1
1311 0.01305524930181904 13.11
1312 0.01305336302126434 13.12
1313 0.01305480510179794 13.13
1314 0.01305297897859454 13.14
1315 0.01305169492964553 13.15
1316 0.01305457714809588 13.16
1317 0.01305370492260569 13.17
1318 0.01305654162375284 13.18
1319 0.01305532238866195 13.19
1320 0.01305446752789455 13.2
1321 0.01305761680757304 13.21
1322 0.01305664022315387 13.22
1323 0.01305618447267148 13.23
1324 0.01305943246454827 13.24
1325 0.01305865012648286 13.25
1326 0.01305811661987681 13.26
1327 0.01306114248942492 13.27
1328 0.01306028089565943 13.28
1329 0.01305988608047117 13.29
1330 0.01306285012241569 13.3
1331 0.0130617841548445 13.31
1332 0.01306095899309931 13.32
1333 0.01306444279769283 13.33
1334 0.01306381548177648 13.34
1335 0.01306328796816813 13.35
1336 0.01306624597011596 13.36
1337 0.01306515811537128 13.37
1338 0.01306367673104987 13.38
1339 0.01306546474096694 13.39
1340 0.01306391460259861 13.4
1341 0.01306305693467915 13.41
1342 0.01306576007755095 13.42
1343 0.01306459217446941 13.43
1344 0.01306381668131486 13.44
1345 0.01306611091779341 13.45
1346 0.01306491166281704 13.46
1347 0.01306358137961161 13.47
1348 0.01306547121940946 13.48
1349 0.01306415930015811 13.49
1350 0.01306321666907011 13.5
1351 0.01306563730700349 13.51
1352 0.01306461530299852 13.52
1353 0.01306395247207143 13.53
1354 0.01306676099902086 13.54
1355 0.01306612469916062 13.55
1356 0.01306562270284112 13.56
1357 0.01306800369925893 13.57
1358 0.01306697087551877 13.58
1359 0.0130687036177943 13.59
1360 0.01306741902346812 13.6
1361 0.0130687211228524 13.61
1362 0.01306722005787525 13.62
1363 0.01306835695348591 13.63
1364 0.01306678064255403 13.64
1365 0.01306783083199956 13.65
1366 0.01306623916549314 13.66
1367 0.0130673148352504 13.67
1368 0.01306570650511235 13.68
1369 0.01306677213866216 13.69
1370 0.01306522942390782 13.7
1371 0.01306407734223915 13.71
1372 0.01306560257524451 13.72
1373 0.01306444052572986 13.73
1374 0.01306354565837123 13.74
1375 0.01306571921381081 13.75
1376 0.01306479615834622 13.76
1377 0.0130640720110312 13.77
1378 0.01306324353857631 13.78
1379 0.01306555210496757 13.79
1380 0.01306474891971805 13.8
1381 0.01306415014306147 13.81
1382 0.01306405086626148 13.82
1383 0.01306677347789213 13.83
1384 0.01306605874747595 13.84
1385 0.01306520630316831 13.85
1386 0.01306682040735404 13.86
1387 0.0130656080277997 13.87
1388 0.01306423114531502 13.88
1389 0.01306473409111114 13.89
1390 0.01306343445814279 13.9
1391 0.01306407653607947 13.91
1392 0.01306236726074101 13.92
1393 0.01306177661899087 13.93
1394 0.01306099779282344 13.94
1395 0.01306007905656071 13.95
1396 0.01305905017548929 13.96
1397 0.01305818887364771 13.97
1398 0.01305725316829047 13.98
1399 0.01305631645659524 13.99
1400 0.01305573538397915 14
1401 0.013055154555179 14.01
1402 0.01305470997601808 14.02
1403 0.01305455150748489 14.03
1404 0.01305436517420231 14.04
1405 0.01305409761692135 14.05
1406 0.01305400119162665 14.06
1407 0.01305543368035552 14.07
1408 0.01305491214534003 14.08
1409 0.01305473008887495 14.09
1410 0.01305570309385114 14.1
1411 0.01305476432935553 14.11
1412 0.01305375425349249 14.12
1413 0.01305272807242831 14.13
1414 0.01305174282111846 14.14
1415 0.01305055496534622 14.15
1416 0.01304959645618674 14.16
1417 0.01304868657178813 14.17
1418 0.01304790301245737 14.18
1419 0.0130471915702371 14.19
1420 0.01304640067213872 14.2
1421 0.01304554018470793 14.21
1422 0.01304472068025047 14.22
1423 0.01304386541463796 14.23
1424 0.01304292473560208 14.24
1425 0.01304055244061046 14.25
1426 0.01303990121336312 14.26
1427 0.01303920643211191 14.27
1428 0.01303701651462607 14.28
1429 0.01303669780518325 14.29
1430 0.0130341717918869 14.3
1431 0.01303365187309024 14.31
1432 0.01303185059273065 14.32
1433 0.01303217163147312 14.33
1434 0.01303063094837879 14.34
1435 0.01303135580765977 14.35
1436 0.01303019630168377 14.36
1437 0.01303097489967519 14.37
1438 0.01302959019078912 14.38
1439 0.01302990377517054 14.39
1440 0.01302820067244314 14.4
1441 0.01302803895481506 14.41
1442 0.01302608232719491 14.42
1443 0.01302560978186043 14.43
1444 0.01302352542105353 14.44
1445 0.01302298535813974 14.45
1446 0.01302094598771422 14.46
1447 0.01302045704138478 14.47
1448 0.01301861700119696 14.48
1449 0.01301813296912974 14.49
1450 0.01301608819697654 14.5
1451 0.01301580732082755 14.51
1452 0.01301393726833509 14.52
1453 0.01301378925245167 14.53
1454 0.01301181184063856 14.54
1455 0.01301164120813389 14.55
1456 0.01300976864322484 14.56
1457 0.01300954174875895 14.57
1458 0.01300763232355415 14.58
1459 0.01300728682593892 14.59
1460 0.01300530367278996 14.6
1461 0.01300489933794705 14.61
1462 0.01300286028281292 14.62
1463 0.01300235422869372 14.63
1464 0.01300026226588851 14.64
1465 0.0129982967785869 14.65
1466 0.01299783116348655 14.66
1467 0.01299583725405715 14.67
1468 0.01299537522504345 14.68
1469 0.01299338364798941 14.69
1470 0.0129928502520514 14.7
1471 0.0129907655556936 14.71
1472 0.01299003478414613 14.72
1473 0.01298781266005293 14.73
1474 0.01298688674067149 14.74
1475 0.01298577628162498 14.75
1476 0.01298336323997751 14.76
1477 0.01298218647181116 14.77
1478 0.01298084057922887 14.78
1479 0.01297934590444825 14.79
1480 0.01297777073248342 14.8
1481 0.01297652080787492 14.81
1482 0.0129749694968538 14.82
1483 0.01297316598382951 14.83
1484 0.01297123720729063 14.84
1485 0.0129692808117664 14.85
1486 0.01296737822982491 14.86
1487 0.01296581177443444 14.87
1488 0.01296352619149133 14.88
1489 0.01296216121696683 14.89
1490 0.01296092977534144 14.9
1491 0.0129589687235715 14.91
1492 0.0129581492494862 14.92
1493 0.01295742174456595 14.93
1494 0.01295576203736471 14.94
1495 0.0129552109823882 14.95
1496 0.01295455084383261 14.96
1497 0.01295280627529774 14.97
1498 0.01295197272289861 14.98
1499 0.01295093392895981 14.99
1500 0.01294890414150283 15
1501 0.01294760928977914 15.01
1502 0.01294567748869177 15.02
1503 0.01294303560883012 15.03
1504 0.0129414778024676 15.04
1505 0.01293881529106388 15.05
1506 0.01293721858197581 15.06
1507 0.01293457020652667 15.07
1508 0.01293303425442456 15.08
1509 0.01293036710618013 15.09
1510 0.01292788416812602 15.1
1511 0.01292649125527731 15.11
1512 0.01292314690699087 15.12
1513 0.01292029242390725 15.13
1514 0.01291749108674416 15.14
1515 0.01291669294219972 15.15
1516 0.01291418796639504 15.16
1517 0.01291231998673582 15.17
1518 0.01291088763434557 15.18
1519 0.01290973966511807 15.19
1520 0.01291124641982777 15.2
1521 0.01290964228260047 15.21
1522 0.01290827127541028 15.22
1523 0.01290695637162668 15.23
1524 0.01290561190963272 15.24
1525 0.01290561611103784 15.25
1526 0.01290330548610391 15.26
1527 0.01290099854313351 15.27
1528 0.0128983933791105 15.28
1529 0.01289736173163276 15.29
1530 0.01289457350990477 15.3
1531 0.01289198453444998 15.31
1532 0.01289109619762074 15.32
1533 0.0128884070202608 15.33
1534 0.01288744339075139 15.34
1535 0.01288471526402749 15.35
1536 0.01288367505965697 15.36
1537 0.01288089588268038 15.37
1538 0.01288017980690784 15.38
1539 0.01287765609801145 15.39
1540 0.01287667682290919 15.4
1541 0.01287403488255893 15.41
1542 0.01287294785373405 15.42
1543 0.01287158883038257 15.43
1544 0.01286885068681509 15.44
1545 0.01286771824469663 15.45
1546 0.01286639110712574 15.46
1547 0.01286497894591193 15.47
1548 0.01286344683796209 15.48
1549 0.01286066386871103 15.49
1550 0.01285908612394333 15.5
1551 0.01285749352115072 15.51
1552 0.01285437531964632 15.52
1553 0.0128533297647364 15.53
1554 0.01285064246000171 15.54
1555 0.01285013008884919 15.55
1556 0.01284938608696112 15.56
1557 0.01284723899109645 15.57
1558 0.01284691784790243 15.58
1559 0.01284601948650954 15.59
1560 0.01284468936657585 15.6
1561 0.01284298709465084 15.61
1562 0.01284098241477364 15.62
1563 0.01283875279406601 15.63
1564 0.01283640038206166 15.64
1565 0.01283397304665905 15.65
1566 0.01283049870743527 15.66
1567 0.0128284959273837 15.67
1568 0.01282643630442181 15.68
1569 0.01282436300753464 15.69
1570 0.0128212306907939 15.7
1571 0.0128199736451762 15.71
1572 0.01281861919591552 15.72
1573 0.01281730237301076 15.73
1574 0.01281596586978787 15.74
1575 0.01281352613697222 15.75
1576 0.01281262163512288 15.76
1577 0.0128111937843748 15.77
1578 0.01280834993773952 15.78
1579 0.0128070194299692 15.79
1580 0.01280447422182102 15.8
1581 0.01280350034877903 15.81
1582 0.01280116890661031 15.82
1583 0.01280052871691955 15.83
1584 0.01279828389202634 15.84
1585 0.01279639959315031 15.85
1586 0.01279623275513532 15.86
1587 0.01279409661303792 15.87
1588 0.01279228665370574 15.88
1589 0.01279081116570123 15.89
1590 0.01278978753942847 15.9
1591 0.01278870675144253 15.91
1592 0.01278761743302729 15.92
1593 0.01278625997331734 15.93
1594 0.01278463117614654 15.94
1595 0.01278275847886287 15.95
1596 0.01278069333049438 15.96
1597 0.01277850000673578 15.97
1598 0.01277624650475797 15.98
1599 0.01277397726268447 15.99
1600 0.01277172096467272 16
1601 0.01277080230393409 16.01
1602 0.01276836452967072 16.02
1603 0.01276472209171131 16.03
1604 0.01276165266631984 16.04
1605 0.01275907570525233 16.05
1606 0.01275693839627755 16.06
1607 0.01275726273102236 16.07
1608 0.01275538356915209 16.08
1609 0.01275379266436414 16.09
1610 0.01275238087012526 16.1
1611 0.01275103679174565 16.11
1612 0.01274967507575798 16.12
1613 0.01275035553348157 16.13
1614 0.01274826252314338 16.14
1615 0.01274621294433625 16.15
1616 0.01274422754420311 16.16
1617 0.01274229314373506 16.17
1618 0.01274028722372926 16.18
1619 0.01274034881749186 16.19
1620 0.01273809058397921 16.2
1621 0.01273608155247651 16.21
1622 0.01273424822660965 16.22
1623 0.01273256918227124 16.23
1624 0.01273323104735663 16.24
1625 0.01273116328870526 16.25
1626 0.01272926091310584 16.26
1627 0.0127274847004479 16.27
1628 0.01272781230311373 16.28
1629 0.01272554301233759 16.29
1630 0.01272337620683532 16.3
1631 0.01272129559316889 16.31
1632 0.01272123176454903 16.32
1633 0.0127191045989318 16.33
1634 0.01271694188323504 16.34
1635 0.01271633042945017 16.35
1636 0.0127136548973392 16.36
1637 0.01271242131488203 16.37
1638 0.01270943252591114 16.38
1639 0.0127078481984445 16.39
1640 0.01270466045041214 16.4
1641 0.01270352882448408 16.41
1642 0.01270074660186152 16.42
1643 0.01269943924837058 16.43
1644 0.01269783750747878 16.44
1645 0.01269489623960247 16.45
1646 0.0126934999611111 16.46
1647 0.01269069801438899 16.47
1648 0.01268949912725711 16.48
1649 0.01268811949374101 16.49
1650 0.01268543609231157 16.5
1651 0.01268447108936774 16.51
1652 0.01268336301773151 16.52
1653 0.01268082315849758 16.53
1654 0.01267999643761332 16.54
1655 0.01267912744753399 16.55
1656 0.01267673363630112 16.56
1657 0.01267595656921681 16.57
1658 0.01267489593019482 16.58
1659 0.01267236782968704 16.59
1660 0.01267133795461036 16.6
1661 0.01267006577110993 16.61
1662 0.01266742748170572 16.62
1663 0.01266616712589826 16.63
1664 0.01266330112713523 16.64
1665 0.01266266580930311 16.65
1666 0.01266035882693971 16.66
1667 0.01265951270104371 16.67
1668 0.01265691100472518 16.68
1669 0.01265440488247215 16.69
1670 0.01265310706854275 16.7
1671 0.01265052084415622 16.71
1672 0.01264805668894833 16.72
1673 0.01264695650411311 16.73
1674 0.01264449131539794 16.74
1675 0.01264219251341429 16.75
1676 0.0126417531662526 16.76
1677 0.01263965960419891 16.77
1678 0.01263756986411252 16.78
1679 0.01263667771800027 16.79
1680 0.01263420591202127 16.8
1681 0.01263167505932409 16.81
1682 0.01263029433675908 16.82
1683 0.0126275972699598 16.83
1684 0.01262499386693534 16.84
1685 0.01262362484003654 16.85
1686 0.01262107496012897 16.86
1687 0.01261866630003961 16.87
1688 0.01261640757382484 16.88
1689 0.01261539105072437 16.89
1690 0.01261300387682502 16.9
1691 0.01261074632254351 16.91
1692 0.01260977844631965 16.92
1693 0.01260619994875995 16.93
1694 0.01260306857266035 16.94
1695 0.01260196666425223 16.95
1696 0.0125993472586619 16.96
1697 0.01259713002553995 16.97
1698 0.01259714750441539 16.98
1699 0.01259504863843364 16.99
1700 0.01259500479714717 17
1701 0.01259279405873595 17.01
1702 0.01259252286883366 17.02
1703 0.01258954807507045 17.03
1704 0.01258838955342307 17.04
1705 0.01258532973680403 17.05
1706 0.0125840178769021 17.06
1707 0.01258090577981047 17.07
1708 0.01257947337584587 17.08
1709 0.01257628831088928 17.09
1710 0.01257488717317545 17.1
1711 0.01257199980278167 17.11
1712 0.01257063504059778 17.12
1713 0.01256761972118648 17.13
1714 0.01256611735564785 17.14
1715 0.01256306417072157 17.15
1716 0.0125614728334531 17.16
1717 0.01255836836695754 17.17
1718 0.01255686676918985 17.18
1719 0.01255389250154951 17.19
1720 0.01255229920881728 17.2
1721 0.01255066999624036 17.21
1722 0.0125474983874218 17.22
1723 0.01254624578432904 17.23
1724 0.01254443209752461 17.24
1725 0.01254121550659101 17.25
1726 0.01253976024502243 17.26
1727 0.01253802894620747 17.27
1728 0.01253609992472009 17.28
1729 0.01253275047774187 17.29
1730 0.01253100706382378 17.3
1731 0.01252899561921212 17.31
1732 0.01252564902195668 17.32
1733 0.01252387241394065 17.33
1734 0.01252185815691363 17.34
1735 0.01251848211420275 17.35
1736 0.01251670110400439 17.36
1737 0.01251406795744305 17.37
1738 0.0125128925222282 17.38
1739 0.0125100784442978 17.39
1740 0.01250834660268216 17.4
1741 0.01250518649196673 17.41
1742 0.01250338198064589 17.42
1743 0.01250024238521341 17.43
1744 0.01249825546840973 17.44
1745 0.01249698693575633 17.45
1746 0.01249400924779536 17.46
1747 0.01249115236027939 17.47
1748 0.01248917397441899 17.48
1749 0.01248622327415074 17.49
1750 0.01248344875670112 17.5
1751 0.01248079437889962 17.51
1752 0.0124793703363616 17.52
1753 0.01247678719177025 17.53
1754 0.01247423546348705 17.54
1755 0.01247201041923717 17.55
1756 0.01246900106734699 17.56
1757 0.01246658307851178 17.57
1758 0.01246421274187516 17.58
1759 0.01246245256027567 17.59
1760 0.01245977512436866 17.6
1761 0.01245716064901411 17.61
1762 0.01245389318054176 17.62
1763 0.01245191487298783 17.63
1764 0.01245036782124667 17.64
1765 0.0124478960963035 17.65
1766 0.01244545334648365 17.66
1767 0.01244295930828199 17.67
1768 0.01244028085460613 17.68
1769 0.01243805389843268 17.69
1770 0.01243488752853123 17.7
1771 0.01243159907231388 17.71
1772 0.01242863197455704 17.72
1773 0.01242610653758761 17.73
1774 0.01242386511151307 17.74
1775 0.01242166287838744 17.75
1776 0.01241941306942381 17.76
1777 0.01241717757375739 17.77
1778 0.01241511978416312 17.78
1779 0.01241304410421025 17.79
1780 0.01241094841427916 17.8
1781 0.01240907185202566 17.81
1782 0.01240649131188363 17.82
1783 0.01240401733544504 17.83
1784 0.01240160116459652 17.84
1785 0.01239923407055146 17.85
1786 0.01239711373043588 17.86
1787 0.01239487126608035 17.87
1788 0.01239253092250529 17.88
1789 0.01238980525348937 17.89
1790 0.01238713247323287 17.9
1791 0.01238449816230892 17.91
1792 0.01238192567603062 17.92
1793 0.01237982550877595 17.93
1794 0.01237709100779274 17.94
1795 0.01237458972435097 17.95
1796 0.01237229426872943 17.96
1797 0.01237005540571541 17.97
1798 0.01236823766606647 17.98
1799 0.0123656874784236 17.99
1800 0.01236320279964372 18
1801 0.01236107929995608 18.01
1802 0.01235881029722504 18.02
1803 0.01235641377292309 18.03
1804 0.01235334040999322 18.04
1805 0.01235029098163031 18.05
1806 0.01234761391413351 18.06
1807 0.01234487055915542 18.07
1808 0.01234267262238753 18.08
1809 0.01234095522489555 18.09
1810 0.01233896611904631 18.1
1811 0.01233742615818497 18.11
1812 0.01233578135733868 18.12
1813 0.01233349074969682 18.13
1814 0.01233157882039109 18.14
1815 0.01232941223530908 18.15
1816 0.0123271838005453 18.16
1817 0.01232472586118506 18.17
1818 0.01232313512385682 18.18
1819 0.01232099501439564 18.19
1820 0.01231866357624306 18.2
1821 0.01231634106987186 18.21
1822 0.01231372483855537 18.22
1823 0.01231117408945538 18.23
1824 0.01230849774089427 18.24
1825 0.01230591977881649 18.25
1826 0.01230362947048396 18.26
1827 0.01230143891021831 18.27
1828 0.01229943106704859 18.28
1829 0.01229721419008688 18.29
1830 0.01229511135551782 18.3
1831 0.01229291166112847 18.31
1832 0.01229084189675832 18.32
1833 0.01228877119959623 18.33
1834 0.01228664646764673 18.34
1835 0.01228435785430031 18.35
1836 0.0122820212576021 18.36
1837 0.01227976261856682 18.37
1838 0.01227755485827609 18.38
1839 0.01227536172161091 18.39
1840 0.01227304034865429 18.4
1841 0.01227074999980082 18.41
1842 0.01226853649432637 18.42
1843 0.01226632243776735 18.43
1844 0.01226419999893498 18.44
1845 0.01226087793197916 18.45
1846 0.01225801641240879 18.46
1847 0.01225568572645385 18.47
1848 0.01225414145189212 18.48
1849 0.01225272477196353 18.49
1850 0.01225148314121768 18.5
1851 0.01225026743597689 18.51
1852 0.01224895739880075 18.52
1853 0.01224749000192235 18.53
1854 0.01224584278644458 18.54
1855 0.01224409314954837 18.55
1856 0.01224272837912643 18.56
1857 0.01224052803016652 18.57
1858 0.01223808392626367 18.58
1859 0.01223576484246504 18.59
1860 0.01223352003230382 18.6
1861 0.0122314053272316 18.61
1862 0.01222956203604612 18.62
1863 0.01222776155169031 18.63
1864 0.01222590806954843 18.64
1865 0.01222401758770428 18.65
1866 0.01222217952435413 18.66
1867 0.01222037854421208 18.67
1868 0.0122186187854657 18.68
1869 0.01221756169732676 18.69
1870 0.01221596901713299 18.7
1871 0.01221444620451447 18.71
1872 0.01221289515925782 18.72
1873 0.01221135679677562 18.73
1874 0.01221038240724605 18.74
1875 0.01220853368322811 18.75
1876 0.0122066840430929 18.76
1877 0.01220479757701443 18.77
1878 0.01220331247169329 18.78
1879 0.01220130208521236 18.79
1880 0.01219932646678933 18.8
1881 0.01219778400796483 18.81
1882 0.01219526006934427 18.82
1883 0.01219345593654955 18.83
1884 0.01219117451762031 18.84
1885 0.01218972995897109 18.85
1886 0.01218762973455729 18.86
1887 0.01218682534901294 18.87
1888 0.01218517006485293 18.88
1889 0.01218405788502106 18.89
1890 0.01218221883478172 18.9
1891 0.01218082943750067 18.91
1892 0.01217882894764975 18.92
1893 0.0121769054948518 18.93
1894 0.01217440890251241 18.94
1895 0.01217374823320629 18.95
1896 0.01217163724609323 18.96
1897 0.01217033008955591 18.97
1898 0.01216823953339815 18.98
1899 0.01216704570825877 18.99
1900 0.01216505618127086 19
1901 0.01216393487997263 19.01
1902 0.01216200095935556 19.02
1903 0.01216113779730857 19.03
1904 0.01215931535978055 19.04
1905 0.01215854495927809 19.05
1906 0.012156767694165 19.06
1907 0.01215595598611816 19.07
1908 0.0121541346782286 19.08
1909 0.01215314146224488 19.09
1910 0.01215119684600337 19.1
1911 0.0121500655604919 19.11
1912 0.0121479802817409 19.12
1913 0.01214607040253998 19.13
1914 0.01214500177226985 19.14
1915 0.01214297409057957 19.15
1916 0.01214125092407923 19.16
1917 0.01214035099539085 19.17
1918 0.01213741475776594 19.18
1919 0.01213495622147413 19.19
1920 0.01213294885369178 19.2
1921 0.01213132622450178 19.21
1922 0.0121314629385061 19.22
1923 0.01212985014862378 19.23
1924 0.01212846909009536 19.24
1925 0.01212728033257687 19.25
1926 0.01212629930675597 19.26
1927 0.01212529484595562 19.27
1928 0.01212421746793462 19.28
1929 0.01212303493801175 19.29
1930 0.01212179438218567 19.3
1931 0.01212060121412339 19.31
1932 0.01211937180529213 19.32
1933 0.01211812290748057 19.33
1934 0.01211685306252487 19.34
1935 0.01211558248070536 19.35
1936 0.01211431095105363 19.36
1937 0.01211278311825338 19.37
1938 0.01211131482540448 19.38
1939 0.01210990438379137 19.39
1940 0.01210853862995724 19.4
1941 0.01210721653644415 19.41
1942 0.01210592708336933 19.42
1943 0.01210465880870452 19.43
1944 0.01210511156656126 19.44
1945 0.01210360345614424 19.45
1946 0.01210206460759302 19.46
1947 0.01210052729420856 19.47
1948 0.01210015553616393 19.48
1949 0.0120979763411347 19.49
1950 0.01209628934603791 19.5
1951 0.01209465203607343 19.51
1952 0.01209458894065804 19.52
1953 0.01209305732063961 19.53
1954 0.01209131360228644 19.54
1955 0.0120903740703129 19.55
1956 0.01208848081435581 19.56
1957 0.01208670185249853 19.57
1958 0.01208592226260364 19.58
1959 0.01208424477176316 19.59
1960 0.01208273103556182 19.6
1961 0.01208169204083785 19.61
1962 0.01208021611322671 19.62
1963 0.01207993757482556 19.63
1964 0.0120785537260444 19.64
1965 0.01207824506642524 19.65
1966 0.0120767820274591 19.66
1967 0.01207682414658864 19.67
1968 0.01207635739544464 19.68
1969 0.0120748514678454 19.69
1970 0.0120738066161415 19.7
1971 0.01207230229575883 19.71
1972 0.01207002829496042 19.72
1973 0.01206867520786023 19.73
1974 0.01206723857330543 19.74
1975 0.01206509749268621 19.75
1976 0.01206398868510122 19.76
1977 0.01206282502934135 19.77
1978 0.01206086850357826 19.78
1979 0.01206001817375229 19.79
1980 0.01205908527494427 19.8
1981 0.01205728929571758 19.81
1982 0.01205649467335501 19.82
1983 0.01205559608331135 19.83
1984 0.01205381399779329 19.84
1985 0.01205312245468535 19.85
1986 0.01205226638973332 19.86
1987 0.01205048699879207 19.87
1988 0.01204949052112025 19.88
1989 0.01204765506774645 19.89
1990 0.01204671228021858 19.9
1991 0.01204499360123793 19.91
1992 0.01204432134797245 19.92
1993 0.01204281323987199 19.93
1994 0.01204241760989582 19.94
1995 0.01204104469678701 19.95
1996 0.01204075830561431 19.96
1997 0.01203940166573415 19.97
1998 0.01203812501597545 19.98
1999 0.01203787784013982 19.99
2000 0.01203645833222454 20
2001 0.01203508564737984 20.01
2002 0.0120346406869083 20.02
2003 0.01203311869851002 20.03
2004 0.01203164129075497 20.04
2005 0.01203024306829671 20.05
2006 0.01202982143881059 20.06
2007 0.01202831290703824 20.07
2008 0.01202689888907626 20.08
2009 0.01202556574187485 20.09
2010 0.01202428096084566 20.1
2011 0.01202304696174948 20.11
2012 0.01202185505473759 20.12
2013 0.01202068416394733 20.13
2014 0.01201952516805364 20.14
2015 0.01201839746526079 20.15
2016 0.0120173162203006 20.16
2017 0.01201630037406632 20.17
2018 0.01201532532181207 20.18
2019 0.01201439650040247 20.19
2020 0.01201367883875874 20.2
2021 0.0120129126893989 20.21
2022 0.01201206799264892 20.22
2023 0.01201170242396273 20.23
2024 0.01201119100608327 20.24
2025 0.01201036800240051 20.25
2026 0.01200943300524548 20.26
2027 0.01200842034948446 20.27
2028 0.01200725848680684 20.28
2029 0.01200596809789478 20.29
2030 0.01200471481199373 20.3
2031 0.01200315206618641 20.31
2032 0.01200160057750748 20.32
2033 0.01200011082306333 20.33
2034 0.01199872787917902 20.34
2035 0.01199741767337976 20.35
2036 0.01199616906886746 20.36
2037 0.0119950012974391 20.37
2038 0.01199459477871757 20.38
2039 0.01199342668491619 20.39
2040 0.01199229908555111 20.4
2041 0.01199125304296164 20.41
2042 0.01199074206907857 20.42
2043 0.01199074921836967 20.43
2044 0.01198979496532063 20.44
2045 0.01198874107006193 20.45
2046 0.0119876105371002 20.46
2047 0.01198684045431055 20.47
2048 0.01198549983762162 20.48
2049 0.01198416423941466 20.49
2050 0.01198283123347807 20.5
2051 0.01198197468918649 20.51
2052 0.01198063873398748 20.52
2053 0.01197939758153565 20.53
2054 0.01197824087612308 20.54
2055 0.0119776549348612 20.55
2056 0.01197660321604846 20.56
2057 0.01197553666998283 20.57
2058 0.0119749493681447 20.58
2059 0.01197376639978528 20.59
2060 0.01197250195645001 20.6
2061 0.01197173308138226 20.61
2062 0.01197042919993935 20.62
2063 0.01196958520080172 20.63
2064 0.01196823635507882 20.64
2065 0.01196734630114184 20.65
2066 0.01196597747268332 20.66
2067 0.01196507572083612 20.67
2068 0.01196370584410499 20.68
2069 0.01196266025304192 20.69
2070 0.01196154450064103 20.7
2071 0.01195997771137863 20.71
2072 0.0119590934571621 20.72
2073 0.01195820319944407 20.73
2074 0.01195694304524861 20.74
2075 0.01195633465471362 20.75
2076 0.01195507504266684 20.76
2077 0.01195445017211508 20.77
2078 0.01195321696933847 20.78
2079 0.01195264087606879 20.79
2080 0.01195146882631886 20.8
2081 0.01195087774396244 20.81
2082 0.01194944593831282 20.82
2083 0.01194816605129223 20.83
2084 0.01194700201361299 20.84
2085 0.01194656385399004 20.85
2086 0.01194535146368653 20.86
2087 0.01194447876405193 20.87
2088 0.01194366466899418 20.88
2089 0.01194289479321559 20.89
2090 0.01194214722805801 20.9
2091 0.01194125924461568 20.91
2092 0.01194034855517403 20.92
2093 0.01193943474114639 20.93
2094 0.01193849684186912 20.94
2095 0.01193756123555578 20.95
2096 0.01193657288490602 20.96
2097 0.0119356091781001 20.97
2098 0.01193465207015326 20.98
2099 0.01193372525665365 20.99
2100 0.011932802581475 21
2101 0.01193190162968842 21.01
2102 0.01193099094564476 21.02
2103 0.01193019820714532 21.03
2104 0.01192933749130008 21.04
2105 0.01192839645843919 21.05
2106 0.01192740997839329 21.06
2107 0.01192640635261395 21.07
2108 0.01192543918485338 21.08
2109 0.01192444478145677 21.09
2110 0.01192341790366564 21.1
2111 0.01192243915844777 21.11
2112 0.0119214527247296 21.12
2113 0.01192056413826408 21.13
2114 0.01191966920812947 21.14
2115 0.01191883546480235 21.15
2116 0.0119179820790854 21.16
2117 0.01191716413174971 21.17
2118 0.01191634301785281 21.18
2119 0.01191555349643865 21.19
2120 0.01191486393624072 21.2
2121 0.01191419056700705 21.21
2122 0.01191325019501275 21.22
2123 0.01191314603283403 21.23
2124 0.01191209701263207 21.24
2125 0.01191119404267998 21.25
2126 0.01191070394866321 21.26
2127 0.01191011229496493 21.27
2128 0.01191004476501103 21.28
2129 0.01190897306904694 21.29
2130 0.01190790230497708 21.3
2131 0.01190692383266952 21.31
2132 0.0119065274535151 21.32
2133 0.01190532961495282 21.33
2134 0.01190420130683829 21.34
2135 0.01190316397643161 21.35
2136 0.01190278078676186 21.36
2137 0.01190195995637422 21.37
2138 0.01190112808581744 21.38
2139 0.01190030441824484 21.39
2140 0.01189984787235156 21.4
2141 0.01189878706811539 21.41
2142 0.01189775005914126 21.42
2143 0.01189713118319087 21.43
2144 0.01189604332384065 21.44
2145 0.01189541478379232 21.45
2146 0.01189437324668546 21.46
2147 0.01189387705584553 21.47
2148 0.01189291821396048 21.48
2149 0.01189191954067372 21.49
2150 0.01189047683826189 21.5
2151 0.01188994695972978 21.51
2152 0.01188882143469035 21.52
2153 0.01188874006954002 21.53
2154 0.01188784761743646 21.54
2155 0.01188791154679088 21.55
2156 0.01188702300311458 21.56
2157 0.01188708138263062 21.57
2158 0.01188610023142707 21.58
2159 0.01188602187001387 21.59
2160 0.01188493564581786 21.6
2161 0.01188470029926893 21.61
2162 0.01188353765247564 21.62
2163 0.01188322519641775 21.63
2164 0.01188204538868058 21.64
2165 0.01188173940713716 21.65
2166 0.01188058462523262 21.66
2167 0.01187958367853535 21.67
2168 0.01187948503675819 21.68
2169 0.01187848060928953 21.69
2170 0.01187757098083739 21.7
2171 0.01187681560087261 21.71
2172 0.01187611523319252 21.72
2173 0.01187627772875693 21.73
2174 0.01187536804894015 21.74
2175 0.01187453834855408 21.75
2176 0.0118737695296532 21.76
2177 0.01187309564384008 21.77
2178 0.0118724628485236 21.78
2179 0.01187188801090875 21.79
2180 0.01187133084187103 21.8
2181 0.01187080999660472 21.81
2182 0.01187028790537771 21.82
2183 0.01186978556515791 21.83
2184 0.01186926765723254 21.84
2185 0.01186875723717785 21.85
2186 0.01186822109806364 21.86
2187 0.01186768489953719 21.87
2188 0.01186710002749105 21.88
2189 0.01186651015050105 21.89
2190 0.01186588726362759 21.9
2191 0.01186526326994013 21.91
2192 0.01186461397707025 21.92
2193 0.01186397329204779 21.93
2194 0.01186337142876142 21.94
2195 0.01186276413820483 21.95
2196 0.01186214091852508 21.96
2197 0.01186153570951691 21.97
2198 0.01186092301937925 21.98
2199 0.01186033469697669 21.99
2200 0.01185974281805723 22
2201 0.01185918163187161 22.01
2202 0.01185862521000439 22.02
2203 0.01185810591197832 22.03
2204 0.0118575972762439 22.04
2205 0.01185764492599651 22.05
2206 0.01185761140806261 22.06
2207 0.01185749620381638 22.07
2208 0.01185724457805587 22.08
2209 0.01185687441244959 22.09
2210 0.01185636248966068 22.1
2211 0.01185575889867675 22.11
2212 0.01185506623371629 22.12
2213 0.01185435819797814 22.13
2214 0.01185363153381958 22.14
2215 0.01185298470260331 22.15
2216 0.01185237310773228 22.16
2217 0.01185151808788924 22.17
2218 0.01185145794572229 22.18
2219 0.01185077241610881 22.19
2220 0.01185021723886683 22.2
2221 0.0118505731798118 22.21
2222 0.01184999668650889 22.22
2223 0.01185029287073495 22.23
2224 0.01184946417365489 22.24
2225 0.01184946745284518 22.25
2226 0.011848501171247 22.26
2227 0.01184847537483627 22.27
2228 0.01184747335467124 22.28
2229 0.01184733013769761 22.29
2230 0.01184624216995152 22.3
2231 0.01184611060312996 22.31
2232 0.01184503266556272 22.32
2233 0.01184493890323946 22.33
2234 0.01184389934808629 22.34
2235 0.01184383491262958 22.35
2236 0.01184281473991699 22.36
2237 0.01184289643448004 22.37
2238 0.01184196151353772 22.38
2239 0.01184209504161682 22.39
2240 0.0118411680752177 22.4
2241 0.01184140510396595 22.41
2242 0.0118405348497098 22.42
2243 0.01184082585611861 22.43
2244 0.01183995348303226 22.44
2245 0.0118402057088768 22.45
2246 0.01183931685618158 22.46
2247 0.01183952063338542 22.47
2248 0.01183859359621367 22.48
2249 0.01183872917074317 22.49
2250 0.01183775899829626 22.5
2251 0.01183783029025777 22.51
2252 0.01183682595808191 22.52
2253 0.01183685444883933 22.53
2254 0.01183583328495976 22.54
2255 0.01183497130050624 22.55
2256 0.01183515988243161 22.56
2257 0.01183425666597515 22.57
2258 0.01183347227903987 22.58
2259 0.01183387330691026 22.59
2260 0.01183309141120041 22.6
2261 0.01183243821927857 22.61
2262 0.01183188868327713 22.62
2263 0.0118324616818411 22.63
2264 0.01183194249148198 22.64
2265 0.01183145117313346 22.65
2266 0.01183087295003826 22.66
2267 0.01183035967290834 22.67
2268 0.01182989129828118 22.68
2269 0.01182950941662583 22.69
2270 0.01183029842243709 22.7
2271 0.01182974751145497 22.71
2272 0.01182922932890981 22.72
2273 0.01182879818953718 22.73
2274 0.01182842131258428 22.74
2275 0.01182811333594704 22.75
2276 0.01182782778247036 22.76
2277 0.0118275763111452 22.77
2278 0.01182731717037817 22.78
2279 0.01182707333947808 22.79
2280 0.01182680625991667 22.8
2281 0.01182651446866709 22.81
2282 0.01182620569906756 22.82
2283 0.01182584573914555 22.83
2284 0.01182547863965301 22.84
2285 0.0118251378518027 22.85
2286 0.01182478930816968 22.86
2287 0.01182445992202901 22.87
2288 0.01182411937658651 22.88
2289 0.01182379390506261 22.89
2290 0.01182453504608415 22.9
2291 0.01182390936010548 22.91
2292 0.01182325954821353 22.92
2293 0.01182265251552525 22.93
2294 0.01182207359100652 22.94
2295 0.01182155529124935 22.95
2296 0.01182106830076764 22.96
2297 0.0118206383509992 22.97
2298 0.01182023487466692 22.98
2299 0.01181988445377561 22.99
2300 0.01181957038833244 23
2301 0.01181936023070893 23.01
2302 0.01181920590489704 23.02
2303 0.01181921073559527 23.03
2304 0.01181917247672608 23.04
2305 0.01181908540088929 23.05
2306 0.01181891221370823 23.06
2307 0.01181869392570868 23.07
2308 0.01181841435791265 23.08
2309 0.0118181180986774 23.09
2310 0.01181780079210085 23.1
2311 0.01181748812413386 23.11
2312 0.01181717074008646 23.12
2313 0.01181688603731682 23.13
2314 0.01181660837802129 23.14
2315 0.01181636328112719 23.15
2316 0.01181611700212348 23.16
2317 0.01181589018222047 23.17
2318 0.01181659703879289 23.18
2319 0.0118161123767983 23.19
2320 0.01181559235650516 23.2
2321 0.011815093848881 23.21
2322 0.01181454109371033 23.22
2323 0.01181475422112634 23.23
2324 0.01181391250192335 23.24
2325 0.01181318642632287 23.25
2326 0.01181256697464089 23.26
2327 0.01181208125171522 23.27
2328 0.0118127281742927 23.28
2329 0.01181214001125304 23.29
2330 0.01181162172550976 23.3
2331 0.01181121445304928 23.31
2332 0.01181089964129385 23.32
2333 0.01181177675065496 23.33
2334 0.01181127896641006 23.34
2335 0.01181084971167521 23.35
2336 0.01181047508796772 23.36
2337 0.01181018312842222 23.37
2338 0.01180993905083229 23.38
2339 0.01180975922099066 23.39
2340 0.01180960332614943 23.4
2341 0.01180948775594443 23.41
2342 0.01180937512653192 23.42
2343 0.01180928515574422 23.43
2344 0.01180918293973797 23.44
2345 0.01180909001538486 23.45
2346 0.01180895978218615 23.46
2347 0.0118088340597843 23.47
2348 0.01180868015201303 23.48
2349 0.01180868871042019 23.49
2350 0.01180860408845714 23.5
2351 0.01180845686572897 23.51
2352 0.0118082264827748 23.52
2353 0.01180795141549469 23.53
2354 0.01180762499623575 23.54
2355 0.01180727670860077 23.55
2356 0.01180689176736754 23.56
2357 0.01180650162335396 23.57
2358 0.01180609949578527 23.58
2359 0.01180573382188371 23.59
2360 0.01180536603030455 23.6
2361 0.01180503100218707 23.61
2362 0.01180470605051418 23.62
2363 0.01180442245663955 23.63
2364 0.01180416646047089 23.64
2365 0.01180378531926903 23.65
2366 0.0118034733973231 23.66
2367 0.01180325426611506 23.67
2368 0.01180309169038918 23.68
2369 0.01180300173561838 23.69
2370 0.01180294327991581 23.7
2371 0.01180293043584722 23.71
2372 0.0118029226902504 23.72
2373 0.01180293653589415 23.73
2374 0.01180293492796028 23.74
2375 0.01180293835804747 23.75
2376 0.01180291394648295 23.76
2377 0.01180288612823292 23.77
2378 0.0118028254234573 23.78
2379 0.01180275876934603 23.79
2380 0.01180262648906116 23.8
2381 0.01180249278203872 23.81
2382 0.011802331222291 23.82
2383 0.0118021675541338 23.83
2384 0.01180197297252876 23.84
2385 0.01180177289385551 23.85
2386 0.01180154179002513 23.86
2387 0.01180131075339675 23.87
2388 0.01180105621595559 23.88
2389 0.01180091452315066 23.89
2390 0.01180071133326963 23.9
2391 0.01180048437470555 23.91
2392 0.0118002189371575 23.92
2393 0.01179995580078912 23.93
2394 0.01179968944865221 23.94
2395 0.01179944108834951 23.95
2396 0.0117991043657743 23.96
2397 0.01179881587921227 23.97
2398 0.01179854889791301 23.98
2399 0.01179833337890485 23.99
2400 0.01179813715230557 24
2401 0.01179798451802292 24.01
2402 0.01179784264149253 24.02
2403 0.01179773335220019 24.03
2404 0.01179762264484268 24.04
2405 0.01179753262384349 24.05
2406 0.01179743061783412 24.06
2407 0.01179734070846405 24.07
2408 0.01179723284442483 24.08
2409 0.0117971340385305 24.09
2410 0.01179701702504428 24.1
2411 0.01179691110045454 24.11
2412 0.01179679039708234 24.12
2413 0.01179668478476638 24.13
2414 0.01179656811499529 24.14
2415 0.01179646928408112 24.15
2416 0.01179636064715148 24.16
2417 0.01179626939661827 24.17
2418 0.01179616631545768 24.18
2419 0.01179607742196527 24.19
2420 0.01179597299777708 24.2
2421 0.01179587922498551 24.21
2422 0.01179576003803665 24.22
2423 0.01179565265627934 24.23
2424 0.01179669181807185 24.24
2425 0.01179630852061063 24.25
2426 0.01179586935176067 24.26
2427 0.01179560394476624 24.27
2428 0.01179533169210372 24.28
2429 0.01179614201171886 24.29
2430 0.01179564202231764 24.3
2431 0.01179516160862742 24.31
2432 0.01179455777070624 24.32
2433 0.01179506786281808 24.33
2434 0.01179447014974813 24.34
2435 0.01179396164365772 24.35
2436 0.01179353599865852 24.36
2437 0.01179322892220688 24.37
2438 0.01179300823248393 24.38
2439 0.0117928899841672 24.39
2440 0.01179283097777874 24.4
2441 0.01179283969001154 24.41
2442 0.01179287414149624 24.42
2443 0.01179294898982727 24.43
2444 0.01179302478000761 24.44
2445 0.01179311939909526 24.45
2446 0.01179324024789971 24.46
2447 0.01179335231156744 24.47
2448 0.01179342070332388 24.48
2449 0.01179347801230291 24.49
2450 0.01179353191755392 24.5
2451 0.01179367167473843 24.51
2452 0.01179369281798942 24.52
2453 0.01179337780560365 24.53
2454 0.01179305814007365 24.54
2455 0.01179277263713926 24.55
2456 0.01179249866633621 24.56
2457 0.01179226686989339 24.57
2458 0.01179204466074069 24.58
2459 0.01179185653138045 24.59
2460 0.01179167105787917 24.6
2461 0.01179151331667911 24.61
2462 0.01179135267128991 24.62
2463 0.01179147749187717 24.63
2464 0.01179263468881025 24.64
2465 0.01179233732506034 24.65
2466 0.01179195321640747 24.66
2467 0.01179155719000436 24.67
2468 0.01179115800792494 24.68
2469 0.01179178270190292 24.69
2470 0.01179124125123223 24.7
2471 0.01179074771862328 24.71
2472 0.01179040965531292 24.72
2473 0.01179017172087449 24.73
2474 0.01178997414351196 24.74
2475 0.01178952073322294 24.75
2476 0.01178924630325592 24.76
2477 0.01178915596938332 24.77
2478 0.01178919356035094 24.78
2479 0.01179077550147052 24.79
2480 0.01179063948161048 24.8
2481 0.01179055317234732 24.81
2482 0.01179048757390328 24.82
2483 0.01179046520779963 24.83
2484 0.01179044870647196 24.84
2485 0.01179179731474114 24.85
2486 0.01179151291822629 24.86
2487 0.01179121539176554 24.87
2488 0.01179089842038967 24.88
2489 0.01179060549161837 24.89
2490 0.01179147019600088 24.9
2491 0.01179092928496688 24.91
2492 0.01179039930799443 24.92
2493 0.01178993321096505 24.93
2494 0.01178951943400889 24.94
2495 0.01179031543153342 24.95
2496 0.01178975684365256 24.96
2497 0.01178928001893183 24.97
2498 0.01178887400179248 24.98
2499 0.01178857402283562 24.99
2500 0.01178835008001672 25
2501 0.01178822180590725 25.01
2502 0.01178815025363612 25.02
2503 0.01178815144152816 25.03
2504 0.01178827035785551 25.04
2505 0.01178841695151928 25.05
2506 0.01178854604033103 25.06
2507 0.01178867900216689 25.07
2508 0.01178877945723368 25.08
2509 0.01178874915701162 25.09
2510 0.01178873792251921 25.1
2511 0.01178875852780397 25.11
2512 0.01178877230284841 25.12
2513 0.0117887995532016 25.13
2514 0.01178880703256656 25.14
2515 0.01179018200425165 25.15
2516 0.01178959819725481 25.16
2517 0.01178905853048191 25.17
2518 0.0117885922990402 25.18
2519 0.01178824362482722 25.19
2520 0.0117879863347981 25.2
2521 0.01178921758188608 25.21
2522 0.01178874684699279 25.22
2523 0.0117883511246365 25.23
2524 0.01178801657714956 25.24
2525 0.0117877750471676 25.25
2526 0.01178759568137572 25.26
2527 0.01178749825642266 25.27
2528 0.01178884639881361 25.28
2529 0.01178846340410455 25.29
2530 0.0117881104777274 25.3
2531 0.01178784064576738 25.31
2532 0.01178764104515037 25.32
2533 0.01178754377911801 25.33
2534 0.01178756374291158 25.34
2535 0.01178906885378388 25.35
2536 0.01178882112202923 25.36
2537 0.01178862195746553 25.37
2538 0.01178845762463715 25.38
2539 0.01178836224182499 25.39
2540 0.01178830673338209 25.4
2541 0.01178831176784891 25.41
2542 0.01178833911746802 25.42
2543 0.01178840660671618 25.43
2544 0.01178847575259162 25.44
2545 0.01178856951403798 25.45
2546 0.01178864331084021 25.46
2547 0.011788719556264 25.47
2548 0.01179006144056295 25.48
2549 0.01178973239898396 25.49
2550 0.01178936755666338 25.5
2551 0.01178902349645396 25.51
2552 0.01178867945512058 25.52
2553 0.01178954397640329 25.53
2554 0.01178888429974742 25.54
2555 0.01178830848557781 25.55
2556 0.01178781782967526 25.56
2557 0.01178856199444929 25.57
2558 0.01178800547199512 25.58
2559 0.01178758014664095 25.59
2560 0.01178837856338518 25.6
2561 0.01178789666715789 25.61
2562 0.01178751350022383 25.62
2563 0.01178726238639254 25.63
2564 0.01178827543897966 25.64
2565 0.01178792267089462 25.65
2566 0.011787646670436 25.66
2567 0.01178756577201655 25.67
2568 0.01178752770243627 25.68
2569 0.01178755994186103 25.69
2570 0.01178763342003073 25.7
2571 0.01178776836706792 25.71
2572 0.01178792734731133 25.72
2573 0.01178812679963566 25.73
2574 0.01178832649695033 25.74
2575 0.01178854143754611 25.75
2576 0.01178873145452465 25.76
2577 0.01178888948004489 25.77
2578 0.01178901671634196 25.78
2579 0.01178913771814185 25.79
2580 0.01178922057385702 25.8
2581 0.01178928919635611 25.81
2582 0.01178931081704338 25.82
2583 0.01178930953042709 25.83
2584 0.01178931181350902 25.84
2585 0.01178926826180925 25.85
2586 0.01178915780894933 25.86
2587 0.01178901812944348 25.87
2588 0.01178883375870565 25.88
2589 0.01178864519818584 25.89
2590 0.0117883857101848 25.9
2591 0.01178816692037568 25.91
2592 0.01178796936480702 25.92
2593 0.01178779022592712 25.93
2594 0.01178766874893183 25.94
2595 0.0117876178316286 25.95
2596 0.01178760729011981 25.96
2597 0.01178765324741604 25.97
2598 0.01178771824653298 25.98
2599 0.01178781168602781 25.99
2600 0.01178791216680173 26
2601 0.01178804091914589 26.01
2602 0.01178816350858639 26.02
2603 0.01178830251241692 26.03
2604 0.01178842692053593 26.04
2605 0.01178856269560466 26.05
2606 0.01178868106171697 26.06
2607 0.01178880898888869 26.07
2608 0.01178891768778439 26.08
2609 0.01178902880021865 26.09
2610 0.01178915858591418 26.1
2611 0.01178927680629266 26.11
2612 0.01178935827382097 26.12
2613 0.01178943533651672 26.13
2614 0.0117894855169497 26.14
2615 0.01178954188319335 26.15
2616 0.01178958086718606 26.16
2617 0.01178961791547608 26.17
2618 0.01178964812014886 26.18
2619 0.01178969729222437 26.19
2620 0.01178973449736261 26.2
2621 0.01178978368018497 26.21
2622 0.01178981300047047 26.22
2623 0.01178997403633887 26.23
2624 0.011790076025432 26.24
2625 0.01179014467215798 26.25
2626 0.01179015352411278 26.26
2627 0.01178991342015423 26.27
2628 0.01178969287611518 26.28
2629 0.01178952773439846 26.29
2630 0.01178949280848763 26.3
2631 0.01178950038051121 26.31
2632 0.01178951981361209 26.32
2633 0.0117895731103579 26.33
2634 0.0117896251453572 26.34
2635 0.01178964792275207 26.35
2636 0.01178963848206133 26.36
2637 0.01178963234522575 26.37
2638 0.01178961214906198 26.38
2639 0.01178961702599571 26.39
2640 0.01178982668251378 26.4
2641 0.01179000957917949 26.41
2642 0.01179016635852314 26.42
2643 0.01179034760225171 26.43
2644 0.01179052896855023 26.44
2645 0.01179071173717944 26.45
2646 0.01179084954583363 26.46
2647 0.01179095680837619 26.47
2648 0.01179099988217121 26.48
2649 0.0117910088526871 26.49
2650 0.01179101637687684 26.5
2651 0.01179099546613506 26.51
2652 0.01179097085040554 26.52
2653 0.01179100456362054 26.53
2654 0.01179090581541091 26.54
2655 0.01179082501541198 26.55
2656 0.01179075137324723 26.56
2657 0.01179072319604707 26.57
2658 0.0117907167851107 26.58
2659 0.01179076030991209 26.59
2660 0.01179088008321431 26.6
2661 0.01179106861304306 26.61
2662 0.01179125679540442 26.62
2663 0.01179147246474372 26.63
2664 0.0117916780014909 26.64
2665 0.01179189070656037 26.65
2666 0.01179207138890014 26.66
2667 0.01179223891465167 26.67
2668 0.01179201741026054 26.68
2669 0.01179186329248692 26.69
2670 0.01179175383573753 26.7
2671 0.01179182711907375 26.71
2672 0.01179190313820039 26.72
2673 0.01179200705420661 26.73
2674 0.01179210458169352 26.74
2675 0.01179221785626427 26.75
2676 0.01179231127942485 26.76
2677 0.01179239954172072 26.77
2678 0.01179242924523335 26.78
2679 0.01179245755336952 26.79
2680 0.01179245775007289 26.8
2681 0.01179246075900321 26.81
2682 0.01179244253525645 26.82
2683 0.01179243583502351 26.83
2684 0.01179246113909589 26.84
2685 0.01179249854923268 26.85
2686 0.01179259929751164 26.86
2687 0.01179266276450733 26.87
2688 0.01179267708614015 26.88
2689 0.01179268599339273 26.89
2690 0.01179267860137083 26.9
2691 0.01179269745767083 26.91
2692 0.01179271591485119 26.92
2693 0.01179277471056784 26.93
2694 0.01179284454256532 26.94
2695 0.01179295039043245 26.95
2696 0.01179305890951181 26.96
2697 0.01179319296969857 26.97
2698 0.0117933185015687 26.98
2699 0.01179345859846123 26.99
2700 0.01179358013842663 27
2701 0.01179370783911517 27.01
2702 0.01179381048109083 27.02
2703 0.01179391485591711 27.03
2704 0.01179399178752774 27.04
2705 0.01179406998701263 27.05
2706 0.01179412208958377 27.06
2707 0.01179417816374678 27.07
2708 0.01179423426777928 27.08
2709 0.01179425302037748 27.09
2710 0.01179434081968558 27.1
2711 0.01179444857756821 27.11
2712 0.01179453021542425 27.12
2713 0.01179460754838263 27.13
2714 0.01179464605543681 27.14
2715 0.01179467802824135 27.15
2716 0.01179468332111922 27.16
2717 0.01179476370953583 27.17
2718 0.01179478688684919 27.18
2719 0.01179480130460501 27.19
2720 0.01179479753933127 27.2
2721 0.01179481915160235 27.21
2722 0.01179485034173532 27.22
2723 0.01179492001340486 27.23
2724 0.0117950341830733 27.24
2725 0.01179506788073989 27.25
2726 0.01179516033743587 27.26
2727 0.01179532316158346 27.27
2728 0.01179550922893762 27.28
2729 0.01179572890625224 27.29
2730 0.01179593788077983 27.3
2731 0.01179615276597335 27.31
2732 0.01179633696063178 27.32
2733 0.011796514666374 27.33
2734 0.01179665584351432 27.34
2735 0.01179678993323739 27.35
2736 0.01179689051135428 27.36
2737 0.01179699396393229 27.37
2738 0.01179706752842041 27.38
2739 0.01179714269530735 27.39
2740 0.01179719461036761 27.4
2741 0.01179725542088242 27.41
2742 0.01179729961938505 27.42
2743 0.01179735840324319 27.43
2744 0.01179740524302059 27.44
2745 0.01179747013866628 27.45
2746 0.01179752524758627 27.46
2747 0.01179759925974049 27.47
2748 0.01179766306700921 27.48
2749 0.01179774407055597 27.49
2750 0.01179781225893327 27.5
2751 0.01179790021239775 27.51
2752 0.0117979798768027 27.52
2753 0.01179808035493094 27.53
2754 0.01179816273640592 27.54
2755 0.01179826643141165 27.55
2756 0.0117983575788493 27.56
2757 0.01179845828386657 27.57
2758 0.01179853385852966 27.58
2759 0.01179845495050157 27.59
2760 0.01179836366561909 27.6
2761 0.01179838989343888 27.61
2762 0.01179841939385413 27.62
2763 0.01179848638773392 27.63
2764 0.01179856442940202 27.64
2765 0.01179868076587966 27.65
2766 0.01179888252720625 27.66
2767 0.01179909706638824 27.67
2768 0.01179925322471982 27.68
2769 0.01179938852109947 27.69
2770 0.01179948575747974 27.7
2771 0.01179958814803 27.71
2772 0.01179968198530998 27.72
2773 0.01179980734644197 27.73
2774 0.01179994219640559 27.74
2775 0.01180018186247882 27.75
2776 0.01180042409028525 27.76
2777 0.01180068613386647 27.77
2778 0.0118007898510145 27.78
2779 0.01180092471993687 27.79
2780 0.01180106375767748 27.8
2781 0.01180123584432402 27.81
2782 0.01180140960083521 27.82
2783 0.01180161277600116 27.83
2784 0.01180180129564401 27.84
2785 0.01180200181043696 27.85
2786 0.01180216728418312 27.86
2787 0.01180232335254713 27.87
2788 0.01180243969909212 27.88
2789 0.01180254480819649 27.89
2790 0.01180245117780081 27.9
2791 0.01180239308612386 27.91
2792 0.01180245959455249 27.92
2793 0.01180255402493417 27.93
2794 0.01180264576973723 27.94
2795 0.01180264683967875 27.95
2796 0.01180268459019989 27.96
2797 0.01180275999016753 27.97
2798 0.01180283847731361 27.98
2799 0.01180292643872449 27.99
2800 0.01180298585452581 28
2801 0.01180281491611532 28.01
2802 0.01180268782358645 28.02
2803 0.01180263035689313 28.03
2804 0.01180263530980535 28.04
2805 0.01180273038584797 28.05
2806 0.01180287189411797 28.06
2807 0.01180308620529785 28.07
2808 0.01180368581702542 28.08
2809 0.01180422027004385 28.09
2810 0.01180464457918812 28.1
2811 0.01180498109019902 28.11
2812 0.01180520661866854 28.12
2813 0.01180536251404225 28.13
2814 0.01180543956500873 28.14
2815 0.01180548683006233 28.15
2816 0.01180550291322374 28.16
2817 0.0118055261487024 28.17
2818 0.01180554335795018 28.18
2819 0.011805593195385 28.19
2820 0.01180565415280349 28.2
2821 0.01180575081351246 28.21
2822 0.01180585809528284 28.22
2823 0.01180599444752659 28.23
2824 0.01180614239624984 28.24
2825 0.01180631807058548 28.25
2826 0.01180663874716491 28.26
2827 0.01180694204784457 28.27
2828 0.01180710362110642 28.28
2829 0.01180743566530655 28.29
2830 0.0118077045426903 28.3
2831 0.01180770886498963 28.31
2832 0.01180770888913459 28.32
2833 0.01180773965726946 28.33
2834 0.01180778131748817 28.34
2835 0.01180786705185792 28.35
2836 0.01180797090737168 28.36
2837 0.0118081181897147 28.37
2838 0.01180827574588996 28.38
2839 0.01180846363694973 28.39
2840 0.01180864613604382 28.4
2841 0.0118088429702386 28.41
2842 0.01180902725423352 28.42
2843 0.01180885352853867 28.43
2844 0.01180877358208806 28.44
2845 0.01180881135723345 28.45
2846 0.01180892490259535 28.46
2847 0.01180912239677422 28.47
2848 0.01180935669904586 28.48
2849 0.01180963205893929 28.49
2850 0.01180989637381811 28.5
2851 0.01181016361845789 28.51
2852 0.01181039822069388 28.52
2853 0.01181062507365888 28.53
2854 0.01181071364727489 28.54
2855 0.01181080664916503 28.55
2856 0.01181089993304235 28.56
2857 0.01181103032048253 28.57
2858 0.01181117677447275 28.58
2859 0.01181137360521832 28.59
2860 0.01181161499012994 28.6
2861 0.0118118536725266 28.61
2862 0.01181206452240246 28.62
2863 0.01181220589011661 28.63
2864 0.01181240577791799 28.64
2865 0.01181264230199375 28.65
2866 0.01181287946461653 28.66
2867 0.01181313152116224 28.67
2868 0.01181335715137219 28.68
2869 0.01181357060328526 28.69
2870 0.0118136680387884 28.7
2871 0.01181374673727484 28.71
2872 0.01181377308382744 28.72
2873 0.01181380847339531 28.73
2874 0.01181383338053161 28.74
2875 0.01181387905329392 28.75
2876 0.01181394201358061 28.76
2877 0.01181401713501773 28.77
2878 0.01181409186658552 28.78
2879 0.01181417770807351 28.79
2880 0.01181424837197104 28.8
2881 0.01181433162206979 28.81
2882 0.01181444007967755 28.82
2883 0.01181456083417922 28.83
2884 0.01181466824735108 28.84
2885 0.01181479213533587 28.85
2886 0.01181490929284452 28.86
2887 0.01181504918337803 28.87
2888 0.01181518729067453 28.88
2889 0.011815299732736 28.89
2890 0.01181542195259795 28.9
2891 0.01181558216835486 28.91
2892 0.01181575423194921 28.92
2893 0.01181596366821322 28.93
2894 0.01181618121220337 28.94
2895 0.01181642930738227 28.95
2896 0.01181667591078288 28.96
2897 0.01181694100413064 28.97
2898 0.01181719157911543 28.98
2899 0.01181744785559257 28.99
2900 0.01181768425298912 29
2901 0.01181796520251003 29.01
2902 0.01181820446599396 29.02
2903 0.01181842441644673 29.03
2904 0.01181859884756664 29.04
2905 0.01181875412633389 29.05
2906 0.01181893750629654 29.06
2907 0.01181909762077921 29.07
2908 0.01181916340845273 29.08
2909 0.011819291380746 29.09
2910 0.01181942645834624 29.1
2911 0.01181960388152824 29.11
2912 0.01181977166996506 29.12
2913 0.01181993649914775 29.13
2914 0.0118200608596903 29.14
2915 0.0118201672846924 29.15
2916 0.01182020004293152 29.16
2917 0.01182024429705063 29.17
2918 0.01182024947582348 29.18
2919 0.01182028897389074 29.19
2920 0.01182034186202612 29.2
2921 0.01182043873019813 29.21
2922 0.01182057356528017 29.22
2923 0.01182076873555095 29.23
2924 0.0118209925603641 29.24
2925 0.01182126608227367 29.25
2926 0.01182155504790671 29.26
2927 0.01182187282214649 29.27
2928 0.01182218954508913 29.28
2929 0.01182251778786753 29.29
2930 0.01182283748423226 29.3
2931 0.01182313925427115 29.31
2932 0.01182331785699548 29.32
2933 0.01182349630559304 29.33
2934 0.01182364864193317 29.34
2935 0.01182380284196159 29.35
2936 0.01182402202777455 29.36
2937 0.01182421024247632 29.37
2938 0.01182436653253168 29.38
2939 0.01182451752942413 29.39
2940 0.01182463935193723 29.4
2941 0.01182479387873042 29.41
2942 0.01182491041371453 29.42
2943 0.01182501976403428 29.43
2944 0.01182510238842677 29.44
2945 0.01182519020032605 29.45
2946 0.01182526498581172 29.46
2947 0.01182535600849763 29.47
2948 0.01182542804782575 29.48
2949 0.01182552649233129 29.49
2950 0.011825625189317 29.5
2951 0.0118257486156721 29.51
2952 0.01182587026316227 29.52
2953 0.01182601425594803 29.53
2954 0.01182607696080094 29.54
2955 0.01182625253189751 29.55
2956 0.01182642229795971 29.56
2957 0.01182662596167312 29.57
2958 0.0118268142893086 29.58
2959 0.01182703377822843 29.59
2960 0.01182723060978962 29.6
2961 0.01182742996742756 29.61
2962 0.01182760821211891 29.62
2963 0.01182779307323522 29.63
2964 0.01182796297293259 29.64
2965 0.01182814721300496 29.65
2966 0.01182832418294307 29.66
2967 0.01182852127863194 29.67
2968 0.01182866778704521 29.68
2969 0.01182885034558767 29.69
2970 0.01182906259264858 29.7
2971 0.01182932256957693 29.71
2972 0.01182960684958124 29.72
2973 0.01182992442693542 29.73
2974 0.01183022740387027 29.74
2975 0.01183052062802479 29.75
2976 0.01183076542851125 29.76
2977 0.01183097989948581 29.77
2978 0.0118311428059526 29.78
2979 0.01183127940419283 29.79
2980 0.01183137455124032 29.8
2981 0.01183147844197062 29.81
2982 0.01183141342636987 29.82
2983 0.0118314106028625 29.83
2984 0.01183146986201156 29.84
2985 0.01183158226914227 29.85
2986 0.01183165828510599 29.86
2987 0.01183177941259754 29.87
2988 0.01183194268907133 29.88
2989 0.01183215965333928 29.89
2990 0.01183239107656816 29.9
2991 0.01183264674369574 29.91
2992 0.01183288908848105 29.92
2993 0.01183313200347944 29.93
2994 0.01183334371489563 29.94
2995 0.0118335444853446 29.95
2996 0.01183370466213978 29.96
2997 0.01183385459164933 29.97
2998 0.01183397431352864 29.98
2999 0.01183409409844275 29.99
3000 0.01183419628115733 30
