"x-force-rfile"
"Time Step" "x-force etc.."
("Time Step" "x-force" "flow-time")
0 2.423380700838948e-27 0
1 -46.6870295992631 0.01
2 -10.39495891410388 0.02
3 0.9341305182599724 0.03
4 3.244717151369827 0.04
5 2.371163708067286 0.05
6 -0.65104515654398 0.06
7 -1.401990467341697 0.07000000000000001
8 -0.4907331455460042 0.08
9 0.3146714795999483 0.09
10 0.4510155781949323 0.1
11 0.1975805072621148 0.11
12 -0.007110607050885953 0.12
13 -0.0716204065470486 0.13
14 -0.008380158287603801 0.14
15 0.008708844781690067 0.15
16 0.02384715051311115 0.16
17 0.01645364028561969 0.17
18 0.01493970494268379 0.18
19 0.004584745013580638 0.19
20 0.01153878454720625 0.2
21 0.03977190324571328 0.21
22 0.05128062297765754 0.22
23 0.03832522239210717 0.23
24 0.02929971973875423 0.24
25 0.01585495329392583 0.25
26 0.007023561796505637 0.26
27 0.0005504408332910049 0.27
28 0.004452504626522247 0.28
29 0.007326052944479855 0.29
30 0.01090456757749703 0.3
31 0.01729482790050491 0.31
32 0.02133797945547125 0.32
33 0.02336377222521541 0.33
34 0.02183897025698597 0.34
35 0.0192160312968318 0.35
36 0.01649464552784352 0.36
37 0.01405697015904497 0.37
38 0.01246187120285108 0.38
39 0.01121698213740419 0.39
40 0.01105063938890284 0.4
41 0.01142215548829001 0.41
42 0.01168397844668698 0.42
43 0.01178975406740736 0.43
44 0.01189771193433983 0.44
45 0.01203303536546221 0.45
46 0.01239626330802342 0.46
47 0.01246017828277518 0.47
48 0.01243018091152434 0.48
49 0.01263168052925626 0.49
50 0.01260850523502582 0.5
51 0.01256119172529643 0.51
52 0.01229266413567504 0.52
53 0.01199956711449068 0.53
54 0.01155094133059289 0.54
55 0.01098188983642204 0.55
56 0.010518325032365 0.5600000000000001
57 0.01007399830818155 0.5700000000000001
58 0.009734951609285072 0.58
59 0.009793848189378916 0.59
60 0.009943008422765298 0.6
61 0.01020950331261545 0.61
62 0.01042949808191065 0.62
63 0.01062492597289591 0.63
64 0.01079739845802065 0.64
65 0.01089610679187207 0.65
66 0.01093900243861273 0.66
67 0.01057302783834538 0.67
68 0.01037020749116887 0.68
69 0.01006246193550772 0.6900000000000001
70 0.009815447130597064 0.7000000000000001
71 0.009860441415707456 0.71
72 0.009878355415674337 0.72
73 0.009648466514935804 0.73
74 0.009389944354104708 0.74
75 0.00941614523796969 0.75
76 0.009440882786633976 0.76
77 0.009440007731205693 0.77
78 0.009451561177715687 0.78
79 0.009373608729183072 0.79
80 0.00939477104773994 0.8
81 0.009404338055809473 0.8100000000000001
82 0.009472243518636667 0.8200000000000001
83 0.009519210109929883 0.8300000000000001
84 0.009549837917216177 0.84
85 0.009535353997496117 0.85
86 0.009477203879346655 0.86
87 0.009452686051485543 0.87
88 0.009453292458621044 0.88
89 0.009474923507929485 0.89
90 0.009480861230316204 0.9
91 0.009475159017695611 0.91
92 0.009444617703089454 0.92
93 0.009395493577342852 0.93
94 0.009301679306540734 0.9400000000000001
95 0.009190229186870845 0.9500000000000001
96 0.009162060105451687 0.96
97 0.009137446405289981 0.97
98 0.009113490182663775 0.98
99 0.009100317572621182 0.99
100 0.009081123358874838 1
101 0.009045132843622728 1.01
102 0.009020835127052998 1.02
103 0.008999037744000599 1.03
104 0.008967129127753597 1.04
105 0.008939528890137126 1.05
106 0.008880390000277957 1.06
107 0.008817158233752072 1.07
108 0.008767428712611575 1.08
109 0.008748962290853982 1.09
110 0.008751946225906151 1.1
111 0.008756990248685519 1.11
112 0.008751356756433367 1.12
113 0.008739313569297875 1.13
114 0.008712606284130881 1.14
115 0.008687365060966651 1.15
116 0.008668186096499293 1.16
117 0.008654623557688118 1.17
118 0.008644279578999169 1.18
119 0.008638348617891277 1.19
120 0.008631143160355082 1.2
121 0.008623882178334522 1.21
122 0.008630674189339126 1.22
123 0.008640008480117572 1.23
124 0.008655924828569478 1.24
125 0.008669970751957629 1.25
126 0.008678546864497795 1.26
127 0.008676394366730539 1.27
128 0.00866308467442784 1.28
129 0.00864960054669787 1.29
130 0.008637157052782441 1.3
131 0.008631257757631614 1.31
132 0.008627003451118019 1.32
133 0.008628390264954683 1.33
134 0.008631688330058906 1.34
135 0.00863808186673006 1.35
136 0.008640850355700886 1.36
137 0.00864242726376507 1.37
138 0.008643255873075788 1.38
139 0.008638214569518587 1.39
140 0.008610980017920263 1.4
141 0.008574656726259861 1.41
142 0.008555026784071187 1.42
143 0.008545498581882504 1.43
144 0.008542877992140476 1.44
145 0.008548701612241277 1.45
146 0.008556666336048022 1.46
147 0.008561948493457554 1.47
148 0.008561147817527202 1.48
149 0.008545103015068063 1.49
150 0.0085183276095495 1.5
151 0.008489832098885063 1.51
152 0.008461612546627813 1.52
153 0.008430887961938249 1.53
154 0.008403540266438903 1.54
155 0.008382166826253147 1.55
156 0.008363543719142202 1.56
157 0.008348075978642386 1.57
158 0.008332657625237357 1.58
159 0.008315376746275938 1.59
160 0.008297848283349377 1.6
161 0.008281590804119825 1.61
162 0.00826409481506416 1.62
163 0.008248631858629469 1.63
164 0.008231200119132545 1.64
165 0.008213245612308646 1.65
166 0.00819684340653753 1.66
167 0.008183054549136017 1.67
168 0.008170619724761723 1.68
169 0.008158415593134351 1.69
170 0.008146859075039819 1.7
171 0.008135061281363563 1.71
172 0.008124435104590636 1.72
173 0.008114981407641627 1.73
174 0.00810665256043132 1.74
175 0.008099550969265188 1.75
176 0.008093765614064597 1.76
177 0.008089542838190914 1.77
178 0.00808501010330092 1.78
179 0.008080910123707576 1.79
180 0.008076499315231607 1.8
181 0.008072772269565275 1.81
182 0.00807018605433246 1.82
183 0.008066925645708465 1.83
184 0.008066081872486497 1.84
185 0.008064861608372473 1.85
186 0.008065002652055203 1.86
187 0.008065637562220906 1.87
188 0.008064659643223197 1.88
189 0.008060332316321925 1.89
190 0.008054389140103058 1.9
191 0.008048361197275511 1.91
192 0.008043788469301299 1.92
193 0.00804073739581321 1.93
194 0.008034767616054126 1.94
195 0.008032750346002787 1.95
196 0.00803137815703169 1.96
197 0.008029521152473934 1.97
198 0.008028960535663958 1.98
199 0.00802756386231564 1.99
200 0.0080245714309005 2
201 0.008019928362022938 2.01
202 0.008014425321990315 2.02
203 0.008008578385247277 2.03
204 0.008002383434275222 2.04
205 0.007995162163859775 2.05
206 0.007987664717221152 2.06
207 0.007980234986547373 2.07
208 0.007972776975600745 2.08
209 0.007965088105362998 2.09
210 0.007957247419392062 2.1
211 0.00794897058725192 2.11
212 0.007939414071814784 2.12
213 0.007929781568075929 2.13
214 0.007920486533479097 2.14
215 0.007911289492738947 2.15
216 0.007900524670667777 2.16
217 0.007890812332293842 2.17
218 0.007883187366158664 2.18
219 0.007874722062592 2.19
220 0.00786536817151581 2.2
221 0.007856534728763189 2.21
222 0.007845246420127999 2.22
223 0.007834438589470843 2.23
224 0.00782547688926589 2.24
225 0.007816806107454098 2.25
226 0.007808054751525353 2.26
227 0.007798815587598672 2.27
228 0.007791668171314885 2.28
229 0.007785342887912427 2.29
230 0.007779611959382912 2.3
231 0.007772452274298944 2.31
232 0.007764356690745638 2.32
233 0.007755926604899178 2.33
234 0.007748265806552608 2.34
235 0.007741437333279184 2.35
236 0.007735538470405237 2.36
237 0.007729960271379866 2.37
238 0.00772500723765002 2.38
239 0.007720151586170915 2.39
240 0.007715835900097464 2.4
241 0.007711275641152517 2.41
242 0.007706524369462071 2.42
243 0.007701946518649604 2.43
244 0.007696765146600272 2.44
245 0.00769180572056273 2.45
246 0.0076872504896391 2.46
247 0.0076827522673316 2.47
248 0.007678857623762249 2.48
249 0.007675696078578247 2.49
250 0.007672566872507858 2.5
251 0.007669100264789972 2.51
252 0.007665121354910605 2.52
253 0.007662362881927388 2.53
254 0.00765988072270595 2.54
255 0.007656610519020835 2.55
256 0.007654654547627252 2.56
257 0.007652485934505224 2.57
258 0.007650642981174476 2.58
259 0.007648828221301156 2.59
260 0.007647817707457052 2.6
261 0.007645889035465383 2.61
262 0.007643568116767119 2.62
263 0.007641710853647326 2.63
264 0.007640246693522547 2.64
265 0.007637383704176243 2.65
266 0.007633877198146213 2.66
267 0.007630506617946712 2.67
268 0.007627523425753843 2.68
269 0.007624956569517675 2.69
270 0.00762226255547459 2.7
271 0.007619346897921648 2.71
272 0.007616393335926406 2.72
273 0.007612681945510246 2.73
274 0.007609611268247114 2.74
275 0.007606898740417116 2.75
276 0.007604766365979641 2.76
277 0.007602189981667748 2.77
278 0.007598990767878745 2.78
279 0.007595599173042937 2.79
280 0.007591864839904872 2.8
281 0.007587885247462381 2.81
282 0.007583942108680923 2.82
283 0.007579722226775065 2.83
284 0.007575116303655185 2.84
285 0.007570505913097571 2.85
286 0.007565755087757572 2.86
287 0.007560974891787455 2.87
288 0.007556251727316501 2.88
289 0.007551684939172544 2.89
290 0.007547329128177393 2.9
291 0.007543163726174027 2.91
292 0.0075391405708811 2.92
293 0.007534864556856464 2.93
294 0.00753064858809249 2.94
295 0.00752671024175401 2.95
296 0.007523178050761627 2.96
297 0.007519706817326811 2.97
298 0.007516203501058185 2.98
299 0.007512612193348893 2.99
300 0.007508767460456539 3
301 0.007505045162716923 3.01
302 0.007501609232906417 3.02
303 0.007498338780548422 3.03
304 0.00749534718550387 3.04
305 0.007492630702341993 3.05
306 0.007490068340397075 3.06
307 0.007487569161097324 3.07
308 0.007486081104784503 3.08
309 0.007484290705566436 3.09
310 0.00748246021448262 3.1
311 0.007480421589840386 3.11
312 0.007478099055207518 3.12
313 0.007476519654652207 3.13
314 0.007475469554259577 3.14
315 0.007474906436124502 3.15
316 0.007474707329029021 3.16
317 0.007474665348295321 3.17
318 0.007474795690991526 3.18
319 0.007473861305609967 3.19
320 0.007472995978927634 3.2
321 0.007472445444212088 3.21
322 0.007472114509176271 3.22
323 0.007471769296162768 3.23
324 0.007471384502809653 3.24
325 0.007470726193117159 3.25
326 0.007470232544360559 3.26
327 0.007470039430697658 3.27
328 0.007470689900349064 3.28
329 0.007470654069346876 3.29
330 0.007470705157311311 3.3
331 0.007470857418708729 3.31
332 0.007470959218638242 3.32
333 0.007471686350957749 3.33
334 0.007472151315183354 3.34
335 0.007473789160340578 3.35
336 0.007474037696687218 3.36
337 0.007473644994194332 3.37
338 0.007473367283696956 3.38
339 0.007472826368447496 3.39
340 0.007472258445436503 3.4
341 0.007471707174567637 3.41
342 0.007471233621192868 3.42
343 0.007470739349521666 3.43
344 0.007469630845389205 3.44
345 0.007468456992699895 3.45
346 0.007467335515198112 3.46
347 0.007466475070626879 3.47
348 0.007465759484456851 3.48
349 0.0074653059817151 3.49
350 0.007465121544361447 3.5
351 0.007464734074237902 3.51
352 0.007464114393862169 3.52
353 0.007463397474862446 3.53
354 0.007461832301209536 3.54
355 0.007461063370398413 3.55
356 0.00746055467725024 3.56
357 0.007459827282717605 3.57
358 0.007459212849618196 3.58
359 0.007458582200226375 3.59
360 0.007457910050588467 3.6
361 0.00745785125715563 3.61
362 0.007457322840723881 3.62
363 0.007456656275491269 3.63
364 0.007455499258591764 3.64
365 0.007454847124331369 3.65
366 0.007455329507389484 3.66
367 0.007455295484106991 3.67
368 0.007454648129369182 3.68
369 0.007453642087721243 3.69
370 0.007452672147966328 3.7
371 0.007451967231969202 3.71
372 0.0074517207192116 3.72
373 0.007451959529438571 3.73
374 0.00745259684333773 3.74
375 0.00745339258846022 3.75
376 0.007454221249423425 3.76
377 0.007455347600999918 3.77
378 0.007456732682548084 3.78
379 0.007458332934793704 3.79
380 0.007459943756006364 3.8
381 0.007461564686850411 3.81
382 0.007463282569892702 3.82
383 0.007465158073273599 3.83
384 0.007466973461265718 3.84
385 0.007468752003043709 3.85
386 0.007470498822487086 3.86
387 0.007472304923616778 3.87
388 0.007474092448632629 3.88
389 0.007476386484993923 3.89
390 0.00747821127902014 3.9
391 0.007480002750666545 3.91
392 0.007481234447427851 3.92
393 0.007483287949039782 3.93
394 0.007485547913568026 3.94
395 0.007487928799029854 3.95
396 0.00749047749876088 3.96
397 0.007493000956820849 3.97
398 0.007495511374014867 3.98
399 0.007498018485014893 3.99
400 0.007500441170556964 4
401 0.007502797124054138 4.01
402 0.007505129417759626 4.02
403 0.007507464086082915 4.03
404 0.007509809784470645 4.04
405 0.007512161925700388 4.05
406 0.007514334800094575 4.06
407 0.007516675565617301 4.07
408 0.007519053558605476 4.08
409 0.007521527495718655 4.09
410 0.007523710906989269 4.1
411 0.007525983749620666 4.11
412 0.007528333441327529 4.12
413 0.007530725402612079 4.13
414 0.007533116900034225 4.14
415 0.007535484956675853 4.15
416 0.007538037099475511 4.16
417 0.007540511567052534 4.17
418 0.007542925462938769 4.18
419 0.007545620111081645 4.19
420 0.007548086930232163 4.2
421 0.007550566989013761 4.21
422 0.007553339965937295 4.22
423 0.007556223892699291 4.23
424 0.007558865637037645 4.24
425 0.007561977688476031 4.25
426 0.007565307307592901 4.26
427 0.007568472529370035 4.27
428 0.00757170364007053 4.28
429 0.007574824091369323 4.29
430 0.007578103843728744 4.3
431 0.007581169225052579 4.31
432 0.007584462804866216 4.32
433 0.007587871460468579 4.33
434 0.007591363710924351 4.34
435 0.00759488601504344 4.350000000000001
436 0.007598535526799233 4.36
437 0.00760226909379354 4.37
438 0.007606222961371189 4.38
439 0.00761009947433783 4.39
440 0.00761412748039458 4.4
441 0.00761868633011757 4.41
442 0.007622950127915175 4.42
443 0.007627367852368404 4.43
444 0.007631668756629285 4.44
445 0.007635892058433536 4.45
446 0.007640481101586288 4.46
447 0.007645296011854411 4.47
448 0.007650261372402201 4.48
449 0.007654941241670896 4.49
450 0.007659923947539672 4.5
451 0.00766530898720656 4.51
452 0.007670721187504197 4.52
453 0.007676092620483368 4.53
454 0.007681346544852812 4.54
455 0.007686763803626723 4.55
456 0.00769297511623928 4.56
457 0.007698674148239737 4.57
458 0.007704114868302931 4.58
459 0.007709561441230048 4.59
460 0.007715014849496736 4.600000000000001
461 0.007720495903287937 4.61
462 0.007726118056444202 4.62
463 0.007731814965954419 4.63
464 0.007737299082742013 4.64
465 0.007743159736384388 4.65
466 0.007749280875798967 4.66
467 0.00775556280001909 4.67
468 0.007762014208356152 4.68
469 0.007768482589952987 4.69
470 0.007775065229691872 4.7
471 0.007781215669964121 4.71
472 0.007787712577142555 4.72
473 0.007794371782928644 4.73
474 0.007801052580756964 4.74
475 0.007807923047969369 4.75
476 0.007815229291898788 4.76
477 0.007822032504524047 4.77
478 0.007828617666700219 4.78
479 0.007835134783711159 4.79
480 0.007841711725282044 4.8
481 0.007848709677830761 4.81
482 0.007855193732932883 4.82
483 0.00786201700253166 4.83
484 0.007868824858075402 4.84
485 0.007875669390433644 4.850000000000001
486 0.007882592107975551 4.86
487 0.007889721833678724 4.87
488 0.007896570583504924 4.88
489 0.007903487605547342 4.89
490 0.007910698500249762 4.9
491 0.0079180190573113 4.91
492 0.007925557621074646 4.92
493 0.007933054664969392 4.93
494 0.007940301876443604 4.94
495 0.007947646987484484 4.95
496 0.007956332795835453 4.96
497 0.007964407681882569 4.97
498 0.007971885931344435 4.98
499 0.007979410726142111 4.99
500 0.007986968258703969 5
501 0.007994607846346737 5.01
502 0.008002723864548696 5.02
503 0.008010786894982103 5.03
504 0.008018963229729411 5.04
505 0.008027246121509211 5.05
506 0.008035429759095504 5.06
507 0.00804346790135696 5.07
508 0.008052254929294657 5.08
509 0.008060695836483264 5.09
510 0.008069422245059014 5.100000000000001
511 0.008078163922275429 5.11
512 0.008087045745965905 5.12
513 0.00809555884394798 5.13
514 0.00810441517124226 5.14
515 0.008113404703353998 5.15
516 0.00812256142048659 5.16
517 0.008131870354313966 5.17
518 0.008140783958077512 5.18
519 0.008150198614923526 5.19
520 0.008159596243033761 5.2
521 0.008169238650199832 5.21
522 0.008178669282216208 5.22
523 0.00818773958590022 5.23
524 0.008197315934413659 5.24
525 0.008207236322653688 5.25
526 0.008217137741947642 5.26
527 0.008226800027134898 5.27
528 0.00823672631031892 5.28
529 0.008246724545206724 5.29
530 0.0082566837040699 5.3
531 0.008266696192401252 5.31
532 0.0082770257615856 5.32
533 0.008287544144804504 5.33
534 0.00829788542163155 5.34
535 0.008308309320716354 5.350000000000001
536 0.008318592182467223 5.36
537 0.008329135479041124 5.37
538 0.008339629103312707 5.38
539 0.008350188802969775 5.39
540 0.00836079722170616 5.4
541 0.008371431550631112 5.41
542 0.008382160359246986 5.42
543 0.008392651290417181 5.43
544 0.008403685993259455 5.44
545 0.008414622753738374 5.45
546 0.008425317447350431 5.46
547 0.008435792832962013 5.47
548 0.008446715458566996 5.48
549 0.008457775392126018 5.49
550 0.008468916140818676 5.5
551 0.008480518813772568 5.51
552 0.008491198137628213 5.52
553 0.008502267711437991 5.53
554 0.008513297908861385 5.54
555 0.008524312437668546 5.55
556 0.008535370286091007 5.56
557 0.008547356670724048 5.57
558 0.008559699155595664 5.58
559 0.008571858435455861 5.59
560 0.00858354638588282 5.600000000000001
561 0.008594816691601056 5.61
562 0.008606002872564612 5.62
563 0.008617467673528806 5.63
564 0.008628520914327382 5.64
565 0.00863994480318242 5.65
566 0.008652014278880432 5.66
567 0.008663828851249219 5.67
568 0.008676042366762334 5.68
569 0.008688093270925977 5.69
570 0.008700013874643253 5.7
571 0.008711487768288374 5.71
572 0.0087240475266048 5.72
573 0.00873690387579636 5.73
574 0.008749439374558762 5.74
575 0.00876219966411484 5.75
576 0.008775030454862227 5.76
577 0.008787526645670667 5.77
578 0.008800427396542127 5.78
579 0.008813113684298299 5.79
580 0.008825425296877531 5.8
581 0.008838585828978037 5.81
582 0.00885154684677583 5.82
583 0.008864256211921119 5.83
584 0.008877067071612725 5.84
585 0.008890280220006607 5.850000000000001
586 0.008903446842859902 5.86
587 0.008916416816969974 5.87
588 0.008929594798744282 5.88
589 0.008942910994019383 5.89
590 0.008955979737296612 5.9
591 0.008969208550179322 5.91
592 0.00898273397937739 5.92
593 0.008996171806373594 5.93
594 0.009010290123613134 5.94
595 0.009024105277784734 5.95
596 0.009037876294996174 5.96
597 0.009051449434835917 5.97
598 0.009054401513932074 5.98
599 0.009058672702754317 5.99
600 0.009073067499560819 6
601 0.009103396594625744 6.01
602 0.009135692269986579 6.02
603 0.009153387406060785 6.03
604 0.009164059380642242 6.04
605 0.009172001286694162 6.05
606 0.009180254646155536 6.06
607 0.009190232590182052 6.07
608 0.009202453330057144 6.08
609 0.00921680937434566 6.09
610 0.009232538036033952 6.100000000000001
611 0.009248874125550265 6.11
612 0.009265729049750333 6.12
613 0.00928223784724197 6.13
614 0.009298158385207738 6.140000000000001
615 0.009313532572771481 6.15
616 0.009327928053967906 6.16
617 0.009342284852016771 6.17
618 0.009356308953664086 6.18
619 0.009369572781327605 6.19
620 0.009383833458107624 6.2
621 0.009398360666795202 6.21
622 0.009412579094269461 6.22
623 0.009427829920274869 6.23
624 0.009442830119655337 6.24
625 0.00945787447914434 6.25
626 0.009473071753430127 6.26
627 0.009488479401871953 6.27
628 0.009504125442732485 6.28
629 0.00951066140269975 6.29
630 0.009515067308098151 6.3
631 0.00952454753939121 6.31
632 0.009538764538054283 6.32
633 0.009557266789064198 6.33
634 0.009586348302583834 6.34
635 0.009632023098729289 6.350000000000001
636 0.009667292302925781 6.36
637 0.009678958977776861 6.37
638 0.009682502646889473 6.38
639 0.009685057965111293 6.390000000000001
640 0.009690433101643451 6.4
641 0.009700196859664391 6.41
642 0.00971417760434818 6.42
643 0.009731637092689668 6.43
644 0.009751293540729939 6.44
645 0.009771629893813465 6.45
646 0.009791513801822166 6.46
647 0.009810515060306044 6.47
648 0.009828679459058572 6.48
649 0.009845021345849754 6.49
650 0.009860538135440956 6.5
651 0.009875235030905103 6.51
652 0.009889423149310482 6.52
653 0.009904134350884415 6.53
654 0.00991927218821119 6.54
655 0.00993468122456535 6.55
656 0.009950634647100259 6.56
657 0.009967019738326165 6.57
658 0.009983940394180827 6.58
659 0.01000090468296309 6.59
660 0.01001831709930535 6.600000000000001
661 0.01002625609091052 6.61
662 0.01003150636831785 6.62
663 0.01004904508745337 6.63
664 0.01006404068858762 6.640000000000001
665 0.01008264816715414 6.65
666 0.01010335780355866 6.66
667 0.01012592160567094 6.67
668 0.0101489981916518 6.68
669 0.0101800896973115 6.69
670 0.01020649647791279 6.7
671 0.0102472758444421 6.71
672 0.01026728190865237 6.72
673 0.01027214117865841 6.73
674 0.01027432637195097 6.74
675 0.01027948066629919 6.75
676 0.01028976316639321 6.76
677 0.010305337694231 6.77
678 0.01032533777363361 6.78
679 0.01034732191455809 6.79
680 0.01037028262815127 6.8
681 0.01039346535789254 6.81
682 0.01041462127485626 6.82
683 0.01043470998476531 6.83
684 0.01045325977119061 6.84
685 0.01046423782700635 6.850000000000001
686 0.01047824579292636 6.86
687 0.01049506697231183 6.87
688 0.01051022113947376 6.88
689 0.01053152333390119 6.890000000000001
690 0.0105486426379662 6.9
691 0.01056728502869075 6.91
692 0.01058517116683091 6.92
693 0.01060414191880753 6.93
694 0.01062571329979465 6.94
695 0.0106414507196284 6.95
696 0.01066050207759295 6.96
697 0.01067582861154355 6.97
698 0.01069188833404007 6.98
699 0.01070928350342675 6.99
700 0.01072323779473783 7
701 0.01074515108379162 7.01
702 0.01076803539492214 7.02
703 0.01078505507734712 7.03
704 0.01080774260594593 7.04
705 0.01082923374580762 7.05
706 0.01084865078520756 7.06
707 0.01087440024738141 7.07
708 0.01088520484745827 7.08
709 0.01091876910666146 7.09
710 0.01092613141903181 7.100000000000001
711 0.01095417335035385 7.11
712 0.01097334607799839 7.12
713 0.01098309423380316 7.13
714 0.01100350812939005 7.140000000000001
715 0.01101664090665294 7.15
716 0.01103308748381248 7.16
717 0.01105253773762334 7.17
718 0.01107364284469389 7.18
719 0.01109712444863732 7.19
720 0.01111774551667654 7.2
721 0.0111381757232502 7.21
722 0.01115829453095515 7.22
723 0.01117683262912504 7.23
724 0.01119539173113926 7.24
725 0.01121393473506901 7.25
726 0.01123234371964908 7.26
727 0.01124693587522571 7.27
728 0.01126823799550122 7.28
729 0.01128606104180255 7.29
730 0.01130950294424624 7.3
731 0.01133157227137661 7.31
732 0.01135152534752766 7.32
733 0.01136980609224498 7.33
734 0.01138497317146506 7.34
735 0.01140631027252407 7.350000000000001
736 0.01142702344761634 7.36
737 0.01144812279548861 7.37
738 0.01146781136058452 7.38
739 0.0114873078579948 7.390000000000001
740 0.0115076866221988 7.4
741 0.0115248734564324 7.41
742 0.01154432250561219 7.42
743 0.01156529471168023 7.43
744 0.01158729320449288 7.44
745 0.01160950870374262 7.45
746 0.0116311509131522 7.46
747 0.01165293438932559 7.47
748 0.01167387886179943 7.48
749 0.01169428241840113 7.49
750 0.01171486131154391 7.5
751 0.01173512448127926 7.51
752 0.01174920451917394 7.52
753 0.01177129569453528 7.53
754 0.01178862860774441 7.54
755 0.01181382920052228 7.55
756 0.01183685462845919 7.56
757 0.01185306215333886 7.57
758 0.01187769062243629 7.58
759 0.01190045715288223 7.59
760 0.01192132432857072 7.600000000000001
761 0.01194085965582078 7.61
762 0.01196000759502198 7.62
763 0.01197956477705235 7.63
764 0.01199942976042805 7.640000000000001
765 0.01202014374910483 7.65
766 0.01204005595914568 7.66
767 0.0120564836745591 7.67
768 0.01207535104378908 7.68
769 0.01209701292147424 7.69
770 0.0121197835875696 7.7
771 0.01214280825096638 7.71
772 0.01217257777179842 7.72
773 0.01219155884158723 7.73
774 0.01221696577652542 7.74
775 0.01223320962813338 7.75
776 0.01225627278902952 7.76
777 0.01227373758341019 7.77
778 0.01229130881050071 7.78
779 0.01231735126491493 7.79
780 0.01233485533479946 7.8
781 0.0123535015366978 7.81
782 0.01237300344066011 7.82
783 0.01239337843206058 7.83
784 0.01241561174641546 7.84
785 0.01243656028089147 7.850000000000001
786 0.01246465723593018 7.86
787 0.0124838808865051 7.87
788 0.01250277462045097 7.88
789 0.01252246422715501 7.890000000000001
790 0.01254326408541251 7.9
791 0.01256550873059083 7.91
792 0.01258693825614944 7.92
793 0.01260838009090384 7.930000000000001
794 0.01263055381383804 7.94
795 0.01264477743395716 7.95
796 0.01266819251149444 7.96
797 0.01268485289856839 7.97
798 0.01271142363979955 7.98
799 0.01272922091366047 7.99
800 0.01275681433531398 8
801 0.01277437332742015 8.01
802 0.01279288968946495 8.02
803 0.01281360521745336 8.029999999999999
804 0.0128361223267137 8.040000000000001
805 0.0128710268399404 8.050000000000001
806 0.01289148322035391 8.06
807 0.01291186246778093 8.07
808 0.01294019330346092 8.08
809 0.01295641423400135 8.09
810 0.01298036661636414 8.1
811 0.01300265539478678 8.109999999999999
812 0.01302696676250384 8.120000000000001
813 0.01304238819972571 8.130000000000001
814 0.01305901458541783 8.140000000000001
815 0.01308213437153746 8.15
816 0.01309882655539351 8.16
817 0.01312331367636922 8.17
818 0.01314039520464286 8.18
819 0.01316579479624609 8.19
820 0.01318313777031869 8.199999999999999
821 0.0132096423963181 8.210000000000001
822 0.01322878623106854 8.220000000000001
823 0.01325614639523225 8.23
824 0.0132759119755512 8.24
825 0.01329482398493835 8.25
826 0.01332154997000273 8.26
827 0.01334030175548019 8.27
828 0.0133614170192663 8.279999999999999
829 0.01338259584309 8.290000000000001
830 0.01339682863548868 8.300000000000001
831 0.01342224650613525 8.31
832 0.0134401000790721 8.32
833 0.01346799864267293 8.33
834 0.01349487542486831 8.34
835 0.01351089111347979 8.35
836 0.01353675074352296 8.359999999999999
837 0.01356119154059912 8.370000000000001
838 0.01358369570323484 8.380000000000001
839 0.01360449714051549 8.390000000000001
840 0.01362436508585844 8.4
841 0.01364472253127055 8.41
842 0.01366443036246139 8.42
843 0.01368367863411588 8.43
844 0.01370328873847879 8.44
845 0.01372363597425893 8.449999999999999
846 0.01374310210178614 8.460000000000001
847 0.01376340674055795 8.470000000000001
848 0.01378300493508522 8.48
849 0.01380546570180159 8.49
850 0.01382153822992658 8.5
851 0.01384824107886413 8.51
852 0.01386456702997784 8.52
853 0.01389149874435592 8.529999999999999
854 0.01390987945455359 8.540000000000001
855 0.01393886457894822 8.550000000000001
856 0.01395554721727806 8.56
857 0.01397368381678487 8.57
858 0.01400309243321136 8.58
859 0.01402221645510273 8.59
860 0.01404966572250981 8.6
861 0.01406522494761359 8.609999999999999
862 0.01409110638800258 8.620000000000001
863 0.01410572133644177 8.630000000000001
864 0.01412150806697382 8.640000000000001
865 0.01414723176946346 8.65
866 0.01416317875164004 8.66
867 0.01418065779463801 8.67
868 0.01420903485255239 8.68
869 0.01422498988551367 8.69
870 0.01424255273735815 8.700000000000001
871 0.01427069480221053 8.710000000000001
872 0.01428697422612457 8.720000000000001
873 0.0143143092394602 8.73
874 0.01433010597204083 8.74
875 0.01434704213934426 8.75
876 0.01437327043075619 8.76
877 0.01438846293838103 8.77
878 0.01440432461609692 8.779999999999999
879 0.01442175853329601 8.790000000000001
880 0.01444170442555764 8.800000000000001
881 0.01446357042040472 8.81
882 0.01449509478879123 8.82
883 0.01451305594239064 8.83
884 0.01453174807704058 8.84
885 0.01455748476181771 8.85
886 0.01457197562398702 8.859999999999999
887 0.0145876983486845 8.870000000000001
888 0.01461254064357872 8.880000000000001
889 0.01462674790159694 8.890000000000001
890 0.01464301707243727 8.9
891 0.01465997410515644 8.91
892 0.01468634542580929 8.92
893 0.01470348911470408 8.93
894 0.01472260033236249 8.94
895 0.01474248841003885 8.950000000000001
896 0.0147602728023042 8.960000000000001
897 0.01478939288306425 8.970000000000001
898 0.01480530088978903 8.98
899 0.01482088736409131 8.99
900 0.01483673557633113 9
901 0.01485269567837553 9.01
902 0.01487087139580616 9.02
903 0.01489132003151668 9.029999999999999
904 0.01491109788967628 9.040000000000001
905 0.01493210072610238 9.050000000000001
906 0.01495260294254919 9.06
907 0.01497203979680237 9.07
908 0.0149906512113061 9.08
909 0.01500966503688195 9.09
910 0.01502731586805241 9.1
911 0.01504474814577152 9.109999999999999
912 0.01506262195042718 9.120000000000001
913 0.01507157070376252 9.130000000000001
914 0.01509338845619703 9.140000000000001
915 0.01511446292886765 9.15
916 0.01512362895587341 9.16
917 0.0151471713055992 9.17
918 0.01516970787503691 9.18
919 0.01517953823132345 9.19
920 0.01520350736407402 9.200000000000001
921 0.01521482651230444 9.210000000000001
922 0.01524147202716852 9.220000000000001
923 0.01526458769754249 9.23
924 0.01527653843394971 9.24
925 0.01529788134064795 9.25
926 0.01531780549002565 9.26
927 0.01533489338016741 9.27
928 0.01535127985530143 9.279999999999999
929 0.01536435827587009 9.290000000000001
930 0.01537906359805702 9.300000000000001
931 0.01539366075470197 9.31
932 0.01540822207878398 9.32
933 0.01542440511172224 9.33
934 0.01544602730793973 9.34
935 0.01545593358190203 9.35
936 0.01547802533758374 9.359999999999999
937 0.01548990737586854 9.370000000000001
938 0.01550966407765176 9.380000000000001
939 0.01552010622113543 9.390000000000001
940 0.015539175055168 9.4
941 0.01554862802985235 9.41
942 0.01556792827133736 9.42
943 0.01558136736593776 9.43
944 0.01559580366226567 9.44
945 0.01561007780913375 9.450000000000001
946 0.01562491994535748 9.460000000000001
947 0.0156418271266566 9.470000000000001
948 0.01565737373616496 9.48
949 0.01567342727044903 9.49
950 0.01569145698169394 9.5
951 0.01570776760598338 9.51
952 0.0157235995704646 9.52
953 0.01573794845107193 9.529999999999999
954 0.0157515022558592 9.540000000000001
955 0.01576368976228334 9.550000000000001
956 0.01577744091561482 9.56
957 0.0157933701405911 9.57
958 0.01580974011910749 9.58
959 0.01582517118408946 9.59
960 0.01583927840678893 9.6
961 0.01585466212807385 9.609999999999999
962 0.01586808171498597 9.620000000000001
963 0.0158823704172651 9.630000000000001
964 0.01589750392497245 9.640000000000001
965 0.01591132289697287 9.65
966 0.01592481347846495 9.66
967 0.01593884508424675 9.67
968 0.01595224110357593 9.68
969 0.0159663221804832 9.69
970 0.0159786848415636 9.700000000000001
971 0.01599242266239117 9.710000000000001
972 0.01600635984513064 9.720000000000001
973 0.01602028376669765 9.73
974 0.0160362954683758 9.74
975 0.01605263641407569 9.75
976 0.01606936276488186 9.76
977 0.01608683745760483 9.77
978 0.01610277241396456 9.779999999999999
979 0.01611796844940565 9.790000000000001
980 0.0161311841611258 9.800000000000001
981 0.01614509416683372 9.81
982 0.01615979866111584 9.82
983 0.01616615048507655 9.83
984 0.01618323564044327 9.84
985 0.01620017139667163 9.85
986 0.01620646394392655 9.859999999999999
987 0.01622646525404108 9.870000000000001
988 0.01623243304392696 9.880000000000001
989 0.0162558677722492 9.890000000000001
990 0.01626608148274221 9.9
991 0.01629011449686856 9.91
992 0.0162998948320459 9.92
993 0.0163235152696891 9.93
994 0.01634368774966299 9.94
995 0.01635123929090409 9.950000000000001
996 0.01637058797058895 9.960000000000001
997 0.01638490159039402 9.970000000000001
998 0.01639752077999709 9.98
999 0.01640869047774812 9.99
1000 0.01642124098822813 10
1001 0.01643333246695246 10.01
1002 0.01644802327060162 10.02
1003 0.01645435359730958 10.03
1004 0.01647299456348354 10.04
1005 0.01649065744889386 10.05
1006 0.01649909920290923 10.06
1007 0.01651809588072623 10.07
1008 0.01653631880421356 10.08
1009 0.0165452925902058 10.09
1010 0.01656444269492684 10.1
1011 0.01658219273000147 10.11
1012 0.01659960516529793 10.12
1013 0.01660800302923176 10.13
1014 0.01662701237677427 10.14
1015 0.01664426358047814 10.15
1016 0.0166602976677086 10.16
1017 0.01666776453932185 10.17
1018 0.01668758313301503 10.18
1019 0.01670605036426005 10.19
1020 0.01672280941365633 10.2
1021 0.01673704718864823 10.21
1022 0.01674296923478439 10.22
1023 0.01675898426039849 10.23
1024 0.01677238898960094 10.24
1025 0.01677943775246792 10.25
1026 0.0167986043331124 10.26
1027 0.0168165337740362 10.27
1028 0.01682621713799549 10.28
1029 0.01684613776338837 10.29
1030 0.01685638878226164 10.3
1031 0.01687907369542182 10.31
1032 0.01689030081125086 10.32
1033 0.01691149995967367 10.33
1034 0.01692164605635218 10.34
1035 0.01694155880423738 10.35
1036 0.01695030747972563 10.36
1037 0.01696883171015756 10.37
1038 0.01697673165133071 10.38
1039 0.01699584086707376 10.39
1040 0.01700440220834943 10.4
1041 0.01701623315667288 10.41
1042 0.01703792463256878 10.42
1043 0.01704823028723693 10.43
1044 0.01706065195054848 10.44
1045 0.01708449355947722 10.45
1046 0.01709497200341416 10.46
1047 0.01710519343258001 10.47
1048 0.01712755371636995 10.48
1049 0.01713934949363312 10.49
1050 0.01715196603075826 10.5
1051 0.01717522826197016 10.51
1052 0.01718629281004355 10.52
1053 0.01720641790500116 10.53
1054 0.01721558181383529 10.54
1055 0.01723366013099497 10.55
1056 0.01724158235508164 10.56
1057 0.01725728767073849 10.57
1058 0.01726387937385033 10.58
1059 0.01728054550681732 10.59
1060 0.01728879638562842 10.6
1061 0.01730916875711573 10.61
1062 0.0173180915536349 10.62
1063 0.01733674691314233 10.63
1064 0.01734225493117371 10.64
1065 0.01735547587791463 10.65
1066 0.01737143378313961 10.66
1067 0.01738031893824772 10.67
1068 0.01739838088908327 10.68
1069 0.0174143587789383 10.69
1070 0.01742128852586334 10.7
1071 0.01743491536389483 10.71
1072 0.01745002527147363 10.72
1073 0.0174567625045579 10.73
1074 0.01747208814362921 10.74
1075 0.0174849012207013 10.75
1076 0.01749243476984898 10.76
1077 0.01750925984657548 10.77
1078 0.01752395193176828 10.78
1079 0.01753029823148606 10.79
1080 0.01754466356174179 10.8
1081 0.01755572158202651 10.81
1082 0.01756085188764858 10.82
1083 0.01757467107626297 10.83
1084 0.017587541558913 10.84
1085 0.01759442818944579 10.85
1086 0.01760837565085316 10.86
1087 0.01762004705492363 10.87
1088 0.01762328006535277 10.88
1089 0.01763284494393502 10.89
1090 0.0176376059585641 10.9
1091 0.01765220066688606 10.91
1092 0.01766592813033746 10.92
1093 0.01767198299442494 10.93
1094 0.01768721536797034 10.94
1095 0.01770080884954328 10.95
1096 0.01770642115714526 10.96
1097 0.01772097872186777 10.97
1098 0.01773339851114127 10.98
1099 0.01773918410641941 10.99
1100 0.01774983543030757 11
1101 0.0177604648887654 11.01
1102 0.01776406439945223 11.02
1103 0.01777371770554644 11.03
1104 0.01777785516418173 11.04
1105 0.01778874100790511 11.05
1106 0.01779293930248621 11.06
1107 0.01780662220550506 11.07
1108 0.01781333093687442 11.08
1109 0.01782572640296305 11.09
1110 0.01783085508252062 11.1
1111 0.01784243615700278 11.11
1112 0.0178469477739721 11.12
1113 0.01785777781308195 11.13
1114 0.01786251287528402 11.14
1115 0.01787452359359419 11.15
1116 0.01788091262269838 11.16
1117 0.01788672729513958 11.17
1118 0.0178983750223507 11.18
1119 0.01790320514955849 11.19
1120 0.01790386921767009 11.2
1121 0.01791224117943952 11.21
1122 0.01791388807616667 11.22
1123 0.01791664263259304 11.23
1124 0.01792100868941906 11.24
1125 0.01793352858460507 11.25
1126 0.01793766452100434 11.26
1127 0.01794456781860895 11.27
1128 0.01794949330292962 11.28
1129 0.01796180368015821 11.29
1130 0.01796785033600804 11.3
1131 0.01796973809039261 11.31
1132 0.01797920081966532 11.32
1133 0.01798052232355222 11.33
1134 0.01798675717049718 11.34
1135 0.01798781950558443 11.35
1136 0.01799457730173153 11.36
1137 0.01799392088959085 11.37
1138 0.01799955170569498 11.38
1139 0.01800088128045811 11.39
1140 0.01800521171055523 11.4
1141 0.01800626938600921 11.41
1142 0.01800787289110278 11.42
1143 0.01801264904299864 11.43
1144 0.01801161701596641 11.44
1145 0.01801211771362706 11.45
1146 0.01801551143307151 11.46
1147 0.01801587454542502 11.47
1148 0.01801671992099678 11.48
1149 0.01801934192732783 11.49
1150 0.01801690141415713 11.5
1151 0.01801754727174668 11.51
1152 0.01801734400306839 11.52
1153 0.01801439394037966 11.53
1154 0.01801580974127903 11.54
1155 0.01802424225991881 11.55
1156 0.01802477927017896 11.56
1157 0.01802645512878251 11.57
1158 0.01802836898660647 11.58
1159 0.01803020198543239 11.59
1160 0.01803270650159387 11.6
1161 0.01803179242406135 11.61
1162 0.0180276697638445 11.62
1163 0.01802454937241709 11.63
1164 0.0180223412685601 11.64
1165 0.01802608381515133 11.65
1166 0.01802613291620936 11.66
1167 0.01802563082577832 11.67
1168 0.0180253763047419 11.68
1169 0.01802724298484683 11.69
1170 0.01802606061315639 11.7
1171 0.01802851064599973 11.71
1172 0.01802636574630182 11.72
1173 0.01802479924145159 11.73
1174 0.01802750934057504 11.74
1175 0.01802691784497856 11.75
1176 0.01802856006546845 11.76
1177 0.01802735586308078 11.77
1178 0.01803056371319538 11.78
1179 0.01803387326720435 11.79
1180 0.01803340976541362 11.8
1181 0.01803473883767107 11.81
1182 0.01804148876222827 11.82
1183 0.01804348681262452 11.83
1184 0.01804362894007005 11.84
1185 0.01804582150653779 11.85
1186 0.01805038514341649 11.86
1187 0.01805202678477924 11.87
1188 0.01805413554165212 11.88
1189 0.01805716986393184 11.89
1190 0.01805742140235735 11.9
1191 0.01805758729582874 11.91
1192 0.01806157356105421 11.92
1193 0.01805950414818696 11.93
1194 0.0180601122389284 11.94
1195 0.01806278463431909 11.95
1196 0.01806290287891775 11.96
1197 0.01806466419292484 11.97
1198 0.01806360249914002 11.98
1199 0.01807531917392838 11.99
1200 0.01807751982976064 12
1201 0.01808291365609737 12.01
1202 0.01809489421277974 12.02
1203 0.01809816115537247 12.03
1204 0.01810742807373211 12.04
1205 0.01811763329353652 12.05
1206 0.01812241054097301 12.06
1207 0.01812093789967758 12.07
1208 0.01812702707377574 12.08
1209 0.01812711805311304 12.09
1210 0.0181280929239863 12.1
1211 0.01813145985034184 12.11
1212 0.01813111678954956 12.12
1213 0.01813144923641615 12.13
1214 0.0181422049058572 12.14
1215 0.01814582873079906 12.15
1216 0.01814734148690307 12.16
1217 0.01815979593681087 12.17
1218 0.01815959120432699 12.18
1219 0.01816074219259112 12.19
1220 0.01816729071258262 12.2
1221 0.01816725159936546 12.21
1222 0.01817204525693908 12.22
1223 0.01817327083197155 12.23
1224 0.01817918827690885 12.24
1225 0.01818512342571993 12.25
1226 0.01818463149405449 12.26
1227 0.01819050713281486 12.27
1228 0.01819284382940072 12.28
1229 0.01819061450442554 12.29
1230 0.01819326219410374 12.3
1231 0.01819162293241958 12.31
1232 0.01819265063552548 12.32
1233 0.01819156531521202 12.33
1234 0.01820146137368509 12.34
1235 0.01819663815540795 12.35
1236 0.0181976676358739 12.36
1237 0.01819281960262609 12.37
1238 0.01819030651861604 12.38
1239 0.01818476861788324 12.39
1240 0.01818636587383182 12.4
1241 0.01818512387806733 12.41
1242 0.01819074411994552 12.42
1243 0.01819141815675237 12.43
1244 0.01819553939617276 12.44
1245 0.01820301123693162 12.45
1246 0.018206847128014 12.46
1247 0.01820654684284297 12.47
1248 0.0182027053422416 12.48
1249 0.0181903637233522 12.49
1250 0.01818104734085727 12.5
1251 0.01818380750325047 12.51
1252 0.01817968989378548 12.52
1253 0.01817556900978749 12.53
1254 0.01817698148058249 12.54
1255 0.01817746711190868 12.55
1256 0.01817447648822428 12.56
1257 0.018175380897338 12.57
1258 0.01818271812607944 12.58
1259 0.01817890066442882 12.59
1260 0.01818423407498231 12.6
1261 0.01818457777245423 12.61
1262 0.01818577895113014 12.62
1263 0.01818304522056467 12.63
1264 0.01818552645082209 12.64
1265 0.01818969105759199 12.65
1266 0.01819896221427304 12.66
1267 0.01820467716209915 12.67
1268 0.01820080631509541 12.68
1269 0.018208150715016 12.69
1270 0.01821589994289841 12.7
1271 0.01822303076587883 12.71
1272 0.01823264488777653 12.72
1273 0.01823456773029378 12.73
1274 0.01823231756916513 12.74
1275 0.0182350870160255 12.75
1276 0.01822963977581091 12.76
1277 0.01824010689689756 12.77
1278 0.01823943427525185 12.78
1279 0.01824527709803751 12.79
1280 0.01824674859416179 12.8
1281 0.01825088492039697 12.81
1282 0.01824877373517152 12.82
1283 0.0182509125294343 12.83
1284 0.01824832556984037 12.84
1285 0.01825529544723703 12.85
1286 0.01827687946808468 12.86
1287 0.01829308762440501 12.87
1288 0.0182960508236773 12.88
1289 0.01830146105338155 12.89
1290 0.01830911150244376 12.9
1291 0.01831695293646104 12.91
1292 0.01832827113895031 12.92
1293 0.01833054025482894 12.93
1294 0.01834093542140672 12.94
1295 0.01836081832512781 12.95
1296 0.01836988917266014 12.96
1297 0.01837628289341642 12.97
1298 0.01837905720824 12.98
1299 0.01838173366093651 12.99
1300 0.01838916439945791 13
1301 0.01839340923071631 13.01
1302 0.01840171260888752 13.02
1303 0.0184144132755739 13.03
1304 0.01842208625727946 13.04
1305 0.01842992781976972 13.05
1306 0.01844153153368342 13.06
1307 0.01845185717538414 13.07
1308 0.0184629989473296 13.08
1309 0.01847168752847814 13.09
1310 0.01848848330367874 13.1
1311 0.01850019146867816 13.11
1312 0.01851377523339227 13.12
1313 0.01852680758612028 13.13
1314 0.01854074596039801 13.14
1315 0.01856157550553624 13.15
1316 0.01857319859588353 13.16
1317 0.01858783062431826 13.17
1318 0.01859932228696523 13.18
1319 0.0186143727317308 13.19
1320 0.01863040198777322 13.2
1321 0.01864781911826991 13.21
1322 0.0186702810751449 13.22
1323 0.01868649453528098 13.23
1324 0.01870740765165738 13.24
1325 0.01872310941842379 13.25
1326 0.01872494997101907 13.26
1327 0.01872957157753126 13.27
1328 0.01873926713410536 13.28
1329 0.01875023996029147 13.29
1330 0.0187572908009982 13.3
1331 0.01876509645427531 13.31
1332 0.0187775642724828 13.32
1333 0.0187899244610427 13.33
1334 0.01879977015186719 13.34
1335 0.01881866456330711 13.35
1336 0.01883328062239667 13.36
1337 0.0188384512183324 13.37
1338 0.01884569346420372 13.38
1339 0.01884238199738573 13.39
1340 0.018838733097881 13.4
1341 0.01882707892297358 13.41
1342 0.01882460829546024 13.42
1343 0.01882139666108211 13.43
1344 0.01882109061299511 13.44
1345 0.01882171955798585 13.45
1346 0.01882111355298819 13.46
1347 0.01881202075338561 13.47
1348 0.01881427362345095 13.48
1349 0.01882271843784514 13.49
1350 0.01882120294686645 13.5
1351 0.01882550341023704 13.51
1352 0.01882948656788736 13.52
1353 0.01882427741065127 13.53
1354 0.0188210454150505 13.54
1355 0.01882235973638161 13.55
1356 0.01881201003019495 13.56
1357 0.0187928772159153 13.57
1358 0.01877544113192874 13.58
1359 0.0187548729779465 13.59
1360 0.01874207848450944 13.6
1361 0.01873099570836085 13.61
1362 0.01873535135959992 13.62
1363 0.01872987966374087 13.63
1364 0.01872467279291398 13.64
1365 0.0187189279507123 13.65
1366 0.01870818086011168 13.66
1367 0.01869520290747175 13.67
1368 0.0186860925078808 13.68
1369 0.01867521305068813 13.69
1370 0.01866663815506153 13.7
1371 0.01865673422135174 13.71
1372 0.01864945389257026 13.72
1373 0.01864324176898499 13.73
1374 0.01864917189406736 13.74
1375 0.01864490134547091 13.75
1376 0.01865379635702919 13.76
1377 0.01865865543643303 13.77
1378 0.0186651625207683 13.78
1379 0.01866541561121647 13.79
1380 0.0186551641427959 13.8
1381 0.01867201572468612 13.81
1382 0.01866705894647484 13.82
1383 0.01867377004886903 13.83
1384 0.01866730664192624 13.84
1385 0.0186588455077367 13.85
1386 0.01866850752222419 13.86
1387 0.01867853363446568 13.87
1388 0.01868777981672013 13.88
1389 0.01871598685701331 13.89
1390 0.01873452362404676 13.9
1391 0.01873552128423949 13.91
1392 0.0187370659691636 13.92
1393 0.01875013619810988 13.93
1394 0.01876979137259923 13.94
1395 0.01878329444528723 13.95
1396 0.01880429531065858 13.96
1397 0.01882251550548423 13.97
1398 0.0188530515958297 13.98
1399 0.0188869225733247 13.99
1400 0.01890478276843358 14
1401 0.01891645632709864 14.01
1402 0.01893525220801779 14.02
1403 0.01895833552965228 14.03
1404 0.0189666925515288 14.04
1405 0.01898352676302026 14.05
1406 0.01900740946399077 14.06
1407 0.01903964274576041 14.07
1408 0.01905006539965081 14.08
1409 0.01908502518876271 14.09
1410 0.01909001331739837 14.1
1411 0.01913963899760127 14.11
1412 0.0191645661911434 14.12
1413 0.01919609843556049 14.13
1414 0.01922645979993177 14.14
1415 0.01925382136985132 14.15
1416 0.01928531325592538 14.16
1417 0.01929864789325226 14.17
1418 0.01931739145622705 14.18
1419 0.01934184790046158 14.19
1420 0.01935943598367909 14.2
1421 0.01938439087781532 14.21
1422 0.0194080786273086 14.22
1423 0.01942626391045517 14.23
1424 0.01943522852102028 14.24
1425 0.01944460383349468 14.25
1426 0.01948635262990319 14.26
1427 0.01951455799337138 14.27
1428 0.0195516792910432 14.28
1429 0.01956064476513461 14.29
1430 0.01957439321115292 14.3
1431 0.01957811011763408 14.31
1432 0.01957433063241119 14.32
1433 0.019582159674545 14.33
1434 0.01959807118395079 14.34
1435 0.01959705446527849 14.35
1436 0.01960051995454332 14.36
1437 0.01959464068894256 14.37
1438 0.01959104835773878 14.38
1439 0.0195743273773113 14.39
1440 0.01956993360515511 14.4
1441 0.01955716947054759 14.41
1442 0.01955504533751125 14.42
1443 0.01955000638878427 14.43
1444 0.01953182032767323 14.44
1445 0.01952305138825873 14.45
1446 0.01952922371549318 14.46
1447 0.01953194381264883 14.47
1448 0.01952205700010905 14.48
1449 0.01951379728870457 14.49
1450 0.01950370948091051 14.5
1451 0.01948454288495691 14.51
1452 0.01947651005549769 14.52
1453 0.01945982801331287 14.53
1454 0.0194399043344562 14.54
1455 0.01942211037887774 14.55
1456 0.01939079302223762 14.56
1457 0.0193731901225453 14.57
1458 0.01934681381949862 14.58
1459 0.01933376008726756 14.59
1460 0.01933706062602374 14.6
1461 0.01933405337370983 14.61
1462 0.01932367244452408 14.62
1463 0.01931204818407964 14.63
1464 0.01927990800505856 14.64
1465 0.01926402814094842 14.65
1466 0.01923841168525691 14.66
1467 0.01922477986529392 14.67
1468 0.01920698281042094 14.68
1469 0.01918437133676142 14.69
1470 0.01915408035411586 14.7
1471 0.01912992734562239 14.71
1472 0.01909496692337542 14.72
1473 0.01906453082277217 14.73
1474 0.01903454799937618 14.74
1475 0.0190239753241978 14.75
1476 0.01901618864799185 14.76
1477 0.01901431811824151 14.77
1478 0.01900144357510684 14.78
1479 0.01899012312298304 14.79
1480 0.01895451867044129 14.8
1481 0.01892565812803412 14.81
1482 0.01889424153850439 14.82
1483 0.01886028199763793 14.83
1484 0.01884905632875651 14.84
1485 0.01882667246241057 14.85
1486 0.01879506255930999 14.86
1487 0.01876581858661036 14.87
1488 0.01874278929052898 14.88
1489 0.01872101904088471 14.89
1490 0.0186810783238563 14.9
1491 0.01866414795375694 14.91
1492 0.01863119635999561 14.92
1493 0.01860867602659055 14.93
1494 0.01858015822201301 14.94
1495 0.01856327905858084 14.95
1496 0.01852497076088874 14.96
1497 0.01850301315101466 14.97
1498 0.01847775356365988 14.98
1499 0.01845611809459622 14.99
1500 0.01842966502183361 15
1501 0.01840407326980356 15.01
1502 0.01837616851682938 15.02
1503 0.0183605536320888 15.03
1504 0.01834772952789837 15.04
1505 0.01832665539030542 15.05
1506 0.01830281944946199 15.06
1507 0.01829124603681499 15.07
1508 0.01827240839043477 15.08
1509 0.0182752787573251 15.09
1510 0.01827235976438456 15.1
1511 0.0182716393476933 15.11
1512 0.01828164742043243 15.12
1513 0.01827952896611245 15.13
1514 0.01827966343006947 15.14
1515 0.01828387126873889 15.15
1516 0.01827864677762392 15.16
1517 0.01825210446098893 15.17
1518 0.01825502035350775 15.18
1519 0.01824400181598135 15.19
1520 0.01823684829662201 15.2
1521 0.01822588520815443 15.21
1522 0.01819553029775799 15.22
1523 0.01816011196998758 15.23
1524 0.01815037949178064 15.24
1525 0.01813817559173928 15.25
1526 0.01812367735718383 15.26
1527 0.01813576862025121 15.27
1528 0.01814819665652639 15.28
1529 0.01816058070471708 15.29
1530 0.01817429031512101 15.3
1531 0.0181712639941133 15.31
1532 0.018164024718492 15.32
1533 0.01816200344596659 15.33
1534 0.01815150879119463 15.34
1535 0.01813499238618455 15.35
1536 0.01812110470489809 15.36
1537 0.01809737801400172 15.37
1538 0.01810711270123586 15.38
1539 0.01810960717598045 15.39
1540 0.01811375026419157 15.4
1541 0.01810305302054453 15.41
1542 0.01809740730875396 15.42
1543 0.0180796589783118 15.43
1544 0.01807276765409615 15.44
1545 0.0180558274487912 15.45
1546 0.01805918191418471 15.46
1547 0.01804939292185246 15.47
1548 0.01803909725918381 15.48
1549 0.01803125659896362 15.49
1550 0.01802399235510178 15.5
1551 0.01802547785270586 15.51
1552 0.0180248274869287 15.52
1553 0.01802284730758777 15.53
1554 0.0180161566589342 15.54
1555 0.01800368182269547 15.55
1556 0.01798451271381921 15.56
1557 0.01796506250334933 15.57
1558 0.01794036302829948 15.58
1559 0.01791742618128877 15.59
1560 0.0179065583118781 15.6
1561 0.0178832636192744 15.61
1562 0.01786658980233179 15.62
1563 0.01785138290824508 15.63
1564 0.0178382229581444 15.64
1565 0.01783053337933895 15.65
1566 0.01781370484160376 15.66
1567 0.01781013387582942 15.67
1568 0.01780014574508113 15.68
1569 0.01779625773555758 15.69
1570 0.01778250501591984 15.7
1571 0.01777516647840031 15.71
1572 0.01776407401822286 15.72
1573 0.0177624733375895 15.73
1574 0.01775100622200741 15.74
1575 0.01774234442551758 15.75
1576 0.01771845418749865 15.76
1577 0.01771067676944531 15.77
1578 0.0176994009791431 15.78
1579 0.01767968885664592 15.79
1580 0.01766746874648856 15.8
1581 0.01765323398808426 15.81
1582 0.01763956990265217 15.82
1583 0.01760590902659644 15.83
1584 0.01759125204188141 15.84
1585 0.01757717248358658 15.85
1586 0.01755849270469965 15.86
1587 0.01753942512358257 15.87
1588 0.01752527576968773 15.88
1589 0.01751536673554645 15.89
1590 0.01750521101250013 15.9
1591 0.01749228339033363 15.91
1592 0.01748019838258819 15.92
1593 0.01746763752780182 15.93
1594 0.0174507631692187 15.94
1595 0.01742746021286389 15.95
1596 0.0174115638814279 15.96
1597 0.01739224885651874 15.97
1598 0.01736778068116147 15.98
1599 0.01734472561140384 15.99
1600 0.01733001569585842 16
1601 0.01732486948222538 16.01
1602 0.01729976885437488 16.02
1603 0.01727152718330647 16.03
1604 0.01723927158902118 16.04
1605 0.01723015829620067 16.05
1606 0.01721827486227612 16.06
1607 0.01720520972603982 16.07
1608 0.01719262098153707 16.08
1609 0.01718018837785537 16.09
1610 0.01715251342702057 16.1
1611 0.01713080878734009 16.11
1612 0.01710491609608174 16.12
1613 0.01708004665546763 16.13
1614 0.01704971290280173 16.14
1615 0.01702830882843866 16.15
1616 0.0170033924144977 16.16
1617 0.01697381360924383 16.17
1618 0.01695713773435335 16.18
1619 0.01692956381195922 16.19
1620 0.01689503330761672 16.2
1621 0.01687185561306659 16.21
1622 0.0168462741541795 16.22
1623 0.01682558640347733 16.23
1624 0.01681623694986601 16.24
1625 0.01681367068972909 16.25
1626 0.0167972391136912 16.26
1627 0.01678037927461656 16.27
1628 0.01678019847178669 16.28
1629 0.0167833027472343 16.29
1630 0.0167816045985338 16.3
1631 0.01677233981400327 16.31
1632 0.01676619132827199 16.32
1633 0.01674960440753932 16.33
1634 0.01673950720651194 16.34
1635 0.0167220419818339 16.35
1636 0.01671275509721205 16.36
1637 0.0167073435903014 16.37
1638 0.01667865135565368 16.38
1639 0.01667456537647158 16.39
1640 0.0166658347213808 16.4
1641 0.01666364742036876 16.41
1642 0.01666615503753459 16.42
1643 0.01670912921491162 16.43
1644 0.0167228659139273 16.44
1645 0.01674525414663944 16.45
1646 0.01675463619606234 16.46
1647 0.01676867917196014 16.47
1648 0.01674979307662619 16.48
1649 0.01672805688007001 16.49
1650 0.01671767717426631 16.5
1651 0.01670510299992418 16.51
1652 0.01671971233568083 16.52
1653 0.01671444171254621 16.53
1654 0.01670200355488237 16.54
1655 0.01670455313906807 16.55
1656 0.01670165130446593 16.56
1657 0.01670090844702955 16.57
1658 0.01671959895340534 16.58
1659 0.01672910326919723 16.59
1660 0.01673830824446671 16.6
1661 0.01673094536102541 16.61
1662 0.01674305531477087 16.62
1663 0.01673434931393816 16.63
1664 0.01673065624905427 16.64
1665 0.01672219935925989 16.65
1666 0.01672272317542618 16.66
1667 0.01672230245447649 16.67
1668 0.01669817165309794 16.68
1669 0.01667025450302912 16.69
1670 0.01664701137872039 16.7
1671 0.01661245749315116 16.71
1672 0.01659737050954439 16.72
1673 0.01660625294226254 16.73
1674 0.0166004105150218 16.74
1675 0.01657324979631351 16.75
1676 0.01656803737132963 16.76
1677 0.01657136138209569 16.77
1678 0.01656674616182958 16.78
1679 0.01657307890653037 16.79
1680 0.01655150126169413 16.8
1681 0.01655036868121174 16.81
1682 0.01653829492268265 16.82
1683 0.01651896516701358 16.83
1684 0.01650136939105067 16.84
1685 0.01649782909885359 16.85
1686 0.01649276463607554 16.86
1687 0.01647459085796282 16.87
1688 0.01645922599145951 16.88
1689 0.01645881375178058 16.89
1690 0.01645148848808024 16.9
1691 0.01644647773106724 16.91
1692 0.01644168095911861 16.92
1693 0.01643978506061122 16.93
1694 0.01643180422212104 16.94
1695 0.0164083283314775 16.95
1696 0.01641714016429944 16.96
1697 0.01642528081346395 16.97
1698 0.01642900096049835 16.98
1699 0.01641454761095384 16.99
1700 0.0163858816716885 17
1701 0.01636462087871638 17.01
1702 0.01637037832853505 17.02
1703 0.01635024320634559 17.03
1704 0.01633459380107793 17.04
1705 0.01633327710361406 17.05
1706 0.01633927674525833 17.06
1707 0.01635449140043898 17.07
1708 0.01634021773630644 17.08
1709 0.01632098735768602 17.09
1710 0.01631690440834677 17.1
1711 0.01631091920342208 17.11
1712 0.01631794659849758 17.12
1713 0.01630821073422511 17.13
1714 0.01629585365569143 17.14
1715 0.0163008863280852 17.15
1716 0.0163050224453774 17.16
1717 0.01629877735647152 17.17
1718 0.01626953611383525 17.18
1719 0.01626808520149475 17.19
1720 0.01626312200294312 17.2
1721 0.01625797991102108 17.21
1722 0.0162571608527221 17.22
1723 0.01625269685289113 17.23
1724 0.01623253919889073 17.24
1725 0.01621293302878272 17.25
1726 0.01620010569396019 17.26
1727 0.01620260329823903 17.27
1728 0.01620004969251099 17.28
1729 0.01618378437982527 17.29
1730 0.01618871492542574 17.3
1731 0.01619612873232379 17.31
1732 0.01620476292622283 17.32
1733 0.01620869232092119 17.33
1734 0.01619532375531119 17.34
1735 0.01618128143277011 17.35
1736 0.01616335879201028 17.36
1737 0.01614498642253392 17.37
1738 0.01611672665608515 17.38
1739 0.01606351984421365 17.39
1740 0.01601818530205992 17.4
1741 0.01601085482205002 17.41
1742 0.01599912400999418 17.42
1743 0.01599719462753996 17.43
1744 0.016011070104616 17.44
1745 0.01601090321927037 17.45
1746 0.01599244656225206 17.46
1747 0.01600059488215634 17.47
1748 0.01599323090322204 17.48
1749 0.01600133708496256 17.49
1750 0.01597213025221139 17.5
1751 0.0159392778893102 17.51
1752 0.015893075766498 17.52
1753 0.01586935823482814 17.53
1754 0.01585245794468782 17.54
1755 0.01583557927928769 17.55
1756 0.01583402378429618 17.56
1757 0.01583380537411881 17.57
1758 0.01582288092224672 17.58
1759 0.01582578269424975 17.59
1760 0.01582291966804454 17.6
1761 0.01584233823841521 17.61
1762 0.01585419439780376 17.62
1763 0.01587542151314341 17.63
1764 0.01588590891171857 17.64
1765 0.0158968142317224 17.65
1766 0.01593629684420364 17.66
1767 0.01597834472751308 17.67
1768 0.01599162422217313 17.68
1769 0.01601242527446136 17.69
1770 0.01602099282679486 17.7
1771 0.01602989606510622 17.71
1772 0.01603227724777682 17.72
1773 0.01603632100829745 17.73
1774 0.01602880272104149 17.74
1775 0.01602539876193623 17.75
1776 0.01601864386433454 17.76
1777 0.01600955124070665 17.77
1778 0.01601319134266123 17.78
1779 0.01602799080058046 17.79
1780 0.01603670365419385 17.8
1781 0.01605919146555524 17.81
1782 0.01608046172717864 17.82
1783 0.01611336253331458 17.83
1784 0.01613016200245016 17.84
1785 0.01618028705585574 17.85
1786 0.01619862943830657 17.86
1787 0.01623538592215026 17.87
1788 0.01624406049726643 17.88
1789 0.0162530572086791 17.89
1790 0.01625209935527636 17.9
1791 0.01626532956973194 17.91
1792 0.01626956418037696 17.92
1793 0.01626260410922952 17.93
1794 0.01628826302435384 17.94
1795 0.01629666676227171 17.95
1796 0.01630892901908966 17.96
1797 0.01631039975046672 17.97
1798 0.0162975673265969 17.98
1799 0.01629365995500511 17.99
1800 0.01630043933961257 18
1801 0.01632710542771538 18.01
1802 0.01631247144584535 18.02
1803 0.01631211525396475 18.03
1804 0.01629031515136707 18.04
1805 0.01624950830461485 18.05
1806 0.01621445022174086 18.06
1807 0.01618419015377943 18.07
1808 0.01616464450395794 18.08
1809 0.01616365268338766 18.09
1810 0.01616583683889867 18.1
1811 0.01618129513281152 18.11
1812 0.0162080880249563 18.12
1813 0.01622595801691319 18.13
1814 0.01622390775910413 18.14
1815 0.0162459293736059 18.15
1816 0.01624847920813631 18.16
1817 0.0162481787336489 18.17
1818 0.01624341956361297 18.18
1819 0.01621637078436932 18.19
1820 0.01622014394424891 18.2
1821 0.01617487512266214 18.21
1822 0.01614581387679048 18.22
1823 0.01611925600017603 18.23
1824 0.01611896934137297 18.24
1825 0.01612040853333176 18.25
1826 0.01609339709697845 18.26
1827 0.01608181292723921 18.27
1828 0.01607995551042027 18.28
1829 0.0160788805272962 18.29
1830 0.01608628634145131 18.3
1831 0.01608906015286018 18.31
1832 0.01609957975544518 18.32
1833 0.01611060712751278 18.33
1834 0.01612346983740283 18.34
1835 0.01610234186407136 18.35
1836 0.01608414657784896 18.36
1837 0.01603417684691229 18.37
1838 0.01602415376923719 18.38
1839 0.01599979452703448 18.39
1840 0.01597796035279509 18.4
1841 0.0159580771886587 18.41
1842 0.01596402322224889 18.42
1843 0.0159534971105102 18.43
1844 0.01594301426715571 18.44
1845 0.01593901706237359 18.45
1846 0.01592071146782879 18.46
1847 0.01590576777512918 18.47
1848 0.01589355915085141 18.48
1849 0.01588650875746872 18.49
1850 0.01589405001997109 18.5
1851 0.01587913400245594 18.51
1852 0.01586704278328287 18.52
1853 0.01586430325288097 18.53
1854 0.01586558170103727 18.54
1855 0.01588278003927103 18.55
1856 0.01587014263209174 18.56
1857 0.0158798178271209 18.57
1858 0.01585326692347882 18.58
1859 0.01582041207029311 18.59
1860 0.01578097494789598 18.6
1861 0.01578094012091307 18.61
1862 0.0157659363015425 18.62
1863 0.01574254752677683 18.63
1864 0.0157233199089585 18.64
1865 0.01571142646996392 18.65
1866 0.01569499817074374 18.66
1867 0.01568471899185665 18.67
1868 0.01566772186455645 18.68
1869 0.01564490015494522 18.69
1870 0.01563217694762475 18.7
1871 0.01564290059922199 18.71
1872 0.01562516058635037 18.72
1873 0.01562770106529008 18.73
1874 0.01563327557042155 18.74
1875 0.01564547685335484 18.75
1876 0.01565856734522237 18.76
1877 0.01566256821872793 18.77
1878 0.01566181317509854 18.78
1879 0.01564560983549523 18.79
1880 0.01563232661103287 18.8
1881 0.01560904143418701 18.81
1882 0.01557716755473163 18.82
1883 0.01555649868875698 18.83
1884 0.0155382199332121 18.84
1885 0.01553215942129185 18.85
1886 0.01552534807521547 18.86
1887 0.01550674499419315 18.87
1888 0.01549878309581201 18.88
1889 0.01550503375449313 18.89
1890 0.01549633987596595 18.9
1891 0.01549571996466135 18.91
1892 0.01550458094711232 18.92
1893 0.01550571240148122 18.93
1894 0.01549949750931881 18.94
1895 0.01550013704042163 18.95
1896 0.01549780845037863 18.96
1897 0.01549355306870364 18.97
1898 0.01548689459513395 18.98
1899 0.01547338920168036 18.99
1900 0.01545852494052771 19
1901 0.01546455064005358 19.01
1902 0.01548104039738653 19.02
1903 0.01548177880463973 19.03
1904 0.01550779635832177 19.04
1905 0.01553443826738569 19.05
1906 0.01553443112085899 19.06
1907 0.01552448113300705 19.07
1908 0.01551649982760188 19.08
1909 0.01552163035962166 19.09
1910 0.01549898887871269 19.1
1911 0.01549704034170221 19.11
1912 0.01547908941926175 19.12
1913 0.01546624732310704 19.13
1914 0.0154483682779418 19.14
1915 0.0154508689173951 19.15
1916 0.01542369437661615 19.16
1917 0.01541481862090032 19.17
1918 0.01539862326542657 19.18
1919 0.01539859255643349 19.19
1920 0.01540157960719405 19.2
1921 0.01539977418238926 19.21
1922 0.01539546554842403 19.22
1923 0.01537027412021676 19.23
1924 0.01536293214732607 19.24
1925 0.0153514472873302 19.25
1926 0.01536150214732257 19.26
1927 0.01535718981147091 19.27
1928 0.01535463185042654 19.28
1929 0.01537151288737066 19.29
1930 0.0153854978334094 19.3
1931 0.01538430418604265 19.31
1932 0.01537958091032849 19.32
1933 0.01535193828169165 19.33
1934 0.01533615183697763 19.34
1935 0.01530808886628672 19.35
1936 0.01530428014312706 19.36
1937 0.01528457654439967 19.37
1938 0.01526812964186789 19.38
1939 0.0152579503947931 19.39
1940 0.01525562910879977 19.4
1941 0.01524544889981744 19.41
1942 0.01524771023502326 19.42
1943 0.01526158382579896 19.43
1944 0.01527294125920009 19.44
1945 0.0152952298833624 19.45
1946 0.01531204352127942 19.46
1947 0.01530658714944251 19.47
1948 0.01529037803875474 19.48
1949 0.01526240736636882 19.49
1950 0.01522373390442164 19.5
1951 0.01519826830678099 19.51
1952 0.01518063462976082 19.52
1953 0.01517410235706663 19.53
1954 0.01516772291768851 19.54
1955 0.0151477452960973 19.55
1956 0.01512337609372908 19.56
1957 0.01511468815991511 19.57
1958 0.01510992669100953 19.58
1959 0.01510764926486704 19.59
1960 0.01511005091172721 19.6
1961 0.01511882802132824 19.61
1962 0.01512239590699091 19.62
1963 0.01512583925132581 19.63
1964 0.01512476803168772 19.64
1965 0.01511554045516495 19.65
1966 0.01511417561280895 19.66
1967 0.0151116875165639 19.67
1968 0.01510514444069325 19.68
1969 0.01510071414518229 19.69
1970 0.01509129785341754 19.7
1971 0.01506562526060165 19.71
1972 0.01505012007925189 19.72
1973 0.01503305097388403 19.73
1974 0.01502782453391423 19.74
1975 0.01502434120343368 19.75
1976 0.01501564777331045 19.76
1977 0.01501099975166084 19.77
1978 0.01501737583343212 19.78
1979 0.01501799307681243 19.79
1980 0.01501616336542389 19.8
1981 0.0150163942501283 19.81
1982 0.01501249405790031 19.82
1983 0.01501499273183516 19.83
1984 0.0150163908685979 19.84
1985 0.0150196571158013 19.85
1986 0.01502105498902978 19.86
1987 0.01501169449814644 19.87
1988 0.01499582543309916 19.88
1989 0.01497572595748746 19.89
1990 0.01495224395623157 19.9
1991 0.0149272522174454 19.91
1992 0.01491885867015435 19.92
1993 0.01491017787908033 19.93
1994 0.01490089245300059 19.94
1995 0.01490176691781011 19.95
1996 0.01489668965108016 19.96
1997 0.01488894631220404 19.97
1998 0.01489165899615127 19.98
1999 0.01489771813576134 19.99
2000 0.01488568383810302 20
2001 0.01488812987874475 20.01
2002 0.01489792072893817 20.02
2003 0.0148975287663244 20.03
2004 0.01489562317034268 20.04
2005 0.01489005122354339 20.05
2006 0.0148900100690068 20.06
2007 0.01488137358256495 20.07
2008 0.01489039757124352 20.08
2009 0.01487597569206836 20.09
2010 0.01486200302214956 20.1
2011 0.0148443704580073 20.11
2012 0.0148338369491431 20.12
2013 0.01481238592540609 20.13
2014 0.0147962672026661 20.14
2015 0.01478946373404326 20.15
2016 0.01479152159194435 20.16
2017 0.01479723848079108 20.17
2018 0.01477171139700736 20.18
2019 0.01476019680303356 20.19
2020 0.0147613456155825 20.2
2021 0.0147631804100918 20.21
2022 0.01476164007844835 20.22
2023 0.01476919989614516 20.23
2024 0.01476505520713931 20.24
2025 0.01475405486996348 20.25
2026 0.01474270857665871 20.26
2027 0.01473109808813866 20.27
2028 0.01473090898070209 20.28
2029 0.01472387532378168 20.29
2030 0.01471953507247596 20.3
2031 0.0147118662240525 20.31
2032 0.01469634645650477 20.32
2033 0.01469682786785217 20.33
2034 0.01469284887938157 20.34
2035 0.01467621673704436 20.35
2036 0.0146587424963493 20.36
2037 0.01463959565246438 20.37
2038 0.01461742895380289 20.38
2039 0.01459923251917305 20.39
2040 0.01456700750273377 20.4
2041 0.01453702871035765 20.41
2042 0.01452241697561215 20.42
2043 0.01452198166090008 20.43
2044 0.0145157349059062 20.44
2045 0.01451085378783442 20.45
2046 0.01451320519237746 20.46
2047 0.0145130662753972 20.47
2048 0.01451367104887754 20.48
2049 0.01451353177179067 20.49
2050 0.01451838840632231 20.5
2051 0.01451275935512825 20.51
2052 0.01451436362851717 20.52
2053 0.01450193910978181 20.53
2054 0.01448462447240311 20.54
2055 0.01448154852921693 20.55
2056 0.01446061384983935 20.56
2057 0.01444848243524001 20.57
2058 0.01443096282768385 20.58
2059 0.01441615565873357 20.59
2060 0.01439473505783195 20.6
2061 0.01436837773629186 20.61
2062 0.01434523668193074 20.62
2063 0.01433153883848848 20.63
2064 0.01432461276364553 20.64
2065 0.01431707590047028 20.65
2066 0.01431220040137686 20.66
2067 0.01431252879420393 20.67
2068 0.01431802049250275 20.68
2069 0.01433847267995644 20.69
2070 0.01433177620027501 20.7
2071 0.01432715714454232 20.71
2072 0.01430628829766218 20.72
2073 0.01429001626654986 20.73
2074 0.01426809275495848 20.74
2075 0.01426811503510077 20.75
2076 0.01426605727686277 20.76
2077 0.01426985939061205 20.77
2078 0.01424990893648863 20.78
2079 0.01424785319681528 20.79
2080 0.01423565368922584 20.8
2081 0.01421963197530686 20.81
2082 0.01422151740157037 20.82
2083 0.01420903557212218 20.83
2084 0.01420000097649478 20.84
2085 0.01419069103290237 20.85
2086 0.01417767354810917 20.86
2087 0.01416107846620057 20.87
2088 0.01415309332444576 20.88
2089 0.01414595539325699 20.89
2090 0.01414708005492089 20.9
2091 0.01412980694134811 20.91
2092 0.01412729554533464 20.92
2093 0.01411688139530071 20.93
2094 0.01409898378518421 20.94
2095 0.0140893072506112 20.95
2096 0.01408236370445388 20.96
2097 0.01407805084255188 20.97
2098 0.01407833991873272 20.98
2099 0.01408302847945127 20.99
2100 0.01408701389264695 21
2101 0.01410395607171885 21.01
2102 0.01410556605705126 21.02
2103 0.01411283240605182 21.03
2104 0.01411453721483668 21.04
2105 0.01411036180785437 21.05
2106 0.01410379030997693 21.06
2107 0.01409482958846757 21.07
2108 0.01409319924837969 21.08
2109 0.01408154880384387 21.09
2110 0.01408334638000232 21.1
2111 0.01406821604339409 21.11
2112 0.01405624884701551 21.12
2113 0.01404498345784656 21.13
2114 0.0140379840802144 21.14
2115 0.01403242020016856 21.15
2116 0.01401979919412624 21.16
2117 0.01402043596401238 21.17
2118 0.01401435780135377 21.18
2119 0.01400385974078192 21.19
2120 0.01399732590579443 21.2
2121 0.01399366393781151 21.21
2122 0.01398483204083669 21.22
2123 0.0139805490421816 21.23
2124 0.01398187434776557 21.24
2125 0.01398930009785425 21.25
2126 0.01399024246916488 21.26
2127 0.01399255332866758 21.27
2128 0.01400039559204696 21.28
2129 0.01401282997033822 21.29
2130 0.01401152871617766 21.3
2131 0.01402000091551784 21.31
2132 0.01401879112704311 21.32
2133 0.01401453131767588 21.33
2134 0.01401433965390943 21.34
2135 0.01401750514695646 21.35
2136 0.01403041007134054 21.36
2137 0.01403379072736929 21.37
2138 0.01403147330819239 21.38
2139 0.01402564163896398 21.39
2140 0.0140220235566527 21.4
2141 0.01402390733480016 21.41
2142 0.01403240393711481 21.42
2143 0.01403915232995491 21.43
2144 0.01404988275335079 21.44
2145 0.01405407194922615 21.45
2146 0.01406306290395736 21.46
2147 0.01407477601589935 21.47
2148 0.01408122789055215 21.48
2149 0.0140804137951482 21.49
2150 0.01408142443071267 21.5
2151 0.01408550199355113 21.51
2152 0.01408920016256411 21.52
2153 0.01408516928626027 21.53
2154 0.01408783265086893 21.54
2155 0.01409307691387877 21.55
2156 0.01409961886266425 21.56
2157 0.01410594509068016 21.57
2158 0.01411143603171179 21.58
2159 0.01411717367691664 21.59
2160 0.01411421762919017 21.6
2161 0.01412140142783299 21.61
2162 0.01413978294677402 21.62
2163 0.01413621796070401 21.63
2164 0.01413077705560198 21.64
2165 0.01412398486763124 21.65
2166 0.01412314136700971 21.66
2167 0.01412849414386801 21.67
2168 0.01412924429107225 21.68
2169 0.01412669896260276 21.69
2170 0.01413319696958114 21.7
2171 0.01413352541356206 21.71
2172 0.01412977735882852 21.72
2173 0.01412415425789238 21.73
2174 0.01413582195546034 21.74
2175 0.01413862960839993 21.75
2176 0.01413950434162038 21.76
2177 0.01413176760974402 21.77
2178 0.01411558057714513 21.78
2179 0.01412062445412084 21.79
2180 0.01412541907856609 21.8
2181 0.01413566240154559 21.81
2182 0.01413023939579134 21.82
2183 0.01413617904504747 21.83
2184 0.01413945985108905 21.84
2185 0.01412607751398364 21.85
2186 0.01412269227009209 21.86
2187 0.01411503544344206 21.87
2188 0.01410155008996321 21.88
2189 0.01407943575642067 21.89
2190 0.01407504737463793 21.9
2191 0.01407808964489213 21.91
2192 0.01407163679392185 21.92
2193 0.01408540842591691 21.93
2194 0.0140970594706273 21.94
2195 0.01411459495780726 21.95
2196 0.01411191918846173 21.96
2197 0.01411734985051384 21.97
2198 0.01413371193767209 21.98
2199 0.0141371780907705 21.99
2200 0.01413631893704851 22
2201 0.01412872308320975 22.01
2202 0.01413265057973473 22.02
2203 0.01414109809577592 22.03
2204 0.01414622373519606 22.04
2205 0.014141765632908 22.05
2206 0.01413049239638192 22.06
2207 0.01412201112889663 22.07
2208 0.01412173229919192 22.08
2209 0.01412192409715289 22.09
2210 0.0141188733846436 22.1
2211 0.01411964308963944 22.11
2212 0.01411788875752241 22.12
2213 0.01412326952312914 22.13
2214 0.01413429670239844 22.14
2215 0.01414577186988015 22.15
2216 0.01416210160333999 22.16
2217 0.01417269061457711 22.17
2218 0.0141845583407577 22.18
2219 0.01419923305291739 22.19
2220 0.01421524838048064 22.2
2221 0.0142239637676423 22.21
2222 0.01423553520853848 22.22
2223 0.01424667747567616 22.23
2224 0.0142600964468269 22.24
2225 0.01427202851129294 22.25
2226 0.0142771133606534 22.26
2227 0.01428642632529588 22.27
2228 0.01429217871377869 22.28
2229 0.01430367370973023 22.29
2230 0.01430859384187856 22.3
2231 0.01431528323389536 22.31
2232 0.01432787710831705 22.32
2233 0.01434002469082057 22.33
2234 0.01435355512602507 22.34
2235 0.01437284057490768 22.35
2236 0.01437627307135379 22.36
2237 0.01438133847576119 22.37
2238 0.01438912608007748 22.38
2239 0.0143970897139818 22.39
2240 0.01440021468686672 22.4
2241 0.01440024097429907 22.41
2242 0.01439924116488776 22.42
2243 0.01440453579932961 22.43
2244 0.01440565139475772 22.44
2245 0.01440878316453143 22.45
2246 0.01441297309854545 22.46
2247 0.01441464133420158 22.47
2248 0.01441226964178647 22.48
2249 0.01441372881825995 22.49
2250 0.01441741305363675 22.5
2251 0.01441633715007219 22.51
2252 0.01441578703029411 22.52
2253 0.01441722485228353 22.53
2254 0.01441352866925317 22.54
2255 0.01440607947040942 22.55
2256 0.01439443164401086 22.56
2257 0.01439599042064126 22.57
2258 0.01439359373888588 22.58
2259 0.0143925286615645 22.59
2260 0.01439381186448552 22.6
2261 0.01439945421574856 22.61
2262 0.01439977768700511 22.62
2263 0.01439693190190925 22.63
2264 0.01439638088778973 22.64
2265 0.01439227547286083 22.65
2266 0.0143941012491882 22.66
2267 0.01439186570972878 22.67
2268 0.01438575714710312 22.68
2269 0.01437210420270539 22.69
2270 0.01436122750836272 22.7
2271 0.01435315238393367 22.71
2272 0.01434251545164539 22.72
2273 0.01434269430990679 22.73
2274 0.01433371837753514 22.74
2275 0.01433432975669699 22.75
2276 0.01432938747068523 22.76
2277 0.01432200638170132 22.77
2278 0.01431515369558502 22.78
2279 0.0143097845019144 22.79
2280 0.01430137664219503 22.8
2281 0.014300751736356 22.81
2282 0.01429279393025428 22.82
2283 0.01428458628609789 22.83
2284 0.01426794755610465 22.84
2285 0.01425931997380291 22.85
2286 0.01426302181965804 22.86
2287 0.01425631939944719 22.87
2288 0.01425883546533355 22.88
2289 0.01425983709112561 22.89
2290 0.0142629724852879 22.9
2291 0.01426315313880467 22.91
2292 0.01426729191200924 22.92
2293 0.01426818130908939 22.93
2294 0.01426654382708967 22.94
2295 0.01427071219202009 22.95
2296 0.01427587126913794 22.96
2297 0.01427776862780775 22.97
2298 0.01427857186903874 22.98
2299 0.0142822064878965 22.99
2300 0.01427965747113046 23
2301 0.01429020229249961 23.01
2302 0.01429660414727293 23.02
2303 0.0143049819918295 23.03
2304 0.01430939730028827 23.04
2305 0.01430888840248526 23.05
2306 0.01430492398628276 23.06
2307 0.01430790385823448 23.07
2308 0.01430837062265392 23.08
2309 0.01430177101795517 23.09
2310 0.01430656710942821 23.1
2311 0.01430823180340606 23.11
2312 0.01431616118152231 23.12
2313 0.01430462107784419 23.13
2314 0.01430394039206947 23.14
2315 0.01429967748170798 23.15
2316 0.01429220013156135 23.16
2317 0.01429446099167651 23.17
2318 0.01429309285558242 23.18
2319 0.01428910676530185 23.19
2320 0.01429328314943731 23.2
2321 0.01429149635378855 23.21
2322 0.01428070601778714 23.22
2323 0.01426517271180524 23.23
2324 0.01427723707606443 23.24
2325 0.01427819519018741 23.25
2326 0.01427092019727175 23.26
2327 0.01426845321129534 23.27
2328 0.01426875871017405 23.28
2329 0.01425896046973334 23.29
2330 0.01424857350023088 23.3
2331 0.01423504895557678 23.31
2332 0.01422630692841523 23.32
2333 0.01421539532422088 23.33
2334 0.01420588859650991 23.34
2335 0.01420229253184356 23.35
2336 0.01419424997862805 23.36
2337 0.01419021202690297 23.37
2338 0.01418889360760304 23.38
2339 0.0141897045552034 23.39
2340 0.01418243792194333 23.4
2341 0.0141675003081909 23.41
2342 0.01414673751238221 23.42
2343 0.01412880123994482 23.43
2344 0.01411703535077667 23.44
2345 0.01409960438316552 23.45
2346 0.01410171976096222 23.46
2347 0.01409329657876406 23.47
2348 0.01408071515292901 23.48
2349 0.01408012064978149 23.49
2350 0.01407661760827223 23.5
2351 0.01408889399685582 23.51
2352 0.01410275714496343 23.52
2353 0.01410435392816819 23.53
2354 0.0140967484475529 23.54
2355 0.01409143586073502 23.55
2356 0.01408954533590501 23.56
2357 0.01407916021490554 23.57
2358 0.01406584123312677 23.58
2359 0.01405699592390258 23.59
2360 0.01405845059200555 23.6
2361 0.0140466593907964 23.61
2362 0.01403608903517189 23.62
2363 0.01402164167186823 23.63
2364 0.01401363987484387 23.64
2365 0.01400159313977441 23.65
2366 0.01399383364432449 23.66
2367 0.01400311301333962 23.67
2368 0.01398625635566048 23.68
2369 0.01396785052904255 23.69
2370 0.01395612218053693 23.7
2371 0.01396314448123437 23.71
2372 0.01396561150730489 23.72
2373 0.01395937710788012 23.73
2374 0.01395641039310874 23.74
2375 0.0139489653138445 23.75
2376 0.01394541074629899 23.76
2377 0.01394914433836976 23.77
2378 0.01394962674878847 23.78
2379 0.01394496412233631 23.79
2380 0.01393657214622412 23.8
2381 0.01393315060542073 23.81
2382 0.01392964521969795 23.82
2383 0.01392247437837908 23.83
2384 0.01390787048661225 23.84
2385 0.01389751065580462 23.85
2386 0.01389974753640048 23.86
2387 0.01389213733297567 23.87
2388 0.01388909394886975 23.88
2389 0.01389018244380221 23.89
2390 0.01388292218788784 23.9
2391 0.01388764073290666 23.91
2392 0.01387910134382661 23.92
2393 0.01387242621817562 23.93
2394 0.01387008667769992 23.94
2395 0.01385875891974183 23.95
2396 0.01384918120905777 23.96
2397 0.01385462273334617 23.97
2398 0.01385202535088375 23.98
2399 0.01386431203940622 23.99
2400 0.01387001535804533 24
2401 0.01387733757351223 24.01
2402 0.01387762581967586 24.02
2403 0.01388421127349115 24.03
2404 0.01388017117791066 24.04
2405 0.01386511263030384 24.05
2406 0.01385012877437548 24.06
2407 0.01383468140157307 24.07
2408 0.01381661980304776 24.08
2409 0.01380460037298567 24.09
2410 0.01381327202562835 24.1
2411 0.01379185842076983 24.11
2412 0.01377691506164229 24.12
2413 0.01377233502595838 24.13
2414 0.01375605003371165 24.14
2415 0.01374900192326661 24.15
2416 0.01374712827488653 24.16
2417 0.01374181558585178 24.17
2418 0.0137353484041958 24.18
2419 0.0137278307731078 24.19
2420 0.01372988015322446 24.2
2421 0.01372776926508586 24.21
2422 0.01372114459732332 24.22
2423 0.01371963371571162 24.23
2424 0.01371147695890198 24.24
2425 0.01370441124549204 24.25
2426 0.01370457419123445 24.26
2427 0.01370681917209211 24.27
2428 0.01370465852877867 24.28
2429 0.01370047793221905 24.29
2430 0.01369040935629187 24.3
2431 0.01368379618492007 24.31
2432 0.01367208828121904 24.32
2433 0.01365012133222556 24.33
2434 0.01362614887331398 24.34
2435 0.01360798750171653 24.35
2436 0.01359329467201758 24.36
2437 0.01358033432283533 24.37
2438 0.01357335015242277 24.38
2439 0.01357494602160491 24.39
2440 0.01357045878305271 24.4
2441 0.01357357792840767 24.41
2442 0.01357683559515287 24.42
2443 0.01358140689607864 24.43
2444 0.01358245207592818 24.44
2445 0.01357898679568852 24.45
2446 0.01357233795575045 24.46
2447 0.01356577916588072 24.47
2448 0.01356042470322959 24.48
2449 0.01355707048269087 24.49
2450 0.01354405954075946 24.5
2451 0.01354736007376513 24.51
2452 0.01354070609706296 24.52
2453 0.01354155709549064 24.53
2454 0.01353885309833498 24.54
2455 0.01353956735356769 24.55
2456 0.01355057777619365 24.56
2457 0.0135507562370374 24.57
2458 0.01356805002094326 24.58
2459 0.01358115249182601 24.59
2460 0.01358635313363254 24.6
2461 0.01358781313570749 24.61
2462 0.01358980778808422 24.62
2463 0.01359175193449637 24.63
2464 0.01358636745769996 24.64
2465 0.01358291206125236 24.65
2466 0.01357419016604177 24.66
2467 0.01355898650356557 24.67
2468 0.01354995426782028 24.68
2469 0.01354712990343057 24.69
2470 0.0135472009954309 24.7
2471 0.01355338646717264 24.71
2472 0.0135624194527676 24.72
2473 0.01357184796619021 24.73
2474 0.01358488843714433 24.74
2475 0.01359729572964383 24.75
2476 0.0136095902181874 24.76
2477 0.01362444774559604 24.77
2478 0.0136370925701526 24.78
2479 0.01365252630072544 24.79
2480 0.01366606919470714 24.8
2481 0.01367815990425133 24.81
2482 0.01368778240044159 24.82
2483 0.01369401580125974 24.83
2484 0.01370159802789736 24.84
2485 0.01370565622387443 24.85
2486 0.01370973811263047 24.86
2487 0.0137086915609005 24.87
2488 0.01369952197140685 24.88
2489 0.01368789471223662 24.89
2490 0.0136745391774616 24.9
2491 0.01366670104268706 24.91
2492 0.01366102630612196 24.92
2493 0.01365534984843919 24.93
2494 0.01364971997230862 24.94
2495 0.01364402818328595 24.95
2496 0.01364534892321108 24.96
2497 0.01365009011189001 24.97
2498 0.01365507953848037 24.98
2499 0.01365637301893755 24.99
2500 0.01366724296753489 25
2501 0.01367349504212682 25.01
2502 0.01367477859286527 25.02
2503 0.0136739070962631 25.03
2504 0.01366686054946143 25.04
2505 0.01366332628173459 25.05
2506 0.01366071220283425 25.06
2507 0.01366486903621441 25.07
2508 0.01366585219682153 25.08
2509 0.01366059350769601 25.09
2510 0.01365718515403168 25.1
2511 0.01366032973510078 25.11
2512 0.01366749645462323 25.12
2513 0.01367561235437508 25.13
2514 0.01368316811867722 25.14
2515 0.0136895966874474 25.15
2516 0.01368842910717086 25.16
2517 0.01369035792442937 25.17
2518 0.01369414249855 25.18
2519 0.01369948717046477 25.19
2520 0.0137068577471066 25.2
2521 0.01371829593450457 25.21
2522 0.01372780785127098 25.22
2523 0.01373571917465882 25.23
2524 0.0137465871920916 25.24
2525 0.01375263281261553 25.25
2526 0.01375910810147553 25.26
2527 0.01376253175007098 25.27
2528 0.01376910846715775 25.28
2529 0.01377872193104465 25.29
2530 0.01378890821025964 25.3
2531 0.01380128266606004 25.31
2532 0.01380702257579304 25.32
2533 0.01381700033997521 25.33
2534 0.01383466986526261 25.34
2535 0.01384944679883371 25.35
2536 0.0138632699094378 25.36
2537 0.0138713777806756 25.37
2538 0.01387114216877906 25.38
2539 0.0138803930023164 25.39
2540 0.01388761050838857 25.4
2541 0.01389530482398942 25.41
2542 0.01390061241348979 25.42
2543 0.0139078758476091 25.43
2544 0.01391972826380799 25.44
2545 0.01393459986997185 25.45
2546 0.01394332074137447 25.46
2547 0.01395253110169967 25.47
2548 0.01395818883992007 25.48
2549 0.01396160334409303 25.49
2550 0.01395877850121977 25.5
2551 0.01396227226892688 25.51
2552 0.01396610141816379 25.52
2553 0.01396965686924921 25.53
2554 0.01397207862873538 25.54
2555 0.0139700710099235 25.55
2556 0.01397101421782401 25.56
2557 0.01396862346632891 25.57
2558 0.01396998834313386 25.58
2559 0.01397209182647349 25.59
2560 0.0139762044524886 25.6
2561 0.01398052417676857 25.61
2562 0.01398823348938968 25.62
2563 0.01399281320459677 25.63
2564 0.01399546995409404 25.64
2565 0.01399736224664142 25.65
2566 0.0139971951465983 25.66
2567 0.01399832171542722 25.67
2568 0.01399305258918757 25.68
2569 0.01398891138933366 25.69
2570 0.01397856672802032 25.7
2571 0.01396719428482801 25.71
2572 0.0139591754469982 25.72
2573 0.01396002832840536 25.73
2574 0.0139608025224049 25.74
2575 0.01396959934924274 25.75
2576 0.01396487628068582 25.76
2577 0.01396259373277851 25.77
2578 0.01396926243361911 25.78
2579 0.01397861257406358 25.79
2580 0.01397801723300152 25.8
2581 0.01398485388818 25.81
2582 0.01398347415125381 25.82
2583 0.01398380750513233 25.83
2584 0.01398243565486583 25.84
2585 0.01398151985086965 25.85
2586 0.01397871013258257 25.86
2587 0.01396959934645271 25.87
2588 0.01396590783502303 25.88
2589 0.0139651905707781 25.89
2590 0.01396593003022013 25.9
2591 0.01397179499316708 25.91
2592 0.01397565694868867 25.92
2593 0.01398068742663598 25.93
2594 0.01398629065054872 25.94
2595 0.01399666553653403 25.95
2596 0.01400334175747272 25.96
2597 0.01401370705881706 25.97
2598 0.01401778020741816 25.98
2599 0.01401982142868548 25.99
2600 0.01402741712062715 26
2601 0.0140323538299306 26.01
2602 0.01402664699343346 26.02
2603 0.01403037575288865 26.03
2604 0.01403801064008681 26.04
2605 0.01404451440899021 26.05
2606 0.01405687410753338 26.06
2607 0.01406697814429384 26.07
2608 0.01407457237139798 26.08
2609 0.0140844042959406 26.09
2610 0.0140997690550713 26.1
2611 0.01411210637764629 26.11
2612 0.014120207236978 26.12
2613 0.0141285517518056 26.13
2614 0.014140701298526 26.14
2615 0.01414810923144018 26.15
2616 0.01415790940303409 26.16
2617 0.01416138831486514 26.17
2618 0.01416385320150387 26.18
2619 0.01416730628605189 26.19
2620 0.01417219354846214 26.2
2621 0.0141802256686441 26.21
2622 0.01418227143062891 26.22
2623 0.0141787193635912 26.23
2624 0.01418468541663346 26.24
2625 0.01417849252810278 26.25
2626 0.01417789396367408 26.26
2627 0.01418190450043481 26.27
2628 0.01418442716486772 26.28
2629 0.01418882161784317 26.29
2630 0.01419647489049306 26.3
2631 0.01421555198916486 26.31
2632 0.01422991388885033 26.32
2633 0.01423742802157994 26.33
2634 0.01424246908694588 26.34
2635 0.01424156716628483 26.35
2636 0.01423984508501646 26.36
2637 0.01423896440425045 26.37
2638 0.01423551490890479 26.38
2639 0.01421636280048444 26.39
2640 0.01420671197852743 26.4
2641 0.01418414757201764 26.41
2642 0.01418886613905209 26.42
2643 0.01418780121050459 26.43
2644 0.01418206386878029 26.44
2645 0.01418036496967693 26.45
2646 0.01417545152408238 26.46
2647 0.01417362323906727 26.47
2648 0.01417840120808389 26.48
2649 0.01417903162219068 26.49
2650 0.01417858017052823 26.5
2651 0.01418079360020743 26.51
2652 0.01417430010756422 26.52
2653 0.01416186680410293 26.53
2654 0.01415091457310069 26.54
2655 0.01413920855421438 26.55
2656 0.01412272266332801 26.56
2657 0.01411881019112411 26.57
2658 0.01411281667192793 26.58
2659 0.01409570017940051 26.59
2660 0.01407462303374259 26.6
2661 0.01405572184253176 26.61
2662 0.0140512585118951 26.62
2663 0.0140484160926546 26.63
2664 0.01405048597044038 26.64
2665 0.01405076172185699 26.65
2666 0.01405117640763292 26.66
2667 0.01405692474684441 26.67
2668 0.0140578512428443 26.68
2669 0.01405763656935094 26.69
2670 0.0140522481613633 26.7
2671 0.01404670426522356 26.71
2672 0.01404914535836392 26.72
2673 0.01403480243425037 26.73
2674 0.01401596161098114 26.74
2675 0.01400445767440508 26.75
2676 0.01399896212588372 26.76
2677 0.01398667733785963 26.77
2678 0.01398027986743596 26.78
2679 0.01397787241040165 26.79
2680 0.0139758868520188 26.8
2681 0.01396812924266366 26.81
2682 0.01396543677835935 26.82
2683 0.0139633316551621 26.83
2684 0.01396458083057894 26.84
2685 0.01396753281836148 26.85
2686 0.01397084666957635 26.86
2687 0.01397203326021909 26.87
2688 0.01396376413510629 26.88
2689 0.01396058269356255 26.89
2690 0.01395685541808636 26.9
2691 0.01395356507877617 26.91
2692 0.01395218043998414 26.92
2693 0.01395208047381453 26.93
2694 0.01394960371140483 26.94
2695 0.01393852552911482 26.95
2696 0.01394139306236171 26.96
2697 0.01393985212179524 26.97
2698 0.01393968977528109 26.98
2699 0.01393992586046271 26.99
2700 0.01393974948940493 27
2701 0.01393803150565212 27.01
2702 0.01393475187514241 27.02
2703 0.01393271571186993 27.03
2704 0.01392919045538923 27.04
2705 0.01393116319958639 27.05
2706 0.01393410580796012 27.06
2707 0.01393389377592737 27.07
2708 0.01392586340439653 27.08
2709 0.01391287234593871 27.09
2710 0.01390878108034171 27.1
2711 0.01390840811673879 27.11
2712 0.01390754932343305 27.12
2713 0.01391047122110385 27.13
2714 0.0139156971814312 27.14
2715 0.01391707479315208 27.15
2716 0.01390185532292368 27.16
2717 0.01389566052112445 27.17
2718 0.01389226729352195 27.18
2719 0.01388813373386993 27.19
2720 0.01387857101797329 27.2
2721 0.01387281737305024 27.21
2722 0.01387124961872756 27.22
2723 0.01387599886186242 27.23
2724 0.01388660581049535 27.24
2725 0.0138906228954478 27.25
2726 0.01388164408393896 27.26
2727 0.0138758525152657 27.27
2728 0.01387196186741829 27.28
2729 0.01386772064933985 27.29
2730 0.01386736621228387 27.3
2731 0.01386382030797583 27.31
2732 0.01385791108215375 27.32
2733 0.01385132400326604 27.33
2734 0.01385059695830204 27.34
2735 0.01384431649922661 27.35
2736 0.01383882755125592 27.36
2737 0.01383561203881748 27.37
2738 0.01382932983819285 27.38
2739 0.01383666307048284 27.39
2740 0.01384110635602955 27.4
2741 0.01383956678430424 27.41
2742 0.01382822384551808 27.42
2743 0.01381457854604811 27.43
2744 0.01379991654182835 27.44
2745 0.01378593631033662 27.45
2746 0.01377061088910603 27.46
2747 0.01375831824141516 27.47
2748 0.01375230421493976 27.48
2749 0.01374518585435018 27.49
2750 0.01373923837249133 27.5
2751 0.01373689101917559 27.51
2752 0.01373642523313021 27.52
2753 0.01374424513755844 27.53
2754 0.01375524624370378 27.54
2755 0.01376636881999566 27.55
2756 0.01377710532203291 27.56
2757 0.01378493737398555 27.57
2758 0.01379014434329585 27.58
2759 0.01378803372144349 27.59
2760 0.01378279591833365 27.6
2761 0.01377497401334514 27.61
2762 0.01376662768725285 27.62
2763 0.01375388606945434 27.63
2764 0.01375128312395963 27.64
2765 0.01374766700922547 27.65
2766 0.01374712211375976 27.66
2767 0.01373825023001309 27.67
2768 0.01373575538412325 27.68
2769 0.01373126928993949 27.69
2770 0.01372671898760742 27.7
2771 0.01372713009217338 27.71
2772 0.01372142305886547 27.72
2773 0.01371217603128548 27.73
2774 0.01371222751071476 27.74
2775 0.01370538146221896 27.75
2776 0.01369919343603259 27.76
2777 0.01369577295899484 27.77
2778 0.01370207335383926 27.78
2779 0.01371102247720604 27.79
2780 0.01372162877264896 27.8
2781 0.01371995911293501 27.81
2782 0.01371781850975467 27.82
2783 0.01371597688124332 27.83
2784 0.01371207758540168 27.84
2785 0.01372627938141767 27.85
2786 0.01373338463654612 27.86
2787 0.01373867127497363 27.87
2788 0.01374649985980941 27.88
2789 0.01374421100670656 27.89
2790 0.01374124317930731 27.9
2791 0.01373779683256173 27.91
2792 0.0137344763440927 27.92
2793 0.01373224976539616 27.93
2794 0.01372545964061907 27.94
2795 0.01372264943952487 27.95
2796 0.01372326180056731 27.96
2797 0.01373243784040198 27.97
2798 0.0137388181953221 27.98
2799 0.01374205445166589 27.99
2800 0.01375120831442243 28
2801 0.013760511167038 28.01
2802 0.01376867974382318 28.02
2803 0.01376999122713696 28.03
2804 0.01377047660632414 28.04
2805 0.01376917117021674 28.05
2806 0.01376996992410643 28.06
2807 0.01377022849729827 28.07
2808 0.01376997246482632 28.08
2809 0.01376600659515021 28.09
2810 0.01376040541503935 28.1
2811 0.01375721476487964 28.11
2812 0.01374919048596658 28.12
2813 0.01374364816081023 28.13
2814 0.01374103985727534 28.14
2815 0.01374111031544696 28.15
2816 0.01374116815828986 28.16
2817 0.01373767753318917 28.17
2818 0.01373539357072701 28.18
2819 0.01373126517000607 28.19
2820 0.01372725199421839 28.2
2821 0.01371827663660259 28.21
2822 0.01371474857798382 28.22
2823 0.01370746646530015 28.23
2824 0.01369798721916913 28.24
2825 0.01368658271935854 28.25
2826 0.0136736494014212 28.26
2827 0.0136686606203445 28.27
2828 0.01366899911356531 28.28
2829 0.01366834955631746 28.29
2830 0.0136714037193359 28.3
2831 0.01367457545313932 28.31
2832 0.01367462612440924 28.32
2833 0.01367242310782554 28.33
2834 0.01367089186946543 28.34
2835 0.01366913584669106 28.35
2836 0.01366794154787338 28.36
2837 0.01366724395376617 28.37
2838 0.01365670356010914 28.38
2839 0.01364916072119668 28.39
2840 0.01364435765228741 28.4
2841 0.01364605839697617 28.41
2842 0.01365163567123915 28.42
2843 0.01365516340145582 28.43
2844 0.01365976694356043 28.44
2845 0.01366618091637901 28.45
2846 0.01367666420536248 28.46
2847 0.01368356181596586 28.47
2848 0.01369078016661121 28.48
2849 0.01370380356161095 28.49
2850 0.01371530573331552 28.5
2851 0.01372101225803433 28.51
2852 0.01373272681931319 28.52
2853 0.01374445551054374 28.53
2854 0.01375126687861495 28.54
2855 0.01375619033700048 28.55
2856 0.01375992997067347 28.56
2857 0.01376454081243959 28.57
2858 0.01377043154931779 28.58
2859 0.01378173934772008 28.59
2860 0.01379113522804669 28.6
2861 0.01379817792751083 28.61
2862 0.013815078900798 28.62
2863 0.01383220256903028 28.63
2864 0.01384516392652495 28.64
2865 0.01385648363142475 28.65
2866 0.0138670122916354 28.66
2867 0.01387640853579193 28.67
2868 0.01388835568071047 28.68
2869 0.01389789636772788 28.69
2870 0.01391059126350534 28.7
2871 0.01392438055298559 28.71
2872 0.01393765436228741 28.72
2873 0.01395418184075226 28.73
2874 0.01396302268004352 28.74
2875 0.01396639962807767 28.75
2876 0.01397544710431051 28.76
2877 0.01398334494525956 28.77
2878 0.01399304075744479 28.78
2879 0.01400086088400423 28.79
2880 0.01401089741392881 28.8
2881 0.01401848199886955 28.81
2882 0.01403556390973599 28.82
2883 0.01404989232625401 28.83
2884 0.01405853749484632 28.84
2885 0.01406967963355205 28.85
2886 0.01407557655184916 28.86
2887 0.01408010727064798 28.87
2888 0.01408994580843088 28.88
2889 0.01410011047054732 28.89
2890 0.01410339640101904 28.9
2891 0.01411048934644825 28.91
2892 0.01411662889523467 28.92
2893 0.01413041184281473 28.93
2894 0.01414189276833771 28.94
2895 0.01414705296344388 28.95
2896 0.01414891884317026 28.96
2897 0.01415534423916949 28.97
2898 0.01416934590462146 28.98
2899 0.01417443540076581 28.99
2900 0.01418811786455743 29
2901 0.01419241822492879 29.01
2902 0.0141989226905632 29.02
2903 0.01419992056960262 29.03
2904 0.0142008613665743 29.04
2905 0.01420266198701056 29.05
2906 0.0141966506255635 29.06
2907 0.0141978570482611 29.07
2908 0.01419726660465197 29.08
2909 0.01419553873571568 29.09
2910 0.01419487985342739 29.1
2911 0.01419546069895968 29.11
2912 0.01419141115346844 29.12
2913 0.01418967105290895 29.13
2914 0.01418945447123288 29.14
2915 0.01418378150759727 29.15
2916 0.01417752507906806 29.16
2917 0.0141728432531732 29.17
2918 0.01416496661201615 29.18
2919 0.01415108656466579 29.19
2920 0.01414848250922495 29.2
2921 0.01415155333164729 29.21
2922 0.01415503843843226 29.22
2923 0.0141483264241707 29.23
2924 0.01414337070953162 29.24
2925 0.01413822440296151 29.25
2926 0.01413996475714567 29.26
2927 0.01413284633889494 29.27
2928 0.01412616766312792 29.28
2929 0.01411767601308606 29.29
2930 0.0141111178832546 29.3
2931 0.01410769511301255 29.31
2932 0.01410285109734773 29.32
2933 0.0141028956308037 29.33
2934 0.01409734764750795 29.34
2935 0.01409320844126538 29.35
2936 0.01408970279467373 29.36
2937 0.01408010218083182 29.37
2938 0.01407699873123649 29.38
2939 0.01406994822448431 29.39
2940 0.01407331387234756 29.4
2941 0.01407236923228409 29.41
2942 0.0140683620755852 29.42
2943 0.01407727612680187 29.43
2944 0.01408309624525798 29.44
2945 0.01408061132777884 29.45
2946 0.01408074211223272 29.46
2947 0.01408697606028681 29.47
2948 0.01409710811201965 29.48
2949 0.01410196149014727 29.49
2950 0.01410642552189394 29.5
2951 0.01410807611634618 29.51
2952 0.01411499120553089 29.52
2953 0.01412044845830481 29.53
2954 0.01413059392063027 29.54
2955 0.01414220906332718 29.55
2956 0.01415133591453052 29.56
2957 0.01416604188846775 29.57
2958 0.01418815332532688 29.58
2959 0.01420127593553532 29.59
2960 0.01422398758187424 29.6
2961 0.01424290179383533 29.61
2962 0.014261349721205 29.62
2963 0.01428110209575429 29.63
2964 0.01429225428265887 29.64
2965 0.01430378782010568 29.65
2966 0.01431991722970953 29.66
2967 0.01433238690341415 29.67
2968 0.01434393205443846 29.68
2969 0.01435396285479373 29.69
2970 0.01436352629632677 29.7
2971 0.01437205237072366 29.71
2972 0.01438430949100207 29.72
2973 0.01440176212273356 29.73
2974 0.01441674345608762 29.74
2975 0.01442596929639558 29.75
2976 0.01443916110661428 29.76
2977 0.01445824923757159 29.77
2978 0.01447813907264147 29.78
2979 0.01449377174507917 29.79
2980 0.01450560193343324 29.8
2981 0.01451577471867836 29.81
2982 0.0145227310768432 29.82
2983 0.01453040511179362 29.83
2984 0.01453498094871541 29.84
2985 0.01453949870875313 29.85
2986 0.01454464947783207 29.86
2987 0.01454023523307726 29.87
2988 0.01453379503723935 29.88
2989 0.0145307855003278 29.89
2990 0.01452764656962558 29.9
2991 0.0145252614616249 29.91
2992 0.01453028264744999 29.92
2993 0.01453264004324386 29.93
2994 0.01453372590722464 29.94
2995 0.01454157855350216 29.95
2996 0.01453728032774953 29.96
2997 0.01453234719084117 29.97
2998 0.01453214570531079 29.98
2999 0.0145311651288623 29.99
3000 0.01451717699794945 30
