"cd-rfile"
"Time Step" "cd etc.."
("Time Step" "cd" "flow-time")
0 5.745939731170285e-27 0
1 -94.90531149617257 0.01
2 -21.58241500892787 0.02
3 0.489402847728638 0.03
4 5.890717832877559 0.04
5 6.306089308714036 0.05
6 -0.555262177859439 0.06
7 -2.761250909005673 0.07000000000000001
8 -1.651604678714779 0.08
9 0.1566328691743401 0.09
10 0.9763745004691207 0.1
11 0.5050579649754461 0.11
12 -0.02205996100994787 0.12
13 -0.1118537406409257 0.13
14 -0.08990867055282005 0.14
15 0.04250613895683308 0.15
16 0.0701518911489516 0.16
17 0.0446654636338552 0.17
18 0.02988458383485648 0.18
19 0.05079874495837984 0.19
20 0.06409925008577073 0.2
21 0.04051449567356189 0.21
22 0.01970980484968737 0.22
23 0.02729868158657228 0.23
24 0.05200751540164926 0.24
25 0.04903518097403459 0.25
26 0.04153344738058518 0.26
27 0.0339629796949477 0.27
28 0.03160587693225682 0.28
29 0.0200549900973974 0.29
30 0.007110065880842962 0.3
31 0.01632082135741941 0.31
32 0.03744641934989711 0.32
33 0.04176746207177529 0.33
34 0.03866846847798291 0.34
35 0.04167831251588242 0.35
36 0.0402001734798099 0.36
37 0.02865763871206652 0.37
38 0.02413701948965517 0.38
39 0.02650240907451669 0.39
40 0.028714041291797 0.4
41 0.02837056286144163 0.41
42 0.02667337144673425 0.42
43 0.02146197652445431 0.43
44 0.01563044301291781 0.44
45 0.02248195181575485 0.45
46 0.03202856201198535 0.46
47 0.03374067087884702 0.47
48 0.02927003804642691 0.48
49 0.02553540270283068 0.49
50 0.02497347292629888 0.5
51 0.0282633770114979 0.51
52 0.02680279828727141 0.52
53 0.02706725761413389 0.53
54 0.02475060882085271 0.54
55 0.02428652632941644 0.55
56 0.02541561170720253 0.5600000000000001
57 0.02608174667142786 0.5700000000000001
58 0.02572185481294282 0.58
59 0.02492684737996551 0.59
60 0.02418218423142354 0.6
61 0.02309949793707577 0.61
62 0.02250936396474629 0.62
63 0.02189812584795697 0.63
64 0.0220688851784996 0.64
65 0.02262764549214893 0.65
66 0.02349919113563514 0.66
67 0.02415028362549352 0.67
68 0.02489555536109531 0.68
69 0.02515683095916651 0.6900000000000001
70 0.02523223818458778 0.7000000000000001
71 0.02537652083583668 0.71
72 0.02528295931782387 0.72
73 0.02420240506921861 0.73
74 0.02323109003358601 0.74
75 0.02269545411958427 0.75
76 0.02175832616743868 0.76
77 0.0215310636619936 0.77
78 0.02172542327723087 0.78
79 0.02193008539655949 0.79
80 0.02209833270947613 0.8
81 0.02241804980218715 0.8100000000000001
82 0.02268769725672565 0.8200000000000001
83 0.02300846780142426 0.8300000000000001
84 0.0230533002460923 0.84
85 0.02318176793460365 0.85
86 0.02318070944485523 0.86
87 0.023165120457494 0.87
88 0.02305532860769485 0.88
89 0.02299495082870462 0.89
90 0.02303285470062424 0.9
91 0.02298934837480241 0.91
92 0.02285980934105238 0.92
93 0.02282908101487276 0.93
94 0.0228083288994008 0.9400000000000001
95 0.0227697707944603 0.9500000000000001
96 0.0226342088150938 0.96
97 0.02249721366630286 0.97
98 0.02233893699662179 0.98
99 0.02228589466552618 0.99
100 0.02239473192589877 1
101 0.02246636327749127 1.01
102 0.0224940532329582 1.02
103 0.02234961198767181 1.03
104 0.02209811020840563 1.04
105 0.02204532742132043 1.05
106 0.02212750233739731 1.06
107 0.02221271031672377 1.07
108 0.0222369298535322 1.08
109 0.02220895302164562 1.09
110 0.02214352078065524 1.1
111 0.02206271803678229 1.11
112 0.02202373258947567 1.12
113 0.02201488500310993 1.13
114 0.0220042723339871 1.14
115 0.02198460635762455 1.15
116 0.02196180195815634 1.16
117 0.02194685214888231 1.17
118 0.02194804625261251 1.18
119 0.02196022016862095 1.19
120 0.02197070240123005 1.2
121 0.02198436265496903 1.21
122 0.0219927395177886 1.22
123 0.02200798631984129 1.23
124 0.02199986693515879 1.24
125 0.02196882129331635 1.25
126 0.02195962032218066 1.26
127 0.02194352258789882 1.27
128 0.0219381282792441 1.28
129 0.02194627016427281 1.29
130 0.02195258137776314 1.3
131 0.02199181247822168 1.31
132 0.02202571642654494 1.32
133 0.02210835331101931 1.33
134 0.02217223972186413 1.34
135 0.02224027305198605 1.35
136 0.02225648935191163 1.36
137 0.02227657867263278 1.37
138 0.02230040828206065 1.38
139 0.02232405270656274 1.39
140 0.0223401611651279 1.4
141 0.02234941041600609 1.41
142 0.02235091387833934 1.42
143 0.02234405201890604 1.43
144 0.0223332293306671 1.44
145 0.02232189384413593 1.45
146 0.02231595561777576 1.46
147 0.02231175844041963 1.47
148 0.02229333978955453 1.48
149 0.02225819845123293 1.49
150 0.02218614261272891 1.5
151 0.02207834221974538 1.51
152 0.02198920230890333 1.52
153 0.02196142818123479 1.53
154 0.02195898507361024 1.54
155 0.02194792384375874 1.55
156 0.02192313449012335 1.56
157 0.02189839505821021 1.57
158 0.02186967878237135 1.58
159 0.02184146326740552 1.59
160 0.02181639904616578 1.6
161 0.02180540642136545 1.61
162 0.02177383491072165 1.62
163 0.02171936986806151 1.63
164 0.0216482369472195 1.64
165 0.02156538974888896 1.65
166 0.02152025772047126 1.66
167 0.0214976526585963 1.67
168 0.02149233491773165 1.68
169 0.02150267680885264 1.69
170 0.02152037854377157 1.7
171 0.02153466631403946 1.71
172 0.02154507398624564 1.72
173 0.02155200292904083 1.73
174 0.02155540751768825 1.74
175 0.02155571192890818 1.75
176 0.02155321296149571 1.76
177 0.02155097384850425 1.77
178 0.02155156375831068 1.78
179 0.02155612478164896 1.79
180 0.02156418350668493 1.8
181 0.02157761499407593 1.81
182 0.02159326472541605 1.82
183 0.02160255965774734 1.83
184 0.02160823737384148 1.84
185 0.02160072251228432 1.85
186 0.02160050832637203 1.86
187 0.02161278303945792 1.87
188 0.02163479703910904 1.88
189 0.02165168835090463 1.89
190 0.02166760652169561 1.9
191 0.02168927671801694 1.91
192 0.0217068445886287 1.92
193 0.021724415913737 1.93
194 0.02176104063647728 1.94
195 0.02180313835552462 1.95
196 0.02184208739216012 1.96
197 0.02187480152349655 1.97
198 0.02189945255011024 1.98
199 0.02191563687802577 1.99
200 0.02192460264962864 2
201 0.02192841978581029 2.01
202 0.02192905534229206 2.02
203 0.02192616778230322 2.03
204 0.02192594472954588 2.04
205 0.02192720569834068 2.05
206 0.02192746704858771 2.06
207 0.02192926822382951 2.07
208 0.02192890206079606 2.08
209 0.02192644205451095 2.09
210 0.02192343754488028 2.1
211 0.0219193861730221 2.11
212 0.02191387608293031 2.12
213 0.02190793227710943 2.13
214 0.02190338354785296 2.14
215 0.02189800158081785 2.15
216 0.02189005443883891 2.16
217 0.02188324497763192 2.17
218 0.02187003104811124 2.18
219 0.02185341543880854 2.19
220 0.02183666425656431 2.2
221 0.02181393998904301 2.21
222 0.02178915211059609 2.22
223 0.0217617461312953 2.23
224 0.02173695271107661 2.24
225 0.02171702527093156 2.25
226 0.02169786552672627 2.26
227 0.0216723261941778 2.27
228 0.0216568807645638 2.28
229 0.02162808102542528 2.29
230 0.02159760246029252 2.3
231 0.02156572461371328 2.31
232 0.02154358526109132 2.32
233 0.02152166644430216 2.33
234 0.02150593293640304 2.34
235 0.02149764558876256 2.35
236 0.02149350942180793 2.36
237 0.02149313064197891 2.37
238 0.02149082625172079 2.38
239 0.02148691776160018 2.39
240 0.02148130720334347 2.4
241 0.02147564285435293 2.41
242 0.02147132047315812 2.42
243 0.02146881829484097 2.43
244 0.02146813594652152 2.44
245 0.02146852477666124 2.45
246 0.02147095751892536 2.46
247 0.02147577338172007 2.47
248 0.02148207634069146 2.48
249 0.02148834087454693 2.49
250 0.02149618925639364 2.5
251 0.02150593351526934 2.51
252 0.0215189989535319 2.52
253 0.02152968008017816 2.53
254 0.0215401835466626 2.54
255 0.02154954059591184 2.55
256 0.02155830340049153 2.56
257 0.02156668190709187 2.57
258 0.02157548346631919 2.58
259 0.0215844977417617 2.59
260 0.02159412536848488 2.6
261 0.02160496353078266 2.61
262 0.02161820258657412 2.62
263 0.0216295897432948 2.63
264 0.02164021499209672 2.64
265 0.02164731900759248 2.65
266 0.02165431331674682 2.66
267 0.02166097632513723 2.67
268 0.0216672544117227 2.68
269 0.0216694766905916 2.69
270 0.02167136415526982 2.7
271 0.02167443056686384 2.71
272 0.021679345688115 2.72
273 0.02168702500149104 2.73
274 0.02169546806345148 2.74
275 0.02170394786319894 2.75
276 0.02170974885236507 2.76
277 0.02171244753807732 2.77
278 0.02171156256890136 2.78
279 0.02170938988104152 2.79
280 0.02170669698779332 2.8
281 0.02170380307358852 2.81
282 0.02170072569692852 2.82
283 0.02169762592896709 2.83
284 0.02169427891560883 2.84
285 0.02169082510871856 2.85
286 0.02168554909411935 2.86
287 0.02167736600287137 2.87
288 0.02166985328658061 2.88
289 0.02166315214819756 2.89
290 0.02165557262615227 2.9
291 0.02164774675873224 2.91
292 0.02164247735464363 2.92
293 0.02163441507196315 2.93
294 0.02162542441969852 2.94
295 0.02161719943628864 2.95
296 0.02160857840420486 2.96
297 0.02160280845566952 2.97
298 0.02159649480258637 2.98
299 0.02159248077141989 2.99
300 0.02159069123945382 3
301 0.02159167681152155 3.01
302 0.0215872383163383 3.02
303 0.0215835623026354 3.03
304 0.0215785435633878 3.04
305 0.02157582915895853 3.05
306 0.02157482608315382 3.06
307 0.02157560619723548 3.07
308 0.0215773317553538 3.08
309 0.02157986165818095 3.09
310 0.02158360195086521 3.1
311 0.02158798641234154 3.11
312 0.0215910169097101 3.12
313 0.02159414078115362 3.13
314 0.02159639126817737 3.14
315 0.02159905685333116 3.15
316 0.02160166325071817 3.16
317 0.02160385653964914 3.17
318 0.02160687305562404 3.18
319 0.02161070877575573 3.19
320 0.02161511592982397 3.2
321 0.02161941961442618 3.21
322 0.02162379514391669 3.22
323 0.02162787444088245 3.23
324 0.02163138009906297 3.24
325 0.02163426349410953 3.25
326 0.02163661431882094 3.26
327 0.02163897915749416 3.27
328 0.02164140867539194 3.28
329 0.0216441095006419 3.29
330 0.02164676262545673 3.3
331 0.02164939314960558 3.31
332 0.02165203417402325 3.32
333 0.0216548906747439 3.33
334 0.02165768825318726 3.34
335 0.02166045324784193 3.35
336 0.02166303940603747 3.36
337 0.02166565941310628 3.37
338 0.02166805513030852 3.38
339 0.02167071573036937 3.39
340 0.02167466146976521 3.4
341 0.02167792556782761 3.41
342 0.02168069031473108 3.42
343 0.02168361303341273 3.43
344 0.02168725066235855 3.44
345 0.02169130120818461 3.45
346 0.02169605702210663 3.46
347 0.02169916224396163 3.47
348 0.02170227353624034 3.48
349 0.02170714456897848 3.49
350 0.0217120837422889 3.5
351 0.02171736335984266 3.51
352 0.02172231149612571 3.52
353 0.02172654441176528 3.53
354 0.02173073694033431 3.54
355 0.02173556492022335 3.55
356 0.02173997591281658 3.56
357 0.0217435917426571 3.57
358 0.02174668792619172 3.58
359 0.021748302397213 3.59
360 0.02175162802048538 3.6
361 0.02175694350243466 3.61
362 0.02176229742240009 3.62
363 0.02176650177263706 3.63
364 0.02177005116831534 3.64
365 0.02177242987300919 3.65
366 0.02177392418822784 3.66
367 0.02177483218378674 3.67
368 0.02177530549823767 3.68
369 0.02177557796657987 3.69
370 0.02177553489724527 3.7
371 0.02177543416327757 3.71
372 0.02177439408139211 3.72
373 0.02177349346553181 3.73
374 0.02177198364063912 3.74
375 0.02177095491754375 3.75
376 0.02177015873016308 3.76
377 0.02176762201933998 3.77
378 0.02176531570104348 3.78
379 0.02176119063352842 3.79
380 0.0217582819748489 3.8
381 0.02175470636017662 3.81
382 0.02175026890089973 3.82
383 0.02174759307377924 3.83
384 0.02174413771694956 3.84
385 0.02174109551094982 3.85
386 0.02173848716965342 3.86
387 0.02173521485296213 3.87
388 0.02173153220999446 3.88
389 0.02172780256213325 3.89
390 0.02172431598362147 3.9
391 0.0217206733997076 3.91
392 0.02171838836072755 3.92
393 0.02171729590925637 3.93
394 0.02171603539229303 3.94
395 0.02171450154221777 3.95
396 0.02171294183855247 3.96
397 0.02171106158653704 3.97
398 0.02170923269827848 3.98
399 0.02170780961521942 3.99
400 0.02170659485327407 4
401 0.02170613505286715 4.01
402 0.02170628738479421 4.02
403 0.02170655178381871 4.03
404 0.0217062727140561 4.04
405 0.02170572060852524 4.05
406 0.02170490440923387 4.06
407 0.02170426216470955 4.07
408 0.02170297000316825 4.08
409 0.02170203592667564 4.09
410 0.02170173714131165 4.1
411 0.02170157742615294 4.11
412 0.02170149360086794 4.12
413 0.02170147490001022 4.13
414 0.02170136251458517 4.14
415 0.02170110284044257 4.15
416 0.02170085505081482 4.16
417 0.0217014085129191 4.17
418 0.02170252291020916 4.18
419 0.02170348984878783 4.19
420 0.02170362964384928 4.2
421 0.02170323567969909 4.21
422 0.02170356716257659 4.22
423 0.02170317050342968 4.23
424 0.02170287338371795 4.24
425 0.02170282816769633 4.25
426 0.02170275542466776 4.26
427 0.02170263732934339 4.27
428 0.02170252538367051 4.28
429 0.02170172018135799 4.29
430 0.02170141851511548 4.3
431 0.02170144844231659 4.31
432 0.02170127116810248 4.32
433 0.02170080688243208 4.33
434 0.02169998593900387 4.34
435 0.02169988567988224 4.350000000000001
436 0.02169920400253352 4.36
437 0.02169807000062488 4.37
438 0.02169694991014682 4.38
439 0.02169566595653808 4.39
440 0.02169395724368671 4.4
441 0.02169193293277912 4.41
442 0.02168981334499079 4.42
443 0.02168762978625383 4.43
444 0.02168523429790888 4.44
445 0.02168285400818009 4.45
446 0.02168014603944655 4.46
447 0.02167656276231351 4.47
448 0.02167304699632606 4.48
449 0.02166968161616363 4.49
450 0.0216663348917542 4.5
451 0.02166257834515981 4.51
452 0.02165882845123224 4.52
453 0.02165480019160946 4.53
454 0.02165195397253521 4.54
455 0.0216482685109429 4.55
456 0.02164360224446671 4.56
457 0.0216389009753201 4.57
458 0.02163396977869223 4.58
459 0.02162872065707395 4.59
460 0.02162323956284934 4.600000000000001
461 0.02161792633982755 4.61
462 0.0216125064023024 4.62
463 0.02160695067131015 4.63
464 0.02160174958265093 4.64
465 0.02159722952742486 4.65
466 0.02159271006953128 4.66
467 0.02158733227366875 4.67
468 0.02158189342642642 4.68
469 0.02157673781030264 4.69
470 0.02157193486529336 4.7
471 0.0215674835741168 4.71
472 0.02156323578682702 4.72
473 0.02155945196209803 4.73
474 0.02155596982715983 4.74
475 0.02155270618117549 4.75
476 0.02154971760662926 4.76
477 0.02154641882302031 4.77
478 0.02154415791673336 4.78
479 0.02154202165766882 4.79
480 0.02154022909879677 4.8
481 0.02153803968129635 4.81
482 0.02153583685121833 4.82
483 0.02153362426580514 4.83
484 0.0215313955494751 4.84
485 0.02152913798546109 4.850000000000001
486 0.02152710097128656 4.86
487 0.02152559703086973 4.87
488 0.02152504929789204 4.88
489 0.02152435432520717 4.89
490 0.02152377266133854 4.9
491 0.02152317348796992 4.91
492 0.02152279546212829 4.92
493 0.02152143889280283 4.93
494 0.02152118915751522 4.94
495 0.02151895048873151 4.95
496 0.0215192303215503 4.96
497 0.02152073495098016 4.97
498 0.02152136290345613 4.98
499 0.02152196027863704 4.99
500 0.02152207070601815 5
501 0.02152156630884035 5.01
502 0.02152157092756839 5.02
503 0.02151987478847549 5.03
504 0.02151770294074339 5.04
505 0.02151483335341176 5.05
506 0.02151264193046599 5.06
507 0.02151034911996439 5.07
508 0.02150892796026481 5.08
509 0.02150761137553493 5.09
510 0.02150552818146854 5.100000000000001
511 0.02150369723501396 5.11
512 0.02150070954028088 5.12
513 0.02149769152565209 5.13
514 0.02149493361743904 5.14
515 0.02149177073883343 5.15
516 0.02148833883362612 5.16
517 0.02148409938155092 5.17
518 0.0214801489802275 5.18
519 0.02147644916190789 5.19
520 0.02147300395198789 5.2
521 0.02147010068701884 5.21
522 0.0214664093194264 5.22
523 0.02146322532668236 5.23
524 0.02146002866212679 5.24
525 0.02145586946340726 5.25
526 0.02145294638387515 5.26
527 0.02144875931067724 5.27
528 0.02144437863455751 5.28
529 0.02143928233063492 5.29
530 0.02143438742538086 5.3
531 0.02142937321285942 5.31
532 0.02142447019156362 5.32
533 0.02141916423234934 5.33
534 0.02141447445352957 5.34
535 0.0214104743382312 5.350000000000001
536 0.02140643698250296 5.36
537 0.02140203123670723 5.37
538 0.02139833813263553 5.38
539 0.02139468230184173 5.39
540 0.02139094140171334 5.4
541 0.02138789272401369 5.41
542 0.0213828934651987 5.42
543 0.02137749695015228 5.43
544 0.02137241408252936 5.44
545 0.02136844440555794 5.45
546 0.02136533267255904 5.46
547 0.02136259882181024 5.47
548 0.02136058711200896 5.48
549 0.02135937548874006 5.49
550 0.02135788538455501 5.5
551 0.02135567289324464 5.51
552 0.02135405448526305 5.52
553 0.0213521238130875 5.53
554 0.02135024911258407 5.54
555 0.02134833271765447 5.55
556 0.02134590274725894 5.56
557 0.02134370069710971 5.57
558 0.02134186132021363 5.58
559 0.0213400732436796 5.59
560 0.02133834938145951 5.600000000000001
561 0.02133635173246096 5.61
562 0.02133526984107784 5.62
563 0.02133433703559401 5.63
564 0.02133229064160671 5.64
565 0.02133120064629804 5.65
566 0.02133017288233564 5.66
567 0.021328563921762 5.67
568 0.02132716350828405 5.68
569 0.02132640159263817 5.69
570 0.02132435162537681 5.7
571 0.02132258606872231 5.71
572 0.02132119993764298 5.72
573 0.02132001269337974 5.73
574 0.02131857884828233 5.74
575 0.02131794734295093 5.75
576 0.02131759148407774 5.76
577 0.02131701977812212 5.77
578 0.02131408576440876 5.78
579 0.02131208842031367 5.79
580 0.02131035992985553 5.8
581 0.02130871210974936 5.81
582 0.02130687177798211 5.82
583 0.02130503165942949 5.83
584 0.02130273403573457 5.84
585 0.02130070772262589 5.850000000000001
586 0.02129804556048 5.86
587 0.02129613944443736 5.87
588 0.02129390379566772 5.88
589 0.02129131524417177 5.89
590 0.02128872232740811 5.9
591 0.02128588909760408 5.91
592 0.02128312474765021 5.92
593 0.02127991352386898 5.93
594 0.02127653509182587 5.94
595 0.0212735378991497 5.95
596 0.02127034157901972 5.96
597 0.02126653992545044 5.97
598 0.02126299760886926 5.98
599 0.02125936933433158 5.99
600 0.02125536036668137 6
601 0.02125223811931339 6.01
602 0.0212488759610308 6.02
603 0.0212458073778645 6.03
604 0.02124221177013494 6.04
605 0.02123907020623742 6.05
606 0.02123637810703044 6.06
607 0.02123288187100016 6.07
608 0.02122917514531103 6.08
609 0.02122586091923712 6.09
610 0.0212224665685449 6.100000000000001
611 0.02121855690671016 6.11
612 0.0212159521975904 6.12
613 0.02121400397232278 6.13
614 0.02121159499923945 6.140000000000001
615 0.02120861059499884 6.15
616 0.02120563709068384 6.16
617 0.02120332594662106 6.17
618 0.02120053022475004 6.18
619 0.02119796599563949 6.19
620 0.02119506124904674 6.2
621 0.02119294224589408 6.21
622 0.02119114806182082 6.22
623 0.02118970944678113 6.23
624 0.02118743531405902 6.24
625 0.0211858763347884 6.25
626 0.02118352219438499 6.26
627 0.02118334273573273 6.27
628 0.02118124491195631 6.28
629 0.02118020144349214 6.29
630 0.02117808171892706 6.3
631 0.02117657259443608 6.31
632 0.02117496954532535 6.32
633 0.02117435945424965 6.33
634 0.02117392905157203 6.34
635 0.02117275218970727 6.350000000000001
636 0.02117133540054006 6.36
637 0.02117003418691722 6.37
638 0.02117042771205754 6.38
639 0.02116944287723538 6.390000000000001
640 0.02116866493390667 6.4
641 0.02116766908650817 6.41
642 0.02116636964216251 6.42
643 0.02116590105201922 6.43
644 0.02116524405375682 6.44
645 0.02116490754567521 6.45
646 0.0211645835758731 6.46
647 0.02116356251963337 6.47
648 0.02116286034086035 6.48
649 0.02116148974689367 6.49
650 0.0211609043175056 6.5
651 0.02115933238340863 6.51
652 0.02115881476519661 6.52
653 0.02115821564434371 6.53
654 0.02115690329675273 6.54
655 0.02115605530658778 6.55
656 0.02115601339198628 6.56
657 0.02115500731975767 6.57
658 0.0211542597973662 6.58
659 0.02115331314010932 6.59
660 0.02115211641128101 6.600000000000001
661 0.02115119593631948 6.61
662 0.02115008212613218 6.62
663 0.02114893031861783 6.63
664 0.02114690861428928 6.640000000000001
665 0.02114513091813547 6.65
666 0.02114335792135727 6.66
667 0.02114237647054974 6.67
668 0.02114135687211014 6.68
669 0.02113996388911882 6.69
670 0.02113864140757873 6.7
671 0.0211371482026418 6.71
672 0.02113623075541633 6.72
673 0.02113517241104145 6.73
674 0.02113428335602623 6.74
675 0.02113372533504376 6.75
676 0.02113242487525075 6.76
677 0.02113090288570846 6.77
678 0.02113026602980286 6.78
679 0.02112864177680302 6.79
680 0.02112781496828546 6.8
681 0.02112738501240785 6.81
682 0.02112695996150818 6.82
683 0.02112629279155298 6.83
684 0.02112562733162625 6.84
685 0.02112494822393418 6.850000000000001
686 0.02112423738836041 6.86
687 0.02112378143298344 6.87
688 0.02112401392636928 6.88
689 0.02112457019790532 6.890000000000001
690 0.02112398833133281 6.9
691 0.02112371396152557 6.91
692 0.02112449008969956 6.92
693 0.02112437711856583 6.93
694 0.02112520559990515 6.94
695 0.02112561796156815 6.95
696 0.02112675404049697 6.96
697 0.02112813083756682 6.97
698 0.02112939297856502 6.98
699 0.02112893774503499 6.99
700 0.02113021830561691 7
701 0.02113200371869695 7.01
702 0.02113372862286409 7.02
703 0.02113536837475874 7.03
704 0.02113699138682602 7.04
705 0.02113892628690009 7.05
706 0.02114079575595047 7.06
707 0.02114224553796593 7.07
708 0.02114404223149523 7.08
709 0.02114569184825877 7.09
710 0.0211473928246959 7.100000000000001
711 0.02115029818141212 7.11
712 0.02115333579255129 7.12
713 0.0211557053638055 7.13
714 0.02115846143948913 7.140000000000001
715 0.0211599416123565 7.15
716 0.02116198810592417 7.16
717 0.02116446645295899 7.17
718 0.02116664400492288 7.18
719 0.02116810233825732 7.19
720 0.02117076071877018 7.2
721 0.0211734529745315 7.21
722 0.02117613422899811 7.22
723 0.0211790589139942 7.23
724 0.02118082697727749 7.24
725 0.02118373960425909 7.25
726 0.02118609449259792 7.26
727 0.02118797994076445 7.27
728 0.02119100268475538 7.28
729 0.02119220457263319 7.29
730 0.02119388327449085 7.3
731 0.02119696609420465 7.31
732 0.02119999635881277 7.32
733 0.02120257337431769 7.33
734 0.02120484801130056 7.34
735 0.02120702474538664 7.350000000000001
736 0.02120946896647996 7.36
737 0.02121145496117001 7.37
738 0.02121383291125179 7.38
739 0.02121564623679437 7.390000000000001
740 0.02121735803141509 7.4
741 0.02122054206489937 7.41
742 0.02122323407934475 7.42
743 0.02122570512318421 7.43
744 0.0212285650344027 7.44
745 0.02123058890962657 7.45
746 0.02123285381389633 7.46
747 0.02123582005776202 7.47
748 0.02123895697666189 7.48
749 0.02124158865603475 7.49
750 0.02124444972439136 7.5
751 0.02124724595455424 7.51
752 0.0212499458866933 7.52
753 0.0212529201978356 7.53
754 0.021255930395794 7.54
755 0.02125912959455011 7.55
756 0.02126133391226818 7.56
757 0.02126326195232659 7.57
758 0.02126511936240148 7.58
759 0.02126871009222319 7.59
760 0.02127241937914394 7.600000000000001
761 0.02127601418550607 7.61
762 0.02127979453159579 7.62
763 0.02128373416203989 7.63
764 0.02128784388247017 7.640000000000001
765 0.0212919379944321 7.65
766 0.02129573449232673 7.66
767 0.02129935333272047 7.67
768 0.02130391387181303 7.68
769 0.02130828550649698 7.69
770 0.02131172928040095 7.7
771 0.0213152656093177 7.71
772 0.02131903107628221 7.72
773 0.02132298432580786 7.73
774 0.02132821381534767 7.74
775 0.02133313642920099 7.75
776 0.02133738811621097 7.76
777 0.02134174889230742 7.77
778 0.02134607677477813 7.78
779 0.02135136514618074 7.79
780 0.02135508234878398 7.8
781 0.02135961698845572 7.81
782 0.02136505270188916 7.82
783 0.02137005409431278 7.83
784 0.02137390166809527 7.84
785 0.02137827067267566 7.850000000000001
786 0.0213832002562028 7.86
787 0.02138802222463516 7.87
788 0.02139325842191856 7.88
789 0.02139851396787153 7.890000000000001
790 0.02140415003905725 7.9
791 0.02140780611879376 7.91
792 0.02141185849691506 7.92
793 0.02141609002719326 7.930000000000001
794 0.02141982868986553 7.94
795 0.02142438686939167 7.95
796 0.02142797735659047 7.96
797 0.02143147407932023 7.97
798 0.02143597710632039 7.98
799 0.02144129751366873 7.99
800 0.02144564462860189 8
801 0.02144949917743825 8.01
802 0.02144636398060645 8.02
803 0.02144764324448473 8.029999999999999
804 0.02145133027450148 8.040000000000001
805 0.02146430750878039 8.050000000000001
806 0.02147349336333185 8.06
807 0.02148383532222508 8.07
808 0.02148980656862301 8.08
809 0.02149050992344553 8.09
810 0.02148969429097806 8.1
811 0.02148838438524639 8.109999999999999
812 0.02148812951008221 8.120000000000001
813 0.02148936871575502 8.130000000000001
814 0.02149290120543592 8.140000000000001
815 0.02149756532550371 8.15
816 0.02150283075411362 8.16
817 0.02150811720677235 8.17
818 0.02151352229203261 8.18
819 0.02151771457946116 8.19
820 0.02152188702272758 8.199999999999999
821 0.02152573294927752 8.210000000000001
822 0.02152887573139776 8.220000000000001
823 0.02153148770129265 8.23
824 0.02153386404538006 8.24
825 0.02153625512899886 8.25
826 0.02153863360356847 8.26
827 0.02153951289063006 8.27
828 0.02154221240070098 8.279999999999999
829 0.02154557278359383 8.290000000000001
830 0.02154924963917649 8.300000000000001
831 0.02155359890051818 8.31
832 0.02155634252073538 8.32
833 0.02155953335362212 8.33
834 0.02155636071371965 8.34
835 0.02156004621207212 8.35
836 0.02156288806594178 8.359999999999999
837 0.02156731399912954 8.370000000000001
838 0.02157657907798612 8.380000000000001
839 0.02158326190597555 8.390000000000001
840 0.02159877191708723 8.4
841 0.02160593056266429 8.41
842 0.02160986514542401 8.42
843 0.02161025484439739 8.43
844 0.0216085120827327 8.44
845 0.02160733330843602 8.449999999999999
846 0.02160702915168965 8.460000000000001
847 0.02160925094414964 8.470000000000001
848 0.02161243163003883 8.48
849 0.02161758392661477 8.49
850 0.02162410012454755 8.5
851 0.02163030772544305 8.51
852 0.02163761254934474 8.52
853 0.02164424868469392 8.529999999999999
854 0.02164897609660656 8.540000000000001
855 0.02165505782070991 8.550000000000001
856 0.02165816720921506 8.56
857 0.02166032564841064 8.57
858 0.0216619133486884 8.58
859 0.02166365491895659 8.59
860 0.02166562923695062 8.6
861 0.0216682833841005 8.609999999999999
862 0.02167019419231858 8.620000000000001
863 0.02167201080582828 8.630000000000001
864 0.02167573994611592 8.640000000000001
865 0.02167921614556018 8.65
866 0.02168211609561184 8.66
867 0.02167915269992537 8.67
868 0.02167842432401767 8.68
869 0.02168189561335957 8.69
870 0.02168963859114377 8.700000000000001
871 0.02169393471807954 8.710000000000001
872 0.0216986256255238 8.720000000000001
873 0.02170312240938017 8.73
874 0.02170736162774731 8.74
875 0.02171123012078236 8.75
876 0.02171375679171158 8.76
877 0.02171601639615985 8.77
878 0.02171728228184188 8.779999999999999
879 0.02171848891258298 8.790000000000001
880 0.02172032701649532 8.800000000000001
881 0.0217190873089429 8.81
882 0.02171621173353659 8.82
883 0.02171799717698785 8.83
884 0.02171721051207781 8.84
885 0.02171625995545483 8.85
886 0.02171603568719578 8.859999999999999
887 0.02172027580414836 8.870000000000001
888 0.02172032098101098 8.880000000000001
889 0.02172235212616011 8.890000000000001
890 0.02172300666341003 8.9
891 0.02172504501132488 8.91
892 0.02172663250633672 8.92
893 0.0217262387724562 8.93
894 0.021729955284872 8.94
895 0.02173084350603804 8.950000000000001
896 0.02173215311944819 8.960000000000001
897 0.02173076959577309 8.970000000000001
898 0.02173069014563228 8.98
899 0.02173050040989554 8.99
900 0.02172968807154827 9
901 0.0217277641803275 9.01
902 0.02172921768476298 9.02
903 0.02172553716010854 9.029999999999999
904 0.02172634294151179 9.040000000000001
905 0.02172714938240083 9.050000000000001
906 0.02172848308955246 9.06
907 0.02172943777349748 9.07
908 0.02173259314666854 9.08
909 0.02172965292537623 9.09
910 0.02173176599160879 9.1
911 0.02172885811941499 9.109999999999999
912 0.0217271580264888 9.120000000000001
913 0.02172407641077533 9.130000000000001
914 0.02172060755536037 9.140000000000001
915 0.02171790480643087 9.15
916 0.02171486694610685 9.16
917 0.02171693466461022 9.17
918 0.02171949653839705 9.18
919 0.02172061564650854 9.19
920 0.02172319252128655 9.200000000000001
921 0.02172643826234814 9.210000000000001
922 0.02173308374561456 9.220000000000001
923 0.02173611779233679 9.23
924 0.02173896406109247 9.24
925 0.02173951647839371 9.25
926 0.0217391782631849 9.26
927 0.02173529268903444 9.27
928 0.02173593298785089 9.279999999999999
929 0.02173318624884153 9.290000000000001
930 0.02173351284331365 9.300000000000001
931 0.02172958255494889 9.31
932 0.02172640849719485 9.32
933 0.02172343244585811 9.33
934 0.02171629394165336 9.34
935 0.02171030557171788 9.35
936 0.02170504911401446 9.359999999999999
937 0.02169921799869792 9.370000000000001
938 0.0216956480724172 9.380000000000001
939 0.02169061672712454 9.390000000000001
940 0.0216875208853587 9.4
941 0.02168522086485535 9.41
942 0.02168566189237391 9.42
943 0.02168315143933709 9.43
944 0.02168201869864651 9.44
945 0.02168571394410571 9.450000000000001
946 0.02168490401996804 9.460000000000001
947 0.02168347245540148 9.470000000000001
948 0.02167911349543561 9.48
949 0.02167629700048669 9.49
950 0.02167247378125145 9.5
951 0.02166718566633949 9.51
952 0.021661867106928 9.52
953 0.02165863522041759 9.529999999999999
954 0.02165563681945794 9.540000000000001
955 0.02165251111531137 9.550000000000001
956 0.02164937287327068 9.56
957 0.02164507769294611 9.57
958 0.02163967546333532 9.58
959 0.02163497326066022 9.59
960 0.02163182886424444 9.6
961 0.02162896540424197 9.609999999999999
962 0.02162445053084917 9.620000000000001
963 0.02162062355957394 9.630000000000001
964 0.02161502750156419 9.640000000000001
965 0.02161015252560879 9.65
966 0.0216083801279367 9.66
967 0.02160635811738182 9.67
968 0.02160568683117191 9.68
969 0.0216041191280324 9.69
970 0.02160610588959938 9.700000000000001
971 0.02160484177348732 9.710000000000001
972 0.02160444021713392 9.720000000000001
973 0.02160503588657536 9.73
974 0.02160401906319184 9.74
975 0.02160171359717163 9.75
976 0.0215986598683124 9.76
977 0.02159785319121309 9.77
978 0.02159445782434408 9.779999999999999
979 0.02159233530710936 9.790000000000001
980 0.0215919033447009 9.800000000000001
981 0.0215902831992333 9.81
982 0.02158927163977851 9.82
983 0.02158978369752585 9.83
984 0.02159036328685694 9.84
985 0.02159232758839389 9.85
986 0.02159450049614157 9.859999999999999
987 0.02159607585298937 9.870000000000001
988 0.02159689424316872 9.880000000000001
989 0.02159835210069259 9.890000000000001
990 0.02159689869340982 9.9
991 0.02159616346586364 9.91
992 0.02159612996135668 9.92
993 0.0215966113607076 9.93
994 0.02159850452291478 9.94
995 0.02160043912202389 9.950000000000001
996 0.02159923584840986 9.960000000000001
997 0.02160188862427534 9.970000000000001
998 0.02160315438834047 9.98
999 0.02161048740490136 9.99
1000 0.02161038516093028 10
1001 0.02161703118676566 10.01
1002 0.0216186769610635 10.02
1003 0.02162715206468906 10.03
1004 0.02162932542996617 10.04
1005 0.02163734239828764 10.05
1006 0.02163861310396728 10.06
1007 0.02164490288995467 10.07
1008 0.02164372464194969 10.08
1009 0.02164781481724823 10.09
1010 0.02164659316973106 10.1
1011 0.02165092449783271 10.11
1012 0.02165155130920966 10.12
1013 0.02166154208678708 10.13
1014 0.02166617484456758 10.14
1015 0.02166788383757236 10.15
1016 0.02167256815211915 10.16
1017 0.02167621673186405 10.17
1018 0.02167706981426828 10.18
1019 0.02167712182162709 10.19
1020 0.02167302623069765 10.2
1021 0.02167023641870135 10.21
1022 0.02167013801277754 10.22
1023 0.02167386765648137 10.23
1024 0.02168021295958497 10.24
1025 0.02168089402913485 10.25
1026 0.02168896833943606 10.26
1027 0.02169698854484661 10.27
1028 0.02169811106999905 10.28
1029 0.02170663145405741 10.29
1030 0.02171449485672495 10.3
1031 0.0217207221658935 10.31
1032 0.02172356422341031 10.32
1033 0.02172798108768149 10.33
1034 0.02172937324631664 10.34
1035 0.02172660571961565 10.35
1036 0.0217289085441868 10.36
1037 0.02173196058701335 10.37
1038 0.02173415376976252 10.38
1039 0.02173516145819456 10.39
1040 0.0217374577166452 10.4
1041 0.02173797449350038 10.41
1042 0.02173815883437724 10.42
1043 0.02173400655262907 10.43
1044 0.02173603207227093 10.44
1045 0.02174331836925779 10.45
1046 0.0217426094376755 10.46
1047 0.02174827634023943 10.47
1048 0.02175232255245962 10.48
1049 0.02175173635440029 10.49
1050 0.02175572581793806 10.5
1051 0.02175859952756115 10.51
1052 0.02175913926635611 10.52
1053 0.0217600261774221 10.53
1054 0.02176102101170551 10.54
1055 0.02176205679799119 10.55
1056 0.0217605547391236 10.56
1057 0.02176426617865119 10.57
1058 0.02176416736309281 10.58
1059 0.0217697569558478 10.59
1060 0.02177038364673789 10.6
1061 0.02177115375303804 10.61
1062 0.02177119136872935 10.62
1063 0.02177120417900748 10.63
1064 0.02177222779828235 10.64
1065 0.02177324543396991 10.65
1066 0.02177445109698635 10.66
1067 0.02177701524678041 10.67
1068 0.02178096629309592 10.68
1069 0.02177938751708052 10.69
1070 0.02177512561344859 10.7
1071 0.02177213938314707 10.71
1072 0.02176890683219859 10.72
1073 0.02176760802888918 10.73
1074 0.02176892548029746 10.74
1075 0.02177029249184331 10.75
1076 0.0217704186126321 10.76
1077 0.02176996318091853 10.77
1078 0.0217695955065361 10.78
1079 0.02176872766409758 10.79
1080 0.02176811706795827 10.8
1081 0.02176827813672483 10.81
1082 0.02176909494054794 10.82
1083 0.02176865326917178 10.83
1084 0.02176670381787629 10.84
1085 0.02176370685360661 10.85
1086 0.02176322891494113 10.86
1087 0.02176074738431536 10.87
1088 0.02175881793791005 10.88
1089 0.02175710169604112 10.89
1090 0.0217560919575926 10.9
1091 0.0217580808652605 10.91
1092 0.02175804049447181 10.92
1093 0.0217583688116264 10.93
1094 0.02175844582657981 10.94
1095 0.02175422012674883 10.95
1096 0.02175333682917078 10.96
1097 0.02174886950456004 10.97
1098 0.02174544070774968 10.98
1099 0.02174227157968921 10.99
1100 0.02173964730901764 11
1101 0.02173612965433639 11.01
1102 0.02173446001123018 11.02
1103 0.02173261770132802 11.03
1104 0.02173263197777274 11.04
1105 0.02173304587038186 11.05
1106 0.02174103411051121 11.06
1107 0.02174102870080828 11.07
1108 0.02173983704044214 11.08
1109 0.02173786475554331 11.09
1110 0.02173413732945566 11.1
1111 0.02173226438379489 11.11
1112 0.02173005028916577 11.12
1113 0.02172951373072361 11.13
1114 0.02172520737120818 11.14
1115 0.02172048149680034 11.15
1116 0.02172100919028262 11.16
1117 0.0217183912068351 11.17
1118 0.02171681729127964 11.18
1119 0.02171589158914877 11.19
1120 0.0217151804425802 11.2
1121 0.0217136655444534 11.21
1122 0.02171339457895959 11.22
1123 0.02171532912198672 11.23
1124 0.0217151697380857 11.24
1125 0.02171371960273852 11.25
1126 0.02171695652714689 11.26
1127 0.02171890841161069 11.27
1128 0.02172130844609111 11.28
1129 0.02172420586591117 11.29
1130 0.02172206149408338 11.3
1131 0.02172022577204418 11.31
1132 0.02171927297641452 11.32
1133 0.02171748650828501 11.33
1134 0.02172223838458312 11.34
1135 0.02172097943060668 11.35
1136 0.02172184290499001 11.36
1137 0.02171675811760822 11.37
1138 0.02171569861888336 11.38
1139 0.02170907121429099 11.39
1140 0.02170472729051337 11.4
1141 0.02170128413910848 11.41
1142 0.02170285119991897 11.42
1143 0.0216996310242185 11.43
1144 0.02170008692967318 11.44
1145 0.02170417816333976 11.45
1146 0.02170560096836414 11.46
1147 0.02170906535443701 11.47
1148 0.02170978897669452 11.48
1149 0.02170590397315188 11.49
1150 0.021696037393171 11.5
1151 0.02168860527925832 11.51
1152 0.02168290005330216 11.52
1153 0.02167866525643215 11.53
1154 0.02167681206091231 11.54
1155 0.02167342014339965 11.55
1156 0.02167018033574872 11.56
1157 0.02166536238348773 11.57
1158 0.02166153446439243 11.58
1159 0.02165852473730713 11.59
1160 0.02165419886865373 11.6
1161 0.02164914772763087 11.61
1162 0.02164431870268398 11.62
1163 0.02164255269805399 11.63
1164 0.0216380294243315 11.64
1165 0.02163254950070221 11.65
1166 0.02162569524261855 11.66
1167 0.02161936467408982 11.67
1168 0.02161353369552011 11.68
1169 0.02160630554116589 11.69
1170 0.02159985065761293 11.7
1171 0.02159221334123049 11.71
1172 0.02158953084509514 11.72
1173 0.02158280238790582 11.73
1174 0.02157223031440505 11.74
1175 0.0215654105172363 11.75
1176 0.02155715399440979 11.76
1177 0.02154744259060978 11.77
1178 0.02154364941033914 11.78
1179 0.0215350987810641 11.79
1180 0.02152875769343321 11.8
1181 0.02152626034227455 11.81
1182 0.02151953284551952 11.82
1183 0.02151269332675032 11.83
1184 0.02150601166798793 11.84
1185 0.02149789331474915 11.85
1186 0.02149025099959457 11.86
1187 0.02148088416451138 11.87
1188 0.02147198211035814 11.88
1189 0.02146382896762823 11.89
1190 0.02145585755623295 11.9
1191 0.02144807177476568 11.91
1192 0.02143814988988068 11.92
1193 0.02143106244480927 11.93
1194 0.0214224156758409 11.94
1195 0.02141190263466752 11.95
1196 0.02140686198959964 11.96
1197 0.02140186266990248 11.97
1198 0.02139690509193937 11.98
1199 0.02138704873077154 11.99
1200 0.02137766887260902 12
1201 0.02137019679058007 12.01
1202 0.0213636331249405 12.02
1203 0.02135254886469467 12.03
1204 0.02134250167672581 12.04
1205 0.02133255889072232 12.05
1206 0.02132349376462337 12.06
1207 0.02131209266954717 12.07
1208 0.0213011884522581 12.08
1209 0.02129312438350948 12.09
1210 0.02128234277106917 12.1
1211 0.02127051477102116 12.11
1212 0.02126143707785007 12.12
1213 0.02125347345720612 12.13
1214 0.0212435018680134 12.14
1215 0.02123684548124562 12.15
1216 0.02123179177488493 12.16
1217 0.02122609891358493 12.17
1218 0.02122019768181285 12.18
1219 0.02121102968778518 12.19
1220 0.02120019838166589 12.2
1221 0.02118899666937012 12.21
1222 0.02117761035031427 12.22
1223 0.02116682209181796 12.23
1224 0.02115556537135511 12.24
1225 0.02114507374116294 12.25
1226 0.02113540297595749 12.26
1227 0.02112931666681547 12.27
1228 0.02112272755325686 12.28
1229 0.02110993906123368 12.29
1230 0.0210964245569005 12.3
1231 0.02108519269110251 12.31
1232 0.02107651570182854 12.32
1233 0.02106627894471901 12.33
1234 0.02105662205370394 12.34
1235 0.02104880699252031 12.35
1236 0.02103835747740545 12.36
1237 0.02102797138320391 12.37
1238 0.02101505538967588 12.38
1239 0.02100473337908516 12.39
1240 0.02099523000313504 12.4
1241 0.02098690336824222 12.41
1242 0.02097671207690472 12.42
1243 0.0209693671012715 12.43
1244 0.02096158536800938 12.44
1245 0.02095290868409682 12.45
1246 0.02094083158835126 12.46
1247 0.02093118725803595 12.47
1248 0.02092057232930963 12.48
1249 0.02091029707808575 12.49
1250 0.02089983391178098 12.5
1251 0.02088701703024773 12.51
1252 0.02087483817753399 12.52
1253 0.02086542988797672 12.53
1254 0.02085935687280539 12.54
1255 0.02084958418070177 12.55
1256 0.02084107652813955 12.56
1257 0.02083254940580234 12.57
1258 0.02082635106416177 12.58
1259 0.02081148706357517 12.59
1260 0.02079926688053403 12.6
1261 0.02079071112615193 12.61
1262 0.02078659315227392 12.62
1263 0.02077990224323248 12.63
1264 0.02077758571484523 12.64
1265 0.02077302939354743 12.65
1266 0.02076523863125002 12.66
1267 0.02075533488287021 12.67
1268 0.0207464522699256 12.68
1269 0.02073899202410957 12.69
1270 0.02073936055562795 12.7
1271 0.02073503739633531 12.71
1272 0.0207383325941821 12.72
1273 0.02074455645690636 12.73
1274 0.02074875214818672 12.74
1275 0.02074665102533875 12.75
1276 0.02074858958075999 12.76
1277 0.02074767474069453 12.77
1278 0.0207485824710903 12.78
1279 0.02073889807569295 12.79
1280 0.02074402245012317 12.8
1281 0.02074875245249274 12.81
1282 0.02074564627916729 12.82
1283 0.02074577837223666 12.83
1284 0.02075140664319504 12.84
1285 0.02075409732307021 12.85
1286 0.02076157081767583 12.86
1287 0.02076740662282636 12.87
1288 0.02076665278078823 12.88
1289 0.02078299266429939 12.89
1290 0.02079623840994412 12.9
1291 0.02079570804328748 12.91
1292 0.02080603521012107 12.92
1293 0.02081531002684334 12.93
1294 0.02081968486768296 12.94
1295 0.02083285973395335 12.95
1296 0.02084429834421682 12.96
1297 0.02085548621275386 12.97
1298 0.02086156241755245 12.98
1299 0.0208642474522581 12.99
1300 0.02086995235106335 13
1301 0.02087625836389101 13.01
1302 0.02087981443480996 13.02
1303 0.02088054431524836 13.03
1304 0.02087594091322835 13.04
1305 0.02087919211329376 13.05
1306 0.02087957911072096 13.06
1307 0.02087809704766458 13.07
1308 0.02088183381599731 13.08
1309 0.02088661697227919 13.09
1310 0.02088706061573275 13.1
1311 0.02089001134113518 13.11
1312 0.02089427362566656 13.12
1313 0.02089739772975409 13.13
1314 0.02090086237728772 13.14
1315 0.02090794352115192 13.15
1316 0.02091155951752395 13.16
1317 0.02090955696460113 13.17
1318 0.02090493159624886 13.18
1319 0.02089720446219288 13.19
1320 0.02088298684280284 13.2
1321 0.02087101059125595 13.21
1322 0.02086275909322633 13.22
1323 0.020862224685288 13.23
1324 0.02086834434316494 13.24
1325 0.02086410403384112 13.25
1326 0.0208695374216677 13.26
1327 0.02087575797509933 13.27
1328 0.02087210320912376 13.28
1329 0.02086764565793306 13.29
1330 0.02087286067010899 13.3
1331 0.02087344349561022 13.31
1332 0.02087594480014004 13.32
1333 0.02087854092765894 13.33
1334 0.02087338050660636 13.34
1335 0.02086932503977795 13.35
1336 0.02086971368317763 13.36
1337 0.02087025979512416 13.37
1338 0.02086541263425315 13.38
1339 0.02086462333558154 13.39
1340 0.02086593750442413 13.4
1341 0.02085885850591772 13.41
1342 0.02085243448803202 13.42
1343 0.02085204515731402 13.43
1344 0.02084527553332958 13.44
1345 0.0208405105522018 13.45
1346 0.02084581339446009 13.46
1347 0.02084740884333114 13.47
1348 0.02084985955425298 13.48
1349 0.02084327759981446 13.49
1350 0.02084610661771547 13.5
1351 0.02084492610569394 13.51
1352 0.02083025346267553 13.52
1353 0.02082853438953724 13.53
1354 0.02083800801420586 13.54
1355 0.02082736525272152 13.55
1356 0.02081929069996132 13.56
1357 0.02080657241436021 13.57
1358 0.02080489217867101 13.58
1359 0.02079188518992332 13.59
1360 0.02078869719958019 13.6
1361 0.02078601929501816 13.61
1362 0.02077466498844304 13.62
1363 0.02077252968180398 13.63
1364 0.02077151500533493 13.64
1365 0.02076509718571712 13.65
1366 0.02076331240893527 13.66
1367 0.02076691163129852 13.67
1368 0.02077176480647087 13.68
1369 0.02075383714560185 13.69
1370 0.02074588190509676 13.7
1371 0.02073725457944374 13.71
1372 0.02073661055547039 13.72
1373 0.02072988730477008 13.73
1374 0.02074847016921922 13.74
1375 0.02076406582275765 13.75
1376 0.02077071260288752 13.76
1377 0.02077556654920088 13.77
1378 0.02077973704767161 13.78
1379 0.0207817112490985 13.79
1380 0.02076963223893153 13.8
1381 0.0207576300402473 13.81
1382 0.02075523862736127 13.82
1383 0.02074933225033564 13.83
1384 0.02075233378563433 13.84
1385 0.02076091636292736 13.85
1386 0.02076511843245004 13.86
1387 0.02076595291744099 13.87
1388 0.0207702983847728 13.88
1389 0.02077991202464322 13.89
1390 0.02078372354228449 13.9
1391 0.02078568881723099 13.91
1392 0.02078597035482675 13.92
1393 0.02077856485280495 13.93
1394 0.0207734095551717 13.94
1395 0.02075879717588168 13.95
1396 0.02074028605583055 13.96
1397 0.02072675351402686 13.97
1398 0.02071911885568388 13.98
1399 0.02071880563942938 13.99
1400 0.02071826809237939 14
1401 0.02071628591651321 14.01
1402 0.02070883029255434 14.02
1403 0.02070169196595579 14.03
1404 0.02070637252971158 14.04
1405 0.02070004607350178 14.05
1406 0.02069673527142087 14.06
1407 0.02068843879116831 14.07
1408 0.02067236377226033 14.08
1409 0.02067316007775478 14.09
1410 0.02066885845173814 14.1
1411 0.02066651179201701 14.11
1412 0.02066049640348902 14.12
1413 0.02065478632536728 14.13
1414 0.02064741403173845 14.14
1415 0.02063987661988816 14.15
1416 0.02062643787503763 14.16
1417 0.02061461314334656 14.17
1418 0.02060438539022332 14.18
1419 0.02059514684758369 14.19
1420 0.02059232292841128 14.2
1421 0.02058572349124968 14.21
1422 0.02059727631611463 14.22
1423 0.02059807347205267 14.23
1424 0.02058359074957762 14.24
1425 0.02057188293061445 14.25
1426 0.02056215522886133 14.26
1427 0.0205514189166678 14.27
1428 0.02054915190977929 14.28
1429 0.02054486355437563 14.29
1430 0.0205405601296343 14.3
1431 0.02053865337811675 14.31
1432 0.02053656550058772 14.32
1433 0.02054772776312621 14.33
1434 0.02053971512643153 14.34
1435 0.0205360888661278 14.35
1436 0.02052834453453276 14.36
1437 0.02051280269678097 14.37
1438 0.02050523997386448 14.38
1439 0.02048863408147187 14.39
1440 0.02047192670507924 14.4
1441 0.02045954971097977 14.41
1442 0.02044140170222544 14.42
1443 0.02043037339992124 14.43
1444 0.02042674208090629 14.44
1445 0.02042002399972305 14.45
1446 0.02041462670506891 14.46
1447 0.0203894510939198 14.47
1448 0.02036382429451102 14.48
1449 0.02033846480641069 14.49
1450 0.02030972863765466 14.5
1451 0.02028018755608647 14.51
1452 0.02025705517672472 14.52
1453 0.02022726618326501 14.53
1454 0.02021210757573239 14.54
1455 0.02019117012698367 14.55
1456 0.02016819789151694 14.56
1457 0.02013887403957641 14.57
1458 0.02011070330390039 14.58
1459 0.02008214993714074 14.59
1460 0.02005842825914854 14.6
1461 0.02003722963258308 14.61
1462 0.02002468707192421 14.62
1463 0.02001714004275921 14.63
1464 0.02000101735516797 14.64
1465 0.01997793403293525 14.65
1466 0.01994070354988067 14.66
1467 0.01989980814539409 14.67
1468 0.01985424549593724 14.68
1469 0.01980489364751224 14.69
1470 0.01976503553637683 14.7
1471 0.01975911761387852 14.71
1472 0.01974653733673463 14.72
1473 0.01973915350837279 14.73
1474 0.0197380639925375 14.74
1475 0.01972078703345051 14.75
1476 0.0196989296023469 14.76
1477 0.01967790643023823 14.77
1478 0.01966494748555562 14.78
1479 0.01964585735441767 14.79
1480 0.01962373518281304 14.8
1481 0.01959594464458985 14.81
1482 0.01958232667728858 14.82
1483 0.01956375010816665 14.83
1484 0.01955603247984628 14.84
1485 0.01954923678223118 14.85
1486 0.01953042463178033 14.86
1487 0.01951378388353404 14.87
1488 0.01946467537354374 14.88
1489 0.01945932688631526 14.89
1490 0.01945998570451503 14.9
1491 0.01943822623240046 14.91
1492 0.0194475476929572 14.92
1493 0.01945298785125862 14.93
1494 0.01945402341872815 14.94
1495 0.01945269046153348 14.95
1496 0.01942376716712476 14.96
1497 0.01943535968781408 14.97
1498 0.01943371211692223 14.98
1499 0.01942127736348773 14.99
1500 0.01939954798383447 15
1501 0.01939215777888369 15.01
1502 0.01937901254673186 15.02
1503 0.01936561819988603 15.03
1504 0.0193553932894038 15.04
1505 0.01937251330029226 15.05
1506 0.01938558479875122 15.06
1507 0.01940008070399816 15.07
1508 0.01942439027417721 15.08
1509 0.01941656002723431 15.09
1510 0.01940149655707436 15.1
1511 0.01947836587972828 15.11
1512 0.01953706549631721 15.12
1513 0.01958114502993448 15.13
1514 0.01960874000964767 15.14
1515 0.01963908004166991 15.15
1516 0.01963994265122107 15.16
1517 0.01965304641877358 15.17
1518 0.0196455901809042 15.18
1519 0.0196510153076529 15.19
1520 0.01967629715516624 15.2
1521 0.01969352890067558 15.21
1522 0.01971459676990723 15.22
1523 0.01971491843674612 15.23
1524 0.019722118621602 15.24
1525 0.01976117550300648 15.25
1526 0.01979319734281634 15.26
1527 0.01981680653312291 15.27
1528 0.01984395895994042 15.28
1529 0.01986695805858451 15.29
1530 0.0198758120835317 15.3
1531 0.01985841582960718 15.31
1532 0.0198598354674686 15.32
1533 0.01986984917794533 15.33
1534 0.0199025304112687 15.34
1535 0.01992472927398922 15.35
1536 0.01994325659090503 15.36
1537 0.01988882492961681 15.37
1538 0.01987688215363764 15.38
1539 0.01986573425837173 15.39
1540 0.01983943121927409 15.4
1541 0.01984279125464968 15.41
1542 0.0198283586681482 15.42
1543 0.01981667798191037 15.43
1544 0.01980613897766663 15.44
1545 0.01981254759509974 15.45
1546 0.01985306775456455 15.46
1547 0.01987383331139229 15.47
1548 0.01984590528612432 15.48
1549 0.01978950416670246 15.49
1550 0.01975284055701611 15.5
1551 0.0196679271028482 15.51
1552 0.01959014598283275 15.52
1553 0.01955529050190505 15.53
1554 0.01947934016774109 15.54
1555 0.01943223389110902 15.55
1556 0.01941968839888078 15.56
1557 0.01941939003273772 15.57
1558 0.01941135206373279 15.58
1559 0.01943417961227246 15.59
1560 0.01945985665413004 15.6
1561 0.01945234881436604 15.61
1562 0.01944645032338048 15.62
1563 0.01943879681202995 15.63
1564 0.01941400298702534 15.64
1565 0.01937260032370663 15.65
1566 0.01932161590536609 15.66
1567 0.01925513719805087 15.67
1568 0.01918956910824761 15.68
1569 0.01913720194896283 15.69
1570 0.01909435201957844 15.7
1571 0.01901263746826072 15.71
1572 0.01901914490207572 15.72
1573 0.0190203925714451 15.73
1574 0.01901574117800316 15.74
1575 0.01901748369445362 15.75
1576 0.01902156574381082 15.76
1577 0.01900994239916442 15.77
1578 0.01899257104897821 15.78
1579 0.01896813730000009 15.79
1580 0.01893932258798068 15.8
1581 0.01891728950021571 15.81
1582 0.01889811349530647 15.82
1583 0.01887404788392694 15.83
1584 0.01884222642344487 15.84
1585 0.01882516004438639 15.85
1586 0.01879535611329458 15.86
1587 0.0187850156171786 15.87
1588 0.01876537355657196 15.88
1589 0.01874970730053153 15.89
1590 0.01875713290990085 15.9
1591 0.01876968443314951 15.91
1592 0.01877857858041606 15.92
1593 0.01878723079070372 15.93
1594 0.01880289324452066 15.94
1595 0.01878987076139085 15.95
1596 0.01877447096876236 15.96
1597 0.01877505659460779 15.97
1598 0.01877992504030485 15.98
1599 0.01877106404874619 15.99
1600 0.01876560944012309 16
1601 0.01878481295148814 16.01
1602 0.01879450426717093 16.02
1603 0.01881775313306952 16.03
1604 0.0188119969000336 16.04
1605 0.01884597553828514 16.05
1606 0.01885278337267537 16.06
1607 0.01885541859881497 16.07
1608 0.01887149711829432 16.08
1609 0.01887443001751035 16.09
1610 0.01885857443330976 16.1
1611 0.01885537196146711 16.11
1612 0.01885252617541368 16.12
1613 0.01886457060558029 16.13
1614 0.01888740764683439 16.14
1615 0.018916099178647 16.15
1616 0.01896654679547175 16.16
1617 0.01898814009732983 16.17
1618 0.01903667709601336 16.18
1619 0.0190667055594448 16.19
1620 0.01910457452063291 16.2
1621 0.01915434037851935 16.21
1622 0.01917980810929693 16.22
1623 0.01919439193349222 16.23
1624 0.01917919016370336 16.24
1625 0.0191833246939588 16.25
1626 0.01918985174259247 16.26
1627 0.01918727072862171 16.27
1628 0.01919773745175495 16.28
1629 0.01920460892438012 16.29
1630 0.01923043795368602 16.3
1631 0.01924692993055895 16.31
1632 0.01925381643358464 16.32
1633 0.01927367368761448 16.33
1634 0.01927112812491898 16.34
1635 0.01927721954428344 16.35
1636 0.01931559755049666 16.36
1637 0.01931948893747563 16.37
1638 0.01929308947426848 16.38
1639 0.01930648520347531 16.39
1640 0.01932353676493226 16.4
1641 0.01933372951987701 16.41
1642 0.01934180732328773 16.42
1643 0.01934615048990815 16.43
1644 0.01933915025878272 16.44
1645 0.01933801347075087 16.45
1646 0.01932801743055561 16.46
1647 0.01928754525749312 16.47
1648 0.0192611492704324 16.48
1649 0.01926457143637579 16.49
1650 0.01925857017696388 16.5
1651 0.01926153876207824 16.51
1652 0.01926695236592341 16.52
1653 0.01926248374481271 16.53
1654 0.01926246967774441 16.54
1655 0.01926725582776843 16.55
1656 0.01923994493171426 16.56
1657 0.01924352464060158 16.57
1658 0.01925447993103958 16.58
1659 0.01928164336862659 16.59
1660 0.01930257778933955 16.6
1661 0.01930060175619751 16.61
1662 0.01932946629039506 16.62
1663 0.01937805405002785 16.63
1664 0.01939118703023671 16.64
1665 0.01939286779762847 16.65
1666 0.01940493951044552 16.66
1667 0.01940418127742362 16.67
1668 0.01940090909308268 16.68
1669 0.01941282865030083 16.69
1670 0.01943677343790124 16.7
1671 0.01949220091069267 16.71
1672 0.01955130525162282 16.72
1673 0.01960838777628771 16.73
1674 0.01967948601635795 16.74
1675 0.01972992341771422 16.75
1676 0.01977576744254536 16.76
1677 0.01985504342160343 16.77
1678 0.01993424657725923 16.78
1679 0.01998844246556485 16.79
1680 0.02003219984628547 16.8
1681 0.02007396715695411 16.81
1682 0.02013186682526244 16.82
1683 0.02017262887090978 16.83
1684 0.02020062965066476 16.84
1685 0.02022276323700052 16.85
1686 0.0202540824398549 16.86
1687 0.02028893253981522 16.87
1688 0.02030788162039292 16.88
1689 0.0203913626903936 16.89
1690 0.02049046742080599 16.9
1691 0.02057585509388835 16.91
1692 0.02062533780571806 16.92
1693 0.0206606483300871 16.93
1694 0.02069046891593121 16.94
1695 0.02069655179227878 16.95
1696 0.02070007685405067 16.96
1697 0.02072406096420311 16.97
1698 0.02080255588981323 16.98
1699 0.02081554266895418 16.99
1700 0.02079780002127225 17
1701 0.02075470624014963 17.01
1702 0.02074821487875936 17.02
1703 0.02072319438289028 17.03
1704 0.02069503362813959 17.04
1705 0.02066642786043968 17.05
1706 0.02063608224314239 17.06
1707 0.02063265677315705 17.07
1708 0.02063520659402374 17.08
1709 0.02055889243120152 17.09
1710 0.02048137899291014 17.1
1711 0.02042015082809233 17.11
1712 0.02037246425781212 17.12
1713 0.02036498421664418 17.13
1714 0.02029681353054104 17.14
1715 0.02030182282994764 17.15
1716 0.02028624687663053 17.16
1717 0.02023305295884411 17.17
1718 0.02022356962962052 17.18
1719 0.02019798489487753 17.19
1720 0.02016863698597472 17.2
1721 0.02012286265947042 17.21
1722 0.02008151208219053 17.22
1723 0.02004012228539904 17.23
1724 0.01999945596599401 17.24
1725 0.01997189317712251 17.25
1726 0.01993648906704045 17.26
1727 0.01992538277157106 17.27
1728 0.01990114779088557 17.28
1729 0.01991004883953726 17.29
1730 0.01986136582292437 17.3
1731 0.01981209500015879 17.31
1732 0.01976557769327707 17.32
1733 0.01972493528074006 17.33
1734 0.01968897866099651 17.34
1735 0.01966832852707687 17.35
1736 0.01966842059452503 17.36
1737 0.01966991056421832 17.37
1738 0.01965948299256799 17.38
1739 0.01966036707098875 17.39
1740 0.0196945916081894 17.4
1741 0.01968320613926187 17.41
1742 0.01970286853555967 17.42
1743 0.01969097294745415 17.43
1744 0.01968573043437306 17.44
1745 0.01968565210260876 17.45
1746 0.01966159619351664 17.46
1747 0.0196356864944242 17.47
1748 0.01960197637307676 17.48
1749 0.01957964399592904 17.49
1750 0.01957258071066365 17.5
1751 0.01956300813602489 17.51
1752 0.0195678837130371 17.52
1753 0.01955661423484817 17.53
1754 0.01954008499607519 17.54
1755 0.01956038764463524 17.55
1756 0.01955713332556068 17.56
1757 0.01956022979085973 17.57
1758 0.01954601776885878 17.58
1759 0.01953668492188443 17.59
1760 0.01952944556567847 17.6
1761 0.01954096220480444 17.61
1762 0.01954564025237736 17.62
1763 0.01950211022684163 17.63
1764 0.01949371167450767 17.64
1765 0.01948498630519695 17.65
1766 0.01945588902017402 17.66
1767 0.01943172184765275 17.67
1768 0.01941236525720872 17.68
1769 0.0194171959246403 17.69
1770 0.01941667685132628 17.7
1771 0.01942191747075488 17.71
1772 0.01943391091518651 17.72
1773 0.01944532991543753 17.73
1774 0.01945841505752859 17.74
1775 0.01947203722301227 17.75
1776 0.01944717310666892 17.76
1777 0.01943194954527822 17.77
1778 0.01945194309038455 17.78
1779 0.01946023589080038 17.79
1780 0.01947074129757156 17.8
1781 0.01945781566778593 17.81
1782 0.01946227995929332 17.82
1783 0.01944937197685268 17.83
1784 0.01945710035903518 17.84
1785 0.01942033971509135 17.85
1786 0.01939166951995324 17.86
1787 0.01936826267999741 17.87
1788 0.01935379718457458 17.88
1789 0.01934384806176206 17.89
1790 0.01936697202041003 17.9
1791 0.01937599415255828 17.91
1792 0.01937201804152761 17.92
1793 0.01935120343790081 17.93
1794 0.0193415306867184 17.94
1795 0.01927550356780373 17.95
1796 0.01926259296982146 17.96
1797 0.01925907638527834 17.97
1798 0.01928258506595387 17.98
1799 0.01931650025694796 17.99
1800 0.01933147144674671 18
1801 0.01936768063597231 18.01
1802 0.01936862041445516 18.02
1803 0.01940809001495959 18.03
1804 0.01940063696620327 18.04
1805 0.01936962187610558 18.05
1806 0.0193566102783658 18.06
1807 0.01931879665674677 18.07
1808 0.01929507749859068 18.08
1809 0.01925971178161656 18.09
1810 0.01924430858179075 18.1
1811 0.01922555425389898 18.11
1812 0.0192190471399112 18.12
1813 0.01920956522730806 18.13
1814 0.01922107227893206 18.14
1815 0.01924853854291967 18.15
1816 0.01921310520248966 18.16
1817 0.01921318930893507 18.17
1818 0.01925873768373033 18.18
1819 0.01930223737936064 18.19
1820 0.01937893935791237 18.2
1821 0.01941187474479465 18.21
1822 0.01940654642409891 18.22
1823 0.01938813470638751 18.23
1824 0.01937238927837013 18.24
1825 0.01937713318404748 18.25
1826 0.01937536550896002 18.26
1827 0.01936156670571986 18.27
1828 0.01937201058340347 18.28
1829 0.01939770148824049 18.29
1830 0.0194638417218799 18.3
1831 0.01948718526356797 18.31
1832 0.01948102023609568 18.32
1833 0.01946588286467254 18.33
1834 0.0194715323521813 18.34
1835 0.01947929179706169 18.35
1836 0.01952566309110464 18.36
1837 0.0195305897685786 18.37
1838 0.01959134901763688 18.38
1839 0.01964905940374706 18.39
1840 0.01969374839853841 18.4
1841 0.01970695412805238 18.41
1842 0.01973215280109219 18.42
1843 0.01973068428268671 18.43
1844 0.01975005679388423 18.44
1845 0.01976781789277942 18.45
1846 0.01978738198933894 18.46
1847 0.01980950721985867 18.47
1848 0.01982580209613449 18.48
1849 0.01983237145035129 18.49
1850 0.01982321443083802 18.5
1851 0.01984209253712753 18.51
1852 0.01981326770295505 18.52
1853 0.01981027141597234 18.53
1854 0.01980334426698855 18.54
1855 0.01980367035701708 18.55
1856 0.01984243278418969 18.56
1857 0.019899594958867 18.57
1858 0.01992277991199079 18.58
1859 0.01994096746512691 18.59
1860 0.01994982642076011 18.6
1861 0.01994182800839255 18.61
1862 0.01994898759758187 18.62
1863 0.01993806704731841 18.63
1864 0.01993032037458812 18.64
1865 0.0199484590340285 18.65
1866 0.01995357633854384 18.66
1867 0.01994769938348839 18.67
1868 0.0199297409237164 18.68
1869 0.01993638019015039 18.69
1870 0.01990488159129629 18.7
1871 0.01989703661563279 18.71
1872 0.01990700452731852 18.72
1873 0.01992765486514533 18.73
1874 0.01993265596582716 18.74
1875 0.01995636026396025 18.75
1876 0.02000568268732656 18.76
1877 0.02001113451944094 18.77
1878 0.02004039302847048 18.78
1879 0.02005340559929243 18.79
1880 0.0200801514373736 18.8
1881 0.02009361713433394 18.81
1882 0.02009750771537434 18.82
1883 0.02009689963471428 18.83
1884 0.02009740727799701 18.84
1885 0.02011439608900533 18.85
1886 0.02011253813187813 18.86
1887 0.02010550572443031 18.87
1888 0.02012431059622964 18.88
1889 0.02012856046882615 18.89
1890 0.0201543476814975 18.9
1891 0.02015841651118973 18.91
1892 0.02019384866021405 18.92
1893 0.02023286260343854 18.93
1894 0.02023719911716035 18.94
1895 0.02025775361019443 18.95
1896 0.02026471414927718 18.96
1897 0.02027298672184193 18.97
1898 0.02024481355424884 18.98
1899 0.02023617120576241 18.99
1900 0.02024234663997732 19
1901 0.02026194671093282 19.01
1902 0.02025243963097816 19.02
1903 0.02023384589858238 19.03
1904 0.02022661710323576 19.04
1905 0.02025207173361845 19.05
1906 0.02028172468581676 19.06
1907 0.02032083628130359 19.07
1908 0.02036575043487257 19.08
1909 0.02043538277239466 19.09
1910 0.02047212511783909 19.1
1911 0.02050051794518497 19.11
1912 0.02050906150109615 19.12
1913 0.02050802252975244 19.13
1914 0.02048945799320229 19.14
1915 0.02047826844831398 19.15
1916 0.02044690608450016 19.16
1917 0.02044296973205074 19.17
1918 0.02044983754357839 19.18
1919 0.02043799983393102 19.19
1920 0.02044344643050592 19.2
1921 0.02045039181999119 19.21
1922 0.02045724489098374 19.22
1923 0.02045544000015645 19.23
1924 0.02046437293796308 19.24
1925 0.02047306923625461 19.25
1926 0.0204662759956663 19.26
1927 0.02047503604926511 19.27
1928 0.02047009229396904 19.28
1929 0.02048774705698645 19.29
1930 0.02048556068800723 19.3
1931 0.02048830215004762 19.31
1932 0.02047818446149178 19.32
1933 0.02047431806038349 19.33
1934 0.02046756711062235 19.34
1935 0.02044635176194962 19.35
1936 0.02043000975294944 19.36
1937 0.02041101429750158 19.37
1938 0.02037282632364989 19.38
1939 0.02034268814231756 19.39
1940 0.02030611193839083 19.4
1941 0.02028372464627114 19.41
1942 0.02026361081076271 19.42
1943 0.02024922538277526 19.43
1944 0.0202340051189791 19.44
1945 0.02021294156712111 19.45
1946 0.02019804683631113 19.46
1947 0.0201734710383135 19.47
1948 0.02014967911162455 19.48
1949 0.02009596248375586 19.49
1950 0.02008473696432187 19.5
1951 0.02004110706974238 19.51
1952 0.02002582397258624 19.52
1953 0.0200058571101094 19.53
1954 0.01997182744074249 19.54
1955 0.01990588124641325 19.55
1956 0.01985145687521385 19.56
1957 0.01978505893001789 19.57
1958 0.01975366234370662 19.58
1959 0.01971650885010022 19.59
1960 0.01968456267431604 19.6
1961 0.01966656075459185 19.61
1962 0.019634690436144 19.62
1963 0.01961622450672041 19.63
1964 0.0195966584444196 19.64
1965 0.01957870947965697 19.65
1966 0.01957043611182644 19.66
1967 0.0195334002915463 19.67
1968 0.01950746251367428 19.68
1969 0.01947371851578511 19.69
1970 0.0194476223809664 19.7
1971 0.01940080529187662 19.71
1972 0.01935623711266011 19.72
1973 0.0193130530900528 19.73
1974 0.01928984403709808 19.74
1975 0.01924998637641106 19.75
1976 0.01922562030026676 19.76
1977 0.01919591157534655 19.77
1978 0.01917303703978899 19.78
1979 0.0191586881806275 19.79
1980 0.01913756537244841 19.8
1981 0.01913351162529839 19.81
1982 0.01914775108270054 19.82
1983 0.01913755850653386 19.83
1984 0.01912332654352401 19.84
1985 0.01910267381337888 19.85
1986 0.01908750515696995 19.86
1987 0.01906030475978917 19.87
1988 0.01904026945733411 19.88
1989 0.01899815807527745 19.89
1990 0.01898782046895577 19.9
1991 0.01897801692088658 19.91
1992 0.0189765197348099 19.92
1993 0.01897163808863333 19.93
1994 0.01896777309824769 19.94
1995 0.01894380023695121 19.95
1996 0.01892034139731273 19.96
1997 0.01893473038688526 19.97
1998 0.01895658772081648 19.98
1999 0.0189611858659912 19.99
2000 0.01896230290695343 20
2001 0.01895257420294373 20.01
2002 0.01895490328326166 20.02
2003 0.01895006795808298 20.03
2004 0.01895028098236791 20.04
2005 0.01894140037556841 20.05
2006 0.01894131540634436 20.06
2007 0.0189170948372352 20.07
2008 0.01888716271545039 20.08
2009 0.01888657577848186 20.09
2010 0.01890664005336379 20.1
2011 0.01891417837027329 20.11
2012 0.01890195324218537 20.12
2013 0.01887886167522762 20.13
2014 0.01886685176320835 20.14
2015 0.01887162788407789 20.15
2016 0.01889290834877849 20.16
2017 0.01891941749834622 20.17
2018 0.01893492873637267 20.18
2019 0.01893693774473349 20.19
2020 0.01894126326807454 20.2
2021 0.01894871377025992 20.21
2022 0.01894460169334274 20.22
2023 0.0189535471891789 20.23
2024 0.01895812277792204 20.24
2025 0.01894360571544159 20.25
2026 0.01892864311445299 20.26
2027 0.01890598158416071 20.27
2028 0.01890761318784287 20.28
2029 0.0189150796689165 20.29
2030 0.0189045270192342 20.3
2031 0.01890237620481888 20.31
2032 0.01891738237434713 20.32
2033 0.01891827884183394 20.33
2034 0.01891668496218783 20.34
2035 0.01891582249698374 20.35
2036 0.01894307940324119 20.36
2037 0.01892646502296644 20.37
2038 0.01892111344661516 20.38
2039 0.01891234067014374 20.39
2040 0.01890229501733025 20.4
2041 0.01889047715833763 20.41
2042 0.01892709601695501 20.42
2043 0.01892505298673346 20.43
2044 0.01893531117513955 20.44
2045 0.01893001176579713 20.45
2046 0.01894124310894174 20.46
2047 0.01895851034578111 20.47
2048 0.01897273205892105 20.48
2049 0.0189948078186816 20.49
2050 0.01900947408197712 20.5
2051 0.01903664788801149 20.51
2052 0.01908581922824045 20.52
2053 0.01910586327375965 20.53
2054 0.01911170633564055 20.54
2055 0.01911344795232437 20.55
2056 0.01913479340926419 20.56
2057 0.01912393351917765 20.57
2058 0.01911053504562916 20.58
2059 0.01912023035982442 20.59
2060 0.01912762745681364 20.6
2061 0.01914339578112059 20.61
2062 0.01917292845089634 20.62
2063 0.01922876483675012 20.63
2064 0.01928176341589796 20.64
2065 0.01931840773640321 20.65
2066 0.01934951772862447 20.66
2067 0.01937184526289854 20.67
2068 0.019388092098191 20.68
2069 0.01942583753616066 20.69
2070 0.01945869365436416 20.7
2071 0.01948583398577964 20.71
2072 0.0195040629619162 20.72
2073 0.01951645875838599 20.73
2074 0.01954191331103592 20.74
2075 0.01955994207450968 20.75
2076 0.01959674784454149 20.76
2077 0.01961989045638448 20.77
2078 0.01965278159867276 20.78
2079 0.01966367174803458 20.79
2080 0.01966271187085076 20.8
2081 0.01970167666960286 20.81
2082 0.01974098655333064 20.82
2083 0.01975348107120226 20.83
2084 0.01979679969614199 20.84
2085 0.01982283731834445 20.85
2086 0.01983754654802697 20.86
2087 0.01981362098338412 20.87
2088 0.01979926275793046 20.88
2089 0.01978554307756368 20.89
2090 0.01977125700426977 20.9
2091 0.01976073794486902 20.91
2092 0.01975788383907518 20.92
2093 0.01974730607251069 20.93
2094 0.01976783461797961 20.94
2095 0.01978052591217188 20.95
2096 0.01980629580816983 20.96
2097 0.01983597613903251 20.97
2098 0.0198877349891998 20.98
2099 0.01991403480519721 20.99
2100 0.01989590819731529 21
2101 0.0198808577078253 21.01
2102 0.01982948928770331 21.02
2103 0.01977050433775454 21.03
2104 0.01974999083127294 21.04
2105 0.01973818695372511 21.05
2106 0.01971688557342585 21.06
2107 0.01970429817371724 21.07
2108 0.01972152281266855 21.08
2109 0.01969162224897567 21.09
2110 0.01967307130239823 21.1
2111 0.01966903603970357 21.11
2112 0.0196936015411067 21.12
2113 0.01972112275723261 21.13
2114 0.01971413891563508 21.14
2115 0.01973337267191217 21.15
2116 0.01972777708960043 21.16
2117 0.01966437295514183 21.17
2118 0.01960358428596624 21.18
2119 0.01961528639177025 21.19
2120 0.01959440557976162 21.2
2121 0.01957140452114364 21.21
2122 0.01962312996220948 21.22
2123 0.01968547558664823 21.23
2124 0.01979147920439897 21.24
2125 0.0198877617984877 21.25
2126 0.01993809777986893 21.26
2127 0.02002090257459409 21.27
2128 0.02003449172515986 21.28
2129 0.02003414460138418 21.29
2130 0.01999564957128531 21.3
2131 0.01999113402917367 21.31
2132 0.01999078770830183 21.32
2133 0.02000196534888068 21.33
2134 0.02000535428059027 21.34
2135 0.02002773753818533 21.35
2136 0.02003099464859704 21.36
2137 0.02004915786278292 21.37
2138 0.02007342502251544 21.38
2139 0.02006628772794179 21.39
2140 0.02012406249109932 21.4
2141 0.02017264867904901 21.41
2142 0.02024177518322861 21.42
2143 0.02028483787855082 21.43
2144 0.02034483789367891 21.44
2145 0.02039038433051052 21.45
2146 0.02040771673532534 21.46
2147 0.02040861256817665 21.47
2148 0.02044280199223366 21.48
2149 0.02044280366554306 21.49
2150 0.02044418605122664 21.5
2151 0.02042255878022254 21.51
2152 0.02037436426308794 21.52
2153 0.02035251192324196 21.53
2154 0.02031906608175408 21.54
2155 0.02027071335850465 21.55
2156 0.02024883829008037 21.56
2157 0.02026986121580142 21.57
2158 0.02025813562215871 21.58
2159 0.02025928131642368 21.59
2160 0.02025619119853831 21.6
2161 0.02026016315788787 21.61
2162 0.02025689916024666 21.62
2163 0.02024906968823438 21.63
2164 0.02022235727413713 21.64
2165 0.02018952326118724 21.65
2166 0.02015875017944182 21.66
2167 0.02012710547774791 21.67
2168 0.02011494856122685 21.68
2169 0.02010459039509363 21.69
2170 0.02010025814586539 21.7
2171 0.02008907895243586 21.71
2172 0.02008481475424366 21.72
2173 0.02008535635612788 21.73
2174 0.0200717350282501 21.74
2175 0.02005191525768034 21.75
2176 0.0200104714561205 21.76
2177 0.02001640762597807 21.77
2178 0.0199979872346395 21.78
2179 0.01999463261288705 21.79
2180 0.0199683285948355 21.8
2181 0.01995211782834833 21.81
2182 0.01992815400909564 21.82
2183 0.01991384345926217 21.83
2184 0.01989801367348299 21.84
2185 0.01989190121830902 21.85
2186 0.0198850965744976 21.86
2187 0.01987820352490702 21.87
2188 0.01986317678287668 21.88
2189 0.01986167449397192 21.89
2190 0.01986059525583186 21.9
2191 0.0198547626362771 21.91
2192 0.01984306118952637 21.92
2193 0.0198406671115921 21.93
2194 0.01983363253817739 21.94
2195 0.01981659499972297 21.95
2196 0.01980172542528384 21.96
2197 0.01978489529545092 21.97
2198 0.0197747052592741 21.98
2199 0.01977334714957324 21.99
2200 0.0197694189688233 22
2201 0.01975627687133535 22.01
2202 0.01974925269239377 22.02
2203 0.01973026347561106 22.03
2204 0.01971574018346791 22.04
2205 0.01972157592954396 22.05
2206 0.01972281834469961 22.06
2207 0.01971253937890611 22.07
2208 0.01969755899209784 22.08
2209 0.01969309304544558 22.09
2210 0.01967276260868302 22.1
2211 0.01966506898827217 22.11
2212 0.01964776897017047 22.12
2213 0.01963480003146462 22.13
2214 0.01962560193115099 22.14
2215 0.01961948281815505 22.15
2216 0.01962270372120907 22.16
2217 0.0196169857275197 22.17
2218 0.01961152504731102 22.18
2219 0.01960492093950038 22.19
2220 0.01959426815686301 22.2
2221 0.01958027246616492 22.21
2222 0.01957541866875099 22.22
2223 0.01956880465354267 22.23
2224 0.01955729796877949 22.24
2225 0.01954481442744754 22.25
2226 0.01951991636597723 22.26
2227 0.01951252183725108 22.27
2228 0.01950391035680649 22.28
2229 0.01946114606926671 22.29
2230 0.01944939667700053 22.3
2231 0.019436798455317 22.31
2232 0.019419992337544 22.32
2233 0.01941188260748932 22.33
2234 0.01939763635408804 22.34
2235 0.01938901583698048 22.35
2236 0.01939768392705155 22.36
2237 0.01939740691293832 22.37
2238 0.01939673763913175 22.38
2239 0.01939938785187682 22.39
2240 0.01940675995016501 22.4
2241 0.01940285060222658 22.41
2242 0.0193907126292864 22.42
2243 0.0193732590089428 22.43
2244 0.01936143735964719 22.44
2245 0.01936724471117255 22.45
2246 0.01936612635700105 22.46
2247 0.01935699902776605 22.47
2248 0.01935893240937049 22.48
2249 0.0193637115850384 22.49
2250 0.01934557027964367 22.5
2251 0.01934301031305392 22.51
2252 0.01931820066369101 22.52
2253 0.01931136634739513 22.53
2254 0.01927928352809553 22.54
2255 0.01925134544913716 22.55
2256 0.01923084137913424 22.56
2257 0.01922183842527954 22.57
2258 0.01921440228322384 22.58
2259 0.01920410680204011 22.59
2260 0.01920183100774615 22.6
2261 0.01919722956527608 22.61
2262 0.01917812837933868 22.62
2263 0.01916613684019061 22.63
2264 0.01916366671757339 22.64
2265 0.01916588349642984 22.65
2266 0.01915684748903052 22.66
2267 0.01914588424497347 22.67
2268 0.01912176960005102 22.68
2269 0.01912171292862572 22.69
2270 0.01912470519938258 22.7
2271 0.01913183450735969 22.71
2272 0.01912892864965646 22.72
2273 0.01912959763117407 22.73
2274 0.01911976532165347 22.74
2275 0.01910201766618045 22.75
2276 0.01908195376655182 22.76
2277 0.01906567017361032 22.77
2278 0.01904973883127407 22.78
2279 0.01904222850586147 22.79
2280 0.01903132536466481 22.8
2281 0.01902811285526164 22.81
2282 0.01903392167586149 22.82
2283 0.01903966853213525 22.83
2284 0.0190458679993703 22.84
2285 0.01909462386947256 22.85
2286 0.01913119505067865 22.86
2287 0.01914737843201584 22.87
2288 0.01914261273359815 22.88
2289 0.01911520879712745 22.89
2290 0.01908764466889855 22.9
2291 0.01908844742861627 22.91
2292 0.01908690458452123 22.92
2293 0.01908600114588593 22.93
2294 0.01910372191232595 22.94
2295 0.01911577360543608 22.95
2296 0.01914085604416342 22.96
2297 0.01915160466161092 22.97
2298 0.01916524597765636 22.98
2299 0.019167656676538 22.99
2300 0.01917628758504843 23
2301 0.01918621155539662 23.01
2302 0.0192094481074442 23.02
2303 0.01921516557260409 23.03
2304 0.01922672354889807 23.04
2305 0.01922941792856069 23.05
2306 0.01923030087768619 23.06
2307 0.01922326342230988 23.07
2308 0.01921918083461695 23.08
2309 0.01921867629740929 23.09
2310 0.01922813674820106 23.1
2311 0.01922858683172475 23.11
2312 0.01923678231606823 23.12
2313 0.0192391172901549 23.13
2314 0.01925127170426379 23.14
2315 0.01926825654819007 23.15
2316 0.0192717369047528 23.16
2317 0.01927237282569637 23.17
2318 0.0192651821468541 23.18
2319 0.01926760481818952 23.19
2320 0.01926240108188212 23.2
2321 0.01926056323133549 23.21
2322 0.01925300556517849 23.22
2323 0.01925415015842016 23.23
2324 0.01925510303818125 23.24
2325 0.01925077931268517 23.25
2326 0.01923954084322588 23.26
2327 0.01923363349705277 23.27
2328 0.01923204693375685 23.28
2329 0.01922614356454896 23.29
2330 0.01923248242364669 23.3
2331 0.01923710405729384 23.31
2332 0.01923168421527374 23.32
2333 0.01922646170283666 23.33
2334 0.01921844124798457 23.34
2335 0.01921038140711282 23.35
2336 0.01919271593469827 23.36
2337 0.01918345227112727 23.37
2338 0.01916619246432565 23.38
2339 0.01916491599119087 23.39
2340 0.01917090577205554 23.4
2341 0.01917097873008277 23.41
2342 0.01918105106115709 23.42
2343 0.01918285428798223 23.43
2344 0.0191910629634915 23.44
2345 0.01919376378877646 23.45
2346 0.0192003538826001 23.46
2347 0.01920082898959948 23.47
2348 0.01920156619011344 23.48
2349 0.01920796162056177 23.49
2350 0.01921956247586705 23.5
2351 0.01922093388920984 23.51
2352 0.01922935515883781 23.52
2353 0.019229674471513 23.53
2354 0.01921586021108515 23.54
2355 0.01920720221464375 23.55
2356 0.01920207553353488 23.56
2357 0.01919617553326937 23.57
2358 0.01919348024318497 23.58
2359 0.01920629893956463 23.59
2360 0.01920938704897259 23.6
2361 0.01922098016817952 23.61
2362 0.01923895443473872 23.62
2363 0.0192470533766115 23.63
2364 0.01925585899728048 23.64
2365 0.01928237936966733 23.65
2366 0.01928217809147828 23.66
2367 0.01929153153787041 23.67
2368 0.01930487735803713 23.68
2369 0.01930673185930747 23.69
2370 0.01931254130448426 23.7
2371 0.0193117179752884 23.71
2372 0.01931161600641189 23.72
2373 0.01931839729743815 23.73
2374 0.01932152830489105 23.74
2375 0.0193456101333081 23.75
2376 0.01937013299817996 23.76
2377 0.01940548330750557 23.77
2378 0.01941913909224246 23.78
2379 0.01943195861426603 23.79
2380 0.01943535512449305 23.8
2381 0.01942689103648887 23.81
2382 0.01941292171457656 23.82
2383 0.01941534388799692 23.83
2384 0.01940872617229973 23.84
2385 0.01942498214005146 23.85
2386 0.01942115022733096 23.86
2387 0.01942260108672817 23.87
2388 0.01943941218966124 23.88
2389 0.01944770254393628 23.89
2390 0.01946814766765202 23.9
2391 0.019498651180801 23.91
2392 0.01950582495620784 23.92
2393 0.01952685040362042 23.93
2394 0.01954800382181797 23.94
2395 0.01954876229999983 23.95
2396 0.01954367680629416 23.96
2397 0.01952869710663875 23.97
2398 0.01951831768052624 23.98
2399 0.01951331845071148 23.99
2400 0.01951024475212684 24
2401 0.01950615826666385 24.01
2402 0.01951846475188661 24.02
2403 0.01951874322809771 24.03
2404 0.01954661821121483 24.04
2405 0.01956159285786406 24.05
2406 0.01957703743177299 24.06
2407 0.01959345589581825 24.07
2408 0.01960785460366559 24.08
2409 0.01961327141651545 24.09
2410 0.01962201634340736 24.1
2411 0.01961726567078141 24.11
2412 0.01960207932892167 24.12
2413 0.0195920117404703 24.13
2414 0.01957188434328292 24.14
2415 0.01957241442056213 24.15
2416 0.01956441828552788 24.16
2417 0.01957240909548205 24.17
2418 0.01957449600446553 24.18
2419 0.0195913619195698 24.19
2420 0.01960536449014661 24.2
2421 0.01963071448679635 24.21
2422 0.01963830615729158 24.22
2423 0.01965900649548119 24.23
2424 0.0196796932838459 24.24
2425 0.01970928674434422 24.25
2426 0.01968104591232786 24.26
2427 0.01965572316202301 24.27
2428 0.0196149690972748 24.28
2429 0.01959728394740425 24.29
2430 0.01959232456226563 24.3
2431 0.01962316629305454 24.31
2432 0.01963996839050948 24.32
2433 0.0196831360202228 24.33
2434 0.0197187193361355 24.34
2435 0.01971928274127518 24.35
2436 0.01971685597672623 24.36
2437 0.01973306830994129 24.37
2438 0.01971742979671736 24.38
2439 0.01971888328044371 24.39
2440 0.01969594733213126 24.4
2441 0.0196750301362846 24.41
2442 0.01966703575054185 24.42
2443 0.01966050961015271 24.43
2444 0.01962191665748519 24.44
2445 0.01961137027620437 24.45
2446 0.01962467558770738 24.46
2447 0.01961647755711767 24.47
2448 0.01959078222460986 24.48
2449 0.01960088065595546 24.49
2450 0.01957403002928518 24.5
2451 0.0195734415302381 24.51
2452 0.01957026452664985 24.52
2453 0.01958439530368922 24.53
2454 0.01961711642719619 24.54
2455 0.01963509120420636 24.55
2456 0.01965396049165969 24.56
2457 0.01966606595232944 24.57
2458 0.01966019089055955 24.58
2459 0.01964907773188307 24.59
2460 0.01962458166881103 24.6
2461 0.01958817297328739 24.61
2462 0.01955777918189211 24.62
2463 0.01950342596338427 24.63
2464 0.01945993317553175 24.64
2465 0.01941590044060865 24.65
2466 0.01939252839268334 24.66
2467 0.01937625280021762 24.67
2468 0.01937717348157556 24.68
2469 0.01938430547871865 24.69
2470 0.0193887434518614 24.7
2471 0.01938904764166046 24.71
2472 0.01938867146947584 24.72
2473 0.01938983399917695 24.73
2474 0.01939039307976275 24.74
2475 0.01939518988735087 24.75
2476 0.01939793181603735 24.76
2477 0.01938476510590686 24.77
2478 0.01938025452479667 24.78
2479 0.01936708701292242 24.79
2480 0.01936039394029408 24.8
2481 0.01935758849110004 24.81
2482 0.01936197238526576 24.82
2483 0.01936402970648023 24.83
2484 0.01935816076797225 24.84
2485 0.01934939700533732 24.85
2486 0.01933279071732646 24.86
2487 0.01931113680953855 24.87
2488 0.01929414836053208 24.88
2489 0.01928634582583207 24.89
2490 0.01927974348315801 24.9
2491 0.01927278849194391 24.91
2492 0.01927657690242525 24.92
2493 0.01927743738534815 24.93
2494 0.01926354909618484 24.94
2495 0.01924649511020162 24.95
2496 0.01924132930330857 24.96
2497 0.01924161835749521 24.97
2498 0.01923497775444371 24.98
2499 0.01921839434975639 24.99
2500 0.01921003471162662 25
2501 0.01921376227409051 25.01
2502 0.01923105119554443 25.02
2503 0.01924049764322468 25.03
2504 0.01924474207825247 25.04
2505 0.01924289107948995 25.05
2506 0.01925266087807949 25.06
2507 0.01926427425145594 25.07
2508 0.0192746095708518 25.08
2509 0.01927947351453031 25.09
2510 0.01928575723829333 25.1
2511 0.01929306575463945 25.11
2512 0.01930694578427944 25.12
2513 0.01931809655331366 25.13
2514 0.01933074103458885 25.14
2515 0.01933857423193066 25.15
2516 0.01934574268277841 25.16
2517 0.01934919297206969 25.17
2518 0.01935323774472328 25.18
2519 0.01935865971363292 25.19
2520 0.01935753287224139 25.2
2521 0.01936428998138218 25.21
2522 0.01938537229411654 25.22
2523 0.0194074878203274 25.23
2524 0.01943124540263614 25.24
2525 0.01944347596351674 25.25
2526 0.01946337249633 25.26
2527 0.01946898714255177 25.27
2528 0.01949377893541758 25.28
2529 0.01950279088031351 25.29
2530 0.01951262423283111 25.3
2531 0.01952287880313905 25.31
2532 0.01953458104956635 25.32
2533 0.01954763543128692 25.33
2534 0.01955426741394757 25.34
2535 0.0195621256094174 25.35
2536 0.01958097786623364 25.36
2537 0.01959226586802549 25.37
2538 0.01959734155408365 25.38
2539 0.01961031221035232 25.39
2540 0.01961727749033159 25.4
2541 0.01962421618428171 25.41
2542 0.0196444206451704 25.42
2543 0.01966044038927499 25.43
2544 0.01967342642521578 25.44
2545 0.01969093361608768 25.45
2546 0.01970257920811035 25.46
2547 0.01971302469446346 25.47
2548 0.01972024575448562 25.48
2549 0.0197138848728629 25.49
2550 0.01970805640598042 25.5
2551 0.01970594330854809 25.51
2552 0.01970665090157346 25.52
2553 0.01970434536357419 25.53
2554 0.01970659111130208 25.54
2555 0.01970717411025074 25.55
2556 0.01970452881018378 25.56
2557 0.01969763513634969 25.57
2558 0.01970671983724099 25.58
2559 0.01972058522715573 25.59
2560 0.01973942523193848 25.6
2561 0.01974555435797011 25.61
2562 0.01974856856393986 25.62
2563 0.01975390108759155 25.63
2564 0.0197576119074807 25.64
2565 0.01975931555117374 25.65
2566 0.01975110457360462 25.66
2567 0.01974356768297712 25.67
2568 0.01974002566296343 25.68
2569 0.01973935294750107 25.69
2570 0.01973400442558313 25.7
2571 0.01972679179114457 25.71
2572 0.01971976904878592 25.72
2573 0.01971372285027218 25.73
2574 0.01970416864332665 25.74
2575 0.01970132993956554 25.75
2576 0.01968789870634799 25.76
2577 0.01967799917349588 25.77
2578 0.01964550070579469 25.78
2579 0.01962258115534054 25.79
2580 0.01960384187938377 25.8
2581 0.01958745241811759 25.81
2582 0.01957161076615992 25.82
2583 0.01955535726990101 25.83
2584 0.01954684875204343 25.84
2585 0.01954646771725329 25.85
2586 0.01953719605096431 25.86
2587 0.01952751729282695 25.87
2588 0.01950633491954463 25.88
2589 0.01950165161147674 25.89
2590 0.01947373715777789 25.9
2591 0.01945646176695473 25.91
2592 0.01944128342906608 25.92
2593 0.01943094023370425 25.93
2594 0.01941414510377948 25.94
2595 0.01939692276952088 25.95
2596 0.01937506039706931 25.96
2597 0.01936215100148343 25.97
2598 0.01934446806849929 25.98
2599 0.01933362737789154 25.99
2600 0.01932140384658946 26
2601 0.01930812715475427 26.01
2602 0.01929926509008493 26.02
2603 0.01930424683303975 26.03
2604 0.01930048358872732 26.04
2605 0.01929639444651838 26.05
2606 0.01929144222694544 26.06
2607 0.01927627251182272 26.07
2608 0.01926388046854879 26.08
2609 0.01924189236997509 26.09
2610 0.01922929516041114 26.1
2611 0.01920886612539206 26.11
2612 0.01920507975578195 26.12
2613 0.01919239361026219 26.13
2614 0.01918335699700211 26.14
2615 0.01917000719687088 26.15
2616 0.0191692096753534 26.16
2617 0.01916302959175175 26.17
2618 0.01915993734257164 26.18
2619 0.01914472269859181 26.19
2620 0.01913189519547815 26.2
2621 0.01912187446513871 26.21
2622 0.01912372001167883 26.22
2623 0.01909734920844019 26.23
2624 0.01909101108926748 26.24
2625 0.01907759900784675 26.25
2626 0.01907243202545869 26.26
2627 0.01906795390921041 26.27
2628 0.01906751434605892 26.28
2629 0.0190652050006266 26.29
2630 0.01907533734102363 26.3
2631 0.01907193506755031 26.31
2632 0.01906919635064183 26.32
2633 0.01905857676623171 26.33
2634 0.01905044096175255 26.34
2635 0.019035425718074 26.35
2636 0.01901639896874858 26.36
2637 0.01900759355656157 26.37
2638 0.01899671474791175 26.38
2639 0.01899309381932517 26.39
2640 0.0189953761395576 26.4
2641 0.01899451339509432 26.41
2642 0.01900127916521537 26.42
2643 0.01901307195972925 26.43
2644 0.01901075122628468 26.44
2645 0.01901740991354151 26.45
2646 0.01901695239645991 26.46
2647 0.01901629743066276 26.47
2648 0.01902533992007734 26.48
2649 0.01901838270452849 26.49
2650 0.01901835083026571 26.5
2651 0.0190074719064811 26.51
2652 0.01899197361724405 26.52
2653 0.01898677587904387 26.53
2654 0.01898118987335934 26.54
2655 0.01898242886974886 26.55
2656 0.01898219901731959 26.56
2657 0.01898306352633522 26.57
2658 0.01897542844616048 26.58
2659 0.01897227574546515 26.59
2660 0.01897327925798814 26.6
2661 0.01898671734278802 26.61
2662 0.0189962015707262 26.62
2663 0.01901083269669004 26.63
2664 0.01901476981525082 26.64
2665 0.01902366133542812 26.65
2666 0.01902547307099935 26.66
2667 0.01902577127433822 26.67
2668 0.01903020688209744 26.68
2669 0.01903414158571582 26.69
2670 0.01903437811423932 26.7
2671 0.01903097273036706 26.71
2672 0.01902661607347944 26.72
2673 0.01902954286414964 26.73
2674 0.01903054716533771 26.74
2675 0.01903991304821897 26.75
2676 0.01904602684579682 26.76
2677 0.01905121901887754 26.77
2678 0.01906815540931056 26.78
2679 0.01907214096092836 26.79
2680 0.01907977646380088 26.8
2681 0.01908335224117696 26.81
2682 0.01908755093248521 26.82
2683 0.01908207057596459 26.83
2684 0.01908392638762163 26.84
2685 0.01908159064707227 26.85
2686 0.01907863128950768 26.86
2687 0.01907210147117093 26.87
2688 0.01906984597448422 26.88
2689 0.01907305964015662 26.89
2690 0.01908029096359875 26.9
2691 0.01909274092551253 26.91
2692 0.01909776656643372 26.92
2693 0.01910784559770566 26.93
2694 0.01911591734749918 26.94
2695 0.01912773506542905 26.95
2696 0.01913661090517219 26.96
2697 0.01914126827468044 26.97
2698 0.01913788442885246 26.98
2699 0.01913283578855164 26.99
2700 0.01913444123670069 27
2701 0.01912903326773955 27.01
2702 0.01912191647062174 27.02
2703 0.01912130225349869 27.03
2704 0.01912890948776351 27.04
2705 0.01913910972357359 27.05
2706 0.01915182402501115 27.06
2707 0.01915957032057695 27.07
2708 0.01915846160656562 27.08
2709 0.01915701444216643 27.09
2710 0.0191539038714903 27.1
2711 0.01914437177817215 27.11
2712 0.01913898613124397 27.12
2713 0.01913327326045069 27.13
2714 0.0191309215973335 27.14
2715 0.01913646668979586 27.15
2716 0.01913137315260508 27.16
2717 0.01913537691725311 27.17
2718 0.01915211068291224 27.18
2719 0.01917802246521267 27.19
2720 0.0191917555714849 27.2
2721 0.01919784600431175 27.21
2722 0.01919847433715589 27.22
2723 0.01920709771046985 27.23
2724 0.01920679585141282 27.24
2725 0.0191994344498638 27.25
2726 0.01919282091027529 27.26
2727 0.01919466029974293 27.27
2728 0.01919322412062099 27.28
2729 0.01918924188003326 27.29
2730 0.01918329650313276 27.3
2731 0.01918666190213435 27.31
2732 0.01919206387767879 27.32
2733 0.01919961257791274 27.33
2734 0.01920938914553618 27.34
2735 0.01921579419867132 27.35
2736 0.01922961245720728 27.36
2737 0.01923689272895894 27.37
2738 0.01924895530565009 27.38
2739 0.01927120995969226 27.39
2740 0.01928846789795389 27.4
2741 0.01929157395150366 27.41
2742 0.01929224153318195 27.42
2743 0.01929423570575855 27.43
2744 0.01929309358709343 27.44
2745 0.01929215657946791 27.45
2746 0.01928766535815048 27.46
2747 0.01928359585596515 27.47
2748 0.01927827416745751 27.48
2749 0.01927782470390446 27.49
2750 0.01928947686900854 27.5
2751 0.01930616804786438 27.51
2752 0.01932006533403208 27.52
2753 0.01933165270692222 27.53
2754 0.01934365234415282 27.54
2755 0.01935894797480988 27.55
2756 0.0193619915145517 27.56
2757 0.01936713296586783 27.57
2758 0.01937169597193698 27.58
2759 0.01937543060432624 27.59
2760 0.01938041722438198 27.6
2761 0.01939702576232097 27.61
2762 0.01941138815800291 27.62
2763 0.01941851208474281 27.63
2764 0.01942863123282414 27.64
2765 0.01942861746887693 27.65
2766 0.01943571914074684 27.66
2767 0.01943717515260264 27.67
2768 0.01944680885568846 27.68
2769 0.01946279878617089 27.69
2770 0.01947890848803643 27.7
2771 0.01950161296084859 27.71
2772 0.01952087264261669 27.72
2773 0.01953537574494803 27.73
2774 0.01954769968594595 27.74
2775 0.01955772394827497 27.75
2776 0.01956266004762399 27.76
2777 0.0195642015770475 27.77
2778 0.01955193776445184 27.78
2779 0.01955174265248221 27.79
2780 0.01954315259649882 27.8
2781 0.01953786639905925 27.81
2782 0.01953752723077281 27.82
2783 0.01955298417425241 27.83
2784 0.01956155712174689 27.84
2785 0.01958074755476984 27.85
2786 0.01958598720644701 27.86
2787 0.01961884711490271 27.87
2788 0.01964835508724795 27.88
2789 0.01965985633368959 27.89
2790 0.01968227463445035 27.9
2791 0.01969837546648278 27.91
2792 0.01970216880576375 27.92
2793 0.01972188206965627 27.93
2794 0.01973349607350842 27.94
2795 0.01973325728481308 27.95
2796 0.01974150721961038 27.96
2797 0.01974217231963159 27.97
2798 0.01973431647015156 27.98
2799 0.01972886592179353 27.99
2800 0.01972267790491398 28
2801 0.01971991641206087 28.01
2802 0.01972196620089844 28.02
2803 0.01973094593737429 28.03
2804 0.01972855204068547 28.04
2805 0.01974316610206147 28.05
2806 0.01974777314428096 28.06
2807 0.01976904254098961 28.07
2808 0.01977709315135114 28.08
2809 0.01979342592230353 28.09
2810 0.01979827027605729 28.1
2811 0.01979258407775996 28.11
2812 0.01979258864087805 28.12
2813 0.01978651425141939 28.13
2814 0.01977060589511712 28.14
2815 0.01976600655005122 28.15
2816 0.01977093378961564 28.16
2817 0.01977781449127151 28.17
2818 0.01976798959962415 28.18
2819 0.01978761574176393 28.19
2820 0.01978914478672477 28.2
2821 0.01979095693570596 28.21
2822 0.01977389412168953 28.22
2823 0.01977011053797799 28.23
2824 0.01976534921981227 28.24
2825 0.01977568015456136 28.25
2826 0.01977059761930738 28.26
2827 0.01979110051875104 28.27
2828 0.01980091816133172 28.28
2829 0.01981059049294013 28.29
2830 0.01981348860092334 28.3
2831 0.0198130509592212 28.31
2832 0.0198124939113488 28.32
2833 0.0198093903853326 28.33
2834 0.01981415713160041 28.34
2835 0.0198097348840852 28.35
2836 0.01980653167145056 28.36
2837 0.01978789853452359 28.37
2838 0.01977298045932147 28.38
2839 0.0197582684294276 28.39
2840 0.01975364338431098 28.4
2841 0.01975583806442219 28.41
2842 0.01975918290237174 28.42
2843 0.01975657989352564 28.43
2844 0.01975377069587508 28.44
2845 0.01976657070628007 28.45
2846 0.01976187280983164 28.46
2847 0.01976527250935608 28.47
2848 0.01976466852911282 28.48
2849 0.01975927313743983 28.49
2850 0.01975280827972267 28.5
2851 0.01974251231072685 28.51
2852 0.01972991949920158 28.52
2853 0.01971591292597717 28.53
2854 0.01971321390988487 28.54
2855 0.01971351045473636 28.55
2856 0.01970737642131988 28.56
2857 0.01969908273173796 28.57
2858 0.01969313529851058 28.58
2859 0.01967068654627572 28.59
2860 0.0196573891860845 28.6
2861 0.01964210916541588 28.61
2862 0.01963762468709555 28.62
2863 0.01962116901916574 28.63
2864 0.01961487615469366 28.64
2865 0.01961023680688391 28.65
2866 0.01960762062355525 28.66
2867 0.01959569063966727 28.67
2868 0.01958265804994517 28.68
2869 0.01956401032434888 28.69
2870 0.01956021556979018 28.7
2871 0.01953997905760717 28.71
2872 0.01952720193228428 28.72
2873 0.01951054807874612 28.73
2874 0.01950368433488075 28.74
2875 0.01948662174180002 28.75
2876 0.01947224063095518 28.76
2877 0.01946597730057594 28.77
2878 0.01944925295167961 28.78
2879 0.01943244101839495 28.79
2880 0.01941538673605285 28.8
2881 0.01940925413810456 28.81
2882 0.01939874177707797 28.82
2883 0.01937683695299484 28.83
2884 0.01936259348694686 28.84
2885 0.01934312772576196 28.85
2886 0.01932958727876755 28.86
2887 0.01932044154261368 28.87
2888 0.01931557609293917 28.88
2889 0.01929056474827338 28.89
2890 0.01927451565962766 28.9
2891 0.01925922786498036 28.91
2892 0.01924839349211638 28.92
2893 0.01923267801175653 28.93
2894 0.01922226164622262 28.94
2895 0.01922456107771643 28.95
2896 0.01922875998352773 28.96
2897 0.01922956293111893 28.97
2898 0.01922395244860684 28.98
2899 0.0192037519300685 28.99
2900 0.01918887024890843 29
2901 0.01916720792365945 29.01
2902 0.01915091801006644 29.02
2903 0.01913265557443519 29.03
2904 0.01912699513696895 29.04
2905 0.01912225649125092 29.05
2906 0.01912557265199569 29.06
2907 0.01913114024222826 29.07
2908 0.01913555859170345 29.08
2909 0.01913508417969316 29.09
2910 0.01914246369445896 29.1
2911 0.01914347117315708 29.11
2912 0.01913582059953949 29.12
2913 0.01914127658826726 29.13
2914 0.01914024902141462 29.14
2915 0.01913736757245419 29.15
2916 0.01913765159236871 29.16
2917 0.01913592351026784 29.17
2918 0.01913511630495392 29.18
2919 0.01913671441905645 29.19
2920 0.01915924074466147 29.2
2921 0.0191475836155683 29.21
2922 0.01914329257238316 29.22
2923 0.01914242169203106 29.23
2924 0.01915666099153472 29.24
2925 0.01915002739072671 29.25
2926 0.01915017919784225 29.26
2927 0.01914371555114315 29.27
2928 0.0191481192787415 29.28
2929 0.01914946722608463 29.29
2930 0.01915865897296979 29.3
2931 0.01916685010421739 29.31
2932 0.01916233140806622 29.32
2933 0.01915305001415441 29.33
2934 0.01914605165926593 29.34
2935 0.01914158334206782 29.35
2936 0.01913916232673391 29.36
2937 0.0191429232828774 29.37
2938 0.01915276794926412 29.38
2939 0.01915539942402333 29.39
2940 0.01916957573089704 29.4
2941 0.01917792160893252 29.41
2942 0.01918503651228439 29.42
2943 0.01918251724562814 29.43
2944 0.01917198045248252 29.44
2945 0.01916280805163989 29.45
2946 0.01916460523832323 29.46
2947 0.01917432469962751 29.47
2948 0.01918709203336498 29.48
2949 0.01920172606968439 29.49
2950 0.0192057198651757 29.5
2951 0.01921247476650815 29.51
2952 0.0192158909878671 29.52
2953 0.01921703618967781 29.53
2954 0.01920912676357459 29.54
2955 0.0192055245906004 29.55
2956 0.01919444008683258 29.56
2957 0.0191905760771145 29.57
2958 0.01918189574424661 29.58
2959 0.01918650582671433 29.59
2960 0.01918358145816444 29.6
2961 0.01920547014135705 29.61
2962 0.01922310164701404 29.62
2963 0.01924490026120788 29.63
2964 0.01925866954037498 29.64
2965 0.01927167686258606 29.65
2966 0.019276962800243 29.66
2967 0.01928162219610179 29.67
2968 0.01928289196527959 29.68
2969 0.0192787167662301 29.69
2970 0.01926934781154533 29.7
2971 0.01925519177310123 29.71
2972 0.01924029788661304 29.72
2973 0.01925669237037078 29.73
2974 0.01926957523833294 29.74
2975 0.01926479589466742 29.75
2976 0.01927298886306076 29.76
2977 0.0192677440349172 29.77
2978 0.01926426711015555 29.78
2979 0.01926157497967289 29.79
2980 0.01926201669973821 29.8
2981 0.01926018012728339 29.81
2982 0.01926364388548705 29.82
2983 0.01926594460972508 29.83
2984 0.019266621692433 29.84
2985 0.01926065961033053 29.85
2986 0.01927962846461112 29.86
2987 0.01929200355672153 29.87
2988 0.01929724684031645 29.88
2989 0.01930052411029737 29.89
2990 0.01929078720980685 29.9
2991 0.01928089570894591 29.91
2992 0.0192782051461772 29.92
2993 0.01927455212483543 29.93
2994 0.0192722840908974 29.94
2995 0.01927198330316506 29.95
2996 0.01927597950624271 29.96
2997 0.01927972063175952 29.97
2998 0.01928113815712925 29.98
2999 0.01929221297132159 29.99
3000 0.01930206291455383 30
