"cl-rfile"
"Time Step" "cl etc.."
("Time Step" "cl" "flow-time")
0 2.566449785625276e-26 0
1 12.61821924118225 0.01
2 -1.378717058969606 0.02
3 0.4131751892484315 0.03
4 0.654702055992569 0.04
5 -2.478672912304661 0.05
6 -0.03083609427198862 0.06
7 1.490305502215599 0.07000000000000001
8 0.4775125495097343 0.08
9 -0.1453471363730933 0.09
10 -0.3694137443148576 0.1
11 0.01343788746916306 0.11
12 0.159513084417109 0.12
13 0.1934316491247464 0.13
14 0.1576417825780413 0.14
15 0.04973092952275556 0.15
16 0.04630473124332152 0.16
17 0.07719774801066488 0.17
18 0.0916121168687206 0.18
19 0.08422677742031028 0.19
20 0.07664229844896306 0.2
21 0.09595393309607628 0.21
22 0.0983188943010801 0.22
23 0.08582511102459522 0.23
24 0.07545261939169014 0.24
25 0.08757376777901867 0.25
26 0.08755509665611663 0.26
27 0.08724548980727798 0.27
28 0.094597885261455 0.28
29 0.09829026921649374 0.29
30 0.1035075243182153 0.3
31 0.09652819766755835 0.31
32 0.07985575004919708 0.32
33 0.08985398641976886 0.33
34 0.08502346265143791 0.34
35 0.09091215184544787 0.35
36 0.08878355249520348 0.36
37 0.09690145869038445 0.37
38 0.09459180817233655 0.38
39 0.0961210058519652 0.39
40 0.09696313370263521 0.4
41 0.09126997991475366 0.41
42 0.09876182397603181 0.42
43 0.09739940302434208 0.43
44 0.1014051258212062 0.44
45 0.09387191413248265 0.45
46 0.09574193586003391 0.46
47 0.09496547681024413 0.47
48 0.09743494234111565 0.48
49 0.09763279154707377 0.49
50 0.09864222403513852 0.5
51 0.09676487665690486 0.51
52 0.09828204133325194 0.52
53 0.09709994435625914 0.53
54 0.09995609445538883 0.54
55 0.09916962708227622 0.55
56 0.09856026640682979 0.5600000000000001
57 0.09941258890995532 0.5700000000000001
58 0.09846315452972863 0.58
59 0.1005361701026064 0.59
60 0.1014257604410286 0.6
61 0.09984048993914288 0.61
62 0.1018240602323623 0.62
63 0.1012979627413832 0.63
64 0.1016312990339563 0.64
65 0.1015287967253657 0.65
66 0.1015380271643289 0.66
67 0.1006822484177356 0.67
68 0.100845187187297 0.68
69 0.1024985305210165 0.6900000000000001
70 0.1013313396129943 0.7000000000000001
71 0.1016434442622833 0.71
72 0.1022095792525883 0.72
73 0.1036284065240988 0.73
74 0.1021134173461811 0.74
75 0.1030021682668088 0.75
76 0.1043252571632971 0.76
77 0.1036437361192715 0.77
78 0.1031591617325511 0.78
79 0.1048404222616809 0.79
80 0.1045231491534637 0.8
81 0.1037992713747086 0.8100000000000001
82 0.1039974458268189 0.8200000000000001
83 0.1051633063930757 0.8300000000000001
84 0.1044619650134574 0.84
85 0.104552880234325 0.85
86 0.1051209975339484 0.86
87 0.1045892476376146 0.87
88 0.1055208811870153 0.88
89 0.1048163727717637 0.89
90 0.1060042737413477 0.9
91 0.1060317484614302 0.91
92 0.1056539779664376 0.92
93 0.1058581273211799 0.93
94 0.1059769718672373 0.9400000000000001
95 0.1062487199335801 0.9500000000000001
96 0.1064245513769584 0.96
97 0.1069141074066972 0.97
98 0.1071301380734527 0.98
99 0.1072490984529128 0.99
100 0.1074249828097222 1
101 0.1072740283801192 1.01
102 0.1076081285545514 1.02
103 0.107906319300944 1.03
104 0.108182683794476 1.04
105 0.1078423778836157 1.05
106 0.1082673880774489 1.06
107 0.1082564857034965 1.07
108 0.1085730887415254 1.08
109 0.108668396500127 1.09
110 0.10876395513525 1.1
111 0.1087303524942883 1.11
112 0.1087100290496531 1.12
113 0.1088380556257058 1.13
114 0.1089960850779524 1.14
115 0.1092119609523668 1.15
116 0.109422269204093 1.16
117 0.1095756106408871 1.17
118 0.1096371453994382 1.18
119 0.1096833715073497 1.19
120 0.1097647369353863 1.2
121 0.1098469149460492 1.21
122 0.1099597408029831 1.22
123 0.1101364364128767 1.23
124 0.1102660743379319 1.24
125 0.1104742629755355 1.25
126 0.1104933410215841 1.26
127 0.1105226964328352 1.27
128 0.1106616300725956 1.28
129 0.1108207711079478 1.29
130 0.1110840803309393 1.3
131 0.1112870122571425 1.31
132 0.1112275614961943 1.32
133 0.1110044534898397 1.33
134 0.1109880156359653 1.34
135 0.1110683473185936 1.35
136 0.1109251872588733 1.36
137 0.110929620006457 1.37
138 0.110905357216007 1.38
139 0.1109745929175663 1.39
140 0.1110799037796121 1.4
141 0.1112282670880339 1.41
142 0.1113832192974606 1.42
143 0.111524357354541 1.43
144 0.1116717503995632 1.44
145 0.1117467541241715 1.45
146 0.111787629409291 1.46
147 0.1118216866812171 1.47
148 0.1118663299772285 1.48
149 0.1119421391157658 1.49
150 0.1123340375947828 1.5
151 0.1125337290286825 1.51
152 0.112662676238003 1.52
153 0.1127329841936089 1.53
154 0.1127098623820243 1.54
155 0.1126375549281984 1.55
156 0.1128720345156511 1.56
157 0.1128409295920873 1.57
158 0.1128967279840578 1.58
159 0.1129408484226043 1.59
160 0.1129204287033948 1.6
161 0.1129603781548527 1.61
162 0.1130446489083419 1.62
163 0.1131333452609467 1.63
164 0.1132095463877539 1.64
165 0.1134442920526379 1.65
166 0.1135671410105017 1.66
167 0.1136365153070294 1.67
168 0.1136847313832893 1.68
169 0.1137395175521922 1.69
170 0.1137569206653463 1.7
171 0.1138211066667404 1.71
172 0.1138759410017933 1.72
173 0.1139178535098887 1.73
174 0.1139502759567094 1.74
175 0.1139822701651885 1.75
176 0.1140139320334314 1.76
177 0.1140426027317283 1.77
178 0.114084621425688 1.78
179 0.1140997232705148 1.79
180 0.1141647439301202 1.8
181 0.1142462694634778 1.81
182 0.1143179935361264 1.82
183 0.1143503512038983 1.83
184 0.1144331262284742 1.84
185 0.1144301866780753 1.85
186 0.11446715003866 1.86
187 0.1145981404972141 1.87
188 0.1145782546640583 1.88
189 0.1146286480973427 1.89
190 0.114661321340386 1.9
191 0.1146945585477121 1.91
192 0.1149088536773437 1.92
193 0.1149819063741191 1.93
194 0.114980087088598 1.94
195 0.1149629121919812 1.95
196 0.1149501981177598 1.96
197 0.1149492668873254 1.97
198 0.1149634448391586 1.98
199 0.1149899344007723 1.99
200 0.1150206982257394 2
201 0.1150532828319614 2.01
202 0.1150860454637442 2.02
203 0.1151171864527968 2.03
204 0.1151490512672328 2.04
205 0.1151880113469167 2.05
206 0.1152234329384974 2.06
207 0.1152443238454361 2.07
208 0.1152951808361163 2.08
209 0.1153522173395644 2.09
210 0.1154133426901583 2.1
211 0.1154563306669717 2.11
212 0.1155149932043376 2.12
213 0.1155905083101694 2.13
214 0.1156433585639651 2.14
215 0.1156877245120324 2.15
216 0.1157196842326405 2.16
217 0.1156716258594895 2.17
218 0.1156792055110659 2.18
219 0.11571695252631 2.19
220 0.1157685807456253 2.2
221 0.115822652019763 2.21
222 0.1158770393708714 2.22
223 0.1159891195175107 2.23
224 0.1160899228521625 2.24
225 0.1161338802707173 2.25
226 0.1161392367076323 2.26
227 0.1162533153719769 2.27
228 0.1163111270106648 2.28
229 0.1163160659249629 2.29
230 0.1163117929521936 2.3
231 0.1162439123334159 2.31
232 0.1162249801672244 2.32
233 0.1162485875840544 2.33
234 0.1163013821527065 2.34
235 0.1163704762291231 2.35
236 0.1164116648751254 2.36
237 0.1164306381776331 2.37
238 0.116435009649876 2.38
239 0.1164475742282247 2.39
240 0.1164683124285084 2.4
241 0.11648632678674 2.41
242 0.1165067373255853 2.42
243 0.1165284152189881 2.43
244 0.1165489822086239 2.44
245 0.1165708573833772 2.45
246 0.1165903251458705 2.46
247 0.1166088853395281 2.47
248 0.1166143569345304 2.48
249 0.1166424107968697 2.49
250 0.1166543478694237 2.5
251 0.1166405089399661 2.51
252 0.116645164659786 2.52
253 0.1166430978526116 2.53
254 0.1166401014714856 2.54
255 0.1166360398072735 2.55
256 0.1166339158100059 2.56
257 0.1166311930861192 2.57
258 0.1166345257806256 2.58
259 0.1166391095406743 2.59
260 0.1166438367971762 2.6
261 0.1166479050599174 2.61
262 0.1166560069548176 2.62
263 0.1166550075106676 2.63
264 0.1166406017817046 2.64
265 0.1166246348447499 2.65
266 0.1166245950810752 2.66
267 0.1166313947943043 2.67
268 0.1166381677832712 2.68
269 0.1166466791409989 2.69
270 0.1166456375581721 2.7
271 0.1166413603401306 2.71
272 0.1166357081447064 2.72
273 0.1166599597892273 2.73
274 0.1166442727524382 2.74
275 0.1166288291871012 2.75
276 0.1166154036560628 2.76
277 0.1166086886288384 2.77
278 0.1166036720344931 2.78
279 0.1166060717335063 2.79
280 0.1166118262009287 2.8
281 0.1166197484880088 2.81
282 0.1166280612196864 2.82
283 0.1166382892525921 2.83
284 0.1166427586222861 2.84
285 0.1166431223792353 2.85
286 0.1166468093568849 2.86
287 0.1166274230515035 2.87
288 0.116618454532251 2.88
289 0.1166281414728528 2.89
290 0.1166377841082041 2.9
291 0.1166492005077361 2.91
292 0.1166776499602196 2.92
293 0.1166920868834789 2.93
294 0.1167038193051736 2.94
295 0.1167182484804277 2.95
296 0.1167044233799292 2.96
297 0.1167084809358954 2.97
298 0.1167377127885583 2.98
299 0.1167514005572794 2.99
300 0.1167607467268395 3
301 0.1167692121268204 3.01
302 0.1167594579813444 3.02
303 0.1167766993146407 3.03
304 0.1167949521364826 3.04
305 0.1168100062442438 3.05
306 0.1168193837179505 3.06
307 0.1168269002600306 3.07
308 0.1168246275174491 3.08
309 0.1168309062678386 3.09
310 0.1168439290357572 3.1
311 0.1168673096981849 3.11
312 0.1168976373231933 3.12
313 0.1169124497014955 3.13
314 0.1169209239723044 3.14
315 0.1169349833955508 3.15
316 0.1169329260482181 3.16
317 0.1169416933022381 3.17
318 0.1169627879489476 3.18
319 0.1169806659591805 3.19
320 0.1169955451321934 3.2
321 0.1169945559677166 3.21
322 0.1170022094631347 3.22
323 0.1170191258052002 3.23
324 0.1170355027760571 3.24
325 0.1170530036115677 3.25
326 0.1170657989081931 3.26
327 0.1170780982739865 3.27
328 0.117089261549226 3.28
329 0.1171016445534825 3.29
330 0.1171116359103922 3.3
331 0.1171213951869309 3.31
332 0.1171313178070977 3.32
333 0.117142969205251 3.33
334 0.1171542720762608 3.34
335 0.1171596802810837 3.35
336 0.1171675666770677 3.36
337 0.1171761282505017 3.37
338 0.1171889856706351 3.38
339 0.11718472038902 3.39
340 0.1171867845722153 3.4
341 0.1171895933032613 3.41
342 0.1171884588034378 3.42
343 0.1171837048926027 3.43
344 0.1171789574773169 3.44
345 0.1171727991070345 3.45
346 0.1171792435976376 3.46
347 0.1171726922848497 3.47
348 0.1171542471140223 3.48
349 0.1171329421310641 3.49
350 0.1171086470761874 3.5
351 0.1170809981101806 3.51
352 0.117060259212992 3.52
353 0.1170364904672057 3.53
354 0.1170193111562863 3.54
355 0.1170175877863197 3.55
356 0.1170036070667228 3.56
357 0.1169774095720709 3.57
358 0.1169443158982724 3.58
359 0.1169025935187076 3.59
360 0.116856695855853 3.6
361 0.1168207236447025 3.61
362 0.1167849852285917 3.62
363 0.1167443742718065 3.63
364 0.1167042176283711 3.64
365 0.1166572544373195 3.65
366 0.1166060742890609 3.66
367 0.1165514916035091 3.67
368 0.1164939948526135 3.68
369 0.1164337988957393 3.69
370 0.1163678718747448 3.7
371 0.1163028709415989 3.71
372 0.1162412641367972 3.72
373 0.116174074741733 3.73
374 0.1161040686989912 3.74
375 0.1160532235720858 3.75
376 0.115989616011747 3.76
377 0.1159118500953883 3.77
378 0.1158258288185261 3.78
379 0.1157295743705628 3.79
380 0.1156382069479229 3.8
381 0.1155461236036246 3.81
382 0.1154456631640792 3.82
383 0.1153588973263457 3.83
384 0.1152615729197013 3.84
385 0.1151616843861518 3.85
386 0.1150552113588337 3.86
387 0.1149510610619044 3.87
388 0.1148422775430423 3.88
389 0.1147303920981566 3.89
390 0.1146073796953329 3.9
391 0.1144799896712801 3.91
392 0.1143562807472834 3.92
393 0.1142382099796112 3.93
394 0.1141145909581322 3.94
395 0.1139901605468889 3.95
396 0.1138642394188678 3.96
397 0.1137414232423339 3.97
398 0.1136112963445476 3.98
399 0.113474784626014 3.99
400 0.1133320679923772 4
401 0.1131896182663256 4.01
402 0.1130498084872206 4.02
403 0.1129061113024334 4.03
404 0.1127580531745209 4.04
405 0.1126087967430419 4.05
406 0.1124543041937402 4.06
407 0.1122990667129864 4.07
408 0.1121412725654384 4.08
409 0.1119819621937393 4.09
410 0.1118184245996581 4.1
411 0.1116543467608614 4.11
412 0.1114887545263789 4.12
413 0.1113221554482418 4.13
414 0.1111531351593004 4.14
415 0.1109828802426757 4.15
416 0.1108096076986915 4.16
417 0.1106329451271404 4.17
418 0.1104582844808838 4.18
419 0.1102842673405055 4.19
420 0.1101051034475448 4.2
421 0.1099211428852863 4.21
422 0.1097319797191766 4.22
423 0.109550380602744 4.23
424 0.1093642238358015 4.24
425 0.1091875610880128 4.25
426 0.1090011537006518 4.26
427 0.1088079048087099 4.27
428 0.1086098824788541 4.28
429 0.1084044702540179 4.29
430 0.1081981468791455 4.3
431 0.1079933183596437 4.31
432 0.1077859642159516 4.32
433 0.1075791493414767 4.33
434 0.1073694816158324 4.34
435 0.1071711552288479 4.350000000000001
436 0.1069635271424341 4.36
437 0.1067498176630539 4.37
438 0.1065325128332874 4.38
439 0.1063206875421033 4.39
440 0.1061045062051035 4.4
441 0.1058848494445842 4.41
442 0.1056618133644693 4.42
443 0.1054373810234707 4.43
444 0.105213374771013 4.44
445 0.1049883273802771 4.45
446 0.1047715990412895 4.46
447 0.1045517874118018 4.47
448 0.1043205613735992 4.48
449 0.1040861856162277 4.49
450 0.1038510393641983 4.5
451 0.1036134996850066 4.51
452 0.1033765865970962 4.52
453 0.1031397638812125 4.53
454 0.1028976276540383 4.54
455 0.1026561365539065 4.55
456 0.1024022796602948 4.56
457 0.1021561485195954 4.57
458 0.1019144409200954 4.58
459 0.1016724795666455 4.59
460 0.1014288900533195 4.600000000000001
461 0.1011852471692487 4.61
462 0.1009376535633894 4.62
463 0.1006852790246356 4.63
464 0.1004331633105295 4.64
465 0.1001851906439872 4.65
466 0.09993950596220454 4.66
467 0.0996801941273063 4.67
468 0.09942203023706327 4.68
469 0.09916517678582362 4.69
470 0.09890886076096066 4.7
471 0.09865268794851688 4.71
472 0.09839506775156164 4.72
473 0.09813812925615124 4.73
474 0.09788024807192959 4.74
475 0.09762074108841606 4.75
476 0.097360246324417 4.76
477 0.09709271957990523 4.77
478 0.09683002242554321 4.78
479 0.09656794704085858 4.79
480 0.09630855864750128 4.8
481 0.09604471202489534 4.81
482 0.09578015986552697 4.82
483 0.09551130185276371 4.83
484 0.09524041748778327 4.84
485 0.09496078309024332 4.850000000000001
486 0.09468668638523312 4.86
487 0.09441727448679964 4.87
488 0.09415822268715185 4.88
489 0.09389327267958636 4.89
490 0.09362512946634804 4.9
491 0.09335383231074365 4.91
492 0.09308212801097514 4.92
493 0.09280583061066004 4.93
494 0.09253097781559064 4.94
495 0.09224462225070663 4.95
496 0.09197102937512995 4.96
497 0.09169856659598047 4.97
498 0.09142439093524163 4.98
499 0.09115317619632289 4.99
500 0.09086962269324197 5
501 0.0905873274530106 5.01
502 0.09031457849180061 5.02
503 0.09003487897749532 5.03
504 0.08975059686589476 5.04
505 0.08946200976444271 5.05
506 0.08917234545490789 5.06
507 0.08888047274127843 5.07
508 0.08859060982064906 5.08
509 0.08829758629743932 5.09
510 0.08800410095103128 5.100000000000001
511 0.0877173691381945 5.11
512 0.08742045753610635 5.12
513 0.08712386260824602 5.13
514 0.08682835444321829 5.14
515 0.08653065478803766 5.15
516 0.08622970199450158 5.16
517 0.08592616922103408 5.17
518 0.08562179796940134 5.18
519 0.08531849238229111 5.19
520 0.08501557632944542 5.2
521 0.08471510015613634 5.21
522 0.08441150598606498 5.22
523 0.08410507780376106 5.23
524 0.08379462146961966 5.24
525 0.08347984627464634 5.25
526 0.08316904555589123 5.26
527 0.08285362754141365 5.27
528 0.08254055312680697 5.28
529 0.08222140799129989 5.29
530 0.08190259467267437 5.3
531 0.0815812273204988 5.31
532 0.08125932932466164 5.32
533 0.08093570167333303 5.33
534 0.0806156038953095 5.34
535 0.08029914977358187 5.350000000000001
536 0.07997956479736344 5.36
537 0.07965541927736056 5.37
538 0.07933267527474427 5.38
539 0.07901014652486232 5.39
540 0.078677124381462 5.4
541 0.07835484832376471 5.41
542 0.07803360404775322 5.42
543 0.07771188699700442 5.43
544 0.07739119170685918 5.44
545 0.07706760064841973 5.45
546 0.0767394724287791 5.46
547 0.07641287655727744 5.47
548 0.07608682268913858 5.48
549 0.07576382785828577 5.49
550 0.07543903913475676 5.5
551 0.07511121628916716 5.51
552 0.07478520759826973 5.52
553 0.07445880427681416 5.53
554 0.07413508327833031 5.54
555 0.07381215912617639 5.55
556 0.07348655455191108 5.56
557 0.07315569155064948 5.57
558 0.07283273109783656 5.58
559 0.07250999517077536 5.59
560 0.07218701680873162 5.600000000000001
561 0.0718606265517886 5.61
562 0.07153817361934646 5.62
563 0.0712203838895174 5.63
564 0.07089414019359418 5.64
565 0.0705639557469786 5.65
566 0.07023319365480994 5.66
567 0.06989238126788069 5.67
568 0.06955976499555583 5.68
569 0.06923454820271313 5.69
570 0.06890710755767658 5.7
571 0.06858192596433342 5.71
572 0.0682488582606554 5.72
573 0.06791342281436637 5.73
574 0.06757466025548724 5.74
575 0.06724316343268967 5.75
576 0.06690146527848977 5.76
577 0.06657338724816082 5.77
578 0.06622854311713851 5.78
579 0.06588278022694495 5.79
580 0.06554365682509659 5.8
581 0.06520887939061613 5.81
582 0.06486524675394191 5.82
583 0.06451759413652358 5.83
584 0.06416431923299191 5.84
585 0.06381467660195093 5.850000000000001
586 0.06346076212779317 5.86
587 0.06311330267299732 5.87
588 0.06276325980156169 5.88
589 0.06241095063022693 5.89
590 0.06205850089634211 5.9
591 0.06170138714140125 5.91
592 0.06133791805367195 5.92
593 0.0609723070353317 5.93
594 0.06060764341639735 5.94
595 0.06025060388615518 5.95
596 0.05989004261730325 5.96
597 0.05952669608497323 5.97
598 0.05916144806399534 5.98
599 0.05879037120692475 5.99
600 0.05842147957898617 6
601 0.05805882228761682 6.01
602 0.05769511090179501 6.02
603 0.05732822300447079 6.03
604 0.05695396185191146 6.04
605 0.0565810915171271 6.05
606 0.05621987414022599 6.06
607 0.05585316055149979 6.07
608 0.05548045165248725 6.08
609 0.05511324491550342 6.09
610 0.05474356423191985 6.100000000000001
611 0.05436979581789258 6.11
612 0.05400113977596725 6.12
613 0.0536362874537477 6.13
614 0.05326330085558743 6.140000000000001
615 0.05289141520504202 6.15
616 0.05252268852790366 6.16
617 0.05216173916316705 6.17
618 0.05179837110768232 6.18
619 0.05143547339415416 6.19
620 0.05106907810747874 6.2
621 0.0507048389608894 6.21
622 0.05034257280664626 6.22
623 0.0499817348576669 6.23
624 0.04961267663494569 6.24
625 0.04924994722825051 6.25
626 0.0488845871381958 6.26
627 0.04853516748346423 6.27
628 0.04817256581141503 6.28
629 0.0478148506173739 6.29
630 0.04744679194007083 6.3
631 0.04707903574761984 6.31
632 0.0467107102573442 6.32
633 0.04635435814251716 6.33
634 0.04600543815366034 6.34
635 0.04564882597446655 6.350000000000001
636 0.04528642591132011 6.36
637 0.0449239388010358 6.37
638 0.04457157955200825 6.38
639 0.0442089939980682 6.390000000000001
640 0.04384418688183144 6.4
641 0.04348347170253533 6.41
642 0.04311897952878024 6.42
643 0.04275893705729795 6.43
644 0.04239621134006605 6.44
645 0.04203361660551234 6.45
646 0.04167150189431813 6.46
647 0.04130628404580108 6.47
648 0.04094476830779273 6.48
649 0.04057341447208147 6.49
650 0.04020461671375386 6.5
651 0.03982982959100791 6.51
652 0.03945644838022921 6.52
653 0.03908913853977487 6.53
654 0.03871696619209573 6.54
655 0.03835899284880871 6.55
656 0.03799858627627647 6.56
657 0.03762206748319363 6.57
658 0.03724279403050575 6.58
659 0.03686487228366724 6.59
660 0.03648878363555844 6.600000000000001
661 0.03610749738027071 6.61
662 0.03573327688672139 6.62
663 0.03535697671621221 6.63
664 0.03497090166143103 6.640000000000001
665 0.03459262626955613 6.65
666 0.03421209027524313 6.66
667 0.0338456580473399 6.67
668 0.03347280616914722 6.68
669 0.03309028035858082 6.69
670 0.03270873582395772 6.7
671 0.03232810822122857 6.71
672 0.03195151897553762 6.72
673 0.03157060862656872 6.73
674 0.03119021018393263 6.74
675 0.03080978109339965 6.75
676 0.03043096468669585 6.76
677 0.03005341943041157 6.77
678 0.02968603691549264 6.78
679 0.02930794975688641 6.79
680 0.02893437661434316 6.8
681 0.0285615710721082 6.81
682 0.02819148078145424 6.82
683 0.02781984202149552 6.83
684 0.02744737650392912 6.84
685 0.02707882869715516 6.850000000000001
686 0.02671142261001649 6.86
687 0.02634828362541439 6.87
688 0.02598606584437268 6.88
689 0.02562900819275833 6.890000000000001
690 0.02526699179415541 6.9
691 0.02490014729063033 6.91
692 0.02454055006770594 6.92
693 0.02417603534318158 6.93
694 0.02381817662142493 6.94
695 0.02346216491656059 6.95
696 0.02311037107772799 6.96
697 0.02275215928790762 6.97
698 0.02239946942767839 6.98
699 0.02204297813253496 6.99
700 0.0216926096699284 7
701 0.02135229987891372 7.01
702 0.02100731961573848 7.02
703 0.02065259059518129 7.03
704 0.02030287106359987 7.04
705 0.01995810627464925 7.05
706 0.01960679906420607 7.06
707 0.01926379557512321 7.07
708 0.01892013831977439 7.08
709 0.01857142591497615 7.09
710 0.01822508138932923 7.100000000000001
711 0.01788610574481627 7.11
712 0.01754481617244039 7.12
713 0.01720357172792747 7.13
714 0.01686458516366384 7.140000000000001
715 0.01651565348451383 7.15
716 0.01617636638274426 7.16
717 0.01583126826290746 7.17
718 0.01548365018455926 7.18
719 0.01512354316717404 7.19
720 0.01478211867929522 7.2
721 0.01443728046175968 7.21
722 0.01409249623868862 7.22
723 0.01375127901714311 7.23
724 0.01340165252433885 7.24
725 0.01305778480187997 7.25
726 0.01270686303019018 7.26
727 0.01235542183174369 7.27
728 0.01200356348118269 7.28
729 0.01164712539960415 7.29
730 0.01129328173804249 7.3
731 0.01094601373261766 7.31
732 0.01060187050830792 7.32
733 0.01025165257461674 7.33
734 0.00989889572064457 7.34
735 0.009545870523247011 7.350000000000001
736 0.009206371074688821 7.36
737 0.008845591721054948 7.37
738 0.008487910233432167 7.38
739 0.008129917928494119 7.390000000000001
740 0.00777249295629488 7.4
741 0.007420946545045844 7.41
742 0.007067628897541397 7.42
743 0.006717959591859775 7.43
744 0.006369786468289299 7.44
745 0.006016306170757838 7.45
746 0.005671136200763528 7.46
747 0.005319191859575185 7.47
748 0.004971341833872324 7.48
749 0.004622150739132827 7.49
750 0.004274552470795404 7.5
751 0.003928485027980361 7.51
752 0.003582443834340119 7.52
753 0.003242896606643317 7.53
754 0.002905014724053553 7.54
755 0.002566143390021809 7.55
756 0.002221061082941088 7.56
757 0.001867893032068315 7.57
758 0.001517334118322909 7.58
759 0.001180086026095364 7.59
760 0.0008497259344015991 7.600000000000001
761 0.00051764242221987 7.61
762 0.000180655902516921 7.62
763 -0.0001504897477627103 7.63
764 -0.0004784005919593069 7.640000000000001
765 -0.0008049066468686165 7.65
766 -0.001129756958698198 7.66
767 -0.001456985407304227 7.67
768 -0.001776767988460054 7.68
769 -0.002099640087532301 7.69
770 -0.002429598100308101 7.7
771 -0.002764752666791962 7.71
772 -0.003098604390725211 7.72
773 -0.003425487761419646 7.73
774 -0.003739787521108877 7.74
775 -0.004050586513495306 7.75
776 -0.00436778710438479 7.76
777 -0.004693900451152566 7.77
778 -0.005014097520886445 7.78
779 -0.005334124517896587 7.79
780 -0.00566422930880141 7.8
781 -0.005990932629037203 7.81
782 -0.006307402527388102 7.82
783 -0.006627030182392081 7.83
784 -0.006954972429115872 7.84
785 -0.007281992393961412 7.850000000000001
786 -0.007607556877535409 7.86
787 -0.007933705140052488 7.87
788 -0.008255790089982557 7.88
789 -0.008577850572431323 7.890000000000001
790 -0.008901141216099348 7.9
791 -0.009239611538698341 7.91
792 -0.00957390309259523 7.92
793 -0.009905829055423674 7.930000000000001
794 -0.01024211588400442 7.94
795 -0.0105766077290351 7.95
796 -0.01091904597343468 7.96
797 -0.01126525045675218 7.97
798 -0.01160460508447063 7.98
799 -0.01193818342369252 7.99
800 -0.01228524329394972 8
801 -0.01262927234277658 8.01
802 -0.01285047509718044 8.02
803 -0.01314020770077547 8.029999999999999
804 -0.0134868863646594 8.040000000000001
805 -0.01397053362841813 8.050000000000001
806 -0.01440008087842855 8.06
807 -0.01486241512577994 8.07
808 -0.01525164806001337 8.08
809 -0.01557819521734207 8.09
810 -0.01588673627533639 8.1
811 -0.01619929753283589 8.109999999999999
812 -0.01652521619085605 8.120000000000001
813 -0.01686991437071513 8.130000000000001
814 -0.01722510560456031 8.140000000000001
815 -0.01758968742821113 8.15
816 -0.01796018361349384 8.16
817 -0.01833580910066014 8.17
818 -0.01870693413356424 8.18
819 -0.01907780428264984 8.19
820 -0.0194456391708542 8.199999999999999
821 -0.01981477286383359 8.210000000000001
822 -0.02018165009325808 8.220000000000001
823 -0.02054972752932397 8.23
824 -0.02091595929130892 8.24
825 -0.02128008763200874 8.25
826 -0.02164304055191853 8.26
827 -0.0220171130871092 8.27
828 -0.02238384859364814 8.279999999999999
829 -0.02275079705178691 8.290000000000001
830 -0.02311514875328953 8.300000000000001
831 -0.02347261106654247 8.31
832 -0.02384620217727525 8.32
833 -0.02418149319761945 8.33
834 -0.02443032428344648 8.34
835 -0.02479375373438232 8.35
836 -0.02513605959233106 8.359999999999999
837 -0.02552307636989242 8.370000000000001
838 -0.02597905266549096 8.380000000000001
839 -0.02633404981330003 8.390000000000001
840 -0.02684147149367573 8.4
841 -0.02724594115484497 8.41
842 -0.02761758962025852 8.42
843 -0.02796481228212557 8.43
844 -0.0282734374178761 8.44
845 -0.02857704520120051 8.449999999999999
846 -0.02889788390558803 8.460000000000001
847 -0.02923564071968479 8.470000000000001
848 -0.02958449413459675 8.48
849 -0.02995147222372338 8.49
850 -0.03032072309920565 8.5
851 -0.03070115390004391 8.51
852 -0.03106728833723358 8.52
853 -0.03143195420996977 8.529999999999999
854 -0.03180138781853876 8.540000000000001
855 -0.03215423471906325 8.550000000000001
856 -0.03251881250607516 8.56
857 -0.03288991530549576 8.57
858 -0.03326221253975913 8.58
859 -0.0336398459523926 8.59
860 -0.03401834016475881 8.6
861 -0.03438973836281782 8.609999999999999
862 -0.03477240147169918 8.620000000000001
863 -0.03516237763437517 8.630000000000001
864 -0.03554101038867741 8.640000000000001
865 -0.03592438500865862 8.65
866 -0.03632158855688181 8.66
867 -0.03661277926732884 8.67
868 -0.03693124691668184 8.68
869 -0.03730361852737881 8.69
870 -0.03777718927112529 8.700000000000001
871 -0.03818979511892433 8.710000000000001
872 -0.03861012767990778 8.720000000000001
873 -0.03904580047546549 8.73
874 -0.03948295210172924 8.74
875 -0.03992056927738914 8.75
876 -0.04034728609820445 8.76
877 -0.0407688635571652 8.77
878 -0.04118900139491271 8.779999999999999
879 -0.04167521226321645 8.790000000000001
880 -0.04216392281413267 8.800000000000001
881 -0.04259323135767836 8.81
882 -0.04294238060091603 8.82
883 -0.04341533602145135 8.83
884 -0.04379440575030205 8.84
885 -0.04417741848398227 8.85
886 -0.04457243119415257 8.859999999999999
887 -0.04503197175389532 8.870000000000001
888 -0.04540322774440659 8.880000000000001
889 -0.04581293438704259 8.890000000000001
890 -0.04620573754148408 8.9
891 -0.04663368158818956 8.91
892 -0.04703197216484144 8.92
893 -0.04741602039786616 8.93
894 -0.04790009759469197 8.94
895 -0.04832519083827701 8.950000000000001
896 -0.04876149988963845 8.960000000000001
897 -0.04914752702506259 8.970000000000001
898 -0.04956705922789272 8.98
899 -0.05001251966408402 8.99
900 -0.05047583901852369 9
901 -0.05083227999087576 9.01
902 -0.05133960389489806 9.02
903 -0.05174561252039348 9.029999999999999
904 -0.0522874262109626 9.040000000000001
905 -0.05279104432349346 9.050000000000001
906 -0.05325457792980274 9.06
907 -0.05368505761519079 9.07
908 -0.05416364678710792 9.08
909 -0.05452675253338671 9.09
910 -0.05501308937431057 9.1
911 -0.05536823591339168 9.109999999999999
912 -0.0557666503206283 9.120000000000001
913 -0.05614194721252621 9.130000000000001
914 -0.05651954810372761 9.140000000000001
915 -0.05690912174667328 9.15
916 -0.05726007371203901 9.16
917 -0.05768947235367084 9.17
918 -0.05811048485188948 9.18
919 -0.05847577795924296 9.19
920 -0.0588746020612413 9.200000000000001
921 -0.0592990656587583 9.210000000000001
922 -0.05980298454846812 9.220000000000001
923 -0.06020614403405586 9.23
924 -0.06061891823364354 9.24
925 -0.06105631103745743 9.25
926 -0.06149368912489141 9.26
927 -0.06185502955226434 9.27
928 -0.06232706899548403 9.279999999999999
929 -0.06269773948150525 9.290000000000001
930 -0.06326115866052184 9.300000000000001
931 -0.06369642502925132 9.31
932 -0.06418384009189482 9.32
933 -0.06466634156608726 9.33
934 -0.06499542096802245 9.34
935 -0.0654063295790028 9.35
936 -0.06586473025613995 9.359999999999999
937 -0.06625036445758364 9.370000000000001
938 -0.06670522424180243 9.380000000000001
939 -0.06710861163065607 9.390000000000001
940 -0.06753496823002179 9.4
941 -0.06798056915487796 9.41
942 -0.06847520466809148 9.42
943 -0.06889932718195138 9.43
944 -0.06933407633221593 9.44
945 -0.06981765901512936 9.450000000000001
946 -0.07023316358847767 9.460000000000001
947 -0.07066194448326431 9.470000000000001
948 -0.07104407113502061 9.48
949 -0.07152078926547044 9.49
950 -0.07193655492063018 9.5
951 -0.07239346035222149 9.51
952 -0.07285921755781921 9.52
953 -0.07331453209505585 9.529999999999999
954 -0.07376579241374326 9.540000000000001
955 -0.07421333589214828 9.550000000000001
956 -0.07470861834919346 9.56
957 -0.07516369913799725 9.57
958 -0.07558280122190818 9.58
959 -0.07598314648006275 9.59
960 -0.07636745433242678 9.6
961 -0.07679823787205867 9.609999999999999
962 -0.07721530860299258 9.620000000000001
963 -0.07760856606349657 9.630000000000001
964 -0.07795970140240727 9.640000000000001
965 -0.0783442202782791 9.65
966 -0.07873811612696273 9.66
967 -0.07914224231076909 9.67
968 -0.07953694477903518 9.68
969 -0.07988188360948245 9.69
970 -0.08029358024771387 9.700000000000001
971 -0.08064447697639537 9.710000000000001
972 -0.08100623609525517 9.720000000000001
973 -0.08136684720264135 9.73
974 -0.08173812300461962 9.74
975 -0.08211542275404446 9.75
976 -0.08242011672579194 9.76
977 -0.08281393579736092 9.77
978 -0.08312537563306248 9.779999999999999
979 -0.0834600348636822 9.790000000000001
980 -0.08378715933018606 9.800000000000001
981 -0.08411098163450342 9.81
982 -0.08443968778233368 9.82
983 -0.08476251584541618 9.83
984 -0.08507018717220607 9.84
985 -0.08538449932495418 9.85
986 -0.08568425987368107 9.859999999999999
987 -0.08597642222860613 9.870000000000001
988 -0.08625612077539348 9.880000000000001
989 -0.08659007823380876 9.890000000000001
990 -0.08684072889294193 9.9
991 -0.08708760229606846 9.91
992 -0.08733883889034609 9.92
993 -0.08759090965144627 9.93
994 -0.08784106011751257 9.94
995 -0.08806635122553584 9.950000000000001
996 -0.08824904365192417 9.960000000000001
997 -0.08856427714613996 9.970000000000001
998 -0.088782861076573 9.98
999 -0.08906791808689238 9.99
1000 -0.08930758873888127 10
1001 -0.08961763259326204 10.01
1002 -0.08984565043093286 10.02
1003 -0.09014941004945845 10.03
1004 -0.09036298451444842 10.04
1005 -0.09060175919235069 10.05
1006 -0.09077282914486096 10.06
1007 -0.09103275688806367 10.07
1008 -0.09121792172162788 10.08
1009 -0.09149918975004789 10.09
1010 -0.09170924524724211 10.1
1011 -0.09199592919417958 10.11
1012 -0.09217701551717301 10.12
1013 -0.09240634134487753 10.13
1014 -0.09265655247681724 10.14
1015 -0.09281744382623992 10.15
1016 -0.0930736868808538 10.16
1017 -0.09330628638525192 10.17
1018 -0.0935521204573003 10.18
1019 -0.09377963045209439 10.19
1020 -0.09404331622977841 10.2
1021 -0.09431109949771711 10.21
1022 -0.09456147893810887 10.22
1023 -0.09479393863220599 10.23
1024 -0.09500300826332725 10.24
1025 -0.09516277790374182 10.25
1026 -0.09539498781335923 10.26
1027 -0.09561950885804893 10.27
1028 -0.09579490261657674 10.28
1029 -0.09604240960715055 10.29
1030 -0.09627112654948361 10.3
1031 -0.09649672523034354 10.31
1032 -0.09664549391907204 10.32
1033 -0.09690092375200317 10.33
1034 -0.09716402350989528 10.34
1035 -0.0973579661501391 10.35
1036 -0.09763973925656087 10.36
1037 -0.09790687308832341 10.37
1038 -0.09815316619812182 10.38
1039 -0.09839612686257246 10.39
1040 -0.09862815849093901 10.4
1041 -0.0988836219396515 10.41
1042 -0.09912588311423323 10.42
1043 -0.09931569000110992 10.43
1044 -0.09957371340854372 10.44
1045 -0.09986048957234291 10.45
1046 -0.1000924711413138 10.46
1047 -0.1003454932771067 10.47
1048 -0.1005773748463993 10.48
1049 -0.1007694313107448 10.49
1050 -0.1010086435803939 10.5
1051 -0.1012387176938227 10.51
1052 -0.1014924570939097 10.52
1053 -0.1017374260598365 10.53
1054 -0.1019877272337428 10.54
1055 -0.1022444044808613 10.55
1056 -0.1024591480785634 10.56
1057 -0.1027370782300346 10.57
1058 -0.1029690821515394 10.58
1059 -0.103251740265893 10.59
1060 -0.103492794327677 10.6
1061 -0.1037487157020291 10.61
1062 -0.1040141991482574 10.62
1063 -0.1042924425101572 10.63
1064 -0.1045707060813638 10.64
1065 -0.1048500401333144 10.65
1066 -0.105122346123939 10.66
1067 -0.1053826133261714 10.67
1068 -0.105630527888596 10.68
1069 -0.1059076565352698 10.69
1070 -0.1062044175477214 10.7
1071 -0.1064947014199705 10.71
1072 -0.106792714774988 10.72
1073 -0.1070830127291056 10.73
1074 -0.1073522081070403 10.74
1075 -0.1076201572096293 10.75
1076 -0.1078977273453275 10.76
1077 -0.108174083257366 10.77
1078 -0.1084480741757981 10.78
1079 -0.1087244822562208 10.79
1080 -0.1090047077935568 10.8
1081 -0.1092712313268469 10.81
1082 -0.1095470288181658 10.82
1083 -0.1098380396778788 10.83
1084 -0.1101425137066042 10.84
1085 -0.1104312267652614 10.85
1086 -0.1107006113194103 10.86
1087 -0.1110071342542911 10.87
1088 -0.1113109722902595 10.88
1089 -0.1116128169989328 10.89
1090 -0.1119068513623716 10.9
1091 -0.1121833672054142 10.91
1092 -0.1124697651938945 10.92
1093 -0.112748514307328 10.93
1094 -0.1130073198080784 10.94
1095 -0.1132234624918013 10.95
1096 -0.1135324638003545 10.96
1097 -0.1137943141789835 10.97
1098 -0.1140702754321183 10.98
1099 -0.1143606255637669 10.99
1100 -0.1146705558657771 11
1101 -0.114985319584785 11.01
1102 -0.1152877487833137 11.02
1103 -0.1155913945604092 11.03
1104 -0.1158835090629743 11.04
1105 -0.1161654889947542 11.05
1106 -0.1164805660854808 11.06
1107 -0.116725167382772 11.07
1108 -0.1169766450643384 11.08
1109 -0.1172158801572157 11.09
1110 -0.1174766254080596 11.1
1111 -0.1177205507316538 11.11
1112 -0.1179797349284728 11.12
1113 -0.1182938648919382 11.13
1114 -0.1185502131850866 11.14
1115 -0.1188098028917754 11.15
1116 -0.1190426206300703 11.16
1117 -0.1193058576266809 11.17
1118 -0.1195687830652333 11.18
1119 -0.1198204452904664 11.19
1120 -0.1200653064568987 11.2
1121 -0.1203297681319857 11.21
1122 -0.1205985682722413 11.22
1123 -0.1208564967867686 11.23
1124 -0.1211201428464317 11.24
1125 -0.1213820636783896 11.25
1126 -0.1216222165890953 11.26
1127 -0.1218676126447617 11.27
1128 -0.1221090239764104 11.28
1129 -0.122339665278212 11.29
1130 -0.1226029268862936 11.3
1131 -0.1228616925162442 11.31
1132 -0.1231056749140652 11.32
1133 -0.1233502660782338 11.33
1134 -0.1236280455083733 11.34
1135 -0.1238351210617069 11.35
1136 -0.1241144688438173 11.36
1137 -0.12435000647577 11.37
1138 -0.1246370450705222 11.38
1139 -0.1248805040978854 11.39
1140 -0.1251106920211489 11.4
1141 -0.1253590933699747 11.41
1142 -0.1255707412590829 11.42
1143 -0.1258448155066665 11.43
1144 -0.1260978510293066 11.44
1145 -0.1263651644359039 11.45
1146 -0.1266499270321759 11.46
1147 -0.1269914226943734 11.47
1148 -0.1272181445731085 11.48
1149 -0.1274607797673517 11.49
1150 -0.1277449169104608 11.5
1151 -0.12804027877281 11.51
1152 -0.1283207489656601 11.52
1153 -0.1286105252368794 11.53
1154 -0.1288845521295719 11.54
1155 -0.1291727394503468 11.55
1156 -0.1294813007595577 11.56
1157 -0.1297869326851006 11.57
1158 -0.1300870002480676 11.58
1159 -0.1303599504472495 11.59
1160 -0.1306395253367192 11.6
1161 -0.1309293969376783 11.61
1162 -0.1312275423496571 11.62
1163 -0.1315013218629992 11.63
1164 -0.131786100369205 11.64
1165 -0.1320708907506322 11.65
1166 -0.1323646010317612 11.66
1167 -0.1326888926228222 11.67
1168 -0.1330052301119174 11.68
1169 -0.1332994463570528 11.69
1170 -0.1335809011047217 11.7
1171 -0.1338803123473123 11.71
1172 -0.1342206694487861 11.72
1173 -0.1344929427989099 11.73
1174 -0.134767289027848 11.74
1175 -0.1351032659391269 11.75
1176 -0.1353535341606318 11.76
1177 -0.1356044419976614 11.77
1178 -0.1358969756430615 11.78
1179 -0.136134681672759 11.79
1180 -0.136445920606039 11.8
1181 -0.1367094951482566 11.81
1182 -0.1370153127609849 11.82
1183 -0.1373134679693514 11.83
1184 -0.1375668774948506 11.84
1185 -0.137837914487659 11.85
1186 -0.138092700358813 11.86
1187 -0.1383040047615832 11.87
1188 -0.1385841908533875 11.88
1189 -0.1388483174492109 11.89
1190 -0.1391183705143719 11.9
1191 -0.1394022954231702 11.91
1192 -0.139638784777825 11.92
1193 -0.1399322045128059 11.93
1194 -0.1402287696205439 11.94
1195 -0.1404592906923665 11.95
1196 -0.1407399267495327 11.96
1197 -0.140966093320291 11.97
1198 -0.1412673736786426 11.98
1199 -0.1415114329866927 11.99
1200 -0.141815433052485 12
1201 -0.1420277904062534 12.01
1202 -0.1423243611094436 12.02
1203 -0.1425696539451796 12.03
1204 -0.1429083303099602 12.04
1205 -0.1431702425170415 12.05
1206 -0.1434969724733305 12.06
1207 -0.143752807750846 12.07
1208 -0.1440203484567419 12.08
1209 -0.1443603640233505 12.09
1210 -0.1446267046006499 12.1
1211 -0.1449284082787969 12.11
1212 -0.1452053841928934 12.12
1213 -0.1454903675926994 12.13
1214 -0.1458138405783682 12.14
1215 -0.1461049365348777 12.15
1216 -0.1463857196666892 12.16
1217 -0.1466817318853448 12.17
1218 -0.1469768055618425 12.18
1219 -0.1472598010963822 12.19
1220 -0.1475753479986809 12.2
1221 -0.1479112741182268 12.21
1222 -0.1482480944092691 12.22
1223 -0.1485837317442422 12.23
1224 -0.1489207362145331 12.24
1225 -0.1492534688529817 12.25
1226 -0.1495561617652684 12.26
1227 -0.1498362480643956 12.27
1228 -0.1501295576950323 12.28
1229 -0.1504879206962839 12.29
1230 -0.1508429363319077 12.3
1231 -0.1511333758246209 12.31
1232 -0.1514221858744935 12.32
1233 -0.1518071211999685 12.33
1234 -0.1521830999933544 12.34
1235 -0.1525428787396505 12.35
1236 -0.1528837880915498 12.36
1237 -0.1532148720612923 12.37
1238 -0.1535685300363873 12.38
1239 -0.1538846987747352 12.39
1240 -0.1542025254278562 12.4
1241 -0.1545429871113822 12.41
1242 -0.1547694310373811 12.42
1243 -0.1551476038985924 12.43
1244 -0.1554988741886941 12.44
1245 -0.1558485750783532 12.45
1246 -0.1561325653822527 12.46
1247 -0.1565230972132776 12.47
1248 -0.1569045356410552 12.48
1249 -0.1572415509306883 12.49
1250 -0.1575966981029709 12.5
1251 -0.1579303574842682 12.51
1252 -0.1582600560222281 12.52
1253 -0.1585267645029258 12.53
1254 -0.1588092180550893 12.54
1255 -0.1590663344409983 12.55
1256 -0.1593158908375076 12.56
1257 -0.1595801596414721 12.57
1258 -0.1598404426359059 12.58
1259 -0.1600484909984282 12.59
1260 -0.1603593944402649 12.6
1261 -0.1605535918184617 12.61
1262 -0.1608336148867022 12.62
1263 -0.1610117894065283 12.63
1264 -0.1613044174709979 12.64
1265 -0.1615776761347849 12.65
1266 -0.1617554618609426 12.66
1267 -0.161971222413674 12.67
1268 -0.1620965372269346 12.68
1269 -0.162268427910033 12.69
1270 -0.1623902721622824 12.7
1271 -0.1624700048593496 12.71
1272 -0.1625482068259987 12.72
1273 -0.1626041768846921 12.73
1274 -0.1626748530315915 12.74
1275 -0.1626802737459971 12.75
1276 -0.1627561601851959 12.76
1277 -0.1627794503645482 12.77
1278 -0.1628401692165405 12.78
1279 -0.1628276437496959 12.79
1280 -0.1629177007866294 12.8
1281 -0.1629425801561441 12.81
1282 -0.1630021930734889 12.82
1283 -0.1630528566410111 12.83
1284 -0.1630100505742871 12.84
1285 -0.1629656925382968 12.85
1286 -0.1629765654221428 12.86
1287 -0.1629644627270729 12.87
1288 -0.162988327708399 12.88
1289 -0.1629503037506507 12.89
1290 -0.1629412705677009 12.9
1291 -0.1630212678049255 12.91
1292 -0.1630673820566903 12.92
1293 -0.1631094774674482 12.93
1294 -0.1630889128681906 12.94
1295 -0.1630282679478228 12.95
1296 -0.1630160031634821 12.96
1297 -0.1629931945356195 12.97
1298 -0.1630710152494747 12.98
1299 -0.1631685975519141 12.99
1300 -0.1632864305256209 13
1301 -0.1633198987108639 13.01
1302 -0.1634440690465949 13.02
1303 -0.1635898099790506 13.03
1304 -0.1637664223753722 13.04
1305 -0.1638740796741368 13.05
1306 -0.1639935484984257 13.06
1307 -0.16417671738214 13.07
1308 -0.1643539653430116 13.08
1309 -0.1644949039213906 13.09
1310 -0.1646326767365596 13.1
1311 -0.164862423910375 13.11
1312 -0.1650559836901287 13.12
1313 -0.165281558946492 13.13
1314 -0.1654283127910511 13.14
1315 -0.1655656571010805 13.15
1316 -0.1657383863407186 13.16
1317 -0.1659820315631882 13.17
1318 -0.1662738705711054 13.18
1319 -0.1665188391044319 13.19
1320 -0.166689396333506 13.2
1321 -0.1669500865544674 13.21
1322 -0.1672055656579046 13.22
1323 -0.1674361513732717 13.23
1324 -0.1676980535940239 13.24
1325 -0.168019960009403 13.25
1326 -0.1681976872966494 13.26
1327 -0.1684316422060769 13.27
1328 -0.1685787355713768 13.28
1329 -0.1687279818621373 13.29
1330 -0.1689457658434188 13.3
1331 -0.1690857669296335 13.31
1332 -0.1691727168760286 13.32
1333 -0.1693429813728722 13.33
1334 -0.1696072793026883 13.34
1335 -0.1697502471296968 13.35
1336 -0.1698742236305939 13.36
1337 -0.1700395757663153 13.37
1338 -0.1702016651945572 13.38
1339 -0.1702532960591829 13.39
1340 -0.1703931689985183 13.4
1341 -0.1706212598295162 13.41
1342 -0.1707559103059228 13.42
1343 -0.1708993168735245 13.43
1344 -0.1710580786888561 13.44
1345 -0.1712378306378417 13.45
1346 -0.1713268593996597 13.46
1347 -0.1713987066184332 13.47
1348 -0.1715284266905756 13.48
1349 -0.1716457890113475 13.49
1350 -0.1716887958825873 13.5
1351 -0.1717871384254914 13.51
1352 -0.1719313193276713 13.52
1353 -0.1719070333570863 13.53
1354 -0.1718568081260202 13.54
1355 -0.1720289720042826 13.55
1356 -0.1724487180290191 13.56
1357 -0.1728437765230056 13.57
1358 -0.173067976781578 13.58
1359 -0.173287785169001 13.59
1360 -0.1733215635167588 13.6
1361 -0.1733599321984306 13.61
1362 -0.1734209674196346 13.62
1363 -0.1733761621840454 13.63
1364 -0.1732989702197104 13.64
1365 -0.1733344416517945 13.65
1366 -0.1733454247642601 13.66
1367 -0.1733311690242456 13.67
1368 -0.1733209566990708 13.68
1369 -0.1734368756528697 13.69
1370 -0.1734515957138468 13.7
1371 -0.1735097029595652 13.71
1372 -0.1735690890190097 13.72
1373 -0.1736771670919085 13.73
1374 -0.1736180946469473 13.74
1375 -0.1736124349900942 13.75
1376 -0.173569516503799 13.76
1377 -0.1735001854544117 13.77
1378 -0.1734003708265546 13.78
1379 -0.1732430805724932 13.79
1380 -0.173277094923041 13.8
1381 -0.173341361939298 13.81
1382 -0.1733291475813464 13.82
1383 -0.1733823505433509 13.83
1384 -0.1733428727784642 13.84
1385 -0.1732280735705677 13.85
1386 -0.1731764098731252 13.86
1387 -0.1731516423839865 13.87
1388 -0.1731152670027539 13.88
1389 -0.1730414908956673 13.89
1390 -0.1730119234867129 13.9
1391 -0.1730199192419357 13.91
1392 -0.1730429348015178 13.92
1393 -0.1731632807699481 13.93
1394 -0.1732823121608019 13.94
1395 -0.1735535640240178 13.95
1396 -0.1737075409628808 13.96
1397 -0.173822340683751 13.97
1398 -0.1740224790992494 13.98
1399 -0.1740683124422787 13.99
1400 -0.1741179796666558 14
1401 -0.1742937882478485 14.01
1402 -0.1744496795290347 14.02
1403 -0.1746583700358526 14.03
1404 -0.1748050127601564 14.04
1405 -0.1751005425250401 14.05
1406 -0.1753508094332865 14.06
1407 -0.1756093334156215 14.07
1408 -0.176088553751886 14.08
1409 -0.1762682046742322 14.09
1410 -0.1764550240253732 14.1
1411 -0.17666851665143 14.11
1412 -0.1768241372124347 14.12
1413 -0.1769132284220291 14.13
1414 -0.1770094747990766 14.14
1415 -0.1770236305121525 14.15
1416 -0.1771528490324182 14.16
1417 -0.177268715097637 14.17
1418 -0.1773993582786337 14.18
1419 -0.1775127580997578 14.19
1420 -0.1776499754695549 14.2
1421 -0.1777172891155583 14.21
1422 -0.1777091135155343 14.22
1423 -0.1777703105792933 14.23
1424 -0.1779983312366794 14.24
1425 -0.1782602022619369 14.25
1426 -0.1784169225099314 14.26
1427 -0.1786041955421692 14.27
1428 -0.1787803073186569 14.28
1429 -0.1789341143502858 14.29
1430 -0.1789510658148568 14.3
1431 -0.1789669456476736 14.31
1432 -0.1789972924693892 14.32
1433 -0.1790163875281789 14.33
1434 -0.1791017973951321 14.34
1435 -0.1791251245537374 14.35
1436 -0.1792273485983996 14.36
1437 -0.1794028351398474 14.37
1438 -0.1795308617682415 14.38
1439 -0.1797759646560943 14.39
1440 -0.17995315261037 14.4
1441 -0.1801466052399618 14.41
1442 -0.1804433465416483 14.42
1443 -0.1806649129557614 14.43
1444 -0.1808673494585854 14.44
1445 -0.1811273972428467 14.45
1446 -0.181444304765957 14.46
1447 -0.1818053517095959 14.47
1448 -0.1822844925182083 14.48
1449 -0.1826094057469308 14.49
1450 -0.1829750084384078 14.5
1451 -0.1832567682144551 14.51
1452 -0.183676994674992 14.52
1453 -0.1841333733055606 14.53
1454 -0.1844533955553475 14.54
1455 -0.1847448622767306 14.55
1456 -0.185059262871905 14.56
1457 -0.1854387007182647 14.57
1458 -0.1858056258986943 14.58
1459 -0.1861971553955661 14.59
1460 -0.186582421549565 14.6
1461 -0.1869686869691976 14.61
1462 -0.187385304202713 14.62
1463 -0.1876331215206772 14.63
1464 -0.1880825119520912 14.64
1465 -0.1885458720757166 14.65
1466 -0.1887675669153407 14.66
1467 -0.1893861646347006 14.67
1468 -0.1899270046617522 14.68
1469 -0.1904759945704246 14.69
1470 -0.1908191627572466 14.7
1471 -0.1911357223529074 14.71
1472 -0.1913735916078652 14.72
1473 -0.1916461593388897 14.73
1474 -0.1917272545250858 14.74
1475 -0.1920124825643963 14.75
1476 -0.1922709804232659 14.76
1477 -0.1922904269218285 14.77
1478 -0.1923216219118465 14.78
1479 -0.1923631752571425 14.79
1480 -0.1924313028962341 14.8
1481 -0.192635644246517 14.81
1482 -0.1927828056795839 14.82
1483 -0.1930373966882055 14.83
1484 -0.1932600893884693 14.84
1485 -0.19343335005832 14.85
1486 -0.1937436013555822 14.86
1487 -0.1939524483625218 14.87
1488 -0.1946080311584913 14.88
1489 -0.1947337444168402 14.89
1490 -0.19475059996779 14.9
1491 -0.1949303201570664 14.91
1492 -0.1948024608399445 14.92
1493 -0.1946162012816746 14.93
1494 -0.1944554571969059 14.94
1495 -0.1942465103482462 14.95
1496 -0.1941339458388904 14.96
1497 -0.1936229051320778 14.97
1498 -0.1939215108524076 14.98
1499 -0.1938920364849811 14.99
1500 -0.1938580966072231 15
1501 -0.1936478051223249 15.01
1502 -0.193278016842806 15.02
1503 -0.1929962960429872 15.03
1504 -0.1927671604773721 15.04
1505 -0.1923348498833191 15.05
1506 -0.1919416789443298 15.06
1507 -0.1914401522079145 15.07
1508 -0.1908497154981309 15.08
1509 -0.1902523070751322 15.09
1510 -0.189688759622776 15.1
1511 -0.188386397634688 15.11
1512 -0.187540234512206 15.12
1513 -0.1864597809572175 15.13
1514 -0.1852810796530054 15.14
1515 -0.1841199940470042 15.15
1516 -0.1836562931147689 15.16
1517 -0.1827139592274207 15.17
1518 -0.1820350788420971 15.18
1519 -0.1814123175397463 15.19
1520 -0.1807497101439938 15.2
1521 -0.1794856262432447 15.21
1522 -0.1783905155436397 15.22
1523 -0.177672820464123 15.23
1524 -0.1769995608673416 15.24
1525 -0.1755788067984846 15.25
1526 -0.1746194520580502 15.26
1527 -0.1735249168750969 15.27
1528 -0.1724461607784275 15.28
1529 -0.1715232271397567 15.29
1530 -0.1706195064729451 15.3
1531 -0.1698983063618809 15.31
1532 -0.1690368265567583 15.32
1533 -0.1683207677390492 15.33
1534 -0.1673636934716454 15.34
1535 -0.1666607176263148 15.35
1536 -0.1660152272764218 15.36
1537 -0.1659675650033155 15.37
1538 -0.1655421158306779 15.38
1539 -0.1652245844467232 15.39
1540 -0.1649283041452339 15.4
1541 -0.1643501091525432 15.41
1542 -0.1644660390962443 15.42
1543 -0.1643494628828376 15.43
1544 -0.1642649830415843 15.44
1545 -0.1637483598889374 15.45
1546 -0.1633392344477649 15.46
1547 -0.1631251588828291 15.47
1548 -0.1632347278021662 15.48
1549 -0.1636717038427131 15.49
1550 -0.163951970748293 15.5
1551 -0.1644264868034404 15.51
1552 -0.1648664150351998 15.52
1553 -0.1649065901473538 15.53
1554 -0.1656073265034374 15.54
1555 -0.1657690061563539 15.55
1556 -0.165865054378898 15.56
1557 -0.1660486755757691 15.57
1558 -0.1661344242130458 15.58
1559 -0.1661195544549756 15.59
1560 -0.166148787510838 15.6
1561 -0.1663150969678811 15.61
1562 -0.166606310266027 15.62
1563 -0.1670260548544948 15.63
1564 -0.1674874423424036 15.64
1565 -0.1678135695873442 15.65
1566 -0.1681207944695881 15.66
1567 -0.1687073752117431 15.67
1568 -0.1692416841445307 15.68
1569 -0.1698155320347896 15.69
1570 -0.1701124024989337 15.7
1571 -0.1708742629393017 15.71
1572 -0.1712514302502185 15.72
1573 -0.1713888565735007 15.73
1574 -0.1715266476393797 15.74
1575 -0.1715756827592489 15.75
1576 -0.1715482202006028 15.76
1577 -0.1719036582379742 15.77
1578 -0.1720034057204865 15.78
1579 -0.172421772191205 15.79
1580 -0.172590983950334 15.8
1581 -0.1726587317941523 15.81
1582 -0.1728279363187772 15.82
1583 -0.1730694231978782 15.83
1584 -0.1733546619896353 15.84
1585 -0.1734721833689702 15.85
1586 -0.1738110390882746 15.86
1587 -0.1738053685944345 15.87
1588 -0.1739479862762253 15.88
1589 -0.1740355069721138 15.89
1590 -0.1738333899235799 15.9
1591 -0.173683608722126 15.91
1592 -0.173477389112271 15.92
1593 -0.173190386822822 15.93
1594 -0.1728313383123702 15.94
1595 -0.172928902312965 15.95
1596 -0.1729771279496466 15.96
1597 -0.1726087658546808 15.97
1598 -0.1724080432381693 15.98
1599 -0.1721661622088317 15.99
1600 -0.1718992206319739 16
1601 -0.1715484882470696 16.01
1602 -0.17136214400139 16.02
1603 -0.1710200630459534 16.03
1604 -0.1708629041720321 16.04
1605 -0.1703133053855772 16.05
1606 -0.1699578204624424 16.06
1607 -0.1693947970574764 16.07
1608 -0.1688538960237719 16.08
1609 -0.1683584939051168 16.09
1610 -0.1680493166257715 16.1
1611 -0.167719134722791 16.11
1612 -0.1672811489796819 16.12
1613 -0.1667918041952599 16.13
1614 -0.1663197921884935 16.14
1615 -0.1657831943158424 16.15
1616 -0.1649322148854761 16.16
1617 -0.1645350202753187 16.17
1618 -0.1638636003246479 16.18
1619 -0.1632648028109811 16.19
1620 -0.1624599075702455 16.2
1621 -0.1616343229827765 16.21
1622 -0.1609797942303546 16.22
1623 -0.1602721824301326 16.23
1624 -0.1600077491854275 16.24
1625 -0.1596336370260424 16.25
1626 -0.159342362440982 16.26
1627 -0.1589990266002746 16.27
1628 -0.1586025616983872 16.28
1629 -0.158176299401321 16.29
1630 -0.1574479811737937 16.3
1631 -0.157121405654689 16.31
1632 -0.1570177027046349 16.32
1633 -0.1568203571796395 16.33
1634 -0.1565147463915414 16.34
1635 -0.1561709974854438 16.35
1636 -0.1560290205557336 16.36
1637 -0.1561024010935473 16.37
1638 -0.1560786768067857 16.38
1639 -0.155835292329524 16.39
1640 -0.1556314703193061 16.4
1641 -0.1553108715209893 16.41
1642 -0.1551664067709013 16.42
1643 -0.154886588259253 16.43
1644 -0.1546252458013451 16.44
1645 -0.1544106211411736 16.45
1646 -0.154271912306108 16.46
1647 -0.1542660566027834 16.47
1648 -0.1542227538795072 16.48
1649 -0.1540560446032775 16.49
1650 -0.1540180582932464 16.5
1651 -0.1541493537463969 16.51
1652 -0.1540278161146853 16.52
1653 -0.1538772484066174 16.53
1654 -0.1536543627016015 16.54
1655 -0.1534699976052641 16.55
1656 -0.1537173967386127 16.56
1657 -0.1535429975133355 16.57
1658 -0.1532124171403467 16.58
1659 -0.1528905940593719 16.59
1660 -0.152431935633703 16.6
1661 -0.1523086185652236 16.61
1662 -0.1517875720007945 16.62
1663 -0.1511234681536362 16.63
1664 -0.1508086728039675 16.64
1665 -0.1503356304934308 16.65
1666 -0.149830191447064 16.66
1667 -0.1496063557523374 16.67
1668 -0.1496315785257426 16.68
1669 -0.1490640614883862 16.69
1670 -0.1487156947664628 16.7
1671 -0.1477681755597169 16.71
1672 -0.1466912019022775 16.72
1673 -0.1456141248289933 16.73
1674 -0.1442662550127123 16.74
1675 -0.1436185481444061 16.75
1676 -0.1430188638139052 16.76
1677 -0.1421692144306823 16.77
1678 -0.1412657816946511 16.78
1679 -0.140774901396313 16.79
1680 -0.1402203167785947 16.8
1681 -0.1394984603778117 16.81
1682 -0.1388124138852704 16.82
1683 -0.138232167927663 16.83
1684 -0.1373652739098432 16.84
1685 -0.1370394706193506 16.85
1686 -0.1364931326874458 16.86
1687 -0.1360358407025276 16.87
1688 -0.1358452902937518 16.88
1689 -0.1350480389188932 16.89
1690 -0.1337894649519064 16.9
1691 -0.1329810805994362 16.91
1692 -0.1321935092608107 16.92
1693 -0.1320816022208181 16.93
1694 -0.1318977534291031 16.94
1695 -0.132233445766204 16.95
1696 -0.1324956871354331 16.96
1697 -0.1326391550783293 16.97
1698 -0.1321160961316376 16.98
1699 -0.1324901003536078 16.99
1700 -0.13324156675723 17
1701 -0.1336260088371446 17.01
1702 -0.133476558555698 17.02
1703 -0.1337040914074819 17.03
1704 -0.1342181727086423 17.04
1705 -0.1346849946976019 17.05
1706 -0.1350146588150744 17.06
1707 -0.1353704102377274 17.07
1708 -0.1360132644676951 17.08
1709 -0.1372859227308971 17.09
1710 -0.1381665709827953 17.1
1711 -0.1391122277214537 17.11
1712 -0.1398645412824664 17.12
1713 -0.1404814840331692 17.13
1714 -0.1417559722738832 17.14
1715 -0.1421086340624668 17.15
1716 -0.1425317433414595 17.16
1717 -0.14331499087413 17.17
1718 -0.1432282975080615 17.18
1719 -0.1434146641384778 17.19
1720 -0.1437480469348191 17.2
1721 -0.1442858840588997 17.21
1722 -0.1448061355991508 17.22
1723 -0.1454528550568276 17.23
1724 -0.1463313838919942 17.24
1725 -0.1469175825194112 17.25
1726 -0.1480264825421737 17.26
1727 -0.1488775485607172 17.27
1728 -0.1497328101537535 17.28
1729 -0.1499181384833011 17.29
1730 -0.1508003585513867 17.3
1731 -0.1518116769662825 17.31
1732 -0.1522510934273311 17.32
1733 -0.152919467984145 17.33
1734 -0.1535103611821219 17.34
1735 -0.1538440600318647 17.35
1736 -0.1539402938388849 17.36
1737 -0.1539759141961762 17.37
1738 -0.1540768321926579 17.38
1739 -0.1540696433048815 17.39
1740 -0.1535116882598436 17.4
1741 -0.1536069544262271 17.41
1742 -0.1532789886132765 17.42
1743 -0.1533090829336803 17.43
1744 -0.153115276055663 17.44
1745 -0.1532515185393113 17.45
1746 -0.1529676585179703 17.46
1747 -0.1528801298208396 17.47
1748 -0.152843563872368 17.48
1749 -0.1527521073374025 17.49
1750 -0.1527376860765292 17.5
1751 -0.1527995981352858 17.51
1752 -0.1529255895439357 17.52
1753 -0.1533157507130052 17.53
1754 -0.1534949597567324 17.54
1755 -0.1533233058553543 17.55
1756 -0.1530804404150997 17.56
1757 -0.1525148280449755 17.57
1758 -0.1522882933669651 17.58
1759 -0.1520739828171138 17.59
1760 -0.1518374614600003 17.6
1761 -0.151602628020411 17.61
1762 -0.1513082993161086 17.62
1763 -0.1510054153347937 17.63
1764 -0.1505658005477665 17.64
1765 -0.1501024068341947 17.65
1766 -0.1497093885704104 17.66
1767 -0.1493101797885138 17.67
1768 -0.1491148879191207 17.68
1769 -0.148728662508063 17.69
1770 -0.1483393914449341 17.7
1771 -0.1477568620185223 17.71
1772 -0.1471189393517846 17.72
1773 -0.1464053601699199 17.73
1774 -0.1457327083776813 17.74
1775 -0.144982799933193 17.75
1776 -0.1444623982059592 17.76
1777 -0.1437247493951807 17.77
1778 -0.1429233044762298 17.78
1779 -0.1423004078944364 17.79
1780 -0.1412806418787333 17.8
1781 -0.1408660953111153 17.81
1782 -0.1402035566251539 17.82
1783 -0.1399670681370065 17.83
1784 -0.1393003475009813 17.84
1785 -0.1393738131086261 17.85
1786 -0.1391049990980598 17.86
1787 -0.1388418796294467 17.87
1788 -0.1385427956997521 17.88
1789 -0.1379372902036679 17.89
1790 -0.1372894934467011 17.9
1791 -0.1370347144114988 17.91
1792 -0.1367505763805095 17.92
1793 -0.1365834000028039 17.93
1794 -0.1363755848995291 17.94
1795 -0.1367360610839842 17.95
1796 -0.1360974139906634 17.96
1797 -0.1362454004376775 17.97
1798 -0.1357055560769519 17.98
1799 -0.1351918479364054 17.99
1800 -0.134433409971839 18
1801 -0.1337904004652534 18.01
1802 -0.133706511695499 18.02
1803 -0.1330714813693523 18.03
1804 -0.1328218628241903 18.04
1805 -0.1328821513817167 18.05
1806 -0.1328201353371274 18.06
1807 -0.1328493025404983 18.07
1808 -0.1328366982116172 18.08
1809 -0.1328026044276732 18.09
1810 -0.132790893788342 18.1
1811 -0.1328268894733413 18.11
1812 -0.1329742427397759 18.12
1813 -0.1328419628376577 18.13
1814 -0.1325459572276542 18.14
1815 -0.1320904894739625 18.15
1816 -0.1322908498278506 18.16
1817 -0.1317062695942233 18.17
1818 -0.1310631447623233 18.18
1819 -0.1303222235943829 18.19
1820 -0.1290677077515206 18.2
1821 -0.1279397174801864 18.21
1822 -0.1273093791134413 18.22
1823 -0.1273885490236517 18.23
1824 -0.12703791957812 18.24
1825 -0.1268884787088536 18.25
1826 -0.1262837415374848 18.26
1827 -0.125901335716986 18.27
1828 -0.1252157108763655 18.28
1829 -0.1248034732563016 18.29
1830 -0.1232300741577023 18.3
1831 -0.1224906681990046 18.31
1832 -0.1219940076798056 18.32
1833 -0.1213027635896562 18.33
1834 -0.1203816477671855 18.34
1835 -0.1199556530157171 18.35
1836 -0.1191494645517111 18.36
1837 -0.1190614981273934 18.37
1838 -0.1180435963617198 18.38
1839 -0.1165833869938972 18.39
1840 -0.1151634085408704 18.4
1841 -0.1144987013602564 18.41
1842 -0.1137409697784444 18.42
1843 -0.1132892129579223 18.43
1844 -0.112711856057287 18.44
1845 -0.1117823705567051 18.45
1846 -0.1112272920465326 18.46
1847 -0.1103267043887842 18.47
1848 -0.1093087768135363 18.48
1849 -0.1082562118316757 18.49
1850 -0.1076645254321105 18.5
1851 -0.1069225356292055 18.51
1852 -0.1061920216467311 18.52
1853 -0.1056143761624758 18.53
1854 -0.1050552969987287 18.54
1855 -0.1045772936873676 18.55
1856 -0.1044105283607931 18.56
1857 -0.1037891060734603 18.57
1858 -0.1033593036851988 18.58
1859 -0.102732800558497 18.59
1860 -0.102453770832591 18.6
1861 -0.1022700867245067 18.61
1862 -0.1017383240676292 18.62
1863 -0.1013402777761896 18.63
1864 -0.100969876366074 18.64
1865 -0.1003641264643615 18.65
1866 -0.09976098739003578 18.66
1867 -0.0992932894113422 18.67
1868 -0.09870592417113012 18.68
1869 -0.09837190674863565 18.69
1870 -0.09837735510486878 18.7
1871 -0.09820937291519044 18.71
1872 -0.09795923148850384 18.72
1873 -0.09806345967587723 18.73
1874 -0.09802602019481531 18.74
1875 -0.0975920960369115 18.75
1876 -0.09716648060924739 18.76
1877 -0.09683941038842044 18.77
1878 -0.0965451296449432 18.78
1879 -0.09612907667700676 18.79
1880 -0.09570057316104845 18.8
1881 -0.0955190871233844 18.81
1882 -0.09543945323451636 18.82
1883 -0.0953535358517866 18.83
1884 -0.09562862407503839 18.84
1885 -0.09559570293906523 18.85
1886 -0.09522094763590963 18.86
1887 -0.09462327421939541 18.87
1888 -0.09409961359458273 18.88
1889 -0.09380970119641413 18.89
1890 -0.09346204423755053 18.9
1891 -0.09326657258977805 18.91
1892 -0.0931662567777877 18.92
1893 -0.09282458021276845 18.93
1894 -0.09305153427146338 18.94
1895 -0.0928434956130644 18.95
1896 -0.09260158646297471 18.96
1897 -0.09207047623384332 18.97
1898 -0.09191422515059183 18.98
1899 -0.09213130888787149 18.99
1900 -0.09196584564758289 19
1901 -0.09196279776112862 19.01
1902 -0.09196448496763737 19.02
1903 -0.09204383543318417 19.03
1904 -0.09193832894508602 19.04
1905 -0.0917879872652785 19.05
1906 -0.09188993452948399 19.06
1907 -0.09149444803790428 19.07
1908 -0.09141714513141443 19.08
1909 -0.09136147919053186 19.09
1910 -0.09131339604014417 19.1
1911 -0.09138667696943011 19.11
1912 -0.09144164594841438 19.12
1913 -0.09163297560130278 19.13
1914 -0.09183451375279908 19.14
1915 -0.09188467178946988 19.15
1916 -0.09214155858369694 19.16
1917 -0.09227024348595551 19.17
1918 -0.09235508492420705 19.18
1919 -0.09273080970847268 19.19
1920 -0.09276600485415462 19.2
1921 -0.09277482931833704 19.21
1922 -0.09310415413348058 19.22
1923 -0.09318181389748874 19.23
1924 -0.09380459200026725 19.24
1925 -0.09434916238372575 19.25
1926 -0.09476992329163426 19.26
1927 -0.09524849780726365 19.27
1928 -0.09587804126777438 19.28
1929 -0.09635294171014241 19.29
1930 -0.0970200883534168 19.3
1931 -0.09756874244627817 19.31
1932 -0.09812860233384767 19.32
1933 -0.09852787299752301 19.33
1934 -0.09874217687140713 19.34
1935 -0.09903824498724909 19.35
1936 -0.09938102591815086 19.36
1937 -0.0998937364960617 19.37
1938 -0.1009259270602667 19.38
1939 -0.1018685578247584 19.39
1940 -0.1028123523690004 19.4
1941 -0.1037882538084008 19.41
1942 -0.1045257755844892 19.42
1943 -0.1053228239740626 19.43
1944 -0.1059633845876545 19.44
1945 -0.1069034666005626 19.45
1946 -0.107526905069249 19.46
1947 -0.1084312710328713 19.47
1948 -0.1090699914315109 19.48
1949 -0.1100618221808825 19.49
1950 -0.1105273544286501 19.5
1951 -0.1115636787192233 19.51
1952 -0.1121341005613196 19.52
1953 -0.1129718161235375 19.53
1954 -0.1136936224433753 19.54
1955 -0.1149284232196446 19.55
1956 -0.1158706216933482 19.56
1957 -0.1170689271378795 19.57
1958 -0.1177633636844414 19.58
1959 -0.1187250257813504 19.59
1960 -0.119436981460614 19.6
1961 -0.1198694899541424 19.61
1962 -0.1206222785519584 19.62
1963 -0.1211417686877565 19.63
1964 -0.1215739634173096 19.64
1965 -0.1220666038094546 19.65
1966 -0.12244214760901 19.66
1967 -0.1231444522242771 19.67
1968 -0.1237329123628098 19.68
1969 -0.12438883509056 19.69
1970 -0.1249643210168064 19.7
1971 -0.1254933232766414 19.71
1972 -0.1258971420240563 19.72
1973 -0.1264495962230334 19.73
1974 -0.1268711017837589 19.74
1975 -0.1273081792478294 19.75
1976 -0.1276384878884994 19.76
1977 -0.1278369015461021 19.77
1978 -0.127967677512856 19.78
1979 -0.1283987464829503 19.79
1980 -0.1287059919066165 19.8
1981 -0.1288303680970719 19.81
1982 -0.1289133839418173 19.82
1983 -0.1289902476835636 19.83
1984 -0.1291828932947225 19.84
1985 -0.1292021280043712 19.85
1986 -0.1294513021085708 19.86
1987 -0.1292712443101703 19.87
1988 -0.1292119955326589 19.88
1989 -0.1291082531312932 19.89
1990 -0.1290863847279383 19.9
1991 -0.1287224759036832 19.91
1992 -0.1284287641373633 19.92
1993 -0.1282181818428417 19.93
1994 -0.1279284869978785 19.94
1995 -0.1280188119140174 19.95
1996 -0.1277523242672169 19.96
1997 -0.127421032602698 19.97
1998 -0.1270966599346353 19.98
1999 -0.126727225166291 19.99
2000 -0.1263963343074709 20
2001 -0.1261770697536377 20.01
2002 -0.1257606817748263 20.02
2003 -0.1256345266036023 20.03
2004 -0.1254396895319381 20.04
2005 -0.1253857381735898 20.05
2006 -0.1249251131143551 20.06
2007 -0.1247390786024615 20.07
2008 -0.1245421557114778 20.08
2009 -0.1241223390952545 20.09
2010 -0.1234990852234089 20.1
2011 -0.1231067885463638 20.11
2012 -0.1227739785237148 20.12
2013 -0.1225422167745175 20.13
2014 -0.1221986324865455 20.14
2015 -0.1217928323343584 20.15
2016 -0.1214436492082672 20.16
2017 -0.1209295643507513 20.17
2018 -0.12051068208663 20.18
2019 -0.1203370326148433 20.19
2020 -0.1201512675544957 20.2
2021 -0.119940734005864 20.21
2022 -0.1193912605316425 20.22
2023 -0.1188713385018923 20.23
2024 -0.1185317966179521 20.24
2025 -0.1184819973317997 20.25
2026 -0.1184107875411372 20.26
2027 -0.1181970457533457 20.27
2028 -0.117749190585054 20.28
2029 -0.1172496070672531 20.29
2030 -0.1167254350973698 20.3
2031 -0.1165338153694949 20.31
2032 -0.1159799144852628 20.32
2033 -0.115608172196534 20.33
2034 -0.11560816881718 20.34
2035 -0.1155029836454839 20.35
2036 -0.1154523390285968 20.36
2037 -0.1153866639449164 20.37
2038 -0.1151592718255099 20.38
2039 -0.1151609588342266 20.39
2040 -0.1149800170200835 20.4
2041 -0.1151122013310016 20.41
2042 -0.1144327185609112 20.42
2043 -0.1140835356951024 20.43
2044 -0.1137098356023284 20.44
2045 -0.1133238746489239 20.45
2046 -0.1128789851091534 20.46
2047 -0.1127537067717103 20.47
2048 -0.112410177324696 20.48
2049 -0.1119573946770855 20.49
2050 -0.1113797797710613 20.5
2051 -0.1108228359971886 20.51
2052 -0.1096724008185145 20.52
2053 -0.1091132797852271 20.53
2054 -0.1087679957587949 20.54
2055 -0.1084994605328313 20.55
2056 -0.1080929892259354 20.56
2057 -0.1074301700940059 20.57
2058 -0.1067031916911682 20.58
2059 -0.1063443187784658 20.59
2060 -0.1063878364715693 20.6
2061 -0.1058083230411489 20.61
2062 -0.1046184264032777 20.62
2063 -0.1036738330820193 20.63
2064 -0.102678318977519 20.64
2065 -0.1018163932015445 20.65
2066 -0.1010106318801657 20.66
2067 -0.1002052740094486 20.67
2068 -0.09946945970903015 20.68
2069 -0.09835666237080463 20.69
2070 -0.09731326682129204 20.7
2071 -0.09605799640442278 20.71
2072 -0.09519912056713882 20.72
2073 -0.09452367188082213 20.73
2074 -0.09378250042421868 20.74
2075 -0.09323247648506447 20.75
2076 -0.09249349372843577 20.76
2077 -0.09191375696981773 20.77
2078 -0.09128933883272961 20.78
2079 -0.09086387767272157 20.79
2080 -0.09034221170789505 20.8
2081 -0.08952375810475233 20.81
2082 -0.08835837985965801 20.82
2083 -0.08748356677225812 20.83
2084 -0.0868353855634191 20.84
2085 -0.0863191573992316 20.85
2086 -0.08576875635823369 20.86
2087 -0.08551230219360109 20.87
2088 -0.08522642816497286 20.88
2089 -0.08511054111448105 20.89
2090 -0.08525590973355429 20.9
2091 -0.08524339931043656 20.91
2092 -0.08514953955900653 20.92
2093 -0.08508896822602476 20.93
2094 -0.08479984120848934 20.94
2095 -0.08422710759691825 20.95
2096 -0.08380647412679203 20.96
2097 -0.08341874729980651 20.97
2098 -0.08276275145917696 20.98
2099 -0.08244615178133272 20.99
2100 -0.08271863369776349 21
2101 -0.08277522412856785 21.01
2102 -0.08298835410694431 21.02
2103 -0.08339955623288797 21.03
2104 -0.08370179825516511 21.04
2105 -0.08394835900851895 21.05
2106 -0.08436057387249882 21.06
2107 -0.08474840535258479 21.07
2108 -0.08499227911432668 21.08
2109 -0.08505883121444134 21.09
2110 -0.08511703675193132 21.1
2111 -0.08512070091248529 21.11
2112 -0.08509616069364397 21.12
2113 -0.08509596852070897 21.13
2114 -0.08493352503383489 21.14
2115 -0.08461632001671186 21.15
2116 -0.08466187403834087 21.16
2117 -0.08508053057187558 21.17
2118 -0.08560778170862272 21.18
2119 -0.08555465898748257 21.19
2120 -0.08581805888647694 21.2
2121 -0.08593369004657105 21.21
2122 -0.08539677127496066 21.22
2123 -0.08492004796478456 21.23
2124 -0.08430617353482904 21.24
2125 -0.08367739966351515 21.25
2126 -0.0833549002025248 21.26
2127 -0.0829081360415686 21.27
2128 -0.08271655378399445 21.28
2129 -0.08263158385542975 21.29
2130 -0.08277072540687624 21.3
2131 -0.0825684557473486 21.31
2132 -0.08274442176794104 21.32
2133 -0.0823752817087897 21.33
2134 -0.08216319330260011 21.34
2135 -0.0816720934136151 21.35
2136 -0.08148274782623847 21.36
2137 -0.08136607281984692 21.37
2138 -0.08128586444030816 21.38
2139 -0.08108442672466389 21.39
2140 -0.08085193456837282 21.4
2141 -0.08057097814946054 21.41
2142 -0.0802847401787101 21.42
2143 -0.08009677474989613 21.43
2144 -0.07989271199473348 21.44
2145 -0.07966237497193668 21.45
2146 -0.0796276927871286 21.46
2147 -0.07959759883768799 21.47
2148 -0.07942319810507757 21.48
2149 -0.07950446360985011 21.49
2150 -0.07959375055645614 21.5
2151 -0.07956103212829711 21.51
2152 -0.07993966967038675 21.52
2153 -0.079986998651743 21.53
2154 -0.08009557035040354 21.54
2155 -0.08034233697648448 21.55
2156 -0.08056855249935768 21.56
2157 -0.08075272828831678 21.57
2158 -0.08132718008071352 21.58
2159 -0.0814621006569906 21.59
2160 -0.08165096418661816 21.6
2161 -0.08192092703989796 21.61
2162 -0.08188289665013501 21.62
2163 -0.08200943924120825 21.63
2164 -0.08231695811489245 21.64
2165 -0.08276627465708608 21.65
2166 -0.08312912673370632 21.66
2167 -0.08347907806346101 21.67
2168 -0.08359479773366228 21.68
2169 -0.08379787711061699 21.69
2170 -0.08379199863234695 21.7
2171 -0.08396941451921147 21.71
2172 -0.08395549138400364 21.72
2173 -0.08427187959921212 21.73
2174 -0.08457174018375203 21.74
2175 -0.08490626284596711 21.75
2176 -0.08546331552835168 21.76
2177 -0.08571272756372383 21.77
2178 -0.08620913324191438 21.78
2179 -0.08655174488263588 21.79
2180 -0.08692883677310141 21.8
2181 -0.08718606414154977 21.81
2182 -0.08734123247165231 21.82
2183 -0.08742775974514094 21.83
2184 -0.08759414180646193 21.84
2185 -0.08772119404548104 21.85
2186 -0.08801005512146047 21.86
2187 -0.08822287707530678 21.87
2188 -0.08847110973504078 21.88
2189 -0.08858911094202783 21.89
2190 -0.08873419199078168 21.9
2191 -0.08895176202719368 21.91
2192 -0.08925571105989208 21.92
2193 -0.08927115455840064 21.93
2194 -0.08953723895644894 21.94
2195 -0.08973706319122028 21.95
2196 -0.09017623758748598 21.96
2197 -0.09042554391396529 21.97
2198 -0.09080567728432423 21.98
2199 -0.09090836088108391 21.99
2200 -0.09140751730744193 22
2201 -0.09181876655262833 22.01
2202 -0.09224841007190199 22.02
2203 -0.09255749362959709 22.03
2204 -0.09300390062311724 22.04
2205 -0.0932321194922624 22.05
2206 -0.09355561838016827 22.06
2207 -0.09411591243287586 22.07
2208 -0.09452572227346798 22.08
2209 -0.09475399604111617 22.09
2210 -0.09511795583372246 22.1
2211 -0.09517664211531486 22.11
2212 -0.09533532589170912 22.12
2213 -0.09544467901042029 22.13
2214 -0.09533403501658616 22.14
2215 -0.09514364192845415 22.15
2216 -0.09491592734882497 22.16
2217 -0.0946868629999888 22.17
2218 -0.09468873354728551 22.18
2219 -0.09485038963297299 22.19
2220 -0.09491258504256636 22.2
2221 -0.09508830106175714 22.21
2222 -0.09526744719261858 22.22
2223 -0.09535819941802363 22.23
2224 -0.09543703272266807 22.24
2225 -0.09567736830486509 22.25
2226 -0.09612562786222112 22.26
2227 -0.09620287378252225 22.27
2228 -0.09604630850792557 22.28
2229 -0.09620846394491323 22.29
2230 -0.09591667657253597 22.3
2231 -0.09567484871848417 22.31
2232 -0.09560583335492419 22.32
2233 -0.0951649964120071 22.33
2234 -0.09478565208759464 22.34
2235 -0.09450625205384834 22.35
2236 -0.09420193347463454 22.36
2237 -0.09400502274936511 22.37
2238 -0.09352032255989157 22.38
2239 -0.09325890830545125 22.39
2240 -0.09274745682277237 22.4
2241 -0.09265761539566479 22.41
2242 -0.09247880681983731 22.42
2243 -0.09232089934322717 22.43
2244 -0.09191652918471641 22.44
2245 -0.09160583255798295 22.45
2246 -0.09146245453295743 22.46
2247 -0.09102484238184036 22.47
2248 -0.09054988343493922 22.48
2249 -0.09032713681456266 22.49
2250 -0.0903218613858572 22.5
2251 -0.09027000748795889 22.51
2252 -0.09021254457676704 22.52
2253 -0.09000348704608786 22.53
2254 -0.08981729694368945 22.54
2255 -0.08974835723007797 22.55
2256 -0.08971029914995769 22.56
2257 -0.08944908685745628 22.57
2258 -0.08914059818938841 22.58
2259 -0.08909567283510543 22.59
2260 -0.08900870223641197 22.6
2261 -0.08892864422644405 22.61
2262 -0.08882701853749896 22.62
2263 -0.08898145470798532 22.63
2264 -0.08906227034151951 22.64
2265 -0.08902821176897911 22.65
2266 -0.08890339813267906 22.66
2267 -0.0887946606152034 22.67
2268 -0.08899903403475375 22.68
2269 -0.08908093623325611 22.69
2270 -0.08908721984556213 22.7
2271 -0.08897176195821659 22.71
2272 -0.08875816893276905 22.72
2273 -0.08861483167366004 22.73
2274 -0.08855415828106675 22.74
2275 -0.08851530030378824 22.75
2276 -0.08856819363209679 22.76
2277 -0.08866972248300221 22.77
2278 -0.08874229845644564 22.78
2279 -0.08862881637588511 22.79
2280 -0.0886746729511913 22.8
2281 -0.08864865299353233 22.81
2282 -0.08845589755992665 22.82
2283 -0.08834612419294538 22.83
2284 -0.08822537860717027 22.84
2285 -0.08776044558644117 22.85
2286 -0.08744643790393389 22.86
2287 -0.08726466736892906 22.87
2288 -0.08710116592395457 22.88
2289 -0.08709843406398969 22.89
2290 -0.08692801953458094 22.9
2291 -0.08676400588405851 22.91
2292 -0.08647871727489154 22.92
2293 -0.08637740346290644 22.93
2294 -0.08605919807055576 22.94
2295 -0.08588238011581674 22.95
2296 -0.08569773508831352 22.96
2297 -0.08555114095667481 22.97
2298 -0.08527228992082046 22.98
2299 -0.08509057505769692 22.99
2300 -0.08479063535355189 23
2301 -0.0844931346526923 23.01
2302 -0.08411549795118384 23.02
2303 -0.08392950495215637 23.03
2304 -0.08356239628249733 23.04
2305 -0.08335136969756063 23.05
2306 -0.08292309337694542 23.06
2307 -0.0827380516189445 23.07
2308 -0.08231621619899213 23.08
2309 -0.08210979967048745 23.09
2310 -0.08160314149502815 23.1
2311 -0.08130077547431254 23.11
2312 -0.08071561238172631 23.12
2313 -0.08038201560790312 23.13
2314 -0.07987551519854504 23.14
2315 -0.07938077119205633 23.15
2316 -0.07908847758374909 23.16
2317 -0.07883708213737511 23.17
2318 -0.07866427813212773 23.18
2319 -0.07850584604529577 23.19
2320 -0.07838301201133042 23.2
2321 -0.07827225259814995 23.21
2322 -0.07805860834972203 23.22
2323 -0.07793044747623794 23.23
2324 -0.07755506743668153 23.24
2325 -0.07729452028409506 23.25
2326 -0.07701054590633644 23.26
2327 -0.07682009656934997 23.27
2328 -0.07664822943555444 23.28
2329 -0.07653951072037829 23.29
2330 -0.07631236224355779 23.3
2331 -0.07621136697099123 23.31
2332 -0.07595289916815155 23.32
2333 -0.07577781272377256 23.33
2334 -0.07555944483742193 23.34
2335 -0.07544608072210329 23.35
2336 -0.07546053636244678 23.36
2337 -0.07521260906788252 23.37
2338 -0.07498880093190269 23.38
2339 -0.07482053897981468 23.39
2340 -0.07459348348139165 23.4
2341 -0.07441595504814844 23.41
2342 -0.07428852173588685 23.42
2343 -0.0743345590198501 23.43
2344 -0.07427829455175704 23.44
2345 -0.07425292396200293 23.45
2346 -0.07402407193883651 23.46
2347 -0.07389861363287403 23.47
2348 -0.07358118562432035 23.48
2349 -0.07337032267101259 23.49
2350 -0.07301003221591684 23.5
2351 -0.07290214813048589 23.51
2352 -0.07269689740054085 23.52
2353 -0.07248224634874283 23.53
2354 -0.07253151149181197 23.54
2355 -0.07254454798684083 23.55
2356 -0.07226160275943116 23.56
2357 -0.07210641431951258 23.57
2358 -0.07191196436098089 23.58
2359 -0.07165813064341674 23.59
2360 -0.07152265348896963 23.6
2361 -0.07135045231487508 23.61
2362 -0.07107787149373203 23.62
2363 -0.07094075872819922 23.63
2364 -0.07064233323677582 23.64
2365 -0.07035936622955111 23.65
2366 -0.07041086912257144 23.66
2367 -0.0701156618802979 23.67
2368 -0.06989226500923895 23.68
2369 -0.06981124695050722 23.69
2370 -0.0695682689282805 23.7
2371 -0.06959511894492315 23.71
2372 -0.06958774245782412 23.72
2373 -0.06931441189997317 23.73
2374 -0.06915006746233883 23.74
2375 -0.06874037841085506 23.75
2376 -0.06847353243379116 23.76
2377 -0.06800731753657351 23.77
2378 -0.06780126246853679 23.78
2379 -0.06751282949673788 23.79
2380 -0.067301869770291 23.8
2381 -0.06718393573707181 23.81
2382 -0.06716391801858231 23.82
2383 -0.0670278200922047 23.83
2384 -0.06687862577083237 23.84
2385 -0.06659892895369279 23.85
2386 -0.0666303543163594 23.86
2387 -0.06661046411239145 23.87
2388 -0.06677089823529206 23.88
2389 -0.06662652753917063 23.89
2390 -0.06652811083745368 23.9
2391 -0.06636169961747988 23.91
2392 -0.06639163102938746 23.92
2393 -0.06615324665234106 23.93
2394 -0.0659485291957822 23.94
2395 -0.06598482149099652 23.95
2396 -0.06601048630023393 23.96
2397 -0.06631782902933359 23.97
2398 -0.06642745131263121 23.98
2399 -0.06656400335584962 23.99
2400 -0.06675605272589966 24
2401 -0.0668155474700354 24.01
2402 -0.06684435062474937 24.02
2403 -0.06684723960535036 24.03
2404 -0.06679315544721486 24.04
2405 -0.06688462472115461 24.05
2406 -0.06693899573920516 24.06
2407 -0.06679410097615179 24.07
2408 -0.06666706758741731 24.08
2409 -0.06668049246065566 24.09
2410 -0.06668649282799215 24.1
2411 -0.066624400725178 24.11
2412 -0.06694356220473706 24.12
2413 -0.06725354155362176 24.13
2414 -0.06767916588575305 24.14
2415 -0.06784123203561591 24.15
2416 -0.06798635654437338 24.16
2417 -0.06825600871234701 24.17
2418 -0.06852242919287149 24.18
2419 -0.06883820188867804 24.19
2420 -0.06895335401877752 24.2
2421 -0.06914259800537198 24.21
2422 -0.06929478628356633 24.22
2423 -0.0693590610250234 24.23
2424 -0.0692946022556425 24.24
2425 -0.06921728843781343 24.25
2426 -0.06958480474084475 24.26
2427 -0.06992489862796983 24.27
2428 -0.0705975097393365 24.28
2429 -0.07066216483980402 24.29
2430 -0.07065281488230409 24.3
2431 -0.07063128833282062 24.31
2432 -0.07063922515697375 24.32
2433 -0.07054171897208539 24.33
2434 -0.07052569877168813 24.34
2435 -0.07060443903083281 24.35
2436 -0.07073092389959416 24.36
2437 -0.07077241383762554 24.37
2438 -0.07098456542256884 24.38
2439 -0.07106014747009255 24.39
2440 -0.07146376930209564 24.4
2441 -0.07164328616683034 24.41
2442 -0.07183850240698965 24.42
2443 -0.0720608815311958 24.43
2444 -0.07266532125827811 24.44
2445 -0.07297053500160108 24.45
2446 -0.07301953009990546 24.46
2447 -0.07327459529677437 24.47
2448 -0.07350174248833881 24.48
2449 -0.07374392589048127 24.49
2450 -0.07411375753156932 24.5
2451 -0.07446562994574159 24.51
2452 -0.07465625379463292 24.52
2453 -0.07485136369334611 24.53
2454 -0.07485544473913688 24.54
2455 -0.07477937889729659 24.55
2456 -0.07461337170410735 24.56
2457 -0.07450923982095287 24.57
2458 -0.07449648614727909 24.58
2459 -0.07456938874465557 24.59
2460 -0.07474307072778538 24.6
2461 -0.07511196972468084 24.61
2462 -0.07561529347175158 24.62
2463 -0.07615541052138049 24.63
2464 -0.07677336301035388 24.64
2465 -0.0771817882119956 24.65
2466 -0.07750797739186838 24.66
2467 -0.07774661555497021 24.67
2468 -0.07788589913603063 24.68
2469 -0.07815256978747 24.69
2470 -0.07838262253259673 24.7
2471 -0.07850872288270171 24.71
2472 -0.07864854479893375 24.72
2473 -0.07878321639707572 24.73
2474 -0.07882516188478503 24.74
2475 -0.07875212055841849 24.75
2476 -0.07880062410347689 24.76
2477 -0.07903384375925969 24.77
2478 -0.07921467528651908 24.78
2479 -0.07943266832241903 24.79
2480 -0.07956219703607116 24.8
2481 -0.07965102448185277 24.81
2482 -0.07969950069877609 24.82
2483 -0.07984258068085592 24.83
2484 -0.07996067239395498 24.84
2485 -0.08014109796617019 24.85
2486 -0.0804655889201389 24.86
2487 -0.08074028309282084 24.87
2488 -0.08088393074887898 24.88
2489 -0.08090590754483115 24.89
2490 -0.08095455204471204 24.9
2491 -0.08121868914038566 24.91
2492 -0.08114442739286044 24.92
2493 -0.08117345645683965 24.93
2494 -0.08117738908120552 24.94
2495 -0.08133578406377089 24.95
2496 -0.08139252396272166 24.96
2497 -0.08149203454042295 24.97
2498 -0.08167761143995883 24.98
2499 -0.08193033476007114 24.99
2500 -0.08219313346799996 25
2501 -0.08221445702467081 25.01
2502 -0.08215694550146203 25.02
2503 -0.08203574274690517 25.03
2504 -0.08211643298543317 25.04
2505 -0.08210824328510583 25.05
2506 -0.08201568243967526 25.06
2507 -0.0820147326178042 25.07
2508 -0.0819532956652103 25.08
2509 -0.08191921090137474 25.09
2510 -0.08174071244591874 25.1
2511 -0.08154803155324707 25.11
2512 -0.08130263869750697 25.12
2513 -0.08111614687119044 25.13
2514 -0.0809153928862836 25.14
2515 -0.08071933200064516 25.15
2516 -0.08052094117294174 25.16
2517 -0.08040712678792218 25.17
2518 -0.08017999139187558 25.18
2519 -0.07995906307893805 25.19
2520 -0.07980885005692533 25.2
2521 -0.07968465385980987 25.21
2522 -0.07954946856991855 25.22
2523 -0.07936973832705002 25.23
2524 -0.07898929210472976 25.24
2525 -0.07880371744995261 25.25
2526 -0.07842132966940089 25.26
2527 -0.07825812233089907 25.27
2528 -0.07782260143185345 25.28
2529 -0.07765672874961643 25.29
2530 -0.07744948750485187 25.3
2531 -0.07727513859679049 25.31
2532 -0.07704748979773744 25.32
2533 -0.07679064310675764 25.33
2534 -0.07672717215171208 25.34
2535 -0.07659144734502794 25.35
2536 -0.07641375069186702 25.36
2537 -0.07630018052699281 25.37
2538 -0.07615736927867735 25.38
2539 -0.0759627177601168 25.39
2540 -0.07579933980473555 25.4
2541 -0.07564684590309841 25.41
2542 -0.07547237213219068 25.42
2543 -0.07531492061793561 25.43
2544 -0.07535298722459011 25.44
2545 -0.07537280141984962 25.45
2546 -0.07534435366718277 25.46
2547 -0.07532876315967953 25.47
2548 -0.07538367123607087 25.48
2549 -0.07553862180858401 25.49
2550 -0.07552299511222091 25.5
2551 -0.07551154689502361 25.51
2552 -0.07551233373754923 25.52
2553 -0.07546167685340921 25.53
2554 -0.07539358315278405 25.54
2555 -0.07537585508636779 25.55
2556 -0.07539507569524373 25.56
2557 -0.07564407241729285 25.57
2558 -0.07562915036398522 25.58
2559 -0.07567454750341328 25.59
2560 -0.07583099769821212 25.6
2561 -0.07593312539077127 25.61
2562 -0.07613632270667015 25.62
2563 -0.07640971800256634 25.63
2564 -0.07664601813475695 25.64
2565 -0.07684124715762357 25.65
2566 -0.07709470293522061 25.66
2567 -0.07723550445631285 25.67
2568 -0.07723732267229806 25.68
2569 -0.07734122450442596 25.69
2570 -0.07751091847084281 25.7
2571 -0.07773180718480024 25.71
2572 -0.07806142709132734 25.72
2573 -0.07827831912266747 25.73
2574 -0.07857395840681922 25.74
2575 -0.0787445738843062 25.75
2576 -0.07902103471085947 25.76
2577 -0.07922013671694245 25.77
2578 -0.07962246527245574 25.78
2579 -0.07987291255718987 25.79
2580 -0.08017730833893702 25.8
2581 -0.08038716585439828 25.81
2582 -0.08067366171085145 25.82
2583 -0.08096318435066233 25.83
2584 -0.08122740240596456 25.84
2585 -0.08140139087089683 25.85
2586 -0.08171691922269829 25.86
2587 -0.08195176066609876 25.87
2588 -0.08229824140134982 25.88
2589 -0.08239680708936492 25.89
2590 -0.08276680487497391 25.9
2591 -0.08306223312860099 25.91
2592 -0.08326924287066222 25.92
2593 -0.08340040271281339 25.93
2594 -0.08365055881330226 25.94
2595 -0.08382285611088421 25.95
2596 -0.0841694351899793 25.96
2597 -0.08436733486656883 25.97
2598 -0.08466847835683959 25.98
2599 -0.0848534200773778 25.99
2600 -0.0849914334418627 26
2601 -0.0851686468259561 26.01
2602 -0.08532856628205752 26.02
2603 -0.08523483062305115 26.03
2604 -0.08525052960558041 26.04
2605 -0.08530950066391856 26.05
2606 -0.0852393119416445 26.06
2607 -0.08533193733675896 26.07
2608 -0.08544030968922506 26.08
2609 -0.08557576362084784 26.09
2610 -0.08565998351374331 26.1
2611 -0.08574386391445549 26.11
2612 -0.08568709531436852 26.12
2613 -0.08577599857287067 26.13
2614 -0.08583520826130255 26.14
2615 -0.0859511917558945 26.15
2616 -0.0858996462631165 26.16
2617 -0.08590167896506534 26.17
2618 -0.08590054624564479 26.18
2619 -0.08606431255788567 26.19
2620 -0.08618658916832506 26.2
2621 -0.08626583585562572 26.21
2622 -0.08617645406124759 26.22
2623 -0.08631489271302369 26.23
2624 -0.08637618528957222 26.24
2625 -0.08639757819783714 26.25
2626 -0.08639456611658999 26.26
2627 -0.08629691043694283 26.27
2628 -0.08625613087908847 26.28
2629 -0.08620015452470918 26.29
2630 -0.08612499024619021 26.3
2631 -0.08611097717991779 26.31
2632 -0.08610314509791753 26.32
2633 -0.08622172734236438 26.33
2634 -0.08630459321091659 26.34
2635 -0.08641930861356133 26.35
2636 -0.08651814471577028 26.36
2637 -0.08653477818901295 26.37
2638 -0.08661897314068934 26.38
2639 -0.08659616635206289 26.39
2640 -0.08648443757604422 26.4
2641 -0.08653348166518329 26.41
2642 -0.08648778379139231 26.42
2643 -0.08651526272369936 26.43
2644 -0.08667307761025859 26.44
2645 -0.08650801410020838 26.45
2646 -0.08649958931863304 26.46
2647 -0.0863655178620633 26.47
2648 -0.08624054804068411 26.48
2649 -0.08618854494247977 26.49
2650 -0.08613761322251724 26.5
2651 -0.08600875011550534 26.51
2652 -0.08606878127449517 26.52
2653 -0.08604568139559944 26.53
2654 -0.08602384726023089 26.54
2655 -0.08600600995547973 26.55
2656 -0.08609977282522645 26.56
2657 -0.08627855546973426 26.57
2658 -0.08638880287621277 26.58
2659 -0.0864624083300162 26.59
2660 -0.08649942672712641 26.6
2661 -0.08636664263164079 26.61
2662 -0.0863676679818617 26.62
2663 -0.08626226667698315 26.63
2664 -0.08621202748122317 26.64
2665 -0.08608503248673424 26.65
2666 -0.08604297075461438 26.66
2667 -0.08599853132009654 26.67
2668 -0.08598340581855675 26.68
2669 -0.08587551157661949 26.69
2670 -0.08583395131832897 26.7
2671 -0.08578066797830919 26.71
2672 -0.08577215221076025 26.72
2673 -0.08568447634926743 26.73
2674 -0.08567635484387956 26.74
2675 -0.08561898224106644 26.75
2676 -0.08560926352751606 26.76
2677 -0.08564834443283526 26.77
2678 -0.08556702923371501 26.78
2679 -0.08562052341281999 26.79
2680 -0.0856912002682914 26.8
2681 -0.08574113965619912 26.81
2682 -0.08572966777437964 26.82
2683 -0.08573210945532721 26.83
2684 -0.08566182038726351 26.84
2685 -0.08567303621043751 26.85
2686 -0.0855829683235677 26.86
2687 -0.08560922734424711 26.87
2688 -0.08561151538470584 26.88
2689 -0.08562302788996598 26.89
2690 -0.08559637839219417 26.9
2691 -0.08555049423065167 26.91
2692 -0.08556166737292313 26.92
2693 -0.08548970713992335 26.93
2694 -0.08550532694008929 26.94
2695 -0.08544933546665212 26.95
2696 -0.08535483805272349 26.96
2697 -0.08533214872645503 26.97
2698 -0.08533743335004985 26.98
2699 -0.08534448168580309 26.99
2700 -0.08537065082206156 27
2701 -0.08552874071807177 27.01
2702 -0.0855955421681789 27.02
2703 -0.08563381860649596 27.03
2704 -0.08557373941852293 27.04
2705 -0.08548478262968272 27.05
2706 -0.08543897039129607 27.06
2707 -0.08554702611799371 27.07
2708 -0.08551189045414213 27.08
2709 -0.08543696266093352 27.09
2710 -0.08536275497784085 27.1
2711 -0.08550667053091997 27.11
2712 -0.08554370230461972 27.12
2713 -0.0855848268253428 27.13
2714 -0.08547457236783397 27.14
2715 -0.08540323302891421 27.15
2716 -0.08554651724500052 27.16
2717 -0.0855594137090214 27.17
2718 -0.08536511411505533 27.18
2719 -0.08516160541548556 27.19
2720 -0.08501084632636902 27.2
2721 -0.08502205570886821 27.21
2722 -0.08496514017758984 27.22
2723 -0.08484980826602045 27.23
2724 -0.08475463720569938 27.24
2725 -0.08488451729863687 27.25
2726 -0.08482090227141248 27.26
2727 -0.0846616840362357 27.27
2728 -0.08462418239108839 27.28
2729 -0.08469749518657424 27.29
2730 -0.08491353209734759 27.3
2731 -0.08489089663396224 27.31
2732 -0.0849673822418382 27.32
2733 -0.08495608670709795 27.33
2734 -0.08488524882769595 27.34
2735 -0.0848372067518966 27.35
2736 -0.084686362953707 27.36
2737 -0.08460786095842751 27.37
2738 -0.08437603026243275 27.38
2739 -0.08406158761120525 27.39
2740 -0.0838688034337695 27.4
2741 -0.08373789020642139 27.41
2742 -0.08366877985867227 27.42
2743 -0.08358538606006169 27.43
2744 -0.08351444246611324 27.44
2745 -0.0834849859946581 27.45
2746 -0.08347595984784369 27.46
2747 -0.08347971390011392 27.47
2748 -0.08356506256513872 27.48
2749 -0.08342134282969439 27.49
2750 -0.08325846266970868 27.5
2751 -0.08308110180900061 27.51
2752 -0.08296154293630355 27.52
2753 -0.08292235506138834 27.53
2754 -0.08283243838528283 27.54
2755 -0.08279132075247327 27.55
2756 -0.08277220227458856 27.56
2757 -0.08273905075859692 27.57
2758 -0.08276673987207686 27.58
2759 -0.08273920770184222 27.59
2760 -0.08265333505700205 27.6
2761 -0.08256488256767319 27.61
2762 -0.08241308632688533 27.62
2763 -0.08230685457619544 27.63
2764 -0.08217290507018857 27.64
2765 -0.08218408600521922 27.65
2766 -0.08207149963773447 27.66
2767 -0.08192217690847971 27.67
2768 -0.08193348101022567 27.68
2769 -0.08193379020354447 27.69
2770 -0.08181021595908441 27.7
2771 -0.08170582738506646 27.71
2772 -0.0814983381718099 27.72
2773 -0.08140370546021584 27.73
2774 -0.08143422595833581 27.74
2775 -0.08157660162722088 27.75
2776 -0.08160775115265377 27.76
2777 -0.08184096438699211 27.77
2778 -0.08199834665111388 27.78
2779 -0.08204248434658729 27.79
2780 -0.08198839483308569 27.8
2781 -0.08205872698801139 27.81
2782 -0.0821441086159046 27.82
2783 -0.08219478953714762 27.83
2784 -0.08213979684308152 27.84
2785 -0.08218954219302779 27.85
2786 -0.0821981733087281 27.86
2787 -0.08220675864853848 27.87
2788 -0.08220811680765187 27.88
2789 -0.08224540302057542 27.89
2790 -0.08222284832498769 27.9
2791 -0.08221412217312854 27.91
2792 -0.08221450005673454 27.92
2793 -0.08221782305024619 27.93
2794 -0.08231514573829962 27.94
2795 -0.08245317039521399 27.95
2796 -0.08258261583731664 27.96
2797 -0.08278751127048146 27.97
2798 -0.0829804934422898 27.98
2799 -0.0832442077258391 27.99
2800 -0.08353788767030287 28
2801 -0.08365434707972175 28.01
2802 -0.08366548869013654 28.02
2803 -0.08366689521420734 28.03
2804 -0.08378119104974416 28.04
2805 -0.08371924572196374 28.05
2806 -0.08368959049616127 28.06
2807 -0.08367121929359557 28.07
2808 -0.08385904743634612 28.08
2809 -0.08386411610805465 28.09
2810 -0.08403132759320454 28.1
2811 -0.08426448410750743 28.11
2812 -0.08442290537277536 28.12
2813 -0.08462240050828117 28.13
2814 -0.08485343131356361 28.14
2815 -0.08508496389289066 28.15
2816 -0.08521698012022096 28.16
2817 -0.08542879838638881 28.17
2818 -0.0856425924400409 28.18
2819 -0.08564311148938052 28.19
2820 -0.08582730063084409 28.2
2821 -0.08591582324286241 28.21
2822 -0.08608649530143102 28.22
2823 -0.08615317975292355 28.23
2824 -0.08622880127366579 28.24
2825 -0.0862409580864076 28.25
2826 -0.08629501367362911 28.26
2827 -0.08627790055661719 28.27
2828 -0.08639699297834093 28.28
2829 -0.08636164855890392 28.29
2830 -0.08635024592390916 28.3
2831 -0.0862835128454337 28.31
2832 -0.0861679854714948 28.32
2833 -0.08606325914503807 28.33
2834 -0.08608793850811904 28.34
2835 -0.08600098132880368 28.35
2836 -0.08611622348518731 28.36
2837 -0.08626410855421908 28.37
2838 -0.08645513302257572 28.38
2839 -0.08667215317490815 28.39
2840 -0.08686885868872704 28.4
2841 -0.08687516378441543 28.41
2842 -0.08693332645267081 28.42
2843 -0.08676998558253941 28.43
2844 -0.08675662529460124 28.44
2845 -0.08643489898281673 28.45
2846 -0.08621659043678988 28.46
2847 -0.08602943418316503 28.47
2848 -0.08602224806001715 28.48
2849 -0.08600689462536604 28.49
2850 -0.08608737500922502 28.5
2851 -0.08625715830723212 28.51
2852 -0.08646181236904665 28.52
2853 -0.08662860678774364 28.53
2854 -0.0865959232531264 28.54
2855 -0.08660257953067488 28.55
2856 -0.08669586216688287 28.56
2857 -0.08674967222890874 28.57
2858 -0.08673457805484035 28.58
2859 -0.08684004393963173 28.59
2860 -0.0868701690215406 28.6
2861 -0.08695113414547076 28.61
2862 -0.08705802124205131 28.62
2863 -0.08728679070109395 28.63
2864 -0.08730247333345847 28.64
2865 -0.08732963066038696 28.65
2866 -0.08732680506010615 28.66
2867 -0.0874169810116085 28.67
2868 -0.08768015600295635 28.68
2869 -0.08800043439711043 28.69
2870 -0.08809117105198178 28.7
2871 -0.08827183055001157 28.71
2872 -0.08841000457095188 28.72
2873 -0.0885401626168373 28.73
2874 -0.08870073783886982 28.74
2875 -0.08884618400680765 28.75
2876 -0.08903597861367139 28.76
2877 -0.08916749331113409 28.77
2878 -0.08939303498824153 28.78
2879 -0.08961791636625467 28.79
2880 -0.08982209197193627 28.8
2881 -0.08982213631371536 28.81
2882 -0.08987493207724166 28.82
2883 -0.09039504900617101 28.83
2884 -0.09074176005270185 28.84
2885 -0.09110616820502578 28.85
2886 -0.09135796285822563 28.86
2887 -0.09158132562491872 28.87
2888 -0.09168351512453571 28.88
2889 -0.09172876486516623 28.89
2890 -0.09173637729508989 28.9
2891 -0.09190886504673783 28.91
2892 -0.09199603510120806 28.92
2893 -0.09213477777515165 28.93
2894 -0.09232780793680807 28.94
2895 -0.09253403614703863 28.95
2896 -0.09274756254077188 28.96
2897 -0.0928331576290945 28.97
2898 -0.09290371313285969 28.98
2899 -0.09303383217572307 28.99
2900 -0.09331396724323281 29
2901 -0.0935244115303636 29.01
2902 -0.09367170257666345 29.02
2903 -0.09380208120139401 29.03
2904 -0.09379328613846673 29.04
2905 -0.09376324284050762 29.05
2906 -0.09367663603959099 29.06
2907 -0.09371799546609845 29.07
2908 -0.09379985920025288 29.08
2909 -0.09386979263209252 29.09
2910 -0.09385565972077409 29.1
2911 -0.09389245855048658 29.11
2912 -0.0939316829352692 29.12
2913 -0.09378914629800311 29.13
2914 -0.09376332551190658 29.14
2915 -0.09375061568230497 29.15
2916 -0.09382806640347716 29.16
2917 -0.09392287529799948 29.17
2918 -0.09393876729322781 29.18
2919 -0.09395046256141144 29.19
2920 -0.0937775416135119 29.2
2921 -0.09377694980161945 29.21
2922 -0.09381731396380776 29.22
2923 -0.09364836555712486 29.23
2924 -0.09335198036692616 29.24
2925 -0.09320137897642496 29.25
2926 -0.09296514996233622 29.26
2927 -0.09287872031693102 29.27
2928 -0.09273513916177405 29.28
2929 -0.09267873768036626 29.29
2930 -0.09266166986477492 29.3
2931 -0.09269904843951107 29.31
2932 -0.0928301211020968 29.32
2933 -0.09293643645723075 29.33
2934 -0.09308820582884193 29.34
2935 -0.09314640820115977 29.35
2936 -0.09321264653294191 29.36
2937 -0.09324893480147614 29.37
2938 -0.09315151374691964 29.38
2939 -0.09300836093282835 29.39
2940 -0.09290326028717076 29.4
2941 -0.09274343249942507 29.41
2942 -0.09264273977145616 29.42
2943 -0.09242785858591639 29.43
2944 -0.09257531799370246 29.44
2945 -0.09258148545896709 29.45
2946 -0.09259558893595472 29.46
2947 -0.09239699064868716 29.47
2948 -0.09225137536283623 29.48
2949 -0.09217450364691518 29.49
2950 -0.0922019445965727 29.5
2951 -0.09212509314551924 29.51
2952 -0.0920502419512437 29.52
2953 -0.09202838624652136 29.53
2954 -0.09203183741731943 29.54
2955 -0.0920023093979708 29.55
2956 -0.09205759082815097 29.56
2957 -0.09215132575625706 29.57
2958 -0.09230700104699166 29.58
2959 -0.09233763173276403 29.59
2960 -0.09245349909513408 29.6
2961 -0.09226612889617851 29.61
2962 -0.09212333325558184 29.62
2963 -0.09191595634671232 29.63
2964 -0.09183715097599958 29.64
2965 -0.09169677074704405 29.65
2966 -0.09172030933217078 29.66
2967 -0.09158725213181104 29.67
2968 -0.09152314359674177 29.68
2969 -0.09138898629542187 29.69
2970 -0.09145814621865032 29.7
2971 -0.09147538352417386 29.71
2972 -0.09165151537850724 29.72
2973 -0.09136592868572146 29.73
2974 -0.09124558294512909 29.74
2975 -0.09119346500792727 29.75
2976 -0.09110592831319232 29.76
2977 -0.09113358648550061 29.77
2978 -0.09121879066233829 29.78
2979 -0.09128495566221979 29.79
2980 -0.09135623885520563 29.8
2981 -0.09138812900634694 29.81
2982 -0.09134861203390243 29.82
2983 -0.09131269852123644 29.83
2984 -0.09132575488755944 29.84
2985 -0.09137184371004087 29.85
2986 -0.09118244326383243 29.86
2987 -0.09107126037120596 29.87
2988 -0.09099883360025775 29.88
2989 -0.09104003456538816 29.89
2990 -0.09118537197026934 29.9
2991 -0.09117139003140354 29.91
2992 -0.09115208636562455 29.92
2993 -0.09129322449786112 29.93
2994 -0.0914280096871143 29.94
2995 -0.09140498870819397 29.95
2996 -0.09132689825014284 29.96
2997 -0.09135498719416517 29.97
2998 -0.09147221112395797 29.98
2999 -0.09132479425261311 29.99
3000 -0.09124194749198949 30
