"x-force-rfile"
"Time Step" "x-force etc.."
("Time Step" "x-force" "flow-time")
0 2.423380700838948e-27 0
1 -47.64393362272341 0.01
2 -10.76057552669624 0.02
3 0.2373425552915407 0.03
4 2.932140297246491 0.04
5 3.194376123308707 0.05
6 -0.2769238814865488 0.06
7 -1.405789870758074 0.07000000000000001
8 -0.8336317567078098 0.08
9 0.08080499728441604 0.09
10 0.4943360366275757 0.1
11 0.2521406609000154 0.11
12 -0.01380672452053533 0.12
13 -0.05926813478237766 0.13
14 -0.04767775974547297 0.14
15 0.02037233047733006 0.15
16 0.03424657234852857 0.16
17 0.02097204604411773 0.17
18 0.0133345810917197 0.18
19 0.02391416379740124 0.19
20 0.03069271245633753 0.2
21 0.01857053568298123 0.21
22 0.008133259120920666 0.22
23 0.01214339939414988 0.23
24 0.0246712876934744 0.24
25 0.02297451482350278 0.25
26 0.01922625875988143 0.26
27 0.01544873334084568 0.27
28 0.01414260245071075 0.28
29 0.008306246106535076 0.29
30 0.001746687058689189 0.3
31 0.00647104681900143 0.31
32 0.01731834125881426 0.32
33 0.0193030797799021 0.33
34 0.01783881831874616 0.34
35 0.01924006743531489 0.35
36 0.01853859166146044 0.36
37 0.01262918455750667 0.37
38 0.01041055468616164 0.38
39 0.01156584489819283 0.39
40 0.01265629245446482 0.4
41 0.01258400195909506 0.41
42 0.0116051923997687 0.42
43 0.009024856161872513 0.43
44 0.006040966757663829 0.44
45 0.009596086930300035 0.45
46 0.01433385285136477 0.46
47 0.01520293481458781 0.47
48 0.0129258885406686 0.48
49 0.01105625596948751 0.49
50 0.01075784789454673 0.5
51 0.01243455711612344 0.51
52 0.01167823848474952 0.52
53 0.01183101489221675 0.53
54 0.01062355701502105 0.54
55 0.0104053807803068 0.55
56 0.01098021275548838 0.5600000000000001
57 0.01129820452869727 0.5700000000000001
58 0.01113493560866297 0.58
59 0.01070150044062514 0.59
60 0.01031387255314876 0.6
61 0.009800521748918614 0.61
62 0.009471021707137504 0.62
63 0.009174769092440978 0.63
64 0.009254280112305661 0.64
65 0.009535278717777637 0.65
66 0.009970625009654881 0.66
67 0.01031090606437927 0.67
68 0.01068047169195244 0.68
69 0.01078217948486049 0.6900000000000001
70 0.01084022731717076 0.7000000000000001
71 0.01090687854865978 0.71
72 0.01085024737411464 0.72
73 0.01028554119319786 0.73
74 0.009826615704727495 0.74
75 0.009543452415278732 0.75
76 0.009052086307431113 0.76
77 0.008950416646511215 0.77
78 0.009055992955922056 0.78
79 0.009128924105125051 0.79
80 0.009218532851621521 0.8
81 0.009390925501545515 0.8100000000000001
82 0.009522209003524143 0.8200000000000001
83 0.00966215260000625 0.8300000000000001
84 0.009696793397565306 0.84
85 0.009759401664573251 0.85
86 0.009748959238188817 0.86
87 0.009750448394579496 0.87
88 0.009679329139802354 0.88
89 0.009661452135119875 0.89
90 0.009659663953088007 0.9
91 0.009637444614664748 0.91
92 0.009579306553701199 0.92
93 0.009560389395178281 0.93
94 0.009547945850834808 0.9400000000000001
95 0.00952393660727005 0.9500000000000001
96 0.009453128693495301 0.96
97 0.00937613021644907 0.97
98 0.009293270409773033 0.98
99 0.009264689571517465 0.99
100 0.009316005913579509 1
101 0.009354433888242714 1.01
102 0.00936244046802218 1.02
103 0.009285060486746009 1.03
104 0.0091545637102921 1.04
105 0.009134126646180012 1.05
106 0.00916777275392045 1.06
107 0.009210541034066193 1.07
108 0.009217118782186133 1.08
109 0.009201475791204448 1.09
110 0.009167112126350307 1.1
111 0.009127321723466694 1.11
112 0.00910819551324845 1.12
113 0.009101540383386583 1.13
114 0.009093479707127171 1.14
115 0.009079885729253173 1.15
116 0.009064820649362447 1.16
117 0.009054674528751638 1.17
118 0.009054197450857357 1.18
119 0.009059474066900955 1.19
120 0.009063292184215406 1.2
121 0.009068684164750153 1.21
122 0.009070901261869784 1.22
123 0.009075436724998951 1.23
124 0.009069117356543711 1.24
125 0.009049971152370004 1.25
126 0.0090450405621911 1.26
127 0.009036484353663516 1.27
128 0.00903136448531848 1.28
129 0.009032655976905543 1.29
130 0.009031214981660814 1.3
131 0.009047277471582391 1.31
132 0.009065256519877166 1.32
133 0.009110442970601568 1.33
134 0.009142653553499839 1.34
135 0.00917524772888112 1.35
136 0.009185849046593966 1.36
137 0.009195810237689013 1.37
138 0.009208141163813476 1.38
139 0.009218748028723174 1.39
140 0.009224959703545636 1.4
141 0.009226992609391485 1.41
142 0.009225040005562967 1.42
143 0.009219148342297291 1.43
144 0.009211168323078226 1.44
145 0.009204195236328948 1.45
146 0.009200514668413304 1.46
147 0.009197823067314152 1.47
148 0.009187840337672901 1.48
149 0.009168957521698873 1.49
150 0.009126113019844104 1.5
151 0.009068761092626434 1.51
152 0.009021968191664892 1.52
153 0.009006862731322342 1.53
154 0.0090060453914412 1.54
155 0.009001779892489747 1.55
156 0.008985301156379929 1.56
157 0.00897348174880875 1.57
158 0.008958158689580758 1.58
159 0.008943289635612778 1.59
160 0.00893112147817768 1.6
161 0.008924931406107849 1.61
162 0.008907684763599892 1.62
163 0.008878921102553471 1.63
164 0.008842046617772379 1.64
165 0.008796551999965933 1.65
166 0.008771856048963406 1.66
167 0.008759349839205996 1.67
168 0.008755851230088521 1.68
169 0.008760063020788258 1.69
170 0.008768604816593358 1.7
171 0.008774624320293561 1.71
172 0.008778868141012671 1.72
173 0.008781599139228904 1.73
174 0.008782734633022978 1.74
175 0.00878232845502677 1.75
176 0.008780527240839109 1.76
177 0.008778908069876643 1.77
178 0.008778469629465688 1.78
179 0.008780485228516884 1.79
180 0.008783377542308405 1.8
181 0.008788666594913086 1.81
182 0.008795235126868018 1.82
183 0.008799315128763027 1.83
184 0.008800707854105931 1.84
185 0.008797004006667388 1.85
186 0.008796251977608988 1.86
187 0.008800099844902088 1.87
188 0.008811447142345065 1.88
189 0.008819008300648161 1.89
190 0.008826392397714974 1.9
191 0.008836640914522895 1.91
192 0.008841680102807942 1.92
193 0.008849185662198803 1.93
194 0.008867518614247699 1.94
195 0.008888854348998774 1.95
196 0.008908538861361826 1.96
197 0.008924902212484325 1.97
198 0.008936972815729876 1.98
199 0.008944597813975934 1.99
200 0.008948541147920491 2
201 0.008949879960184532 2.01
202 0.008949625845163595 2.02
203 0.008947639542258589 2.03
204 0.008946972050825638 2.04
205 0.008946922307562784 2.05
206 0.008946434805223292 2.06
207 0.008946970303161654 2.07
208 0.008945899891484019 2.08
209 0.008943675364994194 2.09
210 0.008941107403326215 2.1
211 0.008938332822012778 2.11
212 0.008934555808751257 2.12
213 0.008930267996650358 2.13
214 0.008927072793874613 2.14
215 0.008923609275002416 2.15
216 0.008919080435523072 2.16
217 0.008916516385507079 2.17
218 0.008909781182518565 2.18
219 0.008900819762840354 2.19
220 0.008891548374467215 2.2
221 0.008879249632084776 2.21
222 0.008865914197323934 2.22
223 0.008850263784810663 2.23
224 0.008836115633619622 2.24
225 0.00882539093728424 2.25
226 0.00881572343250462 2.26
227 0.008800970901181097 2.27
228 0.008792244092296474 2.28
229 0.008777766811927056 2.29
230 0.008762611375019397 2.3
231 0.008747866661006722 2.31
232 0.00873713408957923 2.32
233 0.008725769413877241 2.33
234 0.008716986200204391 2.34
235 0.008711639376352318 2.35
236 0.008708853821187943 2.36
237 0.008708333467290521 2.37
238 0.008707105692957046 2.38
239 0.008704933389639714 2.39
240 0.00870176794303542 2.4
241 0.008698623147806495 2.41
242 0.008696107114981465 2.42
243 0.008694478514167957 2.43
244 0.008693778659048843 2.44
245 0.008693591239391731 2.45
246 0.008694467161986907 2.46
247 0.008696549755828859 2.47
248 0.008699603837562537 2.48
249 0.008702244663559814 2.49
250 0.008705958165059979 2.5
251 0.008711068812364688 2.51
252 0.008717516310800737 2.52
253 0.008722889686062071 2.53
254 0.008728190506186903 2.54
255 0.00873293705579912 2.55
256 0.00873735285227489 2.56
257 0.008741587064441791 2.57
258 0.008745927008538948 2.58
259 0.008750351415174336 2.59
260 0.008755079806654544 2.6
261 0.008760424596484555 2.61
262 0.008766898715915579 2.62
263 0.008772606265950725 2.63
264 0.008778167030389653 2.64
265 0.008781995493382169 2.65
266 0.00878549121145338 2.66
267 0.008788702032901538 2.67
268 0.008791720977020863 2.68
269 0.008792682918528725 2.69
270 0.008793644251329807 2.7
271 0.008795251159517731 2.71
272 0.008797805852451561 2.72
273 0.008801219985030497 2.73
274 0.008805712679212437 2.74
275 0.008810219482582487 2.75
276 0.008813352482400711 2.76
277 0.00881481817880886 2.77
278 0.008814463502079435 2.78
279 0.008813335945776987 2.79
280 0.008811889905363378 2.8
281 0.008810305587792245 2.81
282 0.008808622781713724 2.82
283 0.008806895365280131 2.83
284 0.008805144888679605 2.84
285 0.008803412689750167 2.85
286 0.008800711952621174 2.86
287 0.008796961185606576 2.87
288 0.008793363614137115 2.88
289 0.008789846051346025 2.89
290 0.008785890337383086 2.9
291 0.008781780574027662 2.91
292 0.008778651041186117 2.92
293 0.008774370434830434 2.93
294 0.008769673119323222 2.94
295 0.008765311347360027 2.95
296 0.00876124470169266 2.96
297 0.008758290681542834 2.97
298 0.008754625689581918 2.98
299 0.008752381048498679 2.99
300 0.008751323739276043 3
301 0.00875166850601862 3.01
302 0.008749620817716594 3.02
303 0.008747483073602015 3.03
304 0.008744656725470559 3.04
305 0.008743037659634773 3.05
306 0.008742372792699415 3.06
307 0.008742631450360267 3.07
308 0.008743533362623852 3.08
309 0.008744687980848952 3.09
310 0.008746329743925458 3.1
311 0.008748112652540257 3.11
312 0.00874909776875152 3.12
313 0.008750400280710398 3.13
314 0.008751376964861262 3.14
315 0.008752463612139331 3.15
316 0.008753801917152627 3.16
317 0.00875474490719556 3.17
318 0.008755884150116376 3.18
319 0.008757488875094118 3.19
320 0.008759431471943911 3.2
321 0.008761599264072028 3.21
322 0.008763652144521062 3.22
323 0.008765395364593146 3.23
324 0.00876686135188709 3.24
325 0.008767996785991612 3.25
326 0.008768948207611687 3.26
327 0.008769915285812424 3.27
328 0.008770934508419289 3.28
329 0.008772068018101285 3.29
330 0.008773219425738974 3.3
331 0.0087743635896716 3.31
332 0.008775510150235189 3.32
333 0.008776734216578283 3.33
334 0.008777934921440602 3.34
335 0.008779222204774733 3.35
336 0.008780376880538343 3.36
337 0.008781536688752083 3.37
338 0.008782509458904346 3.38
339 0.008783913376642761 3.39
340 0.00878584902504446 3.4
341 0.008787431068225549 3.41
342 0.008788832396309152 3.42
343 0.008790375819977107 3.43
344 0.008792276367679434 3.44
345 0.008794407868862601 3.45
346 0.008796671872527671 3.46
347 0.008798337856406054 3.47
348 0.008800214418477035 3.48
349 0.008803020217786568 3.49
350 0.008805912242630068 3.5
351 0.008809032910805727 3.51
352 0.008811867360348797 3.52
353 0.008814397287512234 3.53
354 0.008816792049461564 3.54
355 0.008819234641240866 3.55
356 0.008821682754047447 3.56
357 0.008823946707323872 3.57
358 0.008826071332315277 3.58
359 0.008827606121103837 3.59
360 0.008830068822466793 3.6
361 0.00883335265044962 3.61
362 0.008836651606068214 3.62
363 0.008839461151574586 3.63
364 0.008841935491638291 3.64
365 0.008843943615329485 3.65
366 0.008845583398498226 3.66
367 0.008846989573841661 3.67
368 0.008848229390736026 3.68
369 0.00884941594621611 3.69
370 0.008850544834592992 3.7
371 0.00885162874821728 3.71
372 0.0088521840473099 3.72
373 0.008852906451730855 3.73
374 0.008853373586985621 3.74
375 0.008853746773442434 3.75
376 0.00885445885818111 3.76
377 0.008854548271088102 3.77
378 0.008854896864047265 3.78
379 0.00885451520262413 3.79
380 0.008854656097754997 3.8
381 0.00885447621068804 3.81
382 0.00885401184202898 3.82
383 0.008854188785523378 3.83
384 0.008854160445967835 3.84
385 0.00885438329935634 3.85
386 0.00885493785070646 3.86
387 0.008855120085536301 3.87
388 0.008855178130764571 3.88
389 0.008855266815691643 3.89
390 0.008855671123873707 3.9
391 0.008856073865260685 3.91
392 0.008857090731355099 3.92
393 0.008858605143548878 3.93
394 0.008860132389819768 3.94
395 0.008861537211335474 3.95
396 0.008862955126563451 3.96
397 0.008864158684628962 3.97
398 0.008865515479174319 3.98
399 0.008867186466231946 3.99
400 0.008869069824601717 4
401 0.008871325776319421 4.01
402 0.008873841541347006 4.02
403 0.008876481140040072 4.03
404 0.008878925267232947 4.04
405 0.008881253869800376 4.05
406 0.008883541874865284 4.06
407 0.008885929803195827 4.07
408 0.008888037584165991 4.08
409 0.008890350756322517 4.09
410 0.008893055144509039 4.1
411 0.008895838452573634 4.11
412 0.008898686108283673 4.12
413 0.008901583875539736 4.13
414 0.008904477078566422 4.14
415 0.008907318226038859 4.15
416 0.008910217968986908 4.16
417 0.008913577248878458 4.17
418 0.008917181892417008 4.18
419 0.008920701622498162 4.19
420 0.008923897842294831 4.2
421 0.008926911045733689 4.21
422 0.008930377535853006 4.22
423 0.00893334818597896 4.23
424 0.008936448105358598 4.24
425 0.008939508231611774 4.25
426 0.008942724644254125 4.26
427 0.008946037777095545 4.27
428 0.008949437278179973 4.28
429 0.008952619313908937 4.29
430 0.008956068863641458 4.3
431 0.008959658024246872 4.31
432 0.008963187718761974 4.32
433 0.008966564584856607 4.33
434 0.008969813012240462 4.34
435 0.008973223658761333 4.350000000000001
436 0.008976506085575067 4.36
437 0.008979668606657668 4.37
438 0.008982900817177805 4.38
439 0.00898595552947376 4.39
440 0.00898887400342761 4.4
441 0.008991695419746079 4.41
442 0.008994528194920772 4.42
443 0.008997353368506888 4.43
444 0.009000065206702086 4.44
445 0.009002802807177027 4.45
446 0.009005231502596672 4.46
447 0.009007276613066995 4.47
448 0.009009554637106771 4.48
449 0.009011962770060439 4.49
450 0.009014393670146205 4.5
451 0.009016661548667468 4.51
452 0.009018921817635651 4.52
453 0.009021041411573534 4.53
454 0.009023844385186981 4.54
455 0.009026216735858779 4.55
456 0.009028314762812935 4.56
457 0.009030260486649087 4.57
458 0.009032014127096664 4.58
459 0.009033613329827266 4.59
460 0.009035125027890532 4.600000000000001
461 0.009036721541729973 4.61
462 0.009038333669922549 4.62
463 0.00903996136881831 4.63
464 0.00904176176443636 4.64
465 0.009043830174200008 4.65
466 0.009045858957689674 4.66
467 0.009047696624025615 4.67
468 0.009049483751921727 4.68
469 0.009051389542277903 4.69
470 0.009053462182817447 4.7
471 0.009055708044143667 4.71
472 0.009058080851924232 4.72
473 0.009060673604148056 4.73
474 0.00906343355905917 4.74
475 0.009066331061686939 4.75
476 0.009069383252771622 4.76
477 0.009072403140100781 4.77
478 0.009075857374834784 4.78
479 0.00907936304548973 4.79
480 0.009082993574232005 4.8
481 0.009086503589516345 4.81
482 0.009090019214036134 4.82
483 0.009093605099917856 4.83
484 0.009097218284590668 4.84
485 0.00910096974007433 4.850000000000001
486 0.009104734771960152 4.86
487 0.009108684429661919 4.87
488 0.009112931118718692 4.88
489 0.009117207155012989 4.89
490 0.009121595531838486 4.9
491 0.009126030194747749 4.91
492 0.009130582468625161 4.92
493 0.009134725917260469 4.93
494 0.009139397237790007 4.94
495 0.009143275417812367 4.95
496 0.009148189375817722 4.96
497 0.009153695639173844 4.97
498 0.009158793720429667 4.98
499 0.009163824855010747 4.99
500 0.009168827972339234 5
501 0.009173501908285435 5.01
502 0.00917826361697858 5.02
503 0.009182296750191526 5.03
504 0.009186172139148881 5.04
505 0.009189773991818095 5.05
506 0.00919373351713049 5.06
507 0.009197680915641958 5.07
508 0.009202028803679284 5.08
509 0.009206484099069004 5.09
510 0.009210564381987913 5.100000000000001
511 0.009214652864420213 5.11
512 0.009218340959803862 5.12
513 0.009222008378589098 5.13
514 0.00922578680761936 5.14
515 0.009229401115753528 5.15
516 0.009232937758974375 5.16
517 0.009236115894729688 5.17
518 0.009239453099052924 5.18
519 0.00924289692297612 5.19
520 0.009246461176273951 5.2
521 0.009250253661694231 5.21
522 0.009253706744107082 5.22
523 0.009257462812204895 5.23
524 0.009261282838492479 5.24
525 0.009264697253907666 5.25
526 0.00926865999880153 5.26
527 0.009272071702506296 5.27
528 0.009275345768491013 5.28
529 0.009278368171096875 5.29
530 0.009281485421572607 5.3
531 0.009284587621996762 5.31
532 0.009287754643764745 5.32
533 0.009290750501355992 5.33
534 0.009293992666063393 5.34
535 0.009297515871583858 5.350000000000001
536 0.009301075100855311 5.36
537 0.009304529827641034 5.37
538 0.009308316202102027 5.38
539 0.009312117445742984 5.39
540 0.009316059287703857 5.4
541 0.009320159513546228 5.41
542 0.009323267038620815 5.42
543 0.009326184306378764 5.43
544 0.009329240472850284 5.44
545 0.009332903426012739 5.45
546 0.009337074262164494 5.46
547 0.009341407185254065 5.47
548 0.009346091501040727 5.48
549 0.009351122236967196 5.49
550 0.009356045120232881 5.5
551 0.00936065997463169 5.51
552 0.009365540033202287 5.52
553 0.009370270940991285 5.53
554 0.009374983011707279 5.54
555 0.009379660343141815 5.55
556 0.009384127815962854 5.56
557 0.009388800937713413 5.57
558 0.009393517388143426 5.58
559 0.009398255555211196 5.59
560 0.009403030040306562 5.600000000000001
561 0.009407727252111843 5.61
562 0.00941281335847572 5.62
563 0.009417892590667594 5.63
564 0.00942256288737265 5.64
565 0.009427779857218795 5.65
566 0.009433038003552786 5.66
567 0.009438181103720215 5.67
568 0.009443285393777562 5.68
569 0.009448579619218241 5.69
570 0.009453269016835453 5.7
571 0.009458061113244907 5.71
572 0.009463180417514849 5.72
573 0.009468440421127319 5.73
574 0.009473635256711414 5.74
575 0.009479104232530462 5.75
576 0.009484888958286232 5.76
577 0.009490328158510848 5.77
578 0.009494879488621535 5.78
579 0.009499914900360781 5.79
580 0.009504968799628517 5.8
581 0.009509987173464232 5.81
582 0.009515063871155728 5.82
583 0.009520210823041952 5.83
584 0.009525227269184748 5.84
585 0.00953031590574222 5.850000000000001
586 0.009535161354039491 5.86
587 0.0095402719566435 5.87
588 0.009545262973225473 5.88
589 0.009550117192296623 5.89
590 0.009554971682844637 5.9
591 0.00955978747606231 5.91
592 0.009564748587183028 5.92
593 0.009569523773651943 5.93
594 0.009574198875038069 5.94
595 0.00957893144155823 5.95
596 0.009583625958455513 5.96
597 0.009588066595156321 5.97
598 0.009592670001859024 5.98
599 0.009597332167488109 5.99
600 0.009601765970816464 6
601 0.009606534076598651 6.01
602 0.009611200693680088 6.02
603 0.009616069438227006 6.03
604 0.009620803492465234 6.04
605 0.009625740160903687 6.05
606 0.009630698083603938 6.06
607 0.009635350090334985 6.07
608 0.009640001533004684 6.08
609 0.009644753094589136 6.09
610 0.009649507788014901 6.100000000000001
611 0.009654076312693787 6.11
612 0.009659207706652545 6.12
613 0.0096646007686296 6.13
614 0.009669905538104534 6.140000000000001
615 0.009674903556010561 6.15
616 0.009679851897268422 6.16
617 0.009684995504762157 6.17
618 0.009689939176492522 6.18
619 0.00969499031674477 6.19
620 0.009699932333744199 6.2
621 0.009705229359034928 6.21
622 0.009710654266709915 6.22
623 0.009716231928777715 6.23
624 0.009721535528199873 6.24
625 0.009727086050274681 6.25
626 0.009732285138741052 6.26
627 0.009738292749119328 6.27
628 0.009743571784128569 6.28
629 0.009749292407839996 6.29
630 0.009754655722494013 6.3
631 0.009760318872920004 6.31
632 0.009765945023748066 6.32
633 0.009771858418763556 6.33
634 0.009777731914519536 6.34
635 0.009783366634828981 6.350000000000001
636 0.009788982461684267 6.36
637 0.009794657560059634 6.37
638 0.0098010027829918 6.38
639 0.009806837692219822 6.390000000000001
640 0.009812814749881237 6.4
641 0.009818611518608515 6.41
642 0.009824322488936572 6.42
643 0.009830370987113953 6.43
644 0.009836372160581435 6.44
645 0.009842531195907568 6.45
646 0.00984868812026763 6.46
647 0.009854550862697377 6.47
648 0.009860508345837963 6.48
649 0.009866303497301124 6.49
650 0.009872446388995957 6.5
651 0.009878200841714225 6.51
652 0.009884457598434558 6.52
653 0.009890567684774757 6.53
654 0.009896406224512568 6.54
655 0.009902229032472929 6.55
656 0.009908497091933293 6.56
657 0.009914564520443463 6.57
658 0.009920809213238315 6.58
659 0.00992693081232734 6.59
660 0.009932895464687536 6.600000000000001
661 0.009939088856775219 6.61
662 0.009945062344373078 6.62
663 0.009951053134720486 6.63
664 0.00995677981089031 6.640000000000001
665 0.009962492314670978 6.65
666 0.009968246613651748 6.66
667 0.009974150337349004 6.67
668 0.009980147020131528 6.68
669 0.009986125932051563 6.69
670 0.009992122950205143 6.7
671 0.009998018658429548 6.71
672 0.01000413160182759 6.72
673 0.01001024954173109 6.73
674 0.01001644314211449 6.74
675 0.01002280269348385 6.75
676 0.0100287631106578 6.76
677 0.01003459064917713 6.77
678 0.01004068314763568 6.78
679 0.01004646904163346 6.79
680 0.0100525746465372 6.8
681 0.01005886516245276 6.81
682 0.01006511074890649 6.82
683 0.01007126236997836 6.83
684 0.01007742927225581 6.84
685 0.01008352099174008 6.850000000000001
686 0.01008957693422706 6.86
687 0.01009568577931392 6.87
688 0.01010212256431969 6.88
689 0.01010863109682215 6.890000000000001
690 0.01011465743581891 6.9
691 0.01012092167875484 6.91
692 0.01012758438749119 6.92
693 0.01013388862654674 6.93
694 0.01014054715951181 6.94
695 0.01014696552940317 6.95
696 0.01015367193679212 6.96
697 0.01016061062156174 6.97
698 0.01016739565693646 6.98
699 0.01017338886221876 6.99
700 0.01018014259397065 7
701 0.01018697307691233 7.01
702 0.01019385482239163 7.02
703 0.01020086413103396 7.03
704 0.01020777766053935 7.04
705 0.0102147605800392 7.05
706 0.01022182496756527 7.06
707 0.01022853474155676 7.07
708 0.01023542927369744 7.08
709 0.0102423385233386 7.09
710 0.01024923211827778 7.100000000000001
711 0.01025659895139713 7.11
712 0.01026407224890395 7.12
713 0.01027121094247436 7.13
714 0.0102785033710933 7.140000000000001
715 0.01028533177667896 7.15
716 0.01029227487467289 7.16
717 0.0102995351686666 7.17
718 0.01030668912938484 7.18
719 0.01031370162869598 7.19
720 0.01032098778063975 7.2
721 0.01032835042861325 7.21
722 0.01033570663710042 7.22
723 0.0103431222434277 7.23
724 0.0103501066308572 7.24
725 0.01035756246242388 7.25
726 0.01036486268593276 7.26
727 0.01037193739620682 7.27
728 0.01037958768718755 7.28
729 0.01038640801987367 7.29
730 0.0103934213423422 7.3
731 0.01040102155251865 7.31
732 0.01040854097450573 7.32
733 0.01041593991214476 7.33
734 0.01042323205614317 7.34
735 0.01043047996103833 7.350000000000001
736 0.01043762550705069 7.36
737 0.01044491340841946 7.37
738 0.01045234311111747 7.38
739 0.01045949609720683 7.390000000000001
740 0.01046658844894668 7.4
741 0.01047431389228499 7.41
742 0.01048182438359313 7.42
743 0.01048916079425627 7.43
744 0.01049666541216385 7.44
745 0.01050384487556946 7.45
746 0.01051099976695959 7.46
747 0.01051862332560169 7.47
748 0.01052626072500067 7.48
749 0.0105336690598425 7.49
750 0.01054116422488754 7.5
751 0.01054860027806441 7.51
752 0.01055598775351896 7.52
753 0.01056339901683148 7.53
754 0.01057079915276838 7.54
755 0.01057831099721571 7.55
756 0.01058543408408806 7.56
757 0.01059256021047541 7.57
758 0.01059960551459767 7.58
759 0.01060728468016173 7.59
760 0.01061490289428847 7.600000000000001
761 0.01062249397625895 7.61
762 0.01063026332782773 7.62
763 0.01063801035135626 7.63
764 0.01064578592151865 7.640000000000001
765 0.01065352917898145 7.65
766 0.01066109482775975 7.66
767 0.01066861319978797 7.67
768 0.01067647220582364 7.68
769 0.01068429072850291 7.69
770 0.010691769250817 7.7
771 0.01069938470100097 7.71
772 0.01070709191614182 7.72
773 0.01071477136935677 7.73
774 0.01072286897300796 7.74
775 0.01073075214477762 7.75
776 0.01073841176376378 7.76
777 0.01074628141941331 7.77
778 0.0107540314007235 7.78
779 0.01076225836622146 7.79
780 0.01076987608084391 7.8
781 0.01077784291021314 7.81
782 0.01078608143137165 7.82
783 0.01079415802637253 7.83
784 0.01080180315102355 7.84
785 0.01080969273866606 7.850000000000001
786 0.01081783704725526 7.86
787 0.01082593776787082 7.87
788 0.01083417457296128 7.88
789 0.01084242061954179 7.890000000000001
790 0.01085087827883952 7.9
791 0.0108586114270687 7.91
792 0.01086646968532086 7.92
793 0.0108743761861153 7.930000000000001
794 0.01088211249923756 7.94
795 0.01089022699916175 7.95
796 0.01089799661033755 7.96
797 0.01090578508775958 7.97
798 0.01091395688255368 7.98
799 0.01092243632377819 7.99
800 0.01093066466457078 8
801 0.01093859398527269 8.01
802 0.01094088727419413 8.02
803 0.0109465822775084 8.029999999999999
804 0.01095447412494045 8.040000000000001
805 0.01096939831243258 8.050000000000001
806 0.01098148393323837 8.06
807 0.01099471937893405 8.07
808 0.01100449520012406 8.08
809 0.01101054482902284 8.09
810 0.01101552122503749 8.1
811 0.01102032078643868 8.109999999999999
812 0.01102588062505325 8.120000000000001
813 0.0110325147469397 8.130000000000001
814 0.01104047791347836 8.140000000000001
815 0.01104917041396011 8.15
816 0.01105826658968458 8.16
817 0.01106746277605691 8.17
818 0.01107663971080178 8.18
819 0.01108520616837413 8.19
820 0.01109370974537113 8.199999999999999
821 0.01110207282727895 8.210000000000001
822 0.01111004517641902 8.220000000000001
823 0.01111777322442851 8.23
824 0.01112535132475444 8.24
825 0.01113290008618452 8.25
826 0.01114042203613354 8.26
827 0.01114738888344923 8.27
828 0.01115513725855062 8.279999999999999
829 0.01116321958472188 8.290000000000001
830 0.01117141473809491 8.300000000000001
831 0.0111798256714505 8.31
832 0.01118771571675766 8.32
833 0.01119516090524557 8.33
834 0.01119791759146701 8.34
835 0.01120610097055216 8.35
836 0.01121349418297675 8.359999999999999
837 0.01122245914686698 8.370000000000001
838 0.01123504553588933 8.380000000000001
839 0.01124457952527928 8.390000000000001
840 0.01126118418732532 8.4
841 0.01127181922348987 8.41
842 0.01128027048864523 8.42
843 0.01128652416750599 8.43
844 0.01129103874844874 8.44
845 0.01129574759975534 8.449999999999999
846 0.0113011941686768 8.460000000000001
847 0.01130819815958843 8.470000000000001
848 0.01131587493804044 8.48
849 0.01132485319231382 8.49
850 0.01133455264138966 8.5
851 0.01134429297282538 8.51
852 0.0113543321136169 8.52
853 0.01136401148772552 8.529999999999999
854 0.01137282027727772 8.540000000000001
855 0.01138201637653874 8.550000000000001
856 0.01138993191435106 8.56
857 0.01139748612697943 8.57
858 0.01140477598657567 8.58
859 0.01141223584927012 8.59
860 0.0114198270356744 8.6
861 0.01142763410592587 8.609999999999999
862 0.01143526630298148 8.620000000000001
863 0.01144297904232172 8.630000000000001
864 0.01145144952289956 8.640000000000001
865 0.01145987635446087 8.65
866 0.01146825654816145 8.66
867 0.01147185695754777 8.67
868 0.01147705017178631 8.68
869 0.01148528255004889 8.69
870 0.01149741537083902 8.700000000000001
871 0.01150676199397665 8.710000000000001
872 0.01151644071632436 8.720000000000001
873 0.0115262901192385 8.73
874 0.01153603662308266 8.74
875 0.01154560600089852 8.75
876 0.01155431466791338 8.76
877 0.01156280020246157 8.77
878 0.01157076405927206 8.779999999999999
879 0.01157985126441628 8.790000000000001
880 0.01158929763264047 8.800000000000001
881 0.01159616948251196 8.81
882 0.01160082513710143 8.82
883 0.01160997026807437 8.83
884 0.01161619184660253 8.84
885 0.01162240033363544 8.85
886 0.01162918114020265 8.859999999999999
887 0.01163931877432088 8.870000000000001
888 0.0116458196725999 8.880000000000001
889 0.01165398390432656 8.890000000000001
890 0.01166116528978454 8.9
891 0.01166965135881176 8.91
892 0.01167739469312103 8.92
893 0.01168389949112746 8.93
894 0.01169420364060264 8.94
895 0.01170206525077147 8.950000000000001
896 0.01171033314173523 8.960000000000001
897 0.01171637787766985 8.970000000000001
898 0.01172365890816313 8.98
899 0.01173133727059727 8.99
900 0.01173901615499173 9
901 0.01174427460064191 9.01
902 0.01175385358459914 9.02
903 0.01175909919165296 9.029999999999999
904 0.01176895634947766 9.040000000000001
905 0.01177814733361951 9.050000000000001
906 0.01178690232574816 9.06
907 0.0117948911391168 9.07
908 0.01180481912523143 9.08
909 0.01180968601403409 9.09
910 0.01181922835902656 9.1
911 0.0118239725263627 9.109999999999999
912 0.01183007522887037 9.120000000000001
913 0.01183508419595243 9.130000000000001
914 0.01183993986533978 9.140000000000001
915 0.01184538727612916 9.15
916 0.01184999329473705 9.16
917 0.01185851942242807 9.17
918 0.0118671461411556 9.18
919 0.01187407962714356 9.19
920 0.01188232665986724 9.200000000000001
921 0.01189135532474971 9.210000000000001
922 0.01190346930007291 9.220000000000001
923 0.01191202043087294 9.23
924 0.01192064550422408 9.24
925 0.01192855393897265 9.25
926 0.0119360170719437 9.26
927 0.01194038076788833 9.27
928 0.0119489376917658 9.279999999999999
929 0.01195403326558268 9.290000000000001
930 0.01196402798623207 9.300000000000001
931 0.01196965932776212 9.31
932 0.01197657853584551 9.32
933 0.01198351094594549 9.33
934 0.01198568622088611 9.34
935 0.01198986411175154 9.35
936 0.0119952364604055 9.359999999999999
937 0.01199905189859666 9.370000000000001
938 0.01200520521157692 9.380000000000001
939 0.01200973007983359 9.390000000000001
940 0.01201562291726868 9.4
941 0.01202224923157559 9.41
942 0.01203110087623457 9.42
943 0.0120372472455028 9.43
944 0.01204426748344266 9.44
945 0.01205455237677383 9.450000000000001
946 0.01206139811164029 9.460000000000001
947 0.0120681648841037 9.470000000000001
948 0.01207265474571219 9.48
949 0.01207956596751443 9.49
950 0.01208491052845299 9.5
951 0.01209024096648654 9.51
952 0.01209571065277217 9.52
953 0.01210204081800097 9.529999999999999
954 0.01210841690979515 9.540000000000001
955 0.01211466453084313 9.550000000000001
956 0.01212173891992669 9.56
957 0.01212753368326199 9.57
958 0.01213214743980011 9.58
959 0.01213678369469802 9.59
960 0.0121419185295436 9.6
961 0.01214800473607364 9.609999999999999
962 0.01215302645384577 9.620000000000001
963 0.01215797637757459 9.630000000000001
964 0.01216130727635429 9.640000000000001
965 0.01216558103084832 9.65
966 0.01217156875529643 9.66
967 0.01217761026610529 9.67
968 0.01218416228620955 9.68
969 0.01218939800792856 9.69
970 0.01219757478630513 9.700000000000001
971 0.01220306617289424 9.710000000000001
972 0.01220917812261372 9.720000000000001
973 0.0122157683489778 9.73
974 0.01222173891630979 9.74
975 0.0122271706711936 9.75
976 0.0122309615700194 9.76
977 0.01223743052086713 9.77
978 0.01224116841837477 9.779999999999999
979 0.01224594752560491 9.790000000000001
980 0.01225143991559033 9.800000000000001
981 0.01225628095405151 9.81
982 0.01226151132199231 9.82
983 0.01226740046336132 9.83
984 0.01227305886871888 9.84
985 0.01227952508915655 9.85
986 0.01228584162733269 9.859999999999999
987 0.01229172698549506 9.870000000000001
988 0.01229701660056954 9.880000000000001
989 0.01230357255889683 9.890000000000001
990 0.01230722008886939 9.9
991 0.01231116057779563 9.91
992 0.0123155278510937 9.92
993 0.0123201669754891 9.93
994 0.01232547804264363 9.94
995 0.01233037602608601 9.950000000000001
996 0.01233296269264587 9.960000000000001
997 0.01233978901772458 9.970000000000001
998 0.012344235748802 9.98
999 0.01235287419664024 9.99
1000 0.01235700529836099 10
1001 0.01236573647422551 10.01
1002 0.01237053771398056 10.02
1003 0.01238007321329353 10.03
1004 0.01238488605462252 10.04
1005 0.01239305865496483 10.05
1006 0.01239667874838648 10.06
1007 0.01240435739930449 10.07
1008 0.01240699971392945 10.08
1009 0.01241395161208151 10.09
1010 0.01241700657598589 10.1
1011 0.01242417348350284 10.11
1012 0.01242764660903895 10.12
1013 0.01243664063275546 10.13
1014 0.01244332172185708 10.14
1015 0.01244698321138246 10.15
1016 0.01245379531869646 10.16
1017 0.01245967730007897 10.17
1018 0.01246439332413689 10.18
1019 0.0124683893041319 10.19
1020 0.01247094400659299 10.2
1021 0.01247422270097185 10.21
1022 0.01247854258621 10.22
1023 0.01248446263522641 10.23
1024 0.01249128156653538 10.24
1025 0.01249440983388499 10.25
1026 0.01250249653419703 10.26
1027 0.01251042202978528 10.27
1028 0.01251404352740403 10.28
1029 0.0125226200589398 10.29
1030 0.01253054041827452 10.3
1031 0.01253758881631372 10.31
1032 0.01254160495560052 10.32
1033 0.01254826922872474 10.33
1034 0.01255355590857585 10.34
1035 0.01255555723844326 10.35
1036 0.01256162481911853 10.36
1037 0.01256781132906091 10.37
1038 0.01257320500520807 10.38
1039 0.0125779481449495 10.39
1040 0.01258314446828982 10.4
1041 0.01258786047220691 10.41
1042 0.0125921799830291 10.42
1043 0.0125934171892951 10.43
1044 0.01259893177569833 10.44
1045 0.0126075768767753 10.45
1046 0.0126112706469156 10.46
1047 0.01261851754473225 10.47
1048 0.012624585693452 10.48
1049 0.01262764410994223 10.49
1050 0.01263381182048211 10.5
1051 0.01263926253538179 10.51
1052 0.0126439599290602 10.52
1053 0.01264867776126113 10.53
1054 0.01265354256788621 10.54
1055 0.01265853909891202 10.55
1056 0.01266153574872481 10.56
1057 0.01266824014923641 10.57
1058 0.01267223918160165 10.58
1059 0.01267996458842936 10.59
1060 0.01268448407570977 10.6
1061 0.01268933465787579 10.61
1062 0.01269398607359208 10.62
1063 0.01269884775147461 10.63
1064 0.01270421487862406 10.64
1065 0.01270959769542197 10.65
1066 0.01271495183071222 10.66
1067 0.01272077472178666 10.67
1068 0.01272707508823578 10.68
1069 0.01273112200624705 10.69
1070 0.01273417075753682 10.7
1071 0.01273774393247238 10.71
1072 0.01274132889963959 10.72
1073 0.01274574551982879 10.73
1074 0.01275110123585706 10.74
1075 0.01275645996966761 10.75
1076 0.01276136652066483 10.76
1077 0.01276596128464658 10.77
1078 0.01277055863202094 10.78
1079 0.01277494822658014 10.79
1080 0.01277953297959767 10.8
1081 0.01278426423350693 10.81
1082 0.01278948498345025 10.82
1083 0.0127943423485585 10.83
1084 0.01279868121186776 10.84
1085 0.01280222161278677 10.85
1086 0.01280668348170706 10.86
1087 0.01281079222031215 10.87
1088 0.01281512998205971 10.88
1089 0.01281953949807657 10.89
1090 0.01282416576205335 10.9
1091 0.01282998474196887 10.91
1092 0.01283496214169795 10.92
1093 0.01283999030215657 10.93
1094 0.01284454487703533 10.94
1095 0.01284620494964966 10.95
1096 0.01285115556497531 10.96
1097 0.01285349248656919 10.97
1098 0.01285659458695084 10.98
1099 0.01286007752492495 10.99
1100 0.01286417439468278 11
1101 0.01286790918645875 11.01
1102 0.0128723521868645 11.02
1103 0.01287673013545409 11.03
1104 0.01288183459388728 11.04
1105 0.01288696189297515 11.05
1106 0.01289645159587393 11.06
1107 0.01290071712375408 11.07
1108 0.01290450987879372 11.08
1109 0.01290769892924292 11.09
1110 0.0129103862905335 11.1
1111 0.01291370682369005 11.11
1112 0.01291712314976968 11.12
1113 0.01292233652278882 11.13
1114 0.01292465786789551 11.14
1115 0.01292682614518515 11.15
1116 0.01293115244214273 11.16
1117 0.01293443766716871 11.17
1118 0.01293823917152203 11.18
1119 0.01294216804491256 11.19
1120 0.01294608545396893 11.2
1121 0.01294994325600161 11.21
1122 0.01295449835059113 11.22
1123 0.0129599658205399 11.23
1124 0.01296448673453025 11.24
1125 0.01296833256115367 11.25
1126 0.01297414064529183 11.26
1127 0.01297939809242363 11.27
1128 0.01298480994563195 11.28
1129 0.01299028240570268 11.29
1130 0.0129938047217468 11.3
1131 0.01299740281498769 11.31
1132 0.01300118413882542 11.32
1133 0.01300455950315818 11.33
1134 0.01301178117510275 11.34
1135 0.01301476549787008 11.35
1136 0.01302007152055916 11.36
1137 0.01302164074803042 11.37
1138 0.01302612007262225 11.38
1139 0.01302705668770508 11.39
1140 0.013028902770251 11.4
1141 0.01303151678431285 11.41
1142 0.01303599303981636 11.42
1143 0.01303916645943778 11.43
1144 0.01304380967949624 11.44
1145 0.01305051860187082 11.45
1146 0.01305619860666036 11.46
1147 0.01306388875785967 11.47
1148 0.0130682065883123 11.48
1149 0.01307049919294106 11.49
1150 0.01307052702982182 11.5
1151 0.01307196722675725 11.51
1152 0.01307401048579893 11.52
1153 0.01307695090023651 11.53
1154 0.01308080656725363 11.54
1155 0.01308414043785482 11.55
1156 0.01308790583802739 11.56
1157 0.01309083152956861 11.57
1158 0.01309415483941528 11.58
1159 0.01309741380488273 11.59
1160 0.0131001306996235 11.6
1161 0.01310266485411203 11.61
1162 0.01310545437490519 11.62
1163 0.01310934929410264 11.63
1164 0.01311205834823834 11.64
1165 0.0131142895760229 11.65
1166 0.01311598970518909 11.66
1167 0.01311848515578652 11.67
1168 0.01312109145211745 11.68
1169 0.0131226135759767 11.69
1170 0.01312429941478938 11.7
1171 0.01312570773365802 11.71
1172 0.01313030644841239 11.72
1173 0.01313169537065706 11.73
1174 0.01313119982667327 11.74
1175 0.01313365471786032 11.75
1176 0.01313389608875773 11.76
1177 0.01313342162343541 11.77
1178 0.0131366308271478 11.78
1179 0.01313650602731602 11.79
1180 0.01313876845597276 11.8
1181 0.01314211985048611 11.81
1182 0.01314409459159643 11.82
1183 0.01314587964879218 11.83
1184 0.01314696278700352 11.84
1185 0.01314763561044299 11.85
1186 0.0131482627299465 11.86
1187 0.01314726937406999 11.87
1188 0.01314771023523205 11.88
1189 0.01314824508983398 11.89
1190 0.01314897417014885 11.9
1191 0.01315003806906799 11.91
1192 0.01314920682842385 11.92
1193 0.01315078536516461 11.93
1194 0.01315163960086895 11.94
1195 0.01315040881710533 11.95
1196 0.01315278705845936 11.96
1197 0.01315423547108101 11.97
1198 0.01315701545854686 11.98
1199 0.01315634905358544 11.99
1200 0.01315696670612881 12
1201 0.01315693852339318 12.01
1202 0.01315883377391603 12.02
1203 0.01315757531816477 12.03
1204 0.0131584646017557 12.04
1205 0.01315806653929569 12.05
1206 0.01315923809287692 12.06
1207 0.01315800527917014 12.07
1208 0.01315722500979423 12.08
1209 0.01315912861769884 12.09
1210 0.01315838867146154 12.1
1211 0.01315774292734659 12.11
1212 0.01315804000570384 12.12
1213 0.01315903350960376 12.13
1214 0.01315969527441681 12.14
1215 0.0131614486596653 12.15
1216 0.01316382294076677 12.16
1217 0.01316614358280957 12.17
1218 0.0131683437257587 12.18
1219 0.01316870072205398 12.19
1220 0.01316879458210169 12.2
1221 0.01316905896409442 12.21
1222 0.01316924670200343 12.22
1223 0.01316971264574532 12.23
1224 0.01316996835735839 12.24
1225 0.01317053183868 12.25
1226 0.01317098131680854 12.26
1227 0.01317282745148122 12.27
1228 0.01317465308090022 12.28
1229 0.01317451607428045 12.29
1230 0.01317395787195137 12.3
1231 0.01317341345618581 12.31
1232 0.01317411726713386 12.32
1233 0.0131757190311177 12.33
1234 0.01317745426229836 12.34
1235 0.01317982716065327 12.35
1236 0.01318055436827789 12.36
1237 0.01318114181659594 12.37
1238 0.01318085899653656 12.38
1239 0.0131812182001066 12.39
1240 0.01318201540184745 12.4
1241 0.013183795591282 12.41
1242 0.01318265443926706 12.42
1243 0.01318558320989186 12.43
1244 0.01318782429163685 12.44
1245 0.01318959078500371 12.45
1246 0.01318851147498812 12.46
1247 0.01319050692953737 12.47
1248 0.01319185870291396 12.48
1249 0.01319260503899904 12.49
1250 0.01319357387156942 12.5
1251 0.01319299160689013 12.51
1252 0.01319265904656614 12.52
1253 0.01319261176329647 12.53
1254 0.01319450584887509 12.54
1255 0.01319410909568413 12.55
1256 0.01319421255703737 12.56
1257 0.01319456301724105 12.57
1258 0.01319600760710463 12.58
1259 0.01319221052575582 12.59
1260 0.01319152934315922 12.6
1261 0.0131906427673152 12.61
1262 0.01319347136672849 12.62
1263 0.01319323705070168 12.63
1264 0.01319718577817654 12.64
1265 0.01319967730023919 12.65
1266 0.01319888660823316 12.66
1267 0.01319770271794031 12.67
1268 0.01319545082894788 12.68
1269 0.01319472242749379 12.69
1270 0.01319703273254294 12.7
1271 0.01319626378517165 12.71
1272 0.01319927498506083 12.72
1273 0.01320336168415781 12.73
1274 0.01320669153282487 12.74
1275 0.01320573620147678 12.75
1276 0.01320802908799683 12.76
1277 0.01320797835438075 12.77
1278 0.01320949147178361 12.78
1279 0.01320443365757653 12.79
1280 0.01320856575660809 12.8
1281 0.0132113634558352 12.81
1282 0.013210851545677 12.82
1283 0.01321180161848171 12.83
1284 0.0132138670845734 12.84
1285 0.0132144375684009 12.85
1286 0.01321836176846517 12.86
1287 0.0132210667045497 12.87
1288 0.01322110645105926 12.88
1289 0.01322860790741308 12.89
1290 0.01323506911899099 12.9
1291 0.01323620002886347 12.91
1292 0.01324216514885342 12.92
1293 0.01324753428655512 12.93
1294 0.01324936152737554 12.94
1295 0.01325488670902531 12.95
1296 0.01326038851271057 12.96
1297 0.01326558103448906 12.97
1298 0.01326997523803168 12.98
1299 0.01327301972418022 12.99
1300 0.01327792659168629 13
1301 0.01328166168878404 13.01
1302 0.01328560538222344 13.02
1303 0.01328851324272661 13.03
1304 0.01328929478572204 13.04
1305 0.01329279798825464 13.05
1306 0.0132950760700136 13.06
1307 0.01329753174082823 13.07
1308 0.01330249191913826 13.08
1309 0.01330734138311998 13.09
1310 0.01330996717067317 13.1
1311 0.01331545066499057 13.11
1312 0.01332095807846943 13.12
1313 0.01332645541041089 13.13
1314 0.01333074749654988 13.14
1315 0.01333668253530858 13.15
1316 0.01334150351387538 13.16
1317 0.0133447543951834 13.17
1318 0.01334753563707894 13.18
1319 0.01334794906289189 13.19
1320 0.01334382076441834 13.2
1321 0.01334238526520248 13.21
1322 0.01334272007554625 13.22
1323 0.01334647669705686 13.23
1324 0.01335410478987474 13.24
1325 0.01335760311269448 13.25
1326 0.01336341944810868 13.26
1327 0.0133706102844228 13.27
1328 0.01337135075683584 13.28
1329 0.01337172764916635 13.29
1330 0.01337813384250016 13.3
1331 0.01338086806145322 13.31
1332 0.01338363520653823 13.32
1333 0.01338790355217523 13.33
1334 0.01338993684580828 13.34
1335 0.01339040510023798 13.35
1336 0.0133927626623043 13.36
1337 0.01339592090509677 13.37
1338 0.01339632722077405 13.38
1339 0.01339683375744279 13.39
1340 0.01339993118917843 13.4
1341 0.01340037397369447 13.41
1342 0.01339951353834923 13.42
1343 0.01340182140009154 13.43
1344 0.01340120900376051 13.44
1345 0.01340196459082078 13.45
1346 0.01340616792626548 13.46
1347 0.0134082188806361 13.47
1348 0.01341170707225845 13.48
1349 0.01341046604277688 13.49
1350 0.01341263014912722 13.5
1351 0.01341375630531028 13.51
1352 0.01340894037334988 13.52
1353 0.01340765757631203 13.53
1354 0.01341151508546531 13.54
1355 0.01340920116271521 13.55
1356 0.0134124908082375 13.56
1357 0.01341302921055865 13.57
1358 0.01341610184258331 13.58
1359 0.01341343791100834 13.59
1360 0.01341243431052364 13.6
1361 0.01341176569773587 13.61
1362 0.01340715705206722 13.62
1363 0.01340530820904744 13.63
1364 0.01340345419951735 13.64
1365 0.01340086621205309 13.65
1366 0.01340016601982969 13.66
1367 0.013401715775661 13.67
1368 0.01340396268253121 13.68
1369 0.01339702706919283 13.69
1370 0.01339330873335882 13.7
1371 0.01339001165511427 13.71
1372 0.01339072611108142 13.72
1373 0.01338925246871688 13.73
1374 0.01339750744155297 13.74
1375 0.01340520175850898 13.75
1376 0.01340777420726905 13.76
1377 0.01340898989261458 13.77
1378 0.01340933213143466 13.78
1379 0.0134075739554817 13.79
1380 0.01340213167135889 13.8
1381 0.01339725567098526 13.81
1382 0.01339584755546178 13.82
1383 0.01339382454425009 13.83
1384 0.01339463552060963 13.84
1385 0.01339692097783043 13.85
1386 0.01339811921417894 13.86
1387 0.01339810401604882 13.87
1388 0.01339964068489543 13.88
1389 0.01340315720214288 13.89
1390 0.01340454585618111 13.9
1391 0.01340566741897467 13.91
1392 0.01340620971774285 13.92
1393 0.01340460922921191 13.93
1394 0.01340411021844549 13.94
1395 0.01340154175628647 13.95
1396 0.01339497869333292 13.96
1397 0.01339021977050036 13.97
1398 0.01338989713172834 13.98
1399 0.01339054039930445 13.99
1400 0.01339113847007566 14
1401 0.0133932158013862 14.01
1402 0.01339221052391581 14.02
1403 0.01339228513168146 14.03
1404 0.01339718286655938 14.04
1405 0.01339917848543483 14.05
1406 0.01340189118738927 14.06
1407 0.01340225665269307 14.07
1408 0.01340258631374485 14.08
1409 0.01340611908733402 14.09
1410 0.01340722953520726 14.1
1411 0.01340978231270689 14.11
1412 0.01340949199027664 14.12
1413 0.01340819330961608 14.13
1414 0.01340618888336181 14.14
1415 0.01340266948686138 14.15
1416 0.01339820903835709 14.16
1417 0.01339432210784549 14.17
1418 0.01339149103715138 14.18
1419 0.01338885337810844 14.19
1420 0.01338983668722211 14.2
1421 0.01338771358492402 14.21
1422 0.01339334381635908 14.22
1423 0.01339481002488755 14.23
1424 0.0133915519779817 14.24
1425 0.01339027121803459 14.25
1426 0.01338814505897347 14.26
1427 0.01338604804029771 14.27
1428 0.01338798833353437 14.28
1429 0.0133885293560041 14.29
1430 0.0133866747531894 14.3
1431 0.01338599905728788 14.31
1432 0.01338548529886482 14.32
1433 0.01339139623423031 14.33
1434 0.01338888273710883 14.34
1435 0.01338747776451425 14.35
1436 0.01338539174139022 14.36
1437 0.01338068775233528 14.37
1438 0.01337914272682788 14.38
1439 0.01337512182227504 14.39
1440 0.01336986510813268 14.4
1441 0.01336705608065223 14.41
1442 0.01336316566495294 14.42
1443 0.01336152115104189 14.43
1444 0.01336323906361633 14.44
1445 0.0133644198376559 14.45
1446 0.01336725279080048 14.46
1447 0.01336097283168612 14.47
1448 0.01335652812409328 14.48
1449 0.0133495257582775 14.49
1450 0.01334154610151075 14.5
1451 0.01333170119572829 14.51
1452 0.01332747489784418 14.52
1453 0.01332055316669519 14.53
1454 0.01331856278776123 14.54
1455 0.01331318646159154 14.55
1456 0.01330719355215774 14.56
1457 0.01329916165277019 14.57
1458 0.0132914876174196 14.58
1459 0.01328405172220169 14.59
1460 0.01327892090594342 14.6
1461 0.01327506828384498 14.61
1462 0.01327607068969333 14.62
1463 0.01327662382366929 14.63
1464 0.01327640914056572 14.64
1465 0.01327296002787031 14.65
1466 0.0132582246454072 14.66
1467 0.01324858377388455 14.67
1468 0.01323525384929346 14.68
1469 0.01322017269274047 14.69
1470 0.01320624397591684 14.7
1471 0.01320881070246909 14.71
1472 0.01320667515431891 14.72
1473 0.01320774172746715 14.73
1474 0.01320861239199286 14.74
1475 0.01320495633228612 14.75
1476 0.01319854499679892 14.76
1477 0.01318837915062501 14.77
1478 0.01318244797012879 14.78
1479 0.01317363381457439 14.79
1480 0.01316376827704454 14.8
1481 0.01315344717769545 14.81
1482 0.01314921027186757 14.82
1483 0.01314437019451131 14.83
1484 0.01314439966261551 14.84
1485 0.01314402723877355 14.85
1486 0.0131400407005376 14.86
1487 0.01313536972267638 14.87
1488 0.01312227018028241 14.88
1489 0.01312179123046761 14.89
1490 0.01312241456402275 14.9
1491 0.01311467752768306 14.91
1492 0.01311710430586245 14.92
1493 0.01311657254559478 14.93
1494 0.01311428507008167 14.94
1495 0.01310997292755738 14.95
1496 0.01309355586763632 14.96
1497 0.01309043106532513 14.97
1498 0.01309481837638276 14.98
1499 0.01308809046682905 14.99
1500 0.01307664015315199 15
1501 0.01306927776814149 15.01
1502 0.0130562564435052 15.02
1503 0.01304464739275749 15.03
1504 0.01303553969392787 15.04
1505 0.01303655077377267 15.05
1506 0.01303622180765627 15.06
1507 0.01303471382968143 15.07
1508 0.01303655823840177 15.08
1509 0.01302222087327405 15.09
1510 0.0130048599650965 15.1
1511 0.01302054532411308 15.11
1512 0.01303511191974669 15.12
1513 0.01303828461788611 15.13
1514 0.01303150566154597 15.14
1515 0.0130264057847553 15.15
1516 0.01301874536221434 15.16
1517 0.0130088497655638 15.17
1518 0.01299327762581457 15.18
1519 0.01298512150876025 15.19
1520 0.01298619239969677 15.2
1521 0.01297274507793277 15.21
1522 0.01296416318943637 15.22
1523 0.01295180032635061 15.23
1524 0.01294365001516123 15.24
1525 0.01293837475869576 15.25
1526 0.01293763542638161 15.26
1527 0.01293033346699135 15.27
1528 0.01292507738771945 15.28
1529 0.01292046497208789 15.29
1530 0.01290911958953024 15.3
1531 0.01288784200078361 15.31
1532 0.01287351878150352 15.32
1533 0.01286602754052789 15.33
1534 0.01286565749780864 15.34
1535 0.01286448341609783 15.35
1536 0.01286247778721709 15.36
1537 0.01283444684105016 15.37
1538 0.01282105510967041 15.38
1539 0.0128099437147924 15.39
1540 0.0127916301900918 15.4
1541 0.01278321982723834 15.41
1542 0.01277803087830232 15.42
1543 0.01277015986737505 15.43
1544 0.01276341942332095 15.44
1545 0.01275760683605356 15.45
1546 0.01277071543790063 15.46
1547 0.01277735632667034 15.47
1548 0.012765312770605 15.48
1549 0.01274475451185576 15.49
1550 0.01273132446122608 15.5
1551 0.01269717378338364 15.51
1552 0.01266598355139069 15.52
1553 0.01264926747303248 15.53
1554 0.01262354311246982 15.54
1555 0.01260282559134603 15.55
1556 0.01259823268373224 15.56
1557 0.01260128773521619 15.57
1558 0.01259876749111236 15.58
1559 0.01260991483888295 15.59
1560 0.01262325564839999 15.6
1561 0.01262240607347823 15.61
1562 0.01262454022335504 15.62
1563 0.01262804023627611 15.63
1564 0.01262370197119395 15.64
1565 0.01260870408858091 15.65
1566 0.01258858840545781 15.66
1567 0.0125656049866541 15.67
1568 0.01254216446932531 15.68
1569 0.01252601034128857 15.69
1570 0.01250977874299794 15.7
1571 0.01248224062944998 15.71
1572 0.01249207383894252 15.72
1573 0.01249509534836196 15.73
1574 0.01249517548781711 15.74
1575 0.01249690186579742 15.75
1576 0.0124984624324015 15.76
1577 0.01249885660469832 15.77
1578 0.01249191678915222 15.78
1579 0.01248700774648526 15.79
1580 0.01247556186966228 15.8
1581 0.01246573421958658 15.81
1582 0.01245910463425844 15.82
1583 0.012451293043899 15.83
1584 0.01244036935118085 15.84
1585 0.0124338920783353 15.85
1586 0.01242491213769309 15.86
1587 0.01241964609051999 15.87
1588 0.01241231968558053 15.88
1589 0.01240601854340897 15.89
1590 0.0124062021947191 15.9
1591 0.01240986048904603 15.91
1592 0.01241070637334533 15.92
1593 0.01241002172541594 15.93
1594 0.01241158287559963 15.94
1595 0.01240677806776559 15.95
1596 0.01239992438724426 15.96
1597 0.0123937891959343 15.97
1598 0.01239271937677369 15.98
1599 0.01238407081684002 15.99
1600 0.01237668711058816 16
1601 0.01238016282528566 16.01
1602 0.01238175387108958 16.02
1603 0.0123874019961606 16.03
1604 0.0123817832501125 16.04
1605 0.01238917185928682 16.05
1606 0.0123863705804565 16.06
1607 0.01237786277414002 16.07
1608 0.0123764585496593 16.08
1609 0.01236927946364308 16.09
1610 0.01235596143521931 16.1
1611 0.0123485995836108 16.11
1612 0.01233953481637379 16.12
1613 0.01233701441954167 16.13
1614 0.01234018949357806 16.14
1615 0.01234516302258829 16.15
1616 0.01235552208842691 16.16
1617 0.01235938121633456 16.17
1618 0.01237191882278564 16.18
1619 0.01237647504231078 16.19
1620 0.01238135276913164 16.2
1621 0.01239181429677361 16.21
1622 0.01239311904301784 16.22
1623 0.01238805886523606 16.23
1624 0.01237584831701977 16.24
1625 0.01237138615978936 16.25
1626 0.01236956502784521 16.26
1627 0.01236228418298182 16.27
1628 0.0123605961437583 16.28
1629 0.01235659161729811 16.29
1630 0.01235678929498836 16.3
1631 0.01235933159956571 16.31
1632 0.01236096316316114 16.32
1633 0.01236744211217551 16.33
1634 0.01236083727482631 16.34
1635 0.01235788279723739 16.35
1636 0.01237458264922678 16.36
1637 0.01237780762937103 16.37
1638 0.01236420195585352 16.38
1639 0.01236664874241819 16.39
1640 0.01237161268668484 16.4
1641 0.01237111159122972 16.41
1642 0.01237262715901075 16.42
1643 0.01236991465683906 16.43
1644 0.01236185631332842 16.44
1645 0.01235754311925301 16.45
1646 0.01235012770954831 16.46
1647 0.0123298017697448 16.47
1648 0.01231585619445144 16.48
1649 0.01231465720015975 16.49
1650 0.01231099554680553 16.5
1651 0.01231477000778881 16.51
1652 0.01231535435971234 16.52
1653 0.01231049404162314 16.53
1654 0.01230659771291021 16.54
1655 0.01230577220558991 16.55
1656 0.01229644212871183 16.56
1657 0.01229518767023094 16.57
1658 0.01229489343429826 16.58
1659 0.0123028511476993 16.59
1660 0.01230530850760737 16.6
1661 0.01230216924109708 16.61
1662 0.01230750058502059 16.62
1663 0.0123201912206504 16.63
1664 0.0123212606109929 16.64
1665 0.01231384601347182 16.65
1666 0.01231105840883417 16.66
1667 0.01230677364672596 16.67
1668 0.01230557868226725 16.68
1669 0.01230163180085382 16.69
1670 0.01230751798976401 16.7
1671 0.0123186808719855 16.71
1672 0.01232942212076454 16.72
1673 0.01233915127264841 16.73
1674 0.01235115874801699 16.74
1675 0.01236505976428734 16.75
1676 0.0123775034725754 16.76
1677 0.01240229114778894 16.77
1678 0.01242610392751043 16.78
1679 0.01244461962665169 16.79
1680 0.01245680762708682 16.8
1681 0.01246508234812383 16.81
1682 0.01248204320816976 16.82
1683 0.01249228666948345 16.83
1684 0.01249115144824434 16.84
1685 0.01249652631439003 16.85
1686 0.01250264291698516 16.86
1687 0.01251207772203624 16.87
1688 0.01251822143400995 16.88
1689 0.01254602470594092 16.89
1690 0.01257358508618089 16.9
1691 0.01260214681126945 16.91
1692 0.01261313017375182 16.92
1693 0.01262882193114115 16.93
1694 0.01264051502596568 16.94
1695 0.01264941235818305 16.95
1696 0.01265574986128289 16.96
1697 0.01267023809062306 16.97
1698 0.01270033439794205 16.98
1699 0.01271335011147039 16.99
1700 0.01271759709143715 17
1701 0.01270277174420918 17.01
1702 0.0126969201708929 17.02
1703 0.01268838793486844 17.03
1704 0.01268328672421542 17.04
1705 0.0126771384795276 17.05
1706 0.01266772746963406 17.06
1707 0.01267222355079384 17.07
1708 0.01268471532912508 17.08
1709 0.01266878905840584 17.09
1710 0.01264542303918707 17.1
1711 0.01263132907816538 17.11
1712 0.01262062800003058 17.12
1713 0.01262765575351242 17.13
1714 0.0126158306734068 17.14
1715 0.01262448765680874 17.15
1716 0.01262408757481825 17.16
1717 0.01261117429041489 17.17
1718 0.01260492273687553 17.18
1719 0.01259539021307026 17.19
1720 0.01258654264349591 17.2
1721 0.0125730545449539 17.21
1722 0.01256147010959742 17.22
1723 0.01255207290976434 17.23
1724 0.01254708224356551 17.24
1725 0.01254353826291462 17.25
1726 0.01254519701783012 17.26
1727 0.01255449814077608 17.27
1728 0.01255731213165324 17.28
1729 0.0125649938775527 17.29
1730 0.01255606171561314 17.3
1731 0.01254908856329933 17.31
1732 0.01253351178506801 17.32
1733 0.01252486592574947 17.33
1734 0.01251720950538494 17.34
1735 0.01251271368912974 17.35
1736 0.01251443895052662 17.36
1737 0.0125158050478195 17.37
1738 0.01251235543173441 17.38
1739 0.01251267175738384 17.39
1740 0.01252003742652578 17.4
1741 0.01251601053055173 17.41
1742 0.01252011281889685 17.42
1743 0.01251469378639734 17.43
1744 0.01250869224540549 17.44
1745 0.01251103050043642 17.45
1746 0.01249405658705617 17.46
1747 0.01247958227551589 17.47
1748 0.01246209941589071 17.48
1749 0.01244934413593709 17.49
1750 0.01244556299731253 17.5
1751 0.01244185997551521 17.51
1752 0.01244649479736168 17.52
1753 0.01244767170501435 17.53
1754 0.01244253927292583 17.54
1755 0.01244968909591099 17.55
1756 0.01244382498677989 17.56
1757 0.01243550248276542 17.57
1758 0.01242444782743094 17.58
1759 0.01241604458143914 17.59
1760 0.01240829987018515 17.6
1761 0.01240995689751037 17.61
1762 0.01240715853460438 17.62
1763 0.01238012153124093 17.63
1764 0.01236825364575482 17.64
1765 0.01235580751504012 17.65
1766 0.01233440966536846 17.66
1767 0.01231536734731874 17.67
1768 0.0123022871538769 17.68
1769 0.0122979614800072 17.69
1770 0.01229090941936124 17.7
1771 0.01228336314095611 17.71
1772 0.01227822462012923 17.72
1773 0.01227147886502995 17.73
1774 0.01226627984601601 17.74
1775 0.01226000106598816 17.75
1776 0.01223849570190911 17.76
1777 0.01221801677198589 17.77
1778 0.01221402244262297 17.78
1779 0.01220729692835534 17.79
1780 0.01219475177158571 17.8
1781 0.01218105916038067 17.81
1782 0.0121717288130291 17.82
1783 0.01216115208879992 17.83
1784 0.01215337981861176 17.84
1785 0.01213629264980117 17.85
1786 0.01211727554794881 17.86
1787 0.01210098788886475 17.87
1788 0.01208854060783902 17.88
1789 0.01207300315826975 17.89
1790 0.01207325420395709 17.9
1791 0.01207331669196242 17.91
1792 0.01206637171037927 17.92
1793 0.01205305356269186 17.93
1794 0.01204459381203444 17.94
1795 0.01201789058225056 17.95
1796 0.01200029498459004 17.96
1797 0.01200112008968227 17.97
1798 0.01200344712135049 17.98
1799 0.01201143030896048 17.99
1800 0.01200567679221667 18
1801 0.01201255000392282 18.01
1802 0.01201155576899878 18.02
1803 0.0120201974279578 18.03
1804 0.01201211739288095 18.04
1805 0.0119976713147668 18.05
1806 0.01199008731468203 18.06
1807 0.01197170098174972 18.07
1808 0.01195962868483971 18.08
1809 0.01194136167032213 18.09
1810 0.01193346041430645 18.1
1811 0.01192471707832041 18.11
1812 0.01192403678072342 18.12
1813 0.01191699046148056 18.13
1814 0.01191757525899525 18.14
1815 0.01192335222745249 18.15
1816 0.01190914258750902 18.16
1817 0.01189898383714666 18.17
1818 0.01191052178465016 18.18
1819 0.01191932949511769 18.19
1820 0.01193576613624765 18.2
1821 0.01193254065163848 18.21
1822 0.01191887886834985 18.22
1823 0.01191106011246472 18.23
1824 0.01189707379871194 18.24
1825 0.01189683660105908 18.25
1826 0.01188540079046682 18.26
1827 0.01187183270644039 18.27
1828 0.01186508748328658 18.28
1829 0.01187073166787189 18.29
1830 0.01187632622094475 18.3
1831 0.01187508843375334 18.31
1832 0.01186334119672571 18.32
1833 0.01184371508623121 18.33
1834 0.0118304648699244 18.34
1835 0.01182690872773082 18.35
1836 0.01183601246486274 18.36
1837 0.01183693931103269 18.37
1838 0.01184953829945903 18.38
1839 0.01185289562870286 18.39
1840 0.01185044824776623 18.4
1841 0.01184544811720803 18.41
1842 0.01184481755313284 18.42
1843 0.0118362006983873 18.43
1844 0.01183580632075646 18.44
1845 0.01182846217233283 18.45
1846 0.0118285522813359 18.46
1847 0.01182389312955432 18.47
1848 0.01181427302446611 18.48
1849 0.01179918870658212 18.49
1850 0.01178428820715519 18.5
1851 0.0117807739749446 18.51
1852 0.01175362305235286 18.52
1853 0.01174204605315408 18.53
1854 0.01172882879786288 18.54
1855 0.01172065070606065 18.55
1856 0.01173711010015302 18.56
1857 0.01175483011413225 18.57
1858 0.01175891558535511 18.58
1859 0.01175707150033855 18.59
1860 0.01175662928133762 18.6
1861 0.01174942726990017 18.61
1862 0.01174372575923607 18.62
1863 0.01173132300273901 18.63
1864 0.01172098861451059 18.64
1865 0.01171948223609204 18.65
1866 0.01171151470462065 18.66
1867 0.01170041680510188 18.67
1868 0.01168119366948869 18.68
1869 0.01167868276050766 18.69
1870 0.01166303812757348 18.7
1871 0.01165618678227811 18.71
1872 0.01165680279708206 18.72
1873 0.01166894043182222 18.73
1874 0.01167078614937253 18.74
1875 0.01167505921107155 18.75
1876 0.01169227851770412 18.76
1877 0.01168929548016058 18.77
1878 0.01169878069801074 18.78
1879 0.01169802300037753 18.79
1880 0.01170391049447646 18.8
1881 0.01170747235580092 18.81
1882 0.01170802686998178 18.82
1883 0.01170622377815735 18.83
1884 0.01171127766544732 18.84
1885 0.01171919243085102 18.85
1886 0.01171172463246304 18.86
1887 0.01169778132000158 18.87
1888 0.01169804028206737 18.88
1889 0.01169510502552017 18.89
1890 0.01170192425097482 18.9
1891 0.01170054649544713 18.91
1892 0.01171650129213058 18.92
1893 0.01173003421054599 18.93
1894 0.01173616143777471 18.94
1895 0.01174280220143465 18.95
1896 0.01174205909709715 18.96
1897 0.01173692512382105 18.97
1898 0.01172012057910854 18.98
1899 0.0117195900937944 18.99
1900 0.01171978863804375 19
1901 0.01172952951875305 19.01
1902 0.01172480831583282 19.02
1903 0.0117169017586899 19.03
1904 0.01171144850114336 19.04
1905 0.01172154463871897 19.05
1906 0.01173814103703487 19.06
1907 0.01175078378216065 19.07
1908 0.01177187826243574 19.08
1909 0.0118057018654674 19.09
1910 0.01182322280809341 19.1
1911 0.01183868930746963 19.11
1912 0.01184391767802386 19.12
1913 0.0118467371631035 19.13
1914 0.01184097733936206 19.14
1915 0.01183626122021977 19.15
1916 0.01182507220077897 19.16
1917 0.01182535074267493 19.17
1918 0.01183026301834332 19.18
1919 0.01183090407206049 19.19
1920 0.01183423985782351 19.2
1921 0.01183786442177365 19.21
1922 0.01184703550506686 19.22
1923 0.01184748875273746 19.23
1924 0.01186281982196018 19.24
1925 0.01187666793848137 19.25
1926 0.01188061555927519 19.26
1927 0.01189334392274522 19.27
1928 0.01190185892585977 19.28
1929 0.01191896782317696 19.29
1930 0.01192951684566371 19.3
1931 0.01194046061752341 19.31
1932 0.01194517426910628 19.32
1933 0.01195020941881048 19.33
1934 0.01195057554884779 19.34
1935 0.01194514065053602 19.35
1936 0.01194295606457462 19.36
1937 0.0119424107931709 19.37
1938 0.01194133990338096 19.38
1939 0.01194272866202533 19.39
1940 0.011940920677971 19.4
1941 0.01194676308531016 19.41
1942 0.01194958186335414 19.42
1943 0.01195630182478854 19.43
1944 0.0119598739502875 19.44
1945 0.01196575278458576 19.45
1946 0.01196918880030506 19.46
1947 0.01197268934524412 19.47
1948 0.01197194613882158 19.48
1949 0.01196241138322905 19.49
1950 0.01196492546322614 19.5
1951 0.0119612074030927 19.51
1952 0.01196352422713767 19.52
1953 0.01196816480328568 19.53
1954 0.01196375567221863 19.54
1955 0.0119523496241826 19.55
1956 0.01194159514177331 19.56
1957 0.01192932652154634 19.57
1958 0.01192575553434952 19.58
1959 0.01192397086558766 19.59
1960 0.01192043095550888 19.6
1961 0.01191898264315979 19.61
1962 0.0119161931627972 19.62
1963 0.01191603079469819 19.63
1964 0.01191379541237508 19.64
1965 0.01191342284787609 19.65
1966 0.01191584182871367 19.66
1967 0.0119095902379858 19.67
1968 0.01190689773067812 19.68
1969 0.01190148169623594 19.69
1970 0.01189848366194885 19.7
1971 0.0118843203335677 19.71
1972 0.01186909635434628 19.72
1973 0.01185715768305975 19.73
1974 0.0118529153917093 19.74
1975 0.0118406255932284 19.75
1976 0.01183421377939151 19.76
1977 0.0118228307342021 19.77
1978 0.01181368244140795 19.78
1979 0.01181403442734564 19.79
1980 0.01180884081230288 19.8
1981 0.0118089855066687 19.81
1982 0.01181754950382332 19.82
1983 0.01181379757321172 19.83
1984 0.01181004754400598 19.84
1985 0.01180006311031897 19.85
1986 0.01179683142769603 19.86
1987 0.01178009755070855 19.87
1988 0.01176905212570584 19.88
1989 0.01174619898243849 19.89
1990 0.01174065172983751 19.9
1991 0.01172940282442549 19.91
1992 0.01172352949099999 19.92
1993 0.01171741554674875 19.93
1994 0.01171042912663679 19.94
1995 0.01170002614485462 19.95
1996 0.01168365372790588 19.96
1997 0.01168506288382389 19.97
1998 0.01169032467191145 19.98
1999 0.01168617580022643 19.99
2000 0.01168096001825412 20
2001 0.01167227251819455 20.01
2002 0.01166617048350075 20.02
2003 0.01166155291769518 20.03
2004 0.01165825950708347 20.04
2005 0.01165288047097024 20.05
2006 0.01164480022087119 20.06
2007 0.01162945105815773 20.07
2008 0.01161105785929317 20.08
2009 0.01160343887527559 20.09
2010 0.01160258927818741 20.1
2011 0.01159951066227955 20.11
2012 0.01158759437070076 20.12
2013 0.01157201143640049 20.13
2014 0.01156001467908558 20.14
2015 0.01155532017424226 20.15
2016 0.01155986076717202 20.16
2017 0.01156413661623269 20.17
2018 0.01156457812063503 20.18
2019 0.01156255187331478 20.19
2020 0.01156147176393399 20.2
2021 0.01156152098826144 20.21
2022 0.01154987802843557 20.22
2023 0.01154527554309554 20.23
2024 0.01154163702337543 20.24
2025 0.01153351392882494 20.25
2026 0.01152479459280962 20.26
2027 0.01150974098965054 20.27
2028 0.0115027413345431 20.28
2029 0.01149775469422505 20.29
2030 0.01148333491461167 20.3
2031 0.01147891644648264 20.31
2032 0.01147674952952938 20.32
2033 0.0114707106808314 20.33
2034 0.01146991416751368 20.34
2035 0.0114676477428306 20.35
2036 0.01148038415805393 20.36
2037 0.01147093601474922 20.37
2038 0.01146429392133095 20.38
2039 0.01145993964304201 20.39
2040 0.01145176248728255 20.4
2041 0.01144816374030781 20.41
2042 0.01145460521266041 20.42
2043 0.01144749116669243 20.43
2044 0.01144609616381247 20.44
2045 0.01143671315175979 20.45
2046 0.01143456219190401 20.46
2047 0.01144100447549449 20.47
2048 0.01144211649792144 20.48
2049 0.01144524671056533 20.49
2050 0.0114424961403139 20.5
2051 0.0114463562378575 20.51
2052 0.0114508521266848 20.52
2053 0.01145111152297068 20.53
2054 0.01144800615482278 20.54
2055 0.01144419056057552 20.55
2056 0.01144776396549064 20.56
2057 0.01143077130116923 20.57
2058 0.01141139055520337 20.58
2059 0.01140997301722287 20.59
2060 0.01141442868545511 20.6
2061 0.01141219568126355 20.61
2062 0.01140618962400542 20.62
2063 0.01141760789417415 20.63
2064 0.0114267195704941 20.64
2065 0.01142999018149433 20.65
2066 0.01143147536963312 20.66
2067 0.01142857904392888 20.67
2068 0.01142385773863368 20.68
2069 0.01142330092735108 20.69
2070 0.01142151198915424 20.7
2071 0.0114131697353977 20.71
2072 0.01140729150394132 20.72
2073 0.01140169921698429 20.73
2074 0.01140148548479421 20.74
2075 0.0114008965958884 20.75
2076 0.01140639320722557 20.76
2077 0.01140784120367283 20.77
2078 0.0114133808172618 20.78
2079 0.01141139838477535 20.79
2080 0.01140181579873991 20.8
2081 0.01140700452055339 20.81
2082 0.01140631193204791 20.82
2083 0.01139729011709366 20.83
2084 0.01140762563631593 20.84
2085 0.01141162846515277 20.85
2086 0.01140937424010421 20.86
2087 0.01139294368455031 20.87
2088 0.01138078051528552 20.88
2089 0.01137190265406328 20.89
2090 0.01136730061458212 20.9
2091 0.01136182598510997 20.91
2092 0.01135876197249244 20.92
2093 0.01135241935653721 20.93
2094 0.01135763218285677 20.94
2095 0.01135397990696246 20.95
2096 0.01135951705759783 20.96
2097 0.01136758244724178 20.97
2098 0.01138199914494105 20.98
2099 0.01138961645766493 20.99
2100 0.01138531341571558 21
2101 0.01137878024392293 21.01
2102 0.01135683074447732 21.02
2103 0.01133453160914066 21.03
2104 0.01132955515126644 21.04
2105 0.01132795923089326 21.05
2106 0.01132450807449901 21.06
2107 0.01132498577032644 21.07
2108 0.01133784837918141 21.08
2109 0.01132406852204192 21.09
2110 0.01131581437110271 21.1
2111 0.01131386190752146 21.11
2112 0.01132570895525993 21.12
2113 0.01133945782736289 21.13
2114 0.01133313343578083 21.14
2115 0.01133720930785279 21.15
2116 0.01133520812724947 21.16
2117 0.01131083082321837 21.17
2118 0.01128965540369164 21.18
2119 0.01129457591417473 21.19
2120 0.01128873813013661 21.2
2121 0.01127926234128444 21.21
2122 0.01129574020949763 21.22
2123 0.01131857533028676 21.23
2124 0.01136083289757079 21.24
2125 0.01139797292241404 21.25
2126 0.01141749804700734 21.26
2127 0.01145107930096748 21.27
2128 0.01145452667499563 21.28
2129 0.0114528705149662 21.29
2130 0.0114360627100407 21.3
2131 0.01143027675970033 21.31
2132 0.01143317426752662 21.32
2133 0.01143231828211952 21.33
2134 0.01143031082643546 21.34
2135 0.01143292606811745 21.35
2136 0.01143124959840051 21.36
2137 0.01143828972372348 21.37
2138 0.01144901629610218 21.38
2139 0.01144193478529261 21.39
2140 0.01146674763983832 21.4
2141 0.01148612331630926 21.41
2142 0.01151567073284185 21.42
2143 0.01153390901475635 21.43
2144 0.01156032990340111 21.44
2145 0.011579069925904 21.45
2146 0.01158712565369791 21.46
2147 0.01158704816542037 21.47
2148 0.01160108921491603 21.48
2149 0.01160250811366891 21.49
2150 0.01160475692020394 21.5
2151 0.01159337894373867 21.51
2152 0.01157590349439565 21.52
2153 0.01156580985921451 21.53
2154 0.01155099167444164 21.54
2155 0.01153113605592957 21.55
2156 0.01152415258851483 21.56
2157 0.01153787146924575 21.57
2158 0.01154203628309854 21.58
2159 0.01154496311137134 21.59
2160 0.01154671461470137 21.6
2161 0.01155341016842467 21.61
2162 0.01155111554304262 21.62
2163 0.01154941132815771 21.63
2164 0.01154142938430831 21.64
2165 0.01153286283922106 21.65
2166 0.01152381734883874 21.66
2167 0.01151411119917949 21.67
2168 0.0115100557228757 21.68
2169 0.01150842347878956 21.69
2170 0.01150615609575354 21.7
2171 0.0115036657666492 21.71
2172 0.01150129201116464 21.72
2173 0.01150708354187853 21.73
2174 0.0115055095185525 21.74
2175 0.01150144300637511 21.75
2176 0.01149045415794275 21.76
2177 0.01149777261204718 21.77
2178 0.01149723018114435 21.78
2179 0.01150153237895308 21.79
2180 0.01149496854036942 21.8
2181 0.01149135664755455 21.81
2182 0.01148208968529603 21.82
2183 0.01147644864832727 21.83
2184 0.01147144190207664 21.84
2185 0.01147060456585915 21.85
2186 0.01147224486964006 21.86
2187 0.0114725141339126 21.87
2188 0.01146933693728474 21.88
2189 0.01147064534177623 21.89
2190 0.01147263767921871 21.9
2191 0.01147351968836242 21.91
2192 0.01147297636322156 21.92
2193 0.01147204953862085 21.93
2194 0.01147317750033541 21.94
2195 0.0114681508031233 21.95
2196 0.01146838402767197 21.96
2197 0.01146432442164491 21.97
2198 0.01146586573895618 21.98
2199 0.01146697890069078 21.99
2200 0.011473726160814 22
2201 0.01147433531081314 22.01
2202 0.01147832253210404 22.02
2203 0.01147422713787259 22.03
2204 0.01147475960509835 22.04
2205 0.01148165806248234 22.05
2206 0.01148792386582287 22.06
2207 0.01149256450398217 22.07
2208 0.0114922299519913 22.08
2209 0.01149398165873263 22.09
2210 0.01149017363951835 22.1
2211 0.01148735323353117 22.11
2212 0.01148147748579748 22.12
2213 0.01147690515101091 22.13
2214 0.01147037819262231 22.14
2215 0.01146399818844794 22.15
2216 0.01146163409682117 22.16
2217 0.01145477972635689 22.17
2218 0.01145208369008157 22.18
2219 0.01145160450571282 22.19
2220 0.01144736665333376 22.2
2221 0.01144343927119903 22.21
2222 0.01144413990579465 22.22
2223 0.01144241851622572 22.23
2224 0.01143804429995253 22.24
2225 0.01143600012703357 22.25
2226 0.01143138069638307 22.26
2227 0.01142903360616389 22.27
2228 0.01142199846424009 22.28
2229 0.01140345891746353 22.29
2230 0.01139249618381681 22.3
2231 0.01138198107502587 22.31
2232 0.01137237883432937 22.32
2233 0.01136063394569881 22.33
2234 0.01134689569521537 22.34
2235 0.01133771260207669 22.35
2236 0.01133673372430348 22.36
2237 0.01133315925901819 22.37
2238 0.01132436692963499 22.38
2239 0.01132112961583335 22.39
2240 0.01131588871986975 22.4
2241 0.01131236752634065 22.41
2242 0.01130318207228206 22.42
2243 0.01129170513251774 22.43
2244 0.01127874175107821 22.44
2245 0.01127622208005028 22.45
2246 0.01127316133314444 22.46
2247 0.01126096422667607 22.47
2248 0.01125364241449621 22.48
2249 0.01125214367418636 22.49
2250 0.01124298649218218 22.5
2251 0.01124080245114924 22.51
2252 0.01122740246981204 22.52
2253 0.01122033939200342 22.53
2254 0.01120105878391478 22.54
2255 0.01118589527334315 22.55
2256 0.01117498537968361 22.56
2257 0.01116592855616422 22.57
2258 0.01115682970045806 22.58
2259 0.01115090115960389 22.59
2260 0.01114824634057203 22.6
2261 0.01114455002874684 22.61
2262 0.01113323191104331 22.62
2263 0.01112993466624127 22.63
2264 0.01113011056976659 22.64
2265 0.01113062397047391 22.65
2266 0.01112393075247591 22.66
2267 0.01111655502738722 22.67
2268 0.01110807131466172 22.68
2269 0.01110947216896362 22.69
2270 0.01111107704039027 22.7
2271 0.01111262481180869 22.71
2272 0.01110744562349864 22.72
2273 0.01110527871139403 22.73
2274 0.01109930681599006 22.74
2275 0.01108976033202473 22.75
2276 0.01108065746867158 22.76
2277 0.01107429228486186 22.77
2278 0.01106759789863825 22.78
2279 0.01106186478972756 22.79
2280 0.01105721672577804 22.8
2281 0.01105515740785019 22.81
2282 0.01105469651505225 22.82
2283 0.01105565267514496 22.83
2284 0.01105664354040232 22.84
2285 0.01107289366086261 22.85
2286 0.0110856887573381 22.86
2287 0.01109060366867403 22.87
2288 0.01108536921196281 22.88
2289 0.01107162792032738 22.89
2290 0.01105488056122059 22.9
2291 0.01105241969964205 22.91
2292 0.01104667053308682 22.92
2293 0.01104445118842082 22.93
2294 0.01104775357011453 22.94
2295 0.01105069031707267 22.95
2296 0.01106000188740029 22.96
2297 0.01106281489153364 22.97
2298 0.01106476551419289 22.98
2299 0.01106279925073438 22.99
2300 0.01106187820377386 23
2301 0.0110616458538766 23.01
2302 0.01106666738695138 23.02
2303 0.01106627884704072 23.03
2304 0.0110656483608815 23.04
2305 0.01106331236923879 23.05
2306 0.01105628026084803 23.06
2307 0.01104953474456228 23.07
2308 0.01104013377229345 23.08
2309 0.01103627974088708 23.09
2310 0.01103216602709606 23.1
2311 0.01102711472079736 23.11
2312 0.01102099901802576 23.12
2313 0.01101634461411383 23.13
2314 0.0110135798144153 23.14
2315 0.01101343390461338 23.15
2316 0.01101007257291578 23.16
2317 0.01100600355241899 23.17
2318 0.01099939501677599 23.18
2319 0.0109978410144849 23.19
2320 0.01099309730833743 23.2
2321 0.01099024621896113 23.21
2322 0.01098274164947408 23.22
2323 0.01098107722247662 23.23
2324 0.01097500308489686 23.24
2325 0.01096829605685117 23.25
2326 0.01095772496377766 23.26
2327 0.01095144979698504 23.27
2328 0.0109476579603484 23.28
2329 0.01094281095961017 23.29
2330 0.01094201477466951 23.3
2331 0.01094256184171506 23.31
2332 0.01093534337339945 23.32
2333 0.01092967849349367 23.33
2334 0.01092186024432521 23.34
2335 0.01091585460352371 23.35
2336 0.01090727949526692 23.36
2337 0.01089832421616886 23.37
2338 0.01088579417422043 23.38
2339 0.01088222019772864 23.39
2340 0.0108812512024456 23.4
2341 0.01087818983275207 23.41
2342 0.01088099925116284 23.42
2343 0.01088270365435677 23.43
2344 0.01088582369105045 23.44
2345 0.01088673057065133 23.45
2346 0.01088603020009588 23.46
2347 0.01088407839301689 23.47
2348 0.01087890772986394 23.48
2349 0.01087842399165477 23.49
2350 0.01087793390806916 23.5
2351 0.0108767366468848 23.51
2352 0.01087736314310756 23.52
2353 0.01087377709534982 23.53
2354 0.01086773383712199 23.54
2355 0.01086363495956767 23.55
2356 0.01085613585751581 23.56
2357 0.01085047965521997 23.57
2358 0.01084573972828361 23.58
2359 0.01084771583757737 23.59
2360 0.01084689490943262 23.6
2361 0.01084968307077501 23.61
2362 0.01085390826260177 23.62
2363 0.01085556268345571 23.63
2364 0.01085475536199045 23.64
2365 0.0108630697673692 23.65
2366 0.01086386790210381 23.66
2367 0.0108633904842776 23.67
2368 0.0108661611102222 23.68
2369 0.01086567405126463 23.69
2370 0.01086433709903199 23.7
2371 0.01086439421124263 23.71
2372 0.01086421454001913 23.72
2373 0.01086283357059167 23.73
2374 0.01086153035157605 23.74
2375 0.0108664149599347 23.75
2376 0.01087401252788922 23.76
2377 0.01088354158269175 23.77
2378 0.01088676970660909 23.78
2379 0.01088814248019383 23.79
2380 0.01088615850663765 23.8
2381 0.0108798711214808 23.81
2382 0.0108725414112412 23.82
2383 0.01087137688562379 23.83
2384 0.01086546664007874 23.84
2385 0.01086870903353297 23.85
2386 0.01086734260899191 23.86
2387 0.01086772051772447 23.87
2388 0.01087892048382758 23.88
2389 0.01088054390351871 23.89
2390 0.01088904289138967 23.9
2391 0.01090138152309493 23.91
2392 0.01090548852136883 23.92
2393 0.01091183509361778 23.93
2394 0.01091883309157127 23.94
2395 0.01091984539105854 23.95
2396 0.01091775203764103 23.96
2397 0.01091562980370756 23.97
2398 0.01091235613334142 23.98
2399 0.01091224083992278 23.99
2400 0.01091405614001574 24
2401 0.01091305231028585 24.01
2402 0.01091970441230954 24.02
2403 0.01091989397757948 24.03
2404 0.01093287922384555 24.04
2405 0.01094195810190713 24.05
2406 0.01095062444523557 24.06
2407 0.0109563002992633 24.07
2408 0.01096127856686957 24.08
2409 0.01096421958406613 24.09
2410 0.01096869408882553 24.1
2411 0.0109652367079346 24.11
2412 0.01096321745006073 24.12
2413 0.01096359578391832 24.13
2414 0.01096096525334537 24.14
2415 0.01096405814406181 24.15
2416 0.01096259489821667 24.16
2417 0.01097129323177426 24.17
2418 0.01097698502096224 24.18
2419 0.01099092299546222 24.19
2420 0.01099992939144904 24.2
2421 0.01101589892845029 24.21
2422 0.01102234809853399 24.22
2423 0.01103381354064914 24.23
2424 0.01104302584461056 24.24
2425 0.01105646445442633 24.25
2426 0.0110487657071966 24.26
2427 0.01104204659775764 24.27
2428 0.01103341887315207 24.28
2429 0.01102570990010725 24.29
2430 0.0110230685636942 24.3
2431 0.01103810440224278 24.31
2432 0.01104663882886253 24.32
2433 0.01106650803705345 24.33
2434 0.01108400930834703 24.34
2435 0.01108566483701839 24.35
2436 0.01108665932303362 24.36
2437 0.0110954845405612 24.37
2438 0.01109137203899848 24.38
2439 0.01109341722585924 24.39
2440 0.01108899933708017 24.4
2441 0.01108167963436637 24.41
2442 0.01108109135074157 24.42
2443 0.01108171072807696 24.43
2444 0.01107297332776574 24.44
2445 0.01107302925242465 24.45
2446 0.01108053280769383 24.46
2447 0.01108088711290662 24.47
2448 0.01107201093443515 24.48
2449 0.01108128311368421 24.49
2450 0.01107431944775619 24.5
2451 0.01108016546256023 24.51
2452 0.01108190426663121 24.52
2453 0.01109236996974032 24.53
2454 0.01110879177830368 24.54
2455 0.01111644636213635 24.55
2456 0.01112297847478748 24.56
2457 0.01112721044280628 24.57
2458 0.01112405215298963 24.58
2459 0.01111977109054769 24.59
2460 0.01111056122708016 24.6
2461 0.01109880516357765 24.61
2462 0.01109240039814339 24.62
2463 0.01107466525074128 24.63
2464 0.01106371521955569 24.64
2465 0.01104883918085891 24.65
2466 0.01104285219480969 24.66
2467 0.01103888353179533 24.67
2468 0.01104177405548603 24.68
2469 0.01104999121750764 24.69
2470 0.01105622321484211 24.7
2471 0.01105857563646576 24.71
2472 0.01106082752220253 24.72
2473 0.01106375841845976 24.73
2474 0.01106476972666922 24.74
2475 0.01106589211665622 24.75
2476 0.0110681086205004 24.76
2477 0.01106559890014094 24.77
2478 0.0110665004480924 24.78
2479 0.01106372462642008 24.79
2480 0.01106264037218278 24.8
2481 0.01106278851866318 24.81
2482 0.01106582502825739 24.82
2483 0.01106934977191365 24.83
2484 0.01106847776093487 24.84
2485 0.01106724692977223 24.85
2486 0.0110646111293065 24.86
2487 0.01105858411508693 24.87
2488 0.01105260168048509 24.88
2489 0.01104908627924065 24.89
2490 0.01104663595316955 24.9
2491 0.01104776970180836 24.91
2492 0.011048366904344 24.92
2493 0.01104930343357527 24.93
2494 0.0110424321424844 24.94
2495 0.01103667429649226 24.95
2496 0.01103508306343884 24.96
2497 0.01103696393702924 24.97
2498 0.01103688392833801 24.98
2499 0.0110330072354136 24.99
2500 0.0110334157339017 25
2501 0.01103565047046632 25.01
2502 0.01104328610361413 25.02
2503 0.01104589149262753 25.03
2504 0.0110494204417005 25.04
2505 0.01104835259789868 25.05
2506 0.01105161935798493 25.06
2507 0.01105740593324389 25.07
2508 0.01106149838558098 25.08
2509 0.01106333410537719 25.09
2510 0.0110633593001927 25.1
2511 0.01106364909920137 25.11
2512 0.01106630284277222 25.12
2513 0.0110686205954771 25.13
2514 0.01107143587825958 25.14
2515 0.01107192887792866 25.15
2516 0.01107204904992081 25.16
2517 0.0110717871112777 25.17
2518 0.01106984481011893 25.18
2519 0.01106869899965104 25.19
2520 0.01106551474274287 25.2
2521 0.01106672404680338 25.21
2522 0.01107489983249364 25.22
2523 0.01108281461199956 25.23
2524 0.01108804747607499 25.24
2525 0.01109092080022561 25.25
2526 0.01109419043587427 25.26
2527 0.01109414812185398 25.27
2528 0.01109893673695205 25.28
2529 0.01110054552792012 25.29
2530 0.01110184290150363 25.3
2531 0.0111039247186832 25.31
2532 0.01110579986329495 25.32
2533 0.0111078411678447 25.33
2534 0.0111100475869696 25.34
2535 0.0111116059274828 25.35
2536 0.01111792555186783 25.36
2537 0.01112158434379374 25.37
2538 0.01112162862049272 25.38
2539 0.01112471337792549 25.39
2540 0.01112534299217755 25.4
2541 0.01112614924551164 25.41
2542 0.01113320079855408 25.42
2543 0.01113845830190761 25.43
2544 0.01114561161721357 25.44
2545 0.01115470563291673 25.45
2546 0.0111600284757129 25.46
2547 0.01116497598690284 25.47
2548 0.01116954244959201 25.48
2549 0.01116906779471636 25.49
2550 0.01116588265462831 25.5
2551 0.01116462698102392 25.51
2552 0.0111649942922174 25.52
2553 0.01116295827557303 25.53
2554 0.0111628922474724 25.54
2555 0.01116287421907543 25.55
2556 0.01116188776955264 25.56
2557 0.01116278796249533 25.57
2558 0.01116706715978873 25.58
2559 0.01117478780019449 25.59
2560 0.01118693208070353 25.6
2561 0.01119177687940512 25.61
2562 0.01119682880633147 25.62
2563 0.01120426412305621 25.63
2564 0.01121024178057706 25.64
2565 0.01121449978083642 25.65
2566 0.01121481953254171 25.66
2567 0.01121351033397343 25.67
2568 0.01121177213022942 25.68
2569 0.01121324903822205 25.69
2570 0.01121353752336114 25.7
2571 0.01121378785548486 25.71
2572 0.01121603040775814 25.72
2573 0.01121679386145774 25.73
2574 0.01121717849917825 25.74
2575 0.01121873720907533 25.75
2576 0.01121684985529083 25.76
2577 0.01121537738403094 25.77
2578 0.01120615858082242 25.78
2579 0.01119907602867442 25.79
2580 0.01119502372821672 25.8
2581 0.01119049595042635 25.81
2582 0.0111875792301992 25.82
2583 0.01118450952987155 25.83
2584 0.01118486840109699 25.84
2585 0.0111877140546889 25.85
2586 0.01118858693590504 25.86
2587 0.0111878484289449 25.87
2588 0.01118330969580685 25.88
2589 0.01118268941469711 25.89
2590 0.01117519705846223 25.9
2591 0.01117171977358268 25.91
2592 0.01116774749566006 25.92
2593 0.01116486775461593 25.93
2594 0.01116084046622505 25.94
2595 0.01115524108927035 25.95
2596 0.01115036427974156 25.96
2597 0.01114736681353122 25.97
2598 0.01114378561114421 25.98
2599 0.01114159575425111 25.99
2600 0.01113789601020181 26
2601 0.01113435403714193 26.01
2602 0.01113271625833773 26.02
2603 0.01113356994878243 26.03
2604 0.01113196341615408 26.04
2605 0.01113094912067504 26.05
2606 0.01112724974372704 26.06
2607 0.01112128579649156 26.07
2608 0.01111698461958223 26.08
2609 0.01110836090459304 26.09
2610 0.01110353575268803 26.1
2611 0.01109479114947052 26.11
2612 0.01109190852015678 26.12
2613 0.01108712065091383 26.13
2614 0.01108363829087715 26.14
2615 0.01107899133977372 26.15
2616 0.01107769336605169 26.16
2617 0.01107464067675832 26.17
2618 0.01107307572835675 26.18
2619 0.01106833072147871 26.19
2620 0.01106405457308734 26.2
2621 0.0110604300948477 26.21
2622 0.01105979261617021 26.22
2623 0.01104903096637675 26.23
2624 0.01104693337733239 26.24
2625 0.01104060472262654 26.25
2626 0.01103797024516577 26.26
2627 0.01103402848398051 26.27
2628 0.01103309724326737 26.28
2629 0.01103096650064915 26.29
2630 0.01103471798692857 26.3
2631 0.01103277336199837 26.31
2632 0.01103126816986034 26.32
2633 0.01102803084256164 26.33
2634 0.01102541140693126 26.34
2635 0.01101991011344042 26.35
2636 0.01101212719917999 26.36
2637 0.01100801742501835 26.37
2638 0.01100405051495071 26.38
2639 0.01100184318082114 26.39
2640 0.01100103400674843 26.4
2641 0.01100145870431064 26.41
2642 0.0110040421122112 26.42
2643 0.01101041441799594 26.43
2644 0.0110120085881941 26.44
2645 0.01101245558696413 26.45
2646 0.01101207995745846 26.46
2647 0.01100941316087552 26.47
2648 0.01101175095942824 26.48
2649 0.01100736702975057 26.49
2650 0.01100646235663126 26.5
2651 0.01099877757952317 26.51
2652 0.01099208068409172 26.52
2653 0.01098908031107881 26.53
2654 0.01098590800949079 26.54
2655 0.01098621587382483 26.55
2656 0.01098773715610182 26.56
2657 0.01099128885944794 26.57
2658 0.01098939743440217 26.58
2659 0.01098910644097063 26.59
2660 0.01099025385328968 26.6
2661 0.01099465175357938 26.61
2662 0.01099940887088409 26.62
2663 0.01100488075117678 26.63
2664 0.0110059714499407 26.64
2665 0.01100819847109685 26.65
2666 0.01100836982041161 26.66
2667 0.01100774337430317 26.67
2668 0.01100969589096104 26.68
2669 0.01100977931694241 26.69
2670 0.01100917229311222 26.7
2671 0.0110065408575354 26.71
2672 0.01100421525806968 26.72
2673 0.01100414784022444 26.73
2674 0.01100450796669665 26.74
2675 0.01100818691793459 26.75
2676 0.01101107236543763 26.76
2677 0.01101434882247533 26.77
2678 0.01102139292933442 26.78
2679 0.01102431795116172 26.79
2680 0.01102936667026913 26.8
2681 0.01103202489957545 26.81
2682 0.01103392278491407 26.82
2683 0.01103122688261441 26.83
2684 0.01103092769663828 26.84
2685 0.01102995625109054 26.85
2686 0.01102690581172825 26.86
2687 0.01102410110475712 26.87
2688 0.0110230139691378 26.88
2689 0.01102482071345452 26.89
2690 0.01102796914558237 26.9
2691 0.01103338966737688 26.91
2692 0.01103609592561607 26.92
2693 0.01103987668335819 26.93
2694 0.01104418266129119 26.94
2695 0.01104911088361765 26.95
2696 0.01105189714393553 26.96
2697 0.0110538284870842 26.97
2698 0.01105222981019579 26.98
2699 0.0110498300194782 26.99
2700 0.01105108889939716 27
2701 0.01105114519101299 27.01
2702 0.01104875462862814 27.02
2703 0.01104911562136524 27.03
2704 0.01105186855472564 27.04
2705 0.01105541329219734 27.05
2706 0.01106096715828045 27.06
2707 0.01106672349188506 27.07
2708 0.01106555636408637 27.08
2709 0.01106352575153756 27.09
2710 0.01106067650824168 27.1
2711 0.01105842465511438 27.11
2712 0.01105637966717762 27.12
2713 0.01105424258438189 27.13
2714 0.01105114355657008 27.14
2715 0.01105266956032938 27.15
2716 0.01105262461666988 27.16
2717 0.01105485031955305 27.17
2718 0.01105982162648438 27.18
2719 0.01106921844966117 27.19
2720 0.01107345011171203 27.2
2721 0.01107668907396567 27.21
2722 0.01107600988730801 27.22
2723 0.01107830643456833 27.23
2724 0.01107649488592916 27.24
2725 0.01107508280227559 27.25
2726 0.01107066798065979 27.26
2727 0.01106880879700381 27.27
2728 0.01106743675061305 27.28
2729 0.01106672613308796 27.29
2730 0.01106752504524657 27.3
2731 0.01106881173655242 27.31
2732 0.01107284573356573 27.32
2733 0.0110764206802119 27.33
2734 0.01108006988304396 27.34
2735 0.01108243213658595 27.35
2736 0.01108670487068044 27.36
2737 0.01108897294902122 27.37
2738 0.0110909551759639 27.38
2739 0.01109658877938349 27.39
2740 0.01110184845659727 27.4
2741 0.01110111613443726 27.41
2742 0.01110024376376341 27.42
2743 0.01109978504185395 27.43
2744 0.01109797638253384 27.44
2745 0.01109699415610677 27.45
2746 0.0110945924094229 27.46
2747 0.01109262440511304 27.47
2748 0.01109145449450036 27.48
2749 0.01108872202640789 27.49
2750 0.01109170234206483 27.5
2751 0.01109694794519861 27.51
2752 0.01110180608311523 27.52
2753 0.0111069124216474 27.53
2754 0.01111133956196477 27.54
2755 0.01111826522610555 27.55
2756 0.01111945245632744 27.56
2757 0.01112144313035741 27.57
2758 0.01112420641162425 27.58
2759 0.01112559216085817 27.59
2760 0.0111265854959863 27.6
2761 0.01113334123253977 27.61
2762 0.01113786924958677 27.62
2763 0.01113957532578852 27.63
2764 0.01114229443250191 27.64
2765 0.01114248265922323 27.65
2766 0.01114406672830458 27.66
2767 0.01114218864670246 27.67
2768 0.01114719981768035 27.68
2769 0.01115519530795037 27.69
2770 0.01116108891261717 27.7
2771 0.0111706126792003 27.71
2772 0.01117661601928874 27.72
2773 0.01118221183600234 27.73
2774 0.01118890262780708 27.74
2775 0.01119639612530997 27.75
2776 0.01119940622289534 27.76
2777 0.01120424603032923 27.77
2778 0.01120086414032676 27.78
2779 0.0112015368354492 27.79
2780 0.01119630057547351 27.8
2781 0.01119488636526244 27.81
2782 0.01119620677234578 27.82
2783 0.01120481490543126 27.83
2784 0.01120813915930195 27.84
2785 0.01121859657450495 27.85
2786 0.01122136541521337 27.86
2787 0.01123793517277622 27.87
2788 0.01125270387075385 27.88
2789 0.01125910162588284 27.89
2790 0.01126991037418954 27.9
2791 0.01127780361695583 27.91
2792 0.01127970572517024 27.92
2793 0.01128961433812319 27.93
2794 0.0112971160589959 27.94
2795 0.01129940523290934 27.95
2796 0.01130578647787909 27.96
2797 0.01130969419905607 27.97
2798 0.01130913615743584 27.98
2799 0.01131101429130454 27.99
2800 0.01131304680877754 28
2801 0.01131369909085179 28.01
2802 0.01131491777923055 28.02
2803 0.01131942945585313 28.03
2804 0.01132022767022493 28.04
2805 0.01132644931928601 28.05
2806 0.01132823396092541 28.06
2807 0.01133854160804718 28.07
2808 0.01134584201494489 28.08
2809 0.01135409187272549 28.09
2810 0.01135943037241481 28.1
2811 0.01136065752770616 28.11
2812 0.0113634242190876 28.12
2813 0.01136387001444693 28.13
2814 0.01135995211117957 28.14
2815 0.01136169402478915 28.15
2816 0.01136645979374583 28.16
2817 0.01137359422424563 28.17
2818 0.01137241542338624 28.18
2819 0.01138223157387873 28.19
2820 0.01138620968480012 28.2
2821 0.01138865990463764 28.21
2822 0.01138311187920453 28.22
2823 0.01138238486667466 28.23
2824 0.01138132523433182 28.24
2825 0.01138669968836629 28.25
2826 0.01138510322520482 28.26
2827 0.01139504981043512 28.27
2828 0.01140203377419367 28.28
2829 0.01140625024271157 28.29
2830 0.01140749944086745 28.3
2831 0.01140611627789009 28.31
2832 0.01140382200002034 28.32
2833 0.01140044373426201 28.33
2834 0.01140325630418461 28.34
2835 0.01139952914648755 28.35
2836 0.01139993946245376 28.36
2837 0.01139320912663144 28.37
2838 0.01138908796177613 28.38
2839 0.0113855233749599 28.39
2840 0.01138664472284311 28.4
2841 0.01138785141676189 28.41
2842 0.01139053774086865 28.42
2843 0.01138638677220781 28.43
2844 0.01138474989536378 28.44
2845 0.0113855319586777 28.45
2846 0.01137937501217839 28.46
2847 0.01137780799691011 28.47
2848 0.01137738079471216 28.48
2849 0.01137441682866811 28.49
2850 0.01137259073136333 28.5
2851 0.01137040855870279 28.51
2852 0.01136768715041796 28.52
2853 0.01136359865065124 28.53
2854 0.01136167964523466 28.54
2855 0.01136194397770502 28.55
2856 0.01136050658786777 28.56
2857 0.01135730124126368 28.57
2858 0.01135406594661876 28.58
2859 0.01134468876123714 28.59
2860 0.01133856980643615 28.6
2861 0.01133234727122744 28.61
2862 0.01133197155091602 28.62
2863 0.01132774069861579 28.63
2864 0.01132486984108949 28.64
2865 0.01132302546878805 28.65
2866 0.01132166886796398 28.66
2867 0.01131728105739288 28.67
2868 0.01131536106945371 28.68
2869 0.0113116316638809 28.69
2870 0.01131131877422618 28.7
2871 0.01130435914468062 28.71
2872 0.0113003855756529 28.72
2873 0.01129433494656909 28.73
2874 0.01129370716245583 28.74
2875 0.01128771906197984 28.75
2876 0.01128384475497752 28.76
2877 0.01128300989588882 28.77
2878 0.01127858846095942 28.78
2879 0.01127411173845986 28.79
2880 0.01126915260473123 28.8
2881 0.01126608894741646 28.81
2882 0.01126175724161381 28.82
2883 0.0112598874110083 28.83
2884 0.01125882003686389 28.84
2885 0.01125545191583419 28.85
2886 0.01125307956990851 28.86
2887 0.01125240711156888 28.87
2888 0.01125175904973423 28.88
2889 0.01124005059210595 28.89
2890 0.01123216377110517 28.9
2891 0.01122753439809701 28.91
2892 0.01122364160718282 28.92
2893 0.01121820967847167 28.93
2894 0.01121637299613387 28.94
2895 0.01122112064187627 28.95
2896 0.01122694479768873 28.96
2897 0.0112288396396686 28.97
2898 0.01122726728307516 28.98
2899 0.01121944372116459 28.99
2900 0.01121689569977574 29
2901 0.01120974333505508 29.01
2902 0.01120417353163837 29.02
2903 0.01119732295050573 29.03
2904 0.01119434098423058 29.04
2905 0.01119144885671004 29.05
2906 0.01119159466014324 29.06
2907 0.01119509847103122 29.07
2908 0.01119873480155927 29.08
2909 0.01119971806084049 29.09
2910 0.01120315895477693 29.1
2911 0.01120430451757966 29.11
2912 0.01120116601667588 29.12
2913 0.01120140512076831 29.13
2914 0.01120044108410538 29.14
2915 0.01119877945394747 29.15
2916 0.0112002728729901 29.16
2917 0.01120106374964092 29.17
2918 0.01120093770416531 29.18
2919 0.01120194035393931 29.19
2920 0.01121017922850201 29.2
2921 0.01120434388759087 29.21
2922 0.01120290401746464 29.22
2923 0.01119952073536618 29.23
2924 0.01120146420103601 29.24
2925 0.01119552146477174 29.25
2926 0.01119147518524221 29.26
2927 0.0111867371550698 29.27
2928 0.0111864322225277 29.28
2929 0.01118612159397556 29.29
2930 0.01119041683864926 29.3
2931 0.01119516215608798 29.31
2932 0.01119519136932393 29.32
2933 0.01119240867554808 29.33
2934 0.01119155996705011 29.34
2935 0.01119034278619044 29.35
2936 0.01119028885815279 29.36
2937 0.01119280141184209 29.37
2938 0.01119602077359704 29.38
2939 0.01119483772888345 29.39
2940 0.01120008758459056 29.4
2941 0.01120146902689105 29.41
2942 0.01120326724869977 29.42
2943 0.01119825876009335 29.43
2944 0.01119556670244314 29.44
2945 0.01119109091652803 29.45
2946 0.01119223506459521 29.46
2947 0.01119362634469512 29.47
2948 0.01119746517271242 29.48
2949 0.01120343634144428 29.49
2950 0.0112059108603998 29.5
2951 0.0112079452151331 29.51
2952 0.01120834615077387 29.52
2953 0.0112085370263188 29.53
2954 0.01120464494443347 29.54
2955 0.01120232969861268 29.55
2956 0.01119775546996396 29.56
2957 0.01119746029293717 29.57
2958 0.01119583926506303 29.58
2959 0.01119867739988657 29.59
2960 0.01119923796265016 29.6
2961 0.01120690607442915 29.61
2962 0.01121322470894527 29.62
2963 0.01122049870160536 29.63
2964 0.0112260040133649 29.64
2965 0.01123005411294718 29.65
2966 0.01123310621413743 29.66
2967 0.01123311267821532 29.67
2968 0.01123262849824561 29.68
2969 0.0112282011592827 29.69
2970 0.01122472635885361 29.7
2971 0.01121795343801325 29.71
2972 0.01121358448778036 29.72
2973 0.01121679332019965 29.73
2974 0.01122113082734482 29.74
2975 0.01121783316634686 29.75
2976 0.01122039966178149 29.76
2977 0.01121826147336012 29.77
2978 0.01121801086144782 29.78
2979 0.0112178201787906 29.79
2980 0.01121928477806051 29.8
2981 0.01121892352634053 29.81
2982 0.01121996478920368 29.82
2983 0.01122048776879478 29.83
2984 0.0112210539342252 29.84
2985 0.01121887894749769 29.85
2986 0.01122505260685745 29.86
2987 0.01122929627012959 29.87
2988 0.01123065248596682 29.88
2989 0.01123300906921844 29.89
2990 0.01123067968584259 29.9
2991 0.011225492966915 29.91
2992 0.01122381166092963 29.92
2993 0.01122444908780986 29.93
2994 0.01122566772928716 29.94
2995 0.01122511571674794 29.95
2996 0.01122574994225574 29.96
2997 0.01122810951052246 29.97
2998 0.01123086336952378 29.98
2999 0.0112338250160736 29.99
3000 0.01123730133240556 30
