"cd-rfile"
"Time Step" "cd etc.."
("Time Step" "cd" "flow-time")
0 6.638117518112389e-27 0
1 -88.95527426185447 0.01
2 -19.72789635312339 0.02
3 1.777382844483379 0.03
4 5.034758199596547 0.04
5 5.489327712335083 0.05
6 -0.5146006430808708 0.06
7 -2.197054677481758 0.07000000000000001
8 -0.9807653286108174 0.08
9 0.05691892051572546 0.09
10 0.6556993921809577 0.1
11 0.5015333465862442 0.11
12 0.1790497203091925 0.12
13 0.07852706112867222 0.13
14 0.04574031773614198 0.14
15 -0.02030676838551444 0.15
16 -0.023782428722544 0.16
17 0.01897010038728652 0.17
18 0.05125106409551208 0.18
19 0.06211175631572369 0.19
20 0.08942752824401648 0.2
21 0.1265781901106188 0.21
22 0.1039243860229939 0.22
23 0.07748236171264158 0.23
24 0.05887582267025368 0.24
25 0.03599850863393034 0.25
26 0.03198637830520824 0.26
27 0.04382995114291545 0.27
28 0.0532565286144194 0.28
29 0.05378353263678316 0.29
30 0.05517321002369427 0.3
31 0.05843525342812044 0.31
32 0.05929891313419059 0.32
33 0.05709026611206194 0.33
34 0.05347100411100243 0.34
35 0.05033269560994245 0.35
36 0.0483288290998915 0.36
37 0.04779815669863683 0.37
38 0.04771333717076051 0.38
39 0.04723212414317121 0.39
40 0.04614764801123174 0.4
41 0.04581681680302072 0.41
42 0.04457929200408138 0.42
43 0.0439981030631962 0.43
44 0.04436604703022543 0.44
45 0.04486017850220417 0.45
46 0.04550669200070603 0.46
47 0.04556898625219689 0.47
48 0.04553643462482995 0.48
49 0.04507622471059407 0.49
50 0.04439463778694532 0.5
51 0.04380365844364516 0.51
52 0.0427471810628938 0.52
53 0.042100148209914 0.53
54 0.04210502309704444 0.54
55 0.04305024283892699 0.55
56 0.04180177297678044 0.5600000000000001
57 0.04224890774198359 0.5700000000000001
58 0.04206681346895763 0.58
59 0.04269524676925928 0.59
60 0.04285403410297371 0.6
61 0.04345650760278621 0.61
62 0.04298246732640751 0.62
63 0.04284293034994678 0.63
64 0.04278233030337532 0.64
65 0.0427901341225017 0.65
66 0.0427567471746239 0.66
67 0.04274532676520169 0.67
68 0.04243684502152246 0.68
69 0.04195248110377424 0.6900000000000001
70 0.04139482750516717 0.7000000000000001
71 0.04095665452883514 0.71
72 0.04108083614467686 0.72
73 0.04107363872695382 0.73
74 0.04109413298831659 0.74
75 0.04096881187384808 0.75
76 0.04077054415093762 0.76
77 0.04035528877881042 0.77
78 0.03985203738723186 0.78
79 0.03960249125041181 0.79
80 0.03977645629926545 0.8
81 0.03979361114067334 0.8100000000000001
82 0.03981594404270593 0.8200000000000001
83 0.03984808710241115 0.8300000000000001
84 0.03981032919352433 0.84
85 0.03974084364061335 0.85
86 0.03971024157465856 0.86
87 0.03969130768732348 0.87
88 0.0397167343490147 0.88
89 0.03973520533530491 0.89
90 0.03976406292431681 0.9
91 0.03981513441447009 0.91
92 0.0398664917844789 0.92
93 0.0399015760064283 0.93
94 0.03986377672932846 0.9400000000000001
95 0.03985054695187761 0.9500000000000001
96 0.03981596567128813 0.96
97 0.03978665976769832 0.97
98 0.03982239461017512 0.98
99 0.03977886423229705 0.99
100 0.03973834710260486 1
101 0.03974031594723903 1.01
102 0.03976673281581685 1.02
103 0.03980076194691914 1.03
104 0.03981580497451844 1.04
105 0.03981212244362418 1.05
106 0.03979657512237004 1.06
107 0.03976223768572121 1.07
108 0.03972093850357419 1.08
109 0.03970062208021072 1.09
110 0.03968265465139709 1.1
111 0.03967047163509435 1.11
112 0.03973309597961881 1.12
113 0.03971642988245339 1.13
114 0.03956898645953604 1.14
115 0.03941332023093138 1.15
116 0.03932286578136004 1.16
117 0.03923592113580864 1.17
118 0.03919947695990993 1.18
119 0.03919236209986326 1.19
120 0.03921801683311534 1.2
121 0.0392335056606402 1.21
122 0.03925502117866945 1.22
123 0.03922459020111057 1.23
124 0.03917337726450783 1.24
125 0.03909622429335485 1.25
126 0.03902360960042586 1.26
127 0.03893843448344916 1.27
128 0.03885618807398913 1.28
129 0.03877670706967593 1.29
130 0.03871408160905835 1.3
131 0.03867925363202346 1.31
132 0.03866731439992557 1.32
133 0.03866583556845667 1.33
134 0.03866413650071205 1.34
135 0.03867044350688643 1.35
136 0.03869410279570295 1.36
137 0.03870267851634036 1.37
138 0.03873117219734762 1.38
139 0.03874563132332171 1.39
140 0.03875165973014959 1.4
141 0.03875756753714533 1.41
142 0.03876133549417962 1.42
143 0.03877476527077352 1.43
144 0.03879480862667984 1.44
145 0.03880694439208624 1.45
146 0.03881747947004158 1.46
147 0.03882905476474794 1.47
148 0.03883659738152319 1.48
149 0.03884257232653457 1.49
150 0.03883901473824432 1.5
151 0.03884081335674641 1.51
152 0.03883783265277382 1.52
153 0.0388322699586624 1.53
154 0.03883349931006368 1.54
155 0.03884061207993405 1.55
156 0.03884998911421543 1.56
157 0.03885734254226739 1.57
158 0.03886465267991703 1.58
159 0.03887581635770031 1.59
160 0.03887669355631764 1.6
161 0.03886887717444099 1.61
162 0.03885427366974221 1.62
163 0.03883153185117522 1.63
164 0.03880432500155268 1.64
165 0.03877763532573482 1.65
166 0.03874330269641583 1.66
167 0.03870787231499596 1.67
168 0.03867965697232282 1.68
169 0.0386543176962309 1.69
170 0.0386330799330916 1.7
171 0.03861391414962887 1.71
172 0.03859380865924097 1.72
173 0.03857282032342382 1.73
174 0.03854748222546241 1.74
175 0.03851822682024968 1.75
176 0.03848574245673467 1.76
177 0.03845687988223606 1.77
178 0.03843099979266031 1.78
179 0.03840837623131337 1.79
180 0.03839219860620521 1.8
181 0.03838852969113393 1.81
182 0.03837478787426161 1.82
183 0.03835948286856614 1.83
184 0.03832639334120325 1.84
185 0.03828813817522705 1.85
186 0.03824605751682696 1.86
187 0.03820624742670794 1.87
188 0.03817424527978013 1.88
189 0.03815114696388353 1.89
190 0.0381425552310469 1.9
191 0.03814519188713677 1.91
192 0.03815522445951482 1.92
193 0.03817036705878134 1.93
194 0.03818858214956916 1.94
195 0.03821482096903164 1.95
196 0.03823058035092474 1.96
197 0.03824578117258266 1.97
198 0.03825384133169295 1.98
199 0.03825802485282477 1.99
200 0.03826015975924887 2
201 0.03826081231888866 2.01
202 0.03826157976519607 2.02
203 0.03826253458281791 2.03
204 0.03826972166880688 2.04
205 0.03827814655673818 2.05
206 0.03827657793265248 2.06
207 0.03827634780907576 2.07
208 0.03827499149787184 2.08
209 0.03827265795593471 2.09
210 0.03826813583707937 2.1
211 0.03826251438776034 2.11
212 0.03825619795402028 2.12
213 0.0382472271002115 2.13
214 0.03823736651518563 2.14
215 0.03822756114978995 2.15
216 0.03821889816997737 2.16
217 0.03821327523847741 2.17
218 0.03820798000668815 2.18
219 0.03820290931490102 2.19
220 0.03819602834305688 2.2
221 0.03818367914553387 2.21
222 0.03817265615291311 2.22
223 0.03816079741081774 2.23
224 0.03815067429372456 2.24
225 0.03813664299798226 2.25
226 0.03812291229588453 2.26
227 0.03810815117409658 2.27
228 0.03809290750728685 2.28
229 0.03808167088518385 2.29
230 0.0380549815525999 2.3
231 0.03803932784990129 2.31
232 0.0380262000081816 2.32
233 0.03801570003156627 2.33
234 0.03800777774338316 2.34
235 0.03800128483414905 2.35
236 0.03799487861475401 2.36
237 0.03798663571013509 2.37
238 0.03797752977166365 2.38
239 0.03796757572667083 2.39
240 0.03795662748452514 2.4
241 0.03794492552231892 2.41
242 0.03793324002431275 2.42
243 0.03792120902203868 2.43
244 0.03791083417172456 2.44
245 0.03790194602081347 2.45
246 0.03790060324949848 2.46
247 0.03789009785720259 2.47
248 0.03787969615859462 2.48
249 0.03787172776406545 2.49
250 0.0378634655311435 2.5
251 0.03785893242255228 2.51
252 0.03785535348863271 2.52
253 0.03785122892179103 2.53
254 0.03784745801241153 2.54
255 0.03784847210139039 2.55
256 0.03784470235637615 2.56
257 0.03783761878166546 2.57
258 0.0378302403277412 2.58
259 0.03782304195785628 2.59
260 0.0378213918103602 2.6
261 0.03781715644944749 2.61
262 0.03781092293138625 2.62
263 0.03780513345420277 2.63
264 0.03779881445242495 2.64
265 0.03779724384579764 2.65
266 0.03779754866329303 2.66
267 0.03779858133516962 2.67
268 0.03779546899907917 2.68
269 0.03779495226285166 2.69
270 0.03779482533824942 2.7
271 0.03779436507966449 2.71
272 0.03779407640901582 2.72
273 0.03779220510846622 2.73
274 0.03778887505269021 2.74
275 0.03778508250204553 2.75
276 0.03778092927689502 2.76
277 0.0377764439178312 2.77
278 0.03777201986411804 2.78
279 0.03776752184678697 2.79
280 0.03776350822165168 2.8
281 0.03776139582702853 2.81
282 0.03775764095536076 2.82
283 0.03775291745929395 2.83
284 0.03774755863086384 2.84
285 0.03774185364854209 2.85
286 0.03773655641383927 2.86
287 0.03772967743304544 2.87
288 0.03772371181780892 2.88
289 0.03771149909155994 2.89
290 0.03770478062803224 2.9
291 0.03769631156636259 2.91
292 0.03768767750482502 2.92
293 0.03767829669620959 2.93
294 0.03767191785445997 2.94
295 0.03766347391960945 2.95
296 0.03765284028738589 2.96
297 0.03764227382769059 2.97
298 0.0376332548863812 2.98
299 0.03762618157792316 2.99
300 0.03762024153679761 3
301 0.03761387452372552 3.01
302 0.0376093572256313 3.02
303 0.03760516169804632 3.03
304 0.03760089579003971 3.04
305 0.03759686659808503 3.05
306 0.03759313296542167 3.06
307 0.03758940462277018 3.07
308 0.03758570412472121 3.08
309 0.03758175436147174 3.09
310 0.03757910106203233 3.1
311 0.03757718225854936 3.11
312 0.03757841189587788 3.12
313 0.03757487724134676 3.13
314 0.03757476717395095 3.14
315 0.03756987801626412 3.15
316 0.03756785460642036 3.16
317 0.03756714650061116 3.17
318 0.03756718012061475 3.18
319 0.03756788083664205 3.19
320 0.03756939701731797 3.2
321 0.03757049980682231 3.21
322 0.03756967653920715 3.22
323 0.03756781122640897 3.23
324 0.03756491238841178 3.24
325 0.03756133206244731 3.25
326 0.03755906371708647 3.26
327 0.03755677931278963 3.27
328 0.03754824438947646 3.28
329 0.03754168608213544 3.29
330 0.03753700373744304 3.3
331 0.03753179097808522 3.31
332 0.03752930952751592 3.32
333 0.03752783389467911 3.33
334 0.03752915972603176 3.34
335 0.03752757357752055 3.35
336 0.03752480510401604 3.36
337 0.03752165458092964 3.37
338 0.03751951602528364 3.38
339 0.03751974795294986 3.39
340 0.03751633319182015 3.4
341 0.03751432741751975 3.41
342 0.03751434049627891 3.42
343 0.03751336474806179 3.43
344 0.0375113333302526 3.44
345 0.03750862523386487 3.45
346 0.03750436189067553 3.46
347 0.03749923892014478 3.47
348 0.03749354014583336 3.48
349 0.03748814521863764 3.49
350 0.03748033473839914 3.5
351 0.03747612604641609 3.51
352 0.03747270430421378 3.52
353 0.03747055135237971 3.53
354 0.03746775080861881 3.54
355 0.03746467667847904 3.55
356 0.03746147940737873 3.56
357 0.03745831395797172 3.57
358 0.03745490830015837 3.58
359 0.03745199175308066 3.59
360 0.03744747031429922 3.6
361 0.03744366380074357 3.61
362 0.03743968455449512 3.62
363 0.03743594261183467 3.63
364 0.03743250067955996 3.64
365 0.03742711710926204 3.65
366 0.03742050303458298 3.66
367 0.03741340180572902 3.67
368 0.03740671663174516 3.68
369 0.03740083849042135 3.69
370 0.03739477714202652 3.7
371 0.0373893187867756 3.71
372 0.03738509196377194 3.72
373 0.03738206958858125 3.73
374 0.03737999404216009 3.74
375 0.0373783885854324 3.75
376 0.03737737648005235 3.76
377 0.03737619307104402 3.77
378 0.03737452366992892 3.78
379 0.03737417846998008 3.79
380 0.03737198841133947 3.8
381 0.03736841634593622 3.81
382 0.0373638757737569 3.82
383 0.03735896091011645 3.83
384 0.03735404234098328 3.84
385 0.03734858411228695 3.85
386 0.03734318035883613 3.86
387 0.03733789141766844 3.87
388 0.03733395881116838 3.88
389 0.03733066859517762 3.89
390 0.03732737066233234 3.9
391 0.03732374243739169 3.91
392 0.03732083478700103 3.92
393 0.03731715317988098 3.93
394 0.03731289285449126 3.94
395 0.03730879240847023 3.95
396 0.03730534919618311 3.96
397 0.03730214995277146 3.97
398 0.03729907312072491 3.98
399 0.03729599904570798 3.99
400 0.0372778431236702 4
401 0.03726520506555524 4.01
402 0.03728249828936781 4.02
403 0.0372928163998488 4.03
404 0.03729086903418129 4.04
405 0.03728117787631658 4.05
406 0.03726653194296729 4.06
407 0.03725192325580228 4.07
408 0.03723999894356467 4.08
409 0.03723179042844796 4.09
410 0.03722636106332472 4.1
411 0.03722285118836084 4.11
412 0.03722161686942111 4.12
413 0.03722006503719848 4.13
414 0.03721762271136092 4.14
415 0.03721456323232137 4.15
416 0.03720766510521608 4.16
417 0.03719986131508356 4.17
418 0.03719150600881507 4.18
419 0.03718213215688827 4.19
420 0.03717449995391574 4.2
421 0.03716738491147713 4.21
422 0.03715922290815245 4.22
423 0.03715486356178268 4.23
424 0.03714971570844428 4.24
425 0.03714262339589984 4.25
426 0.03713488881691288 4.26
427 0.03712715020505612 4.27
428 0.03711975285435924 4.28
429 0.03710286235875788 4.29
430 0.03708314821258381 4.3
431 0.0370687250525571 4.31
432 0.03706831999017395 4.32
433 0.03707003032686056 4.33
434 0.03708981533430004 4.34
435 0.03712361055387487 4.350000000000001
436 0.03712193908913038 4.36
437 0.03710086971348862 4.37
438 0.03707108509031862 4.38
439 0.03704142444499972 4.39
440 0.03701908564176555 4.4
441 0.0370073816508314 4.41
442 0.03700745004505231 4.42
443 0.03701436722076671 4.43
444 0.0370223683029189 4.44
445 0.03702800560124845 4.45
446 0.03702665775281817 4.46
447 0.03702180547233733 4.47
448 0.03701682562450135 4.48
449 0.03700974010197892 4.49
450 0.03699972349365387 4.5
451 0.03698783514067518 4.51
452 0.03697416310923066 4.52
453 0.03696158380566932 4.53
454 0.036948542784184 4.54
455 0.03693902199152572 4.55
456 0.03692861930215189 4.56
457 0.03691806308331768 4.57
458 0.03690680101466179 4.58
459 0.03688967528712382 4.59
460 0.03686940907288409 4.600000000000001
461 0.03685415504590164 4.61
462 0.03684155082599987 4.62
463 0.036833735619212 4.63
464 0.03684175633133589 4.64
465 0.03685236433691309 4.65
466 0.03685838873689724 4.66
467 0.03689914439758252 4.67
468 0.03692080293737377 4.68
469 0.03689981723947352 4.69
470 0.03686210179695746 4.7
471 0.03681862450678453 4.71
472 0.03678253790035645 4.72
473 0.03676018170541386 4.73
474 0.03675354496322866 4.74
475 0.03675865349499079 4.75
476 0.03677012501157786 4.76
477 0.03678175394263232 4.77
478 0.03678922146586493 4.78
479 0.03678795558830655 4.79
480 0.03678029383411155 4.8
481 0.03676811312450318 4.81
482 0.03675251773701405 4.82
483 0.03673493669257941 4.83
484 0.03671690765734407 4.84
485 0.0366998148149101 4.850000000000001
486 0.03668554779887356 4.86
487 0.03666995920518275 4.87
488 0.0366528077180578 4.88
489 0.03663740669828429 4.89
490 0.03663181416306095 4.9
491 0.03662382914403212 4.91
492 0.03661923700054871 4.92
493 0.03661701752837471 4.93
494 0.0366073327736688 4.94
495 0.03660915544312755 4.95
496 0.03660992150667484 4.96
497 0.03660627928975738 4.97
498 0.03660681986195691 4.98
499 0.03660805423313847 4.99
500 0.03661287276768215 5
501 0.03659390080096986 5.01
502 0.03656347373425911 5.02
503 0.03653130849503616 5.03
504 0.03650602802855099 5.04
505 0.0364925169865965 5.05
506 0.03649156914156074 5.06
507 0.03649912463731114 5.07
508 0.03650778640520699 5.08
509 0.03651510396904296 5.09
510 0.03651810218899264 5.100000000000001
511 0.03651508602059478 5.11
512 0.03650590651851426 5.12
513 0.03649156033447572 5.13
514 0.03647342381793996 5.14
515 0.03645451410773509 5.15
516 0.036435790978675 5.16
517 0.03641895506154434 5.17
518 0.03640640641842597 5.18
519 0.03639291646744033 5.19
520 0.03638006009168111 5.2
521 0.03637037310677887 5.21
522 0.03636358819226706 5.22
523 0.03636000339029166 5.23
524 0.03635688928308056 5.24
525 0.03635223102876289 5.25
526 0.03634862877765096 5.26
527 0.03634333082500126 5.27
528 0.03633454772257154 5.28
529 0.03632445809252945 5.29
530 0.03631905022244033 5.3
531 0.03631072666733026 5.31
532 0.03630415221888966 5.32
533 0.03629623545976996 5.33
534 0.03628417589045719 5.34
535 0.0362725630615568 5.350000000000001
536 0.03625908889548765 5.36
537 0.03624764803826235 5.37
538 0.0362404592765201 5.38
539 0.03623462229976795 5.39
540 0.03623258507113469 5.4
541 0.03622974106334171 5.41
542 0.0362295071706035 5.42
543 0.03622855392690137 5.43
544 0.03622659486714149 5.44
545 0.03622067413541673 5.45
546 0.03621448045725181 5.46
547 0.03620717270480876 5.47
548 0.03619626970140499 5.48
549 0.03618626195483528 5.49
550 0.03617338664814229 5.5
551 0.03616200486698457 5.51
552 0.03615049571302626 5.52
553 0.0361385482912525 5.53
554 0.03612153084342143 5.54
555 0.03611139623507926 5.55
556 0.03609597649414154 5.56
557 0.0360876268740334 5.57
558 0.03607896247855754 5.58
559 0.0360658538039707 5.59
560 0.0360591420499099 5.600000000000001
561 0.03605445223456109 5.61
562 0.03604407935481694 5.62
563 0.03603712259211547 5.63
564 0.03603087106980227 5.64
565 0.0360202224012719 5.65
566 0.03601454738607626 5.66
567 0.03600963205550378 5.67
568 0.03600429221115953 5.68
569 0.03599864867738967 5.69
570 0.0359910904639279 5.7
571 0.03597878262313502 5.71
572 0.03597492292869948 5.72
573 0.03597029772934376 5.73
574 0.03596749857812205 5.74
575 0.03596540150060057 5.75
576 0.03596156428063451 5.76
577 0.03595639372054758 5.77
578 0.03594997187138701 5.78
579 0.03594719101509466 5.79
580 0.03593824197321277 5.8
581 0.03593287990715564 5.81
582 0.03592136034178212 5.82
583 0.03591470663808616 5.83
584 0.03590261586044864 5.84
585 0.03589264305587023 5.850000000000001
586 0.03588969915612826 5.86
587 0.03588375269425366 5.87
588 0.0358771029739041 5.88
589 0.03587666053720398 5.89
590 0.03587089339415684 5.9
591 0.03586495730576066 5.91
592 0.03586228779317691 5.92
593 0.03585378414989152 5.93
594 0.03584496357432492 5.94
595 0.03583824917939358 5.95
596 0.03582779880685736 5.96
597 0.03581849347215014 5.97
598 0.03580973083721931 5.98
599 0.03580265025559097 5.99
600 0.03579551179986774 6
601 0.03578872914400289 6.01
602 0.03577700970624641 6.02
603 0.03577173143571611 6.03
604 0.03576176114316421 6.04
605 0.03575684195920351 6.05
606 0.03574665808321015 6.06
607 0.0357377530247866 6.07
608 0.03573572939144633 6.08
609 0.0357275479612523 6.09
610 0.03572141197267496 6.100000000000001
611 0.03571240144674877 6.11
612 0.03570423120599371 6.12
613 0.03569729228218043 6.13
614 0.03569167986293236 6.140000000000001
615 0.03568804303162385 6.15
616 0.0356862469743763 6.16
617 0.03568513441825686 6.17
618 0.03568485935018673 6.18
619 0.03569295342728133 6.19
620 0.03568827547951461 6.2
621 0.03568216871226327 6.21
622 0.03568219837910879 6.22
623 0.03567219048379805 6.23
624 0.03566339054487463 6.24
625 0.03565426097086007 6.25
626 0.03565043972968873 6.26
627 0.03563956695805529 6.27
628 0.03563507096616892 6.28
629 0.03562943266720611 6.29
630 0.03562482598584808 6.3
631 0.03561487394902944 6.31
632 0.03561251026915945 6.32
633 0.03560442376526436 6.33
634 0.03560403017629329 6.34
635 0.03559711311293538 6.350000000000001
636 0.0356003299331768 6.36
637 0.03559372583523863 6.37
638 0.03558990704932204 6.38
639 0.03558559858237824 6.390000000000001
640 0.03558459607480963 6.4
641 0.03558159615369342 6.41
642 0.03557653069198659 6.42
643 0.03557037952248851 6.43
644 0.03555985988126358 6.44
645 0.03555403327257221 6.45
646 0.03554055605024118 6.46
647 0.03553428750458971 6.47
648 0.03552413020393233 6.48
649 0.03552284655521029 6.49
650 0.03551591859422785 6.5
651 0.03551062472976328 6.51
652 0.03551469736741194 6.52
653 0.03551061974388957 6.53
654 0.03550726247754406 6.54
655 0.0355108569568238 6.55
656 0.03550684148745162 6.56
657 0.03550111197406471 6.57
658 0.03550306054512901 6.58
659 0.03549642545360826 6.59
660 0.03548865707438265 6.600000000000001
661 0.03548039609754426 6.61
662 0.03547346145714353 6.62
663 0.03546694511012909 6.63
664 0.03546118802405878 6.640000000000001
665 0.03545736625392239 6.65
666 0.03545396129114679 6.66
667 0.03545062067658826 6.67
668 0.03544664521993798 6.68
669 0.03544416413606833 6.69
670 0.03544001056470773 6.7
671 0.03543661012884342 6.71
672 0.03543196484076842 6.72
673 0.03542621639612323 6.73
674 0.03542082135541524 6.74
675 0.03541510484917924 6.75
676 0.03541017128622437 6.76
677 0.03540665197009394 6.77
678 0.03540381097828869 6.78
679 0.03540154948363033 6.79
680 0.03539919174735912 6.8
681 0.03539731516027219 6.81
682 0.03539591095239101 6.82
683 0.03539367203310089 6.83
684 0.03539203821426143 6.84
685 0.03539120590204 6.850000000000001
686 0.03539872997563531 6.86
687 0.03539650093365161 6.87
688 0.03539261089811029 6.88
689 0.03539564397527005 6.890000000000001
690 0.03538997676655704 6.9
691 0.0353851264417224 6.91
692 0.03537940257373286 6.92
693 0.03538139496114637 6.93
694 0.03537689481331524 6.94
695 0.03536974655305028 6.95
696 0.03537061507323617 6.96
697 0.03536374327469406 6.97
698 0.03535997981459403 6.98
699 0.03535047210508475 6.99
700 0.03534867151064076 7
701 0.03534065996595259 7.01
702 0.03533819457311293 7.02
703 0.03533048543999661 7.03
704 0.03532321557766183 7.04
705 0.03532286687811823 7.05
706 0.03531729946696905 7.06
707 0.03531207610826179 7.07
708 0.03530710967294957 7.08
709 0.03530274395333794 7.09
710 0.03529594171541261 7.100000000000001
711 0.03529099707695984 7.11
712 0.03528979928996944 7.12
713 0.0352897001352617 7.13
714 0.03529007281253098 7.140000000000001
715 0.03529036557796668 7.15
716 0.03529080276724507 7.16
717 0.03529245390312005 7.17
718 0.03529300475347517 7.18
719 0.03529339006265741 7.19
720 0.03529283930869598 7.2
721 0.0352901078081954 7.21
722 0.03528706965005117 7.22
723 0.03528288946089174 7.23
724 0.03527961658556264 7.24
725 0.03527645431386522 7.25
726 0.0352740248447273 7.26
727 0.03527141354824361 7.27
728 0.03526880413965265 7.28
729 0.03526499578126808 7.29
730 0.03525350755820893 7.3
731 0.03525260756991241 7.31
732 0.03525376836826517 7.32
733 0.03525491845442168 7.33
734 0.03525501185623754 7.34
735 0.03525336661802856 7.350000000000001
736 0.03525084635871512 7.36
737 0.03524681489445049 7.37
738 0.0352438008406389 7.38
739 0.03523949046445465 7.390000000000001
740 0.03524395361630504 7.4
741 0.03523890809064177 7.41
742 0.03523356785368953 7.42
743 0.03523483607921016 7.43
744 0.03522780263915298 7.44
745 0.03522633666863868 7.45
746 0.03521971552410008 7.46
747 0.03522049691478985 7.47
748 0.0352141636236027 7.48
749 0.03521520867116566 7.49
750 0.03520997415499699 7.5
751 0.03521246081878762 7.51
752 0.03521408836992228 7.52
753 0.03520823745316511 7.53
754 0.03520996688352494 7.54
755 0.03520494872888341 7.55
756 0.03520821409968938 7.56
757 0.03520405578427638 7.57
758 0.03519996289000252 7.58
759 0.03520088442563468 7.59
760 0.03519470141865097 7.600000000000001
761 0.03519118058533961 7.61
762 0.03518822606591301 7.62
763 0.03518500231744839 7.63
764 0.03518185280932078 7.640000000000001
765 0.03517903732789678 7.65
766 0.03517690816008366 7.66
767 0.03517425483781798 7.67
768 0.03517110441456949 7.68
769 0.03516624738316605 7.69
770 0.03515515512794822 7.7
771 0.0351528746707116 7.71
772 0.03514291797849445 7.72
773 0.03514480394102935 7.73
774 0.03513757334572327 7.74
775 0.03514215052795875 7.75
776 0.03513589707009177 7.76
777 0.0351299976029321 7.77
778 0.03513638784882853 7.78
779 0.03513170795867809 7.79
780 0.03512779880003021 7.8
781 0.03512465968285104 7.81
782 0.03512296140958936 7.82
783 0.0351287056985579 7.83
784 0.03512258809590435 7.84
785 0.03511612391482323 7.850000000000001
786 0.03510989827767885 7.86
787 0.03510435541060087 7.87
788 0.03511084700632353 7.88
789 0.03510580548737582 7.890000000000001
790 0.03510259887095986 7.9
791 0.03510115387700022 7.91
792 0.03511332746643698 7.92
793 0.03511140843396071 7.930000000000001
794 0.03510864062827183 7.94
795 0.03510282118473398 7.95
796 0.03510843170374188 7.96
797 0.03510409446054387 7.97
798 0.0351057672529201 7.98
799 0.03509630378389689 7.99
800 0.03509644398052663 8
801 0.03508605432625165 8.01
802 0.03508703042154608 8.02
803 0.03509022957186872 8.029999999999999
804 0.03509065512300427 8.040000000000001
805 0.03508997831020637 8.050000000000001
806 0.03508773716666242 8.06
807 0.03508466238058968 8.07
808 0.03507878187385748 8.08
809 0.03507309533598032 8.09
810 0.03506936416196557 8.1
811 0.03506527342333929 8.109999999999999
812 0.03506216456139281 8.120000000000001
813 0.03505769502444771 8.130000000000001
814 0.03504986186443427 8.140000000000001
815 0.03504370342405858 8.15
816 0.0350410913680877 8.16
817 0.03504221833033596 8.17
818 0.0350421025348534 8.18
819 0.03504218157714212 8.19
820 0.03504155921465368 8.199999999999999
821 0.03503955007994031 8.210000000000001
822 0.03503511446364956 8.220000000000001
823 0.03503062819875074 8.23
824 0.03502541863173111 8.24
825 0.0350207017987702 8.25
826 0.03501656909047797 8.26
827 0.03501321105689371 8.27
828 0.03501286924499447 8.279999999999999
829 0.03501135734205325 8.290000000000001
830 0.0350074768146385 8.300000000000001
831 0.03500492333623463 8.31
832 0.03499484164683116 8.32
833 0.03499609526204613 8.33
834 0.0349962008139298 8.34
835 0.03498335201625982 8.35
836 0.03498969412446098 8.359999999999999
837 0.03499566212019815 8.370000000000001
838 0.03498660651678803 8.380000000000001
839 0.03498486781269415 8.390000000000001
840 0.03497393305635221 8.4
841 0.03497206355874705 8.41
842 0.03496164270942883 8.42
843 0.03496379279051936 8.43
844 0.03495843103642032 8.44
845 0.03495509501807971 8.449999999999999
846 0.03496195196418668 8.460000000000001
847 0.03495477141621773 8.470000000000001
848 0.03494832775299311 8.48
849 0.03494148174141222 8.49
850 0.03493701835286457 8.5
851 0.03494289090030929 8.51
852 0.03493491329934392 8.52
853 0.03492731311248474 8.529999999999999
854 0.03492033890982527 8.540000000000001
855 0.03492778828828016 8.550000000000001
856 0.03492385203732488 8.56
857 0.03491937131978826 8.57
858 0.03492252457885143 8.58
859 0.03491541149264672 8.59
860 0.03491466335406539 8.6
861 0.03490389331362259 8.609999999999999
862 0.03490008919204238 8.620000000000001
863 0.03489852502495677 8.630000000000001
864 0.03488572038767836 8.640000000000001
865 0.03488012039931467 8.65
866 0.03487564703723815 8.66
867 0.03487250100337025 8.67
868 0.03486991586078511 8.68
869 0.03487041029799426 8.69
870 0.03486993532418857 8.700000000000001
871 0.03486814920294701 8.710000000000001
872 0.03486496576149697 8.720000000000001
873 0.0348639594161782 8.73
874 0.03486447232574709 8.74
875 0.03486178090524589 8.75
876 0.03485929435073622 8.76
877 0.03486019549158971 8.77
878 0.03485956871662944 8.779999999999999
879 0.03485629468406956 8.790000000000001
880 0.03485730951076062 8.800000000000001
881 0.03485536032568136 8.81
882 0.03484782200061205 8.82
883 0.03483472302336518 8.83
884 0.03483079771963339 8.84
885 0.03481778413081756 8.85
886 0.03481695041916812 8.859999999999999
887 0.03480558554549765 8.870000000000001
888 0.03480582156210102 8.880000000000001
889 0.03479216162846029 8.890000000000001
890 0.03479215824872166 8.9
891 0.0347817404822024 8.91
892 0.03477267535620022 8.92
893 0.03477495978608407 8.93
894 0.03476529501043058 8.94
895 0.03475624537523801 8.950000000000001
896 0.03474792744215249 8.960000000000001
897 0.03473965967829262 8.970000000000001
898 0.03473337607721323 8.98
899 0.0347317194372691 8.99
900 0.0347301200376769 9
901 0.0347353987027069 9.01
902 0.03472426290213077 9.02
903 0.034711617630174 9.029999999999999
904 0.03470474710821978 9.040000000000001
905 0.03470020297229896 9.050000000000001
906 0.03469669263433182 9.06
907 0.0346942943214765 9.07
908 0.03469259449539547 9.08
909 0.0346910072354454 9.09
910 0.03468969932870287 9.1
911 0.03468891305611336 9.109999999999999
912 0.03468851645817373 9.120000000000001
913 0.03468670177482726 9.130000000000001
914 0.03468725429776989 9.140000000000001
915 0.03468619035032821 9.15
916 0.03469689358737441 9.16
917 0.03469066911452721 9.17
918 0.03468363709891756 9.18
919 0.0346767962969747 9.19
920 0.03467192007348097 9.200000000000001
921 0.0346728850724048 9.210000000000001
922 0.03466130957863452 9.220000000000001
923 0.03464977236795828 9.23
924 0.03463893801153845 9.24
925 0.03463715529297694 9.25
926 0.03462795694797099 9.26
927 0.03461827325107904 9.27
928 0.03460926318850801 9.279999999999999
929 0.03460870435122636 9.290000000000001
930 0.03459785895984204 9.300000000000001
931 0.03459570548779353 9.31
932 0.03458354402991452 9.32
933 0.03458069212378879 9.33
934 0.03456860679423151 9.34
935 0.03456531221317546 9.35
936 0.03455155647552025 9.359999999999999
937 0.03454795274624489 9.370000000000001
938 0.03453758526202866 9.380000000000001
939 0.0345405279471627 9.390000000000001
940 0.034542501108617 9.4
941 0.03454239826048479 9.41
942 0.03453051376023079 9.42
943 0.03452873651398235 9.43
944 0.03452832714841016 9.44
945 0.03451803254862661 9.450000000000001
946 0.03451843688711011 9.460000000000001
947 0.03451770833228797 9.470000000000001
948 0.03450731536313684 9.48
949 0.03450351495026095 9.49
950 0.03449739119899285 9.5
951 0.03449494974468228 9.51
952 0.03448336595983925 9.52
953 0.0344822729373517 9.529999999999999
954 0.0344802649736091 9.540000000000001
955 0.03447012249066093 9.550000000000001
956 0.03447102185656412 9.56
957 0.03446977225893526 9.57
958 0.0344572278909018 9.58
959 0.03445312283501867 9.59
960 0.03444417618371437 9.6
961 0.03444415728568512 9.609999999999999
962 0.03443028191166349 9.620000000000001
963 0.03441868867312638 9.630000000000001
964 0.03441808745911219 9.640000000000001
965 0.03440817571323448 9.65
966 0.03439717564113368 9.66
967 0.03438753041278302 9.67
968 0.03438941823615901 9.68
969 0.03437683214222806 9.69
970 0.03436565500890262 9.700000000000001
971 0.03435563562115027 9.710000000000001
972 0.03434715947306738 9.720000000000001
973 0.03433965235929315 9.73
974 0.03433170719169765 9.74
975 0.03432618827470612 9.75
976 0.03433068804045498 9.76
977 0.03433212391548068 9.77
978 0.03433409630112558 9.779999999999999
979 0.03433253743879466 9.790000000000001
980 0.03432818488154125 9.800000000000001
981 0.03432155728239512 9.81
982 0.03431310254336819 9.82
983 0.03430340982575236 9.83
984 0.03429325517803736 9.84
985 0.03428395689245715 9.85
986 0.03428640817659542 9.859999999999999
987 0.0342788767975232 9.870000000000001
988 0.03427261257998045 9.880000000000001
989 0.03427572391398991 9.890000000000001
990 0.03426776007996473 9.9
991 0.03426814869442065 9.91
992 0.03425629199982357 9.92
993 0.03425337421358395 9.93
994 0.03424205159973929 9.94
995 0.03423692423861151 9.950000000000001
996 0.03422377432041853 9.960000000000001
997 0.03422437393558206 9.970000000000001
998 0.03421539347701422 9.98
999 0.03421303757540012 9.99
1000 0.03420336381484124 10
1001 0.03420353811390505 10.01
1002 0.03419324118252191 10.02
1003 0.0341891371873712 10.03
1004 0.03417932118380217 10.04
1005 0.03418344879016617 10.05
1006 0.03417408241806523 10.06
1007 0.03417097595205133 10.07
1008 0.03415776505097974 10.08
1009 0.03415390823196917 10.09
1010 0.03413791059313172 10.1
1011 0.03412153177904465 10.11
1012 0.03411916443600835 10.12
1013 0.03410772632946346 10.13
1014 0.03409920299567473 10.14
1015 0.03410718609962361 10.15
1016 0.03409776810635926 10.16
1017 0.03408903835332888 10.17
1018 0.03408331040678085 10.18
1019 0.03408500288654284 10.19
1020 0.03407307162360749 10.2
1021 0.03406224447846896 10.21
1022 0.03405130037264469 10.22
1023 0.03404482306115991 10.23
1024 0.03403443102819154 10.24
1025 0.03403879859479673 10.25
1026 0.03402746650850832 10.26
1027 0.03401978217230669 10.27
1028 0.03400959326839991 10.28
1029 0.03400850160960361 10.29
1030 0.03400289826144291 10.3
1031 0.03400992123445874 10.31
1032 0.03399850816839295 10.32
1033 0.03398857439663045 10.33
1034 0.03398054662253672 10.34
1035 0.0339719422708127 10.35
1036 0.03396488860373784 10.36
1037 0.03396088795608961 10.37
1038 0.03395572158846818 10.38
1039 0.03394913215378454 10.39
1040 0.03394162909102907 10.4
1041 0.0339394707191099 10.41
1042 0.03393785326206877 10.42
1043 0.03393323950839513 10.43
1044 0.03391898472750622 10.44
1045 0.03390555055377827 10.45
1046 0.03389105992191438 10.46
1047 0.03387859851544154 10.47
1048 0.03387201918743379 10.48
1049 0.03386787800511813 10.49
1050 0.03386624870962597 10.5
1051 0.03386483518592488 10.51
1052 0.03386248312548343 10.52
1053 0.03385991754830201 10.53
1054 0.03385682418272366 10.54
1055 0.03385354475734257 10.55
1056 0.03385058292948448 10.56
1057 0.03384225511718882 10.57
1058 0.03383063348713088 10.58
1059 0.03381963655954223 10.59
1060 0.0338141389603954 10.6
1061 0.03380965959331621 10.61
1062 0.03380588538184594 10.62
1063 0.0338060644394395 10.63
1064 0.03380046715157489 10.64
1065 0.03379451211054636 10.65
1066 0.03378885176967018 10.66
1067 0.03379382530224623 10.67
1068 0.03378568691766235 10.68
1069 0.03377727297256881 10.69
1070 0.03376735191773734 10.7
1071 0.03376913613821884 10.71
1072 0.03376316936879976 10.72
1073 0.03375794603678406 10.73
1074 0.03375946368744715 10.74
1075 0.03374916179089343 10.75
1076 0.03374344012571483 10.76
1077 0.03373135267225359 10.77
1078 0.0337305278593678 10.78
1079 0.03372132170858928 10.79
1080 0.03372032805588313 10.8
1081 0.03371324712339847 10.81
1082 0.03370474803364946 10.82
1083 0.03370212626526518 10.83
1084 0.0336918031544521 10.84
1085 0.0336822968502807 10.85
1086 0.03367115554188304 10.86
1087 0.03367061391248352 10.87
1088 0.03366219586471525 10.88
1089 0.03365524376118716 10.89
1090 0.03364777537738102 10.9
1091 0.03364884201752743 10.91
1092 0.03363724716459399 10.92
1093 0.03362306867355904 10.93
1094 0.03361406571347098 10.94
1095 0.03360805237618511 10.95
1096 0.03360338963105443 10.96
1097 0.03360035561415989 10.97
1098 0.03359731813591612 10.98
1099 0.03359442040844183 10.99
1100 0.03359526027912056 11
1101 0.03359812655444228 11.01
1102 0.03359829700152374 11.02
1103 0.03359671120511749 11.03
1104 0.03359299091706074 11.04
1105 0.03358625546417604 11.05
1106 0.03357630551433102 11.06
1107 0.03356535859446649 11.07
1108 0.03355362798357975 11.08
1109 0.0335440561326595 11.09
1110 0.03353831972674277 11.1
1111 0.03353333138697165 11.11
1112 0.03352753317582934 11.12
1113 0.03352342411749458 11.13
1114 0.03351970042922587 11.14
1115 0.03351708139719791 11.15
1116 0.03351179471280085 11.16
1117 0.03350922216633979 11.17
1118 0.03350570485164459 11.18
1119 0.03350077221013176 11.19
1120 0.03349527624910854 11.2
1121 0.03349882180359465 11.21
1122 0.03349271648255941 11.22
1123 0.03348553932328879 11.23
1124 0.0334739891832492 11.24
1125 0.0334657243649806 11.25
1126 0.03346460789462637 11.26
1127 0.0334748378690396 11.27
1128 0.03347143112332953 11.28
1129 0.03346709483663516 11.29
1130 0.03346183245969112 11.3
1131 0.03345636413499622 11.31
1132 0.03345945409598398 11.32
1133 0.03345557595177325 11.33
1134 0.03344400359944608 11.34
1135 0.03343215861595768 11.35
1136 0.03342181290988842 11.36
1137 0.03342114866029788 11.37
1138 0.03341276388132167 11.38
1139 0.03340524041149866 11.39
1140 0.03339809790338116 11.4
1141 0.03339150671255221 11.41
1142 0.03338660075677252 11.42
1143 0.03337908562037232 11.43
1144 0.03337461905085773 11.44
1145 0.03337112725239141 11.45
1146 0.03337106018462157 11.46
1147 0.03337779407064227 11.47
1148 0.03337202035012822 11.48
1149 0.03336446243001345 11.49
1150 0.03335525781430743 11.5
1151 0.03334760924566159 11.51
1152 0.03333059406586173 11.52
1153 0.03331919227850634 11.53
1154 0.03330877504740574 11.54
1155 0.03329901062858133 11.55
1156 0.03329106643371705 11.56
1157 0.03328474143937366 11.57
1158 0.03328008785162423 11.58
1159 0.03327927880657026 11.59
1160 0.03327876105932116 11.6
1161 0.03327758361065983 11.61
1162 0.03327552286569518 11.62
1163 0.03327240624147496 11.63
1164 0.033268285402488 11.64
1165 0.03326283157151364 11.65
1166 0.03325549673633308 11.66
1167 0.03324664946082183 11.67
1168 0.03323883872827965 11.68
1169 0.03322856730928501 11.69
1170 0.03321936120075974 11.7
1171 0.03321253377128034 11.71
1172 0.03320419124738506 11.72
1173 0.0331966751676377 11.73
1174 0.03319181229049535 11.74
1175 0.0331912016177749 11.75
1176 0.03319000039357443 11.76
1177 0.03318666553862016 11.77
1178 0.03318200369402047 11.78
1179 0.03317630161312108 11.79
1180 0.03316840501330601 11.8
1181 0.03315784623342911 11.81
1182 0.03314824305901239 11.82
1183 0.03313780206663105 11.83
1184 0.03312875647588811 11.84
1185 0.03311926807999478 11.85
1186 0.03311035578208534 11.86
1187 0.03310213540672177 11.87
1188 0.03309450327395887 11.88
1189 0.03308869356088402 11.89
1190 0.03308352932087281 11.9
1191 0.03308162253805792 11.91
1192 0.03307936671778271 11.92
1193 0.03307988513743039 11.93
1194 0.03308043048024917 11.94
1195 0.03308024736693874 11.95
1196 0.03307872731582333 11.96
1197 0.03307330122303532 11.97
1198 0.03307134100938808 11.98
1199 0.03306414037441696 11.99
1200 0.03305880214704341 12
1201 0.03305448385254756 12.01
1202 0.03304793657109049 12.02
1203 0.03304014267509512 12.03
1204 0.0330303442299451 12.04
1205 0.03302356921656739 12.05
1206 0.03301724770690702 12.06
1207 0.03301233171367529 12.07
1208 0.03300408829493491 12.08
1209 0.03299886223857996 12.09
1210 0.03299460173148951 12.1
1211 0.03298797971043235 12.11
1212 0.03298525473122862 12.12
1213 0.03298163118180442 12.13
1214 0.03298623302021601 12.14
1215 0.03298038030463096 12.15
1216 0.032973665592462 12.16
1217 0.03296173119092543 12.17
1218 0.03295746364048314 12.18
1219 0.03294680728979332 12.19
1220 0.03293718091090864 12.2
1221 0.03292813597895038 12.21
1222 0.03292881012627769 12.22
1223 0.03292616695858705 12.23
1224 0.03292248166454378 12.24
1225 0.03291714966550239 12.25
1226 0.03291383122849382 12.26
1227 0.03290738766875488 12.27
1228 0.03290203978202676 12.28
1229 0.03289618764777291 12.29
1230 0.03289533122925811 12.3
1231 0.03289505753565034 12.31
1232 0.0328966256926727 12.32
1233 0.03289795997312753 12.33
1234 0.03289946345559129 12.34
1235 0.03290043353220963 12.35
1236 0.03289569859325862 12.36
1237 0.03289188569215771 12.37
1238 0.03289041147934976 12.38
1239 0.0328856433687998 12.39
1240 0.03289674677986705 12.4
1241 0.03289911940188756 12.41
1242 0.0328964263195798 12.42
1243 0.03289344622955492 12.43
1244 0.03289051366257822 12.44
1245 0.03288804961146521 12.45
1246 0.03288416599438912 12.46
1247 0.03288501820487059 12.47
1248 0.03288651201800389 12.48
1249 0.03288864608673625 12.49
1250 0.03289091268408335 12.5
1251 0.03289624066332816 12.51
1252 0.03290089896128808 12.52
1253 0.03290304436909762 12.53
1254 0.032905648879119 12.54
1255 0.0329102294913123 12.55
1256 0.03291498771994818 12.56
1257 0.03291894141284217 12.57
1258 0.03292489511507626 12.58
1259 0.03293454942387047 12.59
1260 0.0329415760271303 12.6
1261 0.0329474387586047 12.61
1262 0.03295152181820594 12.62
1263 0.03295462692730058 12.63
1264 0.03295613811549097 12.64
1265 0.0329570671119802 12.65
1266 0.03295768535976375 12.66
1267 0.03295801475666003 12.67
1268 0.03295828708668745 12.68
1269 0.03295870301492162 12.69
1270 0.03296029764748606 12.7
1271 0.0329664742945739 12.71
1272 0.03297180744376935 12.72
1273 0.03297604586640253 12.73
1274 0.03297411942250814 12.74
1275 0.03297200658287918 12.75
1276 0.03297011962410611 12.76
1277 0.03296420569609958 12.77
1278 0.03296549443135217 12.78
1279 0.03296327589615539 12.79
1280 0.03296253605643975 12.8
1281 0.03296445682012587 12.81
1282 0.03296715803266815 12.82
1283 0.03297380328334884 12.83
1284 0.03297161031071102 12.84
1285 0.03297144522926357 12.85
1286 0.03297100138145592 12.86
1287 0.0329693599805088 12.87
1288 0.03296600991310985 12.88
1289 0.0329623956229442 12.89
1290 0.03295973495611814 12.9
1291 0.03295883295772451 12.91
1292 0.03295874806203412 12.92
1293 0.03295841357399238 12.93
1294 0.03295245743614079 12.94
1295 0.03294722194316096 12.95
1296 0.03294796121790967 12.96
1297 0.03294256868749488 12.97
1298 0.0329431620006493 12.98
1299 0.03294895876158559 12.99
1300 0.03295186713113577 13
1301 0.0329514156140293 13.01
1302 0.03294974368691685 13.02
1303 0.03294489124638541 13.03
1304 0.03293132984153789 13.04
1305 0.03291737116275538 13.05
1306 0.03290330475408109 13.06
1307 0.03289070091377606 13.07
1308 0.03287942409996001 13.08
1309 0.03287571978350905 13.09
1310 0.03286490535998058 13.1
1311 0.03286404391936086 13.11
1312 0.03285467907890597 13.12
1313 0.03284519452083671 13.13
1314 0.03283477035683335 13.14
1315 0.03282368242787796 13.15
1316 0.03280780270135342 13.16
1317 0.0327994783695253 13.17
1318 0.03278722461718589 13.18
1319 0.03277691699605836 13.19
1320 0.03276910849876122 13.2
1321 0.03276448358910699 13.21
1322 0.03274789722998424 13.22
1323 0.03273855201397535 13.23
1324 0.03273252581810362 13.24
1325 0.03271871361551333 13.25
1326 0.03270119784817801 13.26
1327 0.03268488849163698 13.27
1328 0.0326686624122136 13.28
1329 0.03265663293349617 13.29
1330 0.03264686793841889 13.3
1331 0.03262902981385537 13.31
1332 0.03260928956105696 13.32
1333 0.03259227339123143 13.33
1334 0.03257955076069019 13.34
1335 0.03256386340593621 13.35
1336 0.03255267341818208 13.36
1337 0.03253592949605983 13.37
1338 0.03251674010814094 13.38
1339 0.03251508351012843 13.39
1340 0.03251729181645838 13.4
1341 0.03251551563879927 13.41
1342 0.03251415794183293 13.42
1343 0.03250687302934668 13.43
1344 0.03251239656901884 13.44
1345 0.03250981468414713 13.45
1346 0.03250158690743184 13.46
1347 0.03249119993379698 13.47
1348 0.03249732926435342 13.48
1349 0.03250174939398649 13.49
1350 0.03250498266656373 13.5
1351 0.03251940373591044 13.51
1352 0.0325155434769903 13.52
1353 0.03249639891500346 13.53
1354 0.03249786136843793 13.54
1355 0.03249253480459423 13.55
1356 0.03248564542303782 13.56
1357 0.03249501805248352 13.57
1358 0.03251321819624374 13.58
1359 0.03250524096503524 13.59
1360 0.03251289679409949 13.6
1361 0.03251686345211186 13.61
1362 0.03250953769137178 13.62
1363 0.03250513956912904 13.63
1364 0.03250094720703934 13.64
1365 0.03249488562176644 13.65
1366 0.03249069102916755 13.66
1367 0.03248454278847727 13.67
1368 0.03248975125025493 13.68
1369 0.03250570252032205 13.69
1370 0.03250213605316471 13.7
1371 0.03250090139258374 13.71
1372 0.03249866940849377 13.72
1373 0.03250599536545404 13.73
1374 0.03250755892726653 13.74
1375 0.03249856930889057 13.75
1376 0.03250195097587277 13.76
1377 0.03249142408250482 13.77
1378 0.03247119127939196 13.78
1379 0.03246929773327902 13.79
1380 0.03245169201913294 13.8
1381 0.03240920775753407 13.81
1382 0.03237084455852076 13.82
1383 0.03231610171630798 13.83
1384 0.03227020849194171 13.84
1385 0.03223044329171192 13.85
1386 0.03220105298629987 13.86
1387 0.03219027570179055 13.87
1388 0.03217178773913629 13.88
1389 0.03213943299625283 13.89
1390 0.03208628460332851 13.9
1391 0.03204528601492819 13.91
1392 0.03199689909680581 13.92
1393 0.03192909600222992 13.93
1394 0.03192647663136636 13.94
1395 0.03192770452881435 13.95
1396 0.03190044231309237 13.96
1397 0.03186547910885313 13.97
1398 0.03180855406368938 13.98
1399 0.0317573851531913 13.99
1400 0.03169001433447619 14
1401 0.03162821256824117 14.01
1402 0.03152004275661258 14.02
1403 0.03146134764821669 14.03
1404 0.03143681908915451 14.04
1405 0.03141242263568541 14.05
1406 0.0313869792253414 14.06
1407 0.03135596952077567 14.07
1408 0.03128856153273669 14.08
1409 0.03124735757049115 14.09
1410 0.03117185842616213 14.1
1411 0.0311207657241931 14.11
1412 0.03104277590457218 14.12
1413 0.03100148187319141 14.13
1414 0.03097347190976324 14.14
1415 0.03092957045776881 14.15
1416 0.03092001932802287 14.16
1417 0.03086177568262365 14.17
1418 0.03083943181684843 14.18
1419 0.03079287639025098 14.19
1420 0.03076864546299179 14.2
1421 0.03073310450534224 14.21
1422 0.03071124513815519 14.22
1423 0.0307095282768668 14.23
1424 0.03068112540745538 14.24
1425 0.03065805766087789 14.25
1426 0.03063038455034509 14.26
1427 0.03062127616667604 14.27
1428 0.03060275788371224 14.28
1429 0.03055987240628153 14.29
1430 0.03054035030854741 14.3
1431 0.03049696143623278 14.31
1432 0.03049546935347603 14.32
1433 0.03053089705508514 14.33
1434 0.03053478976008672 14.34
1435 0.03055499996833324 14.35
1436 0.03055016298987479 14.36
1437 0.03055892266320749 14.37
1438 0.03058695224954093 14.38
1439 0.0306077551983969 14.39
1440 0.03066866296487464 14.4
1441 0.03069783227918408 14.41
1442 0.03066376469128144 14.42
1443 0.03064046501717124 14.43
1444 0.03064026009153941 14.44
1445 0.03063420542971991 14.45
1446 0.03061814444714047 14.46
1447 0.03061843460705021 14.47
1448 0.03065239034703206 14.48
1449 0.03068550747593862 14.49
1450 0.03070580512129708 14.5
1451 0.0307573391820779 14.51
1452 0.03078824177554613 14.52
1453 0.0308310445819069 14.53
1454 0.03087849220921011 14.54
1455 0.03090480838194522 14.55
1456 0.03088498582437557 14.56
1457 0.03089609928416 14.57
1458 0.03088737447914488 14.58
1459 0.03086184551277292 14.59
1460 0.03084271405603284 14.6
1461 0.03083448064029798 14.61
1462 0.03078821598919681 14.62
1463 0.03076081630181238 14.63
1464 0.0307426431324865 14.64
1465 0.03078004125977326 14.65
1466 0.03077348025711323 14.66
1467 0.03078320476878127 14.67
1468 0.03077953212309759 14.68
1469 0.03077413500779014 14.69
1470 0.03076223462839616 14.7
1471 0.03073718235710964 14.71
1472 0.03071553102008903 14.72
1473 0.03067210593498709 14.73
1474 0.03061950887169167 14.74
1475 0.03058535900011644 14.75
1476 0.03049521612598932 14.76
1477 0.03041562020335176 14.77
1478 0.03041125520589847 14.78
1479 0.03036987217602269 14.79
1480 0.03035290859475846 14.8
1481 0.03028941751650439 14.81
1482 0.03022744627861376 14.82
1483 0.03022841487935284 14.83
1484 0.03024758843431054 14.84
1485 0.03022725010130738 14.85
1486 0.0300976048001046 14.86
1487 0.03011671681113441 14.87
1488 0.03000436485980997 14.88
1489 0.02993184179339863 14.89
1490 0.02991026087272165 14.9
1491 0.02992233182577463 14.91
1492 0.02992384983790635 14.92
1493 0.02989860269624625 14.93
1494 0.02986135123000963 14.94
1495 0.02986215169365349 14.95
1496 0.02982627866846953 14.96
1497 0.02980399194347066 14.97
1498 0.02972945916350343 14.98
1499 0.02972070277135616 14.99
1500 0.02970941925243627 15
1501 0.02970938400577446 15.01
1502 0.02962893302723003 15.02
1503 0.02965356968841878 15.03
1504 0.02967998701977494 15.04
1505 0.02966244054126103 15.05
1506 0.02969481897935027 15.06
1507 0.0297945450745301 15.07
1508 0.02986087831477511 15.08
1509 0.02991963200526105 15.09
1510 0.0299268338905425 15.1
1511 0.02989126898077042 15.11
1512 0.02986482972212134 15.12
1513 0.02988341080973268 15.13
1514 0.02996690087661156 15.14
1515 0.02996565577821968 15.15
1516 0.02996999510373024 15.16
1517 0.0300165319448771 15.17
1518 0.03010959677249471 15.18
1519 0.03027165451877512 15.19
1520 0.03031347021202621 15.2
1521 0.03032861323384102 15.21
1522 0.03035841163093752 15.22
1523 0.03040432938540228 15.23
1524 0.03045062092382855 15.24
1525 0.03050745436924273 15.25
1526 0.03054107937305309 15.26
1527 0.03066233261661221 15.27
1528 0.03070576901136186 15.28
1529 0.03075102769195196 15.29
1530 0.03077305383575776 15.3
1531 0.03082265771926145 15.31
1532 0.03085380685794714 15.32
1533 0.030826181736121 15.33
1534 0.03083741807727809 15.34
1535 0.03093449440911609 15.35
1536 0.030948972297659 15.36
1537 0.03103819220846628 15.37
1538 0.03107664998425106 15.38
1539 0.03115659759764717 15.39
1540 0.03121342203860928 15.4
1541 0.03121957461412979 15.41
1542 0.03122993619017749 15.42
1543 0.03126770888939617 15.43
1544 0.031266154929932 15.44
1545 0.03129011133341407 15.45
1546 0.03124990007458942 15.46
1547 0.03126559697664717 15.47
1548 0.03121896636520602 15.48
1549 0.03123976469266248 15.49
1550 0.03130182322915546 15.5
1551 0.03137977950664789 15.51
1552 0.03139736703252217 15.52
1553 0.03137978306421493 15.53
1554 0.03141342940815271 15.54
1555 0.03139450280234458 15.55
1556 0.03138993828873152 15.56
1557 0.03133552431898464 15.57
1558 0.03131100919593916 15.58
1559 0.03130296434628457 15.59
1560 0.03129472607345227 15.6
1561 0.03122224842305881 15.61
1562 0.03117537805712978 15.62
1563 0.03120093783379527 15.63
1564 0.03114204846175438 15.64
1565 0.03119280173135151 15.65
1566 0.03131830292966624 15.66
1567 0.03135824462717531 15.67
1568 0.03145527347073378 15.68
1569 0.03142097626843254 15.69
1570 0.0313821510341 15.7
1571 0.03131733399498226 15.71
1572 0.03118784080546581 15.72
1573 0.03115347971204564 15.73
1574 0.03110789778831809 15.74
1575 0.03111036150005441 15.75
1576 0.03113116114205971 15.76
1577 0.03112162455195213 15.77
1578 0.0311419159469221 15.78
1579 0.03117982282360704 15.79
1580 0.03125206021967593 15.8
1581 0.03130629681243115 15.81
1582 0.03136342184525414 15.82
1583 0.03139194241425217 15.83
1584 0.03141074311072636 15.84
1585 0.03139065472919919 15.85
1586 0.03137672639236087 15.86
1587 0.03137123066635136 15.87
1588 0.03136398952660818 15.88
1589 0.03135883397482542 15.89
1590 0.03136645768386485 15.9
1591 0.03145645382649311 15.91
1592 0.03152708445806942 15.92
1593 0.03153838332080353 15.93
1594 0.0314914796610101 15.94
1595 0.03141888516753128 15.95
1596 0.03139688594340606 15.96
1597 0.03135040305266044 15.97
1598 0.03135204887657363 15.98
1599 0.03137104419282482 15.99
1600 0.03140788423643302 16
1601 0.03144437473729671 16.01
1602 0.03154386650508577 16.02
1603 0.03158328524086227 16.03
1604 0.03161748721518366 16.04
1605 0.03166025526590254 16.05
1606 0.03170931123279502 16.06
1607 0.03173578968755471 16.07
1608 0.03174992701398287 16.08
1609 0.03177000132280916 16.09
1610 0.03173808669038633 16.1
1611 0.03174034133149593 16.11
1612 0.0317409863752283 16.12
1613 0.03177427581787858 16.13
1614 0.03172816095237663 16.14
1615 0.03171190442803453 16.15
1616 0.03175270732361336 16.16
1617 0.03175244233335916 16.17
1618 0.03174258660373624 16.18
1619 0.03176550269142582 16.19
1620 0.03177694128154188 16.2
1621 0.03184389881801433 16.21
1622 0.03186168044827941 16.22
1623 0.03188771121630913 16.23
1624 0.03190292364500425 16.24
1625 0.03189998751284773 16.25
1626 0.03195864382520371 16.26
1627 0.03199900137252975 16.27
1628 0.03200960283077219 16.28
1629 0.03202165091941176 16.29
1630 0.03204821351604916 16.3
1631 0.03208159644452694 16.31
1632 0.03211101201035286 16.32
1633 0.03211789923296188 16.33
1634 0.03213195858384694 16.34
1635 0.03212929711476566 16.35
1636 0.03212427520908928 16.36
1637 0.03210987392459245 16.37
1638 0.03208662317882684 16.38
1639 0.03207269403805631 16.39
1640 0.03204656887105332 16.4
1641 0.03203833509947716 16.41
1642 0.0320245412066133 16.42
1643 0.03205904652667789 16.43
1644 0.03210456224350462 16.44
1645 0.03211025080130184 16.45
1646 0.03214302310315123 16.46
1647 0.03218795706228956 16.47
1648 0.03219334656877891 16.48
1649 0.03219424408228393 16.49
1650 0.03222087802626626 16.5
1651 0.03227295876129035 16.51
1652 0.03230997229215377 16.52
1653 0.03232518775007164 16.53
1654 0.03234402317191569 16.54
1655 0.03235212805106107 16.55
1656 0.03237134916685256 16.56
1657 0.03237317308672727 16.57
1658 0.03237370244924993 16.58
1659 0.03236112274771717 16.59
1660 0.03234017121972075 16.6
1661 0.03231259477968162 16.61
1662 0.03226915098520948 16.62
1663 0.03227277968694827 16.63
1664 0.03227253519286042 16.64
1665 0.03230013276434925 16.65
1666 0.03230843804499118 16.66
1667 0.03232591230417241 16.67
1668 0.03239023794516219 16.68
1669 0.0324529216036751 16.69
1670 0.03249449892573109 16.7
1671 0.0325652086030828 16.71
1672 0.03258652035952679 16.72
1673 0.03267136725303818 16.73
1674 0.0327123252395245 16.74
1675 0.03274197539252593 16.75
1676 0.03276411698329432 16.76
1677 0.03278967699755278 16.77
1678 0.0327900919278113 16.78
1679 0.03282812056349121 16.79
1680 0.03290721848462442 16.8
1681 0.03296889303479805 16.81
1682 0.03303213676402907 16.82
1683 0.03308724372376386 16.83
1684 0.0331101268274911 16.84
1685 0.03314201562482699 16.85
1686 0.03317010322309642 16.86
1687 0.03321441075621717 16.87
1688 0.03328692596081773 16.88
1689 0.03337300665910654 16.89
1690 0.03345676847020567 16.9
1691 0.03356057469283302 16.91
1692 0.03364413558187113 16.92
1693 0.03371602000868297 16.93
1694 0.03379599915701945 16.94
1695 0.03386912685952647 16.95
1696 0.03394647693743038 16.96
1697 0.03403190960188104 16.97
1698 0.0340784188574122 16.98
1699 0.0341252070218061 16.99
1700 0.03419105226768823 17
1701 0.03425749243091886 17.01
1702 0.03431116902854663 17.02
1703 0.03437632675759737 17.03
1704 0.03441763686471239 17.04
1705 0.03448134758428691 17.05
1706 0.03457992176853549 17.06
1707 0.03460846217380571 17.07
1708 0.0346998595451853 17.08
1709 0.03476031696483754 17.09
1710 0.03478717814691131 17.1
1711 0.03483500009882321 17.11
1712 0.03487040204453792 17.12
1713 0.03487116465539631 17.13
1714 0.03491098083157645 17.14
1715 0.03494171008693467 17.15
1716 0.0349884029400695 17.16
1717 0.035055233715849 17.17
1718 0.035084134982896 17.18
1719 0.03510613387024506 17.19
1720 0.03512224928135962 17.2
1721 0.03513379350713144 17.21
1722 0.03512144882599844 17.22
1723 0.03511218100796454 17.23
1724 0.03508617414299211 17.24
1725 0.03502538859912643 17.25
1726 0.03499877328356564 17.26
1727 0.03497613247821127 17.27
1728 0.03496703260352137 17.28
1729 0.03498084456704628 17.29
1730 0.03501590050405511 17.3
1731 0.03505163490631819 17.31
1732 0.03506722775050546 17.32
1733 0.0351153991198155 17.33
1734 0.03516053832133705 17.34
1735 0.03518938921048524 17.35
1736 0.03518305013701056 17.36
1737 0.03517502235956287 17.37
1738 0.03517796311887238 17.38
1739 0.03518570668173909 17.39
1740 0.03514250713698984 17.4
1741 0.03511856859944283 17.41
1742 0.03507356652336101 17.42
1743 0.03506066444741199 17.43
1744 0.03510931930400697 17.44
1745 0.03514972094226378 17.45
1746 0.03519705559620874 17.46
1747 0.03523681509114651 17.47
1748 0.03526709684465289 17.48
1749 0.03529297217333298 17.49
1750 0.03532379533117826 17.5
1751 0.03538583879271097 17.51
1752 0.03547313165727894 17.52
1753 0.03551597681470798 17.53
1754 0.03557386375410646 17.54
1755 0.03563379506412315 17.55
1756 0.03565367085120279 17.56
1757 0.03570534699847224 17.57
1758 0.03580624161492781 17.58
1759 0.0358775154762188 17.59
1760 0.03596173990017179 17.6
1761 0.03603921052582999 17.61
1762 0.03610302627194891 17.62
1763 0.03615317431884728 17.63
1764 0.0361559503666264 17.64
1765 0.03615738761447606 17.65
1766 0.03619676103439011 17.66
1767 0.03624009837316915 17.67
1768 0.03626138182398405 17.68
1769 0.03627175954918656 17.69
1770 0.03628565691105003 17.7
1771 0.03629807345046712 17.71
1772 0.03634058110118002 17.72
1773 0.03636665725084359 17.73
1774 0.03634406516756647 17.74
1775 0.03634482507146358 17.75
1776 0.03632898818770283 17.76
1777 0.03633812737897413 17.77
1778 0.03633534031978294 17.78
1779 0.03636401800913051 17.79
1780 0.03639189226481852 17.8
1781 0.03643902531173182 17.81
1782 0.03648872315431397 17.82
1783 0.0365227333615778 17.83
1784 0.0365322108921017 17.84
1785 0.036513495162071 17.85
1786 0.03649551848167852 17.86
1787 0.03645004468233855 17.87
1788 0.03643002644467855 17.88
1789 0.03641518971419777 17.89
1790 0.03640682936070495 17.9
1791 0.03635700767016181 17.91
1792 0.03629863442391294 17.92
1793 0.03625487741658989 17.93
1794 0.03624155380981382 17.94
1795 0.03626142885144954 17.95
1796 0.03628655302648374 17.96
1797 0.03630725294259614 17.97
1798 0.03639243512364256 17.98
1799 0.03641503792163192 17.99
1800 0.03640936060734571 18
1801 0.03637507534014098 18.01
1802 0.03633135081295038 18.02
1803 0.03626790061715303 18.03
1804 0.03620545368892262 18.04
1805 0.0361757709782222 18.05
1806 0.03612909649972802 18.06
1807 0.03611123619343683 18.07
1808 0.03609411617027259 18.08
1809 0.03607307724621288 18.09
1810 0.03602673704346009 18.1
1811 0.03603852374858962 18.11
1812 0.0360564733959217 18.12
1813 0.03605685419275668 18.13
1814 0.03607592991653571 18.14
1815 0.03609210122655614 18.15
1816 0.0361139984220477 18.16
1817 0.03612072866726011 18.17
1818 0.03613514466436516 18.18
1819 0.03613231988554032 18.19
1820 0.03613257559999723 18.2
1821 0.03614868475643105 18.21
1822 0.03617338842503394 18.22
1823 0.03619829450182002 18.23
1824 0.03622156358810101 18.24
1825 0.03623756340512556 18.25
1826 0.03626872019352129 18.26
1827 0.03628399686079096 18.27
1828 0.03629156570034021 18.28
1829 0.03623413726704364 18.29
1830 0.03617704635461653 18.3
1831 0.03617359572445023 18.31
1832 0.03617622284148574 18.32
1833 0.03617389687311493 18.33
1834 0.0361803816809963 18.34
1835 0.03612834360546997 18.35
1836 0.03613679103602545 18.36
1837 0.03612451243457392 18.37
1838 0.03612051087199616 18.38
1839 0.0360908362409767 18.39
1840 0.03606724185244721 18.4
1841 0.03602962897775686 18.41
1842 0.03603357579492541 18.42
1843 0.03603888101898776 18.43
1844 0.03602291208536901 18.44
1845 0.0359971770352115 18.45
1846 0.03596658576019948 18.46
1847 0.03597159631202251 18.47
1848 0.03594474208450413 18.48
1849 0.03588250608706653 18.49
1850 0.03586400665852237 18.5
1851 0.03581703022082455 18.51
1852 0.035742293179184 18.52
1853 0.03565256764673006 18.53
1854 0.03557576450352573 18.54
1855 0.03552249019055595 18.55
1856 0.03546171476091926 18.56
1857 0.03539753823197928 18.57
1858 0.03534569500040541 18.58
1859 0.03529340257691051 18.59
1860 0.03523740910741776 18.6
1861 0.03519973454900261 18.61
1862 0.03515402010758037 18.62
1863 0.0351107810063863 18.63
1864 0.03507288632470007 18.64
1865 0.03503438792267321 18.65
1866 0.03499669815462309 18.66
1867 0.03495171918874958 18.67
1868 0.03490642688124333 18.68
1869 0.03487921554080136 18.69
1870 0.03485946148099289 18.7
1871 0.03482720501594548 18.71
1872 0.03478761483966068 18.72
1873 0.03472053465882985 18.73
1874 0.03466541592217815 18.74
1875 0.03461064191780734 18.75
1876 0.03455178209625655 18.76
1877 0.03449220732828082 18.77
1878 0.03443217828609141 18.78
1879 0.03436875439407928 18.79
1880 0.03431151938245666 18.8
1881 0.03427177771321737 18.81
1882 0.03422569194188321 18.82
1883 0.03419413563487832 18.83
1884 0.03417280876370253 18.84
1885 0.03416450260092061 18.85
1886 0.03415513989561205 18.86
1887 0.03414084698813043 18.87
1888 0.03414821504309225 18.88
1889 0.03415950568779923 18.89
1890 0.03412658917020454 18.9
1891 0.03406157962538691 18.91
1892 0.03400815279406468 18.92
1893 0.03396489842493922 18.93
1894 0.03392008322691675 18.94
1895 0.03390223457742633 18.95
1896 0.03383972877875712 18.96
1897 0.03382012132901147 18.97
1898 0.03379907720280644 18.98
1899 0.03377222958951358 18.99
1900 0.03374834754708723 19
1901 0.0337251598787101 19.01
1902 0.03367762764151715 19.02
1903 0.03364257420839042 19.03
1904 0.03360471592081105 19.04
1905 0.03356177697140871 19.05
1906 0.03352245904305541 19.06
1907 0.03347185037574855 19.07
1908 0.03341764544820663 19.08
1909 0.03337924869882478 19.09
1910 0.03330760827135146 19.1
1911 0.03327364976528884 19.11
1912 0.03322179367551192 19.12
1913 0.03317619172656935 19.13
1914 0.03313657407952898 19.14
1915 0.03308936965606905 19.15
1916 0.0330651274803121 19.16
1917 0.0330399224403315 19.17
1918 0.03299809692961966 19.18
1919 0.03297175296043996 19.19
1920 0.03293197297050018 19.2
1921 0.03289429735835887 19.21
1922 0.03285549726705203 19.22
1923 0.03282055642085529 19.23
1924 0.03279161594286192 19.24
1925 0.03274023436479562 19.25
1926 0.03270374940648038 19.26
1927 0.03265200307657094 19.27
1928 0.03257793073677307 19.28
1929 0.03252029340649341 19.29
1930 0.03247438169454603 19.3
1931 0.03242167381567834 19.31
1932 0.03237506735654053 19.32
1933 0.0323392299702005 19.33
1934 0.03231623600545312 19.34
1935 0.032292381160498 19.35
1936 0.03224812635361261 19.36
1937 0.03222374764593261 19.37
1938 0.03219050897907891 19.38
1939 0.03216165700325851 19.39
1940 0.03213516101066378 19.4
1941 0.03210875735349195 19.41
1942 0.03208637506264528 19.42
1943 0.03205308492039427 19.43
1944 0.03202797537681405 19.44
1945 0.03198770023682369 19.45
1946 0.03195086562162999 19.46
1947 0.03194331203152059 19.47
1948 0.0319184045738372 19.48
1949 0.03191536256263913 19.49
1950 0.03189377815304099 19.5
1951 0.03187848617775527 19.51
1952 0.03185933677981934 19.52
1953 0.03183563346937236 19.53
1954 0.03181075990095365 19.54
1955 0.03178940665845094 19.55
1956 0.03176957713767473 19.56
1957 0.03173937857856284 19.57
1958 0.03170762129561894 19.58
1959 0.03167031039737003 19.59
1960 0.03161944927170319 19.6
1961 0.03157013094477588 19.61
1962 0.03153320595319405 19.62
1963 0.03152616026881701 19.63
1964 0.03154499084194772 19.64
1965 0.0315416984621878 19.65
1966 0.03149004388624244 19.66
1967 0.03145923271340565 19.67
1968 0.03141910353941822 19.68
1969 0.03140277917678461 19.69
1970 0.03138235329859414 19.7
1971 0.0313841289785533 19.71
1972 0.03134871138806897 19.72
1973 0.03130768976515843 19.73
1974 0.03126285887729401 19.74
1975 0.03121570189345467 19.75
1976 0.0311778756611383 19.76
1977 0.03113681474189673 19.77
1978 0.03110137812631798 19.78
1979 0.03107418146300447 19.79
1980 0.03104870599443876 19.8
1981 0.03102078916914315 19.81
1982 0.03101920908622504 19.82
1983 0.03101297116054876 19.83
1984 0.03099203164126911 19.84
1985 0.03097610019853435 19.85
1986 0.03094979621791208 19.86
1987 0.03091688920252867 19.87
1988 0.03086890258494402 19.88
1989 0.0308476985832157 19.89
1990 0.03083041982839925 19.9
1991 0.03081179700564939 19.91
1992 0.03079408759286531 19.92
1993 0.03077079374042284 19.93
1994 0.03076017136861541 19.94
1995 0.03075161224413124 19.95
1996 0.030740534632133 19.96
1997 0.03074833913015568 19.97
1998 0.03076828561473494 19.98
1999 0.0307741466370917 19.99
2000 0.03075614473521036 20
2001 0.03074851005522932 20.01
2002 0.03071420367463172 20.02
2003 0.03067053425663896 20.03
2004 0.03065800039244107 20.04
2005 0.03067178885864305 20.05
2006 0.03064605813964709 20.06
2007 0.03063474681045005 20.07
2008 0.03062310314551867 20.08
2009 0.03060999552904156 20.09
2010 0.03059700606100629 20.1
2011 0.0305843616838628 20.11
2012 0.03056693879100903 20.12
2013 0.03055754750602738 20.13
2014 0.03056529005343347 20.14
2015 0.03058064526357628 20.15
2016 0.03059634828324471 20.16
2017 0.03060732518263762 20.17
2018 0.03059495228471996 20.18
2019 0.0305861952908942 20.19
2020 0.03054554134099442 20.2
2021 0.03049424377148939 20.21
2022 0.03045938745680033 20.22
2023 0.03043593751993791 20.23
2024 0.03041675503586624 20.24
2025 0.03038769407991181 20.25
2026 0.03036729265449902 20.26
2027 0.03034311357527966 20.27
2028 0.03030826660030389 20.28
2029 0.03034897196250259 20.29
2030 0.03038964380332345 20.3
2031 0.03042953325429901 20.31
2032 0.03046719049456633 20.32
2033 0.03045606621539925 20.33
2034 0.03042572269159966 20.34
2035 0.03044443773282563 20.35
2036 0.03045277145052312 20.36
2037 0.03044045172312253 20.37
2038 0.03043056844691288 20.38
2039 0.03040636258325466 20.39
2040 0.03039730443960654 20.4
2041 0.03039225082361157 20.41
2042 0.03038533537695897 20.42
2043 0.03037755979823323 20.43
2044 0.03037189418341795 20.44
2045 0.03036040778728869 20.45
2046 0.03035547573948525 20.46
2047 0.03029015533920905 20.47
2048 0.03025156933932876 20.48
2049 0.03025329337596244 20.49
2050 0.03024759735357881 20.5
2051 0.03025763426097126 20.51
2052 0.0303064778571447 20.52
2053 0.03035325972429595 20.53
2054 0.03035932399204586 20.54
2055 0.03039442646950438 20.55
2056 0.03043365983281748 20.56
2057 0.03049468724566945 20.57
2058 0.03053285254642382 20.58
2059 0.03054450562794339 20.59
2060 0.03052446526093293 20.6
2061 0.03048230065794112 20.61
2062 0.03043091846689262 20.62
2063 0.03039663925450081 20.63
2064 0.0303597409251955 20.64
2065 0.03033018666477466 20.65
2066 0.03031387173552293 20.66
2067 0.03030248766857169 20.67
2068 0.03031776142221646 20.68
2069 0.03032115822399551 20.69
2070 0.03033372889079007 20.7
2071 0.03036166856765636 20.71
2072 0.03038570460722191 20.72
2073 0.0304014509254659 20.73
2074 0.03046183020322493 20.74
2075 0.03052019046465337 20.75
2076 0.03057046856189003 20.76
2077 0.03058801533279516 20.77
2078 0.03060070422508105 20.78
2079 0.0305853406992766 20.79
2080 0.03054391169895127 20.8
2081 0.03049807556370135 20.81
2082 0.03045518017821469 20.82
2083 0.03041967259365622 20.83
2084 0.03041458982460351 20.84
2085 0.03041739462226724 20.85
2086 0.03043317862180946 20.86
2087 0.03046123404338217 20.87
2088 0.03047421963473173 20.88
2089 0.03050356346184565 20.89
2090 0.03053309849894996 20.9
2091 0.03055255085496056 20.91
2092 0.03059853087928736 20.92
2093 0.03064964127020014 20.93
2094 0.03068730316150381 20.94
2095 0.030705891083886 20.95
2096 0.0307145147448916 20.96
2097 0.03073416712357064 20.97
2098 0.03073056416463186 20.98
2099 0.03071346230002749 20.99
2100 0.03068334098874428 21
2101 0.03067022743858098 21.01
2102 0.03065910534103822 21.02
2103 0.03062858135525144 21.03
2104 0.03062969485229041 21.04
2105 0.03064035552330041 21.05
2106 0.03065558006858327 21.06
2107 0.03066439833169939 21.07
2108 0.03068378139220412 21.08
2109 0.03068522407277755 21.09
2110 0.03070471200882488 21.1
2111 0.03072175693075166 21.11
2112 0.0307448448923997 21.12
2113 0.03076364319754352 21.13
2114 0.03077920516956166 21.14
2115 0.03079843765853674 21.15
2116 0.03080580875742365 21.16
2117 0.03081214274143107 21.17
2118 0.03081414001841505 21.18
2119 0.03082247344162483 21.19
2120 0.03082779657456321 21.2
2121 0.03083505863581129 21.21
2122 0.03084701838353792 21.22
2123 0.03086198517983477 21.23
2124 0.03085209817221326 21.24
2125 0.03087439436138339 21.25
2126 0.03088633104752227 21.26
2127 0.03090221957658308 21.27
2128 0.03092362821058966 21.28
2129 0.03094569684205317 21.29
2130 0.03096995945270588 21.3
2131 0.03097947837389393 21.31
2132 0.03098829557127685 21.32
2133 0.03099078432175511 21.33
2134 0.03100323600298367 21.34
2135 0.03101431210627055 21.35
2136 0.03102121822147514 21.36
2137 0.03103098989774313 21.37
2138 0.03098456338733892 21.38
2139 0.03095371773602482 21.39
2140 0.03093410584715676 21.4
2141 0.03092057468554696 21.41
2142 0.03093143425459104 21.42
2143 0.03094372348995227 21.43
2144 0.03097523060867406 21.44
2145 0.03101527693805942 21.45
2146 0.03107110008108487 21.46
2147 0.03114356912357968 21.47
2148 0.03120592269246733 21.48
2149 0.0312651075343317 21.49
2150 0.03130964003540754 21.5
2151 0.03134288152981776 21.51
2152 0.03135896966155694 21.52
2153 0.03135448360523458 21.53
2154 0.03133478149559629 21.54
2155 0.03132013051548599 21.55
2156 0.03130370136840289 21.56
2157 0.03128194764561069 21.57
2158 0.03127024213158152 21.58
2159 0.03124738590568257 21.59
2160 0.03122583208511898 21.6
2161 0.0312106264303557 21.61
2162 0.03120059811842202 21.62
2163 0.03120071597199567 21.63
2164 0.0312124487808098 21.64
2165 0.0312399001190538 21.65
2166 0.03126273109672695 21.66
2167 0.03129769646631297 21.67
2168 0.03133603413049862 21.68
2169 0.03136549346565533 21.69
2170 0.03139979185716587 21.7
2171 0.03143010277090962 21.71
2172 0.03145457811489608 21.72
2173 0.03146982496676657 21.73
2174 0.03149272917410727 21.74
2175 0.03149674147642245 21.75
2176 0.03149079014126556 21.76
2177 0.0315008272977614 21.77
2178 0.03151493590061604 21.78
2179 0.03151604970977673 21.79
2180 0.03152336045241502 21.8
2181 0.03154703672408454 21.81
2182 0.0315802349447369 21.82
2183 0.03161313066887843 21.83
2184 0.03164440083823473 21.84
2185 0.03167336439244513 21.85
2186 0.03170235740345971 21.86
2187 0.03172679300895615 21.87
2188 0.03175605330088798 21.88
2189 0.03177564034404329 21.89
2190 0.03179758778297629 21.9
2191 0.0318166125008923 21.91
2192 0.03182876432672314 21.92
2193 0.03184511711061635 21.93
2194 0.03185873969268462 21.94
2195 0.03188069283242174 21.95
2196 0.03189557868585514 21.96
2197 0.03191666418911366 21.97
2198 0.03193512254510013 21.98
2199 0.03196853172524811 21.99
2200 0.03200452915547138 22
2201 0.03202339618988135 22.01
2202 0.03204223568212149 22.02
2203 0.03207803973931809 22.03
2204 0.03210526876358689 22.04
2205 0.03214703529004247 22.05
2206 0.03218588159128848 22.06
2207 0.03222731939272625 22.07
2208 0.03226238003387607 22.08
2209 0.03229456391700267 22.09
2210 0.03232429046016762 22.1
2211 0.03235674199583247 22.11
2212 0.0323906427954628 22.12
2213 0.03242124542904896 22.13
2214 0.03245273655442524 22.14
2215 0.0324735780161441 22.15
2216 0.03251403984382367 22.16
2217 0.03254360713710005 22.17
2218 0.03257673129112706 22.18
2219 0.03259576723509884 22.19
2220 0.0326137207659981 22.2
2221 0.03263370615769431 22.21
2222 0.03265420816624599 22.22
2223 0.03267274215134026 22.23
2224 0.03269543026225925 22.24
2225 0.03272676003177253 22.25
2226 0.03275857585712687 22.26
2227 0.03279230567540748 22.27
2228 0.03283199802504438 22.28
2229 0.03286794929568095 22.29
2230 0.03290030751646662 22.3
2231 0.03292989094209173 22.31
2232 0.03295013543693116 22.32
2233 0.03296866122427347 22.33
2234 0.03299106984426473 22.34
2235 0.03301231111986625 22.35
2236 0.03303351402239063 22.36
2237 0.03305576052710477 22.37
2238 0.03307075996307537 22.38
2239 0.0330946284094867 22.39
2240 0.03312107215640823 22.4
2241 0.03313969499304991 22.41
2242 0.03315033059343035 22.42
2243 0.03318038496526073 22.43
2244 0.03321416935704684 22.44
2245 0.03323404194892712 22.45
2246 0.03325559062210178 22.46
2247 0.03327655572748035 22.47
2248 0.03329670784248604 22.48
2249 0.0333249744824313 22.49
2250 0.03335511578615847 22.5
2251 0.0333880639758352 22.51
2252 0.03341752361416086 22.52
2253 0.03343505852888753 22.53
2254 0.03345298721128093 22.54
2255 0.03347481332177003 22.55
2256 0.03350608142212498 22.56
2257 0.03352137841409807 22.57
2258 0.0335366063802643 22.58
2259 0.0335482801153506 22.59
2260 0.03356264097730859 22.6
2261 0.03359184212640998 22.61
2262 0.03360992937035189 22.62
2263 0.03363181920504876 22.63
2264 0.03366718051850915 22.64
2265 0.03370263370877703 22.65
2266 0.03373722038419461 22.66
2267 0.0337741886632268 22.67
2268 0.03379985912856679 22.68
2269 0.03381662507881129 22.69
2270 0.033832488580342 22.7
2271 0.03386231686102048 22.71
2272 0.0338800036389215 22.72
2273 0.03389435519093111 22.73
2274 0.03391264761409329 22.74
2275 0.03392270799988293 22.75
2276 0.03394519334982012 22.76
2277 0.03395980333301659 22.77
2278 0.03398781155256695 22.78
2279 0.03401363430907658 22.79
2280 0.03402710901861005 22.8
2281 0.03403335593406941 22.81
2282 0.03403475921108245 22.82
2283 0.03403700044655383 22.83
2284 0.03405831801762778 22.84
2285 0.03408250068645367 22.85
2286 0.03409587636411697 22.86
2287 0.03411787429761497 22.87
2288 0.03414524767778999 22.88
2289 0.03417076220417378 22.89
2290 0.0341896787918991 22.9
2291 0.03420316077822007 22.91
2292 0.03421362549679711 22.92
2293 0.03420867245538784 22.93
2294 0.03422039744817566 22.94
2295 0.03421556879834647 22.95
2296 0.03421589288262371 22.96
2297 0.03422048422314883 22.97
2298 0.03423618546751358 22.98
2299 0.03425146188042529 22.99
2300 0.03426489030503855 23
2301 0.03427422081312129 23.01
2302 0.03428029763898104 23.02
2303 0.03430953196584684 23.03
2304 0.03433913726079155 23.04
2305 0.03435212793085517 23.05
2306 0.03436573546924835 23.06
2307 0.03437236046928655 23.07
2308 0.0343637044453672 23.08
2309 0.03435262044388218 23.09
2310 0.03432999792413697 23.1
2311 0.03431535857744071 23.11
2312 0.03431312692108786 23.12
2313 0.03432313727826871 23.13
2314 0.03432542762683611 23.14
2315 0.03430172662102392 23.15
2316 0.03428316879723737 23.16
2317 0.03428796191455697 23.17
2318 0.03428207128363189 23.18
2319 0.0342998430888751 23.19
2320 0.03430431266314984 23.2
2321 0.03431228007197221 23.21
2322 0.03431578090179895 23.22
2323 0.03431980105264399 23.23
2324 0.03431580308824386 23.24
2325 0.03431880254765181 23.25
2326 0.03432436516858397 23.26
2327 0.03431592080330144 23.27
2328 0.03430337255955106 23.28
2329 0.03429014596301395 23.29
2330 0.0342642520748776 23.3
2331 0.03423696216388144 23.31
2332 0.03421501372404706 23.32
2333 0.03418710229093921 23.33
2334 0.03415871485558267 23.34
2335 0.03413196745510354 23.35
2336 0.03409878182684114 23.36
2337 0.03407391714024631 23.37
2338 0.03406081775104722 23.38
2339 0.03404541557320044 23.39
2340 0.03403734271771151 23.4
2341 0.03404979926263439 23.41
2342 0.03405467002571716 23.42
2343 0.03403751694922292 23.43
2344 0.03401990278072115 23.44
2345 0.03399451226202711 23.45
2346 0.03395309763300702 23.46
2347 0.03390615435683231 23.47
2348 0.03385282593123826 23.48
2349 0.03381651584786041 23.49
2350 0.03375891812035083 23.5
2351 0.03371534763473373 23.51
2352 0.03368083405465836 23.52
2353 0.03363719568427527 23.53
2354 0.0335808714064224 23.54
2355 0.03353514618028769 23.55
2356 0.0334686055122219 23.56
2357 0.03342232785769444 23.57
2358 0.03336872009887679 23.58
2359 0.03332274306442941 23.59
2360 0.03328082704402999 23.6
2361 0.03322979269461089 23.61
2362 0.03319697212261089 23.62
2363 0.03315434970788443 23.63
2364 0.03310328107295395 23.64
2365 0.03306220789667881 23.65
2366 0.03301911676928488 23.66
2367 0.03297378831371893 23.67
2368 0.03293721482502059 23.68
2369 0.03287928828535917 23.69
2370 0.03283601929600954 23.7
2371 0.03278635073970097 23.71
2372 0.03273492894010779 23.72
2373 0.03268794221665532 23.73
2374 0.03263782269327903 23.74
2375 0.03258422172386381 23.75
2376 0.03252273422120981 23.76
2377 0.03246696215487565 23.77
2378 0.03240864164862429 23.78
2379 0.03235453561045987 23.79
2380 0.03229524073406111 23.8
2381 0.03224617437777241 23.81
2382 0.03219901688530245 23.82
2383 0.0321566249197843 23.83
2384 0.03210450525096093 23.84
2385 0.03205446804010932 23.85
2386 0.03200293083191428 23.86
2387 0.03196764238899768 23.87
2388 0.03193822805543063 23.88
2389 0.03191524648558995 23.89
2390 0.03189371642270034 23.9
2391 0.03186792271168539 23.91
2392 0.03186114744512236 23.92
2393 0.03183602206875828 23.93
2394 0.03181735574742487 23.94
2395 0.03178692885269525 23.95
2396 0.03175038364927041 23.96
2397 0.03171024186424649 23.97
2398 0.03165614164452683 23.98
2399 0.03162304422327087 23.99
2400 0.03159555324999554 24
2401 0.03155744034973475 24.01
2402 0.03152477534254119 24.02
2403 0.03149087832296747 24.03
2404 0.03147397761049462 24.04
2405 0.03144623722910869 24.05
2406 0.03139887679568873 24.06
2407 0.0313494729469102 24.07
2408 0.0313188004151395 24.08
2409 0.03129435705313595 24.09
2410 0.03129300326931327 24.1
2411 0.03127332992218562 24.11
2412 0.03129369451496177 24.12
2413 0.031282904136999 24.13
2414 0.0312974522447812 24.14
2415 0.0313051826395996 24.15
2416 0.03130374674967839 24.16
2417 0.03128158584907787 24.17
2418 0.03124564188835667 24.18
2419 0.03119131298454185 24.19
2420 0.03115884461733654 24.2
2421 0.0311266138540185 24.21
2422 0.03109865892729936 24.22
2423 0.03107879377169838 24.23
2424 0.03106435294564834 24.24
2425 0.03105633748373914 24.25
2426 0.03103708833417046 24.26
2427 0.03101749584792548 24.27
2428 0.03101452048288381 24.28
2429 0.03099993091532286 24.29
2430 0.03098075510024929 24.3
2431 0.0309791124371103 24.31
2432 0.03095910450228575 24.32
2433 0.03096541607569088 24.33
2434 0.03094446013132317 24.34
2435 0.03092894770819115 24.35
2436 0.03091132184967465 24.36
2437 0.03088553152587734 24.37
2438 0.03086379180739553 24.38
2439 0.03083735183452367 24.39
2440 0.03081906991896277 24.4
2441 0.03080220329254574 24.41
2442 0.03078780068626945 24.42
2443 0.03077398402158762 24.43
2444 0.03076617804449397 24.44
2445 0.03075405017679072 24.45
2446 0.03073306348477941 24.46
2447 0.03070908695119858 24.47
2448 0.03069475075143382 24.48
2449 0.03066615706948238 24.49
2450 0.03064399720198074 24.5
2451 0.03063337328521651 24.51
2452 0.03063772345142878 24.52
2453 0.03063410997912877 24.53
2454 0.03061736550635918 24.54
2455 0.03060637856790542 24.55
2456 0.03058722378698795 24.56
2457 0.0305783952128038 24.57
2458 0.03056515330005558 24.58
2459 0.03054502596419295 24.59
2460 0.03049045993187014 24.6
2461 0.03046925981942485 24.61
2462 0.03042233166323916 24.62
2463 0.03037519948324808 24.63
2464 0.03032618564192959 24.64
2465 0.0302645647073514 24.65
2466 0.03025697184817826 24.66
2467 0.0302380891672564 24.67
2468 0.03022240201449791 24.68
2469 0.03021151285284039 24.69
2470 0.03017396437330146 24.7
2471 0.03012885481153219 24.71
2472 0.03010398639820709 24.72
2473 0.03008002960686291 24.73
2474 0.0300795367496741 24.74
2475 0.03007946554764017 24.75
2476 0.03006749143271939 24.76
2477 0.03005580445789657 24.77
2478 0.03002584795296977 24.78
2479 0.02996310702040277 24.79
2480 0.0299305597546775 24.8
2481 0.02988663777161182 24.81
2482 0.0298425971190182 24.82
2483 0.02981107848470263 24.83
2484 0.02978612063173747 24.84
2485 0.02977246711595348 24.85
2486 0.02976294429838501 24.86
2487 0.02974848263773714 24.87
2488 0.02973565798689853 24.88
2489 0.02972304474484961 24.89
2490 0.02972916004416585 24.9
2491 0.02973986580496187 24.91
2492 0.02973086464786472 24.92
2493 0.02972468448320184 24.93
2494 0.02972631375709776 24.94
2495 0.02970557335207894 24.95
2496 0.0296905130055026 24.96
2497 0.02968621196216945 24.97
2498 0.02967519938396633 24.98
2499 0.02967127718503432 24.99
2500 0.02965731021595057 25
2501 0.02966116574533164 25.01
2502 0.02964838832692549 25.02
2503 0.02964151858762667 25.03
2504 0.02964302707153953 25.04
2505 0.02965288474376128 25.05
2506 0.02964510079966904 25.06
2507 0.02963582678474023 25.07
2508 0.02963437250030635 25.08
2509 0.0296349462566537 25.09
2510 0.02966087873310297 25.1
2511 0.02966445433431736 25.11
2512 0.02969073820517265 25.12
2513 0.02970976047864904 25.13
2514 0.02972758546843402 25.14
2515 0.02974053859706595 25.15
2516 0.02977049695140862 25.16
2517 0.02979136362899182 25.17
2518 0.02981044082224224 25.18
2519 0.02982780654090939 25.19
2520 0.02982164162366919 25.2
2521 0.02979686777350958 25.21
2522 0.02979642668495039 25.22
2523 0.02979804216705316 25.23
2524 0.02979879689135646 25.24
2525 0.02977492850789691 25.25
2526 0.02976602949586228 25.26
2527 0.02977526774407954 25.27
2528 0.02978367818109327 25.28
2529 0.02978881108623227 25.29
2530 0.02979568233764897 25.3
2531 0.02982269279760019 25.31
2532 0.0298510753356181 25.32
2533 0.029855723099337 25.33
2534 0.0298709831837004 25.34
2535 0.02989694631094667 25.35
2536 0.02990342424652507 25.36
2537 0.02989903348124774 25.37
2538 0.02983374913568167 25.38
2539 0.02981236954073641 25.39
2540 0.02981892452491263 25.4
2541 0.02982559430983953 25.41
2542 0.02983706715218648 25.42
2543 0.02985513017892144 25.43
2544 0.02986511015604497 25.44
2545 0.02986792468697413 25.45
2546 0.02988075264400176 25.46
2547 0.02988928521839853 25.47
2548 0.02988387228132377 25.48
2549 0.02988614584648853 25.49
2550 0.02988773888784585 25.5
2551 0.02994984179286227 25.51
2552 0.03000666893238402 25.52
2553 0.03004569101626273 25.53
2554 0.03005130880911286 25.54
2555 0.03004055555108297 25.55
2556 0.02998795897975313 25.56
2557 0.02993714484347716 25.57
2558 0.02990237551232922 25.58
2559 0.0298818875614831 25.59
2560 0.02986782790414702 25.6
2561 0.0298676153747955 25.61
2562 0.02988384552045296 25.62
2563 0.02990315469241858 25.63
2564 0.02992481255649457 25.64
2565 0.02998851891504247 25.65
2566 0.03006062516808353 25.66
2567 0.03012869044065463 25.67
2568 0.03019579053949583 25.68
2569 0.03022452198183453 25.69
2570 0.03024301325764433 25.7
2571 0.03028541492651286 25.71
2572 0.03029191985885335 25.72
2573 0.03027996756265909 25.73
2574 0.03026441127829511 25.74
2575 0.03023816846204221 25.75
2576 0.03022274561341644 25.76
2577 0.0302418738967593 25.77
2578 0.0302425700294459 25.78
2579 0.03024718121667488 25.79
2580 0.03022799167498201 25.8
2581 0.03021688400345138 25.81
2582 0.03024678700950839 25.82
2583 0.03026134251217259 25.83
2584 0.03028178046552706 25.84
2585 0.03031012518275035 25.85
2586 0.0303452161014337 25.86
2587 0.03039493296367551 25.87
2588 0.03037149596516968 25.88
2589 0.0303926021905324 25.89
2590 0.03041164785408672 25.9
2591 0.03037458310242996 25.91
2592 0.030367717396425 25.92
2593 0.0303785379871078 25.93
2594 0.03038985772443858 25.94
2595 0.03040303107866442 25.95
2596 0.03041439258580272 25.96
2597 0.03040700595256001 25.97
2598 0.03042725229586394 25.98
2599 0.03043146812482705 25.99
2600 0.03044359360435759 26
2601 0.03041807322769144 26.01
2602 0.03042728515158571 26.02
2603 0.03043816915428245 26.03
2604 0.03046025265488898 26.04
2605 0.03047914271647282 26.05
2606 0.03050240377463738 26.06
2607 0.03052164403179868 26.07
2608 0.03053811212978099 26.08
2609 0.03055494852663277 26.09
2610 0.03056182925811546 26.1
2611 0.03056356380039065 26.11
2612 0.03055168526227267 26.12
2613 0.03052933594185806 26.13
2614 0.03051541627366182 26.14
2615 0.0305220063137342 26.15
2616 0.03052446042800329 26.16
2617 0.03053330530706463 26.17
2618 0.03054026551663197 26.18
2619 0.03055455382580156 26.19
2620 0.0305714685423438 26.2
2621 0.03058349227802925 26.21
2622 0.03058741317369415 26.22
2623 0.03059641939665469 26.23
2624 0.03061394549351427 26.24
2625 0.03063410865288871 26.25
2626 0.0306668301473793 26.26
2627 0.03069658579910131 26.27
2628 0.03072841014636562 26.28
2629 0.03073253669742378 26.29
2630 0.03075077943127824 26.3
2631 0.03074925292584422 26.31
2632 0.0307550832009973 26.32
2633 0.0307489654185472 26.33
2634 0.03074846069907339 26.34
2635 0.0307246948825323 26.35
2636 0.03069781253158302 26.36
2637 0.03067977650697302 26.37
2638 0.0306765770061173 26.38
2639 0.03070148247178181 26.39
2640 0.03072950873984565 26.4
2641 0.03075165182780278 26.41
2642 0.03076183960438855 26.42
2643 0.030779229745991 26.43
2644 0.03079175940569789 26.44
2645 0.03078742286219327 26.45
2646 0.03077952487161637 26.46
2647 0.03077740210643025 26.47
2648 0.03075435035694723 26.48
2649 0.03073664713564253 26.49
2650 0.03073278503545076 26.5
2651 0.03073493027359556 26.51
2652 0.03074507724724279 26.52
2653 0.03076371486423757 26.53
2654 0.03077236206260254 26.54
2655 0.03078205610193501 26.55
2656 0.03079747647104862 26.56
2657 0.0308218622056606 26.57
2658 0.03083490126122766 26.58
2659 0.03085264567039898 26.59
2660 0.03088049796723019 26.6
2661 0.03091717210785401 26.61
2662 0.03094427510682203 26.62
2663 0.03096910083572603 26.63
2664 0.03098043738320274 26.64
2665 0.03098284715053916 26.65
2666 0.03098534822328832 26.66
2667 0.03102584840818977 26.67
2668 0.03104400260779309 26.68
2669 0.03106148150820137 26.69
2670 0.03105681173628399 26.7
2671 0.03102109090296323 26.71
2672 0.03099118847182999 26.72
2673 0.03096761398589477 26.73
2674 0.03097361494762196 26.74
2675 0.0309860084126991 26.75
2676 0.03099686898340253 26.76
2677 0.0310162938688566 26.77
2678 0.03103508587655702 26.78
2679 0.03107190257807778 26.79
2680 0.03110075441562751 26.8
2681 0.03112502939680671 26.81
2682 0.03114751249744054 26.82
2683 0.0311710520032078 26.83
2684 0.03116536994559112 26.84
2685 0.03116329517106231 26.85
2686 0.03116964186683433 26.86
2687 0.03118932215217124 26.87
2688 0.03122263404568995 26.88
2689 0.03125836954615053 26.89
2690 0.03129592366771581 26.9
2691 0.03133226851881237 26.91
2692 0.03135778751896464 26.92
2693 0.03137982238793105 26.93
2694 0.0314038140505289 26.94
2695 0.03142545684364433 26.95
2696 0.03144835161783333 26.96
2697 0.03146879519200121 26.97
2698 0.03148996028206175 26.98
2699 0.03150592895742466 26.99
2700 0.03151645889018589 27
2701 0.0315399914848017 27.01
2702 0.03155925551839592 27.02
2703 0.03157382202861498 27.03
2704 0.03158866706065387 27.04
2705 0.03161238386441029 27.05
2706 0.0316355387919772 27.06
2707 0.03164933451254405 27.07
2708 0.03163802693595415 27.08
2709 0.03162754857126417 27.09
2710 0.03163372390320553 27.1
2711 0.0316454910504214 27.11
2712 0.03166593218003626 27.12
2713 0.03169923505916499 27.13
2714 0.0317355188514049 27.14
2715 0.03176884399949746 27.15
2716 0.03180722273790835 27.16
2717 0.03184327951215159 27.17
2718 0.03187798652123019 27.18
2719 0.03190868621879603 27.19
2720 0.03194322035187982 27.2
2721 0.03196897013389902 27.21
2722 0.03200463411727786 27.22
2723 0.03204849946818844 27.23
2724 0.03208856577131461 27.24
2725 0.03212496015723425 27.25
2726 0.03216779681133777 27.26
2727 0.03220077221789423 27.27
2728 0.032235434630417 27.28
2729 0.03224882018831924 27.29
2730 0.03225074480856459 27.3
2731 0.03225425742282663 27.31
2732 0.03225855335235629 27.32
2733 0.03225834721344307 27.33
2734 0.03226299438823569 27.34
2735 0.03227436322330654 27.35
2736 0.03228284032992357 27.36
2737 0.03229919701666224 27.37
2738 0.03234833207060205 27.38
2739 0.03240334129099586 27.39
2740 0.03246197299719726 27.4
2741 0.03252269513516499 27.41
2742 0.03255498555155693 27.42
2743 0.03258610244457146 27.43
2744 0.03261141489251321 27.44
2745 0.03263848918715982 27.45
2746 0.0326729088468287 27.46
2747 0.03271455493986181 27.47
2748 0.03275146122719311 27.48
2749 0.03279084429712286 27.49
2750 0.03282789598156939 27.5
2751 0.03285328888150492 27.51
2752 0.03288369411438212 27.52
2753 0.03291269886349505 27.53
2754 0.03295887648968006 27.54
2755 0.0330019479815283 27.55
2756 0.03304554735862499 27.56
2757 0.03307503453015598 27.57
2758 0.03310816203621475 27.58
2759 0.03313822387263248 27.59
2760 0.03316409851041185 27.6
2761 0.03319791553810037 27.61
2762 0.03323407127712154 27.62
2763 0.03326938100885005 27.63
2764 0.03329416261965547 27.64
2765 0.03332643993178241 27.65
2766 0.033356493744848 27.66
2767 0.03338384317302742 27.67
2768 0.03341571160608461 27.68
2769 0.03344887869632468 27.69
2770 0.03348032198324614 27.7
2771 0.03351117923632083 27.71
2772 0.03353826120293282 27.72
2773 0.03357272096435866 27.73
2774 0.03361873190783557 27.74
2775 0.03367078567276661 27.75
2776 0.03371755499600507 27.76
2777 0.03374823833361806 27.77
2778 0.03377993824987094 27.78
2779 0.0338107196728258 27.79
2780 0.0338441792061533 27.8
2781 0.03386344978009516 27.81
2782 0.03388158362337198 27.82
2783 0.03389769816467963 27.83
2784 0.03391242778026183 27.84
2785 0.03393509430591103 27.85
2786 0.03396356215673653 27.86
2787 0.03399704493723455 27.87
2788 0.03403205229957688 27.88
2789 0.03407783947550305 27.89
2790 0.03412378303132886 27.9
2791 0.03415201862045721 27.91
2792 0.03416756595123993 27.92
2793 0.03417200900412492 27.93
2794 0.03416426323015908 27.94
2795 0.03416885786074213 27.95
2796 0.03417620828499046 27.96
2797 0.03420864827116423 27.97
2798 0.03422798892153581 27.98
2799 0.03426700553654984 27.99
2800 0.03430508596020074 28
2801 0.03432923299515523 28.01
2802 0.03436137654443507 28.02
2803 0.03438003205680956 28.03
2804 0.03438597929632906 28.04
2805 0.03440805086943286 28.05
2806 0.0344132106593308 28.06
2807 0.03441560874942234 28.07
2808 0.03441905489746844 28.08
2809 0.0344189205355264 28.09
2810 0.03441588550702844 28.1
2811 0.03440978358234713 28.11
2812 0.03440576431766124 28.12
2813 0.03441312960013051 28.13
2814 0.03442546066812746 28.14
2815 0.03444281332842673 28.15
2816 0.0344622640250182 28.16
2817 0.0344780092562012 28.17
2818 0.03449043453067882 28.18
2819 0.03450073483685669 28.19
2820 0.03450653778619896 28.2
2821 0.03450499418132181 28.21
2822 0.034511359301579 28.22
2823 0.0345232542155002 28.23
2824 0.03453237424201529 28.24
2825 0.03453515771806905 28.25
2826 0.03452477989506236 28.26
2827 0.03450610838093544 28.27
2828 0.03448625773074111 28.28
2829 0.03446922097031802 28.29
2830 0.0344502040791277 28.3
2831 0.03442903919703123 28.31
2832 0.03442373050629616 28.32
2833 0.03442522386039203 28.33
2834 0.03441337789791753 28.34
2835 0.03441256675616851 28.35
2836 0.03439150898264808 28.36
2837 0.03438184770751391 28.37
2838 0.03439151334359642 28.38
2839 0.03437389858598772 28.39
2840 0.03434405038383748 28.4
2841 0.03430824826935252 28.41
2842 0.03427784500820096 28.42
2843 0.03424222697750081 28.43
2844 0.03420331180194072 28.44
2845 0.03419640047339942 28.45
2846 0.03417479744626846 28.46
2847 0.03415537138221451 28.47
2848 0.03413499288137222 28.48
2849 0.03411133891726142 28.49
2850 0.03407129642596934 28.5
2851 0.03402104279733611 28.51
2852 0.03397114989620684 28.52
2853 0.03392911424729966 28.53
2854 0.03390598831081817 28.54
2855 0.03387777272746 28.55
2856 0.03384775979301133 28.56
2857 0.03381131701815012 28.57
2858 0.03378217961931771 28.58
2859 0.03373234433056074 28.59
2860 0.03368948779590478 28.6
2861 0.03364314381273854 28.61
2862 0.03360082644725872 28.62
2863 0.03357201873067709 28.63
2864 0.03355238954876397 28.64
2865 0.03352231947532024 28.65
2866 0.03349457086080312 28.66
2867 0.03346291695003634 28.67
2868 0.03343765810672877 28.68
2869 0.03338645857477313 28.69
2870 0.03332910563099258 28.7
2871 0.03327220918601471 28.71
2872 0.03322156873995917 28.72
2873 0.03319299390077064 28.73
2874 0.03315912557083145 28.74
2875 0.03312793821951881 28.75
2876 0.03309681256826912 28.76
2877 0.03307778080466613 28.77
2878 0.03307009037085436 28.78
2879 0.03305222768174271 28.79
2880 0.03303246418679432 28.8
2881 0.03301209621777158 28.81
2882 0.03298816252323858 28.82
2883 0.03296637237226352 28.83
2884 0.03293511939768232 28.84
2885 0.03289984235227603 28.85
2886 0.03286715250309826 28.86
2887 0.03283009584310521 28.87
2888 0.03280405651097204 28.88
2889 0.03277858476883885 28.89
2890 0.03275238053870802 28.9
2891 0.03270844545123584 28.91
2892 0.03266435992724271 28.92
2893 0.03263512666267734 28.93
2894 0.03260056849865316 28.94
2895 0.03256990646276971 28.95
2896 0.03254912111796341 28.96
2897 0.0325312399960231 28.97
2898 0.03251911958465582 28.98
2899 0.03251164206534903 28.99
2900 0.032475807021138 29
2901 0.03244027989317859 29.01
2902 0.03242029148695193 29.02
2903 0.03238760791028064 29.03
2904 0.03235288582185256 29.04
2905 0.03231037608010102 29.05
2906 0.03226561916805226 29.06
2907 0.03220213522529054 29.07
2908 0.03213943838952348 29.08
2909 0.03207978571846259 29.09
2910 0.03203344302375476 29.1
2911 0.0319926097856463 29.11
2912 0.03196154092020438 29.12
2913 0.0319318098431168 29.13
2914 0.03190421300353957 29.14
2915 0.03187742859139463 29.15
2916 0.0318298136784002 29.16
2917 0.03179761405183949 29.17
2918 0.03174195251716335 29.18
2919 0.03170710829251346 29.19
2920 0.03166228462404481 29.2
2921 0.03162439530858171 29.21
2922 0.03158163122845305 29.22
2923 0.03152989125899366 29.23
2924 0.03147352032878513 29.24
2925 0.03141672440951027 29.25
2926 0.0313459048857778 29.26
2927 0.03127614425856751 29.27
2928 0.03122678032238556 29.28
2929 0.03116437158016037 29.29
2930 0.03110957616127089 29.3
2931 0.03107391536498886 29.31
2932 0.03103582533857834 29.32
2933 0.03100226928809345 29.33
2934 0.03096456312812468 29.34
2935 0.0309251275295511 29.35
2936 0.03089904246604643 29.36
2937 0.03087506592267707 29.37
2938 0.03082186661498905 29.38
2939 0.03078593430001105 29.39
2940 0.03073284605968874 29.4
2941 0.03070123406372086 29.41
2942 0.03065641919480814 29.42
2943 0.0306354739920306 29.43
2944 0.03062928793602455 29.44
2945 0.03061954582901328 29.45
2946 0.03061602394400675 29.46
2947 0.03060712089884791 29.47
2948 0.03059633137400706 29.48
2949 0.03057142203898593 29.49
2950 0.03052674146197982 29.5
2951 0.03048628279455606 29.51
2952 0.03045184405395876 29.52
2953 0.03042005709942643 29.53
2954 0.03037558994382068 29.54
2955 0.03034591159659186 29.55
2956 0.03031168494443191 29.56
2957 0.03028581682124758 29.57
2958 0.03025318154998954 29.58
2959 0.03020940247888744 29.59
2960 0.03019199203385568 29.6
2961 0.03017901075420896 29.61
2962 0.03016355923561589 29.62
2963 0.03014295673931704 29.63
2964 0.03013799611771855 29.64
2965 0.03010855184051261 29.65
2966 0.03007252160345989 29.66
2967 0.03003136541117577 29.67
2968 0.02999863482969096 29.68
2969 0.0299517164301988 29.69
2970 0.02989756576780819 29.7
2971 0.02983280526512226 29.71
2972 0.02979637399673839 29.72
2973 0.02976576624733253 29.73
2974 0.02975581582768762 29.74
2975 0.02973489254694213 29.75
2976 0.02973451166215345 29.76
2977 0.02973591476592448 29.77
2978 0.02973596622493206 29.78
2979 0.02972439467045033 29.79
2980 0.02971194705281994 29.8
2981 0.02969835386267291 29.81
2982 0.02966832319000343 29.82
2983 0.0296311946224941 29.83
2984 0.02959823185977765 29.84
2985 0.0295559126180252 29.85
2986 0.02952995110326239 29.86
2987 0.02950567931380968 29.87
2988 0.02946726435617469 29.88
2989 0.0294599698753015 29.89
2990 0.02943475691798002 29.9
2991 0.02940116201159311 29.91
2992 0.0293503524421841 29.92
2993 0.029321810206435 29.93
2994 0.02931438663302448 29.94
2995 0.02928199004409222 29.95
2996 0.02926564664047458 29.96
2997 0.02927359075312702 29.97
2998 0.02925402644153533 29.98
2999 0.0292494588693086 29.99
3000 0.02923972769358141 30
