"x-force-rfile"
"Time Step" "x-force etc.."
("Time Step" "x-force" "flow-time")
0 2.423380700838948e-27 0
1 -44.83831827645116 0.01
2 -9.843485518018099 0.02
3 0.8485995103671478 0.03
4 2.569517904742398 0.04
5 2.803479072530664 0.05
6 -0.2853714046957769 0.06
7 -1.120513875607799 0.07000000000000001
8 -0.5251274128312851 0.08
9 0.04806779339219869 0.09
10 0.3290771321061656 0.1
11 0.2446354579391308 0.11
12 0.08424055055041357 0.12
13 0.03472352956325175 0.13
14 0.01715250129203694 0.14
15 -0.01886351028683675 0.15
16 -0.01637209845157317 0.16
17 0.003244552361490682 0.17
18 0.02003666274765642 0.18
19 0.02501405613264868 0.19
20 0.04018115837307351 0.2
21 0.05847359067925395 0.21
22 0.04690844086845591 0.22
23 0.03310238145854599 0.23
24 0.02381285597470679 0.24
25 0.01219828524649261 0.25
26 0.009534269177014915 0.26
27 0.01616017453684085 0.27
28 0.02084730148587328 0.28
29 0.0210085445153388 0.29
30 0.02193918295812608 0.3
31 0.02341080388288539 0.31
32 0.02397956101264771 0.32
33 0.02281307363702103 0.33
34 0.02097435038164477 0.34
35 0.01937326943915688 0.35
36 0.01834985856156667 0.36
37 0.0180147381170233 0.37
38 0.01798242698132303 0.38
39 0.0176307565242011 0.39
40 0.01704790853439703 0.4
41 0.01683949581974489 0.41
42 0.01618672563168759 0.42
43 0.01586185189572134 0.43
44 0.01603699363439235 0.44
45 0.01628576286255026 0.45
46 0.01653774733669423 0.46
47 0.016567502980453 0.47
48 0.01651655434648535 0.48
49 0.01627356085516229 0.49
50 0.01590505850774289 0.5
51 0.0155763202149323 0.51
52 0.01505021250775743 0.52
53 0.01467857543123096 0.53
54 0.01494724608359152 0.54
55 0.01507716950352112 0.55
56 0.01451382692087516 0.5600000000000001
57 0.01468379593432685 0.5700000000000001
58 0.01456758966245587 0.58
59 0.01485076717095181 0.59
60 0.01503300675316296 0.6
61 0.01513604663543496 0.61
62 0.01491228674867079 0.62
63 0.01481796753253938 0.63
64 0.01483062477878268 0.64
65 0.01484571568453255 0.65
66 0.01484861466680059 0.66
67 0.01485449724864404 0.67
68 0.01463795660246734 0.68
69 0.01425557905591951 0.6900000000000001
70 0.0139593268437369 0.7000000000000001
71 0.01385893574515423 0.71
72 0.01392074833406847 0.72
73 0.01394401337906514 0.73
74 0.01391704746924628 0.74
75 0.01384045511796507 0.75
76 0.01363325129060524 0.76
77 0.01333896253200225 0.77
78 0.01300551628462721 0.78
79 0.01296698484773939 0.79
80 0.01305706135424748 0.8
81 0.01308315211582419 0.8100000000000001
82 0.01310096280475953 0.8200000000000001
83 0.0130958667748886 0.8300000000000001
84 0.0130514362379728 0.84
85 0.01298797629255283 0.85
86 0.01293642361827114 0.86
87 0.01290480493252629 0.87
88 0.01289191231936299 0.88
89 0.01289930578373192 0.89
90 0.01291420337561031 0.9
91 0.01292879741111928 0.91
92 0.01294192625644651 0.92
93 0.01294326856590633 0.93
94 0.01291924342161095 0.9400000000000001
95 0.01290228690709852 0.9500000000000001
96 0.01288026287332371 0.96
97 0.01286201049347294 0.97
98 0.01285954045912663 0.98
99 0.0128610515579369 0.99
100 0.01287518235803875 1
101 0.01289619830025754 1.01
102 0.01291629619116858 1.02
103 0.01292644787327915 1.03
104 0.01291379575868118 1.04
105 0.01289117737790335 1.05
106 0.01285954538680001 1.06
107 0.01282882734766625 1.07
108 0.0127993584854754 1.08
109 0.01277522075094147 1.09
110 0.0127516289789853 1.1
111 0.01272898065572166 1.11
112 0.01267850536080848 1.12
113 0.01260662018841622 1.13
114 0.01252142845495162 1.14
115 0.01245340380071777 1.15
116 0.01241440436243704 1.16
117 0.01241007860871481 1.17
118 0.01240864595856037 1.18
119 0.01241351361276764 1.19
120 0.01241358909451908 1.2
121 0.01240582263080706 1.21
122 0.01238446729421001 1.22
123 0.01234750864860154 1.23
124 0.01230743990718136 1.24
125 0.01225447552940525 1.25
126 0.01219985592239157 1.26
127 0.01214472546105034 1.27
128 0.01208820864937685 1.28
129 0.01203931617492224 1.29
130 0.01199986423830834 1.3
131 0.01197211851862383 1.31
132 0.01195617638711364 1.32
133 0.01194632560585615 1.33
134 0.01194040652084082 1.34
135 0.01193651200577505 1.35
136 0.01193494555795232 1.36
137 0.01193582878728543 1.37
138 0.01193695971046523 1.38
139 0.01193519446173663 1.39
140 0.0119327627768635 1.4
141 0.01192931200681569 1.41
142 0.01192215879410868 1.42
143 0.01191861053861083 1.43
144 0.01191714718334248 1.44
145 0.01191372865255705 1.45
146 0.01191026857544453 1.46
147 0.01190956312464779 1.47
148 0.01190262015459143 1.48
149 0.01189715306461894 1.49
150 0.01189183349988128 1.5
151 0.01189225792160837 1.51
152 0.01188938227655744 1.52
153 0.01188422830317381 1.53
154 0.01187559777667955 1.54
155 0.01186759815245857 1.55
156 0.0118602027179061 1.56
157 0.01185343897421463 1.57
158 0.01184607666919995 1.58
159 0.01183959058209384 1.59
160 0.01183153914569844 1.6
161 0.01182149176046421 1.61
162 0.01180754437085957 1.62
163 0.01178713582399551 1.63
164 0.01176779417361478 1.64
165 0.01174688954834887 1.65
166 0.01172181393617086 1.66
167 0.01169579123621085 1.67
168 0.01167161513897529 1.68
169 0.01164916065071296 1.69
170 0.01162883401464834 1.7
171 0.01161047334434271 1.71
172 0.01159272794238887 1.72
173 0.01157430255823913 1.73
174 0.01155594831027709 1.74
175 0.01153693165679393 1.75
176 0.01151516601703751 1.76
177 0.01149195953174653 1.77
178 0.01146973162077488 1.78
179 0.01144958462535608 1.79
180 0.01143282620762691 1.8
181 0.0114161438654449 1.81
182 0.01140011994047231 1.82
183 0.01138372264443692 1.83
184 0.01136235796512406 1.84
185 0.01133721722148704 1.85
186 0.01130986601197927 1.86
187 0.01128294857051011 1.87
188 0.01125954478150734 1.88
189 0.01124157114557318 1.89
190 0.011229626118324 1.9
191 0.01122410007913777 1.91
192 0.01122317050059009 1.92
193 0.01122529930543947 1.93
194 0.01122925661674721 1.94
195 0.01123499513099719 1.95
196 0.01123742339625448 1.96
197 0.01123925468376434 1.97
198 0.0112382090306845 1.98
199 0.0112352379823068 1.99
200 0.01123061882421051 2
201 0.01122583138044723 2.01
202 0.011220213307306 2.02
203 0.01121393409477156 2.03
204 0.01120727804526769 2.04
205 0.01120385270391043 2.05
206 0.01119768046658687 2.06
207 0.01119276782381132 2.07
208 0.01118750227092047 2.08
209 0.01118115736601639 2.09
210 0.01117359845624734 2.1
211 0.0111651473103555 2.11
212 0.01115641771784776 2.12
213 0.0111469957851079 2.13
214 0.01113744091766204 2.14
215 0.01112736143102259 2.15
216 0.01111782049992072 2.16
217 0.0111082705134037 2.17
218 0.01109913965307021 2.18
219 0.01108925614175015 2.19
220 0.01107963523278548 2.2
221 0.01106942704017185 2.21
222 0.01105894809958279 2.22
223 0.01104774081089546 2.23
224 0.01103599781162013 2.24
225 0.01102367884727919 2.25
226 0.01101143238557741 2.26
227 0.01099929690284423 2.27
228 0.01098722400555006 2.28
229 0.01097664724172451 2.29
230 0.01096180168246721 2.3
231 0.01094980194558072 2.31
232 0.01093787866873902 2.32
233 0.01092640636014943 2.33
234 0.01091585910789866 2.34
235 0.01090618504630194 2.35
236 0.01089696193615371 2.36
237 0.01088746759597623 2.37
238 0.01087773831452749 2.38
239 0.01086782796338667 2.39
240 0.0108578080411379 2.4
241 0.01084774288910428 2.41
242 0.01083791495691599 2.42
243 0.01082818314429638 2.43
244 0.01081916760350184 2.44
245 0.0108107563739727 2.45
246 0.01080336149368689 2.46
247 0.01079395649212763 2.47
248 0.01078563789337977 2.48
249 0.0107783169406154 2.49
250 0.0107710906158728 2.5
251 0.01076516386483551 2.51
252 0.01075965137217925 2.52
253 0.01075443834982698 2.53
254 0.01074906093182923 2.54
255 0.01074390663754535 2.55
256 0.0107376325248422 2.56
257 0.01073084637858767 2.57
258 0.01072384543983218 2.58
259 0.01071693881590614 2.59
260 0.01071152747173216 2.6
261 0.01070586171061894 2.61
262 0.01069970060222306 2.62
263 0.01069369369428652 2.63
264 0.01068753357339014 2.64
265 0.01068285074723207 2.65
266 0.01067881290664408 2.66
267 0.01067532075363834 2.67
268 0.01067091049851892 2.68
269 0.01066700687668513 2.69
270 0.01066301815732693 2.7
271 0.0106589339973972 2.71
272 0.01065411984308992 2.72
273 0.0106498765853496 2.73
274 0.01064573158200608 2.74
275 0.01064167024685126 2.75
276 0.01063732080318937 2.76
277 0.01063276918583927 2.77
278 0.01062792135441076 2.78
279 0.01062285820413062 2.79
280 0.01061780183601711 2.8
281 0.01061310784473765 2.81
282 0.01060790522385308 2.82
283 0.01060201346416974 2.83
284 0.01059595902001445 2.84
285 0.01058978754734901 2.85
286 0.01058374823963258 2.86
287 0.01057748304694034 2.87
288 0.01057122411997958 2.88
289 0.01056316189657593 2.89
290 0.01055655294035609 2.9
291 0.01054963994364808 2.91
292 0.01054182374957234 2.92
293 0.01053366871109131 2.93
294 0.01052644020163409 2.94
295 0.01051923833222031 2.95
296 0.01051147814488661 2.96
297 0.01050435309042457 2.97
298 0.01049736854431044 2.98
299 0.01049050910815585 2.99
300 0.01048385843840979 3
301 0.0104769771429039 3.01
302 0.01047024488910727 3.02
303 0.01046388664369173 3.03
304 0.01045877018499286 3.04
305 0.01045447667216048 3.05
306 0.01045088812746244 3.06
307 0.01044759144922703 3.07
308 0.01044464553516644 3.08
309 0.01044126679430621 3.09
310 0.01043785825699656 3.1
311 0.01043434568852583 3.11
312 0.01043126884056935 3.12
313 0.01042741799924531 3.13
314 0.01042493239051961 3.14
315 0.01042058002505408 3.15
316 0.01041655728239429 3.16
317 0.01041342808725531 3.17
318 0.01041085215137223 3.18
319 0.01040869613395697 3.19
320 0.0104069098189135 3.2
321 0.01040488923115295 3.21
322 0.01040234331828234 3.22
323 0.01039944169507394 3.23
324 0.01039624321097374 3.24
325 0.01039287317013487 3.25
326 0.01038975985572495 3.26
327 0.01038686070051468 3.27
328 0.01038243329315583 3.28
329 0.01037809517022984 3.29
330 0.01037396402607262 3.3
331 0.01036978788519173 3.31
332 0.01036614938924444 3.32
333 0.01036284104583009 3.33
334 0.01035979609131987 3.34
335 0.01035652174817982 3.35
336 0.01035336605896188 3.36
337 0.01035033043447314 3.37
338 0.01034767581623127 3.38
339 0.01034541420648227 3.39
340 0.01034297430645381 3.4
341 0.01034099004998362 3.41
342 0.01033901151531068 3.42
343 0.01033703653019381 3.43
344 0.01033511310256998 3.44
345 0.01033300722897642 3.45
346 0.01033039188007087 3.46
347 0.01032729581352939 3.47
348 0.01032381016973606 3.48
349 0.01032032900531872 3.49
350 0.01031638997578478 3.5
351 0.01031369470549321 3.51
352 0.01031062301033008 3.52
353 0.01030745954076591 3.53
354 0.01030433395713748 3.54
355 0.01030144370729793 3.55
356 0.01029872471994074 3.56
357 0.01029605600650628 3.57
358 0.01029293257098505 3.58
359 0.01029033186158273 3.59
360 0.01028746222158374 3.6
361 0.01028496402278759 3.61
362 0.01028252933031667 3.62
363 0.01028013891530216 3.63
364 0.01027792218830882 3.64
365 0.01027532216671634 3.65
366 0.01027244365525463 3.66
367 0.01026954067902938 3.67
368 0.01026661983577339 3.68
369 0.01026382038229498 3.69
370 0.01026098920404461 3.7
371 0.01025822675158164 3.71
372 0.01025585441545998 3.72
373 0.01025403824712628 3.73
374 0.01025268427023724 3.74
375 0.01025169166644533 3.75
376 0.01025107615096116 3.76
377 0.01025060171222407 3.77
378 0.01025002671936762 3.78
379 0.01024950663279703 3.79
380 0.01024870617925807 3.8
381 0.01024750692114063 3.81
382 0.01024618819606109 3.82
383 0.01024482408637868 3.83
384 0.01024341762924685 3.84
385 0.01024203947544877 3.85
386 0.0102407706479635 3.86
387 0.01024032055010319 3.87
388 0.01023962695505305 3.88
389 0.01023899732512838 3.89
390 0.01023833857277154 3.9
391 0.01023759068619867 3.91
392 0.01023694454807435 3.92
393 0.01023622851761757 3.93
394 0.01023545956965908 3.94
395 0.01023494338343209 3.95
396 0.01023468808592868 3.96
397 0.01023447650056048 3.97
398 0.01023435301112425 3.98
399 0.01023420995883983 3.99
400 0.01022587292467505 4
401 0.01022094723256243 4.01
402 0.0102327835003942 4.02
403 0.01023947856439886 4.03
404 0.01024083038683755 4.04
405 0.01023858511671859 4.05
406 0.01023457822067188 4.06
407 0.01022975951270094 4.07
408 0.01022579339066415 4.08
409 0.01022316388508722 4.09
410 0.01022233317501133 4.1
411 0.01022293669453658 4.11
412 0.01022472884318311 4.12
413 0.01022665391659081 4.13
414 0.01022838531444415 4.14
415 0.01022954895172706 4.15
416 0.01022967241124785 4.16
417 0.01022875824842841 4.17
418 0.01022729830754315 4.18
419 0.01022551588440339 4.19
420 0.01022434399792126 4.2
421 0.01022349721129386 4.21
422 0.01022199062329213 4.22
423 0.01022249231577146 4.23
424 0.01022320025625749 4.24
425 0.01022338719162588 4.25
426 0.01022338916909063 4.26
427 0.01022341487537878 4.27
428 0.01022365930832236 4.28
429 0.01021728614569078 4.29
430 0.01020960129421379 4.3
431 0.01020560055681653 4.31
432 0.01021081123719119 4.32
433 0.01021649634990374 4.33
434 0.0102325281924619 4.34
435 0.01025586865576608 4.350000000000001
436 0.01025967962613297 4.36
437 0.01025342777654144 4.37
438 0.01024217886771383 4.38
439 0.01023059998614406 4.39
440 0.01022274662386265 4.4
441 0.01022047744802096 4.41
442 0.01022267642211129 4.42
443 0.010229467964692 4.43
444 0.01023854574928629 4.44
445 0.01024720469621553 4.45
446 0.0102541402155822 4.46
447 0.01025936500333354 4.47
448 0.01026201246486754 4.48
449 0.01026232664633666 4.49
450 0.01026090295836105 4.5
451 0.01025873639320503 4.51
452 0.01025630286655715 4.52
453 0.01025436765662016 4.53
454 0.01025316254510164 4.54
455 0.0102525636141478 4.55
456 0.0102528971196389 4.56
457 0.01025396576607398 4.57
458 0.01025401347613576 4.58
459 0.01024802380669192 4.59
460 0.0102424548482292 4.600000000000001
461 0.01024054056161666 4.61
462 0.01024147654120142 4.62
463 0.01024496456668893 4.63
464 0.01025868741590625 4.64
465 0.01027118907623298 4.65
466 0.01028201922165897 4.66
467 0.01031131722974061 4.67
468 0.01032785697420578 4.68
469 0.01032260455889278 4.69
470 0.01030803677427536 4.7
471 0.01029093177312258 4.71
472 0.01027777096445373 4.72
473 0.01027207542667711 4.73
474 0.01027463486316567 4.74
475 0.01028342874377695 4.75
476 0.01029567203689506 4.76
477 0.01030820657957833 4.77
478 0.01031876885139638 4.78
479 0.01032422647332097 4.79
480 0.01032725838065351 4.8
481 0.01032831995601571 4.81
482 0.01032776781800742 4.82
483 0.0103262817576863 4.83
484 0.01032449705235289 4.84
485 0.01032306893924138 4.850000000000001
486 0.01032271730819531 4.86
487 0.01032068854751003 4.87
488 0.01031714212198043 4.88
489 0.0103147628063108 4.89
490 0.0103206072802346 4.9
491 0.01032327632647895 4.91
492 0.01032852915248346 4.92
493 0.0103354322197974 4.93
494 0.01033534068640346 4.94
495 0.01034507956035698 4.95
496 0.01035420446890916 4.96
497 0.01036194844383126 4.97
498 0.01037378319990075 4.98
499 0.01038606424312067 4.99
500 0.01040169699735711 5
501 0.01040063303618089 5.01
502 0.01039090446841772 5.02
503 0.01037919925648106 5.03
504 0.01037112399612831 5.04
505 0.01037010238743872 5.05
506 0.01037554822800319 5.06
507 0.01038666608686103 5.07
508 0.01040009412685898 5.08
509 0.01041288598818558 5.09
510 0.01042332914571097 5.100000000000001
511 0.01043050398877173 5.11
512 0.01043428988620865 5.12
513 0.01043527792941542 5.13
514 0.01043437949419014 5.14
515 0.01043145704767544 5.15
516 0.01042849520775987 5.16
517 0.01042685993761881 5.17
518 0.0104287283860973 5.18
519 0.01042921374917014 5.19
520 0.01043216763593226 5.2
521 0.01043714536151772 5.21
522 0.01044364216736896 5.22
523 0.01045136049443532 5.23
524 0.0104591880667919 5.24
525 0.01046642184683406 5.25
526 0.01047357184288646 5.26
527 0.01047982416283362 5.27
528 0.01048466503308493 5.28
529 0.01048874090525182 5.29
530 0.01049711673796537 5.3
531 0.01050191016053796 5.31
532 0.01050866220522792 5.32
533 0.01051467749055184 5.33
534 0.01051667437182129 5.34
535 0.0105193394662921 5.350000000000001
536 0.01052065565813187 5.36
537 0.01052432818162685 5.37
538 0.01053032645289637 5.38
539 0.01053577905127703 5.39
540 0.01054402143789805 5.4
541 0.01055112640816921 5.41
542 0.01055997547738964 5.42
543 0.01056762672631682 5.43
544 0.01057562436631033 5.44
545 0.01058101269865312 5.45
546 0.01058664475614837 5.46
547 0.01059237938531693 5.47
548 0.01059515924562104 5.48
549 0.01060093335387527 5.49
550 0.01060310331683588 5.5
551 0.01060655512741426 5.51
552 0.01061049926287936 5.52
553 0.01061450007561148 5.53
554 0.01061443796456368 5.54
555 0.01062060076635438 5.55
556 0.01062175788790358 5.56
557 0.01062927587755133 5.57
558 0.0106356934734026 5.58
559 0.01063688693111909 5.59
560 0.01064445422767283 5.600000000000001
561 0.01065177071754952 5.61
562 0.01065399172332968 5.62
563 0.01066200400774315 5.63
564 0.01066939996848746 5.64
565 0.0106720448438963 5.65
566 0.0106808886332398 5.66
567 0.01068941964440034 5.67
568 0.01069729656893417 5.68
569 0.01070467882881466 5.69
570 0.01071134675849243 5.7
571 0.01071341252334821 5.71
572 0.01072253728888648 5.72
573 0.01073099012425435 5.73
574 0.01073945467664663 5.74
575 0.01074745481603657 5.75
576 0.01075478036185851 5.76
577 0.01076175175463576 5.77
578 0.01076818455877081 5.78
579 0.010778293682679 5.79
580 0.01078277533557418 5.8
581 0.01079118134417771 5.81
582 0.01079447709752922 5.82
583 0.01080231540232983 5.83
584 0.01080499795780406 5.84
585 0.01080947101482916 5.850000000000001
586 0.0108195939504302 5.86
587 0.010825153081263 5.87
588 0.01083161653363063 5.88
589 0.01084318278234288 5.89
590 0.01084900198686195 5.9
591 0.01085557414642902 5.91
592 0.01086643241801555 5.92
593 0.01087137276348065 5.93
594 0.01087685642261966 5.94
595 0.01088626799144006 5.95
596 0.01089056205758077 5.96
597 0.01089592263811341 5.97
598 0.01090179886709791 5.98
599 0.01090837757141247 5.99
600 0.01091520977291765 6
601 0.01092213510423779 6.01
602 0.01092446780747532 6.02
603 0.01093351359278292 6.03
604 0.01093714581436424 6.04
605 0.01094756334744151 6.05
606 0.01095180445174372 6.06
607 0.01095741815586586 6.07
608 0.01097003603021069 6.08
609 0.01097528820395818 6.09
610 0.01098192639101636 6.100000000000001
611 0.01098845922771529 6.11
612 0.01099558870053582 6.12
613 0.01100325564195303 6.13
614 0.01101159504953055 6.140000000000001
615 0.01102057962932063 6.15
616 0.01102987154298611 6.16
617 0.01103933067271749 6.17
618 0.01104905991956465 6.18
619 0.01106524355025799 6.19
620 0.01107163060693412 6.2
621 0.01107794682737811 6.21
622 0.01109024325030294 6.22
623 0.01109416321438246 6.23
624 0.01110316276565571 6.24
625 0.01111065725516935 6.25
626 0.01112166591842914 6.26
627 0.01112539523805194 6.27
628 0.01113378868958799 6.28
629 0.01114067133275654 6.29
630 0.01114731730134566 6.3
631 0.01115027382999118 6.31
632 0.01115973950529728 6.32
633 0.01116482827053204 6.33
634 0.01117644004083555 6.34
635 0.01118290272443457 6.350000000000001
636 0.01119629645790826 6.36
637 0.01120294030666055 6.37
638 0.0112112734890754 6.38
639 0.01121995835951218 6.390000000000001
640 0.0112299106770889 6.4
641 0.01123935734388855 6.41
642 0.01124812275332766 6.42
643 0.01125641224455438 6.43
644 0.01125958423312368 6.44
645 0.01126943239005332 6.45
646 0.01127518392355466 6.46
647 0.01128679369868427 6.47
648 0.01129197941712889 6.48
649 0.01130326967749222 6.49
650 0.01130854464499116 6.5
651 0.01131490335503548 6.51
652 0.01132777189607785 6.52
653 0.01133412878545047 6.53
654 0.01134148061625197 6.54
655 0.01135481192849279 6.55
656 0.01136183596107718 6.56
657 0.01136924089438722 6.57
658 0.01138276954069903 6.58
659 0.01138924313804283 6.59
660 0.01139573491188155 6.600000000000001
661 0.01140272951991539 6.61
662 0.01141044091697943 6.62
663 0.0114184984003687 6.63
664 0.01142687791807268 6.640000000000001
665 0.01143589777669142 6.65
666 0.01144507217453773 6.66
667 0.01145423486107553 6.67
668 0.01146314949733137 6.68
669 0.01147219755211663 6.69
670 0.01148084924857816 6.7
671 0.01148984401107813 6.71
672 0.01149861455433491 6.72
673 0.01150740593959648 6.73
674 0.01151627674932026 6.74
675 0.01152519743127804 6.75
676 0.011534071422288 6.76
677 0.01154284698520561 6.77
678 0.0115516904152946 6.78
679 0.01156064371665224 6.79
680 0.01156970075596985 6.8
681 0.0115790049953155 6.81
682 0.01158847486179224 6.82
683 0.01159831172599072 6.83
684 0.01160839013170539 6.84
685 0.01161861910308863 6.850000000000001
686 0.01163511212530048 6.86
687 0.01164326294975319 6.87
688 0.01165149807735389 6.88
689 0.01166502601565764 6.890000000000001
690 0.01167169845467236 6.9
691 0.0116788683220991 6.91
692 0.01168641678446859 6.92
693 0.01170023967065836 6.93
694 0.01170749936758988 6.94
695 0.01171496177086023 6.95
696 0.01172852092993844 6.96
697 0.0117349813376762 6.97
698 0.01174598619428758 6.98
699 0.01175107878082767 6.99
700 0.011762215394392 7
701 0.0117676120207377 7.01
702 0.01177841091766251 7.02
703 0.01178383478858164 7.03
704 0.0117902173343864 7.04
705 0.01180261514292608 7.05
706 0.01180942051812313 7.06
707 0.01181725840884224 7.07
708 0.01182571135988949 7.08
709 0.01183457912292816 7.09
710 0.01184340213969177 7.100000000000001
711 0.0118528808793465 7.11
712 0.01186318386275858 7.12
713 0.01187388435876996 7.13
714 0.01188478045691232 7.140000000000001
715 0.01189571935228958 7.15
716 0.01190666963968704 7.16
717 0.01191785617604859 7.17
718 0.01192835841551672 7.18
719 0.01193881776435748 7.19
720 0.01194908518881148 7.2
721 0.01195890899629912 7.21
722 0.01196864091349254 7.22
723 0.01197804873073795 7.23
724 0.01198779263975952 7.24
725 0.01199751990391158 7.25
726 0.01200739828194421 7.26
727 0.01201708915268962 7.27
728 0.01202672078500889 7.28
729 0.01203589997783903 7.29
730 0.01203897237463677 7.3
731 0.01205104327506432 7.31
732 0.01206310808307538 7.32
733 0.01207485347874838 7.33
734 0.01208592722907144 7.34
735 0.01209625875882674 7.350000000000001
736 0.01210602474640844 7.36
737 0.01211508469585952 7.37
738 0.01212414661585572 7.38
739 0.01213281722683318 7.390000000000001
740 0.01214757191049253 7.4
741 0.01215474821560405 7.41
742 0.0121621938652863 7.42
743 0.01217519659278669 7.43
744 0.01218153467261753 7.44
745 0.01219370673584389 7.45
746 0.01220011191502529 7.46
747 0.01221256404073478 7.47
748 0.01221907053350156 7.48
749 0.01223168631151974 7.49
750 0.01223846477952247 7.5
751 0.01225025845260954 7.51
752 0.01226195793624978 7.52
753 0.01226793296438571 7.53
754 0.01228194443900271 7.54
755 0.012289144266456 7.55
756 0.01230437847873547 7.56
757 0.01231220768004253 7.57
758 0.01232084812637029 7.58
759 0.0123360539536709 7.59
760 0.01234330969708306 7.600000000000001
761 0.012352151990355 7.61
762 0.01236168874571591 7.62
763 0.01237079261855357 7.63
764 0.01238074941015585 7.640000000000001
765 0.01239106655665076 7.65
766 0.01240173642945983 7.66
767 0.01241229704605779 7.67
768 0.01242243792181934 7.68
769 0.01243185081000773 7.69
770 0.01243377915720072 7.7
771 0.01244600848063811 7.71
772 0.01244950877189603 7.72
773 0.01246372750392066 7.73
774 0.01246830774492729 7.74
775 0.01248477873828169 7.75
776 0.01249029204574934 7.76
777 0.01249704703071058 7.77
778 0.0125162410370794 7.78
779 0.01252311403094779 7.79
780 0.0125312246015062 7.8
781 0.01254030545616793 7.81
782 0.0125504274274083 7.82
783 0.0125718094430748 7.83
784 0.01257920093834241 7.84
785 0.01258706292173832 7.850000000000001
786 0.01259540770707397 7.86
787 0.01260437763662111 7.87
788 0.01262529374841585 7.88
789 0.01263243881463137 7.890000000000001
790 0.01264064609290214 7.9
791 0.01264923430738657 7.91
792 0.01267009947840158 7.92
793 0.01267738249176066 7.930000000000001
794 0.01268501374257762 7.94
795 0.01269222931639777 7.95
796 0.01271113413190123 7.96
797 0.01271818073909175 7.97
798 0.01273581946623998 7.98
799 0.01274176481730443 7.99
800 0.01275703526496663 8
801 0.0127614780581052 8.01
802 0.01277580742164065 8.02
803 0.01278917569316975 8.029999999999999
804 0.01280050591487545 8.040000000000001
805 0.01281058865704393 8.050000000000001
806 0.01281954676643865 8.06
807 0.01282800516791549 8.07
808 0.01283585687148763 8.08
809 0.01284400918616587 8.09
810 0.01285261019361837 8.1
811 0.01286143815108418 8.109999999999999
812 0.01287096370608807 8.120000000000001
813 0.01288088563501265 8.130000000000001
814 0.01289040065971609 8.140000000000001
815 0.01290048848218791 8.15
816 0.01291142965455157 8.16
817 0.01292427893050931 8.17
818 0.0129362420173014 8.18
819 0.01294772218951964 8.19
820 0.01295868401567391 8.199999999999999
821 0.01296905215740214 8.210000000000001
822 0.01297906880309041 8.220000000000001
823 0.01298887100626345 8.23
824 0.01299863172718968 8.24
825 0.01300862152643506 8.25
826 0.01301890360703244 8.26
827 0.013029044947321 8.27
828 0.01304030555022772 8.279999999999999
829 0.01305102655523406 8.290000000000001
830 0.01306062704340665 8.300000000000001
831 0.01307083426418415 8.31
832 0.01307477866152861 8.32
833 0.01308824985153996 8.33
834 0.01310113504389827 8.34
835 0.01310528846411198 8.35
836 0.01312098679268079 8.359999999999999
837 0.01313568789415728 8.370000000000001
838 0.01314068004685295 8.380000000000001
839 0.01315509539915585 8.390000000000001
840 0.01316047241681922 8.4
841 0.01317593302971518 8.41
842 0.01318191696053989 8.42
843 0.01319868145951783 8.43
844 0.01320608434376125 8.44
845 0.01321503751338376 8.449999999999999
846 0.01323416478541675 8.460000000000001
847 0.01324229660039243 8.470000000000001
848 0.01325106661707743 8.48
849 0.013260055209536 8.49
850 0.01327028232569872 8.5
851 0.01328999954640559 8.51
852 0.01329694277667716 8.52
853 0.0133042743952821 8.529999999999999
854 0.01331213992674661 8.540000000000001
855 0.0133301742189314 8.550000000000001
856 0.01333744341191395 8.56
857 0.01334524782368837 8.57
858 0.01336196460891562 8.58
859 0.01336864467438924 8.59
860 0.01338366382343131 8.6
861 0.01338857020332633 8.609999999999999
862 0.01340219913153587 8.620000000000001
863 0.01341519496911706 8.630000000000001
864 0.01341941607993693 8.640000000000001
865 0.01343198505011112 8.65
866 0.0134438838760771 8.66
867 0.01345545663615598 8.67
868 0.01346667771283261 8.68
869 0.0134783051166271 8.69
870 0.01348890510478153 8.700000000000001
871 0.01349926583261441 8.710000000000001
872 0.01350991172100148 8.720000000000001
873 0.01352241312919475 8.73
874 0.01353577047854744 8.74
875 0.01354762966032799 8.75
876 0.01355975357289865 8.76
877 0.01357312671452387 8.77
878 0.01358553435960284 8.779999999999999
879 0.01359708919378626 8.790000000000001
880 0.01361010142264587 8.800000000000001
881 0.01362177441600507 8.81
882 0.01363116967741827 8.82
883 0.01363490631234758 8.83
884 0.01364782424377441 8.84
885 0.01365220323816809 8.85
886 0.01366719005090984 8.859999999999999
887 0.01367264343406483 8.870000000000001
888 0.01368858445149708 8.880000000000001
889 0.01369374562362764 8.890000000000001
890 0.01370977904115361 8.9
891 0.01371587481666364 8.91
892 0.01372333368743471 8.92
893 0.01374082773598991 8.93
894 0.01374746213140588 8.94
895 0.0137550749088956 8.950000000000001
896 0.01376358491744093 8.960000000000001
897 0.01377301997365646 8.970000000000001
898 0.01378341932238998 8.98
899 0.01379476329444761 8.99
900 0.01380679268548078 9
901 0.01382709569706546 9.01
902 0.01383381388433611 9.02
903 0.01383989032558349 9.029999999999999
904 0.01384851864775834 9.040000000000001
905 0.01385879321059352 9.050000000000001
906 0.01387107048814378 9.06
907 0.01388401700534552 9.07
908 0.01389730549106375 9.08
909 0.01391081882169914 9.09
910 0.01392433703197042 9.1
911 0.0139379392224417 9.109999999999999
912 0.01395148386620244 9.120000000000001
913 0.0139646986410626 9.130000000000001
914 0.01397812097717667 9.140000000000001
915 0.01399042696315501 9.15
916 0.01401308290279112 9.16
917 0.01402129038371172 9.17
918 0.01402941907087037 9.18
919 0.0140378300288519 9.19
920 0.01404728336956482 9.200000000000001
921 0.01406580183862443 9.210000000000001
922 0.01407176129222327 9.220000000000001
923 0.01407842598517718 9.23
924 0.0140864615039005 9.24
925 0.01410413381402472 9.25
926 0.01411072477985652 9.26
927 0.01411886131159945 9.27
928 0.01412691345748143 9.279999999999999
929 0.01414456952242872 9.290000000000001
930 0.01415230224084131 9.300000000000001
931 0.01416853836442908 9.31
932 0.01417440866778567 9.32
933 0.01418867817053357 9.33
934 0.01419379650965828 9.34
935 0.01420682112509792 9.35
936 0.01421112296441875 9.359999999999999
937 0.01422505306516482 9.370000000000001
938 0.0142307350030982 9.380000000000001
939 0.01424750889829403 9.390000000000001
940 0.01426284441153641 9.4
941 0.0142764502100732 9.41
942 0.01428123658433466 9.42
943 0.01429629320506709 9.43
944 0.01431034854009017 9.44
945 0.01431573863060821 9.450000000000001
946 0.01433171071507084 9.460000000000001
947 0.01434645798175389 9.470000000000001
948 0.01435241454695725 9.48
949 0.01436815682790403 9.49
950 0.01438206881889407 9.5
951 0.01439573431066854 9.51
952 0.01440092765599972 9.52
953 0.01441574253643255 9.529999999999999
954 0.01442897187891934 9.540000000000001
955 0.01443416173961647 9.550000000000001
956 0.01444918919803535 9.56
957 0.01446250469567564 9.57
958 0.01446723559601554 9.58
959 0.01448141210030445 9.59
960 0.01448796188623774 9.6
961 0.01450414625665859 9.609999999999999
962 0.01450984604644235 9.620000000000001
963 0.01451729057302191 9.630000000000001
964 0.01453550526185944 9.640000000000001
965 0.01454334737074158 9.65
966 0.01455208085775984 9.66
967 0.01456187251424871 9.67
968 0.01458204583637403 9.68
969 0.01458926671080782 9.69
970 0.01459732421121828 9.700000000000001
971 0.01460616259793838 9.710000000000001
972 0.0146159648804807 9.720000000000001
973 0.01462640340720444 9.73
974 0.01463718049640068 9.74
975 0.01464885772586516 9.75
976 0.01466318442407552 9.76
977 0.01467689382369974 9.77
978 0.01469024177817473 9.779999999999999
979 0.01470218888082726 9.790000000000001
980 0.01471343024906282 9.800000000000001
981 0.01472419215455404 9.81
982 0.01473459716274794 9.82
983 0.01474483307773441 9.83
984 0.01475499740475876 9.84
985 0.01476553555404077 9.85
986 0.01478687746788687 9.859999999999999
987 0.01479621138065513 9.870000000000001
988 0.01480605205687365 9.880000000000001
989 0.01482540867065067 9.890000000000001
990 0.01483286183478784 9.9
991 0.0148495428205126 9.91
992 0.01485505078998011 9.92
993 0.01486913971751564 9.93
994 0.01487393229106452 9.94
995 0.0148868297252946 9.950000000000001
996 0.01489173878225163 9.960000000000001
997 0.01490738518909952 9.970000000000001
998 0.01491398463200068 9.98
999 0.01492904817883189 9.99
1000 0.01493549444273749 10
1001 0.01495191848466343 10.01
1002 0.01495861525859895 10.02
1003 0.01497459301171135 10.03
1004 0.01498150948919146 10.04
1005 0.01499922823948916 10.05
1006 0.01500599175191336 10.06
1007 0.01502195346323996 10.07
1008 0.01502779971953313 10.08
1009 0.01504324443311998 10.09
1010 0.01504759015961343 10.1
1011 0.01505296332858277 10.11
1012 0.01507000692988115 10.12
1013 0.01507649967013766 10.13
1014 0.01508488907064912 10.14
1015 0.01510562435478822 10.15
1016 0.01511301127971699 10.16
1017 0.01512147490192025 10.17
1018 0.01513166561046621 10.18
1019 0.01515129476685489 10.19
1020 0.01515811845586518 10.2
1021 0.01516616632639585 10.21
1022 0.01517475829047807 10.22
1023 0.01518586953616832 10.23
1024 0.01519584512694419 10.24
1025 0.0152168852851957 10.25
1026 0.0152233205883925 10.26
1027 0.0152315992100955 10.27
1028 0.01523966870031473 10.28
1029 0.01525095601432987 10.29
1030 0.01526143716408402 10.3
1031 0.01528395423830298 10.31
1032 0.01529146533542676 10.32
1033 0.0152998700385013 10.33
1034 0.01530907003600295 10.34
1035 0.01531845255146204 10.35
1036 0.01532871467412886 10.36
1037 0.01534015881543159 10.37
1038 0.01535141357811017 10.38
1039 0.0153625762624389 10.39
1040 0.01537367476455767 10.4
1041 0.01538504735806129 10.41
1042 0.01539666254312099 10.42
1043 0.01540732317078106 10.43
1044 0.01541585359957734 10.44
1045 0.01542459322597615 10.45
1046 0.01543337001123734 10.46
1047 0.01544226081811294 10.47
1048 0.0154529024556318 10.48
1049 0.01546433946629605 10.49
1050 0.01547640792813039 10.5
1051 0.01548831107360334 10.51
1052 0.01550010198800631 10.52
1053 0.01551130403285684 10.53
1054 0.01552215060435746 10.54
1055 0.01553308044754192 10.55
1056 0.01554437982175437 10.56
1057 0.01555469844407469 10.57
1058 0.01556411426013391 10.58
1059 0.01557279637733747 10.59
1060 0.01558310651810357 10.6
1061 0.01559336662081283 10.61
1062 0.0156040893348448 10.62
1063 0.0156155323133917 10.63
1064 0.0156258403275563 10.64
1065 0.01563623449627247 10.65
1066 0.0156468302347272 10.66
1067 0.01566851280866811 10.67
1068 0.0156763722307662 10.68
1069 0.01568419952957258 10.69
1070 0.01569109470163068 10.7
1071 0.0157076079981633 10.71
1072 0.01571404621670559 10.72
1073 0.01572198549812448 10.73
1074 0.01573846912219673 10.74
1075 0.01574374538428548 10.75
1076 0.01575726592909684 10.76
1077 0.01576180684783124 10.77
1078 0.01577631296301684 10.78
1079 0.01578137970539866 10.79
1080 0.01579570865421707 10.8
1081 0.0158016291634212 10.81
1082 0.01580815416952213 10.82
1083 0.01582333828204475 10.83
1084 0.01582865366808792 10.84
1085 0.01583523157052404 10.85
1086 0.01584229452718876 10.86
1087 0.01585985043306655 10.87
1088 0.01586687363412411 10.88
1089 0.01587518117275692 10.89
1090 0.01588393185717988 10.9
1091 0.01590268191333381 10.91
1092 0.01590886874531611 10.92
1093 0.01591539278822836 10.93
1094 0.01592284055507013 10.94
1095 0.0159315864069678 10.95
1096 0.01594096018207762 10.96
1097 0.01595103325089282 10.97
1098 0.01596151791468992 10.98
1099 0.01597185996963666 10.99
1100 0.01598277972788158 11
1101 0.01599489706008928 11.01
1102 0.01600671024337868 11.02
1103 0.01601730744433982 11.03
1104 0.01602717516674427 11.04
1105 0.01603599113791337 11.05
1106 0.01604458527018576 11.06
1107 0.01605199395260603 11.07
1108 0.01605978112880268 11.08
1109 0.0160679981484005 11.09
1110 0.01607638785180353 11.1
1111 0.01608490795441888 11.11
1112 0.01609326918434176 11.12
1113 0.01610206235462224 11.13
1114 0.01611101152907384 11.14
1115 0.01612026338457221 11.15
1116 0.01612864112352399 11.16
1117 0.0161378823149403 11.17
1118 0.0161469171161983 11.18
1119 0.01615538180548651 11.19
1120 0.01616388227639421 11.2
1121 0.0161811048813422 11.21
1122 0.01618739901889665 11.22
1123 0.0161935077147375 11.23
1124 0.01619883334419836 11.24
1125 0.01620548344658622 11.25
1126 0.0162141003694745 11.26
1127 0.0162318011014879 11.27
1128 0.01623841656662803 11.28
1129 0.01624508411112062 11.29
1130 0.0162518159468471 11.3
1131 0.01625877884327662 11.31
1132 0.01627403963363903 11.32
1133 0.01627998097010018 11.33
1134 0.01628415416497152 11.34
1135 0.01628862822022036 11.35
1136 0.01629426349517406 11.36
1137 0.01630879202993964 11.37
1138 0.01631383762514413 11.38
1139 0.0163193675731793 11.39
1140 0.0163253117169714 11.4
1141 0.01633169275276895 11.41
1142 0.01633845579424262 11.42
1143 0.01634562317657524 11.43
1144 0.01635366101016907 11.44
1145 0.01636196326764283 11.45
1146 0.01637018984370801 11.46
1147 0.01638599510945925 11.47
1148 0.016390938589506 11.48
1149 0.01639591378311464 11.49
1150 0.01640053210446388 11.5
1151 0.01640569058344496 11.51
1152 0.01640859777520945 11.52
1153 0.01641320250096186 11.53
1154 0.01641852631999345 11.54
1155 0.01642430535255879 11.55
1156 0.01643072911479393 11.56
1157 0.01643760539807848 11.57
1158 0.01644490216512226 11.58
1159 0.01645295499081629 11.59
1160 0.01646082599576794 11.6
1161 0.01646829276127904 11.61
1162 0.01647519110761759 11.62
1163 0.01648166942991993 11.63
1164 0.016487661788047 11.64
1165 0.01649324683004055 11.65
1166 0.01649823563234625 11.66
1167 0.01650326784228367 11.67
1168 0.01650839556613798 11.68
1169 0.01651294121836125 11.69
1170 0.01651776822766961 11.7
1171 0.01652326965160527 11.71
1172 0.01652745278855041 11.72
1173 0.01653184228874816 11.73
1174 0.01653688082259623 11.74
1175 0.01654310967253671 11.75
1176 0.01654908723247811 11.76
1177 0.0165544474474834 11.77
1178 0.01655929555377687 11.78
1179 0.01656408049872934 11.79
1180 0.01656815771461621 11.8
1181 0.01657144443051389 11.81
1182 0.01657525994824496 11.82
1183 0.01657837298835818 11.83
1184 0.01658130655601692 11.84
1185 0.01658420482703056 11.85
1186 0.0165873547575139 11.86
1187 0.01659073759797642 11.87
1188 0.01659487639806878 11.88
1189 0.01659930898567811 11.89
1190 0.01660385044839729 11.9
1191 0.01660908393396789 11.91
1192 0.01661390628819572 11.92
1193 0.01661849544788693 11.93
1194 0.01662302515989018 11.94
1195 0.01662744729463597 11.95
1196 0.01663136058097605 11.96
1197 0.01663412632869994 11.97
1198 0.0166374270211932 11.98
1199 0.01663920643800927 11.99
1200 0.01664190399611645 12
1201 0.01664491288536048 12.01
1202 0.01664760283219217 12.02
1203 0.01665000455973004 12.03
1204 0.01665122534954669 12.04
1205 0.01665327636419123 12.05
1206 0.01665548153955809 12.06
1207 0.01665802165445066 12.07
1208 0.01665958718018579 12.08
1209 0.01666220488913389 12.09
1210 0.01666514726358611 12.1
1211 0.01666747948108672 12.11
1212 0.01666975632714155 12.12
1213 0.01667152760668531 12.13
1214 0.01667912581348965 12.14
1215 0.01667969024875995 12.15
1216 0.01668010454601075 12.16
1217 0.01667888230622035 12.17
1218 0.01668290261828954 12.18
1219 0.01668118400308254 12.19
1220 0.01667982487239187 12.2
1221 0.01667865469357174 12.21
1222 0.01668358248565227 12.22
1223 0.01668401833388137 12.23
1224 0.01668427337031946 12.24
1225 0.01668433752382143 12.25
1226 0.01668511140601295 12.26
1227 0.01668517561267517 12.27
1228 0.01668669803549042 12.28
1229 0.01668806214741744 12.29
1230 0.01669076253831893 12.3
1231 0.0166934292754369 12.31
1232 0.01669607328620747 12.32
1233 0.01669824744920771 12.33
1234 0.01670085154624306 12.34
1235 0.01670305745727173 12.35
1236 0.01670382985736443 12.36
1237 0.01670440791932408 12.37
1238 0.01670519208354215 12.38
1239 0.01670460110196333 12.39
1240 0.01671034616999106 12.4
1241 0.01671100282671488 12.41
1242 0.0167104427717258 12.42
1243 0.01670955420713022 12.43
1244 0.01670864940405678 12.44
1245 0.01670730196120657 12.45
1246 0.01670556365070928 12.46
1247 0.01670624358631066 12.47
1248 0.01670693531757796 12.48
1249 0.01670772754358008 12.49
1250 0.01670797191373337 12.5
1251 0.01670884043616769 12.51
1252 0.01671021093790355 12.52
1253 0.01671109256332903 12.53
1254 0.01671185448476608 12.54
1255 0.01671213225849896 12.55
1256 0.0167126897479578 12.56
1257 0.01671304154604034 12.57
1258 0.01671398654884479 12.58
1259 0.01671543418484856 12.59
1260 0.01671660733525941 12.6
1261 0.01671766204039847 12.61
1262 0.01671722697177646 12.62
1263 0.01671694297395123 12.63
1264 0.0167173494316471 12.64
1265 0.01671752962317306 12.65
1266 0.01671755449446526 12.66
1267 0.01671713015497426 12.67
1268 0.01671659088609496 12.68
1269 0.01671629425194347 12.69
1270 0.01671574487543276 12.7
1271 0.01671657375972252 12.71
1272 0.01671694298593565 12.72
1273 0.01671740568490355 12.73
1274 0.01671571896172981 12.74
1275 0.0167139096523188 12.75
1276 0.01671212200406028 12.76
1277 0.01670910752299843 12.77
1278 0.01670795429768469 12.78
1279 0.01670612665861333 12.79
1280 0.01670465549517187 12.8
1281 0.01670411181385944 12.81
1282 0.01670411405460239 12.82
1283 0.01670485072258544 12.83
1284 0.0167046300501415 12.84
1285 0.01670456519954931 12.85
1286 0.01670424002968887 12.86
1287 0.01670357620392696 12.87
1288 0.01670254750361197 12.88
1289 0.01670134004259687 12.89
1290 0.01670027606890851 12.9
1291 0.01669947557254532 12.91
1292 0.01669906387718997 12.92
1293 0.01669855567327175 12.93
1294 0.0166964438665856 12.94
1295 0.01669460766298951 12.95
1296 0.01669430468523735 12.96
1297 0.01669275095847202 12.97
1298 0.01669222468433275 12.98
1299 0.01669339001578924 12.99
1300 0.01669434964189183 13
1301 0.01669429570119264 13.01
1302 0.01669403751689608 13.02
1303 0.01669308470872395 13.03
1304 0.01669036597776142 13.04
1305 0.01668757119687432 13.05
1306 0.01668485108479197 13.06
1307 0.01668242970905242 13.07
1308 0.01668063579295138 13.08
1309 0.01668141769107898 13.09
1310 0.01668154596076455 13.1
1311 0.01668304859781687 13.11
1312 0.01668128653390757 13.12
1313 0.01667926609093768 13.13
1314 0.01667864231139226 13.14
1315 0.01667766294382491 13.15
1316 0.01667430992177912 13.16
1317 0.01667397684491131 13.17
1318 0.01667283883789059 13.18
1319 0.01667261966579259 13.19
1320 0.01667293101823532 13.2
1321 0.01667489434775069 13.21
1322 0.01667331189247539 13.22
1323 0.01667374028852375 13.23
1324 0.01667542310665798 13.24
1325 0.01667464941952854 13.25
1326 0.0166727666699176 13.26
1327 0.01667145725011826 13.27
1328 0.01667050022926563 13.28
1329 0.01667073551840016 13.29
1330 0.01667177118328032 13.3
1331 0.01667113946010959 13.31
1332 0.01667004499705009 13.32
1333 0.0166705402749929 13.33
1334 0.01667190568192568 13.34
1335 0.01667252386463772 13.35
1336 0.01667432300017361 13.36
1337 0.01667545310295995 13.37
1338 0.01667493322727916 13.38
1339 0.01667858675193428 13.39
1340 0.01668326011359161 13.4
1341 0.01668625040046255 13.41
1342 0.01668877725396865 13.42
1343 0.01669146707950547 13.43
1344 0.01669609785008698 13.44
1345 0.01669931290225615 13.45
1346 0.01670147002681201 13.46
1347 0.01670055285282297 13.47
1348 0.01670599153251146 13.48
1349 0.01671106800835458 13.49
1350 0.01671632493522837 13.5
1351 0.01672448096434332 13.51
1352 0.0167308288335702 13.52
1353 0.01672860072682202 13.53
1354 0.01673159585761159 13.54
1355 0.016735641621766 13.55
1356 0.01673550041551567 13.56
1357 0.01673986880620975 13.57
1358 0.01675096882214876 13.58
1359 0.01675071093772611 13.59
1360 0.01675804193774729 13.6
1361 0.01676026693911709 13.61
1362 0.01676417102222853 13.62
1363 0.01676325761556693 13.63
1364 0.01676786250260147 13.64
1365 0.01676786870087072 13.65
1366 0.01677274756092224 13.66
1367 0.01677282004314596 13.67
1368 0.01677890694251701 13.68
1369 0.01678381668005256 13.69
1370 0.01678222796658985 13.7
1371 0.01678847397632097 13.71
1372 0.01678951744672068 13.72
1373 0.01679431246615041 13.73
1374 0.01680189332307144 13.74
1375 0.01680619123780413 13.75
1376 0.01680938155174222 13.76
1377 0.01681511724868903 13.77
1378 0.01681340452408817 13.78
1379 0.01681700840759043 13.79
1380 0.01681812736261823 13.8
1381 0.01681332070529149 13.81
1382 0.01681191748979899 13.82
1383 0.01680277634177115 13.83
1384 0.01680162807859928 13.84
1385 0.01679501401358057 13.85
1386 0.01679562403138001 13.86
1387 0.01679843241516343 13.87
1388 0.01680224766957758 13.88
1389 0.01680470829177618 13.89
1390 0.01680222084425633 13.9
1391 0.016796527357692 13.91
1392 0.01679199765454287 13.92
1393 0.0167806423264692 13.93
1394 0.01678827567425248 13.94
1395 0.01680081618528119 13.95
1396 0.01680487941827563 13.96
1397 0.01680645275004251 13.97
1398 0.01681063052294603 13.98
1399 0.01680332793702478 13.99
1400 0.01679400827409048 14
1401 0.01678835450984726 14.01
1402 0.01677309471454037 14.02
1403 0.01677450346575441 14.03
1404 0.01678684445130025 14.04
1405 0.01679779266659913 14.05
1406 0.01680948051403208 14.06
1407 0.01682318512687025 14.07
1408 0.01681957221559277 14.08
1409 0.01682435863592285 14.09
1410 0.01682089324907857 14.1
1411 0.01682462940108641 14.11
1412 0.01682219956358521 14.12
1413 0.01682904209515399 14.13
1414 0.01684458875629532 14.14
1415 0.01685132159501649 14.15
1416 0.01686276240216548 14.16
1417 0.01686621499306693 14.17
1418 0.01687686575611229 14.18
1419 0.01688686055092787 14.19
1420 0.01690065183873736 14.2
1421 0.01691390912904401 14.21
1422 0.01693073203652193 14.22
1423 0.01695839507993713 14.23
1424 0.01697029932557225 14.24
1425 0.01698036496499724 14.25
1426 0.01698899503927718 14.26
1427 0.01700464150745549 14.27
1428 0.01702445558622276 14.28
1429 0.01702911968961188 14.29
1430 0.0170428764941482 14.3
1431 0.01705009752165909 14.31
1432 0.01707267636523436 14.32
1433 0.01709880390732395 14.33
1434 0.01712181312921472 14.34
1435 0.01714629971850891 14.35
1436 0.01716084281613282 14.36
1437 0.0171786791409678 14.37
1438 0.01720306557350764 14.38
1439 0.0172320719614225 14.39
1440 0.01726547477739809 14.4
1441 0.01728833795987552 14.41
1442 0.01729537834531552 14.42
1443 0.01729924895308908 14.43
1444 0.017320669702368 14.44
1445 0.01733234857687969 14.45
1446 0.01734211697078045 14.46
1447 0.01735095462188091 14.47
1448 0.01737198693190349 14.48
1449 0.01739568340594654 14.49
1450 0.01741452630984786 14.5
1451 0.01744919171424844 14.51
1452 0.01747208103016533 14.52
1453 0.01749682449262793 14.53
1454 0.01751961786046116 14.54
1455 0.01753811520336324 14.55
1456 0.01754417898442309 14.56
1457 0.01757097057110442 14.57
1458 0.01757755319545195 14.58
1459 0.01757633018499238 14.59
1460 0.01757853689160113 14.6
1461 0.01758541384440116 14.61
1462 0.01758275760351381 14.62
1463 0.01758248094158598 14.63
1464 0.01759088668303948 14.64
1465 0.017617210421663 14.65
1466 0.01763223231830404 14.66
1467 0.01765149089080212 14.67
1468 0.01766271945386768 14.68
1469 0.01766997005786316 14.69
1470 0.0176755270246852 14.7
1471 0.01767917957576859 14.71
1472 0.01767016938886322 14.72
1473 0.01766325761911778 14.73
1474 0.01765292212784965 14.74
1475 0.01764794046201204 14.75
1476 0.01763108933140536 14.76
1477 0.01761649784990279 14.77
1478 0.01762004439948735 14.78
1479 0.0176182790431595 14.79
1480 0.01761876226308274 14.8
1481 0.01761205850508916 14.81
1482 0.0176058858354185 14.82
1483 0.01761275130934098 14.83
1484 0.01762094574903744 14.84
1485 0.01761826800361962 14.85
1486 0.01758329040058162 14.86
1487 0.01759762537363902 14.87
1488 0.01756592325218505 14.88
1489 0.01754818799952916 14.89
1490 0.01753767685602897 14.9
1491 0.0175432601532857 14.91
1492 0.01753974215051909 14.92
1493 0.01752866379524926 14.93
1494 0.01751907786244786 14.94
1495 0.01752117953210053 14.95
1496 0.01751135648749452 14.96
1497 0.01750190850613816 14.97
1498 0.01748562065983061 14.98
1499 0.01748443608030866 14.99
1500 0.01747981843276966 15
1501 0.01748191969696485 15.01
1502 0.01746210859623312 15.02
1503 0.01746008333264094 15.03
1504 0.01746079628180233 15.04
1505 0.01744459366636715 15.05
1506 0.01743758049463259 15.06
1507 0.01744744367030683 15.07
1508 0.01745983048276357 15.08
1509 0.01745809877481103 15.09
1510 0.01744502515723656 15.1
1511 0.01741600197944466 15.11
1512 0.01739250519501043 15.12
1513 0.0173841225488577 15.13
1514 0.01739120988417895 15.14
1515 0.01738960782495976 15.15
1516 0.01738009306162906 15.16
1517 0.01737523551082789 15.17
1518 0.01738600968542574 15.18
1519 0.01742049616588542 15.19
1520 0.01742644687375949 15.2
1521 0.0174107865458009 15.21
1522 0.01739265640026058 15.22
1523 0.01738460250136087 15.23
1524 0.01737671144893074 15.24
1525 0.01736598361249237 15.25
1526 0.01735621627774123 15.26
1527 0.01737138625200154 15.27
1528 0.01737525861668988 15.28
1529 0.01737562424392849 15.29
1530 0.01736596762888559 15.3
1531 0.0173664415208945 15.31
1532 0.01735665023894787 15.32
1533 0.01733844123268245 15.33
1534 0.01732904820150126 15.34
1535 0.01732695290868504 15.35
1536 0.0173173546487204 15.36
1537 0.01732894559721586 15.37
1538 0.01732042599065068 15.38
1539 0.01732999505657841 15.39
1540 0.01733910351945421 15.4
1541 0.01733636427085865 15.41
1542 0.01733266423315413 15.42
1543 0.01734431441027828 15.43
1544 0.01733902253417106 15.44
1545 0.0173473766087022 15.45
1546 0.01731488285671918 15.46
1547 0.01730860752533799 15.47
1548 0.01728157492579718 15.48
1549 0.01727756627563453 15.49
1550 0.01728040451331988 15.5
1551 0.0172910196104003 15.51
1552 0.01728686514353045 15.52
1553 0.01727458980894186 15.53
1554 0.01728047446679361 15.54
1555 0.01727415748160712 15.55
1556 0.01726705810971432 15.56
1557 0.01724629539881234 15.57
1558 0.01723609288228864 15.58
1559 0.01722720850443139 15.59
1560 0.01722518459944713 15.6
1561 0.01720348435642659 15.61
1562 0.01718343960382601 15.62
1563 0.01719087720260172 15.63
1564 0.01717621327368409 15.64
1565 0.01719092207387688 15.65
1566 0.01722586369547447 15.66
1567 0.017237136745474 15.67
1568 0.01725516279403076 15.68
1569 0.01723972688185151 15.69
1570 0.01722718563220825 15.7
1571 0.01720635262466062 15.71
1572 0.01716786191302234 15.72
1573 0.01715083199344476 15.73
1574 0.01712309963609786 15.74
1575 0.01711714761894132 15.75
1576 0.01711470276928668 15.76
1577 0.01709510535866308 15.77
1578 0.01708314060101309 15.78
1579 0.01707987811893967 15.79
1580 0.01708545973955437 15.8
1581 0.01708696499336158 15.81
1582 0.01709276477963276 15.82
1583 0.01709476637756471 15.83
1584 0.0170934064789845 15.84
1585 0.01709300361084065 15.85
1586 0.01708608721713107 15.86
1587 0.01708449488388486 15.87
1588 0.01708160035096862 15.88
1589 0.01708070766335069 15.89
1590 0.01707800610472045 15.9
1591 0.01709940390651015 15.91
1592 0.01710973504043474 15.92
1593 0.01710149669103672 15.93
1594 0.0170856415860492 15.94
1595 0.01706080655675436 15.95
1596 0.01703766344448366 15.96
1597 0.01700400225557468 15.97
1598 0.01698686494165786 15.98
1599 0.01698668827448418 15.99
1600 0.0169801150582353 16
1601 0.01697623781478868 16.01
1602 0.01699272729247747 16.02
1603 0.01699233810240639 16.03
1604 0.0169902405909994 16.04
1605 0.01698682915886816 16.05
1606 0.01698065852482462 16.06
1607 0.01697070658492309 16.07
1608 0.0169608331868321 16.08
1609 0.01695673818403224 16.09
1610 0.0169342899895205 16.1
1611 0.01691786060901328 16.11
1612 0.01690241539517702 16.12
1613 0.0168995396309866 16.13
1614 0.01687612751395641 16.14
1615 0.01685978706493088 16.15
1616 0.0168624068815142 16.16
1617 0.0168457408089096 16.17
1618 0.01683907159886857 16.18
1619 0.0168314950889966 16.19
1620 0.01681843723906667 16.2
1621 0.01681902594748927 16.21
1622 0.01679960482721612 16.22
1623 0.01678797693824959 16.23
1624 0.01677134361560715 16.24
1625 0.01675025006346416 16.25
1626 0.0167392378869225 16.26
1627 0.01672843542419331 16.27
1628 0.01671187041927553 16.28
1629 0.01670065333282641 16.29
1630 0.01669043795124277 16.3
1631 0.01668331337312024 16.31
1632 0.01666790642776578 16.32
1633 0.01665352290948629 16.33
1634 0.01664527904776681 16.34
1635 0.01662832454029421 16.35
1636 0.01661328158317271 16.36
1637 0.01660243650854782 16.37
1638 0.01658861243318436 16.38
1639 0.01657390762007177 16.39
1640 0.01655874518648713 16.4
1641 0.0165463162863577 16.41
1642 0.01653558866525012 16.42
1643 0.01653002529068215 16.43
1644 0.01653221535736782 16.44
1645 0.01652456220596298 16.45
1646 0.01652425637746445 16.46
1647 0.01652281283534643 16.47
1648 0.01650959458793343 16.48
1649 0.0164898167991272 16.49
1650 0.01648084675850573 16.5
1651 0.01647737588541981 16.51
1652 0.01647573260506478 16.52
1653 0.01646610001698698 16.53
1654 0.01645845689002307 16.54
1655 0.01644268145180642 16.55
1656 0.01643194737423303 16.56
1657 0.01641605638833025 16.57
1658 0.01640242673775721 16.58
1659 0.01639083437047284 16.59
1660 0.0163751337862029 16.6
1661 0.01635059185146899 16.61
1662 0.01632979681888041 16.62
1663 0.01632345930065492 16.63
1664 0.0163159588102595 16.64
1665 0.01631314935462976 16.65
1666 0.0163118977887579 16.66
1667 0.01630809575073492 16.67
1668 0.01631746501385392 16.68
1669 0.01632234450537964 16.69
1670 0.01631947154185495 16.7
1671 0.01633410793416409 16.71
1672 0.01632918480703256 16.72
1673 0.01633713026268067 16.73
1674 0.01632562564638236 16.74
1675 0.01631167228178399 16.75
1676 0.0162997872733476 16.76
1677 0.01629269098735318 16.77
1678 0.01627149882102485 16.78
1679 0.01625625800669855 16.79
1680 0.01625953264563527 16.8
1681 0.01625964725263321 16.81
1682 0.01626950178362585 16.82
1683 0.01627445678901576 16.83
1684 0.01626931847174436 16.84
1685 0.01626277770904252 16.85
1686 0.01625145770814939 16.86
1687 0.01624458432557039 16.87
1688 0.01624600445582408 16.88
1689 0.01625186096594381 16.89
1690 0.01625226832874404 16.9
1691 0.01626004330870172 16.91
1692 0.0162701252616665 16.92
1693 0.01627319751312902 16.93
1694 0.01627627148713804 16.94
1695 0.016271782059592 16.95
1696 0.01626872367076217 16.96
1697 0.01626779747634098 16.97
1698 0.01625569613630697 16.98
1699 0.01624735539153225 16.99
1700 0.01624625818107242 17
1701 0.01624724651979622 17.01
1702 0.01624320947248713 17.02
1703 0.01624551007221148 17.03
1704 0.01623207957772146 17.04
1705 0.01622919014324916 17.05
1706 0.01623963376105563 17.06
1707 0.01622998932034806 17.07
1708 0.0162346129906546 17.08
1709 0.01623027213235659 17.09
1710 0.01621282757843287 17.1
1711 0.01620920500833969 17.11
1712 0.01619680769633594 17.12
1713 0.01617515185869717 17.13
1714 0.01616784633407902 17.14
1715 0.01616372377828044 17.15
1716 0.01616484432705708 17.16
1717 0.01616211620014183 17.17
1718 0.01614675406075053 17.18
1719 0.0161318719409662 17.19
1720 0.0161172953651182 17.2
1721 0.01610254711552436 17.21
1722 0.01608255633357528 17.22
1723 0.01605959058299522 17.23
1724 0.01604093950356517 17.24
1725 0.01601334583464096 17.25
1726 0.01599092755261862 17.26
1727 0.0159742473962269 17.27
1728 0.01596164080985204 17.28
1729 0.01594756145901555 17.29
1730 0.01594608941845918 17.3
1731 0.01594191683968794 17.31
1732 0.01592943448132437 17.32
1733 0.01592840612095864 17.33
1734 0.01592437397016861 17.34
1735 0.01592193939284809 17.35
1736 0.01591241663197738 17.36
1737 0.0159029544750043 17.37
1738 0.01589602951103357 17.38
1739 0.0158901184917432 17.39
1740 0.01586596403975662 17.4
1741 0.01585056353243108 17.41
1742 0.01582609560171762 17.42
1743 0.01580958468709012 17.43
1744 0.0158081805182845 17.44
1745 0.01580292319261811 17.45
1746 0.01580449941848613 17.46
1747 0.01580165430058567 17.47
1748 0.01579780020598207 17.48
1749 0.0157929292308961 17.49
1750 0.01579240184546375 17.5
1751 0.01579761224372093 17.51
1752 0.01580644660622069 17.52
1753 0.01580860259675587 17.53
1754 0.01581196522650158 17.54
1755 0.01580834026173254 17.55
1756 0.01579563315101619 17.56
1757 0.01579238038084193 17.57
1758 0.01580681011448758 17.58
1759 0.01581243880139756 17.59
1760 0.01582456618521795 17.6
1761 0.01583202524481316 17.61
1762 0.01583098356503389 17.62
1763 0.01582610127811017 17.63
1764 0.01580835768880158 17.64
1765 0.01579344448015558 17.65
1766 0.01579004854947623 17.66
1767 0.01578598304899523 17.67
1768 0.01577638236030331 17.68
1769 0.01576606784739058 17.69
1770 0.01575527468511192 17.7
1771 0.0157465640732855 17.71
1772 0.01574233641947527 17.72
1773 0.01573483869039228 17.73
1774 0.01571746586382212 17.74
1775 0.01570155244548994 17.75
1776 0.01568606333039694 17.76
1777 0.01567501307037287 17.77
1778 0.01565847181036122 17.78
1779 0.01565024185133169 17.79
1780 0.01564980332820508 17.8
1781 0.01564303405322201 17.81
1782 0.01563911883294644 17.82
1783 0.01562864312746727 17.83
1784 0.01561478607700456 17.84
1785 0.01560131717833728 17.85
1786 0.0155801537584052 17.86
1787 0.01556086455251726 17.87
1788 0.01555156664010618 17.88
1789 0.01554527848077918 17.89
1790 0.01554119645224527 17.9
1791 0.01552346789719371 17.91
1792 0.01550444590304121 17.92
1793 0.01548233024974512 17.93
1794 0.01547172396688858 17.94
1795 0.01546833649851381 17.95
1796 0.01547019208503688 17.96
1797 0.01547216149883567 17.97
1798 0.01549089914905103 17.98
1799 0.01549103149490531 17.99
1800 0.01547627352256783 18
1801 0.01545504728286479 18.01
1802 0.01543433105413685 18.02
1803 0.01540883902408646 18.03
1804 0.0153836364975545 18.04
1805 0.01537146918059251 18.05
1806 0.0153549483302365 18.06
1807 0.01534538710533594 18.07
1808 0.01533605160489466 18.08
1809 0.01532908641434548 18.09
1810 0.01531685247064507 18.1
1811 0.01532343912297558 18.11
1812 0.01532875446711681 18.12
1813 0.01532931634592501 18.13
1814 0.01533464737935293 18.14
1815 0.01533646250815908 18.15
1816 0.0153377503381995 18.16
1817 0.01533611021625745 18.17
1818 0.01533477534455582 18.18
1819 0.01533362127336382 18.19
1820 0.0153261779724435 18.2
1821 0.0153265424585156 18.21
1822 0.01532738997613554 18.22
1823 0.01532767247901011 18.23
1824 0.01532874002436261 18.24
1825 0.01533095494815569 18.25
1826 0.01533726464353431 18.26
1827 0.01533958304081998 18.27
1828 0.0153402290883992 18.28
1829 0.01531766058772065 18.29
1830 0.01529859320179431 18.3
1831 0.01529114895549096 18.31
1832 0.01528641138373269 18.32
1833 0.01528331665145329 18.33
1834 0.01527946072761696 18.34
1835 0.01526348121710188 18.35
1836 0.01526343858334047 18.36
1837 0.01525542304618585 18.37
1838 0.01525300163288137 18.38
1839 0.01524025397328708 18.39
1840 0.01523154379676559 18.4
1841 0.01522065186073866 18.41
1842 0.01522733837005438 18.42
1843 0.01523008678885732 18.43
1844 0.01523276273266875 18.44
1845 0.01523135616696777 18.45
1846 0.01522315643036345 18.46
1847 0.01522633572115991 18.47
1848 0.01521646702238049 18.48
1849 0.01519552749386976 18.49
1850 0.01518418181894239 18.5
1851 0.01516800650414806 18.51
1852 0.01514502168145684 18.52
1853 0.0151200055863771 18.53
1854 0.01510176877761597 18.54
1855 0.01509076519480505 18.55
1856 0.01507811699993399 18.56
1857 0.01506437958645649 18.57
1858 0.01505521069019137 18.58
1859 0.01505116502470149 18.59
1860 0.01504708366051632 18.6
1861 0.01504506178489529 18.61
1862 0.015039299000952 18.62
1863 0.01503163658651414 18.63
1864 0.01502273165378818 18.64
1865 0.01501510059491647 18.65
1866 0.01500492489212335 18.66
1867 0.01499563086657545 18.67
1868 0.01498679676874738 18.68
1869 0.01498179464014988 18.69
1870 0.01497967883242691 18.7
1871 0.01497577739335774 18.71
1872 0.01497113848614423 18.72
1873 0.01496060451626509 18.73
1874 0.01495671777049371 18.74
1875 0.01495102027652275 18.75
1876 0.01494352698389048 18.76
1877 0.01493846043849478 18.77
1878 0.01493382013984092 18.78
1879 0.01492866042887233 18.79
1880 0.01492336834213883 18.8
1881 0.01492422523017445 18.81
1882 0.01491938508237173 18.82
1883 0.01491891665734611 18.83
1884 0.01491748136602287 18.84
1885 0.01492059193052073 18.85
1886 0.01492248997469615 18.86
1887 0.01492307312986825 18.87
1888 0.01492750548462658 18.88
1889 0.01493226346890115 18.89
1890 0.01493361328413388 18.9
1891 0.01492664914555948 18.91
1892 0.01491958094427486 18.92
1893 0.01491312722206539 18.93
1894 0.01490799649639668 18.94
1895 0.0149097706492692 18.95
1896 0.01490250400814258 18.96
1897 0.01490062675863462 18.97
1898 0.01489900238827009 18.98
1899 0.01489733316199097 18.99
1900 0.01489810740749718 19
1901 0.01489756505394109 19.01
1902 0.01489390039983088 19.02
1903 0.01489305809620309 19.03
1904 0.0148919968616538 19.04
1905 0.01489111704791451 19.05
1906 0.01489034413404546 19.06
1907 0.01488787823641493 19.07
1908 0.0148847557148871 19.08
1909 0.01488152125856623 19.09
1910 0.01487008150170833 19.1
1911 0.01486973403166366 19.11
1912 0.01486284008518845 19.12
1913 0.01485998977734596 19.13
1914 0.0148564960160006 19.14
1915 0.01485266419168778 19.15
1916 0.01485536893219077 19.16
1917 0.0148573992345596 19.17
1918 0.01485565749488463 19.18
1919 0.01485968057528294 19.19
1920 0.01485800837762465 19.2
1921 0.01485647215089909 19.21
1922 0.01485381186400713 19.22
1923 0.01485573118102441 19.23
1924 0.01485890942847274 19.24
1925 0.01485564321271116 19.25
1926 0.01485919534728133 19.26
1927 0.01485476399769803 19.27
1928 0.01484698345617853 19.28
1929 0.01484428492262437 19.29
1930 0.01484226623533583 19.3
1931 0.01483986064520106 19.31
1932 0.01483875525124281 19.32
1933 0.01484113564426744 19.33
1934 0.01484734935760084 19.34
1935 0.01485511734807441 19.35
1936 0.01485426123635618 19.36
1937 0.01485694369293727 19.37
1938 0.01485456427516222 19.38
1939 0.014859525936166 19.39
1940 0.01486048543422633 19.4
1941 0.01485980363678992 19.41
1942 0.0148670021911844 19.42
1943 0.01487026757267766 19.43
1944 0.01486643602513391 19.44
1945 0.01485842478710012 19.45
1946 0.01485176523018013 19.46
1947 0.01485681688429633 19.47
1948 0.01485743024571576 19.48
1949 0.01486171326466945 19.49
1950 0.01486736713451026 19.5
1951 0.01487357637171199 19.51
1952 0.01487796439428654 19.52
1953 0.0148812479406973 19.53
1954 0.01488465808057423 19.54
1955 0.01488478564188989 19.55
1956 0.01488557676952897 19.56
1957 0.01488690010802743 19.57
1958 0.01489272192905908 19.58
1959 0.01489540921599356 19.59
1960 0.01488997780358141 19.6
1961 0.01488919406344233 19.61
1962 0.01489777237459717 19.62
1963 0.01490439370219538 19.63
1964 0.01491763210491745 19.64
1965 0.01492237908086093 19.65
1966 0.01491100158059343 19.66
1967 0.01490640386842642 19.67
1968 0.0148978427977582 19.68
1969 0.01489740504290797 19.69
1970 0.0148996663432712 19.7
1971 0.01490877695014423 19.71
1972 0.01490802858645705 19.72
1973 0.01490460153657109 19.73
1974 0.01490121278491455 19.74
1975 0.01489747583055723 19.75
1976 0.01489783084838311 19.76
1977 0.01489923438571969 19.77
1978 0.01490216772483305 19.78
1979 0.01490873231326447 19.79
1980 0.0149129686219858 19.8
1981 0.01491543445068276 19.81
1982 0.01491988133906876 19.82
1983 0.01492417933811866 19.83
1984 0.01492462613586688 19.84
1985 0.0149239971016147 19.85
1986 0.01491968457683363 19.86
1987 0.0149159171504672 19.87
1988 0.01490663780002905 19.88
1989 0.01490703390290044 19.89
1990 0.0149111683800779 19.9
1991 0.01492031858348312 19.91
1992 0.01492675594214525 19.92
1993 0.01492881617349245 19.93
1994 0.01493325449966341 19.94
1995 0.01493411480684199 19.95
1996 0.01493314729368261 19.96
1997 0.01494117982545101 19.97
1998 0.01494999848872042 19.98
1999 0.01495888799810615 19.99
2000 0.01495915253281441 20
2001 0.01496184142369476 20.01
2002 0.01495645734277802 20.02
2003 0.01495132482692064 20.03
2004 0.01495308770811208 20.04
2005 0.01496357356006641 20.05
2006 0.01496186952218011 20.06
2007 0.0149643608181978 20.07
2008 0.01496490813438408 20.08
2009 0.01496412316486332 20.09
2010 0.01496389919311149 20.1
2011 0.01496430188579148 20.11
2012 0.0149649356461157 20.12
2013 0.01496908233780419 20.13
2014 0.01497611615201486 20.14
2015 0.01498571060239473 20.15
2016 0.01499577061369684 20.16
2017 0.01500380020005158 20.17
2018 0.01500363293689022 20.18
2019 0.01500081142991401 20.19
2020 0.01499444321842585 20.2
2021 0.01498371663080889 20.21
2022 0.01497754171604155 20.22
2023 0.01497489882528054 20.23
2024 0.01497578537060996 20.24
2025 0.01497180160381271 20.25
2026 0.01497125996086717 20.26
2027 0.0149664810019625 20.27
2028 0.01495997268214817 20.28
2029 0.01497343196872074 20.29
2030 0.01499258772521001 20.3
2031 0.01500904787973674 20.31
2032 0.01502541904145302 20.32
2033 0.01503024090347382 20.33
2034 0.01502811168306697 20.34
2035 0.01503858826918154 20.35
2036 0.01504431311521846 20.36
2037 0.01504314613487346 20.37
2038 0.01504160965640768 20.38
2039 0.01503200518595745 20.39
2040 0.01502687624119414 20.4
2041 0.01502638883081512 20.41
2042 0.01502457096473099 20.42
2043 0.01502016832143268 20.43
2044 0.01501825355717457 20.44
2045 0.01501742851382518 20.45
2046 0.01501870948204234 20.46
2047 0.01500604053955028 20.47
2048 0.01499929186455855 20.48
2049 0.0150007289000054 20.49
2050 0.01500355699474385 20.5
2051 0.01501017722955007 20.51
2052 0.01502259951763616 20.52
2053 0.01503367424728255 20.53
2054 0.01503499533843328 20.54
2055 0.0150428824711951 20.55
2056 0.0150516007185125 20.56
2057 0.01506890613841511 20.57
2058 0.01508005725947337 20.58
2059 0.0150832511751558 20.59
2060 0.01508088352835422 20.6
2061 0.01507065450339117 20.61
2062 0.01505585134519175 20.62
2063 0.01504599422634953 20.63
2064 0.0150364821540741 20.64
2065 0.01502945050298616 20.65
2066 0.01502598060191611 20.66
2067 0.01502805988877203 20.67
2068 0.0150350204138409 20.68
2069 0.01503705281188853 20.69
2070 0.01504079454891219 20.7
2071 0.0150465766648921 20.71
2072 0.0150569158244404 20.72
2073 0.01505889447556845 20.73
2074 0.01507354470333535 20.74
2075 0.01508754645514472 20.75
2076 0.01509710377822746 20.76
2077 0.01509893537649388 20.77
2078 0.01509851057744717 20.78
2079 0.01508817969676885 20.79
2080 0.01507399053997322 20.8
2081 0.0150602051448382 20.81
2082 0.01504874670654977 20.82
2083 0.01503897998674779 20.83
2084 0.01503629430016518 20.84
2085 0.01503696527425274 20.85
2086 0.01503973472595223 20.86
2087 0.01504206439726265 20.87
2088 0.01504093656080341 20.88
2089 0.01504485714488927 20.89
2090 0.0150489128507059 20.9
2091 0.01504948521637339 20.91
2092 0.01505632991231773 20.92
2093 0.01506420852391626 20.93
2094 0.01506587870207525 20.94
2095 0.01506974587024343 20.95
2096 0.01507274097494745 20.96
2097 0.01507648369185047 20.97
2098 0.01507669533671079 20.98
2099 0.01507035533409753 20.99
2100 0.01506299784074236 21
2101 0.01506096575913412 21.01
2102 0.01505943855786251 21.02
2103 0.0150543107305108 21.03
2104 0.01505597069313168 21.04
2105 0.0150599041160073 21.05
2106 0.0150637594845202 21.06
2107 0.01506606843227202 21.07
2108 0.01506755515372992 21.08
2109 0.01506960654260564 21.09
2110 0.01506749749725408 21.1
2111 0.01506186466169523 21.11
2112 0.01505335820305349 21.12
2113 0.01504549469711242 21.13
2114 0.01504429661802376 21.14
2115 0.01503917112200802 21.15
2116 0.0150343947333868 21.16
2117 0.01503073107584316 21.17
2118 0.01502870229623117 21.18
2119 0.01503605644335467 21.19
2120 0.0150400315589996 21.2
2121 0.01504196023784742 21.21
2122 0.01504269115891728 21.22
2123 0.01504097453118995 21.23
2124 0.01503112214978653 21.24
2125 0.01502990397726863 21.25
2126 0.01502594233070444 21.26
2127 0.01502491555332532 21.27
2128 0.01503079785467885 21.28
2129 0.01503835549896275 21.29
2130 0.01504643722348451 21.3
2131 0.01504621649412024 21.31
2132 0.0150464346568751 21.32
2133 0.01504321950161216 21.33
2134 0.01503823971875688 21.34
2135 0.01503363348409437 21.35
2136 0.01503077203232572 21.36
2137 0.01503125343516441 21.37
2138 0.01501554710395096 21.38
2139 0.01500350935710006 21.39
2140 0.01499389326748582 21.4
2141 0.01498669264890318 21.41
2142 0.01498345241326926 21.42
2143 0.01498023431595832 21.43
2144 0.0149816291980208 21.44
2145 0.01498406512342658 21.45
2146 0.01499076473555572 21.46
2147 0.01500310490610636 21.47
2148 0.01501150884535439 21.48
2149 0.01502021053676625 21.49
2150 0.01502493621603601 21.5
2151 0.01502615107917713 21.51
2152 0.01502335334102539 21.52
2153 0.01501621798660055 21.53
2154 0.01500589187178981 21.54
2155 0.01499716073109216 21.55
2156 0.01498856182787302 21.56
2157 0.01497931401847326 21.57
2158 0.01497328055333346 21.58
2159 0.01496514786107389 21.59
2160 0.01495888681378541 21.6
2161 0.01495295704812351 21.61
2162 0.01494780095231038 21.62
2163 0.01494233899040429 21.63
2164 0.01494034873849076 21.64
2165 0.01494017535717284 21.65
2166 0.01493831982075084 21.66
2167 0.01493928482192253 21.67
2168 0.01494028717547681 21.68
2169 0.01494077819117882 21.69
2170 0.014946825310305 21.7
2171 0.01495168396115345 21.71
2172 0.014954582074426 21.72
2173 0.01495398738669294 21.73
2174 0.01495399829619277 21.74
2175 0.01495127441182247 21.75
2176 0.01495024314594908 21.76
2177 0.01494707706456899 21.77
2178 0.01494430876743574 21.78
2179 0.01493952398288943 21.79
2180 0.01493488085586641 21.8
2181 0.01493481085459766 21.81
2182 0.01493381146914896 21.82
2183 0.01493295689691736 21.83
2184 0.0149316080352546 21.84
2185 0.01492966565206685 21.85
2186 0.01493046813477348 21.86
2187 0.01493058654203057 21.87
2188 0.0149255851660699 21.88
2189 0.01492517867958942 21.89
2190 0.01492618652051727 21.9
2191 0.01492670544797183 21.91
2192 0.01492624131308876 21.92
2193 0.0149269871621485 21.93
2194 0.01492583580874141 21.94
2195 0.01492545524538537 21.95
2196 0.01492428471500018 21.96
2197 0.01492129956236663 21.97
2198 0.01491951265921709 21.98
2199 0.01492083310156088 21.99
2200 0.0149228993231733 22
2201 0.0149204310747214 22.01
2202 0.01491775613936004 22.02
2203 0.01491963343245806 22.03
2204 0.01491960211686106 22.04
2205 0.01492846751447951 22.05
2206 0.01493596828689268 22.06
2207 0.01494269823180818 22.07
2208 0.01494557098883895 22.08
2209 0.01494757189360554 22.09
2210 0.01494784441699328 22.1
2211 0.01494805144417736 22.11
2212 0.0149458172447666 22.12
2213 0.01494423660855243 22.13
2214 0.01494338768708732 22.14
2215 0.01493765588927043 22.15
2216 0.01494118815266333 22.16
2217 0.01494471561066874 22.17
2218 0.01494671017795797 22.18
2219 0.01494717499632505 22.19
2220 0.01494611571982878 22.2
2221 0.0149445121462381 22.21
2222 0.01494270589363867 22.22
2223 0.01493749291315259 22.23
2224 0.01493465620544377 22.24
2225 0.01493456495110924 22.25
2226 0.01493474914338172 22.26
2227 0.01493589995273671 22.27
2228 0.01493831997856609 22.28
2229 0.01493899309924854 22.29
2230 0.01493916523652068 22.3
2231 0.01493917253164415 22.31
2232 0.01493521179570107 22.32
2233 0.01493096572435597 22.33
2234 0.01492864551444508 22.34
2235 0.01492755436648704 22.35
2236 0.01492622011722811 22.36
2237 0.01492662155177995 22.37
2238 0.01492800350656196 22.38
2239 0.0149298253628277 22.39
2240 0.01493499022437229 22.4
2241 0.01493679161298022 22.41
2242 0.01493540151432119 22.42
2243 0.01493620879846239 22.43
2244 0.01493852065818899 22.44
2245 0.01493774305642734 22.45
2246 0.01493708215360483 22.46
2247 0.01493740619742867 22.47
2248 0.01493743510165105 22.48
2249 0.01493673408418879 22.49
2250 0.01493665823864145 22.5
2251 0.01493684373799228 22.51
2252 0.01493641411539299 22.52
2253 0.01493457019834658 22.53
2254 0.01493251665378292 22.54
2255 0.01493108392883841 22.55
2256 0.01493271067054942 22.56
2257 0.01493149641981804 22.57
2258 0.01493022067324623 22.58
2259 0.01492840806656591 22.59
2260 0.01492751114140143 22.6
2261 0.01492894062269243 22.61
2262 0.01493004902496389 22.62
2263 0.01493212761857985 22.63
2264 0.01493494414110513 22.64
2265 0.01493981043967933 22.65
2266 0.01494443145902571 22.66
2267 0.01495027229102704 22.67
2268 0.0149535771859807 22.68
2269 0.01495430586898356 22.69
2270 0.01495249480420814 22.7
2271 0.01495415417863885 22.71
2272 0.01495565338442816 22.72
2273 0.01495645814979664 22.73
2274 0.01495695689771226 22.74
2275 0.01496000073689342 22.75
2276 0.01496309247297367 22.76
2277 0.01496473870085318 22.77
2278 0.01496997342349828 22.78
2279 0.0149737754341017 22.79
2280 0.01497389814153462 22.8
2281 0.0149729840359977 22.81
2282 0.01497105665114423 22.82
2283 0.0149699688811328 22.83
2284 0.01497246403070244 22.84
2285 0.01497309488757208 22.85
2286 0.0149740957008094 22.86
2287 0.01497645776195556 22.87
2288 0.0149815909358251 22.88
2289 0.01498724868293561 22.89
2290 0.01499481398848878 22.9
2291 0.01500053719469818 22.91
2292 0.01500494096318336 22.92
2293 0.01500649501567935 22.93
2294 0.01501312123967015 22.94
2295 0.01501066003814431 22.95
2296 0.0150022529803465 22.96
2297 0.01500221194311075 22.97
2298 0.01500687665213873 22.98
2299 0.01501299892487915 22.99
2300 0.01501827999889712 23
2301 0.01502208211217757 23.01
2302 0.01502469605103363 23.02
2303 0.0150378727685045 23.03
2304 0.01505005926150964 23.04
2305 0.01505676800264638 23.05
2306 0.01506173919773747 23.06
2307 0.01506423037303262 23.07
2308 0.01505641801795861 23.08
2309 0.01505168324871061 23.09
2310 0.01504862478083257 23.1
2311 0.01504833838783483 23.11
2312 0.01505561894894509 23.12
2313 0.01506508831349858 23.13
2314 0.01507326153639697 23.14
2315 0.01507069739481985 23.15
2316 0.01506873786086059 23.16
2317 0.01507611281455382 23.17
2318 0.01507847950428652 23.18
2319 0.01508791667266387 23.19
2320 0.01509382094977732 23.2
2321 0.01509968953583122 23.21
2322 0.01509997615674074 23.22
2323 0.01510171461978583 23.23
2324 0.01510538751667333 23.24
2325 0.01510917456866394 23.25
2326 0.01511400399911241 23.26
2327 0.01511961474616143 23.27
2328 0.01512452089921888 23.28
2329 0.01512316553521176 23.29
2330 0.01512553446033401 23.3
2331 0.01512645568051797 23.31
2332 0.01512282458039127 23.32
2333 0.01512298113879564 23.33
2334 0.01512371153953232 23.34
2335 0.01512412174464738 23.35
2336 0.01512255571896886 23.36
2337 0.01512280149764142 23.37
2338 0.01512694979597062 23.38
2339 0.01512801407978248 23.39
2340 0.0151308897549658 23.4
2341 0.01513586537697283 23.41
2342 0.01514027458892444 23.42
2343 0.01514423211429154 23.43
2344 0.01514563421970814 23.44
2345 0.01514660584277863 23.45
2346 0.01514398648034037 23.46
2347 0.01513884685300038 23.47
2348 0.01513366196725725 23.48
2349 0.01513266333628993 23.49
2350 0.01513098617717733 23.5
2351 0.01513198838754417 23.51
2352 0.01512988042753782 23.52
2353 0.01512588468123055 23.53
2354 0.01512213534708784 23.54
2355 0.01512059086095826 23.55
2356 0.01511352369922454 23.56
2357 0.01510831578955562 23.57
2358 0.01510245753916624 23.58
2359 0.01509623284427674 23.59
2360 0.01509345328519995 23.6
2361 0.01508765262266851 23.61
2362 0.0150880902232912 23.62
2363 0.01508139220236803 23.63
2364 0.01507294109259714 23.64
2365 0.01507138995681823 23.65
2366 0.01506836227816363 23.66
2367 0.01506487635414577 23.67
2368 0.01506268593962892 23.68
2369 0.01505289850124254 23.69
2370 0.01505292322744952 23.7
2371 0.01504654113968736 23.71
2372 0.01504400206337685 23.72
2373 0.01504090853832137 23.73
2374 0.01504013165868217 23.74
2375 0.0150375131671574 23.75
2376 0.01503276108788874 23.76
2377 0.01503036722131294 23.77
2378 0.01502359986501066 23.78
2379 0.01501807491652416 23.79
2380 0.01501536580397828 23.8
2381 0.01501522758484704 23.81
2382 0.01501627412740317 23.82
2383 0.01501396769234442 23.83
2384 0.01501089288156417 23.84
2385 0.0150076929556535 23.85
2386 0.01500255664767476 23.86
2387 0.01500285685473824 23.87
2388 0.01500926506233355 23.88
2389 0.01501180895086442 23.89
2390 0.01501411060896839 23.9
2391 0.01501279635585528 23.91
2392 0.01502000607364866 23.92
2393 0.01502172080979513 23.93
2394 0.01502370013179682 23.94
2395 0.01502222632358637 23.95
2396 0.01501973465093606 23.96
2397 0.0150176610201324 23.97
2398 0.01501391109391884 23.98
2399 0.01501198829545865 23.99
2400 0.01501208518696209 24
2401 0.01501137478138897 24.01
2402 0.01501414903044492 24.02
2403 0.01501643679188659 24.03
2404 0.01502075687916285 24.04
2405 0.01502318938668987 24.05
2406 0.01502115415598567 24.06
2407 0.01501894168259499 24.07
2408 0.01502190292137079 24.08
2409 0.01502754938879444 24.09
2410 0.01503766624756088 24.1
2411 0.01504620538156689 24.11
2412 0.01506319282959737 24.12
2413 0.01507261908998205 24.13
2414 0.01508271441980667 24.14
2415 0.01509342990453355 24.15
2416 0.01510152536178824 24.16
2417 0.01510285092740985 24.17
2418 0.01510061962086826 24.18
2419 0.01509475159898597 24.19
2420 0.01509427158787586 24.2
2421 0.01509402789159516 24.21
2422 0.01509608613183135 24.22
2423 0.01510266649965538 24.23
2424 0.01511130559602136 24.24
2425 0.01512276360248496 24.25
2426 0.01512988103216706 24.26
2427 0.01513648097732279 24.27
2428 0.01514601901027609 24.28
2429 0.01515220486629818 24.29
2430 0.01515670751072752 24.3
2431 0.01516502237195445 24.31
2432 0.01516784760915063 24.32
2433 0.0151764624074639 24.33
2434 0.01517949886852883 24.34
2435 0.01518285096050575 24.35
2436 0.01518476958298704 24.36
2437 0.01518584460538404 24.37
2438 0.01518934501645764 24.38
2439 0.01519176628502672 24.39
2440 0.01519633469208521 24.4
2441 0.01520019378503771 24.41
2442 0.01520527702132651 24.42
2443 0.01520856637208654 24.43
2444 0.01521123842519348 24.44
2445 0.01521382314694381 24.45
2446 0.01521704368277619 24.46
2447 0.01522240908572977 24.47
2448 0.01522771879680647 24.48
2449 0.01523087696536374 24.49
2450 0.01523143933865564 24.5
2451 0.01523250717489249 24.51
2452 0.01524020847749844 24.52
2453 0.01524248147266383 24.53
2454 0.01524281123094312 24.54
2455 0.01524868262667679 24.55
2456 0.01524839037989589 24.56
2457 0.01525102342351726 24.57
2458 0.01525124499505786 24.58
2459 0.01525194942641503 24.59
2460 0.01524833129574196 24.6
2461 0.01524730075485012 24.61
2462 0.01524092898933425 24.62
2463 0.01523677492759417 24.63
2464 0.01522981858200495 24.64
2465 0.01522526092859099 24.65
2466 0.01523189481728199 24.66
2467 0.01523574005099488 24.67
2468 0.01524080536827044 24.68
2469 0.01524851577882688 24.69
2470 0.01524859038941085 24.7
2471 0.0152434999958993 24.71
2472 0.01524203351134273 24.72
2473 0.01524035677256785 24.73
2474 0.01524652555374222 24.74
2475 0.01524878277419277 24.75
2476 0.01525220892319672 24.76
2477 0.01525431321365723 24.77
2478 0.01524976780535549 24.78
2479 0.01523795652056561 24.79
2480 0.01523299503232687 24.8
2481 0.0152258937043362 24.81
2482 0.01521975337509849 24.82
2483 0.01521628798547523 24.83
2484 0.01521653487591748 24.84
2485 0.01522376220006384 24.85
2486 0.01523032107988775 24.86
2487 0.01523519683295253 24.87
2488 0.01523980104504217 24.88
2489 0.01524469456109184 24.89
2490 0.01525216290291748 24.9
2491 0.01526155251218511 24.91
2492 0.0152639990089099 24.92
2493 0.01526654676510033 24.93
2494 0.01527056757279169 24.94
2495 0.01527248357655184 24.95
2496 0.01527363767724127 24.96
2497 0.01527462398255661 24.97
2498 0.01527072087044289 24.98
2499 0.01526688463327398 24.99
2500 0.01526483610954948 25
2501 0.01526865315875533 25.01
2502 0.01527148538964484 25.02
2503 0.0152752635147867 25.03
2504 0.01527753107755796 25.04
2505 0.01528409453439693 25.05
2506 0.01528612783286548 25.06
2507 0.01528545762090456 25.07
2508 0.01528607991775485 25.08
2509 0.01528856129708976 25.09
2510 0.015299213633705 25.1
2511 0.01530206716918728 25.11
2512 0.01531464635927124 25.12
2513 0.01532373683623521 25.13
2514 0.01532725891923045 25.14
2515 0.01533302775836415 25.15
2516 0.01533763220470846 25.16
2517 0.0153436233124104 25.17
2518 0.01535000285102779 25.18
2519 0.01535581921386036 25.19
2520 0.01535670761140906 25.2
2521 0.0153543578452485 25.21
2522 0.01535372616164012 25.22
2523 0.01535550808412032 25.23
2524 0.01535628124105817 25.24
2525 0.01535218289443391 25.25
2526 0.01535104465245881 25.26
2527 0.01535517774928083 25.27
2528 0.01536004363513215 25.28
2529 0.01536187454565256 25.29
2530 0.01536379751910202 25.3
2531 0.01537255605545625 25.31
2532 0.01538103937055859 25.32
2533 0.01538254197830742 25.33
2534 0.01538420509919213 25.34
2535 0.01538864226509014 25.35
2536 0.01539003152985602 25.36
2537 0.01538953542938485 25.37
2538 0.01536966579135209 25.38
2539 0.01536415015197099 25.39
2540 0.01536563758277121 25.4
2541 0.0153686988215838 25.41
2542 0.01538039809432938 25.42
2543 0.01538924431903765 25.43
2544 0.01539268201400833 25.44
2545 0.01539133423904356 25.45
2546 0.01539036283499749 25.46
2547 0.01538757599503214 25.47
2548 0.01537758083429752 25.48
2549 0.01537488167616184 25.49
2550 0.01536700636176706 25.5
2551 0.01537622921106834 25.51
2552 0.01538669309651342 25.52
2553 0.01539740889324655 25.53
2554 0.01540549575733444 25.54
2555 0.01540987175961115 25.55
2556 0.01540231044730851 25.56
2557 0.01539295066226538 25.57
2558 0.01538213340404186 25.58
2559 0.01537414670039069 25.59
2560 0.01536947939931779 25.6
2561 0.01536743220321464 25.61
2562 0.01536790684596394 25.62
2563 0.01536832853963287 25.63
2564 0.01537189193131764 25.64
2565 0.01538136619564128 25.65
2566 0.01539292383773641 25.66
2567 0.01540471080322787 25.67
2568 0.01541631089556173 25.68
2569 0.01541741925254465 25.69
2570 0.01541941682324362 25.7
2571 0.01542533606892457 25.71
2572 0.01542324493730161 25.72
2573 0.01541775894779084 25.73
2574 0.01541259570500199 25.74
2575 0.01540863719309169 25.75
2576 0.01540187670817329 25.76
2577 0.01540806127668968 25.77
2578 0.01540783722974344 25.78
2579 0.0154085530855075 25.79
2580 0.01540476440991478 25.8
2581 0.01540306912425725 25.81
2582 0.01540934921244007 25.82
2583 0.01541100546385587 25.83
2584 0.01541319249224564 25.84
2585 0.01541614210032532 25.85
2586 0.01541912528098236 25.86
2587 0.01542560302642141 25.87
2588 0.01541496908893291 25.88
2589 0.01541490830355455 25.89
2590 0.01541375468823249 25.9
2591 0.01540016161538428 25.91
2592 0.01539340936819311 25.92
2593 0.01539010772860821 25.93
2594 0.01538992620858775 25.94
2595 0.01539354503246286 25.95
2596 0.01539680983050456 25.96
2597 0.01539363897652509 25.97
2598 0.01540144600044483 25.98
2599 0.01539554112835599 25.99
2600 0.0153936056810184 26
2601 0.01538372949729571 26.01
2602 0.0153873982740804 26.02
2603 0.01538625387588883 26.03
2604 0.01538636885220411 26.04
2605 0.01538621750360284 26.05
2606 0.0153883199227337 26.06
2607 0.0153930959857587 26.07
2608 0.01539498134032149 26.08
2609 0.01539739924996207 26.09
2610 0.01539585603339978 26.1
2611 0.01538889880547151 26.11
2612 0.01537676846358047 26.12
2613 0.01536306917901745 26.13
2614 0.01535002916266228 26.14
2615 0.0153426068570795 26.15
2616 0.01533521960481099 26.16
2617 0.01532833835989306 26.17
2618 0.01532639804613904 26.18
2619 0.01532578424112088 26.19
2620 0.01532706164194772 26.2
2621 0.01532892798826251 26.21
2622 0.01532841487355386 26.22
2623 0.01533005657010568 26.23
2624 0.01533416395710198 26.24
2625 0.01534230065074404 26.25
2626 0.01534828079961706 26.26
2627 0.01535367404267105 26.27
2628 0.0153625978388908 26.28
2629 0.01536208313028082 26.29
2630 0.01536155027160696 26.3
2631 0.01535653732584299 26.31
2632 0.01535186938454562 26.32
2633 0.01534123107231458 26.33
2634 0.01533375107883382 26.34
2635 0.01532622866294773 26.35
2636 0.01531515760047175 26.36
2637 0.01530544116412366 26.37
2638 0.01529934132681607 26.38
2639 0.01529765611532922 26.39
2640 0.01529752208734346 26.4
2641 0.01529521189327667 26.41
2642 0.01528834596224846 26.42
2643 0.01528721959968884 26.43
2644 0.01528521407135127 26.44
2645 0.01527835930096168 26.45
2646 0.01526506672360031 26.46
2647 0.01526160806642897 26.47
2648 0.01525320887551864 26.48
2649 0.01524660209728234 26.49
2650 0.01524212630066255 26.5
2651 0.01524352455639585 26.51
2652 0.01524256587572289 26.52
2653 0.01524093128927612 26.53
2654 0.01524352779556452 26.54
2655 0.01524179806304479 26.55
2656 0.01524151141448233 26.56
2657 0.01524068473297994 26.57
2658 0.01523746104630681 26.58
2659 0.01523497618044559 26.59
2660 0.01522909548003075 26.6
2661 0.01522926248865816 26.61
2662 0.01522820200819875 26.62
2663 0.01522581161010819 26.63
2664 0.01522074911925495 26.64
2665 0.01521496561781585 26.65
2666 0.01520903868656393 26.66
2667 0.01521501695922424 26.67
2668 0.01521361302536221 26.68
2669 0.01521343704412398 26.69
2670 0.01520888589408043 26.7
2671 0.01520184691059006 26.71
2672 0.01519552854927002 26.72
2673 0.01519057739136054 26.73
2674 0.01518486068474672 26.74
2675 0.0151803337352936 26.75
2676 0.01517907398878494 26.76
2677 0.01517958174045621 26.77
2678 0.01518038640416386 26.78
2679 0.01518966097785969 26.79
2680 0.0151932057176997 26.8
2681 0.01519225770878532 26.81
2682 0.01518962458935349 26.82
2683 0.01518543571115371 26.83
2684 0.01516731366895737 26.84
2685 0.01515206449384638 26.85
2686 0.01514065809472869 26.86
2687 0.01513070831559104 26.87
2688 0.01512492942988116 26.88
2689 0.01512395918141965 26.89
2690 0.01512826454552326 26.9
2691 0.01513619814887426 26.91
2692 0.01514306135530366 26.92
2693 0.01514737397382108 26.93
2694 0.01514935969391005 26.94
2695 0.01515061097417398 26.95
2696 0.01515052350460089 26.96
2697 0.01514831716007475 26.97
2698 0.0151453593092739 26.98
2699 0.0151411297029698 26.99
2700 0.01514230017734509 27
2701 0.01514562648408408 27.01
2702 0.01514534124447113 27.02
2703 0.01513676418096056 27.03
2704 0.01512636928170444 27.04
2705 0.01511994929002995 27.05
2706 0.01511457763281999 27.06
2707 0.015112499802216 27.07
2708 0.01510545346961849 27.08
2709 0.01509941372947607 27.09
2710 0.01509682512963862 27.1
2711 0.01509380140283817 27.11
2712 0.01509197499512669 27.12
2713 0.01509325745906201 27.13
2714 0.0150950489075996 27.14
2715 0.01509306424678445 27.15
2716 0.01509186164419121 27.16
2717 0.01508936445344282 27.17
2718 0.01508800318113149 27.18
2719 0.01508503687617258 27.19
2720 0.01508153788270935 27.2
2721 0.01507754498871739 27.21
2722 0.01507308647946172 27.22
2723 0.01507462991777886 27.23
2724 0.01507649739698358 27.24
2725 0.01507819224204262 27.25
2726 0.01508204148431272 27.26
2727 0.01508390414387066 27.27
2728 0.01508663309034127 27.28
2729 0.01508711389706861 27.29
2730 0.01508719984356165 27.3
2731 0.0150850478320317 27.31
2732 0.01507970323267133 27.32
2733 0.01507318557341932 27.33
2734 0.0150666636135131 27.34
2735 0.01505891841701004 27.35
2736 0.01505088559831333 27.36
2737 0.01504403439744028 27.37
2738 0.01504180282940395 27.38
2739 0.01504163684024737 27.39
2740 0.01504576884533351 27.4
2741 0.01504984016852672 27.41
2742 0.01504768852567018 27.42
2743 0.01504687993315487 27.43
2744 0.01504131186302654 27.44
2745 0.01503806458771035 27.45
2746 0.01504111521345544 27.46
2747 0.01504944456991606 27.47
2748 0.01505569622770946 27.48
2749 0.0150606306211628 27.49
2750 0.01506407393610044 27.5
2751 0.0150632626944632 27.51
2752 0.01506527681358827 27.52
2753 0.0150658233931144 27.53
2754 0.0150666755283269 27.54
2755 0.01506839187803019 27.55
2756 0.01507243850264478 27.56
2757 0.01506827022710847 27.57
2758 0.01507091168727698 27.58
2759 0.01507068129835286 27.59
2760 0.01507017984117444 27.6
2761 0.01506660392712948 27.61
2762 0.01506452326208205 27.62
2763 0.0150638228768779 27.63
2764 0.01506225051499371 27.64
2765 0.015072122125121 27.65
2766 0.01508097423435639 27.66
2767 0.01507855063842643 27.67
2768 0.01507782468005083 27.68
2769 0.01507637092605477 27.69
2770 0.01507746943525755 27.7
2771 0.0150798550922277 27.71
2772 0.01508168588057446 27.72
2773 0.01508463713142157 27.73
2774 0.01509267920590039 27.74
2775 0.01510281427780491 27.75
2776 0.01510994546627754 27.76
2777 0.01511596275712569 27.77
2778 0.01511679764770842 27.78
2779 0.01511744609867033 27.79
2780 0.01511497330463182 27.8
2781 0.01512049793355326 27.81
2782 0.01512022854881122 27.82
2783 0.0151219696549929 27.83
2784 0.01511767573104186 27.84
2785 0.01511030159828902 27.85
2786 0.01511228032856595 27.86
2787 0.01511608042604754 27.87
2788 0.01511849126845896 27.88
2789 0.01512555660818419 27.89
2790 0.01513463897459012 27.9
2791 0.01514115828206226 27.91
2792 0.01514476973845237 27.92
2793 0.01514587447239196 27.93
2794 0.01514402243322704 27.94
2795 0.01514391059647549 27.95
2796 0.01514356573793302 27.96
2797 0.01514477866361498 27.97
2798 0.01514323214594697 27.98
2799 0.01514892952396649 27.99
2800 0.01515510912074688 28
2801 0.01515755543293556 28.01
2802 0.0151624773221269 28.02
2803 0.01516553789280197 28.03
2804 0.01516672114511492 28.04
2805 0.0151711423556415 28.05
2806 0.01517151327851782 28.06
2807 0.01516933259556192 28.07
2808 0.0151678960826667 28.08
2809 0.01516889126695774 28.09
2810 0.01516983135273757 28.1
2811 0.01517175335500125 28.11
2812 0.01517349012380106 28.12
2813 0.01517370176788868 28.13
2814 0.0151768144140908 28.14
2815 0.01518234569381286 28.15
2816 0.01518801984492536 28.16
2817 0.0151937121143509 28.17
2818 0.01519790790462313 28.18
2819 0.01519985721655039 28.19
2820 0.0152033822028121 28.2
2821 0.01520436737184919 28.21
2822 0.01520623604271758 28.22
2823 0.01520313469499187 28.23
2824 0.01520278929687435 28.24
2825 0.01520443764039477 28.25
2826 0.01520425269816682 28.26
2827 0.01520053094065575 28.27
2828 0.01519813545292542 28.28
2829 0.01519699591692907 28.29
2830 0.01519929134321021 28.3
2831 0.01519958202196443 28.31
2832 0.01519834542891775 28.32
2833 0.01520325653134214 28.33
2834 0.01520532912078196 28.34
2835 0.0152067925891803 28.35
2836 0.0152031083676259 28.36
2837 0.01520535743558108 28.37
2838 0.01520743564375692 28.38
2839 0.01520807532848024 28.39
2840 0.01520707171989795 28.4
2841 0.0152032258549216 28.41
2842 0.01519958257728744 28.42
2843 0.01519480881909864 28.43
2844 0.01518869452973293 28.44
2845 0.01518279693716502 28.45
2846 0.01517857162697127 28.46
2847 0.01517703523612243 28.47
2848 0.01517907335961027 28.48
2849 0.01518272233317663 28.49
2850 0.01518359698968976 28.5
2851 0.01517577635705676 28.51
2852 0.01516803112656898 28.52
2853 0.01516224719011561 28.53
2854 0.01515950217631185 28.54
2855 0.01515878643631349 28.55
2856 0.0151572911722251 28.56
2857 0.01515829449937208 28.57
2858 0.0151569125361387 28.58
2859 0.01515179427541776 28.59
2860 0.01514639458368798 28.6
2861 0.01513654692202775 28.61
2862 0.01513000738789342 28.62
2863 0.01512935066638556 28.63
2864 0.01512940671897615 28.64
2865 0.01512701319256598 28.65
2866 0.01512588711649727 28.66
2867 0.01512504666668927 28.67
2868 0.01512256911705343 28.68
2869 0.01511607841997394 28.69
2870 0.015111212793821 28.7
2871 0.0151026202873243 28.71
2872 0.01509393543074341 28.72
2873 0.01509667719747751 28.73
2874 0.015095078381483 28.74
2875 0.01509818251906928 28.75
2876 0.01510065247619841 28.76
2877 0.01510847415692754 28.77
2878 0.01511747015589955 28.78
2879 0.01512613304390181 28.79
2880 0.01513191829744096 28.8
2881 0.01513526198207277 28.81
2882 0.01513598812396629 28.82
2883 0.01513862320267179 28.83
2884 0.015137876231848 28.84
2885 0.01513430167694711 28.85
2886 0.01513340367126051 28.86
2887 0.01512745360851978 28.87
2888 0.01512542389209111 28.88
2889 0.01512606323635171 28.89
2890 0.01513022045118972 28.9
2891 0.01513359251177252 28.91
2892 0.01513525374901312 28.92
2893 0.01514188965654189 28.93
2894 0.01514556713922204 28.94
2895 0.01514599914273515 28.95
2896 0.01515211977751656 28.96
2897 0.0151537541117103 28.97
2898 0.01516241422426446 28.98
2899 0.01517123308665832 28.99
2900 0.01517644422679321 29
2901 0.01518253185413598 29.01
2902 0.01518184901494387 29.02
2903 0.01518726870373076 29.03
2904 0.01519282920500137 29.04
2905 0.01519088475705567 29.05
2906 0.01518804528487094 29.06
2907 0.01518280570121234 29.07
2908 0.01517374568862818 29.08
2909 0.01517356043983968 29.09
2910 0.01517509725479043 29.1
2911 0.01517616081539345 29.11
2912 0.01518223930037307 29.12
2913 0.01518785767282805 29.13
2914 0.01519087350965686 29.14
2915 0.01519614591610595 29.15
2916 0.01519589461325768 29.16
2917 0.01520195681489687 29.17
2918 0.0152018175883092 29.18
2919 0.01520718955158909 29.19
2920 0.01521063719143298 29.2
2921 0.01521590176005219 29.21
2922 0.0152195928747778 29.22
2923 0.01521798687586881 29.23
2924 0.01521473187996023 29.24
2925 0.01521271442832216 29.25
2926 0.01520950578195435 29.26
2927 0.01520415462090087 29.27
2928 0.01520467563300371 29.28
2929 0.01520280516744276 29.29
2930 0.01519956342006924 29.3
2931 0.01520462854756674 29.31
2932 0.01520911488494861 29.32
2933 0.01521178757420518 29.33
2934 0.01521735352014551 29.34
2935 0.01521930977893771 29.35
2936 0.01522431501151744 29.36
2937 0.01522890356394366 29.37
2938 0.01522420392704334 29.38
2939 0.01522400437326337 29.39
2940 0.01521999582623308 29.4
2941 0.01522045590336085 29.41
2942 0.01521728154008439 29.42
2943 0.01521950064554181 29.43
2944 0.01522767276017602 29.44
2945 0.01523448867488245 29.45
2946 0.01524271016504273 29.46
2947 0.01524846483039218 29.47
2948 0.0152562068143345 29.48
2949 0.01525892259784133 29.49
2950 0.01525831494301725 29.5
2951 0.01525938671749993 29.51
2952 0.01525691714675469 29.52
2953 0.01525749519081225 29.53
2954 0.01525508041145765 29.54
2955 0.01525750825632048 29.55
2956 0.01526019021242682 29.56
2957 0.01526300617301142 29.57
2958 0.01526256478735056 29.58
2959 0.01526285840181081 29.59
2960 0.01526346404028668 29.6
2961 0.01526218627766266 29.61
2962 0.01526186636732337 29.62
2963 0.01526120301091896 29.63
2964 0.01526492355260763 29.64
2965 0.01526512384065259 29.65
2966 0.01526378866097942 29.66
2967 0.01526199320895489 29.67
2968 0.01526165525819939 29.68
2969 0.01525791065371335 29.69
2970 0.01525564143310889 29.7
2971 0.0152498425547133 29.71
2972 0.015248525164761 29.72
2973 0.01524731569076244 29.73
2974 0.01525481672533387 29.74
2975 0.01525826858920527 29.75
2976 0.01526334658464947 29.76
2977 0.01526869919777171 29.77
2978 0.01527451802289844 29.78
2979 0.01527596136635702 29.79
2980 0.0152811722460372 29.8
2981 0.01528246599622011 29.81
2982 0.0152790384619047 29.82
2983 0.01527324979979138 29.83
2984 0.01526603911675981 29.84
2985 0.01526059545709498 29.85
2986 0.01525673230267882 29.86
2987 0.01525470499676559 29.87
2988 0.01525195005289092 29.88
2989 0.01525645889492693 29.89
2990 0.01526006617333417 29.9
2991 0.01525893382657872 29.91
2992 0.01525271071536407 29.92
2993 0.01525089510104898 29.93
2994 0.01525462025356987 29.94
2995 0.01525268445989683 29.95
2996 0.01525559364228528 29.96
2997 0.01526233737735596 29.97
2998 0.01526544289632813 29.98
2999 0.01526903195704384 29.99
3000 0.01527207970945017 30
