"y-force-rfile"
"Time Step" "y-force etc.."
("Time Step" "y-force" "flow-time")
0 1.292469707114106e-26 0
1 3.604787374106309 0.01
2 -0.6370863111042127 0.02
3 0.6043748396706405 0.03
4 -0.6577108333451633 0.04
5 -0.7452510062648798 0.05
6 0.3924500664910795 0.06
7 0.2760607059332187 0.07000000000000001
8 0.4797485129100778 0.08
9 -0.2794184017810153 0.09
10 -0.006104389149570011 0.1
11 0.09643742972758673 0.11
12 0.07869542505899574 0.12
13 0.06629615182823301 0.13
14 0.0825649563191444 0.14
15 0.1242060423487708 0.15
16 0.06366437756113186 0.16
17 0.08957450203361716 0.17
18 0.08081941791870761 0.18
19 0.08748657553602124 0.19
20 0.06638072114507132 0.2
21 0.07107502484609896 0.21
22 0.07408658251321754 0.22
23 0.0819914601305296 0.23
24 0.081470033908843 0.24
25 0.08358627046154732 0.25
26 0.09292535343067421 0.26
27 0.0830627767882901 0.27
28 0.0836014994383556 0.28
29 0.08507307270076997 0.29
30 0.08172524348367116 0.3
31 0.08406173733621802 0.31
32 0.08211866588086258 0.32
33 0.08296908673451431 0.33
34 0.08332193165474233 0.34
35 0.08372370854728428 0.35
36 0.08399586457935926 0.36
37 0.08498456001737975 0.37
38 0.08483866192369405 0.38
39 0.08641854814592431 0.39
40 0.08698036174293766 0.4
41 0.08758947263074847 0.41
42 0.08805419900639744 0.42
43 0.08853426755970828 0.43
44 0.08866697038742299 0.44
45 0.08865123704006217 0.45
46 0.08968176643425085 0.46
47 0.08970275323534471 0.47
48 0.09019802930251908 0.48
49 0.09037430848657735 0.49
50 0.09075866324193327 0.5
51 0.09122382194998302 0.51
52 0.09117490096888503 0.52
53 0.09185176088262732 0.53
54 0.08804453373421803 0.54
55 0.09296168220168138 0.55
56 0.09206908228501376 0.5600000000000001
57 0.0928433818192394 0.5700000000000001
58 0.09319999478127071 0.58
59 0.09365484787422534 0.59
60 0.09218685525067569 0.6
61 0.09503172192722542 0.61
62 0.09483381457148532 0.62
63 0.09518246996829727 0.63
64 0.09456709429327326 0.64
65 0.09440722045072847 0.65
66 0.09412645232438055 0.66
67 0.09396046834811966 0.67
68 0.09484601041894014 0.68
69 0.09684244354876481 0.6900000000000001
70 0.09708190171637299 0.7000000000000001
71 0.09537682789481128 0.71
72 0.0953829748707623 0.72
73 0.09499867962271308 0.73
74 0.09553120873304594 0.74
75 0.09572825451521338 0.75
76 0.09727026519941845 0.76
77 0.09850232575681184 0.77
78 0.09966362719517624 0.78
79 0.09842595723365993 0.79
80 0.09838474872519211 0.8
81 0.098134595812437 0.8100000000000001
82 0.09803996872447894 0.8200000000000001
83 0.09834324016177373 0.8300000000000001
84 0.09870798554746221 0.84
85 0.09911744695221376 0.85
86 0.09963533525197045 0.86
87 0.09995178932949675 0.87
88 0.1003184153482885 0.88
89 0.1003450800975818 0.89
90 0.1003388798474227 0.9
91 0.1004962453121108 0.91
92 0.100676613100367 0.92
93 0.1009088936392931 0.93
94 0.1009815317964417 0.9400000000000001
95 0.101129192938384 0.9500000000000001
96 0.1011962798163468 0.96
97 0.1012472423433419 0.97
98 0.1015387054522969 0.98
99 0.10120507897232 0.99
100 0.1007125806966971 1
101 0.1004261509927245 1.01
102 0.1003280884215606 1.02
103 0.1004268263889343 1.03
104 0.1007155853729139 1.04
105 0.1010126476666587 1.05
106 0.1013535662260652 1.06
107 0.101546730996129 1.07
108 0.1016721313494082 1.08
109 0.101871693107597 1.09
110 0.1020802843450699 1.1
111 0.1023168451121361 1.11
112 0.1034875538294594 1.12
113 0.1043961005455866 1.13
114 0.1045575550833748 1.14
115 0.1044145695771861 1.15
116 0.1043239287113608 1.16
117 0.1037625886052132 1.17
118 0.1035218521293136 1.18
119 0.1034012435833412 1.19
120 0.1035840519746081 1.2
121 0.1038061382976289 1.21
122 0.1042657526297097 1.22
123 0.1045761629223436 1.23
124 0.1047820888659727 1.24
125 0.104986498189917 1.25
126 0.1052471078359863 1.26
127 0.1054249925132805 1.27
128 0.1056436952947349 1.28
129 0.1057731868272575 1.29
130 0.1058884894355957 1.3
131 0.1060356319650058 1.31
132 0.1061780371167851 1.32
133 0.1063083098933195 1.33
134 0.1063807781859179 1.34
135 0.1064816796640591 1.35
136 0.106673665808503 1.36
137 0.1067225040353421 1.37
138 0.1069105679022926 1.38
139 0.1070394521645953 1.39
140 0.1071174372537703 1.4
141 0.1072091315052226 1.41
142 0.1073384351508096 1.42
143 0.1074854394340448 1.43
144 0.1076500330258147 1.44
145 0.1077859069542355 1.45
146 0.1079109016256848 1.46
147 0.1080039593644073 1.47
148 0.1081573123816223 1.48
149 0.10827832258282 1.49
150 0.1083288958445001 1.5
151 0.1083357184570614 1.51
152 0.1083554770266103 1.52
153 0.1083893100371017 1.53
154 0.1085215440531284 1.54
155 0.1086869268750452 1.55
156 0.1088598991619148 1.56
157 0.1090093330569972 1.57
158 0.1091670164811328 1.58
159 0.1093397907853638 1.59
160 0.1094612192687126 1.6
161 0.1095488773603973 1.61
162 0.1096436594180465 1.62
163 0.1097725065759462 1.63
164 0.109854091982667 1.64
165 0.1099617359666331 1.65
166 0.1100742447298644 1.66
167 0.1101924290189949 1.67
168 0.1103359215667823 1.68
169 0.1104754090106028 1.69
170 0.1106138655482357 1.7
171 0.110739058988161 1.71
172 0.110848718055525 1.72
173 0.1109617732675924 1.73
174 0.1110426329878964 1.74
175 0.1111048870989779 1.75
176 0.111183309038926 1.76
177 0.1113082962658136 1.77
178 0.1114406670640367 1.78
179 0.1115666215053434 1.79
180 0.1116903201679834 1.8
181 0.1119025907502816 1.81
182 0.1120332450476147 1.82
183 0.1121580341851998 1.83
184 0.1122263844341581 1.84
185 0.1123117086878386 1.85
186 0.1124012237364284 1.86
187 0.1125008105776624 1.87
188 0.1126061155721896 1.88
189 0.1126975865822656 1.89
190 0.1128068246635016 1.9
191 0.1129047497120524 1.91
192 0.1129899547118418 1.92
193 0.113068050408967 1.93
194 0.1131420202302777 1.94
195 0.1132480300931244 1.95
196 0.1133262642774087 1.96
197 0.1134090319967918 1.97
198 0.1134817590886994 1.98
199 0.1135542336756192 1.99
200 0.113635593282367 2
201 0.1137087343306087 2.01
202 0.1137945774162799 2.02
203 0.1138912182746553 2.03
204 0.1140379197655428 2.04
205 0.1141472922861817 2.05
206 0.1142243158186647 2.06
207 0.1142929204051627 2.07
208 0.1143584995610693 2.08
209 0.1144325095817809 2.09
210 0.1145081934134634 2.1
211 0.1145887570423944 2.11
212 0.1146683211386245 2.12
213 0.1147387598265 2.13
214 0.1148047221595931 2.14
215 0.1148785826995935 2.15
216 0.1149529299205623 2.16
217 0.1150491970785779 2.17
218 0.1151418193367836 2.18
219 0.1152468144619279 2.19
220 0.1153350784847785 2.2
221 0.1153925459425385 2.21
222 0.1154633912396316 2.22
223 0.1155386619201345 2.23
224 0.1156340342206005 2.24
225 0.1157096301876741 2.25
226 0.1157863439118781 2.26
227 0.1158540847273183 2.27
228 0.1159174717462056 2.28
229 0.1159881847287387 2.29
230 0.1160091824921095 2.3
231 0.1160685842158384 2.31
232 0.1161449973599261 2.32
233 0.1162337973519977 2.33
234 0.1163278447605229 2.34
235 0.1164196504540842 2.35
236 0.1165056286163482 2.36
237 0.1165823205683051 2.37
238 0.1166561862885222 2.38
239 0.1167265623735523 2.39
240 0.1167913791985248 2.4
241 0.1168514403297944 2.41
242 0.1169082270712125 2.42
243 0.1169611627355076 2.43
244 0.1170157261907585 2.44
245 0.117072303946625 2.45
246 0.1171684309540891 2.46
247 0.1172276282597867 2.47
248 0.1172720325364004 2.48
249 0.1173196112319536 2.49
250 0.1173637305108229 2.5
251 0.1174159946130447 2.51
252 0.1174691738714371 2.52
253 0.1175141595208381 2.53
254 0.1175640310811629 2.54
255 0.1176450097039179 2.55
256 0.1177077129418898 2.56
257 0.1177539857537888 2.57
258 0.1178012166082445 2.58
259 0.11784838950301 2.59
260 0.1179139474135309 2.6
261 0.1179646133798304 2.61
262 0.1180080407644527 2.62
263 0.1180524457730922 2.63
264 0.1180952463061844 2.64
265 0.1181509560562198 2.65
266 0.1182108847357386 2.66
267 0.1182682268291749 2.67
268 0.118308987833309 2.68
269 0.1183611083677721 2.69
270 0.1184172399427703 2.7
271 0.1184723471123706 2.71
272 0.118539123594831 2.72
273 0.1185863919116808 2.73
274 0.1186217990689433 2.74
275 0.118652694647643 2.75
276 0.1186851251295651 2.76
277 0.1187180661626189 2.77
278 0.1187556826784438 2.78
279 0.1187958482413642 2.79
280 0.1188393888380222 2.8
281 0.1188913748322498 2.81
282 0.1189388616324022 2.82
283 0.1189892606768367 2.83
284 0.119037432286417 2.84
285 0.1190847963220444 2.85
286 0.1191331929615832 2.86
287 0.1191734822774023 2.87
288 0.1192202288048038 2.88
289 0.1192479856710045 2.89
290 0.1192943415889225 2.9
291 0.1193324975623835 2.91
292 0.1193823871749827 2.92
293 0.1194317699594741 2.93
294 0.1194894202402469 2.94
295 0.1195318873897155 2.95
296 0.1195666435587951 2.96
297 0.1195927983834598 2.97
298 0.1196280361373837 2.98
299 0.1196754306300628 2.99
300 0.1197279626502427 3
301 0.1197807323256956 3.01
302 0.1198446289804265 3.02
303 0.1199054834506909 3.03
304 0.1199480750712266 3.04
305 0.1199805947493588 3.05
306 0.1200051514214505 3.06
307 0.1200255721263808 3.07
308 0.1200411762542733 3.08
309 0.1200611834122875 3.09
310 0.1200909094642693 3.1
311 0.1201273879465184 3.11
312 0.1201802027087388 3.12
313 0.1202099366315052 3.13
314 0.120244693551974 3.14
315 0.1202718908051743 3.15
316 0.1203149153214405 3.16
317 0.1203545893405532 3.17
318 0.1203916679211633 3.18
319 0.1204275229944612 3.19
320 0.1204639361597443 3.2
321 0.1205007364784095 3.21
322 0.1205312437164222 3.22
323 0.1205593686845564 3.23
324 0.1205843308660115 3.24
325 0.1206068616580989 3.25
326 0.1206351250972674 3.26
327 0.1206602108100582 3.27
328 0.1206623491171208 3.28
329 0.1206773785724516 3.29
330 0.1207028946063927 3.3
331 0.1207252522206633 3.31
332 0.1207594986115916 3.32
333 0.1207962330951509 3.33
334 0.1208492812587427 3.34
335 0.1208847373621926 3.35
336 0.120910021974084 3.36
337 0.1209308511278387 3.37
338 0.1209534852120701 3.38
339 0.1209874901479183 3.39
340 0.1209979060412517 3.4
341 0.1210119052547818 3.41
342 0.1210402933646648 3.42
343 0.1210615430059441 3.43
344 0.1210744885190677 3.44
345 0.1210851928387883 3.45
346 0.1210920353069754 3.46
347 0.1210995907263563 3.47
348 0.1211085901173934 3.48
349 0.1211197033637545 3.49
350 0.1211200502009071 3.5
351 0.1211284273267245 3.51
352 0.1211478282725355 3.52
353 0.1211776360807986 3.53
354 0.1212022602897263 3.54
355 0.1212215580580078 3.55
356 0.1212375240097083 3.56
357 0.1212529991021454 3.57
358 0.1212732552591284 3.58
359 0.1212895419290991 3.59
360 0.121298170953435 3.6
361 0.1213066125574907 3.61
362 0.1213129078665091 3.62
363 0.1213202709215193 3.63
364 0.1213273005346029 3.64
365 0.1213258942553984 3.65
366 0.121319650565548 3.66
367 0.121310264917581 3.67
368 0.1213041169754571 3.68
369 0.121302017722103 3.69
370 0.1212990589636693 3.7
371 0.1212994395110326 3.71
372 0.1213030685036509 3.72
373 0.1213073771595716 3.73
374 0.1213118628430078 3.74
375 0.121314550156243 3.75
376 0.1213160978753804 3.76
377 0.1213144002340055 3.77
378 0.1213106570924616 3.78
379 0.1213156203549787 3.79
380 0.1213113694857755 3.8
381 0.121302915848642 3.81
382 0.1212892286120748 3.82
383 0.1212735075616592 3.83
384 0.1212583655477779 3.84
385 0.1212389506090501 3.85
386 0.1212183626985211 3.86
387 0.1211868893596081 3.87
388 0.121168620119575 3.88
389 0.1211540406581564 3.89
390 0.1211398223541008 3.9
391 0.1211245112631822 3.91
392 0.1211129100312442 3.92
393 0.1210967607442016 3.93
394 0.1210772200796308 3.94
395 0.1210552107361967 3.95
396 0.1210341814258912 3.96
397 0.1210142757214519 3.97
398 0.1209939876058794 3.98
399 0.1209739990138889 3.99
400 0.1209630862568426 4
401 0.1209429399448519 4.01
402 0.1208976276863245 4.02
403 0.1208758418957973 4.03
404 0.1208425516192607 4.04
405 0.1208051962594074 4.05
406 0.1207575185164378 4.06
407 0.120721717197819 4.07
408 0.1206929643774927 4.08
409 0.1206717311177607 4.09
410 0.1206446942571988 4.1
411 0.1206109054668875 4.11
412 0.1205764292039183 4.12
413 0.1205377761586526 4.13
414 0.1204955099284949 4.14
415 0.1204569394260511 4.15
416 0.1204057295219251 4.16
417 0.1203628667030166 4.17
418 0.1203238557202961 4.18
419 0.1202821557237082 4.19
420 0.120244208426219 4.2
421 0.1202053188841272 4.21
422 0.1201683605418381 4.22
423 0.1201299391104934 4.23
424 0.1200829163401031 4.24
425 0.1200294068079339 4.25
426 0.1199739386637757 4.26
427 0.1199181022748554 4.27
428 0.1198615840385621 4.28
429 0.1198316569255487 4.29
430 0.1198002484926876 4.3
431 0.1197540794701043 4.31
432 0.1196766598655657 4.32
433 0.1196076183062324 4.33
434 0.1195201671243007 4.34
435 0.1194286201039436 4.350000000000001
436 0.119362139974453 4.36
437 0.1193005246548924 4.37
438 0.1192479015170351 4.38
439 0.1192008858568745 4.39
440 0.119153074240937 4.4
441 0.1191016331770266 4.41
442 0.1190706766181034 4.42
443 0.1190231339214984 4.43
444 0.1189506656584061 4.44
445 0.1188672439386262 4.45
446 0.1187584002916004 4.46
447 0.1186489022011411 4.47
448 0.1185753472162937 4.48
449 0.1185200666495811 4.49
450 0.1184686293559933 4.5
451 0.1184143994218455 4.51
452 0.1183512021759584 4.52
453 0.1182887111169315 4.53
454 0.1182124696653459 4.54
455 0.118152791701166 4.55
456 0.1180734580210226 4.56
457 0.1179825108681164 4.57
458 0.1179011043997818 4.58
459 0.1178640069847288 4.59
460 0.1177983827621326 4.600000000000001
461 0.1177164206204366 4.61
462 0.1176126910431119 4.62
463 0.1175067921661921 4.63
464 0.1173680370877623 4.64
465 0.1172652910093279 4.65
466 0.1171535943691948 4.66
467 0.1170267414939021 4.67
468 0.1169454560693453 4.68
469 0.1168701479584933 4.69
470 0.1168081404801903 4.7
471 0.1167411171545215 4.71
472 0.1166706641434914 4.72
473 0.1165918695392924 4.73
474 0.1165076970946726 4.74
475 0.1164185556437665 4.75
476 0.1163256938571704 4.76
477 0.1162297953221433 4.77
478 0.1161322734625367 4.78
479 0.1160451522838777 4.79
480 0.1159468761169661 4.8
481 0.1158443860706791 4.81
482 0.115740497494774 4.82
483 0.1156357318512013 4.83
484 0.1155320259247233 4.84
485 0.1154299309285791 4.850000000000001
486 0.1153326964618067 4.86
487 0.1152499732705381 4.87
488 0.1151777512002798 4.88
489 0.1151013856699553 4.89
490 0.1149777196612171 4.9
491 0.1148823155540466 4.91
492 0.1147742811061691 4.92
493 0.1146596539261021 4.93
494 0.1145915445926565 4.94
495 0.1144653367248415 4.95
496 0.1143403354383263 4.96
497 0.1142034847786571 4.97
498 0.1140381145917663 4.98
499 0.1138713352091254 4.99
500 0.113682314668743 5
501 0.1135615428824911 5.01
502 0.1134825729518282 5.02
503 0.1134194114881425 5.03
504 0.1133536879276963 5.04
505 0.1132714532537264 5.05
506 0.1131867801478194 5.06
507 0.1130819435922217 5.07
508 0.1129519994374523 5.08
509 0.1128215180844006 5.09
510 0.1126936645954572 5.100000000000001
511 0.1125694402871119 5.11
512 0.1124495026559063 5.12
513 0.1123325424948583 5.13
514 0.1122153919115813 5.14
515 0.1121216439456909 5.15
516 0.1120297967067983 5.16
517 0.1119325057817193 5.17
518 0.1118158396408569 5.18
519 0.1117122054423617 5.19
520 0.1115778110468341 5.2
521 0.1114371919469614 5.21
522 0.1112956504285094 5.22
523 0.1111595780887146 5.23
524 0.1110253173113628 5.24
525 0.1108884800321112 5.25
526 0.1107604101326636 5.26
527 0.1106330231611212 5.27
528 0.1105008400266315 5.28
529 0.1103702319542895 5.29
530 0.1102116894698708 5.3
531 0.1100834788090961 5.31
532 0.1099397957825357 5.32
533 0.1097970275000022 5.33
534 0.1096820302647113 5.34
535 0.1095606792784685 5.350000000000001
536 0.1094452768180819 5.36
537 0.109310751583043 5.37
538 0.1091734447477035 5.38
539 0.1090536307139177 5.39
540 0.1089211566594963 5.4
541 0.1087991655902628 5.41
542 0.1086709415097944 5.42
543 0.1085546908984037 5.43
544 0.1084262771821638 5.44
545 0.1083067818571879 5.45
546 0.1081818446764246 5.46
547 0.1080474551980091 5.47
548 0.107929550866477 5.48
549 0.1077752438104448 5.49
550 0.1076519243545502 5.5
551 0.1075209789063246 5.51
552 0.1073820799022694 5.52
553 0.1072392289623294 5.53
554 0.1071181396395098 5.54
555 0.1069573646879459 5.55
556 0.1068302915597726 5.56
557 0.1066629309460343 5.57
558 0.1065090504518927 5.58
559 0.1063980229387178 5.59
560 0.1062416970890031 5.600000000000001
561 0.1061034507810574 5.61
562 0.1059973382584882 5.62
563 0.1058328926145573 5.63
564 0.1056823158272066 5.64
565 0.1055681648894678 5.65
566 0.1054010154724991 5.66
567 0.1052437842544521 5.67
568 0.1050928640838978 5.68
569 0.1049468411643654 5.69
570 0.1047973096139838 5.7
571 0.1046795477388092 5.71
572 0.1045213920194223 5.72
573 0.1043673583679495 5.73
574 0.1042262458911919 5.74
575 0.1040968071491014 5.75
576 0.1039645425627593 5.76
577 0.1038277854942437 5.77
578 0.1036897616204446 5.78
579 0.1035252618095763 5.79
580 0.1033970263028817 5.8
581 0.1032383805969746 5.81
582 0.1031086792622593 5.82
583 0.1029488939070816 5.83
584 0.1028238673789987 5.84
585 0.1026884166793573 5.850000000000001
586 0.1025225506902985 5.86
587 0.1024004284047185 5.87
588 0.1022603329071434 5.88
589 0.1020917565495415 5.89
590 0.1019672003573001 5.9
591 0.1018306654408325 5.91
592 0.1016562504077505 5.92
593 0.1015246478168695 5.93
594 0.1013830037733148 5.94
595 0.1012002846722109 5.95
596 0.1010639705529602 5.96
597 0.1009206119620548 5.97
598 0.10077376921467 5.98
599 0.1006289372127869 5.99
600 0.1004800652026214 6
601 0.1003324116739706 6.01
602 0.1002150499535549 6.02
603 0.100047855643557 6.03
604 0.09992444745666268 6.04
605 0.09974021009800481 6.05
606 0.0996065635605223 6.06
607 0.09946245423139126 6.07
608 0.09926750523556813 6.08
609 0.09913375284939699 6.09
610 0.09899484085259344 6.100000000000001
611 0.0988368313459535 6.11
612 0.09867631253586011 6.12
613 0.09851693339233036 6.13
614 0.09835744564549051 6.140000000000001
615 0.09820289211257904 6.15
616 0.09805713778886035 6.16
617 0.09791389135894282 6.17
618 0.09777278501570957 6.18
619 0.09759936498761808 6.19
620 0.0974744952580608 6.2
621 0.09734039705078398 6.21
622 0.09716476265619003 6.22
623 0.09703697003104965 6.23
624 0.09684519430668079 6.24
625 0.09667257921196572 6.25
626 0.09648775812505658 6.26
627 0.09635649258776983 6.27
628 0.09620423429711757 6.28
629 0.09606539375145581 6.29
630 0.09593733223194252 6.3
631 0.09582371775754245 6.31
632 0.09567140992484122 6.32
633 0.09554067480138438 6.33
634 0.09537179758513363 6.34
635 0.09522979682198078 6.350000000000001
636 0.09506131501288466 6.36
637 0.09491896673884294 6.37
638 0.09477242440933643 6.38
639 0.09461734277431059 6.390000000000001
640 0.09446783223490315 6.4
641 0.0943112357906309 6.41
642 0.09414957641205964 6.42
643 0.09398694085174594 6.43
644 0.0938661766857021 6.44
645 0.09368357755220796 6.45
646 0.09350472484432439 6.46
647 0.09329376568400229 6.47
648 0.09314680102144721 6.48
649 0.09297614184704001 6.49
650 0.09285104810352124 6.5
651 0.09272216898597305 6.51
652 0.0925673321010192 6.52
653 0.09244719678422605 6.53
654 0.0923179965136121 6.54
655 0.09215311435173988 6.55
656 0.09202388395064355 6.56
657 0.09187692050182089 6.57
658 0.09169741880102729 6.58
659 0.09155728307995806 6.59
660 0.09140876425064123 6.600000000000001
661 0.09124952371934278 6.61
662 0.09108953953306105 6.62
663 0.0909276043223667 6.63
664 0.09076650603208486 6.640000000000001
665 0.0906101223850877 6.65
666 0.09045451631327069 6.66
667 0.09029953895570092 6.67
668 0.09014355846540112 6.68
669 0.08999638135676376 6.69
670 0.08984288439124298 6.7
671 0.0896898796725274 6.71
672 0.08953115859477602 6.72
673 0.08936423226396127 6.73
674 0.08919870323686858 6.74
675 0.08903015680507541 6.75
676 0.08886789006071642 6.76
677 0.08871716793287171 6.77
678 0.08857033734795743 6.78
679 0.0884260892465896 6.79
680 0.08827966778326966 6.8
681 0.08813315997285184 6.81
682 0.08798766950071611 6.82
683 0.08783094767762151 6.83
684 0.08767510888500167 6.84
685 0.08752286193694377 6.850000000000001
686 0.08734093173661793 6.86
687 0.08720839220371834 6.87
688 0.08706274142078599 6.88
689 0.08689102336073616 6.890000000000001
690 0.08675498165540438 6.9
691 0.08661768164732986 6.91
692 0.08646870610237231 6.92
693 0.08628531064182793 6.93
694 0.08614923600843982 6.94
695 0.08599128141622475 6.95
696 0.08580360178086127 6.96
697 0.08566195801289371 6.97
698 0.08547760552638139 6.98
699 0.08533662884732904 6.99
700 0.08516446156432318 7
701 0.08502986111398199 7.01
702 0.08485775826629914 7.02
703 0.08472493582410914 7.03
704 0.08458155229458854 7.04
705 0.0844017559660034 7.05
706 0.08426452851302527 7.06
707 0.08411500149702124 7.07
708 0.08395852028238054 7.08
709 0.08380041278599303 7.09
710 0.08362548073098609 7.100000000000001
711 0.08345448629120607 7.11
712 0.08329856127414621 7.12
713 0.08314482633141999 7.13
714 0.0829916761420836 7.140000000000001
715 0.08283734113225197 7.15
716 0.08268387840922413 7.16
717 0.08253573848714818 7.17
718 0.0823894978471541 7.18
719 0.08224268400676221 7.19
720 0.0820919053056426 7.2
721 0.08193183948180666 7.21
722 0.08177088969173166 7.22
723 0.08160638890434395 7.23
724 0.08144358521882146 7.24
725 0.08128181235001654 7.25
726 0.08112313102947138 7.26
727 0.08096582788719213 7.27
728 0.08080938542590006 7.28
729 0.08065081932618985 7.29
730 0.08052453679424429 7.3
731 0.0803454639455204 7.31
732 0.08018124951558959 7.32
733 0.08002152611209333 7.33
734 0.0798638335894272 7.34
735 0.07970429310269771 7.350000000000001
736 0.07954656827525071 7.36
737 0.0793881082584281 7.37
738 0.07923691264954351 7.38
739 0.07908202124924517 7.390000000000001
740 0.0789030103933728 7.4
741 0.07876421916288351 7.41
742 0.07861946369591423 7.42
743 0.07844260640814643 7.43
744 0.07830155339774661 7.44
745 0.07811697700992976 7.45
746 0.07797791968325524 7.46
747 0.07780544683639729 7.47
748 0.07766700393133633 7.48
749 0.07749408058545501 7.49
750 0.0773596240457648 7.5
751 0.07720879055557854 7.51
752 0.07705314609511342 7.52
753 0.07692576104867667 7.53
754 0.07673778382611043 7.54
755 0.07659885240029383 7.55
756 0.07640439851846292 7.56
757 0.07626262977725724 7.57
758 0.07610972861697367 7.58
759 0.07589888053269588 7.59
760 0.07575080005035012 7.600000000000001
761 0.07559911275913922 7.61
762 0.07544155341835487 7.62
763 0.07528825480791233 7.63
764 0.07512329103027741 7.640000000000001
765 0.07495556817202828 7.65
766 0.07478772044672839 7.66
767 0.07461767812715472 7.67
768 0.07445007526399748 7.68
769 0.07428065049330014 7.69
770 0.07417356684865943 7.7
771 0.07398233352902941 7.71
772 0.07386090951805048 7.72
773 0.07367109036677741 7.73
774 0.07355376245462385 7.74
775 0.07335102457286172 7.75
776 0.07322735710805056 7.76
777 0.07308847016009908 7.77
778 0.07285978704395016 7.78
779 0.0727279541661784 7.79
780 0.07258394756145888 7.8
781 0.07243158474584679 7.81
782 0.0722746609411942 7.82
783 0.0720100577484316 7.83
784 0.0718605047288407 7.84
785 0.07170173921294348 7.850000000000001
786 0.07153777914131976 7.86
787 0.07136977304581765 7.87
788 0.07111718912933852 7.88
789 0.07097887335518492 7.890000000000001
790 0.07083851944339936 7.9
791 0.07070534483597282 7.91
792 0.07049421676427299 7.92
793 0.07037630959233497 7.930000000000001
794 0.07024733856160525 7.94
795 0.07010243847889787 7.95
796 0.06987230206346516 7.96
797 0.06974044242211891 7.97
798 0.06950018710229808 7.98
799 0.06934733242905514 7.99
800 0.06912995975391913 8
801 0.06899195395546752 8.01
802 0.06879403095937583 8.02
803 0.06862578661872241 8.029999999999999
804 0.06846680716214779 8.040000000000001
805 0.0683177659770466 8.050000000000001
806 0.06817359499013109 8.06
807 0.06803059478186495 8.07
808 0.06787615993150899 8.08
809 0.06771881647075217 8.09
810 0.06756907204878844 8.1
811 0.06741350480553679 8.109999999999999
812 0.0672549993420074 8.120000000000001
813 0.06708107242989515 8.130000000000001
814 0.06688885476363636 8.140000000000001
815 0.06670044975221553 8.15
816 0.06652526101992427 8.16
817 0.0663495856454874 8.17
818 0.0661776755357479 8.18
819 0.06601406798307323 8.19
820 0.06585284559985349 8.199999999999999
821 0.06569017320251432 8.210000000000001
822 0.06551513491382159 8.220000000000001
823 0.0653428002572066 8.23
824 0.06516587434410871 8.24
825 0.06498920427441184 8.25
826 0.06481254127165807 8.26
827 0.06464344365743678 8.27
828 0.06447995949628803 8.279999999999999
829 0.06431580497364503 8.290000000000001
830 0.0641506967771401 8.300000000000001
831 0.06398642391343703 8.31
832 0.06385775293550999 8.32
833 0.06367409159806443 8.33
834 0.06349058133658353 8.34
835 0.06333908713167827 8.35
836 0.06316004949603342 8.359999999999999
837 0.06299259131132644 8.370000000000001
838 0.06285629150632931 8.380000000000001
839 0.06263767969212559 8.390000000000001
840 0.06248240668147477 8.4
841 0.06224790944349518 8.41
842 0.06208764074970774 8.42
843 0.06186330858213414 8.43
844 0.0617190104589677 8.44
845 0.06156706227761996 8.449999999999999
846 0.06134267871767775 8.460000000000001
847 0.06117491966048021 8.470000000000001
848 0.06100331573132309 8.48
849 0.06082570207303772 8.49
850 0.06064745485053011 8.5
851 0.06040757866514695 8.51
852 0.06025110404982453 8.52
853 0.06009178044895035 8.529999999999999
854 0.05992930846394706 8.540000000000001
855 0.05972480167678154 8.550000000000001
856 0.05959263313990613 8.56
857 0.05944890799368292 8.57
858 0.0592324487370994 8.58
859 0.05908593421701752 8.59
860 0.05886578787621495 8.6
861 0.05871842594877141 8.609999999999999
862 0.05849625603700229 8.620000000000001
863 0.05829919527431796 8.630000000000001
864 0.05814704958121354 8.640000000000001
865 0.05792716537327325 8.65
866 0.05772494009859318 8.66
867 0.05753689179786714 8.67
868 0.05735789315700375 8.68
869 0.05719515755971091 8.69
870 0.05704016615261057 8.700000000000001
871 0.05687919829343097 8.710000000000001
872 0.05670413674560904 8.720000000000001
873 0.05651814500383183 8.73
874 0.05633080243852678 8.74
875 0.05614191669137714 8.75
876 0.05595071355467517 8.76
877 0.05576592791103488 8.77
878 0.05558399772621622 8.779999999999999
879 0.05539528830954445 8.790000000000001
880 0.05521647883552244 8.800000000000001
881 0.05503557589709072 8.81
882 0.05484718424167596 8.82
883 0.05469985710847573 8.83
884 0.05448698631576659 8.84
885 0.05433108506089092 8.85
886 0.05411078778064475 8.859999999999999
887 0.05395133970038707 8.870000000000001
888 0.05372506424855215 8.880000000000001
889 0.05355334446466309 8.890000000000001
890 0.05332403168637836 8.9
891 0.05316218563593966 8.91
892 0.0529905418630198 8.92
893 0.05275673963483241 8.93
894 0.05259258824392263 8.94
895 0.0524188545373091 8.950000000000001
896 0.05223753451842972 8.960000000000001
897 0.05204334530419619 8.970000000000001
898 0.05184958813359597 8.98
899 0.05167548732211195 8.99
900 0.05149199484963508 9
901 0.05123948463789114 9.01
902 0.05106359096473337 9.02
903 0.05088605510810522 9.029999999999999
904 0.05071341786961513 9.040000000000001
905 0.05053391334758185 9.050000000000001
906 0.05033317872106485 9.06
907 0.05013084428802922 9.07
908 0.04992862608633854 9.08
909 0.0497239993033113 9.09
910 0.04952130508434861 9.1
911 0.04932114885847211 9.109999999999999
912 0.04912460869632528 9.120000000000001
913 0.04892262133585323 9.130000000000001
914 0.0487346333570457 9.140000000000001
915 0.04855102340302071 9.15
916 0.04830374696459694 9.16
917 0.04814175878303036 9.17
918 0.04797510910498191 9.18
919 0.04780579334618139 9.19
920 0.04763565251249129 9.200000000000001
921 0.04737774297988534 9.210000000000001
922 0.04720954807372169 9.220000000000001
923 0.04703154218022224 9.23
924 0.04683897047907686 9.24
925 0.04657346651143791 9.25
926 0.0464132794710871 9.26
927 0.04622751090636106 9.27
928 0.04604777758738531 9.279999999999999
929 0.04579127846489943 9.290000000000001
930 0.04560295791359369 9.300000000000001
931 0.04535533488585772 9.31
932 0.04518421481781751 9.32
933 0.04495970954712017 9.33
934 0.0447998887406888 9.34
935 0.04459001318542173 9.35
936 0.0444298957298556 9.359999999999999
937 0.04420485522081859 9.370000000000001
938 0.04404928773661412 9.380000000000001
939 0.0438305024189866 9.390000000000001
940 0.04362533757608396 9.4
941 0.04343002839785895 9.41
942 0.04327639441312389 9.42
943 0.04304833577092211 9.43
944 0.04284440086771754 9.44
945 0.04269352941656214 9.450000000000001
946 0.04246801618197481 9.460000000000001
947 0.04225189831239227 9.470000000000001
948 0.04209222080450342 9.48
949 0.04183985512378009 9.49
950 0.04159701059902572 9.5
951 0.04138408512153428 9.51
952 0.04122678664532653 9.52
953 0.04100708942510581 9.529999999999999
954 0.04080350834389744 9.540000000000001
955 0.04065659065465176 9.550000000000001
956 0.04044813445618278 9.56
957 0.04024875711058908 9.57
958 0.04009118664390261 9.58
959 0.03985902899442699 9.59
960 0.03970123494254349 9.6
961 0.03946965220538531 9.609999999999999
962 0.03928868559803241 9.620000000000001
963 0.03909912596797785 9.630000000000001
964 0.0388343344040054 9.640000000000001
965 0.03865114167430912 9.65
966 0.03844740074573569 9.66
967 0.03823823852896308 9.67
968 0.03796327811008061 9.68
969 0.03776980027226853 9.69
970 0.03757445726427064 9.700000000000001
971 0.03737624554298265 9.710000000000001
972 0.03717531109252638 9.720000000000001
973 0.03697222376420514 9.73
974 0.03676115488761843 9.74
975 0.03655460426881202 9.75
976 0.03638197633087314 9.76
977 0.03619621483794352 9.77
978 0.03601946784880022 9.779999999999999
979 0.03583744271771024 9.790000000000001
980 0.0356454854306392 9.800000000000001
981 0.03544407774973594 9.81
982 0.0352346773765837 9.82
983 0.03501882157405752 9.83
984 0.03480067850751718 9.84
985 0.0345833277605854 9.85
986 0.03429569447190932 9.859999999999999
987 0.03410822993046395 9.870000000000001
988 0.03392260108623653 9.880000000000001
989 0.0336680900124561 9.890000000000001
990 0.03350442168169267 9.9
991 0.03326865798016269 9.91
992 0.03310490400841963 9.92
993 0.03288250886851585 9.93
994 0.03273281371560062 9.94
995 0.03251161994725535 9.950000000000001
996 0.03234716126374004 9.960000000000001
997 0.0321277051389493 9.970000000000001
998 0.03196895863585662 9.98
999 0.0317366532636509 9.99
1000 0.03157512787673693 10
1001 0.03134150247424354 10.01
1002 0.03117192786720527 10.02
1003 0.03091401876256804 10.03
1004 0.03074474943972952 10.04
1005 0.03052094533533423 10.05
1006 0.03035708638022994 10.06
1007 0.03010655676669426 10.07
1008 0.02992825839557359 10.08
1009 0.02967974381882774 10.09
1010 0.02950292926270044 10.1
1011 0.02930868940914409 10.11
1012 0.02904798592907866 10.12
1013 0.02887314943166684 10.13
1014 0.02869208191819972 10.14
1015 0.02845277478066371 10.15
1016 0.0282796306015502 10.16
1017 0.02809602209793814 10.17
1018 0.027909231437974 10.18
1019 0.02764065276899104 10.19
1020 0.02745754864072601 10.2
1021 0.02726485198948118 10.21
1022 0.02706353608789791 10.22
1023 0.02685820984032182 10.23
1024 0.02664106429940251 10.24
1025 0.02637148183381306 10.25
1026 0.0261982266559299 10.26
1027 0.02602475711469387 10.27
1028 0.02583632606885942 10.28
1029 0.02566708517333875 10.29
1030 0.02547703410610136 10.3
1031 0.02520536416301694 10.31
1032 0.02501614396889829 10.32
1033 0.02482474789042369 10.33
1034 0.02463564036949742 10.34
1035 0.02443978993077725 10.35
1036 0.02424247551031131 10.36
1037 0.024050140848666 10.37
1038 0.02385215878745829 10.38
1039 0.0236452932571431 10.39
1040 0.02343279687782511 10.4
1041 0.02325469044939769 10.41
1042 0.0230769919662442 10.42
1043 0.02289146745431915 10.43
1044 0.02266730131306841 10.44
1045 0.02244602544940758 10.45
1046 0.02221664571548304 10.46
1047 0.02200018046510056 10.47
1048 0.02180083869388412 10.48
1049 0.02160759868164223 10.49
1050 0.02142333318303961 10.5
1051 0.02124297842619265 10.51
1052 0.02105750141086123 10.52
1053 0.02087891517856501 10.53
1054 0.02070162937376131 10.54
1055 0.02052181909015094 10.55
1056 0.02033900074010277 10.56
1057 0.02013174552709905 10.57
1058 0.01991379163953892 10.58
1059 0.01971080787275507 10.59
1060 0.01952396033507847 10.6
1061 0.01934512685216289 10.61
1062 0.01916473212891408 10.62
1063 0.0190023733595736 10.63
1064 0.01881484168557052 10.64
1065 0.01862351364327122 10.65
1066 0.01843141536925338 10.66
1067 0.01815698937024644 10.67
1068 0.01798626013760656 10.68
1069 0.01781401512860684 10.69
1070 0.01764429750174029 10.7
1071 0.01742093528320034 10.71
1072 0.01728609589738957 10.72
1073 0.01713511911814591 10.73
1074 0.01691027051814332 10.74
1075 0.01676097458762399 10.75
1076 0.01652661007409323 10.76
1077 0.01637503154024929 10.77
1078 0.0161616723398251 10.78
1079 0.01602322676016918 10.79
1080 0.01581119094786521 10.8
1081 0.01567576905972348 10.81
1082 0.01552153740476549 10.82
1083 0.01528560218473396 10.83
1084 0.01513559469616925 10.84
1085 0.0149733870833717 10.85
1086 0.01479252349924572 10.86
1087 0.01453758006073147 10.87
1088 0.01437680477815112 10.88
1089 0.01420817019816072 10.89
1090 0.01402949774769349 10.9
1091 0.01376900490863789 10.91
1092 0.01359741957761397 10.92
1093 0.01340249292119618 10.93
1094 0.01323145353429929 10.94
1095 0.01306327966517373 10.95
1096 0.01289580684144505 10.96
1097 0.0127300080395062 10.97
1098 0.01255829834486111 10.98
1099 0.01238962975644946 10.99
1100 0.01223948995777289 11
1101 0.01208674890359146 11.01
1102 0.01191903424140858 11.02
1103 0.01175612054599802 11.03
1104 0.01158833928456124 11.04
1105 0.01141398668763109 11.05
1106 0.01121976568426358 11.06
1107 0.01103535132835753 11.07
1108 0.01083990692384897 11.08
1109 0.01065378901800278 11.09
1110 0.01049269329650863 11.1
1111 0.01033509476306539 11.11
1112 0.01017396322421331 11.12
1113 0.01001876214900141 11.13
1114 0.009864092363263285 11.14
1115 0.009713011984730152 11.15
1116 0.009555310873852238 11.16
1117 0.009404716197742552 11.17
1118 0.009250301134784922 11.18
1119 0.009093894282453829 11.19
1120 0.008932937971191435 11.2
1121 0.008712057048182967 11.21
1122 0.008578285007117784 11.22
1123 0.008439482190957859 11.23
1124 0.008280533122564299 11.24
1125 0.008126191716954695 11.25
1126 0.007994961349593724 11.26
1127 0.007815155432791182 11.27
1128 0.007696131023875979 11.28
1129 0.007569699087684331 11.29
1130 0.007435709720328504 11.3
1131 0.007296939840020597 11.31
1132 0.007100848572538301 11.32
1133 0.006988085765760946 11.33
1134 0.006845458066725402 11.34
1135 0.006696573699972022 11.35
1136 0.006541829628727291 11.36
1137 0.006329300697918386 11.37
1138 0.006197044960464887 11.38
1139 0.006064036340990356 11.39
1140 0.005927835101072199 11.4
1141 0.005789337742878181 11.41
1142 0.005657456865856642 11.42
1143 0.005501091577228626 11.43
1144 0.00535412975356922 11.44
1145 0.005210373449849565 11.45
1146 0.00509224720316849 11.46
1147 0.004914488477080897 11.47
1148 0.004802408582327417 11.48
1149 0.004677086388184024 11.49
1150 0.004545064531141008 11.5
1151 0.004416471484103346 11.51
1152 0.004252935409525357 11.52
1153 0.00410535910587799 11.53
1154 0.003954556385173918 11.54
1155 0.003801923031246324 11.55
1156 0.003653116602979303 11.56
1157 0.003509444917201163 11.57
1158 0.003371740330858367 11.58
1159 0.00325078049028292 11.59
1160 0.003134508769979366 11.6
1161 0.003019289339499825 11.61
1162 0.002905867396387957 11.62
1163 0.002790883752358905 11.63
1164 0.002675651715722219 11.64
1165 0.002556689959851477 11.65
1166 0.002432772179017745 11.66
1167 0.002297392780137381 11.67
1168 0.002168077194579149 11.68
1169 0.002029447928761155 11.69
1170 0.001894430994642454 11.7
1171 0.001766819362255714 11.71
1172 0.001647200228225815 11.72
1173 0.001530553743195356 11.73
1174 0.001423643252964332 11.74
1175 0.001330189372828847 11.75
1176 0.001236096156036204 11.76
1177 0.001135537958462898 11.77
1178 0.001032791668891933 11.78
1179 0.0009234924295772884 11.79
1180 0.0008085843289811767 11.8
1181 0.0006858989479278238 11.81
1182 0.000562500930957513 11.82
1183 0.0004431435057815208 11.83
1184 0.000336354607092415 11.84
1185 0.0002268965380600174 11.85
1186 0.0001179689223329977 11.86
1187 1.067009666197438e-05 11.87
1188 -0.0001032230538825646 11.88
1189 -0.000208254833638441 11.89
1190 -0.00031021698236533 11.9
1191 -0.0003987267383700061 11.91
1192 -0.0004838588706977814 11.92
1193 -0.0005457709868589428 11.93
1194 -0.000606639981743623 11.94
1195 -0.000671191973290422 11.95
1196 -0.0007380499877380903 11.96
1197 -0.0008164951355830452 11.97
1198 -0.0008777476440160886 11.98
1199 -0.000954807154678175 11.99
1200 -0.00103164734442425 12
1201 -0.001105629108588815 12.01
1202 -0.001191026702042103 12.02
1203 -0.001281238043167043 12.03
1204 -0.001368929382498038 12.04
1205 -0.001446822155364902 12.05
1206 -0.001523668908268064 12.06
1207 -0.00159523106800441 12.07
1208 -0.001676706252439861 12.08
1209 -0.001751600527311506 12.09
1210 -0.00182421687744759 12.1
1211 -0.001905034421147131 12.11
1212 -0.001957126924960029 12.12
1213 -0.002008430256624991 12.13
1214 -0.002084104648775897 12.14
1215 -0.002134127506009581 12.15
1216 -0.002188181903056766 12.16
1217 -0.002256246385651833 12.17
1218 -0.002344328447186947 12.18
1219 -0.002396133626040853 12.19
1220 -0.002445697047763554 12.2
1221 -0.002493794915617645 12.21
1222 -0.002559433476710865 12.22
1223 -0.002584612077003279 12.23
1224 -0.002614674694727898 12.24
1225 -0.002653810800693476 12.25
1226 -0.002688663702903452 12.26
1227 -0.002735768006654052 12.27
1228 -0.002795872215041087 12.28
1229 -0.002857326814394948 12.29
1230 -0.00290208283451901 12.3
1231 -0.002942180731307836 12.31
1232 -0.002968751621187232 12.32
1233 -0.002990279753854699 12.33
1234 -0.003016743424609086 12.34
1235 -0.003041336113132495 12.35
1236 -0.00308632101377726 12.36
1237 -0.003121917772718585 12.37
1238 -0.003143698696495598 12.38
1239 -0.003169424098045256 12.39
1240 -0.003171995440711242 12.4
1241 -0.003164379604635212 12.41
1242 -0.003175673903048085 12.42
1243 -0.003184327507268686 12.43
1244 -0.003192408255040538 12.44
1245 -0.003190800734123367 12.45
1246 -0.003193778701136782 12.46
1247 -0.003197393764487549 12.47
1248 -0.003196578638393802 12.48
1249 -0.003192611434033252 12.49
1250 -0.003179859588275991 12.5
1251 -0.003154090182674277 12.51
1252 -0.003140299552702355 12.52
1253 -0.003137529543495263 12.53
1254 -0.00312975693764353 12.54
1255 -0.003100896404724315 12.55
1256 -0.003074762875064072 12.56
1257 -0.003051454567751577 12.57
1258 -0.003022293829214442 12.58
1259 -0.002973795896612064 12.59
1260 -0.002940207487838312 12.6
1261 -0.002913267625397412 12.61
1262 -0.00287777932610829 12.62
1263 -0.002851461187163465 12.63
1264 -0.002846441918110829 12.64
1265 -0.002842359921976262 12.65
1266 -0.002838284125572646 12.66
1267 -0.002829854739195101 12.67
1268 -0.002820190829524602 12.68
1269 -0.002812967475824352 12.69
1270 -0.002793681028742251 12.7
1271 -0.002761261695403444 12.71
1272 -0.002728314964039871 12.72
1273 -0.002704551729298871 12.73
1274 -0.00269423881617227 12.74
1275 -0.002683508884315788 12.75
1276 -0.002671469654038333 12.76
1277 -0.002670750381237721 12.77
1278 -0.002645021102720913 12.78
1279 -0.002634786648514659 12.79
1280 -0.002619051049442336 12.8
1281 -0.00259750840695154 12.81
1282 -0.002578178717328558 12.82
1283 -0.002541081775570553 12.83
1284 -0.002553644787646747 12.84
1285 -0.002553900650699478 12.85
1286 -0.002552431914484857 12.86
1287 -0.002554703986872603 12.87
1288 -0.002564005478361248 12.88
1289 -0.00257264446697103 12.89
1290 -0.002576500044764576 12.9
1291 -0.00257151775166907 12.91
1292 -0.002566238748571148 12.92
1293 -0.00256136863516164 12.93
1294 -0.002573860758801297 12.94
1295 -0.002585128756614041 12.95
1296 -0.002575497004147997 12.96
1297 -0.002591930220750896 12.97
1298 -0.002580151403745012 12.98
1299 -0.002555266434544165 12.99
1300 -0.002548143134772293 13
1301 -0.002550608128222526 13.01
1302 -0.002558899949076557 13.02
1303 -0.002580055449166327 13.03
1304 -0.002638381134729792 13.04
1305 -0.002698466833237378 13.05
1306 -0.002760392531021172 13.06
1307 -0.002816106969471863 13.07
1308 -0.002871282646942919 13.08
1309 -0.002909016086543925 13.09
1310 -0.002988365983331284 13.1
1311 -0.003016029322810199 13.11
1312 -0.003057955877588087 13.12
1313 -0.003097045550792321 13.13
1314 -0.003162843342824795 13.14
1315 -0.003228313719348147 13.15
1316 -0.003294185870898803 13.16
1317 -0.003349089741458339 13.17
1318 -0.003420647849393971 13.18
1319 -0.003491396442228067 13.19
1320 -0.003551818685879157 13.2
1321 -0.003613046003454842 13.21
1322 -0.003709303436032083 13.22
1323 -0.003782414363639686 13.23
1324 -0.003849674311832765 13.24
1325 -0.00393761308654457 13.25
1326 -0.004036237916206484 13.26
1327 -0.004134414440693554 13.27
1328 -0.004237033591723505 13.28
1329 -0.004326623202635868 13.29
1330 -0.004411427368819609 13.3
1331 -0.004530253300132459 13.31
1332 -0.004656095805156024 13.32
1333 -0.004785147001426654 13.33
1334 -0.004895866418950887 13.34
1335 -0.005017150563256786 13.35
1336 -0.005123086921752465 13.36
1337 -0.005259265120920856 13.37
1338 -0.005389376122573272 13.38
1339 -0.005453498111821012 13.39
1340 -0.00550450161339773 13.4
1341 -0.005559995982659452 13.41
1342 -0.005605863362842356 13.42
1343 -0.005696546408604716 13.43
1344 -0.005723177921373487 13.44
1345 -0.005787661727084017 13.45
1346 -0.00587748505000768 13.46
1347 -0.005938820533137851 13.47
1348 -0.005972663500441303 13.48
1349 -0.006013577910727097 13.49
1350 -0.006065580037285134 13.5
1351 -0.006078849440324066 13.51
1352 -0.006197297738437371 13.52
1353 -0.006302658594678087 13.53
1354 -0.006335008396257391 13.54
1355 -0.00643104522895846 13.55
1356 -0.006478407549933243 13.56
1357 -0.006473697374786064 13.57
1358 -0.006501980125794865 13.58
1359 -0.006555471352847883 13.59
1360 -0.006605434135579569 13.6
1361 -0.006608820952020408 13.61
1362 -0.006717161481957515 13.62
1363 -0.006735623990216641 13.63
1364 -0.006831526928648052 13.64
1365 -0.006875063759630498 13.65
1366 -0.006974900682570714 13.66
1367 -0.007020006546402932 13.67
1368 -0.007069720084308367 13.68
1369 -0.007025597192095168 13.69
1370 -0.007028441231242799 13.7
1371 -0.00712661312395664 13.71
1372 -0.007157533846976136 13.72
1373 -0.007173594872759634 13.73
1374 -0.00727079888931996 13.74
1375 -0.00739669766180491 13.75
1376 -0.00741808218603135 13.76
1377 -0.007575561071828857 13.77
1378 -0.007696092523838474 13.78
1379 -0.007761203006583894 13.79
1380 -0.007903398932656625 13.8
1381 -0.008139178945137104 13.81
1382 -0.008394091517747199 13.82
1383 -0.008655752399925332 13.83
1384 -0.008968284627468223 13.84
1385 -0.009158727835308633 13.85
1386 -0.009378115136771309 13.86
1387 -0.009495526245985153 13.87
1388 -0.00968260482484859 13.88
1389 -0.009949705477879267 13.89
1390 -0.01029509002713561 13.9
1391 -0.01050753879194523 13.91
1392 -0.01078958845683192 13.92
1393 -0.01111319828131613 13.93
1394 -0.01124113534988312 13.94
1395 -0.01141167169744786 13.95
1396 -0.01166518856945455 13.96
1397 -0.01193829729053413 13.97
1398 -0.01240606919602759 13.98
1399 -0.01266840553672345 13.99
1400 -0.01301802826486799 14
1401 -0.01338015796848503 14.01
1402 -0.0139372716028152 14.02
1403 -0.0143781321010205 14.03
1404 -0.01473043206315702 14.04
1405 -0.01506186757720435 14.05
1406 -0.01541138469425189 14.06
1407 -0.01582964094789902 14.07
1408 -0.01626114044894432 14.08
1409 -0.01662493094198279 14.09
1410 -0.01711653587828733 14.1
1411 -0.01753618727901779 14.11
1412 -0.01806045390707371 14.12
1413 -0.01845429375768989 14.13
1414 -0.01887739100428273 14.14
1415 -0.01928835162665662 14.15
1416 -0.01952042331726055 14.16
1417 -0.01998727609118123 14.17
1418 -0.02029974531506454 14.18
1419 -0.02077637722483855 14.19
1420 -0.02114728411231391 14.2
1421 -0.02159162244219154 14.21
1422 -0.02198888465786414 14.22
1423 -0.02239679071663622 14.23
1424 -0.02277061526365973 14.24
1425 -0.02307990545804757 14.25
1426 -0.02340167641229189 14.26
1427 -0.02369071834521266 14.27
1428 -0.02410680810139071 14.28
1429 -0.02448090213431646 14.29
1430 -0.02481756397028333 14.3
1431 -0.0252318319523057 14.31
1432 -0.02556541939987604 14.32
1433 -0.02568512220964164 14.33
1434 -0.02598626730709952 14.34
1435 -0.02619157924881343 14.35
1436 -0.02643422569711343 14.36
1437 -0.02662650949615283 14.37
1438 -0.02677434144201597 14.38
1439 -0.02704004087306237 14.39
1440 -0.02708114910291126 14.4
1441 -0.02719902822321031 14.41
1442 -0.02754389986131611 14.42
1443 -0.0277662593842629 14.43
1444 -0.02807405923531459 14.44
1445 -0.02828447348769499 14.45
1446 -0.02853928983550609 14.46
1447 -0.02866359432808063 14.47
1448 -0.02872098264155264 14.48
1449 -0.02882248126656425 14.49
1450 -0.02894645801584503 14.5
1451 -0.0290728108882759 14.51
1452 -0.02917863994705883 14.52
1453 -0.02922568626800141 14.53
1454 -0.02921155181905372 14.54
1455 -0.02928744725431963 14.55
1456 -0.02951624736309374 14.56
1457 -0.02981972591779046 14.57
1458 -0.02997639943248392 14.58
1459 -0.03014189592764657 14.59
1460 -0.03031058363391914 14.6
1461 -0.0304679440646862 14.61
1462 -0.03076157351633674 14.62
1463 -0.03095401236795506 14.63
1464 -0.03120448159635313 14.64
1465 -0.03131286654287978 14.65
1466 -0.03157471758561804 14.66
1467 -0.03178042471186207 14.67
1468 -0.03196732541073101 14.68
1469 -0.03210969928673427 14.69
1470 -0.03227446707689587 14.7
1471 -0.03250627049856394 14.71
1472 -0.03253261113576848 14.72
1473 -0.03274503026671631 14.73
1474 -0.03297423074461138 14.74
1475 -0.03314776883203259 14.75
1476 -0.03355291194563892 14.76
1477 -0.03391477117646612 14.77
1478 -0.0339967765988763 14.78
1479 -0.03426815584033062 14.79
1480 -0.03439665765493885 14.8
1481 -0.03475588038809176 14.81
1482 -0.03511180413620526 14.82
1483 -0.03520304225737943 14.83
1484 -0.03518279612178847 14.84
1485 -0.03529028354962574 14.85
1486 -0.03571935127112713 14.86
1487 -0.03578735998794509 14.87
1488 -0.03613931411732429 14.88
1489 -0.03640551855311365 14.89
1490 -0.03640988978117667 14.9
1491 -0.03640321255286647 14.91
1492 -0.03634202197189425 14.92
1493 -0.03636456040872498 14.93
1494 -0.03649448600103 14.94
1495 -0.03651880371920319 14.95
1496 -0.03663545807388815 14.96
1497 -0.0366600922885888 14.97
1498 -0.03696140081129626 14.98
1499 -0.0370072245457342 14.99
1500 -0.0370220670431082 15
1501 -0.03705236916187765 15.01
1502 -0.03734571322429742 15.02
1503 -0.03714016010531035 15.03
1504 -0.03696100177697936 15.04
1505 -0.03685506311601431 15.05
1506 -0.03652268812910404 15.06
1507 -0.035948922054479 15.07
1508 -0.03565059875624672 15.08
1509 -0.03520469985718325 15.09
1510 -0.03496611678885663 15.1
1511 -0.03480598793908774 15.11
1512 -0.03465947941340936 15.12
1513 -0.03440641658915913 15.13
1514 -0.03390933064640575 15.14
1515 -0.03389534474036365 15.15
1516 -0.03372817389619721 15.16
1517 -0.03332514121523211 15.17
1518 -0.03281214962260136 15.18
1519 -0.03214373280742132 15.19
1520 -0.03192910563986749 15.2
1521 -0.03159661046269505 15.21
1522 -0.03112374854468129 15.22
1523 -0.03067944344181851 15.23
1524 -0.03023478794571355 15.24
1525 -0.02967400233572928 15.25
1526 -0.02929330585700803 15.26
1527 -0.02864112838333763 15.27
1528 -0.02838516266982544 15.28
1529 -0.02806598650576242 15.29
1530 -0.02777001162614511 15.3
1531 -0.02742123820316941 15.31
1532 -0.02705794575357923 15.32
1533 -0.0269955560011288 15.33
1534 -0.02678068962378972 15.34
1535 -0.02605490243881885 15.35
1536 -0.02581386641081415 15.36
1537 -0.02534011479887567 15.37
1538 -0.02494262135291071 15.38
1539 -0.02450641738639991 15.39
1540 -0.02422936861475732 15.4
1541 -0.02414609514388498 15.41
1542 -0.02401891250194255 15.42
1543 -0.02391477088838437 15.43
1544 -0.02385023199486357 15.44
1545 -0.02379798627313598 15.45
1546 -0.02362152997073777 15.46
1547 -0.02341927639823979 15.47
1548 -0.02336693080834969 15.48
1549 -0.02316052632358753 15.49
1550 -0.02275629223813593 15.5
1551 -0.0223493206986097 15.51
1552 -0.02216384530053778 15.52
1553 -0.02211433809135922 15.53
1554 -0.02195732257349975 15.54
1555 -0.02200264747894015 15.55
1556 -0.02193383922192822 15.56
1557 -0.02202694672211726 15.57
1558 -0.02205676327827437 15.58
1559 -0.02198737457680049 15.59
1560 -0.02201748162565474 15.6
1561 -0.02222665852488405 15.61
1562 -0.02227596231261246 15.62
1563 -0.02219911772906841 15.63
1564 -0.02241152063453139 15.64
1565 -0.02225807732052314 15.65
1566 -0.02185819911425248 15.66
1567 -0.0217331173996709 15.67
1568 -0.02129541918852296 15.68
1569 -0.02132051062425437 15.69
1570 -0.02141945366146723 15.7
1571 -0.02158612292594794 15.71
1572 -0.0219638605486695 15.72
1573 -0.02196661457493214 15.73
1574 -0.02189674520520428 15.74
1575 -0.02179396801728239 15.75
1576 -0.02160991749926486 15.76
1577 -0.02139801777913025 15.77
1578 -0.02108146924386635 15.78
1579 -0.02076310491172996 15.79
1580 -0.02032514306632313 15.8
1581 -0.01995791250089178 15.81
1582 -0.01963139286897957 15.82
1583 -0.01945558750351317 15.83
1584 -0.01930138053752972 15.84
1585 -0.01943960862547194 15.85
1586 -0.01944053502976933 15.86
1587 -0.01945715583268816 15.87
1588 -0.0194676650779636 15.88
1589 -0.01949185298089537 15.89
1590 -0.01939857372034355 15.9
1591 -0.01905950277499686 15.91
1592 -0.01870097909043146 15.92
1593 -0.01850217729015342 15.93
1594 -0.01861163447368058 15.94
1595 -0.01877681934772003 15.95
1596 -0.01860354331895585 15.96
1597 -0.01845534565330609 15.97
1598 -0.01819847372045115 15.98
1599 -0.01805979275754342 15.99
1600 -0.01770172956010221 16
1601 -0.01738472602016415 16.01
1602 -0.01690740008952654 16.02
1603 -0.01661928905358753 16.03
1604 -0.01634414055328319 16.04
1605 -0.01598880224437094 16.05
1606 -0.01554893502500755 16.06
1607 -0.01521682355757253 16.07
1608 -0.01497429394996519 16.08
1609 -0.01477184418099892 16.09
1610 -0.0146795775384649 16.1
1611 -0.01442846564908178 16.11
1612 -0.01420296526044304 16.12
1613 -0.01392322806541169 16.13
1614 -0.01391896102720176 16.14
1615 -0.01380180512891598 16.15
1616 -0.01354680352125688 16.16
1617 -0.01331036697453007 16.17
1618 -0.01328563666239288 16.18
1619 -0.01301302973860906 16.19
1620 -0.01274430433267129 16.2
1621 -0.0122727854597183 16.21
1622 -0.01186759544625382 16.22
1623 -0.01151472571661395 16.23
1624 -0.01116781857301027 16.24
1625 -0.01088721231264202 16.25
1626 -0.01030929451589503 16.26
1627 -0.009865537535681895 16.27
1628 -0.00955265786516131 16.28
1629 -0.009305887843859287 16.29
1630 -0.008969405873244601 16.3
1631 -0.008628237721069271 16.31
1632 -0.008197063435565782 16.32
1633 -0.007942003351487842 16.33
1634 -0.007723336112277171 16.34
1635 -0.007499952220158493 16.35
1636 -0.007320823893762526 16.36
1637 -0.007268957534614401 16.37
1638 -0.007237920591204261 16.38
1639 -0.007127473171360851 16.39
1640 -0.007097900071597038 16.4
1641 -0.006979176493388181 16.41
1642 -0.006924636139984813 16.42
1643 -0.006597749167668324 16.43
1644 -0.006302821320575969 16.44
1645 -0.006152601748830616 16.45
1646 -0.00591332310491216 16.46
1647 -0.005570602149991249 16.47
1648 -0.005342941535563459 16.48
1649 -0.005053672787041774 16.49
1650 -0.004734488618868563 16.5
1651 -0.004311548866542433 16.51
1652 -0.004022743516170518 16.52
1653 -0.003775929828294333 16.53
1654 -0.003531619605891254 16.54
1655 -0.003247926228710715 16.55
1656 -0.002956648778646251 16.56
1657 -0.002716323611690261 16.57
1658 -0.002517616166373915 16.58
1659 -0.002442006293750576 16.59
1660 -0.002367653704525768 16.6
1661 -0.002214349914613528 16.61
1662 -0.002228363241970024 16.62
1663 -0.002111722724135651 16.63
1664 -0.002006213197355319 16.64
1665 -0.00176822241611288 16.65
1666 -0.001690793653563769 16.66
1667 -0.001511170095078562 16.67
1668 -0.001184083887769777 16.68
1669 -0.0008045603466776546 16.69
1670 -0.0004654573947847768 16.7
1671 -0.0001679351897354853 16.71
1672 5.522707792592063e-05 16.72
1673 0.0005497667814114843 16.73
1674 0.001007868849396937 16.74
1675 0.001419937434063365 16.75
1676 0.001748607323882351 16.76
1677 0.002033297845975557 16.77
1678 0.002339334078339639 16.78
1679 0.002829869285687653 16.79
1680 0.00334999733319237 16.8
1681 0.003790428817465691 16.81
1682 0.004102820450780809 16.82
1683 0.00442695588094548 16.83
1684 0.004664458603844041 16.84
1685 0.004986568183024107 16.85
1686 0.005349777842532738 16.86
1687 0.005765659041375298 16.87
1688 0.006265124245762727 16.88
1689 0.006798380919961988 16.89
1690 0.00739294272681143 16.9
1691 0.008025816902514415 16.91
1692 0.008480585456390508 16.92
1693 0.008951902941809947 16.93
1694 0.009481217086107108 16.94
1695 0.0100695831628428 16.95
1696 0.01066774954747829 16.96
1697 0.01129335844290277 16.97
1698 0.0117997844081338 16.98
1699 0.01225443051676713 16.99
1700 0.0127420864837173 17
1701 0.01320418195253915 17.01
1702 0.0136466571870946 17.02
1703 0.01408079422590758 17.03
1704 0.01456896156312491 17.04
1705 0.01506694768371454 17.05
1706 0.01562415638942302 17.06
1707 0.01596665004900562 17.07
1708 0.01655564596881827 17.08
1709 0.01705106943505695 17.09
1710 0.01749307358538377 17.1
1711 0.01788765662801496 17.11
1712 0.01831870028634872 17.12
1713 0.01863385943012537 17.13
1714 0.01902372742889888 17.14
1715 0.01930294368074575 17.15
1716 0.01962160381650631 17.16
1717 0.02013964705018631 17.17
1718 0.02056649419311274 17.18
1719 0.02093700190341367 17.19
1720 0.02126096858906165 17.2
1721 0.02155462501100387 17.21
1722 0.02175202238654159 17.22
1723 0.02201401811496406 17.23
1724 0.02209432913918323 17.24
1725 0.02205323876225185 17.25
1726 0.02218306204528947 17.26
1727 0.02225931477721438 17.27
1728 0.02237437133883688 17.28
1729 0.02267471673884754 17.29
1730 0.02294704161747513 17.3
1731 0.02326284909067949 17.31
1732 0.0235531214191787 17.32
1733 0.02391311008605392 17.33
1734 0.02429432100468948 17.34
1735 0.02453593429853397 17.35
1736 0.02462667895386661 17.36
1737 0.02470445265170082 17.37
1738 0.02482456300580026 17.38
1739 0.02496459877960691 17.39
1740 0.02500037811946193 17.4
1741 0.02504902914077081 17.41
1742 0.02507637126288391 17.42
1743 0.02522000892628624 17.43
1744 0.02558883744126232 17.44
1745 0.02595361130167215 17.45
1746 0.02627035524711141 17.46
1747 0.0265960301785983 17.47
1748 0.02686819965562141 17.48
1749 0.02712332685775851 17.49
1750 0.02735180285169447 17.5
1751 0.02772200540629509 17.51
1752 0.028221365365035 17.52
1753 0.02849763850545373 17.53
1754 0.02886447228846549 17.54
1755 0.02934588695503677 17.55
1756 0.02967007264220774 17.56
1757 0.0300869933761011 17.57
1758 0.03060383034844945 17.58
1759 0.03103421269614424 17.59
1760 0.03146448630725925 17.6
1761 0.03191311023349229 17.61
1762 0.03238542503947371 17.62
1763 0.03281469584063465 17.63
1764 0.03308833912682339 17.64
1765 0.03331190984232227 17.65
1766 0.03364269445747999 17.66
1767 0.03401146691883715 17.67
1768 0.03430131854437109 17.68
1769 0.03452320834254595 17.69
1770 0.03477717117438701 17.7
1771 0.03499073791771862 17.71
1772 0.03535588224698091 17.72
1773 0.03565001322471431 17.73
1774 0.03573652083147739 17.74
1775 0.03596954015029682 17.75
1776 0.03607752930317637 17.76
1777 0.03630106321976206 17.77
1778 0.03651763719388446 17.78
1779 0.03684088684698036 17.79
1780 0.03704695492898334 17.8
1781 0.03748160001927722 17.81
1782 0.03789381415147587 17.82
1783 0.03828740186238107 17.83
1784 0.03855349989818653 17.84
1785 0.03861196363457167 17.85
1786 0.03878576150678396 17.86
1787 0.03873566319861449 17.87
1788 0.03872514294684538 17.88
1789 0.03870872119425246 17.89
1790 0.03870717163443307 17.9
1791 0.03860359019314223 17.91
1792 0.03845721000723855 17.92
1793 0.03845983739083254 17.93
1794 0.03851601343997331 17.94
1795 0.03870691668918401 17.95
1796 0.03886046546445449 17.96
1797 0.03898067425944068 17.97
1798 0.03932328166204609 17.98
1799 0.03948340121697548 17.99
1800 0.03965375623750401 18
1801 0.03971155589152298 18.01
1802 0.03969440338229711 18.02
1803 0.03960415849440385 18.03
1804 0.03951696472807172 18.04
1805 0.03947820592597134 18.05
1806 0.03937991206900206 18.06
1807 0.03938862496773519 18.07
1808 0.03939941605290573 18.08
1809 0.03934822025496117 18.09
1810 0.03919101679612133 18.1
1811 0.03918130794796107 18.11
1812 0.03923395435107238 18.12
1813 0.03922864858284242 18.13
1814 0.03928914210215341 18.14
1815 0.03937909716195545 18.15
1816 0.03951763491016524 18.16
1817 0.03958933075466096 18.17
1818 0.03971175119990812 18.18
1819 0.03970800775552447 18.19
1820 0.03981628482627035 18.2
1821 0.03992653953959682 18.21
1822 0.04009149026854525 18.22
1823 0.04026597190486082 18.23
1824 0.04041749330077668 18.24
1825 0.04050050179951528 18.25
1826 0.0406335943774893 18.26
1827 0.04070993974822132 18.27
1828 0.04075495271643216 18.28
1829 0.04066606216089114 18.29
1830 0.04052952261164613 18.3
1831 0.04061124688904919 18.31
1832 0.04069782795408525 18.32
1833 0.04072541262656958 18.33
1834 0.04082703667034013 18.34
1835 0.04068255613695586 18.35
1836 0.04074371526609306 18.36
1837 0.04077033230797782 18.37
1838 0.04077627775722832 18.38
1839 0.04074587615491251 18.39
1840 0.04070131777733176 18.4
1841 0.0405874784001166 18.41
1842 0.0405201468324615 18.42
1843 0.04051886936304651 18.43
1844 0.04036613956485879 18.44
1845 0.04020179086592196 18.45
1846 0.04009978061989453 18.46
1847 0.04009022924413454 18.47
1848 0.04003887265395659 18.48
1849 0.03989222708403238 18.49
1850 0.03992187771071397 18.5
1851 0.03981647808377559 18.51
1852 0.03960947667977252 18.52
1853 0.03932408941704307 18.53
1854 0.03903437886104909 18.54
1855 0.03880987815151415 18.55
1856 0.03855513003478406 18.56
1857 0.03829158009230092 18.57
1858 0.03805109983873373 18.58
1859 0.03773413425674824 18.59
1860 0.03739115085639234 18.6
1861 0.03715002156942038 18.61
1862 0.03690476154259738 18.62
1863 0.03670441022512282 18.63
1864 0.03656013544248944 18.64
1865 0.03639331607226962 18.65
1866 0.03626868292688937 18.66
1867 0.03607919374459834 18.67
1868 0.03588088132136052 18.68
1869 0.03575736982349152 18.69
1870 0.03564603426183757 18.7
1871 0.03547061975894683 18.71
1872 0.03525318501402495 18.72
1873 0.03492301091657524 18.73
1874 0.03458351424762049 18.74
1875 0.03427238345415232 18.75
1876 0.03395764748412512 18.76
1877 0.03360308282342746 18.77
1878 0.03323916640656888 18.78
1879 0.03285834434933392 18.79
1880 0.03252377597044732 18.8
1881 0.03222666182162795 18.81
1882 0.0319655458671467 18.82
1883 0.03174605556443562 18.83
1884 0.03161371457774874 18.84
1885 0.03150969457327747 18.85
1886 0.03141544133859912 18.86
1887 0.03130465322156606 18.87
1888 0.03129408029199429 18.88
1889 0.03130696695671968 18.89
1890 0.03105172489825367 18.9
1891 0.03068534172610193 18.91
1892 0.03040346921870374 18.92
1893 0.03018572335968268 18.93
1894 0.02993787006942723 18.94
1895 0.02978456306725867 18.95
1896 0.02944045221855136 18.96
1897 0.02932675598613878 18.97
1898 0.02919914561328514 18.98
1899 0.02903057851279035 18.99
1900 0.02884832473740405 19
1901 0.02868987633560956 19.01
1902 0.02840158206954269 19.02
1903 0.02816237180200921 19.03
1904 0.02790618777496473 19.04
1905 0.02761099217460369 19.05
1906 0.02734022256606393 19.06
1907 0.02701273406784023 19.07
1908 0.026668858478042 19.08
1909 0.02643989338724252 19.09
1910 0.02608998574077166 19.1
1911 0.02585154723442087 19.11
1912 0.0255784415182097 19.12
1913 0.0252923374655503 19.13
1914 0.02505832946704764 19.14
1915 0.02477477554740566 19.15
1916 0.02456233304600626 19.16
1917 0.02435263384733827 19.17
1918 0.02407774526074632 19.18
1919 0.02383138439922614 19.19
1920 0.02357016318598532 19.2
1921 0.02332208124334896 19.21
1922 0.0230820140755372 19.22
1923 0.02280411779269352 19.23
1924 0.02255122736620178 19.24
1925 0.0222296438857422 19.25
1926 0.02191732934718656 19.26
1927 0.02160979359076208 19.27
1928 0.02119012528158405 19.28
1929 0.02081558362719654 19.29
1930 0.02051536652928512 19.3
1931 0.02017196887868174 19.31
1932 0.01985371127325272 19.32
1933 0.01956279508168436 19.33
1934 0.01930911884970654 19.34
1935 0.01902704480750533 19.35
1936 0.01872207845771946 19.36
1937 0.01850897599861755 19.37
1938 0.01830475535742555 19.38
1939 0.01802699529417839 19.39
1940 0.01782335602877975 19.4
1941 0.01764385022375632 19.41
1942 0.0173804744606649 19.42
1943 0.01709516046402368 19.43
1944 0.01696997412308993 19.44
1945 0.01679585627733493 19.45
1946 0.01662706946240557 19.46
1947 0.01650068486864614 19.47
1948 0.01631338187806287 19.48
1949 0.01623032734529427 19.49
1950 0.01599476064851701 19.5
1951 0.01579635469831112 19.51
1952 0.01559634412162086 19.52
1953 0.01537948678537963 19.53
1954 0.01515243091072924 19.54
1955 0.0149975510658167 19.55
1956 0.01484410350308102 19.56
1957 0.01460872184473935 19.57
1958 0.01429783627844952 19.58
1959 0.01399196947039683 19.59
1960 0.0137050802399533 19.6
1961 0.01336278466225377 19.61
1962 0.01297543838221223 19.62
1963 0.01283024697526636 19.63
1964 0.012775902656095 19.64
1965 0.01268441863910365 19.65
1966 0.01247687513886127 19.66
1967 0.01232177736130011 19.67
1968 0.01215656874271701 19.68
1969 0.01204581926813067 19.69
1970 0.01186707268911925 19.7
1971 0.01174951264811278 19.71
1972 0.0115063487720945 19.72
1973 0.01126132334613936 19.73
1974 0.01098844620535841 19.74
1975 0.01070387561954969 19.75
1976 0.01042766800545691 19.76
1977 0.01011328029581481 19.77
1978 0.009817329248835979 19.78
1979 0.009528511193660313 19.79
1980 0.009285326258123561 19.8
1981 0.009049961225598549 19.81
1982 0.008975042050811469 19.82
1983 0.008868865637619003 19.83
1984 0.008712385981661908 19.84
1985 0.008607188298667301 19.85
1986 0.008480318774599704 19.86
1987 0.00829832479029402 19.87
1988 0.00808706751772921 19.88
1989 0.007929417076706594 19.89
1990 0.007746440751739719 19.9
1991 0.007482102198532334 19.91
1992 0.007263106266634053 19.92
1993 0.007066678061274492 19.93
1994 0.006927068072216241 19.94
1995 0.00685341506941442 19.95
1996 0.006787849116777447 19.96
1997 0.00672891959105533 19.97
1998 0.006745779113587203 19.98
1999 0.006660663804696501 19.99
2000 0.006527846866578535 20
2001 0.006434670125845948 20.01
2002 0.006265765017813243 20.02
2003 0.006026150043113881 20.03
2004 0.005911099517041773 20.04
2005 0.005859977726418539 20.05
2006 0.00569991412279687 20.06
2007 0.00558320965784645 20.07
2008 0.005491923285756636 20.08
2009 0.005409196184529771 20.09
2010 0.005319293305072872 20.1
2011 0.005222902246976427 20.11
2012 0.005088955353703073 20.12
2013 0.004962340108212754 20.13
2014 0.004917248859741943 20.14
2015 0.004890104802594067 20.15
2016 0.004858795940936217 20.16
2017 0.004822647654556381 20.17
2018 0.004736353251763054 20.18
2019 0.004713934357830019 20.19
2020 0.004513604906580954 20.2
2021 0.004299311870207351 20.21
2022 0.004137774399123967 20.22
2023 0.004007485192512136 20.23
2024 0.003857310918725737 20.24
2025 0.00370597850654808 20.25
2026 0.003567491156797026 20.26
2027 0.003462522805955576 20.27
2028 0.003305820194314302 20.28
2029 0.003405111060112487 20.29
2030 0.003422698336467925 20.3
2031 0.003473226507995947 20.31
2032 0.003509027310569568 20.32
2033 0.003360334935007828 20.33
2034 0.003173288092359269 20.34
2035 0.003157611481920494 20.35
2036 0.003135476737025161 20.36
2037 0.003063860071314983 20.37
2038 0.003014991453956214 20.38
2039 0.002978839147925461 20.39
2040 0.002987259571953782 20.4
2041 0.002958006589164924 20.41
2042 0.002934434791674476 20.42
2043 0.002941661781380597 20.43
2044 0.002928434228874108 20.44
2045 0.002857900782789843 20.45
2046 0.002804230183573744 20.46
2047 0.002517201360576857 20.47
2048 0.002337135429652276 20.48
2049 0.00232894240392624 20.49
2050 0.002247670852629446 20.5
2051 0.002224939563821485 20.51
2052 0.002397393379583238 20.52
2053 0.002574340130941821 20.53
2054 0.002598915066342425 20.54
2055 0.002737731123227893 20.55
2056 0.00289427102506655 20.56
2057 0.003084223884587525 20.57
2058 0.003198316419129071 20.58
2059 0.003236168179029886 20.59
2060 0.003126381893084451 20.6
2061 0.002970436597389992 20.61
2062 0.002813834686643493 20.62
2063 0.00270909173723223 20.63
2064 0.002580641102801304 20.64
2065 0.00246935956210366 20.65
2066 0.002402039415186311 20.66
2067 0.002290705586551103 20.67
2068 0.002300644552866257 20.68
2069 0.002295927480443077 20.69
2070 0.002332522091956266 20.7
2071 0.002450099815681964 20.71
2072 0.002474528314087746 20.72
2073 0.002559098642439875 20.73
2074 0.002782376820029575 20.74
2075 0.003000456743705707 20.75
2076 0.003224163675237923 20.76
2077 0.003323742230393084 20.77
2078 0.003420768499611065 20.78
2079 0.003458384395733899 20.79
2080 0.003364344271736999 20.8
2081 0.003232940653856736 20.81
2082 0.003089338689795329 20.82
2083 0.002974498255830973 20.83
2084 0.00297647312427457 20.84
2085 0.002986981958282051 20.85
2086 0.003060513403350354 20.86
2087 0.00322829302022512 20.87
2088 0.0033374998704708 20.88
2089 0.003491763399579517 20.89
2090 0.003645465151641158 20.9
2091 0.003776710412493806 20.91
2092 0.004008402020289903 20.92
2093 0.004262081353714905 20.93
2094 0.004508149353475918 20.94
2095 0.004586080661624886 20.95
2096 0.004605061290265861 20.96
2097 0.004692402137363563 20.97
2098 0.004663550209139 20.98
2099 0.004631633836401639 20.99
2100 0.004520947553727131 21
2101 0.004456012454812322 21.01
2102 0.004398131551879667 21.02
2103 0.004252673272127694 21.03
2104 0.004236916017538978 21.04
2105 0.004257078938260994 21.05
2106 0.004311070996785141 21.06
2107 0.004341258994745772 21.07
2108 0.004458931662721016 21.08
2109 0.00443993627150048 21.09
2110 0.004609782526794004 21.1
2111 0.004812510309038176 21.11
2112 0.005099648076860322 21.12
2113 0.005346843820622948 21.13
2114 0.005475522151914478 21.14
2115 0.005686674669573052 21.15
2116 0.005807814723955432 21.16
2117 0.005905608157256145 21.17
2118 0.005948937126409523 21.18
2119 0.005903500179614024 21.19
2120 0.005884808495187299 21.2
2121 0.005909280058176383 21.21
2122 0.005984552402077056 21.22
2123 0.006116380227714074 21.23
2124 0.006186407816911849 21.24
2125 0.006363642975651507 21.25
2126 0.006505856862481202 21.26
2127 0.006634426158647511 21.27
2128 0.006703757998132859 21.28
2129 0.006753862042993927 21.29
2130 0.006812197381082769 21.3
2131 0.006883583619604686 21.31
2132 0.00694366359706873 21.32
2133 0.007007481308987748 21.33
2134 0.007167946601585248 21.34
2135 0.007313210047498339 21.35
2136 0.00740363232202472 21.36
2137 0.007466789298465601 21.37
2138 0.007358624659144677 21.38
2139 0.007309677199940842 21.39
2140 0.00730661971840027 21.4
2141 0.007312604789181748 21.41
2142 0.00743678146613698 21.42
2143 0.007570889103278952 21.43
2144 0.007776777881646768 21.44
2145 0.008028986345409411 21.45
2146 0.008333306190790077 21.46
2147 0.008676276662923199 21.47
2148 0.009003032239119385 21.48
2149 0.009302816979988499 21.49
2150 0.009554436390273868 21.5
2151 0.009775331205966395 21.51
2152 0.009930657131881404 21.52
2153 0.01000054232873457 21.53
2154 0.01000699199671232 21.54
2155 0.01002683792567668 21.55
2156 0.01003204723689996 21.56
2157 0.01000837087961359 21.57
2158 0.01001075074342382 21.58
2159 0.009963224953459346 21.59
2160 0.0098982687659247 21.6
2161 0.009874077372059101 21.61
2162 0.009875932108244889 21.62
2163 0.009954886552659359 21.63
2164 0.01006744683196099 21.64
2165 0.0102666918245347 21.65
2166 0.01045687496531511 21.66
2167 0.01069369935494685 21.67
2168 0.01095416149197893 21.68
2169 0.01115829807175441 21.69
2170 0.01131766402751105 21.7
2171 0.01146544445419274 21.71
2172 0.01159943371537825 21.72
2173 0.01171722443211987 21.73
2174 0.01188124104781943 21.74
2175 0.01194895376363511 21.75
2176 0.01192104361117773 21.76
2177 0.01203826494956833 21.77
2178 0.01217898099500481 21.78
2179 0.01225539015599633 21.79
2180 0.01237419185961044 21.8
2181 0.01254489955089651 21.81
2182 0.01279714941932374 21.82
2183 0.01304516012973506 21.83
2184 0.01328858786729045 21.84
2185 0.01352397001701015 21.85
2186 0.01372030989594082 21.86
2187 0.01389376596785809 21.87
2188 0.01417502070702427 21.88
2189 0.0143212296154034 21.89
2190 0.01446413152908152 21.9
2191 0.01459307577042218 21.91
2192 0.01468681498685499 21.92
2193 0.01479336222669528 21.93
2194 0.01490747120290548 21.94
2195 0.01507026908506576 21.95
2196 0.01519370717313691 21.96
2197 0.01538753337817077 21.97
2198 0.01554539296806329 21.98
2199 0.01576597986755807 21.99
2200 0.01599445366873176 22
2201 0.01616498627295318 22.01
2202 0.01633827722110039 22.02
2203 0.01656806676797888 22.03
2204 0.01676368662542152 22.04
2205 0.01693627937025706 22.05
2206 0.01710745559340497 22.06
2207 0.01730823050160497 22.07
2208 0.01751845559829091 22.08
2209 0.01772052875573379 22.09
2210 0.01792970521300385 22.1
2211 0.01815935049318962 22.11
2212 0.01843429496502029 22.12
2213 0.01867625247451912 22.13
2214 0.01891411450128576 22.14
2215 0.01914547032305097 22.15
2216 0.01938497862913173 22.16
2217 0.01954646588242426 22.17
2218 0.01975536933767688 22.18
2219 0.01988516784106885 22.19
2220 0.02002900340304674 22.2
2221 0.02019518673475852 22.21
2222 0.02036797151427762 22.22
2223 0.02057536838656304 22.23
2224 0.02077855889106454 22.24
2225 0.02100442920755372 22.25
2226 0.02122984440194906 22.26
2227 0.02145515543413032 22.27
2228 0.02170505401868361 22.28
2229 0.02195311922893441 22.29
2230 0.02218259459632113 22.3
2231 0.02239453815750704 22.31
2232 0.02259628767916599 22.32
2233 0.02278979834673101 22.33
2234 0.02298359925534217 22.34
2235 0.02315145647561001 22.35
2236 0.02332251515615529 22.36
2237 0.02347623272680005 22.37
2238 0.02356398271253951 22.38
2239 0.02370901304948475 22.39
2240 0.02382469540593117 22.4
2241 0.02393241899633693 22.41
2242 0.02402853212074793 22.42
2243 0.02423241095113667 22.43
2244 0.02444150936106347 22.44
2245 0.02459507221952059 22.45
2246 0.02475898001002695 22.46
2247 0.02490461951379801 22.47
2248 0.02504865236338767 22.48
2249 0.02526128681861342 22.49
2250 0.02547841810182656 22.5
2251 0.02571193115777598 22.51
2252 0.02592923565169518 22.52
2253 0.02608129154202667 22.53
2254 0.02623916769084843 22.54
2255 0.02641610166531506 22.55
2256 0.02661696146193107 22.56
2257 0.02674397173623971 22.57
2258 0.02687136667930792 22.58
2259 0.02698096308513413 22.59
2260 0.02709672540576492 22.6
2261 0.02728559067802484 22.61
2262 0.02739938541687059 22.62
2263 0.02752656195844097 22.63
2264 0.02773974640305969 22.64
2265 0.02792427623848365 22.65
2266 0.02810610273076122 22.66
2267 0.02828755593230409 22.67
2268 0.02842429432751399 22.68
2269 0.02853404854449747 22.69
2270 0.02867365428080083 22.7
2271 0.02886372707764534 22.71
2272 0.02896906260791925 22.72
2273 0.02906042288837621 22.73
2274 0.02918440677298169 22.74
2275 0.02921298861271782 22.75
2276 0.02932994507231153 22.76
2277 0.02941112425961442 22.77
2278 0.02953702137253937 22.78
2279 0.02966774227440847 22.79
2280 0.02976257141195726 22.8
2281 0.02982042033027643 22.81
2282 0.02985804161768914 22.82
2283 0.02988966216666294 22.83
2284 0.03000677981307728 22.84
2285 0.03017109451628482 22.85
2286 0.03025265631578899 22.86
2287 0.03037655391270064 22.87
2288 0.03049935284321695 22.88
2289 0.03060132614673844 22.89
2290 0.03062872743168261 22.9
2291 0.03064351786386026 22.91
2292 0.030655549982416 22.92
2293 0.03059782361823622 22.93
2294 0.03058710652764611 22.94
2295 0.03058769258433514 22.95
2296 0.03071024208129476 22.96
2297 0.03074373872194307 22.97
2298 0.030789573552459 22.98
2299 0.03081151914663981 22.99
2300 0.03083224844446789 23
2301 0.03084475484668457 23.01
2302 0.030850931212467 23.02
2303 0.03087204099202766 23.03
2304 0.0309099706637832 23.04
2305 0.03090714563639657 23.05
2306 0.0309335902599284 23.06
2307 0.0309454514257449 23.07
2308 0.0309951287162438 23.08
2309 0.03098339123711732 23.09
2310 0.03086497581520657 23.1
2311 0.03076413961159001 23.11
2312 0.03064402668504922 23.12
2313 0.03058036063616502 23.13
2314 0.03047989484884761 23.14
2315 0.03034667986604919 23.15
2316 0.03024168385825429 23.16
2317 0.03017057318205267 23.17
2318 0.0300945051159117 23.18
2319 0.0300869319508764 23.19
2320 0.03003453383987732 23.2
2321 0.03000771789059234 23.21
2322 0.03002871224594764 23.22
2323 0.03003266667728938 23.23
2324 0.02995148522140495 23.24
2325 0.02991882736047428 23.25
2326 0.02988963500565117 23.26
2327 0.02974887011794393 23.27
2328 0.02958876564029451 23.28
2329 0.02951334273574997 23.29
2330 0.02929386348475513 23.3
2331 0.02908508097532334 23.31
2332 0.02897968624170204 23.32
2333 0.02877738396301957 23.33
2334 0.02856346347082732 23.34
2335 0.02836587742071378 23.35
2336 0.028150404900283 23.36
2337 0.02796866516221594 23.37
2338 0.02781544801533485 23.38
2339 0.02768982841726876 23.39
2340 0.02759083978499392 23.4
2341 0.02760897101714738 23.41
2342 0.02758082897259806 23.42
2343 0.02740128401267777 23.43
2344 0.02725497824831807 23.44
2345 0.02705908939585086 23.45
2346 0.02679969651462238 23.46
2347 0.02653671689942069 23.47
2348 0.02622861707694489 23.48
2349 0.02598263498500189 23.49
2350 0.02559377086007954 23.5
2351 0.02526713433990314 23.51
2352 0.02504989335703675 23.52
2353 0.02479424436324405 23.53
2354 0.02444414154604534 23.54
2355 0.02413847974741873 23.55
2356 0.02376259509979828 23.56
2357 0.02350536300591982 23.57
2358 0.02320489054365175 23.58
2359 0.02296435393852905 23.59
2360 0.0227036581060872 23.6
2361 0.02242080776627763 23.61
2362 0.02217929870271712 23.62
2363 0.02196957619671007 23.63
2364 0.02172438326684047 23.64
2365 0.02145216149543916 23.65
2366 0.02118659101397848 23.66
2367 0.02091153704016246 23.67
2368 0.0206807102120655 23.68
2369 0.02040547162668846 23.69
2370 0.0200949748442453 23.7
2371 0.01983022899561301 23.71
2372 0.01949795863694104 23.72
2373 0.01920540697472296 23.73
2374 0.01885727047659387 23.74
2375 0.01851051596908106 23.75
2376 0.01813774414603057 23.76
2377 0.01777221537767579 23.77
2378 0.01745096373517384 23.78
2379 0.01714215327015978 23.79
2380 0.01675588195408083 23.8
2381 0.01640616106939467 23.81
2382 0.01605317964492085 23.82
2383 0.01578230634746333 23.83
2384 0.01545269516610448 23.84
2385 0.01513979984321244 23.85
2386 0.01484384440279501 23.86
2387 0.01458661096952167 23.87
2388 0.01428413346203344 23.88
2389 0.01408302701391437 23.89
2390 0.01389578872439708 23.9
2391 0.0137296994250363 23.91
2392 0.013578031945333 23.92
2393 0.01337341656624703 23.93
2394 0.01321131460590307 23.94
2395 0.01301429734656089 23.95
2396 0.01278798145348799 23.96
2397 0.01252990772922655 23.97
2398 0.0121957549684969 23.98
2399 0.01198601678615545 23.99
2400 0.01178758155317025 24
2401 0.01152455542689759 24.01
2402 0.0112507457903409 24.02
2403 0.0109750624404473 24.03
2404 0.01079214149686178 24.04
2405 0.01055851769277875 24.05
2406 0.01024815304035899 24.06
2407 0.009925676297092026 24.07
2408 0.009663474235370506 24.08
2409 0.009407521017582687 24.09
2410 0.009253139553879935 24.1
2411 0.0089900097583899 24.11
2412 0.008893047129540976 24.12
2413 0.008680902124544254 24.13
2414 0.008640810014556008 24.14
2415 0.008542981317521361 24.15
2416 0.008416918722651143 24.16
2417 0.008239117491508741 24.17
2418 0.008013387773161462 24.18
2419 0.00770788603131918 24.19
2420 0.007482023958146872 24.2
2421 0.007254485521069165 24.21
2422 0.007024676171955888 24.22
2423 0.006788183194381084 24.23
2424 0.006561129501183954 24.24
2425 0.006339819198881505 24.25
2426 0.006100061282957273 24.26
2427 0.005865242774136928 24.27
2428 0.005707515745865741 24.28
2429 0.0055144788756403 24.29
2430 0.005312639777470887 24.3
2431 0.005181957451888902 24.31
2432 0.004998141932186118 24.32
2433 0.004920184631542146 24.33
2434 0.004726553333132127 24.34
2435 0.00456742633859436 24.35
2436 0.004413650244464135 24.36
2437 0.004213416992311203 24.37
2438 0.0040075329686554 24.38
2439 0.003783390948871437 24.39
2440 0.003587018688419194 24.4
2441 0.003410934592614656 24.41
2442 0.003235006019087952 24.42
2443 0.003088931112174023 24.43
2444 0.002994767340486842 24.44
2445 0.002870874045905386 24.45
2446 0.00267438996291916 24.46
2447 0.002425802284055284 24.47
2448 0.002247110958333853 24.48
2449 0.001996993435781816 24.49
2450 0.001830113768476763 24.5
2451 0.001738692957161364 24.51
2452 0.001659740292000958 24.52
2453 0.001601334323419995 24.53
2454 0.001476597637011995 24.54
2455 0.001313880659969874 24.55
2456 0.001180762469229865 24.56
2457 0.001079826794384245 24.57
2458 0.0009817428774225589 24.58
2459 0.0008274004522354217 24.59
2460 0.0004880240789115059 24.6
2461 0.0003508034717936981 24.61
2462 0.0001055526303884446 24.62
2463 -0.0001728752530830158 24.63
2464 -0.0004247159703248682 24.64
2465 -0.0008012246251160732 24.65
2466 -0.0009505177000121989 24.66
2467 -0.001140854261859905 24.67
2468 -0.001325733945501631 24.68
2469 -0.001514049215882066 24.69
2470 -0.001784255945035396 24.7
2471 -0.002034795950564758 24.71
2472 -0.002192075896079004 24.72
2473 -0.002339814748065869 24.73
2474 -0.002431565127421154 24.74
2475 -0.002464355245232558 24.75
2476 -0.002599179441951496 24.76
2477 -0.002713042019868467 24.77
2478 -0.002862761694449156 24.78
2479 -0.003143566502093451 24.79
2480 -0.003305905994805375 24.8
2481 -0.003519175978553279 24.81
2482 -0.003747039483414177 24.82
2483 -0.003923401165568829 24.83
2484 -0.004105824599988192 24.84
2485 -0.004307045732421785 24.85
2486 -0.004469099673811261 24.86
2487 -0.004642484388538384 24.87
2488 -0.00480025213811193 24.88
2489 -0.004960641792513501 24.89
2490 -0.005023610853689672 24.9
2491 -0.00508115183932617 24.91
2492 -0.005180656807946743 24.92
2493 -0.005261389563118099 24.93
2494 -0.005307211493136996 24.94
2495 -0.005483274564027946 24.95
2496 -0.005607728427321323 24.96
2497 -0.005652662240970649 24.97
2498 -0.00567578102387882 24.98
2499 -0.005649033788504051 24.99
2500 -0.005719850884804159 25
2501 -0.005746801593097997 25.01
2502 -0.005878890278589663 25.02
2503 -0.005982160858112526 25.03
2504 -0.006003776015317333 25.04
2505 -0.00602698006205879 25.05
2506 -0.006111851288836928 25.06
2507 -0.006168741035315339 25.07
2508 -0.006188064305417185 25.08
2509 -0.00621943711612051 25.09
2510 -0.00618589399043426 25.1
2511 -0.006201072277829553 25.11
2512 -0.006192565717983572 25.12
2513 -0.006186217866730501 25.13
2514 -0.006108820154014372 25.14
2515 -0.006098473045770852 25.15
2516 -0.005949584398302413 25.16
2517 -0.005885693193828812 25.17
2518 -0.005840183464434948 25.18
2519 -0.005798887442514611 25.19
2520 -0.005855780973170507 25.2
2521 -0.005999751594009825 25.21
2522 -0.005993879729259244 25.22
2523 -0.006007782965808589 25.23
2524 -0.006013429917176127 25.24
2525 -0.006125904474038824 25.25
2526 -0.006173413136173089 25.26
2527 -0.006166301318786649 25.27
2528 -0.006175602452521259 25.28
2529 -0.006164994088659892 25.29
2530 -0.006143242178847416 25.3
2531 -0.00607488968451568 25.31
2532 -0.005992766570646457 25.32
2533 -0.005980940651941366 25.33
2534 -0.005895343254940275 25.34
2535 -0.005772699348505689 25.35
2536 -0.005746134255644922 25.36
2537 -0.005770511787251853 25.37
2538 -0.005954307433777214 25.38
2539 -0.006028674637764436 25.39
2540 -0.006002961116158972 25.4
2541 -0.005998931229616755 25.41
2542 -0.006084003659654766 25.42
2543 -0.006081038520981505 25.43
2544 -0.006058665434160435 25.44
2545 -0.006019217377659702 25.45
2546 -0.00591337750541697 25.46
2547 -0.005812364105740514 25.47
2548 -0.005708225463133404 25.48
2549 -0.005653329257815948 25.49
2550 -0.005529288423470086 25.5
2551 -0.005216040513511211 25.51
2552 -0.004958355844952203 25.52
2553 -0.004831896638001459 25.53
2554 -0.004907277003244212 25.54
2555 -0.005046933884507235 25.55
2556 -0.005315803443620301 25.56
2557 -0.005546177517879572 25.57
2558 -0.005640702904478614 25.58
2559 -0.005673341122246739 25.59
2560 -0.005707372327937013 25.6
2561 -0.005679619426208204 25.61
2562 -0.005570072800985953 25.62
2563 -0.005437699143836308 25.63
2564 -0.00533341892142028 25.64
2565 -0.005012273189965888 25.65
2566 -0.004660712439446421 25.66
2567 -0.004341396079885054 25.67
2568 -0.004026325475665116 25.68
2569 -0.003836234672934785 25.69
2570 -0.003732259618016293 25.7
2571 -0.003512982367908812 25.71
2572 -0.003436451780629068 25.72
2573 -0.003443670066676258 25.73
2574 -0.00348133648890632 25.74
2575 -0.003612830219320004 25.75
2576 -0.003626698575103129 25.76
2577 -0.0035780344401313 25.77
2578 -0.00356984068417128 25.78
2579 -0.003547025860631062 25.79
2580 -0.003630391947898451 25.8
2581 -0.003685765729448717 25.81
2582 -0.003561236601764023 25.82
2583 -0.003480591262914126 25.83
2584 -0.003365372196523567 25.84
2585 -0.003204384476999514 25.85
2586 -0.002995521488631442 25.86
2587 -0.002731797361556543 25.87
2588 -0.00274771653639691 25.88
2589 -0.002595562199731644 25.89
2590 -0.002442549348329673 25.9
2591 -0.002513831836621308 25.91
2592 -0.002466482166018052 25.92
2593 -0.002341706760498025 25.93
2594 -0.002257973363448587 25.94
2595 -0.002215301072958351 25.95
2596 -0.002180552922979917 25.96
2597 -0.002188153460312245 25.97
2598 -0.002154677495645407 25.98
2599 -0.002040015699108749 25.99
2600 -0.001925424579142923 26
2601 -0.001967113362158379 26.01
2602 -0.001953550146192765 26.02
2603 -0.001859170205654778 26.03
2604 -0.001702524471157332 26.04
2605 -0.001564960024425813 26.05
2606 -0.00142829555691476 26.06
2607 -0.001358686249778265 26.07
2608 -0.001267608150256463 26.08
2609 -0.001181506052918599 26.09
2610 -0.001110117365405464 26.1
2611 -0.0009981915298518801 26.11
2612 -0.0009098624673467004 26.12
2613 -0.0008741488847417017 26.13
2614 -0.0007874412702572609 26.14
2615 -0.0006340613087654767 26.15
2616 -0.0005108280951686139 26.16
2617 -0.0003490234413906085 26.17
2618 -0.000271386316966743 26.18
2619 -0.0001601928464654151 26.19
2620 -5.721933384839062e-05 26.2
2621 2.274325039686165e-06 26.21
2622 3.771637775534797e-05 26.22
2623 7.879376979111341e-05 26.23
2624 0.0001456788425566458 26.24
2625 0.0001738440653188539 26.25
2626 0.0003228648680836527 26.26
2627 0.0004590202665318566 26.27
2628 0.0005595143849399797 26.28
2629 0.00059645332690067 26.29
2630 0.0007348337103543767 26.3
2631 0.0007955804989462217 26.31
2632 0.0009041253779785013 26.32
2633 0.001012409329379724 26.33
2634 0.001115760494790299 26.34
2635 0.001052987588178594 26.35
2636 0.001018624017000244 26.36
2637 0.001028297030218214 26.37
2638 0.00109259540630198 26.38
2639 0.001295212288598316 26.39
2640 0.001498015480536213 26.4
2641 0.00168976987711178 26.41
2642 0.001860981144229126 26.42
2643 0.002001737823462177 26.43
2644 0.002120228228466331 26.44
2645 0.002187172563679216 26.45
2646 0.002320654110605336 26.46
2647 0.00235489966998155 26.47
2648 0.002309783515602237 26.48
2649 0.00227737181135966 26.49
2650 0.002313695948354288 26.5
2651 0.002309076583828784 26.51
2652 0.002395517768074312 26.52
2653 0.002552484033527716 26.53
2654 0.00257733359601324 26.54
2655 0.002671554795743589 26.55
2656 0.002786184082881782 26.56
2657 0.002972798089530521 26.57
2658 0.003112360214683557 26.58
2659 0.003275083713025581 26.59
2660 0.003558821159593786 26.6
2661 0.003819305492239036 26.61
2662 0.004028739769570147 26.62
2663 0.004240869753501006 26.63
2664 0.004394524777100589 26.64
2665 0.004494505415668412 26.65
2666 0.004597191654466079 26.66
2667 0.004801995334995632 26.67
2668 0.004952198078770106 26.68
2669 0.005079999876700714 26.69
2670 0.005111612393703752 26.7
2671 0.004956234990011701 26.71
2672 0.004832257314623792 26.72
2673 0.004734085124100673 26.73
2674 0.004858851492025459 26.74
2675 0.005012423683915412 26.75
2676 0.005108285226549991 26.76
2677 0.005240257607321386 26.77
2678 0.005363447611094849 26.78
2679 0.005494709542344683 26.79
2680 0.005650821414971322 26.8
2681 0.005838376626709732 26.81
2682 0.006037186211815704 26.82
2683 0.00626581627770359 26.83
2684 0.006484245739339256 26.84
2685 0.00668744754790318 26.85
2686 0.006896058459681081 26.86
2687 0.007179411152058696 26.87
2688 0.007500825842235645 26.88
2689 0.007770845730085324 26.89
2690 0.00797845634389234 26.9
2691 0.00812551291809574 26.91
2692 0.008210279417258451 26.92
2693 0.008306547489997318 26.93
2694 0.008450117653277286 26.94
2695 0.008587354583941109 26.95
2696 0.008752710471045616 26.96
2697 0.008930797986084135 26.97
2698 0.009124804218483482 26.98
2699 0.009299750574332175 26.99
2700 0.009358488394674278 27
2701 0.009479596771178073 27.01
2702 0.009621756502732948 27.02
2703 0.009848823962939429 27.03
2704 0.01010388407234891 27.04
2705 0.01036569138279933 27.05
2706 0.01060847939943903 27.06
2707 0.01073707863784501 27.07
2708 0.01075679551452779 27.08
2709 0.01076806106813026 27.09
2710 0.01084934327471621 27.1
2711 0.01097692906403527 27.11
2712 0.01114956570743672 27.12
2713 0.01136993377971983 27.13
2714 0.0116043896027387 27.14
2715 0.01187163935503656 27.15
2716 0.01216392824561337 27.16
2717 0.01245808724963879 27.17
2718 0.0127263270252068 27.18
2719 0.01298879625553238 27.19
2720 0.01328636772841252 27.2
2721 0.01352803789333491 27.21
2722 0.0138474296149486 27.22
2723 0.01413977519642315 27.23
2724 0.01440025598724254 27.24
2725 0.01463688601702785 27.25
2726 0.01488888357941302 27.26
2727 0.01509860721195305 27.27
2728 0.01530803447489433 27.28
2729 0.01539710353346235 27.29
2730 0.01540966972186049 27.3
2731 0.01546562261425796 27.31
2732 0.01557284628181255 27.32
2733 0.01566457559039459 27.33
2734 0.01579115395169854 27.34
2735 0.01598340488427295 27.35
2736 0.01615904169339197 27.36
2737 0.01637425978365784 27.37
2738 0.0167583626143082 27.38
2739 0.01715503110297756 27.39
2740 0.01751620064067784 27.4
2741 0.01789322175313261 27.41
2742 0.01815544271670305 27.42
2743 0.01839004559232275 27.43
2744 0.01865110710510558 27.44
2745 0.01889160825920949 27.45
2746 0.01909469529187267 27.46
2747 0.01927409054050259 27.47
2748 0.01944922431579126 27.48
2749 0.01966094891502526 27.49
2750 0.019877286040732 27.5
2751 0.0200708984000955 27.51
2752 0.02026003358568695 27.52
2753 0.02046011718686158 27.53
2754 0.02077892277503292 27.54
2755 0.02106310539064385 27.55
2756 0.0213177472949185 27.56
2757 0.0215887143690757 27.57
2758 0.02178839085182843 27.58
2759 0.02200716260303018 27.59
2760 0.02219979783562868 27.6
2761 0.02249332926067554 27.61
2762 0.02278224102875673 27.62
2763 0.02304534986987149 27.63
2764 0.02324546516160722 27.64
2765 0.02333565166825322 27.65
2766 0.02342448013475397 27.66
2767 0.02365517422520387 27.67
2768 0.02389398226141327 27.68
2769 0.02415250676642712 27.69
2770 0.02436217634098525 27.7
2771 0.02454923827529151 27.71
2772 0.02471717472677788 27.72
2773 0.02492197032780491 27.73
2774 0.02513676024687841 27.74
2775 0.0253649326047119 27.75
2776 0.02559818471009481 27.76
2777 0.02573206527022177 27.77
2778 0.02594734423274186 27.78
2779 0.02615870583575244 27.79
2780 0.02643389946398234 27.8
2781 0.02649302108448461 27.81
2782 0.02662685310999567 27.82
2783 0.02671745983623461 27.83
2784 0.0268844446526272 27.84
2785 0.02715236863959768 27.85
2786 0.02732812315479151 27.86
2787 0.02751377688583702 27.87
2788 0.02773022577784343 27.88
2789 0.02795737973505191 27.89
2790 0.02815680976569623 27.9
2791 0.02826596619791569 27.91
2792 0.02832576002211654 27.92
2793 0.02834180847639291 27.93
2794 0.02831277376199559 27.94
2795 0.0283473064653465 27.95
2796 0.02840492449551958 27.96
2797 0.02862010197263037 27.97
2798 0.02878084799394928 27.98
2799 0.02897903473237411 27.99
2800 0.02916361499485594 28
2801 0.02930171206120698 28.01
2802 0.02946172409056105 28.02
2803 0.02955167475137215 28.03
2804 0.02957738203979844 28.04
2805 0.02967236026213388 28.05
2806 0.02970404012643516 28.06
2807 0.02975241436020611 28.07
2808 0.02979765872930853 28.08
2809 0.02978246385224041 28.09
2810 0.02974726554166712 28.1
2811 0.02967604229259428 28.11
2812 0.02962239608227495 28.12
2813 0.02967216225472288 28.13
2814 0.02971603588941366 28.14
2815 0.0297613151900686 28.15
2816 0.02981958962557799 28.16
2817 0.02985104494621887 28.17
2818 0.02988010415165467 28.18
2819 0.02992605816016192 28.19
2820 0.02991724285072514 28.2
2821 0.02989209003609161 28.21
2822 0.02991099066535058 28.22
2823 0.03004060229097807 28.23
2824 0.03011091218108358 28.24
2825 0.03010729115212321 28.25
2826 0.0300355498567674 28.26
2827 0.02995493991097499 28.27
2828 0.02984691161982392 28.28
2829 0.02974109176293989 28.29
2830 0.02957195648844636 28.3
2831 0.02941609408398223 28.31
2832 0.02939572658942233 28.32
2833 0.02933619860649388 28.33
2834 0.02922164978363521 28.34
2835 0.02919490711392383 28.35
2836 0.02909665616433929 28.36
2837 0.0289952429688785 28.37
2838 0.02903480449096003 28.38
2839 0.02889939762788642 28.39
2840 0.02869980414950407 28.4
2841 0.02849818041701865 28.41
2842 0.02833235741646976 28.42
2843 0.02814532264969749 28.43
2844 0.02795382511835376 28.44
2845 0.02798862564550378 28.45
2846 0.02789420435867368 28.46
2847 0.02777693375552021 28.47
2848 0.0276017183455692 28.48
2849 0.02737998886188257 28.49
2850 0.02708046438163775 28.5
2851 0.02683209700548683 28.51
2852 0.02658523694868534 28.52
2853 0.02636664824197761 28.53
2854 0.0262401418307463 28.54
2855 0.02604813391420736 28.55
2856 0.02585439067003165 28.56
2857 0.0255788281380795 28.57
2858 0.02538974027470074 28.58
2859 0.02510572575358194 28.59
2860 0.02487575815177495 28.6
2861 0.02468440217265767 28.61
2862 0.02447459972998857 28.62
2863 0.02427750352103555 28.63
2864 0.02413600400884641 28.64
2865 0.02395469695382847 28.65
2866 0.0237719042527153 28.66
2867 0.02355703454864543 28.67
2868 0.02341141498589908 28.68
2869 0.02313724860555375 28.69
2870 0.02279573624287551 28.7
2871 0.02251079284133449 28.71
2872 0.02227201181602412 28.72
2873 0.0220279841780083 28.73
2874 0.02180808711629237 28.74
2875 0.02154015138619989 28.75
2876 0.02128172711248358 28.76
2877 0.02103345611508872 28.77
2878 0.02084968389453709 28.78
2879 0.02059776275723156 28.79
2880 0.02037336912624814 28.8
2881 0.02017955881200542 28.81
2882 0.01999762271869507 28.82
2883 0.01980375203473972 28.83
2884 0.01959041934670494 28.84
2885 0.01938867928611433 28.85
2886 0.01916720727683244 28.86
2887 0.01898668265116096 28.87
2888 0.01882906439243782 28.88
2889 0.01863734515549516 28.89
2890 0.01839006770276733 28.9
2891 0.01802692735475858 28.91
2892 0.01768717462247435 28.92
2893 0.01738273871944641 28.93
2894 0.01708244248302576 28.94
2895 0.01685648540303683 28.95
2896 0.01661997118805497 28.96
2897 0.01646843093033268 28.97
2898 0.01625770894495469 28.98
2899 0.01607799602269701 28.99
2900 0.01574661504934059 29
2901 0.01540490680505603 29.01
2902 0.01527139909194751 29.02
2903 0.01495962480251051 29.03
2904 0.01463122516939089 29.04
2905 0.01435433101931831 29.05
2906 0.01407412905950003 29.06
2907 0.01369401880357464 29.07
2908 0.01337418504708755 29.08
2909 0.01294925619947486 29.09
2910 0.0125951038552244 29.1
2911 0.01228721001073356 29.11
2912 0.01197758841348888 29.12
2913 0.01168413572258946 29.13
2914 0.01144319879888818 29.14
2915 0.01117581473823888 29.15
2916 0.01083811467187953 29.16
2917 0.01052062087503899 29.17
2918 0.01012364152078302 29.18
2919 0.00979706265932713 29.19
2920 0.009426472312426659 29.2
2921 0.009079602683991148 29.21
2922 0.008720293188009515 29.22
2923 0.008372398624922006 29.23
2924 0.008014892047166058 29.24
2925 0.007636641527944701 29.25
2926 0.007174907585930312 29.26
2927 0.006751402983012411 29.27
2928 0.006390121661232026 29.28
2929 0.00596953758723974 29.29
2930 0.005623134486419018 29.3
2931 0.005295090564234689 29.31
2932 0.004957911506369095 29.32
2933 0.004679167428284475 29.33
2934 0.004329300724126031 29.34
2935 0.00401865869235539 29.35
2936 0.003760108182692165 29.36
2937 0.003522629913790348 29.37
2938 0.003208516200050734 29.38
2939 0.002953814537823202 29.39
2940 0.002630613886441438 29.4
2941 0.002397446217327098 29.41
2942 0.002121618000410885 29.42
2943 0.001939752425258456 29.43
2944 0.001778545369135145 29.44
2945 0.001611243836228404 29.45
2946 0.001468426904795483 29.46
2947 0.001322316166863027 29.47
2948 0.001134263552156747 29.48
2949 0.0009168810685984269 29.49
2950 0.0006053097873800484 29.5
2951 0.00029998332426176 29.51
2952 8.845004981318516e-05 29.52
2953 -0.0001476586918571499 29.53
2954 -0.0004318571277484445 29.54
2955 -0.0006793051916257065 29.55
2956 -0.0009629885261730753 29.56
2957 -0.001188676004264491 29.57
2958 -0.00141628678088232 29.58
2959 -0.001734285005173197 29.59
2960 -0.001867740513860891 29.6
2961 -0.001942514789070482 29.61
2962 -0.002048693152825631 29.62
2963 -0.002186881153615192 29.63
2964 -0.002275644089922424 29.64
2965 -0.002489558841584569 29.65
2966 -0.002728722182131382 29.66
2967 -0.00299804511005336 29.67
2968 -0.00322781823875741 29.68
2969 -0.003510569299292096 29.69
2970 -0.003866258699413677 29.7
2971 -0.004247520785910147 29.71
2972 -0.004489813041092292 29.72
2973 -0.004691906784754701 29.73
2974 -0.004870499130141828 29.74
2975 -0.005069836839350486 29.75
2976 -0.005145185660976104 29.76
2977 -0.005211674436736952 29.77
2978 -0.005294518665348094 29.78
2979 -0.005398101951603895 29.79
2980 -0.005561842955734975 29.8
2981 -0.005677777625490057 29.81
2982 -0.005844015261932775 29.82
2983 -0.006027363442339478 29.83
2984 -0.006160516147608083 29.84
2985 -0.006386003774061177 29.85
2986 -0.006516844869177543 29.86
2987 -0.00666182821891699 29.87
2988 -0.006897781170174935 29.88
2989 -0.007014545948031956 29.89
2990 -0.007246853704586914 29.9
2991 -0.007471461743645894 29.91
2992 -0.007746659609127432 29.92
2993 -0.007925279967025828 29.93
2994 -0.008031762771329054 29.94
2995 -0.008236291692084535 29.95
2996 -0.008395041080949836 29.96
2997 -0.008434539226385901 29.97
2998 -0.008619183162494298 29.98
2999 -0.008703248536550384 29.99
3000 -0.008816584484809792 30
