"cd-rfile"
"Time Step" "cd etc.."
("Time Step" "cd" "flow-time")
0 6.1929718442252e-27 0
1 437.1943123566182 0.01
2 7.945890437303378 0.02
3 -3.27193714998965 0.03
4 -5.902124065609636 0.04
5 -5.782482842147461 0.05
6 -0.1546876033260305 0.06
7 2.377794666159518 0.07000000000000001
8 1.151998183804042 0.08
9 -0.1455657054897304 0.09
10 -0.5825912965593857 0.1
11 -0.5148697807987148 0.11
12 -0.02104570394793111 0.12
13 0.2744242730426688 0.13
14 0.1343665464539783 0.14
15 0.03860956683558631 0.15
16 -0.02263431054210046 0.16
17 -0.06083384179829069 0.17
18 0.008072942877600393 0.18
19 0.03967651396241881 0.19
20 0.03012291741862117 0.2
21 0.02196041186014528 0.21
22 0.03622782462710357 0.22
23 0.03675022104530947 0.23
24 0.0336130361222793 0.24
25 0.02296614134524251 0.25
26 0.03267419094319442 0.26
27 0.03152750483025654 0.27
28 0.02887248057743202 0.28
29 0.02608364107232226 0.29
30 0.02902535314779489 0.3
31 0.02842536609709926 0.31
32 0.03373871661967814 0.32
33 0.03459291828419393 0.33
34 0.02995993496092012 0.34
35 0.02958288630518052 0.35
36 0.03378460696692216 0.36
37 0.03546141165240428 0.37
38 0.03730325285640609 0.38
39 0.0371067365444507 0.39
40 0.0388605444444249 0.4
41 0.03982509954830483 0.41
42 0.03821454180962512 0.42
43 0.03614064956879828 0.43
44 0.03282168076270323 0.44
45 0.03248447454171764 0.45
46 0.03034520974676029 0.46
47 0.03058866216988306 0.47
48 0.03037521937319386 0.48
49 0.03060076993446025 0.49
50 0.02984487252777226 0.5
51 0.02771318749360653 0.51
52 0.02778214803023451 0.52
53 0.02788665114627177 0.53
54 0.02468457363131376 0.54
55 0.02601393829225136 0.55
56 0.0272900644479189 0.5600000000000001
57 0.02778598016551026 0.5700000000000001
58 0.02771998185753145 0.58
59 0.02812208757488015 0.59
60 0.02856034520617678 0.6
61 0.02920203209709483 0.61
62 0.02871643103567216 0.62
63 0.0280162760841263 0.63
64 0.02833826316485972 0.64
65 0.02891997746528966 0.65
66 0.02913017598432693 0.66
67 0.02848588189995598 0.67
68 0.02617918723732785 0.68
69 0.02648642231288569 0.6900000000000001
70 0.027007440055114 0.7000000000000001
71 0.02785847993184997 0.71
72 0.02809286800036333 0.72
73 0.0276457014535849 0.73
74 0.02732317995615529 0.74
75 0.02722802246167652 0.75
76 0.02681900569239884 0.76
77 0.02632427245707801 0.77
78 0.0258831535308279 0.78
79 0.02532296624190608 0.79
80 0.02475995164571855 0.8
81 0.02454465255783024 0.8100000000000001
82 0.02471345184352081 0.8200000000000001
83 0.02484190908868459 0.8300000000000001
84 0.02482884158575518 0.84
85 0.0250544939962725 0.85
86 0.02532030834848977 0.86
87 0.02574528199204961 0.87
88 0.0259893799942541 0.88
89 0.02615644556197783 0.89
90 0.02623254907348536 0.9
91 0.02628417177172728 0.91
92 0.02624233173747181 0.92
93 0.0260741358670488 0.93
94 0.02591417314163588 0.9400000000000001
95 0.02571771078111796 0.9500000000000001
96 0.02560973728161626 0.96
97 0.02544139554665451 0.97
98 0.02534801683406265 0.98
99 0.02534107795702377 0.99
100 0.02530171029461356 1
101 0.02524158907609798 1.01
102 0.02514036165672212 1.02
103 0.02514621240099224 1.03
104 0.02505752836975274 1.04
105 0.02504937960424642 1.05
106 0.02505553233596234 1.06
107 0.02499335255215397 1.07
108 0.02504623621544421 1.08
109 0.0249572692102828 1.09
110 0.02492332132770369 1.1
111 0.02479017554998028 1.11
112 0.02472083147795695 1.12
113 0.02468559497333789 1.13
114 0.02468143211719498 1.14
115 0.02462147363483617 1.15
116 0.02459481115676511 1.16
117 0.02456355327777848 1.17
118 0.02458821043593231 1.18
119 0.02459821637996126 1.19
120 0.02453529640801591 1.2
121 0.02456930845007857 1.21
122 0.02452072985436794 1.22
123 0.02455057930458342 1.23
124 0.02452973073053176 1.24
125 0.02447964179629573 1.25
126 0.02446071644589381 1.26
127 0.02443762009529553 1.27
128 0.02447295962970801 1.28
129 0.02449778675703379 1.29
130 0.02450432258469305 1.3
131 0.02456686880094858 1.31
132 0.0246222633439411 1.32
133 0.02464489584627129 1.33
134 0.02466840951954426 1.34
135 0.02468098800657359 1.35
136 0.02474841614251244 1.36
137 0.02479083388699434 1.37
138 0.0248430788247223 1.38
139 0.02492421818941753 1.39
140 0.02498739878125683 1.4
141 0.02506728618546981 1.41
142 0.02513708307768011 1.42
143 0.0251780775897244 1.43
144 0.02521028779335606 1.44
145 0.02523783463882475 1.45
146 0.02526828936512759 1.46
147 0.02528258657364945 1.47
148 0.02534997010231108 1.48
149 0.02540387723359677 1.49
150 0.02547324062375831 1.5
151 0.02555987559121688 1.51
152 0.02557519934481649 1.52
153 0.02563904106163149 1.53
154 0.02567927106729015 1.54
155 0.02570113459728106 1.55
156 0.02573953222709603 1.56
157 0.02577857321638058 1.57
158 0.02577225766734268 1.58
159 0.02577538846221934 1.59
160 0.02582072199716695 1.6
161 0.02583631683014874 1.61
162 0.02582320496305379 1.62
163 0.02578002771191898 1.63
164 0.02574593140565032 1.64
165 0.02570792491578669 1.65
166 0.02566801443773434 1.66
167 0.02557585481711262 1.67
168 0.02550275750758983 1.68
169 0.02542728552622931 1.69
170 0.02534645851796962 1.7
171 0.0252304306980095 1.71
172 0.02511280493578973 1.72
173 0.02500943691302901 1.73
174 0.02493439987828527 1.74
175 0.02483893527449599 1.75
176 0.02472978717908861 1.76
177 0.024605251004438 1.77
178 0.02450077757271532 1.78
179 0.0244163783106728 1.79
180 0.0243431504965966 1.8
181 0.02428506464460355 1.81
182 0.02420368990222477 1.82
183 0.02413258035020147 1.83
184 0.0240921731560752 1.84
185 0.0239990991834366 1.85
186 0.02393714611815791 1.86
187 0.02392050996617045 1.87
188 0.02389587230134601 1.88
189 0.02390210525777767 1.89
190 0.02391972405229015 1.9
191 0.02393826811342412 1.91
192 0.02396355296258834 1.92
193 0.02400470442659643 1.93
194 0.02407295006092059 1.94
195 0.02412399833157345 1.95
196 0.02421890240320932 1.96
197 0.0243275414210728 1.97
198 0.02443160280641527 1.98
199 0.02452670076990545 1.99
200 0.0246579329590183 2
201 0.02478482701284361 2.01
202 0.02490772142019325 2.02
203 0.02502927650015662 2.03
204 0.02512726139520925 2.04
205 0.02524392606233594 2.05
206 0.02536594265064405 2.06
207 0.02549518221690862 2.07
208 0.02561919042249185 2.08
209 0.02578940147268505 2.09
210 0.02592924368557156 2.1
211 0.02608430853388744 2.11
212 0.02618896138236801 2.12
213 0.02630890626801808 2.13
214 0.02646747299368777 2.14
215 0.02665304756125147 2.15
216 0.02681099482658689 2.16
217 0.0269879162234583 2.17
218 0.02708480659879346 2.18
219 0.0271801643111298 2.19
220 0.02733652405657784 2.2
221 0.0274679213560206 2.21
222 0.02760263416966405 2.22
223 0.02770748962838859 2.23
224 0.02776265635165332 2.24
225 0.02784268983771329 2.25
226 0.027903841635169 2.26
227 0.02797461680341617 2.27
228 0.02800515180849129 2.28
229 0.02805789154198116 2.29
230 0.02809423600308982 2.3
231 0.02815300318325112 2.31
232 0.02815762474041032 2.32
233 0.0281565110293152 2.33
234 0.02815383701750762 2.34
235 0.02813211033374973 2.35
236 0.02813405616203146 2.36
237 0.02812919968155144 2.37
238 0.02808694066711668 2.38
239 0.02802887748773885 2.39
240 0.02797066980350603 2.4
241 0.02789893757037664 2.41
242 0.02785251864577112 2.42
243 0.02776726314724323 2.43
244 0.02764855774987635 2.44
245 0.02753695163528133 2.45
246 0.02741715446985239 2.46
247 0.02733314642628384 2.47
248 0.02727767397780258 2.48
249 0.02723362653235781 2.49
250 0.02720725183504719 2.5
251 0.02711724666281839 2.51
252 0.02700641800793612 2.52
253 0.0268650453838792 2.53
254 0.02676059884248681 2.54
255 0.02666330372094362 2.55
256 0.02662832409662904 2.56
257 0.02662407252260948 2.57
258 0.02661594878184193 2.58
259 0.0265985674785308 2.59
260 0.02654942309321076 2.6
261 0.02652215686517903 2.61
262 0.02647070473959078 2.62
263 0.02643347908345297 2.63
264 0.02641193782494584 2.64
265 0.02638314864899138 2.65
266 0.02636682614038217 2.66
267 0.02633588080738157 2.67
268 0.0263350540353581 2.68
269 0.02635614260246985 2.69
270 0.02636220707974865 2.7
271 0.02638204397050565 2.71
272 0.02644628511646818 2.72
273 0.02648163044361417 2.73
274 0.02646284434929998 2.74
275 0.02643849628568202 2.75
276 0.02644385943483853 2.76
277 0.0264777385478487 2.77
278 0.02648582310687724 2.78
279 0.02649862960462786 2.79
280 0.02651817885143262 2.8
281 0.02655975643463928 2.81
282 0.02658810008577657 2.82
283 0.02663622503329826 2.83
284 0.02663139990487998 2.84
285 0.0266575582690084 2.85
286 0.02667101829836718 2.86
287 0.02667059182887185 2.87
288 0.02665555840217775 2.88
289 0.02666804326602628 2.89
290 0.02666876448333286 2.9
291 0.02672170121361268 2.91
292 0.02672095287281868 2.92
293 0.02672059115550856 2.93
294 0.02671419536225188 2.94
295 0.02669671007051922 2.95
296 0.02668950209452173 2.96
297 0.02667457711732109 2.97
298 0.02664428392762422 2.98
299 0.02657738037216314 2.99
300 0.02654250259245984 3
301 0.02653552222202876 3.01
302 0.02654359934295483 3.02
303 0.02658069421804153 3.03
304 0.02656607501877077 3.04
305 0.02655582149165391 3.05
306 0.02660306275637705 3.06
307 0.02659568187057742 3.07
308 0.02651561378150079 3.08
309 0.02642861057232242 3.09
310 0.02634935395426388 3.1
311 0.02632474658452173 3.11
312 0.02632041564105105 3.12
313 0.02631286175282499 3.13
314 0.0262781187247537 3.14
315 0.02623347969922384 3.15
316 0.0261955707420107 3.16
317 0.02614493868687011 3.17
318 0.0261191018254611 3.18
319 0.02607504039359677 3.19
320 0.02604077612752867 3.2
321 0.02601160733218141 3.21
322 0.02597819888717354 3.22
323 0.02594840553780892 3.23
324 0.02594055740904498 3.24
325 0.02593903843849419 3.25
326 0.02595053451640469 3.26
327 0.02595507182017754 3.27
328 0.02600596778406641 3.28
329 0.02598372435841579 3.29
330 0.02601268936192061 3.3
331 0.02603834402243103 3.31
332 0.02600958971321371 3.32
333 0.02599471275714013 3.33
334 0.02603635403054775 3.34
335 0.02608419081709089 3.35
336 0.02614000983514132 3.36
337 0.02618062653491684 3.37
338 0.02622360816750527 3.38
339 0.02625733628627696 3.39
340 0.02634727820269744 3.4
341 0.02642430534105361 3.41
342 0.02648848475802413 3.42
343 0.02654999605918723 3.43
344 0.02661834852315684 3.44
345 0.0266805880926477 3.45
346 0.0267469098786231 3.46
347 0.02681754864214907 3.47
348 0.02690355717617975 3.48
349 0.02698874008696817 3.49
350 0.02707326725996124 3.5
351 0.02715589440897164 3.51
352 0.02724046507841199 3.52
353 0.02728566650854599 3.53
354 0.02735758866727515 3.54
355 0.0274373208025168 3.55
356 0.02753843012127447 3.56
357 0.02761720519528666 3.57
358 0.02768233168664697 3.58
359 0.02776113574230125 3.59
360 0.0278367973992234 3.6
361 0.02789827200949444 3.61
362 0.02797712986236172 3.62
363 0.0280642704702527 3.63
364 0.02814760668463548 3.64
365 0.02821494106363313 3.65
366 0.028282125903534 3.66
367 0.02836656494378146 3.67
368 0.02846135049110554 3.68
369 0.02851825115035626 3.69
370 0.02857237815435277 3.7
371 0.0286282366840392 3.71
372 0.02867362654669259 3.72
373 0.02872492111109901 3.73
374 0.02879071395750559 3.74
375 0.02881164349021548 3.75
376 0.02885115197790957 3.76
377 0.0288835191160605 3.77
378 0.02896066174124207 3.78
379 0.02902809202530762 3.79
380 0.02907166855341729 3.8
381 0.02908617525537339 3.81
382 0.02912789159630249 3.82
383 0.02915481961243185 3.83
384 0.02917486377147454 3.84
385 0.02917690385332874 3.85
386 0.02917496758948205 3.86
387 0.02918676603224084 3.87
388 0.02921060558203871 3.88
389 0.02923653066088873 3.89
390 0.02926574452636234 3.9
391 0.02921854350654605 3.91
392 0.02921461428501338 3.92
393 0.02921529918234599 3.93
394 0.02922631906289644 3.94
395 0.02923497667983274 3.95
396 0.02921034898134946 3.96
397 0.0291729882714426 3.97
398 0.02914931146404835 3.98
399 0.0291235937645326 3.99
400 0.02911054109901067 4
401 0.02910291662564817 4.01
402 0.02913942020224121 4.02
403 0.02912240197358119 4.03
404 0.02910374987094371 4.04
405 0.02910178366172304 4.05
406 0.029082588120808 4.06
407 0.02906626794549515 4.07
408 0.02902040568830824 4.08
409 0.02897765872783277 4.09
410 0.0289281537671666 4.1
411 0.02887024874583417 4.11
412 0.02881778279247042 4.12
413 0.02879506779419951 4.13
414 0.02878340347992091 4.14
415 0.02875483755123057 4.15
416 0.02875233003782991 4.16
417 0.02874580891581714 4.17
418 0.02872661713028714 4.18
419 0.02871084187116953 4.19
420 0.02869627072454891 4.2
421 0.02867968065078099 4.21
422 0.02865408103325874 4.22
423 0.02860633053928558 4.23
424 0.0285417299169554 4.24
425 0.02849447013054498 4.25
426 0.02844521321131084 4.26
427 0.02840011232101377 4.27
428 0.02835686860696199 4.28
429 0.02833208385219102 4.29
430 0.02830403366184868 4.3
431 0.02829028177927533 4.31
432 0.0282706685254556 4.32
433 0.0282497000949903 4.33
434 0.02822825457074106 4.34
435 0.02819429000992834 4.350000000000001
436 0.0282030445517831 4.36
437 0.02817432342054206 4.37
438 0.0281402298516435 4.38
439 0.02809202614434377 4.39
440 0.02797990516398031 4.4
441 0.02791801391679164 4.41
442 0.02787188210521168 4.42
443 0.02785060395065434 4.43
444 0.02781349207296501 4.44
445 0.0277330756174578 4.45
446 0.02770641437039979 4.46
447 0.02769602506629245 4.47
448 0.02768074001998244 4.48
449 0.0277065171725406 4.49
450 0.0276765362727969 4.5
451 0.02764787195501179 4.51
452 0.02763186528641651 4.52
453 0.02762694129872404 4.53
454 0.02760042388149584 4.54
455 0.02756200339406534 4.55
456 0.02753151556344014 4.56
457 0.02749445075912688 4.57
458 0.02744240167290375 4.58
459 0.0274118689278906 4.59
460 0.02736430660037493 4.600000000000001
461 0.02734248683674064 4.61
462 0.02735544580912958 4.62
463 0.02735796144607094 4.63
464 0.02735401258433978 4.64
465 0.02734579750064953 4.65
466 0.02730659364061863 4.66
467 0.02727112624588664 4.67
468 0.02727267621866201 4.68
469 0.0272757104470086 4.69
470 0.02730145185647064 4.7
471 0.02725712338029832 4.71
472 0.02721011078597181 4.72
473 0.02715302549818036 4.73
474 0.02710945746471273 4.74
475 0.0270513860400252 4.75
476 0.02699842266806735 4.76
477 0.02695871310371157 4.77
478 0.02693226669260385 4.78
479 0.02689516461239816 4.79
480 0.02691174584543165 4.8
481 0.02684653410557234 4.81
482 0.02687049545162759 4.82
483 0.02686375785528087 4.83
484 0.02678664879231679 4.84
485 0.02674151409228536 4.850000000000001
486 0.02670272547073058 4.86
487 0.02665370408530332 4.87
488 0.02662387017556632 4.88
489 0.0266007749969664 4.89
490 0.02657028290959014 4.9
491 0.02655171382980785 4.91
492 0.02655240201632203 4.92
493 0.02651754194255306 4.93
494 0.02642547986145305 4.94
495 0.02637091742051195 4.95
496 0.02633392473169345 4.96
497 0.02628158808834937 4.97
498 0.02627733234923782 4.98
499 0.02627730691392719 4.99
500 0.02628902807439471 5
501 0.02628200865593786 5.01
502 0.02626144741346805 5.02
503 0.02622746192876841 5.03
504 0.02620670112234249 5.04
505 0.02621008180805993 5.05
506 0.02620321764296764 5.06
507 0.02620205267261436 5.07
508 0.02618431045605766 5.08
509 0.02613940647262506 5.09
510 0.02603480322540495 5.100000000000001
511 0.02597427779200916 5.11
512 0.02596267169014274 5.12
513 0.025951715714924 5.13
514 0.02593957706834502 5.14
515 0.02599629895130802 5.15
516 0.02601674232689739 5.16
517 0.02597651382639837 5.17
518 0.0259315162813337 5.18
519 0.0259366158252384 5.19
520 0.02583720585393418 5.2
521 0.02579737084062692 5.21
522 0.02578276467167807 5.22
523 0.02578332806080681 5.23
524 0.02579404876042085 5.24
525 0.0257650665044493 5.25
526 0.02572987610974112 5.26
527 0.02568520496349075 5.27
528 0.02565992884832366 5.28
529 0.02567377029573163 5.29
530 0.02566648600611232 5.3
531 0.02567091695309415 5.31
532 0.02565751053069104 5.32
533 0.02563248253107046 5.33
534 0.02559314444166629 5.34
535 0.02553993789908052 5.350000000000001
536 0.02551102202811633 5.36
537 0.02550647029237296 5.37
538 0.025498635388054 5.38
539 0.02549501777639195 5.39
540 0.0254931650002692 5.4
541 0.02549756526461375 5.41
542 0.02550094791631695 5.42
543 0.0254835602954788 5.43
544 0.02548781175103029 5.44
545 0.02547612078383001 5.45
546 0.025441612445561 5.46
547 0.02544702314895038 5.47
548 0.02539744177034339 5.48
549 0.02535858529314945 5.49
550 0.02534341749744031 5.5
551 0.025331140702755 5.51
552 0.02532072179040401 5.52
553 0.02530965074223789 5.53
554 0.02530421400468251 5.54
555 0.02528718127416585 5.55
556 0.02529180809723735 5.56
557 0.02528044092648529 5.57
558 0.02526429295076089 5.58
559 0.02524477512839593 5.59
560 0.0252209535863911 5.600000000000001
561 0.02520963323051116 5.61
562 0.02520832075175689 5.62
563 0.02520766368215805 5.63
564 0.02519084139653917 5.64
565 0.02514949544316372 5.65
566 0.02512438821949823 5.66
567 0.0251089051864323 5.67
568 0.02511565538248994 5.68
569 0.025120104068424 5.69
570 0.02511611276154406 5.7
571 0.02511166190157881 5.71
572 0.02511343479621788 5.72
573 0.02511891416774545 5.73
574 0.02512214306382116 5.74
575 0.02511734656077493 5.75
576 0.02508022126778345 5.76
577 0.02504426209932142 5.77
578 0.02504028161608763 5.78
579 0.02501604446473728 5.79
580 0.02501927547248395 5.8
581 0.02501666710546453 5.81
582 0.02500716051733595 5.82
583 0.02499546877903972 5.83
584 0.02498555276399996 5.84
585 0.02498761708435843 5.850000000000001
586 0.02498263747572355 5.86
587 0.02497856078412378 5.87
588 0.02497312030345785 5.88
589 0.02496448471158371 5.89
590 0.02495317073718053 5.9
591 0.02493723655555198 5.91
592 0.02489791352209806 5.92
593 0.02488032410257692 5.93
594 0.02489493961604863 5.94
595 0.02492659882942323 5.95
596 0.02493400096282827 5.96
597 0.02493932140132992 5.97
598 0.02493536525623858 5.98
599 0.02490626516853148 5.99
600 0.02487485311408435 6
601 0.02487592003773556 6.01
602 0.0248822453819829 6.02
603 0.02488676094958792 6.03
604 0.02488483133881862 6.04
605 0.02487444807330727 6.05
606 0.02486940728214929 6.06
607 0.02489262242084911 6.07
608 0.02489613259338937 6.08
609 0.02488685529804462 6.09
610 0.02488405614292228 6.100000000000001
611 0.02488250541814518 6.11
612 0.0248820453781539 6.12
613 0.02486919492275053 6.13
614 0.02486896721349884 6.140000000000001
615 0.02487712789891048 6.15
616 0.02488065860848561 6.16
617 0.02488774318531292 6.17
618 0.02490558113844915 6.18
619 0.02490878317852019 6.19
620 0.02490440478723838 6.2
621 0.0249087280872279 6.21
622 0.02489059584838924 6.22
623 0.02489393657703566 6.23
624 0.02494054323669228 6.24
625 0.02491627049336576 6.25
626 0.02490522717600436 6.26
627 0.02487428520642114 6.27
628 0.0248604499744694 6.28
629 0.0249008821168302 6.29
630 0.02492008486947613 6.3
631 0.0249312551514737 6.31
632 0.02493853207559534 6.32
633 0.02493430671206341 6.33
634 0.0249228402900096 6.34
635 0.02493951600112976 6.350000000000001
636 0.02488556362175252 6.36
637 0.02488566273764034 6.37
638 0.02488748829655662 6.38
639 0.02488579694275469 6.390000000000001
640 0.02490595962416221 6.4
641 0.02491076646313595 6.41
642 0.02492044633247036 6.42
643 0.024923224695504 6.43
644 0.02492359068844728 6.44
645 0.02492777716070219 6.45
646 0.02492348681991233 6.46
647 0.02491945243617034 6.47
648 0.024932730246095 6.48
649 0.02494164617124977 6.49
650 0.02495778800792013 6.5
651 0.02497471487487797 6.51
652 0.02497551992786203 6.52
653 0.02496549286559536 6.53
654 0.02496203409364975 6.54
655 0.02494886909938472 6.55
656 0.02493681044724655 6.56
657 0.02492400236861502 6.57
658 0.02491436608324373 6.58
659 0.0249215181426915 6.59
660 0.02493302966343407 6.600000000000001
661 0.02493791414905765 6.61
662 0.02494935044626135 6.62
663 0.0249868151805608 6.63
664 0.02503006922037013 6.640000000000001
665 0.0250702642749549 6.65
666 0.02507939281985874 6.66
667 0.0250620128971227 6.67
668 0.02500275575391961 6.68
669 0.02496382981566313 6.69
670 0.02495165194721357 6.7
671 0.02493653726471017 6.71
672 0.0249236045506278 6.72
673 0.02492109602887223 6.73
674 0.02492914664819009 6.74
675 0.0249410216391112 6.75
676 0.02495835711847547 6.76
677 0.02494855841393935 6.77
678 0.02495390972092325 6.78
679 0.02498371628527357 6.79
680 0.02502493792159003 6.8
681 0.02504744102294532 6.81
682 0.02505616507320404 6.82
683 0.02506233889667902 6.83
684 0.02507222686430019 6.84
685 0.02508629342540656 6.850000000000001
686 0.02509569053743174 6.86
687 0.0251091948554142 6.87
688 0.02511007077809102 6.88
689 0.02510925027032763 6.890000000000001
690 0.02511091661214947 6.9
691 0.02513308059447969 6.91
692 0.02512535232226654 6.92
693 0.02512488676650414 6.93
694 0.0251413773754241 6.94
695 0.02516344766206817 6.95
696 0.02518252081584433 6.96
697 0.02519846000122921 6.97
698 0.0251730432780297 6.98
699 0.02517806025224196 6.99
700 0.02517601158435646 7
701 0.0251842775960138 7.01
702 0.02522341143981069 7.02
703 0.02524972754833002 7.03
704 0.02527295554292278 7.04
705 0.02527457906138544 7.05
706 0.02529238098615154 7.06
707 0.02528610950197109 7.07
708 0.02528428031276688 7.08
709 0.02529394439769783 7.09
710 0.02530496390705562 7.100000000000001
711 0.02532212594726145 7.11
712 0.0253358349458627 7.12
713 0.02535368834733106 7.13
714 0.02536594870372008 7.140000000000001
715 0.02537079475315005 7.15
716 0.02538786583568866 7.16
717 0.025401885141465 7.17
718 0.0254117298622589 7.18
719 0.0254361838733661 7.19
720 0.02544551489800638 7.2
721 0.02543367831843367 7.21
722 0.02543870081713876 7.22
723 0.02545337815239665 7.23
724 0.02545969863560714 7.24
725 0.02548420637633301 7.25
726 0.02550527581964459 7.26
727 0.02552973520333921 7.27
728 0.02553432408534062 7.28
729 0.02553957623657066 7.29
730 0.02553667687424408 7.3
731 0.02551946647257152 7.31
732 0.02550167823304595 7.32
733 0.02550634526378733 7.33
734 0.02552618911923422 7.34
735 0.02555842500470593 7.350000000000001
736 0.02557890403718691 7.36
737 0.02559712516628861 7.37
738 0.02561309682402994 7.38
739 0.02562752073293156 7.390000000000001
740 0.0256427178159092 7.4
741 0.02565657211971407 7.41
742 0.02568000222974553 7.42
743 0.02570141856902372 7.43
744 0.02568992414492509 7.44
745 0.02570179530986775 7.45
746 0.02571314317398875 7.46
747 0.02573998143961055 7.47
748 0.02575075351872136 7.48
749 0.02573172997576703 7.49
750 0.02571899330957686 7.5
751 0.02574922575133733 7.51
752 0.02576716307347403 7.52
753 0.02578919536620946 7.53
754 0.02579106427341258 7.54
755 0.02580355426516913 7.55
756 0.02581988341060783 7.56
757 0.02585112271867668 7.57
758 0.02584808435835956 7.58
759 0.02586334339019754 7.59
760 0.02588105583914394 7.600000000000001
761 0.02590166871954888 7.61
762 0.02591199061703732 7.62
763 0.02591571853333538 7.63
764 0.0259337189863706 7.640000000000001
765 0.02595296205221844 7.65
766 0.0259712972839121 7.66
767 0.02598445085464329 7.67
768 0.0260011418144137 7.68
769 0.026026304105655 7.69
770 0.02606044538011761 7.7
771 0.0260894817752094 7.71
772 0.02612609263383825 7.72
773 0.02614211589480159 7.73
774 0.02617061703996059 7.74
775 0.02617927047553353 7.75
776 0.02621148081100022 7.76
777 0.02624329645387768 7.77
778 0.02625938920874813 7.78
779 0.02627394374903329 7.79
780 0.02627899797739601 7.8
781 0.0262741622311873 7.81
782 0.0262645605116821 7.82
783 0.02628226329541991 7.83
784 0.02628507379818509 7.84
785 0.02630308651178325 7.850000000000001
786 0.02634717468514377 7.86
787 0.02639288686618502 7.87
788 0.02643895079844974 7.88
789 0.02646287128084937 7.890000000000001
790 0.02648178712147879 7.9
791 0.02648682268996692 7.91
792 0.02648386044320741 7.92
793 0.02648721521822393 7.930000000000001
794 0.0265056697904675 7.94
795 0.02651754659955688 7.95
796 0.02654990319740885 7.96
797 0.02658109074702892 7.97
798 0.0266180093872941 7.98
799 0.02661645479126337 7.99
800 0.02662761916450664 8
801 0.02661972764004848 8.01
802 0.0266113075083136 8.02
803 0.02661199851067014 8.029999999999999
804 0.0266117425227467 8.040000000000001
805 0.02661701698086799 8.050000000000001
806 0.02661165039547159 8.06
807 0.02660898422440397 8.07
808 0.0266147586667048 8.08
809 0.02663377123905825 8.09
810 0.02665299309333764 8.1
811 0.02665873034167261 8.109999999999999
812 0.02666696671937686 8.120000000000001
813 0.02667949572933912 8.130000000000001
814 0.02668291084418068 8.140000000000001
815 0.02669015041141588 8.15
816 0.02669040731061537 8.16
817 0.02669387782905371 8.17
818 0.02668953340971329 8.18
819 0.02670323362768257 8.19
820 0.0267187233479876 8.199999999999999
821 0.02672306022458198 8.210000000000001
822 0.02672916250131313 8.220000000000001
823 0.02672398772840898 8.23
824 0.02671022826018183 8.24
825 0.02670592737323054 8.25
826 0.02670335681264293 8.26
827 0.02670947736953963 8.27
828 0.02672739035806585 8.279999999999999
829 0.02672531273963383 8.290000000000001
830 0.02674724966198081 8.300000000000001
831 0.02676341535978978 8.31
832 0.02677532209022044 8.32
833 0.02679124021655019 8.33
834 0.02681006906743145 8.34
835 0.02681369400893596 8.35
836 0.02682114379016842 8.359999999999999
837 0.02682215181427905 8.370000000000001
838 0.0268337779111433 8.380000000000001
839 0.02684241984982001 8.390000000000001
840 0.02684607501780548 8.4
841 0.02685165594873394 8.41
842 0.02685390595393405 8.42
843 0.02685170716304039 8.43
844 0.02684924990479544 8.44
845 0.02686566574912958 8.449999999999999
846 0.02687444665075586 8.460000000000001
847 0.02689857782205113 8.470000000000001
848 0.02690762143845267 8.48
849 0.02692047446403805 8.49
850 0.02692623255389405 8.5
851 0.02694448164685814 8.51
852 0.0269464284561739 8.52
853 0.02696165049096583 8.529999999999999
854 0.02695363239770794 8.540000000000001
855 0.02694980367709278 8.550000000000001
856 0.02695165455956243 8.56
857 0.02694817076431068 8.57
858 0.02694840148723805 8.58
859 0.02694286443055946 8.59
860 0.02693896875220587 8.6
861 0.02694674556475691 8.609999999999999
862 0.02695252513781078 8.620000000000001
863 0.02695504867284228 8.630000000000001
864 0.02694702764644685 8.640000000000001
865 0.02696186137274462 8.65
866 0.02699059192144752 8.66
867 0.02700166845530131 8.67
868 0.02703784855055889 8.68
869 0.02704514693525208 8.69
870 0.02702661777916389 8.700000000000001
871 0.02699770325657873 8.710000000000001
872 0.02696587888234817 8.720000000000001
873 0.02693622277015566 8.73
874 0.02692074378521608 8.74
875 0.02690417163295151 8.75
876 0.02689125160751278 8.76
877 0.02689170975318709 8.77
878 0.02689314259139099 8.779999999999999
879 0.02690355460723628 8.790000000000001
880 0.02690885750119033 8.800000000000001
881 0.02691460422543229 8.81
882 0.02690390163749709 8.82
883 0.02691605387933114 8.83
884 0.02692071089183538 8.84
885 0.02692004528128578 8.85
886 0.02690825441279583 8.859999999999999
887 0.02688342557426696 8.870000000000001
888 0.02685137575294654 8.880000000000001
889 0.0268125225386737 8.890000000000001
890 0.0267842749064612 8.9
891 0.02674934608084365 8.91
892 0.02672593854886059 8.92
893 0.02672315349844208 8.93
894 0.02672418690767242 8.94
895 0.02670722297152272 8.950000000000001
896 0.02671612086108453 8.960000000000001
897 0.02671611931603499 8.970000000000001
898 0.02670325899446043 8.98
899 0.0266902225791557 8.99
900 0.02667695318066485 9
901 0.02665989173903003 9.01
902 0.02662982103657988 9.02
903 0.02659708598862547 9.029999999999999
904 0.02656576983057283 9.040000000000001
905 0.02653071610136419 9.050000000000001
906 0.02649456064265047 9.06
907 0.02646188194167202 9.07
908 0.02643935208816296 9.08
909 0.02642240782738035 9.09
910 0.02640524703910744 9.1
911 0.02639002836433292 9.109999999999999
912 0.026348293627901 9.120000000000001
913 0.02631240580270525 9.130000000000001
914 0.0262985777599428 9.140000000000001
915 0.0262590053402499 9.15
916 0.02622614819199278 9.16
917 0.02619986949923137 9.17
918 0.02618432423130617 9.18
919 0.02617126926303747 9.19
920 0.02615801525503486 9.200000000000001
921 0.02613593165685864 9.210000000000001
922 0.02609418073113072 9.220000000000001
923 0.02609214446543746 9.23
924 0.02608203737241581 9.24
925 0.02606882860735097 9.25
926 0.02605223498684323 9.26
927 0.02601787342299744 9.27
928 0.02598970733247792 9.279999999999999
929 0.02596604894197562 9.290000000000001
930 0.02595614573284487 9.300000000000001
931 0.02592801240674633 9.31
932 0.02589796511646501 9.32
933 0.02586537517153672 9.33
934 0.02583527606764131 9.34
935 0.02583784233150633 9.35
936 0.02582584037167094 9.359999999999999
937 0.02580892184769916 9.370000000000001
938 0.02577354404511597 9.380000000000001
939 0.02576224339093869 9.390000000000001
940 0.0257506036509438 9.4
941 0.02573417209509142 9.41
942 0.02573324414417199 9.42
943 0.02572922592398711 9.43
944 0.025715080977402 9.44
945 0.0256851753034244 9.450000000000001
946 0.02566870745623918 9.460000000000001
947 0.02563556593610913 9.470000000000001
948 0.02559742592767874 9.48
949 0.02556631501818451 9.49
950 0.02554823105105227 9.5
951 0.0255281622238478 9.51
952 0.02553285579619542 9.52
953 0.02554104808935083 9.529999999999999
954 0.025527519520161 9.540000000000001
955 0.02552180813976171 9.550000000000001
956 0.02552987449927952 9.56
957 0.0255349887749921 9.57
958 0.02554365011833668 9.58
959 0.02554433704950135 9.59
960 0.02555416285541281 9.6
961 0.0255315611271786 9.609999999999999
962 0.02550619114428156 9.620000000000001
963 0.02549325723780173 9.630000000000001
964 0.0254526496444125 9.640000000000001
965 0.02543478105631605 9.65
966 0.02542238945354869 9.66
967 0.02540873742703841 9.67
968 0.02542684953473528 9.68
969 0.025437224293192 9.69
970 0.02544077579017665 9.700000000000001
971 0.02544490004915961 9.710000000000001
972 0.02545350536657723 9.720000000000001
973 0.02545449696213177 9.73
974 0.02546883873415003 9.74
975 0.02549577414928559 9.75
976 0.02551883069168127 9.76
977 0.02554431280078047 9.77
978 0.02555972507496769 9.779999999999999
979 0.0255659151166558 9.790000000000001
980 0.02557764986063257 9.800000000000001
981 0.02557048670435182 9.81
982 0.02557013490297675 9.82
983 0.02556211445091278 9.83
984 0.0255567628447548 9.84
985 0.02559258986871647 9.85
986 0.02560316851261487 9.859999999999999
987 0.02563224506246511 9.870000000000001
988 0.0256721643355284 9.880000000000001
989 0.02571173377160115 9.890000000000001
990 0.02575371057334762 9.9
991 0.02578454342003075 9.91
992 0.02582381906570434 9.92
993 0.02582915590530431 9.93
994 0.02584699550392586 9.94
995 0.02587903754077012 9.950000000000001
996 0.02590248537964616 9.960000000000001
997 0.0259505678387095 9.970000000000001
998 0.0259937993089639 9.98
999 0.02603926289916782 9.99
1000 0.0260757952714602 10
1001 0.02610853018598499 10.01
1002 0.02614279043155454 10.02
1003 0.02617722813062194 10.03
1004 0.02620474705482917 10.04
1005 0.02624304615064244 10.05
1006 0.02626894921949207 10.06
1007 0.02630581926808384 10.07
1008 0.02634180043106206 10.08
1009 0.02638485403932928 10.09
1010 0.02640896912686927 10.1
1011 0.02642558373950598 10.11
1012 0.02643234752174311 10.12
1013 0.02644626406015676 10.13
1014 0.02644887524694196 10.14
1015 0.02649737097765656 10.15
1016 0.02651199752426073 10.16
1017 0.0265267050184575 10.17
1018 0.02653553306687364 10.18
1019 0.02656787239381524 10.19
1020 0.02658189400420859 10.2
1021 0.0265973443813211 10.21
1022 0.02658682783389489 10.22
1023 0.02661842975223978 10.23
1024 0.02661936519862922 10.24
1025 0.02663243878250639 10.25
1026 0.02664178408202619 10.26
1027 0.02662620895284143 10.27
1028 0.02661253939300065 10.28
1029 0.02659144474856272 10.29
1030 0.02659604233324006 10.3
1031 0.02658440216092453 10.31
1032 0.02658150132528008 10.32
1033 0.02657226906011468 10.33
1034 0.02657345329531477 10.34
1035 0.02658925452394182 10.35
1036 0.02656947028253589 10.36
1037 0.02653828613814769 10.37
1038 0.02649838166698341 10.38
1039 0.02646026659194235 10.39
1040 0.0264316490106631 10.4
1041 0.0263963276388379 10.41
1042 0.02639330999173787 10.42
1043 0.02638020301224638 10.43
1044 0.02636805994837061 10.44
1045 0.02634773609986776 10.45
1046 0.02630802518606656 10.46
1047 0.02628718141328559 10.47
1048 0.02626965657297905 10.48
1049 0.02625398404007806 10.49
1050 0.02623624074732435 10.5
1051 0.02619517784516011 10.51
1052 0.02614955456908909 10.52
1053 0.02613694837756315 10.53
1054 0.02610325227713853 10.54
1055 0.02606658169301719 10.55
1056 0.02600087202964395 10.56
1057 0.02595773116556718 10.57
1058 0.02589839349262302 10.58
1059 0.02585020259027315 10.59
1060 0.0258112217441939 10.6
1061 0.02576123178816647 10.61
1062 0.0257446779876268 10.62
1063 0.02573516012206453 10.63
1064 0.02571943567808299 10.64
1065 0.02569190451111183 10.65
1066 0.02564898649680666 10.66
1067 0.02563848708946414 10.67
1068 0.02561948222500242 10.68
1069 0.02558671265831346 10.69
1070 0.02556636680189123 10.7
1071 0.02552771109390845 10.71
1072 0.02547876134828157 10.72
1073 0.02545587361537303 10.73
1074 0.02540049250844375 10.74
1075 0.02536112020640791 10.75
1076 0.02533719336341618 10.76
1077 0.02528905185873472 10.77
1078 0.02524842091799693 10.78
1079 0.02522761316082834 10.79
1080 0.02520625399976697 10.8
1081 0.0251663582033777 10.81
1082 0.02513788285221275 10.82
1083 0.02510901554580177 10.83
1084 0.02510880262022458 10.84
1085 0.02512633760994485 10.85
1086 0.02511925010810013 10.86
1087 0.02511340346318401 10.87
1088 0.02509888924036756 10.88
1089 0.02511222386827081 10.89
1090 0.02510592465994696 10.9
1091 0.02508963150366861 10.91
1092 0.02506027616149452 10.92
1093 0.02504623931869784 10.93
1094 0.02502323229633822 10.94
1095 0.02501112490045916 10.95
1096 0.02501881286394394 10.96
1097 0.02501606071114042 10.97
1098 0.02502372074726826 10.98
1099 0.02500275359700361 10.99
1100 0.02497723304386889 11
1101 0.02496807843159258 11.01
1102 0.02496892026412753 11.02
1103 0.02495004796968125 11.03
1104 0.02493284112911663 11.04
1105 0.02493395076897701 11.05
1106 0.02494227107799466 11.06
1107 0.0249323111150029 11.07
1108 0.0249448277775518 11.08
1109 0.0249535331641714 11.09
1110 0.02495512758567062 11.1
1111 0.02494594890265305 11.11
1112 0.02490438310742868 11.12
1113 0.02487489059167984 11.13
1114 0.02485524453001473 11.14
1115 0.02484519076489487 11.15
1116 0.02484053615137385 11.16
1117 0.02483943888768159 11.17
1118 0.02481051497462114 11.18
1119 0.02480007778141998 11.19
1120 0.02479488782519704 11.2
1121 0.0247947128626093 11.21
1122 0.02479006159681588 11.22
1123 0.02478646702870857 11.23
1124 0.02478621989183156 11.24
1125 0.02479178161720403 11.25
1126 0.02477667424427793 11.26
1127 0.02474844733518708 11.27
1128 0.02471514915563169 11.28
1129 0.02467393534294857 11.29
1130 0.02463764989318007 11.3
1131 0.02460739067769531 11.31
1132 0.02458499725533039 11.32
1133 0.02457143656507174 11.33
1134 0.02456982776136444 11.34
1135 0.02457740357922997 11.35
1136 0.02457024497489317 11.36
1137 0.02455720351588311 11.37
1138 0.02454449224404626 11.38
1139 0.02451796411114431 11.39
1140 0.02449914273820574 11.4
1141 0.02449626688774138 11.41
1142 0.02449742956406054 11.42
1143 0.02453495496560548 11.43
1144 0.02456754371478823 11.44
1145 0.02455490535628291 11.45
1146 0.02454635494650895 11.46
1147 0.0245346232591726 11.47
1148 0.02449807754072058 11.48
1149 0.02447838438197352 11.49
1150 0.02447405762000939 11.5
1151 0.02446330917363953 11.51
1152 0.02444137523494309 11.52
1153 0.02441618783261078 11.53
1154 0.02439820961376507 11.54
1155 0.02439043068284963 11.55
1156 0.02440551839046196 11.56
1157 0.02440988812203771 11.57
1158 0.02439217582097585 11.58
1159 0.02437334570290572 11.59
1160 0.02436466900594729 11.6
1161 0.0243481129710989 11.61
1162 0.02431199056897875 11.62
1163 0.02426729512542066 11.63
1164 0.0242390509485201 11.64
1165 0.02422083527843513 11.65
1166 0.02420408740833939 11.66
1167 0.02417785663619542 11.67
1168 0.02415076558073042 11.68
1169 0.02412067194190515 11.69
1170 0.02409827885629995 11.7
1171 0.02406250495091659 11.71
1172 0.02402188889663951 11.72
1173 0.02400665684818135 11.73
1174 0.0239660326763903 11.74
1175 0.02391171227285377 11.75
1176 0.02387419149168098 11.76
1177 0.02384269601331497 11.77
1178 0.02381159027710505 11.78
1179 0.02380091165461011 11.79
1180 0.02377662204508054 11.8
1181 0.0237375220835809 11.81
1182 0.0236947714465959 11.82
1183 0.02363452407273581 11.83
1184 0.02359278053347299 11.84
1185 0.02354099563331376 11.85
1186 0.02349140305370305 11.86
1187 0.0234254334323307 11.87
1188 0.02337989438521568 11.88
1189 0.02332493827644128 11.89
1190 0.02329518502175412 11.9
1191 0.02326338271891999 11.91
1192 0.0232132180083578 11.92
1193 0.02317804464884203 11.93
1194 0.02313336543447483 11.94
1195 0.02307355938011289 11.95
1196 0.02303060992924045 11.96
1197 0.02296696880333436 11.97
1198 0.02293041665017529 11.98
1199 0.02291629948958144 11.99
1200 0.02288514356143245 12
1201 0.02287140689226377 12.01
1202 0.02285427064918298 12.02
1203 0.02282306338109679 12.03
1204 0.02280398248443664 12.04
1205 0.02276560512277841 12.05
1206 0.02272706343341269 12.06
1207 0.02269939701503916 12.07
1208 0.02267802808376518 12.08
1209 0.02264933828116374 12.09
1210 0.02264751101278797 12.1
1211 0.02262231349215584 12.11
1212 0.02258406067927784 12.12
1213 0.02255259382530298 12.13
1214 0.02254180889276606 12.14
1215 0.02254695135626024 12.15
1216 0.02253815206551045 12.16
1217 0.02255012258642066 12.17
1218 0.02255799593084139 12.18
1219 0.02256508644860351 12.19
1220 0.02257285846238856 12.2
1221 0.02260372527971824 12.21
1222 0.02261214810686465 12.22
1223 0.02262359734722965 12.23
1224 0.02263725081191744 12.24
1225 0.02265850452000394 12.25
1226 0.0226753686281489 12.26
1227 0.02269404639978455 12.27
1228 0.02272085233273578 12.28
1229 0.02274509524502194 12.29
1230 0.02275653140394767 12.3
1231 0.02279232470823673 12.31
1232 0.02283319799466576 12.32
1233 0.02287684248467647 12.33
1234 0.02291296103096837 12.34
1235 0.02292959317410181 12.35
1236 0.02294737418135097 12.36
1237 0.0229614211121885 12.37
1238 0.0229850280909086 12.38
1239 0.02300419681175941 12.39
1240 0.02303539737408267 12.4
1241 0.02307100874467171 12.41
1242 0.02307297556946464 12.42
1243 0.02309149317899802 12.43
1244 0.02310761600054882 12.44
1245 0.02312909467099608 12.45
1246 0.02316129245659087 12.46
1247 0.02318654923510954 12.47
1248 0.02324090845866527 12.48
1249 0.02324547555898812 12.49
1250 0.02327900116489227 12.5
1251 0.02328517875049178 12.51
1252 0.02327200573577954 12.52
1253 0.0232883129723989 12.53
1254 0.02325895181176285 12.54
1255 0.02321656246961884 12.55
1256 0.02316289207647421 12.56
1257 0.0231366075520855 12.57
1258 0.02311628909062218 12.58
1259 0.02309660681146257 12.59
1260 0.02311260028747879 12.6
1261 0.02312920206047654 12.61
1262 0.0231123553651725 12.62
1263 0.02309427590626243 12.63
1264 0.02308100064399549 12.64
1265 0.02307434482069067 12.65
1266 0.02306166943964902 12.66
1267 0.02305166611162268 12.67
1268 0.02303544779672159 12.68
1269 0.02301622724483154 12.69
1270 0.02293555715259266 12.7
1271 0.02285311390352034 12.71
1272 0.02281149634839062 12.72
1273 0.02280240724225231 12.73
1274 0.02281627666172327 12.74
1275 0.02282309417820025 12.75
1276 0.02280509889626732 12.76
1277 0.02277639210010157 12.77
1278 0.02277703463426149 12.78
1279 0.0227609072614809 12.79
1280 0.02275360097531339 12.8
1281 0.02275179151211165 12.81
1282 0.02275261451441299 12.82
1283 0.02272290013426635 12.83
1284 0.02272123179224902 12.84
1285 0.02269692475598772 12.85
1286 0.02270616396608061 12.86
1287 0.02270779308098312 12.87
1288 0.02270651872300926 12.88
1289 0.02266417449052803 12.89
1290 0.0226267771437639 12.9
1291 0.02262559499130159 12.91
1292 0.02261385656536365 12.92
1293 0.02260518661211379 12.93
1294 0.02258535853460154 12.94
1295 0.02257732487120886 12.95
1296 0.02252654449466502 12.96
1297 0.02244970700937042 12.97
1298 0.02240503578307298 12.98
1299 0.02238419958013678 12.99
1300 0.02235538233030021 13
1301 0.02234710151480455 13.01
1302 0.02230334550902043 13.02
1303 0.02228920492073817 13.03
1304 0.02226192510493707 13.04
1305 0.02222115323498106 13.05
1306 0.02212955290956498 13.06
1307 0.02206772216932379 13.07
1308 0.02201159744078118 13.08
1309 0.02201612659405423 13.09
1310 0.0219697790768918 13.1
1311 0.02185984319265813 13.11
1312 0.02179753455291709 13.12
1313 0.02180351617642947 13.13
1314 0.02178575391354782 13.14
1315 0.02178819198856993 13.15
1316 0.02178159627948022 13.16
1317 0.02179297220094842 13.17
1318 0.02175417378104207 13.18
1319 0.02173732884477853 13.19
1320 0.02172670136893447 13.2
1321 0.02168358170921741 13.21
1322 0.02162355563520136 13.22
1323 0.02158735538995669 13.23
1324 0.0215656271646719 13.24
1325 0.02151113315523483 13.25
1326 0.02147307079880756 13.26
1327 0.0214414571049493 13.27
1328 0.02140649003461587 13.28
1329 0.02140014047650095 13.29
1330 0.02137508871470015 13.3
1331 0.02135133924292488 13.31
1332 0.02132314134011257 13.32
1333 0.0213092298219381 13.33
1334 0.0212994617494555 13.34
1335 0.0212704607520786 13.35
1336 0.02124290191108835 13.36
1337 0.02121721895960507 13.37
1338 0.02118378875000408 13.38
1339 0.02117395069583065 13.39
1340 0.02116583615512598 13.4
1341 0.02113872734837839 13.41
1342 0.02111640802858635 13.42
1343 0.02108021250405522 13.43
1344 0.0210341051482559 13.44
1345 0.02100790276615482 13.45
1346 0.02096690846003294 13.46
1347 0.02094683596581828 13.47
1348 0.02090826861103641 13.48
1349 0.0208845392645206 13.49
1350 0.02085395761847812 13.5
1351 0.02089679936247771 13.51
1352 0.02089706905001304 13.52
1353 0.02088467004260064 13.53
1354 0.02085240431041606 13.54
1355 0.02085120747800763 13.55
1356 0.02083994516322808 13.56
1357 0.02083978009095676 13.57
1358 0.02082279687648451 13.58
1359 0.02080660012933485 13.59
1360 0.02077806431541548 13.6
1361 0.0207426932684802 13.61
1362 0.02072758862422341 13.62
1363 0.02072999695351792 13.63
1364 0.02073524297612831 13.64
1365 0.02073076753680614 13.65
1366 0.02069595584401993 13.66
1367 0.02066459660791969 13.67
1368 0.02068476977033736 13.68
1369 0.02067177753683434 13.69
1370 0.02067414044932029 13.7
1371 0.0206742027771685 13.71
1372 0.02066750593899807 13.72
1373 0.02063970007636095 13.73
1374 0.02059365133906195 13.74
1375 0.02050917515876616 13.75
1376 0.0204285723556621 13.76
1377 0.02044073071283726 13.77
1378 0.02042134348426608 13.78
1379 0.02040128492316084 13.79
1380 0.02041601994975307 13.8
1381 0.02041923551204679 13.81
1382 0.02042540995660706 13.82
1383 0.02039541529929089 13.83
1384 0.02035742273266841 13.84
1385 0.02031846262412174 13.85
1386 0.02027856661780632 13.86
1387 0.02022265431757398 13.87
1388 0.02017401170160471 13.88
1389 0.02017207276208382 13.89
1390 0.0201406293960616 13.9
1391 0.02012650399642773 13.91
1392 0.02009821842239614 13.92
1393 0.02008292870751497 13.93
1394 0.02003631175351041 13.94
1395 0.0199889899661427 13.95
1396 0.01994474795408558 13.96
1397 0.01998762152174222 13.97
1398 0.01993803040270164 13.98
1399 0.01996945182313826 13.99
1400 0.01994957991141465 14
1401 0.01987698613032799 14.01
1402 0.01981736101261132 14.02
1403 0.01981685478240511 14.03
1404 0.01980111831340237 14.04
1405 0.01983823705926767 14.05
1406 0.01994357785747091 14.06
1407 0.01997018392942621 14.07
1408 0.02000800522889867 14.08
1409 0.01999084573711475 14.09
1410 0.01995110193524238 14.1
1411 0.0199087994971961 14.11
1412 0.01993005610073827 14.12
1413 0.01995565135058982 14.13
1414 0.01995025582547294 14.14
1415 0.01995851758646998 14.15
1416 0.02001945854498454 14.16
1417 0.02004226550104759 14.17
1418 0.02002900480020236 14.18
1419 0.02006727177112292 14.19
1420 0.02014126678047358 14.2
1421 0.02016012893787275 14.21
1422 0.02020486892305711 14.22
1423 0.02026308174278907 14.23
1424 0.0203310603892005 14.24
1425 0.02038885178431918 14.25
1426 0.0204575242619265 14.26
1427 0.02050013648675712 14.27
1428 0.02051312180133767 14.28
1429 0.02054070978931586 14.29
1430 0.0205720731778556 14.3
1431 0.02062297085561287 14.31
1432 0.02065487295874965 14.32
1433 0.02067529946110713 14.33
1434 0.02070983788307178 14.34
1435 0.02079467607033528 14.35
1436 0.02083809922495611 14.36
1437 0.02086990010882994 14.37
1438 0.02091080179879294 14.38
1439 0.02089679252986652 14.39
1440 0.02084885730762716 14.4
1441 0.02085487034582692 14.41
1442 0.02095157529075678 14.42
1443 0.02094271970569575 14.43
1444 0.02100196292365657 14.44
1445 0.02108623088120811 14.45
1446 0.02111149281693524 14.46
1447 0.02113124588908335 14.47
1448 0.02111638948290276 14.48
1449 0.02110003360529961 14.49
1450 0.02108428138630571 14.5
1451 0.02108769430248189 14.51
1452 0.02108836603453973 14.52
1453 0.02114856319233237 14.53
1454 0.02119910369254937 14.54
1455 0.02120288085924286 14.55
1456 0.02122865408603368 14.56
1457 0.02118004663814493 14.57
1458 0.02118740056181483 14.58
1459 0.02120740299889904 14.59
1460 0.02121764275902729 14.6
1461 0.02121487713945891 14.61
1462 0.0212028468257482 14.62
1463 0.02121087846060437 14.63
1464 0.02120807848647885 14.64
1465 0.02121632535646934 14.65
1466 0.02120627847664169 14.66
1467 0.02123418265012207 14.67
1468 0.02126276822693746 14.68
1469 0.02128619352696777 14.69
1470 0.02129805937055829 14.7
1471 0.02130576707558259 14.71
1472 0.02135032716979144 14.72
1473 0.02138713664835324 14.73
1474 0.02139097064704401 14.74
1475 0.02138847974054428 14.75
1476 0.02138009555086126 14.76
1477 0.02139803131266221 14.77
1478 0.02142804035458286 14.78
1479 0.02148243558024993 14.79
1480 0.02148991167653603 14.8
1481 0.02149535699908763 14.81
1482 0.02149799660506825 14.82
1483 0.02149668678820255 14.83
1484 0.02147810110287561 14.84
1485 0.02148650576369379 14.85
1486 0.0215584797299389 14.86
1487 0.02165009995810419 14.87
1488 0.02170942766334821 14.88
1489 0.02177163269215491 14.89
1490 0.02181339977283635 14.9
1491 0.02182615181503227 14.91
1492 0.02185045431899114 14.92
1493 0.02186797275835644 14.93
1494 0.02188302046305939 14.94
1495 0.02187962099248902 14.95
1496 0.02191410866979306 14.96
1497 0.02191661374356271 14.97
1498 0.02194564594522359 14.98
1499 0.02196727939003933 14.99
1500 0.02196116490428667 15
1501 0.02197046343175604 15.01
1502 0.02200350544066525 15.02
1503 0.02205854924816728 15.03
1504 0.02209360372291188 15.04
1505 0.02209448550779001 15.05
1506 0.02213687070732756 15.06
1507 0.02216725411272132 15.07
1508 0.02216743490108757 15.08
1509 0.02216929837369585 15.09
1510 0.02217897409066713 15.1
1511 0.02219984995817204 15.11
1512 0.02220935918833914 15.12
1513 0.02221413042550116 15.13
1514 0.02220733290871784 15.14
1515 0.02217692647533507 15.15
1516 0.02214948393422872 15.16
1517 0.02213404939233023 15.17
1518 0.02210695068897062 15.18
1519 0.02210140340394327 15.19
1520 0.02207711154779575 15.2
1521 0.02204074007896448 15.21
1522 0.02201355432839311 15.22
1523 0.02202332015788483 15.23
1524 0.02201458999463897 15.24
1525 0.02201243145462689 15.25
1526 0.02198291107762191 15.26
1527 0.02200471842542943 15.27
1528 0.02198377179146311 15.28
1529 0.02198160351681465 15.29
1530 0.02187986709869558 15.3
1531 0.02190287955197344 15.31
1532 0.02187472047961381 15.32
1533 0.02180659232957678 15.33
1534 0.02180139847936962 15.34
1535 0.02174727928438111 15.35
1536 0.02168496191063767 15.36
1537 0.02162899184752473 15.37
1538 0.02161762637953946 15.38
1539 0.02157105796059949 15.39
1540 0.02159308674278792 15.4
1541 0.02169687546573553 15.41
1542 0.02177653260424355 15.42
1543 0.02179517748104967 15.43
1544 0.02178141105451339 15.44
1545 0.02179754064258975 15.45
1546 0.0218424876281264 15.46
1547 0.02188403930657371 15.47
1548 0.02188152600270858 15.48
1549 0.02184329887522711 15.49
1550 0.02183154911940351 15.5
1551 0.02177494168194834 15.51
1552 0.02173380915672536 15.52
1553 0.02183019317350771 15.53
1554 0.02188943116687936 15.54
1555 0.02196876881701351 15.55
1556 0.02203076689481015 15.56
1557 0.02205701656276706 15.57
1558 0.02210587621795814 15.58
1559 0.02217820896580383 15.59
1560 0.02221759590821294 15.6
1561 0.02229465177624383 15.61
1562 0.02231990749382156 15.62
1563 0.02233209452956223 15.63
1564 0.02240365481341922 15.64
1565 0.02245703619483072 15.65
1566 0.02250083587317745 15.66
1567 0.02258588347786982 15.67
1568 0.0226328411605411 15.68
1569 0.02273639944149343 15.69
1570 0.02287870403731605 15.7
1571 0.02300469616544547 15.71
1572 0.02308151967249621 15.72
1573 0.0231450885572273 15.73
1574 0.02322014414047235 15.74
1575 0.02326335483201692 15.75
1576 0.02328467329396859 15.76
1577 0.02341307425831842 15.77
1578 0.02349327888630458 15.78
1579 0.02361709243853677 15.79
1580 0.02374268784393949 15.8
1581 0.02383981031399431 15.81
1582 0.02388758052228811 15.82
1583 0.02394928363396783 15.83
1584 0.0240391634129818 15.84
1585 0.02413279681737526 15.85
1586 0.02414873550162529 15.86
1587 0.02419241458109907 15.87
1588 0.02425263969924881 15.88
1589 0.024343110033798 15.89
1590 0.02439926016521858 15.9
1591 0.02443496828608595 15.91
1592 0.02447915611459648 15.92
1593 0.024507393771161 15.93
1594 0.02455796554134123 15.94
1595 0.02455693119045499 15.95
1596 0.0245680561322652 15.96
1597 0.02453706204635402 15.97
1598 0.02451765417035736 15.98
1599 0.0245332948076048 15.99
1600 0.02454779547954504 16
1601 0.0245266126523861 16.01
1602 0.02445681779588442 16.02
1603 0.02449303389180648 16.03
1604 0.02452490575671551 16.04
1605 0.02442330983852637 16.05
1606 0.02439535461529854 16.06
1607 0.0243494845628004 16.07
1608 0.02432788643339773 16.08
1609 0.02438243896851366 16.09
1610 0.02437093496101523 16.1
1611 0.02434315883088359 16.11
1612 0.0242661255703979 16.12
1613 0.02418717716465601 16.13
1614 0.02414687041573664 16.14
1615 0.02411753489692851 16.15
1616 0.02404457100441957 16.16
1617 0.02403335927821858 16.17
1618 0.02400280734207516 16.18
1619 0.02397050932002396 16.19
1620 0.02400841063022426 16.2
1621 0.02402825148134818 16.21
1622 0.02395258701394382 16.22
1623 0.02384322647558996 16.23
1624 0.02373441258335268 16.24
1625 0.02366920380813993 16.25
1626 0.02357131995333114 16.26
1627 0.02350045649867421 16.27
1628 0.02349567169088669 16.28
1629 0.02348053569756216 16.29
1630 0.02348166535573015 16.3
1631 0.0233984631951554 16.31
1632 0.02333999272586983 16.32
1633 0.02323382693911212 16.33
1634 0.02315226480907401 16.34
1635 0.02310617031072981 16.35
1636 0.02298636193131735 16.36
1637 0.02288408447617198 16.37
1638 0.02282020176923314 16.38
1639 0.02275836678895993 16.39
1640 0.02265506248629995 16.4
1641 0.02257939111336005 16.41
1642 0.0225255637523661 16.42
1643 0.0224903699863112 16.43
1644 0.02244458749773382 16.44
1645 0.02236728702204961 16.45
1646 0.02234131854933603 16.46
1647 0.02228919720368904 16.47
1648 0.02220409284981888 16.48
1649 0.02215616222577954 16.49
1650 0.02213264773617707 16.5
1651 0.02208675130723693 16.51
1652 0.02204800704266402 16.52
1653 0.02201601836727236 16.53
1654 0.02192735768223423 16.54
1655 0.02182593973950937 16.55
1656 0.02176142491597378 16.56
1657 0.02171906803708893 16.57
1658 0.02166022674290497 16.58
1659 0.02163511749365681 16.59
1660 0.02159585015413582 16.6
1661 0.02157599986467417 16.61
1662 0.0215556468869082 16.62
1663 0.02152867553181563 16.63
1664 0.02152482567245601 16.64
1665 0.02154852359701591 16.65
1666 0.02157602039442201 16.66
1667 0.02158987086867092 16.67
1668 0.02161773843421579 16.68
1669 0.02163869290216994 16.69
1670 0.02169039394183931 16.7
1671 0.02171825888496863 16.71
1672 0.02176128735391339 16.72
1673 0.02174625419021127 16.73
1674 0.02173111075856824 16.74
1675 0.02173584564834069 16.75
1676 0.02179079278779953 16.76
1677 0.02187123792497076 16.77
1678 0.02193433764750255 16.78
1679 0.02198446606809907 16.79
1680 0.0220398509214068 16.8
1681 0.0221021462173545 16.81
1682 0.02219729369615537 16.82
1683 0.02228134913567734 16.83
1684 0.02236301849396055 16.84
1685 0.02239715789450708 16.85
1686 0.02243575514699546 16.86
1687 0.02251968917601746 16.87
1688 0.02256121731649052 16.88
1689 0.02265888838450228 16.89
1690 0.02277843052767169 16.9
1691 0.02287617528766035 16.91
1692 0.0229554151447923 16.92
1693 0.02302617150338644 16.93
1694 0.02308694573711086 16.94
1695 0.02312460346437266 16.95
1696 0.02319553481611865 16.96
1697 0.02319198308473689 16.97
1698 0.02316015460175036 16.98
1699 0.02315806028820393 16.99
1700 0.02315903317147066 17
1701 0.02318530395718193 17.01
1702 0.02316833022181166 17.02
1703 0.02315534119854035 17.03
1704 0.02315124451400597 17.04
1705 0.02317524725360302 17.05
1706 0.02324165072775158 17.06
1707 0.0232416076748319 17.07
1708 0.0232603136282516 17.08
1709 0.02322719776911396 17.09
1710 0.02315384061411188 17.1
1711 0.02312581899574222 17.11
1712 0.0230812988752966 17.12
1713 0.02296945991550834 17.13
1714 0.02293436364952508 17.14
1715 0.02287751868128447 17.15
1716 0.02281606291560628 17.16
1717 0.0227627098739743 17.17
1718 0.02268946662602141 17.18
1719 0.02267967541945863 17.19
1720 0.02271911879330523 17.2
1721 0.02274933427120586 17.21
1722 0.02275637351951521 17.22
1723 0.02273819939510905 17.23
1724 0.02277214932458732 17.24
1725 0.02274438614680031 17.25
1726 0.02267407049812273 17.26
1727 0.0226198873403251 17.27
1728 0.02263435355761248 17.28
1729 0.02258633278796714 17.29
1730 0.02255517877755254 17.3
1731 0.02251705066705065 17.31
1732 0.02249945057913925 17.32
1733 0.02257544086209155 17.33
1734 0.02264709555338169 17.34
1735 0.0227239769816252 17.35
1736 0.02279125798930726 17.36
1737 0.02279696950588963 17.37
1738 0.02283677361968043 17.38
1739 0.02280244174161622 17.39
1740 0.02272626169158731 17.4
1741 0.0227334080351963 17.41
1742 0.02274003605749569 17.42
1743 0.02279357569316736 17.43
1744 0.02282527825183511 17.44
1745 0.02285078200588329 17.45
1746 0.02291050459519805 17.46
1747 0.02298823477112552 17.47
1748 0.02302160631356841 17.48
1749 0.02304759204393447 17.49
1750 0.0231373689934065 17.5
1751 0.02326162209413712 17.51
1752 0.02329418317129284 17.52
1753 0.02335508543583428 17.53
1754 0.02340352250890215 17.54
1755 0.02346030263644525 17.55
1756 0.0234762317613642 17.56
1757 0.02352855304080946 17.57
1758 0.02355915065667697 17.58
1759 0.02360513697068141 17.59
1760 0.02365635689831907 17.6
1761 0.02373108296073895 17.61
1762 0.02380915367929016 17.62
1763 0.02389843879019792 17.63
1764 0.02398033178911152 17.64
1765 0.02406302537972303 17.65
1766 0.02418719634961965 17.66
1767 0.02412343043605 17.67
1768 0.02410055483478156 17.68
1769 0.0240919524202202 17.69
1770 0.02417751993428641 17.7
1771 0.02424435420826872 17.71
1772 0.02433986179891366 17.72
1773 0.02434143568677307 17.73
1774 0.02433131399278482 17.74
1775 0.02436909932213086 17.75
1776 0.02439893167354503 17.76
1777 0.02438894233502232 17.77
1778 0.02437663093353703 17.78
1779 0.02430140773890416 17.79
1780 0.02426537428059135 17.8
1781 0.02414794850869628 17.81
1782 0.02412968134101604 17.82
1783 0.02407931539496654 17.83
1784 0.02404090733423539 17.84
1785 0.02402409886091594 17.85
1786 0.02402504385181661 17.86
1787 0.02404132921110989 17.87
1788 0.02405985923561686 17.88
1789 0.02398215351539427 17.89
1790 0.02387005838148492 17.9
1791 0.02378287798608942 17.91
1792 0.02365822925202292 17.92
1793 0.02356311448876458 17.93
1794 0.02353119709769851 17.94
1795 0.02355041441153072 17.95
1796 0.02352907954457221 17.96
1797 0.0235138219954939 17.97
1798 0.02346726965153422 17.98
1799 0.02343948425634498 17.99
1800 0.02339397534149911 18
1801 0.02338014773836272 18.01
1802 0.02336346630470349 18.02
1803 0.02331093372227791 18.03
1804 0.02326049517920474 18.04
1805 0.02314526276518444 18.05
1806 0.02308302275442673 18.06
1807 0.02305828207750448 18.07
1808 0.02306311070716023 18.08
1809 0.02307534089264279 18.09
1810 0.0230835092637198 18.1
1811 0.02305998250638532 18.11
1812 0.02302638585233042 18.12
1813 0.02306593190659824 18.13
1814 0.02307578483501907 18.14
1815 0.02306125707997706 18.15
1816 0.02306750916869683 18.16
1817 0.0230577821537176 18.17
1818 0.02302565086042598 18.18
1819 0.02303610672526924 18.19
1820 0.02304457260796319 18.2
1821 0.02302044774909134 18.21
1822 0.02303160132635393 18.22
1823 0.02308593224268969 18.23
1824 0.0231370542262902 18.24
1825 0.02318141239303147 18.25
1826 0.02318891981194297 18.26
1827 0.02320244088332628 18.27
1828 0.02321501950837642 18.28
1829 0.02325771049534806 18.29
1830 0.02328281131326593 18.3
1831 0.02331204729964987 18.31
1832 0.02332579202968071 18.32
1833 0.02334378379235906 18.33
1834 0.02334600944995158 18.34
1835 0.02335648755790888 18.35
1836 0.0233677487670192 18.36
1837 0.02337579187450451 18.37
1838 0.02342416562753282 18.38
1839 0.02346927226203384 18.39
1840 0.02349758225171086 18.4
1841 0.02352337596245282 18.41
1842 0.02352595864582629 18.42
1843 0.02355588608890596 18.43
1844 0.0236061361223499 18.44
1845 0.02364816870069729 18.45
1846 0.02362242685841619 18.46
1847 0.02362968223102955 18.47
1848 0.02363756661823531 18.48
1849 0.02364799964160371 18.49
1850 0.02367501500659267 18.5
1851 0.02372325575895105 18.51
1852 0.02372383119014542 18.52
1853 0.02372057179402689 18.53
1854 0.02371543225363269 18.54
1855 0.0237090236860832 18.55
1856 0.02370301588438001 18.56
1857 0.0236936647971452 18.57
1858 0.02370560937526542 18.58
1859 0.02372187412849683 18.59
1860 0.02373627383347805 18.6
1861 0.02375643421383851 18.61
1862 0.02378513050778318 18.62
1863 0.02380499653231733 18.63
1864 0.02383999691267158 18.64
1865 0.02385323506342915 18.65
1866 0.02383631326691838 18.66
1867 0.0238486982478625 18.67
1868 0.02383461183419178 18.68
1869 0.02383292824063854 18.69
1870 0.02382103897775513 18.7
1871 0.02380435900456705 18.71
1872 0.02379263301369327 18.72
1873 0.02380130083348742 18.73
1874 0.02382774180301204 18.74
1875 0.02383805520725986 18.75
1876 0.02385226225442848 18.76
1877 0.02386521072449242 18.77
1878 0.02387547356230951 18.78
1879 0.02389685683789965 18.79
1880 0.02392008026233619 18.8
1881 0.0239564629660472 18.81
1882 0.02400142763211251 18.82
1883 0.02400614418602123 18.83
1884 0.02401711507271567 18.84
1885 0.02403861247247554 18.85
1886 0.0240378451946082 18.86
1887 0.02399635538731234 18.87
1888 0.02397767547294632 18.88
1889 0.0239766230055251 18.89
1890 0.02398977310628352 18.9
1891 0.02401129167713163 18.91
1892 0.02403903600018209 18.92
1893 0.02407093167462619 18.93
1894 0.02410159031890872 18.94
1895 0.0241315212073661 18.95
1896 0.02416925554169888 18.96
1897 0.02418736633776948 18.97
1898 0.02420136031335973 18.98
1899 0.02422692019425454 18.99
1900 0.02425409506557678 19
1901 0.0242825908493853 19.01
1902 0.02428292982097581 19.02
1903 0.02428386047894085 19.03
1904 0.02429170654536853 19.04
1905 0.02429780812490576 19.05
1906 0.02430903925069633 19.06
1907 0.02432177569275826 19.07
1908 0.0243333508102376 19.08
1909 0.02435341595208719 19.09
1910 0.02437401981862764 19.1
1911 0.02439282371106059 19.11
1912 0.02441137677898087 19.12
1913 0.02442997381230564 19.13
1914 0.02445947393330249 19.14
1915 0.024465882834361 19.15
1916 0.024485998125002 19.16
1917 0.02449544080986334 19.17
1918 0.02450347805252428 19.18
1919 0.02451343577312895 19.19
1920 0.02451148096930519 19.2
1921 0.02451239920703973 19.21
1922 0.02450491205326704 19.22
1923 0.02450974864791674 19.23
1924 0.02451631096174112 19.24
1925 0.0245241109121189 19.25
1926 0.02453016106810761 19.26
1927 0.024552704921258 19.27
1928 0.02454340137996639 19.28
1929 0.02450749770406214 19.29
1930 0.02449450807207174 19.3
1931 0.02448592490093542 19.31
1932 0.02445929258547203 19.32
1933 0.02443673163440251 19.33
1934 0.02442022031191267 19.34
1935 0.02440198966518324 19.35
1936 0.02439543707286583 19.36
1937 0.02438622800232724 19.37
1938 0.02437167541746282 19.38
1939 0.02435074442707679 19.39
1940 0.02432319255631098 19.4
1941 0.02430961324029328 19.41
1942 0.02429252207928258 19.42
1943 0.02427234538923188 19.43
1944 0.02425601061640465 19.44
1945 0.02423263169496838 19.45
1946 0.02420456451455263 19.46
1947 0.02417287837540871 19.47
1948 0.0241299570413487 19.48
1949 0.02408238954867344 19.49
1950 0.02405212750133929 19.5
1951 0.02402800762739896 19.51
1952 0.02399945427009125 19.52
1953 0.02397453628323419 19.53
1954 0.02394205739189244 19.54
1955 0.02391344333451887 19.55
1956 0.0238959274268656 19.56
1957 0.02385470189048729 19.57
1958 0.02383344012015371 19.58
1959 0.0238165625145146 19.59
1960 0.02378696702191165 19.6
1961 0.02375202389831784 19.61
1962 0.02371338822391606 19.62
1963 0.02368754266867161 19.63
1964 0.02367185184743209 19.64
1965 0.02365244733747672 19.65
1966 0.02364209215834451 19.66
1967 0.02362733244487672 19.67
1968 0.02360858209189879 19.68
1969 0.02359191221410281 19.69
1970 0.02357387882623004 19.7
1971 0.02356309162467854 19.71
1972 0.02354881051829926 19.72
1973 0.02352882904732793 19.73
1974 0.0235229430160786 19.74
1975 0.02351579446908594 19.75
1976 0.02350170840695216 19.76
1977 0.02348404602171978 19.77
1978 0.02346292711168965 19.78
1979 0.02345185731670005 19.79
1980 0.02344867226276117 19.8
1981 0.02344225235185467 19.81
1982 0.02341654844198293 19.82
1983 0.02340198614311362 19.83
1984 0.02338841031716033 19.84
1985 0.02337966524524782 19.85
1986 0.02337371586169613 19.86
1987 0.02336282263547184 19.87
1988 0.02334542473023513 19.88
1989 0.02333801135876848 19.89
1990 0.02332537645039517 19.9
1991 0.02331579143900869 19.91
1992 0.02329666711230209 19.92
1993 0.02327821690965381 19.93
1994 0.02325884319429796 19.94
1995 0.0232449909159157 19.95
1996 0.02322018840914316 19.96
1997 0.02320161538322541 19.97
1998 0.02318608580407175 19.98
1999 0.02317740799774768 19.99
2000 0.0231578021431032 20
2001 0.02313526965515584 20.01
2002 0.02312981417459607 20.02
2003 0.02310733503855327 20.03
2004 0.02308761319508384 20.04
2005 0.02306455643248929 20.05
2006 0.02304217247611441 20.06
2007 0.02302019959473549 20.07
2008 0.02299283300911235 20.08
2009 0.022980170473705 20.09
2010 0.02293888600977745 20.1
2011 0.02290952585424068 20.11
2012 0.02288409288660118 20.12
2013 0.02285443135893723 20.13
2014 0.02283961629129243 20.14
2015 0.02281360216667567 20.15
2016 0.02279567919012881 20.16
2017 0.02277185961941685 20.17
2018 0.02275128906403012 20.18
2019 0.02272593635407585 20.19
2020 0.02270539082293145 20.2
2021 0.02270609014403836 20.21
2022 0.02268803927038732 20.22
2023 0.02266801503466217 20.23
2024 0.02263851633115313 20.24
2025 0.02261808558771685 20.25
2026 0.02259123642052134 20.26
2027 0.02257210751887402 20.27
2028 0.02253802607332489 20.28
2029 0.02251380764941828 20.29
2030 0.02250048665942344 20.3
2031 0.02247466596118887 20.31
2032 0.02245512754582943 20.32
2033 0.02245039627661943 20.33
2034 0.02243418010063964 20.34
2035 0.02241184640928734 20.35
2036 0.02239343773637885 20.36
2037 0.02237284799915158 20.37
2038 0.02235836452036596 20.38
2039 0.02234798412465304 20.39
2040 0.02232973766582666 20.4
2041 0.02231620212976362 20.41
2042 0.02230232000820971 20.42
2043 0.02229461153561525 20.43
2044 0.02228854707474421 20.44
2045 0.02228517507329257 20.45
2046 0.02229317751627599 20.46
2047 0.02229706651567673 20.47
2048 0.02229500480722841 20.48
2049 0.02228567262605892 20.49
2050 0.02227985806268553 20.5
2051 0.02227780113575824 20.51
2052 0.02228051077864536 20.52
2053 0.02228188265367234 20.53
2054 0.02228816045108973 20.54
2055 0.02230411199941463 20.55
2056 0.0223060419829985 20.56
2057 0.02230660699168997 20.57
2058 0.02231419583677362 20.58
2059 0.02232247051340345 20.59
2060 0.02233262866908909 20.6
2061 0.02234172308317126 20.61
2062 0.02236009154792106 20.62
2063 0.02237611136046903 20.63
2064 0.02238923790542915 20.64
2065 0.02240324816717138 20.65
2066 0.02241708427498199 20.66
2067 0.02243647299244353 20.67
2068 0.02244873795707852 20.68
2069 0.02246535128674598 20.69
2070 0.02247660924214672 20.7
2071 0.02248666840954256 20.71
2072 0.02249655595195322 20.72
2073 0.0225219655716545 20.73
2074 0.02253460031974002 20.74
2075 0.02254278504364124 20.75
2076 0.02254915769782283 20.76
2077 0.02256290094154296 20.77
2078 0.02258817026896827 20.78
2079 0.02260426491934272 20.79
2080 0.02262362868696343 20.8
2081 0.02263902198767325 20.81
2082 0.02266647429728535 20.82
2083 0.02267365502126584 20.83
2084 0.02270066011421969 20.84
2085 0.02272927579084066 20.85
2086 0.02274377145127069 20.86
2087 0.02274587523388383 20.87
2088 0.02274922678903796 20.88
2089 0.02274929801719863 20.89
2090 0.0227623155310703 20.9
2091 0.02277218074458381 20.91
2092 0.02279744944699986 20.92
2093 0.02281636147532282 20.93
2094 0.02282969069754052 20.94
2095 0.02283777734734881 20.95
2096 0.02284395949420256 20.96
2097 0.02285106277746197 20.97
2098 0.02284754865183928 20.98
2099 0.02285921243397986 20.99
2100 0.0228694892191223 21
2101 0.02287412287510121 21.01
2102 0.02287374580575347 21.02
2103 0.02289286635086865 21.03
2104 0.02290948541889325 21.04
2105 0.02288573144921976 21.05
2106 0.02288935178024196 21.06
2107 0.02290233449003416 21.07
2108 0.02290701180823138 21.08
2109 0.02291200217781895 21.09
2110 0.0229276619189145 21.1
2111 0.02292996262510992 21.11
2112 0.02292416156540312 21.12
2113 0.02291995452885549 21.13
2114 0.02292552675997386 21.14
2115 0.02294392603440478 21.15
2116 0.0229686997929982 21.16
2117 0.0229752719028121 21.17
2118 0.02298713036046486 21.18
2119 0.02296631467699798 21.19
2120 0.02295242913010601 21.2
2121 0.02293786452150363 21.21
2122 0.02294060561200527 21.22
2123 0.02298301084240897 21.23
2124 0.02298649614261787 21.24
2125 0.02297602796828544 21.25
2126 0.02297560834460174 21.26
2127 0.02298612588954345 21.27
2128 0.02300558873428415 21.28
2129 0.02301866810843209 21.29
2130 0.02302894714250639 21.3
2131 0.02304186005128511 21.31
2132 0.02304856515959907 21.32
2133 0.02303804280881305 21.33
2134 0.02303556349543373 21.34
2135 0.023060307225282 21.35
2136 0.0230905562487775 21.36
2137 0.02310129420759761 21.37
2138 0.02310319825478456 21.38
2139 0.02312705171191551 21.39
2140 0.02315456634116837 21.4
2141 0.02317261424260406 21.41
2142 0.02315775922400544 21.42
2143 0.0231656514310042 21.43
2144 0.02316487316389516 21.44
2145 0.02321629960755096 21.45
2146 0.02324787378488402 21.46
2147 0.02328103565862136 21.47
2148 0.02328159117503327 21.48
2149 0.02326840496431612 21.49
2150 0.02329467648289667 21.5
2151 0.02333769634391828 21.51
2152 0.02339233264798677 21.52
2153 0.02340492397570908 21.53
2154 0.02340964034916207 21.54
2155 0.02342304390481245 21.55
2156 0.02342827989024453 21.56
2157 0.02342415955709308 21.57
2158 0.02343329740031853 21.58
2159 0.02344710976399019 21.59
2160 0.02343635004541285 21.6
2161 0.02342590160277336 21.61
2162 0.02340715640785253 21.62
2163 0.02340068777663124 21.63
2164 0.02347110761648414 21.64
2165 0.02347904512015908 21.65
2166 0.02349554092398097 21.66
2167 0.02351283761416349 21.67
2168 0.02354400311250548 21.68
2169 0.02355738101290097 21.69
2170 0.02352805910431858 21.7
2171 0.02353741402875255 21.71
2172 0.02351142745918581 21.72
2173 0.02352443879464291 21.73
2174 0.02354862736085201 21.74
2175 0.02353459120922157 21.75
2176 0.02353094690257963 21.76
2177 0.02355298228588914 21.77
2178 0.02353908750906964 21.78
2179 0.0235400309655906 21.79
2180 0.02353774694831389 21.8
2181 0.02353871077921713 21.81
2182 0.02353472434593408 21.82
2183 0.02354545926009436 21.83
2184 0.02354929464415436 21.84
2185 0.02355939361185764 21.85
2186 0.02355960505007179 21.86
2187 0.02356543161194927 21.87
2188 0.02360087058095987 21.88
2189 0.02361367827404437 21.89
2190 0.02362937365211348 21.9
2191 0.02366083732649886 21.91
2192 0.023665231181623 21.92
2193 0.02364434491662704 21.93
2194 0.02367707314497623 21.94
2195 0.02370305326277427 21.95
2196 0.02373197635402689 21.96
2197 0.0237512497736149 21.97
2198 0.02376916411335321 21.98
2199 0.02379012083007949 21.99
2200 0.02380268738434423 22
2201 0.02384996545956996 22.01
2202 0.0238719142494581 22.02
2203 0.02389303110335002 22.03
2204 0.02391323676432549 22.04
2205 0.02393309800799614 22.05
2206 0.02395631192559091 22.06
2207 0.02396785323426174 22.07
2208 0.02403518559930152 22.08
2209 0.0240699837521008 22.09
2210 0.02412054951366768 22.1
2211 0.02412883141310409 22.11
2212 0.02414633947094247 22.12
2213 0.02416840934815091 22.13
2214 0.02415879699888282 22.14
2215 0.02418384015718507 22.15
2216 0.02423454294980613 22.16
2217 0.02422827536751233 22.17
2218 0.02424032058435664 22.18
2219 0.02425464049101243 22.19
2220 0.02425119462798916 22.2
2221 0.02426186780326597 22.21
2222 0.02424823488088162 22.22
2223 0.02423467525355986 22.23
2224 0.0242330244865375 22.24
2225 0.024222707873293 22.25
2226 0.02417989510453793 22.26
2227 0.02414433656540849 22.27
2228 0.02416390858561309 22.28
2229 0.0241781319068558 22.29
2230 0.02418886929329534 22.3
2231 0.02419015600116625 22.31
2232 0.02418062836164353 22.32
2233 0.02418221540758779 22.33
2234 0.02417598788975586 22.34
2235 0.02413023274230832 22.35
2236 0.02411868183578844 22.36
2237 0.02410150315833157 22.37
2238 0.02407880053920461 22.38
2239 0.02406100161626409 22.39
2240 0.02405843608266112 22.4
2241 0.02404993046775328 22.41
2242 0.02404912769439718 22.42
2243 0.024076831813702 22.43
2244 0.02410016641990688 22.44
2245 0.02411685255268166 22.45
2246 0.02411948683402761 22.46
2247 0.02412040939121353 22.47
2248 0.02413634664705675 22.48
2249 0.02412708400003051 22.49
2250 0.02409339272126445 22.5
2251 0.02408161591582323 22.51
2252 0.02406469314567625 22.52
2253 0.02405689117021236 22.53
2254 0.024057186107164 22.54
2255 0.02406089357306678 22.55
2256 0.02407910072691968 22.56
2257 0.02409209984033075 22.57
2258 0.02411957293373063 22.58
2259 0.02413680614186612 22.59
2260 0.02414549628789015 22.6
2261 0.0241520353161553 22.61
2262 0.02415755063597961 22.62
2263 0.02414940786303051 22.63
2264 0.02412191703957251 22.64
2265 0.02409974679204361 22.65
2266 0.02408426546483122 22.66
2267 0.02407691868796397 22.67
2268 0.02406721378916554 22.68
2269 0.02405733079195104 22.69
2270 0.02405405660166633 22.7
2271 0.02405482244381336 22.71
2272 0.0240532173965315 22.72
2273 0.02405295584743841 22.73
2274 0.02403120517016489 22.74
2275 0.02400478077064757 22.75
2276 0.02397969156365856 22.76
2277 0.02396696007942125 22.77
2278 0.02395599874412413 22.78
2279 0.02393941766999133 22.79
2280 0.02391755700548383 22.8
2281 0.02390440539829454 22.81
2282 0.02389598636784972 22.82
2283 0.02386409702115896 22.83
2284 0.02383425450484899 22.84
2285 0.02380512796781568 22.85
2286 0.02379009648646619 22.86
2287 0.02379746291287702 22.87
2288 0.02379908291948728 22.88
2289 0.02378638086256053 22.89
2290 0.02376737482221239 22.9
2291 0.02373659047284098 22.91
2292 0.02371363548410392 22.92
2293 0.02369974203475568 22.93
2294 0.02366263379070226 22.94
2295 0.02364867256877851 22.95
2296 0.02363119822693407 22.96
2297 0.02361623097536697 22.97
2298 0.02361016741752342 22.98
2299 0.02360507123493287 22.99
2300 0.02357402063058989 23
2301 0.02355334091225221 23.01
2302 0.02353914813234023 23.02
2303 0.02355273290406844 23.03
2304 0.02353543699123877 23.04
2305 0.02352069301660626 23.05
2306 0.02350604093855629 23.06
2307 0.02350320121649571 23.07
2308 0.02349886250720127 23.08
2309 0.02349420663344662 23.09
2310 0.02348870012025144 23.1
2311 0.02348158627043773 23.11
2312 0.02347502594559191 23.12
2313 0.02347366164761296 23.13
2314 0.02346377826126913 23.14
2315 0.02345706724040822 23.15
2316 0.0234481605453274 23.16
2317 0.02343914636598713 23.17
2318 0.02342128351342871 23.18
2319 0.02340788930915308 23.19
2320 0.02339501463270134 23.2
2321 0.02338738850126801 23.21
2322 0.02337545428628972 23.22
2323 0.02336602586659939 23.23
2324 0.02335307373486533 23.24
2325 0.02334061140986939 23.25
2326 0.02333068238385818 23.26
2327 0.02331443957917211 23.27
2328 0.02330249453107793 23.28
2329 0.02330388580707507 23.29
2330 0.02329899801757595 23.3
2331 0.02329147706774795 23.31
2332 0.02327101394343779 23.32
2333 0.02326268136532692 23.33
2334 0.02325384813103356 23.34
2335 0.02325359143104862 23.35
2336 0.02324439034614792 23.36
2337 0.02324064778575599 23.37
2338 0.02322662065082196 23.38
2339 0.02321159530283383 23.39
2340 0.02319441733065227 23.4
2341 0.02318060488426694 23.41
2342 0.02316350647582367 23.42
2343 0.02315544730341605 23.43
2344 0.02315618927453512 23.44
2345 0.02315664515603339 23.45
2346 0.02315557114251594 23.46
2347 0.02315715504523568 23.47
2348 0.02315660964328253 23.48
2349 0.0231456108396689 23.49
2350 0.02313178717188711 23.5
2351 0.02311981013221813 23.51
2352 0.02310864734179302 23.52
2353 0.02310103648182864 23.53
2354 0.02309600206386738 23.54
2355 0.02309594237735105 23.55
2356 0.0230873764669673 23.56
2357 0.02308350022079926 23.57
2358 0.02307179096364491 23.58
2359 0.02306286559352983 23.59
2360 0.02305968596060462 23.6
2361 0.02306693519757061 23.61
2362 0.0230722358480125 23.62
2363 0.02307694420706948 23.63
2364 0.02308143872337672 23.64
2365 0.02308817457803368 23.65
2366 0.02309814195909931 23.66
2367 0.02310630760997774 23.67
2368 0.02311569725864894 23.68
2369 0.02312290303071035 23.69
2370 0.02313214147245108 23.7
2371 0.02313544195515564 23.71
2372 0.02313707420922799 23.72
2373 0.02314066014165655 23.73
2374 0.02314077894261991 23.74
2375 0.02314458642726808 23.75
2376 0.02315276467532232 23.76
2377 0.02316435713158473 23.77
2378 0.02318220226000843 23.78
2379 0.02320170069754461 23.79
2380 0.0232066458344754 23.8
2381 0.02322391152622675 23.81
2382 0.02324165232229973 23.82
2383 0.02325628654707546 23.83
2384 0.02326795390540947 23.84
2385 0.02329150122926862 23.85
2386 0.02330765646530678 23.86
2387 0.02333254911860867 23.87
2388 0.02334244063423919 23.88
2389 0.02336347177376094 23.89
2390 0.02338294806537818 23.9
2391 0.02339603726743625 23.91
2392 0.02340822182479027 23.92
2393 0.0234207197731732 23.93
2394 0.02343122412464521 23.94
2395 0.02344824903249087 23.95
2396 0.02346431810331964 23.96
2397 0.02347689240477988 23.97
2398 0.0234941665692824 23.98
2399 0.02351441060043103 23.99
2400 0.02352150748575849 24
2401 0.02353303717701908 24.01
2402 0.02355359398633181 24.02
2403 0.02356361481955924 24.03
2404 0.02356238402546626 24.04
2405 0.0235698091725975 24.05
2406 0.02356248530874623 24.06
2407 0.02358236680251389 24.07
2408 0.02357712970686364 24.08
2409 0.02358415364853111 24.09
2410 0.02360037545296327 24.1
2411 0.0235995744899734 24.11
2412 0.02360535665193261 24.12
2413 0.02361407033976608 24.13
2414 0.02362261735587325 24.14
2415 0.02360847954820939 24.15
2416 0.02361069267369325 24.16
2417 0.02360628160129067 24.17
2418 0.0235979989030904 24.18
2419 0.02359373352129141 24.19
2420 0.02358450405210428 24.2
2421 0.02358275855987829 24.21
2422 0.02357875859296269 24.22
2423 0.02358518276501241 24.23
2424 0.02358664465707913 24.24
2425 0.02358090419320363 24.25
2426 0.02358307825587881 24.26
2427 0.02357945574048711 24.27
2428 0.0235807526659874 24.28
2429 0.02357830533112395 24.29
2430 0.02355385521995383 24.3
2431 0.02353997965577707 24.31
2432 0.02354343764271584 24.32
2433 0.02355484690439145 24.33
2434 0.02355075399532569 24.34
2435 0.0235661385726976 24.35
2436 0.02357506153669852 24.36
2437 0.02358129567849872 24.37
2438 0.02357692152433293 24.38
2439 0.02356998246976904 24.39
2440 0.0235590697077868 24.4
2441 0.02354675410228325 24.41
2442 0.02354294861095388 24.42
2443 0.02353876284982745 24.43
2444 0.0235594879748381 24.44
2445 0.02355901294571727 24.45
2446 0.02354824463145078 24.46
2447 0.02354226374485465 24.47
2448 0.02353843262747438 24.48
2449 0.02354172045292694 24.49
2450 0.02354033545767275 24.5
2451 0.02353358237433409 24.51
2452 0.02354741700488392 24.52
2453 0.0235563372546835 24.53
2454 0.02355158961199709 24.54
2455 0.02354523601392984 24.55
2456 0.02353457880456704 24.56
2457 0.0235434018066877 24.57
2458 0.02354856058397139 24.58
2459 0.02355537660618071 24.59
2460 0.02354749541363363 24.6
2461 0.02354443818895967 24.61
2462 0.02353964370066215 24.62
2463 0.02353198050533704 24.63
2464 0.02352876210889456 24.64
2465 0.02352724143448043 24.65
2466 0.02350625616890913 24.66
2467 0.02347849235035163 24.67
2468 0.02346820851722192 24.68
2469 0.02345995879071158 24.69
2470 0.02346145162221921 24.7
2471 0.02343994492212211 24.71
2472 0.02341658657436719 24.72
2473 0.02339454387750896 24.73
2474 0.02336825191115773 24.74
2475 0.02337327311690628 24.75
2476 0.02337070658294608 24.76
2477 0.02339318379394587 24.77
2478 0.02341176927993575 24.78
2479 0.02341027640574516 24.79
2480 0.0234089345630393 24.8
2481 0.02340084817739094 24.81
2482 0.02337504568511004 24.82
2483 0.02336378990023102 24.83
2484 0.02335980988613676 24.84
2485 0.02334479791238486 24.85
2486 0.02334499087233518 24.86
2487 0.02335667370535422 24.87
2488 0.02336038955869366 24.88
2489 0.02337536569745896 24.89
2490 0.02340158634147279 24.9
2491 0.02341485868199262 24.91
2492 0.02341176958112384 24.92
2493 0.02340697668505292 24.93
2494 0.0234157599431371 24.94
2495 0.02343221115873103 24.95
2496 0.02346017223521961 24.96
2497 0.02347420899144505 24.97
2498 0.02348859222222168 24.98
2499 0.02350270285296682 24.99
2500 0.02350312511398039 25
2501 0.02349568005752594 25.01
2502 0.02350756244797953 25.02
2503 0.02351621273673914 25.03
2504 0.02353278308837905 25.04
2505 0.02354642980285893 25.05
2506 0.02356372346760769 25.06
2507 0.02358206911151152 25.07
2508 0.02359194911430676 25.08
2509 0.02360643445632338 25.09
2510 0.02364614233780511 25.1
2511 0.02366182502055878 25.11
2512 0.02365708151685727 25.12
2513 0.02365780791457565 25.13
2514 0.02365156494529156 25.14
2515 0.02366969755887294 25.15
2516 0.02368803778286931 25.16
2517 0.02371778636748784 25.17
2518 0.02375268602801148 25.18
2519 0.02376289176471828 25.19
2520 0.02376083417119679 25.2
2521 0.02376960117221484 25.21
2522 0.02376901363419796 25.22
2523 0.02377519139525489 25.23
2524 0.023784406890542 25.24
2525 0.02377511364347865 25.25
2526 0.02377081097197282 25.26
2527 0.02377752016548177 25.27
2528 0.02378469213244779 25.28
2529 0.02378999436699245 25.29
2530 0.02380853151867651 25.3
2531 0.02383071453780087 25.31
2532 0.02384133849450019 25.32
2533 0.02387232904620391 25.33
2534 0.02386332246194883 25.34
2535 0.02385677545831838 25.35
2536 0.02385491933198671 25.36
2537 0.02383834306831736 25.37
2538 0.02383313668383825 25.38
2539 0.02384209302094978 25.39
2540 0.02385441372327063 25.4
2541 0.02382595243966348 25.41
2542 0.0237980882528014 25.42
2543 0.02378266920731033 25.43
2544 0.02378503146190887 25.44
2545 0.02378559913715953 25.45
2546 0.02378543583005628 25.46
2547 0.02380270713522367 25.47
2548 0.02380593563693668 25.48
2549 0.02381528717218181 25.49
2550 0.02380624772666429 25.5
2551 0.02380364738511288 25.51
2552 0.02379562514934838 25.52
2553 0.02378351448970034 25.53
2554 0.02376130018411377 25.54
2555 0.02375676788668746 25.55
2556 0.02377580458481686 25.56
2557 0.0237857932029802 25.57
2558 0.02376278138975404 25.58
2559 0.02373207362644951 25.59
2560 0.02371199526529167 25.6
2561 0.02369852299824435 25.61
2562 0.02369502681961063 25.62
2563 0.02369765246170946 25.63
2564 0.02369727012474742 25.64
2565 0.02371920678545377 25.65
2566 0.02371184722567932 25.66
2567 0.02373098467723188 25.67
2568 0.02372526767298677 25.68
2569 0.02371954626719722 25.69
2570 0.02373199210868251 25.7
2571 0.02373898614301845 25.71
2572 0.0237561413555621 25.72
2573 0.02375161081773998 25.73
2574 0.02375957237625627 25.74
2575 0.0237600101861356 25.75
2576 0.02374972594469371 25.76
2577 0.02371423128024141 25.77
2578 0.02372265300048226 25.78
2579 0.02376065250994099 25.79
2580 0.02380380681266817 25.8
2581 0.0238558820022713 25.81
2582 0.02387832908384235 25.82
2583 0.02389566603739408 25.83
2584 0.02391772043386518 25.84
2585 0.02394800972283494 25.85
2586 0.02394427712614746 25.86
2587 0.02396307417870167 25.87
2588 0.02397664236329384 25.88
2589 0.0240000330974354 25.89
2590 0.02403322744138462 25.9
2591 0.02404947878594122 25.91
2592 0.02408339166519707 25.92
2593 0.02406583500270342 25.93
2594 0.02406646342714256 25.94
2595 0.02407006444004082 25.95
2596 0.02407756590355271 25.96
2597 0.02409129967278253 25.97
2598 0.02409015945415392 25.98
2599 0.02410698505497138 25.99
2600 0.02411331958941469 26
2601 0.02415249083732341 26.01
2602 0.02416643694970967 26.02
2603 0.02417451427347987 26.03
2604 0.02418948385170526 26.04
2605 0.02421258513737976 26.05
2606 0.02418847479760553 26.06
2607 0.02417847824579225 26.07
2608 0.02417417197589976 26.08
2609 0.02415111504567387 26.09
2610 0.02411642027446096 26.1
2611 0.02410798154034419 26.11
2612 0.02411078392020811 26.12
2613 0.0240981241799701 26.13
2614 0.02410087544450149 26.14
2615 0.02410496544035478 26.15
2616 0.02410652136929314 26.16
2617 0.0240828308338143 26.17
2618 0.02407864985868889 26.18
2619 0.0241209456791846 26.19
2620 0.02412717090175836 26.2
2621 0.02410932771969197 26.21
2622 0.02409658917430015 26.22
2623 0.02406185774483813 26.23
2624 0.0240174316355769 26.24
2625 0.02397854834117867 26.25
2626 0.02394014825723604 26.26
2627 0.02390176601085722 26.27
2628 0.02389548601749728 26.28
2629 0.02389952891618751 26.29
2630 0.02388850830413993 26.3
2631 0.02387558891174263 26.31
2632 0.02386453795488747 26.32
2633 0.02384813712680552 26.33
2634 0.02382960549949093 26.34
2635 0.02381067830728268 26.35
2636 0.02379998149997382 26.36
2637 0.02379727381685895 26.37
2638 0.02377227443002383 26.38
2639 0.02375721834987787 26.39
2640 0.02375533690100878 26.4
2641 0.0237795727871994 26.41
2642 0.0238077820815946 26.42
2643 0.02381066817389904 26.43
2644 0.02382085182959755 26.44
2645 0.02384407063129713 26.45
2646 0.02385322546222333 26.46
2647 0.02382891769773426 26.47
2648 0.02381727012466638 26.48
2649 0.02382456494215426 26.49
2650 0.02387480543260957 26.5
2651 0.02390371411033761 26.51
2652 0.02389643570609531 26.52
2653 0.02391271530938071 26.53
2654 0.02390155979721923 26.54
2655 0.02391212418258778 26.55
2656 0.02391711933719374 26.56
2657 0.02392614315588925 26.57
2658 0.02395561403740586 26.58
2659 0.02396909571082811 26.59
2660 0.02397384000188823 26.6
2661 0.02398688954693175 26.61
2662 0.02401051349071363 26.62
2663 0.02402330223574092 26.63
2664 0.02400562963710555 26.64
2665 0.02401432289198503 26.65
2666 0.02401983151329567 26.66
2667 0.02402169815988068 26.67
2668 0.02399764831990477 26.68
2669 0.02397660343083161 26.69
2670 0.0239772865552578 26.7
2671 0.02400012021771318 26.71
2672 0.0240074633477092 26.72
2673 0.02402215237212367 26.73
2674 0.02405190150177776 26.74
2675 0.02406453707477286 26.75
2676 0.02406530087199071 26.76
2677 0.02406175996655617 26.77
2678 0.02404565767237376 26.78
2679 0.02403497482571086 26.79
2680 0.02402236917820033 26.8
2681 0.02399890653116904 26.81
2682 0.02399724514580558 26.82
2683 0.02398935856173956 26.83
2684 0.02397353005694376 26.84
2685 0.02398348832027997 26.85
2686 0.02399273030915854 26.86
2687 0.02397486259391701 26.87
2688 0.02399053526160625 26.88
2689 0.02399468635422202 26.89
2690 0.02399398945384273 26.9
2691 0.02401057858996093 26.91
2692 0.02400759948240303 26.92
2693 0.023991653048172 26.93
2694 0.02401987650737012 26.94
2695 0.02404090428717416 26.95
2696 0.02404740246455912 26.96
2697 0.02406404975996396 26.97
2698 0.02406416234715829 26.98
2699 0.02407748461639603 26.99
2700 0.02407889018478234 27
2701 0.02409053393267805 27.01
2702 0.02407598564292391 27.02
2703 0.02407571456224077 27.03
2704 0.02406312925093749 27.04
2705 0.02406922880779488 27.05
2706 0.02405862458368632 27.06
2707 0.0240540634062209 27.07
2708 0.02408249202116797 27.08
2709 0.02410612408394256 27.09
2710 0.02411829851986221 27.1
2711 0.02412434363060306 27.11
2712 0.02412659392421651 27.12
2713 0.02410704133101399 27.13
2714 0.02408322769926574 27.14
2715 0.02408701694870653 27.15
2716 0.02406264084233584 27.16
2717 0.02406788826821073 27.17
2718 0.02407296768811496 27.18
2719 0.02408387078740093 27.19
2720 0.02407332555352621 27.2
2721 0.02407512324612188 27.21
2722 0.02409378128544071 27.22
2723 0.02409720596950747 27.23
2724 0.0240951065413535 27.24
2725 0.02408320553947273 27.25
2726 0.02407405099509619 27.26
2727 0.02407474653057813 27.27
2728 0.02404921324659242 27.28
2729 0.0240430141070159 27.29
2730 0.02403802718348771 27.3
2731 0.02401436792177854 27.31
2732 0.02403609818277982 27.32
2733 0.0240634222772809 27.33
2734 0.02407993640981985 27.34
2735 0.02408681700628612 27.35
2736 0.02408216270138179 27.36
2737 0.02407972946030944 27.37
2738 0.02407750674130248 27.38
2739 0.0240731674133874 27.39
2740 0.02406580326272383 27.4
2741 0.02406765341992965 27.41
2742 0.02408411104312425 27.42
2743 0.02409459104393088 27.43
2744 0.02410271188573065 27.44
2745 0.02411609195862396 27.45
2746 0.02411259695777957 27.46
2747 0.02411229919696332 27.47
2748 0.02412342973455137 27.48
2749 0.02410532312123183 27.49
2750 0.02410614938939171 27.5
2751 0.02409426638392222 27.51
2752 0.02409533723984453 27.52
2753 0.02411401308229554 27.53
2754 0.02412400887772827 27.54
2755 0.02416297824313932 27.55
2756 0.02418985468649587 27.56
2757 0.02420468324977091 27.57
2758 0.02421103349198241 27.58
2759 0.02420663485903153 27.59
2760 0.02419649785996951 27.6
2761 0.02419213197301343 27.61
2762 0.0241813122818472 27.62
2763 0.02418122357193801 27.63
2764 0.02418155885322133 27.64
2765 0.02419182410171598 27.65
2766 0.02419728899680125 27.66
2767 0.02420262032104683 27.67
2768 0.02420596230553906 27.68
2769 0.02420898902173645 27.69
2770 0.02419828437624545 27.7
2771 0.02419852917951705 27.71
2772 0.0241934973062029 27.72
2773 0.02418801915035446 27.73
2774 0.02418535507170458 27.74
2775 0.02419726965089833 27.75
2776 0.02420326320129616 27.76
2777 0.02421944631016922 27.77
2778 0.02423736140516576 27.78
2779 0.02423937388922265 27.79
2780 0.02425008206979441 27.8
2781 0.02424966385399952 27.81
2782 0.02424750717243993 27.82
2783 0.02424526231767856 27.83
2784 0.02424059511746866 27.84
2785 0.0242395918211431 27.85
2786 0.02423637436930605 27.86
2787 0.02425821355577243 27.87
2788 0.02425931203564208 27.88
2789 0.02426778217136761 27.89
2790 0.0242815272757093 27.9
2791 0.02428574624915084 27.91
2792 0.02429621558328127 27.92
2793 0.02429636756382371 27.93
2794 0.02430079428732898 27.94
2795 0.02431159686736094 27.95
2796 0.02432733779893057 27.96
2797 0.0243391042264826 27.97
2798 0.02435445323817277 27.98
2799 0.02436772878443762 27.99
2800 0.02438010770869921 28
2801 0.02440045624418883 28.01
2802 0.02442017142759991 28.02
2803 0.02442076897419192 28.03
2804 0.02441599144194794 28.04
2805 0.02442231275466956 28.05
2806 0.02443854612494747 28.06
2807 0.02444888094458975 28.07
2808 0.02446700182062267 28.08
2809 0.02448278944611953 28.09
2810 0.02451058844197319 28.1
2811 0.02454374488181575 28.11
2812 0.02459102285696198 28.12
2813 0.02462065113852664 28.13
2814 0.02465052945509422 28.14
2815 0.0246745625665437 28.15
2816 0.02468745159818398 28.16
2817 0.02468456300528088 28.17
2818 0.02467930396565288 28.18
2819 0.02469755093338949 28.19
2820 0.0247188605479711 28.2
2821 0.02474405685860468 28.21
2822 0.02476662764612359 28.22
2823 0.0247835142990425 28.23
2824 0.02480843059866649 28.24
2825 0.02483340871136153 28.25
2826 0.02486695617031841 28.26
2827 0.02489407909346643 28.27
2828 0.02492090073141145 28.28
2829 0.0249325887146645 28.29
2830 0.02494783489860633 28.3
2831 0.02497364636685353 28.31
2832 0.02499656539797589 28.32
2833 0.0250160463863051 28.33
2834 0.02504029994972487 28.34
2835 0.02505489672956647 28.35
2836 0.02506106492874257 28.36
2837 0.02507337986212219 28.37
2838 0.02509108544083013 28.38
2839 0.0250771674800834 28.39
2840 0.02509280395489394 28.4
2841 0.02509920010675387 28.41
2842 0.02511327273236756 28.42
2843 0.02512528589108577 28.43
2844 0.02513817254948181 28.44
2845 0.0251444813093046 28.45
2846 0.02514299112981959 28.46
2847 0.02514696449579796 28.47
2848 0.02514870224343053 28.48
2849 0.02514807245584845 28.49
2850 0.02514747028574346 28.5
2851 0.02515872960640533 28.51
2852 0.02517189208588765 28.52
2853 0.02519152247987035 28.53
2854 0.02520861451764291 28.54
2855 0.02521861363992479 28.55
2856 0.02522927600156219 28.56
2857 0.02522730072022857 28.57
2858 0.02518634942449378 28.58
2859 0.02514963107887219 28.59
2860 0.02515241291846302 28.6
2861 0.02516753763308449 28.61
2862 0.02516931290849053 28.62
2863 0.02518759256017084 28.63
2864 0.02519556558706651 28.64
2865 0.02519122817830236 28.65
2866 0.02518138975308612 28.66
2867 0.02517988284234182 28.67
2868 0.02518513747106867 28.68
2869 0.02517908694310726 28.69
2870 0.02519132854185133 28.7
2871 0.02520712265744773 28.71
2872 0.02522790009218968 28.72
2873 0.02523296996127098 28.73
2874 0.02523407105731461 28.74
2875 0.02521413630509861 28.75
2876 0.0252022654406385 28.76
2877 0.02518756211756124 28.77
2878 0.02517802089167936 28.78
2879 0.0251737719568022 28.79
2880 0.02516953920061037 28.8
2881 0.02515975149222597 28.81
2882 0.0251583554623923 28.82
2883 0.02515548159124381 28.83
2884 0.02515404785430931 28.84
2885 0.02515883141689998 28.85
2886 0.02516069063993527 28.86
2887 0.02515552742727612 28.87
2888 0.02514408009276371 28.88
2889 0.02512591208112922 28.89
2890 0.02511058062730874 28.9
2891 0.02510027666684668 28.91
2892 0.02510229178659249 28.92
2893 0.02508445152796273 28.93
2894 0.02509119929498857 28.94
2895 0.02508739801576558 28.95
2896 0.02508053506035917 28.96
2897 0.02505671120521817 28.97
2898 0.02504240572311896 28.98
2899 0.02502861653207675 28.99
2900 0.02502474400936833 29
2901 0.02500788993178267 29.01
2902 0.02499270220009272 29.02
2903 0.02496768382447655 29.03
2904 0.02492971559205569 29.04
2905 0.02490161767945573 29.05
2906 0.02486202176362389 29.06
2907 0.02482878369544339 29.07
2908 0.02481210124646042 29.08
2909 0.02478271873829514 29.09
2910 0.02477133527544713 29.1
2911 0.02475207834309998 29.11
2912 0.02472688551538361 29.12
2913 0.02471781944562487 29.13
2914 0.024704194417801 29.14
2915 0.02468449089575095 29.15
2916 0.02465742109455027 29.16
2917 0.02462546843403454 29.17
2918 0.02460521332910162 29.18
2919 0.02459326242437144 29.19
2920 0.02456617005282474 29.2
2921 0.02452706962094668 29.21
2922 0.02448266882573467 29.22
2923 0.02446425364343838 29.23
2924 0.02444493526040566 29.24
2925 0.02442312801499439 29.25
2926 0.02440551249595629 29.26
2927 0.02439196844230871 29.27
2928 0.02436664628144769 29.28
2929 0.02435798030745361 29.29
2930 0.02433810450170186 29.3
2931 0.0243228683313521 29.31
2932 0.02430776884994243 29.32
2933 0.02429374372825568 29.33
2934 0.02428916666924379 29.34
2935 0.0242840110659586 29.35
2936 0.02427305100548416 29.36
2937 0.02425839383806854 29.37
2938 0.02423807283415906 29.38
2939 0.02422419810966582 29.39
2940 0.02421578655188435 29.4
2941 0.02421566864141388 29.41
2942 0.02421787433671637 29.42
2943 0.02422975896422962 29.43
2944 0.02421719114666036 29.44
2945 0.02421494177179427 29.45
2946 0.02422455291610184 29.46
2947 0.02423366837825077 29.47
2948 0.02422750690504788 29.48
2949 0.02423375428625337 29.49
2950 0.02424237467685051 29.5
2951 0.02425657511427651 29.51
2952 0.0242581464465332 29.52
2953 0.02425043887601208 29.53
2954 0.02424814605350496 29.54
2955 0.02426053123726546 29.55
2956 0.02426149867597568 29.56
2957 0.02425911777966418 29.57
2958 0.02426230787145188 29.58
2959 0.02427453360678037 29.59
2960 0.02429169269118518 29.6
2961 0.02430032042900377 29.61
2962 0.02430379158856752 29.62
2963 0.02428140071156014 29.63
2964 0.0242393154751665 29.64
2965 0.02422744568859356 29.65
2966 0.02423097139956879 29.66
2967 0.02426211183237658 29.67
2968 0.0242966333239712 29.68
2969 0.02432719149855377 29.69
2970 0.02431880179608494 29.7
2971 0.02432096460094074 29.71
2972 0.02430667097903453 29.72
2973 0.02427936119907552 29.73
2974 0.02424678964943591 29.74
2975 0.02422229926220727 29.75
2976 0.02420201498632129 29.76
2977 0.02418792298231566 29.77
2978 0.02417810440823741 29.78
2979 0.02419294709902669 29.79
2980 0.02417396956897159 29.8
2981 0.02417062018109056 29.81
2982 0.02416844338967796 29.82
2983 0.02415235139892264 29.83
2984 0.02414105825355415 29.84
2985 0.02414058457081332 29.85
2986 0.02409842593614009 29.86
2987 0.02408203849915247 29.87
2988 0.02407023865927263 29.88
2989 0.02406409006540876 29.89
2990 0.02406409906182104 29.9
2991 0.02405890693678564 29.91
2992 0.02403894272238246 29.92
2993 0.02403273207551882 29.93
2994 0.02402192101106786 29.94
2995 0.02401367003257121 29.95
2996 0.02401322492414426 29.96
2997 0.02401660570124258 29.97
2998 0.02401626522610951 29.98
2999 0.02401095234696684 29.99
3000 0.0240135680135161 30
