"cl-rfile"
"Time Step" "cl etc.."
("Time Step" "cl" "flow-time")
0 2.556030855338952e-26 0
1 -29.85849101842928 0.01
2 -2.801904868340934 0.02
3 0.8268838721090468 0.03
4 1.283901887544261 0.04
5 -1.780967931291983 0.05
6 -0.005597792141500994 0.06
7 -0.2144957398366386 0.07000000000000001
8 -0.5908661878516773 0.08
9 0.212733327504435 0.09
10 0.3326464891895047 0.1
11 0.2924810406384692 0.11
12 0.3057771687692526 0.12
13 -0.1107713144414505 0.13
14 -0.06116457576157908 0.14
15 -0.01783798242565179 0.15
16 0.1139013042697644 0.16
17 0.108282782611078 0.17
18 0.1292956247736238 0.18
19 0.1976253586233699 0.19
20 0.2652911306618367 0.2
21 0.2921000012487375 0.21
22 0.2845483870823316 0.22
23 0.2521763039452195 0.23
24 0.2230215351923621 0.24
25 0.2032251250493398 0.25
26 0.1619274145600069 0.26
27 0.1665404169652412 0.27
28 0.1573980247707562 0.28
29 0.1795970858822527 0.29
30 0.1955447944291613 0.3
31 0.2277848535815782 0.31
32 0.2527613967330155 0.32
33 0.2966937071742213 0.33
34 0.3537365361417871 0.34
35 0.4032717379961969 0.35
36 0.4457686886774883 0.36
37 0.4755893593476667 0.37
38 0.4841399355192342 0.38
39 0.479245089508932 0.39
40 0.4468926803702817 0.4
41 0.4144604820787238 0.41
42 0.3732913365521687 0.42
43 0.3214778369040606 0.43
44 0.2868391087655006 0.44
45 0.2783246005992124 0.45
46 0.2588043624652741 0.46
47 0.2411332076048893 0.47
48 0.2303465684762123 0.48
49 0.2400607274804327 0.49
50 0.2355317543777661 0.5
51 0.211965508002362 0.51
52 0.2255741413254261 0.52
53 0.2399570653218168 0.53
54 0.2246171948284616 0.54
55 0.2461434198589852 0.55
56 0.2618403532054033 0.5600000000000001
57 0.2592853906173594 0.5700000000000001
58 0.251282420656463 0.58
59 0.2605801312843201 0.59
60 0.2638479292942909 0.6
61 0.2678112066639666 0.61
62 0.2661188950206721 0.62
63 0.2589503194153081 0.63
64 0.2505742517442511 0.64
65 0.2435200229408764 0.65
66 0.2327398372209666 0.66
67 0.2141736761544923 0.67
68 0.1895386092891313 0.68
69 0.1932918563786446 0.6900000000000001
70 0.1974791203609842 0.7000000000000001
71 0.2009536883236172 0.71
72 0.1988918811809219 0.72
73 0.1932433848531967 0.73
74 0.1943466517555252 0.74
75 0.1966582187402105 0.75
76 0.1958767831315315 0.76
77 0.1942570852014801 0.77
78 0.1954457942335572 0.78
79 0.2003854719865086 0.79
80 0.2041529576104331 0.8
81 0.201893785648051 0.8100000000000001
82 0.2015290542897194 0.8200000000000001
83 0.2006475378748265 0.8300000000000001
84 0.1998823473932023 0.84
85 0.2027067629149037 0.85
86 0.2046276116380296 0.86
87 0.2064861118313872 0.87
88 0.2061070920754876 0.88
89 0.2072789017517123 0.89
90 0.2056972685668603 0.9
91 0.205207197458031 0.91
92 0.2038512811167946 0.92
93 0.2020230955439589 0.93
94 0.2011733584478131 0.9400000000000001
95 0.1989301307527036 0.9500000000000001
96 0.1970177246604022 0.96
97 0.1931507665851184 0.97
98 0.192378559134111 0.98
99 0.1928532694548231 0.99
100 0.1924991976314912 1
101 0.1909727124837961 1.01
102 0.1887801230303213 1.02
103 0.1877474183267347 1.03
104 0.1854276828130492 1.04
105 0.1843880565707122 1.05
106 0.18362842236375 1.06
107 0.1833156285822148 1.07
108 0.1850879466842177 1.08
109 0.184738694322726 1.09
110 0.1854139617209452 1.1
111 0.1839590064036551 1.11
112 0.1839449382991943 1.12
113 0.1837921323956265 1.13
114 0.1835334471350969 1.14
115 0.1824938508612903 1.15
116 0.1826975790711977 1.16
117 0.1828497263753162 1.17
118 0.1824406069115795 1.18
119 0.1820232330874171 1.19
120 0.1830615187983553 1.2
121 0.1834964228590825 1.21
122 0.1831927377664852 1.22
123 0.1834098718806816 1.23
124 0.1836542763713206 1.24
125 0.1840505853634029 1.25
126 0.1845476942170413 1.26
127 0.1845857994685154 1.27
128 0.1848310818046179 1.28
129 0.1851148246804482 1.29
130 0.1857372363014925 1.3
131 0.1865979699402176 1.31
132 0.1876764671060123 1.32
133 0.1879821498606927 1.33
134 0.1886288514890812 1.34
135 0.1889423659121345 1.35
136 0.18969976172752 1.36
137 0.1893934395947184 1.37
138 0.1894248812735815 1.38
139 0.1899265139457355 1.39
140 0.1903836023801543 1.4
141 0.1905909729465087 1.41
142 0.1911966723207227 1.42
143 0.1917463189730942 1.43
144 0.1921587990816157 1.44
145 0.1930746355630624 1.45
146 0.1931904464598826 1.46
147 0.1931854784780884 1.47
148 0.1933938059997697 1.48
149 0.1937687850461599 1.49
150 0.1937255288486201 1.5
151 0.1934385900397881 1.51
152 0.1929895444633994 1.52
153 0.1926939612449627 1.53
154 0.1922183875305527 1.54
155 0.1913043812896871 1.55
156 0.1910667831433289 1.56
157 0.190064553175433 1.57
158 0.1890390608337721 1.58
159 0.1882109081716609 1.59
160 0.1874692084002991 1.6
161 0.1865917244846186 1.61
162 0.185838526834432 1.62
163 0.1848644683017177 1.63
164 0.1838938628375838 1.64
165 0.1827706642198386 1.65
166 0.1819388629089779 1.66
167 0.18000028085839 1.67
168 0.1788915163134525 1.68
169 0.1774221840615439 1.69
170 0.1765073883852948 1.7
171 0.1752431872878202 1.71
172 0.174109181899833 1.72
173 0.1729192735029843 1.73
174 0.1726766546821253 1.74
175 0.1716463419784855 1.75
176 0.171036759720547 1.76
177 0.1705217508216592 1.77
178 0.1707998586549662 1.78
179 0.1703126434588469 1.79
180 0.1702930107873717 1.8
181 0.1711960355771789 1.81
182 0.1717409215150301 1.82
183 0.172765511518061 1.83
184 0.1742973535301718 1.84
185 0.1754214527303623 1.85
186 0.1763347279238122 1.86
187 0.1782111673720842 1.87
188 0.180085575896579 1.88
189 0.1826384031334582 1.89
190 0.185598940349655 1.9
191 0.1881815960706796 1.91
192 0.1907118056204349 1.92
193 0.1934587617166802 1.93
194 0.1963865188976965 1.94
195 0.1988525456682043 1.95
196 0.2011288784001351 1.96
197 0.2038084317659199 1.97
198 0.2067712010536701 1.98
199 0.2095745548238617 1.99
200 0.2125638062133314 2
201 0.2150277850995786 2.01
202 0.2177408758840892 2.02
203 0.220228226845459 2.03
204 0.2223600330937769 2.04
205 0.2241620583898229 2.05
206 0.2259400847557027 2.06
207 0.2282719949946291 2.07
208 0.2298065460614172 2.08
209 0.2316509588052338 2.09
210 0.2333028339907604 2.1
211 0.2346330445181504 2.11
212 0.2353804162325935 2.12
213 0.2363872255900064 2.13
214 0.2370333956524021 2.14
215 0.2376842012135716 2.15
216 0.2386610583345342 2.16
217 0.2393630223674406 2.17
218 0.2395003373394447 2.18
219 0.2400861542136047 2.19
220 0.2411722553331443 2.2
221 0.2414629220967588 2.21
222 0.2418597913881051 2.22
223 0.2423869988234085 2.23
224 0.2420026285448279 2.24
225 0.2419957720824549 2.25
226 0.2417182678278346 2.26
227 0.2415776847912798 2.27
228 0.2413088095775421 2.28
229 0.2413348866255159 2.29
230 0.2413517386991526 2.3
231 0.24158724857634 2.31
232 0.2414486881389625 2.32
233 0.2412372009341986 2.33
234 0.2405210308333826 2.34
235 0.2398788862959455 2.35
236 0.2391770118426454 2.36
237 0.2385960611531661 2.37
238 0.2382259299062708 2.38
239 0.2376014193319473 2.39
240 0.2370057437764197 2.4
241 0.2363699706454316 2.41
242 0.2355745999212437 2.42
243 0.2345588142024737 2.43
244 0.2332643683407002 2.44
245 0.2316494599480943 2.45
246 0.2302914670411444 2.46
247 0.2291017555871876 2.47
248 0.2282117420728498 2.48
249 0.2272903160177157 2.49
250 0.2264730453613336 2.5
251 0.2252741953118834 2.51
252 0.2240356074294796 2.52
253 0.2222391620943076 2.53
254 0.2208838227661189 2.54
255 0.2196327461071983 2.55
256 0.2188662432687817 2.56
257 0.2180629386940272 2.57
258 0.2170621765493898 2.58
259 0.2160231556481615 2.59
260 0.2147107455537356 2.6
261 0.2139994580414551 2.61
262 0.2132733321929808 2.62
263 0.2125800141375419 2.63
264 0.2123535661607695 2.64
265 0.2118199811379014 2.65
266 0.2111343621755054 2.66
267 0.210280479127736 2.67
268 0.2091864404246217 2.68
269 0.2088797320283919 2.69
270 0.2088058772389667 2.7
271 0.2084844404540368 2.71
272 0.2081747555264428 2.72
273 0.208149820206072 2.73
274 0.2075105839660011 2.74
275 0.2071149513891578 2.75
276 0.2064695060195885 2.76
277 0.2059744783535235 2.77
278 0.205411345277984 2.78
279 0.2051659924026157 2.79
280 0.2051362363161667 2.8
281 0.2048015507292777 2.81
282 0.204850093450012 2.82
283 0.2046393170160857 2.83
284 0.2043095111688496 2.84
285 0.2045655270226089 2.85
286 0.2046360358052685 2.86
287 0.2046098160377826 2.87
288 0.2041982004777232 2.88
289 0.2037963791593373 2.89
290 0.2032356312764192 2.9
291 0.2026260557160317 2.91
292 0.2019207038635546 2.92
293 0.201935073360122 2.93
294 0.2018373086995624 2.94
295 0.2016588719880074 2.95
296 0.2016161917872553 2.96
297 0.2011834789904432 2.97
298 0.200870938258935 2.98
299 0.2001112207500441 2.99
300 0.1996921602791172 3
301 0.1995423735827288 3.01
302 0.1993029399404398 3.02
303 0.1989818057901545 3.03
304 0.1983932915873065 3.04
305 0.1982274838436268 3.05
306 0.1987178929383057 3.06
307 0.1987382619296713 3.07
308 0.1979707748370689 3.08
309 0.1970548158661456 3.09
310 0.1960543725536014 3.1
311 0.1953662171580504 3.11
312 0.1945241122853133 3.12
313 0.1943911057131193 3.13
314 0.194268686387101 3.14
315 0.1931826566657358 3.15
316 0.1929721379151563 3.16
317 0.1923238012716423 3.17
318 0.1916875947993666 3.18
319 0.1910526448507203 3.19
320 0.1901893089027855 3.2
321 0.1896623108398011 3.21
322 0.1892518755042938 3.22
323 0.1885805131934146 3.23
324 0.1882650483476029 3.24
325 0.1879673386641164 3.25
326 0.1873345953638521 3.26
327 0.1871295571382844 3.27
328 0.1872469084014857 3.28
329 0.1868124953125727 3.29
330 0.1866979642249348 3.3
331 0.1868147025046909 3.31
332 0.1868309225229114 3.32
333 0.1864207794204057 3.33
334 0.1863635264139487 3.34
335 0.1869039601015081 3.35
336 0.1871982516048251 3.36
337 0.1874155094699337 3.37
338 0.1875984536610228 3.38
339 0.1878321498143495 3.39
340 0.1882445072878652 3.4
341 0.1886300955251524 3.41
342 0.188659943058601 3.42
343 0.1889544001272034 3.43
344 0.1894461443847109 3.44
345 0.1900694547053621 3.45
346 0.1910193636251399 3.46
347 0.19180729012274 3.47
348 0.1927343115614539 3.48
349 0.1934865276734478 3.49
350 0.1939644104930906 3.5
351 0.1946598341371011 3.51
352 0.1954737050311514 3.52
353 0.196167770254682 3.53
354 0.1970466726536947 3.54
355 0.1981677799295604 3.55
356 0.1992043660414971 3.56
357 0.2000383922218364 3.57
358 0.2007487984311946 3.58
359 0.2016896881192047 3.59
360 0.2024785837779051 3.6
361 0.2033171570485847 3.61
362 0.2044153612900663 3.62
363 0.2053690964462221 3.63
364 0.2061240634046511 3.64
365 0.2067623805277241 3.65
366 0.2075550301707019 3.66
367 0.2083377894187687 3.67
368 0.2093792510444303 3.68
369 0.2102144767967346 3.69
370 0.2109966650250928 3.7
371 0.2119707790863775 3.71
372 0.2127005648111259 3.72
373 0.2135627010681799 3.73
374 0.2144015230667546 3.74
375 0.2151175180227284 3.75
376 0.2160717232790534 3.76
377 0.2166009292998376 3.77
378 0.2172590319095551 3.78
379 0.2179798074449046 3.79
380 0.2182162663543761 3.8
381 0.2184009446681381 3.81
382 0.2186010386226198 3.82
383 0.2186742021110091 3.83
384 0.2192250318373873 3.84
385 0.2192763154364758 3.85
386 0.219114594805025 3.86
387 0.2194836650918794 3.87
388 0.2204394205519446 3.88
389 0.2209335056154969 3.89
390 0.2210742879530397 3.9
391 0.2204025944564829 3.91
392 0.2199968190788611 3.92
393 0.2199295178215252 3.93
394 0.2200716250987327 3.94
395 0.2203060284672378 3.95
396 0.2198603689649149 3.96
397 0.2188916893369237 3.97
398 0.2186443945746822 3.98
399 0.2183052336448581 3.99
400 0.2181069764542943 4
401 0.2177615865427623 4.01
402 0.2180295722406626 4.02
403 0.2176471601947356 4.03
404 0.2170936298996445 4.04
405 0.2165515164156053 4.05
406 0.2162691565667206 4.06
407 0.2159203646399851 4.07
408 0.2148405967775787 4.08
409 0.2137112871043609 4.09
410 0.2130681733861751 4.1
411 0.2121327338693233 4.11
412 0.2112471511313628 4.12
413 0.210744128376445 4.13
414 0.2106132292193388 4.14
415 0.2097167838842909 4.15
416 0.208977983147385 4.16
417 0.208437885422234 4.17
418 0.2074735842516383 4.18
419 0.2067165672126873 4.19
420 0.2059933938480221 4.2
421 0.2051267622939076 4.21
422 0.2044620566720932 4.22
423 0.2035677936917919 4.23
424 0.2026778734393556 4.24
425 0.2013902661147974 4.25
426 0.2002162469822221 4.26
427 0.1991406362973911 4.27
428 0.1982871181499202 4.28
429 0.1974757581821833 4.29
430 0.1966550378313775 4.3
431 0.195583123026427 4.31
432 0.1945815710683247 4.32
433 0.1935372714599631 4.33
434 0.192261366942559 4.34
435 0.1912690282165266 4.350000000000001
436 0.1906205155505141 4.36
437 0.189739355301615 4.37
438 0.1888482697024951 4.38
439 0.187685488831098 4.39
440 0.1860774878720251 4.4
441 0.1848066557259597 4.41
442 0.1839446821727135 4.42
443 0.1833988768353642 4.43
444 0.1823355125900565 4.44
445 0.180217176621591 4.45
446 0.17908449170961 4.46
447 0.1782921531721284 4.47
448 0.1772659094898075 4.48
449 0.1766838989709923 4.49
450 0.1756347799509299 4.5
451 0.1745561273231552 4.51
452 0.1738117551971919 4.52
453 0.173103963121461 4.53
454 0.1723270624513759 4.54
455 0.1715022953057601 4.55
456 0.170280905612279 4.56
457 0.1690643495480312 4.57
458 0.1679961294735992 4.58
459 0.1671113434548274 4.59
460 0.1662968281572899 4.600000000000001
461 0.1654113864803671 4.61
462 0.1644265474856314 4.62
463 0.1637882485350307 4.63
464 0.1631411528183466 4.64
465 0.1624282424086614 4.65
466 0.1614664902182447 4.66
467 0.1605240162337155 4.67
468 0.1601228188157816 4.68
469 0.1595532559829355 4.69
470 0.1584402455778003 4.7
471 0.1572479397290991 4.71
472 0.1561541002611273 4.72
473 0.155004459086914 4.73
474 0.1542597505471445 4.74
475 0.1528669749406369 4.75
476 0.1517673778858469 4.76
477 0.1508609723777569 4.77
478 0.1500476319387149 4.78
479 0.1492736585085811 4.79
480 0.1488655804108945 4.8
481 0.1475878508492348 4.81
482 0.1463654841553854 4.82
483 0.1454552202777097 4.83
484 0.14435457212414 4.84
485 0.1434471259093771 4.850000000000001
486 0.1421172049833382 4.86
487 0.1408743966890479 4.87
488 0.1401726221088425 4.88
489 0.1393457706724274 4.89
490 0.1383725249534857 4.9
491 0.1373119634697284 4.91
492 0.1362571924767384 4.92
493 0.1351637900196209 4.93
494 0.1339288001696605 4.94
495 0.1329311966319087 4.95
496 0.1319787889715003 4.96
497 0.1309334230358582 4.97
498 0.1301000306888783 4.98
499 0.1293442911324781 4.99
500 0.128594597776948 5
501 0.1278643580229683 5.01
502 0.1268421207855958 5.02
503 0.1258994356095622 5.03
504 0.1251014692333019 5.04
505 0.1245628404874572 5.05
506 0.1241030593687772 5.06
507 0.1236215002273366 5.07
508 0.122473861839228 5.08
509 0.1213405322048134 5.09
510 0.1197688669474257 5.100000000000001
511 0.1187494499210498 5.11
512 0.1181774628688097 5.12
513 0.1174394392855364 5.13
514 0.1167022200651036 5.14
515 0.116545344261334 5.15
516 0.1161823051771108 5.16
517 0.1152787228130344 5.17
518 0.1142747955197545 5.18
519 0.1133514662195518 5.19
520 0.1123733234557128 5.2
521 0.1116033229386776 5.21
522 0.1110570359639614 5.22
523 0.1107218551577604 5.23
524 0.1103082985352191 5.24
525 0.1093704861759619 5.25
526 0.1083443589463997 5.26
527 0.1071067315696242 5.27
528 0.1061289809918638 5.28
529 0.1054234753029246 5.29
530 0.1047905781315524 5.3
531 0.1045010193751022 5.31
532 0.1040633244882182 5.32
533 0.1037037827193708 5.33
534 0.1030560276462711 5.34
535 0.1021655453754815 5.350000000000001
536 0.1014433244920405 5.36
537 0.1007336408966032 5.37
538 0.1002019218276132 5.38
539 0.09957995139709497 5.39
540 0.09877203564037212 5.4
541 0.09804194773792187 5.41
542 0.09738795330533205 5.42
543 0.09666867441537953 5.43
544 0.09610292209036946 5.44
545 0.09535710211147362 5.45
546 0.09443579316713076 5.46
547 0.09384430180470954 5.47
548 0.09318163469326937 5.48
549 0.09280138837188016 5.49
550 0.09249028246151537 5.5
551 0.09223384311210367 5.51
552 0.09159261036657673 5.52
553 0.09085820590587759 5.53
554 0.08984046425696696 5.54
555 0.08897977545303173 5.55
556 0.08885222510722644 5.56
557 0.08882299907675292 5.57
558 0.08815227898843873 5.58
559 0.08737648223227373 5.59
560 0.0866060475029192 5.600000000000001
561 0.08580089000359854 5.61
562 0.08541048208030379 5.62
563 0.08509084514642233 5.63
564 0.08449624167144809 5.64
565 0.08358626408028473 5.65
566 0.08280154369921251 5.66
567 0.0824884156047514 5.67
568 0.08226704416668157 5.68
569 0.08218298916056985 5.69
570 0.08168486972568056 5.7
571 0.0812070107061881 5.71
572 0.08073938320645269 5.72
573 0.08023280380453095 5.73
574 0.07972265714645044 5.74
575 0.07912814912683719 5.75
576 0.0783007637941152 5.76
577 0.07750571315608634 5.77
578 0.07679048666317083 5.78
579 0.0759714284339526 5.79
580 0.07565436916761099 5.8
581 0.07570732480625346 5.81
582 0.07526620899699091 5.82
583 0.07501584968926747 5.83
584 0.07457260277966377 5.84
585 0.07431723334368429 5.850000000000001
586 0.07383582088705772 5.86
587 0.07329057987711669 5.87
588 0.07272995853970643 5.88
589 0.07206617477083885 5.89
590 0.07157185956692437 5.9
591 0.07103567540497363 5.91
592 0.07013958577539275 5.92
593 0.06926318561610359 5.93
594 0.0687227791862982 5.94
595 0.06891939600532175 5.95
596 0.0687292781990336 5.96
597 0.06829865029337751 5.97
598 0.06790594469027252 5.98
599 0.06733554038573031 5.99
600 0.06665160306579529 6
601 0.06620683839690834 6.01
602 0.06589877358421448 6.02
603 0.06535077919845479 6.03
604 0.06472219361357583 6.04
605 0.0640045685981069 6.05
606 0.06328823526411263 6.06
607 0.0628061285457515 6.07
608 0.06235751340415902 6.08
609 0.06207029905765499 6.09
610 0.0617768225765852 6.100000000000001
611 0.06127337583853119 6.11
612 0.06074079975543364 6.12
613 0.05993169611948425 6.13
614 0.05968340683887546 6.140000000000001
615 0.0594272486905135 6.15
616 0.05909747751730638 6.16
617 0.0587682941024282 6.17
618 0.05837887199755885 6.18
619 0.05790914213084802 6.19
620 0.05721152762362967 6.2
621 0.05676053470387078 6.21
622 0.05629094677873743 6.22
623 0.05581195596690109 6.23
624 0.05584288007040449 6.24
625 0.05512418987672941 6.25
626 0.05429362645854625 6.26
627 0.05329565923941888 6.27
628 0.05266113667881146 6.28
629 0.05255735459489162 6.29
630 0.0522247084848659 6.3
631 0.05198708188044084 6.31
632 0.05204379874264569 6.32
633 0.05220006731350108 6.33
634 0.05188240135579877 6.34
635 0.05138305605696117 6.350000000000001
636 0.05037899113508551 6.36
637 0.04972110500659475 6.37
638 0.04893838281596886 6.38
639 0.04830159309847138 6.390000000000001
640 0.04777800596177872 6.4
641 0.04734212430024843 6.41
642 0.04690585097862311 6.42
643 0.04652588875716566 6.43
644 0.04606866788979058 6.44
645 0.04571981815358885 6.45
646 0.04540968861979365 6.46
647 0.04500674038157443 6.47
648 0.04475000856015759 6.48
649 0.04418946441530965 6.49
650 0.04361386329286003 6.5
651 0.04320436010620721 6.51
652 0.0426529341309469 6.52
653 0.04204591570921848 6.53
654 0.04156886166334962 6.54
655 0.04092481448521162 6.55
656 0.04030835324083295 6.56
657 0.0397827978935476 6.57
658 0.03913829705492162 6.58
659 0.03867516120590681 6.59
660 0.03818952520223649 6.600000000000001
661 0.03767652508556971 6.61
662 0.03707737062193966 6.62
663 0.03683940433525303 6.63
664 0.03666608623425906 6.640000000000001
665 0.03667589072596281 6.65
666 0.03643169531750727 6.66
667 0.03611510305893249 6.67
668 0.03541076750643499 6.68
669 0.03454327207483463 6.69
670 0.03369283591944557 6.7
671 0.03289652839865498 6.71
672 0.03220097358687802 6.72
673 0.0315967255837796 6.73
674 0.03103935194720016 6.74
675 0.030566309795995 6.75
676 0.03013249466787209 6.76
677 0.02966426469172417 6.77
678 0.02917106048110005 6.78
679 0.02910596227415851 6.79
680 0.0286661605661729 6.8
681 0.02853383936766945 6.81
682 0.02806547230464993 6.82
683 0.02759654131897415 6.83
684 0.02725419338498448 6.84
685 0.02688300137739928 6.850000000000001
686 0.02665668702944248 6.86
687 0.0262461105902309 6.87
688 0.02565572847911532 6.88
689 0.02497750578730423 6.890000000000001
690 0.0244139323454533 6.9
691 0.0241044159508228 6.91
692 0.02354178820213945 6.92
693 0.02284248023198915 6.93
694 0.02248724372113108 6.94
695 0.02214479353854365 6.95
696 0.02189080339584677 6.96
697 0.02173113985512294 6.97
698 0.02103709995036302 6.98
699 0.0205317015115288 6.99
700 0.02006965238805787 7
701 0.01961666431603702 7.01
702 0.01942569742603765 7.02
703 0.01915054213885011 7.03
704 0.01895669550484205 7.04
705 0.01849010083657322 7.05
706 0.01818419381008297 7.06
707 0.01761059656439488 7.07
708 0.01698853031068349 7.08
709 0.01642855119975141 7.09
710 0.01591025175651003 7.100000000000001
711 0.01562487627039338 7.11
712 0.01513739430691106 7.12
713 0.01512182283461062 7.13
714 0.0147885144731072 7.140000000000001
715 0.01437463343737646 7.15
716 0.01395775142776872 7.16
717 0.01348713075018389 7.17
718 0.01301646226261516 7.18
719 0.01234776921882712 7.19
720 0.01153898499430015 7.2
721 0.01091645384933267 7.21
722 0.01025620457318724 7.22
723 0.009864246976896064 7.23
724 0.009411077378126121 7.24
725 0.008979332780971254 7.25
726 0.008726053244241257 7.26
727 0.008433276154835204 7.27
728 0.008028333468144855 7.28
729 0.007569013102625882 7.29
730 0.006936584976102215 7.3
731 0.006314794788991424 7.31
732 0.005606104700030524 7.32
733 0.005263151365873364 7.33
734 0.004773984312312528 7.34
735 0.004252100794241842 7.350000000000001
736 0.003818586493252701 7.36
737 0.003156098423615708 7.37
738 0.002127928214322619 7.38
739 0.001228211533351023 7.390000000000001
740 0.0006266877879455161 7.4
741 0.0001899587614920274 7.41
742 0.0001814151116186105 7.42
743 8.904777286263728e-05 7.43
744 -0.0002212850974461579 7.44
745 -0.0003665039155522211 7.45
746 -0.0009610144768473621 7.46
747 -0.00170744565167219 7.47
748 -0.00249105568248983 7.48
749 -0.003349735961807469 7.49
750 -0.003711393889576637 7.5
751 -0.004379853684822326 7.51
752 -0.004796620348715126 7.52
753 -0.005191538495888983 7.53
754 -0.005771934947340671 7.54
755 -0.006308539769774725 7.55
756 -0.006886018654077049 7.56
757 -0.007472861810217089 7.57
758 -0.007762703788527857 7.58
759 -0.00802690522893045 7.59
760 -0.008325917258144412 7.600000000000001
761 -0.008660677051366994 7.61
762 -0.009248223308447254 7.62
763 -0.009871754593825624 7.63
764 -0.01059795855947556 7.640000000000001
765 -0.01115250893404749 7.65
766 -0.01165993863957616 7.66
767 -0.01182901866209402 7.67
768 -0.01208085213840649 7.68
769 -0.01260208337863074 7.69
770 -0.01304735910039446 7.7
771 -0.01361353731518471 7.71
772 -0.0140880102251302 7.72
773 -0.0146373722018214 7.73
774 -0.014805868868749 7.74
775 -0.01548221309864127 7.75
776 -0.01577166312885045 7.76
777 -0.01597869409163163 7.77
778 -0.0166171004587216 7.78
779 -0.0170854791423842 7.79
780 -0.01763626484223301 7.8
781 -0.01813360164643594 7.81
782 -0.0184693327541822 7.82
783 -0.01853074059972576 7.83
784 -0.01969227123693188 7.84
785 -0.02016470210222096 7.850000000000001
786 -0.02049861401240091 7.86
787 -0.02064667176052733 7.87
788 -0.02119681359600656 7.88
789 -0.02182041819542476 7.890000000000001
790 -0.02231399805750215 7.9
791 -0.02277938439096227 7.91
792 -0.02323837659961932 7.92
793 -0.023663360848047 7.930000000000001
794 -0.02393668555534953 7.94
795 -0.02451183681720227 7.95
796 -0.02471577023563715 7.96
797 -0.02555141693554121 7.97
798 -0.02607488958524145 7.98
799 -0.02693024778165571 7.99
800 -0.02744479804447173 8
801 -0.02816914907707348 8.01
802 -0.02866206480770505 8.02
803 -0.02916436418552537 8.029999999999999
804 -0.02945009157598112 8.040000000000001
805 -0.03001006232425213 8.050000000000001
806 -0.03065802233699638 8.06
807 -0.0312063447632503 8.07
808 -0.03204639993465877 8.08
809 -0.03264351723743229 8.09
810 -0.03315778551768929 8.1
811 -0.03374466099065092 8.109999999999999
812 -0.03416407652858924 8.120000000000001
813 -0.03469894959310933 8.130000000000001
814 -0.03549486237689407 8.140000000000001
815 -0.03594203007178343 8.15
816 -0.03639258175668313 8.16
817 -0.03693475839866468 8.17
818 -0.03738464553319126 8.18
819 -0.03794239997991099 8.19
820 -0.03854572233329738 8.199999999999999
821 -0.03910821518906756 8.210000000000001
822 -0.03966341224587002 8.220000000000001
823 -0.04023419361374758 8.23
824 -0.04072405348717612 8.24
825 -0.04115909045202501 8.25
826 -0.0416404466997059 8.26
827 -0.04215528967736583 8.27
828 -0.04269193113043379 8.279999999999999
829 -0.04342704248123303 8.290000000000001
830 -0.04382119501059115 8.300000000000001
831 -0.04446301896769755 8.31
832 -0.04488872817397532 8.32
833 -0.0450620021630351 8.33
834 -0.04541553966526461 8.34
835 -0.04590756939796754 8.35
836 -0.04635835617628176 8.359999999999999
837 -0.04710355082687673 8.370000000000001
838 -0.04758954385820705 8.380000000000001
839 -0.04818680550917924 8.390000000000001
840 -0.04877810117872802 8.4
841 -0.04943197974647498 8.41
842 -0.04992092971247539 8.42
843 -0.05046521570361237 8.43
844 -0.05091121415011363 8.44
845 -0.05125089766050621 8.449999999999999
846 -0.05146859836783658 8.460000000000001
847 -0.05194784356559896 8.470000000000001
848 -0.05241608810983545 8.48
849 -0.05288204922038424 8.49
850 -0.05360644632468933 8.5
851 -0.05413130445499683 8.51
852 -0.05459378026972318 8.52
853 -0.05490719226933141 8.529999999999999
854 -0.05548214166255415 8.540000000000001
855 -0.05581074632344899 8.550000000000001
856 -0.05611754713818063 8.56
857 -0.05662062069432061 8.57
858 -0.05715539402989567 8.58
859 -0.05769497900956477 8.59
860 -0.05837832299825183 8.6
861 -0.05899284285330428 8.609999999999999
862 -0.05941781708546121 8.620000000000001
863 -0.06001038573287498 8.630000000000001
864 -0.06066678531194321 8.640000000000001
865 -0.06091865066235064 8.65
866 -0.06131092248221427 8.66
867 -0.06177167147629144 8.67
868 -0.06185094255295399 8.68
869 -0.06222842284861999 8.69
870 -0.06303806220003966 8.700000000000001
871 -0.06356611953367924 8.710000000000001
872 -0.0643028908358249 8.720000000000001
873 -0.06500887799905791 8.73
874 -0.06601448736537566 8.74
875 -0.06711415366364408 8.75
876 -0.06793234583452584 8.76
877 -0.06873416035345588 8.77
878 -0.06928886411462508 8.779999999999999
879 -0.06976451749354487 8.790000000000001
880 -0.07018880456388606 8.800000000000001
881 -0.07054138696085495 8.81
882 -0.07098396903641609 8.82
883 -0.07151310940419073 8.83
884 -0.07201991566236837 8.84
885 -0.07268171241596132 8.85
886 -0.07341006137282725 8.859999999999999
887 -0.07420313133551852 8.870000000000001
888 -0.07506484893940649 8.880000000000001
889 -0.07604677440075272 8.890000000000001
890 -0.07678785821148625 8.9
891 -0.07775384329734512 8.91
892 -0.07847290091240866 8.92
893 -0.07884883300733279 8.93
894 -0.07936070205388381 8.94
895 -0.08025634829364768 8.950000000000001
896 -0.08082838706364265 8.960000000000001
897 -0.08149744058684076 8.970000000000001
898 -0.08217323628450386 8.98
899 -0.08275423379388971 8.99
900 -0.08353507252073053 9
901 -0.08434939970510313 9.01
902 -0.0852254538339834 9.02
903 -0.08605804802122584 9.029999999999999
904 -0.08673829169396569 9.040000000000001
905 -0.08761448519329708 9.050000000000001
906 -0.0885405116757433 9.06
907 -0.08934111450312622 9.07
908 -0.08987416268729707 9.08
909 -0.0905284371680815 9.09
910 -0.09118953097398441 9.1
911 -0.09167119025941295 9.109999999999999
912 -0.09245168029552793 9.120000000000001
913 -0.09316208806738038 9.130000000000001
914 -0.09363516565968999 9.140000000000001
915 -0.09445934290218413 9.15
916 -0.09518131297519557 9.16
917 -0.09584671659995767 9.17
918 -0.09642640042496495 9.18
919 -0.09705785349613756 9.19
920 -0.09776598248352836 9.200000000000001
921 -0.09846658161562968 9.210000000000001
922 -0.09949237355743644 9.220000000000001
923 -0.09987744381684685 9.23
924 -0.1002405752236251 9.24
925 -0.1010181107558936 9.25
926 -0.10177815564965 9.26
927 -0.1026685077356237 9.27
928 -0.1034127111748395 9.279999999999999
929 -0.1040284228405761 9.290000000000001
930 -0.1044654991946287 9.300000000000001
931 -0.1050526108248833 9.31
932 -0.1056580421791818 9.32
933 -0.1060490747875477 9.33
934 -0.1065377858746593 9.34
935 -0.1070104802606759 9.35
936 -0.1076230481490501 9.359999999999999
937 -0.1083726512280669 9.370000000000001
938 -0.1092731320837269 9.380000000000001
939 -0.1099126949189098 9.390000000000001
940 -0.1103782562583635 9.4
941 -0.1110362278035473 9.41
942 -0.111454451631969 9.42
943 -0.1117016131543103 9.43
944 -0.1117741861260748 9.44
945 -0.112311921419305 9.450000000000001
946 -0.1126866952204057 9.460000000000001
947 -0.1132911740539019 9.470000000000001
948 -0.1140168850882453 9.48
949 -0.1146665183990251 9.49
950 -0.1152049827797378 9.5
951 -0.1158081243280432 9.51
952 -0.1160142723314895 9.52
953 -0.1161812377117202 9.529999999999999
954 -0.1164645670781033 9.540000000000001
955 -0.1168566565013296 9.550000000000001
956 -0.1172736880656974 9.56
957 -0.117623102737741 9.57
958 -0.1181608076314229 9.58
959 -0.1181765834661631 9.59
960 -0.1181761466378557 9.6
961 -0.118410727214741 9.609999999999999
962 -0.1187635162321661 9.620000000000001
963 -0.1192914225068976 9.630000000000001
964 -0.1199992839938453 9.640000000000001
965 -0.1204434760758317 9.65
966 -0.1207968473772126 9.66
967 -0.1209458932015581 9.67
968 -0.1207935584486656 9.68
969 -0.1207962596542623 9.69
970 -0.120880264245487 9.700000000000001
971 -0.1209203754612604 9.710000000000001
972 -0.1209926204378848 9.720000000000001
973 -0.1214745710390579 9.73
974 -0.1215948049616432 9.74
975 -0.1214130477610711 9.75
976 -0.1214598882003933 9.76
977 -0.1215213131452843 9.77
978 -0.1215214729879718 9.779999999999999
979 -0.1215558304238269 9.790000000000001
980 -0.1216447857524822 9.800000000000001
981 -0.1217327832897207 9.81
982 -0.1220304943950929 9.82
983 -0.1222879682316481 9.83
984 -0.1223598626925568 9.84
985 -0.1218596196814709 9.85
986 -0.1218473484468212 9.859999999999999
987 -0.1214593441391801 9.870000000000001
988 -0.1209860718824391 9.880000000000001
989 -0.1206547489963965 9.890000000000001
990 -0.1204151319328542 9.9
991 -0.1203966821672367 9.91
992 -0.1202424755863288 9.92
993 -0.1204669104453472 9.93
994 -0.1206260255372908 9.94
995 -0.1206418321851061 9.950000000000001
996 -0.1206121772532052 9.960000000000001
997 -0.120379147349375 9.970000000000001
998 -0.1199074365313042 9.98
999 -0.1195004995818031 9.99
1000 -0.1192594184518261 10
1001 -0.1190189385108614 10.01
1002 -0.1188016340232546 10.02
1003 -0.118683586162135 10.03
1004 -0.1185207780044818 10.04
1005 -0.1183343814242484 10.05
1006 -0.1182104062582996 10.06
1007 -0.1182529261290709 10.07
1008 -0.1182545587448634 10.08
1009 -0.1182765668326232 10.09
1010 -0.1183766964939348 10.1
1011 -0.1185552831486266 10.11
1012 -0.1188895843567071 10.12
1013 -0.1189841234125341 10.13
1014 -0.1190017584894048 10.14
1015 -0.1188558862874443 10.15
1016 -0.1189304940211667 10.16
1017 -0.1190835453829418 10.17
1018 -0.1192775842047488 10.18
1019 -0.1192628416146381 10.19
1020 -0.1194207335554438 10.2
1021 -0.1196819689009989 10.21
1022 -0.1202135720365569 10.22
1023 -0.1203150497611894 10.23
1024 -0.1207833370810134 10.24
1025 -0.1211465038591458 10.25
1026 -0.1214676867746848 10.26
1027 -0.1221272451135362 10.27
1028 -0.1226549698106055 10.28
1029 -0.1234067946869565 10.29
1030 -0.1241241805237813 10.3
1031 -0.1248357043637121 10.31
1032 -0.125513426718284 10.32
1033 -0.1260880080548392 10.33
1034 -0.1266113814277671 10.34
1035 -0.1269070787729789 10.35
1036 -0.1274757622029865 10.36
1037 -0.1280035774366932 10.37
1038 -0.1289414409441545 10.38
1039 -0.1297771236340814 10.39
1040 -0.1305274923585293 10.4
1041 -0.1312976159852186 10.41
1042 -0.1319385678339517 10.42
1043 -0.1324674716921092 10.43
1044 -0.1333425692827572 10.44
1045 -0.134113433869247 10.45
1046 -0.1350121971353923 10.46
1047 -0.1357551043572149 10.47
1048 -0.1366132598757815 10.48
1049 -0.1373852129912242 10.49
1050 -0.1380663090226736 10.5
1051 -0.1391212943048764 10.51
1052 -0.1400167041642944 10.52
1053 -0.1406486696465266 10.53
1054 -0.1413603408029568 10.54
1055 -0.1422805117812957 10.55
1056 -0.1434998688582635 10.56
1057 -0.144502679362753 10.57
1058 -0.1454234386862935 10.58
1059 -0.1461563075404109 10.59
1060 -0.1469459295784137 10.6
1061 -0.14798583718803 10.61
1062 -0.1484326225577318 10.62
1063 -0.1489370493891582 10.63
1064 -0.1497680157138834 10.64
1065 -0.1506935743542565 10.65
1066 -0.1515523961988392 10.66
1067 -0.1520740843213424 10.67
1068 -0.1524498210835596 10.68
1069 -0.1529644771214885 10.69
1070 -0.1534541279938902 10.7
1071 -0.1541863153955381 10.71
1072 -0.1548991052655469 10.72
1073 -0.1553816147099429 10.73
1074 -0.1562395625538328 10.74
1075 -0.1568291531325471 10.75
1076 -0.1573045689030817 10.76
1077 -0.1581205041334683 10.77
1078 -0.1585485938288693 10.78
1079 -0.1591773635960951 10.79
1080 -0.1597886180458145 10.8
1081 -0.1603833770678785 10.81
1082 -0.1607943909075309 10.82
1083 -0.1613586482368358 10.83
1084 -0.1616490513262478 10.84
1085 -0.1616918291806305 10.85
1086 -0.1619697484129189 10.86
1087 -0.1624732277585528 10.87
1088 -0.1628054761014733 10.88
1089 -0.162701959569861 10.89
1090 -0.1627965437393729 10.9
1091 -0.1631781252342488 10.91
1092 -0.1635688328572636 10.92
1093 -0.1638328224159709 10.93
1094 -0.1641475035358954 10.94
1095 -0.1642422639806092 10.95
1096 -0.1642421852906043 10.96
1097 -0.1642006444510362 10.97
1098 -0.1640231948236861 10.98
1099 -0.1642904581739586 10.99
1100 -0.1646228684468476 11
1101 -0.164954559322001 11.01
1102 -0.1651196654706568 11.02
1103 -0.1651927983913086 11.03
1104 -0.1653541923196481 11.04
1105 -0.1655423490737048 11.05
1106 -0.1656272427234405 11.06
1107 -0.1657443896707477 11.07
1108 -0.1658232068637784 11.08
1109 -0.1659298454379188 11.09
1110 -0.1661538675163655 11.1
1111 -0.1664531897347042 11.11
1112 -0.1670831605534457 11.12
1113 -0.1674944895934072 11.13
1114 -0.1678043460376245 11.14
1115 -0.1681441065133466 11.15
1116 -0.1684606890624822 11.16
1117 -0.1687334700071791 11.17
1118 -0.1691568646582836 11.18
1119 -0.169357190895272 11.19
1120 -0.1694316298269494 11.2
1121 -0.1695633143624074 11.21
1122 -0.1697696314671701 11.22
1123 -0.1701881142642156 11.23
1124 -0.1704247814775214 11.24
1125 -0.1704965467258532 11.25
1126 -0.1707832405769051 11.26
1127 -0.1714150325396339 11.27
1128 -0.1721204574596729 11.28
1129 -0.1728102319655294 11.29
1130 -0.1734501179587535 11.3
1131 -0.1740577205799018 11.31
1132 -0.1744986589397502 11.32
1133 -0.1748604055411486 11.33
1134 -0.1751289297294442 11.34
1135 -0.17541998348818 11.35
1136 -0.1757287390225677 11.36
1137 -0.1761022511774588 11.37
1138 -0.1764978615508121 11.38
1139 -0.1769099505215461 11.39
1140 -0.1772959964171714 11.4
1141 -0.1775851647872226 11.41
1142 -0.1777963523103177 11.42
1143 -0.1777534713415371 11.43
1144 -0.1778042006100303 11.44
1145 -0.1781626042251812 11.45
1146 -0.1785610373340634 11.46
1147 -0.1789221266360092 11.47
1148 -0.1796406332394059 11.48
1149 -0.1800946814109439 11.49
1150 -0.1804716669398974 11.5
1151 -0.1808488551325413 11.51
1152 -0.181252453489809 11.52
1153 -0.1817098197018286 11.53
1154 -0.1820696336115571 11.54
1155 -0.1823509608215654 11.55
1156 -0.182543556400681 11.56
1157 -0.1827761862693074 11.57
1158 -0.1830292582614427 11.58
1159 -0.1833439592882081 11.59
1160 -0.183663385885312 11.6
1161 -0.1841623086161572 11.61
1162 -0.184702850680068 11.62
1163 -0.185376904027452 11.63
1164 -0.185925719900405 11.64
1165 -0.1865323703288338 11.65
1166 -0.187047937238565 11.66
1167 -0.1876626967387309 11.67
1168 -0.1881730543442077 11.68
1169 -0.1888068786106041 11.69
1170 -0.18928989251759 11.7
1171 -0.18981954975792 11.71
1172 -0.1903344178452092 11.72
1173 -0.1908024815284297 11.73
1174 -0.19144751529355 11.74
1175 -0.192349132400516 11.75
1176 -0.1931489064468632 11.76
1177 -0.1938263018182081 11.77
1178 -0.1944375540327916 11.78
1179 -0.1948130413959305 11.79
1180 -0.1952429572475077 11.8
1181 -0.1957919284108607 11.81
1182 -0.1963670209154112 11.82
1183 -0.1971752880930671 11.83
1184 -0.1977125666466077 11.84
1185 -0.1984825196635255 11.85
1186 -0.199197910040947 11.86
1187 -0.2001099492075384 11.87
1188 -0.2008361062911359 11.88
1189 -0.2018040228226108 11.89
1190 -0.2024048224636676 11.9
1191 -0.2029971075964637 11.91
1192 -0.2037805645330028 11.92
1193 -0.2042852369268338 11.93
1194 -0.2049102231579629 11.94
1195 -0.2057395603779364 11.95
1196 -0.2063644660277527 11.96
1197 -0.2072216407780512 11.97
1198 -0.2077324670379478 11.98
1199 -0.207939959259456 11.99
1200 -0.2083332722860769 12
1201 -0.2085583772209647 12.01
1202 -0.2088051419164267 12.02
1203 -0.2091027298302104 12.03
1204 -0.209281142081435 12.04
1205 -0.2097741613795675 12.05
1206 -0.2101112265954687 12.06
1207 -0.2104130348931455 12.07
1208 -0.2105849425448741 12.08
1209 -0.210962524558068 12.09
1210 -0.2111377468678522 12.1
1211 -0.2113067320577992 12.11
1212 -0.2114818251822257 12.12
1213 -0.2115576823987249 12.13
1214 -0.2115389859599191 12.14
1215 -0.2113418890727143 12.15
1216 -0.2111392331690305 12.16
1217 -0.2106984441099455 12.17
1218 -0.2103236345312623 12.18
1219 -0.2100282052240711 12.19
1220 -0.2097582192589199 12.2
1221 -0.2092546229944408 12.21
1222 -0.2089415902420396 12.22
1223 -0.208586771385521 12.23
1224 -0.2081868472099651 12.24
1225 -0.207638430352195 12.25
1226 -0.2073559128643057 12.26
1227 -0.2069029948941874 12.27
1228 -0.2062376279452658 12.28
1229 -0.2056847435239584 12.29
1230 -0.2052036995979109 12.3
1231 -0.2043493648020424 12.31
1232 -0.2034201604456775 12.32
1233 -0.2024912978719617 12.33
1234 -0.2017051542013638 12.34
1235 -0.2011603881675494 12.35
1236 -0.2006905544678661 12.36
1237 -0.2002673719314402 12.37
1238 -0.199679831740257 12.38
1239 -0.1991151453220951 12.39
1240 -0.1983583890399906 12.4
1241 -0.1974426766477664 12.41
1242 -0.1969653716623084 12.42
1243 -0.1963412416484285 12.43
1244 -0.195825799904922 12.44
1245 -0.1951645436292288 12.45
1246 -0.1945067229390555 12.46
1247 -0.1938557366657034 12.47
1248 -0.1930511712995132 12.48
1249 -0.1926339548367892 12.49
1250 -0.1919138510789639 12.5
1251 -0.1914736280874257 12.51
1252 -0.1911403413845424 12.52
1253 -0.1904690796629605 12.53
1254 -0.190778418933639 12.54
1255 -0.1910399037487827 12.55
1256 -0.1911005315899236 12.56
1257 -0.1910985317077723 12.57
1258 -0.190982896020656 12.58
1259 -0.1909067801331418 12.59
1260 -0.1906873237909172 12.6
1261 -0.1905072568919233 12.61
1262 -0.1905184735424276 12.62
1263 -0.1906978560302028 12.63
1264 -0.1908077251290684 12.64
1265 -0.1909854739609445 12.65
1266 -0.1912142966987739 12.66
1267 -0.1914560111447834 12.67
1268 -0.1916554453474058 12.68
1269 -0.1918926100903588 12.69
1270 -0.1927395032538526 12.7
1271 -0.1934329777804117 12.71
1272 -0.1938368074389309 12.72
1273 -0.1940370377620996 12.73
1274 -0.1941557074169208 12.74
1275 -0.1942756749581106 12.75
1276 -0.1946558188649857 12.76
1277 -0.1950361605472217 12.77
1278 -0.1952061741869554 12.78
1279 -0.1953993335935734 12.79
1280 -0.1955543921937641 12.8
1281 -0.1957866573565329 12.81
1282 -0.196134017303822 12.82
1283 -0.1965104179098615 12.83
1284 -0.196721106768539 12.84
1285 -0.1972169789864725 12.85
1286 -0.1973713916642792 12.86
1287 -0.1975392239381681 12.87
1288 -0.1976755463317953 12.88
1289 -0.1979559840191681 12.89
1290 -0.198339729089675 12.9
1291 -0.1982275077829398 12.91
1292 -0.1983940257568799 12.92
1293 -0.1985882861301456 12.93
1294 -0.1988597438143146 12.94
1295 -0.1991242104410659 12.95
1296 -0.199755207946663 12.96
1297 -0.2004925077888846 12.97
1298 -0.2010500861164227 12.98
1299 -0.2013268277270372 12.99
1300 -0.2016883166141016 13
1301 -0.2019129384220361 13.01
1302 -0.2025554218521574 13.02
1303 -0.2026708810842428 13.03
1304 -0.2029480000656782 13.04
1305 -0.203400833405693 13.05
1306 -0.2043251210640811 13.06
1307 -0.2049387325234996 13.07
1308 -0.2055796992670034 13.08
1309 -0.2058292875301664 13.09
1310 -0.2065426652180037 13.1
1311 -0.2075384836268824 13.11
1312 -0.2082770007325405 13.12
1313 -0.2084183193902462 13.13
1314 -0.2088774655886839 13.14
1315 -0.2090186231742293 13.15
1316 -0.2091495819879061 13.16
1317 -0.209370623679659 13.17
1318 -0.2098879862209517 13.18
1319 -0.2099987236447675 13.19
1320 -0.2102413997664596 13.2
1321 -0.2106163567720686 13.21
1322 -0.2111030601060095 13.22
1323 -0.2114414456807437 13.23
1324 -0.2115755622539947 13.24
1325 -0.211948552706556 13.25
1326 -0.2123083217035463 13.26
1327 -0.2126157013873877 13.27
1328 -0.212976151948801 13.28
1329 -0.2131344593811148 13.29
1330 -0.2134907005748575 13.3
1331 -0.2138260363843958 13.31
1332 -0.2140592835000291 13.32
1333 -0.2141501507576504 13.33
1334 -0.2140908537655699 13.34
1335 -0.2142262584749281 13.35
1336 -0.214332607269921 13.36
1337 -0.2145992575640265 13.37
1338 -0.2147991465743377 13.38
1339 -0.2148467656406926 13.39
1340 -0.2148635525144324 13.4
1341 -0.2149475142844635 13.41
1342 -0.2149736530763257 13.42
1343 -0.2150337098296949 13.43
1344 -0.215316984474081 13.44
1345 -0.2155191627851352 13.45
1346 -0.2156686178429983 13.46
1347 -0.2156718670916095 13.47
1348 -0.2158844335284298 13.48
1349 -0.2156762785330217 13.49
1350 -0.2158490788889483 13.5
1351 -0.2154624060074282 13.51
1352 -0.2152349881248257 13.52
1353 -0.2150904684991126 13.53
1354 -0.2152230081110157 13.54
1355 -0.2150942365802705 13.55
1356 -0.2149053201130456 13.56
1357 -0.2148164184848498 13.57
1358 -0.2148811272396537 13.58
1359 -0.214551264514676 13.59
1360 -0.2146372626522021 13.6
1361 -0.2145616195965145 13.61
1362 -0.2143733775667292 13.62
1363 -0.2142113407631021 13.63
1364 -0.2142355359613199 13.64
1365 -0.2142575333087513 13.65
1366 -0.2143528935640998 13.66
1367 -0.2144169210620573 13.67
1368 -0.2139191222658073 13.68
1369 -0.2136748293874565 13.69
1370 -0.2134198067260671 13.7
1371 -0.2132501391464275 13.71
1372 -0.2130627585295055 13.72
1373 -0.2130735479929131 13.73
1374 -0.2131837283784564 13.74
1375 -0.2131873564171946 13.75
1376 -0.2132929390968973 13.76
1377 -0.2129402400435535 13.77
1378 -0.2130894521615036 13.78
1379 -0.2132560510025134 13.79
1380 -0.2130553420196915 13.8
1381 -0.2126204212842276 13.81
1382 -0.2123847109042793 13.82
1383 -0.2124391601454665 13.83
1384 -0.2125960415075117 13.84
1385 -0.2126387790251389 13.85
1386 -0.2127691044606722 13.86
1387 -0.2126980246617221 13.87
1388 -0.212632126543259 13.88
1389 -0.2122891926678078 13.89
1390 -0.212123736398585 13.9
1391 -0.211656294474186 13.91
1392 -0.2115896948751988 13.92
1393 -0.2110650201055297 13.93
1394 -0.2111168692637921 13.94
1395 -0.211276355338327 13.95
1396 -0.2116202061736581 13.96
1397 -0.210976009444578 13.97
1398 -0.211070720826762 13.98
1399 -0.2103257523297574 13.99
1400 -0.2098461028769158 14
1401 -0.2101358768314539 14.01
1402 -0.2102251111631086 14.02
1403 -0.2097615871689296 14.03
1404 -0.209389366428483 14.04
1405 -0.208669529213436 14.05
1406 -0.2072145339090376 14.06
1407 -0.2065373259571134 14.07
1408 -0.205876264012896 14.08
1409 -0.2054109593052789 14.09
1410 -0.205409305997842 14.1
1411 -0.2050370836471279 14.11
1412 -0.2042714770963241 14.12
1413 -0.203718287966906 14.13
1414 -0.2035169923673577 14.14
1415 -0.2029164103346513 14.15
1416 -0.2018928122768106 14.16
1417 -0.2011964608142117 14.17
1418 -0.2006905903102244 14.18
1419 -0.1998970114916447 14.19
1420 -0.1991386851168754 14.2
1421 -0.1985420788121115 14.21
1422 -0.1977858255121146 14.22
1423 -0.1967904680455662 14.23
1424 -0.1958693924249187 14.24
1425 -0.1947291412593547 14.25
1426 -0.1934945161704726 14.26
1427 -0.1925428125468569 14.27
1428 -0.1919412602266369 14.28
1429 -0.1914216478273845 14.29
1430 -0.1910183218268403 14.3
1431 -0.1903823345130854 14.31
1432 -0.18989475402511 14.32
1433 -0.1894431350109324 14.33
1434 -0.1888210700532298 14.34
1435 -0.1878634274116561 14.35
1436 -0.187448333418769 14.36
1437 -0.1871806035100873 14.37
1438 -0.1867951177448007 14.38
1439 -0.1870936885773285 14.39
1440 -0.1872591253322115 14.4
1441 -0.1870868349867078 14.41
1442 -0.1858682911068734 14.42
1443 -0.185465295403508 14.43
1444 -0.1850491721054798 14.44
1445 -0.1840781106982413 14.45
1446 -0.1838003833713455 14.46
1447 -0.1836890422706546 14.47
1448 -0.1841096470463788 14.48
1449 -0.1842289958092248 14.49
1450 -0.1847300715072443 14.5
1451 -0.1848860261723105 14.51
1452 -0.1851093667897391 14.52
1453 -0.184597450062584 14.53
1454 -0.184052309758113 14.54
1455 -0.1840586033881131 14.55
1456 -0.1839664040027298 14.56
1457 -0.1845738116155421 14.57
1458 -0.1841924735548995 14.58
1459 -0.1838831452815601 14.59
1460 -0.1836332542727111 14.6
1461 -0.1837008362199234 14.61
1462 -0.1837851872787845 14.62
1463 -0.1835482696677678 14.63
1464 -0.1836658669739522 14.64
1465 -0.1836402901176968 14.65
1466 -0.1836168456518261 14.66
1467 -0.183413683712026 14.67
1468 -0.1830200934144102 14.68
1469 -0.1827469345408547 14.69
1470 -0.182564737455197 14.7
1471 -0.1824193184334866 14.71
1472 -0.1821688632306914 14.72
1473 -0.1818254240883034 14.73
1474 -0.1814763546734448 14.74
1475 -0.1811403026527527 14.75
1476 -0.1809554863648678 14.76
1477 -0.1806005102729168 14.77
1478 -0.1805421863460313 14.78
1479 -0.1798175511389362 14.79
1480 -0.1796901821732637 14.8
1481 -0.1794154939601638 14.81
1482 -0.1791448834771792 14.82
1483 -0.1790057539691186 14.83
1484 -0.1787594233010797 14.84
1485 -0.1784030192529785 14.85
1486 -0.1776207535854667 14.86
1487 -0.1765767021008047 14.87
1488 -0.1760270745446881 14.88
1489 -0.175104313710253 14.89
1490 -0.1745668597729691 14.9
1491 -0.1739877127832818 14.91
1492 -0.1734528255976278 14.92
1493 -0.1730510321609184 14.93
1494 -0.172720046183551 14.94
1495 -0.172574071612126 14.95
1496 -0.1720815612389663 14.96
1497 -0.1719839558174903 14.97
1498 -0.1716803449007222 14.98
1499 -0.171333370699737 14.99
1500 -0.1713812243196094 15
1501 -0.1709415569350888 15.01
1502 -0.1703687659853942 15.02
1503 -0.169440833269094 15.03
1504 -0.1689758732047924 15.04
1505 -0.1688597179257524 15.05
1506 -0.1688440739040321 15.06
1507 -0.1683325209267227 15.07
1508 -0.1682122729148718 15.08
1509 -0.1680182070789999 15.09
1510 -0.1679330860955709 15.1
1511 -0.1677089142842934 15.11
1512 -0.1677032029602441 15.12
1513 -0.16777470478086 15.13
1514 -0.1678347489103535 15.14
1515 -0.1680527901699937 15.15
1516 -0.1679477562982913 15.16
1517 -0.167625033690943 15.17
1518 -0.1674209237306949 15.18
1519 -0.1673101314344329 15.19
1520 -0.1674782111011026 15.2
1521 -0.16821845874965 15.21
1522 -0.1687451009001412 15.22
1523 -0.1686012959325936 15.23
1524 -0.1687967177084313 15.24
1525 -0.1688146199936435 15.25
1526 -0.1689778390990257 15.26
1527 -0.1686058747889932 15.27
1528 -0.1686346432947443 15.28
1529 -0.1681777298192798 15.29
1530 -0.1688456278946504 15.3
1531 -0.1684113156652682 15.31
1532 -0.1688806507929149 15.32
1533 -0.1690322495611375 15.33
1534 -0.1689377401978918 15.34
1535 -0.1693844002435849 15.35
1536 -0.1692669057203506 15.36
1537 -0.1693681775456006 15.37
1538 -0.1691762981367962 15.38
1539 -0.1693378882059577 15.39
1540 -0.1687594987373447 15.4
1541 -0.1677179715562687 15.41
1542 -0.1670820634798066 15.42
1543 -0.1666509693023267 15.43
1544 -0.1664241500120024 15.44
1545 -0.1660622333295026 15.45
1546 -0.1650683074348715 15.46
1547 -0.1638615394538475 15.47
1548 -0.1631432362995907 15.48
1549 -0.1625629401384735 15.49
1550 -0.1618123464154443 15.5
1551 -0.1616219055551622 15.51
1552 -0.1618995739652298 15.52
1553 -0.1604914933828786 15.53
1554 -0.1593393390312911 15.54
1555 -0.1582194888882785 15.55
1556 -0.1576937359240453 15.56
1557 -0.1568782047868789 15.57
1558 -0.1553294711448293 15.58
1559 -0.153807384063374 15.59
1560 -0.153025056932196 15.6
1561 -0.1516358006166775 15.61
1562 -0.150487368224646 15.62
1563 -0.1499099058707357 15.63
1564 -0.1485933751362816 15.64
1565 -0.1471986144280197 15.65
1566 -0.1460405458832737 15.66
1567 -0.1446899726648822 15.67
1568 -0.1435088419934086 15.68
1569 -0.1420981427632791 15.69
1570 -0.1401970136823996 15.7
1571 -0.1387270764818375 15.71
1572 -0.1375998168633775 15.72
1573 -0.1366605356051337 15.73
1574 -0.1351920228907443 15.74
1575 -0.1340561955102445 15.75
1576 -0.133206019907616 15.76
1577 -0.1316700682719724 15.77
1578 -0.1306455276592577 15.78
1579 -0.1291850922084365 15.79
1580 -0.1276106842857509 15.8
1581 -0.1266979680457474 15.81
1582 -0.1259927631728887 15.82
1583 -0.1248209292296905 15.83
1584 -0.1236486442923232 15.84
1585 -0.1223907753745834 15.85
1586 -0.121904164627159 15.86
1587 -0.1212053750764884 15.87
1588 -0.1205341819315593 15.88
1589 -0.1199189906481689 15.89
1590 -0.1194382620251492 15.9
1591 -0.1193785837434442 15.91
1592 -0.1189859393676664 15.92
1593 -0.1187290658257144 15.93
1594 -0.1179847599775783 15.94
1595 -0.1178335961632628 15.95
1596 -0.1179516940948355 15.96
1597 -0.1182443312733782 15.97
1598 -0.1186192258285117 15.98
1599 -0.1189099779650391 15.99
1600 -0.1190590096388641 16
1601 -0.1194456429583829 16.01
1602 -0.1205005568901524 16.02
1603 -0.1205085033807179 16.03
1604 -0.1205693515466075 16.04
1605 -0.1217723611978702 16.05
1606 -0.1223745711645553 16.06
1607 -0.1230488899986603 16.07
1608 -0.1235516308403326 16.08
1609 -0.1235782504539361 16.09
1610 -0.1241993618755167 16.1
1611 -0.1245729802066963 16.11
1612 -0.1256013053820253 16.12
1613 -0.126622667204804 16.13
1614 -0.1275888111424938 16.14
1615 -0.1283302779811376 16.15
1616 -0.1294145714358868 16.16
1617 -0.1298418195196392 16.17
1618 -0.1303543147995491 16.18
1619 -0.1310242364475369 16.19
1620 -0.1312043935190103 16.2
1621 -0.131273537913797 16.21
1622 -0.1320792812184795 16.22
1623 -0.1332436559947129 16.23
1624 -0.134475418487782 16.24
1625 -0.1351527123488689 16.25
1626 -0.136322300148133 16.26
1627 -0.1375213129683336 16.27
1628 -0.1381666337638188 16.28
1629 -0.1388092359985109 16.29
1630 -0.1391343167134408 16.3
1631 -0.140079157648551 16.31
1632 -0.1406019344997144 16.32
1633 -0.1411266875468086 16.33
1634 -0.141788738791855 16.34
1635 -0.1424407211046922 16.35
1636 -0.1439695347888924 16.36
1637 -0.1451824488715685 16.37
1638 -0.1460167617436464 16.38
1639 -0.1465608914273407 16.39
1640 -0.1474606133173922 16.4
1641 -0.148313079912495 16.41
1642 -0.1489963900212595 16.42
1643 -0.1497931856884379 16.43
1644 -0.1504173704404973 16.44
1645 -0.151211088899275 16.45
1646 -0.151367618405974 16.46
1647 -0.1518825839747236 16.47
1648 -0.1528208789886067 16.48
1649 -0.1531538372503145 16.49
1650 -0.1534363401816455 16.5
1651 -0.1538163996896939 16.51
1652 -0.1540805594460108 16.52
1653 -0.1543231059603117 16.53
1654 -0.1549837449043075 16.54
1655 -0.1557436684625932 16.55
1656 -0.1562445064400615 16.56
1657 -0.1565314747332807 16.57
1658 -0.1568636856732383 16.58
1659 -0.1570661912097149 16.59
1660 -0.1573317568826003 16.6
1661 -0.1573142892064821 16.61
1662 -0.1572816055545148 16.62
1663 -0.1575059209017961 16.63
1664 -0.1574224243008575 16.64
1665 -0.1571170006110215 16.65
1666 -0.156631260691608 16.66
1667 -0.156272227432272 16.67
1668 -0.1558800761369843 16.68
1669 -0.1549819543587328 16.69
1670 -0.154356650214482 16.7
1671 -0.1537343412415344 16.71
1672 -0.1529061979926096 16.72
1673 -0.1526050019737759 16.73
1674 -0.1522205566110746 16.74
1675 -0.1518431280482574 16.75
1676 -0.1508419515372285 16.76
1677 -0.1497252625951562 16.77
1678 -0.1486561993600636 16.78
1679 -0.1476989657315497 16.79
1680 -0.1470834961041911 16.8
1681 -0.1456027704285356 16.81
1682 -0.1441324386394758 16.82
1683 -0.1426066070112243 16.83
1684 -0.1415351283748104 16.84
1685 -0.1406508969596428 16.85
1686 -0.1396837557800721 16.86
1687 -0.1384064549589799 16.87
1688 -0.1376645902915084 16.88
1689 -0.1359650290090655 16.89
1690 -0.1342617604610439 16.9
1691 -0.1327244119779951 16.91
1692 -0.1317009329442984 16.92
1693 -0.1307485055026608 16.93
1694 -0.1296833116660921 16.94
1695 -0.1289708848197458 16.95
1696 -0.1280321400606801 16.96
1697 -0.1277423380005635 16.97
1698 -0.1278463554305873 16.98
1699 -0.1276304054946055 16.99
1700 -0.1274558737541501 17
1701 -0.1268272045316864 17.01
1702 -0.126886137172398 17.02
1703 -0.1266364435402155 17.03
1704 -0.1262014344580226 17.04
1705 -0.1256904335469168 17.05
1706 -0.1252823461136857 17.06
1707 -0.1254652122793978 17.07
1708 -0.1257153421679308 17.08
1709 -0.1261989218952329 17.09
1710 -0.1267905565252242 17.1
1711 -0.1263926325189442 17.11
1712 -0.1267062632756384 17.12
1713 -0.1275313655547443 17.13
1714 -0.1275458553767975 17.14
1715 -0.1280602483428992 17.15
1716 -0.1289405389143703 17.16
1717 -0.1295460077693228 17.17
1718 -0.1302230907334694 17.18
1719 -0.1303417284887297 17.19
1720 -0.129924077748659 17.2
1721 -0.1295743294404625 17.21
1722 -0.1293169204771229 17.22
1723 -0.1294591676224685 17.23
1724 -0.1290615035074527 17.24
1725 -0.1292625567749756 17.25
1726 -0.129674285418112 17.26
1727 -0.1298681311695496 17.27
1728 -0.1295811222142736 17.28
1729 -0.1301099990320589 17.29
1730 -0.1306491538148035 17.3
1731 -0.1305653628576624 17.31
1732 -0.1308178754023233 17.32
1733 -0.129918740729584 17.33
1734 -0.1291761987045878 17.34
1735 -0.1280029843022083 17.35
1736 -0.1270624536240892 17.36
1737 -0.1265364108900359 17.37
1738 -0.1259048706269884 17.38
1739 -0.1258593280286952 17.39
1740 -0.1263900948355742 17.4
1741 -0.1259829540051667 17.41
1742 -0.1259873212768796 17.42
1743 -0.125057800927615 17.43
1744 -0.1239669248775451 17.44
1745 -0.1234519787294139 17.45
1746 -0.1221829658512452 17.46
1747 -0.1212177856727001 17.47
1748 -0.1204081583414906 17.48
1749 -0.1195490495759717 17.49
1750 -0.1180786346328417 17.5
1751 -0.116179347103829 17.51
1752 -0.1150770526120312 17.52
1753 -0.1140879337814094 17.53
1754 -0.113108971580019 17.54
1755 -0.1117399781476956 17.55
1756 -0.1110827332376909 17.56
1757 -0.109756039636869 17.57
1758 -0.1087896195052679 17.58
1759 -0.1075793640833438 17.59
1760 -0.1065052872986702 17.6
1761 -0.1051827260853007 17.61
1762 -0.1038659294974114 17.62
1763 -0.1021357158759731 17.63
1764 -0.1005816362477007 17.64
1765 -0.09914695064284042 17.65
1766 -0.09756106630463743 17.66
1767 -0.0976850639895703 17.67
1768 -0.097418086997293 17.68
1769 -0.09686855671736537 17.69
1770 -0.09547777686175279 17.7
1771 -0.09442232103707517 17.71
1772 -0.09299662693944814 17.72
1773 -0.09248060034083808 17.73
1774 -0.09227279838435089 17.74
1775 -0.09159186904826183 17.75
1776 -0.09096797367880111 17.76
1777 -0.09074520473890188 17.77
1778 -0.09053756862538866 17.78
1779 -0.09074636137668779 17.79
1780 -0.09091559020974116 17.8
1781 -0.09180495886020007 17.81
1782 -0.09183243165625164 17.82
1783 -0.0923607476515948 17.83
1784 -0.09263271846514952 17.84
1785 -0.09311570290222004 17.85
1786 -0.09292182044312641 17.86
1787 -0.09279333126617532 17.87
1788 -0.09232878432429369 17.88
1789 -0.09285347626109978 17.89
1790 -0.09369488381260363 17.9
1791 -0.09415965174952989 17.91
1792 -0.09507866080472606 17.92
1793 -0.09585640945161089 17.93
1794 -0.09590806322252358 17.94
1795 -0.09600337901179055 17.95
1796 -0.09623036234095643 17.96
1797 -0.09631716089127478 17.97
1798 -0.09693676695299373 17.98
1799 -0.09723359653949992 17.99
1800 -0.09735934177665076 18
1801 -0.09746660050277663 18.01
1802 -0.0976508460757458 18.02
1803 -0.09782645485362589 18.03
1804 -0.0979334115628339 18.04
1805 -0.09849576350310284 18.05
1806 -0.09890371117935806 18.06
1807 -0.09904802689976207 18.07
1808 -0.09877897652068815 18.08
1809 -0.09882428256643351 18.09
1810 -0.0988212877569377 18.1
1811 -0.09877102507462641 18.11
1812 -0.09889323498530936 18.12
1813 -0.09820490369923247 18.13
1814 -0.0978774046241825 18.14
1815 -0.09750888350758545 18.15
1816 -0.09706911169077274 18.16
1817 -0.09689348235337848 18.17
1818 -0.09736892852779998 18.18
1819 -0.09673716384234471 18.19
1820 -0.09620560254352591 18.2
1821 -0.09594711481294785 18.21
1822 -0.09500995895300005 18.22
1823 -0.09402859164111994 18.23
1824 -0.09319559481929238 18.24
1825 -0.09251420795914463 18.25
1826 -0.09212190536603225 18.26
1827 -0.09188117144401052 18.27
1828 -0.09152311180129863 18.28
1829 -0.09096060144221785 18.29
1830 -0.09057297493522684 18.3
1831 -0.09015995720463953 18.31
1832 -0.08974982817454966 18.32
1833 -0.0892748946747727 18.33
1834 -0.08881983582695589 18.34
1835 -0.08819100751382644 18.35
1836 -0.08750915530389433 18.36
1837 -0.08679684640706471 18.37
1838 -0.08595203827806609 18.38
1839 -0.08521148174554313 18.39
1840 -0.0845767767532839 18.4
1841 -0.08405715311782729 18.41
1842 -0.08358792083446374 18.42
1843 -0.08286601620518098 18.43
1844 -0.08195821164438678 18.44
1845 -0.08129802020424434 18.45
1846 -0.08105110818194541 18.46
1847 -0.08058630515685437 18.47
1848 -0.08009815062215495 18.48
1849 -0.07954395784826053 18.49
1850 -0.07887000498046352 18.5
1851 -0.07828585140743768 18.51
1852 -0.07782767936020304 18.52
1853 -0.07746803443387856 18.53
1854 -0.07722835719643721 18.54
1855 -0.07703338070560184 18.55
1856 -0.07678274417770431 18.56
1857 -0.07647167181410564 18.57
1858 -0.07590356220722869 18.58
1859 -0.07537624801417442 18.59
1860 -0.07490607293003697 18.6
1861 -0.07437745662232458 18.61
1862 -0.07386837504999444 18.62
1863 -0.07339746589330401 18.63
1864 -0.0729009792719755 18.64
1865 -0.07236601747253038 18.65
1866 -0.07190583445120767 18.66
1867 -0.07133544971313463 18.67
1868 -0.07109327035385758 18.68
1869 -0.07077499445019642 18.69
1870 -0.07049573053029652 18.7
1871 -0.07040825485018296 18.71
1872 -0.07024532461874711 18.72
1873 -0.06992102451910627 18.73
1874 -0.06943460555230282 18.74
1875 -0.06897536989419883 18.75
1876 -0.06845745857825065 18.76
1877 -0.06801458035905392 18.77
1878 -0.06764839397440446 18.78
1879 -0.0672160092256668 18.79
1880 -0.06673936337635684 18.8
1881 -0.06594953681911936 18.81
1882 -0.06506826450385515 18.82
1883 -0.06461060857160941 18.83
1884 -0.06421107087187151 18.84
1885 -0.06380758100620516 18.85
1886 -0.06354346641105739 18.86
1887 -0.06366016133548254 18.87
1888 -0.06364504371291965 18.88
1889 -0.06346627081664002 18.89
1890 -0.06308601709022234 18.9
1891 -0.06267069987144068 18.91
1892 -0.06200253362164111 18.92
1893 -0.06143268183921673 18.93
1894 -0.0608214676371698 18.94
1895 -0.0600922314204556 18.95
1896 -0.0593784851057739 18.96
1897 -0.05876265943830773 18.97
1898 -0.0583028310523903 18.98
1899 -0.05777024924222941 18.99
1900 -0.0573765700932109 19
1901 -0.05682570772964225 19.01
1902 -0.05665245888256816 19.02
1903 -0.05635628847482833 19.03
1904 -0.05594491951703587 19.04
1905 -0.05567634305899444 19.05
1906 -0.05528302678989347 19.06
1907 -0.0548880911357981 19.07
1908 -0.05447524398346734 19.08
1909 -0.05399752598352969 19.09
1910 -0.05363423417690175 19.1
1911 -0.053263455555239 19.11
1912 -0.05271419614324287 19.12
1913 -0.05222373845098507 19.13
1914 -0.05168809450226225 19.14
1915 -0.05136549618199751 19.15
1916 -0.05111726312409633 19.16
1917 -0.05102551931890801 19.17
1918 -0.05086999936768889 19.18
1919 -0.05059192727439031 19.19
1920 -0.05035058673056853 19.2
1921 -0.05007811186760255 19.21
1922 -0.04991894563078123 19.22
1923 -0.04962362742154139 19.23
1924 -0.04933081923408687 19.24
1925 -0.0490509654546577 19.25
1926 -0.04877940858257127 19.26
1927 -0.04846651528044336 19.27
1928 -0.04849834687100836 19.28
1929 -0.0487322367050627 19.29
1930 -0.04870067450314792 19.3
1931 -0.04873779833965868 19.31
1932 -0.04888747486260762 19.32
1933 -0.04899960314716589 19.33
1934 -0.04912254121339267 19.34
1935 -0.04921553313959618 19.35
1936 -0.04922924027605557 19.36
1937 -0.04923904924004341 19.37
1938 -0.04924661479650806 19.38
1939 -0.04939295396795595 19.39
1940 -0.0496405666758223 19.4
1941 -0.04967115922234758 19.41
1942 -0.04974010516737518 19.42
1943 -0.04987219807131976 19.43
1944 -0.05006335212194393 19.44
1945 -0.05031357443342092 19.45
1946 -0.05056672947424605 19.46
1947 -0.05085518811510997 19.47
1948 -0.05126831462837662 19.48
1949 -0.05169062464334195 19.49
1950 -0.05198545359955425 19.5
1951 -0.05227116902313517 19.51
1952 -0.05264195702507495 19.52
1953 -0.05295466298842232 19.53
1954 -0.05339625010087881 19.54
1955 -0.05376495387672706 19.55
1956 -0.05390152979178815 19.56
1957 -0.05423006289817878 19.57
1958 -0.05446245662403547 19.58
1959 -0.05468543619049908 19.59
1960 -0.05504595328507853 19.6
1961 -0.05551003304812992 19.61
1962 -0.05579388170233538 19.62
1963 -0.05598763216438998 19.63
1964 -0.0561667957165333 19.64
1965 -0.056361913853508 19.65
1966 -0.05654822452405748 19.66
1967 -0.05669205277582845 19.67
1968 -0.05689207384293587 19.68
1969 -0.05705323217079413 19.69
1970 -0.05731473532086793 19.7
1971 -0.0575339617292312 19.71
1972 -0.05772568215300557 19.72
1973 -0.05795202877748103 19.73
1974 -0.05802437912198773 19.74
1975 -0.05812939381225994 19.75
1976 -0.05824203424776599 19.76
1977 -0.05845018694909889 19.77
1978 -0.05860706876469922 19.78
1979 -0.0587225601430972 19.79
1980 -0.05882296658063743 19.8
1981 -0.05889870161397941 19.81
1982 -0.05908024107092791 19.82
1983 -0.05919618940112364 19.83
1984 -0.05928649034108067 19.84
1985 -0.05932159754836002 19.85
1986 -0.05933910354198461 19.86
1987 -0.05945625055179153 19.87
1988 -0.0596173693351037 19.88
1989 -0.05974856689794147 19.89
1990 -0.05987076733842765 19.9
1991 -0.05995956998069384 19.91
1992 -0.06003235907086867 19.92
1993 -0.06023991992425359 19.93
1994 -0.06037596417606041 19.94
1995 -0.06048119564566536 19.95
1996 -0.06067264631197686 19.96
1997 -0.06074179283804115 19.97
1998 -0.0607614916965578 19.98
1999 -0.06081756999512868 19.99
2000 -0.06097237256557798 20
2001 -0.06110749102659618 20.01
2002 -0.06109317463106393 20.02
2003 -0.06130243779411108 20.03
2004 -0.06150630979798662 20.04
2005 -0.06176841572191466 20.05
2006 -0.06189305005056646 20.06
2007 -0.06202543562924549 20.07
2008 -0.06236017945953602 20.08
2009 -0.06243886024319895 20.09
2010 -0.06276021099763232 20.1
2011 -0.06298360632757834 20.11
2012 -0.06316194583408941 20.12
2013 -0.06345488100571015 20.13
2014 -0.06358517042639684 20.14
2015 -0.06383172249471243 20.15
2016 -0.06396367766081197 20.16
2017 -0.06420992704418524 20.17
2018 -0.06443723675562829 20.18
2019 -0.06465859782721695 20.19
2020 -0.06488298342862089 20.2
2021 -0.0647641554677377 20.21
2022 -0.06484828895171096 20.22
2023 -0.0649579520193784 20.23
2024 -0.06526414428511049 20.24
2025 -0.06555055820923762 20.25
2026 -0.06590259808032181 20.26
2027 -0.06622181127087544 20.27
2028 -0.06662879357409154 20.28
2029 -0.06691391084622932 20.29
2030 -0.06708526127632 20.3
2031 -0.06735157667971269 20.31
2032 -0.06759805710042566 20.32
2033 -0.06763649888349027 20.33
2034 -0.06783510218341744 20.34
2035 -0.06795914367288189 20.35
2036 -0.06810494635105484 20.36
2037 -0.0683093809826365 20.37
2038 -0.06848198286771266 20.38
2039 -0.06865114276187775 20.39
2040 -0.06888987156075613 20.4
2041 -0.06906228817778662 20.41
2042 -0.06933124124790704 20.42
2043 -0.06952231517431604 20.43
2044 -0.06964179015413012 20.44
2045 -0.06961477933720628 20.45
2046 -0.06950684744779385 20.46
2047 -0.06944576647337367 20.47
2048 -0.06946787524831276 20.48
2049 -0.06953317442877599 20.49
2050 -0.06959182768676314 20.5
2051 -0.0695967124730686 20.51
2052 -0.0697861594074739 20.52
2053 -0.06983096967822851 20.53
2054 -0.06976211971867009 20.54
2055 -0.06947958288304659 20.55
2056 -0.06943156996321877 20.56
2057 -0.06953628055741207 20.57
2058 -0.06947012398293728 20.58
2059 -0.06937858844152142 20.59
2060 -0.0692358146681384 20.6
2061 -0.06905115543951383 20.61
2062 -0.0687914370677648 20.62
2063 -0.06866431509704156 20.63
2064 -0.0685882218508284 20.64
2065 -0.06837034356640578 20.65
2066 -0.06821307221617631 20.66
2067 -0.06790170435756895 20.67
2068 -0.06773326469156672 20.68
2069 -0.06745808238701406 20.69
2070 -0.06724893677975598 20.7
2071 -0.06698119714074592 20.71
2072 -0.06675812288788352 20.72
2073 -0.06639101633860151 20.73
2074 -0.06618984647276228 20.74
2075 -0.06608723257091929 20.75
2076 -0.06591354857409007 20.76
2077 -0.06571342859009116 20.77
2078 -0.06537489910337255 20.78
2079 -0.06514797822862609 20.79
2080 -0.0648534802410506 20.8
2081 -0.06456213194567206 20.81
2082 -0.06419321421565857 20.82
2083 -0.06393945148975172 20.83
2084 -0.06357404300106015 20.84
2085 -0.0632135986683536 20.85
2086 -0.06295750396914938 20.86
2087 -0.06280584049101173 20.87
2088 -0.06258718325844519 20.88
2089 -0.06239225248074593 20.89
2090 -0.06216076670316934 20.9
2091 -0.06202763220292625 20.91
2092 -0.06177259469167379 20.92
2093 -0.06147726600110973 20.93
2094 -0.06119578467146552 20.94
2095 -0.06095240819608351 20.95
2096 -0.0607852550610468 20.96
2097 -0.06053253382601786 20.97
2098 -0.06030859761205896 20.98
2099 -0.06001514811337855 20.99
2100 -0.05982018533690679 21
2101 -0.05964678745843906 21.01
2102 -0.05923564360532588 21.02
2103 -0.05890733640576226 21.03
2104 -0.05865028643212707 21.04
2105 -0.05862973992785804 21.05
2106 -0.0585721010666221 21.06
2107 -0.05848013784990266 21.07
2108 -0.0584067725691102 21.08
2109 -0.05827432964901444 21.09
2110 -0.05800579164467245 21.1
2111 -0.05773748614573079 21.11
2112 -0.05753324634061431 21.12
2113 -0.05737194736569746 21.13
2114 -0.05722387696048791 21.14
2115 -0.05693599847291449 21.15
2116 -0.05652786371945863 21.16
2117 -0.05630953548029925 21.17
2118 -0.05607863731028718 21.18
2119 -0.05628105741622598 21.19
2120 -0.05635442140665773 21.2
2121 -0.05635250480043491 21.21
2122 -0.05623985844095136 21.22
2123 -0.05568685970233176 21.23
2124 -0.05538719266793916 21.24
2125 -0.05532105929493473 21.25
2126 -0.05513133311782059 21.26
2127 -0.05467628975430947 21.27
2128 -0.05427800568876293 21.28
2129 -0.05407180605101334 21.29
2130 -0.05387304198622471 21.3
2131 -0.05364564057713617 21.31
2132 -0.05342422567386384 21.32
2133 -0.05348924228718685 21.33
2134 -0.05338074421996171 21.34
2135 -0.05290648013002362 21.35
2136 -0.05245658381967198 21.36
2137 -0.05217493208361729 21.37
2138 -0.05209361546190838 21.38
2139 -0.05168925193528121 21.39
2140 -0.05121063222120727 21.4
2141 -0.05080656057445336 21.41
2142 -0.05064079881783634 21.42
2143 -0.05037424635916372 21.43
2144 -0.05021302516940958 21.44
2145 -0.04969725220977737 21.45
2146 -0.0493606515243126 21.46
2147 -0.048890737721177 21.47
2148 -0.04871599600562133 21.48
2149 -0.04872189551571254 21.49
2150 -0.04822340217078017 21.5
2151 -0.0477562034040253 21.51
2152 -0.04710928053404873 21.52
2153 -0.04677690884034715 21.53
2154 -0.04651146171257584 21.54
2155 -0.0461801669572557 21.55
2156 -0.04592376096048753 21.56
2157 -0.04576655644233193 21.57
2158 -0.04550105440629099 21.58
2159 -0.04503868490969642 21.59
2160 -0.04496302778113891 21.6
2161 -0.04487032132642116 21.61
2162 -0.04478547778016671 21.62
2163 -0.04472814347897243 21.63
2164 -0.04409162973059551 21.64
2165 -0.04368145314547921 21.65
2166 -0.04347476818587643 21.66
2167 -0.04294755784666331 21.67
2168 -0.04255644581169392 21.68
2169 -0.04240299020740455 21.69
2170 -0.04271415699710147 21.7
2171 -0.04275702672434984 21.71
2172 -0.04301893562673425 21.72
2173 -0.04277761077879206 21.73
2174 -0.04242631577956514 21.74
2175 -0.04236168230024771 21.75
2176 -0.04206568263673841 21.76
2177 -0.0416927472728109 21.77
2178 -0.04163823576053489 21.78
2179 -0.0413560249358166 21.79
2180 -0.04133749724219698 21.8
2181 -0.0413673530842033 21.81
2182 -0.04118841403733493 21.82
2183 -0.04115205218452733 21.83
2184 -0.04117769982039391 21.84
2185 -0.04114826915565656 21.85
2186 -0.04118822351932164 21.86
2187 -0.04113043446424385 21.87
2188 -0.040929380053632 21.88
2189 -0.04070604827781308 21.89
2190 -0.04037317783372828 21.9
2191 -0.04005850039762676 21.91
2192 -0.03990519122610661 21.92
2193 -0.04002040664125957 21.93
2194 -0.03949344927286117 21.94
2195 -0.03919244847823612 21.95
2196 -0.03869631239107363 21.96
2197 -0.03837927002093196 21.97
2198 -0.03790897492163909 21.98
2199 -0.03743240575534582 21.99
2200 -0.03700075013416033 22
2201 -0.0363354558820607 22.01
2202 -0.03590212475000313 22.02
2203 -0.03563682321280228 22.03
2204 -0.03532360221945613 22.04
2205 -0.03518125774855285 22.05
2206 -0.03486370018420343 22.06
2207 -0.03461241680181765 22.07
2208 -0.03405716444842597 22.08
2209 -0.03355935874307436 22.09
2210 -0.03292121399040496 22.1
2211 -0.03266356590205391 22.11
2212 -0.0323460034888611 22.12
2213 -0.03188955776554118 22.13
2214 -0.031821074595006 22.14
2215 -0.03153704000266529 22.15
2216 -0.0310895945283703 22.16
2217 -0.03088277905476352 22.17
2218 -0.03076500643619281 22.18
2219 -0.03040659829331538 22.19
2220 -0.03029917824050574 22.2
2221 -0.02992092422605763 22.21
2222 -0.02987544294668442 22.22
2223 -0.02994203655803641 22.23
2224 -0.03005522613969039 22.24
2225 -0.03019507781624325 22.25
2226 -0.03050575098418098 22.26
2227 -0.03067976337847262 22.27
2228 -0.0304684057625843 22.28
2229 -0.03028788040000798 22.29
2230 -0.03011218369080844 22.3
2231 -0.03000599815813555 22.31
2232 -0.0300511473977062 22.32
2233 -0.02993886523284552 22.33
2234 -0.02994461613188419 22.34
2235 -0.03022926910506251 22.35
2236 -0.03009428795423802 22.36
2237 -0.03007842308691751 22.37
2238 -0.03038156362771494 22.38
2239 -0.03051749162196931 22.39
2240 -0.0305024321576484 22.4
2241 -0.03071676701155282 22.41
2242 -0.03087644394662715 22.42
2243 -0.03080399420544506 22.43
2244 -0.03061215424594682 22.44
2245 -0.03045467168223369 22.45
2246 -0.03043013664634104 22.46
2247 -0.030339891650285 22.47
2248 -0.03016052391546072 22.48
2249 -0.03006886606273124 22.49
2250 -0.03018836793440363 22.5
2251 -0.03003777312999822 22.51
2252 -0.02989560953739766 22.52
2253 -0.0299996986888759 22.53
2254 -0.03002701329381782 22.54
2255 -0.03012262568144488 22.55
2256 -0.02996657863000917 22.56
2257 -0.02970830805225042 22.57
2258 -0.02950864627411378 22.58
2259 -0.029402747609753 22.59
2260 -0.02921774669541666 22.6
2261 -0.02904389197595962 22.61
2262 -0.02895675939188984 22.62
2263 -0.028916211642123 22.63
2264 -0.02909893336650674 22.64
2265 -0.02922137757899972 22.65
2266 -0.02923203963165672 22.66
2267 -0.02929531514235897 22.67
2268 -0.02948123936663417 22.68
2269 -0.02958432475097933 22.69
2270 -0.02961536731546189 22.7
2271 -0.02968927625475067 22.71
2272 -0.02979036501564171 22.72
2273 -0.02979618713365081 22.73
2274 -0.02997047104111573 22.74
2275 -0.03017879641932498 22.75
2276 -0.03034694107657582 22.76
2277 -0.03049314785718841 22.77
2278 -0.03067128400887553 22.78
2279 -0.03085060499553375 22.79
2280 -0.03105265360042971 22.8
2281 -0.03107518901908905 22.81
2282 -0.03116425603495193 22.82
2283 -0.03149992106330656 22.83
2284 -0.03176214926510577 22.84
2285 -0.03206905308054531 22.85
2286 -0.03236979076920209 22.86
2287 -0.03260578373548221 22.87
2288 -0.03277692953972693 22.88
2289 -0.03303897639115919 22.89
2290 -0.03331214541696183 22.9
2291 -0.033652065534311 22.91
2292 -0.0338537412192472 22.92
2293 -0.03396849817968445 22.93
2294 -0.0342508293761279 22.94
2295 -0.03441655045545917 22.95
2296 -0.0346649167874996 22.96
2297 -0.03482668561846276 22.97
2298 -0.03497075139963877 22.98
2299 -0.0350595471330844 22.99
2300 -0.03556318366843228 23
2301 -0.03588748753071162 23.01
2302 -0.03615950870214445 23.02
2303 -0.03615627233510756 23.03
2304 -0.03643954089702266 23.04
2305 -0.03662229246266933 23.05
2306 -0.03685728376870306 23.06
2307 -0.03697690678829301 23.07
2308 -0.03712127885127073 23.08
2309 -0.03727101131308026 23.09
2310 -0.03745354314903225 23.1
2311 -0.03764104509308278 23.11
2312 -0.03780721581666555 23.12
2313 -0.03794267137759266 23.13
2314 -0.03815525634070701 23.14
2315 -0.03834675766346664 23.15
2316 -0.03856556072749302 23.16
2317 -0.03877821822534418 23.17
2318 -0.03918127126053983 23.18
2319 -0.03947586358301279 23.19
2320 -0.03975301527626703 23.2
2321 -0.03999682670265521 23.21
2322 -0.04026176149275819 23.22
2323 -0.04050432706120244 23.23
2324 -0.0406781885372136 23.24
2325 -0.04099480346451321 23.25
2326 -0.04125635154665225 23.26
2327 -0.04157619634200584 23.27
2328 -0.04187828541144278 23.28
2329 -0.04201713685580626 23.29
2330 -0.04214692207581374 23.3
2331 -0.04249815724061737 23.31
2332 -0.04298803327400024 23.32
2333 -0.04332146137757035 23.33
2334 -0.04361683736036498 23.34
2335 -0.04379949355208577 23.35
2336 -0.0440867196364286 23.36
2337 -0.04428614378679255 23.37
2338 -0.04466679625728034 23.38
2339 -0.04497527644639011 23.39
2340 -0.04533272720470172 23.4
2341 -0.04570079918262423 23.41
2342 -0.04611708023375354 23.42
2343 -0.046431936352883 23.43
2344 -0.04670993625264958 23.44
2345 -0.04700025548714131 23.45
2346 -0.04726379493363607 23.46
2347 -0.0474507558028656 23.47
2348 -0.04762883371336379 23.48
2349 -0.04788663946615166 23.49
2350 -0.04820663573778551 23.5
2351 -0.04853353605133059 23.51
2352 -0.04888312576633078 23.52
2353 -0.04915928581109952 23.53
2354 -0.0494427387732593 23.54
2355 -0.04968845487495351 23.55
2356 -0.05006746684163237 23.56
2357 -0.05036853844716637 23.57
2358 -0.05073601844777606 23.58
2359 -0.05108740792898397 23.59
2360 -0.05138443242081152 23.6
2361 -0.05154807466911357 23.61
2362 -0.05171146285932321 23.62
2363 -0.05190728200612128 23.63
2364 -0.05196954434445345 23.64
2365 -0.05209787272515508 23.65
2366 -0.05222276613821447 23.66
2367 -0.05235960361429767 23.67
2368 -0.05253002987544185 23.68
2369 -0.05266589503756437 23.69
2370 -0.05280744275573795 23.7
2371 -0.05302021733891049 23.71
2372 -0.05328917377270304 23.72
2373 -0.05347168860766892 23.73
2374 -0.05368333311927843 23.74
2375 -0.05385799332883336 23.75
2376 -0.05390948560824312 23.76
2377 -0.05396853911537867 23.77
2378 -0.05396410540131485 23.78
2379 -0.0539150645831102 23.79
2380 -0.0541116695673783 23.8
2381 -0.05416462838290582 23.81
2382 -0.05420724152167612 23.82
2383 -0.05428673291657907 23.83
2384 -0.05435007401303202 23.84
2385 -0.05429368140543307 23.85
2386 -0.05427550010194269 23.86
2387 -0.0541631989653603 23.87
2388 -0.05421935684696 23.88
2389 -0.05418074688398673 23.89
2390 -0.05418020196699299 23.9
2391 -0.05423229811590736 23.91
2392 -0.05431069005007175 23.92
2393 -0.05438293837255829 23.93
2394 -0.05441225485281466 23.94
2395 -0.05440760714113754 23.95
2396 -0.05442224560520194 23.96
2397 -0.05444938804573708 23.97
2398 -0.05440001784902515 23.98
2399 -0.05433275969803184 23.99
2400 -0.05431416906215746 24
2401 -0.05422210341400129 24.01
2402 -0.0541766592256001 24.02
2403 -0.05423424770778629 24.03
2404 -0.05431581077491583 24.04
2405 -0.05435787675118321 24.05
2406 -0.05461814038294778 24.06
2407 -0.05475439714115001 24.07
2408 -0.05486948331770068 24.08
2409 -0.05493480576005731 24.09
2410 -0.05490320415462107 24.1
2411 -0.05505782822376983 24.11
2412 -0.05510047465753704 24.12
2413 -0.05509968527090346 24.13
2414 -0.05513951835664847 24.14
2415 -0.05537928882160274 24.15
2416 -0.05540227588698338 24.16
2417 -0.0554632700908979 24.17
2418 -0.05562893008568039 24.18
2419 -0.05571721206034172 24.19
2420 -0.05591260132117875 24.2
2421 -0.05597011857463729 24.21
2422 -0.05607831554184848 24.22
2423 -0.05614677748318064 24.23
2424 -0.05623939102669611 24.24
2425 -0.05643951589484706 24.25
2426 -0.05651285332007684 24.26
2427 -0.05669261794824662 24.27
2428 -0.0567726643794584 24.28
2429 -0.05682128829612953 24.29
2430 -0.057039453532044 24.3
2431 -0.05718362574792388 24.31
2432 -0.057261008358111 24.32
2433 -0.05733482602115884 24.33
2434 -0.05742364842756423 24.34
2435 -0.05740120703312873 24.35
2436 -0.05750238083652105 24.36
2437 -0.0574837000020625 24.37
2438 -0.0575370868455834 24.38
2439 -0.05750962764768282 24.39
2440 -0.05757244113936276 24.4
2441 -0.05763960257840004 24.41
2442 -0.05768523352703053 24.42
2443 -0.05777835365692206 24.43
2444 -0.05777689475459726 24.44
2445 -0.05784677441594811 24.45
2446 -0.05812087555808186 24.46
2447 -0.05825379615037773 24.47
2448 -0.05845957533875933 24.48
2449 -0.05848998462910358 24.49
2450 -0.05852124995297829 24.5
2451 -0.05862693388670146 24.51
2452 -0.05856511668487088 24.52
2453 -0.05851705417275514 24.53
2454 -0.05865396313445681 24.54
2455 -0.05880272661458039 24.55
2456 -0.05891805833316729 24.56
2457 -0.05888203605799418 24.57
2458 -0.05895978989098588 24.58
2459 -0.05897324745478925 24.59
2460 -0.05918148191005815 24.6
2461 -0.0593771268561572 24.61
2462 -0.05954864647432519 24.62
2463 -0.05974338809474632 24.63
2464 -0.05986744344413722 24.64
2465 -0.06002501348764203 24.65
2466 -0.06036670709986672 24.66
2467 -0.06078451789589659 24.67
2468 -0.06097329148220736 24.68
2469 -0.06116766182346046 24.69
2470 -0.0613101617808142 24.7
2471 -0.06161893795837926 24.71
2472 -0.06186238207651086 24.72
2473 -0.06214479329792705 24.73
2474 -0.06257270586927795 24.74
2475 -0.06274412883522067 24.75
2476 -0.06298619215349953 24.76
2477 -0.06288473178767325 24.77
2478 -0.0629621541482985 24.78
2479 -0.06307232481044393 24.79
2480 -0.06319468085769794 24.8
2481 -0.06334853132076244 24.81
2482 -0.06369411995731845 24.82
2483 -0.06384668679449985 24.83
2484 -0.06398539507056086 24.84
2485 -0.06426135097891308 24.85
2486 -0.06437796839546987 24.86
2487 -0.06434324235772747 24.87
2488 -0.06437252192862054 24.88
2489 -0.06424850545681855 24.89
2490 -0.06412663729168692 24.9
2491 -0.064072444026726 24.91
2492 -0.06413976612918548 24.92
2493 -0.06425602077443081 24.93
2494 -0.06426631651711727 24.94
2495 -0.06426350343244495 24.95
2496 -0.06403780765920908 24.96
2497 -0.06390167318560205 24.97
2498 -0.06384474958394978 24.98
2499 -0.0638095222657076 24.99
2500 -0.06375738330965687 25
2501 -0.06383387100091008 25.01
2502 -0.06380856052028645 25.02
2503 -0.06372273895767717 25.03
2504 -0.06358975952532707 25.04
2505 -0.0635861822709166 25.05
2506 -0.06356529897350831 25.06
2507 -0.06361956626943267 25.07
2508 -0.06363691502488213 25.08
2509 -0.06349597428450643 25.09
2510 -0.06302427124423958 25.1
2511 -0.06269771949610498 25.11
2512 -0.06263478026239616 25.12
2513 -0.06257028441827377 25.13
2514 -0.0626487827739419 25.14
2515 -0.0624505098583885 25.15
2516 -0.06231001675487072 25.16
2517 -0.06221223680112773 25.17
2518 -0.06204098513076609 25.18
2519 -0.06195136988181106 25.19
2520 -0.06182212239319419 25.2
2521 -0.06159236752788141 25.21
2522 -0.06149759602647398 25.22
2523 -0.06148696368895525 25.23
2524 -0.06146705032290882 25.24
2525 -0.06147685470156798 25.25
2526 -0.06153170361069334 25.26
2527 -0.06152357705810457 25.27
2528 -0.06148309210536389 25.28
2529 -0.06140069221405065 25.29
2530 -0.06109821194847154 25.3
2531 -0.06082911765631218 25.31
2532 -0.06063895835297891 25.32
2533 -0.06042858245858713 25.33
2534 -0.06057441635353607 25.34
2535 -0.06083647280063944 25.35
2536 -0.06101695792843804 25.36
2537 -0.06106283774577054 25.37
2538 -0.06111959711207143 25.38
2539 -0.06094484310304282 25.39
2540 -0.06094683069750594 25.4
2541 -0.06113543405357483 25.41
2542 -0.06157835007467953 25.42
2543 -0.06176622493435617 25.43
2544 -0.06194282688737111 25.44
2545 -0.06207087356119163 25.45
2546 -0.06231343875963111 25.46
2547 -0.06238022624090186 25.47
2548 -0.06237307327775203 25.48
2549 -0.06243961108098182 25.49
2550 -0.06265693081086363 25.5
2551 -0.06278560709768903 25.51
2552 -0.06282145959378366 25.52
2553 -0.062953113845114 25.53
2554 -0.06317279096768129 25.54
2555 -0.063315704677663 25.55
2556 -0.06319906983011618 25.56
2557 -0.06327552317098512 25.57
2558 -0.06370277035368585 25.58
2559 -0.06442139671482633 25.59
2560 -0.0647112572051768 25.6
2561 -0.06513742302906443 25.61
2562 -0.06541854025722385 25.62
2563 -0.06562135974271957 25.63
2564 -0.06569423122878837 25.64
2565 -0.06547094503459806 25.65
2566 -0.06583573621800516 25.66
2567 -0.06568849687846155 25.67
2568 -0.06572937777463797 25.68
2569 -0.06590206291470614 25.69
2570 -0.06582879124903129 25.7
2571 -0.06589329715977538 25.71
2572 -0.06614899683632636 25.72
2573 -0.06638114372324409 25.73
2574 -0.06641750737764741 25.74
2575 -0.06657278272951718 25.75
2576 -0.06677071104349938 25.76
2577 -0.06698780370984203 25.77
2578 -0.06695785934254851 25.78
2579 -0.06666719778269017 25.79
2580 -0.06632698873125402 25.8
2581 -0.06607599270150712 25.81
2582 -0.06599903984000932 25.82
2583 -0.06603706283313859 25.83
2584 -0.06602292481109927 25.84
2585 -0.06597247077394167 25.85
2586 -0.06612369698279442 25.86
2587 -0.0659730465835533 25.87
2588 -0.06588085552913388 25.88
2589 -0.06580522035706211 25.89
2590 -0.06563305533064229 25.9
2591 -0.06545507238450908 25.91
2592 -0.06507435426750785 25.92
2593 -0.06509865794024092 25.93
2594 -0.06508335674223974 25.94
2595 -0.0651814694234279 25.95
2596 -0.0651622879665632 25.96
2597 -0.06510184690188328 25.97
2598 -0.06511514361080699 25.98
2599 -0.06506169547898159 25.99
2600 -0.06499414545034088 26
2601 -0.06449157766977001 26.01
2602 -0.06432883122469457 26.02
2603 -0.06441379525051089 26.03
2604 -0.0644276035061478 26.04
2605 -0.06431188500909747 26.05
2606 -0.06466934681655333 26.06
2607 -0.06478412789850495 26.07
2608 -0.06482133744427648 26.08
2609 -0.0651180747560571 26.09
2610 -0.06524601326280578 26.1
2611 -0.0653553677429685 26.11
2612 -0.06541778601029992 26.12
2613 -0.06562060543182772 26.13
2614 -0.06573579526765479 26.14
2615 -0.06584573163640484 26.15
2616 -0.06584940930779029 26.16
2617 -0.06604746715087685 26.17
2618 -0.06616668581738601 26.18
2619 -0.06588002657366279 26.19
2620 -0.06597770237936681 26.2
2621 -0.06618072187355224 26.21
2622 -0.06636447299283214 26.22
2623 -0.06672380085127161 26.23
2624 -0.06721888224091416 26.24
2625 -0.06763669583687584 26.25
2626 -0.06803878820251529 26.26
2627 -0.06855709701461904 26.27
2628 -0.06874742848980804 26.28
2629 -0.06884716747261195 26.29
2630 -0.06908756905255969 26.3
2631 -0.06922810043502786 26.31
2632 -0.06941198006030003 26.32
2633 -0.06961063606352967 26.33
2634 -0.06981492473773289 26.34
2635 -0.07001024019794605 26.35
2636 -0.07025773455028209 26.36
2637 -0.07052134111747559 26.37
2638 -0.07079484397802256 26.38
2639 -0.07105561752528151 26.39
2640 -0.07128514099780191 26.4
2641 -0.07123777076577339 26.41
2642 -0.07126847986357002 26.42
2643 -0.071337813039148 26.43
2644 -0.07133901853219977 26.44
2645 -0.0711380405016195 26.45
2646 -0.0712057455682714 26.46
2647 -0.07137312460212654 26.47
2648 -0.07142960186108736 26.48
2649 -0.07115835084057048 26.49
2650 -0.07096394541434967 26.5
2651 -0.07086467812750964 26.51
2652 -0.07088811039591439 26.52
2653 -0.07086211488158885 26.53
2654 -0.0709566103186255 26.54
2655 -0.07087036314424923 26.55
2656 -0.07088270681292595 26.56
2657 -0.07081769809343921 26.57
2658 -0.07062734760431234 26.58
2659 -0.07033857104617787 26.59
2660 -0.0702357473644618 26.6
2661 -0.07017151572826291 26.61
2662 -0.07008108278211454 26.62
2663 -0.07015540382477559 26.63
2664 -0.07039880590141581 26.64
2665 -0.07029880716624726 26.65
2666 -0.07015616302189112 26.66
2667 -0.06990818038652027 26.67
2668 -0.07002333096196113 26.68
2669 -0.0701083315740904 26.69
2670 -0.06992589032063633 26.7
2671 -0.06976819717637814 26.71
2672 -0.06976587428053263 26.72
2673 -0.06968770041225915 26.73
2674 -0.06952112402576326 26.74
2675 -0.06942449336757575 26.75
2676 -0.06936008073497113 26.76
2677 -0.0693424962172482 26.77
2678 -0.06933649122393691 26.78
2679 -0.06949407464063988 26.79
2680 -0.06958686497175788 26.8
2681 -0.06967034849704863 26.81
2682 -0.06953725587969954 26.82
2683 -0.06955147576743138 26.83
2684 -0.06967323486884805 26.84
2685 -0.06959746996674554 26.85
2686 -0.06945965323623365 26.86
2687 -0.06951063507872705 26.87
2688 -0.06929562346141258 26.88
2689 -0.06914775072761553 26.89
2690 -0.06894521716425295 26.9
2691 -0.06878311701187366 26.91
2692 -0.0686049295853436 26.92
2693 -0.06847217940815821 26.93
2694 -0.0681904988283457 26.94
2695 -0.06811029607003084 26.95
2696 -0.06812226008004964 26.96
2697 -0.06797301437613143 26.97
2698 -0.06796836053118131 26.98
2699 -0.06770748330386656 26.99
2700 -0.06762147966217713 27
2701 -0.06737639177590007 27.01
2702 -0.06733312904413986 27.02
2703 -0.06724878088734934 27.03
2704 -0.06730076386369627 27.04
2705 -0.06725255238064454 27.05
2706 -0.06729711053240782 27.06
2707 -0.06719821520074712 27.07
2708 -0.06689037394489673 27.08
2709 -0.06659269971190108 27.09
2710 -0.06625654609450762 27.1
2711 -0.06601717627515687 27.11
2712 -0.06587864343497395 27.12
2713 -0.06573568034472461 27.13
2714 -0.06566070056633011 27.14
2715 -0.06550537598212323 27.15
2716 -0.06560806465144263 27.16
2717 -0.06558014005942327 27.17
2718 -0.06551908654886311 27.18
2719 -0.06542949598625408 27.19
2720 -0.06543415361981661 27.2
2721 -0.06521201622208528 27.21
2722 -0.0650281242614557 27.22
2723 -0.06493943742587507 27.23
2724 -0.06478026283749051 27.24
2725 -0.064768872162996 27.25
2726 -0.06469836478016047 27.26
2727 -0.06446570749706651 27.27
2728 -0.06431772789908875 27.28
2729 -0.0641320184260985 27.29
2730 -0.06406167703917334 27.3
2731 -0.06413136457353071 27.31
2732 -0.06389982650470237 27.32
2733 -0.06353923503115322 27.33
2734 -0.06330001441804109 27.34
2735 -0.06314190421519461 27.35
2736 -0.06309122237447259 27.36
2737 -0.06299568656438354 27.37
2738 -0.06283765647334387 27.38
2739 -0.06269830557888427 27.39
2740 -0.06254999393518577 27.4
2741 -0.0623020605396683 27.41
2742 -0.0618738298404306 27.42
2743 -0.0615547097258869 27.43
2744 -0.06128007157424033 27.44
2745 -0.06081651486185739 27.45
2746 -0.06073441215575308 27.46
2747 -0.06055263102345191 27.47
2748 -0.06013640365960216 27.48
2749 -0.06008043747196905 27.49
2750 -0.05974274373239288 27.5
2751 -0.0597267645396353 27.51
2752 -0.05961268977689398 27.52
2753 -0.05937333422550749 27.53
2754 -0.05920990795177925 27.54
2755 -0.05864969156044499 27.55
2756 -0.05823456733732807 27.56
2757 -0.05786915653757674 27.57
2758 -0.05758884648502705 27.58
2759 -0.05754416519279484 27.59
2760 -0.05740931858403956 27.6
2761 -0.05726379331893411 27.61
2762 -0.05713189001551637 27.62
2763 -0.05689526978385997 27.63
2764 -0.05676108187659179 27.64
2765 -0.05638546487897585 27.65
2766 -0.0562068590500566 27.66
2767 -0.05601953294411024 27.67
2768 -0.05572676216450893 27.68
2769 -0.05556625894141618 27.69
2770 -0.055384385102375 27.7
2771 -0.05508347149647127 27.71
2772 -0.0550492527480286 27.72
2773 -0.05496257236521326 27.73
2774 -0.05496045378654915 27.74
2775 -0.05474153698375944 27.75
2776 -0.0545962018123575 27.76
2777 -0.05435493534117942 27.77
2778 -0.05410138997959008 27.78
2779 -0.053972720274156 27.79
2780 -0.05366605835204506 27.8
2781 -0.0533492617621588 27.81
2782 -0.05310188439586445 27.82
2783 -0.05291318323402415 27.83
2784 -0.05281253163771176 27.84
2785 -0.05265894675688384 27.85
2786 -0.05257484035707691 27.86
2787 -0.05239071359838141 27.87
2788 -0.05237584823809317 27.88
2789 -0.05226812938672588 27.89
2790 -0.05196611244821826 27.9
2791 -0.05178942821547177 27.91
2792 -0.05156952811128428 27.92
2793 -0.0514930958821288 27.93
2794 -0.05140205305304198 27.94
2795 -0.05115829120516459 27.95
2796 -0.05093929048572586 27.96
2797 -0.05076670249874027 27.97
2798 -0.0503142926830194 27.98
2799 -0.0501211285142406 27.99
2800 -0.04992147791217236 28
2801 -0.04972529544254867 28.01
2802 -0.04947753994280893 28.02
2803 -0.04939336324785749 28.03
2804 -0.04930255604628615 28.04
2805 -0.04882367596025947 28.05
2806 -0.04831446704805369 28.06
2807 -0.04804159087152779 28.07
2808 -0.04770823021305333 28.08
2809 -0.04750248260794879 28.09
2810 -0.04721072638476655 28.1
2811 -0.04687478574990026 28.11
2812 -0.04649560918734467 28.12
2813 -0.04626354413665693 28.13
2814 -0.04598203322864494 28.14
2815 -0.04577478489837825 28.15
2816 -0.04576446012876095 28.16
2817 -0.04587421308630259 28.17
2818 -0.04586727790600716 28.18
2819 -0.0454036678386365 28.19
2820 -0.0449325351943359 28.2
2821 -0.04443978767661672 28.21
2822 -0.04415841673366997 28.22
2823 -0.04389266070801443 28.23
2824 -0.04346466799436512 28.24
2825 -0.0431032179323626 28.25
2826 -0.04278076951399019 28.26
2827 -0.0425613188604504 28.27
2828 -0.04233215594446765 28.28
2829 -0.04224699590673544 28.29
2830 -0.04204094999732436 28.3
2831 -0.04174904076426724 28.31
2832 -0.04146480363121134 28.32
2833 -0.04118671795046021 28.33
2834 -0.0409582979313621 28.34
2835 -0.04068318002425281 28.35
2836 -0.04047130454429702 28.36
2837 -0.0402370053025041 28.37
2838 -0.04001024471934496 28.38
2839 -0.04020244884468407 28.39
2840 -0.04009367960976841 28.4
2841 -0.03998269306981948 28.41
2842 -0.03981585066966381 28.42
2843 -0.03970846862701898 28.43
2844 -0.03976980183463603 28.44
2845 -0.03963550889877276 28.45
2846 -0.03950723193301175 28.46
2847 -0.03939320852871379 28.47
2848 -0.03939178932981929 28.48
2849 -0.03945779867073877 28.49
2850 -0.03957938680326505 28.5
2851 -0.03941416696242601 28.51
2852 -0.03947063047721228 28.52
2853 -0.03936662603417622 28.53
2854 -0.03921801408898649 28.54
2855 -0.03913885265784739 28.55
2856 -0.03901895061840526 28.56
2857 -0.03902347392959855 28.57
2858 -0.03940414436092157 28.58
2859 -0.03980195902574381 28.59
2860 -0.03978476358664497 28.6
2861 -0.03975062408166155 28.61
2862 -0.03982621131671187 28.62
2863 -0.03981633703440521 28.63
2864 -0.04005645192034391 28.64
2865 -0.0402644985959041 28.65
2866 -0.04029432849943563 28.66
2867 -0.04028054485735472 28.67
2868 -0.04023891408492818 28.68
2869 -0.04034894817945806 28.69
2870 -0.04041426623611036 28.7
2871 -0.04056221149250697 28.71
2872 -0.04078167238281393 28.72
2873 -0.04090102140712732 28.73
2874 -0.04103120481254 28.74
2875 -0.0413293228578164 28.75
2876 -0.04148700945184838 28.76
2877 -0.04178053559843909 28.77
2878 -0.0418265991181859 28.78
2879 -0.04195718937686835 28.79
2880 -0.0421125588289303 28.8
2881 -0.0424025009189529 28.81
2882 -0.04264084806213337 28.82
2883 -0.04285716969722839 28.83
2884 -0.04309709667715889 28.84
2885 -0.04327044508413486 28.85
2886 -0.04334475751840872 28.86
2887 -0.04368106455155176 28.87
2888 -0.04401103753816855 28.88
2889 -0.04437006149285876 28.89
2890 -0.04477456130124526 28.9
2891 -0.04506206121439831 28.91
2892 -0.04503154530093137 28.92
2893 -0.04532690824293159 28.93
2894 -0.04540806525227316 28.94
2895 -0.04557110152975043 28.95
2896 -0.04580683612455115 28.96
2897 -0.04610709896656644 28.97
2898 -0.04656243674016887 28.98
2899 -0.04691713796045999 28.99
2900 -0.04705287541513579 29
2901 -0.04739691259411313 29.01
2902 -0.04767047754185624 29.02
2903 -0.04799197082636678 29.03
2904 -0.04855174526110107 29.04
2905 -0.04896834226490383 29.05
2906 -0.0495861327247849 29.06
2907 -0.05011560702459792 29.07
2908 -0.0503435931987533 29.08
2909 -0.0507841397372291 29.09
2910 -0.05105365695225454 29.1
2911 -0.05132845379551434 29.11
2912 -0.05152175738599318 29.12
2913 -0.05164377993684828 29.13
2914 -0.05182173205735294 29.14
2915 -0.05211769130775645 29.15
2916 -0.0524498454720884 29.16
2917 -0.05279484339975347 29.17
2918 -0.05308927122754934 29.18
2919 -0.05340534656341966 29.19
2920 -0.05382306062762433 29.2
2921 -0.05426697555061232 29.21
2922 -0.05479233612627867 29.22
2923 -0.05516915202736405 29.23
2924 -0.05534546675016923 29.24
2925 -0.05553366092534801 29.25
2926 -0.05577818179613404 29.26
2927 -0.05593319239277422 29.27
2928 -0.0562788903460037 29.28
2929 -0.05633470353537815 29.29
2930 -0.05658907675355014 29.3
2931 -0.05673608843574619 29.31
2932 -0.05688637923229948 29.32
2933 -0.0572078952470726 29.33
2934 -0.0573188297064023 29.34
2935 -0.05743842268627318 29.35
2936 -0.05761603276330053 29.36
2937 -0.05789990067429197 29.37
2938 -0.05816155252973287 29.38
2939 -0.05820424006333765 29.39
2940 -0.05812147106632276 29.4
2941 -0.05809296065038053 29.41
2942 -0.05811916723878308 29.42
2943 -0.0580803314021202 29.43
2944 -0.05841215329222286 29.44
2945 -0.0585114962947346 29.45
2946 -0.05838047588291268 29.46
2947 -0.05836007199657962 29.47
2948 -0.05860740690613753 29.48
2949 -0.05861855068833528 29.49
2950 -0.05861211622245714 29.5
2951 -0.05858451444951547 29.51
2952 -0.0584792293053545 29.52
2953 -0.05857319916215047 29.53
2954 -0.05868686953759503 29.54
2955 -0.05872572267354834 29.55
2956 -0.0588320560079025 29.56
2957 -0.05892099029856358 29.57
2958 -0.05898157110162305 29.58
2959 -0.05903377572208868 29.59
2960 -0.05901883791007395 29.6
2961 -0.05897830461152968 29.61
2962 -0.05904377934547139 29.62
2963 -0.05924968117628132 29.63
2964 -0.05976702905203473 29.64
2965 -0.05990314038902762 29.65
2966 -0.05995353095590344 29.66
2967 -0.0597964279565447 29.67
2968 -0.05972515947932801 29.68
2969 -0.05965935490926713 29.69
2970 -0.05973133645381329 29.7
2971 -0.05966614790135665 29.71
2972 -0.05992818608814567 29.72
2973 -0.06032116163991144 29.73
2974 -0.06066583426367161 29.74
2975 -0.06091137798897303 29.75
2976 -0.06107334850642285 29.76
2977 -0.0612938837831232 29.77
2978 -0.06146694375611276 29.78
2979 -0.06169192841873698 29.79
2980 -0.06204113527505681 29.8
2981 -0.06212910664947178 29.81
2982 -0.06211877196593806 29.82
2983 -0.06227044242768127 29.83
2984 -0.06223769884531628 29.84
2985 -0.06215143837623894 29.85
2986 -0.0625154066668976 29.86
2987 -0.06269578248743994 29.87
2988 -0.06280724957063982 29.88
2989 -0.06288704402584898 29.89
2990 -0.0628515639611506 29.9
2991 -0.06292005954865201 29.91
2992 -0.06301295736388184 29.92
2993 -0.06310807565465405 29.93
2994 -0.06315121479116514 29.94
2995 -0.06317763439110992 29.95
2996 -0.06319223437063673 29.96
2997 -0.06312287399017173 29.97
2998 -0.06311727592711533 29.98
2999 -0.06304824838532579 29.99
3000 -0.06291830006656259 30
