"x-force-rfile"
"Time Step" "x-force etc.."
("Time Step" "x-force" "flow-time")
0 2.423380700838948e-27 0
1 219.0789127127097 0.01
2 4.040820620594403 0.02
3 -1.655364415992793 0.03
4 -2.98061482135255 0.04
5 -2.840674745334454 0.05
6 -0.07709132176863598 0.06
7 1.192880910431349 0.07000000000000001
8 0.5906714786401839 0.08
9 -0.07824990743401483 0.09
10 -0.2996011237680749 0.1
11 -0.2647357223007729 0.11
12 -0.018510001032643 0.12
13 0.1399227533895159 0.13
14 0.06869175416615203 0.14
15 0.01974511081685226 0.15
16 -0.01428221234091322 0.16
17 -0.03320877705219995 0.17
18 0.0006475345150453345 0.18
19 0.01463961327931265 0.19
20 0.008098685001333095 0.2
21 0.00332149149827754 0.21
22 0.0106430318593573 0.22
23 0.01175098406858505 0.23
24 0.01094746265930621 0.24
25 0.00614934289787189 0.25
26 0.01207739300900386 0.26
27 0.01138412275326514 0.27
28 0.01029766785498357 0.28
29 0.008324254560812788 0.29
30 0.009375775553167993 0.3
31 0.008232535996070628 0.31
32 0.01023198474157633 0.32
33 0.009508880508652895 0.33
34 0.005702868018070259 0.34
35 0.004218365978002292 0.35
36 0.005204287877260266 0.36
37 0.005261194561143476 0.37
38 0.005957101783304941 0.38
39 0.005987066510007633 0.39
40 0.007709365828039161 0.4
41 0.009039667490594289 0.41
42 0.009312805527266807 0.42
43 0.009633135030523529 0.43
44 0.008882350373168729 0.44
45 0.008936785790767003 0.45
46 0.00837942445167715 0.46
47 0.008963402235416945 0.47
48 0.009139091631734486 0.48
49 0.008997512457499912 0.49
50 0.008738595788769593 0.5
51 0.008290894991307408 0.51
52 0.007969217586587089 0.52
53 0.007645025495239289 0.53
54 0.006447594301149148 0.54
55 0.006548067922005504 0.55
56 0.006774499548225295 0.5600000000000001
57 0.007088975794491567 0.5700000000000001
58 0.007265443407518106 0.58
59 0.007222918441972349 0.59
60 0.00735623528237298 0.6
61 0.007572928067552391 0.61
62 0.007374744660581847 0.62
63 0.007212734083406825 0.63
64 0.007592691743259723 0.64
65 0.008067745188830855 0.65
66 0.008454796077502415 0.66
67 0.008618929423180009 0.67
68 0.008111812604987452 0.68
69 0.008167004727556902 0.6900000000000001
70 0.008317584348049571 0.7000000000000001
71 0.008651598707712385 0.71
72 0.00882258545581345 0.72
73 0.008747118323837941 0.73
74 0.008557208313215312 0.74
75 0.008449205736719995 0.75
76 0.008265426213623819 0.76
77 0.0080607828233084 0.77
78 0.00780941951732101 0.78
79 0.007400448352111986 0.79
80 0.007020739368616694 0.8
81 0.006972355317109437 0.8100000000000001
82 0.007066183575381565 0.8200000000000001
83 0.007153391677124754 0.8300000000000001
84 0.007166890367719225 0.84
85 0.007205652705014503 0.85
86 0.007288113009101137 0.86
87 0.007451675432683156 0.87
88 0.007583475350550165 0.88
89 0.007636229765668055 0.89
90 0.007715617515386247 0.9
91 0.007754217661002809 0.91
92 0.007768807903179896 0.92
93 0.007732665141332891 0.93
94 0.00767502929204297 0.9400000000000001
95 0.007635633467443694 0.9500000000000001
96 0.007631764505434709 0.96
97 0.007648899465502779 0.97
98 0.007622481203028121 0.98
99 0.007606594309968424 0.99
100 0.007596202798495317 1
101 0.007606128416201344 1.01
102 0.007612959703685548 1.02
103 0.007642904860786419 1.03
104 0.007659326402521544 1.04
105 0.007682462520329565 1.05
106 0.007705412761441125 1.06
107 0.007682550657984183 1.07
108 0.007662578270705226 1.08
109 0.007627294959372245 1.09
110 0.007592673897778351 1.1
111 0.007564265483653807 1.11
112 0.007530009098312177 1.12
113 0.007516413612746107 1.13
114 0.007521104307436681 1.14
115 0.007518370284310764 1.15
116 0.00749972615993596 1.16
117 0.007480137252036034 1.17
118 0.007503154764398846 1.18
119 0.007519072709112099 1.19
120 0.007460486000191903 1.2
121 0.007466088155117557 1.21
122 0.007449778969758878 1.22
123 0.007459001280300425 1.23
124 0.007442195708034487 1.24
125 0.007406814958455136 1.25
126 0.007384356917916987 1.26
127 0.007371827431603955 1.27
128 0.007383054440204286 1.28
129 0.007388026014143512 1.29
130 0.007375002195730427 1.3
131 0.00738370878612611 1.31
132 0.007383146009238678 1.32
133 0.007386447652239067 1.33
134 0.007381265502478475 1.34
135 0.007379342088241092 1.35
136 0.007393190435127801 1.36
137 0.007422386072214923 1.37
138 0.007447649975978691 1.38
139 0.007475037346198036 1.39
140 0.00749462326856481 1.4
141 0.007529085760772949 1.41
142 0.007548086451799593 1.42
143 0.007554172475472401 1.43
144 0.007559461735351681 1.44
145 0.007549250693081953 1.45
146 0.007561426650647489 1.46
147 0.007568695460033614 1.47
148 0.007596889540943459 1.48
149 0.007613993724180402 1.49
150 0.007649759816434147 1.5
151 0.007700526543528429 1.51
152 0.00771992853480966 1.52
153 0.007759540461982456 1.53
154 0.007792072700452069 1.54
155 0.007826907179154963 1.55
156 0.007852297145848841 1.56
157 0.007898017220201562 1.57
158 0.007921698834460443 1.58
159 0.007944933167317151 1.59
160 0.007986977654161644 1.6
161 0.008017726364469376 1.61
162 0.008030889075230205 1.62
163 0.008034819178494345 1.63
164 0.008043193171808839 1.64
165 0.008053607807015991 1.65
166 0.008055446474453167 1.66
167 0.008060158587602154 1.67
168 0.00805267414785271 1.68
169 0.008053439327253383 1.69
170 0.008037019561665661 1.7
171 0.008012166744389464 1.71
172 0.007983109092468577 1.72
173 0.007962633409121678 1.73
174 0.007931515153569367 1.74
175 0.00791080946741993 1.75
176 0.007872261746739259 1.76
177 0.007823555737260601 1.77
178 0.007764113090306228 1.78
179 0.00773472072900384 1.79
180 0.007698670747370401 1.8
181 0.007646037290754153 1.81
182 0.007591147116893951 1.82
183 0.00752882961868705 1.83
184 0.007468568501697118 1.84
185 0.00739267988942622 1.85
186 0.007337847243769615 1.86
187 0.007280437940986276 1.87
188 0.007219086509851032 1.88
189 0.007155396389766008 1.89
190 0.00708672244095609 1.9
191 0.007028398886131226 1.91
192 0.006974813516575816 1.92
193 0.00692347876323436 1.93
194 0.006880941330411406 1.94
195 0.006841899551226391 1.95
196 0.006829719530558116 1.96
197 0.006813846102646671 1.97
198 0.00678827580716897 1.98
199 0.00676240152456946 1.99
200 0.006749705029597489 2
201 0.006748587758984308 2.01
202 0.006738954651118642 2.02
203 0.006734559952063153 2.03
204 0.006727700197883318 2.04
205 0.006738797230494361 2.05
206 0.006753194559864592 2.06
207 0.006756704407722674 2.07
208 0.006778467437308438 2.08
209 0.00681519177591846 2.09
210 0.006841790824205555 2.1
211 0.006884408072896655 2.11
212 0.006917105578920946 2.12
213 0.006950649666362822 2.13
214 0.007012915410050575 2.14
215 0.007088545266400521 2.15
216 0.007141848292682819 2.16
217 0.007211818779352466 2.17
218 0.007256604319391263 2.18
219 0.007288888190199471 2.19
220 0.007338539849794121 2.2
221 0.007396542300289274 2.21
222 0.007453421130564432 2.22
223 0.007491981056914629 2.23
224 0.007529584809547954 2.24
225 0.007569726130779744 2.25
226 0.007607521851563836 2.26
227 0.007646539712057711 2.27
228 0.007668822211723445 2.28
229 0.007694473555861701 2.29
230 0.007712179897311452 2.3
231 0.007735360400890109 2.31
232 0.007741293859121406 2.32
233 0.007746271959271692 2.33
234 0.007763677509215532 2.34
235 0.007769632679373848 2.35
236 0.00778897089550581 2.36
237 0.007801748288015066 2.37
238 0.007790333324422816 2.38
239 0.007777683700562449 2.39
240 0.007764207369153124 2.4
241 0.007745027303234889 2.41
242 0.007742662892400469 2.42
243 0.007726674621447547 2.43
244 0.007701276294561741 2.44
245 0.007687808600896438 2.45
246 0.007663528035782382 2.46
247 0.007652713922344966 2.47
248 0.007648305563804335 2.48
249 0.007650423880677366 2.49
250 0.007658640925478417 2.5
251 0.007645071495705988 2.51
252 0.007622144452279666 2.52
253 0.007598564355607584 2.53
254 0.007581879144972476 2.54
255 0.007566036400627777 2.55
256 0.007568628387153893 2.56
257 0.007587526369996244 2.57
258 0.007609657988167674 2.58
259 0.007628168322956498 2.59
260 0.007637972924266365 2.6
261 0.00764297145001699 2.61
262 0.007636281889212199 2.62
263 0.007635837301081385 2.63
264 0.007631007118302113 2.64
265 0.007630595098810361 2.65
266 0.007640386291226961 2.66
267 0.007647279222388411 2.67
268 0.007675495183752069 2.68
269 0.007694050955335195 2.69
270 0.007699011668910571 2.7
271 0.007717327872159024 2.71
272 0.007757508253420371 2.72
273 0.007775809204139998 2.73
274 0.007783156549770511 2.74
275 0.007781352106662944 2.75
276 0.007800920006544218 2.76
277 0.007830790221109642 2.77
278 0.007849563014819025 2.78
279 0.007862377876938323 2.79
280 0.00787291776117814 2.8
281 0.007902436107579488 2.81
282 0.007915318246299725 2.82
283 0.007944863336387518 2.83
284 0.007951084430707706 2.84
285 0.007957446270948224 2.85
286 0.007962321990094577 2.86
287 0.007962795165879569 2.87
288 0.007966059900895921 2.88
289 0.007982808629251385 2.89
290 0.007997842382033422 2.9
291 0.0080402258331248 2.91
292 0.008058309807357012 2.92
293 0.008057753175890699 2.93
294 0.008057117965366862 2.94
295 0.008053056628956411 2.95
296 0.008050574434657343 2.96
297 0.008054445392137004 2.97
298 0.008047498114193738 2.98
299 0.008033972452111102 2.99
300 0.008027523426885589 3
301 0.008027957639841165 3.01
302 0.00803825615990977 3.02
303 0.008065181610252457 3.03
304 0.008073282254952067 3.04
305 0.008072501370853458 3.05
306 0.00808325661750048 3.06
307 0.00807903821690404 3.07
308 0.008059142623078082 3.08
309 0.008039669430234949 3.09
310 0.008026275009137704 3.1
311 0.008031995821372257 3.11
312 0.008051869499224203 3.12
313 0.008051578244352646 3.13
314 0.00803743400361781 3.14
315 0.008043564280954478 3.15
316 0.008030144628860845 3.16
317 0.008021828955127585 3.17
318 0.008025576465728941 3.18
319 0.008020191298490001 3.19
320 0.008025674400643602 3.2
321 0.008024900464160937 3.21
322 0.00801895939709214 3.22
323 0.008021651332045633 3.23
324 0.00802598772263997 3.24
325 0.008033019738695989 3.25
326 0.008055317512999767 3.26
327 0.008062948491577803 3.27
328 0.008085290752659754 3.28
329 0.008085551993960544 3.29
330 0.008103011694942869 3.3
331 0.008112766641037491 3.31
332 0.008097984744737666 3.32
333 0.008101289076608457 3.33
334 0.008123579374773485 3.34
335 0.008133322931807633 3.35
336 0.008153493178201365 3.36
337 0.008168088497141115 3.37
338 0.008184762581429124 3.38
339 0.00819548817338098 3.39
340 0.008229606939111867 3.4
341 0.008257977662225725 3.41
342 0.008289242343278592 3.42
343 0.008312250498181812 3.43
344 0.008333511939857961 3.44
345 0.008348278305187928 3.45
346 0.008356536556496676 3.46
347 0.008371189090926035 3.47
348 0.0083898761453641 3.48
349 0.008412725255889673 3.49
350 0.008442425694442011 3.5
351 0.008465484819429422 3.51
352 0.008486414847820933 3.52
353 0.008490822305811035 3.53
354 0.008503735003020228 3.54
355 0.00851420932491722 3.55
356 0.008537569338196969 3.56
357 0.008555078117114865 3.57
358 0.008569006841856585 3.58
359 0.008583733689805938 3.59
360 0.008600868868096502 3.6
361 0.00860962028182544 3.61
362 0.008620257387724668 3.62
363 0.008638810659385446 3.63
364 0.008660665703035496 3.64
365 0.008677583284311776 3.65
366 0.008690387628504834 3.66
367 0.008712066061367856 3.67
368 0.008732140939848823 3.68
369 0.008738696110075644 3.69
370 0.008745254238040526 3.7
371 0.00874765463135602 3.71
372 0.008751221443191452 3.72
373 0.008754273213975742 3.73
374 0.008765174278070057 3.74
375 0.008756888562485307 3.75
376 0.008751646111559347 3.76
377 0.00875395925004362 3.77
378 0.008775256487300018 3.78
379 0.008790064185464795 3.79
380 0.008805634937891939 3.8
381 0.008808045690331022 3.81
382 0.008823639221175288 3.82
383 0.00883517023672159 3.83
384 0.008830764481104203 3.84
385 0.008830441136001862 3.85
386 0.008833706232814841 3.86
387 0.00882993954632565 3.87
388 0.008816832797621429 3.88
389 0.008816848365204796 3.89
390 0.00882775129051961 3.9
391 0.008821759985010509 3.91
392 0.008830416387877717 3.92
393 0.008832519505059359 3.93
394 0.008834303234032443 3.94
395 0.008832492247801017 3.95
396 0.008831857282367024 3.96
397 0.008838550915500249 3.97
398 0.008833199939851176 3.98
399 0.008829233868490379 3.99
400 0.00882790446966622 4
401 0.008833135613170274 4.01
402 0.008844349744146461 4.02
403 0.008845859241312102 4.03
404 0.008851030739672614 4.04
405 0.008864234996161227 4.05
406 0.008862039165461799 4.06
407 0.008863017440428739 4.07
408 0.008868373079946906 4.08
409 0.008876580642139134 4.09
410 0.008868691069925475 4.1
411 0.008864256798477344 4.11
412 0.008861233682887642 4.12
413 0.008863054837253975 4.13
414 0.008860656039162269 4.14
415 0.008869850811035581 4.15
416 0.008887931694082753 4.16
417 0.008898808867015679 4.17
418 0.00891445993702031 4.18
419 0.008926392722494524 4.19
420 0.008938041118591897 4.2
421 0.008952435445312837 4.21
422 0.008957047180411862 4.22
423 0.008956605707722484 4.23
424 0.008947637076704498 4.24
425 0.008957733647741339 4.25
426 0.008963860647544519 4.26
427 0.008969487663862349 4.27
428 0.008970230283047078 4.28
429 0.008979086538866329 4.29
430 0.008986557256782204 4.3
431 0.009007740581895268 4.31
432 0.009024155984351238 4.32
433 0.00904101334667228 4.33
434 0.009063693121213617 4.34
435 0.009072701612501607 4.350000000000001
436 0.009094043149785304 4.36
437 0.009102760446933228 4.37
438 0.009109054932969344 4.38
439 0.009115413734471946 4.39
440 0.009101508207155693 4.4
441 0.00910386010125391 4.41
442 0.00910338191156651 4.42
443 0.00910704003689838 4.43
444 0.009116335620626536 4.44
445 0.009131615066122744 4.45
446 0.009147942785742217 4.46
447 0.009163489150290163 4.47
448 0.009182711823171071 4.48
449 0.009210812774625576 4.49
450 0.009223296192205317 4.5
451 0.009237209833399823 4.51
452 0.009248696180898148 4.52
453 0.009264759048679311 4.53
454 0.009271848430399845 4.54
455 0.009274247002275547 4.55
456 0.009290985276992651 4.56
457 0.009304313085318636 4.57
458 0.009306277367472741 4.58
459 0.009314184978178163 4.59
460 0.00931175062416215 4.600000000000001
461 0.009324025912386066 4.61
462 0.009356267763934702 4.62
463 0.009374226851581468 4.63
464 0.009389188313159737 4.64
465 0.009403741824559275 4.65
466 0.009409333868582195 4.66
467 0.009416287113236822 4.67
468 0.009427559562786418 4.68
469 0.009443978905554673 4.69
470 0.009485957203359771 4.7
471 0.009495023573951345 4.71
472 0.009500173058614782 4.72
473 0.009501753316511825 4.73
474 0.009499486670789422 4.74
475 0.009506936872475806 4.75
476 0.009509265710396408 4.76
477 0.009513156938009922 4.77
478 0.009521235329211702 4.78
479 0.009522963032448865 4.79
480 0.009541920865694846 4.8
481 0.009542795280187994 4.81
482 0.009586746399017443 4.82
483 0.009607201982898262 4.83
484 0.00959750202586079 4.84
485 0.009598711636305865 4.850000000000001
486 0.009614145246449692 4.86
487 0.00962218992503943 4.87
488 0.009625657435198304 4.88
489 0.009635762701763768 4.89
490 0.009646005424926132 4.9
491 0.009664486358874845 4.91
492 0.009692431204829013 4.92
493 0.009703637186777211 4.93
494 0.009689986417539202 4.94
495 0.009688847852580295 4.95
496 0.009695299439585981 4.96
497 0.009696522093619358 4.97
498 0.009716205332935013 4.98
499 0.009735968808884209 4.99
500 0.009761439316719777 5
501 0.009777043315329501 5.01
502 0.009793526664988499 5.02
503 0.009801225375660867 5.03
504 0.009811740365103275 5.04
505 0.009827523216641286 5.05
506 0.009836127379898051 5.06
507 0.009848147122073235 5.07
508 0.009869319547568808 5.08
509 0.009876555270601606 5.09
510 0.009865452626614398 5.100000000000001
511 0.00986190746635812 5.11
512 0.009871080112971792 5.12
513 0.009884922217732323 5.13
514 0.00989815274866852 5.14
515 0.009930579945065814 5.15
516 0.009950287623204854 5.16
517 0.009953845862367944 5.17
518 0.009957648671064856 5.18
519 0.00998435660956753 5.19
520 0.009960315761311983 5.2
521 0.009960574907590251 5.21
522 0.009967577057340249 5.22
523 0.009976629369854523 5.23
524 0.009992804314137984 5.24
525 0.01000287369903607 5.25
526 0.01001215429017874 5.26
527 0.01002223553329496 5.27
528 0.0100352005514546 5.28
529 0.01006057344797814 5.29
530 0.01007349793393329 5.3
531 0.01008328753839769 5.31
532 0.01008804710393682 5.32
533 0.01008495873526834 5.33
534 0.01008226708688765 5.34
535 0.0100790023950307 5.350000000000001
536 0.01008346333392153 5.36
537 0.01009976156984436 5.37
538 0.0101097634993796 5.38
539 0.01012423288107045 5.39
540 0.01014444928443549 5.4
541 0.01016575132565922 5.41
542 0.01018455404560936 5.42
543 0.01019469422400892 5.43
544 0.01021162163301016 5.44
545 0.01022530076133046 5.45
546 0.01023217903073132 5.46
547 0.01025035880786484 5.47
548 0.01024294275181166 5.48
549 0.01023349141635834 5.49
550 0.01023405892462726 5.5
551 0.01023463943902904 5.51
552 0.0102462168866862 5.52
553 0.01025990682870444 5.53
554 0.01028382442655599 5.54
555 0.01029784221846874 5.55
556 0.01030349019421247 5.56
557 0.01029857918411859 5.57
558 0.01030806764997101 5.58
559 0.01031862314557711 5.59
560 0.01032688941701212 5.600000000000001
561 0.01034230633997372 5.61
562 0.01035186718594404 5.62
563 0.01035990335368192 5.63
564 0.01036706330877387 5.64
565 0.01037023093737638 5.65
566 0.01037822907559365 5.66
567 0.01037869209766428 5.67
568 0.01038785541318609 5.68
569 0.0103922762573291 5.69
570 0.01040331811733555 5.7
571 0.01041360034159333 5.71
572 0.01042672244024846 5.72
573 0.01044271453007305 5.73
574 0.01045767627215202 5.74
575 0.01047083838019796 5.75
576 0.01047395217444661 5.76
577 0.01047680209831019 5.77
578 0.01049353061546688 5.78
579 0.0105028617456987 5.79
580 0.01051277183552412 5.8
581 0.01051008369735932 5.81
582 0.01051688002636399 5.82
583 0.01051759356566272 5.83
584 0.01052424122835158 5.84
585 0.01053195447580408 5.850000000000001
586 0.01054206567430806 5.86
587 0.01055429797680787 5.87
588 0.01056625179136003 5.88
589 0.01057930979195158 5.89
590 0.01058659578689418 5.9
591 0.01059267047011855 5.91
592 0.0105964847526363 5.92
593 0.01061063571591141 5.93
594 0.01063207480125105 5.94
595 0.01064273764939454 5.95
596 0.01065140864250872 5.96
597 0.01066533387763408 5.97
598 0.01067363482759727 5.98
599 0.01067403105143328 5.99
600 0.01067624380559687 6
601 0.01068841512845503 6.01
602 0.01069963489952423 6.02
603 0.0107162294942083 6.03
604 0.01073171482488681 6.04
605 0.0107453091027857 6.05
606 0.010761537156331 6.06
607 0.01078574457596755 6.07
608 0.0107992366081619 6.08
609 0.01080212013632968 6.09
610 0.01080840216297593 6.100000000000001
611 0.01082080204641997 6.11
612 0.01083450878094784 6.12
613 0.0108492649650388 6.13
614 0.01085564849490886 6.140000000000001
615 0.01086642638646811 6.15
616 0.010876818766743 6.16
617 0.0108889702649711 6.17
618 0.01090806740751101 6.18
619 0.01092195811427806 6.19
620 0.01093802708001395 6.2
621 0.01095198734039852 6.21
622 0.01095522181233051 6.22
623 0.01096942410856072 6.23
624 0.01099188628072158 6.24
625 0.01099857321079618 6.25
626 0.01101479328471011 6.26
627 0.01102545828671888 6.27
628 0.01103515432357716 6.28
629 0.01105805845663575 6.29
630 0.01107635135073462 6.3
631 0.01108814704527682 6.31
632 0.0110902963553427 6.32
633 0.01108409733639087 6.33
634 0.01108668465836067 6.34
635 0.0111080779440332 6.350000000000001
636 0.01110741307318051 6.36
637 0.01112467811302199 6.37
638 0.01114607189870502 6.38
639 0.01116189088016862 6.390000000000001
640 0.01118565962148159 6.4
641 0.0111994658889469 6.41
642 0.01121571558138597 6.42
643 0.01122704570217488 6.43
644 0.01123919299350915 6.44
645 0.01125041205319292 6.45
646 0.01125638528553382 6.46
647 0.01126491519883491 6.47
648 0.01127826315809396 6.48
649 0.01129738331810558 6.49
650 0.01132050549310512 6.5
651 0.01133967319817052 6.51
652 0.01135450487586874 6.52
653 0.01136538266038309 6.53
654 0.01137613918430744 6.54
655 0.01138641912072347 6.55
656 0.01139652960199022 6.56
657 0.01140388706001575 6.57
658 0.01141594080426993 6.58
659 0.01143163126193242 6.59
660 0.01145008724655192 6.600000000000001
661 0.0114659503181827 6.61
662 0.01148733929115468 6.62
663 0.0115122730828293 6.63
664 0.01153840584792924 6.640000000000001
665 0.01155821926853458 6.65
666 0.01156916738591492 6.66
667 0.01156877391313191 6.67
668 0.01155761698378407 6.68
669 0.01156088128945088 6.69
670 0.0115770548946045 6.7
671 0.01159034566820623 6.71
672 0.01160208943617765 6.72
673 0.01161664884274423 6.73
674 0.01163525397698219 6.74
675 0.01165356189197358 6.75
676 0.01167356981760006 6.76
677 0.01168092981149442 6.77
678 0.01169650795508797 6.78
679 0.01171309430128769 6.79
680 0.01174518559450715 6.8
681 0.01175988430355273 6.81
682 0.01177649656973492 6.82
683 0.01179185022673956 6.83
684 0.01180574598823782 6.84
685 0.01182248297425682 6.850000000000001
686 0.011833097279967 6.86
687 0.01185058414063639 6.87
688 0.01186647060792943 6.88
689 0.01188380863284541 6.890000000000001
690 0.01189938823941926 6.9
691 0.01191855446134274 6.91
692 0.01192941845151698 6.92
693 0.01194748546831098 6.93
694 0.0119650152941109 6.94
695 0.01198499654303727 6.95
696 0.01200116645887466 6.96
697 0.01201330320155733 6.97
698 0.01201877387736681 6.98
699 0.01203450418196725 6.99
700 0.01204557214319137 7
701 0.01206155326683592 7.01
702 0.01208609059034687 7.02
703 0.01210643086948488 7.03
704 0.01212310152467874 7.04
705 0.01213612201049187 7.05
706 0.01215301574279091 7.06
707 0.01216489417830042 7.07
708 0.01218025905323401 7.08
709 0.01219973799467508 7.09
710 0.01221880304691642 7.100000000000001
711 0.01223484000650586 7.11
712 0.01225444152930714 7.12
713 0.01226376347025465 7.13
714 0.01227860725316364 7.140000000000001
715 0.01229185738709426 7.15
716 0.01231129019000645 7.16
717 0.01233060542800226 7.17
718 0.01234783748515927 7.18
719 0.01237754607896476 7.19
720 0.01240336944525268 7.2
721 0.01241374964765658 7.21
722 0.01243353484404031 7.22
723 0.01245112019208357 7.23
724 0.01246613463483225 7.24
725 0.012489669594863 7.25
726 0.01250681769242399 7.26
727 0.01252669200837294 7.27
728 0.01253957983628668 7.28
729 0.01255422179823076 7.29
730 0.01256932346918172 7.3
731 0.01257700105348492 7.31
732 0.01258666410954511 7.32
733 0.01259796882225809 7.33
734 0.01262067766507845 7.34
735 0.0126504301552154 7.350000000000001
736 0.01267199983129724 7.36
737 0.01269843388344625 7.37
738 0.01273331390355519 7.38
739 0.01276405974069388 7.390000000000001
740 0.01278738852885339 7.4
741 0.01280573450294299 7.41
742 0.01281765707292591 7.42
743 0.01283076763389014 7.43
744 0.01283314908195498 7.44
745 0.01284287661277147 7.45
746 0.01286409990826465 7.46
747 0.01289703324527043 7.47
748 0.01292291739358594 7.48
749 0.01293588858442125 7.49
750 0.0129389928356457 7.5
751 0.01297158058156588 7.51
752 0.01299144289233734 7.52
753 0.01301277815089329 7.53
754 0.01302889912550049 7.54
755 0.01304917742608087 7.55
756 0.01307244226434556 7.56
757 0.01310339701105605 7.57
758 0.01310946449142744 7.58
759 0.01312399716887144 7.59
760 0.01314066579643453 7.600000000000001
761 0.01315971809896301 7.61
762 0.01318024687240542 7.62
763 0.01319842482909677 7.63
764 0.01322641601059966 7.640000000000001
765 0.01325053581961468 7.65
766 0.01327296928099372 7.66
767 0.01328396153543313 7.67
768 0.01329888555102593 7.68
769 0.01332508902231279 7.69
770 0.01335378823017301 7.7
771 0.01338310227016973 7.71
772 0.0134137986092549 7.72
773 0.01343617495226081 7.73
774 0.01345481521201912 7.74
775 0.01347683456119785 7.75
776 0.01350049197941555 7.76
777 0.01352179558144185 7.77
778 0.01354653673544138 7.78
779 0.01356606055548355 7.79
780 0.01358299715448455 7.8
781 0.01359359689360132 7.81
782 0.01359758801754147 7.82
783 0.01360803419804395 7.83
784 0.01363983243187711 7.84
785 0.01366118900632275 7.850000000000001
786 0.01369194068190755 7.86
787 0.01371863982086377 7.87
788 0.01375603632200009 7.88
789 0.01378429864361738 7.890000000000001
790 0.01380665958921174 7.9
791 0.01382135214231078 7.91
792 0.01383188394683199 7.92
793 0.01384468001405267 7.930000000000001
794 0.01386104700945954 7.94
795 0.01388202782126236 7.95
796 0.01390352047362324 7.96
797 0.01394096006226501 7.97
798 0.01397309230538406 7.98
799 0.01399469906719613 7.99
800 0.01401373834364341 8
801 0.0140287527909158 8.01
802 0.01403744710285089 8.02
803 0.0140509362896597 8.029999999999999
804 0.01405828537921066 8.040000000000001
805 0.01407557229632846 8.050000000000001
806 0.01408984848442501 8.06
807 0.01410286571509086 8.07
808 0.01412773152474905 8.08
809 0.01415285013540431 8.09
810 0.01417590525220735 8.1
811 0.01419412728956004 8.109999999999999
812 0.01420921509119693 8.120000000000001
813 0.01422946755754041 8.130000000000001
814 0.01425200020312366 8.140000000000001
815 0.01426731650040892 8.15
816 0.0142792348006048 8.16
817 0.01429515534821543 8.17
818 0.01430475875217531 8.18
819 0.0143261947794811 8.19
820 0.01434971675171395 8.199999999999999
821 0.0143666015189836 8.210000000000001
822 0.01438417686030413 8.220000000000001
823 0.01439652921412051 8.23
824 0.0144024775508926 8.24
825 0.01441171409230204 8.25
826 0.01442302669319688 8.26
827 0.01443955517741401 8.27
828 0.01446254221891454 8.279999999999999
829 0.01448074121109307 8.290000000000001
830 0.01450200881513545 8.300000000000001
831 0.01452687582204212 8.31
832 0.01454396097757218 8.32
833 0.01455644336307189 8.33
834 0.01457509624799217 8.34
835 0.01458978165809543 8.35
836 0.0146052976224297 8.359999999999999
837 0.01462530118106505 8.370000000000001
838 0.01464382371792607 8.380000000000001
839 0.01466376789533997 8.390000000000001
840 0.01468106598683487 8.4
841 0.01470096330811633 8.41
842 0.01471488160095091 8.42
843 0.01472802657609378 8.43
844 0.01473847050835389 8.44
845 0.01475555601251617 8.449999999999999
846 0.01476563723371493 8.460000000000001
847 0.01479022716174537 8.470000000000001
848 0.01480699578595299 8.48
849 0.01482560675157832 8.49
850 0.01484743785845009 8.5
851 0.01487028437612768 8.51
852 0.01488335850376854 8.52
853 0.01489916044887761 8.529999999999999
854 0.01491020215964902 8.540000000000001
855 0.01491688934248174 8.550000000000001
856 0.01492584187243825 8.56
857 0.01493726677983176 8.57
858 0.01495137592014042 8.58
859 0.01496273103391422 8.59
860 0.01497866759472691 8.6
861 0.01499863141419736 8.609999999999999
862 0.01501263795678043 8.620000000000001
863 0.01502940431848708 8.630000000000001
864 0.01504257595138057 8.640000000000001
865 0.01505657345695464 8.65
866 0.01508118400459567 8.66
867 0.0150987715511155 8.67
868 0.01511891117076229 8.68
869 0.01513243325813487 8.69
870 0.01514436800170509 8.700000000000001
871 0.01514374874633881 8.710000000000001
872 0.01514713818163606 8.720000000000001
873 0.01515080470351499 8.73
874 0.01516939058164452 8.74
875 0.01518989190492268 8.75
876 0.01520485118025086 8.76
877 0.01522606180393836 8.77
878 0.01524129271709753 8.779999999999999
879 0.01525893847757897 8.790000000000001
880 0.01527268902561284 8.800000000000001
881 0.01528478481833986 8.81
882 0.01529102233620373 8.82
883 0.01531093666357392 8.83
884 0.01532652407376362 8.84
885 0.01534350960755401 8.85
886 0.0153566816723629 8.859999999999999
887 0.01536503730405901 8.870000000000001
888 0.01537158376238505 8.880000000000001
889 0.01537787878272536 8.890000000000001
890 0.0153831669877617 8.9
891 0.01539100438591356 8.91
892 0.01539813294346371 8.92
893 0.01540657970949599 8.93
894 0.01542049028399529 8.94
895 0.01543545719136724 8.950000000000001
896 0.01545486913704029 8.960000000000001
897 0.0154723761435296 8.970000000000001
898 0.01548363900208344 8.98
899 0.01549233325752082 8.99
900 0.01550614062161842 9
901 0.01551893088779963 9.01
902 0.01552684070727629 9.02
903 0.01553228292089546 9.029999999999999
904 0.01553444690226597 9.040000000000001
905 0.0155398722699388 9.050000000000001
906 0.01554605155621184 9.06
907 0.01555068475550341 9.07
908 0.01555338406015913 9.08
909 0.01556204458082495 9.09
910 0.0155707754340678 9.1
911 0.01557578057465479 9.109999999999999
912 0.01557536565062874 9.120000000000001
913 0.01557603626456871 9.130000000000001
914 0.01558151120269756 9.140000000000001
915 0.01558331916121165 9.15
916 0.01558580559894597 9.16
917 0.01559009652707577 9.17
918 0.01559750369888651 9.18
919 0.01560750901059181 9.19
920 0.01561942139251651 9.200000000000001
921 0.01562672798858918 9.210000000000001
922 0.01563272403590921 9.220000000000001
923 0.01564178380850072 9.23
924 0.01564623960240658 9.24
925 0.01565999080374589 9.25
926 0.01567159420213125 9.26
927 0.01567773567977667 9.27
928 0.01568314623415433 9.279999999999999
929 0.01568744517980065 9.290000000000001
930 0.01569393776570634 9.300000000000001
931 0.0156952539048237 9.31
932 0.01569609376349829 9.32
933 0.01569005365546704 9.33
934 0.0156878133094412 9.34
935 0.01570146413923616 9.35
936 0.01571150104655214 9.359999999999999
937 0.01572266897466031 9.370000000000001
938 0.01572856807872048 9.380000000000001
939 0.01573966156148542 9.390000000000001
940 0.01574603246636133 9.4
941 0.01575504573287042 9.41
942 0.01576552646526386 9.42
943 0.01576998782589541 9.43
944 0.01576482413311885 9.44
945 0.01576396323386043 9.450000000000001
946 0.01576554766720064 9.460000000000001
947 0.01576481760567458 9.470000000000001
948 0.01576476412670467 9.48
949 0.01576622958042941 9.49
950 0.01577129051271976 9.5
951 0.01577705284577123 9.51
952 0.01578479089219957 9.52
953 0.01579325057156723 9.529999999999999
954 0.01579390971384919 9.540000000000001
955 0.01580131812472132 9.550000000000001
956 0.01581625864999877 9.56
957 0.01582795575887893 9.57
958 0.01584635114540845 9.58
959 0.01584710696198143 9.59
960 0.01585200170106082 9.6
961 0.01584685482378826 9.609999999999999
962 0.0158434189919682 9.620000000000001
963 0.0158507751413089 9.630000000000001
964 0.0158490224741636 9.640000000000001
965 0.01585172403293683 9.65
966 0.01585478373516596 9.66
967 0.01585186730459492 9.67
968 0.01585692465495588 9.68
969 0.01586217561015024 9.69
970 0.01586614715534602 9.700000000000001
971 0.01586925608817738 9.710000000000001
972 0.01587544335520947 9.720000000000001
973 0.01588855014629897 9.73
974 0.01589885748351339 9.74
975 0.01590755051560851 9.75
976 0.0159202887073026 9.76
977 0.01593461966729361 9.77
978 0.01594231942615411 9.779999999999999
979 0.01594630927000934 9.790000000000001
980 0.01595449638206214 9.800000000000001
981 0.01595322242997909 9.81
982 0.01596083726804844 9.82
983 0.01596357010761301 9.83
984 0.01596277930430906 9.84
985 0.01596757791827612 9.85
986 0.01597253887799362 9.859999999999999
987 0.01597690394048587 9.870000000000001
988 0.0159844516449707 9.880000000000001
989 0.01599553919870639 9.890000000000001
990 0.01601022854163001 9.9
991 0.0160251410442362 9.91
992 0.01604071667968433 9.92
993 0.01604925444898762 9.93
994 0.0160623257442678 9.94
995 0.01607873843445515 9.950000000000001
996 0.01608967027705994 9.960000000000001
997 0.01610758063749763 9.970000000000001
998 0.01611682303064541 9.98
999 0.01612887495542194 9.99
1000 0.01614080750266076 10
1001 0.01615085965505864 10.01
1002 0.01616227988252868 10.02
1003 0.01617638606038078 10.03
1004 0.01618586630531276 10.04
1005 0.01620011198779656 10.05
1006 0.01620980159316375 10.06
1007 0.0162293240119475 10.07
1008 0.01624733266022427 10.08
1009 0.01626940586977992 10.09
1010 0.01628406707989147 10.1
1011 0.01629703625300753 10.11
1012 0.01630916149606 10.12
1013 0.01631858412514496 10.13
1014 0.01632034940357287 10.14
1015 0.01634074685748439 10.15
1016 0.01635000244174312 10.16
1017 0.01636135115547267 10.17
1018 0.01637083673405722 10.18
1019 0.01638659845379078 10.19
1020 0.01639773136377473 10.2
1021 0.01641228196603491 10.21
1022 0.01642094187782235 10.22
1023 0.01643937664920714 10.23
1024 0.01645209786374195 10.24
1025 0.01646812903753802 10.25
1026 0.01648119999109978 10.26
1027 0.01649068240727317 10.27
1028 0.01649766648250679 10.28
1029 0.01650680735193989 10.29
1030 0.01652787553074433 10.3
1031 0.0165406825610867 10.31
1032 0.01655696875475676 10.32
1033 0.01656739458026579 10.33
1034 0.01658168150935999 10.34
1035 0.01659730909781548 10.35
1036 0.01660231182947311 10.36
1037 0.01660055298315846 10.37
1038 0.01660517008316344 10.38
1039 0.01660800678968002 10.39
1040 0.01661335324110306 10.4
1041 0.0166158693367587 10.41
1042 0.01663113499495178 10.42
1043 0.01663843083112319 10.43
1044 0.01665526715461272 10.44
1045 0.01666529112455714 10.45
1046 0.01666898169635263 10.46
1047 0.0166780144727202 10.47
1048 0.01669172025599161 10.48
1049 0.01670409518110559 10.49
1050 0.01671305859905954 10.5
1051 0.01672016211739792 10.51
1052 0.01672081280752815 10.52
1053 0.01673105560884976 10.53
1054 0.01673285364355397 10.54
1055 0.01673862249340057 10.55
1056 0.01673772079742803 10.56
1057 0.01674242145025589 10.57
1058 0.01673688768372415 10.58
1059 0.01673200295066613 10.59
1060 0.01673320205078648 10.6
1061 0.01673545360709547 10.61
1062 0.01673887951980796 10.62
1063 0.01674732693926611 10.63
1064 0.01676122020078022 10.64
1065 0.01677169348079734 10.65
1066 0.01677273751370526 10.66
1067 0.01678114652794494 10.67
1068 0.01678148938983933 10.68
1069 0.01677859456921021 10.69
1070 0.01678124875595852 10.7
1071 0.01678110725402449 10.71
1072 0.01677531819289532 10.72
1073 0.01677651630644537 10.73
1074 0.01677131446232787 10.74
1075 0.01676708368385859 10.75
1076 0.01676757732729679 10.76
1077 0.01676489093834069 10.77
1078 0.01675580555140002 10.78
1079 0.01676186956448028 10.79
1080 0.01676719991300884 10.8
1081 0.01676284299379073 10.81
1082 0.01675938023161036 10.82
1083 0.01675973183267159 10.83
1084 0.01676722477747591 10.84
1085 0.01677709966674651 10.85
1086 0.01678083335680094 10.86
1087 0.01679108907715454 10.87
1088 0.01679253617873284 10.88
1089 0.01679648553702825 10.89
1090 0.01679581532576754 10.9
1091 0.01679766512843903 10.91
1092 0.01679323160111999 10.92
1093 0.01679313087122011 10.93
1094 0.01678987769386316 10.94
1095 0.01678631198155005 10.95
1096 0.01679014863609073 10.96
1097 0.016787687405773 10.97
1098 0.01678686867696459 10.98
1099 0.01678339321070952 10.99
1100 0.01677934892640515 11
1101 0.01678345757286919 11.01
1102 0.01678819840637086 11.02
1103 0.01678068893172692 11.03
1104 0.01677632065491839 11.04
1105 0.01678179839631021 11.05
1106 0.01678817434464058 11.06
1107 0.01678626668679008 11.07
1108 0.01679457892782164 11.08
1109 0.01680171617179127 11.09
1110 0.01680837449483818 11.1
1111 0.01681162410012239 11.11
1112 0.0168073547473494 11.12
1113 0.01680339234802624 11.13
1114 0.01680169109596829 11.14
1115 0.01680556194727054 11.15
1116 0.01681152215522164 11.16
1117 0.01681811240104844 11.17
1118 0.01681474964609275 11.18
1119 0.01681478033398357 11.19
1120 0.01681413682853474 11.2
1121 0.01681749538517339 11.21
1122 0.01682057184095871 11.22
1123 0.01682972786869658 11.23
1124 0.01683579757206354 11.24
1125 0.01684045257512216 11.25
1126 0.016840411439145 11.26
1127 0.01684285004485485 11.27
1128 0.01684468331594811 11.28
1129 0.01684215465483167 11.29
1130 0.01684078131659055 11.3
1131 0.0168415721755449 11.31
1132 0.01684192927441823 11.32
1133 0.01684462439866621 11.33
1134 0.01685084783430104 11.34
1135 0.01686224684042625 11.35
1136 0.016866751951635 11.36
1137 0.01687001421645943 11.37
1138 0.01687401961431263 11.38
1139 0.01687155726097291 11.39
1140 0.01687226151207195 11.4
1141 0.01687839250904648 11.41
1142 0.01688449940098563 11.42
1143 0.01690211427987602 11.43
1144 0.01691971380598124 11.44
1145 0.0169227819849031 11.45
1146 0.01692893882791087 11.46
1147 0.01693253000012983 11.47
1148 0.01693308404829824 11.48
1149 0.01693513248593722 11.49
1150 0.01694283701886637 11.5
1151 0.01694734041323931 11.51
1152 0.0169469498267232 11.52
1153 0.01694634173381521 11.53
1154 0.01694678054617103 11.54
1155 0.01695025817536627 11.55
1156 0.01696283152748305 11.56
1157 0.0169711008523003 11.57
1158 0.01696887922116856 11.58
1159 0.01696771215472705 11.59
1160 0.01697173850000723 11.6
1161 0.01697652762642195 11.61
1162 0.01697263607051094 11.62
1163 0.01696795758875316 11.63
1164 0.01696821625588898 11.64
1165 0.01697499571795477 11.65
1166 0.01698012460270649 11.66
1167 0.01698311420396397 11.67
1168 0.01698294226655934 11.68
1169 0.01698450196782399 11.69
1170 0.01698596026684326 11.7
1171 0.01698195788667402 11.71
1172 0.01697515074782313 11.72
1173 0.01697979344131129 11.73
1174 0.01697638842187511 11.74
1175 0.01697285893894605 11.75
1176 0.01697505272856775 11.76
1177 0.01697705263836913 11.77
1178 0.01697751631950567 11.78
1179 0.01698201007070121 11.79
1180 0.01698113193856627 11.8
1181 0.01697597421577609 11.81
1182 0.01696967719949006 11.82
1183 0.01696074551384506 11.83
1184 0.0169539618416813 11.84
1185 0.01694825299000385 11.85
1186 0.01694221100239467 11.86
1187 0.01693313761720002 11.87
1188 0.01692940136115759 11.88
1189 0.01692728938310541 11.89
1190 0.01692815485552354 11.9
1191 0.01692777440047696 11.91
1192 0.01692322790366443 11.92
1193 0.01691887158199888 11.93
1194 0.01691291721649126 11.94
1195 0.01690475724859515 11.95
1196 0.01689966447089451 11.96
1197 0.01689031804702689 11.97
1198 0.01688543430756661 11.98
1199 0.01688381505272092 11.99
1200 0.01687855064437924 12
1201 0.01687758226361932 12.01
1202 0.01687548321754306 12.02
1203 0.01686768824175443 12.03
1204 0.01686282955616339 12.04
1205 0.01685656849096014 12.05
1206 0.01684614437149448 12.06
1207 0.01684022783316982 12.07
1208 0.01683405648589054 12.08
1209 0.01682961180163781 12.09
1210 0.01683328463312219 12.1
1211 0.01682512513972221 12.11
1212 0.01681060677840724 12.12
1213 0.01679687994351619 12.13
1214 0.01679100561943377 12.14
1215 0.01678841570036545 12.15
1216 0.01677871898929839 12.16
1217 0.0167731614887089 12.17
1218 0.01676728475699312 12.18
1219 0.01676309436957386 12.19
1220 0.01675991006400053 12.2
1221 0.01676214422568557 12.21
1222 0.01675815843344754 12.22
1223 0.01675459031616352 12.23
1224 0.01675094248563286 12.24
1225 0.01674720381560786 12.25
1226 0.01674823140240202 12.26
1227 0.01674570554206973 12.27
1228 0.01674167883248524 12.28
1229 0.01673931580915495 12.29
1230 0.01673243810525765 12.3
1231 0.01672795401641797 12.31
1232 0.01672404725265797 12.32
1233 0.01672153313553059 12.33
1234 0.01671899586869988 12.34
1235 0.01671304511772682 12.35
1236 0.01670962883925237 12.36
1237 0.01670556884790243 12.37
1238 0.01670198142212373 12.38
1239 0.01669677594568181 12.39
1240 0.01669255206536891 12.4
1241 0.01668637100674772 12.41
1242 0.01667486296499621 12.42
1243 0.01666777686034624 12.43
1244 0.01666233915497275 12.44
1245 0.01665576003255743 12.45
1246 0.01665462302495519 12.46
1247 0.01665019911288922 12.47
1248 0.01665628762705615 12.48
1249 0.01664765033642407 12.49
1250 0.01664554650715924 12.5
1251 0.01663711132126584 12.51
1252 0.01662181240134079 12.52
1253 0.0166123892833576 12.53
1254 0.01660582360553109 12.54
1255 0.01659150050994025 12.55
1256 0.01656628859809255 12.56
1257 0.0165531120140394 12.57
1258 0.01653994075405017 12.58
1259 0.01652812130253116 12.59
1260 0.01653036435252639 12.6
1261 0.01653394187627601 12.61
1262 0.01652582358959417 12.62
1263 0.01652149032578917 12.63
1264 0.01651773684347353 12.64
1265 0.01651906482015156 12.65
1266 0.01651872364361193 12.66
1267 0.01652005401253964 12.67
1268 0.01651717475825791 12.68
1269 0.01651378377466622 12.69
1270 0.01649566548809693 12.7
1271 0.0164726471826015 12.71
1272 0.01646243432841095 12.72
1273 0.01646313562620923 12.73
1274 0.01647316617709676 12.74
1275 0.01647970957174338 12.75
1276 0.01648067185916825 12.76
1277 0.01647629090473703 12.77
1278 0.01648106064473607 12.78
1279 0.01647806260047355 12.79
1280 0.01647847203395235 12.8
1281 0.01648364645195179 12.81
1282 0.01649314709665445 12.82
1283 0.01648815991066652 12.83
1284 0.01649284018430398 12.84
1285 0.01649367929549615 12.85
1286 0.01650233323710854 12.86
1287 0.01650753850950787 12.87
1288 0.01651046948516614 12.88
1289 0.01649666487184187 12.89
1290 0.01648803365695003 12.9
1291 0.0164845067860692 12.91
1292 0.01648300305535107 12.92
1293 0.01648375742085791 12.93
1294 0.01648096046768686 12.94
1295 0.01648386969782074 12.95
1296 0.01647502623483891 12.96
1297 0.01645595378988143 12.97
1298 0.01644823948438881 12.98
1299 0.01644507742897781 12.99
1300 0.01644014798386611 13
1301 0.01644189114895823 13.01
1302 0.01643685562144988 13.02
1303 0.01643281635155998 13.03
1304 0.01642644678012167 13.04
1305 0.01641793851629201 13.05
1306 0.01639638786033538 13.06
1307 0.01638157182989859 13.07
1308 0.01637032072784111 13.08
1309 0.01637911342116323 13.09
1310 0.01637463907313853 13.1
1311 0.01634580501700982 13.11
1312 0.01633401889251315 13.12
1313 0.01634070362900839 13.13
1314 0.0163438495965236 13.14
1315 0.01634876077199597 13.15
1316 0.01634889436441692 13.16
1317 0.01636035874415165 13.17
1318 0.01635452445180154 13.18
1319 0.01634901130085297 13.19
1320 0.01635005518866648 13.2
1321 0.01633833677252374 13.21
1322 0.01632110090953275 13.22
1323 0.01631188045881477 13.23
1324 0.01630454079461538 13.24
1325 0.01628709153697099 13.25
1326 0.01627750086756675 13.26
1327 0.0162697591882129 13.27
1328 0.01626173187602747 13.28
1329 0.0162627040333192 13.29
1330 0.01625951743046613 13.3
1331 0.01625643402861777 13.31
1332 0.01624845800475268 13.32
1333 0.01624388959070068 13.33
1334 0.01623746056547003 13.34
1335 0.01622652320668274 13.35
1336 0.01621554560334484 13.36
1337 0.01620969942546092 13.37
1338 0.01619823791937865 13.38
1339 0.01619457172833401 13.39
1340 0.01619095929687438 13.4
1341 0.01617962057910033 13.41
1342 0.01616916021246384 13.42
1343 0.01615265881636053 13.43
1344 0.01613704945742112 13.44
1345 0.01612925681871735 13.45
1346 0.01611269869297621 13.46
1347 0.01610276122646329 13.47
1348 0.01608906641054953 13.48
1349 0.0160717710020488 13.49
1350 0.0160610229705019 13.5
1351 0.01607229603843834 13.51
1352 0.01606647963123154 13.52
1353 0.0160565068373263 13.53
1354 0.01604386437443046 13.54
1355 0.01603989708773598 13.55
1356 0.01602933008567107 13.56
1357 0.01602692128678696 13.57
1358 0.01602013461428324 13.58
1359 0.0160034154986785 13.59
1360 0.01599141754277047 13.6
1361 0.01597177683087201 13.61
1362 0.01595930894562215 13.62
1363 0.01595627128447185 13.63
1364 0.01595952384044876 13.64
1365 0.01595786481361095 13.65
1366 0.01594297820640075 13.66
1367 0.01592899554688779 13.67
1368 0.01592604191677979 13.68
1369 0.01591316205203525 13.69
1370 0.01590766846171046 13.7
1371 0.01590325972541401 13.71
1372 0.01589501252333727 13.72
1373 0.01588141098394525 13.73
1374 0.0158613013673108 13.74
1375 0.01581921610143579 13.75
1376 0.0157817328168061 13.76
1377 0.01577857424298028 13.77
1378 0.01577279849289375 13.78
1379 0.01576714251194773 13.79
1380 0.01576924778005219 13.8
1381 0.01575947236150183 13.81
1382 0.01575638728878626 13.82
1383 0.01574283533999785 13.83
1384 0.01572797035848192 13.84
1385 0.01570963535537206 13.85
1386 0.01569312504340475 13.86
1387 0.01566334719159708 13.87
1388 0.01563733479459774 13.88
1389 0.0156273927673129 13.89
1390 0.01560736297428932 13.9
1391 0.01558807794360752 13.91
1392 0.01557221176194079 13.92
1393 0.01555084770361943 13.93
1394 0.01552892795771369 13.94
1395 0.01550947291857098 13.95
1396 0.01549638010974745 13.96
1397 0.01550093018929778 13.97
1398 0.01547864701660665 13.98
1399 0.0154748418765138 13.99
1400 0.01545236808114752 14
1401 0.01542370373273295 14.01
1402 0.01539626711298858 14.02
1403 0.0153838848590337 14.03
1404 0.01536628714348288 14.04
1405 0.0153659843969475 14.05
1406 0.01538050832780923 14.06
1407 0.01537607196957057 14.07
1408 0.01537765804842711 14.08
1409 0.0153569139773712 14.09
1410 0.01533702604647177 14.1
1411 0.01530616350813037 14.11
1412 0.01529674286871421 14.12
1413 0.01529504711390562 14.13
1414 0.01528708554969261 14.14
1415 0.01527549475147256 14.15
1416 0.01527913798041697 14.16
1417 0.01527230372054189 14.17
1418 0.0152524448485048 14.18
1419 0.01525078575902809 14.19
1420 0.01526788869192722 14.2
1421 0.01526169486493261 14.21
1422 0.01526424458042081 14.22
1423 0.01526726460855862 14.23
1424 0.01527710466389129 14.24
1425 0.01527612269335096 14.25
1426 0.01527810423322188 14.26
1427 0.01527447698675224 14.27
1428 0.01526521933812851 14.28
1429 0.01526539722203435 14.29
1430 0.01527050319913025 14.3
1431 0.01527927465914949 14.31
1432 0.01528244485481558 14.32
1433 0.01528082615260749 14.33
1434 0.01528179351453471 14.34
1435 0.01529909490258256 14.35
1436 0.01530991455440773 14.36
1437 0.01531878725494946 14.37
1438 0.01532912268968754 14.38
1439 0.01532994064984492 14.39
1440 0.01531033503088512 14.4
1441 0.01530882893966384 14.41
1442 0.01532522831716141 14.42
1443 0.01531026101001903 14.43
1444 0.0153289529182563 14.44
1445 0.01534561844022187 14.45
1446 0.01535096453516976 14.46
1447 0.01535791396430778 14.47
1448 0.01536150231787947 14.48
1449 0.01535645870247346 14.49
1450 0.01536170552481249 14.5
1451 0.01536749066252206 14.51
1452 0.01537367044064817 14.52
1453 0.01539033194477334 14.53
1454 0.01540130234332325 14.54
1455 0.01540335303000428 14.55
1456 0.01541380931124463 14.56
1457 0.01540543352383052 14.57
1458 0.0153991266004903 14.58
1459 0.0154010196172217 14.59
1460 0.01539959333821649 14.6
1461 0.01539998090644093 14.61
1462 0.01539618128981157 14.62
1463 0.01539399194884039 14.63
1464 0.0153956711641463 14.64
1465 0.01539911965350236 14.65
1466 0.01539348960376844 14.66
1467 0.01540210623246339 14.67
1468 0.01540607997080552 14.68
1469 0.01541062855361474 14.69
1470 0.01541178561519608 14.7
1471 0.01541182886435912 14.71
1472 0.01542752447116685 14.72
1473 0.01543691687942905 14.73
1474 0.01542969681078349 14.74
1475 0.01541965926245977 14.75
1476 0.01541063664416117 14.76
1477 0.01541030322828567 14.77
1478 0.01542376096682896 14.78
1479 0.01543195906803596 14.79
1480 0.01543235900500721 14.8
1481 0.01542788989982047 14.81
1482 0.01542212656486919 14.82
1483 0.01541783181604297 14.83
1484 0.01540210573336617 14.84
1485 0.01539697593129531 14.85
1486 0.01541244328463767 14.86
1487 0.01543086990114553 14.87
1488 0.01544611045862653 14.88
1489 0.01545302356279045 14.89
1490 0.01545981440009422 14.9
1491 0.01545102657732315 14.91
1492 0.01544916426026383 14.92
1493 0.01544739735388023 14.93
1494 0.01544624966124017 14.94
1495 0.01544073239599216 14.95
1496 0.01544506460189449 14.96
1497 0.01544376128568758 14.97
1498 0.01545031260887972 14.98
1499 0.01545203489404628 14.99
1500 0.01545023407349279 15
1501 0.01544337175907542 15.01
1502 0.01544488134102934 15.02
1503 0.0154480834039519 15.03
1504 0.01545341955606577 15.04
1505 0.01545082029547677 15.05
1506 0.01547157447910604 15.06
1507 0.01547335905498551 15.07
1508 0.01547030267794361 15.08
1509 0.01546615482678882 15.09
1510 0.01546875861112572 15.1
1511 0.01547331611700037 15.11
1512 0.01547791476224645 15.12
1513 0.01548216816949743 15.13
1514 0.01548034530245278 15.14
1515 0.01547086862015274 15.15
1516 0.01545441763006754 15.16
1517 0.01543826593724238 15.17
1518 0.01541939400950454 15.18
1519 0.01541372495778721 15.19
1520 0.01540599398032538 15.2
1521 0.01540720395309642 15.21
1522 0.01540741086664439 15.22
1523 0.01540852400428114 15.23
1524 0.01540927869760492 15.24
1525 0.01540866937330862 15.25
1526 0.0153982005271097 15.26
1527 0.01539935570398142 15.27
1528 0.01538964955394419 15.28
1529 0.01537661040056434 15.29
1530 0.0153432894468393 15.3
1531 0.01534341483167932 15.31
1532 0.01534163614236515 15.32
1533 0.01531158578422724 15.33
1534 0.01530651929916983 15.34
1535 0.01529118497621573 15.35
1536 0.01525699439712838 15.36
1537 0.01523169779699224 15.37
1538 0.01522100175481799 15.38
1539 0.01520197794094188 15.39
1540 0.01519784195423708 15.4
1541 0.01522241053580752 15.41
1542 0.01524554409276117 15.42
1543 0.01524357289208295 15.43
1544 0.01523076370979324 15.44
1545 0.01522934682348299 15.45
1546 0.01522578048604811 15.46
1547 0.01521494917458424 15.47
1548 0.01519489770362621 15.48
1549 0.01516062515711374 15.49
1550 0.01513511681039759 15.5
1551 0.01510186842866804 15.51
1552 0.01508859637228362 15.52
1553 0.0150998757133337 15.53
1554 0.01509930456835213 15.54
1555 0.01510961481463443 15.55
1556 0.01512681347836334 15.56
1557 0.0151185795242604 15.57
1558 0.01510244864356925 15.58
1559 0.01509873551129113 15.59
1560 0.01509793007402742 15.6
1561 0.01510005117798241 15.61
1562 0.01508260957702407 15.62
1563 0.01507358372169838 15.63
1564 0.01507486388073395 15.64
1565 0.01506501992508093 15.65
1566 0.01505658543894683 15.66
1567 0.01506370919347308 15.67
1568 0.01505624805630609 15.68
1569 0.01507104108868355 15.69
1570 0.01509234717065396 15.7
1571 0.01511679161630194 15.71
1572 0.01512565262282401 15.72
1573 0.01513281441430282 15.73
1574 0.01513186276681385 15.74
1575 0.01512371619717097 15.75
1576 0.01511211344347448 15.76
1577 0.01513603319232677 15.77
1578 0.01514927039115692 15.78
1579 0.01517287568326687 15.79
1580 0.01519438825182827 15.8
1581 0.01521899899677372 15.81
1582 0.01522439758153326 15.82
1583 0.01522454233140358 15.83
1584 0.01523874430576384 15.84
1585 0.01525258096098155 15.85
1586 0.01524780576200918 15.86
1587 0.01525132946174428 15.87
1588 0.01526383698507349 15.88
1589 0.01529291184708083 15.89
1590 0.01530836874080104 15.9
1591 0.01532463667289559 15.91
1592 0.01533642559877541 15.92
1593 0.0153438032164691 15.93
1594 0.01534957746898478 15.94
1595 0.01534510535092726 15.95
1596 0.01535375058274859 15.96
1597 0.01534593250123663 15.97
1598 0.01534605209466366 15.98
1599 0.01536147009135915 15.99
1600 0.01537261034857548 16
1601 0.01537215086240538 16.01
1602 0.01536490622455089 16.02
1603 0.01538319739965277 16.03
1604 0.01540070376593928 16.04
1605 0.01538145575391314 16.05
1606 0.0153832559153613 16.06
1607 0.01537799788126457 16.07
1608 0.0153803693276504 16.08
1609 0.01540830479549797 16.09
1610 0.01541881390475925 16.1
1611 0.01541472170911902 16.11
1612 0.01540316705526632 16.12
1613 0.01539047392424836 16.13
1614 0.01539563020270904 16.14
1615 0.01540038523296892 16.15
1616 0.01539232705135212 16.16
1617 0.01539790908939912 16.17
1618 0.01539606502178141 16.18
1619 0.01539746863744003 16.19
1620 0.01542110766763026 16.2
1621 0.01543282386660359 16.21
1622 0.01541612815382916 16.22
1623 0.01539199215572731 16.23
1624 0.01536989250640363 16.24
1625 0.01535505621291424 16.25
1626 0.01533678710665956 16.26
1627 0.01533277967852517 16.27
1628 0.01534727729379367 16.28
1629 0.01535653527002433 16.29
1630 0.01536560603006483 16.3
1631 0.01534878653952788 16.31
1632 0.01533327138396037 16.32
1633 0.01529399296509615 16.33
1634 0.01527059233160327 16.34
1635 0.01526463772678134 16.35
1636 0.01524482159672104 16.36
1637 0.01522549246217264 16.37
1638 0.01521542716419882 16.38
1639 0.01519879081906463 16.39
1640 0.01517075335794476 16.4
1641 0.01515527685117582 16.41
1642 0.0151462808989171 16.42
1643 0.01514955866339015 16.43
1644 0.01514303244369016 16.44
1645 0.01512520518191754 16.45
1646 0.01511633480071166 16.46
1647 0.01510378545086952 16.47
1648 0.01508584487360632 16.48
1649 0.01507062524972071 16.49
1650 0.01506627664834042 16.5
1651 0.01505330527249118 16.51
1652 0.01504087221576192 16.52
1653 0.01503124674962904 16.53
1654 0.01500426474573463 16.54
1655 0.01497351093230026 16.55
1656 0.01495440364542966 16.56
1657 0.01494076361032019 16.57
1658 0.01492007657181018 16.58
1659 0.01491283831331027 16.59
1660 0.01490018086752899 16.6
1661 0.01488981223109762 16.61
1662 0.01487879442364945 16.62
1663 0.01487119710685492 16.63
1664 0.01486708987799798 16.64
1665 0.01487093028125433 16.65
1666 0.01487194900667214 16.66
1667 0.01486946957852557 16.67
1668 0.01487312245901862 16.68
1669 0.01486008330326935 16.69
1670 0.01486953545070067 16.7
1671 0.01486716426071004 16.71
1672 0.01486697817625469 16.72
1673 0.0148515902047875 16.73
1674 0.01483396870790032 16.74
1675 0.01482645636591239 16.75
1676 0.01482769351903566 16.76
1677 0.01483863947218728 16.77
1678 0.01484217087212129 16.78
1679 0.01484215186414489 16.79
1680 0.01485370074354896 16.8
1681 0.01484605810767326 16.81
1682 0.01485509103883376 16.82
1683 0.01485713323240439 16.83
1684 0.01486987351952498 16.84
1685 0.01486378127804319 16.85
1686 0.01485774532696602 16.86
1687 0.01486623044720471 16.87
1688 0.01486755296261911 16.88
1689 0.01487184748677236 16.89
1690 0.01488696555008569 16.9
1691 0.01489554165071637 16.91
1692 0.01490832490458839 16.92
1693 0.01491873149886776 16.93
1694 0.01492120300223478 16.94
1695 0.01492136329143602 16.95
1696 0.01493221531051845 16.96
1697 0.01492285834462186 16.97
1698 0.0149096878388763 16.98
1699 0.01490299114399552 16.99
1700 0.01489890977621226 17
1701 0.0148955761650111 17.01
1702 0.0148886430763358 17.02
1703 0.01487562348769926 17.03
1704 0.01486219464446965 17.04
1705 0.01486080770614746 17.05
1706 0.01488328511837165 17.06
1707 0.0148880488592361 17.07
1708 0.01490393441146642 17.08
1709 0.01490005347768735 17.09
1710 0.01487890704895397 17.1
1711 0.01485450257440689 17.11
1712 0.01484048010360153 17.12
1713 0.01480622851779656 17.13
1714 0.01478908360325774 17.14
1715 0.01477416069504552 17.15
1716 0.01476651034811437 17.16
1717 0.01475571428229104 17.17
1718 0.0147368607391679 17.18
1719 0.01473507635532437 17.19
1720 0.01474384193893369 17.2
1721 0.01474977676717686 17.21
1722 0.0147465556956887 17.22
1723 0.01474120340717542 17.23
1724 0.01474774904245497 17.24
1725 0.01473914763530185 17.25
1726 0.01471481209966389 17.26
1727 0.01469283020021444 17.27
1728 0.01469254295207255 17.28
1729 0.01468240510964316 17.29
1730 0.01468095804273763 17.3
1731 0.01465972747417882 17.31
1732 0.01465754723312093 17.32
1733 0.01467196176713409 17.33
1734 0.01468830918918472 17.34
1735 0.01469599657283363 17.35
1736 0.01470497918732822 17.36
1737 0.01469406555714764 17.37
1738 0.01469741420718119 17.38
1739 0.01467908003575631 17.39
1740 0.01465493130598593 17.4
1741 0.01464784552854128 17.41
1742 0.01465126928062449 17.42
1743 0.01465367874319481 17.43
1744 0.01464096227829269 17.44
1745 0.01464022157977585 17.45
1746 0.01463683444933831 17.46
1747 0.01465038946025685 17.47
1748 0.01464586605392127 17.48
1749 0.01463635997345635 17.49
1750 0.01464270914404042 17.5
1751 0.01465505003762711 17.51
1752 0.01464246344615082 17.52
1753 0.01464698960628646 17.53
1754 0.01464555749069266 17.54
1755 0.01463808485668666 17.55
1756 0.01462883973356638 17.56
1757 0.0146202476319248 17.57
1758 0.01461023621251667 17.58
1759 0.01460152792079725 17.59
1760 0.01459899636925147 17.6
1761 0.01460169944283343 17.61
1762 0.014606223401207 17.62
1763 0.0146055285834035 17.63
1764 0.01460575184539835 17.64
1765 0.01460949915484278 17.65
1766 0.01463000016713067 17.66
1767 0.01460140567353614 17.67
1768 0.01458299729991803 17.68
1769 0.01456432189095166 17.69
1770 0.01457065311750293 17.7
1771 0.01457640531254371 17.71
1772 0.01458678613099854 17.72
1773 0.01457406862370778 17.73
1774 0.01456357695537817 17.74
1775 0.01456462518434362 17.75
1776 0.01456319483757383 17.76
1777 0.01455237760058828 17.77
1778 0.01454079691874447 17.78
1779 0.01450870055096233 17.79
1780 0.01449513688950748 17.8
1781 0.01445977744691435 17.81
1782 0.01445137528785939 17.82
1783 0.0144400517886299 17.83
1784 0.01442799100301857 17.84
1785 0.01443223701025408 17.85
1786 0.01442763534621864 17.86
1787 0.01443240456463486 17.87
1788 0.01442950062530073 17.88
1789 0.01440443113880536 17.89
1790 0.01437047831749003 17.9
1791 0.01433910989584707 17.91
1792 0.01430091955104013 17.92
1793 0.01427377945472325 17.93
1794 0.01425919430477481 17.94
1795 0.01427128401484847 17.95
1796 0.014266570895507 17.96
1797 0.01426122391850369 17.97
1798 0.01425419348357394 17.98
1799 0.01424808725556324 17.99
1800 0.01422865448094769 18
1801 0.01422455689850257 18.01
1802 0.01422104894645743 18.02
1803 0.01419941397894091 18.03
1804 0.01417702811036569 18.04
1805 0.01413420647763283 18.05
1806 0.01411380428700565 18.06
1807 0.01410522735227719 18.07
1808 0.01410059785393804 18.08
1809 0.01410789013377096 18.09
1810 0.01411189035396577 18.1
1811 0.01409882782382925 18.11
1812 0.01408525050459382 18.12
1813 0.01408698419544869 18.13
1814 0.01408333391948129 18.14
1815 0.01406643654433653 18.15
1816 0.01405805036528164 18.16
1817 0.01404859765840205 18.17
1818 0.01404499549425555 18.18
1819 0.01403368425751226 18.19
1820 0.01402400151332393 18.2
1821 0.01400519151375057 18.21
1822 0.01398623718554983 18.22
1823 0.01398768501605763 18.23
1824 0.01399141313480035 18.24
1825 0.01399573130606127 18.25
1826 0.01398921410551615 18.26
1827 0.01398966585612468 18.27
1828 0.0139865768524698 18.28
1829 0.01399317333393062 18.29
1830 0.01399556314103706 18.3
1831 0.01399935326184071 18.31
1832 0.01399548396103344 18.32
1833 0.01399203946439983 18.33
1834 0.01398124279813046 18.34
1835 0.01397001950662925 18.35
1836 0.01395779970092679 18.36
1837 0.01394317605964373 18.37
1838 0.01394522286825 18.38
1839 0.01394836640982425 18.39
1840 0.01394589305938494 18.4
1841 0.01394517474014122 18.41
1842 0.01393418545196535 18.42
1843 0.01393023788170193 18.43
1844 0.01393157305557868 18.44
1845 0.0139352846674986 18.45
1846 0.01391597019711135 18.46
1847 0.01390742995640989 18.47
1848 0.01389859273019083 18.48
1849 0.01388929998844619 18.49
1850 0.01388515317523365 18.5
1851 0.01389395437735861 18.51
1852 0.01388225226254488 18.52
1853 0.01387121361736756 18.53
1854 0.01386237550024626 18.54
1855 0.01385407346728521 18.55
1856 0.01384451503199753 18.56
1857 0.01383170576124613 18.57
1858 0.01382280358572981 18.58
1859 0.01381712607094041 18.59
1860 0.01381201252496969 18.6
1861 0.01380824608062615 18.61
1862 0.0138092529285163 18.62
1863 0.01380684958742705 18.63
1864 0.01381133374315855 18.64
1865 0.01380394487866229 18.65
1866 0.01378345351654128 18.66
1867 0.01377471170507517 18.67
1868 0.0137613408065356 18.68
1869 0.01375217152652945 18.69
1870 0.01373892726985322 18.7
1871 0.01372830965123781 18.71
1872 0.01371819113610129 18.72
1873 0.01371403282861414 18.73
1874 0.01371450659428167 18.74
1875 0.0137076389606719 18.75
1876 0.0137011800571408 18.76
1877 0.01369605619190943 18.77
1878 0.01369159822108578 18.78
1879 0.01369096057171896 18.79
1880 0.01369008351233404 18.8
1881 0.01368758176950661 18.81
1882 0.01368697217662066 18.82
1883 0.01367735129121746 18.83
1884 0.01367237412317083 18.84
1885 0.01367254957835523 18.85
1886 0.0136652551202387 18.86
1887 0.01364759231698917 18.87
1888 0.01363786956227643 18.88
1889 0.01363266592451275 18.89
1890 0.01362928149282144 18.9
1891 0.01362915802112531 18.91
1892 0.01362552661153081 18.92
1893 0.01362654072382276 18.93
1894 0.01362585479779572 18.94
1895 0.01362171709504079 18.95
1896 0.01362188110746533 18.96
1897 0.01361480918280109 18.97
1898 0.01360976380232651 18.98
1899 0.01360858963915493 18.99
1900 0.01361185666635035 19
1901 0.0136116700777376 19.01
1902 0.01360730575921912 19.02
1903 0.01360002026973526 19.03
1904 0.01359317323268215 19.04
1905 0.01358919173857217 19.05
1906 0.01358450731401006 19.06
1907 0.01358053214006072 19.07
1908 0.01357550839190368 19.08
1909 0.01357302629936936 19.09
1910 0.0135738075021515 19.1
1911 0.01357349403646885 19.11
1912 0.01356838484898694 19.12
1913 0.0135648363361962 19.13
1914 0.01356554946311969 19.14
1915 0.01356030777627501 19.15
1916 0.01356385588071462 19.16
1917 0.01356617000282288 19.17
1918 0.01356611347409194 19.18
1919 0.01356380892658638 19.19
1920 0.01355651747009994 19.2
1921 0.01354984584350873 19.21
1922 0.01354194233846201 19.22
1923 0.01353662944115695 19.23
1924 0.01353224390311531 19.24
1925 0.01352881532594717 19.25
1926 0.0135247301638905 19.26
1927 0.01352779885759847 19.27
1928 0.01352398643040805 19.28
1929 0.01351217961888568 19.29
1930 0.01350486778480099 19.3
1931 0.01350155353644319 19.31
1932 0.0134921723600203 19.32
1933 0.01348384151448203 19.33
1934 0.01347881420796091 19.34
1935 0.01347214478752019 19.35
1936 0.01346923166945844 19.36
1937 0.01346489012529971 19.37
1938 0.01345782178008941 19.38
1939 0.01345120002773021 19.39
1940 0.01344392249570935 19.4
1941 0.0134379426877789 19.41
1942 0.0134312129946755 19.42
1943 0.01342459507959646 19.43
1944 0.01342144100131612 19.44
1945 0.0134163153725692 19.45
1946 0.01340892557047796 19.46
1947 0.01340065259268453 19.47
1948 0.01339003202231229 19.48
1949 0.01337733187000339 19.49
1950 0.01336993666055333 19.5
1951 0.01336536984626012 19.51
1952 0.01336081550561965 19.52
1953 0.0133565564696151 19.53
1954 0.01335189472143643 19.54
1955 0.01334725553237395 19.55
1956 0.01334208349657552 19.56
1957 0.01333009602460812 19.57
1958 0.01332556098263314 19.58
1959 0.01332296866931572 19.59
1960 0.01331762520625368 19.6
1961 0.01331232161770991 19.61
1962 0.01330045800030582 19.62
1963 0.01329262299075275 19.63
1964 0.01328947667990775 19.64
1965 0.01328489356867225 19.65
1966 0.01328459844836294 19.66
1967 0.01328099240001143 19.67
1968 0.01327686421878338 19.68
1969 0.01327275789022653 19.69
1970 0.01327059656206494 19.7
1971 0.01327094706488871 19.71
1972 0.01326883323343331 19.72
1973 0.01326477922341994 19.73
1974 0.01326373350332785 19.74
1975 0.01326291215036632 19.75
1976 0.01325882634398035 19.76
1977 0.01325545418954056 19.77
1978 0.01324901448580947 19.78
1979 0.01324650934956215 19.79
1980 0.01324754643855612 19.8
1981 0.01324632271493058 19.81
1982 0.0132382388936894 19.82
1983 0.01323400185618447 19.83
1984 0.01322958623882756 19.84
1985 0.01322613837991176 19.85
1986 0.01322362586130572 19.86
1987 0.01322125221297686 19.87
1988 0.01321678133476699 19.88
1989 0.01321651290387121 19.89
1990 0.01321340184598871 19.9
1991 0.01321093969385768 19.91
1992 0.0132032953784359 19.92
1993 0.01319951436766221 19.93
1994 0.01319340078849054 19.94
1995 0.01318923783612649 19.95
1996 0.01318186345507385 19.96
1997 0.01317439909373928 19.97
1998 0.01316716042483533 19.98
1999 0.01316429492367922 19.99
2000 0.01315855630120443 20
2001 0.01315084127415793 20.01
2002 0.01314774264102627 20.02
2003 0.01314199447031391 20.03
2004 0.01313748198076617 20.04
2005 0.01313282818079696 20.05
2006 0.01312491296921166 20.06
2007 0.01311740584798345 20.07
2008 0.01311250087687557 20.08
2009 0.01310823720297951 20.09
2010 0.0130960323599877 20.1
2011 0.01308721820486156 20.11
2012 0.01307918593284503 20.12
2013 0.01307204101522065 20.13
2014 0.01306805304387555 20.14
2015 0.01306151557642284 20.15
2016 0.01305601936945679 20.16
2017 0.0130505697545236 20.17
2018 0.01304624680800109 20.18
2019 0.01303938039720557 20.19
2020 0.01303499342760928 20.2
2021 0.0130322331214848 20.21
2022 0.01302542165687444 20.22
2023 0.01301829292102659 20.23
2024 0.01301157621525587 20.24
2025 0.01300886971664912 20.25
2026 0.0130046757026201 20.26
2027 0.01300347752332952 20.27
2028 0.01299711005827858 20.28
2029 0.012992478384118 20.29
2030 0.01299031091140275 20.3
2031 0.01298438719111892 20.31
2032 0.01298108126605473 20.32
2033 0.01297972481720782 20.33
2034 0.01297682488787754 20.34
2035 0.01296891926095742 20.35
2036 0.01296354290001848 20.36
2037 0.01295861178113045 20.37
2038 0.01295589660864173 20.38
2039 0.01295514009618014 20.39
2040 0.01295227641982116 20.4
2041 0.01295002972104229 20.41
2042 0.0129501361308018 20.42
2043 0.01295128719492681 20.43
2044 0.01295138553871524 20.44
2045 0.01294899503012858 20.45
2046 0.01295016640876483 20.46
2047 0.01295050987799384 20.47
2048 0.0129500589784584 20.48
2049 0.01294710803011417 20.49
2050 0.01294573956992759 20.5
2051 0.01294484034091854 20.51
2052 0.01295115074886059 20.52
2053 0.01295300834050517 20.53
2054 0.01295434127322707 20.54
2055 0.01295491269913586 20.55
2056 0.01295461996740461 20.56
2057 0.01295764214912562 20.57
2058 0.01295970018774995 20.58
2059 0.01296143655594164 20.59
2060 0.01296277257210696 20.6
2061 0.01296248138870476 20.61
2062 0.0129648567297394 20.62
2063 0.01296952913376691 20.63
2064 0.01297409220510824 20.64
2065 0.01297538630151163 20.65
2066 0.01297817940121297 20.66
2067 0.01297971260685108 20.67
2068 0.01298142895932041 20.68
2069 0.01298252327563446 20.69
2070 0.01298267162134216 20.7
2071 0.01298068810715526 20.71
2072 0.0129797877009262 20.72
2073 0.01298286866312761 20.73
2074 0.01298391317078136 20.74
2075 0.01298531472595403 20.75
2076 0.01298395172726567 20.76
2077 0.01298557719644438 20.77
2078 0.0129893359125885 20.78
2079 0.01299143414871117 20.79
2080 0.01299339634694135 20.8
2081 0.01299345845348603 20.81
2082 0.01299751196598732 20.82
2083 0.01299445695005234 20.83
2084 0.01299837899042209 20.84
2085 0.01300323512092612 20.85
2086 0.0130037715377566 20.86
2087 0.01300085326090537 20.87
2088 0.01299680492421018 20.88
2089 0.01299173954515714 20.89
2090 0.01299218186730536 20.9
2091 0.01299362385340677 20.91
2092 0.01299956707366163 20.92
2093 0.01300128197397181 20.93
2094 0.01300057165418778 20.94
2095 0.01299824076757324 20.95
2096 0.01299695354521127 20.96
2097 0.01299388711569117 20.97
2098 0.01298627250292645 20.98
2099 0.01298441742153227 20.99
2100 0.01298444699044635 21
2101 0.01298222317141398 21.01
2102 0.01297127609176837 21.02
2103 0.01297223212669026 21.03
2104 0.01297380379468946 21.04
2105 0.01296140542637352 21.05
2106 0.01296170481865609 21.06
2107 0.01296578078593306 21.07
2108 0.0129661964189182 21.08
2109 0.01296522242071289 21.09
2110 0.01296601446407351 21.1
2111 0.01296014222822682 21.11
2112 0.01295190113069749 21.12
2113 0.01294557962717615 21.13
2114 0.01294448722133723 21.14
2115 0.01294614105280592 21.15
2116 0.01294783089501709 21.16
2117 0.01294539923791495 21.17
2118 0.01294527820267875 21.18
2119 0.0129401815494337 21.19
2120 0.01293516807811375 21.2
2121 0.0129278456002478 21.21
2122 0.01292626653974387 21.22
2123 0.01293296923860654 21.23
2124 0.01292686782007067 21.24
2125 0.01291991032938131 21.25
2126 0.01291473605462801 21.26
2127 0.01290808005535448 21.27
2128 0.01290737585243639 21.28
2129 0.01290851074948778 21.29
2130 0.01290844196929725 21.3
2131 0.01290893894024305 21.31
2132 0.01290649291949707 21.32
2133 0.01290294030767687 21.33
2134 0.01289886317484454 21.34
2135 0.01289880755222974 21.35
2136 0.01290213845955477 21.36
2137 0.01290012982449894 21.37
2138 0.01289895265179959 21.38
2139 0.01290028165928125 21.39
2140 0.012901495609781 21.4
2141 0.01289993345547732 21.41
2142 0.01288817847530127 21.42
2143 0.01288514403189689 21.43
2144 0.01288053659907061 21.44
2145 0.01289271784629972 21.45
2146 0.01289967513993789 21.46
2147 0.01290393665909066 21.47
2148 0.01289964139924954 21.48
2149 0.0128932117077637 21.49
2150 0.01289328490200983 21.5
2151 0.01290253970680287 21.51
2152 0.01291289175675308 21.52
2153 0.01291048129741762 21.53
2154 0.01290589003769994 21.54
2155 0.01290391331706345 21.55
2156 0.01289981809539849 21.56
2157 0.01289364702781819 21.57
2158 0.01289126203641301 21.58
2159 0.01288605947869697 21.59
2160 0.01287870719823385 21.6
2161 0.01287106419604933 21.61
2162 0.01285948425934608 21.62
2163 0.01285475405351346 21.63
2164 0.01287325944162851 21.64
2165 0.01286648926252535 21.65
2166 0.01286931733347301 21.66
2167 0.01286415779768735 21.67
2168 0.01286948458006909 21.68
2169 0.01287214874039781 21.69
2170 0.01286565048417903 21.7
2171 0.0128714433501812 21.71
2172 0.01286532149866977 21.72
2173 0.01286550326726632 21.73
2174 0.01286838829572319 21.74
2175 0.01285968851046445 21.75
2176 0.01285012314162338 21.76
2177 0.01285136676947165 21.77
2178 0.0128430024461558 21.78
2179 0.01283608864124297 21.79
2180 0.01283446336540654 21.8
2181 0.01283572588743012 21.81
2182 0.01282905292935967 21.82
2183 0.0128334615143578 21.83
2184 0.01283604772503168 21.84
2185 0.01284032014775033 21.85
2186 0.01284147124688718 21.86
2187 0.01284286831254686 21.87
2188 0.0128553023256969 21.88
2189 0.01285585325496716 21.89
2190 0.01285497964251943 21.9
2191 0.01286245544751362 21.91
2192 0.01286063757321706 21.92
2193 0.0128532237071319 21.93
2194 0.01285577598597095 21.94
2195 0.01286087166023822 21.95
2196 0.01286233050854603 21.96
2197 0.01286365765375958 21.97
2198 0.01286029587627106 21.98
2199 0.01285828902289256 21.99
2200 0.01285326813416196 22
2201 0.01285946536986382 22.01
2202 0.01285908532519915 22.02
2203 0.01286268687736758 22.03
2204 0.01286457950217702 22.04
2205 0.01287077164744032 22.05
2206 0.01287405285990872 22.06
2207 0.01287324002771103 22.07
2208 0.01289233024046386 22.08
2209 0.01289667890322893 22.09
2210 0.01290522817677847 22.1
2211 0.01290262132193068 22.11
2212 0.0129030533874777 22.12
2213 0.01290212894138181 22.13
2214 0.01289553728733499 22.14
2215 0.01290060909509972 22.15
2216 0.01291421700482198 22.16
2217 0.01290567556563895 22.17
2218 0.01290860804897983 22.18
2219 0.01290637937340011 22.19
2220 0.01290184783751478 22.2
2221 0.01289727896877187 22.21
2222 0.0128892816961794 22.22
2223 0.01288425379418222 22.23
2224 0.01288639148432646 22.24
2225 0.01288489988259607 22.25
2226 0.01287165252358505 22.26
2227 0.01285845117241758 22.27
2228 0.01286269296966533 22.28
2229 0.01286507090026518 22.29
2230 0.0128658346082356 22.3
2231 0.01286369841978132 22.31
2232 0.01286012259298255 22.32
2233 0.01285797683122582 22.33
2234 0.01285501782900843 22.34
2235 0.01283962040097793 22.35
2236 0.01283032067897474 22.36
2237 0.01282132796013561 22.37
2238 0.01281792478218588 22.38
2239 0.01281259447789765 22.39
2240 0.01281091939335065 22.4
2241 0.01281228112398861 22.41
2242 0.01281605870994016 22.42
2243 0.01282799592258428 22.43
2244 0.01283462717219084 22.44
2245 0.01283883780441437 22.45
2246 0.01283951110770945 22.46
2247 0.012837610225054 22.47
2248 0.01284087424128789 22.48
2249 0.01283385076415804 22.49
2250 0.0128201553335014 22.5
2251 0.01281033423908558 22.51
2252 0.01279816431626579 22.52
2253 0.01279699247734024 22.53
2254 0.01279785451170009 22.54
2255 0.01280220768704221 22.55
2256 0.0128072153520054 22.56
2257 0.01280694758246683 22.57
2258 0.01281544055866549 22.58
2259 0.01282127420004502 22.59
2260 0.01282077221840717 22.6
2261 0.01281948782528966 22.61
2262 0.01281996162237137 22.62
2263 0.01281483476296182 22.63
2264 0.01280588964692738 22.64
2265 0.01279802383241308 22.65
2266 0.01279057278147796 22.66
2267 0.01278856021947503 22.67
2268 0.01278857968122166 22.68
2269 0.01278634249084843 22.69
2270 0.0127855199604362 22.7
2271 0.01278783640423578 22.71
2272 0.01278968026890867 22.72
2273 0.01278970202664076 22.73
2274 0.01278340224975463 22.74
2275 0.01277565961079513 22.75
2276 0.01276753220495546 22.76
2277 0.01276500112270103 22.77
2278 0.01276418942903653 22.78
2279 0.01276060272151816 22.79
2280 0.01275497457237674 22.8
2281 0.01274899748703475 22.81
2282 0.01274712444452886 22.82
2283 0.01273998529792138 22.83
2284 0.01273194647067893 22.84
2285 0.01272543421294264 22.85
2286 0.01272579846958555 22.86
2287 0.01273565209385309 22.87
2288 0.01274093952673744 22.88
2289 0.01274145443841223 22.89
2290 0.01273911272288698 22.9
2291 0.01273263666483467 22.91
2292 0.01272645234488378 22.92
2293 0.0127225180980841 22.93
2294 0.01271137744040757 22.94
2295 0.01270874298170817 22.95
2296 0.01270651702951733 22.96
2297 0.01270327682301177 22.97
2298 0.01270401910924713 22.98
2299 0.01270379811483226 22.99
2300 0.01270147323938464 23
2301 0.0126996339270054 23.01
2302 0.01269966550646712 23.02
2303 0.01270636389442066 23.03
2304 0.01270514035525948 23.04
2305 0.01270256070996665 23.05
2306 0.01270139395837794 23.06
2307 0.01270310633577698 23.07
2308 0.01270471787913988 23.08
2309 0.01270631132840344 23.09
2310 0.01270833833413751 23.1
2311 0.01270969283064177 23.11
2312 0.01271076551542616 23.12
2313 0.01271362889945258 23.13
2314 0.01271425689736258 23.14
2315 0.01271591718796624 23.15
2316 0.01271719557737563 23.16
2317 0.01271825948126582 23.17
2318 0.01271988737820164 23.18
2319 0.01272090833965799 23.19
2320 0.0127217323230251 23.2
2321 0.01272430453505332 23.21
2322 0.01272527841306793 23.22
2323 0.01272691811437095 23.23
2324 0.01272500052702707 23.24
2325 0.01272706307661041 23.25
2326 0.01272894955178778 23.26
2327 0.01272920897115062 23.27
2328 0.01273114969239912 23.28
2329 0.01273547783860786 23.29
2330 0.01273643350992842 23.3
2331 0.01274186930272174 23.31
2332 0.01274447082788949 23.32
2333 0.01274903538790683 23.33
2334 0.01275235421583504 23.34
2335 0.01275700578496999 23.35
2336 0.01275992767329342 23.36
2337 0.01276327748442501 23.37
2338 0.01276623443432705 23.38
2339 0.01276680435903031 23.39
2340 0.01276758090746851 23.4
2341 0.01277031584847914 23.41
2342 0.01277267159408199 23.42
2343 0.01277688667832198 23.43
2344 0.01278453185075282 23.44
2345 0.01279235654649273 23.45
2346 0.01279871657015243 23.46
2347 0.01280439982410555 23.47
2348 0.01280878743572155 23.48
2349 0.01281004182595164 23.49
2350 0.01281151311992309 23.5
2351 0.01281408712739879 23.51
2352 0.01281766143730708 23.52
2353 0.01282108777254322 23.53
2354 0.01282599140422152 23.54
2355 0.01283239149543508 23.55
2356 0.01283803238673526 23.56
2357 0.01284397535496739 23.57
2358 0.01284774495857026 23.58
2359 0.01285248354172292 23.59
2360 0.01285866843445142 23.6
2361 0.01286657027229364 23.61
2362 0.01287349250392225 23.62
2363 0.01288096764827818 23.63
2364 0.01288484110614971 23.64
2365 0.01289156251210906 23.65
2366 0.01289980758076733 23.66
2367 0.01290746557091615 23.67
2368 0.01291661367183066 23.68
2369 0.01292376693682081 23.69
2370 0.01293208384480145 23.7
2371 0.01293929970519201 23.71
2372 0.01294715275982885 23.72
2373 0.01295371931305299 23.73
2374 0.01295931694107714 23.74
2375 0.0129657885789304 23.75
2376 0.01297121954779603 23.76
2377 0.0129785531432806 23.77
2378 0.01298734745809569 23.78
2379 0.01299580001684058 23.79
2380 0.0130034139516632 23.8
2381 0.01301342079164956 23.81
2382 0.01302339413279675 23.82
2383 0.01303278134641885 23.83
2384 0.0130402645391573 23.84
2385 0.01305054638517069 23.85
2386 0.0130581371651431 23.86
2387 0.01306762774085113 23.87
2388 0.0130740362588941 23.88
2389 0.01308352707276583 23.89
2390 0.0130932376134081 23.9
2391 0.01310113649617374 23.91
2392 0.01310927178401247 23.92
2393 0.01311740278672394 23.93
2394 0.01312341491754951 23.94
2395 0.01313179408423261 23.95
2396 0.01314020066760278 23.96
2397 0.01314718946480135 23.97
2398 0.01315452279200428 23.98
2399 0.01316287092588454 23.99
2400 0.01316592802617815 24
2401 0.01316927579942141 24.01
2402 0.01317835093535371 24.02
2403 0.01318486145950734 24.03
2404 0.01318638124639706 24.04
2405 0.01319118951355615 24.05
2406 0.01319434317320209 24.06
2407 0.01320783586050498 24.07
2408 0.0132082324738584 24.08
2409 0.01321344898790043 24.09
2410 0.01322072182428733 24.1
2411 0.0132243680908965 24.11
2412 0.01322837118069576 24.12
2413 0.01323270139705718 24.13
2414 0.01323801139973268 24.14
2415 0.01323722649186824 24.15
2416 0.01323893306312828 24.16
2417 0.01323832664453112 24.17
2418 0.01323852595812462 24.18
2419 0.01323870635078511 24.19
2420 0.01323921088242715 24.2
2421 0.01323984444261233 24.21
2422 0.01324067849593286 24.22
2423 0.01324567769048821 24.23
2424 0.01324883114396565 24.24
2425 0.01325120170875182 24.25
2426 0.01325420634248945 24.26
2427 0.0132571016439158 24.27
2428 0.01325984387123072 24.28
2429 0.01325989427038019 24.29
2430 0.01325339491192863 24.3
2431 0.01325023933321996 24.31
2432 0.01325399090361404 24.32
2433 0.01326161937544497 24.33
2434 0.01326190002829417 24.34
2435 0.01326899452904728 24.35
2436 0.01327609741061509 24.36
2437 0.0132787213700105 24.37
2438 0.01327793431599382 24.38
2439 0.01327375099188861 24.39
2440 0.01326994579075385 24.4
2441 0.01326555390612389 24.41
2442 0.01326484783777132 24.42
2443 0.0132651945909496 24.43
2444 0.01327550477539904 24.44
2445 0.01327709619579326 24.45
2446 0.01327889209014994 24.46
2447 0.01327938400830122 24.47
2448 0.01328285590011657 24.48
2449 0.01328529330956193 24.49
2450 0.0132854199112898 24.5
2451 0.01328481353191865 24.51
2452 0.01329010373606852 24.52
2453 0.01329330004975677 24.53
2454 0.01329451211236729 24.54
2455 0.01329523250651909 24.55
2456 0.0132929292023936 24.56
2457 0.01329639202753652 24.57
2458 0.01330100254181626 24.58
2459 0.01330475803959529 24.59
2460 0.01330627191844105 24.6
2461 0.01330986503368272 24.61
2462 0.01331195939648892 24.62
2463 0.0133132290443598 24.63
2464 0.01331486832915718 24.64
2465 0.01331823232341645 24.65
2466 0.0133166955013874 24.66
2467 0.01331376588055116 24.67
2468 0.01331357083388024 24.68
2469 0.01331453790244366 24.69
2470 0.0133190122310266 24.7
2471 0.01331635366632869 24.71
2472 0.01331106093870954 24.72
2473 0.01330744482531793 24.73
2474 0.01330551446505925 24.74
2475 0.01331250741966139 24.75
2476 0.01331756021897018 24.76
2477 0.01332612840971896 24.77
2478 0.01333743440397134 24.78
2479 0.0133395719333185 24.79
2480 0.01334210374180722 24.8
2481 0.01334209204558932 24.81
2482 0.01333825183603784 24.82
2483 0.01333662402208634 24.83
2484 0.01333826645740757 24.84
2485 0.01333799196539728 24.85
2486 0.01334113995515472 24.86
2487 0.01334606465601013 24.87
2488 0.01334868622362639 24.88
2489 0.0133529187705497 24.89
2490 0.01336282208183741 24.9
2491 0.01336803102928494 24.91
2492 0.01336825027890731 24.92
2493 0.01336889926413358 24.93
2494 0.01337355429337004 24.94
2495 0.01338169501551925 24.95
2496 0.01338975039186622 24.96
2497 0.0133931967876091 24.97
2498 0.01339888897157598 24.98
2499 0.01340501279019109 24.99
2500 0.01340385926028979 25
2501 0.01340214336188919 25.01
2502 0.01340741409081128 25.02
2503 0.01340948753095855 25.03
2504 0.013414281549357 25.04
2505 0.01342100194590785 25.05
2506 0.01342909045442935 25.06
2507 0.0134396707707599 25.07
2508 0.01344505798391028 25.08
2509 0.01344860259487949 25.09
2510 0.01345608581164831 25.1
2511 0.01345537120773947 25.11
2512 0.01345135571380168 25.12
2513 0.01345003068907171 25.13
2514 0.01344896762556937 25.14
2515 0.01345283310598595 25.15
2516 0.01345831423020564 25.16
2517 0.01347060943412424 25.17
2518 0.01348355404003732 25.18
2519 0.01348630486521323 25.19
2520 0.01348189533292865 25.2
2521 0.01348026060571438 25.21
2522 0.01347748726073104 25.22
2523 0.01348029368128055 25.23
2524 0.01348437402163912 25.24
2525 0.01347999032690973 25.25
2526 0.01347927722454153 25.26
2527 0.01348241456848742 25.27
2528 0.01348493622814723 25.28
2529 0.0134854274736026 25.29
2530 0.01348676805021252 25.3
2531 0.01349080270569721 25.31
2532 0.01349113131967644 25.32
2533 0.01350110024799011 25.33
2534 0.01350041930563993 25.34
2535 0.01350400777741887 25.35
2536 0.01350780391700635 25.36
2537 0.01350072772582435 25.37
2538 0.01349961337902469 25.38
2539 0.01349951245132165 25.39
2540 0.01350571637126333 25.4
2541 0.01349644060055451 25.41
2542 0.01349411781732205 25.42
2543 0.01349133516542659 25.43
2544 0.01349713599007418 25.44
2545 0.01350077016126863 25.45
2546 0.01350703606042551 25.46
2547 0.01351740757149598 25.47
2548 0.0135188324314946 25.48
2549 0.01352524295091913 25.49
2550 0.01352641624021967 25.5
2551 0.01352848504954088 25.51
2552 0.01352541761608959 25.52
2553 0.0135228157104527 25.53
2554 0.01351747228576284 25.54
2555 0.01351894900556342 25.55
2556 0.01352540221192304 25.56
2557 0.01353239030582865 25.57
2558 0.01353208036258894 25.58
2559 0.01353555252179178 25.59
2560 0.01353311216252994 25.6
2561 0.01353753715859764 25.61
2562 0.01354314773445173 25.62
2563 0.01354976613218405 25.63
2564 0.01355148212514572 25.64
2565 0.01355659247553954 25.65
2566 0.0135624635863681 25.66
2567 0.01356816624272286 25.67
2568 0.01356638142847473 25.68
2569 0.01356804346704061 25.69
2570 0.01357234048814254 25.7
2571 0.0135775207020309 25.71
2572 0.01359277769653242 25.72
2573 0.01359659034675089 25.73
2574 0.01360151723380216 25.74
2575 0.01360579908075033 25.75
2576 0.0136058433909165 25.76
2577 0.01359380125693497 25.77
2578 0.01359722276266983 25.78
2579 0.01360859045355732 25.79
2580 0.01362123545117107 25.8
2581 0.01364066930373957 25.81
2582 0.01364986376225666 25.82
2583 0.0136595153440386 25.83
2584 0.01367015746643084 25.84
2585 0.01368396107556646 25.85
2586 0.01368605461904399 25.86
2587 0.01369149804861654 25.87
2588 0.01369586039005512 25.88
2589 0.01370556050950402 25.89
2590 0.01371762972498708 25.9
2591 0.013721086807474 25.91
2592 0.01372805738553561 25.92
2593 0.01371992706266295 25.93
2594 0.0137198404428511 25.94
2595 0.01372420589226323 25.95
2596 0.01372744954382814 25.96
2597 0.01373272539715832 25.97
2598 0.01373250401714719 25.98
2599 0.01373950665856124 25.99
2600 0.01374090193748185 26
2601 0.01374730953733408 26.01
2602 0.01375001429178239 26.02
2603 0.01375627075559019 26.03
2604 0.0137641066211909 26.04
2605 0.01377261331517483 26.05
2606 0.01376992871923489 26.06
2607 0.01376794088213263 26.07
2608 0.01376676439656256 26.08
2609 0.01376301674629209 26.09
2610 0.01374904102671986 26.1
2611 0.01374768902780148 26.11
2612 0.01375072165730507 26.12
2613 0.01374970783623768 26.13
2614 0.0137540958683506 26.14
2615 0.01375901487617058 26.15
2616 0.01375988801169083 26.16
2617 0.01375324175078332 26.17
2618 0.01375427383961773 26.18
2619 0.01376789147457228 26.19
2620 0.01377355579847997 26.2
2621 0.01376995904385875 26.21
2622 0.01376840689529833 26.22
2623 0.01376046786321294 26.23
2624 0.01375124052977289 26.24
2625 0.01374275886371244 26.25
2626 0.01373410707895715 26.26
2627 0.013728505350189 26.27
2628 0.01373035024664342 26.28
2629 0.01373497889318207 26.29
2630 0.01373576696212498 26.3
2631 0.0137329935408569 26.31
2632 0.01373228739291608 26.32
2633 0.01372929664320323 26.33
2634 0.01372538934957799 26.34
2635 0.01372104973369255 26.35
2636 0.0137221850866359 26.36
2637 0.01372773115135357 26.37
2638 0.01372240560520164 26.38
2639 0.01372171179852458 26.39
2640 0.01372677852852685 26.4
2641 0.01373764028120709 26.41
2642 0.01375252919347511 26.42
2643 0.01375578457100416 26.43
2644 0.01376090096599612 26.44
2645 0.01376723526785894 26.45
2646 0.01377357811483591 26.46
2647 0.01376582085996006 26.47
2648 0.01376148295039985 26.48
2649 0.01375802726972728 26.49
2650 0.01377802589159238 26.5
2651 0.0137898627970974 26.51
2652 0.01378684175746317 26.52
2653 0.01379429015374056 26.53
2654 0.01379119279630937 26.54
2655 0.01379421083576027 26.55
2656 0.01379702799907219 26.56
2657 0.01379983257825594 26.57
2658 0.01380956673717043 26.58
2659 0.01380874163714464 26.59
2660 0.01380841984387845 26.6
2661 0.01381325486237564 26.61
2662 0.0138226841990136 26.62
2663 0.01383101463968007 26.63
2664 0.01382855979041909 26.64
2665 0.01383028369624319 26.65
2666 0.0138293015233632 26.66
2667 0.01382374436339234 26.67
2668 0.01381474918087781 26.68
2669 0.01380646545114404 26.69
2670 0.01380203242652964 26.7
2671 0.01380930710063849 26.71
2672 0.01381291284839661 26.72
2673 0.01381820164313068 26.73
2674 0.01382869685564666 26.74
2675 0.01383247735488833 26.75
2676 0.01383117318175791 26.76
2677 0.01382894500410956 26.77
2678 0.01382074775230204 26.78
2679 0.01381953728860581 26.79
2680 0.01381567123800578 26.8
2681 0.01380614058692438 26.81
2682 0.01380182826797953 26.82
2683 0.01379826248580223 26.83
2684 0.01379354526911381 26.84
2685 0.01379653496275463 26.85
2686 0.01379754323909319 26.86
2687 0.01378995571675263 26.87
2688 0.01379215489187688 26.88
2689 0.01379035806325832 26.89
2690 0.01378471019675315 26.9
2691 0.01378875156415448 26.91
2692 0.01378260124707873 26.92
2693 0.01377116515324831 26.93
2694 0.01377788653196338 26.94
2695 0.01378628726892004 26.95
2696 0.01378984497880178 26.96
2697 0.01379425176091985 26.97
2698 0.01379418619565577 26.98
2699 0.01379401157184508 26.99
2700 0.01379246285148306 27
2701 0.01379186329230972 27.01
2702 0.01378346701817733 27.02
2703 0.01378112444286783 27.03
2704 0.01377620070046966 27.04
2705 0.01377798470224944 27.05
2706 0.01377385585329581 27.06
2707 0.01376899049915575 27.07
2708 0.01377512974316775 27.08
2709 0.01377914004827912 27.09
2710 0.01377642246341378 27.1
2711 0.01377317705228204 27.11
2712 0.01377067553278353 27.12
2713 0.01375717157923955 27.13
2714 0.01374331901204237 27.14
2715 0.0137411465099246 27.15
2716 0.01373166231489435 27.16
2717 0.01373355170201146 27.17
2718 0.01373449028445094 27.18
2719 0.0137375899590526 27.19
2720 0.01373244644890666 27.2
2721 0.01372753117680367 27.21
2722 0.01373203533056389 27.22
2723 0.01373142457071913 27.23
2724 0.01372621101809289 27.24
2725 0.0137199706011863 27.25
2726 0.01371355456633922 27.26
2727 0.01370781368678341 27.27
2728 0.01369119221414778 27.28
2729 0.01368323725078653 27.29
2730 0.01367890651435122 27.3
2731 0.0136689166774688 27.31
2732 0.01367370803456693 27.32
2733 0.01367791540866687 27.33
2734 0.01367990123914451 27.34
2735 0.01367919939824003 27.35
2736 0.01367554919377039 27.36
2737 0.0136718342615824 27.37
2738 0.01366658909719405 27.38
2739 0.0136607758755285 27.39
2740 0.01365321783050593 27.4
2741 0.01364765372565194 27.41
2742 0.01364466532838148 27.42
2743 0.0136415474193717 27.43
2744 0.01363841555046298 27.44
2745 0.01363296607654073 27.45
2746 0.01362907250919029 27.46
2747 0.01362416698812512 27.47
2748 0.01361883280136201 27.48
2749 0.013608327379971 27.49
2750 0.01359990318547695 27.5
2751 0.01359355168219877 27.51
2752 0.01359110127047919 27.52
2753 0.01359416294357689 27.53
2754 0.01359487745669318 27.54
2755 0.013599675706048 27.55
2756 0.0136022325495234 27.56
2757 0.01360007460833335 27.57
2758 0.01359591023072436 27.58
2759 0.01359254470925827 27.59
2760 0.0135839544928224 27.6
2761 0.01357796643903952 27.61
2762 0.01356911236470412 27.62
2763 0.01356287619749199 27.63
2764 0.01355953218216678 27.64
2765 0.01355482863495628 27.65
2766 0.01355288358435148 27.66
2767 0.01355064364783549 27.67
2768 0.01354465113069036 27.68
2769 0.01354196236995449 27.69
2770 0.01353185811174088 27.7
2771 0.01352410604497455 27.71
2772 0.01352069812086073 27.72
2773 0.01351569454638676 27.73
2774 0.01351430889365529 27.74
2775 0.01351452940888858 27.75
2776 0.0135137189495261 27.76
2777 0.0135154859590299 27.77
2778 0.01351779646104644 27.78
2779 0.0135154342980188 27.79
2780 0.01351275632824235 27.8
2781 0.01350425758068776 27.81
2782 0.01349670735222824 27.82
2783 0.01349064853522124 27.83
2784 0.0134856842844642 27.84
2785 0.01348116431799191 27.85
2786 0.01347735690234654 27.86
2787 0.01348344330566409 27.87
2788 0.01348360279646191 27.88
2789 0.0134850132757658 27.89
2790 0.01348397323670437 27.9
2791 0.01348145636331046 27.91
2792 0.01348092951533169 27.92
2793 0.01347900532456076 27.93
2794 0.01347883324621863 27.94
2795 0.0134778483792529 27.95
2796 0.01347997725280362 27.96
2797 0.01348133612517261 27.97
2798 0.01347716146321564 27.98
2799 0.01347873542376874 27.99
2800 0.01347969195087047 28
2801 0.01348471857656253 28.01
2802 0.01348807939828523 28.02
2803 0.01348617502821121 28.03
2804 0.01348141329494642 28.04
2805 0.01347203829612486 28.05
2806 0.01346681888995642 28.06
2807 0.01346483860020551 28.07
2808 0.01346516324678993 28.08
2809 0.01346766224251396 28.09
2810 0.0134739080211977 28.1
2811 0.01348167263406234 28.11
2812 0.01349535694123244 28.12
2813 0.01350407810658115 28.13
2814 0.01351163021998665 28.14
2815 0.01351820703766783 28.15
2816 0.01352437254315759 28.16
2817 0.01352580223905555 28.17
2818 0.01352299484326085 28.18
2819 0.01351997408561298 28.19
2820 0.01351828570213358 28.2
2821 0.01351797238585458 28.21
2822 0.01352187940469581 28.22
2823 0.0135233568620055 28.23
2824 0.01352459823439037 28.24
2825 0.01352761175760669 28.25
2826 0.01353592467611544 28.26
2827 0.01354372497227769 28.27
2828 0.01355112068201781 28.28
2829 0.01355472819865295 28.29
2830 0.01355694903859231 28.3
2831 0.01356219841143252 28.31
2832 0.01356620431104753 28.32
2833 0.01356865451619436 28.33
2834 0.01357478738850972 28.34
2835 0.01357487649686745 28.35
2836 0.01357241201688081 28.36
2837 0.01357242990754403 28.37
2838 0.01357533669847955 28.38
2839 0.01357341684849315 28.39
2840 0.0135783781003165 28.4
2841 0.01357866750004569 28.41
2842 0.01358132824155381 28.42
2843 0.01358451661816238 28.43
2844 0.01359255608303655 28.44
2845 0.01359219196537272 28.45
2846 0.01358809114791663 28.46
2847 0.01358709134627712 28.47
2848 0.01358792189176643 28.48
2849 0.0135893347605152 28.49
2850 0.01359221580368076 28.5
2851 0.013593514279578 28.51
2852 0.01360156403597827 28.52
2853 0.01360864419559363 28.53
2854 0.01361328962832813 28.54
2855 0.01361621084314638 28.55
2856 0.01361839712382253 28.56
2857 0.01361752920259126 28.57
2858 0.01360704299140498 28.58
2859 0.01359911898464686 28.59
2860 0.01360005802836096 28.6
2861 0.01360671665990444 28.61
2862 0.01360958104624369 28.62
2863 0.01361844995626684 28.63
2864 0.0136287143274178 28.64
2865 0.01363199275602345 28.65
2866 0.01362786087328815 28.66
2867 0.01362674776045603 28.67
2868 0.01362828208103451 28.68
2869 0.01362814033285092 28.69
2870 0.01363596198535739 28.7
2871 0.01364771964874451 28.71
2872 0.01366383697651487 28.72
2873 0.01366949155967257 28.73
2874 0.01367344798969173 28.74
2875 0.01367129542001189 28.75
2876 0.01366949446142768 28.76
2877 0.01366983386086697 28.77
2878 0.01366627517506207 28.78
2879 0.01366757090216402 28.79
2880 0.01366952312891261 28.8
2881 0.01367222317984493 28.81
2882 0.01367776318436071 28.82
2883 0.01368198891787052 28.83
2884 0.01368755143580753 28.84
2885 0.0136944761165704 28.85
2886 0.01369734906024181 28.86
2887 0.01370357146699848 28.87
2888 0.01370649036972291 28.88
2889 0.01370681374421039 28.89
2890 0.01370974346504738 28.9
2891 0.01371212183686275 28.91
2892 0.01371232947615399 28.92
2893 0.01371115062256969 28.93
2894 0.01371664359713715 28.94
2895 0.01371901189202779 28.95
2896 0.01372175381476411 28.96
2897 0.0137177154835561 28.97
2898 0.0137224878139858 28.98
2899 0.01372488448103954 28.99
2900 0.01372650284800808 29
2901 0.01372709011555057 29.01
2902 0.01372666529840143 29.02
2903 0.0137225860832349 29.03
2904 0.01371827614925555 29.04
2905 0.01371514794784178 29.05
2906 0.01371154344957529 29.06
2907 0.01370880246318566 29.07
2908 0.01370643860726913 29.08
2909 0.01370329569921877 29.09
2910 0.0137046644887003 29.1
2911 0.01370224009578652 29.11
2912 0.01369471930900168 29.12
2913 0.01369338556992984 29.13
2914 0.01369123903952702 29.14
2915 0.0136891454351867 29.15
2916 0.01368432088660155 29.16
2917 0.01367739434957122 29.17
2918 0.01367498525751877 29.18
2919 0.01367728904677642 29.19
2920 0.01367469215807191 29.2
2921 0.01366678509101573 29.21
2922 0.01365836274233159 29.22
2923 0.01365902828012153 29.23
2924 0.01365399612599983 29.24
2925 0.01364803210738833 29.25
2926 0.01364563503539391 29.26
2927 0.01364292860329859 29.27
2928 0.0136393310909146 29.28
2929 0.01363646456044394 29.29
2930 0.01363319670992571 29.3
2931 0.01362943606355471 29.31
2932 0.01362582947578279 29.32
2933 0.01362723994944976 29.33
2934 0.01362785748679832 29.34
2935 0.01362841272442372 29.35
2936 0.01362758790098681 29.36
2937 0.01362769761013173 29.37
2938 0.01362439793281971 29.38
2939 0.01361858712443226 29.39
2940 0.01361222121211252 29.4
2941 0.01361141627773285 29.41
2942 0.01361320338740161 29.42
2943 0.01361812130209973 29.43
2944 0.01362052911315325 29.44
2945 0.01362200557258123 29.45
2946 0.01362337601959572 29.46
2947 0.01362739357600705 29.47
2948 0.01363078931594938 29.48
2949 0.01363420033589142 29.49
2950 0.01363833624725483 29.5
2951 0.01364470445277447 29.51
2952 0.01364273394282606 29.52
2953 0.01364134444020072 29.53
2954 0.01364317412396133 29.54
2955 0.0136503749371211 29.55
2956 0.01365364052192233 29.56
2957 0.01365477893580644 29.57
2958 0.01365795707287421 29.58
2959 0.01366542765243181 29.59
2960 0.01367360454433187 29.6
2961 0.01367685182676436 29.61
2962 0.01368029836939959 29.62
2963 0.01367450630845853 29.63
2964 0.01366703047633115 29.64
2965 0.01366466547509781 29.65
2966 0.01366774453390465 29.66
2967 0.01367918234401849 29.67
2968 0.0136945544826112 29.68
2969 0.01370809065789491 29.69
2970 0.01370578516704096 29.7
2971 0.01370515923483014 29.71
2972 0.01370487922787125 29.72
2973 0.01370152642708372 29.73
2974 0.01369428235702901 29.74
2975 0.01368847932785786 29.75
2976 0.01368258953031895 29.76
2977 0.01368132414691212 29.77
2978 0.01368095021746669 29.78
2979 0.01369424878589402 29.79
2980 0.01369391106226428 29.8
2981 0.01369454069643438 29.81
2982 0.01369318335456399 29.82
2983 0.01368911729526752 29.83
2984 0.01368262162766804 29.84
2985 0.01368012784881316 29.85
2986 0.01366860173421424 29.86
2987 0.01366513931545197 29.87
2988 0.01366216434934142 29.88
2989 0.0136611823251845 29.89
2990 0.01366025837566932 29.9
2991 0.01365945826200005 29.91
2992 0.01365192078292567 29.92
2993 0.01365130876858332 29.93
2994 0.01364703950843217 29.94
2995 0.01364361102053674 29.95
2996 0.01364377082327087 29.96
2997 0.01364364387428296 29.97
2998 0.01364332738002953 29.98
2999 0.01363886826981315 29.99
3000 0.01363677382598576 30
