"cd-rfile"
"Time Step" "cd etc.."
("Time Step" "cd" "flow-time")
0 5.298404709456467e-27 0
1 -91.31257586532723 0.01
2 -18.0344297941528 0.02
3 1.228045644810789 0.03
4 5.580798632536847 0.04
5 5.368868078111118 0.05
6 -1.160591243467837 0.06
7 -2.281317307347828 0.07000000000000001
8 -0.9841928508378224 0.08
9 0.2693640310739419 0.09
10 0.8372772178153254 0.1
11 0.6854478763622152 0.11
12 0.1263367280901296 0.12
13 -0.1730395238918352 0.13
14 -0.1563837422307799 0.14
15 -0.05322609666943325 0.15
16 0.03191032503336167 0.16
17 0.1193025233024318 0.17
18 0.09480975717505577 0.18
19 0.09250863453399114 0.19
20 0.1097226766786583 0.2
21 0.09440292109055168 0.21
22 0.0715427193156684 0.22
23 0.05284123116630057 0.23
24 0.03163495875255903 0.24
25 0.009592379395975157 0.25
26 0.02902647371019899 0.26
27 0.05366627771785826 0.27
28 0.06066908032651214 0.28
29 0.05691595109384737 0.29
30 0.05174346742336623 0.3
31 0.05233211496619132 0.31
32 0.05239901753551741 0.32
33 0.04691191953010041 0.33
34 0.04402238188251148 0.34
35 0.0455279063248023 0.35
36 0.04508372585741036 0.36
37 0.04336428003176965 0.37
38 0.04433722481793972 0.38
39 0.04403586392656755 0.39
40 0.04147578404955559 0.4
41 0.03903681933470318 0.41
42 0.03723079277796393 0.42
43 0.03674306012069468 0.43
44 0.03694559037074812 0.44
45 0.03905365242835122 0.45
46 0.0402693561052236 0.46
47 0.04145106348105484 0.47
48 0.04150057085206509 0.48
49 0.04096406478280161 0.49
50 0.04022019411958024 0.5
51 0.03893280900424959 0.51
52 0.03735801247963896 0.52
53 0.03586840533176764 0.53
54 0.03490591987413764 0.54
55 0.03549362553771404 0.55
56 0.03486240031582741 0.5600000000000001
57 0.03491780394450397 0.5700000000000001
58 0.03569797789814622 0.58
59 0.03584731398506803 0.59
60 0.0363966096285174 0.6
61 0.03694075223814965 0.61
62 0.03764721618669702 0.62
63 0.03597398108845869 0.63
64 0.0359322239585461 0.64
65 0.0363694060886371 0.65
66 0.03626597347540744 0.66
67 0.03537841322399874 0.67
68 0.0352593066095022 0.68
69 0.03558893722498337 0.6900000000000001
70 0.03531815264142084 0.7000000000000001
71 0.03487773417766705 0.71
72 0.03453959255678831 0.72
73 0.03418280033120494 0.73
74 0.03404547625569914 0.74
75 0.0340390894911986 0.75
76 0.03381569129773268 0.76
77 0.03363053335167857 0.77
78 0.03351813670015114 0.78
79 0.03335364480268895 0.79
80 0.03326936163156412 0.8
81 0.03317619077894991 0.8100000000000001
82 0.03308749307566954 0.8200000000000001
83 0.03302871415426565 0.8300000000000001
84 0.03294936411506669 0.84
85 0.03287498400569408 0.85
86 0.03278581202645441 0.86
87 0.03269839329490776 0.87
88 0.03261630577635632 0.88
89 0.03251310207245944 0.89
90 0.0324629981564912 0.9
91 0.03245613409945753 0.91
92 0.03245496137394045 0.92
93 0.03241197820264161 0.93
94 0.03233476962019127 0.9400000000000001
95 0.03226746250992002 0.9500000000000001
96 0.03224528411998408 0.96
97 0.0321870661459832 0.97
98 0.03211798603135763 0.98
99 0.03206660889251015 0.99
100 0.03200926200300629 1
101 0.03197598643992715 1.01
102 0.0319964308810354 1.02
103 0.03203166258434203 1.03
104 0.03206531136371234 1.04
105 0.03201548968487148 1.05
106 0.03181357570129227 1.06
107 0.03161004660103522 1.07
108 0.03155939740323625 1.08
109 0.03158313430649659 1.09
110 0.03165092273469597 1.1
111 0.03172071826614502 1.11
112 0.03172479519670422 1.12
113 0.03165502751508668 1.13
114 0.03153733232358531 1.14
115 0.03142678096602512 1.15
116 0.03133810899899896 1.16
117 0.03128448108321936 1.17
118 0.03126434208989259 1.18
119 0.03126468801851173 1.19
120 0.03127479390619271 1.2
121 0.03128622395662761 1.21
122 0.03129612842933509 1.22
123 0.03130363708142292 1.23
124 0.03130345376142379 1.24
125 0.03129049872695713 1.25
126 0.03127426856394171 1.26
127 0.03125788163032848 1.27
128 0.03124911000607782 1.28
129 0.03124262819028227 1.29
130 0.03124001796732047 1.3
131 0.03123233503925188 1.31
132 0.03123674830866339 1.32
133 0.03125264207417176 1.33
134 0.03125814828410168 1.34
135 0.0312697726726024 1.35
136 0.03126753027694115 1.36
137 0.03125885541711768 1.37
138 0.03125155626614547 1.38
139 0.03125683964999381 1.39
140 0.03127677894856777 1.4
141 0.03128745857589513 1.41
142 0.03129730345707198 1.42
143 0.03131137096930238 1.43
144 0.03130897224611295 1.44
145 0.03130884504730411 1.45
146 0.03130899305790573 1.46
147 0.03130802183305278 1.47
148 0.03130359313016728 1.48
149 0.03130011286347846 1.49
150 0.0312905335066615 1.5
151 0.03128004814385023 1.51
152 0.03126284614377675 1.52
153 0.03124410042638759 1.53
154 0.03122209830500077 1.54
155 0.03119865327580896 1.55
156 0.03117441909799198 1.56
157 0.03114706999170818 1.57
158 0.03110964107345951 1.58
159 0.03107588211332411 1.59
160 0.03104233551753072 1.6
161 0.03100887869290548 1.61
162 0.03097586938650493 1.62
163 0.03094340818453149 1.63
164 0.03091230211252258 1.64
165 0.0308835367765627 1.65
166 0.03085460268182812 1.66
167 0.03083080801969203 1.67
168 0.03080069445010395 1.68
169 0.03075609083165338 1.69
170 0.03070971110004635 1.7
171 0.03066767181378271 1.71
172 0.03063436027228442 1.72
173 0.0305980640248815 1.73
174 0.03055796913730197 1.74
175 0.03053019024570211 1.75
176 0.03050866093568078 1.76
177 0.03049081418244149 1.77
178 0.03047316169819161 1.78
179 0.03045741381493551 1.79
180 0.03044634518479159 1.8
181 0.03043433931916557 1.81
182 0.03042006766940757 1.82
183 0.03040698067594763 1.83
184 0.0303941368749718 1.84
185 0.03038260036016027 1.85
186 0.03037342323269808 1.86
187 0.03036433534812526 1.87
188 0.03035679063392823 1.88
189 0.03034672904716554 1.89
190 0.03034744104719369 1.9
191 0.03034702753136077 1.91
192 0.03034593572684318 1.92
193 0.03034331701331366 1.93
194 0.03033530139729072 1.94
195 0.03033438888539013 1.95
196 0.03033576288332566 1.96
197 0.0303453042612548 1.97
198 0.03035080257123546 1.98
199 0.03035006010987946 1.99
200 0.03034288882797548 2
201 0.03034069780432123 2.01
202 0.03033975753119496 2.02
203 0.03033883005894146 2.03
204 0.03033484323424942 2.04
205 0.03033104213585454 2.05
206 0.03032773767059799 2.06
207 0.03032521821549907 2.07
208 0.03032327592915589 2.08
209 0.03032245364852878 2.09
210 0.03032047899499445 2.1
211 0.03031522762785075 2.11
212 0.03030442298756531 2.12
213 0.0302958105534857 2.13
214 0.03028754558804079 2.14
215 0.03027887498955256 2.15
216 0.03026872801926027 2.16
217 0.03025701331040097 2.17
218 0.03024357447868651 2.18
219 0.0302281016203681 2.19
220 0.03020945139206438 2.2
221 0.03018938085733265 2.21
222 0.03017203929476846 2.22
223 0.03015769169748104 2.23
224 0.0301443068666809 2.24
225 0.03012989384724109 2.25
226 0.0301152758217937 2.26
227 0.03009811215384307 2.27
228 0.03008463323214246 2.28
229 0.03006970706398755 2.29
230 0.03005521873461717 2.3
231 0.0300371818664982 2.31
232 0.03001588036402193 2.32
233 0.02999954006789531 2.33
234 0.02998880298403697 2.34
235 0.02998031522046242 2.35
236 0.02996931202459733 2.36
237 0.02995601464663671 2.37
238 0.02994586703353417 2.38
239 0.02994158658081644 2.39
240 0.02993575531109479 2.4
241 0.02992869206152509 2.41
242 0.02992034499786329 2.42
243 0.02991374799297354 2.43
244 0.02990747404090644 2.44
245 0.02990141763111902 2.45
246 0.0298971615906854 2.46
247 0.02989604783936133 2.47
248 0.02989444299238991 2.48
249 0.02989526586156061 2.49
250 0.02989668628773234 2.5
251 0.0298939690512488 2.51
252 0.0298994397295006 2.52
253 0.02990268671183012 2.53
254 0.0299012713432819 2.54
255 0.02989852333351294 2.55
256 0.02989252802684026 2.56
257 0.029888386608307 2.57
258 0.02987929824881464 2.58
259 0.0298768800725862 2.59
260 0.02988236269226768 2.6
261 0.02989156609162641 2.61
262 0.02990098508763932 2.62
263 0.02990906682028731 2.63
264 0.02991532929237282 2.64
265 0.029919534907093 2.65
266 0.02992212154977709 2.66
267 0.02992013467542464 2.67
268 0.02991611225723285 2.68
269 0.02991020308617799 2.69
270 0.02990354603074935 2.7
271 0.02989672222606216 2.71
272 0.02989180461983781 2.72
273 0.02989173825021727 2.73
274 0.02989317974566153 2.74
275 0.0298803345059606 2.75
276 0.02986852747643332 2.76
277 0.02985819562233883 2.77
278 0.02985607103554915 2.78
279 0.02985265616871127 2.79
280 0.02984699504915694 2.8
281 0.02983953035516002 2.81
282 0.02983051667589891 2.82
283 0.02982322734587857 2.83
284 0.029817280658199 2.84
285 0.02981230636830899 2.85
286 0.02980747036308799 2.86
287 0.02980335963301084 2.87
288 0.02979677116767187 2.88
289 0.02978528977734971 2.89
290 0.02977894932720819 2.9
291 0.02977222829406954 2.91
292 0.02976625217066146 2.92
293 0.02976020140994863 2.93
294 0.02975320725695918 2.94
295 0.02974883181522746 2.95
296 0.02974637384585537 2.96
297 0.02974515744568257 2.97
298 0.0297440660982107 2.98
299 0.02974378262814648 2.99
300 0.02974188413237759 3
301 0.02973634821921377 3.01
302 0.0297332890177246 3.02
303 0.02973090419228624 3.03
304 0.02972866856782225 3.04
305 0.02972863708475185 3.05
306 0.02972844773665477 3.06
307 0.02972797684718739 3.07
308 0.02972678082232972 3.08
309 0.02972877231183492 3.09
310 0.02972654851491665 3.1
311 0.02972340361106036 3.11
312 0.0297206720977682 3.12
313 0.02971975583301752 3.13
314 0.02972113550381137 3.14
315 0.02972186842284772 3.15
316 0.02971983721081191 3.16
317 0.02971790593322092 3.17
318 0.02971746128947733 3.18
319 0.02972063669519032 3.19
320 0.02972487968978845 3.2
321 0.02972883831806104 3.21
322 0.02973033305693771 3.22
323 0.02973754563660325 3.23
324 0.02974193591001815 3.24
325 0.02974176108771395 3.25
326 0.0297369827557638 3.26
327 0.02973579044381693 3.27
328 0.02973518681032605 3.28
329 0.02973476826009949 3.29
330 0.02973476679448726 3.3
331 0.02973558591357874 3.31
332 0.02973689861454257 3.32
333 0.02973809683128585 3.33
334 0.02974004462388832 3.34
335 0.02973963992170892 3.35
336 0.0297377913120422 3.36
337 0.02973575588892729 3.37
338 0.02973380713551102 3.38
339 0.02973173740581524 3.39
340 0.02972973400066182 3.4
341 0.02972774855261971 3.41
342 0.02972191716154788 3.42
343 0.02971888066044507 3.43
344 0.02971813522603535 3.44
345 0.02971840869159402 3.45
346 0.02971782748351541 3.46
347 0.02971870194602111 3.47
348 0.02971634252508572 3.48
349 0.02971366640448576 3.49
350 0.02971057676885871 3.5
351 0.0297065638822218 3.51
352 0.02970437210161148 3.52
353 0.02970681679608853 3.53
354 0.02970664613194929 3.54
355 0.02970620772554015 3.55
356 0.02970494069281589 3.56
357 0.02970430762381475 3.57
358 0.02970221635319497 3.58
359 0.02970062333370646 3.59
360 0.02969855636094321 3.6
361 0.02969650095423734 3.61
362 0.02969470864787596 3.62
363 0.02969351253869946 3.63
364 0.0296933552020926 3.64
365 0.02969477165113827 3.65
366 0.0296957367611349 3.66
367 0.02969669430829999 3.67
368 0.02969944134359278 3.68
369 0.02970184202571518 3.69
370 0.02970330758024899 3.7
371 0.02970483835595883 3.71
372 0.029705254959964 3.72
373 0.02970497601262988 3.73
374 0.02970400850442956 3.74
375 0.02970265283011908 3.75
376 0.02970162628981857 3.76
377 0.02970106357948287 3.77
378 0.0297006985587512 3.78
379 0.02970113330656337 3.79
380 0.0297021692926448 3.8
381 0.02970387050023367 3.81
382 0.02970637519897509 3.82
383 0.02970918435441013 3.83
384 0.02971208093354795 3.84
385 0.0297151559543216 3.85
386 0.02971844788750407 3.86
387 0.02971897749984706 3.87
388 0.02971848937089302 3.88
389 0.02971777457373404 3.89
390 0.02971713540026565 3.9
391 0.02971686500534721 3.91
392 0.02971594533589603 3.92
393 0.02971557371099556 3.93
394 0.02971339110994403 3.94
395 0.02971333107077383 3.95
396 0.02971395929931253 3.96
397 0.02971549980098741 3.97
398 0.02971643954513313 3.98
399 0.0297164145182946 3.99
400 0.02971618931703827 4
401 0.02971481441617414 4.01
402 0.02971273602831447 4.02
403 0.02971103973184504 4.03
404 0.0297092471016812 4.04
405 0.02970766080809385 4.05
406 0.02970650317822119 4.06
407 0.0297080976066585 4.07
408 0.02970851819639359 4.08
409 0.02970844187590586 4.09
410 0.02970940197707722 4.1
411 0.02971000165180715 4.11
412 0.02970982653040819 4.12
413 0.02970852039785427 4.13
414 0.02970590019615406 4.14
415 0.02970281832080107 4.15
416 0.02970003747526647 4.16
417 0.02969776931536391 4.17
418 0.02969574585700631 4.18
419 0.0296961235145784 4.19
420 0.02969513692787637 4.2
421 0.02968971214240028 4.21
422 0.02968782523457762 4.22
423 0.02968706784761571 4.23
424 0.02968867811963991 4.24
425 0.02968907942359823 4.25
426 0.02968859002482688 4.26
427 0.02968753131455109 4.27
428 0.02968643335560701 4.28
429 0.02968540812291228 4.29
430 0.02968438568236728 4.3
431 0.0296832663597748 4.31
432 0.02968211553481407 4.32
433 0.02968079811748085 4.33
434 0.02967963600874542 4.34
435 0.02967813185380333 4.350000000000001
436 0.02967647698119517 4.36
437 0.02967489106769973 4.37
438 0.02967413178428203 4.38
439 0.02967400002339038 4.39
440 0.02967380618788173 4.4
441 0.02967505347761452 4.41
442 0.02967378162384161 4.42
443 0.02967262759980304 4.43
444 0.02967215685957825 4.44
445 0.02967217373592389 4.45
446 0.02967244529254996 4.46
447 0.02967282174756114 4.47
448 0.02967300621067058 4.48
449 0.02967350596990812 4.49
450 0.02967332328685589 4.5
451 0.02967257796402905 4.51
452 0.02967092431163587 4.52
453 0.02966894863363054 4.53
454 0.02966698015742039 4.54
455 0.02966319752478565 4.55
456 0.02966055459277393 4.56
457 0.02965863600105421 4.57
458 0.02965716731546103 4.58
459 0.02965650849304309 4.59
460 0.02965546237933442 4.600000000000001
461 0.02965388197727783 4.61
462 0.02965311637870414 4.62
463 0.02965154019767464 4.63
464 0.029651173220117 4.64
465 0.02965088453538594 4.65
466 0.02964784582819767 4.66
467 0.02964477783852594 4.67
468 0.02964222032035621 4.68
469 0.02964043523179773 4.69
470 0.02963894418138753 4.7
471 0.02963746157191734 4.71
472 0.02963624017087662 4.72
473 0.02963486611659946 4.73
474 0.02963406358542016 4.74
475 0.02963270604950046 4.75
476 0.02963115551338323 4.76
477 0.02962908643026689 4.77
478 0.02962647819865401 4.78
479 0.02962350742506279 4.79
480 0.02962031767717859 4.8
481 0.0296171052940019 4.81
482 0.0296139294191402 4.82
483 0.02961091791951937 4.83
484 0.02960810516051914 4.84
485 0.02960534827434789 4.850000000000001
486 0.02959362712672333 4.86
487 0.02958380843181952 4.87
488 0.0295911993331985 4.88
489 0.02960703757236106 4.89
490 0.02960744851641944 4.9
491 0.02960392540866137 4.91
492 0.02959865466142945 4.92
493 0.02959288412394381 4.93
494 0.02958730713101908 4.94
495 0.0295832842586073 4.95
496 0.02958150431043362 4.96
497 0.02958167650643993 4.97
498 0.02958340487364827 4.98
499 0.02958803810414845 4.99
500 0.02958847261440227 5
501 0.02958692903940883 5.01
502 0.02958443573623246 5.02
503 0.02958153519619289 5.03
504 0.02957843476981294 5.04
505 0.0295752510601527 5.05
506 0.02957185196456434 5.06
507 0.02956819364494657 5.07
508 0.02956478565352441 5.08
509 0.02956172570969822 5.09
510 0.02955885198215099 5.100000000000001
511 0.02955646913619361 5.11
512 0.02955446993060527 5.12
513 0.02955276270842184 5.13
514 0.02955137697670526 5.14
515 0.02954354468993266 5.15
516 0.02953835650105576 5.16
517 0.02953526818711536 5.17
518 0.02953474662297853 5.18
519 0.0295360849114329 5.19
520 0.02954380746140443 5.2
521 0.02956062096628475 5.21
522 0.02957045526168118 5.22
523 0.02956563074286146 5.23
524 0.02955403275875596 5.24
525 0.02954024904889622 5.25
526 0.02952799495553177 5.26
527 0.02951944189884981 5.27
528 0.02951651072518361 5.28
529 0.0295180948739186 5.29
530 0.0295223971796784 5.3
531 0.0295280056392501 5.31
532 0.02953223102773887 5.32
533 0.02953288385256512 5.33
534 0.02953224186636042 5.34
535 0.02952955961958004 5.350000000000001
536 0.02952526012727026 5.36
537 0.02952004460786016 5.37
538 0.02951444781012572 5.38
539 0.02950891910074488 5.39
540 0.02950533615914122 5.4
541 0.02950169698589986 5.41
542 0.02949866063750994 5.42
543 0.02949032591895126 5.43
544 0.02948602288991051 5.44
545 0.02948446222987874 5.45
546 0.02948175899974785 5.46
547 0.02948212940934582 5.47
548 0.02948469154396821 5.48
549 0.02948857665553595 5.49
550 0.02949297317534392 5.5
551 0.02949717072493229 5.51
552 0.02950584159858596 5.52
553 0.02951436200071424 5.53
554 0.02951834263298597 5.54
555 0.0295128767048349 5.55
556 0.02949633004244217 5.56
557 0.0294780150383593 5.57
558 0.02946294382258105 5.58
559 0.02945458822138159 5.59
560 0.02945389917872214 5.600000000000001
561 0.0294590964250417 5.61
562 0.02946847296313137 5.62
563 0.02947834374309271 5.63
564 0.02948637123309317 5.64
565 0.02949076734833398 5.65
566 0.02949089045985479 5.66
567 0.02948711188743864 5.67
568 0.02948043670054475 5.68
569 0.02947114398196818 5.69
570 0.02946296114765303 5.7
571 0.02945597293171936 5.71
572 0.02945071382632348 5.72
573 0.02944691988033783 5.73
574 0.02944494935058196 5.74
575 0.02944123425799334 5.75
576 0.02943957476540911 5.76
577 0.02944200003368976 5.77
578 0.02944036816462623 5.78
579 0.02943995140706463 5.79
580 0.02943929755772339 5.8
581 0.02944307293281997 5.81
582 0.02944052921074503 5.82
583 0.02944169625720346 5.83
584 0.02943854480979323 5.84
585 0.02943889409653773 5.850000000000001
586 0.02943705392911853 5.86
587 0.02943398311912868 5.87
588 0.0294331692639282 5.88
589 0.02943066390858193 5.89
590 0.02942815137820018 5.9
591 0.02942660356242997 5.91
592 0.02942892153768322 5.92
593 0.0294280767438208 5.93
594 0.02943142520783786 5.94
595 0.02943098389232094 5.95
596 0.02943290683824244 5.96
597 0.02943175764674991 5.97
598 0.02942744227931225 5.98
599 0.02942224846503029 5.99
600 0.02942399980325513 6
601 0.02942326970623831 6.01
602 0.02942300579256301 6.02
603 0.0294223174871219 6.03
604 0.02942074378668095 6.04
605 0.02941587024670564 6.05
606 0.0294136969759358 6.06
607 0.02941004867426045 6.07
608 0.02940557933209383 6.08
609 0.02940085989243257 6.09
610 0.02939590944840323 6.100000000000001
611 0.02939495314062945 6.11
612 0.02938891918714633 6.12
613 0.02938361249061047 6.13
614 0.02938203681049443 6.140000000000001
615 0.02937767754217797 6.15
616 0.02937552099678734 6.16
617 0.02937490375103082 6.17
618 0.02937180658759009 6.18
619 0.02937558545005296 6.19
620 0.02937485972469248 6.2
621 0.02937567700612385 6.21
622 0.02937966511321163 6.22
623 0.02938077816856412 6.23
624 0.02938084901373962 6.24
625 0.02938055171324452 6.25
626 0.02937977250468216 6.26
627 0.02937856765844968 6.27
628 0.02937678034747614 6.28
629 0.02937448925935971 6.29
630 0.02937175351620811 6.3
631 0.02936904192791034 6.31
632 0.02936699143270962 6.32
633 0.02936522114434405 6.33
634 0.02936344976427098 6.34
635 0.02936155914748304 6.350000000000001
636 0.02936383117571782 6.36
637 0.02935923281710671 6.37
638 0.02935711950709125 6.38
639 0.02935263110975263 6.390000000000001
640 0.02935114681676235 6.4
641 0.02934961373740399 6.41
642 0.0293480164714795 6.42
643 0.02934641476310272 6.43
644 0.02934435020536222 6.44
645 0.02934243462038738 6.45
646 0.02933809578090441 6.46
647 0.02933908243107519 6.47
648 0.02933645446400454 6.48
649 0.0293358996290851 6.49
650 0.02934052055059396 6.5
651 0.02933794256842353 6.51
652 0.02934163608163321 6.52
653 0.02934350548961156 6.53
654 0.02934371031447843 6.54
655 0.02934227612689753 6.55
656 0.02933913830656795 6.56
657 0.02933488985850193 6.57
658 0.02932969758633841 6.58
659 0.02932171211214641 6.59
660 0.02931868334316308 6.600000000000001
661 0.02931252564231986 6.61
662 0.02930855851708493 6.62
663 0.02930729444777648 6.63
664 0.02930621061924598 6.640000000000001
665 0.02930557993511775 6.65
666 0.029305256875299 6.66
667 0.02930514546738531 6.67
668 0.02930507805209648 6.68
669 0.02930504215791982 6.69
670 0.02930027780144121 6.7
671 0.02930246803260414 6.71
672 0.02929875262228056 6.72
673 0.02930166148719616 6.73
674 0.02930311582620124 6.74
675 0.0292987181017114 6.75
676 0.02930047111435958 6.76
677 0.02929605967311708 6.77
678 0.029297554239287 6.78
679 0.02929749028185619 6.79
680 0.02929631141648795 6.8
681 0.02929482761902536 6.81
682 0.02929272818109474 6.82
683 0.02929025123665436 6.83
684 0.02928751169227896 6.84
685 0.02928497913360083 6.850000000000001
686 0.02928274130487008 6.86
687 0.02928456766898029 6.87
688 0.02928114551153798 6.88
689 0.02928218508887186 6.890000000000001
690 0.02927820863283026 6.9
691 0.02927919918099362 6.91
692 0.02927559086886567 6.92
693 0.02927318101380674 6.93
694 0.02927558430917452 6.94
695 0.02927292777846068 6.95
696 0.02927112003640041 6.96
697 0.02927354514068575 6.97
698 0.02927059801430446 6.98
699 0.0292680185586925 6.99
700 0.02926455931530563 7
701 0.02926171274525874 7.01
702 0.02925934064135145 7.02
703 0.02925731584557106 7.03
704 0.02925550438743177 7.04
705 0.02925390738870108 7.05
706 0.02925222653690784 7.06
707 0.02925046006656598 7.07
708 0.02924858051391012 7.08
709 0.02924656872401217 7.09
710 0.02924445191970259 7.100000000000001
711 0.02923811581591414 7.11
712 0.02923826926794848 7.12
713 0.02923802732170335 7.13
714 0.02923290736026788 7.140000000000001
715 0.0292344620146388 7.15
716 0.02923045360851446 7.16
717 0.02922782184881224 7.17
718 0.02923189776325155 7.18
719 0.02922919525242614 7.19
720 0.02922793477851156 7.2
721 0.02922710884056979 7.21
722 0.02923163278471742 7.22
723 0.02922905521772906 7.23
724 0.02922683450826826 7.24
725 0.02922497234406831 7.25
726 0.02922853464804007 7.26
727 0.02922628001568605 7.27
728 0.02922535517430521 7.28
729 0.02922814753034255 7.29
730 0.02922479043541527 7.3
731 0.0292250456046374 7.31
732 0.02922035403611886 7.32
733 0.02921942309479807 7.33
734 0.02921425999803729 7.34
735 0.02921318130498651 7.350000000000001
736 0.02920751590823395 7.36
737 0.02920671708981813 7.37
738 0.02920203529553404 7.38
739 0.02919855333836709 7.390000000000001
740 0.02919968489157202 7.4
741 0.02919619165679699 7.41
742 0.02919408775004706 7.42
743 0.02919808911899408 7.43
744 0.02919602354280228 7.44
745 0.02919966737709353 7.45
746 0.02919739925379903 7.46
747 0.02920003611308791 7.47
748 0.02919675230756633 7.48
749 0.0291978688021991 7.49
750 0.02919363591906271 7.5
751 0.0291948797832372 7.51
752 0.02919075350125358 7.52
753 0.0291920638878001 7.53
754 0.02918790962873591 7.54
755 0.02918909265292606 7.55
756 0.02918900662624805 7.56
757 0.02918825008679023 7.57
758 0.02918650191295313 7.58
759 0.02918414583738162 7.59
760 0.02918219228241076 7.600000000000001
761 0.02917969679489446 7.61
762 0.02917695973975916 7.62
763 0.02917423149246164 7.63
764 0.02917172711709739 7.640000000000001
765 0.02916960248994512 7.65
766 0.02916365875560385 7.66
767 0.02916373544908385 7.67
768 0.02916016853037871 7.68
769 0.02916291081503262 7.69
770 0.02916069487959351 7.7
771 0.02915997179493382 7.71
772 0.02915986529748577 7.72
773 0.02915945621749653 7.73
774 0.02915912536133706 7.74
775 0.02915867518880953 7.75
776 0.02915797126580396 7.76
777 0.02915693875747235 7.77
778 0.02915557410035121 7.78
779 0.02915510786189747 7.79
780 0.02915393102979208 7.8
781 0.02915219481659829 7.81
782 0.02915023516333266 7.82
783 0.02914806886551913 7.83
784 0.0291458139877813 7.84
785 0.02914357640791533 7.850000000000001
786 0.02914132764037593 7.86
787 0.02913920483166076 7.87
788 0.02913706727810212 7.88
789 0.0291392306010896 7.890000000000001
790 0.02913621331987838 7.9
791 0.02913786175107985 7.91
792 0.0291347717287103 7.92
793 0.02913659868073423 7.930000000000001
794 0.02913743901402191 7.94
795 0.0291336199795971 7.95
796 0.02913448280246416 7.96
797 0.02913081803883335 7.97
798 0.02913190128623066 7.98
799 0.02913227551549477 7.99
800 0.02912851909302313 8
801 0.02912975115405427 8.01
802 0.02913050465238098 8.02
803 0.02912710027552395 8.029999999999999
804 0.02912870467073109 8.040000000000001
805 0.02912576205041697 8.050000000000001
806 0.02912757112850795 8.06
807 0.02912831334514667 8.07
808 0.02912444239807457 8.08
809 0.02912493329887888 8.09
810 0.02912048447307009 8.1
811 0.02911646196392131 8.109999999999999
812 0.02911293549076371 8.120000000000001
813 0.02911006386810098 8.130000000000001
814 0.0291078351653434 8.140000000000001
815 0.02910623431811304 8.15
816 0.02910497662357013 8.16
817 0.02910395275053738 8.17
818 0.02910313025884567 8.18
819 0.02910220176591779 8.19
820 0.0291010461704992 8.199999999999999
821 0.02909965551393125 8.210000000000001
822 0.02909807274868221 8.220000000000001
823 0.02909621868204398 8.23
824 0.02909403824365511 8.24
825 0.02909197757884089 8.25
826 0.02909010076207959 8.26
827 0.02908860804134006 8.27
828 0.02908752305826604 8.279999999999999
829 0.02908677913367573 8.290000000000001
830 0.02908599491787495 8.300000000000001
831 0.02908532163254391 8.31
832 0.02908499715551718 8.32
833 0.02908488041502227 8.33
834 0.02908488421099308 8.34
835 0.02908485962121418 8.35
836 0.02908468035546006 8.359999999999999
837 0.02908426582374669 8.370000000000001
838 0.02908417570983437 8.380000000000001
839 0.02908353157473218 8.390000000000001
840 0.02907759783120543 8.4
841 0.02907784982305486 8.41
842 0.02907800983845649 8.42
843 0.02907774581734448 8.43
844 0.02907709386493953 8.44
845 0.02907630144374328 8.449999999999999
846 0.02907543688621642 8.460000000000001
847 0.02907456635911445 8.470000000000001
848 0.02907372450969207 8.48
849 0.02907317123162732 8.49
850 0.02907224304336052 8.5
851 0.02907100880803081 8.51
852 0.02906969196419919 8.52
853 0.02906813182118931 8.529999999999999
854 0.02906639335178225 8.540000000000001
855 0.02906454068307354 8.550000000000001
856 0.0290626213765348 8.56
857 0.0290565323381572 8.57
858 0.02905607508879208 8.58
859 0.02905528787625749 8.59
860 0.0290542224766504 8.6
861 0.02905288382506663 8.609999999999999
862 0.02905126332857886 8.620000000000001
863 0.02904945491246662 8.630000000000001
864 0.02904738477319761 8.640000000000001
865 0.02904549695458021 8.65
866 0.02904387350563842 8.66
867 0.02904218202763182 8.67
868 0.02904091692739972 8.68
869 0.0290398871125509 8.69
870 0.02903911906756833 8.700000000000001
871 0.02903852097502673 8.710000000000001
872 0.02903782026263612 8.720000000000001
873 0.02903719010493798 8.73
874 0.02903658620758519 8.74
875 0.02903597199731626 8.75
876 0.02903527341096916 8.76
877 0.02903465719465553 8.77
878 0.02903413511591844 8.779999999999999
879 0.02903364577894077 8.790000000000001
880 0.02903308864950343 8.800000000000001
881 0.0290323776774309 8.81
882 0.02903178865523423 8.82
883 0.02903087224946822 8.83
884 0.02902965254401686 8.84
885 0.02902817443818096 8.85
886 0.029026496728637 8.859999999999999
887 0.02902474744043104 8.870000000000001
888 0.02902305609787914 8.880000000000001
889 0.0290212532243042 8.890000000000001
890 0.0290194025540048 8.9
891 0.02901774293885698 8.91
892 0.02901626781578415 8.92
893 0.0290146773841894 8.93
894 0.02901287572282633 8.94
895 0.02901108968640106 8.950000000000001
896 0.0290092273338137 8.960000000000001
897 0.02900739063978024 8.970000000000001
898 0.02900580130927772 8.98
899 0.02900419663177329 8.99
900 0.02900279408316687 9
901 0.02900143218092048 9.01
902 0.02899587724911429 9.02
903 0.02899478048816333 9.029999999999999
904 0.02899456584067505 9.040000000000001
905 0.02898950700252483 9.050000000000001
906 0.02899182004603301 9.06
907 0.02899393676078664 9.07
908 0.02898986586618744 9.08
909 0.02899272635347644 9.09
910 0.02899466389317447 9.1
911 0.02899553122388673 9.109999999999999
912 0.02899024568500348 9.120000000000001
913 0.02899098833106923 9.130000000000001
914 0.02899089073945744 9.140000000000001
915 0.02898511365436022 9.15
916 0.02898536537873567 9.16
917 0.02898000058929339 9.17
918 0.02898103003928691 9.18
919 0.02898147048285369 9.19
920 0.02898105197604913 9.200000000000001
921 0.02897981713048325 9.210000000000001
922 0.02897795965852373 9.220000000000001
923 0.02897574513477861 9.23
924 0.02897350599453422 9.24
925 0.02897147348503395 9.25
926 0.02896978931433654 9.26
927 0.02896850632712841 9.27
928 0.0289699231263709 9.279999999999999
929 0.02897108000754746 9.290000000000001
930 0.02897192060064217 9.300000000000001
931 0.02897226085860959 9.31
932 0.02897193980243087 9.32
933 0.02897089509817101 9.33
934 0.02896918889157546 9.34
935 0.0289669840094877 9.35
936 0.02896449502020512 9.359999999999999
937 0.02896194473331982 9.370000000000001
938 0.02895951843478751 9.380000000000001
939 0.02895555795074876 9.390000000000001
940 0.02895238266427523 9.4
941 0.0289498907479824 9.41
942 0.02894899107572008 9.42
943 0.02894824751400056 9.43
944 0.02894311845814035 9.44
945 0.02894449333727123 9.450000000000001
946 0.02894587778640009 9.460000000000001
947 0.02894710515341172 9.470000000000001
948 0.02894790758557172 9.48
949 0.02894381509005272 9.49
950 0.02894531630047584 9.5
951 0.02894571276941473 9.51
952 0.02894076056054388 9.52
953 0.02894157859197056 9.529999999999999
954 0.02893708257607859 9.540000000000001
955 0.02893774161918122 9.550000000000001
956 0.0289332721988791 9.56
957 0.0289339136122801 9.57
958 0.02892936260541023 9.58
959 0.02892388028212575 9.59
960 0.02892465703527231 9.6
961 0.02892010134764953 9.609999999999999
962 0.02892202784830702 9.620000000000001
963 0.02891805970730742 9.630000000000001
964 0.02892067964228496 9.640000000000001
965 0.02891697533140504 9.65
966 0.02891950896387088 9.66
967 0.02891563470205467 9.67
968 0.02891783574060191 9.68
969 0.02891375234585188 9.69
970 0.02891572471703929 9.700000000000001
971 0.02891156673368474 9.710000000000001
972 0.02891354128669558 9.720000000000001
973 0.02890944244523369 9.73
974 0.02891191582831848 9.74
975 0.02890826559838382 9.75
976 0.02891017933595455 9.76
977 0.02891118476716225 9.77
978 0.02890667966359462 9.779999999999999
979 0.02890746100745085 9.790000000000001
980 0.02890757974406134 9.800000000000001
981 0.02890264749919855 9.81
982 0.02890305777022269 9.82
983 0.02890311321243997 9.83
984 0.02890270519915553 9.84
985 0.02890201942862584 9.85
986 0.02890095747516331 9.859999999999999
987 0.02889960393243054 9.870000000000001
988 0.02889796956620286 9.880000000000001
989 0.0288962542797142 9.890000000000001
990 0.02889454079253247 9.9
991 0.02889288118579462 9.91
992 0.0288917174624765 9.92
993 0.0288904061561592 9.93
994 0.02888905320801647 9.94
995 0.0288876322721749 9.950000000000001
996 0.02888614253145414 9.960000000000001
997 0.02888071503697331 9.970000000000001
998 0.0288806699652451 9.98
999 0.02888078210668957 9.99
1000 0.02887645827053634 10
1001 0.02887765788257189 10.01
1002 0.02887854164454401 10.02
1003 0.02887375051024286 10.03
1004 0.02887486114659141 10.04
1005 0.02887063672455776 10.05
1006 0.02887238470018815 10.06
1007 0.02887335450791782 10.07
1008 0.02886877415778118 10.08
1009 0.02886974721283205 10.09
1010 0.02886986847126508 10.1
1011 0.02886473136460894 10.11
1012 0.02886479541154486 10.12
1013 0.02886410516169819 10.13
1014 0.02886270441519832 10.14
1015 0.02885679827312384 10.15
1016 0.02885619264014452 10.16
1017 0.02885110700215728 10.17
1018 0.028852000495351 10.18
1019 0.02884792249864115 10.19
1020 0.02885019443814054 10.2
1021 0.02884682033679634 10.21
1022 0.02884977800718872 10.22
1023 0.02884660913177273 10.23
1024 0.02884958669868723 10.24
1025 0.02884624794264716 10.25
1026 0.02884880235056313 10.26
1027 0.02884523086860848 10.27
1028 0.0288474354044559 10.28
1029 0.02884365854374883 10.29
1030 0.02884564626243832 10.3
1031 0.02884177371386999 10.31
1032 0.02884365165399342 10.32
1033 0.02883971482116219 10.33
1034 0.02884148751622675 10.34
1035 0.02883759279157365 10.35
1036 0.02883927993628258 10.36
1037 0.02883507155687667 10.37
1038 0.02883647949377792 10.38
1039 0.02883679826826287 10.39
1040 0.02883167103133893 10.4
1041 0.02883180168423883 10.41
1042 0.0288311922477004 10.42
1043 0.02882568969238666 10.43
1044 0.02882562567284896 10.44
1045 0.0288206681441731 10.45
1046 0.0288215860855652 10.46
1047 0.02881729281861158 10.47
1048 0.02881915469202008 10.48
1049 0.0288153855358022 10.49
1050 0.02881856160487551 10.5
1051 0.02881575189948124 10.51
1052 0.02881877240750605 10.52
1053 0.02881576616294261 10.53
1054 0.02881819511212891 10.54
1055 0.02881464975762739 10.55
1056 0.02881613475676136 10.56
1057 0.02881625527490201 10.57
1058 0.02881517695030319 10.58
1059 0.0288094113889817 10.59
1060 0.02880812348153147 10.6
1061 0.02880649648702074 10.61
1062 0.02880087187027321 10.62
1063 0.02880026175681099 10.63
1064 0.02879953068203373 10.64
1065 0.02879855054601192 10.65
1066 0.02879277006184471 10.66
1067 0.02879268899896599 10.67
1068 0.02878801205622274 10.68
1069 0.02878953941815225 10.69
1070 0.02878578250172345 10.7
1071 0.02878299315542059 10.71
1072 0.028787073896626 10.72
1073 0.02878464861859255 10.73
1074 0.02878290891699438 10.74
1075 0.02878184880106705 10.75
1076 0.0287813029522735 10.76
1077 0.02878779097777602 10.77
1078 0.0287855967108809 10.78
1079 0.02878312994840694 10.79
1080 0.02878087459724222 10.8
1081 0.02877881507144251 10.81
1082 0.02877712588398448 10.82
1083 0.02877582030940295 10.83
1084 0.02878136848039467 10.84
1085 0.02877865405277501 10.85
1086 0.02877598054036521 10.86
1087 0.02877344184335698 10.87
1088 0.02877706937447111 10.88
1089 0.02877315609629431 10.89
1090 0.02876938162991155 10.9
1091 0.02877143902373427 10.91
1092 0.02876680523923091 10.92
1093 0.02876261643237669 10.93
1094 0.0287645563120936 10.94
1095 0.02876012053690602 10.95
1096 0.02875631814338617 10.96
1097 0.02875879658998745 10.97
1098 0.02875528482343467 10.98
1099 0.02875221759234366 10.99
1100 0.02874969752836703 11
1101 0.02875353582767571 11.01
1102 0.02875071000592987 11.02
1103 0.02874834048033513 11.03
1104 0.02875255158512108 11.04
1105 0.02874957277139187 11.05
1106 0.02875275963941105 11.06
1107 0.02874931395305576 11.07
1108 0.02875188887104562 11.08
1109 0.02874813576136939 11.09
1110 0.02875034058246822 11.1
1111 0.02874642545921455 11.11
1112 0.02874831085371073 11.12
1113 0.02874417663234396 11.13
1114 0.02874600868785828 11.14
1115 0.02874682095369257 11.15
1116 0.02874169550622699 11.16
1117 0.02874244852640698 11.17
1118 0.02873754955999452 11.18
1119 0.02873863098168179 11.19
1120 0.02873397405571802 11.2
1121 0.02873539223108709 11.21
1122 0.02873090282590489 11.22
1123 0.02873251540405176 11.23
1124 0.02872812457805562 11.24
1125 0.02872447698504257 11.25
1126 0.02872753569531966 11.26
1127 0.02872398896535978 11.27
1128 0.0287268194170586 11.28
1129 0.02872304411932712 11.29
1130 0.02871981091638156 11.3
1131 0.02872301205186095 11.31
1132 0.0287193695665585 11.32
1133 0.02871616581993697 11.33
1134 0.0287192536479611 11.34
1135 0.02871547430212538 11.35
1136 0.02871209087670964 11.36
1137 0.02870917283509696 11.37
1138 0.02871266320694148 11.38
1139 0.02870910963245842 11.39
1140 0.02870592451386583 11.4
1141 0.02870315279189989 11.41
1142 0.0287067887557683 11.42
1143 0.02870330582372762 11.43
1144 0.02870014466152191 11.44
1145 0.02870316329935186 11.45
1146 0.02869937820627952 11.46
1147 0.02869599689720291 11.47
1148 0.02869887727724794 11.48
1149 0.02869513390496362 11.49
1150 0.02869194542407559 11.5
1151 0.02869528647903289 11.51
1152 0.02868898019423679 11.52
1153 0.02868427646341057 11.53
1154 0.02868845256308588 11.54
1155 0.0286848797810702 11.55
1156 0.02868251575829041 11.56
1157 0.02868918524745298 11.57
1158 0.02868653779775471 11.58
1159 0.02869205503297191 11.59
1160 0.02868837613255151 11.6
1161 0.02869207319843131 11.61
1162 0.02868724068840122 11.62
1163 0.02868956511255186 11.63
1164 0.02868408747955668 11.64
1165 0.02868582525344901 11.65
1166 0.02868022280467547 11.66
1167 0.02868206626009111 11.67
1168 0.02867667830988425 11.68
1169 0.02867895520543286 11.69
1170 0.02867387033628456 11.7
1171 0.02867656442643948 11.71
1172 0.0286717346013169 11.72
1173 0.02867465542851107 11.73
1174 0.02867033880286848 11.74
1175 0.02867348865133107 11.75
1176 0.02866907526681596 11.76
1177 0.02867209980653947 11.77
1178 0.02866712557866448 11.78
1179 0.0286696145355399 11.79
1180 0.0286646714764438 11.8
1181 0.02866068378478326 11.81
1182 0.02866474533528176 11.82
1183 0.02866046313432568 11.83
1184 0.02865663218758259 11.84
1185 0.02866117224573526 11.85
1186 0.02865684256466924 11.86
1187 0.0286533131183374 11.87
1188 0.02865830826847001 11.88
1189 0.02865432323077903 11.89
1190 0.02865111498028195 11.9
1191 0.02865650530018328 11.91
1192 0.02865270347855043 11.92
1193 0.02864975476974835 11.93
1194 0.02865470073412863 11.94
1195 0.02865059975494741 11.95
1196 0.0286468898623745 11.96
1197 0.02864362367267307 11.97
1198 0.02864809493455044 11.98
1199 0.02864387058126737 11.99
1200 0.0286403132753788 12
1201 0.02863745778494404 12.01
1202 0.0286352935915325 12.02
1203 0.02863374908839504 12.03
1204 0.02863271405877509 12.04
1205 0.02863206779198361 12.05
1206 0.0286316910632533 12.06
1207 0.02863147514437277 12.07
1208 0.02863132712820795 12.08
1209 0.0286311740497122 12.09
1210 0.02863096569285331 12.1
1211 0.02863067352506125 12.11
1212 0.02863032841782116 12.12
1213 0.0286298690849353 12.13
1214 0.02862931845116198 12.14
1215 0.02862869335201129 12.15
1216 0.02862800346941243 12.16
1217 0.028635444172485 12.17
1218 0.02863246921206834 12.18
1219 0.02862934217673795 12.19
1220 0.02862625920264973 12.2
1221 0.02863061466379474 12.21
1222 0.02862599953070663 12.22
1223 0.02862170810599626 12.23
1224 0.02862500455736705 12.24
1225 0.02862005071064892 12.25
1226 0.02861572819793883 12.26
1227 0.02861911982109329 12.27
1228 0.02861449503095972 12.28
1229 0.0286174910052181 12.29
1230 0.02861267240445077 12.3
1231 0.02860869192008605 12.31
1232 0.02861273780578757 12.32
1233 0.02860857392107614 12.33
1234 0.02860516580180786 12.34
1235 0.02860992164834151 12.35
1236 0.02860618893656583 12.36
1237 0.02860319378176411 12.37
1238 0.02860845847915562 12.38
1239 0.02860500274772195 12.39
1240 0.02860941216162166 12.4
1241 0.0286053838024232 12.41
1242 0.02860893331835877 12.42
1243 0.02860440810580878 12.43
1244 0.0286005747380129 12.44
1245 0.02860462265300692 12.45
1246 0.02860051723114622 12.46
1247 0.02859715252312531 12.47
1248 0.02860179916735716 12.48
1249 0.02859797960146103 12.49
1250 0.02859474553444597 12.5
1251 0.02859927193545218 12.51
1252 0.0285950634598415 12.52
1253 0.02859139316175905 12.53
1254 0.02858829393611574 12.54
1255 0.02858578190986347 12.55
1256 0.02858361733695777 12.56
1257 0.02858201971684625 12.57
1258 0.02858089797639586 12.58
1259 0.02858026943859769 12.59
1260 0.02858000260636864 12.6
1261 0.0285799469784673 12.61
1262 0.02857995096740171 12.62
1263 0.02857989071711285 12.63
1264 0.02858818427012716 12.64
1265 0.02858540014309799 12.65
1266 0.0285823883183508 12.66
1267 0.02857937904465363 12.67
1268 0.02857658463390917 12.68
1269 0.02857416278291394 12.69
1270 0.02857997021168416 12.7
1271 0.02857530983017248 12.71
1272 0.02857140142877691 12.72
1273 0.02856813137277446 12.73
1274 0.02857347000287941 12.74
1275 0.02856936573149187 12.75
1276 0.02856583605957467 12.76
1277 0.02856298386850118 12.77
1278 0.02856961441133507 12.78
1279 0.02856663866134717 12.79
1280 0.02856388913285381 12.8
1281 0.02856151666129978 12.81
1282 0.02856723311294474 12.82
1283 0.02856391950545965 12.83
1284 0.02856102066441537 12.84
1285 0.02856595555896416 12.85
1286 0.0285624573304027 12.86
1287 0.02855928948349331 12.87
1288 0.02856365361324471 12.88
1289 0.02855969401782816 12.89
1290 0.02855621819404526 12.9
1291 0.02856024585978429 12.91
1292 0.02855616148440715 12.92
1293 0.02855264455182315 12.93
1294 0.02855671595755894 12.94
1295 0.02855272890048745 12.95
1296 0.02855604020926505 12.96
1297 0.02855159993695822 12.97
1298 0.02854767072212652 12.98
1299 0.02855137191976227 12.99
1300 0.02854729218384199 13
1301 0.02854397368454114 13.01
1302 0.02854148555761106 13.02
1303 0.02854728663945887 13.03
1304 0.02854440763336033 13.04
1305 0.02854202979478685 13.05
1306 0.02854017872400048 13.06
1307 0.02854626569257152 13.07
1308 0.02854323355377507 13.08
1309 0.02854041564202194 13.09
1310 0.02853789797303708 13.1
1311 0.0285428908823224 13.11
1312 0.02853913975569813 13.12
1313 0.02853572418006971 13.13
1314 0.02853277239938778 13.14
1315 0.02853037353851691 13.15
1316 0.02853589485147564 13.16
1317 0.02853273429146309 13.17
1318 0.02852989127345954 13.18
1319 0.02852752638646559 13.19
1320 0.02852634589861933 13.2
1321 0.02852559004380174 13.21
1322 0.02852582281130922 13.22
1323 0.02853362246869189 13.23
1324 0.02853189646234181 13.24
1325 0.02852995163968279 13.25
1326 0.02852783344187805 13.26
1327 0.02852564422694506 13.27
1328 0.02852350821414229 13.28
1329 0.0285280114148368 13.29
1330 0.02852457748346139 13.3
1331 0.02852138695638105 13.31
1332 0.02851849430365493 13.32
1333 0.02851598693965244 13.33
1334 0.02851387042332695 13.34
1335 0.02851212286093811 13.35
1336 0.0285107017070959 13.36
1337 0.02850955022734477 13.37
1338 0.02850860465948354 13.38
1339 0.02850780690303609 13.39
1340 0.0285070960565531 13.4
1341 0.02850644632924659 13.41
1342 0.02850580848132506 13.42
1343 0.02850532712624744 13.43
1344 0.02850484731736784 13.44
1345 0.02850436510079674 13.45
1346 0.02850387379190847 13.46
1347 0.02850335987459346 13.47
1348 0.02850280920518581 13.48
1349 0.02850220240166083 13.49
1350 0.02850152082485637 13.5
1351 0.02850075012748363 13.51
1352 0.02849988130272263 13.52
1353 0.0284989140782773 13.53
1354 0.02849767420716583 13.54
1355 0.02849638659027969 13.55
1356 0.02849509323512711 13.56
1357 0.02849353997633109 13.57
1358 0.02849874458185984 13.58
1359 0.02849550552536937 13.59
1360 0.02849233284943136 13.6
1361 0.02848937478432864 13.61
1362 0.02848679633640425 13.62
1363 0.02849103961783102 13.63
1364 0.02848765488965102 13.64
1365 0.02848476274193602 13.65
1366 0.0284823950981156 13.66
1367 0.02848053511181362 13.67
1368 0.02848591122293553 13.68
1369 0.02848300074393412 13.69
1370 0.0284803582536607 13.7
1371 0.0284780514701886 13.71
1372 0.02848265659822705 13.72
1373 0.02847929974002887 13.73
1374 0.02847629791037494 13.74
1375 0.02847379474521192 13.75
1376 0.02847834604649897 13.76
1377 0.02847532803348588 13.77
1378 0.02847275143986692 13.78
1379 0.02847706513712535 13.79
1380 0.02847384538817146 13.8
1381 0.02847111441439944 13.81
1382 0.02847523460517667 13.82
1383 0.02847191170698778 13.83
1384 0.02846908873936076 13.84
1385 0.02847305135593886 13.85
1386 0.0284696183544845 13.86
1387 0.0284666822133555 13.87
1388 0.02847048223362325 13.88
1389 0.02846699561093432 13.89
1390 0.02846995185950638 13.9
1391 0.02846598459344125 13.91
1392 0.02846828346048217 13.92
1393 0.02846394763417577 13.93
1394 0.02846551528441745 13.94
1395 0.02846591325468648 13.95
1396 0.02846527349690465 13.96
1397 0.02846373952872187 13.97
1398 0.02846148986027952 13.98
1399 0.02845461611491228 13.99
1400 0.02845340128990391 14
1401 0.02844720426008306 14.01
1402 0.028447562732644 14.02
1403 0.02844253121613351 14.03
1404 0.0284388486419588 14.04
1405 0.02844268566416536 14.05
1406 0.02843959063914298 14.06
1407 0.02843745671672763 14.07
1408 0.02843597364306942 14.08
1409 0.02843519973864988 14.09
1410 0.02843497285523636 14.1
1411 0.02843513134613306 14.11
1412 0.02843580369134677 14.12
1413 0.02843643304522342 14.13
1414 0.02844446974112398 14.14
1415 0.02844276442759771 14.15
1416 0.02844066425393402 14.16
1417 0.02843828149665477 14.17
1418 0.02844175801072722 14.18
1419 0.02843756113557991 14.19
1420 0.02843344527498424 14.2
1421 0.02843504209936904 14.21
1422 0.02843014639380352 14.22
1423 0.02842577615568816 14.23
1424 0.0284275738775394 14.24
1425 0.02842306069424747 14.25
1426 0.02842471883749224 14.26
1427 0.02842016116686568 14.27
1428 0.02841636783222036 14.28
1429 0.02841881544217119 14.29
1430 0.02841462958240083 14.3
1431 0.02841127179642799 14.31
1432 0.0284155576468646 14.32
1433 0.02841239912988177 14.33
1434 0.02841026448427919 14.34
1435 0.02841561290155989 14.35
1436 0.02841293524327729 14.36
1437 0.02841084111156611 14.37
1438 0.02840933475524258 14.38
1439 0.02841538742964044 14.39
1440 0.02841309360351719 14.4
1441 0.02841122506876934 14.41
1442 0.02840974884919789 14.42
1443 0.02841529419817906 14.43
1444 0.02841238493179723 14.44
1445 0.02840970805128496 14.45
1446 0.02840728646068345 14.46
1447 0.02841150560524796 14.47
1448 0.02840786388566104 14.48
1449 0.02840450020785879 14.49
1450 0.02840149043056042 14.5
1451 0.02839889374639858 14.51
1452 0.02840305188033609 14.52
1453 0.02839950911644195 14.53
1454 0.02839638989396246 14.54
1455 0.02839367876172207 14.55
1456 0.02839140122813114 14.56
1457 0.02839596900281463 14.57
1458 0.02839270510777896 14.58
1459 0.02839571989773032 14.59
1460 0.02839146445022166 14.6
1461 0.02839306410204209 14.61
1462 0.02838802441937187 14.62
1463 0.02838877278352194 14.63
1464 0.02838343250510301 14.64
1465 0.02838411401981283 14.65
1466 0.02837898883223923 14.66
1467 0.02838024277808082 14.67
1468 0.02837555214997037 14.68
1469 0.02837188294415393 14.69
1470 0.0283752778305719 14.7
1471 0.02837185670860469 14.71
1472 0.02836928834539049 14.72
1473 0.02837389922546701 14.73
1474 0.02837098558727502 14.74
1475 0.02836863186600571 14.75
1476 0.02837316737723969 14.76
1477 0.02837005061193357 14.77
1478 0.02836735044096072 14.78
1479 0.02836508809054733 14.79
1480 0.02836963868318504 14.8
1481 0.02836654530975842 14.81
1482 0.02836383409227142 14.82
1483 0.02836153309566233 14.83
1484 0.02836593959798129 14.84
1485 0.02836268294997443 14.85
1486 0.02835977000039817 14.86
1487 0.02836311564682713 14.87
1488 0.02835920887978439 14.88
1489 0.02835572417876178 14.89
1490 0.02835848577734885 14.9
1491 0.02835432540511831 14.91
1492 0.02835069538922953 14.92
1493 0.0283476495252401 14.93
1494 0.02835122568549555 14.94
1495 0.02834768092197572 14.95
1496 0.02834472376464528 14.96
1497 0.02834162476588734 14.97
1498 0.02833933357532538 14.98
1499 0.02833779208875352 14.99
1500 0.02833691521738947 15
1501 0.0283365879250575 15.01
1502 0.02833666960757776 15.02
1503 0.02833700466659414 15.03
1504 0.02833743798664288 15.04
1505 0.02833797024087254 15.05
1506 0.02833832927012924 15.06
1507 0.02833844520166596 15.07
1508 0.02833828075292056 15.08
1509 0.02833782432911967 15.09
1510 0.02833708746039919 15.1
1511 0.02833610196742499 15.11
1512 0.02833491398095537 15.12
1513 0.02833357855488146 15.13
1514 0.02833957397678721 15.14
1515 0.02833662584169888 15.15
1516 0.0283335645220696 15.16
1517 0.02833050508708156 15.17
1518 0.02833349082310531 15.18
1519 0.0283291093817125 15.19
1520 0.02832516717277075 15.2
1521 0.0283275211114483 15.21
1522 0.02832312285195912 15.22
1523 0.02832509647984091 15.23
1524 0.02832060944166434 15.24
1525 0.02832258046161995 15.25
1526 0.02831815024756252 15.26
1527 0.02832025837170356 15.27
1528 0.028321248263675 15.28
1529 0.02831627272138974 15.29
1530 0.02831759784682664 15.3
1531 0.02831796442924341 15.31
1532 0.02831275954922427 15.32
1533 0.02831390966924865 15.33
1534 0.02830923230835114 15.34
1535 0.02831134161145999 15.35
1536 0.02830725231382326 15.36
1537 0.02831007676794403 15.37
1538 0.02830628956437297 15.38
1539 0.02830923710107131 15.39
1540 0.02830531468933272 15.4
1541 0.02830205233085433 15.41
1542 0.02830529983334907 15.42
1543 0.02830132264368741 15.43
1544 0.02829784843074414 15.44
1545 0.02830078703006943 15.45
1546 0.02829666129528693 15.46
1547 0.02829287294663332 15.47
1548 0.02829487210696067 15.48
1549 0.02829032744536727 15.49
1550 0.02829143804756585 15.5
1551 0.02828650479088169 15.51
1552 0.02828726548835679 15.52
1553 0.02828226003764791 15.53
1554 0.02828314685005677 15.54
1555 0.02827836994693115 15.55
1556 0.02827977289486068 15.56
1557 0.02827541505225482 15.57
1558 0.02827203228049724 15.58
1559 0.02827547682874173 15.59
1560 0.02827235442953199 15.6
1561 0.02827004578454087 15.61
1562 0.02827492470691842 15.62
1563 0.02827245291952865 15.63
1564 0.02827063902423517 15.64
1565 0.02826938920158327 15.65
1566 0.02826863030518388 15.66
1567 0.02827509982616628 15.67
1568 0.0282732860526492 15.68
1569 0.02827175643705353 15.69
1570 0.02827045083783382 15.7
1571 0.02826923232874078 15.71
1572 0.02826819304000566 15.72
1573 0.02827386588578489 15.73
1574 0.02827133182550992 15.74
1575 0.02826891751371386 15.75
1576 0.02826661303337484 15.76
1577 0.02826445944986201 15.77
1578 0.0282624616691323 15.78
1579 0.02826065507835531 15.79
1580 0.02825907786460989 15.8
1581 0.02826397395815418 15.81
1582 0.0282611535977682 15.82
1583 0.02825853967537554 15.83
1584 0.02825615095440787 15.84
1585 0.02825403569144206 15.85
1586 0.0282522547425401 15.86
1587 0.028252325472316 15.87
1588 0.02825828295757838 15.88
1589 0.02825674432188295 15.89
1590 0.02825521113834148 15.9
1591 0.02825356815109658 15.91
1592 0.02825196048114438 15.92
1593 0.02825576315309207 15.93
1594 0.02825263675428717 15.94
1595 0.02824991561916294 15.95
1596 0.02825293499803441 15.96
1597 0.02824977529850948 15.97
1598 0.02824724667961324 15.98
1599 0.0282508345215829 15.99
1600 0.02824816882585945 16
1601 0.02824609352897387 16.01
1602 0.02825007402207552 16.02
1603 0.02824742419253588 16.03
1604 0.02824510673151733 16.04
1605 0.02824834261119856 16.05
1606 0.02824503135479502 16.06
1607 0.02824192890523401 16.07
1608 0.02824396080594238 16.08
1609 0.0282399369876761 16.09
1610 0.0282407733394696 16.1
1611 0.02823611368894852 16.11
1612 0.02823621470647316 16.12
1613 0.02823122143775167 16.13
1614 0.02822682824509431 16.14
1615 0.02822767791869212 16.15
1616 0.02822335026619108 16.16
1617 0.02822444859282271 16.17
1618 0.02822034436174224 16.18
1619 0.02822174407783002 16.19
1620 0.02821779688833357 16.2
1621 0.02821940126162335 16.21
1622 0.02821558888650239 16.22
1623 0.0282172726976341 16.23
1624 0.02821358526148357 16.24
1625 0.02821561844392937 16.25
1626 0.0282121510172103 16.26
1627 0.02821441282668213 16.27
1628 0.0282110205280836 16.28
1629 0.0282132469929679 16.29
1630 0.02820975522829421 16.3
1631 0.02821173097783582 16.31
1632 0.02820805578583362 16.32
1633 0.0282049260981545 16.33
1634 0.02820748325541372 16.34
1635 0.02820424913692321 16.35
1636 0.02820162354638776 16.36
1637 0.0282049673994359 16.37
1638 0.02820225729934278 16.38
1639 0.02820008759861021 16.39
1640 0.02820389155582953 16.4
1641 0.02820137878136178 16.41
1642 0.02819929477693853 16.42
1643 0.02820304916881915 16.43
1644 0.02820042003798771 16.44
1645 0.02819813041434537 16.45
1646 0.02819618895847499 16.46
1647 0.02819460671266725 16.47
1648 0.02819903366148023 16.48
1649 0.02819677952415392 16.49
1650 0.02819480463578345 16.5
1651 0.02819310575834747 16.51
1652 0.02819167759862258 16.52
1653 0.02819051052956057 16.53
1654 0.02818959228695741 16.54
1655 0.02818890758014374 16.55
1656 0.02818840313699281 16.56
1657 0.02818809252658794 16.57
1658 0.02818794117401875 16.58
1659 0.02818790337091921 16.59
1660 0.0281879248267791 16.6
1661 0.02819405657617139 16.61
1662 0.02819254099116494 16.62
1663 0.028190886161116 16.63
1664 0.0281944370730305 16.64
1665 0.02819136038551437 16.65
1666 0.02818833897025665 16.66
1667 0.02819034662843676 16.67
1668 0.02818664363831497 16.68
1669 0.02818333651810643 16.69
1670 0.02818051496077791 16.7
1671 0.02817823082678788 16.71
1672 0.02817648366735647 16.72
1673 0.02817522181111079 16.73
1674 0.0281743492307454 16.74
1675 0.02817374493457666 16.75
1676 0.02817338005338949 16.76
1677 0.02817840447408103 16.77
1678 0.02817612542146529 16.78
1679 0.02817369535617106 16.79
1680 0.02817118133829254 16.8
1681 0.02817368741086593 16.81
1682 0.02817004273593109 16.82
1683 0.02816664666097877 16.83
1684 0.0281684218301008 16.84
1685 0.0281646542042425 16.85
1686 0.02816130058662127 16.86
1687 0.02816334876560385 16.87
1688 0.02815974091611989 16.88
1689 0.028156615704039 16.89
1690 0.02815894044923938 16.9
1691 0.02815550119126192 16.91
1692 0.02815256372492183 16.92
1693 0.02815521517699949 16.93
1694 0.02815203602887946 16.94
1695 0.02815431131947193 16.95
1696 0.02815130222224245 16.96
1697 0.02815317696949207 16.97
1698 0.02814981599740212 16.98
1699 0.02815133163022515 16.99
1700 0.02814784997784727 17
1701 0.02814928981699649 17.01
1702 0.0281458093659464 17.02
1703 0.02814728147422252 17.03
1704 0.02814383116755053 17.04
1705 0.02814534668613156 17.05
1706 0.02814192780618928 17.06
1707 0.02814348952723042 17.07
1708 0.02814011252136772 17.08
1709 0.02814174526337482 17.09
1710 0.0281384333127278 17.1
1711 0.02814017326321185 17.11
1712 0.02813694467089408 17.12
1713 0.02813879887212199 17.13
1714 0.02813987709399174 17.14
1715 0.0281362120357926 17.15
1716 0.02813735120829994 17.16
1717 0.02813373603141121 17.17
1718 0.02813501492904805 17.18
1719 0.02813154357083569 17.19
1720 0.02813309572587514 17.2
1721 0.02812983326003589 17.21
1722 0.02813168898556269 17.22
1723 0.02812860578639082 17.23
1724 0.028126136383883 17.24
1725 0.02812910477901594 17.25
1726 0.0281266722335569 17.26
1727 0.02812477322661451 17.27
1728 0.02812337903590432 17.28
1729 0.02812768948271411 17.29
1730 0.02812593239990087 17.3
1731 0.02812437887857512 17.31
1732 0.02812313382704228 17.32
1733 0.02812217450672269 17.33
1734 0.02812680109795883 17.34
1735 0.02812500684500872 17.35
1736 0.02812334170476732 17.36
1737 0.02812181806267155 17.37
1738 0.02812545245225313 17.38
1739 0.02812300151932265 17.39
1740 0.0281252581378099 17.4
1741 0.02812198630181921 17.41
1742 0.02811892181289716 17.42
1743 0.02812053364581412 17.43
1744 0.0281170416843694 17.44
1745 0.02811397256262959 17.45
1746 0.02811139903194302 17.46
1747 0.02810935691297247 17.47
1748 0.02811274254202345 17.48
1749 0.02811042892207067 17.49
1750 0.02810846589821726 17.5
1751 0.02810681383091457 17.51
1752 0.02811040297514919 17.52
1753 0.02810803182871227 17.53
1754 0.02810580323673529 17.54
1755 0.02810832842987693 17.55
1756 0.02810534868499341 17.56
1757 0.02810260072960322 17.57
1758 0.02810454893888084 17.58
1759 0.02810131327762217 17.59
1760 0.02809844705088304 17.6
1761 0.02810038261066068 17.61
1762 0.02809657173993444 17.62
1763 0.02809804854764705 17.63
1764 0.02809430406489999 17.64
1765 0.0280957015979609 17.65
1766 0.02809183466802137 17.66
1767 0.02809306469785979 17.67
1768 0.0280891409654054 17.68
1769 0.02809040238372909 17.69
1770 0.02808658736740418 17.7
1771 0.02808811290596832 17.71
1772 0.02808452774568117 17.72
1773 0.02808642606329209 17.73
1774 0.02808307813883562 17.74
1775 0.02808526520675101 17.75
1776 0.02808192703530435 17.76
1777 0.02808391535563094 17.77
1778 0.02808048823851448 17.78
1779 0.02808248834027436 17.79
1780 0.02807902522119397 17.8
1781 0.02808091112749308 17.81
1782 0.02807735382285801 17.82
1783 0.02807907202068075 17.83
1784 0.02807545514864104 17.84
1785 0.02807712273575436 17.85
1786 0.02807349096355377 17.86
1787 0.0280752004816761 17.87
1788 0.02807165045542594 17.88
1789 0.02807353380453691 17.89
1790 0.02807011488179879 17.9
1791 0.02807216740854223 17.91
1792 0.02806882909244112 17.92
1793 0.02807092833423875 17.93
1794 0.02806757707916285 17.94
1795 0.02806958858203763 17.95
1796 0.0280661541941427 17.96
1797 0.02806801342859213 17.97
1798 0.02806448858199639 17.98
1799 0.02806157860504188 17.99
1800 0.02806421550697717 18
1801 0.02806120520782378 18.01
1802 0.02805882324126976 18.02
1803 0.02806222648921966 18.03
1804 0.02805965422376216 18.04
1805 0.02805758730013169 18.05
1806 0.02806112570798545 18.06
1807 0.02805853083867316 18.07
1808 0.02805633902762163 18.08
1809 0.02805454266035229 18.09
1810 0.02805838785578585 18.1
1811 0.02805597382991899 18.11
1812 0.02805386026814507 18.12
1813 0.02805204763042043 18.13
1814 0.02805574204145526 18.14
1815 0.02805321026721623 18.15
1816 0.02805107066383386 18.16
1817 0.02805435073649775 18.17
1818 0.02805117517166748 18.18
1819 0.028053427467445 18.19
1820 0.02804986829984193 18.2
1821 0.02805157522364035 18.21
1822 0.02804769477744038 18.22
1823 0.02804436392363774 18.23
1824 0.02804644392137669 18.24
1825 0.02804285867757849 18.25
1826 0.02803990973600841 18.26
1827 0.02804263587415224 18.27
1828 0.02803948867760214 18.28
1829 0.02803702367625105 18.29
1830 0.0280350878224334 18.3
1831 0.02803901501767394 18.31
1832 0.02803657968329746 18.32
1833 0.02803459203184164 18.33
1834 0.02803301571347277 18.34
1835 0.02803728080745066 18.35
1836 0.02803498585771874 18.36
1837 0.02803303155951629 18.37
1838 0.02803166777536833 18.38
1839 0.02803592786313006 18.39
1840 0.02803358930699553 18.4
1841 0.02803162103855684 18.41
1842 0.02802979363466351 18.42
1843 0.02803326353609219 18.43
1844 0.02803035548442269 18.44
1845 0.02803234364146768 18.45
1846 0.02802856871035861 18.46
1847 0.02802937821251566 18.47
1848 0.02802495262124692 18.48
1849 0.02802541169027262 18.49
1850 0.02802108678683528 18.5
1851 0.02802110902883858 18.51
1852 0.02801671606469329 18.52
1853 0.02801301526989784 18.53
1854 0.02801432643114683 18.54
1855 0.02801092773930841 18.55
1856 0.02800833580552946 18.56
1857 0.02801126210949531 18.57
1858 0.02800879779113856 18.58
1859 0.0280069628990074 18.59
1860 0.02801064294002867 18.6
1861 0.02800844280997551 18.61
1862 0.02800665239776716 18.62
1863 0.02801012336511453 18.63
1864 0.02800769436589055 18.64
1865 0.02800536785000544 18.65
1866 0.02800822286953272 18.66
1867 0.02800539199331351 18.67
1868 0.02800298538000966 18.68
1869 0.02800574040001006 18.69
1870 0.02800286524826261 18.7
1871 0.0280004253961847 18.71
1872 0.02799839825151346 18.72
1873 0.02800176478089652 18.73
1874 0.02799921655468574 18.74
1875 0.02799709808683398 18.75
1876 0.02800023181517161 18.76
1877 0.02799749270629892 18.77
1878 0.02799510696514222 18.78
1879 0.02799775365177974 18.79
1880 0.02799470517803699 18.8
1881 0.0279920478463696 18.81
1882 0.02798978977464243 18.82
1883 0.02798795549241982 18.83
1884 0.02799158337121892 18.84
1885 0.02798929348028206 18.85
1886 0.02798745570625217 18.86
1887 0.02798600208221394 18.87
1888 0.02798487131810347 18.88
1889 0.02798409513172686 18.89
1890 0.02798893323250217 18.9
1891 0.02798716717853118 18.91
1892 0.02798555027373009 18.92
1893 0.02798410066541026 18.93
1894 0.02798281595304137 18.94
1895 0.02798687885348388 18.95
1896 0.02798472617538034 18.96
1897 0.02798281615558649 18.97
1898 0.02798112915680115 18.98
1899 0.02798457276864304 18.99
1900 0.02798201296892095 19
1901 0.02797969278989822 19.01
1902 0.02798224406544057 19.02
1903 0.02797916594183245 19.03
1904 0.02798059957519091 19.04
1905 0.02797727194974181 19.05
1906 0.02797795591939842 19.06
1907 0.02797408906168946 19.07
1908 0.02797425838130799 19.08
1909 0.02797026204884848 19.09
1910 0.02797048817196292 19.1
1911 0.02796672852237805 19.11
1912 0.02796355359274377 19.12
1913 0.0279650176468179 19.13
1914 0.02796212497782658 19.14
1915 0.02795978166003266 19.15
1916 0.02796229029452649 19.16
1917 0.02795995119576587 19.17
1918 0.02795802280406792 19.18
1919 0.02795649129739442 19.19
1920 0.02795996830018204 19.2
1921 0.02795814748309686 19.21
1922 0.02795662361309316 19.22
1923 0.02795538750746911 19.23
1924 0.02795912399784979 19.24
1925 0.02795738297299371 19.25
1926 0.02795582884496253 19.26
1927 0.02795892862637803 19.27
1928 0.0279566895939962 19.28
1929 0.02795444911334248 19.29
1930 0.02795660474547005 19.3
1931 0.02795371055139424 19.31
1932 0.02795100323113518 19.32
1933 0.02795256590655381 19.33
1934 0.0279489266180734 19.34
1935 0.02794573588372876 19.35
1936 0.02794733473614284 19.36
1937 0.02794384212640193 19.37
1938 0.02794079906217146 19.38
1939 0.02793820671700395 19.39
1940 0.02794064566720392 19.4
1941 0.02793768817684112 19.41
1942 0.02793518077134014 19.42
1943 0.02793309692131066 19.43
1944 0.02793619716325405 19.44
1945 0.0279336187461897 19.45
1946 0.02793144182046543 19.46
1947 0.02792966323677608 19.47
1948 0.02793320686295617 19.48
1949 0.02793095205424832 19.49
1950 0.02792908952908005 19.5
1951 0.02792759410671843 19.51
1952 0.02793144657789726 19.52
1953 0.02792932640762312 19.53
1954 0.02792749885532555 19.54
1955 0.0279259356813612 19.55
1956 0.02792462302332564 19.56
1957 0.02792797818139898 19.57
1958 0.02792522079792579 19.58
1959 0.02792296568024198 19.59
1960 0.02792117432868356 19.6
1961 0.02791981028047158 19.61
1962 0.02791883162492542 19.62
1963 0.02792386096618161 19.63
1964 0.02792192484255215 19.64
1965 0.02792020855675471 19.65
1966 0.02791867495124185 19.66
1967 0.02791731748390771 19.67
1968 0.02791614469831232 19.68
1969 0.02791516694519515 19.69
1970 0.02791438643673243 19.7
1971 0.0279137916847135 19.71
1972 0.02791335269881646 19.72
1973 0.02791302623237671 19.73
1974 0.02791276094920011 19.74
1975 0.02791250497937888 19.75
1976 0.02791221217814466 19.76
1977 0.02791184844000917 19.77
1978 0.02791139367642364 19.78
1979 0.02791084302023222 19.79
1980 0.02791020403893395 19.8
1981 0.02790938652580715 19.81
1982 0.02790959024745708 19.82
1983 0.02790956423938425 19.83
1984 0.02790939186534579 19.84
1985 0.02790907488850352 19.85
1986 0.02791372094271175 19.86
1987 0.02791167512913809 19.87
1988 0.02790944720650561 19.88
1989 0.02791135248475037 19.89
1990 0.0279077529654015 19.9
1991 0.02790429655728996 19.91
1992 0.02790506146765032 19.92
1993 0.02790117376338978 19.93
1994 0.02789782773111804 19.94
1995 0.02789918918120007 19.95
1996 0.0278958375247782 19.96
1997 0.02789311824383529 19.97
1998 0.02789538934803631 19.98
1999 0.02789255620490407 19.99
2000 0.02789027741065718 20
2001 0.02789303659830773 20.01
2002 0.02789047014484492 20.02
2003 0.02788834475194319 20.03
2004 0.02789114753526985 20.04
2005 0.02788853352686611 20.05
2006 0.02789058240651019 20.06
2007 0.02788748941147372 20.07
2008 0.02788884219991134 20.08
2009 0.02788534574798025 20.09
2010 0.02788622079349057 20.1
2011 0.02788251319890261 20.11
2012 0.02788322864424471 20.12
2013 0.02787951274522925 20.13
2014 0.02788033471332669 20.14
2015 0.02787674550703002 20.15
2016 0.02787780492456492 20.16
2017 0.02787438300250888 20.17
2018 0.02787162180195389 20.18
2019 0.02787384480646912 20.19
2020 0.027871102722894 20.2
2021 0.02786894749985117 20.21
2022 0.02787187311345561 20.22
2023 0.02786946317468217 20.23
2024 0.02786749310781561 20.24
2025 0.02787047772909692 20.25
2026 0.02786799894699136 20.26
2027 0.02786586903958284 20.27
2028 0.02786851429409599 20.28
2029 0.0278658029578509 20.29
2030 0.02786343100862961 20.3
2031 0.02786575190315561 20.31
2032 0.02786287592084555 20.32
2033 0.02786039428278844 20.33
2034 0.02785831425616624 20.34
2035 0.02786113497146792 20.35
2036 0.02785860110988942 20.36
2037 0.02785645855451731 20.37
2038 0.02785468269001391 20.38
2039 0.02785326324979584 20.39
2040 0.02785217262830712 20.4
2041 0.02785137993566241 20.41
2042 0.02785580028118765 20.42
2043 0.02785410673195956 20.43
2044 0.02785257826618254 20.44
2045 0.02785119936640443 20.45
2046 0.02785460242979097 20.46
2047 0.02785222355934565 20.47
2048 0.02785001067419772 20.48
2049 0.02784801393688086 20.49
2050 0.02784620284065533 20.5
2051 0.0278447279539677 20.51
2052 0.02784359829274489 20.52
2053 0.02784768491840573 20.53
2054 0.02784584341869988 20.54
2055 0.02784427829839076 20.55
2056 0.02784295867886926 20.56
2057 0.02784187764998307 20.57
2058 0.02784590347014077 20.58
2059 0.027843941943285 20.59
2060 0.02784220414725358 20.6
2061 0.02784069959110004 20.61
2062 0.02783943257789439 20.62
2063 0.02784311614470716 20.63
2064 0.02784094735324259 20.64
2065 0.02783898088584767 20.65
2066 0.02783720341159789 20.66
2067 0.02784008140782414 20.67
2068 0.0278374095688419 20.68
2069 0.02783499284766688 20.69
2070 0.02783706521615278 20.7
2071 0.02783400147459804 20.71
2072 0.02783133597595326 20.72
2073 0.02783326961648537 20.73
2074 0.02783039826363001 20.74
2075 0.02782800878014657 20.75
2076 0.02783036237597779 20.76
2077 0.02782771903742956 20.77
2078 0.02782558520473027 20.78
2079 0.02782394429108483 20.79
2080 0.0278273241987231 20.8
2081 0.02782523867614344 20.81
2082 0.02782355569739343 20.82
2083 0.0278222432641069 20.83
2084 0.02782593237858965 20.84
2085 0.02782391661965959 20.85
2086 0.02782219461692519 20.86
2087 0.02782075265837287 20.87
2088 0.02782413887188615 20.88
2089 0.0278218994799836 20.89
2090 0.02781987814506497 20.9
2091 0.02782238198546428 20.91
2092 0.02781956845426055 20.92
2093 0.02782100697112297 20.93
2094 0.02781755295641925 20.94
2095 0.02781825456885416 20.95
2096 0.02781453090753099 20.96
2097 0.02781501904162933 20.97
2098 0.02781126254475678 20.98
2099 0.02781184678649676 20.99
2100 0.02780822279849464 21
2101 0.02780907356581383 21.01
2102 0.02780563540459069 21.02
2103 0.02780673371926502 21.03
2104 0.02780341640254982 21.04
2105 0.02780459700761201 21.05
2106 0.02780130201922384 21.06
2107 0.02780249312995968 21.07
2108 0.0277992032324425 21.08
2109 0.02779650516620266 21.09
2110 0.02779850423906259 21.1
2111 0.02779569430128467 21.11
2112 0.02779343151175029 21.12
2113 0.02779597765994752 21.13
2114 0.02779345263161396 21.14
2115 0.027791401964116 21.15
2116 0.02778978850899343 21.16
2117 0.02779312474583762 21.17
2118 0.0277910206024109 21.18
2119 0.02778929905268261 21.19
2120 0.02778792703018607 21.2
2121 0.02778688856980937 21.21
2122 0.02778614788527519 21.22
2123 0.02778566533489365 21.23
2124 0.02778537919023497 21.24
2125 0.02778522757315674 21.25
2126 0.02778513270417894 21.26
2127 0.02778502834391649 21.27
2128 0.02778484842086642 21.28
2129 0.02778455295873031 21.29
2130 0.02778397825013064 21.3
2131 0.02778331140492871 21.31
2132 0.02778715774331539 21.32
2133 0.02778505267598109 21.33
2134 0.0277829223672455 21.34
2135 0.02778082715301572 21.35
2136 0.0277828994658596 21.36
2137 0.02777993161509369 21.37
2138 0.02777724704479218 21.38
2139 0.02777889860028409 21.39
2140 0.02777587963367532 21.4
2141 0.02777334477611298 21.41
2142 0.02777129463934154 21.42
2143 0.02777399300431489 21.43
2144 0.02777165186003687 21.44
2145 0.0277698012228176 21.45
2146 0.02776836704964613 21.46
2147 0.02776731334566181 21.47
2148 0.02777120717482807 21.48
2149 0.02776949647532068 21.49
2150 0.0277678600633162 21.5
2151 0.02776640943694589 21.51
2152 0.02776513582539338 21.52
2153 0.02776840812636595 21.53
2154 0.02776627913037432 21.54
2155 0.02776434513827032 21.55
2156 0.02776262830623761 21.56
2157 0.02776116154701106 21.57
2158 0.02775995238259501 21.58
2159 0.02776341589335521 21.59
2160 0.02776147460886525 21.6
2161 0.02775974654622845 21.61
2162 0.02775821813389608 21.62
2163 0.02775687862900405 21.63
2164 0.02776007565997232 21.64
2165 0.02775794153255241 21.65
2166 0.0277560245933188 21.66
2167 0.02775435433548527 21.67
2168 0.02775294945507277 21.68
2169 0.027756167158323 21.69
2170 0.0277541272881485 21.7
2171 0.02775236536500011 21.71
2172 0.02775087552133506 21.72
2173 0.02774966016335064 21.73
2174 0.02775309173215408 21.74
2175 0.02775115132949778 21.75
2176 0.02774942482418699 21.76
2177 0.02774805627775219 21.77
2178 0.02774685774299438 21.78
2179 0.02775008566510485 21.79
2180 0.02774802371977917 21.8
2181 0.0277461353674552 21.81
2182 0.02774443075859196 21.82
2183 0.02774696584046137 21.83
2184 0.0277445214158186 21.84
2185 0.02774231074375321 21.85
2186 0.02774412755979128 21.86
2187 0.02774130689144269 21.87
2188 0.02774239808130211 21.88
2189 0.02773919292634833 21.89
2190 0.02773637421505195 21.9
2191 0.02773763550949533 21.91
2192 0.02773462593833277 21.92
2193 0.02773210266308826 21.93
2194 0.02773381705185478 21.94
2195 0.02773109508822898 21.95
2196 0.02772881248501945 21.96
2197 0.02773099157661179 21.97
2198 0.02772852413335508 21.98
2199 0.02772650298733167 21.99
2200 0.02772892513053248 22
2201 0.02772653468692409 22.01
2202 0.02772451499709284 22.02
2203 0.02772695657627064 22.03
2204 0.02772467383745119 22.04
2205 0.02772283812358408 22.05
2206 0.02772555841645219 22.06
2207 0.02772340431636718 22.07
2208 0.02772158185445359 22.08
2209 0.02772409427199395 22.09
2210 0.02772166821030144 22.1
2211 0.02771949114692488 22.11
2212 0.02771757020541589 22.12
2213 0.02771993031524135 22.13
2214 0.02771749853796241 22.14
2215 0.02771537803483698 22.15
2216 0.02771357317573592 22.16
2217 0.02771209510002099 22.17
2218 0.02771510457049924 22.18
2219 0.02771305327127386 22.19
2220 0.02771126574708418 22.2
2221 0.02770973529392703 22.21
2222 0.02770845462122727 22.22
2223 0.02770742671370761 22.23
2224 0.02771097729145093 22.24
2225 0.02770922324673619 22.25
2226 0.0277076661827887 22.26
2227 0.02770631004281325 22.27
2228 0.02770515580918666 22.28
2229 0.02770421331335339 22.29
2230 0.02770347046058759 22.3
2231 0.02770734222345109 22.31
2232 0.027705739906258 22.32
2233 0.02770425638377707 22.33
2234 0.02770287775862874 22.34
2235 0.02770162066740376 22.35
2236 0.02770049502799344 22.36
2237 0.02770375488239076 22.37
2238 0.02770177750523859 22.38
2239 0.02769996042636984 22.39
2240 0.02769831873046671 22.4
2241 0.02769688562509641 22.41
2242 0.02769567316654609 22.42
2243 0.02769469026938437 22.43
2244 0.02769822472685163 22.44
2245 0.02769646743649867 22.45
2246 0.02769485360245973 22.46
2247 0.02769337998763144 22.47
2248 0.02769204657717442 22.48
2249 0.02769087053498475 22.49
2250 0.02768985316188747 22.5
2251 0.02768900035949185 22.51
2252 0.02768829503760855 22.52
2253 0.02768772180119337 22.53
2254 0.02768724250669641 22.54
2255 0.02768682544537682 22.55
2256 0.02768642370621034 22.56
2257 0.0276860064977902 22.57
2258 0.02768553756393624 22.58
2259 0.02768936860343922 22.59
2260 0.02768757846908532 22.6
2261 0.02768572365726859 22.61
2262 0.02768385214468138 22.62
2263 0.02768204725336283 22.63
2264 0.02768426409539996 22.64
2265 0.02768175962740311 22.65
2266 0.02767951118583102 22.66
2267 0.0276775635912735 22.67
2268 0.02767593678086016 22.68
2269 0.02767867984687175 22.69
2270 0.02767659440197988 22.7
2271 0.02767480354891649 22.71
2272 0.0276732835738155 22.72
2273 0.02767202967965229 22.73
2274 0.02767517048885314 22.74
2275 0.02767326661322358 22.75
2276 0.02767156684391786 22.76
2277 0.02767007333003617 22.77
2278 0.02766878008918497 22.78
2279 0.02767181391744923 22.79
2280 0.02766984139684872 22.8
2281 0.02766806869754349 22.81
2282 0.02766648447507638 22.82
2283 0.02766509918563516 22.83
2284 0.0276639083358465 22.84
2285 0.02766701924103015 22.85
2286 0.02766504067557409 22.86
2287 0.02766319815499995 22.87
2288 0.02766149005414702 22.88
2289 0.02765994726516597 22.89
2290 0.02766254211771096 22.9
2291 0.02766030528292827 22.91
2292 0.02765828126792608 22.92
2293 0.02765649218418905 22.93
2294 0.02765880923347329 22.94
2295 0.02765638415695938 22.95
2296 0.02765424424163488 22.96
2297 0.02765238824416222 22.97
2298 0.02765081233007057 22.98
2299 0.02765350503513923 22.99
2300 0.02765137454312316 23
2301 0.02764950303019631 23.01
2302 0.02764787701316853 23.02
2303 0.0276465064562368 23.03
2304 0.02764538821990404 23.04
2305 0.02764451834382443 23.05
2306 0.02764386784625389 23.06
2307 0.02764341154683247 23.07
2308 0.02764310112291407 23.08
2309 0.02764289634103301 23.09
2310 0.02764274174938027 23.1
2311 0.02764259970448742 23.11
2312 0.02764245979598079 23.12
2313 0.02764228243997665 23.13
2314 0.027642046091303 23.14
2315 0.02764174514509603 23.15
2316 0.0276413643637546 23.16
2317 0.02764090793366496 23.17
2318 0.02764037063595932 23.18
2319 0.02763976500782488 23.19
2320 0.02763906982240566 23.2
2321 0.02763828665071854 23.21
2322 0.02763743595229448 23.22
2323 0.02763653387846549 23.23
2324 0.02763558615097586 23.24
2325 0.02763461395290661 23.25
2326 0.02763362590551172 23.26
2327 0.02763264737836025 23.27
2328 0.02763168996220158 23.28
2329 0.02763077773754832 23.29
2330 0.02763401483099636 23.3
2331 0.02763212680100862 23.31
2332 0.02763033278090298 23.32
2333 0.02762889460454902 23.33
2334 0.02762753217361634 23.34
2335 0.02762626984127032 23.35
2336 0.0276251301138637 23.36
2337 0.02762415076347274 23.37
2338 0.02762334306846088 23.38
2339 0.02762271366628717 23.39
2340 0.0276263843073877 23.4
2341 0.02762492363350682 23.41
2342 0.02762356956094867 23.42
2343 0.02762229596600911 23.43
2344 0.02762135570993384 23.44
2345 0.02762411293589225 23.45
2346 0.02762201594267171 23.46
2347 0.02762008241619157 23.47
2348 0.02761832873112229 23.48
2349 0.02761678958561007 23.49
2350 0.02761547761206391 23.5
2351 0.02761440744431757 23.51
2352 0.02761356381605065 23.52
2353 0.02761293031583123 23.53
2354 0.02761246096508851 23.54
2355 0.02761211407246755 23.55
2356 0.02761182771668135 23.56
2357 0.02761155649528867 23.57
2358 0.02761124671305528 23.58
2359 0.02761087238936861 23.59
2360 0.02761453216696235 23.6
2361 0.02761287940091376 23.61
2362 0.02761118622792561 23.62
2363 0.02760947127868655 23.63
2364 0.02760779308446155 23.64
2365 0.02760623533298497 23.65
2366 0.02760486001175569 23.66
2367 0.02760372549541924 23.67
2368 0.02760679959908275 23.68
2369 0.0276051247437945 23.69
2370 0.0276037025945614 23.7
2371 0.02760247959419422 23.71
2372 0.02760139925391364 23.72
2373 0.02760431347134276 23.73
2374 0.02760237010957269 23.74
2375 0.02760057979829554 23.75
2376 0.02759893240419174 23.76
2377 0.02760110403836907 23.77
2378 0.02759883836301547 23.78
2379 0.02759683637778245 23.79
2380 0.02759506221083739 23.8
2381 0.02759351260512345 23.81
2382 0.02759587694885452 23.82
2383 0.02759371339837173 23.83
2384 0.027591808089829 23.84
2385 0.02759014935910297 23.85
2386 0.02758871703443094 23.86
2387 0.02759125260173495 23.87
2388 0.02758918310686528 23.88
2389 0.02758735359443148 23.89
2390 0.02758573395231641 23.9
2391 0.0275843243878091 23.91
2392 0.02758686092534937 23.92
2393 0.02758480958149313 23.93
2394 0.02758300257683137 23.94
2395 0.02758143847591516 23.95
2396 0.02758010865642458 23.96
2397 0.0275790196778015 23.97
2398 0.02758216327471396 23.98
2399 0.02758048907746993 23.99
2400 0.02757901763467059 24
2401 0.02757772216755393 24.01
2402 0.02758031914426304 24.02
2403 0.02757825537023115 24.03
2404 0.02757636689304441 24.04
2405 0.02757815684142712 24.05
2406 0.02757564330817424 24.06
2407 0.02757339787849001 24.07
2408 0.02757142471513298 24.08
2409 0.02756975228497501 24.09
2410 0.02757204366392301 24.1
2411 0.02756997839283505 24.11
2412 0.0275682761544396 24.12
2413 0.02756690443010142 24.13
2414 0.0275658382000129 24.14
2415 0.02756505544466818 24.15
2416 0.02756853605233152 24.16
2417 0.02756709801703614 24.17
2418 0.02756586856809308 24.18
2419 0.02756480440575977 24.19
2420 0.02756386393039752 24.2
2421 0.02756691826804821 24.21
2422 0.02756511346952099 24.22
2423 0.02756346400577666 24.23
2424 0.02756195372512792 24.24
2425 0.02756059723216907 24.25
2426 0.02756310860111164 24.26
2427 0.02756103125730278 24.27
2428 0.02755918617182029 24.28
2429 0.02755757482308836 24.29
2430 0.02755618746268576 24.3
2431 0.02755875091362843 24.31
2432 0.02755677248818362 24.32
2433 0.02755505897921367 24.33
2434 0.02755357750457309 24.34
2435 0.02755232078570804 24.35
2436 0.02755503255913932 24.36
2437 0.02755314261498063 24.37
2438 0.02755148364157014 24.38
2439 0.02755005712065194 24.39
2440 0.02754882805265203 24.4
2441 0.02755155166027934 24.41
2442 0.02754967860501124 24.42
2443 0.02754804286765442 24.43
2444 0.02754661739876236 24.44
2445 0.02754540156674429 24.45
2446 0.02754804245947835 24.46
2447 0.02754612031413739 24.47
2448 0.02754449769417597 24.48
2449 0.02754327634428498 24.49
2450 0.02754228624444576 24.5
2451 0.02754147174749405 24.51
2452 0.02754076148505643 24.52
2453 0.02754011065819901 24.53
2454 0.02753947207347762 24.54
2455 0.02753883037204125 24.55
2456 0.0275381672317142 24.56
2457 0.02753749077344454 24.57
2458 0.02753679936136793 24.58
2459 0.02753611253050469 24.59
2460 0.02753543395507253 24.6
2461 0.02753478351741942 24.61
2462 0.02753416088807289 24.62
2463 0.02753357859631982 24.63
2464 0.02753302889662199 24.64
2465 0.02753251869307593 24.65
2466 0.02753203529114931 24.66
2467 0.02753158100368191 24.67
2468 0.02753114006828985 24.68
2469 0.02753071301223247 24.69
2470 0.02753027803681765 24.7
2471 0.02753380076664876 24.71
2472 0.02753230322763601 24.72
2473 0.02753081075582589 24.73
2474 0.02752932307634591 24.74
2475 0.0275313797494198 24.75
2476 0.02752906208714098 24.76
2477 0.02752691801791094 24.77
2478 0.02752826754073714 24.78
2479 0.02752567657513183 24.79
2480 0.02752340288098162 24.8
2481 0.02752475564979404 24.81
2482 0.02752224517468832 24.82
2483 0.02752012760798922 24.83
2484 0.02752175053403637 24.84
2485 0.0275194326456807 24.85
2486 0.02751749775399212 24.86
2487 0.02751937695439951 24.87
2488 0.02751720012859469 24.88
2489 0.02751538408687882 24.89
2490 0.02751389306461791 24.9
2491 0.02751632523101093 24.91
2492 0.02751444391279124 24.92
2493 0.02751284944235727 24.93
2494 0.02751150182810286 24.94
2495 0.02751401540964853 24.95
2496 0.02751211975490679 24.96
2497 0.02751043603413616 24.97
2498 0.0275089368286035 24.98
2499 0.02750762813688265 24.99
2500 0.02751011482407568 25
2501 0.02750819483394482 25.01
2502 0.02750646220077205 25.02
2503 0.02750491676831244 25.03
2504 0.02750355229307583 25.04
2505 0.0275023830051752 25.05
2506 0.02750140248897693 25.06
2507 0.02750061577084701 25.07
2508 0.02750000090994333 25.08
2509 0.02749954172955921 25.09
2510 0.02749919321309446 25.1
2511 0.0274989205858511 25.11
2512 0.02749866946737984 25.12
2513 0.02749841006475711 25.13
2514 0.02749809530677998 25.14
2515 0.02749771478588797 25.15
2516 0.02749725129323158 25.16
2517 0.02749671565104642 25.17
2518 0.02749991868973831 25.18
2519 0.0274982683584091 25.19
2520 0.02749657956037412 25.2
2521 0.02749488719233999 25.21
2522 0.0274932332696027 25.22
2523 0.02749507819300353 25.23
2524 0.02749277793748763 25.24
2525 0.02749070678058648 25.25
2526 0.02748888519261248 25.26
2527 0.02748734652981098 25.27
2528 0.02748961185278421 25.28
2529 0.02748768407709909 25.29
2530 0.02748601641418924 25.3
2531 0.02748457093543067 25.31
2532 0.02748687934063623 25.32
2533 0.02748490133018773 25.33
2534 0.02748313052681556 25.34
2535 0.0274849741677286 25.35
2536 0.02748273052979173 25.36
2537 0.02748075066992122 25.37
2538 0.02748238629197787 25.38
2539 0.027480105345118 25.39
2540 0.02747806140289672 25.4
2541 0.02747640740409354 25.41
2542 0.02747884603059078 25.42
2543 0.02747715206911551 25.43
2544 0.02747594760822229 25.44
2545 0.02747520043554736 25.45
2546 0.02747484210779064 25.46
2547 0.02747480206822528 25.47
2548 0.02747930104792981 25.48
2549 0.0274785605404187 25.49
2550 0.02747779592976685 25.5
2551 0.02747695363991513 25.51
2552 0.02747599973556329 25.52
2553 0.02747494865571817 25.53
2554 0.02747381694267018 25.54
2555 0.02747265241573663 25.55
2556 0.02747169389888888 25.56
2557 0.02747073699863289 25.57
2558 0.0274697832672316 25.58
2559 0.02746898356123554 25.59
2560 0.02746812262305051 25.6
2561 0.0274671635404663 25.61
2562 0.02746605821349183 25.62
2563 0.02746479741045403 25.63
2564 0.02746338287537667 25.64
2565 0.02746186503141038 25.65
2566 0.02746029980530974 25.66
2567 0.02745877421501642 25.67
2568 0.02745713755333686 25.68
2569 0.0274557325271114 25.69
2570 0.02745808388840167 25.7
2571 0.02745638785352929 25.71
2572 0.02745499436753035 25.72
2573 0.02745423985722365 25.73
2574 0.02745366359590451 25.74
2575 0.0274532720623516 25.75
2576 0.02745304714641009 25.76
2577 0.0274529811932712 25.77
2578 0.02745303816699813 25.78
2579 0.02745319083022646 25.79
2580 0.02745338543882882 25.8
2581 0.02745358209034495 25.81
2582 0.02745372286549587 25.82
2583 0.02745377567446998 25.83
2584 0.02745369987560621 25.84
2585 0.02745348539434731 25.85
2586 0.02745676285353268 25.86
2587 0.0274553072282305 25.87
2588 0.02745371289148684 25.88
2589 0.02745201639721808 25.89
2590 0.02745026355978972 25.9
2591 0.02745155449981605 25.91
2592 0.02744905642225325 25.92
2593 0.02744672032954937 25.93
2594 0.02744457898562702 25.94
2595 0.0274426834540016 25.95
2596 0.02744412268394012 25.96
2597 0.02744190734589189 25.97
2598 0.02743998684898262 25.98
2599 0.02743835977197275 25.99
2600 0.02743701249816002 26
2601 0.02743926694396713 26.01
2602 0.02743754462466769 26.02
2603 0.02743608049958577 26.03
2604 0.02743484492578907 26.04
2605 0.02743384207445527 26.05
2606 0.02743650877947489 26.06
2607 0.0274350354124074 26.07
2608 0.02743376660627968 26.08
2609 0.02743269414612809 26.09
2610 0.02743180432208716 26.1
2611 0.02743457466207525 26.11
2612 0.02743313663814678 26.12
2613 0.02743187444637376 26.13
2614 0.02743404061452153 26.14
2615 0.02743221599976941 26.15
2616 0.02743062740590088 26.16
2617 0.02742920471373821 26.17
2618 0.02743114015707942 26.18
2619 0.0274292329135684 26.19
2620 0.02742755126635649 26.2
2621 0.02742601399376944 26.21
2622 0.02742475827325342 26.22
2623 0.02742709798812656 26.23
2624 0.02742545233310751 26.24
2625 0.02742404079517609 26.25
2626 0.02742282148870793 26.26
2627 0.02742178670487561 26.27
2628 0.02742427582416163 26.28
2629 0.02742265087546365 26.29
2630 0.0274211754569333 26.3
2631 0.02741984490343182 26.31
2632 0.02741864656713597 26.32
2633 0.02741758860302034 26.33
2634 0.02741997016989262 26.34
2635 0.02741824714006641 26.35
2636 0.02741663811051106 26.36
2637 0.02741514708769153 26.37
2638 0.02741358415475712 26.38
2639 0.02741219085779074 26.39
2640 0.02741101584726791 26.4
2641 0.02741355420048689 26.41
2642 0.02741185435222424 26.42
2643 0.02741051506920368 26.43
2644 0.02740949359198682 26.44
2645 0.02741235046483137 26.45
2646 0.02741084087820476 26.46
2647 0.0274095352329831 26.47
2648 0.02740836756971841 26.48
2649 0.02740731899400678 26.49
2650 0.0274098475822266 26.5
2651 0.02740803786889187 26.51
2652 0.0274063723680398 26.52
2653 0.0274048649941634 26.53
2654 0.02740352037351387 26.54
2655 0.02740573518327947 26.55
2656 0.02740381389226085 26.56
2657 0.02740213125090992 26.57
2658 0.02740066909771828 26.58
2659 0.02739943706051114 26.59
2660 0.02739842239514253 26.6
2661 0.02739762502612141 26.61
2662 0.02739701703591809 26.62
2663 0.02739657999784621 26.63
2664 0.02739626565028247 26.64
2665 0.02739603714900141 26.65
2666 0.02739973520579975 26.66
2667 0.02739861819140791 26.67
2668 0.02739742971057642 26.68
2669 0.02739617983190356 26.69
2670 0.02739808816124193 26.7
2671 0.02739591316593127 26.71
2672 0.02739385210125508 26.72
2673 0.02739494642803199 26.73
2674 0.02739250139710959 26.74
2675 0.02739040728231984 26.75
2676 0.02739169915904014 26.76
2677 0.0273894925222245 26.77
2678 0.02738768655584395 26.78
2679 0.02738625598953389 26.79
2680 0.02738843905619197 26.8
2681 0.02738669968448082 26.81
2682 0.02738524713656373 26.82
2683 0.02738404754359213 26.83
2684 0.027386379868996 26.84
2685 0.02738464488748526 26.85
2686 0.0273831161379782 26.86
2687 0.02738495976683485 26.87
2688 0.02738293835231358 26.88
2689 0.02738116914998587 26.89
2690 0.02737964523043668 26.9
2691 0.02738167825451717 26.91
2692 0.02737989443797218 26.92
2693 0.02737836084105274 26.93
2694 0.02737707503574487 26.94
2695 0.02737924030125534 26.95
2696 0.02737755011868403 26.96
2697 0.02737611812690827 26.97
2698 0.02737491354587743 26.98
2699 0.02737393495302029 26.99
2700 0.02737316107955923 27
2701 0.02737598301804938 27.01
2702 0.02737465515800599 27.02
2703 0.02737349247107172 27.03
2704 0.02737244508490524 27.04
2705 0.02737149751758778 27.05
2706 0.02737386853410483 27.06
2707 0.0273721738642221 27.07
2708 0.02737057979681636 27.08
2709 0.02736909947191806 27.09
2710 0.02736774139987622 27.1
2711 0.02736963080618296 27.11
2712 0.02736772574483695 27.12
2713 0.02736603804342946 27.13
2714 0.02736458267504778 27.14
2715 0.0273633457585563 27.15
2716 0.02736230861872332 27.16
2717 0.02736471641760362 27.17
2718 0.02736318359206098 27.18
2719 0.02736186462881377 27.19
2720 0.02736072939469722 27.2
2721 0.02735977605229177 27.21
2722 0.0273589846655108 27.22
2723 0.02736167785095677 27.23
2724 0.02736028933956602 27.24
2725 0.0273590549471579 27.25
2726 0.02735794562728254 27.26
2727 0.0273569664961555 27.27
2728 0.02735932118977858 27.28
2729 0.02735772154036844 27.29
2730 0.02735626709249034 27.3
2731 0.02735495953616915 27.31
2732 0.02735685229458481 27.32
2733 0.02735498198183926 27.33
2734 0.02735328766988365 27.34
2735 0.02735469947773976 27.35
2736 0.0273525744055918 27.36
2737 0.02735068782895409 27.37
2738 0.02735187189103589 27.38
2739 0.02734967576560162 27.39
2740 0.0273477691334975 27.4
2741 0.02734900567892185 27.41
2742 0.02734686804451081 27.42
2743 0.02734505168102739 27.43
2744 0.02734641384589441 27.44
2745 0.02734435997859365 27.45
2746 0.02734260607298551 27.46
2747 0.02734404813410482 27.47
2748 0.02734202938635165 27.48
2749 0.02734031462640703 27.49
2750 0.02733888216554058 27.5
2751 0.02734078409995979 27.51
2752 0.02733906288023075 27.52
2753 0.02733763748701592 27.53
2754 0.02733647434529112 27.54
2755 0.02733556532208229 27.55
2756 0.02733812267087547 27.56
2757 0.02733675873358455 27.57
2758 0.02733558125425335 27.58
2759 0.02733456831226376 27.59
2760 0.02733369226557991 27.6
2761 0.02733615490572148 27.61
2762 0.02733465956840429 27.62
2763 0.02733330979706611 27.63
2764 0.02733209020203457 27.64
2765 0.02733410665732759 27.65
2766 0.0273323854069711 27.66
2767 0.02733083075703744 27.67
2768 0.0273294417446313 27.68
2769 0.0273311991010124 27.69
2770 0.02732940417747316 27.7
2771 0.02732785562644641 27.71
2772 0.02732653716308974 27.72
2773 0.02732545548390163 27.73
2774 0.02732768238897196 27.74
2775 0.02732619022148768 27.75
2776 0.0273248985748202 27.76
2777 0.02732378510992505 27.77
2778 0.02732281665711393 27.78
2779 0.02732507199417435 27.79
2780 0.02732350763331338 27.8
2781 0.02732207932356105 27.81
2782 0.02732076807502818 27.82
2783 0.02732249195567515 27.83
2784 0.02732061928361779 27.84
2785 0.0273189749394501 27.85
2786 0.02732046357987885 27.86
2787 0.02731856731859044 27.87
2788 0.02731698183531919 27.88
2789 0.02731571111551035 27.89
2790 0.027314734925249 27.9
2791 0.02731723740235455 27.91
2792 0.02731593342384188 27.92
2793 0.02731484447911438 27.93
2794 0.0273139012226189 27.94
2795 0.02731307171100417 27.95
2796 0.02731231696641707 27.96
2797 0.0273116277753267 27.97
2798 0.02731098059885382 27.98
2799 0.02731037547115934 27.99
2800 0.02731300570842413 28
2801 0.02731158345983778 28.01
2802 0.02731017741552469 28.02
2803 0.0273087985320068 28.03
2804 0.02731033521782694 28.04
2805 0.02730829984959813 28.05
2806 0.02730641168508955 28.06
2807 0.02730743711091519 28.07
2808 0.02730521474715027 28.08
2809 0.02730335293825701 28.09
2810 0.02730439953863075 28.1
2811 0.02730227630403049 28.11
2812 0.0273004896281524 28.12
2813 0.02729903253797245 28.13
2814 0.02730086190926327 28.14
2815 0.02729920993752661 28.15
2816 0.02729786303408037 28.16
2817 0.02729982449522869 28.17
2818 0.02729827091336735 28.18
2819 0.02729703596406546 28.19
2820 0.0272991455693908 28.2
2821 0.02729767544123796 28.21
2822 0.02729648018406683 28.22
2823 0.0272985887871554 28.23
2824 0.02729707136664068 28.24
2825 0.02729579416775011 28.25
2826 0.02729768730423424 28.26
2827 0.02729599087911221 28.27
2828 0.02729447521761912 28.28
2829 0.02729596054985651 28.29
2830 0.02729396431699074 28.3
2831 0.02729214738786774 28.31
2832 0.02728973560605993 28.32
2833 0.02729075845514909 28.33
2834 0.02728832767804674 28.34
2835 0.0272863534888718 28.35
2836 0.02728478300393077 28.36
2837 0.0272835841659724 28.37
2838 0.02728615236430079 28.38
2839 0.02728453550972261 28.39
2840 0.02728317004521823 28.4
2841 0.02728202142502269 28.41
2842 0.02728105402726166 28.42
2843 0.02728375466505325 28.43
2844 0.02728213710524217 28.44
2845 0.02728071538396072 28.45
2846 0.02727919824373967 28.46
2847 0.0272780472794095 28.47
2848 0.02728080289033247 28.48
2849 0.0272791939508215 28.49
2850 0.02727787466913948 28.5
2851 0.02727680033418078 28.51
2852 0.02727592815930828 28.52
2853 0.02727906043550882 28.53
2854 0.0272775812619566 28.54
2855 0.02727622400177945 28.55
2856 0.02727499072807198 28.56
2857 0.02727390907852228 28.57
2858 0.02727642199179112 28.58
2859 0.02727470355734442 28.59
2860 0.02727318460212286 28.6
2861 0.02727184952955113 28.61
2862 0.02727068475326972 28.62
2863 0.02727309988003719 28.63
2864 0.02727131696987508 28.64
2865 0.02726974673658229 28.65
2866 0.02726836410785242 28.66
2867 0.02727048004650623 28.67
2868 0.02726853244026922 28.68
2869 0.02726687650694573 28.69
2870 0.02726858971523539 28.7
2871 0.02726645048902969 28.71
2872 0.0272645714303245 28.72
2873 0.02726604317605762 28.73
2874 0.02726379890418318 28.74
2875 0.02726188714538816 28.75
2876 0.0272633872928201 28.76
2877 0.02726122184276526 28.77
2878 0.02725941815902923 28.78
2879 0.02726112390444782 28.79
2880 0.02725909359330918 28.8
2881 0.02725743406225515 28.81
2882 0.02725931594810312 28.82
2883 0.02725739216309411 28.83
2884 0.02725609622905511 28.84
2885 0.02725815562402876 28.85
2886 0.0272563785653416 28.86
2887 0.02725484089371697 28.87
2888 0.02725352634673815 28.88
2889 0.0272555980897029 28.89
2890 0.02725387578135526 28.9
2891 0.02725242824949562 28.91
2892 0.02725122857687241 28.92
2893 0.02725347179354481 28.93
2894 0.02725185730208976 28.94
2895 0.02725050253275668 28.95
2896 0.02724937478414505 28.96
2897 0.02725168475056379 28.97
2898 0.02725010663871961 28.98
2899 0.02724878090277914 28.99
2900 0.02724767991710808 29
2901 0.02725002106180621 29.01
2902 0.02724847082404653 29.02
2903 0.02724716451907266 29.03
2904 0.02724916702244952 29.04
2905 0.02724739510085462 29.05
2906 0.02724583477808917 29.06
2907 0.02724744813944143 29.07
2908 0.02724541688088714 29.08
2909 0.02724362372949638 29.09
2910 0.02724205128596245 29.1
2911 0.02724368487487393 29.11
2912 0.02724169823819835 29.12
2913 0.02723998573211985 29.13
2914 0.02723851903906625 29.14
2915 0.02724028391776448 29.15
2916 0.02723835090952082 29.16
2917 0.02723665228832496 29.17
2918 0.02723516392563029 29.18
2919 0.02723691005122547 29.19
2920 0.0272350157423151 29.2
2921 0.02723340869809514 29.21
2922 0.02723206581318634 29.22
2923 0.02723099088419368 29.23
2924 0.02723336326263153 29.24
2925 0.02723187555561899 29.25
2926 0.0272306133441102 29.26
2927 0.02722953814678164 29.27
2928 0.02722860988202618 29.28
2929 0.027227822670034 29.29
2930 0.02722715493077554 29.3
2931 0.02722660543606853 29.31
2932 0.02722614712325078 29.32
2933 0.02722576792742755 29.33
2934 0.02722542974266801 29.34
2935 0.02722511241551788 29.35
2936 0.02722477572413893 29.36
2937 0.02722440509025741 29.37
2938 0.0272239735185108 29.38
2939 0.02722679344667727 29.39
2940 0.0272253313997124 29.4
2941 0.02722385610282941 29.41
2942 0.02722523351130219 29.42
2943 0.02722297536747117 29.43
2944 0.02722084356954637 29.44
2945 0.02721889319430894 29.45
2946 0.02721994544845884 29.46
2947 0.02721773056101064 29.47
2948 0.02721589229117395 29.48
2949 0.02721441723375023 29.49
2950 0.02721336390420281 29.5
2951 0.02721268201293424 29.51
2952 0.02721570198450219 29.52
2953 0.02721472856859829 29.53
2954 0.02721399324667268 29.54
2955 0.02721342692186983 29.55
2956 0.02721296333191115 29.56
2957 0.02721257515266495 29.57
2958 0.02721551710471923 29.58
2959 0.02721422304242697 29.59
2960 0.0272129480645297 29.6
2961 0.02721170585072416 29.61
2962 0.02721052044904096 29.62
2963 0.0272094514208518 29.63
2964 0.02720853460924905 29.64
2965 0.02720781045765314 29.65
2966 0.027207272694305 29.66
2967 0.0272069078710683 29.67
2968 0.02720665763348519 29.68
2969 0.02720647049017735 29.69
2970 0.02720627134922498 29.7
2971 0.02720598165883113 29.71
2972 0.02720560546953986 29.72
2973 0.02720512550922242 29.73
2974 0.02720452096603434 29.74
2975 0.02720414427998532 29.75
2976 0.02720355486686607 29.76
2977 0.027202795434391 29.77
2978 0.02720189999427517 29.78
2979 0.02720092956350734 29.79
2980 0.02719986909862625 29.8
2981 0.02719884269654204 29.81
2982 0.02719787319145492 29.82
2983 0.02719699231419448 29.83
2984 0.02719619869098786 29.84
2985 0.02719550194949292 29.85
2986 0.02719488339286999 29.86
2987 0.02719434141581551 29.87
2988 0.02719385206440541 29.88
2989 0.02719341301532266 29.89
2990 0.0271930017953431 29.9
2991 0.02719261772613657 29.91
2992 0.02719223970778087 29.92
2993 0.02719186867622296 29.93
2994 0.0271914857538486 29.94
2995 0.02719109528544203 29.95
2996 0.02719068253144398 29.96
2997 0.0271934157733683 29.97
2998 0.02719209908133498 29.98
2999 0.02719081630420758 29.99
3000 0.02718954351107982 30
