"cl-rfile"
"Time Step" "cl etc.."
("Time Step" "cl" "flow-time")
0 2.576061298072414e-26 0
1 8.671786729389677 0.01
2 -1.60962606627986 0.02
3 0.008538482606458642 0.03
4 0.09050868931672024 0.04
5 -1.567495707269126 0.05
6 0.3154258978492913 0.06
7 1.229079301906952 0.07000000000000001
8 0.01814762791663973 0.08
9 -0.1239063556144751 0.09
10 -0.1099310864440794 0.1
11 -0.1525904168166064 0.11
12 0.1077814916300224 0.12
13 0.2733508202566303 0.13
14 -0.06336953112164907 0.14
15 0.09036993436560527 0.15
16 0.09247843719988484 0.16
17 -0.06593108773625311 0.17
18 0.03165052655736297 0.18
19 0.03465536870940612 0.19
20 0.02143296179660307 0.2
21 0.03733582310111044 0.21
22 0.0400974940268489 0.22
23 0.04420510608008229 0.23
24 0.04725895612741755 0.24
25 0.05537921943467515 0.25
26 0.04580146623072529 0.26
27 0.0398778862046902 0.27
28 0.03647028361476507 0.28
29 0.04044190850034873 0.29
30 0.0413939887767414 0.3
31 0.03723730465363584 0.31
32 0.03634673947157516 0.32
33 0.03813770274322013 0.33
34 0.03915062327095618 0.34
35 0.03575211972033925 0.35
36 0.0387852504246006 0.36
37 0.03965114374735469 0.37
38 0.03985404884188358 0.38
39 0.03935051690465947 0.39
40 0.04148259219996536 0.4
41 0.04353861368011995 0.41
42 0.04118986946871922 0.42
43 0.04329926987006501 0.43
44 0.04413141319844087 0.44
45 0.04154515726160177 0.45
46 0.04236653574119863 0.46
47 0.0416890894922486 0.47
48 0.04423982680817482 0.48
49 0.04270121338179987 0.49
50 0.042825046250506 0.5
51 0.04357914652428613 0.51
52 0.04363626562332128 0.52
53 0.04297136781327423 0.53
54 0.04319829363816819 0.54
55 0.04456508833568394 0.55
56 0.04449282618463124 0.5600000000000001
57 0.0439999705516067 0.5700000000000001
58 0.04389121279875115 0.58
59 0.0442579414006307 0.59
60 0.04425733663663452 0.6
61 0.04048634062885849 0.61
62 0.04491816874448436 0.62
63 0.04661433945305834 0.63
64 0.04474759622674486 0.64
65 0.04389252445819612 0.65
66 0.04640140287204542 0.66
67 0.04638001595915926 0.67
68 0.04520988479079599 0.68
69 0.04363058543629144 0.6900000000000001
70 0.04744718610362707 0.7000000000000001
71 0.04647468625881533 0.71
72 0.04554055429832621 0.72
73 0.04594325267849123 0.73
74 0.04720865637784948 0.74
75 0.04658010034541677 0.75
76 0.04656883602134708 0.76
77 0.0456165363828795 0.77
78 0.04625979422562609 0.78
79 0.04594392804169833 0.79
80 0.0466814258934919 0.8
81 0.04886896620807747 0.8100000000000001
82 0.04729192718803662 0.8200000000000001
83 0.04659702520277754 0.8300000000000001
84 0.04639754186166404 0.84
85 0.04647812019539419 0.85
86 0.04607195692264606 0.86
87 0.04658280473793915 0.87
88 0.04712582479474352 0.88
89 0.04791818807864159 0.89
90 0.04823125084196409 0.9
91 0.04855327120380501 0.91
92 0.04845585194178409 0.92
93 0.04818297056092358 0.93
94 0.0480157359665475 0.9400000000000001
95 0.04846243851677872 0.9500000000000001
96 0.04959420768487944 0.96
97 0.04936780319954463 0.97
98 0.04875821629053495 0.98
99 0.0486741571334226 0.99
100 0.04871085824660461 1
101 0.04821608608113254 1.01
102 0.04793250023306089 1.02
103 0.04787462889484153 1.03
104 0.04749291116656652 1.04
105 0.04883819482755343 1.05
106 0.0498514307062396 1.06
107 0.04979418514843545 1.07
108 0.0490790356222217 1.08
109 0.04851073187577642 1.09
110 0.04820272910132051 1.1
111 0.04822612012316116 1.11
112 0.04840274652739652 1.12
113 0.04861179864306093 1.13
114 0.0487086685652484 1.14
115 0.04873425870760586 1.15
116 0.0486885037165898 1.16
117 0.04881498956987791 1.17
118 0.0488560936100934 1.18
119 0.04901783252174616 1.19
120 0.04904314557198609 1.2
121 0.04928258235432845 1.21
122 0.04943188115346806 1.22
123 0.049613237710469 1.23
124 0.04974068578286592 1.24
125 0.04977928593977942 1.25
126 0.04979827877448564 1.26
127 0.04979151489024546 1.27
128 0.04991499383960061 1.28
129 0.04984545623441421 1.29
130 0.04989461175597842 1.3
131 0.05010873563638248 1.31
132 0.05024130308464452 1.32
133 0.05037558026117105 1.33
134 0.05029861283157263 1.34
135 0.05050740003004775 1.35
136 0.05067298132443694 1.36
137 0.05068650829685839 1.37
138 0.05059504330988548 1.38
139 0.05058127970373174 1.39
140 0.05070110616386198 1.4
141 0.05082976420381746 1.41
142 0.050863931077008 1.42
143 0.05106948590720649 1.43
144 0.05112329253452963 1.44
145 0.05122409258541661 1.45
146 0.05136381824729304 1.46
147 0.05152426302823013 1.47
148 0.05167131745488637 1.48
149 0.05172983844106249 1.49
150 0.05201438203830717 1.5
151 0.05203010221817275 1.51
152 0.05202596337697613 1.52
153 0.05204652399829692 1.53
154 0.05208228066655491 1.54
155 0.0522093260566418 1.55
156 0.05234388743634533 1.56
157 0.05245173885805591 1.57
158 0.05236807381762086 1.58
159 0.05242774001919624 1.59
160 0.05255981423943474 1.6
161 0.05272275112553645 1.61
162 0.05291249731972488 1.62
163 0.05307058077934804 1.63
164 0.0531734019281234 1.64
165 0.0532822382319259 1.65
166 0.05323696946075915 1.66
167 0.05331685538422344 1.67
168 0.05343499816113444 1.68
169 0.05367233543738709 1.69
170 0.05381485959402225 1.7
171 0.05392481124041971 1.71
172 0.05401937460714335 1.72
173 0.05400869284841989 1.73
174 0.05402851618956239 1.74
175 0.05409566297779609 1.75
176 0.05407797930171006 1.76
177 0.05411504581421582 1.77
178 0.05419023836652689 1.78
179 0.05428414010300892 1.79
180 0.05438755858824967 1.8
181 0.05439536789622397 1.81
182 0.0544698661683219 1.82
183 0.0544780818527482 1.83
184 0.05448221467656095 1.84
185 0.0544560246562494 1.85
186 0.0544807158005481 1.86
187 0.0545555159018413 1.87
188 0.05459057966095724 1.88
189 0.05457740305000765 1.89
190 0.05467956359918675 1.9
191 0.05477076011776515 1.91
192 0.0548409249905078 1.92
193 0.05489546330767113 1.93
194 0.05486775224700476 1.94
195 0.05490746005019289 1.95
196 0.05491606715925332 1.96
197 0.055077610891956 1.97
198 0.05520254929146701 1.98
199 0.05526431497022326 1.99
200 0.05517479420418314 2
201 0.05522023593606541 2.01
202 0.05529498406583043 2.02
203 0.05535512254409912 2.03
204 0.05538189679424309 2.04
205 0.05535633571914281 2.05
206 0.05541407669676527 2.06
207 0.0554603890007014 2.07
208 0.05551018043396713 2.08
209 0.05558331251062207 2.09
210 0.05564761926929238 2.1
211 0.05570132934836289 2.11
212 0.05569378444379594 2.12
213 0.0557086869010821 2.13
214 0.05575040321429066 2.14
215 0.05581010107344601 2.15
216 0.05586356427196774 2.16
217 0.05601159049938643 2.17
218 0.05612991831423941 2.18
219 0.05619886691822248 2.19
220 0.05623967930847696 2.2
221 0.05632053949742534 2.21
222 0.05637928714556723 2.22
223 0.05640875954851611 2.23
224 0.05643724486063099 2.24
225 0.05646539800181023 2.25
226 0.0565133812530624 2.26
227 0.05652152261558081 2.27
228 0.05656012280277316 2.28
229 0.05664397669744334 2.29
230 0.05668009479276695 2.3
231 0.05668231567510477 2.31
232 0.05676227535674219 2.32
233 0.05681047306856474 2.33
234 0.05683429726897089 2.34
235 0.05685051189770141 2.35
236 0.05686511924543161 2.36
237 0.05688729208358458 2.37
238 0.05691912363918501 2.38
239 0.05694702120559243 2.39
240 0.05696040578772694 2.4
241 0.05696844213427713 2.41
242 0.05697811465854771 2.42
243 0.05699813484863131 2.43
244 0.05703976075046763 2.44
245 0.0570893890896623 2.45
246 0.05713477974314078 2.46
247 0.05724392551530393 2.47
248 0.05730681527762066 2.48
249 0.05734338053302025 2.49
250 0.05738033376431419 2.5
251 0.05736920231861186 2.51
252 0.05729715766785694 2.52
253 0.05730118186089476 2.53
254 0.05731925135452138 2.54
255 0.0572973208144211 2.55
256 0.05730594978693882 2.56
257 0.05732682160797908 2.57
258 0.05746082147182115 2.58
259 0.05759763869347073 2.59
260 0.0576480046780514 2.6
261 0.05764852889538535 2.61
262 0.05762920737135627 2.62
263 0.05761529834151945 2.63
264 0.05762154938766782 2.64
265 0.05762742711127453 2.65
266 0.05765831524744063 2.66
267 0.05763736554497457 2.67
268 0.05765903070307728 2.68
269 0.0576915301163173 2.69
270 0.05771870381739553 2.7
271 0.05775162160453245 2.71
272 0.05777041857766389 2.72
273 0.05770122368505085 2.73
274 0.05776874787685811 2.74
275 0.05775632125521962 2.75
276 0.05778070124469573 2.76
277 0.05784874508749865 2.77
278 0.05800078062019217 2.78
279 0.05808900746727822 2.79
280 0.05813375812129096 2.8
281 0.05815019777412161 2.81
282 0.05820298569014491 2.82
283 0.05820079397293419 2.83
284 0.05817938029755519 2.84
285 0.05815195452249439 2.85
286 0.0581498838084172 2.86
287 0.05813208448898906 2.87
288 0.05814084838093648 2.88
289 0.05815256477317726 2.89
290 0.05815908326563955 2.9
291 0.05819948004413648 2.91
292 0.05823320439109218 2.92
293 0.05814628352398478 2.93
294 0.05824163421205007 2.94
295 0.05829249654457488 2.95
296 0.05835003134079456 2.96
297 0.05839806521615727 2.97
298 0.05843371025583998 2.98
299 0.05844815151413139 2.99
300 0.05845818919974591 3
301 0.05850070100356879 3.01
302 0.0585020583911715 3.02
303 0.05848480393608702 3.03
304 0.05847248094846158 3.04
305 0.05838685749626662 3.05
306 0.05835866399561809 3.06
307 0.05837153028268971 3.07
308 0.05840946440048891 3.08
309 0.05842139948887806 3.09
310 0.05852707207968171 3.1
311 0.05856368056911668 3.11
312 0.05860838673085148 3.12
313 0.05864951974279609 3.13
314 0.05863490998963324 3.14
315 0.05861647526452844 3.15
316 0.05872082792331822 3.16
317 0.05874704329185413 3.17
318 0.05868109486083784 3.18
319 0.05862472949195425 3.19
320 0.05859388377517055 3.2
321 0.05859966876225456 3.21
322 0.05860701285596481 3.22
323 0.05856597748566295 3.23
324 0.05871896658895288 3.24
325 0.05877325950511014 3.25
326 0.05846661038439633 3.26
327 0.0586832579310839 3.27
328 0.05879142704541435 3.28
329 0.05882197001774172 3.29
330 0.05880787662149312 3.3
331 0.05878322913159114 3.31
332 0.05876081168174468 3.32
333 0.05873814907768301 3.33
334 0.05867153947119771 3.34
335 0.05865521477501364 3.35
336 0.05866370818262538 3.36
337 0.05867973096280737 3.37
338 0.05868840316852173 3.38
339 0.05869178429425635 3.39
340 0.05869236639843441 3.4
341 0.05869360510859527 3.41
342 0.05862097696037508 3.42
343 0.05862745321529103 3.43
344 0.05867900965773473 3.44
345 0.05874197651597268 3.45
346 0.05879591839388412 3.46
347 0.05880266081217 3.47
348 0.05881477101388714 3.48
349 0.05881258242069298 3.49
350 0.05886265541210763 3.5
351 0.0587716752274462 3.51
352 0.05869839972023806 3.52
353 0.05866076373884559 3.53
354 0.0586374430616755 3.54
355 0.05863222768469534 3.55
356 0.05863263066381993 3.56
357 0.05864197803548041 3.57
358 0.05866474164633512 3.58
359 0.05869248898449698 3.59
360 0.05871487089081237 3.6
361 0.05872886321919046 3.61
362 0.05873340178333211 3.62
363 0.0587345920933281 3.63
364 0.05872692012264068 3.64
365 0.05872065716070395 3.65
366 0.05870551253110484 3.66
367 0.05868537311685083 3.67
368 0.05866697288383658 3.68
369 0.05864742558856315 3.69
370 0.05862832004328636 3.7
371 0.05861008229928637 3.71
372 0.0585918948257092 3.72
373 0.05857799974349464 3.73
374 0.05856571906953817 3.74
375 0.05855347537277533 3.75
376 0.05853798047661211 3.76
377 0.05851879792349459 3.77
378 0.05848116736336008 3.78
379 0.0584619668452136 3.79
380 0.05845427612863748 3.8
381 0.05845468686680395 3.81
382 0.05847872775927945 3.82
383 0.05849096355370593 3.83
384 0.05848264833123645 3.84
385 0.05847718309266967 3.85
386 0.05855062515705976 3.86
387 0.05855994595240898 3.87
388 0.0585193631329147 3.88
389 0.05845546015244763 3.89
390 0.05838917723261413 3.9
391 0.05833015200590197 3.91
392 0.05828969189923858 3.92
393 0.05826800453903358 3.93
394 0.05820300149464658 3.94
395 0.05816683169588287 3.95
396 0.05815344942871165 3.96
397 0.05815090833667233 3.97
398 0.0581586422846868 3.98
399 0.05816942862953197 3.99
400 0.05818656332365585 4
401 0.05819354981545152 4.01
402 0.05818824421865025 4.02
403 0.05817623907867284 4.03
404 0.05815954291208465 4.04
405 0.05813337106449266 4.05
406 0.0580981213870528 4.06
407 0.05807714689311996 4.07
408 0.05803631231072976 4.08
409 0.05799073805675745 4.09
410 0.05798077157730527 4.1
411 0.05796132923299598 4.11
412 0.0579274282164095 4.12
413 0.05789252613373814 4.13
414 0.05786067592438202 4.14
415 0.05783390287073319 4.15
416 0.05781192726932724 4.16
417 0.05779207698979649 4.17
418 0.05777116945981754 4.18
419 0.05774492397457846 4.19
420 0.05771749752063524 4.2
421 0.05764793146330977 4.21
422 0.05765497398831396 4.22
423 0.05765081374199687 4.23
424 0.05763976573481639 4.24
425 0.05760827173173108 4.25
426 0.05756244737394366 4.26
427 0.0575126491497615 4.27
428 0.05746567219800096 4.28
429 0.05742409908292552 4.29
430 0.05738913081211821 4.3
431 0.05735900143250117 4.31
432 0.05732187958994121 4.32
433 0.05727624944836948 4.33
434 0.05724301021756117 4.34
435 0.05721657588084508 4.350000000000001
436 0.05719203928509916 4.36
437 0.05716986395902873 4.37
438 0.05713660924177417 4.38
439 0.0570973659959982 4.39
440 0.05706928329012993 4.4
441 0.05705313492525164 4.41
442 0.05702842458771629 4.42
443 0.05700147682444756 4.43
444 0.0569655924160088 4.44
445 0.05692752050130501 4.45
446 0.05689089402512546 4.46
447 0.05685193866458051 4.47
448 0.05680792687460839 4.48
449 0.05673340721373993 4.49
450 0.05667430962315698 4.5
451 0.05662525630093838 4.51
452 0.05657741018777636 4.52
453 0.05653235055971606 4.53
454 0.0564891870640962 4.54
455 0.05641887587473331 4.55
456 0.05639810823169056 4.56
457 0.05637095561722959 4.57
458 0.05632367993151474 4.58
459 0.05628228649364448 4.59
460 0.05624983846108618 4.600000000000001
461 0.05622347924106257 4.61
462 0.05618842927710468 4.62
463 0.05615735652373015 4.63
464 0.05616095191388473 4.64
465 0.05614511695492724 4.65
466 0.05613905438612003 4.66
467 0.05608845507735515 4.67
468 0.05601733773001062 4.68
469 0.05592338487798204 4.69
470 0.05584357598462576 4.7
471 0.05577929928320439 4.71
472 0.05573441890770688 4.72
473 0.05568924854914074 4.73
474 0.05565080363116215 4.74
475 0.05561302412465451 4.75
476 0.05555879955461115 4.76
477 0.05549839555014521 4.77
478 0.05543912764283011 4.78
479 0.05538449299125769 4.79
480 0.05533388683233995 4.8
481 0.05528497095454695 4.81
482 0.05523766511228562 4.82
483 0.05518971459628826 4.83
484 0.05514551451071044 4.84
485 0.05509864731229431 4.850000000000001
486 0.05505550839370734 4.86
487 0.05500739184928308 4.87
488 0.05493852458966327 4.88
489 0.05489946030915416 4.89
490 0.05486089400516407 4.9
491 0.0548202475217873 4.91
492 0.05477218300754878 4.92
493 0.05472272076880127 4.93
494 0.05466515237729245 4.94
495 0.05460162771281413 4.95
496 0.05444745951766913 4.96
497 0.05436048364854261 4.97
498 0.05431254792349221 4.98
499 0.05435132878438052 4.99
500 0.05433059100928272 5
501 0.05427510069022959 5.01
502 0.05420279357774158 5.02
503 0.05412538747814653 5.03
504 0.05405079472772328 5.04
505 0.05398155367710862 5.05
506 0.05391834553676442 5.06
507 0.05385861334339261 5.07
508 0.05380381662317444 5.08
509 0.0537513834908159 5.09
510 0.05369711857649916 5.100000000000001
511 0.0536456455382166 5.11
512 0.05359520988933453 5.12
513 0.05354244838575527 5.13
514 0.05349116314692422 5.14
515 0.05340114427209004 5.15
516 0.05330471467049667 5.16
517 0.0532317898170814 5.17
518 0.05316569577030984 5.18
519 0.05311047134572032 5.19
520 0.05308163992403033 5.2
521 0.05311380131743051 5.21
522 0.05314128882335967 5.22
523 0.05308078950495611 5.23
524 0.05297477403285301 5.24
525 0.05285904890357732 5.25
526 0.05275027931588396 5.26
527 0.05266992615769518 5.27
528 0.05259416192925441 5.28
529 0.05252234922048249 5.29
530 0.0524544941336209 5.3
531 0.05239907878688185 5.31
532 0.05233988422487911 5.32
533 0.05229841509132299 5.33
534 0.05223846497807501 5.34
535 0.05217116046567199 5.350000000000001
536 0.05210317745335702 5.36
537 0.05203673575341183 5.37
538 0.05197338010526685 5.38
539 0.05190843317036568 5.39
540 0.05182260095907216 5.4
541 0.05175833275518906 5.41
542 0.05170255637260677 5.42
543 0.05165133359373018 5.43
544 0.05158979862060127 5.44
545 0.05152352831886527 5.45
546 0.05146150845114292 5.46
547 0.05139551683183056 5.47
548 0.051327837946597 5.48
549 0.05125937886341997 5.49
550 0.05119016890678674 5.5
551 0.05111942613555415 5.51
552 0.05104144403212971 5.52
553 0.05096148867507233 5.53
554 0.05086091829112556 5.54
555 0.05076160503348263 5.55
556 0.05068227263154778 5.56
557 0.05063404144900234 5.57
558 0.05058612443900896 5.58
559 0.05053487444528462 5.59
560 0.05047898033350713 5.600000000000001
561 0.05041493070671856 5.61
562 0.0503451622547653 5.62
563 0.05028732855652522 5.63
564 0.05022200179233316 5.64
565 0.05015455287997128 5.65
566 0.05008698449414292 5.66
567 0.05001912489971347 5.67
568 0.04995029823263942 5.68
569 0.04989336632656245 5.69
570 0.04983731029725817 5.7
571 0.04978155416836783 5.71
572 0.04971139517446095 5.72
573 0.04962019495075327 5.73
574 0.04953032580042153 5.74
575 0.04945560636445343 5.75
576 0.04937898710830966 5.76
577 0.04922804162666295 5.77
578 0.04910917263604939 5.78
579 0.04901056954300954 5.79
580 0.04895430932779727 5.8
581 0.04891349853501951 5.81
582 0.0488709004697182 5.82
583 0.04882826077792477 5.83
584 0.04873614746659741 5.84
585 0.04865908407638139 5.850000000000001
586 0.04859224630328075 5.86
587 0.04853081296823092 5.87
588 0.04848276525351629 5.88
589 0.04843276613228554 5.89
590 0.04837410914446999 5.9
591 0.04830881486171131 5.91
592 0.04824640412471014 5.92
593 0.04817053806174874 5.93
594 0.04809823844165886 5.94
595 0.04801708201053959 5.95
596 0.04800648035427353 5.96
597 0.04797723310651417 5.97
598 0.04782394695411922 5.98
599 0.04768808105405643 5.99
600 0.04757173377903537 6
601 0.04748943122463305 6.01
602 0.04741596462005099 6.02
603 0.04735102218122497 6.03
604 0.04729069710490576 6.04
605 0.04729945161779309 6.05
606 0.04726318464222642 6.06
607 0.04719822343452663 6.07
608 0.04711359971484601 6.08
609 0.04701792320820522 6.09
610 0.04691884208685351 6.100000000000001
611 0.04679924592558984 6.11
612 0.04671467273102285 6.12
613 0.04664079667610776 6.13
614 0.04657061879469541 6.140000000000001
615 0.04651312116384872 6.15
616 0.04644654092125778 6.16
617 0.04638402793275388 6.17
618 0.04632701600895593 6.18
619 0.04626231481265163 6.19
620 0.04620287304774038 6.2
621 0.04613580386667179 6.21
622 0.0460812419998444 6.22
623 0.04599651089759482 6.23
624 0.04590676498628883 6.24
625 0.04582169964380099 6.25
626 0.045742962781609 6.26
627 0.04566712729976331 6.27
628 0.04560662698772706 6.28
629 0.04554916234802265 6.29
630 0.04548680971000255 6.3
631 0.04545575406529789 6.31
632 0.0453861574949893 6.32
633 0.04529116471026917 6.33
634 0.04518399511670891 6.34
635 0.04507520960974196 6.350000000000001
636 0.04494713405247752 6.36
637 0.04486751160879578 6.37
638 0.04465867962265683 6.38
639 0.04454726497232525 6.390000000000001
640 0.04455519677452503 6.4
641 0.04456350381755113 6.41
642 0.04455784718851673 6.42
643 0.0445362051903772 6.43
644 0.04449049818489758 6.44
645 0.04442547925256888 6.45
646 0.04438408790812623 6.46
647 0.04430735361512402 6.47
648 0.04423329689789656 6.48
649 0.04415035437495946 6.49
650 0.04404124487036129 6.5
651 0.04398302757489218 6.51
652 0.04387242388845997 6.52
653 0.04376662316237562 6.53
654 0.04367353935609452 6.54
655 0.04359252739127837 6.55
656 0.04352608369130668 6.56
657 0.0434683664139467 6.57
658 0.04341107701228368 6.58
659 0.04337155928452672 6.59
660 0.04329174449820431 6.600000000000001
661 0.04323513576279651 6.61
662 0.04316879502733137 6.62
663 0.04310246003622439 6.63
664 0.04302100826914585 6.640000000000001
665 0.04293517094292108 6.65
666 0.04284888486522087 6.66
667 0.04276806848443808 6.67
668 0.04269021932899552 6.68
669 0.04261594932783153 6.69
670 0.04257238911797421 6.7
671 0.04249054682468928 6.71
672 0.04244219870108937 6.72
673 0.04235573212777934 6.73
674 0.04227632514933148 6.74
675 0.04223159892111675 6.75
676 0.04214923394317431 6.76
677 0.0421008868497814 6.77
678 0.04201389841796142 6.78
679 0.04193321609128699 6.79
680 0.04185828370811895 6.8
681 0.04178117939262623 6.81
682 0.04170968032986791 6.82
683 0.041641262824184 6.83
684 0.04157194079058606 6.84
685 0.04150341345148029 6.850000000000001
686 0.04143541053188323 6.86
687 0.04134693894730862 6.87
688 0.04128884502813419 6.88
689 0.04120557268302977 6.890000000000001
690 0.04112975053389234 6.9
691 0.04103969617192631 6.91
692 0.04098840291813948 6.92
693 0.04093312660100697 6.93
694 0.0408480285273313 6.94
695 0.04078888576681323 6.95
696 0.04072860155414802 6.96
697 0.04065414520728616 6.97
698 0.04060312853940897 6.98
699 0.04054596679399546 6.99
700 0.04047932719880008 7
701 0.04041100996394309 7.01
702 0.04034247622434528 7.02
703 0.04027460875805116 7.03
704 0.04020789293120448 7.04
705 0.04014421435502923 7.05
706 0.04008059804246547 7.06
707 0.04001677153387607 7.07
708 0.03995229905341988 7.08
709 0.03988687241695307 7.09
710 0.03982012204380207 7.100000000000001
711 0.03977141896029622 7.11
712 0.03969075969212169 7.12
713 0.03961265018622272 7.13
714 0.03955674586396403 7.140000000000001
715 0.03946860040201549 7.15
716 0.0394066853483943 7.16
717 0.03933716055820744 7.17
718 0.03923849162923443 7.18
719 0.03917090161427845 7.19
720 0.03910475733311407 7.2
721 0.03904496766839866 7.21
722 0.03896763144752981 7.22
723 0.03892379101184168 7.23
724 0.03887513869251414 7.24
725 0.03881957159710503 7.25
726 0.03873091348591375 7.26
727 0.03867436183585954 7.27
728 0.03861173901883991 7.28
729 0.03851762127540784 7.29
730 0.03845838962691157 7.3
731 0.03836907919251659 7.31
732 0.03831380128106296 7.32
733 0.0382285569029933 7.33
734 0.0381764711441333 7.34
735 0.03809562632906641 7.350000000000001
736 0.03804402678587482 7.36
737 0.0379659857650923 7.37
738 0.03791901427118176 7.38
739 0.03786786317166231 7.390000000000001
740 0.03777614977263181 7.4
741 0.03771579901474328 7.41
742 0.03765075303335975 7.42
743 0.03756106137320401 7.43
744 0.03750775125759045 7.44
745 0.03742874093780605 7.45
746 0.03739046422186203 7.46
747 0.03732904941294071 7.47
748 0.03728880384201122 7.48
749 0.03721323848244062 7.49
750 0.0371576748901614 7.5
751 0.0370734459582473 7.51
752 0.03701286478748138 7.52
753 0.0369252811656673 7.53
754 0.03686450244484681 7.54
755 0.03678016449462059 7.55
756 0.03670646665416407 7.56
757 0.03663987137074863 7.57
758 0.03658037463454341 7.58
759 0.03652270318256341 7.59
760 0.0364758811370362 7.600000000000001
761 0.03642406343686243 7.61
762 0.03636797679606982 7.62
763 0.03630872170956879 7.63
764 0.03624707100454767 7.640000000000001
765 0.0361835920523414 7.65
766 0.03613195946025678 7.66
767 0.0360504255888164 7.67
768 0.03599654364450936 7.68
769 0.03591471611260497 7.69
770 0.0358797490858517 7.7
771 0.03582000314700819 7.71
772 0.03575547489128316 7.72
773 0.03568185873185303 7.73
774 0.03560843846168973 7.74
775 0.03553572482303775 7.75
776 0.03546381807214597 7.76
777 0.03539255841744662 7.77
778 0.03532185073934136 7.78
779 0.03526339746922785 7.79
780 0.03520148313938384 7.8
781 0.03513663813547951 7.81
782 0.03507095814729967 7.82
783 0.03500396933570368 7.83
784 0.03493687691384986 7.84
785 0.03487074684791076 7.850000000000001
786 0.03480838336382003 7.86
787 0.03474505786664524 7.87
788 0.03468318919383253 7.88
789 0.0346053940010813 7.890000000000001
790 0.03455863310286949 7.9
791 0.03449369478588923 7.91
792 0.03445386193575099 7.92
793 0.03439188469688891 7.930000000000001
794 0.03433580485114889 7.94
795 0.03429544208290473 7.95
796 0.03422516424185437 7.96
797 0.03417406328997732 7.97
798 0.0340936792401001 7.98
799 0.03402180419241099 7.99
800 0.03397131539233599 8
801 0.03389461675831683 8.01
802 0.03382809259911748 8.02
803 0.03378194014479836 8.029999999999999
804 0.03371151302325802 8.040000000000001
805 0.03366364607032531 8.050000000000001
806 0.03359225485519526 8.06
807 0.03353096208260749 8.07
808 0.03348703241022645 8.08
809 0.03341148424045161 8.09
810 0.0333597657714939 8.1
811 0.03330134243690983 8.109999999999999
812 0.03323841014088499 8.120000000000001
813 0.03317440511057353 8.130000000000001
814 0.03310937037388959 8.140000000000001
815 0.03304588918804593 8.15
816 0.03298523424488965 8.16
817 0.03292705424201698 8.17
818 0.0328837699340804 8.18
819 0.03284175426451846 8.19
820 0.0327976457402642 8.199999999999999
821 0.03274888023004341 8.210000000000001
822 0.03269422215915007 8.220000000000001
823 0.03263767608422753 8.23
824 0.03257486245285823 8.24
825 0.03248888821305386 8.25
826 0.03239958361467455 8.26
827 0.03231220740567547 8.27
828 0.03223082078398359 8.279999999999999
829 0.03215766831941114 8.290000000000001
830 0.03208989513052466 8.300000000000001
831 0.03203422665044749 8.31
832 0.03198517227147762 8.32
833 0.03194153371790807 8.33
834 0.03189995688303392 8.34
835 0.03185857288955048 8.35
836 0.03181597007677506 8.359999999999999
837 0.03177117955810208 8.370000000000001
838 0.03170311424134657 8.380000000000001
839 0.03163818141411366 8.390000000000001
840 0.03158784528915933 8.4
841 0.03150868528164732 8.41
842 0.03144139861130098 8.42
843 0.03138406120610153 8.43
844 0.03133329968574716 8.44
845 0.03128532223484701 8.449999999999999
846 0.03123687895372118 8.460000000000001
847 0.03118590293741139 8.470000000000001
848 0.03113172807571093 8.48
849 0.03107139106629601 8.49
850 0.03100888776114017 8.5
851 0.03094499217877083 8.51
852 0.03088070776339394 8.52
853 0.03081732292432718 8.529999999999999
854 0.03075546863769543 8.540000000000001
855 0.03069536494282798 8.550000000000001
856 0.03063703136624458 8.56
857 0.03058805684001122 8.57
858 0.03051386177136766 8.58
859 0.03045251702831342 8.59
860 0.03039931893595943 8.6
861 0.03035153433626472 8.609999999999999
862 0.03030559402172513 8.620000000000001
863 0.03025921164337186 8.630000000000001
864 0.03021192350580755 8.640000000000001
865 0.03016161404732345 8.65
866 0.03010809139043754 8.66
867 0.03005079073966516 8.67
868 0.02999114689269742 8.68
869 0.02992887394870473 8.69
870 0.02986634288376164 8.700000000000001
871 0.02980437343608716 8.710000000000001
872 0.02973912568411464 8.720000000000001
873 0.02967582593617036 8.73
874 0.02961479184945475 8.74
875 0.02955588296042428 8.75
876 0.02949708523772302 8.76
877 0.02944064156390352 8.77
878 0.02938599475070673 8.779999999999999
879 0.02933263068959389 8.790000000000001
880 0.02927986498947343 8.800000000000001
881 0.02922701891959948 8.81
882 0.02917572675826804 8.82
883 0.02912317694487236 8.83
884 0.02906961930525568 8.84
885 0.02901530239680612 8.85
886 0.02896032385339606 8.859999999999999
887 0.02890530266541616 8.870000000000001
888 0.02884637564874015 8.880000000000001
889 0.02878804661796542 8.890000000000001
890 0.02873056389101283 8.9
891 0.02867708111925885 8.91
892 0.02862278075007373 8.92
893 0.02856926054350469 8.93
894 0.02851650210550026 8.94
895 0.0284672830898025 8.950000000000001
896 0.02841640482064583 8.960000000000001
897 0.0283629733542107 8.970000000000001
898 0.02831763287618284 8.98
899 0.02826982087818703 8.99
900 0.02821907277810409 9
901 0.02816566999267676 9.01
902 0.02811805107159316 9.02
903 0.02806716955278719 9.029999999999999
904 0.02802009709339752 9.040000000000001
905 0.0279880086521093 9.050000000000001
906 0.02792414423716113 9.06
907 0.02786284999843532 9.07
908 0.02782117875880507 9.08
909 0.02773020711835507 9.09
910 0.02764770578240969 9.1
911 0.02757337120550032 9.109999999999999
912 0.02751831860639353 9.120000000000001
913 0.02744449429325329 9.130000000000001
914 0.02738042882395809 9.140000000000001
915 0.02733296071693506 9.15
916 0.02727093971086759 9.16
917 0.02722570565295545 9.17
918 0.02716778014789327 9.18
919 0.02711399154727592 9.19
920 0.02706937621101435 9.200000000000001
921 0.0270303689726759 9.210000000000001
922 0.02699325626748965 9.220000000000001
923 0.02695447474246594 9.23
924 0.02691224532846547 9.24
925 0.0268654005491801 9.25
926 0.02681371086978636 9.26
927 0.02675566074675765 9.27
928 0.02670417893593321 9.279999999999999
929 0.0266482375787417 9.290000000000001
930 0.0265883292040783 9.300000000000001
931 0.02652591229472996 9.31
932 0.02646271206996092 9.32
933 0.02640031799095076 9.33
934 0.02634005497538404 9.34
935 0.0262828468279774 9.35
936 0.02622907560258471 9.359999999999999
937 0.02617849463021002 9.370000000000001
938 0.0261304875224689 9.380000000000001
939 0.02607644510704438 9.390000000000001
940 0.02602752404906651 9.4
941 0.02598249734647295 9.41
942 0.02594634980231283 9.42
943 0.02590817419089105 9.43
944 0.025872306534253 9.44
945 0.02581749646589369 9.450000000000001
946 0.02576197589604491 9.460000000000001
947 0.02570364032421671 9.470000000000001
948 0.0256456221694025 9.48
949 0.02559116504482477 9.49
950 0.02551539103476199 9.5
951 0.02544773839986188 9.51
952 0.02539561709661184 9.52
953 0.02532524017248429 9.529999999999999
954 0.02527069732252921 9.540000000000001
955 0.02521439833467593 9.550000000000001
956 0.02516806833621838 9.56
957 0.02512243740483828 9.57
958 0.02508168463848929 9.58
959 0.02502960558722239 9.59
960 0.02497665771873428 9.6
961 0.02493165224938858 9.609999999999999
962 0.02488657413791204 9.620000000000001
963 0.02484532552112632 9.630000000000001
964 0.02480314272669448 9.640000000000001
965 0.0247625557571683 9.65
966 0.0247158963891869 9.66
967 0.02467190872190036 9.67
968 0.02461906211894105 9.68
969 0.02457142973403417 9.69
970 0.02451366333466433 9.700000000000001
971 0.02446387211764599 9.710000000000001
972 0.02440435335532128 9.720000000000001
973 0.02435460272478683 9.73
974 0.02430897843454839 9.74
975 0.02427440917252137 9.75
976 0.02422444403415731 9.76
977 0.0241773786921653 9.77
978 0.02413932320961844 9.779999999999999
979 0.02408184949144733 9.790000000000001
980 0.02402661247249471 9.800000000000001
981 0.02398402060368901 9.81
982 0.02392063919264735 9.82
983 0.02386144092637431 9.83
984 0.02380524956956918 9.84
985 0.02374982810820533 9.85
986 0.02369521575498143 9.859999999999999
987 0.02364141685469428 9.870000000000001
988 0.02358809432231918 9.880000000000001
989 0.02353627992692695 9.890000000000001
990 0.02348611744334677 9.9
991 0.02343702676949807 9.91
992 0.0233906330558799 9.92
993 0.02334506598865696 9.93
994 0.02330141158380436 9.94
995 0.02325676055453599 9.950000000000001
996 0.02321063640973935 9.960000000000001
997 0.02317352079510854 9.970000000000001
998 0.02311516969378223 9.98
999 0.02305990393790066 9.99
1000 0.02302159727410747 10
1001 0.02296157300351037 10.01
1002 0.02290889981433786 10.02
1003 0.02286197743879132 10.03
1004 0.02280050959980898 10.04
1005 0.02275602797776873 10.05
1006 0.02269910666001185 10.06
1007 0.02264892885044722 10.07
1008 0.02261179704864619 10.08
1009 0.02256418192610366 10.09
1010 0.02252045057788248 10.1
1011 0.02248801475201454 10.11
1012 0.02244308113845385 10.12
1013 0.02240007906182737 10.13
1014 0.0223580370807231 10.14
1015 0.02232496563331143 10.15
1016 0.02227661512525723 10.16
1017 0.02223986888909862 10.17
1018 0.0221857816676152 10.18
1019 0.02214623605366727 10.19
1020 0.02208832636712428 10.2
1021 0.02204699726673182 10.21
1022 0.02198583252368592 10.22
1023 0.02194268848739149 10.23
1024 0.0218798344390893 10.24
1025 0.02183642445351286 10.25
1026 0.02177392174466171 10.26
1027 0.02173211718493448 10.27
1028 0.02167170413848231 10.28
1029 0.02163133005615756 10.29
1030 0.02157274613752905 10.3
1031 0.02153375384473597 10.31
1032 0.02147693469129057 10.32
1033 0.0214392412065024 10.33
1034 0.02138404639730672 10.34
1035 0.02134413184046155 10.35
1036 0.02128685696738453 10.36
1037 0.02124872274330096 10.37
1038 0.02119565112937113 10.38
1039 0.02114773917616219 10.39
1040 0.02111563881286015 10.4
1041 0.02107010625773224 10.41
1042 0.02102808832584427 10.42
1043 0.02099853695696067 10.43
1044 0.02095306449166483 10.44
1045 0.02092141937216734 10.45
1046 0.02087186752396148 10.46
1047 0.02083781713096909 10.47
1048 0.020784697583631 10.48
1049 0.02074869891572658 10.49
1050 0.02070958132817793 10.5
1051 0.02069032800437871 10.51
1052 0.0206357697577712 10.52
1053 0.02060657790400059 10.53
1054 0.02053804932834658 10.54
1055 0.02050166859517001 10.55
1056 0.02042581624347076 10.56
1057 0.02035685579121507 10.57
1058 0.02029415099132498 10.58
1059 0.0202609104900785 10.59
1060 0.02019708656416156 10.6
1061 0.02014183102200292 10.61
1062 0.02011654441950995 10.62
1063 0.02006480141206891 10.63
1064 0.02002093938230198 10.64
1065 0.01998235213430009 10.65
1066 0.01998422335573158 10.66
1067 0.01994368635768402 10.67
1068 0.01993042659871027 10.68
1069 0.01987758170992472 10.69
1070 0.0198568091047264 10.7
1071 0.01982712830767402 10.71
1072 0.01975376171279231 10.72
1073 0.01972214043303979 10.73
1074 0.01968764418571081 10.74
1075 0.01964851243726271 10.75
1076 0.01960520558990464 10.76
1077 0.01951497152126871 10.77
1078 0.01947583323430637 10.78
1079 0.01943727608840922 10.79
1080 0.0193960269495861 10.8
1081 0.01935167152561569 10.81
1082 0.01930603450208689 10.82
1083 0.0192600344617573 10.83
1084 0.01917230465934196 10.84
1085 0.01913833895578675 10.85
1086 0.01910384364621083 10.86
1087 0.01906909004171708 10.87
1088 0.01899704400776028 10.88
1089 0.01897162149001001 10.89
1090 0.01894373837226924 10.9
1091 0.01887892226527602 10.91
1092 0.0188565723068762 10.92
1093 0.01883000725521321 10.93
1094 0.01876513954003347 10.94
1095 0.01874188675406329 10.95
1096 0.0187136594322821 10.96
1097 0.0186460219581268 10.97
1098 0.01862333705091336 10.98
1099 0.01859508953542331 10.99
1100 0.01856212494042666 11
1101 0.0184871918422843 11.01
1102 0.01846013417456144 11.02
1103 0.0184287916457659 11.03
1104 0.0183393303595775 11.04
1105 0.01829793349325871 11.05
1106 0.01822740415098332 11.06
1107 0.01819986052365686 11.07
1108 0.01814865572387625 11.08
1109 0.01813186524184591 11.09
1110 0.01808985561922161 11.1
1111 0.01807667155380832 11.11
1112 0.01803936690069203 11.12
1113 0.01802665669180467 11.13
1114 0.01798883942860417 11.14
1115 0.0179549541110362 11.15
1116 0.01793893365390017 11.16
1117 0.01789330282573022 11.17
1118 0.01787113050949949 11.18
1119 0.01781490579420233 11.19
1120 0.01778673630348687 11.2
1121 0.01772356107630207 11.21
1122 0.01769246541387211 11.22
1123 0.01762738432989621 11.23
1124 0.01759640047766506 11.24
1125 0.017560965152873 11.25
1126 0.01749323734791832 11.26
1127 0.0174624919691033 11.27
1128 0.01740213344489177 11.28
1129 0.01737595204766153 11.29
1130 0.01734643506475514 11.3
1131 0.01728763917840206 11.31
1132 0.01726232765975133 11.32
1133 0.01723307862417237 11.33
1134 0.01717429027951971 11.34
1135 0.01714869617775765 11.35
1136 0.01711844648349481 11.36
1137 0.01708443049174114 11.37
1138 0.01702051178778708 11.38
1139 0.01699298056733534 11.39
1140 0.01696273301787483 11.4
1141 0.01693047424931414 11.41
1142 0.01687145573084104 11.42
1143 0.01684755893502549 11.43
1144 0.01682086528761513 11.44
1145 0.01676768225181632 11.45
1146 0.01674660442830224 11.46
1147 0.01672069656890089 11.47
1148 0.01666610745204388 11.48
1149 0.01664240386818559 11.49
1150 0.01661362338636886 11.5
1151 0.01655582792728622 11.51
1152 0.01654305302367222 11.52
1153 0.01651979756353532 11.53
1154 0.01645877583850206 11.54
1155 0.01643564926157638 11.55
1156 0.01640619654570203 11.56
1157 0.01634149483478342 11.57
1158 0.01631785154846169 11.58
1159 0.0162608518092878 11.59
1160 0.01624061629906585 11.6
1161 0.01618770956294881 11.61
1162 0.01616902101451421 11.62
1163 0.01611618683392493 11.63
1164 0.01609688697639471 11.64
1165 0.01604327808010449 11.65
1166 0.01602334277895983 11.66
1167 0.01596947987520883 11.67
1168 0.01594950796955951 11.68
1169 0.0158962461912961 11.69
1170 0.01587673602175593 11.7
1171 0.01582449722510666 11.71
1172 0.01580620752622496 11.72
1173 0.01575491276724843 11.73
1174 0.01574207756040882 11.74
1175 0.01569269418727762 11.75
1176 0.01567682251373842 11.76
1177 0.01562391655059323 11.77
1178 0.01561791876502081 11.78
1179 0.01557386003129926 11.79
1180 0.01556383686362491 11.8
1181 0.01554286657615814 11.81
1182 0.01547549228446768 11.82
1183 0.01545349610604403 11.83
1184 0.01542436738488457 11.84
1185 0.01534022018589227 11.85
1186 0.01531169463457146 11.86
1187 0.0152795891323297 11.87
1188 0.01520920542226432 11.88
1189 0.01518977460651199 11.89
1190 0.01516603474713675 11.9
1191 0.01510683159834897 11.91
1192 0.01509272145429402 11.92
1193 0.01507323318755288 11.93
1194 0.01501972434033136 11.94
1195 0.01500512180088564 11.95
1196 0.01498333329991263 11.96
1197 0.01495502169792402 11.97
1198 0.0148865250058888 11.98
1199 0.01486514857729607 11.99
1200 0.01484065065400523 12
1201 0.01481372964667417 12.01
1202 0.01478490643933725 12.02
1203 0.0147546498513822 12.03
1204 0.01472335094466168 12.04
1205 0.0146913292353006 12.05
1206 0.01465875597407831 12.06
1207 0.01462574594228482 12.07
1208 0.01459236132896738 12.08
1209 0.01455864931776403 12.09
1210 0.01452467075909962 12.1
1211 0.0144904895503672 12.11
1212 0.01445606072449991 12.12
1213 0.01442156637480705 12.13
1214 0.01438714271918899 12.14
1215 0.01435286810209505 12.15
1216 0.01431885246401402 12.16
1217 0.01425713731780217 12.17
1218 0.0142402746386076 12.18
1219 0.01421920605206129 12.19
1220 0.01419390846921657 12.2
1221 0.01413929770709916 12.21
1222 0.01412210577834697 12.22
1223 0.01409873430059584 12.23
1224 0.01404450189866696 12.24
1225 0.0140266363352368 12.25
1226 0.0140020641780244 12.26
1227 0.01394657081952763 12.27
1228 0.01392801162224319 12.28
1229 0.01387956430417659 12.29
1230 0.01386391242365891 12.3
1231 0.01384075769365312 12.31
1232 0.01378696861787817 12.32
1233 0.01376752729546066 12.33
1234 0.01374205591678895 12.34
1235 0.01368804855349751 12.35
1236 0.01367136401599808 12.36
1237 0.01364915909717934 12.37
1238 0.01359999833497969 12.38
1239 0.01358556717937218 12.39
1240 0.01354465376015891 12.4
1241 0.01353277822179293 12.41
1242 0.01349288254518112 12.42
1243 0.01348001293651204 12.43
1244 0.01345803530445309 12.44
1245 0.01340583747648159 12.45
1246 0.01338744759789472 12.46
1247 0.01336211174450141 12.47
1248 0.01330832930899291 12.48
1249 0.01329017634624028 12.49
1250 0.01326586331996953 12.5
1251 0.01321427962663983 12.51
1252 0.01319757952513964 12.52
1253 0.01317486629357874 12.53
1254 0.01314733708954516 12.54
1255 0.01311665280911012 12.55
1256 0.01308201424946885 12.56
1257 0.01304762368620742 12.57
1258 0.01301351925581018 12.58
1259 0.01298238045138912 12.59
1260 0.01295373906824565 12.6
1261 0.01292666306288303 12.61
1262 0.01290030478285942 12.62
1263 0.0128741005105553 12.63
1264 0.01282774031331772 12.64
1265 0.01281616131569344 12.65
1266 0.012799194025232 12.66
1267 0.01277646539540462 12.67
1268 0.01274845329952884 12.68
1269 0.01271626522563495 12.69
1270 0.01265864662637128 12.7
1271 0.01263455652444652 12.71
1272 0.01260708154464222 12.72
1273 0.01257670829045389 12.73
1274 0.01252734678272886 12.74
1275 0.0125075185263661 12.75
1276 0.01248386966239003 12.76
1277 0.01245712364960179 12.77
1278 0.01241121896119163 12.78
1279 0.0123945569888456 12.79
1280 0.01237377399544816 12.8
1281 0.01234914618158394 12.81
1282 0.01230673171073057 12.82
1283 0.01228980665180178 12.83
1284 0.01226773803134361 12.84
1285 0.01222710907923391 12.85
1286 0.01221476705314446 12.86
1287 0.01219473318669852 12.87
1288 0.01215151216448679 12.88
1289 0.01213364480221395 12.89
1290 0.01210900544700017 12.9
1291 0.01206032913427406 12.91
1292 0.01203976850354444 12.92
1293 0.01201365290679745 12.93
1294 0.01196512745787487 12.94
1295 0.01194566323262932 12.95
1296 0.01190584138886186 12.96
1297 0.0118904135468775 12.97
1298 0.01186571558870157 12.98
1299 0.01182137853164297 12.99
1300 0.01180272320543876 13
1301 0.01177933726326467 13.01
1302 0.01175227416994759 13.02
1303 0.01170773642221191 13.03
1304 0.01169044304393367 13.04
1305 0.01166938332003842 13.05
1306 0.01164729152233618 13.06
1307 0.01161022335696046 13.07
1308 0.01159758821653627 13.08
1309 0.01158045835621686 13.09
1310 0.01155901978986154 13.1
1311 0.01151998778929457 13.11
1312 0.01150418405165476 13.12
1313 0.01148216732602132 13.13
1314 0.01145492760290523 13.14
1315 0.0114240037969969 13.15
1316 0.01137467546528676 13.16
1317 0.01135465621726854 13.17
1318 0.01132970525096805 13.18
1319 0.01130288790700355 13.19
1320 0.01128476599296783 13.2
1321 0.01126466532037988 13.21
1322 0.01124415399373373 13.22
1323 0.01120854423888413 13.23
1324 0.01119979787539259 13.24
1325 0.0111857679593063 13.25
1326 0.01116598374797435 13.26
1327 0.01114063277872348 13.27
1328 0.01111057579991217 13.28
1329 0.01105432533035876 13.29
1330 0.01103183450102107 13.3
1331 0.01100559237692312 13.31
1332 0.01097648640481322 13.32
1333 0.01094496125509151 13.33
1334 0.01091217050283374 13.34
1335 0.01087932230124882 13.35
1336 0.01084747177071452 13.36
1337 0.01081744214262911 13.37
1338 0.01078963418537263 13.38
1339 0.01076397269129696 13.39
1340 0.0107402731975678 13.4
1341 0.0107180947562674 13.41
1342 0.01069703233068538 13.42
1343 0.01067862497415366 13.43
1344 0.01066008069493458 13.44
1345 0.01064095990629389 13.45
1346 0.01062087218098076 13.46
1347 0.01059971660302353 13.47
1348 0.01057736792472133 13.48
1349 0.01055379365220599 13.49
1350 0.01052901829881006 13.5
1351 0.01050309851492985 13.51
1352 0.0104761925413834 13.52
1353 0.01044848965592007 13.53
1354 0.01042217526940548 13.54
1355 0.0103951678016989 13.55
1356 0.01036773475088171 13.56
1357 0.01035369589396922 13.57
1358 0.01031361021688201 13.58
1359 0.01030551081721292 13.59
1360 0.01029231819456922 13.6
1361 0.01027347138771156 13.61
1362 0.01024990049508598 13.62
1363 0.01020095085578574 13.63
1364 0.01018869854893067 13.64
1365 0.01017134322988305 13.65
1366 0.01014928354312083 13.66
1367 0.01012322945603144 13.67
1368 0.01006228544519341 13.68
1369 0.01004448466126722 13.69
1370 0.01002413045991187 13.7
1371 0.01000147896179677 13.71
1372 0.009947005060338505 13.72
1373 0.009933410185077443 13.73
1374 0.009917520471778535 13.74
1375 0.009899581179806882 13.75
1376 0.009852359854407248 13.76
1377 0.009836360794858031 13.77
1378 0.009818656819960426 13.78
1379 0.009775609775276348 13.79
1380 0.009765967910518102 13.8
1381 0.009753600375033481 13.81
1382 0.009716349488137396 13.82
1383 0.009709261097854327 13.83
1384 0.009698244300699477 13.84
1385 0.009661233681126787 13.85
1386 0.009653431900235097 13.86
1387 0.009640905733248164 13.87
1388 0.009600814456065006 13.88
1389 0.009590470389412046 13.89
1390 0.009552375322661117 13.9
1391 0.009542460567992933 13.91
1392 0.009504286748063672 13.92
1393 0.009493687249915507 13.93
1394 0.009452186551706458 13.94
1395 0.009417893586613279 13.95
1396 0.009388588411726916 13.96
1397 0.009362749307361928 13.97
1398 0.009339063550870112 13.98
1399 0.009335011620716694 13.99
1400 0.009302905863621484 14
1401 0.009295124835976212 14.01
1402 0.009257607652037644 14.02
1403 0.009247254280250966 14.03
1404 0.00923126338565624 14.04
1405 0.009185798678808726 14.05
1406 0.009172383395830635 14.06
1407 0.009155269923178472 14.07
1408 0.009141217014786924 14.08
1409 0.009123726409822978 14.09
1410 0.009103425529399382 14.1
1411 0.009081105086330043 14.11
1412 0.009057124028154317 14.12
1413 0.009032567812938768 14.13
1414 0.008975554514245608 14.14
1415 0.008958038424591197 14.15
1416 0.008939924673597983 14.16
1417 0.008921111742154059 14.17
1418 0.008878521593725713 14.18
1419 0.008866791864880711 14.19
1420 0.008852685296853121 14.2
1421 0.008814862289116251 14.21
1422 0.008806025030688218 14.22
1423 0.008794295090797842 14.23
1424 0.008759181540619922 14.24
1425 0.00875180549316038 14.25
1426 0.008721397394993363 14.26
1427 0.008715989184614262 14.27
1428 0.008706452925793477 14.28
1429 0.008656020925285807 14.29
1430 0.008632170707764069 14.3
1431 0.008612231776057131 14.31
1432 0.00857551352397236 14.32
1433 0.008563838249445526 14.33
1434 0.008548078346937597 14.34
1435 0.008516541099777061 14.35
1436 0.008505773497653659 14.36
1437 0.008492179956614231 14.37
1438 0.008476191390659582 14.38
1439 0.008443428477770857 14.39
1440 0.008431306239191461 14.4
1441 0.008416053746178775 14.41
1442 0.008401851447896042 14.42
1443 0.008371268655426372 14.43
1444 0.008359253912770245 14.44
1445 0.008343978912407093 14.45
1446 0.008325994578799321 14.46
1447 0.008290222191319401 14.47
1448 0.008275043220544885 14.48
1449 0.008258597361261017 14.49
1450 0.008239827318242856 14.5
1451 0.008219137849471113 14.51
1452 0.008180225754375043 14.52
1453 0.008163721789710757 14.53
1454 0.008145829389314884 14.54
1455 0.008126321767803519 14.55
1456 0.008105340949279427 14.56
1457 0.008065419289992 14.57
1458 0.008048279614528893 14.58
1459 0.008012467121519738 14.59
1460 0.007996867598464658 14.6
1461 0.007962727285534569 14.61
1462 0.007948121610245801 14.62
1463 0.007915821111771807 14.63
1464 0.007902888328396293 14.64
1465 0.007873505102446813 14.65
1466 0.007860697756175729 14.66
1467 0.007832784518196075 14.67
1468 0.007823199123760357 14.68
1469 0.007811477396315942 14.69
1470 0.007785205951004413 14.7
1471 0.007776170353092708 14.71
1472 0.007764315589172802 14.72
1473 0.007736853373775445 14.73
1474 0.007726195313761734 14.74
1475 0.007712271841506238 14.75
1476 0.007681528305227033 14.76
1477 0.007668643633450992 14.77
1478 0.007652762387402329 14.78
1479 0.007634640374843359 14.79
1480 0.00759957513471862 14.8
1481 0.007585318239947764 14.81
1482 0.007569191657518003 14.82
1483 0.007551770117093281 14.83
1484 0.007518313850005825 14.84
1485 0.007505036445180204 14.85
1486 0.007489944002740423 14.86
1487 0.007460071256286789 14.87
1488 0.007450014124544889 14.88
1489 0.007437185265066186 14.89
1490 0.007405287359360817 14.9
1491 0.007393374155613587 14.91
1492 0.007378186161850573 14.92
1493 0.007360200385818658 14.93
1494 0.007321546548738888 14.94
1495 0.007306547882906764 14.95
1496 0.007289503076261358 14.96
1497 0.007266358676292416 14.97
1498 0.007243619668653647 14.98
1499 0.007221906367617345 14.99
1500 0.007201619289009011 15
1501 0.007182949865443213 15.01
1502 0.007165871081062038 15.02
1503 0.007150136345650441 15.03
1504 0.007135367396628836 15.04
1505 0.007115893336294309 15.05
1506 0.007097294945009523 15.06
1507 0.007079477031402704 15.07
1508 0.007062312345246929 15.08
1509 0.007045671251538153 15.09
1510 0.007029410610069242 15.1
1511 0.007013353465689543 15.11
1512 0.006997283878088226 15.12
1513 0.00698098383779546 15.13
1514 0.006960809637111072 15.14
1515 0.006952962920752004 15.15
1516 0.006941169083401154 15.16
1517 0.006925494303858388 15.17
1518 0.006892807841394131 15.18
1519 0.006876702560032475 15.19
1520 0.006857120343147693 15.2
1521 0.006820154825202891 15.21
1522 0.00680251136115596 15.22
1523 0.006768863592150409 15.23
1524 0.006753371168077642 15.24
1525 0.006723280978961573 15.25
1526 0.006710153949513263 15.26
1527 0.00668380720609808 15.27
1528 0.006663154066515319 15.28
1529 0.00665508723114963 15.29
1530 0.006631422888375895 15.3
1531 0.006612740959182823 15.31
1532 0.006605356700743496 15.32
1533 0.006586380358018665 15.33
1534 0.006578637238861938 15.34
1535 0.006559411015127899 15.35
1536 0.006551496590865236 15.36
1537 0.006531332036967622 15.37
1538 0.006522190215915517 15.38
1539 0.006499095918828454 15.39
1540 0.006487401453681307 15.4
1541 0.006471275551274314 15.41
1542 0.006439481190151065 15.42
1543 0.006424043407947964 15.43
1544 0.006405843264843139 15.44
1545 0.006371156713515783 15.45
1546 0.006356889934129804 15.46
1547 0.006340836905238978 15.47
1548 0.006311102493621058 15.48
1549 0.006300114482276575 15.49
1550 0.006276603007105609 15.5
1551 0.006268462070348092 15.51
1552 0.006247768883415782 15.52
1553 0.006240520650915667 15.53
1554 0.006220139347667223 15.54
1555 0.006212567002132207 15.55
1556 0.006191131856659038 15.56
1557 0.006182643005494807 15.57
1558 0.006170051129407938 15.58
1559 0.006142723172250348 15.59
1560 0.006131702571991568 15.6
1561 0.006119358226398962 15.61
1562 0.006093627999781128 15.62
1563 0.006083214607360618 15.63
1564 0.006069688734021969 15.64
1565 0.006053594973583055 15.65
1566 0.006035719328252464 15.66
1567 0.006005162548232476 15.67
1568 0.005993473182765862 15.68
1569 0.005980152856025108 15.69
1570 0.005965337609205594 15.7
1571 0.005947004459199138 15.71
1572 0.005928479880136135 15.72
1573 0.005900384418451465 15.73
1574 0.005889493869319258 15.74
1575 0.005877320027387648 15.75
1576 0.005863683215770999 15.76
1577 0.005847203927035457 15.77
1578 0.00583033209863074 15.78
1579 0.005813569344363776 15.79
1580 0.005797244163182286 15.8
1581 0.005772695768993435 15.81
1582 0.005764881946156306 15.82
1583 0.005755491432676746 15.83
1584 0.005744140137194331 15.84
1585 0.005730460016745836 15.85
1586 0.005714711491807044 15.86
1587 0.005688299934967852 15.87
1588 0.005657237544309297 15.88
1589 0.00564156842149648 15.89
1590 0.00562608254614801 15.9
1591 0.005615015479328713 15.91
1592 0.00560291603542052 15.92
1593 0.005584099325508556 15.93
1594 0.005573935072459293 15.94
1595 0.005563642844075522 15.95
1596 0.005544098410884796 15.96
1597 0.005529409190068712 15.97
1598 0.005510857411290579 15.98
1599 0.005481247203654701 15.99
1600 0.005461970721237336 16
1601 0.005440748581809889 16.01
1602 0.005411118003783046 16.02
1603 0.005393781444310459 16.03
1604 0.005376279692363688 16.04
1605 0.005354400715336791 16.05
1606 0.005342528725127434 16.06
1607 0.005330557378053847 16.07
1608 0.005316241307067782 16.08
1609 0.005308366836023788 16.09
1610 0.005298134708321306 16.1
1611 0.005291282703626125 16.11
1612 0.005280464431292558 16.12
1613 0.005272013409631278 16.13
1614 0.005259312055292973 16.14
1615 0.005240493607588406 16.15
1616 0.005227805345782047 16.16
1617 0.005209188421470451 16.17
1618 0.005196470571977209 16.18
1619 0.005177278152511702 16.19
1620 0.005163622893414156 16.2
1621 0.005142500866690393 16.21
1622 0.005127717111893627 16.22
1623 0.005105813842757528 16.23
1624 0.005091671618297789 16.24
1625 0.005070668190167487 16.25
1626 0.005056842656777489 16.26
1627 0.00503684754527532 16.27
1628 0.00502375700326795 16.28
1629 0.005005094336988574 16.29
1630 0.004992696652714588 16.3
1631 0.004975080272017983 16.31
1632 0.004963221650599339 16.32
1633 0.004949237981401174 16.33
1634 0.004930523560105127 16.34
1635 0.004918869720189008 16.35
1636 0.004905767723814266 16.36
1637 0.004889148996040317 16.37
1638 0.004878692414371194 16.38
1639 0.004866821465615978 16.39
1640 0.004851786262056779 16.4
1641 0.004842045573594954 16.41
1642 0.004830632769464802 16.42
1643 0.004815929617290839 16.43
1644 0.00480601956157672 16.44
1645 0.004794114161311328 16.45
1646 0.004780291598603268 16.46
1647 0.004765039174234217 16.47
1648 0.004744506082276259 16.48
1649 0.004732444063616325 16.49
1650 0.004719471717095099 16.5
1651 0.004705428782332044 16.51
1652 0.004690520451421549 16.52
1653 0.004675077485355002 16.53
1654 0.004659444790724995 16.54
1655 0.004643899817403706 16.55
1656 0.00462865692173523 16.56
1657 0.004613687894076885 16.57
1658 0.004598940692975809 16.58
1659 0.004584289477506748 16.59
1660 0.004569565407645385 16.6
1661 0.004552351528108275 16.61
1662 0.004541479582903798 16.62
1663 0.004528600986085922 16.63
1664 0.004510647490748075 16.64
1665 0.004497288245087344 16.65
1666 0.004481024721855051 16.66
1667 0.00445840628069239 16.67
1668 0.004442733518180681 16.68
1669 0.004425245964543612 16.69
1670 0.004406621086768386 16.7
1671 0.004387788985064845 16.71
1672 0.004369653541599967 16.72
1673 0.004352920998994842 16.73
1674 0.004338042612315415 16.74
1675 0.004325236765030875 16.75
1676 0.004315146872836718 16.76
1677 0.004315809767431867 16.77
1678 0.004316886570356851 16.78
1679 0.004314518842949176 16.79
1680 0.004307901664112353 16.8
1681 0.004293306943317408 16.81
1682 0.004282634773732572 16.82
1683 0.004268002764830429 16.83
1684 0.004243075820070353 16.84
1685 0.004227211973493589 16.85
1686 0.004211113124261444 16.86
1687 0.004186231883833209 16.87
1688 0.004171634815002987 16.88
1689 0.00415603780706832 16.89
1690 0.004133147605941774 16.9
1691 0.004120492471267872 16.91
1692 0.004107307017099363 16.92
1693 0.004088111945673312 16.93
1694 0.004077693211261403 16.94
1695 0.004061922099587774 16.95
1696 0.004050267955465798 16.96
1697 0.004027447525178561 16.97
1698 0.004018518798204637 16.98
1699 0.003999293397900758 16.99
1700 0.003992199697600717 17
1701 0.003975216799414342 17.01
1702 0.003969020163283756 17.02
1703 0.003952795503528452 17.03
1704 0.003946541512375458 17.04
1705 0.003929856672956192 17.05
1706 0.00392295003168035 17.06
1707 0.003905287051257917 17.07
1708 0.003897622114658602 17.08
1709 0.003878997196068068 17.09
1710 0.003870765666376601 17.1
1711 0.003851672876894361 17.11
1712 0.003843354219534931 17.12
1713 0.003824578503524338 17.13
1714 0.003810867787555753 17.14
1715 0.003805153076719046 17.15
1716 0.003789057653781021 17.16
1717 0.003783732058868188 17.17
1718 0.003768320758929515 17.18
1719 0.0037623667593952 17.19
1720 0.003746232270235594 17.2
1721 0.003739942190841408 17.21
1722 0.003723335454411854 17.22
1723 0.003716709319715437 17.23
1724 0.003706743802247731 17.24
1725 0.003686078941742462 17.25
1726 0.003678057026545783 17.26
1727 0.003667580070029513 17.27
1728 0.003655559623604714 17.28
1729 0.00363323916700484 17.29
1730 0.003624520302238064 17.3
1731 0.003612388720574586 17.31
1732 0.00359838793043316 17.32
1733 0.003583002902980921 17.33
1734 0.003557983012566661 17.34
1735 0.003547549244096269 17.35
1736 0.003535469374268209 17.36
1737 0.003521736504084321 17.37
1738 0.003498250795901017 17.38
1739 0.003488126363849408 17.39
1740 0.00346892353699354 17.4
1741 0.003460497030053799 17.41
1742 0.003449626027265995 17.42
1743 0.003429189266506133 17.43
1744 0.003420333158688811 17.44
1745 0.003409311308999796 17.45
1746 0.003396543318582284 17.46
1747 0.003382679048538954 17.47
1748 0.003360760922471948 17.48
1749 0.003352701003774385 17.49
1750 0.003343576288547749 17.5
1751 0.003333254963579573 17.51
1752 0.003315551527468879 17.52
1753 0.003309264063358775 17.53
1754 0.00330099360135654 17.54
1755 0.003284386508264868 17.55
1756 0.003277997230100585 17.56
1757 0.003269179383066788 17.57
1758 0.003251385563781902 17.58
1759 0.003244212920242989 17.59
1760 0.003234667375805113 17.6
1761 0.003215829944512633 17.61
1762 0.003208393888737483 17.62
1763 0.003196617095853581 17.63
1764 0.00318758969424642 17.64
1765 0.003173102136839372 17.65
1766 0.003162386105535111 17.66
1767 0.003145720141255325 17.67
1768 0.003133918540864792 17.68
1769 0.00311612516108619 17.69
1770 0.003103987910820481 17.7
1771 0.003086347438594534 17.71
1772 0.003074654759181643 17.72
1773 0.003058053231294531 17.73
1774 0.003047189691348438 17.74
1775 0.003031875307613488 17.75
1776 0.003027134430684849 17.76
1777 0.003014996779616369 17.77
1778 0.003008046066072194 17.78
1779 0.002993955382209877 17.79
1780 0.002985566282439543 17.8
1781 0.00296938047941574 17.81
1782 0.002959823721445081 17.82
1783 0.002942539952086418 17.83
1784 0.002932703765447955 17.84
1785 0.002916101482310317 17.85
1786 0.002906973722704945 17.86
1787 0.002891579249322362 17.87
1788 0.002883351772756536 17.88
1789 0.002869328669876893 17.89
1790 0.002861987544413367 17.9
1791 0.002849077588428695 17.91
1792 0.002842203452964257 17.92
1793 0.002829549282674311 17.93
1794 0.002822582172913274 17.94
1795 0.002809422521571901 17.95
1796 0.002801885909757662 17.96
1797 0.002787663284113992 17.97
1798 0.002779368548658046 17.98
1799 0.002769229488682867 17.99
1800 0.002752196764428427 18
1801 0.002742885754837604 18.01
1802 0.002732403120002558 18.02
1803 0.002717817300960845 18.03
1804 0.002710931287802834 18.04
1805 0.002702720225522785 18.05
1806 0.002687951217332518 18.06
1807 0.002680815542806116 18.07
1808 0.002672248080486505 18.08
1809 0.002662288764723694 18.09
1810 0.002645001662775268 18.1
1811 0.002636658310639144 18.11
1812 0.002626851254165161 18.12
1813 0.002615598737946796 18.13
1814 0.002596037320565141 18.14
1815 0.002586269053354914 18.15
1816 0.002575138118471561 18.16
1817 0.002555413710967954 18.17
1818 0.00254393241335288 18.18
1819 0.002522190218624352 18.19
1820 0.002512053244515353 18.2
1821 0.002493001847115671 18.21
1822 0.002484672815837045 18.22
1823 0.002475087406770846 18.23
1824 0.002457536135660102 18.24
1825 0.002450551186816932 18.25
1826 0.002442414825244971 18.26
1827 0.00242697672729759 18.27
1828 0.002421160725468554 18.28
1829 0.002414038038879305 18.29
1830 0.002405466665900871 18.3
1831 0.002389246869676671 18.31
1832 0.002382856379072399 18.32
1833 0.002374825509213291 18.33
1834 0.002365236220687187 18.34
1835 0.002347575356902172 18.35
1836 0.002340168637393097 18.36
1837 0.002331088262829961 18.37
1838 0.002322743378014249 18.38
1839 0.002305957419113276 18.39
1840 0.002298793411879842 18.4
1841 0.002289527178158893 18.41
1842 0.002278616187959019 18.42
1843 0.002258865632765344 18.43
1844 0.002250295088157294 18.44
1845 0.002233262379394759 18.45
1846 0.002225723467412077 18.46
1847 0.002209355214506869 18.47
1848 0.00220186414229845 18.48
1849 0.002186789301468011 18.49
1850 0.002179154767047876 18.5
1851 0.002164102242500282 18.51
1852 0.002156094592077721 18.52
1853 0.002146237444198746 18.53
1854 0.002128365958597265 18.54
1855 0.002119418193815815 18.55
1856 0.002109248303947141 18.56
1857 0.002091801104266919 18.57
1858 0.00208364273701129 18.58
1859 0.002074625940332945 18.59
1860 0.002059188696050284 18.6
1861 0.002052323405092449 18.61
1862 0.002044514275987587 18.62
1863 0.002030633039628731 18.63
1864 0.002024540789304377 18.64
1865 0.002015588491008271 18.65
1866 0.002001223755700947 18.66
1867 0.001994129761912189 18.67
1868 0.001986036141157579 18.68
1869 0.001972574281737804 18.69
1870 0.001965752366933783 18.7
1871 0.001957591164579446 18.71
1872 0.001948187270014543 18.72
1873 0.001931775100642738 18.73
1874 0.0019234958323128 18.74
1875 0.001914159571746886 18.75
1876 0.001899116689216142 18.76
1877 0.001891245558985683 18.77
1878 0.001882036248566195 18.78
1879 0.001866977041936853 18.79
1880 0.001859017806597996 18.8
1881 0.001849800238758202 18.81
1882 0.001839647615999683 18.82
1883 0.001828952451774434 18.83
1884 0.001813429616710091 18.84
1885 0.001806189597370731 18.85
1886 0.001798338458071402 18.86
1887 0.001789818844959258 18.87
1888 0.00178076399925802 18.88
1889 0.001771946320634075 18.89
1890 0.001758417405762932 18.9
1891 0.00175207190014487 18.91
1892 0.001743557784240676 18.92
1893 0.001733551704995882 18.93
1894 0.001722286177757922 18.94
1895 0.001705294015629365 18.95
1896 0.001695562974956276 18.96
1897 0.001684781971493679 18.97
1898 0.001673028227687758 18.98
1899 0.001655948738733312 18.99
1900 0.001646337559888419 19
1901 0.001636024846012268 19.01
1902 0.001621087447489688 19.02
1903 0.001612664570638072 19.03
1904 0.001598529511380775 19.04
1905 0.001587722511417657 19.05
1906 0.00157423378839408 19.06
1907 0.001565766114166206 19.07
1908 0.001555505099114452 19.08
1909 0.001548885468655684 19.09
1910 0.001540811009147693 19.1
1911 0.001538135741798113 19.11
1912 0.001533340926423091 19.12
1913 0.001523481674564161 19.13
1914 0.001518945201854065 19.14
1915 0.001512249003016897 19.15
1916 0.001499405166788705 19.16
1917 0.001493022739449904 19.17
1918 0.001484516467729341 19.18
1919 0.001474121278002686 19.19
1920 0.00145656932495361 19.2
1921 0.001447854776272422 19.21
1922 0.001437688471420768 19.22
1923 0.001426250097763101 19.23
1924 0.001407881445996052 19.24
1925 0.001399034839644949 19.25
1926 0.00138914035189755 19.26
1927 0.001372764573856593 19.27
1928 0.001364849858312156 19.28
1929 0.00135746021049489 19.29
1930 0.00134243669243282 19.3
1931 0.00133591064628855 19.31
1932 0.001327541750065161 19.32
1933 0.001311247276183252 19.33
1934 0.001303616679904319 19.34
1935 0.001294829456149908 19.35
1936 0.001281308660893524 19.36
1937 0.0012739029944315 19.37
1938 0.001265509794846552 19.38
1939 0.001256073399072007 19.39
1940 0.001241779190491246 19.4
1941 0.001234337980818535 19.41
1942 0.001225963691861946 19.42
1943 0.001216746406775011 19.43
1944 0.001203318516544463 19.44
1945 0.001196771977194999 19.45
1946 0.001189449865224537 19.46
1947 0.001181208080267721 19.47
1948 0.001168960479753231 19.48
1949 0.001162760245012325 19.49
1950 0.001155492531967991 19.5
1951 0.001147082973884739 19.51
1952 0.001134554375534242 19.52
1953 0.001127961179783095 19.53
1954 0.001120225035887735 19.54
1955 0.00111126433698641 19.55
1956 0.001101361226128213 19.56
1957 0.001078996036809882 19.57
1958 0.001068068388995914 19.58
1959 0.001057070647426147 19.59
1960 0.001046280549617381 19.6
1961 0.001036033123975982 19.61
1962 0.001026628987191944 19.62
1963 0.001015668080732516 19.63
1964 0.001012514666986587 19.64
1965 0.00100870146886115 19.65
1966 0.001003674158207767 19.66
1967 0.0009973266459734377 19.67
1968 0.0009898444248912833 19.68
1969 0.0009815670567094022 19.69
1970 0.0009728582128472947 19.7
1971 0.0009640140108094031 19.71
1972 0.0009552525187097198 19.72
1973 0.0009466809342069935 19.73
1974 0.0009383135611440626 19.74
1975 0.0009300981651939232 19.75
1976 0.0009219613891593139 19.76
1977 0.0009138294678781337 19.77
1978 0.0009056239310133028 19.78
1979 0.0008972423581075431 19.79
1980 0.0008884720231158583 19.8
1981 0.0008791677061913515 19.81
1982 0.000884142359466049 19.82
1983 0.0008864691448572063 19.83
1984 0.0008844701638811534 19.84
1985 0.0008784932576415929 19.85
1986 0.00086118046255414 19.86
1987 0.0008538965877218433 19.87
1988 0.0008433512426053113 19.88
1989 0.0008195720832294993 19.89
1990 0.0008083053817531798 19.9
1991 0.0007945800565274609 19.91
1992 0.0007678380713737055 19.92
1993 0.000756247116033345 19.93
1994 0.0007437587943691056 19.94
1995 0.0007212560664103722 19.95
1996 0.0007137295171350169 19.96
1997 0.0007061329199196831 19.97
1998 0.0006912748284179541 19.98
1999 0.0006884467083967133 19.99
2000 0.0006850158697756693 20
2001 0.0006747210786329119 20.01
2002 0.0006745834404040813 20.02
2003 0.0006724777450939518 20.03
2004 0.0006617115172216608 20.04
2005 0.000660031010931737 20.05
2006 0.0006488625184395335 20.06
2007 0.0006461337661699827 20.07
2008 0.0006325361496842879 20.08
2009 0.0006279441425129605 20.09
2010 0.000611409783325029 20.1
2011 0.0006050193764435653 20.11
2012 0.0005864866751507644 20.12
2013 0.0005793419632478668 20.13
2014 0.0005606712525280097 20.14
2015 0.0005539431967795345 20.15
2016 0.0005366259326122827 20.16
2017 0.0005310201830784067 20.17
2018 0.0005237538330883271 20.18
2019 0.0005064515777772459 20.19
2020 0.0005015964191591783 20.2
2021 0.0004955612840761856 20.21
2022 0.0004806398630369919 20.22
2023 0.0004772866233156519 20.23
2024 0.0004725771026211059 20.24
2025 0.0004590505818606045 20.25
2026 0.0004562830625346269 20.26
2027 0.0004518642447942936 20.27
2028 0.0004382709260450196 20.28
2029 0.0004349865211803742 20.29
2030 0.000429759075788483 20.3
2031 0.0004145652916997893 20.31
2032 0.0004102148902053918 20.32
2033 0.0004038548465592735 20.33
2034 0.0003954977695393097 20.34
2035 0.0003764299460595283 20.35
2036 0.0003703706607455217 20.36
2037 0.000362886732440941 20.37
2038 0.0003538939155786667 20.38
2039 0.0003436585471400552 20.39
2040 0.0003326646512176221 20.4
2041 0.000321430184742587 20.41
2042 0.0003011421956044603 20.42
2043 0.00029609401439165 20.43
2044 0.0002909101620375245 20.44
2045 0.0002848825064639506 20.45
2046 0.0002698979697757145 20.46
2047 0.0002665178071777576 20.47
2048 0.0002617218154910679 20.48
2049 0.0002553606625519582 20.49
2050 0.0002487295764449449 20.5
2051 0.0002409588125362949 20.51
2052 0.0002326212835810301 20.52
2053 0.0002156432913375865 20.53
2054 0.000212775547732665 20.54
2055 0.0002092190092991774 20.55
2056 0.0002044805910094389 20.56
2057 0.0001983944145169126 20.57
2058 0.0001808135689466142 20.58
2059 0.0001769651612674578 20.59
2060 0.0001720078983014286 20.6
2061 0.0001657023246689078 20.61
2062 0.0001582303791770301 20.62
2063 0.0001414414788287442 20.63
2064 0.0001379921467659638 20.64
2065 0.0001332352859184466 20.65
2066 0.0001269819279323535 20.66
2067 0.0001111206942275051 20.67
2068 0.0001076474619955062 20.68
2069 0.0001024630093700157 20.69
2070 8.75033730409468e-05 20.7
2071 8.398787149084437e-05 20.71
2072 7.850918375726599e-05 20.72
2073 6.294929801126073e-05 20.73
2074 5.977793746795225e-05 20.74
2075 5.452116965778582e-05 20.75
2076 3.903898666408988e-05 20.76
2077 3.551489683329936e-05 20.77
2078 3.005164573859828e-05 20.78
2079 2.270307826911176e-05 20.79
2080 5.053485606917197e-06 20.8
2081 3.592297347761776e-07 20.81
2082 -5.728138890760808e-06 20.82
2083 -1.331633881047792e-05 20.83
2084 -3.095740996800596e-05 20.84
2085 -3.53300678981673e-05 20.85
2086 -4.120430742310366e-05 20.86
2087 -4.87185391514297e-05 20.87
2088 -6.641616971967485e-05 20.88
2089 -7.099891446950629e-05 20.89
2090 -7.638260691173212e-05 20.9
2091 -9.173421717376134e-05 20.91
2092 -9.522068863796653e-05 20.92
2093 -0.0001087262491686136 20.93
2094 -0.000112262988548117 20.94
2095 -0.0001266456803451584 20.95
2096 -0.0001307542454415617 20.96
2097 -0.0001461151969658695 20.97
2098 -0.0001507642950617418 20.98
2099 -0.0001663879343693934 20.99
2100 -0.0001708084160749489 21
2101 -0.0001855353428580555 21.01
2102 -0.0001891150745860115 21.02
2103 -0.0002024961724887962 21.03
2104 -0.0002051694731938449 21.04
2105 -0.0002168805526078429 21.05
2106 -0.0002188242891780702 21.06
2107 -0.0002301208924292097 21.07
2108 -0.0002320466928603283 21.08
2109 -0.0002365041518564843 21.09
2110 -0.0002512003168188502 21.1
2111 -0.0002548017120258331 21.11
2112 -0.0002604595096124954 21.12
2113 -0.0002763387937326135 21.13
2114 -0.000280435900596792 21.14
2115 -0.0002864663850326189 21.15
2116 -0.0002943275325139432 21.16
2117 -0.0003126170325560576 21.17
2118 -0.0003177033170608694 21.18
2119 -0.0003242043825453488 21.19
2120 -0.0003321048158824982 21.2
2121 -0.0003411340807781389 21.21
2122 -0.0003508160838930296 21.22
2123 -0.0003607327900085786 21.23
2124 -0.0003704551461209069 21.24
2125 -0.0003797734299166845 21.25
2126 -0.0003885462226834415 21.26
2127 -0.0003968351841377942 21.27
2128 -0.0004047055653181175 21.28
2129 -0.0004123251935551338 21.29
2130 -0.0004205987426761731 21.3
2131 -0.0004286525095648054 21.31
2132 -0.0004451206720668058 21.32
2133 -0.0004479199328224965 21.33
2134 -0.0004516962089784828 21.34
2135 -0.0004569910707876069 21.35
2136 -0.0004720915316477775 21.36
2137 -0.0004753595306949008 21.37
2138 -0.0004802762242124929 21.38
2139 -0.0004953243239862226 21.39
2140 -0.0004985920021610888 21.4
2141 -0.0005036362946578458 21.41
2142 -0.0005102736669053505 21.42
2143 -0.000526613106384931 21.43
2144 -0.0005297207259356631 21.44
2145 -0.0005337453109522524 21.45
2146 -0.0005387988169441548 21.46
2147 -0.0005447794101205908 21.47
2148 -0.0005590429600428357 21.48
2149 -0.0005604605436606339 21.49
2150 -0.0005624995803446308 21.5
2151 -0.000566626456387701 21.51
2152 -0.0005727711943949338 21.52
2153 -0.0005906977076549799 21.53
2154 -0.0005946169965149111 21.54
2155 -0.0006002755476844403 21.55
2156 -0.0006075873823940466 21.56
2157 -0.0006162609455814926 21.57
2158 -0.0006257729745285667 21.58
2159 -0.0006462977197580241 21.59
2160 -0.0006504012102951924 21.6
2161 -0.0006549218622230221 21.61
2162 -0.0006601090526281084 21.62
2163 -0.0006661439897751297 21.63
2164 -0.0006818825399548567 21.64
2165 -0.000683639104711492 21.65
2166 -0.0006863819609614706 21.66
2167 -0.0006904509071382827 21.67
2168 -0.0006957851376065422 21.68
2169 -0.0007116075865928681 21.69
2170 -0.0007139265459468299 21.7
2171 -0.0007177840379128753 21.71
2172 -0.0007233329608621604 21.72
2173 -0.0007305136525855097 21.73
2174 -0.0007491920435533542 21.74
2175 -0.000753392101003247 21.75
2176 -0.0007588964352422603 21.76
2177 -0.0007671723965478258 21.77
2178 -0.0007762620103210417 21.78
2179 -0.0007955142315082296 21.79
2180 -0.0008007704827114962 21.8
2181 -0.0008069462922312446 21.81
2182 -0.0008141781945316525 21.82
2183 -0.0008314027513669553 21.83
2184 -0.000835991176576812 21.84
2185 -0.0008419171973901874 21.85
2186 -0.0008555673142919452 21.86
2187 -0.0008582333006589856 21.87
2188 -0.0008712270857508893 21.88
2189 -0.0008739349739690083 21.89
2190 -0.0008788531614634758 21.9
2191 -0.0008952255919548028 21.91
2192 -0.000899632160943497 21.92
2193 -0.0009057472781487552 21.93
2194 -0.0009232266705980105 21.94
2195 -0.0009279368644432025 21.95
2196 -0.0009333202332137325 21.96
2197 -0.0009489670856576719 21.97
2198 -0.0009519652738171776 21.98
2199 -0.0009561996859796699 21.99
2200 -0.0009701955081443525 22
2201 -0.0009726083816877616 22.01
2202 -0.0009765710515718814 22.02
2203 -0.0009909938862906382 22.03
2204 -0.0009940088543519124 22.04
2205 -0.0009988521552400991 22.05
2206 -0.00101426117046666 22.06
2207 -0.001017865434265597 22.07
2208 -0.001023072421528885 22.08
2209 -0.001038846172716925 22.09
2210 -0.00104270034004373 22.1
2211 -0.001048224789969129 22.11
2212 -0.00105528701640103 22.12
2213 -0.00107303605257543 22.13
2214 -0.001078219807634309 22.14
2215 -0.001084521679884216 22.15
2216 -0.001091889278128861 22.16
2217 -0.001100107769627257 22.17
2218 -0.001117614883465164 22.18
2219 -0.001122016663453773 22.19
2220 -0.001127096014195626 22.2
2221 -0.001133023431777252 22.21
2222 -0.001139648369945736 22.22
2223 -0.001146829818991983 22.23
2224 -0.001162568703813086 22.24
2225 -0.001165859448142098 22.25
2226 -0.001169885976480114 22.26
2227 -0.001174939308849471 22.27
2228 -0.001180942342475506 22.28
2229 -0.001187759429745657 22.29
2230 -0.0011950677810302 22.3
2231 -0.001210649900340343 22.31
2232 -0.001213892234719591 22.32
2233 -0.001217926860195415 22.33
2234 -0.001222985207030573 22.34
2235 -0.001229149836686382 22.35
2236 -0.001236239088366735 22.36
2237 -0.001252176874769968 22.37
2238 -0.001256033279820099 22.38
2239 -0.001260740403495677 22.39
2240 -0.001266323930600129 22.4
2241 -0.001272751349219254 22.41
2242 -0.001279785356761472 22.42
2243 -0.001287218992416726 22.43
2244 -0.001302624938205672 22.44
2245 -0.001305868692737097 22.45
2246 -0.001309682341581831 22.46
2247 -0.001314387206609612 22.47
2248 -0.001319979932132797 22.48
2249 -0.001326393213116655 22.49
2250 -0.001333349471659571 22.5
2251 -0.001340639383535116 22.51
2252 -0.00134796236426144 22.52
2253 -0.001355182137526834 22.53
2254 -0.0013621297257317 22.54
2255 -0.001368786025903518 22.55
2256 -0.001375089410816057 22.56
2257 -0.001381133011938886 22.57
2258 -0.001386910025063461 22.58
2259 -0.001399611630896125 22.59
2260 -0.001401118336254942 22.6
2261 -0.001403359966579632 22.61
2262 -0.001406648070866814 22.62
2263 -0.00141113317573978 22.63
2264 -0.001423944813546994 22.64
2265 -0.001426570290890991 22.65
2266 -0.00143064274277295 22.66
2267 -0.001436314014102999 22.67
2268 -0.001443383413431201 22.68
2269 -0.001460061556447492 22.69
2270 -0.001465036507494275 22.7
2271 -0.001471340781556533 22.71
2272 -0.00147899880419403 22.72
2273 -0.00148790271113693 22.73
2274 -0.001506751165421124 22.74
2275 -0.001512957258534177 22.75
2276 -0.001520105116368849 22.76
2277 -0.001528291638946322 22.77
2278 -0.001537253600873627 22.78
2279 -0.001555567809723283 22.79
2280 -0.001561149440303119 22.8
2281 -0.001567450576889442 22.81
2282 -0.001574496432218872 22.82
2283 -0.001582221960536957 22.83
2284 -0.001590669220730965 22.84
2285 -0.001607209561620696 22.85
2286 -0.001611435890811514 22.86
2287 -0.001616269153270244 22.87
2288 -0.001621886479533772 22.88
2289 -0.001628328249004979 22.89
2290 -0.001642719884545581 22.9
2291 -0.0016461406540697 22.91
2292 -0.001650430909589576 22.92
2293 -0.001655688153222438 22.93
2294 -0.001668593165392507 22.94
2295 -0.001671257430307658 22.95
2296 -0.001675052945643805 22.96
2297 -0.001680092206726068 22.97
2298 -0.001686185135454309 22.98
2299 -0.001700446095999214 22.99
2300 -0.001703905472234384 23
2301 -0.001708530252231426 23.01
2302 -0.001714352380718599 23.02
2303 -0.001721315639314961 23.03
2304 -0.001729112235175759 23.04
2305 -0.00173750060864909 23.05
2306 -0.001746144831267274 23.06
2307 -0.00175487073112104 23.07
2308 -0.001763475669522209 23.08
2309 -0.00177193393387379 23.09
2310 -0.001780161574964038 23.1
2311 -0.001788217178038079 23.11
2312 -0.001795981628122646 23.12
2313 -0.001803682886078378 23.13
2314 -0.00181130306610608 23.14
2315 -0.001818892685721498 23.15
2316 -0.001826365204794063 23.16
2317 -0.001833727202213321 23.17
2318 -0.00184087176095032 23.18
2319 -0.001847828426210105 23.19
2320 -0.001854454682720525 23.2
2321 -0.001861739964030862 23.21
2322 -0.001868538203171314 23.22
2323 -0.001874920235177601 23.23
2324 -0.001880905922627782 23.24
2325 -0.001886650236377639 23.25
2326 -0.001892187929840361 23.26
2327 -0.001897673088311841 23.27
2328 -0.001903143261575577 23.28
2329 -0.001908742648518661 23.29
2330 -0.001920561876558168 23.3
2331 -0.001922413824317309 23.31
2332 -0.001925361538490833 23.32
2333 -0.001927755526485667 23.33
2334 -0.001931308213432703 23.34
2335 -0.001936095146195196 23.35
2336 -0.001941951005580611 23.36
2337 -0.0019487241442763 23.37
2338 -0.001956086839943788 23.38
2339 -0.001963852084521399 23.39
2340 -0.001979416208118394 23.4
2341 -0.001983452339860217 23.41
2342 -0.001987795966376018 23.42
2343 -0.0019928486008267 23.43
2344 -0.001996772229969369 23.44
2345 -0.002010172276825355 23.45
2346 -0.002014706301430792 23.46
2347 -0.002020208286703503 23.47
2348 -0.002026671231664881 23.48
2349 -0.002033963602145636 23.49
2350 -0.00204176359878832 23.5
2351 -0.002049853700234016 23.51
2352 -0.002057944090108397 23.52
2353 -0.002065932799401559 23.53
2354 -0.002073681823481959 23.54
2355 -0.002081246079108536 23.55
2356 -0.002088593205218938 23.56
2357 -0.002095838367601783 23.57
2358 -0.002102969503439261 23.58
2359 -0.002110081887139162 23.59
2360 -0.002123004005929929 23.6
2361 -0.002126665201942452 23.61
2362 -0.002131505037805391 23.62
2363 -0.002137147425492032 23.63
2364 -0.002143467519200862 23.64
2365 -0.00215030274899123 23.65
2366 -0.00215729532363125 23.66
2367 -0.002164228586902699 23.67
2368 -0.002176305417926104 23.68
2369 -0.002179021740885289 23.69
2370 -0.002182250823144493 23.7
2371 -0.002186511669727722 23.71
2372 -0.002191867439302792 23.72
2373 -0.002203848312364364 23.73
2374 -0.002207730149179225 23.74
2375 -0.002213074060610156 23.75
2376 -0.002219918744442856 23.76
2377 -0.002233391819839467 23.77
2378 -0.002238593072742478 23.78
2379 -0.00224522358626729 23.79
2380 -0.002253202198859699 23.8
2381 -0.002262323753691906 23.81
2382 -0.002279026472977024 23.82
2383 -0.002285581969743466 23.83
2384 -0.002292744394961875 23.84
2385 -0.002300613958305709 23.85
2386 -0.002308913772456744 23.86
2387 -0.002323525658505679 23.87
2388 -0.002328355240173758 23.88
2389 -0.002333592913082283 23.89
2390 -0.002339333288468241 23.9
2391 -0.00234553877559102 23.91
2392 -0.002357087042550694 23.92
2393 -0.00236015557509601 23.93
2394 -0.002363827765200512 23.94
2395 -0.002368405143262674 23.95
2396 -0.002373762313306154 23.96
2397 -0.002379782765610519 23.97
2398 -0.002389339549097051 23.98
2399 -0.002390678273850918 23.99
2400 -0.002393491794339276 24
2401 -0.002398080119491148 24.01
2402 -0.002410790424664384 24.02
2403 -0.002414668022912729 24.03
2404 -0.002420209687039676 24.04
2405 -0.002434562771367859 24.05
2406 -0.002439415882586721 24.06
2407 -0.002445801162206248 24.07
2408 -0.002453543367362609 24.08
2409 -0.002462323221704598 24.09
2410 -0.002479476253872783 24.1
2411 -0.002484698786787697 24.11
2412 -0.002490192783575852 24.12
2413 -0.002496422573758601 24.13
2414 -0.002502853723852642 24.14
2415 -0.002509331609816263 24.15
2416 -0.002521925691041399 24.16
2417 -0.002523824844469486 24.17
2418 -0.002525936372368455 24.18
2419 -0.002528712826023802 24.19
2420 -0.002532172428107775 24.2
2421 -0.002541840712567305 24.21
2422 -0.002542710325633185 24.22
2423 -0.002544720093815719 24.23
2424 -0.002548060002733424 24.24
2425 -0.002552719845771063 24.25
2426 -0.002564637285686217 24.26
2427 -0.002567351435961009 24.27
2428 -0.00257129897301306 24.28
2429 -0.002576692986738262 24.29
2430 -0.0025833053209174 24.3
2431 -0.002597942494393245 24.31
2432 -0.002602120285785714 24.32
2433 -0.002607304718817414 24.33
2434 -0.00261355352885797 24.34
2435 -0.002620763113262176 24.35
2436 -0.002635704587381004 24.36
2437 -0.002639934418915473 24.37
2438 -0.002644828956136411 24.38
2439 -0.002650583810347082 24.39
2440 -0.002657059112872404 24.4
2441 -0.002670833245121886 24.41
2442 -0.002674218241642243 24.42
2443 -0.002678304398287647 24.43
2444 -0.002683261218954544 24.44
2445 -0.002689075782571174 24.45
2446 -0.002701007297952395 24.46
2447 -0.002703045584269182 24.47
2448 -0.002706216998827157 24.48
2449 -0.002712731545200089 24.49
2450 -0.002719955991334482 24.5
2451 -0.002727621150387542 24.51
2452 -0.002735328391514225 24.52
2453 -0.002742896844461173 24.53
2454 -0.002750108803862804 24.54
2455 -0.002756973127701827 24.55
2456 -0.00276343952370996 24.56
2457 -0.002769655273813918 24.57
2458 -0.002775665271165437 24.58
2459 -0.002781658637420805 24.59
2460 -0.002787665826927117 24.6
2461 -0.002793840187529976 24.61
2462 -0.002800166699851085 24.62
2463 -0.002806724666200695 24.63
2464 -0.00281343065754887 24.64
2465 -0.002820329224546745 24.65
2466 -0.002827315652264484 24.66
2467 -0.002834405873087204 24.67
2468 -0.002841478442213383 24.68
2469 -0.002848547969436044 24.69
2470 -0.002855456593296556 24.7
2471 -0.00286841885658796 24.71
2472 -0.002871766976905296 24.72
2473 -0.002875612736928486 24.73
2474 -0.002880292903472857 24.74
2475 -0.002891488268089581 24.75
2476 -0.00289469008248529 24.76
2477 -0.002898951600304701 24.77
2478 -0.002909930912507555 24.78
2479 -0.00291330172594359 24.79
2480 -0.002917777742504496 24.8
2481 -0.00292914975006316 24.81
2482 -0.002932704527769037 24.82
2483 -0.002937390359880334 24.83
2484 -0.00294892266077355 24.84
2485 -0.002952679932475065 24.85
2486 -0.002957499463579744 24.86
2487 -0.002969352656969415 24.87
2488 -0.002973357172938472 24.88
2489 -0.002978511055078034 24.89
2490 -0.002984829240751437 24.9
2491 -0.002998300006230374 24.91
2492 -0.003002883087773884 24.92
2493 -0.003008151145607912 24.93
2494 -0.003014168986296844 24.94
2495 -0.003026736271137635 24.95
2496 -0.003030682873860958 24.96
2497 -0.003035253430652757 24.97
2498 -0.003040602064234213 24.98
2499 -0.003046702375634597 24.99
2500 -0.003059031664157545 25
2501 -0.00306279065893893 25.01
2502 -0.003067010780458577 25.02
2503 -0.003072062210808666 25.03
2504 -0.003077841797195414 25.04
2505 -0.003084254784804799 25.05
2506 -0.00309098344378594 25.06
2507 -0.003097844343659405 25.07
2508 -0.003104566889809392 25.08
2509 -0.003111094224670281 25.09
2510 -0.003117302511244024 25.1
2511 -0.003123274261827275 25.11
2512 -0.003129000950194725 25.12
2513 -0.003134639753378262 25.13
2514 -0.003140212014759717 25.14
2515 -0.003145881924260128 25.15
2516 -0.00315164007539206 25.16
2517 -0.003157600056962481 25.17
2518 -0.003169272558936007 25.18
2519 -0.003172682790367313 25.19
2520 -0.003176657759286947 25.2
2521 -0.003181663354164116 25.21
2522 -0.003187641687569835 25.22
2523 -0.003200310943139597 25.23
2524 -0.003204607365730026 25.24
2525 -0.003209447807381135 25.25
2526 -0.003214967074309751 25.26
2527 -0.003221138336281442 25.27
2528 -0.003233402290634408 25.28
2529 -0.003237153626479404 25.29
2530 -0.003241143848134433 25.3
2531 -0.003245843508399931 25.31
2532 -0.0032563329808982 25.32
2533 -0.003259457569432399 25.33
2534 -0.003263251523407838 25.34
2535 -0.003273227542096275 25.35
2536 -0.003276453047023371 25.36
2537 -0.003280766129890848 25.37
2538 -0.003291774450849012 25.38
2539 -0.003295793765084157 25.39
2540 -0.003299743162028856 25.4
2541 -0.00330539874201151 25.41
2542 -0.003320384719594868 25.42
2543 -0.003324681834851547 25.43
2544 -0.003329752924989968 25.44
2545 -0.003335677231837043 25.45
2546 -0.003342152028277824 25.46
2547 -0.003348964205458668 25.47
2548 -0.003362960892294727 25.48
2549 -0.003365501791016452 25.49
2550 -0.003368243340710718 25.5
2551 -0.003371736163660348 25.51
2552 -0.00337606835643733 25.52
2553 -0.003381289581376483 25.53
2554 -0.003387158979338057 25.54
2555 -0.003393530936041987 25.55
2556 -0.003399263782547519 25.56
2557 -0.003405308938753765 25.57
2558 -0.003411528737020394 25.58
2559 -0.00341922321754094 25.59
2560 -0.003426532250061195 25.6
2561 -0.003433506389577459 25.61
2562 -0.003440129292822716 25.62
2563 -0.003446577720140462 25.63
2564 -0.003452890954242709 25.64
2565 -0.003459251634236971 25.65
2566 -0.003465665094215376 25.66
2567 -0.003472238363804501 25.67
2568 -0.003479644910925757 25.68
2569 -0.00348696524506647 25.69
2570 -0.003500503009029831 25.7
2571 -0.003504391736702472 25.71
2572 -0.003508229351095792 25.72
2573 -0.003517619044048885 25.73
2574 -0.003526333086076152 25.74
2575 -0.003534313131281314 25.75
2576 -0.0035413489151227 25.76
2577 -0.00354744404725625 25.77
2578 -0.003552547869774548 25.78
2579 -0.003556841790857055 25.79
2580 -0.003560451082623072 25.8
2581 -0.003563726868043156 25.81
2582 -0.003566908910541149 25.82
2583 -0.003570370677790346 25.83
2584 -0.003574286989847711 25.84
2585 -0.00357892699501142 25.85
2586 -0.003587788764921106 25.86
2587 -0.003591943970159562 25.87
2588 -0.003597210329204246 25.88
2589 -0.003603913236401777 25.89
2590 -0.003611857206754082 25.9
2591 -0.003625801347568486 25.91
2592 -0.003632645191969802 25.92
2593 -0.003639849634769019 25.93
2594 -0.00364730448091874 25.94
2595 -0.003654848616251432 25.95
2596 -0.003666256488384492 25.96
2597 -0.003670463139088516 25.97
2598 -0.003674249132707727 25.98
2599 -0.003677958506912166 25.99
2600 -0.003681599817496676 26
2601 -0.003687844895947667 26.01
2602 -0.003689171831563942 26.02
2603 -0.003690918234722758 26.03
2604 -0.003693364078873472 26.04
2605 -0.003696706535300597 26.05
2606 -0.003703837107843215 26.06
2607 -0.003706512521985283 26.07
2608 -0.003710179649937809 26.08
2609 -0.003715086504120961 26.09
2610 -0.00372108626587316 26.1
2611 -0.003732340638021282 26.11
2612 -0.003737490089548388 26.12
2613 -0.003743497871860463 26.13
2614 -0.003754702200630584 26.14
2615 -0.003760066957542004 26.15
2616 -0.003765602874618769 26.16
2617 -0.003772233496634749 26.17
2618 -0.003784519715174294 26.18
2619 -0.00379009474868592 26.19
2620 -0.003796241404469223 26.2
2621 -0.003802915500005103 26.21
2622 -0.003809992247168648 26.22
2623 -0.003822055235073573 26.23
2624 -0.003826708146584645 26.24
2625 -0.003831613043012193 26.25
2626 -0.00383681292418074 26.26
2627 -0.003842355156809652 26.27
2628 -0.003852025692414789 26.28
2629 -0.003855450766699535 26.29
2630 -0.003859274300022563 26.3
2631 -0.003863771221235854 26.31
2632 -0.003868865267694849 26.32
2633 -0.003874515280865552 26.33
2634 -0.00388454496992074 26.34
2635 -0.003888280290425354 26.35
2636 -0.00389249229738008 26.36
2637 -0.003897477201861153 26.37
2638 -0.003902304252011472 26.38
2639 -0.003908306739443658 26.39
2640 -0.003915198776499227 26.4
2641 -0.003929480435987576 26.41
2642 -0.00393713226618091 26.42
2643 -0.003944497861171722 26.43
2644 -0.003951551605740899 26.44
2645 -0.003962952579998625 26.45
2646 -0.003966485037167713 26.46
2647 -0.003970081583293594 26.47
2648 -0.003973938236339142 26.48
2649 -0.003978212344451588 26.49
2650 -0.003986436063536923 26.5
2651 -0.003988659093368624 26.51
2652 -0.003991583300937565 26.52
2653 -0.003995512036353611 26.53
2654 -0.004000368032638247 26.54
2655 -0.00401025594840151 26.55
2656 -0.004013791400952236 26.56
2657 -0.004018271983247198 26.57
2658 -0.004023672891832801 26.58
2659 -0.004029916324994975 26.59
2660 -0.004036659404248211 26.6
2661 -0.004043662565857987 26.61
2662 -0.004050540696050318 26.62
2663 -0.004057129223737686 26.63
2664 -0.004063194013672432 26.64
2665 -0.004068761526386743 26.65
2666 -0.004078239460914149 26.66
2667 -0.004081601809999267 26.67
2668 -0.004084797862863502 26.68
2669 -0.004088251820293584 26.69
2670 -0.004094081365291661 26.7
2671 -0.004096681034508635 26.71
2672 -0.004100343629386797 26.72
2673 -0.004107762375949795 26.73
2674 -0.004111791276418343 26.74
2675 -0.004117199314078381 26.75
2676 -0.004127029406924656 26.76
2677 -0.004132392228916146 26.77
2678 -0.004138705821517502 26.78
2679 -0.004145883299993036 26.79
2680 -0.004157092443837567 26.8
2681 -0.004162495458369699 26.81
2682 -0.004168169754788538 26.82
2683 -0.004174194829120863 26.83
2684 -0.004183356742717113 26.84
2685 -0.004187435708328443 26.85
2686 -0.004191912930533152 26.86
2687 -0.004199529108984027 26.87
2688 -0.004203053876162553 26.88
2689 -0.004207506004107368 26.89
2690 -0.004212842563407271 26.9
2691 -0.004226002287411822 26.91
2692 -0.004233369405085679 26.92
2693 -0.004240409575563332 26.93
2694 -0.004246879197034661 26.94
2695 -0.004253437820416803 26.95
2696 -0.004256938928624783 26.96
2697 -0.004260540700136591 26.97
2698 -0.004264353207831364 26.98
2699 -0.004268483090705821 26.99
2700 -0.004272795657054699 27
2701 -0.00427719161061257 27.01
2702 -0.004279882820754563 27.02
2703 -0.004283331487385167 27.03
2704 -0.004287593620125773 27.04
2705 -0.004292693948675764 27.05
2706 -0.004298968446091193 27.06
2707 -0.004303284786590502 27.07
2708 -0.004308455884216306 27.08
2709 -0.004314529203438074 27.09
2710 -0.004321220697060997 27.1
2711 -0.004329531254136275 27.11
2712 -0.00433478427537003 27.12
2713 -0.004340632313872925 27.13
2714 -0.004347092714932351 27.14
2715 -0.004353873647977684 27.15
2716 -0.004360670599414109 27.16
2717 -0.004368069803649227 27.17
2718 -0.004372583082676052 27.18
2719 -0.004377357921584045 27.19
2720 -0.004382498215741664 27.2
2721 -0.004388116061679193 27.21
2722 -0.004394092375632464 27.22
2723 -0.004401073778353148 27.23
2724 -0.004405931003657814 27.24
2725 -0.004411588125680169 27.25
2726 -0.004418063978053078 27.26
2727 -0.004425329225040206 27.27
2728 -0.004434382147103866 27.28
2729 -0.004440642458488676 27.29
2730 -0.004447401661782917 27.3
2731 -0.004454680658410272 27.31
2732 -0.004463338933823958 27.32
2733 -0.004469155131255659 27.33
2734 -0.004475279038665327 27.34
2735 -0.004482497870875068 27.35
2736 -0.004487547722251387 27.36
2737 -0.004493154913196581 27.37
2738 -0.004499706222876459 27.38
2739 -0.004504561525904898 27.39
2740 -0.004510030532129767 27.4
2741 -0.004516615664592948 27.41
2742 -0.00452147781094359 27.42
2743 -0.004527073962227853 27.43
2744 -0.004533779046312444 27.44
2745 -0.004538774542832983 27.45
2746 -0.004544411200033861 27.46
2747 -0.004551258725079358 27.47
2748 -0.004556264929794955 27.48
2749 -0.004561976208160226 27.49
2750 -0.004568231234875703 27.5
2751 -0.004575552404284816 27.51
2752 -0.004580540869593266 27.52
2753 -0.004586018241090964 27.53
2754 -0.004591906979765868 27.54
2755 -0.004598152010400446 27.55
2756 -0.004605004858456846 27.56
2757 -0.004609607982059559 27.57
2758 -0.004614563327490403 27.58
2759 -0.004620047781705507 27.59
2760 -0.004625906966398132 27.6
2761 -0.004632495700527813 27.61
2762 -0.004636991485470011 27.62
2763 -0.004642024429655816 27.63
2764 -0.004647556276510322 27.64
2765 -0.004654543880716393 27.65
2766 -0.004659584464876143 27.66
2767 -0.004665086452348709 27.67
2768 -0.004670964115040035 27.68
2769 -0.004677288853004359 27.69
2770 -0.004681924206140238 27.7
2771 -0.004687057154677696 27.71
2772 -0.004692635395580055 27.72
2773 -0.004698615977570672 27.73
2774 -0.00470484325822233 27.74
2775 -0.004709380825564452 27.75
2776 -0.004714327969825136 27.76
2777 -0.004719844164640446 27.77
2778 -0.004725742217831113 27.78
2779 -0.004732095644417505 27.79
2780 -0.004736713123058554 27.8
2781 -0.004741868973466236 27.81
2782 -0.004747536084649866 27.82
2783 -0.004754248220566237 27.83
2784 -0.004759612225834356 27.84
2785 -0.004765526930912092 27.85
2786 -0.004771769054214996 27.86
2787 -0.004777089666210063 27.87
2788 -0.004782993946718296 27.88
2789 -0.004789489864221476 27.89
2790 -0.004796251664387585 27.9
2791 -0.004803037060776069 27.91
2792 -0.004808005735272378 27.92
2793 -0.004813218621164908 27.93
2794 -0.004818655438953524 27.94
2795 -0.004824313515094976 27.95
2796 -0.004829964401288122 27.96
2797 -0.004835523873293037 27.97
2798 -0.004840757260995796 27.98
2799 -0.004845649596533452 27.99
2800 -0.004848967828391252 28
2801 -0.004851644752963122 28.01
2802 -0.00485466769541588 28.02
2803 -0.004858414074169293 28.03
2804 -0.004861927088540274 28.04
2805 -0.004865725397155675 28.05
2806 -0.004870523868050388 28.06
2807 -0.004876084929008808 28.07
2808 -0.004881173305261043 28.08
2809 -0.004886292247620963 28.09
2810 -0.004892853707028617 28.1
2811 -0.004897673872792125 28.11
2812 -0.00490355761742736 28.12
2813 -0.004910425576559812 28.13
2814 -0.0049193975316112 28.14
2815 -0.004924999065847284 28.15
2816 -0.004931050706014815 28.16
2817 -0.004938855249221472 28.17
2818 -0.00494424481772475 28.18
2819 -0.004950261326647496 28.19
2820 -0.004957942913281134 28.2
2821 -0.004963123408158459 28.21
2822 -0.004968960068353564 28.22
2823 -0.00497656938101493 28.23
2824 -0.004981646323281525 28.24
2825 -0.004987459943097641 28.25
2826 -0.004994841715726688 28.26
2827 -0.004999798343481083 28.27
2828 -0.005005371318604702 28.28
2829 -0.00501246947672754 28.29
2830 -0.005017208957105768 28.3
2831 -0.005022681439418235 28.31
2832 -0.005020451511792465 28.32
2833 -0.005024465876679163 28.33
2834 -0.005024852927273731 28.34
2835 -0.005028066762826276 28.35
2836 -0.005033736230572335 28.36
2837 -0.005041382736060073 28.37
2838 -0.00505694043072188 28.38
2839 -0.005062656380141049 28.39
2840 -0.005069107211637758 28.4
2841 -0.005076329555877888 28.41
2842 -0.005083999500501271 28.42
2843 -0.005098091467842869 28.43
2844 -0.005102131054812268 28.44
2845 -0.005106436118000444 28.45
2846 -0.005109910194438551 28.46
2847 -0.0051141672936028 28.47
2848 -0.005124295645725966 28.48
2849 -0.005126270142695053 28.49
2850 -0.005129173087559757 28.5
2851 -0.005133285478274057 28.51
2852 -0.005138441229994887 28.52
2853 -0.005151550620967 28.53
2854 -0.005155371979981806 28.54
2855 -0.005159840862774393 28.55
2856 -0.005164992359375118 28.56
2857 -0.005170806775292379 28.57
2858 -0.005182375452037602 28.58
2859 -0.005185300929118391 28.59
2860 -0.005188797947718799 28.6
2861 -0.005193202093036277 28.61
2862 -0.005198379806876103 28.62
2863 -0.00520943502086884 28.63
2864 -0.005212234695459726 28.64
2865 -0.00521594505005649 28.65
2866 -0.005220620803820838 28.66
2867 -0.005231401839340021 28.67
2868 -0.005234323682749798 28.68
2869 -0.005238064061941667 28.69
2870 -0.005247943033732456 28.7
2871 -0.005250553778719067 28.71
2872 -0.005254387255279891 28.72
2873 -0.005264653351709534 28.73
2874 -0.005267464192728316 28.74
2875 -0.005271548547728816 28.75
2876 -0.005281935110218196 28.76
2877 -0.005284807127857346 28.77
2878 -0.005288790009821246 28.78
2879 -0.005299029898675265 28.79
2880 -0.005301722104370734 28.8
2881 -0.005305602344223861 28.81
2882 -0.005315600483970533 28.82
2883 -0.005318250241812567 28.83
2884 -0.005327351009381033 28.84
2885 -0.005339812558304047 28.85
2886 -0.005345299508358045 28.86
2887 -0.00535057342593412 28.87
2888 -0.00535564736050504 28.88
2889 -0.00536238562638883 28.89
2890 -0.005364616364824886 28.9
2891 -0.005367240162038429 28.91
2892 -0.005370382842450632 28.92
2893 -0.00537546879018516 28.93
2894 -0.005377382715055927 28.94
2895 -0.005380395480078334 28.95
2896 -0.005384514197284146 28.96
2897 -0.00539166801741245 28.97
2898 -0.005395118995891719 28.98
2899 -0.005399738598805327 28.99
2900 -0.005405390039035716 29
2901 -0.005414489295335778 29.01
2902 -0.005418918293755868 29.02
2903 -0.005424189234910773 29.03
2904 -0.005432609047601704 29.04
2905 -0.005436814481625815 29.05
2906 -0.005441850775463707 29.06
2907 -0.005450155865260612 29.07
2908 -0.005454297896744413 29.08
2909 -0.005459391219023528 29.09
2910 -0.005465290987497443 29.1
2911 -0.005474402734184813 29.11
2912 -0.005478706347473968 29.12
2913 -0.005483705749502302 29.13
2914 -0.005489337034460022 29.14
2915 -0.005497697157130057 29.15
2916 -0.005501511291178539 29.16
2917 -0.005506249162927521 29.17
2918 -0.005511879538203053 29.18
2919 -0.005521057225573753 29.19
2920 -0.005525444955596392 29.2
2921 -0.005530684368674002 29.21
2922 -0.005536648006106201 29.22
2923 -0.005543169415117795 29.23
2924 -0.005552570407441798 29.24
2925 -0.005556532704720345 29.25
2926 -0.005560743088352451 29.26
2927 -0.005565399675732842 29.27
2928 -0.005570356537686475 29.28
2929 -0.005575554961914751 29.29
2930 -0.005580749930334314 29.3
2931 -0.005585897069582221 29.31
2932 -0.005590844559833628 29.32
2933 -0.005595691328579141 29.33
2934 -0.005600415168160354 29.34
2935 -0.005605192672715239 29.35
2936 -0.005610035830904043 29.36
2937 -0.005615100922806922 29.37
2938 -0.005620358304941972 29.38
2939 -0.005628191529948447 29.39
2940 -0.005631597504059855 29.4
2941 -0.005635900256177299 29.41
2942 -0.005643539587591049 29.42
2943 -0.005647674438085033 29.43
2944 -0.005653042740619544 29.44
2945 -0.00565964358465796 29.45
2946 -0.005670185660645412 29.46
2947 -0.005675588748730836 29.47
2948 -0.00568160448276836 29.48
2949 -0.005688424113312963 29.49
2950 -0.005695189327128146 29.5
2951 -0.005702087209069309 29.51
2952 -0.005711489984277278 29.52
2953 -0.005715188407819859 29.53
2954 -0.00571896223709299 29.54
2955 -0.005723117449398085 29.55
2956 -0.005727599054828983 29.56
2957 -0.005732407525990467 29.57
2958 -0.005738588979373866 29.58
2959 -0.005740687950073292 29.59
2960 -0.005743419691338378 29.6
2961 -0.00574708988182106 29.61
2962 -0.005751615075623502 29.62
2963 -0.005756950512206148 29.63
2964 -0.005762805353503105 29.64
2965 -0.005769043574137706 29.65
2966 -0.005775389006820317 29.66
2967 -0.005781794538242943 29.67
2968 -0.005788107647793398 29.68
2969 -0.005794402617430847 29.69
2970 -0.005800618608109126 29.7
2971 -0.005806452452784772 29.71
2972 -0.005812387942733878 29.72
2973 -0.005818539782706969 29.73
2974 -0.005824817838782352 29.74
2975 -0.005833032843402773 29.75
2976 -0.005840621427113813 29.76
2977 -0.005847681091178246 29.77
2978 -0.005854155463728537 29.78
2979 -0.005860169252966035 29.79
2980 -0.005866136023107637 29.8
2981 -0.005871601329702385 29.81
2982 -0.005876505155080104 29.82
2983 -0.005880978350090225 29.83
2984 -0.005885005304301253 29.84
2985 -0.005888766875441935 29.85
2986 -0.005892288646411682 29.86
2987 -0.00589577533381987 29.87
2988 -0.005899259032245318 29.88
2989 -0.005902934178198228 29.89
2990 -0.005906805561305848 29.9
2991 -0.005911027563150541 29.91
2992 -0.005915557268502147 29.92
2993 -0.005920500313478106 29.93
2994 -0.00592576703896885 29.94
2995 -0.005931423494903616 29.95
2996 -0.005937346354104474 29.96
2997 -0.005945265470019364 29.97
2998 -0.005949575978713616 29.98
2999 -0.005954678676495639 29.99
3000 -0.005960762935140553 30
