"y-force-rfile"
"Time Step" "y-force etc.."
("Time Step" "y-force" "flow-time")
0 1.292469707114106e-26 0
1 3.536206840053637 0.01
2 -0.9624984301526638 0.02
3 0.01501449036749136 0.03
4 0.09408169012499457 0.04
5 -0.7366480248322205 0.05
6 0.1475331457820168 0.06
7 0.5944830717409104 0.07000000000000001
8 0.0004603333201202986 0.08
9 -0.05958664389738999 0.09
10 -0.047630606241853 0.1
11 -0.07028557375616629 0.11
12 0.05498799055929737 0.12
13 0.1351403113598746 0.13
14 -0.03304833486824066 0.14
15 0.04471229688726197 0.15
16 0.04651136544134982 0.16
17 -0.0319165491654041 0.17
18 0.01665246387078234 0.18
19 0.01813451908280328 0.19
20 0.01167495806603647 0.2
21 0.01949111680546167 0.21
22 0.0206717046534477 0.22
23 0.0225615504483514 0.23
24 0.02390267804339974 0.24
25 0.02776930627643814 0.25
26 0.02315121938950249 0.26
27 0.02040549136545389 0.27
28 0.01876322840354216 0.28
29 0.02071589529741047 0.29
30 0.02114660117665923 0.3
31 0.01907372832278542 0.31
32 0.01862909935217638 0.32
33 0.01947642948670791 0.33
34 0.01995752754648447 0.34
35 0.01827170996956795 0.35
36 0.01978415629687147 0.36
37 0.02020199079603602 0.37
38 0.02031194147152959 0.38
39 0.02005757702978661 0.39
40 0.02110104966404192 0.4
41 0.0221075610219108 0.41
42 0.02091756529970423 0.42
43 0.0219678361111777 0.43
44 0.022385616276269 0.44
45 0.02111113275912291 0.45
46 0.02153239700704479 0.46
47 0.02120406618243198 0.47
48 0.02247967272610474 0.48
49 0.021705789184991 0.49
50 0.02176118696347773 0.5
51 0.02212691420713275 0.51
52 0.02214168926745175 0.52
53 0.02179625660403871 0.53
54 0.02190127999713531 0.54
55 0.02258971534837384 0.55
56 0.02254806632686046 0.5600000000000001
57 0.02230216105550098 0.5700000000000001
58 0.02225461734923032 0.58
59 0.02243926031971955 0.59
60 0.02244376454612851 0.6
61 0.02056331677923118 0.61
62 0.02278507331662383 0.62
63 0.02361838729257149 0.63
64 0.02268479323427619 0.64
65 0.02226114835047088 0.65
66 0.02351449036090414 0.66
67 0.02349603202606698 0.67
68 0.0229100138135987 0.68
69 0.02212336947508331 0.6900000000000001
70 0.0240290080743667 0.7000000000000001
71 0.02353897877952693 0.71
72 0.02306902545311673 0.72
73 0.0232672217280914 0.73
74 0.02389862503683507 0.74
75 0.02358433926582777 0.75
76 0.02357675314057628 0.76
77 0.02309905603625615 0.77
78 0.0234196521830287 0.78
79 0.02326030390714202 0.79
80 0.02362825884643889 0.8
81 0.02472104620849129 0.8100000000000001
82 0.02393187131981345 0.8200000000000001
83 0.02358395920001585 0.8300000000000001
84 0.0234835384596262 0.84
85 0.02352317059970832 0.85
86 0.02331933977412609 0.86
87 0.02357395961358216 0.87
88 0.02384470976048669 0.88
89 0.0242399276520664 0.89
90 0.02439599663096992 0.9
91 0.02455692208969418 0.91
92 0.02450820965678713 0.92
93 0.02437141374202334 0.93
94 0.0242871336441618 0.9400000000000001
95 0.02450986174797731 0.9500000000000001
96 0.02507546559618812 0.96
97 0.02496177125942378 0.97
98 0.02465642000503865 0.98
99 0.02461394729232769 0.99
100 0.0246317932297152 1
101 0.02438415385960424 1.01
102 0.02424256154854976 1.02
103 0.02421393860281829 1.03
104 0.02402340340953746 1.04
105 0.024695506264092 1.05
106 0.0252002797842083 1.06
107 0.02516988042583945 1.07
108 0.0248119172244457 1.08
109 0.02452801657702475 1.09
110 0.02437463195181599 1.1
111 0.02438693641107326 1.11
112 0.02447527176274278 1.12
113 0.02457917131647691 1.13
114 0.02462656897852228 1.14
115 0.02463839472041623 1.15
116 0.02461474481255344 1.16
117 0.02467750878722402 1.17
118 0.02469788143531892 1.18
119 0.0247787415329182 1.19
120 0.02479148455033842 1.2
121 0.02491128462413664 1.21
122 0.02498600925926753 1.22
123 0.02507673935407626 1.23
124 0.0251404520267447 1.24
125 0.02515963578751035 1.25
126 0.02516898872989598 1.26
127 0.02516546391333604 1.27
128 0.02522711717723786 1.28
129 0.02519229698097844 1.29
130 0.02521684813712885 1.3
131 0.02532382645190862 1.31
132 0.02539013864253264 1.32
133 0.02545740602541352 1.33
134 0.02541897638603122 1.34
135 0.02552345571544198 1.35
136 0.02560621406127825 1.36
137 0.02561290060307353 1.37
138 0.02556711124300404 1.38
139 0.02556027672565764 1.39
140 0.02562035525698481 1.4
141 0.02568476787602164 1.41
142 0.02570193484301697 1.42
143 0.0258048196141441 1.43
144 0.02583169781772277 1.44
145 0.02588208901130629 1.45
146 0.02595194243783006 1.46
147 0.02603214404353732 1.47
148 0.02610562124312737 1.48
149 0.02613484680117889 1.49
150 0.02627701298742208 1.5
151 0.02628478012234992 1.51
152 0.02628256049413197 1.52
153 0.02629267519763862 1.53
154 0.02631035826609823 1.54
155 0.02637366607895431 1.55
156 0.02644072440570372 1.56
157 0.02649440254188484 1.57
158 0.02645224890998199 1.58
159 0.02648178203705542 1.59
160 0.02654751548705242 1.6
161 0.02662867869219027 1.61
162 0.02672324841440221 1.62
163 0.02680199399006095 1.63
164 0.02685312449997984 1.64
165 0.02690728260919872 1.65
166 0.02688439850490371 1.66
167 0.02692412713627845 1.67
168 0.02698292597180635 1.68
169 0.02710118613575341 1.69
170 0.02717203145853914 1.7
171 0.02722663100113992 1.71
172 0.02727361395361477 1.72
173 0.02726795628516787 1.73
174 0.02727751559105046 1.74
175 0.02731084076667467 1.75
176 0.02730181189247877 1.76
177 0.02732018614393528 1.77
178 0.0273576221957057 1.78
179 0.02740442807293533 1.79
180 0.02745603254117743 1.8
181 0.02745983154091586 1.81
182 0.02749695008943256 1.82
183 0.02750094278596668 1.83
184 0.02750289649287521 1.84
185 0.02748970253899968 1.85
186 0.02750196591678333 1.86
187 0.02753928071685571 1.87
188 0.02755674389204479 1.88
189 0.02755006855256656 1.89
190 0.02760114723444915 1.9
191 0.02764673489188268 1.91
192 0.02768180240160387 1.92
193 0.02770904446906741 1.93
194 0.02769512092079696 1.94
195 0.02771496379689131 1.95
196 0.0277192787153728 1.96
197 0.02780012170239465 1.97
198 0.02786262944739154 1.98
199 0.02789350106018823 1.99
200 0.02784868478061214 2
201 0.02787138299447284 2.01
202 0.02790874310770164 2.02
203 0.02793879962593709 2.03
204 0.02795214981440575 2.04
205 0.02793933797303927 2.05
206 0.02796817512487815 2.06
207 0.02799130568419145 2.07
208 0.02801618059221661 2.08
209 0.02805273383512324 2.09
210 0.02808486501110563 2.1
211 0.028111669986147 2.11
212 0.02810780356658615 2.12
213 0.02811517829173615 2.13
214 0.02813596093205489 2.14
215 0.02816572941894502 2.15
216 0.02819236813408221 2.16
217 0.02826626740409771 2.17
218 0.02832530465522043 2.18
219 0.02835963828358112 2.19
220 0.02837987815633314 2.2
221 0.02842012643348674 2.21
222 0.0284493440131422 2.22
223 0.02846395241039257 2.23
224 0.02847807576241446 2.24
225 0.02849202405733253 2.25
226 0.02851588409489908 2.26
227 0.02851980396359721 2.27
228 0.02853898315527187 2.28
229 0.02858077307135853 2.29
230 0.02859870257443536 2.3
231 0.02859965501554768 2.31
232 0.02863944233653015 2.32
233 0.02866339451738487 2.33
234 0.02867521083935087 2.34
235 0.02868324264066086 2.35
236 0.02869044891348518 2.36
237 0.02870141727715542 2.37
238 0.02871724182166183 2.38
239 0.02873115101287804 2.39
240 0.02873779125301276 2.4
241 0.02874174700457055 2.41
242 0.02874650948579766 2.42
243 0.02875646032128498 2.43
244 0.0287772151850243 2.44
245 0.02880197255823597 2.45
246 0.02882462716706263 2.46
247 0.02887918194946712 2.47
248 0.02891060797173903 2.48
249 0.0289288949998773 2.49
250 0.02894738121512205 2.5
251 0.02894179256773402 2.51
252 0.02890582362989227 2.52
253 0.02890786383068311 2.53
254 0.02891688480876009 2.54
255 0.02890589717184069 2.55
256 0.02891015853593981 2.56
257 0.0289205566090788 2.57
258 0.02898746675301614 2.58
259 0.02905584372695494 2.59
260 0.02908107083761299 2.6
261 0.02908141343965562 2.61
262 0.02907183657727419 2.62
263 0.0290649538459215 2.63
264 0.02906813368951688 2.64
265 0.02907110890208353 2.65
266 0.02908657323907493 2.66
267 0.02907608260611144 2.67
268 0.02908687832833323 2.68
269 0.02910307383862359 2.69
270 0.02911660035635744 2.7
271 0.02913299701813976 2.71
272 0.02914235103424639 2.72
273 0.02910775830581469 2.73
274 0.02914152784469309 2.74
275 0.02913520308433504 2.75
276 0.02914728789581289 2.76
277 0.02918121419876091 2.77
278 0.02925720173189927 2.78
279 0.02930127851793896 2.79
280 0.02932360088102265 2.8
281 0.02933175412942962 2.81
282 0.02935806517178891 2.82
283 0.0293569056963891 2.83
284 0.02934614846250794 2.84
285 0.029332394148045 2.85
286 0.02933131663254396 2.86
287 0.02932238236524876 2.87
288 0.02932670598834966 2.88
289 0.02933246282040819 2.89
290 0.02933566608594387 2.9
291 0.0293558025699916 2.91
292 0.0293726098674793 2.92
293 0.02932910314330076 2.93
294 0.02937670998409672 2.94
295 0.02940209896863946 2.95
296 0.02943084045275146 2.96
297 0.02945484306821267 2.97
298 0.02947265330877805 2.98
299 0.02947987035159733 2.99
300 0.02948487181314702 3
301 0.0295060760181842 3.01
302 0.02950672783877553 3.02
303 0.0294980810643021 3.03
304 0.02949190095149812 3.04
305 0.02944909550657288 3.05
306 0.02943499925830764 3.06
307 0.02944142729612467 3.07
308 0.02946038098449086 3.08
309 0.02946636504109931 3.09
310 0.0295191737854307 3.1
311 0.02953744770763519 3.11
312 0.0295597734632429 3.12
313 0.02958032880174039 3.13
314 0.02957303711659381 3.14
315 0.0295638275790325 3.15
316 0.02961597814362815 3.16
317 0.02962906692096937 3.17
318 0.02959609386468282 3.18
319 0.02956794328255147 3.19
320 0.02955255991412942 3.2
321 0.02955548660430338 3.21
322 0.0295591711683586 3.22
323 0.02953871973854258 3.23
324 0.02961524099165691 3.24
325 0.02964238176245937 3.25
326 0.02948903887156049 3.26
327 0.02959733562178318 3.27
328 0.02965140661379961 3.28
329 0.02966667209863263 3.29
330 0.02965962646689305 3.3
331 0.02964731177696478 3.31
332 0.02963611625534152 3.32
333 0.02962479717359959 3.33
334 0.02959151451500736 3.34
335 0.02958334987567773 3.35
336 0.0295875797530038 3.36
337 0.02959557210535496 3.37
338 0.02959989049174191 3.38
339 0.02960156268471426 3.39
340 0.02960183616161183 3.4
341 0.02960243804835294 3.41
342 0.02956607850871965 3.42
343 0.02956928956962526 3.43
344 0.02959505732002801 3.44
345 0.02962653832036163 3.45
346 0.02965350004287998 3.46
347 0.02965687838762407 3.47
348 0.02966291191523684 3.48
349 0.02966179436907998 3.49
350 0.02968679999484247 3.5
351 0.02964128175496505 3.51
352 0.02960463043349346 3.52
353 0.02958583671687182 3.53
354 0.029574176670699 3.54
355 0.0295715655453434 3.55
356 0.02957175591699152 3.56
357 0.02957642334742841 3.57
358 0.02958778511024462 3.58
359 0.0296016427149845 3.59
360 0.02961281386737649 3.6
361 0.02961979097444403 3.61
362 0.02962204422555634 3.62
363 0.02962262882295999 3.63
364 0.02961879204834175 3.64
365 0.02961567344147298 3.65
366 0.02960811073148978 3.66
367 0.02959805094547957 3.67
368 0.02958887627566534 3.68
369 0.02957912513182617 3.69
370 0.02956958664640827 3.7
371 0.02956048256588845 3.71
372 0.02955139386727132 3.72
373 0.0295444449492839 3.73
374 0.02953829708661146 3.74
375 0.02953216431309166 3.75
376 0.02952440906889156 3.76
377 0.02951481433730099 3.77
378 0.0294959987447331 3.78
379 0.0294864037601715 3.79
380 0.02948256805610719 3.8
381 0.02948278828000184 3.81
382 0.02949482880243623 3.82
383 0.02950097034394875 3.83
384 0.02949683871571174 3.84
385 0.0294941334226245 3.85
386 0.02953087763671894 3.86
387 0.02953554195497377 3.87
388 0.02951524938154942 3.88
389 0.02948329652995285 3.89
390 0.02945015455265651 3.9
391 0.02942064409312259 3.91
392 0.0294004090905606 3.92
393 0.02938956381930916 3.93
394 0.02935704817610474 3.94
395 0.02933896552107737 3.95
396 0.02933228090950338 3.96
397 0.02933102403809049 3.97
398 0.02933489864301306 3.98
399 0.02934029077047037 3.99
400 0.02934885483483055 4
401 0.02935233551478772 4.01
402 0.02934966493592009 4.02
403 0.02934364844194184 4.03
404 0.02933528595091678 4.04
405 0.02932218815052484 4.05
406 0.02930455588133193 4.06
407 0.02929408419240126 4.07
408 0.02927367370846895 4.08
409 0.0292508894035203 4.09
410 0.02924591532826165 4.1
411 0.02923620089231477 4.11
412 0.0292192514476261 4.12
413 0.02920179164974085 4.13
414 0.02918584605617056 4.14
415 0.02917243461183422 4.15
416 0.02916142416038617 4.16
417 0.02915148069333753 4.17
418 0.02914101082326317 4.18
419 0.02912789339506441 4.19
420 0.02911417363525015 4.2
421 0.02907934846454863 4.21
422 0.02908285267654848 4.22
423 0.02908076624451658 4.23
424 0.02907525717747389 4.24
425 0.02905951609917568 4.25
426 0.02903660314686696 4.26
427 0.02901169858395275 4.27
428 0.02898820409776695 4.28
429 0.0289674117525065 4.29
430 0.02894992134804306 4.3
431 0.02893484917087641 4.31
432 0.02891628102203128 4.32
433 0.02889345791745629 4.33
434 0.02887683067843624 4.34
435 0.02886360237232932 4.350000000000001
436 0.02885132147254557 4.36
437 0.02884022163020458 4.37
438 0.02882359017403399 4.38
439 0.02880397040325688 4.39
440 0.02878992950463091 4.4
441 0.02878186747305808 4.41
442 0.02876950306725584 4.42
443 0.02875602115097747 4.43
444 0.02873807757545604 4.44
445 0.02871904468115649 4.45
446 0.0287007366239907 4.46
447 0.02868126522088166 4.47
448 0.02865926431024998 4.48
449 0.02862201455929719 4.49
450 0.02859246869088397 4.5
451 0.02856793926417894 4.51
452 0.02854400540130339 4.52
453 0.02852146174974596 4.53
454 0.02849986608223004 4.54
455 0.02846468277207936 4.55
456 0.02845427741411272 4.56
457 0.02844068639764413 4.57
458 0.02841703932334672 4.58
459 0.02839634000917013 4.59
460 0.0283801093236927 4.600000000000001
461 0.0283669179029864 4.61
462 0.02834938890567593 4.62
463 0.02833384111617124 4.63
464 0.02833563532472549 4.64
465 0.02832771653170751 4.65
466 0.02832465912161458 4.66
467 0.02829933649573396 4.67
468 0.02826376088857832 4.68
469 0.02821677603679754 4.69
470 0.028176864654226 4.7
471 0.02814471825209763 4.71
472 0.02812227081332794 4.72
473 0.02809967706945113 4.73
474 0.02808045053192529 4.74
475 0.02806155179266165 4.75
476 0.02803443009208889 4.76
477 0.02800421460999952 4.77
478 0.02797456237171791 4.78
479 0.02794722323412263 4.79
480 0.02792189611825585 4.8
481 0.02789741381544916 4.81
482 0.02787373672658169 4.82
483 0.0278497387885632 4.83
484 0.02782761751762516 4.84
485 0.02780416338341374 4.850000000000001
486 0.0277824946626587 4.86
487 0.02775835415739072 4.87
488 0.02772399047454577 4.88
489 0.02770459991674606 4.89
490 0.02768532331391554 4.9
491 0.02766497235611615 4.91
492 0.02764089765836364 4.92
493 0.0276161198320185 4.93
494 0.02758729124362 4.94
495 0.02755549857403325 4.95
496 0.0274784107066971 4.96
497 0.02743493093914356 4.97
498 0.02741098187124408 4.98
499 0.02743040987468945 4.99
500 0.02742004637728973 5
501 0.02739229196005019 5.01
502 0.02735612212333724 5.02
503 0.02731739962003893 5.03
504 0.02728008182680536 5.04
505 0.02724543874490393 5.05
506 0.02721380977144919 5.06
507 0.0271839162369916 5.07
508 0.02715649225164865 5.08
509 0.02713025292480167 5.09
510 0.02710309947671408 5.100000000000001
511 0.02707734604826934 5.11
512 0.02705211459209672 5.12
513 0.02702572294165359 5.13
514 0.02700007212371219 5.14
515 0.0269550010438184 5.15
516 0.02690674822839056 5.16
517 0.02687026436192969 5.17
518 0.02683721783583112 5.18
519 0.02680962156294914 5.19
520 0.02679527563536438 5.2
521 0.02681150099434984 5.21
522 0.02682532869656071 5.22
523 0.02679504145360909 5.23
524 0.02674194034863325 5.24
525 0.02668396603259685 5.25
526 0.02662948233949874 5.26
527 0.02658923707073796 5.27
528 0.02655133510923283 5.28
529 0.02651544811589471 5.29
530 0.02648156341544317 5.3
531 0.02645390906185446 5.31
532 0.02642435328759032 5.32
533 0.02640362760881843 5.33
534 0.02637365152526416 5.34
535 0.0263399809521829 5.350000000000001
536 0.02630595702954069 5.36
537 0.02627269562944384 5.37
538 0.02624097368258935 5.38
539 0.02620845681001141 5.39
540 0.02616551592480443 5.4
541 0.02613335489997728 5.41
542 0.02610544441049936 5.42
543 0.02607976401126827 5.43
544 0.02604896358350917 5.44
545 0.02601581985091009 5.45
546 0.02598479101188172 5.46
547 0.02595180349680523 5.47
548 0.02591799165646402 5.48
549 0.02588380135348586 5.49
550 0.02584924014630993 5.5
551 0.02581391090813942 5.51
552 0.02577500170164843 5.52
553 0.02573510470275639 5.53
554 0.02568486204417886 5.54
555 0.02563516519121123 5.55
556 0.02559536027508502 5.56
557 0.02557108811334605 5.57
558 0.02554700139830282 5.58
559 0.02552130721100018 5.59
560 0.02549335840582739 5.600000000000001
561 0.02546138397510403 5.61
562 0.02542658714023699 5.62
563 0.02539776109313535 5.63
564 0.02536517295730037 5.64
565 0.02533149213386707 5.65
566 0.02529771419231475 5.66
567 0.02526375652742716 5.67
568 0.02522929005370705 5.68
569 0.02520074714516232 5.69
570 0.02517265181987555 5.7
571 0.02514471687523134 5.71
572 0.02510959673141219 5.72
573 0.02506397040468172 5.73
574 0.02501902546835119 5.74
575 0.02498163896346486 5.75
576 0.0249433206813133 5.76
577 0.02486788072131343 5.77
578 0.02480844104894031 5.78
579 0.02475914340620586 5.79
580 0.02473101188530621 5.8
581 0.02471064265010584 5.81
582 0.02468932462081389 5.82
583 0.02466801825220957 5.83
584 0.0246219410737154 5.84
585 0.02458341833618027 5.850000000000001
586 0.02454998846554907 5.86
587 0.02451924963146843 5.87
588 0.02449522233182408 5.88
589 0.02447020467703187 5.89
590 0.02444085868914356 5.9
591 0.02440820300368651 5.91
592 0.02437702269755562 5.92
593 0.02433908808326693 5.93
594 0.02430297311003743 5.94
595 0.02426239724738355 5.95
596 0.0242571140576433 5.96
597 0.02424248261749065 5.97
598 0.02416581351802852 5.98
599 0.02409784552399719 5.99
600 0.0240396961207695 6
601 0.02399854475728258 6.01
602 0.02396181477138354 6.02
603 0.02392934250201798 6.03
604 0.02389917081275952 6.04
605 0.02390350475334865 6.05
606 0.02388535502571823 6.06
607 0.02385284747217234 6.07
608 0.02381050298386256 6.08
609 0.02376263075999019 6.09
610 0.02371305446808963 6.100000000000001
611 0.02365325717751321 6.11
612 0.02361092425690073 6.12
613 0.02357394545077143 6.13
614 0.0235388480961273 6.140000000000001
615 0.02351006553823093 6.15
616 0.02347676164469706 6.16
617 0.02344550453625746 6.17
618 0.02341697583862731 6.18
619 0.02338466326160007 6.19
620 0.02335494058053519 6.2
621 0.02332141827740722 6.21
622 0.02329417641967008 6.22
623 0.02325182709656581 6.23
624 0.0232069616331787 6.24
625 0.02316443287435802 6.25
626 0.02312506365418529 6.26
627 0.02308714117750682 6.27
628 0.02305688001462888 6.28
629 0.02302813204720205 6.29
630 0.02299693656400462 6.3
631 0.02298138739224564 6.31
632 0.02294657649381251 6.32
633 0.02289907188482712 6.33
634 0.02284547979431448 6.34
635 0.02279107882746778 6.350000000000001
636 0.02272707073746902 6.36
637 0.02268722537523649 6.37
638 0.02258280688125983 6.38
639 0.02252706881241395 6.390000000000001
640 0.02253102111795957 6.4
641 0.02253516058828336 6.41
642 0.02253231873019385 6.42
643 0.02252148537276674 6.43
644 0.0224986173043388 6.44
645 0.02246609605488031 6.45
646 0.02244536558559906 6.46
647 0.02240701294866135 6.47
648 0.0223699672651913 6.48
649 0.02232849750005814 6.49
650 0.02227399153783602 6.5
651 0.02224486478972126 6.51
652 0.02218960373579704 6.52
653 0.0221367278325888 6.53
654 0.02209019484969246 6.54
655 0.02204968252108991 6.55
656 0.02201643830185179 6.56
657 0.02198754690724095 6.57
658 0.02195886115886594 6.58
659 0.02193903544490547 6.59
660 0.02189910766063413 6.600000000000001
661 0.02187075374536757 6.61
662 0.02183755374374022 6.62
663 0.0218043802666997 6.63
664 0.02176365113642939 6.640000000000001
665 0.02172073352761184 6.65
666 0.02167759426925878 6.66
667 0.02163719129256039 6.67
668 0.02159827208626874 6.68
669 0.02156114245886337 6.69
670 0.02153932399950864 6.7
671 0.0214984282854046 6.71
672 0.02147422541452459 6.72
673 0.02143102420285473 6.73
674 0.02139133952032557 6.74
675 0.02136894134926084 6.75
676 0.02132778050701165 6.76
677 0.02130357206060032 6.77
678 0.02126009758394318 6.78
679 0.02121976203924489 6.79
680 0.02118229127009319 6.8
681 0.02114373203281519 6.81
682 0.02110796960557262 6.82
683 0.02107374441755863 6.83
684 0.02103906473699524 6.84
685 0.02100478415403348 6.850000000000001
686 0.02097076831967626 6.86
687 0.02092655528358303 6.87
688 0.02089748282728826 6.88
689 0.02085586212808868 6.890000000000001
690 0.02081792206402117 6.9
691 0.02077291044670204 6.91
692 0.02074723617340662 6.92
693 0.02071958116043432 6.93
694 0.0206770596698472 6.94
695 0.02064746957274399 6.95
696 0.02061731626422325 6.96
697 0.02058011501298404 6.97
698 0.02055458479711011 6.98
699 0.02052598573030062 6.99
700 0.0204926407658679 7
701 0.02045846247121347 7.01
702 0.02042418009254085 7.02
703 0.02039023383858835 7.03
704 0.02035686518296398 7.04
705 0.02032501679670398 7.05
706 0.02029319880373318 7.06
707 0.02026127497964803 7.07
708 0.02022902722957851 7.08
709 0.0201963013174386 7.09
710 0.02016291271940329 7.100000000000001
711 0.02013850946360923 7.11
712 0.02009818734881713 7.12
713 0.02005913646001634 7.13
714 0.02003114377802881 7.140000000000001
715 0.01998709140070398 7.15
716 0.01995610353987493 7.16
717 0.01992132343970335 7.17
718 0.01987203219676578 7.18
719 0.01983821871695185 7.19
720 0.0198051406117401 7.2
721 0.01977524313051257 7.21
722 0.01973662052850711 7.22
723 0.01971468111300007 7.23
724 0.01969033924679559 7.24
725 0.01966254365947107 7.25
726 0.01961825256453842 7.26
727 0.01958996134102689 7.27
728 0.01955864663515178 7.28
729 0.01951161940481291 7.29
730 0.01948197874030314 7.3
731 0.01943733259493563 7.31
732 0.01940965681899656 7.32
733 0.01936703301147769 7.33
734 0.01934094894132918 7.34
735 0.01930052328552456 7.350000000000001
736 0.01927467789064716 7.36
737 0.01923565636630048 7.37
738 0.01921213324859311 7.38
739 0.01918653114720356 7.390000000000001
740 0.01914069137224578 7.4
741 0.0191104900474568 7.41
742 0.01907795362764944 7.42
743 0.01903314967937769 7.43
744 0.01900648062918317 7.44
745 0.01896701340459286 7.45
746 0.01894785813067223 7.46
747 0.0189171785026836 7.47
748 0.01889703006440044 7.48
749 0.0188592629408591 7.49
750 0.01883144836006856 7.5
751 0.01878935122830891 7.51
752 0.01875902917530259 7.52
753 0.01871525553757816 7.53
754 0.01868483447986113 7.54
755 0.01864268231491875 7.55
756 0.01860583828537365 7.56
757 0.01857253912320522 7.57
758 0.01854278001385942 7.58
759 0.01851392808746469 7.59
760 0.01849050355571749 7.600000000000001
761 0.01846457683705999 7.61
762 0.01843651386117379 7.62
763 0.01840686698213101 7.63
764 0.01837602443624517 7.640000000000001
765 0.01834427122971832 7.65
766 0.01831840687735711 7.66
767 0.01827764685623648 7.67
768 0.01825067879812076 7.68
769 0.01820979529427103 7.69
770 0.01819229506816966 7.7
771 0.01816242034653814 7.71
772 0.01813016022806527 7.72
773 0.01809335420592967 7.73
774 0.01805664679791774 7.74
775 0.01802029160748364 7.75
776 0.01798433757872106 7.76
777 0.01794870417324662 7.77
778 0.01791334380736323 7.78
779 0.01788411756861952 7.79
780 0.01785315484705727 7.8
781 0.01782072211806893 7.81
782 0.01778787000568996 7.82
783 0.01775436177360226 7.83
784 0.017720800969209 7.84
785 0.01768772142044364 7.850000000000001
786 0.01765652477627772 7.86
787 0.01762484830142777 7.87
788 0.01759389999817834 7.88
789 0.01755502728897468 7.890000000000001
790 0.01753162401816205 7.9
791 0.01749917425680744 7.91
792 0.01747923384299763 7.92
793 0.01744826595608634 7.930000000000001
794 0.01742023768082157 7.94
795 0.01740002596938317 7.95
796 0.01736489998047541 7.96
797 0.01733932134943547 7.97
798 0.01729914495880769 7.98
799 0.01726321621349317 7.99
800 0.01723794280942595 8
801 0.0171996101466948 8.01
802 0.01716635975463779 8.02
803 0.01714325727193397 8.029999999999999
804 0.01710806314327448 8.040000000000001
805 0.0170841075831116 8.050000000000001
806 0.01704843327254241 8.06
807 0.01701779807447554 8.07
808 0.01699580272984935 8.08
809 0.01695803872568707 8.09
810 0.01693214452252798 8.1
811 0.01690290213042997 8.109999999999999
812 0.01687140994340602 8.120000000000001
813 0.01683938720159431 8.130000000000001
814 0.01680685531125944 8.140000000000001
815 0.01677510557137402 8.15
816 0.01674477173913794 8.16
817 0.01671567723355785 8.17
818 0.01669403119696924 8.18
819 0.01667301845486702 8.19
820 0.0166509574584402 8.199999999999999
821 0.01662656626875988 8.210000000000001
822 0.01659922756893958 8.220000000000001
823 0.01657094263768122 8.23
824 0.01653952155225435 8.24
825 0.01649652298421392 8.25
826 0.01645186110065586 8.26
827 0.01640816662511813 8.27
828 0.01636747005244987 8.279999999999999
829 0.01633089291220788 8.290000000000001
830 0.01629700464532333 8.300000000000001
831 0.01626916877660592 8.31
832 0.01624464250417948 8.32
833 0.01622282554751328 8.33
834 0.01620204034706105 8.34
835 0.0161813513041503 8.35
836 0.01616005159144709 8.359999999999999
837 0.01613765613464627 8.370000000000001
838 0.01610362789987316 8.380000000000001
839 0.01607116082207671 8.390000000000001
840 0.0160459446914267 8.4
841 0.01600637295442295 8.41
842 0.01597273617196321 8.42
843 0.01594406954971322 8.43
844 0.01591868697177598 8.44
845 0.01589469498621471 8.449999999999999
846 0.01587046948998933 8.460000000000001
847 0.0158449777678813 8.470000000000001
848 0.0158178871189727 8.48
849 0.01578771839319434 8.49
850 0.01575646340481282 8.5
851 0.01572450970640163 8.51
852 0.01569236089840351 8.52
853 0.01566065968070735 8.529999999999999
854 0.01562972206159671 8.540000000000001
855 0.01559965860502502 8.550000000000001
856 0.01557047948893925 8.56
857 0.01554594269449094 8.57
858 0.01550884684057713 8.58
859 0.01547817227812434 8.59
860 0.01545156798293656 8.6
861 0.01542766762847048 8.609999999999999
862 0.01540468680909635 8.620000000000001
863 0.01538148334729289 8.630000000000001
864 0.01535782478505798 8.640000000000001
865 0.01533265738910292 8.65
866 0.0153058859533424 8.66
867 0.01527722521465835 8.67
868 0.01524739678828849 8.68
869 0.01521625607357424 8.69
870 0.0151849886087442 8.700000000000001
871 0.01515400339669587 8.710000000000001
872 0.01512137838557068 8.720000000000001
873 0.01508972784467263 8.73
874 0.01505921019068349 8.74
875 0.01502975488255651 8.75
876 0.01500035441075623 8.76
877 0.01497213150390583 8.77
878 0.01494480771351361 8.779999999999999
879 0.01491812548743976 8.790000000000001
880 0.01489174180283045 8.800000000000001
881 0.01486531659331264 8.81
882 0.0148396692861861 8.82
883 0.01481339038459237 8.83
884 0.01478660499306636 8.84
885 0.01475943776415603 8.85
886 0.01473193802181622 8.859999999999999
887 0.01470441633411437 8.870000000000001
888 0.01467494253820364 8.880000000000001
889 0.01464576671351028 8.890000000000001
890 0.01461701355768089 8.9
891 0.01459026174496297 8.91
892 0.01456310281051876 8.92
893 0.01453633288864437 8.93
894 0.01450994194437236 8.94
895 0.01448532057694513 8.950000000000001
896 0.01445986904204896 8.960000000000001
897 0.01443314132854889 8.970000000000001
898 0.01441046065421298 8.98
899 0.0143865442748585 8.99
900 0.01436116183800479 9
901 0.01433445261743516 9.01
902 0.01431059819540703 9.02
903 0.01428515173517578 9.029999999999999
904 0.01426161723182637 9.040000000000001
905 0.01424553120146396 9.050000000000001
906 0.01421362412452096 9.06
907 0.0141830002209194 9.07
908 0.01416213217010506 9.08
909 0.01411667834651908 9.09
910 0.01407545095039744 9.1
911 0.01403829694365241 9.109999999999999
912 0.01401072860914912 9.120000000000001
913 0.01397382860417315 9.130000000000001
914 0.01394179992140679 9.140000000000001
915 0.0139180189509279 9.15
916 0.01388701539987763 9.16
917 0.0138643548906367 9.17
918 0.01383540558189192 9.18
919 0.01380851925453613 9.19
920 0.01378621134074265 9.200000000000001
921 0.01376669990316873 9.210000000000001
922 0.01374813013885978 9.220000000000001
923 0.01372872296807337 9.23
924 0.01370759190141807 9.24
925 0.01368415531364814 9.25
926 0.01365829969493221 9.26
927 0.01362926785197321 9.27
928 0.01360354328638269 9.279999999999999
929 0.01357558701471115 9.290000000000001
930 0.01354564477042977 9.300000000000001
931 0.01351444407276081 9.31
932 0.01348284599059438 9.32
933 0.01345164458735892 9.33
934 0.0134215027642412 9.34
935 0.01339288377766032 9.35
936 0.01336598050284782 9.359999999999999
937 0.01334067157386981 9.370000000000001
938 0.01331665046506245 9.380000000000001
939 0.01328959873981811 9.390000000000001
940 0.01326511417192702 9.4
941 0.013242582463285 9.41
942 0.01322450358672145 9.42
943 0.01320541219785867 9.43
944 0.01318743623478305 9.44
945 0.01316004742847005 9.450000000000001
946 0.01313230350956074 9.460000000000001
947 0.01310315093068909 9.470000000000001
948 0.01307415331766387 9.48
949 0.01304689311444493 9.49
950 0.01300902504805593 9.5
951 0.01297520738040864 9.51
952 0.01294910738614244 9.52
953 0.01291393147133996 9.529999999999999
954 0.0128866248810281 9.540000000000001
955 0.01285848546512416 9.550000000000001
956 0.01283528490437985 9.56
957 0.01281247854553322 9.57
958 0.01279206545984771 9.58
959 0.01276598194961914 9.59
960 0.01273951886679517 9.6
961 0.01271697971430583 9.609999999999999
962 0.01269446096811888 9.620000000000001
963 0.01267380509550037 9.630000000000001
964 0.01265273985395993 9.640000000000001
965 0.01263241706292691 9.65
966 0.01260911312222536 9.66
967 0.01258708875558205 9.67
968 0.01256068876084925 9.68
969 0.01253684048449306 9.69
970 0.01250797896735791 9.700000000000001
971 0.01248305078757886 9.710000000000001
972 0.01245331324224624 9.720000000000001
973 0.01242840587011702 9.73
974 0.01240561886181853 9.74
975 0.01238830493695633 9.75
976 0.01236334293987011 9.76
977 0.01233982267086335 9.77
978 0.01232075842220566 9.779999999999999
979 0.01229203280128016 9.790000000000001
980 0.01226441956060238 9.800000000000001
981 0.01224308372853003 9.81
982 0.0122114014665146 9.82
983 0.01218180735165937 9.83
984 0.01215371240585672 9.84
985 0.01212599991832977 9.85
986 0.01209868863116001 9.859999999999999
987 0.01207178145664235 9.870000000000001
988 0.01204510997228186 9.880000000000001
989 0.01201919173284095 9.890000000000001
990 0.01199409933855471 9.9
991 0.01196954323853576 9.91
992 0.01194633975129414 9.92
993 0.01192354823253748 9.93
994 0.0119017125341198 9.94
995 0.01187937800489104 9.950000000000001
996 0.01185630642863186 9.960000000000001
997 0.01183770397066262 9.970000000000001
998 0.01180853249387041 9.98
999 0.0117809048292183 9.99
1000 0.01176171659533598 10
1001 0.01173171955352548 10.01
1002 0.01170539472569669 10.02
1003 0.01168189520664008 10.03
1004 0.01165117571260524 10.04
1005 0.01162890134236445 10.05
1006 0.01160046033777007 10.06
1007 0.01157538376159584 10.07
1008 0.01155678062414138 10.08
1009 0.01153298522365445 10.09
1010 0.01151112395935644 10.1
1011 0.01149486357842382 10.11
1012 0.0114724007728961 10.12
1013 0.0114508969875209 10.13
1014 0.01142986695924994 10.14
1015 0.01141328208684329 10.15
1016 0.01138910523574553 10.16
1017 0.01137069043011152 10.17
1018 0.01134365877955974 10.18
1019 0.01132385331666926 10.19
1020 0.01129492278826537 10.2
1021 0.0112742318780971 10.21
1022 0.01124368007112594 10.22
1023 0.01122208362779741 10.23
1024 0.01119068747166028 10.24
1025 0.01116895658753084 10.25
1026 0.01113773237140049 10.26
1027 0.01111680204081213 10.27
1028 0.01108661943434019 10.28
1029 0.0110664024357652 10.29
1030 0.01103713235589962 10.3
1031 0.01101760530897117 10.31
1032 0.01098921651595183 10.32
1033 0.01097033821105525 10.33
1034 0.01094276054483832 10.34
1035 0.01092277224245686 10.35
1036 0.01089415395498058 10.36
1037 0.01087505293804229 10.37
1038 0.01084853351508998 10.38
1039 0.0108245839967766 10.39
1040 0.01080849140780291 10.4
1041 0.01078572976018535 10.41
1042 0.01076471867896757 10.42
1043 0.01074989710782268 10.43
1044 0.0107271637970561 10.44
1045 0.01071130028014089 10.45
1046 0.010686536182861 10.46
1047 0.01066947602594588 10.47
1048 0.01064293661209052 10.48
1049 0.01062490705309342 10.49
1050 0.01060537904667606 10.5
1051 0.0105957292730359 10.51
1052 0.01056848075824295 10.52
1053 0.01055386076086706 10.53
1054 0.01051962297495396 10.54
1055 0.01050140437093441 10.55
1056 0.0104634969978708 10.56
1057 0.01042902310700991 10.57
1058 0.01039766607293637 10.58
1059 0.01038099791669693 10.59
1060 0.01034907957137175 10.6
1061 0.01032144179464631 10.61
1062 0.01030875121203235 10.62
1063 0.01028287833181758 10.63
1064 0.01026094427848864 10.64
1065 0.01024164503273496 10.65
1066 0.0102425299185544 10.66
1067 0.01022226381433967 10.67
1068 0.01021559402505939 10.68
1069 0.01018918899233559 10.69
1070 0.01017877140585075 10.7
1071 0.01016390887222378 10.71
1072 0.01012726690102818 10.72
1073 0.01011143746039128 10.73
1074 0.01009417675519325 10.74
1075 0.01007460460105492 10.75
1076 0.01005294971722032 10.76
1077 0.01000789636550811 10.77
1078 0.009988311018327367 10.78
1079 0.009969013812729979 10.79
1080 0.009948372666746058 10.8
1081 0.009926180329606182 10.81
1082 0.009903350531438621 10.82
1083 0.009880342609438833 10.83
1084 0.009836532974959067 10.84
1085 0.009819528971768909 10.85
1086 0.009802260564148124 10.86
1087 0.009784864208537539 10.87
1088 0.009748878450907605 10.88
1089 0.009736134895986945 10.89
1090 0.009722162444152915 10.9
1091 0.009689777357024143 10.91
1092 0.009678563541770047 10.92
1093 0.009665246396394281 10.93
1094 0.009632834480827565 10.94
1095 0.009621171053585495 10.95
1096 0.009607026281714962 10.96
1097 0.009573234411437315 10.97
1098 0.0095618629655424 10.98
1099 0.00954771453133646 10.99
1100 0.009531212706526723 11
1101 0.009493785482190625 11.01
1102 0.009480233993185802 11.02
1103 0.009464544394538588 11.03
1104 0.009419857450884084 11.04
1105 0.009399136121870572 11.05
1106 0.009363904737957104 11.06
1107 0.009350104882293611 11.07
1108 0.00932452893502661 11.08
1109 0.009316102138503174 11.09
1110 0.009295119837189142 11.1
1111 0.009288494555125704 11.11
1112 0.009269861583166353 11.12
1113 0.009263471275881743 11.13
1114 0.009244581571395724 11.14
1115 0.009227648615057288 11.15
1116 0.00921959476349761 11.16
1117 0.009196789432853222 11.17
1118 0.009185662104630191 11.18
1119 0.009157563515302655 11.19
1120 0.009143440177027298 11.2
1121 0.009111869810727924 11.21
1122 0.009096285076544017 11.22
1123 0.009063763628895119 11.23
1124 0.009048235653856984 11.24
1125 0.009030488787005644 11.25
1126 0.008996656835790512 11.26
1127 0.008981255465385612 11.27
1128 0.00895110559287926 11.28
1129 0.008937983863715693 11.29
1130 0.008923199340689955 11.3
1131 0.008893833911088056 11.31
1132 0.008881148216766027 11.32
1133 0.008866497904640711 11.33
1134 0.008837135253824818 11.34
1135 0.0088243070920003 11.35
1136 0.008809154954895898 11.36
1137 0.008792124029751436 11.37
1138 0.008760200114568351 11.38
1139 0.008746405517326805 11.39
1140 0.008731256187725342 11.4
1141 0.008715105019973954 11.41
1142 0.008685632096286908 11.42
1143 0.008673655051205764 11.43
1144 0.008660282610115616 11.44
1145 0.008633721579054537 11.45
1146 0.008623151160226883 11.46
1147 0.008610169626593722 11.47
1148 0.008582904452862652 11.48
1149 0.008571021720005914 11.49
1150 0.008556605782463381 11.5
1151 0.008527741714241241 11.51
1152 0.008521300058101769 11.52
1153 0.00850963294925941 11.53
1154 0.008479163302098677 11.54
1155 0.008467570521258419 11.55
1156 0.008452825732510244 11.56
1157 0.008420538192384072 11.57
1158 0.008408695193450264 11.58
1159 0.008380247966719351 11.59
1160 0.008370099569266418 11.6
1161 0.00834368260341202 11.61
1162 0.008334297473836252 11.62
1163 0.008307904769011831 11.63
1164 0.008298208386609121 11.64
1165 0.008271423249828214 11.65
1166 0.008261408102088488 11.66
1167 0.008234496905784608 11.67
1168 0.008224465335545966 11.68
1169 0.008197858448733247 11.69
1170 0.008188060363275018 11.7
1171 0.008161968539557862 11.71
1172 0.008152782827710467 11.72
1173 0.008127164934581543 11.73
1174 0.008120710541780388 11.74
1175 0.00809605019923873 11.75
1176 0.008088076958927048 11.76
1177 0.008061654494619777 11.77
1178 0.008058612534583842 11.78
1179 0.008036608320937513 11.79
1180 0.008031554250836015 11.8
1181 0.008021035818976674 11.81
1182 0.007987389372586293 11.82
1183 0.007976355496729579 11.83
1184 0.00796175984434265 11.84
1185 0.007919732415833936 11.85
1186 0.007905433938048462 11.86
1187 0.007889352761321217 11.87
1188 0.007854210005570794 11.88
1189 0.007844461214906118 11.89
1190 0.007832565029603764 11.9
1191 0.007803015156232135 11.91
1192 0.007795927897198476 11.92
1193 0.00778615945374142 11.93
1194 0.007759452406815706 11.94
1195 0.007752116370040904 11.95
1196 0.0077411913249395 11.96
1197 0.007727009111422323 11.97
1198 0.007692805135950526 11.98
1199 0.007682081593742451 11.99
1200 0.007669803380153661 12
1201 0.007656319951266699 12.01
1202 0.007641891617171187 12.02
1203 0.007626752125072481 12.03
1204 0.007611096011509333 12.04
1205 0.007595081953809049 12.05
1206 0.007578794520982091 12.06
1207 0.007562290143467598 12.07
1208 0.007545599098051511 12.08
1209 0.007528744334465667 12.09
1210 0.007511755833851969 12.1
1211 0.007494665290342276 12.11
1212 0.007477450493984683 12.12
1213 0.007460201941210595 12.13
1214 0.007442987931140274 12.14
1215 0.007425847777316724 12.15
1216 0.007408836526286433 12.16
1217 0.007378048788253752 12.17
1218 0.007369592707801811 12.18
1219 0.007359032665025772 12.19
1220 0.007346358833492134 12.2
1221 0.007319095746352783 12.21
1222 0.007310460714151132 12.22
1223 0.007298739213233332 12.23
1224 0.007271656010445382 12.24
1225 0.007262681248605546 12.25
1226 0.007250359227867043 12.26
1227 0.007222646476145705 12.27
1228 0.007213327829874147 12.28
1229 0.00718913409672349 12.29
1230 0.007181267190283447 12.3
1231 0.007169656767496257 12.31
1232 0.007142801751695002 12.32
1233 0.007133046143517535 12.33
1234 0.007120282582225274 12.34
1235 0.00709332465182963 12.35
1236 0.007084950997948883 12.36
1237 0.007073824030060585 12.37
1238 0.007049293481733387 12.38
1239 0.007042048769936221 12.39
1240 0.007021633777476249 12.4
1241 0.007015661667874359 12.41
1242 0.006995747944321173 12.42
1243 0.00698927452801866 12.43
1244 0.006978253851398275 12.44
1245 0.006952194355405228 12.45
1246 0.006942964900202117 12.46
1247 0.006930269471037351 12.47
1248 0.006903423031744294 12.48
1249 0.006894314517673236 12.49
1250 0.006882131566908575 12.5
1251 0.006856383278157532 12.51
1252 0.006847997680339599 12.52
1253 0.006836610687224021 12.53
1254 0.006822821073775784 12.54
1255 0.006807459301963914 12.55
1256 0.006790123733709241 12.56
1257 0.006772917105723433 12.57
1258 0.006755857686401093 12.58
1259 0.00674028516869786 12.59
1260 0.006725964335464074 12.6
1261 0.006712427919375527 12.61
1262 0.006699250832668036 12.62
1263 0.006686150175907526 12.63
1264 0.006663046199335151 12.64
1265 0.00665723322493797 12.65
1266 0.006648724524285249 12.66
1267 0.00663733561744996 12.67
1268 0.006623307262313666 12.68
1269 0.006607194497996641 12.69
1270 0.006578440427922952 12.7
1271 0.006566356441424087 12.71
1272 0.006552586855318634 12.72
1273 0.006537373939742006 12.73
1274 0.006512743680965868 12.74
1275 0.006502795157086474 12.75
1276 0.006490941649946472 12.76
1277 0.006477545733801382 12.77
1278 0.006454654924740955 12.78
1279 0.006446299175434975 12.79
1280 0.006435885210703526 12.8
1281 0.006423552429560705 12.81
1282 0.006402398463340689 12.82
1283 0.006393908234497703 12.83
1284 0.006382850248137437 12.84
1285 0.006362582065617156 12.85
1286 0.006356381386735513 12.86
1287 0.006346338267657362 12.87
1288 0.006324769254149237 12.88
1289 0.006315802293132347 12.89
1290 0.006303454087414145 12.9
1291 0.00627915490219258 12.91
1292 0.006268840421309971 12.92
1293 0.006255753848150289 12.93
1294 0.006231530466020915 12.94
1295 0.006221764955497575 12.95
1296 0.006201886058302478 12.96
1297 0.006194134464502371 12.97
1298 0.006181752994433076 12.98
1299 0.006159620248034667 12.99
1300 0.006150258314112186 13
1301 0.006138538095586774 13.01
1302 0.006124986849168401 13.02
1303 0.006102772147647276 13.03
1304 0.00609410159027414 13.04
1305 0.006083552533923772 13.05
1306 0.006072492129135632 13.06
1307 0.006054014148433234 13.07
1308 0.006047671013306152 13.08
1309 0.006039082736991525 13.09
1310 0.006028343064847758 13.1
1311 0.006008873743464149 13.11
1312 0.006000940260928012 13.12
1313 0.005989903696366761 13.13
1314 0.005976260091413971 13.14
1315 0.005960779565450741 13.15
1316 0.005936167490691452 13.16
1317 0.005926131743471078 13.17
1318 0.005913633293381335 13.18
1319 0.005900205981220832 13.19
1320 0.005891136082145643 13.2
1321 0.005881080671031949 13.21
1322 0.005870828615185897 13.22
1323 0.005853094714797308 13.23
1324 0.005848707099545797 13.24
1325 0.005841676197855375 13.25
1326 0.005831767072076777 13.26
1327 0.005819074372187219 13.27
1328 0.00580402949342311 13.28
1329 0.005775947970908871 13.29
1330 0.005764674230179928 13.3
1331 0.005751527259215655 13.31
1332 0.00573695119006884 13.32
1333 0.005721169088800257 13.33
1334 0.005704757703255264 13.34
1335 0.005688320825944129 13.35
1336 0.00567238556396972 13.36
1337 0.005657362973542038 13.37
1338 0.00564345285021664 13.38
1339 0.005630617087525547 13.39
1340 0.005618762935264296 13.4
1341 0.005607669727559869 13.41
1342 0.005597134546204613 13.42
1343 0.005587928065437717 13.43
1344 0.005578653147341933 13.44
1345 0.005569089997613574 13.45
1346 0.005559043374031195 13.46
1347 0.005548462708065152 13.47
1348 0.005537285261693045 13.48
1349 0.005525494620868363 13.49
1350 0.005513102877279949 13.5
1351 0.005500138226243262 13.51
1352 0.005486679697236582 13.52
1353 0.005472821912257841 13.53
1354 0.005459655884658299 13.54
1355 0.005446142951740715 13.55
1356 0.005432417209644907 13.56
1357 0.005425385264570384 13.57
1358 0.005405391038041427 13.58
1359 0.005401313615350442 13.59
1360 0.0053946905520455 13.6
1361 0.005385242707538582 13.61
1362 0.005373436503703075 13.62
1363 0.005349002562850244 13.63
1364 0.005342847729890368 13.64
1365 0.005334146091881153 13.65
1366 0.005323097219878267 13.66
1367 0.005310055895796584 13.67
1368 0.00527963560037463 13.68
1369 0.005270711103631573 13.69
1370 0.005260512438714504 13.7
1371 0.005249168238906449 13.71
1372 0.005221975756304176 13.72
1373 0.005215149985822967 13.73
1374 0.005207180078696624 13.74
1375 0.005198189902700254 13.75
1376 0.005174622681751229 13.76
1377 0.005166597968261952 13.77
1378 0.005157724790253976 13.78
1379 0.005136242310882264 13.79
1380 0.005131393942710658 13.8
1381 0.005125187224878813 13.81
1382 0.005106600687296139 13.82
1383 0.005103027958230338 13.83
1384 0.005097495701145913 13.84
1385 0.005079027899987487 13.85
1386 0.005075097566796929 13.86
1387 0.005068809750062728 13.87
1388 0.005048800433217704 13.88
1389 0.005043598682615627 13.89
1390 0.005024579934777534 13.9
1391 0.005019588601466438 13.91
1392 0.005000524730711817 13.92
1393 0.004995187853042107 13.93
1394 0.004974454399458289 13.94
1395 0.004957314025317017 13.95
1396 0.004942658083790505 13.96
1397 0.004929727087400818 13.97
1398 0.004917866337383225 13.98
1399 0.004915780534494985 13.99
1400 0.004899719484246126 14
1401 0.0048957753397081 14.01
1402 0.004877022757419289 14.02
1403 0.004871802836508538 14.03
1404 0.004863776389688629 14.04
1405 0.004841081093266836 14.05
1406 0.00483434739632238 14.06
1407 0.004825773297773631 14.07
1408 0.004818734942184308 14.08
1409 0.004809984207073861 14.09
1410 0.004799833336090034 14.1
1411 0.004788676210615656 14.11
1412 0.004776693401186541 14.12
1413 0.004764422681088648 14.13
1414 0.004735990721950412 14.14
1415 0.004727219096234664 14.15
1416 0.004718145230427656 14.16
1417 0.004708719355212915 14.17
1418 0.00468745796328586 14.18
1419 0.004681557272695369 14.19
1420 0.004674469053431871 14.2
1421 0.004655574418748726 14.21
1422 0.004651113626821551 14.22
1423 0.004645211313727485 14.23
1424 0.004627672958280843 14.24
1425 0.004623946007171628 14.25
1426 0.004608758796037879 14.26
1427 0.00460601522349828 14.27
1428 0.004601214631098596 14.28
1429 0.004576023910293006 14.29
1430 0.004564063999886167 14.3
1431 0.004554066678863156 14.31
1432 0.004535747867489281 14.32
1433 0.004529883485947683 14.33
1434 0.004521986062492503 14.34
1435 0.00450626665473805 14.35
1436 0.004500860247603447 14.36
1437 0.00449404619350538 14.37
1438 0.004486039953625662 14.38
1439 0.004469713969401656 14.39
1440 0.004463633706459844 14.4
1441 0.004455992277476215 14.41
1442 0.004448879298356981 14.42
1443 0.004433638768093204 14.43
1444 0.004427606859526867 14.44
1445 0.004419947105234648 14.45
1446 0.004410935125680165 14.46
1447 0.004393088590474895 14.47
1448 0.004385468400885981 14.48
1449 0.004377217297034677 14.49
1450 0.00436780737606636 14.5
1451 0.004357441503936632 14.51
1452 0.004338024821480088 14.52
1453 0.004329743102311295 14.53
1454 0.004320770977757959 14.54
1455 0.004310994937290216 14.55
1456 0.004300486205292928 14.56
1457 0.004280568402573112 14.57
1458 0.004271971316901657 14.58
1459 0.004254094193406208 14.59
1460 0.00424625838951008 14.6
1461 0.004229204844967208 14.61
1462 0.004221859026470598 14.62
1463 0.004205717799154837 14.63
1464 0.004199205668176206 14.64
1465 0.004184522268770974 14.65
1466 0.00417807472887223 14.66
1467 0.004164131219893896 14.67
1468 0.004159298211763612 14.68
1469 0.004153406138583698 14.69
1470 0.004140302134326118 14.7
1471 0.00413575509105614 14.71
1472 0.004129806142649947 14.72
1473 0.004116117484976395 14.73
1474 0.004110763775587431 14.74
1475 0.004103782509630921 14.75
1476 0.004088452783277088 14.76
1477 0.004081984161065422 14.77
1478 0.00407402112655296 14.78
1479 0.004064941711482653 14.79
1480 0.004047451596111321 14.8
1481 0.004040297172169499 14.81
1482 0.004032211391591725 14.82
1483 0.004023481820779454 14.83
1484 0.004006794807869418 14.84
1485 0.004000128625175722 14.85
1486 0.003992558070164617 14.86
1487 0.003977653260237468 14.87
1488 0.003972591278683366 14.88
1489 0.003966147338758136 14.89
1490 0.003950224993624699 14.9
1491 0.003944232899048272 14.91
1492 0.003936608301068206 14.92
1493 0.003927590137764003 14.93
1494 0.00390829747203103 14.94
1495 0.003900768269511704 14.95
1496 0.003892221295065154 14.96
1497 0.003880623749865836 14.97
1498 0.003869235938441393 14.98
1499 0.003858367461991447 14.99
1500 0.003848217803197301 15
1501 0.003838881657093479 15.01
1502 0.003830344287475557 15.02
1503 0.003822481056569377 15.03
1504 0.0038151015047269 15.04
1505 0.003805370623239046 15.05
1506 0.003796075993431694 15.06
1507 0.003787169415493105 15.07
1508 0.003778586947816368 15.08
1509 0.003770263681367306 15.09
1510 0.00376212815789681 15.1
1511 0.003754092191823863 15.11
1512 0.003746048233191843 15.12
1513 0.003737887775704149 15.13
1514 0.003727854682612108 15.14
1515 0.003723906127908322 15.15
1516 0.003717983324550422 15.16
1517 0.003710120363773189 15.17
1518 0.003693805761938937 15.18
1519 0.003685716015120091 15.19
1520 0.00367589191025193 15.2
1521 0.003657432579862563 15.21
1522 0.003648573712323008 15.22
1523 0.003631769674469459 15.23
1524 0.003623985385350026 15.24
1525 0.003608959842197196 15.25
1526 0.003602358566492964 15.26
1527 0.00358920565925204 15.27
1528 0.003578889332946575 15.28
1529 0.003574812994950979 15.29
1530 0.003562994231064806 15.3
1531 0.00355365790479352 15.31
1532 0.003549920796193207 15.32
1533 0.00354044414197624 15.33
1534 0.003536532246505783 15.34
1535 0.00352693906416425 15.35
1536 0.003522946675053248 15.36
1537 0.003512890657347639 15.37
1538 0.003508287307277425 15.38
1539 0.003496767719346774 15.39
1540 0.003490887059572234 15.4
1541 0.003482796796244123 15.41
1542 0.003466930467331181 15.42
1543 0.003459177956345899 15.43
1544 0.003450048877691542 15.44
1545 0.003432733972118185 15.45
1546 0.003425565573040579 15.46
1547 0.003417507138260528 15.47
1548 0.003402659702852709 15.48
1549 0.003397126770941061 15.49
1550 0.003385382551984062 15.5
1551 0.003381269538983253 15.51
1552 0.003370931186523846 15.52
1553 0.003367263825565112 15.53
1554 0.003357082494622354 15.54
1555 0.003353255101850361 15.55
1556 0.003342551446891204 15.56
1557 0.003338269538437882 15.57
1558 0.003331944963984299 15.58
1559 0.003318313219267996 15.59
1560 0.003312776440773713 15.6
1561 0.003306585011662089 15.61
1562 0.003293764561230358 15.62
1563 0.003288537033278124 15.63
1564 0.00328175926003231 15.64
1565 0.003273702675740592 15.65
1566 0.003264759581257826 15.66
1567 0.003249540142110902 15.67
1568 0.003243680483235117 15.68
1569 0.003237007955112323 15.69
1570 0.003229590041659597 15.7
1571 0.00322041420807305 15.71
1572 0.003211144242868627 15.72
1573 0.00319714830317791 15.73
1574 0.003191681688495082 15.74
1575 0.003185574573529679 15.75
1576 0.00317873704681973 15.76
1577 0.003170479819623651 15.77
1578 0.003162027715990154 15.78
1579 0.003153631814063598 15.79
1580 0.003145456672315458 15.8
1581 0.003133227197853514 15.81
1582 0.003129296205472892 15.82
1583 0.003124578794924074 15.83
1584 0.003118883114126572 15.84
1585 0.003112025592046694 15.85
1586 0.003104136951495987 15.86
1587 0.003090933814470134 15.87
1588 0.003075457128198844 15.88
1589 0.003067610302970772 15.89
1590 0.003059855135151182 15.9
1591 0.003054308072396109 15.91
1592 0.00304824520919221 15.92
1593 0.003038871570074611 15.93
1594 0.003033762864611739 15.94
1595 0.003028593727504761 15.95
1596 0.003018849428338008 15.96
1597 0.003011478294098618 15.97
1598 0.003002181698869913 15.98
1599 0.002987410257557874 15.99
1600 0.002977750166525683 16
1601 0.002967122562210087 16.01
1602 0.002952344373120835 16.02
1603 0.002943654233846002 16.03
1604 0.002934884419344613 16.04
1605 0.002923974921499581 16.05
1606 0.002918010860647774 16.06
1607 0.002911998956117642 16.07
1608 0.002904859796849762 16.08
1609 0.002900887954259995 16.09
1610 0.002895779992360556 16.1
1611 0.002892313740856356 16.11
1612 0.002886906317049368 16.12
1613 0.002882637760211665 16.13
1614 0.002876249613418563 16.14
1615 0.002866849265591415 16.15
1616 0.002860468237564959 16.16
1617 0.002851170811818529 16.17
1618 0.00284477694724336 16.18
1619 0.00283519445527014 16.19
1620 0.002828333331853713 16.2
1621 0.002817787974846511 16.21
1622 0.002810363869676702 16.22
1623 0.002799428646401078 16.23
1624 0.002792326350541469 16.24
1625 0.002781844036005177 16.25
1626 0.002774901986602379 16.26
1627 0.002764925753747982 16.27
1628 0.002758351801155995 16.28
1629 0.00274904137960065 16.29
1630 0.002742812932450461 16.3
1631 0.002734023379704575 16.31
1632 0.002728062817638696 16.32
1633 0.002721044667796227 16.33
1634 0.002711711266389583 16.34
1635 0.002705856938967785 16.35
1636 0.002699283969079147 16.36
1637 0.002691005137865396 16.37
1638 0.00268575393326223 16.38
1639 0.002679800382137915 16.39
1640 0.002672317217872464 16.4
1641 0.002667425631733167 16.41
1642 0.002661701867716554 16.42
1643 0.002654384269999671 16.43
1644 0.002649406995037726 16.44
1645 0.002643435171421835 16.45
1646 0.002636507960003115 16.46
1647 0.002628869070481654 16.47
1648 0.00261864283445247 16.48
1649 0.00261259302415226 16.49
1650 0.002606090563173111 16.5
1651 0.002599055305262762 16.51
1652 0.002591589784437839 16.52
1653 0.002583859271625216 16.53
1654 0.002576036086392966 16.54
1655 0.002568258798631678 16.55
1656 0.002560634103945997 16.56
1657 0.002553148018409793 16.57
1658 0.002545774222737093 16.58
1659 0.002538449406134666 16.59
1660 0.002531088686455144 16.6
1661 0.002522536720169957 16.61
1662 0.002517088318102573 16.62
1663 0.002510635525437704 16.63
1664 0.002501691224502528 16.64
1665 0.002494985702386363 16.65
1666 0.00248682874753596 16.66
1667 0.002475538826806192 16.67
1668 0.002467671243018749 16.68
1669 0.002458899866661285 16.69
1670 0.002449564164200238 16.7
1671 0.002440129568317878 16.71
1672 0.002431047946955422 16.72
1673 0.002422671915196808 16.73
1674 0.002415226225741612 16.74
1675 0.002408818994874759 16.75
1676 0.002403771628556622 16.76
1677 0.0024041469908338 16.77
1678 0.002404665367194705 16.78
1679 0.002403460420733194 16.79
1680 0.002400130339341611 16.8
1681 0.002392856025705284 16.81
1682 0.002387488865739973 16.82
1683 0.002380144264694614 16.83
1684 0.002367698234566465 16.84
1685 0.002359734557789664 16.85
1686 0.002351657020422449 16.86
1687 0.002339236227908603 16.87
1688 0.002331907241109668 16.88
1689 0.00232408258460455 16.89
1690 0.002312659579344442 16.9
1691 0.002306302886163819 16.91
1692 0.00229968546472796 16.92
1693 0.00229011260018068 16.93
1694 0.002284876211945397 16.94
1695 0.002277011773515539 16.95
1696 0.002271159263042402 16.96
1697 0.002259767200192636 16.97
1698 0.002255274110543937 16.98
1699 0.002245676144996017 16.99
1700 0.002242099372164102 17
1701 0.002233621822728404 17.01
1702 0.002230493523800156 17.02
1703 0.002222395317885567 17.03
1704 0.002219238609613775 17.04
1705 0.002210910728963678 17.05
1706 0.002207428020604266 17.06
1707 0.00219861154864473 17.07
1708 0.00219475011710582 17.08
1709 0.002185453371185739 17.09
1710 0.002181309255747735 17.1
1711 0.002171779548327396 17.11
1712 0.002167592605146818 17.12
1713 0.002158222409923083 17.13
1714 0.0021513775367277 17.14
1715 0.002148488548154456 17.15
1716 0.002140452037427645 17.16
1717 0.002137758013501495 17.17
1718 0.002130064734539444 17.18
1719 0.002127057814895361 17.19
1720 0.002119005387815759 17.2
1721 0.002115832281871149 17.21
1722 0.002107546423685394 17.22
1723 0.002104206884480125 17.23
1724 0.002099203280576722 17.24
1725 0.002088898407421408 17.25
1726 0.002084866778335415 17.26
1727 0.002079612485266516 17.27
1728 0.002073590982785936 17.28
1729 0.00206247018186391 17.29
1730 0.002058096041937255 17.3
1731 0.002052017586139362 17.31
1732 0.002045007368475307 17.32
1733 0.002037307638419833 17.33
1734 0.002024840093694566 17.34
1735 0.002019608307981841 17.35
1736 0.002013554727430519 17.36
1737 0.002006676011447467 17.37
1738 0.001994966758185557 17.38
1739 0.001989883870775547 17.39
1740 0.001980303674151432 17.4
1741 0.001976062436039469 17.41
1742 0.001970600951563928 17.42
1743 0.001960398240338862 17.43
1744 0.001955940308497051 17.44
1745 0.001950403371583032 17.45
1746 0.001943997834641345 17.46
1747 0.001937048891905352 17.47
1748 0.001926121132906508 17.48
1749 0.001922071545627152 17.49
1750 0.001917492709480245 17.5
1751 0.001912318381090919 17.51
1752 0.001903499425169375 17.52
1753 0.00190033542607676 17.53
1754 0.001896181327297186 17.54
1755 0.001887901148923801 17.55
1756 0.001884680925114623 17.56
1757 0.001880248631092762 17.57
1758 0.00187137013165159 17.58
1759 0.001867756045768512 17.59
1760 0.001862958923845637 17.6
1761 0.001853558587627507 17.61
1762 0.001849807782478563 17.62
1763 0.001843933210523868 17.63
1764 0.00183938743523912 17.64
1765 0.001832156994915402 17.65
1766 0.001826765962626695 17.66
1767 0.001818445019957413 17.67
1768 0.001812510789208313 17.68
1769 0.001803626499784189 17.69
1770 0.001797525421110779 17.7
1771 0.0017887198849144 17.71
1772 0.00178284306895872 17.72
1773 0.001774560187343538 17.73
1774 0.001769099953540243 17.74
1775 0.001761463072120939 17.75
1776 0.001759063786322984 17.76
1777 0.001753013288854008 17.77
1778 0.001749508475656636 17.78
1779 0.001742481714437652 17.79
1780 0.001738257503240456 17.8
1781 0.001730182343618505 17.81
1782 0.001725373568572983 17.82
1783 0.001716748042343036 17.83
1784 0.001711799053121799 17.84
1785 0.001703513774952731 17.85
1786 0.00169891881461734 17.86
1787 0.001691237715750638 17.87
1788 0.001687093543305943 17.88
1789 0.001680099545769698 17.89
1790 0.001676399628212824 17.9
1791 0.00166996359925789 17.91
1792 0.001666497846281673 17.92
1793 0.001660190099363051 17.93
1794 0.001656677753136757 17.94
1795 0.001650116536648358 17.95
1796 0.001646318755559137 17.96
1797 0.001639224800906267 17.97
1798 0.001635047224499198 17.98
1799 0.00162995300742412 17.99
1800 0.001621461023560034 18
1801 0.001616779890408357 18.01
1802 0.00161151853252027 18.02
1803 0.001604256519731298 18.03
1804 0.001600791532075055 18.04
1805 0.001596668543272325 18.05
1806 0.001589316132641461 18.06
1807 0.001585726135625978 18.07
1808 0.001581423881278854 18.08
1809 0.001576429267087287 18.09
1810 0.001567820686918839 18.1
1811 0.001563628526031355 18.11
1812 0.001558707254242897 18.12
1813 0.00155306599647792 18.13
1814 0.001543319113324476 18.14
1815 0.001538413573667047 18.15
1816 0.001532830236175856 18.16
1817 0.001522998244811863 18.17
1818 0.001517230687696602 18.18
1819 0.00150638096376414 18.19
1820 0.001501282108778076 18.2
1821 0.001491772805232355 18.21
1822 0.001487574971897831 18.22
1823 0.001482753855036142 18.23
1824 0.001473997764311855 18.24
1825 0.001470474452413273 18.25
1826 0.001466381090225732 18.26
1827 0.001458687078259219 18.27
1828 0.001455751983447981 18.28
1829 0.001452169615804424 18.29
1830 0.001447867646158091 18.3
1831 0.001439793354654176 18.31
1832 0.001436577288532997 18.32
1833 0.001432545075806438 18.33
1834 0.001427737372416291 18.34
1835 0.001418945614234987 18.35
1836 0.001415222739902883 18.36
1837 0.001410666147045339 18.37
1838 0.001406482409981077 18.38
1839 0.001398127993439038 18.39
1840 0.001394526075085029 18.4
1841 0.001389876444635549 18.41
1842 0.001384405794517249 18.42
1843 0.001374562392390019 18.43
1844 0.00137025232973563 18.44
1845 0.001361754676832527 18.45
1846 0.001357952765942472 18.46
1847 0.001349776976373437 18.47
1848 0.001345993288163982 18.48
1849 0.001338461039155026 18.49
1850 0.001334606511885217 18.5
1851 0.001327081596893251 18.51
1852 0.001323039944634688 18.52
1853 0.001318079742039791 18.53
1854 0.001309156840956213 18.54
1855 0.001304653903798317 18.55
1856 0.001299547057145495 18.56
1857 0.001290850399693622 18.57
1858 0.001286750277001161 18.58
1859 0.001282226513069584 18.59
1860 0.001274541274911348 18.6
1861 0.001271089903105746 18.61
1862 0.001267170269700676 18.62
1863 0.001260261086871828 18.63
1864 0.00125719417348788 18.64
1865 0.001252698351899006 18.65
1866 0.001245542066824146 18.66
1867 0.00124197084182856 18.67
1868 0.001237903592371484 18.68
1869 0.001231197801065329 18.69
1870 0.001227762207298491 18.7
1871 0.001223660881363747 18.71
1872 0.00121894191584257 18.72
1873 0.001210766546439798 18.73
1874 0.001206605248240122 18.74
1875 0.001201919295424056 18.75
1876 0.001194426427483339 18.76
1877 0.001190467496778452 18.77
1878 0.00118584267056332 18.78
1879 0.001178337380008762 18.79
1880 0.001174331696426917 18.8
1881 0.001169700365605625 18.81
1882 0.001164605072615482 18.82
1883 0.001159242258769302 18.83
1884 0.001151513775333554 18.84
1885 0.001147874282587683 18.85
1886 0.001143933232866975 18.86
1887 0.001139661358898536 18.87
1888 0.001135124734778017 18.88
1889 0.0011307097787355 18.89
1890 0.001123988692649333 18.9
1891 0.00112080097205447 18.91
1892 0.001116530417495432 18.92
1893 0.001111515459426796 18.93
1894 0.001105872316711665 18.94
1895 0.001097413088876065 18.95
1896 0.001092529476883181 18.96
1897 0.001087123087256711 18.97
1898 0.001081232353471961 18.98
1899 0.001072724049881346 18.99
1900 0.001067896797142989 19
1901 0.001062720927388794 19.01
1902 0.001055275696673894 19.02
1903 0.001051037968390789 19.03
1904 0.001043984066041614 19.04
1905 0.001038552275524865 19.05
1906 0.001031814931934244 19.06
1907 0.001027547906646623 19.07
1908 0.00102241966647959 19.08
1909 0.001019075388604421 19.09
1910 0.00101504075582648 19.1
1911 0.001013670428536367 19.11
1912 0.001011245606078376 19.12
1913 0.001006329546199863 19.13
1914 0.001004036345187961 19.14
1915 0.001000668253542933 19.15
1916 0.0009942692705329076 19.16
1917 0.0009910580775281119 19.17
1918 0.0009867887188221569 19.18
1919 0.0009815785186647608 19.19
1920 0.0009728343113904886 19.2
1921 0.0009684617714751098 19.21
1922 0.0009633660630522234 19.22
1923 0.0009576369356919939 19.23
1924 0.0009484867122207113 19.24
1925 0.0009440488517974827 19.25
1926 0.0009390887663420361 19.26
1927 0.0009309292556639176 19.27
1928 0.0009269529115139424 19.28
1929 0.0009232390483472352 19.29
1930 0.000915747302415143 19.3
1931 0.0009124594536936981 19.31
1932 0.0009082519562724489 19.32
1933 0.0009001196411402429 19.33
1934 0.000896273082051452 19.34
1935 0.0008918522228268944 19.35
1936 0.0008851068511750576 19.36
1937 0.0008813740232697098 19.37
1938 0.0008771514381313156 19.38
1939 0.000872411278758034 19.39
1940 0.0008652866108686263 19.4
1941 0.0008615406965936379 19.41
1942 0.0008573322525548405 19.42
1943 0.0008527060812877907 19.43
1944 0.0008460202928085858 19.44
1945 0.0008427249622321442 19.45
1946 0.0008390454179489359 19.46
1947 0.0008349095932531359 19.47
1948 0.0008288177390445017 19.48
1949 0.0008256983659596789 19.49
1950 0.0008220487681076805 19.5
1951 0.0008178315474736964 19.51
1952 0.0008116019183849882 19.52
1953 0.0008082872730277441 19.53
1954 0.0008044038016475352 19.54
1955 0.0007999104599541174 19.55
1956 0.0007949481765650579 19.56
1957 0.0007837966535411134 19.57
1958 0.0007783095381887067 19.58
1959 0.0007727917763574593 19.59
1960 0.0007673818786500253 19.6
1961 0.0007622470145503407 19.61
1962 0.0007575371026478789 19.62
1963 0.0007521014975535589 19.63
1964 0.0007505080902793643 19.64
1965 0.0007485867650099259 19.65
1966 0.0007460600749752272 19.66
1967 0.000742874926526485 19.67
1968 0.0007391241265857079 19.68
1969 0.0007349775205980347 19.69
1970 0.00073061693578233 19.7
1971 0.0007261903076889037 19.71
1972 0.0007218063912484557 19.72
1973 0.000717518398655595 19.73
1974 0.0007133330315236691 19.74
1975 0.0007092237228060877 19.75
1976 0.000705153395735944 19.76
1977 0.0007010848749437887 19.77
1978 0.0006969787554869517 19.78
1979 0.0006927837923900865 19.79
1980 0.000688393705139026 19.8
1981 0.0006837351055848095 19.81
1982 0.0006862238339333665 19.82
1983 0.0006873868208727985 19.83
1984 0.0006863859751143064 19.84
1985 0.0006833952060020104 19.85
1986 0.0006747807890741531 19.86
1987 0.0006711215077170735 19.87
1988 0.0006658301474377903 19.88
1989 0.0006539590606176593 19.89
1990 0.0006482950753630978 19.9
1991 0.0006414032187862795 19.91
1992 0.0006280409672706072 19.92
1993 0.0006222123581778038 19.93
1994 0.0006159398744913641 19.94
1995 0.0006047021469169495 19.95
1996 0.0006009101202609363 19.96
1997 0.0005970886085436139 19.97
1998 0.0005896805736520516 19.98
1999 0.0005882419390422222 19.99
2000 0.0005865068420660285 20
2001 0.0005813843788470691 20.01
2002 0.0005812931127523041 20.02
2003 0.0005802218282826704 20.03
2004 0.0005748640642795066 20.04
2005 0.0005740010661749173 20.05
2006 0.0005684356036990967 20.06
2007 0.0005670443715452694 20.07
2008 0.0005602584420007217 20.08
2009 0.0005579321946625054 20.09
2010 0.0005496739382030019 20.1
2011 0.0005464467811383267 20.11
2012 0.0005371881100836029 20.12
2013 0.000533583785602379 20.13
2014 0.0005242570525200579 20.14
2015 0.0005208621328236102 20.15
2016 0.0005122140971566269 20.16
2017 0.0005093817084319691 20.17
2018 0.0005057249282246212 20.18
2019 0.0004970945776995722 20.19
2020 0.0004946433758213631 20.2
2021 0.0004916074113383018 20.21
2022 0.0004841734437531359 20.22
2023 0.0004824759927162386 20.23
2024 0.0004801043541102223 20.24
2025 0.0004733682461905281 20.25
2026 0.0004719630080920745 20.26
2027 0.0004697353000321508 20.27
2028 0.000462962828634797 20.28
2029 0.0004612971524037279 20.29
2030 0.0004586630744740222 20.3
2031 0.0004510876546805764 20.31
2032 0.0004488876210433229 20.32
2033 0.0004456863708935388 20.33
2034 0.0004414902712454594 20.34
2035 0.0004319825020498436 20.35
2036 0.0004289311510581595 20.36
2037 0.0004251710117537388 20.37
2038 0.0004206597524098743 20.38
2039 0.0004155304312855324 20.39
2040 0.0004100247818026315 20.4
2041 0.0004044014724647882 20.41
2042 0.0003942977112951634 20.42
2043 0.0003917591880058385 20.43
2044 0.0003891542840828294 20.44
2045 0.0003861288519285966 20.45
2046 0.0003786675092333769 20.46
2047 0.0003769568706804144 20.47
2048 0.0003745398784403692 20.48
2049 0.0003713423168093255 20.49
2050 0.0003680114337002716 20.5
2051 0.0003641137409331474 20.51
2052 0.000359935729907418 20.52
2053 0.0003514837935346959 20.53
2054 0.0003500340274537883 20.54
2055 0.0003482423351364727 20.55
2056 0.0003458619416266684 20.56
2057 0.0003428098599866647 20.57
2058 0.0003340560110412505 20.58
2059 0.0003321149377313315 20.59
2060 0.0003296214794256125 20.6
2061 0.0003264560099788261 20.61
2062 0.0003227095225161042 20.62
2063 0.0003143485906809684 20.63
2064 0.0003126052109694993 20.64
2065 0.0003102099374089479 20.65
2066 0.0003070681836416927 20.66
2067 0.0002991639650187783 20.67
2068 0.0002974042351808343 20.68
2069 0.0002947912585691825 20.69
2070 0.0002873307200208092 20.7
2071 0.0002855464294524157 20.71
2072 0.0002827841809130704 20.72
2073 0.0002750223496941762 20.73
2074 0.0002734117867563973 20.74
2075 0.0002707628964309511 20.75
2076 0.0002630435854191343 20.76
2077 0.0002612586800667255 20.77
2078 0.0002585088009597614 20.78
2079 0.0002548207212783454 20.79
2080 0.0002460268520519532 20.8
2081 0.0002436618344033997 20.81
2082 0.0002406038894800649 20.82
2083 0.0002367988862613385 20.83
2084 0.0002280119828214078 20.84
2085 0.0002258083499778463 20.85
2086 0.0002228566118084724 20.86
2087 0.0002190874536221049 20.87
2088 0.0002102696243002078 20.88
2089 0.0002079590072541215 20.89
2090 0.0002052498857828544 20.9
2091 0.0001975971658397663 20.91
2092 0.000195829577534487 20.92
2093 0.0001890904190770953 20.93
2094 0.0001872920961702301 20.94
2095 0.000180107991030562 20.95
2096 0.0001780214395346313 20.96
2097 0.0001703464114191228 20.97
2098 0.0001679893474905436 20.98
2099 0.0001601838365800912 20.99
2100 0.0001579422228471933 21
2101 0.0001505873317408646 21.01
2102 0.0001487676546763905 21.02
2103 0.0001420877410935051 21.03
2104 0.0001407222675690323 21.04
2105 0.0001348779554226076 21.05
2106 0.0001338774034807949 21.06
2107 0.0001282403896060158 21.07
2108 0.0001272488489074963 21.08
2109 0.0001249968515559113 21.09
2110 0.0001176673871486483 21.1
2111 0.000115842377216277 21.11
2112 0.0001129941113356542 21.12
2113 0.0001050779650810102 21.13
2114 0.0001030076303538824 21.14
2115 9.99749057421645e-05 21.15
2116 9.603081557925386e-05 21.16
2117 8.691665952680061e-05 21.17
2118 8.435549464166914e-05 21.18
2119 8.109039545604879e-05 21.19
2120 7.712877800802875e-05 21.2
2121 7.260575002696057e-05 21.21
2122 6.775900858076167e-05 21.22
2123 6.279719238641568e-05 21.23
2124 5.793425494182713e-05 21.24
2125 5.327449988494493e-05 21.25
2126 4.888794514044947e-05 21.26
2127 4.474318594988036e-05 21.27
2128 4.080702363794264e-05 21.28
2129 3.699520758174146e-05 21.29
2130 3.285403763682304e-05 21.3
2131 2.88219357451186e-05 21.31
2132 2.062277259046175e-05 21.32
2133 1.920493636524412e-05 21.33
2134 1.729844638274913e-05 21.34
2135 1.463308695151544e-05 21.35
2136 7.102146434415091e-06 21.36
2137 5.442427248592008e-06 21.37
2138 2.960965897413903e-06 21.38
2139 -4.54747988538895e-06 21.39
2140 -6.207485944237368e-06 21.4
2141 -8.751426966185916e-06 21.41
2142 -1.208754436690662e-05 21.42
2143 -2.023240110543556e-05 21.43
2144 -2.180645888548438e-05 21.44
2145 -2.383463704346001e-05 21.45
2146 -2.637355266774111e-05 21.46
2147 -2.937261163070415e-05 21.47
2148 -3.646922175108702e-05 21.48
2149 -3.719287432984997e-05 21.49
2150 -3.822655580749956e-05 21.5
2151 -4.030237138678838e-05 21.51
2152 -4.338541447705679e-05 21.52
2153 -5.231866439947552e-05 21.53
2154 -5.429663829562004e-05 21.54
2155 -5.714240379764424e-05 21.55
2156 -6.081278422896685e-05 21.56
2157 -6.516173638453082e-05 21.57
2158 -6.99276031537327e-05 21.58
2159 -8.015809693580345e-05 21.59
2160 -8.222651501262057e-05 21.6
2161 -8.450161606177176e-05 21.61
2162 -8.710818828698563e-05 21.62
2163 -9.013691594894624e-05 21.63
2164 -9.797701051905694e-05 21.64
2165 -9.887383287741913e-05 21.65
2166 -0.0001002618249709708 21.66
2167 -0.0001023106019184955 21.67
2168 -0.0001049896019606755 21.68
2169 -0.0001128714586185464 21.69
2170 -0.0001140486104203586 21.7
2171 -0.0001159924785638089 21.71
2172 -0.000118779551869605 21.72
2173 -0.0001223799827466121 21.73
2174 -0.0001316877202886674 21.74
2175 -0.0001338044067107774 21.75
2176 -0.0001365712599622759 21.76
2177 -0.000140720582221282 21.77
2178 -0.0001452751807363567 21.78
2179 -0.000154871571438786 21.79
2180 -0.0001575173374071676 21.8
2181 -0.0001606212931081763 21.81
2182 -0.0001642516064980226 21.82
2183 -0.0001728403829301811 21.83
2184 -0.0001751556338918381 21.84
2185 -0.0001781375347972569 21.85
2186 -0.0001849456500978286 21.86
2187 -0.0001863031211365579 21.87
2188 -0.0001927894703177419 21.88
2189 -0.0001941712534887924 21.89
2190 -0.0001966546355027105 21.9
2191 -0.0002048285601771588 21.91
2192 -0.0002070578422177366 21.92
2193 -0.0002101370122449264 21.93
2194 -0.0002188603683710294 21.94
2195 -0.0002212389229057504 21.95
2196 -0.000223950168770623 21.96
2197 -0.0002317533288815482 21.97
2198 -0.000233273784513599 21.98
2199 -0.0002354083521988459 21.99
2200 -0.0002423839967974489 22
2201 -0.0002436111661637402 22.01
2202 -0.0002456098707763338 22.02
2203 -0.0002527988188804897 22.03
2204 -0.000254326046938938 22.04
2205 -0.0002567633897536531 22.05
2206 -0.000264442913735341 22.06
2207 -0.0002662636188953127 22.07
2208 -0.0002688826610880712 22.08
2209 -0.0002767463441149948 22.09
2210 -0.0002786943616779752 22.1
2211 -0.0002814752138001059 22.11
2212 -0.0002850225952480689 22.12
2213 -0.0002938751022646124 22.13
2214 -0.0002964878618934574 22.14
2215 -0.0002996568707209213 22.15
2216 -0.0003033558989225804 22.16
2217 -0.0003074774491048926 22.17
2218 -0.0003162033313065665 22.18
2219 -0.0003184218339414707 22.19
2220 -0.000320976761927938 22.2
2221 -0.0003239534089161805 22.21
2222 -0.000327276577103422 22.22
2223 -0.0003308757463154621 22.23
2224 -0.0003387129145013962 22.24
2225 -0.0003403733832858108 22.25
2226 -0.0003423999640691927 22.26
2227 -0.000344938110073037 22.27
2228 -0.0003479492672179979 22.28
2229 -0.0003513655360559143 22.29
2230 -0.0003550256523235235 22.3
2231 -0.00036278163925689 22.31
2232 -0.0003644165790954168 22.32
2233 -0.0003664465643096748 22.33
2234 -0.0003689874139169158 22.34
2235 -0.0003720802567486192 22.35
2236 -0.0003756341895318899 22.36
2237 -0.00038357333722637 22.37
2238 -0.0003855185473059658 22.38
2239 -0.0003878876488783434 22.39
2240 -0.0003906933503812354 22.4
2241 -0.0003939191077673293 22.41
2242 -0.0003974461824149539 22.42
2243 -0.0004011710317610856 22.43
2244 -0.0004088418969849517 22.44
2245 -0.0004104789028695072 22.45
2246 -0.0004123995569691868 22.46
2247 -0.0004147645239394454 22.47
2248 -0.0004175721263232762 22.48
2249 -0.0004207885665661049 22.49
2250 -0.000424275065590049 22.5
2251 -0.0004279269256695084 22.51
2252 -0.0004315940271271412 22.52
2253 -0.0004352083769554732 22.53
2254 -0.0004386858330659577 22.54
2255 -0.0004420171228996378 22.55
2256 -0.000445171848053233 22.56
2257 -0.0004481968365673689 22.57
2258 -0.0004510890041152515 22.58
2259 -0.000457405311232853 22.59
2260 -0.0004581742129450561 22.6
2261 -0.0004593110868172379 22.61
2262 -0.0004609712636749475 22.62
2263 -0.0004632292662011678 22.63
2264 -0.0004696147057699496 22.64
2265 -0.0004709491585164344 22.65
2266 -0.000473004747392855 22.66
2267 -0.0004758569910281313 22.67
2268 -0.0004794053846072927 22.68
2269 -0.0004877191760253585 22.69
2270 -0.0004902245190870486 22.7
2271 -0.0004933918440635648 22.71
2272 -0.0004972335693704394 22.72
2273 -0.000501695813108452 22.73
2274 -0.0005110911135517288 22.74
2275 -0.0005142103445656965 22.75
2276 -0.0005177985998103124 22.76
2277 -0.000521904303070489 22.77
2278 -0.0005263959141547647 22.78
2279 -0.0005355250689179636 22.79
2280 -0.000538332717155518 22.8
2281 -0.0005414983147814939 22.81
2282 -0.0005450345655021727 22.82
2283 -0.0005489088599253122 22.83
2284 -0.0005531422635927236 22.84
2285 -0.0005613839457562081 22.85
2286 -0.0005635140999771526 22.86
2287 -0.0005659464839073147 22.87
2288 -0.0005687696634720935 22.88
2289 -0.0005720035549618696 22.89
2290 -0.0005791755646612357 22.9
2291 -0.0005809052606974979 22.91
2292 -0.0005830677708899418 22.92
2293 -0.0005857116453463485 22.93
2294 -0.0005921428880918678 22.94
2295 -0.0005934960369457232 22.95
2296 -0.0005954122291066399 22.96
2297 -0.0005979477145025003 22.97
2298 -0.000601007502191761 22.98
2299 -0.0006081133281500839 22.99
2300 -0.0006098613940427322 23
2301 -0.0006121898064016806 23.01
2302 -0.0006151146531283153 23.02
2303 -0.0006186077421463099 23.03
2304 -0.0006225152280745772 23.04
2305 -0.0006267163842393758 23.05
2306 -0.0006310435257329133 23.06
2307 -0.0006354098002763348 23.07
2308 -0.0006397143268856847 23.08
2309 -0.0006439446032907442 23.09
2310 -0.0006480591465401614 23.1
2311 -0.0006520875741660853 23.11
2312 -0.0006559704288982143 23.12
2313 -0.000659822020085854 23.13
2314 -0.0006636335947281108 23.14
2315 -0.0006674304567593076 23.15
2316 -0.0006711694760762749 23.16
2317 -0.0006748539049874075 23.17
2318 -0.0006784303388326918 23.18
2319 -0.0006819134382466813 23.19
2320 -0.0006852321422501778 23.2
2321 -0.0006888810781043725 23.21
2322 -0.0006922871210557763 23.22
2323 -0.0006954855418672412 23.23
2324 -0.0006984862202392 23.24
2325 -0.0007013664443719231 23.25
2326 -0.0007041435128712359 23.26
2327 -0.00070689423459179 23.27
2328 -0.0007096372801261297 23.28
2329 -0.000712444527161335 23.29
2330 -0.0007183249102224176 23.3
2331 -0.0007192672633245939 23.31
2332 -0.0007207565931000443 23.32
2333 -0.0007219659884093038 23.33
2334 -0.000723753981663175 23.34
2335 -0.0007261581274080608 23.35
2336 -0.0007290955817672862 23.36
2337 -0.0007324902021758478 23.37
2338 -0.0007361780538697182 23.38
2339 -0.0007400655890578145 23.39
2340 -0.0007478143394105269 23.4
2341 -0.0007498448777078226 23.41
2342 -0.0007520282070402479 23.42
2343 -0.0007545652818352899 23.43
2344 -0.0007565350235787804 23.44
2345 -0.0007632098940333343 23.45
2346 -0.0007654949086911417 23.46
2347 -0.000768262399159475 23.47
2348 -0.0007715087222000538 23.48
2349 -0.0007751678171775273 23.49
2350 -0.0007790786985163722 23.5
2351 -0.0007831324941418999 23.51
2352 -0.0007871844516463555 23.52
2353 -0.0007911837379398767 23.53
2354 -0.0007950617636058172 23.54
2355 -0.0007988463476348157 23.55
2356 -0.0008025218538104117 23.56
2357 -0.0008061462534980079 23.57
2358 -0.000809713986067731 23.58
2359 -0.0008132729087688001 23.59
2360 -0.000819700954091479 23.6
2361 -0.0008215457341202576 23.61
2362 -0.0008239800973965511 23.62
2363 -0.0008268158656799807 23.63
2364 -0.0008299901134573573 23.64
2365 -0.0008334208359052492 23.65
2366 -0.0008369286223897376 23.66
2367 -0.0008404046505901958 23.67
2368 -0.0008464152416445825 23.68
2369 -0.0008477878507907599 23.69
2370 -0.0008494145890405314 23.7
2371 -0.0008515553878101767 23.71
2372 -0.0008542423158971746 23.72
2373 -0.0008602063343887828 23.73
2374 -0.0008621639607547527 23.74
2375 -0.0008648511732150393 23.75
2376 -0.0008682874063698914 23.76
2377 -0.0008750039096707407 23.77
2378 -0.0008776239634217947 23.78
2379 -0.0008809562306406754 23.79
2380 -0.0008849604506585146 23.8
2381 -0.00088953408927199 23.81
2382 -0.0008978634809177627 23.82
2383 -0.0009011596592640864 23.83
2384 -0.0009047569956376622 23.84
2385 -0.0009087056892674722 23.85
2386 -0.0009128674942083942 23.86
2387 -0.0009201501310662913 23.87
2388 -0.000922582661001134 23.88
2389 -0.0009252171053616837 23.89
2390 -0.0009281010260148992 23.9
2391 -0.000931215628655141 23.91
2392 -0.0009369666820767258 23.92
2393 -0.0009385186634746634 23.93
2394 -0.000940370289358658 23.94
2395 -0.0009426723143988597 23.95
2396 -0.0009453621256581973 23.96
2397 -0.0009483814198004425 23.97
2398 -0.0009531315719659705 23.98
2399 -0.0009538154817416572 23.99
2400 -0.0009552349022667883 24
2401 -0.0009575400493576774 24.01
2402 -0.0009638715040348328 24.02
2403 -0.0009658280650987755 24.03
2404 -0.0009686149977560093 24.04
2405 -0.0009757747780426845 24.05
2406 -0.0009782229564690437 24.06
2407 -0.0009814347557529635 24.07
2408 -0.000985322531456001 24.08
2409 -0.0009897264207545109 24.09
2410 -0.0009982815728306338 24.1
2411 -0.001000910511338618 24.11
2412 -0.001003671984310825 24.12
2413 -0.001006798405503037 24.13
2414 -0.001010022818031711 24.14
2415 -0.001013268114396115 24.15
2416 -0.001019533733865985 24.16
2417 -0.001020495748549774 24.17
2418 -0.001021562108990209 24.18
2419 -0.001022959435066181 24.19
2420 -0.001024697200732297 24.2
2421 -0.001029503875901214 24.21
2422 -0.001029954408570163 24.22
2423 -0.001030973572246408 24.23
2424 -0.001032656486524841 24.24
2425 -0.001034997921083233 24.25
2426 -0.001040933752948489 24.26
2427 -0.001042308797858424 24.27
2428 -0.001044298409354147 24.28
2429 -0.001047009103129312 24.29
2430 -0.001050326903848181 24.3
2431 -0.001057621938489864 24.31
2432 -0.001059727826303286 24.32
2433 -0.001062334639724424 24.33
2434 -0.001065471529749229 24.34
2435 -0.001069086766678856 24.35
2436 -0.001076532630457455 24.36
2437 -0.001078663760109344 24.37
2438 -0.001081125170615524 24.38
2439 -0.001084014639682718 24.39
2440 -0.001087262549944526 24.4
2441 -0.001094124728624218 24.41
2442 -0.00109583335767803 24.42
2443 -0.001097890436473625 24.43
2444 -0.001100380940673121 24.44
2445 -0.001103298416256754 24.45
2446 -0.001109240151390925 24.46
2447 -0.001110275958026277 24.47
2448 -0.001111875621042438 24.48
2449 -0.001115143082686315 24.49
2450 -0.001118763416317198 24.5
2451 -0.00112260253606232 24.51
2452 -0.001126461781527061 24.52
2453 -0.001130251123444018 24.53
2454 -0.001133862138763292 24.54
2455 -0.001137299390194177 24.55
2456 -0.001140537895780239 24.56
2457 -0.001143651214145017 24.57
2458 -0.001146661802741145 24.58
2459 -0.001149664036975237 24.59
2460 -0.001152673109537872 24.6
2461 -0.00115576550863046 24.61
2462 -0.001158933728596989 24.62
2463 -0.00116221730488357 24.63
2464 -0.001165574597140492 24.64
2465 -0.001169027816868159 24.65
2466 -0.001172524725702617 24.66
2467 -0.001176073268378097 24.67
2468 -0.001179612869720861 24.68
2469 -0.001183150828894933 24.69
2470 -0.001186608418006815 24.7
2471 -0.001193057731729841 24.71
2472 -0.001194744639584758 24.72
2473 -0.001196680284845472 24.73
2474 -0.001199033027536794 24.74
2475 -0.001204611855821422 24.75
2476 -0.001206232798333817 24.76
2477 -0.001208381992400351 24.77
2478 -0.001213858998876979 24.78
2479 -0.001215566819484509 24.79
2480 -0.001217824380767632 24.8
2481 -0.001223497676447596 24.81
2482 -0.001225296760778011 24.82
2483 -0.00122765784759038 24.83
2484 -0.001233408913676501 24.84
2485 -0.001235307544285622 24.85
2486 -0.001237733871875368 24.86
2487 -0.001243643117131474 24.87
2488 -0.001245664116586345 24.88
2489 -0.001248256554104432 24.89
2490 -0.001251428210178776 24.9
2491 -0.001258141278933964 24.91
2492 -0.00126044893105956 24.92
2493 -0.001263096508842251 24.93
2494 -0.001266116760544583 24.94
2495 -0.001272377445749248 24.95
2496 -0.001274367032653906 24.96
2497 -0.001276666694304041 24.97
2498 -0.001279353720183368 24.98
2499 -0.00128241486033806 24.99
2500 -0.001288556800945112 25
2501 -0.001290452811189613 25.01
2502 -0.001292577710042014 25.02
2503 -0.001295116561568721 25.03
2504 -0.00129801785190492 25.04
2505 -0.001301234086380179 25.05
2506 -0.001304606480538817 25.06
2507 -0.001308043289204641 25.07
2508 -0.001311409427782045 25.08
2509 -0.001314676613394933 25.09
2510 -0.001317783330940875 25.1
2511 -0.001320771134542639 25.11
2512 -0.001323636237591699 25.12
2513 -0.001326457477268381 25.13
2514 -0.001329245935521542 25.14
2515 -0.001332083785809193 25.15
2516 -0.001334966476192412 25.16
2517 -0.001337950697677559 25.17
2518 -0.001343758026934358 25.18
2519 -0.001345477322585484 25.19
2520 -0.001347479280335143 25.2
2521 -0.001349996503381787 25.21
2522 -0.001352999684792619 25.22
2523 -0.00135931719858623 25.23
2524 -0.00136148520905946 25.24
2525 -0.001363923182697666 25.25
2526 -0.001366698333162775 25.26
2527 -0.001369796955511288 25.27
2528 -0.001375908171064033 25.28
2529 -0.001377800420553618 25.29
2530 -0.001379809818561978 25.3
2531 -0.001382171937347507 25.31
2532 -0.001387395670867611 25.32
2533 -0.001388975034270087 25.33
2534 -0.001390887215989289 25.34
2535 -0.001395858328800598 25.35
2536 -0.001397490467021228 25.36
2537 -0.001399664002763951 25.37
2538 -0.001405153007911303 25.38
2539 -0.001407182316467956 25.39
2540 -0.001409174597845578 25.4
2541 -0.001412016427925503 25.41
2542 -0.001419486930176156 25.42
2543 -0.001421649981608028 25.43
2544 -0.001424195677882434 25.44
2545 -0.001427163915716234 25.45
2546 -0.001430403953640386 25.46
2547 -0.001433809870947281 25.47
2548 -0.001440767774644428 25.48
2549 -0.001442044509178939 25.49
2550 -0.001443421764747127 25.5
2551 -0.001445175279138691 25.51
2552 -0.001447349390841374 25.52
2553 -0.001449968800872434 25.53
2554 -0.001452912953354091 25.54
2555 -0.001456108633858172 25.55
2556 -0.001458983005530545 25.56
2557 -0.001462013493992151 25.57
2558 -0.001465131262381861 25.58
2559 -0.001468984911188492 25.59
2560 -0.001472646401317626 25.6
2561 -0.00147614132939311 25.61
2562 -0.001479461945927574 25.62
2563 -0.001482696698338171 25.63
2564 -0.00148586520971189 25.64
2565 -0.001489058344393557 25.65
2566 -0.001492278279638742 25.66
2567 -0.001495577760622216 25.67
2568 -0.001499294788483249 25.68
2569 -0.001502966689550619 25.69
2570 -0.001509713959495354 25.7
2571 -0.001511672866550781 25.71
2572 -0.001513603573453884 25.72
2573 -0.00151830430318417 25.73
2574 -0.001522665699438153 25.74
2575 -0.00152665853704359 25.75
2576 -0.001530177858302048 25.76
2577 -0.001533225534747801 25.77
2578 -0.001535776556635518 25.78
2579 -0.001537921852501609 25.79
2580 -0.001539724519096092 25.8
2581 -0.001541360440179704 25.81
2582 -0.00154294998592179 25.82
2583 -0.00154468014235952 25.83
2584 -0.001546638661765631 25.84
2585 -0.001548960185835543 25.85
2586 -0.001553361713083914 25.86
2587 -0.001555451734834276 25.87
2588 -0.001558098462182536 25.88
2589 -0.001561464247523001 25.89
2590 -0.001565450962431519 25.9
2591 -0.001572410668804092 25.91
2592 -0.001575853926136586 25.92
2593 -0.001579476037621083 25.93
2594 -0.001583221627474374 25.94
2595 -0.001587009704123399 25.95
2596 -0.001592700172773909 25.96
2597 -0.001594822561115608 25.97
2598 -0.00159673207314609 25.98
2599 -0.001598600713791934 25.99
2600 -0.001600432879447125 26
2601 -0.001603535213127213 26.01
2602 -0.001604213650324579 26.02
2603 -0.001605099529866996 26.03
2604 -0.001606333076427838 26.04
2605 -0.001608012824051347 26.05
2606 -0.001611554229532922 26.06
2607 -0.001612904624298611 26.07
2608 -0.001614749010036415 26.08
2609 -0.001617211445849032 26.09
2610 -0.001620218653615335 26.1
2611 -0.001625820736269018 26.11
2612 -0.001628407651009522 26.12
2613 -0.001631422126811916 26.13
2614 -0.001637004478360016 26.14
2615 -0.001639702412133764 26.15
2616 -0.001642483847604001 26.16
2617 -0.001645811100008276 26.17
2618 -0.001651936332531453 26.18
2619 -0.00165474011153878 26.19
2620 -0.001657827683849547 26.2
2621 -0.001661177672310457 26.21
2622 -0.001664726492055874 26.22
2623 -0.001670736588814087 26.23
2624 -0.001673077088426567 26.24
2625 -0.001675541512580897 26.25
2626 -0.001678151724412991 26.26
2627 -0.0016809314711108 26.27
2628 -0.001685744217572574 26.28
2629 -0.001687470711405389 26.29
2630 -0.001689395095794854 26.3
2631 -0.001691654854936012 26.31
2632 -0.001694211974020074 26.32
2633 -0.001697045805572409 26.33
2634 -0.001702039042384557 26.34
2635 -0.001703921493820121 26.35
2636 -0.001706041254429108 26.36
2637 -0.001708546372008901 26.37
2638 -0.001710973203754088 26.38
2639 -0.001713986179746191 26.39
2640 -0.001717441952336363 26.4
2641 -0.001724559476823345 26.41
2642 -0.001728399680346243 26.42
2643 -0.001732093633092791 26.43
2644 -0.001735628903577549 26.44
2645 -0.001741303518861925 26.45
2646 -0.001743082686448585 26.46
2647 -0.001744892109035084 26.47
2648 -0.001746830357764892 26.48
2649 -0.001748976259996385 26.49
2650 -0.00175306536361966 26.5
2651 -0.001754192544039482 26.51
2652 -0.001755668997716509 26.52
2653 -0.001757646254718956 26.53
2654 -0.001760085646992732 26.54
2655 -0.001765009467208339 26.55
2656 -0.001766793734838679 26.56
2657 -0.001769048406684876 26.57
2658 -0.001771761241840114 26.58
2659 -0.001774893261157651 26.59
2660 -0.001778273163167338 26.6
2661 -0.001781781185007214 26.61
2662 -0.001785225043570413 26.62
2663 -0.001788522627156355 26.63
2664 -0.001791557308379238 26.64
2665 -0.001794342637881002 26.65
2666 -0.001799048519853533 26.66
2667 -0.001800739211256314 26.67
2668 -0.001802347392643525 26.68
2669 -0.001804085043820763 26.69
2670 -0.001806982671255106 26.7
2671 -0.001808301338893259 26.71
2672 -0.001810150391028137 26.72
2673 -0.001813849620407135 26.73
2674 -0.001815885157149241 26.74
2675 -0.001818607086218879 26.75
2676 -0.001823510075446372 26.76
2677 -0.001826210384758012 26.77
2678 -0.001829382500538226 26.78
2679 -0.001832983208198469 26.79
2680 -0.001838567819046164 26.8
2681 -0.001841284132789112 26.81
2682 -0.001844133556876057 26.82
2683 -0.001847156129599251 26.83
2684 -0.001851715976015342 26.84
2685 -0.001853770328271595 26.85
2686 -0.001856021973713234 26.86
2687 -0.001859813347217298 26.87
2688 -0.001861593149101476 26.88
2689 -0.001863834353395544 26.89
2690 -0.001866515559316467 26.9
2691 -0.001873076623811518 26.91
2692 -0.00187677522763359 26.92
2693 -0.001880308193369401 26.93
2694 -0.001883553760013951 26.94
2695 -0.001886813622513903 26.95
2696 -0.001888578698309135 26.96
2697 -0.001890391838772612 26.97
2698 -0.001892308341253077 26.98
2699 -0.001894381529531031 26.99
2700 -0.001896544254178456 27
2701 -0.001898717201216066 27.01
2702 -0.00190007421952601 27.02
2703 -0.001901808462745194 27.03
2704 -0.00190394836779878 27.04
2705 -0.001906506433115907 27.05
2706 -0.001909622453983933 27.06
2707 -0.001911795122763793 27.07
2708 -0.00191439422434049 27.08
2709 -0.001917443372333488 27.09
2710 -0.001920800490427407 27.1
2711 -0.001924938599499798 27.11
2712 -0.001927581377931614 27.12
2713 -0.00193051971744565 27.13
2714 -0.001933762158336724 27.14
2715 -0.001937162929132236 27.15
2716 -0.001940569959769003 27.16
2717 -0.001944247926061085 27.17
2718 -0.001946517632819694 27.18
2719 -0.001948916228107028 27.19
2720 -0.001951495915329018 27.2
2721 -0.00195431275024513 27.21
2722 -0.001957307374541112 27.22
2723 -0.00196077397481989 27.23
2724 -0.00196321436557155 27.24
2725 -0.001966053294825243 27.25
2726 -0.001969300432123552 27.26
2727 -0.001972941067075726 27.27
2728 -0.001977446230340518 27.28
2729 -0.001980589904234414 27.29
2730 -0.00198398171530717 27.3
2731 -0.001987632097881678 27.31
2732 -0.001991944010164226 27.32
2733 -0.001994868029504993 27.33
2734 -0.001997944340192612 27.34
2735 -0.002001540849613917 27.35
2736 -0.002004083983859581 27.36
2737 -0.002006903658277603 27.37
2738 -0.002010168450418778 27.38
2739 -0.002012614947133534 27.39
2740 -0.002015365715266518 27.4
2741 -0.002018646956958581 27.41
2742 -0.002021096362989971 27.42
2743 -0.002023909904029009 27.43
2744 -0.002027250013124787 27.44
2745 -0.002029765351033205 27.45
2746 -0.00203259859539677 27.46
2747 -0.002036009214940543 27.47
2748 -0.002038529598816063 27.48
2749 -0.002041399805507063 27.49
2750 -0.002044539374502663 27.5
2751 -0.002048182755878744 27.51
2752 -0.002050691667916896 27.52
2753 -0.002053442407008124 27.53
2754 -0.002056396503379229 27.54
2755 -0.002059526494805716 27.55
2756 -0.002062930016222903 27.56
2757 -0.002065243160548111 27.57
2758 -0.002067730757232211 27.58
2759 -0.00207048142802245 27.59
2760 -0.002073418237466207 27.6
2761 -0.002076690550884233 27.61
2762 -0.002078951183902805 27.62
2763 -0.002081479081647922 27.63
2764 -0.002084255253427592 27.64
2765 -0.002087730875640487 27.65
2766 -0.002090265843381262 27.66
2767 -0.002093030019624229 27.67
2768 -0.002095980555312765 27.68
2769 -0.002099127062385839 27.69
2770 -0.002101460090316018 27.7
2771 -0.00210403972198285 27.71
2772 -0.00210683995237218 27.72
2773 -0.002109839250537593 27.73
2774 -0.00211293292767363 27.74
2775 -0.002115214420955316 27.75
2776 -0.002117698916693347 27.76
2777 -0.002120466334969776 27.77
2778 -0.002123423384277678 27.78
2779 -0.002126579875929818 27.79
2780 -0.002128901950463363 27.8
2781 -0.002131491979151134 27.81
2782 -0.002134336574743143 27.82
2783 -0.002137677044053432 27.83
2784 -0.002140375022584212 27.84
2785 -0.002143346310887015 27.85
2786 -0.0021464538683304 27.86
2787 -0.002149130359962961 27.87
2788 -0.002152095921722302 27.88
2789 -0.002155354502364842 27.89
2790 -0.002158743426724438 27.9
2791 -0.002162113707622579 27.91
2792 -0.002164609074738436 27.92
2793 -0.002167224647217997 27.93
2794 -0.002169950893666131 27.94
2795 -0.002172786757033363 27.95
2796 -0.002175618371734869 27.96
2797 -0.002178403712722377 27.97
2798 -0.002181025668883757 27.98
2799 -0.002183476757134789 27.99
2800 -0.002185112603313805 28
2801 -0.002186463305871064 28.01
2802 -0.002187986849078227 28.02
2803 -0.002189871817370098 28.03
2804 -0.002191614608913636 28.04
2805 -0.00219353128267033 28.05
2806 -0.002195946672885807 28.06
2807 -0.002198717804627368 28.07
2808 -0.002201281049702464 28.08
2809 -0.002203856420487829 28.09
2810 -0.002207127489561977 28.1
2811 -0.002209555782510239 28.11
2812 -0.002212512838423428 28.12
2813 -0.002215959042208476 28.13
2814 -0.002220428324953019 28.14
2815 -0.002223243118560578 28.15
2816 -0.002226280261194133 28.16
2817 -0.002230164771571091 28.17
2818 -0.002232872737591887 28.18
2819 -0.00223589133764858 28.19
2820 -0.002239713082832204 28.2
2821 -0.002242315797795782 28.21
2822 -0.002245244139938249 28.22
2823 -0.002249029762440138 28.23
2824 -0.002251581122855506 28.24
2825 -0.002254498663596449 28.25
2826 -0.002258172418927312 28.26
2827 -0.002260665197663436 28.27
2828 -0.002263464521131173 28.28
2829 -0.002267000059381227 28.29
2830 -0.002269386904498127 28.3
2831 -0.002272138625470863 28.31
2832 -0.002271044936495561 28.32
2833 -0.002273042861187846 28.33
2834 -0.002273257627142811 28.34
2835 -0.002274881573782611 28.35
2836 -0.00227772961590024 28.36
2837 -0.002281562773432499 28.37
2838 -0.002289317956636186 28.38
2839 -0.002292189641784348 28.39
2840 -0.00229542651193107 28.4
2841 -0.002299047181893887 28.41
2842 -0.002302890032002486 28.42
2843 -0.002309911304885323 28.43
2844 -0.002311944943348035 28.44
2845 -0.002314109585923721 28.45
2846 -0.002315859633712475 28.46
2847 -0.002317997928714732 28.47
2848 -0.002323037216466886 28.48
2849 -0.002324038392633662 28.49
2850 -0.002325501187027082 28.5
2851 -0.002327566468347073 28.51
2852 -0.002330151581290754 28.52
2853 -0.00233667786421711 28.53
2854 -0.002338601194476944 28.54
2855 -0.002340847170249169 28.55
2856 -0.002343433315721496 28.56
2857 -0.00234634954331514 28.57
2858 -0.002352111006788671 28.58
2859 -0.002353588558315065 28.59
2860 -0.00235535009131016 28.6
2861 -0.002357563509151492 28.61
2862 -0.002360162161855209 28.62
2863 -0.002365667788943163 28.63
2864 -0.002367083013046944 28.64
2865 -0.002368951646408046 28.65
2866 -0.002371301263810133 28.66
2867 -0.00237667244067534 28.67
2868 -0.002378150180991606 28.68
2869 -0.002380034574261516 28.69
2870 -0.002384958312394353 28.7
2871 -0.002386282204074858 28.71
2872 -0.002388215091338838 28.72
2873 -0.002393334475043196 28.73
2874 -0.002394759318609996 28.74
2875 -0.002396817912021856 28.75
2876 -0.002401997271004819 28.76
2877 -0.00240345200847393 28.77
2878 -0.002405458927436765 28.78
2879 -0.002410563161766979 28.79
2880 -0.002411926824512522 28.8
2881 -0.002413881168884774 28.81
2882 -0.002418863005872407 28.82
2883 -0.002420204515794389 28.83
2884 -0.002424765542636625 28.84
2885 -0.002430977342297913 28.85
2886 -0.002433735947150878 28.86
2887 -0.00243638595734301 28.87
2888 -0.002438934038914237 28.88
2889 -0.002442284527269412 28.89
2890 -0.002443414796571647 28.9
2891 -0.002444739160757006 28.91
2892 -0.002446320757937992 28.92
2893 -0.002448843713280441 28.93
2894 -0.002449814656618185 28.94
2895 -0.002451332663212416 28.95
2896 -0.002453401574685071 28.96
2897 -0.002456957723788317 28.97
2898 -0.002458696757893092 28.98
2899 -0.002461017806334356 28.99
2900 -0.002463852727763505 29
2901 -0.002468381173157078 29.01
2902 -0.00247060889843019 29.02
2903 -0.002473255396086602 29.03
2904 -0.002477447134954777 29.04
2905 -0.002479565034973916 29.05
2906 -0.002482096449699892 29.06
2907 -0.002486234241058288 29.07
2908 -0.002488322713967081 29.08
2909 -0.002490884675892618 29.09
2910 -0.002493847867877264 29.1
2911 -0.00249838874891127 29.11
2912 -0.002500557609889792 29.12
2913 -0.002503071913202384 29.13
2914 -0.002505899958628141 29.14
2915 -0.00251006393637003 29.15
2916 -0.002511987625939585 29.16
2917 -0.002514371062640908 29.17
2918 -0.002517198842913473 29.18
2919 -0.002521771704497577 29.19
2920 -0.002523981809495757 29.2
2921 -0.002526615177119509 29.21
2922 -0.002529608289960406 29.22
2923 -0.002532877901155209 29.23
2924 -0.002537556918147124 29.24
2925 -0.002539550781417682 29.25
2926 -0.002541666695689559 29.26
2927 -0.002544004041216533 29.27
2928 -0.00254649021531618 29.28
2929 -0.002549095917785876 29.29
2930 -0.002551698847180442 29.3
2931 -0.002554276830963417 29.31
2932 -0.002556754207657455 29.32
2933 -0.00255918053900521 29.33
2934 -0.002561545056320558 29.34
2935 -0.002563936219500684 29.35
2936 -0.00256636037391525 29.36
2937 -0.002568895775202973 29.37
2938 -0.002571527840113358 29.38
2939 -0.002575419177255511 29.39
2940 -0.002577134697007308 29.4
2941 -0.00257929865303308 29.41
2942 -0.002583105680865144 29.42
2943 -0.002585192549168114 29.43
2944 -0.002587894943460609 29.44
2945 -0.002591211926599626 29.45
2946 -0.002596472949672954 29.46
2947 -0.00259919346114458 29.47
2948 -0.002602216953120046 29.48
2949 -0.002605639153532707 29.49
2950 -0.002609030459455819 29.5
2951 -0.002612484839045554 29.51
2952 -0.002617159080637518 29.52
2953 -0.002619016526988302 29.53
2954 -0.002620909587010195 29.54
2955 -0.002622991830549343 29.55
2956 -0.002625236346685655 29.56
2957 -0.002627643610782687 29.57
2958 -0.002630708120839556 29.58
2959 -0.002631768769035092 29.59
2960 -0.00263314558706243 29.6
2961 -0.002634991271137074 29.61
2962 -0.002637263894269895 29.62
2963 -0.002639940558432252 29.63
2964 -0.002642875553220528 29.64
2965 -0.002646000522466094 29.65
2966 -0.002649177458552254 29.66
2967 -0.002652382926109448 29.67
2968 -0.002655541187136359 29.68
2969 -0.002658689827495064 29.69
2970 -0.00266179908940635 29.7
2971 -0.002664718099924093 29.71
2972 -0.002667688682195843 29.72
2973 -0.002670768330951492 29.73
2974 -0.002673912168244419 29.74
2975 -0.002678022337643596 29.75
2976 -0.002681821206005686 29.76
2977 -0.002685357142785852 29.77
2978 -0.002688601668750581 29.78
2979 -0.002691616594527282 29.79
2980 -0.002694608802191953 29.8
2981 -0.0026973500184196 29.81
2982 -0.002699810039162406 29.82
2983 -0.002702054002167345 29.83
2984 -0.002704074115435121 29.84
2985 -0.002705960709734875 29.85
2986 -0.002707726738162303 29.86
2987 -0.002709474557392871 29.87
2988 -0.002711220421864988 29.88
2989 -0.002713061555274648 29.89
2990 -0.002715000548718635 29.9
2991 -0.002717114587101943 29.91
2992 -0.00271938240072872 29.92
2993 -0.002721856791378624 29.93
2994 -0.00272449310154943 29.94
2995 -0.002727324313129303 29.95
2996 -0.002730288900950312 29.96
2997 -0.002734223935509691 29.97
2998 -0.002736390381372439 29.98
2999 -0.002738952564347433 29.99
3000 -0.00274200536522623 30
