"cd-rfile"
"Time Step" "cd etc.."
("Time Step" "cd" "flow-time")
0 6.1929718442252e-27 0
1 424.5370419624837 0.01
2 1.801455394980916 0.02
3 -5.82998934323429 0.03
4 -5.196334286858225 0.04
5 -2.542708521371037 0.05
6 -0.2036144606785735 0.06
7 0.9857317663796236 0.07000000000000001
8 0.1767837481662703 0.08
9 -0.441909113604181 0.09
10 -0.7364265540135252 0.1
11 -0.4969300307353864 0.11
12 -0.191504854414392 0.12
13 -0.02647880555934131 0.13
14 0.0336683722151795 0.14
15 0.01285809566354672 0.15
16 0.01986902629150731 0.16
17 0.05283893741803999 0.17
18 0.07010822858561819 0.18
19 0.1093215529233007 0.19
20 0.1017806702310258 0.2
21 0.05739722307642564 0.21
22 0.01986415821683777 0.22
23 -0.0004227601024880091 0.23
24 -0.007116907172050521 0.24
25 -0.02181857460608499 0.25
26 -0.0355826655004042 0.26
27 -0.0375490980497607 0.27
28 -0.03549632311886042 0.28
29 -0.02211458437176614 0.29
30 0.002143334807094647 0.3
31 0.0155197691089648 0.31
32 0.02330284131532924 0.32
33 0.03397165068409607 0.33
34 0.04150020460085855 0.34
35 0.04166360730261642 0.35
36 0.03191988132232683 0.36
37 0.01743138986566706 0.37
38 0.007443364416919724 0.38
39 0.003031891732675269 0.39
40 0.006939318348431612 0.4
41 0.01721277771908797 0.41
42 0.02847553673967397 0.42
43 0.04136492543321686 0.43
44 0.05429112640258097 0.44
45 0.07204089244818107 0.45
46 0.0907026546041057 0.46
47 0.09477352503389191 0.47
48 0.1070234536234591 0.48
49 0.1112477200205679 0.49
50 0.1172859666231633 0.5
51 0.1096380081127456 0.51
52 0.09810330578323337 0.52
53 0.08314816714506419 0.53
54 0.07175888937013414 0.54
55 0.05771016905075524 0.55
56 0.04595970175789579 0.5600000000000001
57 0.03390525940668827 0.5700000000000001
58 0.02622564759055014 0.58
59 0.02793667322379674 0.59
60 0.01473050490595489 0.6
61 0.002466174886127085 0.61
62 -0.007257152976398768 0.62
63 -0.01745417726135064 0.63
64 -0.0227825772857343 0.64
65 -0.02484837802800638 0.65
66 -0.0221405911333614 0.66
67 -0.02340460799312869 0.67
68 -0.02601762718154255 0.68
69 -0.02709246755323868 0.6900000000000001
70 -0.02571527876260813 0.7000000000000001
71 -0.02244702272991323 0.71
72 -0.01916359555393742 0.72
73 -0.01690830770195445 0.73
74 -0.01451664613850122 0.74
75 -0.009087713376306676 0.75
76 -0.009156157360601774 0.76
77 -0.01271821681079711 0.77
78 -0.01592383219116205 0.78
79 -0.01855103456987146 0.79
80 -0.0205116453328271 0.8
81 -0.02100402478947282 0.8100000000000001
82 -0.02086949078917224 0.8200000000000001
83 -0.02071630711135243 0.8300000000000001
84 -0.01849422686443762 0.84
85 -0.01529406873027683 0.85
86 -0.01179155488627302 0.86
87 -0.007961083679141398 0.87
88 -0.003472612193980657 0.88
89 0.004770012186964657 0.89
90 0.01147915047818918 0.9
91 0.01453791345840166 0.91
92 0.01705784816313564 0.92
93 0.01898934961107262 0.93
94 0.02107227810065079 0.9400000000000001
95 0.02323357448747499 0.9500000000000001
96 0.02552828008385115 0.96
97 0.02720761864250152 0.97
98 0.02871183252202948 0.98
99 0.02993320889378811 0.99
100 0.03055164258103937 1
101 0.03126455436464568 1.01
102 0.03227282834841739 1.02
103 0.03338160437065722 1.03
104 0.03549142504544826 1.04
105 0.03856938433071342 1.05
106 0.04178933655390728 1.06
107 0.04569104726950522 1.07
108 0.0496862902366608 1.08
109 0.05341249515740557 1.09
110 0.057038499406637 1.1
111 0.06027244502622545 1.11
112 0.06342990527162368 1.12
113 0.06554490899059784 1.13
114 0.06675260975994542 1.14
115 0.06692161820267986 1.15
116 0.06613248273380457 1.16
117 0.06503360226629219 1.17
118 0.06334797418478182 1.18
119 0.06086915546689274 1.19
120 0.05812976122559376 1.2
121 0.05517352802020996 1.21
122 0.05131530001803521 1.22
123 0.04813523942996244 1.23
124 0.04494897801662498 1.24
125 0.04170613468827902 1.25
126 0.03821630821239997 1.26
127 0.03522371815302729 1.27
128 0.03234497247769644 1.28
129 0.02969795541840871 1.29
130 0.02781283232172005 1.3
131 0.02575791958277994 1.31
132 0.02340869231298614 1.32
133 0.02207940060701215 1.33
134 0.020919806736778 1.34
135 0.01988939306313438 1.35
136 0.01864101175432609 1.36
137 0.01818811576669371 1.37
138 0.01762006268197553 1.38
139 0.01725224879868413 1.39
140 0.01720723930077235 1.4
141 0.01717179642566176 1.41
142 0.01690427776980107 1.42
143 0.01696531732695906 1.43
144 0.01723968913847809 1.44
145 0.01731692032933169 1.45
146 0.01743099305050687 1.46
147 0.0174414521481246 1.47
148 0.01742013667526666 1.48
149 0.0176885883894303 1.49
150 0.01804134808241945 1.5
151 0.01816788487304149 1.51
152 0.01834822154738161 1.52
153 0.01873900222040608 1.53
154 0.01895117073460623 1.54
155 0.01902916112188312 1.55
156 0.0192094013615118 1.56
157 0.01944147268585718 1.57
158 0.01958201132717176 1.58
159 0.01978981263948929 1.59
160 0.01989101068437528 1.6
161 0.01985062407962727 1.61
162 0.01982698047332156 1.62
163 0.01967861668524367 1.63
164 0.01953010802730806 1.64
165 0.01939403604817305 1.65
166 0.01920539391131737 1.66
167 0.01889640202622846 1.67
168 0.01865390017758702 1.68
169 0.01840520157118358 1.69
170 0.01815493888543182 1.7
171 0.01783061683044323 1.71
172 0.01744505691794641 1.72
173 0.01708906721401283 1.73
174 0.01676558334096495 1.74
175 0.01636680870212506 1.75
176 0.01594410043306088 1.76
177 0.01546180691814526 1.77
178 0.01502316953952597 1.78
179 0.01456550338642804 1.79
180 0.01410238508061474 1.8
181 0.01372038187263746 1.81
182 0.01334129379638127 1.82
183 0.01312104654445432 1.83
184 0.01272836464206187 1.84
185 0.01231668359682471 1.85
186 0.01207420213525487 1.86
187 0.01174673956952297 1.87
188 0.01152774726073558 1.88
189 0.01135376895846038 1.89
190 0.01127852605971182 1.9
191 0.01105143479473835 1.91
192 0.01089486871204373 1.92
193 0.01079682481215423 1.93
194 0.01060896480740123 1.94
195 0.01059632106157189 1.95
196 0.01061027342290833 1.96
197 0.01070510809583515 1.97
198 0.01069449135522441 1.98
199 0.01073398484682074 1.99
200 0.01077817375243823 2
201 0.01081363306212761 2.01
202 0.01091043988417351 2.02
203 0.0109666103081135 2.03
204 0.01103846050265174 2.04
205 0.01120724215863093 2.05
206 0.01127296589791476 2.06
207 0.01147930343587785 2.07
208 0.01163838096190386 2.08
209 0.01182423019924422 2.09
210 0.01194629945361991 2.1
211 0.01207730967310893 2.11
212 0.01223009653129303 2.12
213 0.01241058398262212 2.13
214 0.01259855432675164 2.14
215 0.01274116696148727 2.15
216 0.01287637695520668 2.16
217 0.01293846470542584 2.17
218 0.01313230120117888 2.18
219 0.01323084298643341 2.19
220 0.01340349655567676 2.2
221 0.01357149136076624 2.21
222 0.01367373928629071 2.22
223 0.01381382056651476 2.23
224 0.01391619353480844 2.24
225 0.01402662671737288 2.25
226 0.01402661261873314 2.26
227 0.01403807904698773 2.27
228 0.01406654149657425 2.28
229 0.0140210359091484 2.29
230 0.01401619102514572 2.3
231 0.01413642572519206 2.31
232 0.01416312195500809 2.32
233 0.01420617497121549 2.33
234 0.01424744682556703 2.34
235 0.01430074762126408 2.35
236 0.01439558378885552 2.36
237 0.01441229699523285 2.37
238 0.01440638582726989 2.38
239 0.01438874502252591 2.39
240 0.01440915239470113 2.4
241 0.01436343408476728 2.41
242 0.01437149155700111 2.42
243 0.0143861877726799 2.43
244 0.01436990241705475 2.44
245 0.01437737611522932 2.45
246 0.01438711959057715 2.46
247 0.01440146457096583 2.47
248 0.01429695415943286 2.48
249 0.01426459326550963 2.49
250 0.01427288846918751 2.5
251 0.01426072237102219 2.51
252 0.01425687916455503 2.52
253 0.01423962221608881 2.53
254 0.01419717614332769 2.54
255 0.01420615164217245 2.55
256 0.01419907161304664 2.56
257 0.01415442642738549 2.57
258 0.01409888313694311 2.58
259 0.0140420506734357 2.59
260 0.01396053532077037 2.6
261 0.01388600275887005 2.61
262 0.01379889029068368 2.62
263 0.0136734819477955 2.63
264 0.01361499200062019 2.64
265 0.01353715127948155 2.65
266 0.01340661360986861 2.66
267 0.01325480676737286 2.67
268 0.01311289983905508 2.68
269 0.01303350962381742 2.69
270 0.01292876739938632 2.7
271 0.01277668785706728 2.71
272 0.01272179986486464 2.72
273 0.01262981268234795 2.73
274 0.01254274366844391 2.74
275 0.01246885195123788 2.75
276 0.01244299635513685 2.76
277 0.01238375736093214 2.77
278 0.01232729431539917 2.78
279 0.01232039427548704 2.79
280 0.01231787598447586 2.8
281 0.01225757639814238 2.81
282 0.01228991491001488 2.82
283 0.0123097407172033 2.83
284 0.01231307056097096 2.84
285 0.01237787652163653 2.85
286 0.01249710760705433 2.86
287 0.01255363167974389 2.87
288 0.01263643043038136 2.88
289 0.01265297012033782 2.89
290 0.01260910898152507 2.9
291 0.01262996524871452 2.91
292 0.01267961194468198 2.92
293 0.0127036761241128 2.93
294 0.01276176030874501 2.94
295 0.01278764799915301 2.95
296 0.01284106477350735 2.96
297 0.01290762229928424 2.97
298 0.01294209918387096 2.98
299 0.01306180051531213 2.99
300 0.01316435205846044 3
301 0.0132537908455503 3.01
302 0.01333672245286312 3.02
303 0.01346643002022673 3.03
304 0.01359368155589059 3.04
305 0.01371486388674467 3.05
306 0.01392460631946666 3.06
307 0.01416518203046426 3.07
308 0.01433104439812237 3.08
309 0.01445307360773381 3.09
310 0.01454589571378899 3.1
311 0.0146740057590944 3.11
312 0.01482360549742421 3.12
313 0.01497374450873554 3.13
314 0.01519208501980074 3.14
315 0.01544362715342591 3.15
316 0.01568023065170148 3.16
317 0.01580929803555826 3.17
318 0.01604260743718522 3.18
319 0.01621662567552099 3.19
320 0.01644902311230819 3.2
321 0.01672296527342019 3.21
322 0.0169431968591186 3.22
323 0.01721038125752528 3.23
324 0.01749890314516143 3.24
325 0.01771600192232877 3.25
326 0.0179886891902947 3.26
327 0.01823865116336969 3.27
328 0.01849212884649363 3.28
329 0.01877528095277079 3.29
330 0.01904236146605862 3.3
331 0.01933172261274136 3.31
332 0.01960265557197524 3.32
333 0.01985028492329984 3.33
334 0.02012069121016544 3.34
335 0.02038719577084093 3.35
336 0.02067644993222868 3.36
337 0.02098535163576418 3.37
338 0.02132836700821284 3.38
339 0.0216342664263579 3.39
340 0.02195669157514131 3.4
341 0.02225384210260778 3.41
342 0.02258121289684038 3.42
343 0.02289760633172366 3.43
344 0.02325176633132873 3.44
345 0.02362685294846519 3.45
346 0.02399388920504782 3.46
347 0.02433671855492148 3.47
348 0.02466610918954416 3.48
349 0.02499461612077856 3.49
350 0.02535087356524166 3.5
351 0.02564200817577846 3.51
352 0.02594534122709704 3.52
353 0.02631298277466692 3.53
354 0.0266414225770684 3.54
355 0.02691650086326038 3.55
356 0.02721756061638917 3.56
357 0.0275379175160502 3.57
358 0.02784016856387001 3.58
359 0.02819749515013237 3.59
360 0.02851728097384916 3.6
361 0.02880758825126641 3.61
362 0.0290905806673429 3.62
363 0.02944362955282058 3.63
364 0.02977209009764805 3.64
365 0.03017588525556625 3.65
366 0.03059866011412768 3.66
367 0.03093806910782611 3.67
368 0.03121467582556455 3.68
369 0.03151949922170166 3.69
370 0.0317917391366412 3.7
371 0.03205888741008634 3.71
372 0.03231704603811737 3.72
373 0.03257057851449299 3.73
374 0.03286666783267694 3.74
375 0.03317434470030402 3.75
376 0.03338643584118998 3.76
377 0.03368619665207614 3.77
378 0.03397829218357604 3.78
379 0.03415035613282869 3.79
380 0.03436569768842849 3.8
381 0.03462570289429209 3.81
382 0.03494485483711096 3.82
383 0.03519197655515104 3.83
384 0.03545881342080458 3.84
385 0.03572678378548375 3.85
386 0.03601273952956775 3.86
387 0.03629208675080568 3.87
388 0.03650183607193608 3.88
389 0.03672120609144005 3.89
390 0.03691952594474803 3.9
391 0.03709871174634944 3.91
392 0.03730576387877448 3.92
393 0.03747887915957112 3.93
394 0.03768118864437865 3.94
395 0.03786020367290593 3.95
396 0.03800515082243196 3.96
397 0.03816080821337515 3.97
398 0.03831210657150005 3.98
399 0.0384849947029179 3.99
400 0.03867116951965023 4
401 0.03884153585871689 4.01
402 0.03899707784568014 4.02
403 0.03907857459878744 4.03
404 0.03915680624882234 4.04
405 0.03930949632793351 4.05
406 0.03951207523842293 4.06
407 0.0396461197811264 4.07
408 0.0397221125213412 4.08
409 0.03983126603982417 4.09
410 0.03984956950910743 4.1
411 0.03986822469488957 4.11
412 0.03993212888491096 4.12
413 0.04000938551968018 4.13
414 0.04011094174755164 4.14
415 0.0401743759223756 4.15
416 0.04018051752373986 4.16
417 0.04022260416073077 4.17
418 0.04025256907082129 4.18
419 0.04025941421714085 4.19
420 0.04030583489628176 4.2
421 0.04023184909003417 4.21
422 0.04026956044845026 4.22
423 0.04032381434136553 4.23
424 0.04038870825892697 4.24
425 0.04040870519050244 4.25
426 0.04042225020041269 4.26
427 0.04041356935294957 4.27
428 0.04036243164872379 4.28
429 0.04033652063570081 4.29
430 0.04032567801434965 4.3
431 0.04030121858418535 4.31
432 0.04029076085121052 4.32
433 0.04024245973183468 4.33
434 0.04018369609136558 4.34
435 0.040106211358181 4.350000000000001
436 0.03997564864529901 4.36
437 0.03997288966245559 4.37
438 0.0400057912117375 4.38
439 0.04009330116623 4.39
440 0.0400742534934057 4.4
441 0.04009220163367489 4.41
442 0.04008615555194273 4.42
443 0.04004255114874471 4.43
444 0.04001126796141488 4.44
445 0.03996136303651397 4.45
446 0.03993147566307448 4.46
447 0.03986632447389343 4.47
448 0.03970978889778385 4.48
449 0.03965302573121628 4.49
450 0.03960505658015015 4.5
451 0.03959305392665095 4.51
452 0.03959710398491809 4.52
453 0.03958428143921825 4.53
454 0.0395762146974917 4.54
455 0.03958760031465193 4.55
456 0.03963955361657578 4.56
457 0.03963709094207492 4.57
458 0.03957312663907963 4.58
459 0.03951590759341473 4.59
460 0.03940987237691999 4.600000000000001
461 0.03930051305141955 4.61
462 0.03918424241644913 4.62
463 0.03909901406783144 4.63
464 0.03903326027251758 4.64
465 0.03892290494498599 4.65
466 0.03886074256996956 4.66
467 0.03881987046022441 4.67
468 0.0388347232296721 4.68
469 0.03883385944511539 4.69
470 0.03884090768184555 4.7
471 0.03877292720774022 4.71
472 0.03870152479238093 4.72
473 0.03863925376118185 4.73
474 0.03853299860293066 4.74
475 0.03844858601915455 4.75
476 0.03835555461381192 4.76
477 0.03829014544024795 4.77
478 0.0382088790954682 4.78
479 0.03810908103864023 4.79
480 0.03800739379852713 4.8
481 0.037938076550718 4.81
482 0.03785044567141455 4.82
483 0.03777858788936743 4.83
484 0.0378288965629452 4.84
485 0.0378099931751333 4.850000000000001
486 0.03780476738781609 4.86
487 0.03774801848381117 4.87
488 0.03767026373583524 4.88
489 0.03761039864380811 4.89
490 0.03756519547458053 4.9
491 0.03746557855371882 4.91
492 0.03736776806653443 4.92
493 0.03726256520474317 4.93
494 0.03715643492250513 4.94
495 0.03708779913689772 4.95
496 0.03701977378293863 4.96
497 0.03695761134461471 4.97
498 0.03694254350793535 4.98
499 0.03695731776648724 4.99
500 0.03691964185071802 5
501 0.03689454419878971 5.01
502 0.03686616187898762 5.02
503 0.03681706720076053 5.03
504 0.0367402613755302 5.04
505 0.03665390813940569 5.05
506 0.03657817072855411 5.06
507 0.03649523133540978 5.07
508 0.03642319001626967 5.08
509 0.03634139552719341 5.09
510 0.03627337547563474 5.100000000000001
511 0.0361893202848179 5.11
512 0.03616256806533038 5.12
513 0.03610357018271523 5.13
514 0.0360344354772962 5.14
515 0.03591449425831154 5.15
516 0.03594398639852236 5.16
517 0.03589302320263246 5.17
518 0.03583398077339953 5.18
519 0.0357999419187786 5.19
520 0.03572282357623174 5.2
521 0.03561574943195633 5.21
522 0.03552542854211913 5.22
523 0.03548219917084561 5.23
524 0.03538348651047652 5.24
525 0.0352783575716263 5.25
526 0.03519348386878539 5.26
527 0.03509065551755813 5.27
528 0.03502221568188072 5.28
529 0.03494639577308742 5.29
530 0.03488352153861048 5.3
531 0.03485932838566205 5.31
532 0.03484862397262797 5.32
533 0.03486641825271135 5.33
534 0.03479591166358727 5.34
535 0.03470099215918146 5.350000000000001
536 0.03460245744911585 5.36
537 0.03444249723148356 5.37
538 0.03431162830254034 5.38
539 0.03421735879159038 5.39
540 0.0341034371650603 5.4
541 0.03401015622175191 5.41
542 0.0338694398757234 5.42
543 0.03377986389171556 5.43
544 0.03373982390652591 5.44
545 0.03374020799812161 5.45
546 0.03377530077207044 5.46
547 0.03378362274102913 5.47
548 0.0337366768590877 5.48
549 0.03360575053888831 5.49
550 0.03346786423808428 5.5
551 0.03339851042077593 5.51
552 0.03321158118804358 5.52
553 0.03307355449252851 5.53
554 0.03288284734186982 5.54
555 0.03274306461140716 5.55
556 0.03263237855531625 5.56
557 0.03258090073748519 5.57
558 0.03249422189044216 5.58
559 0.03241520892726103 5.59
560 0.03240325067036265 5.600000000000001
561 0.03238523483716001 5.61
562 0.03240017542606651 5.62
563 0.03241925740995654 5.63
564 0.03235470869684606 5.64
565 0.03223139470274345 5.65
566 0.03212245429547984 5.66
567 0.0320003458943646 5.67
568 0.03191109116733218 5.68
569 0.03178081288556817 5.69
570 0.0316470494458187 5.7
571 0.03157845473675622 5.71
572 0.03150282896610759 5.72
573 0.03143393453154688 5.73
574 0.03136585619199377 5.74
575 0.03132202112564397 5.75
576 0.03130661221235975 5.76
577 0.03129847790624527 5.77
578 0.03123994412943958 5.78
579 0.03113919491162931 5.79
580 0.03101595381319952 5.8
581 0.03096314818455618 5.81
582 0.03091881210053361 5.82
583 0.03086666923631567 5.83
584 0.0307421639365535 5.84
585 0.03057741067208557 5.850000000000001
586 0.030428902221129 5.86
587 0.03033390589718532 5.87
588 0.03029903405170585 5.88
589 0.03027293576572538 5.89
590 0.03028002128417648 5.9
591 0.03027702627184556 5.91
592 0.03026152974359426 5.92
593 0.03025748363315231 5.93
594 0.0301742148042324 5.94
595 0.03008296001937258 5.95
596 0.03000006393035132 5.96
597 0.02992923578246291 5.97
598 0.02982245605566287 5.98
599 0.02976702789800759 5.99
600 0.02962932334603395 6
601 0.02960930774363533 6.01
602 0.02954932018585823 6.02
603 0.02952530897285037 6.03
604 0.02952216084589407 6.04
605 0.02951186963222279 6.05
606 0.02951418385758067 6.06
607 0.02949896838542816 6.07
608 0.02948585793813911 6.08
609 0.02938185798637533 6.09
610 0.02930574276034044 6.100000000000001
611 0.02924314112905107 6.11
612 0.02914777557790738 6.12
613 0.02912058612831771 6.13
614 0.02894552914826585 6.140000000000001
615 0.02887492227464366 6.15
616 0.02886719201788611 6.16
617 0.02886098644722387 6.17
618 0.02881021862632449 6.18
619 0.0288591451264493 6.19
620 0.02891994293334997 6.2
621 0.02893739650103474 6.21
622 0.02893350322227707 6.22
623 0.02891744423026735 6.23
624 0.02888653841308407 6.24
625 0.0288040089923166 6.25
626 0.02873173445002572 6.26
627 0.02865176090627397 6.27
628 0.02863148281392086 6.28
629 0.0286156393904126 6.29
630 0.02857581616453619 6.3
631 0.02856940525134935 6.31
632 0.02855921260781242 6.32
633 0.02851021144161428 6.33
634 0.02847029971448543 6.34
635 0.02849613373830428 6.350000000000001
636 0.02863603228968564 6.36
637 0.02872511697506654 6.37
638 0.02877353094968089 6.38
639 0.02877942187635539 6.390000000000001
640 0.02871832476197969 6.4
641 0.0286665349632854 6.41
642 0.02859598136898832 6.42
643 0.02857392840594404 6.43
644 0.0285403389403778 6.44
645 0.02856540947133525 6.45
646 0.02855244121756193 6.46
647 0.02854546270762565 6.47
648 0.02858955625296467 6.48
649 0.02861155278458994 6.49
650 0.02868009643005191 6.5
651 0.02876151052356224 6.51
652 0.02883341690306427 6.52
653 0.02884271989712701 6.53
654 0.02888286848443373 6.54
655 0.02893140198118194 6.55
656 0.02900922068119042 6.56
657 0.02906393142265118 6.57
658 0.02906152844757242 6.58
659 0.02905283491499077 6.59
660 0.02904981695847455 6.600000000000001
661 0.02906182982482547 6.61
662 0.02907099496614033 6.62
663 0.02909666901863742 6.63
664 0.02914672216766163 6.640000000000001
665 0.02916911113205498 6.65
666 0.0292449098058853 6.66
667 0.02934294145374454 6.67
668 0.02945248050325133 6.68
669 0.02955144767471044 6.69
670 0.02964699598112422 6.7
671 0.02971553841472391 6.71
672 0.029760584035805 6.72
673 0.02980860067459122 6.73
674 0.0298566469681425 6.74
675 0.0299073129733734 6.75
676 0.02998954787531539 6.76
677 0.0300799625949838 6.77
678 0.03012298610232834 6.78
679 0.03013933223884072 6.79
680 0.03018910943204593 6.8
681 0.03026422591276016 6.81
682 0.03032489254632655 6.82
683 0.03038463144234671 6.83
684 0.03044863427078853 6.84
685 0.03052231060625123 6.850000000000001
686 0.030587168453308 6.86
687 0.03075078223239049 6.87
688 0.03088715016274032 6.88
689 0.0309379150045726 6.890000000000001
690 0.03101134512157854 6.9
691 0.03118557451285945 6.91
692 0.03129431275297657 6.92
693 0.03134282412160241 6.93
694 0.03139006407784881 6.94
695 0.0313812469062742 6.95
696 0.03136777359717802 6.96
697 0.03141680484482667 6.97
698 0.03153001920734023 6.98
699 0.03163056638335306 6.99
700 0.03173821075330933 7
701 0.03181370005170867 7.01
702 0.03186284836123159 7.02
703 0.03193461823960403 7.03
704 0.03206531078340918 7.04
705 0.03212328680299031 7.05
706 0.03220745049735544 7.06
707 0.03236594784932523 7.07
708 0.03247836953391079 7.08
709 0.03263908237534878 7.09
710 0.03274271271362566 7.100000000000001
711 0.03277978449171901 7.11
712 0.03278906379480431 7.12
713 0.03279413040818989 7.13
714 0.03282552843597848 7.140000000000001
715 0.03284009190788015 7.15
716 0.03290433227653341 7.16
717 0.03300779235803172 7.17
718 0.03308761575087577 7.18
719 0.03316376144608195 7.19
720 0.03319976523736523 7.2
721 0.03328062432174431 7.21
722 0.03338828531735858 7.22
723 0.03353340250349967 7.23
724 0.03362751121373434 7.24
725 0.03373952824266594 7.25
726 0.03376589734168534 7.26
727 0.03376872243991071 7.27
728 0.03379656629656516 7.28
729 0.03384251082922576 7.29
730 0.0338775549337323 7.3
731 0.03395302555078635 7.31
732 0.03399635817418504 7.32
733 0.03403328502678364 7.33
734 0.03406840752644646 7.34
735 0.0341245424001289 7.350000000000001
736 0.03419521437917267 7.36
737 0.034261946703071 7.37
738 0.03432059085242871 7.38
739 0.03440410872936547 7.390000000000001
740 0.03446208361850794 7.4
741 0.03456774082713111 7.41
742 0.03461888311748596 7.42
743 0.03465165569629758 7.43
744 0.03466861018522003 7.44
745 0.03466716851801386 7.45
746 0.03469588268232031 7.46
747 0.03474151916430541 7.47
748 0.03477036343042477 7.48
749 0.03480527701722872 7.49
750 0.03480824930084418 7.5
751 0.03483120147599768 7.51
752 0.03485559736855895 7.52
753 0.03487742141248436 7.53
754 0.03485896198925041 7.54
755 0.03489131700510351 7.55
756 0.03494702453350896 7.56
757 0.03500409432143222 7.57
758 0.03509614247925061 7.58
759 0.03515619658286952 7.59
760 0.0351715227647705 7.600000000000001
761 0.03515379513613504 7.61
762 0.03513904867887653 7.62
763 0.03515632151523099 7.63
764 0.03513193687659551 7.640000000000001
765 0.03508527459203394 7.65
766 0.03508590023504386 7.66
767 0.03507630007459894 7.67
768 0.03503993028081371 7.68
769 0.03500038751874308 7.69
770 0.03497807227327372 7.7
771 0.03501112867725035 7.71
772 0.03503297276019517 7.72
773 0.03504947407438176 7.73
774 0.03506719802367265 7.74
775 0.03506935524667134 7.75
776 0.03508366851990985 7.76
777 0.03512491173564643 7.77
778 0.03512393011851207 7.78
779 0.03510850847765631 7.79
780 0.0350673577452603 7.8
781 0.03502218497806921 7.81
782 0.03500826536023166 7.82
783 0.03496325859244627 7.83
784 0.03486297988110115 7.84
785 0.03479382818356341 7.850000000000001
786 0.0347443870430987 7.86
787 0.03469591230870817 7.87
788 0.03467325035754578 7.88
789 0.03465768296970148 7.890000000000001
790 0.03464332172586569 7.9
791 0.0346465841720902 7.91
792 0.03467385312312872 7.92
793 0.03479296334767028 7.930000000000001
794 0.03478325702915797 7.94
795 0.03474082870093979 7.95
796 0.03467363377555212 7.96
797 0.03463271877118535 7.97
798 0.03450403320450867 7.98
799 0.03439874318576977 7.99
800 0.0343084588140049 8
801 0.03421976511465485 8.01
802 0.03417069659204034 8.02
803 0.03414902059509416 8.029999999999999
804 0.03409904108605048 8.040000000000001
805 0.03407490392761986 8.050000000000001
806 0.03405073643665105 8.06
807 0.03400918907099914 8.07
808 0.03399441525925569 8.08
809 0.03398739329806495 8.09
810 0.03395669978726891 8.1
811 0.03391829039383944 8.109999999999999
812 0.03386222003701615 8.120000000000001
813 0.03381030125230423 8.130000000000001
814 0.03379448583499196 8.140000000000001
815 0.03372516988159859 8.15
816 0.03366349075698816 8.16
817 0.03356959631065418 8.17
818 0.03346993210089778 8.18
819 0.03342459224424094 8.19
820 0.0333564120995576 8.199999999999999
821 0.0332463534645821 8.210000000000001
822 0.0331782872683735 8.220000000000001
823 0.03312372349735895 8.23
824 0.03309634552770752 8.24
825 0.03306874537735836 8.25
826 0.03309718883727092 8.26
827 0.03303321351607792 8.27
828 0.03296177713400177 8.279999999999999
829 0.03287127351589051 8.290000000000001
830 0.03281314195537519 8.300000000000001
831 0.03274953448957343 8.31
832 0.03266915870247232 8.32
833 0.03258153086677026 8.33
834 0.03249860960526286 8.34
835 0.03245165621425004 8.35
836 0.03236110510628784 8.359999999999999
837 0.03228223162523022 8.370000000000001
838 0.03217626676271659 8.380000000000001
839 0.03210406956445055 8.390000000000001
840 0.03206633605318677 8.4
841 0.03200770158925897 8.41
842 0.03197356508867156 8.42
843 0.03192987530046803 8.43
844 0.03186955165882505 8.44
845 0.03182620607127015 8.449999999999999
846 0.03171146525962719 8.460000000000001
847 0.03163432654294068 8.470000000000001
848 0.03153990676341675 8.48
849 0.03145021456381164 8.49
850 0.03135366267403573 8.5
851 0.03126395982564018 8.51
852 0.03119781454826334 8.52
853 0.03115518529022719 8.529999999999999
854 0.031099924529863 8.540000000000001
855 0.03097534462788869 8.550000000000001
856 0.03084521687177423 8.56
857 0.03075268523086797 8.57
858 0.03070377980604822 8.58
859 0.03065893609340529 8.59
860 0.03061505459246308 8.6
861 0.03058139665961775 8.609999999999999
862 0.03051578582657621 8.620000000000001
863 0.03045139233314224 8.630000000000001
864 0.03040091643698105 8.640000000000001
865 0.03025186705844771 8.65
866 0.03011318821890605 8.66
867 0.03001460439386115 8.67
868 0.02994651718995373 8.68
869 0.02987184949919626 8.69
870 0.02984582574538594 8.700000000000001
871 0.02979150621563162 8.710000000000001
872 0.02969728228269778 8.720000000000001
873 0.02958821069990702 8.73
874 0.02953208665975173 8.74
875 0.02944333829593832 8.75
876 0.02937998257436987 8.76
877 0.02931569258916032 8.77
878 0.02924756841600747 8.779999999999999
879 0.02921088575551971 8.790000000000001
880 0.02911720733597382 8.800000000000001
881 0.02904381373632808 8.81
882 0.02903095993776847 8.82
883 0.02897396649900538 8.83
884 0.02890980115450574 8.84
885 0.0288401492755981 8.85
886 0.028761851778368 8.859999999999999
887 0.02868608502632551 8.870000000000001
888 0.02860496723863761 8.880000000000001
889 0.02855820937087883 8.890000000000001
890 0.02848502779949678 8.9
891 0.0283948657306145 8.91
892 0.02829107430406539 8.92
893 0.02823011601715376 8.93
894 0.02816671168987076 8.94
895 0.02810686772401426 8.950000000000001
896 0.02804459141828367 8.960000000000001
897 0.02800439843479449 8.970000000000001
898 0.02797511677824262 8.98
899 0.02793466253444799 8.99
900 0.02787028655579702 9
901 0.02783625433974553 9.01
902 0.02780587002095102 9.02
903 0.02777036187796119 9.029999999999999
904 0.0276774368198489 9.040000000000001
905 0.02762759485055804 9.050000000000001
906 0.02758957616440064 9.06
907 0.02756654381027887 9.07
908 0.02755901873606337 9.08
909 0.02750487939355889 9.09
910 0.02749278041117696 9.1
911 0.027436033963666 9.109999999999999
912 0.0274396468123934 9.120000000000001
913 0.02741171758582691 9.130000000000001
914 0.0273727612867027 9.140000000000001
915 0.02732449305652918 9.15
916 0.02732871100183255 9.16
917 0.02731307859077321 9.17
918 0.02724382812686106 9.18
919 0.02718571492046234 9.19
920 0.02715097041356486 9.200000000000001
921 0.02711849026653173 9.210000000000001
922 0.02700044490810559 9.220000000000001
923 0.02698322386139105 9.23
924 0.02696142400421556 9.24
925 0.02694761869211393 9.25
926 0.02693841538276307 9.26
927 0.02693192581239347 9.27
928 0.02692709959003044 9.279999999999999
929 0.0269340920094516 9.290000000000001
930 0.02696543846226227 9.300000000000001
931 0.0269465437396914 9.31
932 0.02694869524902751 9.32
933 0.02696324949357258 9.33
934 0.02695683458296014 9.34
935 0.0269556426873798 9.35
936 0.02691685510615893 9.359999999999999
937 0.02694005931005163 9.370000000000001
938 0.02690418561200884 9.380000000000001
939 0.02687368997374072 9.390000000000001
940 0.02688964475293969 9.4
941 0.02685086513330644 9.41
942 0.02683556363527402 9.42
943 0.02683300491003532 9.43
944 0.02684083455745372 9.44
945 0.0268497132029694 9.450000000000001
946 0.02691497376586856 9.460000000000001
947 0.02694947859338102 9.470000000000001
948 0.02698061585236161 9.48
949 0.02699757177643063 9.49
950 0.02700080805088744 9.5
951 0.02700909725316533 9.51
952 0.02701839322714576 9.52
953 0.02699431689499205 9.529999999999999
954 0.02698797236334651 9.540000000000001
955 0.02701284770393194 9.550000000000001
956 0.02702811063711488 9.56
957 0.02707047142605816 9.57
958 0.02708034839629311 9.58
959 0.02709283836009461 9.59
960 0.02708000775246087 9.6
961 0.02706231785104382 9.609999999999999
962 0.0270436571644525 9.620000000000001
963 0.02703866941521441 9.630000000000001
964 0.02709930215750197 9.640000000000001
965 0.02710777914430304 9.65
966 0.02709517291919988 9.66
967 0.02711691512404267 9.67
968 0.02717403487281528 9.68
969 0.02723503014785255 9.69
970 0.02726312401565643 9.700000000000001
971 0.02732176336231112 9.710000000000001
972 0.02733515821325594 9.720000000000001
973 0.02736521189436601 9.73
974 0.02744918707658644 9.74
975 0.02747043342075711 9.75
976 0.02752729095828764 9.76
977 0.02754301801728522 9.77
978 0.02753985317779736 9.779999999999999
979 0.0275418393668216 9.790000000000001
980 0.02757926430376413 9.800000000000001
981 0.02766468820119544 9.81
982 0.02767664235418936 9.82
983 0.02761010614338822 9.83
984 0.02764588738416584 9.84
985 0.02773804766857393 9.85
986 0.02783890995324047 9.859999999999999
987 0.02787909422585459 9.870000000000001
988 0.02796350456377519 9.880000000000001
989 0.02796931953948701 9.890000000000001
990 0.02801548977568625 9.9
991 0.02806156604912972 9.91
992 0.02804413375138284 9.92
993 0.02802299237127383 9.93
994 0.0279876988662228 9.94
995 0.02800978456599685 9.950000000000001
996 0.02801609148681104 9.960000000000001
997 0.02808558460378967 9.970000000000001
998 0.02813819431847895 9.98
999 0.02818284797276289 9.99
1000 0.0282532999204202 10
1001 0.02831875084768937 10.01
1002 0.02837986691915597 10.02
1003 0.02847230485149935 10.03
1004 0.02855854480733183 10.04
1005 0.02857063402569644 10.05
1006 0.02859852602461145 10.06
1007 0.02858484560156202 10.07
1008 0.0286218451667494 10.08
1009 0.02870005994010846 10.09
1010 0.02877469399292329 10.1
1011 0.02886409901591441 10.11
1012 0.02893559267952482 10.12
1013 0.02899576510620508 10.13
1014 0.02906741960162959 10.14
1015 0.02913743132608053 10.15
1016 0.0291999823115775 10.16
1017 0.02922791220928078 10.17
1018 0.02928589938047585 10.18
1019 0.02933253972522366 10.19
1020 0.02939772848474257 10.2
1021 0.0294675888167201 10.21
1022 0.02949109014458412 10.22
1023 0.02953266211231904 10.23
1024 0.02959458754427763 10.24
1025 0.02965695968275814 10.25
1026 0.02976048531146287 10.26
1027 0.02982585334312423 10.27
1028 0.02991606893890036 10.28
1029 0.03000951243592692 10.29
1030 0.03006707476674353 10.3
1031 0.03010646466575343 10.31
1032 0.03015814040241768 10.32
1033 0.03019979921103664 10.33
1034 0.03026656039633889 10.34
1035 0.03031743006966299 10.35
1036 0.03038291335055647 10.36
1037 0.03041636085489831 10.37
1038 0.03045780580420436 10.38
1039 0.03051193978273464 10.39
1040 0.03055283616414135 10.4
1041 0.03060418476124191 10.41
1042 0.03067480789303983 10.42
1043 0.03074866111618294 10.43
1044 0.0308147476745419 10.44
1045 0.03088010578272049 10.45
1046 0.03091443797555275 10.46
1047 0.03097257135260703 10.47
1048 0.03103441053952224 10.48
1049 0.03110401584484512 10.49
1050 0.03114814613427121 10.5
1051 0.03120246003958545 10.51
1052 0.03124394480877305 10.52
1053 0.03128053924177946 10.53
1054 0.03131912152952578 10.54
1055 0.03134191346276261 10.55
1056 0.03133841813786493 10.56
1057 0.0313472073650292 10.57
1058 0.03137230047912545 10.58
1059 0.03141664607618508 10.59
1060 0.03146463682388152 10.6
1061 0.03150630029140313 10.61
1062 0.03155584329396917 10.62
1063 0.03159364657579521 10.63
1064 0.03161669019844839 10.64
1065 0.03165028786937499 10.65
1066 0.03166757284901812 10.66
1067 0.03166550628928499 10.67
1068 0.03168264089250183 10.68
1069 0.03171316537788733 10.69
1070 0.03170888221392135 10.7
1071 0.03171922198070147 10.71
1072 0.03172487760923497 10.72
1073 0.03175778136711756 10.73
1074 0.03182075009295512 10.74
1075 0.03186507359621676 10.75
1076 0.03190330160683601 10.76
1077 0.03193312008172939 10.77
1078 0.03192466012877698 10.78
1079 0.03192065063503946 10.79
1080 0.03192505451027402 10.8
1081 0.03194476919553704 10.81
1082 0.03197390317623279 10.82
1083 0.03197872892755054 10.83
1084 0.03197549707236683 10.84
1085 0.03198690351724732 10.85
1086 0.0320037988008695 10.86
1087 0.03202098545585443 10.87
1088 0.03207258449650942 10.88
1089 0.03209757284571475 10.89
1090 0.03209866879154511 10.9
1091 0.03214451652065117 10.91
1092 0.03218571609294658 10.92
1093 0.03223682064832551 10.93
1094 0.03223957592366241 10.94
1095 0.03222353942033961 10.95
1096 0.03219715993766277 10.96
1097 0.03218769448474007 10.97
1098 0.03218185683736393 10.98
1099 0.03219516359787542 10.99
1100 0.03219425019047092 11
1101 0.03219808895612573 11.01
1102 0.03222228463715276 11.02
1103 0.03222223639601417 11.03
1104 0.03224504770646429 11.04
1105 0.03227462507267124 11.05
1106 0.03230971046004021 11.06
1107 0.03234376333733004 11.07
1108 0.03238411611484231 11.08
1109 0.03246363361126136 11.09
1110 0.03249179298135947 11.1
1111 0.03250424634638514 11.11
1112 0.03250838342004379 11.12
1113 0.03250944963317407 11.13
1114 0.03247995985322986 11.14
1115 0.0324464036646399 11.15
1116 0.03245379871972845 11.16
1117 0.03245672456232671 11.17
1118 0.03246087191473977 11.18
1119 0.03247044085365326 11.19
1120 0.03247913489624109 11.2
1121 0.03247185072223745 11.21
1122 0.03245697243449053 11.22
1123 0.03245476822203391 11.23
1124 0.0324510639599258 11.24
1125 0.03245553946358258 11.25
1126 0.03244264986252406 11.26
1127 0.03243412644240009 11.27
1128 0.03241688226304233 11.28
1129 0.03240460972673977 11.29
1130 0.03238138281188022 11.3
1131 0.03235661474796045 11.31
1132 0.03230226934352739 11.32
1133 0.0322772048782227 11.33
1134 0.03224709302098927 11.34
1135 0.03220091250109378 11.35
1136 0.03216423486043821 11.36
1137 0.03213835294918407 11.37
1138 0.03216995699265869 11.38
1139 0.03214183050140677 11.39
1140 0.03215907746457915 11.4
1141 0.03214869099481892 11.41
1142 0.03215530621780651 11.42
1143 0.03213889039659631 11.43
1144 0.03210861761849367 11.44
1145 0.03204674798889927 11.45
1146 0.03201721235235655 11.46
1147 0.03197626911361875 11.47
1148 0.031917192184856 11.48
1149 0.03184436200792988 11.49
1150 0.03177425226015222 11.5
1151 0.03174084943039714 11.51
1152 0.0317073377292156 11.52
1153 0.03170153671788539 11.53
1154 0.03167489451893277 11.54
1155 0.0316358204246216 11.55
1156 0.03157695339105389 11.56
1157 0.0315619643982763 11.57
1158 0.03155642513213189 11.58
1159 0.03156375072482466 11.59
1160 0.03155177302200235 11.6
1161 0.0315350108347538 11.61
1162 0.03148911978298412 11.62
1163 0.03143885643863523 11.63
1164 0.03138172222043173 11.64
1165 0.03132744987460457 11.65
1166 0.03125188594865598 11.66
1167 0.03119423833000124 11.67
1168 0.03113260685067589 11.68
1169 0.03109229181446408 11.69
1170 0.03104067772169061 11.7
1171 0.03097004716514239 11.71
1172 0.03092848405413443 11.72
1173 0.03091322556419372 11.73
1174 0.03088162389161304 11.74
1175 0.03083601129826958 11.75
1176 0.03076903448813608 11.76
1177 0.03071110774081878 11.77
1178 0.03069930913742663 11.78
1179 0.03070457008958972 11.79
1180 0.03069638661671143 11.8
1181 0.03066109418935857 11.81
1182 0.03061531945469102 11.82
1183 0.03053675523929773 11.83
1184 0.03050493292039165 11.84
1185 0.03044048915847845 11.85
1186 0.03036643715282978 11.86
1187 0.03032336150434591 11.87
1188 0.03030664338555185 11.88
1189 0.03028712578775424 11.89
1190 0.03020509390201342 11.9
1191 0.03013564627592723 11.91
1192 0.03008657484343773 11.92
1193 0.03004927735653061 11.93
1194 0.0300148000049014 11.94
1195 0.02999581996304602 11.95
1196 0.03000588178592382 11.96
1197 0.02999007635841601 11.97
1198 0.0299663429009733 11.98
1199 0.02992999030529869 11.99
1200 0.02986581515506198 12
1201 0.02983332161899617 12.01
1202 0.0297941874455185 12.02
1203 0.02975283452644617 12.03
1204 0.02971094863239868 12.04
1205 0.0296496553463408 12.05
1206 0.02958710947580512 12.06
1207 0.02954220244580829 12.07
1208 0.02950773814679824 12.08
1209 0.02950445933013198 12.09
1210 0.02950234044219982 12.1
1211 0.02949131777173407 12.11
1212 0.02946604121298316 12.12
1213 0.02943966332892238 12.13
1214 0.02939527244872532 12.14
1215 0.02933719699596757 12.15
1216 0.0292559850180487 12.16
1217 0.02920284868393618 12.17
1218 0.02915242828553793 12.18
1219 0.02911049295480206 12.19
1220 0.0290648900013853 12.2
1221 0.02904584513413804 12.21
1222 0.02903207479842268 12.22
1223 0.02902919167052179 12.23
1224 0.02902369120577316 12.24
1225 0.02900862229575888 12.25
1226 0.02899280216137968 12.26
1227 0.02896807288473249 12.27
1228 0.02893257562025457 12.28
1229 0.02888148790855741 12.29
1230 0.02885636660300817 12.3
1231 0.02879600095250202 12.31
1232 0.02879982393543446 12.32
1233 0.02881845988318542 12.33
1234 0.02883766045121709 12.34
1235 0.02883225558646079 12.35
1236 0.02880866742957911 12.36
1237 0.0287572375760815 12.37
1238 0.02870965699563287 12.38
1239 0.02863900930719714 12.39
1240 0.02859353831480073 12.4
1241 0.02856566837508468 12.41
1242 0.02853388328293241 12.42
1243 0.02848932843040851 12.43
1244 0.02846505852013866 12.44
1245 0.02844412517838024 12.45
1246 0.0284223602504663 12.46
1247 0.02841065233537313 12.47
1248 0.02841406860728362 12.48
1249 0.02838371718052147 12.49
1250 0.02835961670930022 12.5
1251 0.02834371204188296 12.51
1252 0.02834364223426403 12.52
1253 0.0283323218782434 12.53
1254 0.02831361239859482 12.54
1255 0.0282816068593973 12.55
1256 0.02825520357195814 12.56
1257 0.02822101445722823 12.57
1258 0.02820446363363286 12.58
1259 0.02819940071139692 12.59
1260 0.02817742028819968 12.6
1261 0.02814367140280105 12.61
1262 0.02810853318033248 12.62
1263 0.02804830600610876 12.63
1264 0.02801176445556954 12.64
1265 0.02797465645944129 12.65
1266 0.02796557964061001 12.66
1267 0.02795807076925976 12.67
1268 0.02794516949762036 12.68
1269 0.02795291584956659 12.69
1270 0.02794105720578649 12.7
1271 0.02791856583974234 12.71
1272 0.02790023304204296 12.72
1273 0.02791450875831273 12.73
1274 0.02792622445388378 12.74
1275 0.02792714994505832 12.75
1276 0.02789584731693156 12.76
1277 0.02785218486301212 12.77
1278 0.02777688051203683 12.78
1279 0.02771404584100969 12.79
1280 0.02769198976027742 12.8
1281 0.02765680118259255 12.81
1282 0.02767713342522805 12.82
1283 0.02767392452936123 12.83
1284 0.02768461584940698 12.84
1285 0.02769796190498439 12.85
1286 0.02772230946099864 12.86
1287 0.02771977909295947 12.87
1288 0.02773139252935789 12.88
1289 0.02774760354420234 12.89
1290 0.02774138396628448 12.9
1291 0.02773840579049914 12.91
1292 0.02772987276019167 12.92
1293 0.02772366642712689 12.93
1294 0.02769225970544564 12.94
1295 0.02768401724327579 12.95
1296 0.02767668161860883 12.96
1297 0.02766848867127933 12.97
1298 0.02768827017315829 12.98
1299 0.02768950845020427 12.99
1300 0.0276849403282335 13
1301 0.02768087524715328 13.01
1302 0.02769375309281676 13.02
1303 0.02770358268549787 13.03
1304 0.0277087090380581 13.04
1305 0.02772337031233973 13.05
1306 0.0277500961361119 13.06
1307 0.02773669466247317 13.07
1308 0.0277528248111786 13.08
1309 0.02776843630671676 13.09
1310 0.02778668500380776 13.1
1311 0.02779689690835678 13.11
1312 0.02779584692733744 13.12
1313 0.02777525777628306 13.13
1314 0.02777149925540626 13.14
1315 0.02777531077972195 13.15
1316 0.02777127246425871 13.16
1317 0.02778340766128147 13.17
1318 0.02779915514206387 13.18
1319 0.02782250987993294 13.19
1320 0.02784833075938089 13.2
1321 0.02789380315240255 13.21
1322 0.02791984328418886 13.22
1323 0.0279181301083524 13.23
1324 0.02793229228339794 13.24
1325 0.02792713391799185 13.25
1326 0.02792914282165366 13.26
1327 0.02790096844951088 13.27
1328 0.0278901801585392 13.28
1329 0.02789474179676507 13.29
1330 0.02790082317661051 13.3
1331 0.02790171999684972 13.31
1332 0.02791706523539033 13.32
1333 0.02792730377057725 13.33
1334 0.02793807024667735 13.34
1335 0.02794818610657287 13.35
1336 0.02796130098060166 13.36
1337 0.02797640345326659 13.37
1338 0.02799457146656507 13.38
1339 0.02799448975455799 13.39
1340 0.02799378805071916 13.4
1341 0.02798999603411875 13.41
1342 0.02798916442815122 13.42
1343 0.02799022489097669 13.43
1344 0.02800665611331943 13.44
1345 0.02801240453071078 13.45
1346 0.0280192135963725 13.46
1347 0.02802996957916476 13.47
1348 0.028031317534739 13.48
1349 0.02802950601564123 13.49
1350 0.02804950670449724 13.5
1351 0.02805361290660933 13.51
1352 0.02806682075702119 13.52
1353 0.02807778843188695 13.53
1354 0.02811935216663777 13.54
1355 0.02813631488062832 13.55
1356 0.02814742286908321 13.56
1357 0.02816796169592011 13.57
1358 0.02817290157240385 13.58
1359 0.02818900509011021 13.59
1360 0.02820327717656396 13.6
1361 0.02821063291972295 13.61
1362 0.02820741227343883 13.62
1363 0.02821150594530068 13.63
1364 0.02820346613473377 13.64
1365 0.02820927153473993 13.65
1366 0.02821944576973759 13.66
1367 0.02823413515150555 13.67
1368 0.0282504669040799 13.68
1369 0.02827061523631985 13.69
1370 0.02828399994951072 13.7
1371 0.02831066398161683 13.71
1372 0.02833768822864765 13.72
1373 0.02838525952671605 13.73
1374 0.02840693565401241 13.74
1375 0.0283920058613745 13.75
1376 0.02838366988399192 13.76
1377 0.02838519673999004 13.77
1378 0.02839875795795529 13.78
1379 0.02842521939164738 13.79
1380 0.02844284757109517 13.8
1381 0.0284776390425602 13.81
1382 0.02850549860111081 13.82
1383 0.02855668753622916 13.83
1384 0.02860312055676361 13.84
1385 0.02862880127138515 13.85
1386 0.02863170704701429 13.86
1387 0.02862556677115939 13.87
1388 0.02862344012529349 13.88
1389 0.0286226601639978 13.89
1390 0.02860836843982693 13.9
1391 0.02860412899761605 13.91
1392 0.02861601650010225 13.92
1393 0.0286348839691799 13.93
1394 0.02866859063414263 13.94
1395 0.0287023848028718 13.95
1396 0.02873812966372319 13.96
1397 0.02877353851641299 13.97
1398 0.02881852752558873 13.98
1399 0.02885340929563234 13.99
1400 0.02886637173653676 14
1401 0.02886862508804175 14.01
1402 0.0288705545682841 14.02
1403 0.0288271896874154 14.03
1404 0.02880189965605055 14.04
1405 0.02879110128790815 14.05
1406 0.02876842457675429 14.06
1407 0.02876672938783506 14.07
1408 0.0287836051396315 14.08
1409 0.02881648147343097 14.09
1410 0.02887227713266704 14.1
1411 0.02890661540826558 14.11
1412 0.0289530849940681 14.12
1413 0.02897205104023594 14.13
1414 0.02898000362894809 14.14
1415 0.02900198355321213 14.15
1416 0.02901912873788855 14.16
1417 0.02902019686927407 14.17
1418 0.02903897732764416 14.18
1419 0.0290508282865563 14.19
1420 0.02906420515033446 14.2
1421 0.02906945130119289 14.21
1422 0.02906481581607345 14.22
1423 0.02908282221394412 14.23
1424 0.0291095974155307 14.24
1425 0.0291227321921984 14.25
1426 0.02913936083360613 14.26
1427 0.02916370225169691 14.27
1428 0.02919606960282132 14.28
1429 0.02921318528359814 14.29
1430 0.02923754359742444 14.3
1431 0.02928335908961716 14.31
1432 0.02931769583672365 14.32
1433 0.02935453598348015 14.33
1434 0.02939355534585429 14.34
1435 0.02942921835716425 14.35
1436 0.02945909139453593 14.36
1437 0.02949800893893687 14.37
1438 0.0295226233768314 14.38
1439 0.02955956168931562 14.39
1440 0.02959312712558145 14.4
1441 0.0296208455087755 14.41
1442 0.02965828347316768 14.42
1443 0.02967923237523045 14.43
1444 0.02969922072070393 14.44
1445 0.02970320078331811 14.45
1446 0.02972482623036194 14.46
1447 0.02974754765477977 14.47
1448 0.02977782372075352 14.48
1449 0.02981881125427433 14.49
1450 0.02985598454611605 14.5
1451 0.02989104952078132 14.51
1452 0.02992768254095496 14.52
1453 0.02995732417954077 14.53
1454 0.02997224034364719 14.54
1455 0.03000482092482095 14.55
1456 0.0300380440990406 14.56
1457 0.03008162296962561 14.57
1458 0.03012306601310321 14.58
1459 0.0301593637969289 14.59
1460 0.03018542153757323 14.6
1461 0.03018958934743192 14.61
1462 0.03020571465113274 14.62
1463 0.03021858413432462 14.63
1464 0.03023175840059962 14.64
1465 0.03024568195131916 14.65
1466 0.03026041022190592 14.66
1467 0.03027977383449979 14.67
1468 0.03029455772425323 14.68
1469 0.03030341472278314 14.69
1470 0.03033350479232522 14.7
1471 0.03035330007904114 14.71
1472 0.0303902231240007 14.72
1473 0.03042409269353759 14.73
1474 0.03044762420891601 14.74
1475 0.03046644011010708 14.75
1476 0.0304770107272918 14.76
1477 0.03049254308267089 14.77
1478 0.03051259763250092 14.78
1479 0.03053432814600617 14.79
1480 0.03056141372007935 14.8
1481 0.03056713801315378 14.81
1482 0.03056045967636342 14.82
1483 0.03056820274758474 14.83
1484 0.03057264932240698 14.84
1485 0.03056232814058484 14.85
1486 0.03055754173987085 14.86
1487 0.03055500825640161 14.87
1488 0.03053258412802581 14.88
1489 0.03053172959265927 14.89
1490 0.03053421951346817 14.9
1491 0.03055759799679977 14.91
1492 0.03055733610118447 14.92
1493 0.03055789634657571 14.93
1494 0.03056404254905648 14.94
1495 0.03057205210898677 14.95
1496 0.03057654889685581 14.96
1497 0.03060161949551136 14.97
1498 0.0305965520092704 14.98
1499 0.03058701288211647 14.99
1500 0.03057613006904137 15
1501 0.03054560168650091 15.01
1502 0.03051942691908977 15.02
1503 0.03051238373734661 15.03
1504 0.03048836243633393 15.04
1505 0.03046954777959251 15.05
1506 0.03046999350349616 15.06
1507 0.03044844867313286 15.07
1508 0.03043643608363242 15.08
1509 0.03042848917131957 15.09
1510 0.03041961231898663 15.1
1511 0.03040810191396339 15.11
1512 0.03038820861721897 15.12
1513 0.03037652736444186 15.13
1514 0.03035289571908936 15.14
1515 0.03036134498881773 15.15
1516 0.03036619570883718 15.16
1517 0.03036548015709332 15.17
1518 0.03036177901113055 15.18
1519 0.03034954733196143 15.19
1520 0.03033698791890287 15.2
1521 0.03031225248329949 15.21
1522 0.03030762238790917 15.22
1523 0.03030155751785394 15.23
1524 0.03028750165611915 15.24
1525 0.03024137699088274 15.25
1526 0.03019531209291408 15.26
1527 0.03015534481428466 15.27
1528 0.03012706875129819 15.28
1529 0.03014767685756083 15.29
1530 0.03016089271538635 15.3
1531 0.03015136446203771 15.31
1532 0.0301350784153008 15.32
1533 0.03010522393466638 15.33
1534 0.03009060286880151 15.34
1535 0.03006925499133708 15.35
1536 0.03006406651775329 15.36
1537 0.03005559739038271 15.37
1538 0.03004976534063326 15.38
1539 0.03005756003596753 15.39
1540 0.0300394788840189 15.4
1541 0.03002410683082586 15.41
1542 0.03000292689066831 15.42
1543 0.02997047308463995 15.43
1544 0.02994774987256348 15.44
1545 0.02991897313744997 15.45
1546 0.0298934619727047 15.46
1547 0.0298704913398104 15.47
1548 0.02984148600021761 15.48
1549 0.02981218176068353 15.49
1550 0.02979914453068822 15.5
1551 0.02979902072222331 15.51
1552 0.02979311345727536 15.52
1553 0.02977429427307293 15.53
1554 0.02975015867233083 15.54
1555 0.0297255521762924 15.55
1556 0.02969692301717659 15.56
1557 0.02967714769863683 15.57
1558 0.02965380957779132 15.58
1559 0.02963081586123458 15.59
1560 0.0295743465747918 15.6
1561 0.0295490271382777 15.61
1562 0.02951897105463397 15.62
1563 0.02948203512797633 15.63
1564 0.02945432972006729 15.64
1565 0.02944281269585153 15.65
1566 0.02942395214239819 15.66
1567 0.02936891309651463 15.67
1568 0.0293382306725735 15.68
1569 0.02930713024547971 15.69
1570 0.02925152469644386 15.7
1571 0.02921129728853748 15.71
1572 0.0291894609904899 15.72
1573 0.02917013772791604 15.73
1574 0.02914692119823236 15.74
1575 0.02912567358643901 15.75
1576 0.0291020696208079 15.76
1577 0.02905605052503372 15.77
1578 0.0290255026859566 15.78
1579 0.02900101739638968 15.79
1580 0.02897567577878008 15.8
1581 0.02896162765978697 15.81
1582 0.02893204701921995 15.82
1583 0.02890961660032635 15.83
1584 0.02889632326832492 15.84
1585 0.02884782235588504 15.85
1586 0.0288034512364054 15.86
1587 0.02875959291899052 15.87
1588 0.0287114053250616 15.88
1589 0.02867924475295311 15.89
1590 0.0286479105981275 15.9
1591 0.02862336072023127 15.91
1592 0.02862526952562736 15.92
1593 0.02860527003380145 15.93
1594 0.02858489717623863 15.94
1595 0.02855745715854249 15.95
1596 0.0285154607384469 15.96
1597 0.02847299047242939 15.97
1598 0.02844939999299509 15.98
1599 0.02841896999276744 15.99
1600 0.02839186969880363 16
1601 0.02837074647093037 16.01
1602 0.02835727237403818 16.02
1603 0.02834548439245965 16.03
1604 0.02832436923149827 16.04
1605 0.02831137180838098 16.05
1606 0.02829914409239959 16.06
1607 0.02828247816640779 16.07
1608 0.02825120081625914 16.08
1609 0.02820093668010057 16.09
1610 0.02813833591270734 16.1
1611 0.02807428928041751 16.11
1612 0.02806794406346962 16.12
1613 0.02805891761426903 16.13
1614 0.02803787016933653 16.14
1615 0.02801779163310518 16.15
1616 0.02799303928072277 16.16
1617 0.027966846971232 16.17
1618 0.02791299776467106 16.18
1619 0.02788572417637497 16.19
1620 0.02785706287228094 16.2
1621 0.02783558161724933 16.21
1622 0.02781847963576534 16.22
1623 0.02780966118949611 16.23
1624 0.02778371419223774 16.24
1625 0.02777003148144894 16.25
1626 0.02774742118071241 16.26
1627 0.02769807430424383 16.27
1628 0.02766513855646598 16.28
1629 0.02764142941599034 16.29
1630 0.02761735782086733 16.3
1631 0.0275826556115175 16.31
1632 0.02756138269285848 16.32
1633 0.02753740776208317 16.33
1634 0.02751406646925893 16.34
1635 0.02749037201346563 16.35
1636 0.02745888156836131 16.36
1637 0.02744101027001822 16.37
1638 0.02743065769205549 16.38
1639 0.02744045830643405 16.39
1640 0.02743752627227948 16.4
1641 0.02742847246671769 16.41
1642 0.02742033194242073 16.42
1643 0.02740157314363857 16.43
1644 0.02740194420711592 16.44
1645 0.0273928257693176 16.45
1646 0.02738827100175785 16.46
1647 0.02738217729329574 16.47
1648 0.02736703551897231 16.48
1649 0.02735779929088432 16.49
1650 0.02734501389777159 16.5
1651 0.02732835982437972 16.51
1652 0.02731602810492582 16.52
1653 0.02729983635083811 16.53
1654 0.0272913226914377 16.54
1655 0.02727654787370172 16.55
1656 0.02725948098099656 16.56
1657 0.02723051023899249 16.57
1658 0.02719299653007961 16.58
1659 0.02718993129450196 16.59
1660 0.02718322522208136 16.6
1661 0.02719616632985383 16.61
1662 0.02721611630135773 16.62
1663 0.02721178317100129 16.63
1664 0.02724860457239622 16.64
1665 0.02728058769770195 16.65
1666 0.02728328148341613 16.66
1667 0.02725905533292908 16.67
1668 0.02723617608017533 16.68
1669 0.02720952734272828 16.69
1670 0.02720229993862712 16.7
1671 0.02718599180958573 16.71
1672 0.02718002035687684 16.72
1673 0.02718073208265958 16.73
1674 0.02717911485180648 16.74
1675 0.02718767522013392 16.75
1676 0.02720323417956503 16.76
1677 0.02719051888409388 16.77
1678 0.02718670961257282 16.78
1679 0.02720301443297908 16.79
1680 0.02721355149268536 16.8
1681 0.0272042600092137 16.81
1682 0.02719798524882151 16.82
1683 0.02718433586438337 16.83
1684 0.02717360954717401 16.84
1685 0.02719406714926517 16.85
1686 0.02717816806234012 16.86
1687 0.02719347704747676 16.87
1688 0.02721419969735962 16.88
1689 0.02721368179465993 16.89
1690 0.02719382727753201 16.9
1691 0.0271847336369694 16.91
1692 0.0271702259906591 16.92
1693 0.02717488173035622 16.93
1694 0.02717602760208481 16.94
1695 0.02717406508724591 16.95
1696 0.02717601456949637 16.96
1697 0.02718237785910867 16.97
1698 0.02718816831700986 16.98
1699 0.02718795428066234 16.99
1700 0.02718311416183637 17
1701 0.02717391992658876 17.01
1702 0.02715633407086789 17.02
1703 0.02716075409991029 17.03
1704 0.0271299324972703 17.04
1705 0.02710938250349723 17.05
1706 0.0271156882100603 17.06
1707 0.02713006050385381 17.07
1708 0.02715947210889877 17.08
1709 0.02719773809480859 17.09
1710 0.0272105595111639 17.1
1711 0.02719861935848999 17.11
1712 0.02718563219109975 17.12
1713 0.02716193624068365 17.13
1714 0.02715297544855105 17.14
1715 0.02713522082699919 17.15
1716 0.02712328169208552 17.16
1717 0.0271105586170814 17.17
1718 0.02710858684116393 17.18
1719 0.02709914292577656 17.19
1720 0.02709895919625946 17.2
1721 0.02710797934087774 17.21
1722 0.02712220340174269 17.22
1723 0.02713465696511822 17.23
1724 0.02713542822990702 17.24
1725 0.02713143093867445 17.25
1726 0.02713143711852289 17.26
1727 0.02712887415326064 17.27
1728 0.02713594486910015 17.28
1729 0.0271454643381805 17.29
1730 0.02712147701226886 17.3
1731 0.0271021881541453 17.31
1732 0.02710298105564049 17.32
1733 0.02710232028186904 17.33
1734 0.02711291642941461 17.34
1735 0.02711757940809078 17.35
1736 0.02712361032327745 17.36
1737 0.0271362186590544 17.37
1738 0.02712633080661589 17.38
1739 0.02713394538875181 17.39
1740 0.02714481082443234 17.4
1741 0.02715814685664094 17.41
1742 0.02716616425006155 17.42
1743 0.02717365675892145 17.43
1744 0.02719744998483358 17.44
1745 0.02721542632515352 17.45
1746 0.02722408359417462 17.46
1747 0.02721901483958154 17.47
1748 0.02721022746131468 17.48
1749 0.02721341264819981 17.49
1750 0.02724003717800145 17.5
1751 0.02726570750005345 17.51
1752 0.02726488780320022 17.52
1753 0.02726983312730012 17.53
1754 0.02726626213060081 17.54
1755 0.0272496961835729 17.55
1756 0.02723193446833784 17.56
1757 0.02725403834650208 17.57
1758 0.02726959282969124 17.58
1759 0.02726121176426348 17.59
1760 0.02725719920832536 17.6
1761 0.02725406566164901 17.61
1762 0.02725889517401111 17.62
1763 0.02727193608963649 17.63
1764 0.02728988058325392 17.64
1765 0.02730597213085375 17.65
1766 0.0273343408872001 17.66
1767 0.02734983017123938 17.67
1768 0.0273627579633942 17.68
1769 0.02737801977584344 17.69
1770 0.02739748254205802 17.7
1771 0.02739107738083038 17.71
1772 0.02738027042740342 17.72
1773 0.02737488384295667 17.73
1774 0.02734883268947619 17.74
1775 0.02731563448911504 17.75
1776 0.02728988501183804 17.76
1777 0.02727227508059019 17.77
1778 0.02726503058493513 17.78
1779 0.02726651399156403 17.79
1780 0.02727864459792021 17.8
1781 0.02728441306791778 17.81
1782 0.0272889254146748 17.82
1783 0.02728639175764573 17.83
1784 0.02729548185954167 17.84
1785 0.02731524379472402 17.85
1786 0.02732364994025406 17.86
1787 0.02732184290057616 17.87
1788 0.0273486576154136 17.88
1789 0.02736223717601416 17.89
1790 0.02737933628634201 17.9
1791 0.02738787015183022 17.91
1792 0.02741637370036407 17.92
1793 0.02742996046127529 17.93
1794 0.02742113641328674 17.94
1795 0.02741271803758674 17.95
1796 0.02741025078160798 17.96
1797 0.02739520328295318 17.97
1798 0.02738208816846413 17.98
1799 0.02737421438139465 17.99
1800 0.02737123222776724 18
1801 0.02736970783769362 18.01
1802 0.02738043143013143 18.02
1803 0.0273832561771903 18.03
1804 0.02738346959701182 18.04
1805 0.02740441440635541 18.05
1806 0.02743644017806578 18.06
1807 0.02746013660007963 18.07
1808 0.02746774419967 18.08
1809 0.02746829713413098 18.09
1810 0.02744864042096436 18.1
1811 0.02743720369776233 18.11
1812 0.02742961317542984 18.12
1813 0.02741621792558858 18.13
1814 0.02740542900014726 18.14
1815 0.02740610090915048 18.15
1816 0.02741027091478386 18.16
1817 0.02742424318176677 18.17
1818 0.02743861009579292 18.18
1819 0.02744944950792069 18.19
1820 0.02745853520579179 18.2
1821 0.02745857007077434 18.21
1822 0.02746203516456444 18.22
1823 0.02746011274331493 18.23
1824 0.02745860007800713 18.24
1825 0.02745852051962478 18.25
1826 0.02746433438699527 18.26
1827 0.02746888717451193 18.27
1828 0.02747570189464318 18.28
1829 0.02748052949074683 18.29
1830 0.02747795668359901 18.3
1831 0.02747483011412894 18.31
1832 0.02747476686193883 18.32
1833 0.02748185414185823 18.33
1834 0.02748924193599033 18.34
1835 0.02749791048663288 18.35
1836 0.0275075161365723 18.36
1837 0.02752137756460905 18.37
1838 0.02753029231560421 18.38
1839 0.02753651628036865 18.39
1840 0.02754103828864802 18.4
1841 0.02754294475087106 18.41
1842 0.0275436231099997 18.42
1843 0.02754229958144835 18.43
1844 0.02754472296110022 18.44
1845 0.02753909149815715 18.45
1846 0.02753417142474852 18.46
1847 0.02753214150018781 18.47
1848 0.02752851128444206 18.48
1849 0.02752414962490599 18.49
1850 0.0275297069368545 18.5
1851 0.02753260109448149 18.51
1852 0.02752234999143004 18.52
1853 0.0275014930493411 18.53
1854 0.02748721511555013 18.54
1855 0.02747589260141543 18.55
1856 0.02746776702230543 18.56
1857 0.02746354268969517 18.57
1858 0.02748678883030041 18.58
1859 0.02751125750953243 18.59
1860 0.02752363529412467 18.6
1861 0.02752380922963605 18.61
1862 0.02752545808746092 18.62
1863 0.02750800456122348 18.63
1864 0.02748312298118969 18.64
1865 0.02746376058337864 18.65
1866 0.02744357595003716 18.66
1867 0.027414218007151 18.67
1868 0.02740234502881733 18.68
1869 0.02739447270254495 18.69
1870 0.02738703298153551 18.7
1871 0.02739003916776299 18.71
1872 0.02740188241229677 18.72
1873 0.027410656759389 18.73
1874 0.02741756487773328 18.74
1875 0.02742245204606314 18.75
1876 0.02742945417346147 18.76
1877 0.0274054281544061 18.77
1878 0.02739167023919095 18.78
1879 0.02737898207678288 18.79
1880 0.027371078015867 18.8
1881 0.02736615298462374 18.81
1882 0.02736553991442714 18.82
1883 0.02736325579660625 18.83
1884 0.02738881653998351 18.84
1885 0.02740143848720441 18.85
1886 0.02740099074049364 18.86
1887 0.02739033444405812 18.87
1888 0.02738231557123287 18.88
1889 0.02737914881891999 18.89
1890 0.02738392367664278 18.9
1891 0.0273745071558033 18.91
1892 0.02737067098350775 18.92
1893 0.02736781580033297 18.93
1894 0.02736649287272879 18.94
1895 0.02734154992659226 18.95
1896 0.02734268860754431 18.96
1897 0.02734514665433798 18.97
1898 0.02734807547026435 18.98
1899 0.02735662784925567 18.99
1900 0.02737029870578711 19
1901 0.02736688205401525 19.01
1902 0.02738478363328004 19.02
1903 0.02740422873245481 19.03
1904 0.02739898410028852 19.04
1905 0.02739705140614003 19.05
1906 0.02740196592860682 19.06
1907 0.02740284907903941 19.07
1908 0.02742092883730176 19.08
1909 0.02743106569290162 19.09
1910 0.02744220872670012 19.1
1911 0.02745300510042456 19.11
1912 0.02746022984386985 19.12
1913 0.02746558757190651 19.13
1914 0.02747851642197814 19.14
1915 0.02748154395348575 19.15
1916 0.02746606977896986 19.16
1917 0.02746277864910186 19.17
1918 0.02745661424603035 19.18
1919 0.02744909722044143 19.19
1920 0.0274502590311385 19.2
1921 0.02744748491736647 19.21
1922 0.02743982040318577 19.22
1923 0.02743824255365726 19.23
1924 0.02743595476821733 19.24
1925 0.02742769625731287 19.25
1926 0.02743104245524434 19.26
1927 0.02744341176350676 19.27
1928 0.02744918274960363 19.28
1929 0.02745386942592711 19.29
1930 0.02746009217059297 19.3
1931 0.02746580537148808 19.31
1932 0.02746455972549677 19.32
1933 0.02746476265023802 19.33
1934 0.02745187685159814 19.34
1935 0.02746325147496831 19.35
1936 0.02747742145137455 19.36
1937 0.02748616525498806 19.37
1938 0.02749931173326699 19.38
1939 0.02750756049431232 19.39
1940 0.02751759691777283 19.4
1941 0.02751740202851987 19.41
1942 0.02751290691931339 19.42
1943 0.02750717100076632 19.43
1944 0.0274963376572236 19.44
1945 0.02748920784405969 19.45
1946 0.02748831967837936 19.46
1947 0.02746954058283347 19.47
1948 0.02746233953460515 19.48
1949 0.02745675542924074 19.49
1950 0.02745341639579785 19.5
1951 0.02745066587355912 19.51
1952 0.02745157051955582 19.52
1953 0.02745185370794626 19.53
1954 0.02745556812357101 19.54
1955 0.02746517380386711 19.55
1956 0.02746909074742406 19.56
1957 0.0274712034827221 19.57
1958 0.02746761380464258 19.58
1959 0.02746100580334482 19.59
1960 0.02745195848469851 19.6
1961 0.02744334033089633 19.61
1962 0.02743649817512497 19.62
1963 0.02744897551965093 19.63
1964 0.02744605032937589 19.64
1965 0.02744307671586963 19.65
1966 0.02744212581288839 19.66
1967 0.02743806603023889 19.67
1968 0.02743047754861469 19.68
1969 0.02742849815119821 19.69
1970 0.02742225512299443 19.7
1971 0.02740736228360622 19.71
1972 0.02739118197478643 19.72
1973 0.02737823199372132 19.73
1974 0.02736626279042939 19.74
1975 0.02735474699862452 19.75
1976 0.02734497582261703 19.76
1977 0.02733212775106524 19.77
1978 0.02732283429534517 19.78
1979 0.02731383818759028 19.79
1980 0.02730488544054198 19.8
1981 0.02729569969116814 19.81
1982 0.02728801906674755 19.82
1983 0.02727753389789912 19.83
1984 0.02726106080700643 19.84
1985 0.02723847264632016 19.85
1986 0.02722142694460658 19.86
1987 0.02720742747425337 19.87
1988 0.02718973720363707 19.88
1989 0.02717715154681402 19.89
1990 0.02717117242571568 19.9
1991 0.02716521007743813 19.91
1992 0.02716149897090878 19.92
1993 0.02714578684489503 19.93
1994 0.02713378347093451 19.94
1995 0.02712252939948509 19.95
1996 0.02710785667314293 19.96
1997 0.02709194706592097 19.97
1998 0.02707868861151261 19.98
1999 0.02705889553307095 19.99
2000 0.02704196567861157 20
2001 0.02702323787698878 20.01
2002 0.02700830082434293 20.02
2003 0.02699266723230542 20.03
2004 0.02697337916163157 20.04
2005 0.02695553966790166 20.05
2006 0.02693591745567671 20.06
2007 0.02692241624834908 20.07
2008 0.02690745462015384 20.08
2009 0.02689110541644045 20.09
2010 0.02687861075948911 20.1
2011 0.02686570057978451 20.11
2012 0.02685548214123594 20.12
2013 0.02684615628890797 20.13
2014 0.02683040807118323 20.14
2015 0.0268058844083904 20.15
2016 0.02678058230296023 20.16
2017 0.02676030281608995 20.17
2018 0.02673705184124766 20.18
2019 0.0267126786101588 20.19
2020 0.02669186630240952 20.2
2021 0.02666007296535057 20.21
2022 0.02663462571466464 20.22
2023 0.02661377998233183 20.23
2024 0.02659998729977303 20.24
2025 0.02658941623442335 20.25
2026 0.026580922543999 20.26
2027 0.02657244459789741 20.27
2028 0.02655945452960438 20.28
2029 0.02654909130380079 20.29
2030 0.02653417046857862 20.3
2031 0.0265193683900242 20.31
2032 0.02649928847995398 20.32
2033 0.02647815849627561 20.33
2034 0.02645109801890934 20.34
2035 0.02642747294223156 20.35
2036 0.02639543945312673 20.36
2037 0.02637055229946556 20.37
2038 0.02634025017557826 20.38
2039 0.02631023917330026 20.39
2040 0.02628137599602061 20.4
2041 0.02625803731583013 20.41
2042 0.02623708680173976 20.42
2043 0.02621262154929958 20.43
2044 0.02619778503504549 20.44
2045 0.02618510817048218 20.45
2046 0.02616750551213971 20.46
2047 0.02614955364742286 20.47
2048 0.02613152579291446 20.48
2049 0.02611065714763705 20.49
2050 0.02609466037852248 20.5
2051 0.02608487726622984 20.51
2052 0.02607225927511931 20.52
2053 0.02605135401606582 20.53
2054 0.02602959590606808 20.54
2055 0.02600076164193544 20.55
2056 0.02598085204899078 20.56
2057 0.0259659644018074 20.57
2058 0.02594794591355121 20.58
2059 0.02595183750640801 20.59
2060 0.02594991910144787 20.6
2061 0.02594973913512449 20.61
2062 0.02594265429487059 20.62
2063 0.02592731288081982 20.63
2064 0.02590122534454951 20.64
2065 0.02587347388069971 20.65
2066 0.02583129270852139 20.66
2067 0.02577525321583 20.67
2068 0.02575026623330172 20.68
2069 0.02572716196060281 20.69
2070 0.02570605911825749 20.7
2071 0.02569295257052465 20.71
2072 0.02567861477846687 20.72
2073 0.02566913990878821 20.73
2074 0.02565680835222725 20.74
2075 0.02564653897262143 20.75
2076 0.02564788848934393 20.76
2077 0.02565050571324088 20.77
2078 0.0256546730061058 20.78
2079 0.02565993931243527 20.79
2080 0.02565801523030805 20.8
2081 0.02565754589629358 20.81
2082 0.02564395826404517 20.82
2083 0.02563176407237132 20.83
2084 0.02561862131950029 20.84
2085 0.02559808102117457 20.85
2086 0.02557360754459883 20.86
2087 0.02554556878445837 20.87
2088 0.02552657518979242 20.88
2089 0.02551236892079121 20.89
2090 0.02550516778819394 20.9
2091 0.02548689200396588 20.91
2092 0.02547294007454867 20.92
2093 0.02547916700747399 20.93
2094 0.02549292989803091 20.94
2095 0.02550109940367665 20.95
2096 0.02550434008300356 20.96
2097 0.02551114544462121 20.97
2098 0.02550556192544402 20.98
2099 0.02549722054526746 20.99
2100 0.02547529276892251 21
2101 0.02545544804764909 21.01
2102 0.02546712364448375 21.02
2103 0.02546094993687032 21.03
2104 0.02545296263424151 21.04
2105 0.02544918631826522 21.05
2106 0.02544596922736074 21.06
2107 0.02543945490204221 21.07
2108 0.02543374952445553 21.08
2109 0.0254229539683467 21.09
2110 0.02541138097358312 21.1
2111 0.02538062231949213 21.11
2112 0.02538163578863082 21.12
2113 0.02535976156714569 21.13
2114 0.02538059298742452 21.14
2115 0.02535787832306691 21.15
2116 0.02536492167095704 21.16
2117 0.02539033330591375 21.17
2118 0.02541010691106407 21.18
2119 0.02539356369683863 21.19
2120 0.02538657134662361 21.2
2121 0.02538179280816454 21.21
2122 0.02536890524311578 21.22
2123 0.02536232519776175 21.23
2124 0.02536116838545114 21.24
2125 0.02537522118553181 21.25
2126 0.02537770155725426 21.26
2127 0.02536933762046537 21.27
2128 0.02537809568706397 21.28
2129 0.02537995618052191 21.29
2130 0.02539467436964873 21.3
2131 0.0254007865712879 21.31
2132 0.02540813657173823 21.32
2133 0.02541948231492579 21.33
2134 0.02542279805527792 21.34
2135 0.02542720315085889 21.35
2136 0.02542802025519377 21.36
2137 0.02543457552255564 21.37
2138 0.02544505208209122 21.38
2139 0.02545069264530746 21.39
2140 0.02546320139859158 21.4
2141 0.02547545874037814 21.41
2142 0.02547267486627895 21.42
2143 0.02547865143114309 21.43
2144 0.02549462271321637 21.44
2145 0.02552606208832104 21.45
2146 0.02553073566188385 21.46
2147 0.02554293304949115 21.47
2148 0.02556599805567704 21.48
2149 0.02559180891159374 21.49
2150 0.02559582946977425 21.5
2151 0.02561641432841717 21.51
2152 0.02563159434688178 21.52
2153 0.02563780946448345 21.53
2154 0.02564862892913985 21.54
2155 0.0256654024342946 21.55
2156 0.02567199880361949 21.56
2157 0.0256905893017109 21.57
2158 0.02569850005394612 21.58
2159 0.02570187184997419 21.59
2160 0.02570422588610434 21.6
2161 0.02574575661363875 21.61
2162 0.02579129200979356 21.62
2163 0.02582369971649076 21.63
2164 0.02582927595033909 21.64
2165 0.02584897241855046 21.65
2166 0.02587552129799586 21.66
2167 0.02589981217744658 21.67
2168 0.02589177335389149 21.68
2169 0.02588499749043577 21.69
2170 0.02589753774717254 21.7
2171 0.02591428125734601 21.71
2172 0.02592997596377656 21.72
2173 0.02593153849578742 21.73
2174 0.02592628372388814 21.74
2175 0.02594364334930163 21.75
2176 0.02594631728147988 21.76
2177 0.02592994085088239 21.77
2178 0.025962624083713 21.78
2179 0.02598757649943897 21.79
2180 0.02601332895279395 21.8
2181 0.02604374870739616 21.81
2182 0.02608057785702538 21.82
2183 0.02608170978065716 21.83
2184 0.02611189278480245 21.84
2185 0.02614871712477885 21.85
2186 0.02616459170110128 21.86
2187 0.02619304693000334 21.87
2188 0.02619045416263096 21.88
2189 0.02618817433856503 21.89
2190 0.0261861261078444 21.9
2191 0.02619088841964534 21.91
2192 0.02618753775751457 21.92
2193 0.02617678299213409 21.93
2194 0.02616440121701831 21.94
2195 0.02616434045541318 21.95
2196 0.0261673911832127 21.96
2197 0.02616942158118347 21.97
2198 0.02619668813352851 21.98
2199 0.02621468532195048 21.99
2200 0.0262122279881614 22
2201 0.02622054327611791 22.01
2202 0.02620661183144434 22.02
2203 0.02625511277959508 22.03
2204 0.02628440737070811 22.04
2205 0.02630573711892818 22.05
2206 0.02631829876324143 22.06
2207 0.02631421981117542 22.07
2208 0.02632222137449633 22.08
2209 0.02632120589424473 22.09
2210 0.02633082074645665 22.1
2211 0.0263341276562112 22.11
2212 0.02634196422305429 22.12
2213 0.02634545880691063 22.13
2214 0.02636968496600137 22.14
2215 0.02639346713329066 22.15
2216 0.02641485068623212 22.16
2217 0.02643009001828093 22.17
2218 0.02644590891655166 22.18
2219 0.02645808655230896 22.19
2220 0.02645850202015898 22.2
2221 0.02646105387211635 22.21
2222 0.02646609236933014 22.22
2223 0.02646875574997302 22.23
2224 0.02646408178051064 22.24
2225 0.02646314265560875 22.25
2226 0.02646889406012749 22.26
2227 0.02648000930752909 22.27
2228 0.02648467526300129 22.28
2229 0.02649348475127557 22.29
2230 0.02650433029626093 22.3
2231 0.0265142113690418 22.31
2232 0.02652562241297287 22.32
2233 0.02652869760936351 22.33
2234 0.02651893501344686 22.34
2235 0.02651808883815892 22.35
2236 0.02651928180462228 22.36
2237 0.02652336009866333 22.37
2238 0.02652062140690958 22.38
2239 0.02652495508817238 22.39
2240 0.02652594002740431 22.4
2241 0.0265265107511067 22.41
2242 0.0265307079698878 22.42
2243 0.0265388538380893 22.43
2244 0.02655261876723347 22.44
2245 0.02656140227611578 22.45
2246 0.02658462334279333 22.46
2247 0.02657174567650905 22.47
2248 0.02658819706857026 22.48
2249 0.02661097749689717 22.49
2250 0.02662968842993922 22.5
2251 0.02663966931101696 22.51
2252 0.02664540934821659 22.52
2253 0.02664691872386054 22.53
2254 0.02664859903878204 22.54
2255 0.02665052095817344 22.55
2256 0.02667802701210249 22.56
2257 0.02669768515374048 22.57
2258 0.02670392104418397 22.58
2259 0.02670463575860355 22.59
2260 0.02669567139441171 22.6
2261 0.02669121497821969 22.61
2262 0.0266874134198423 22.62
2263 0.02668984365200246 22.63
2264 0.02668927109128778 22.64
2265 0.02669836980656365 22.65
2266 0.02669884200835458 22.66
2267 0.02671063062235081 22.67
2268 0.02672487731454071 22.68
2269 0.02674346918215504 22.69
2270 0.02676222812854032 22.7
2271 0.02677646736031673 22.71
2272 0.02678461793614585 22.72
2273 0.02679048458622418 22.73
2274 0.02679482227096441 22.74
2275 0.02680469635356895 22.75
2276 0.02680532282191084 22.76
2277 0.02681461254453054 22.77
2278 0.02683572003900827 22.78
2279 0.02685549729845089 22.79
2280 0.02688517259081155 22.8
2281 0.02690700752329464 22.81
2282 0.02691854410711856 22.82
2283 0.02692813827698587 22.83
2284 0.02693344983972173 22.84
2285 0.02693818120409891 22.85
2286 0.02694536563335586 22.86
2287 0.0269540514910863 22.87
2288 0.02696646942871487 22.88
2289 0.02697984608800602 22.89
2290 0.02700270285462342 22.9
2291 0.02702123860993271 22.91
2292 0.02704212072445131 22.92
2293 0.02705364949824621 22.93
2294 0.02707008382105502 22.94
2295 0.02708628376009375 22.95
2296 0.02710305285924422 22.96
2297 0.02712377795723188 22.97
2298 0.02714352616377842 22.98
2299 0.02716365195889964 22.99
2300 0.0271768261052461 23
2301 0.02719376495653389 23.01
2302 0.02720729661847932 23.02
2303 0.02721838909006152 23.03
2304 0.0272294254294235 23.04
2305 0.02724336623666695 23.05
2306 0.02725827535274701 23.06
2307 0.02727397092251735 23.07
2308 0.02728713790562739 23.08
2309 0.02729612415246764 23.09
2310 0.02731079097671617 23.1
2311 0.0273288129541261 23.11
2312 0.02735030533893366 23.12
2313 0.0273766578767351 23.13
2314 0.02739223369872066 23.14
2315 0.02741065263442471 23.15
2316 0.02743052718827688 23.16
2317 0.02745168143506773 23.17
2318 0.02746801994701049 23.18
2319 0.02747628599773795 23.19
2320 0.02748489237225055 23.2
2321 0.02749125499858339 23.21
2322 0.02750076490337603 23.22
2323 0.0275056977151916 23.23
2324 0.02751746648637355 23.24
2325 0.02752996936272722 23.25
2326 0.02753715886847686 23.26
2327 0.02754538315058233 23.27
2328 0.02756466073492106 23.28
2329 0.02759226038449413 23.29
2330 0.02761170480792746 23.3
2331 0.02762930324971082 23.31
2332 0.02764582027639643 23.32
2333 0.02765607086534359 23.33
2334 0.02766269634839714 23.34
2335 0.02766692627283539 23.35
2336 0.02765556607877646 23.36
2337 0.02764834330336387 23.37
2338 0.02763596482538385 23.38
2339 0.02763545339786274 23.39
2340 0.0276404748652153 23.4
2341 0.02764417317174805 23.41
2342 0.02765128102324904 23.42
2343 0.02766349554780525 23.43
2344 0.02767201573786741 23.44
2345 0.02769900784408285 23.45
2346 0.02770715389857393 23.46
2347 0.02771188649612688 23.47
2348 0.02771237263290611 23.48
2349 0.02771369228656571 23.49
2350 0.02771394351859691 23.5
2351 0.0277112791758946 23.51
2352 0.02771739503237883 23.52
2353 0.02772036682361599 23.53
2354 0.0277144430571677 23.54
2355 0.02770813086437775 23.55
2356 0.02770330693075753 23.56
2357 0.02770185970610015 23.57
2358 0.02770284191917659 23.58
2359 0.02770342745377628 23.59
2360 0.02770243598536771 23.6
2361 0.02770002510794149 23.61
2362 0.0276816625506407 23.62
2363 0.02766441243362319 23.63
2364 0.02764494946542046 23.64
2365 0.0276415933178929 23.65
2366 0.02763076278686326 23.66
2367 0.02761938611279045 23.67
2368 0.02761861762168452 23.68
2369 0.02760521338571321 23.69
2370 0.02759372896318987 23.7
2371 0.02758083167250055 23.71
2372 0.0275648301226776 23.72
2373 0.02755204906612706 23.73
2374 0.02755667648071649 23.74
2375 0.02756742080379154 23.75
2376 0.02757157156228308 23.76
2377 0.02757565485072873 23.77
2378 0.02755361693614335 23.78
2379 0.02753896080769098 23.79
2380 0.0275314045004107 23.8
2381 0.02751067346699359 23.81
2382 0.02749275193036596 23.82
2383 0.02747714160486735 23.83
2384 0.02746357586780468 23.84
2385 0.02744954325510848 23.85
2386 0.02743778294380802 23.86
2387 0.02742875280688272 23.87
2388 0.02741429104212062 23.88
2389 0.02740378532883322 23.89
2390 0.02739254216194737 23.9
2391 0.02737894579532002 23.91
2392 0.02737613739678779 23.92
2393 0.02736722069343517 23.93
2394 0.02735629043697295 23.94
2395 0.02734086641838455 23.95
2396 0.02732201237211447 23.96
2397 0.02729783746783075 23.97
2398 0.02727850797163051 23.98
2399 0.02725678834175527 23.99
2400 0.02723917242716042 24
2401 0.02723101328540993 24.01
2402 0.02721706713655028 24.02
2403 0.02721051696354039 24.03
2404 0.0272068141882306 24.04
2405 0.02720565138467305 24.05
2406 0.02719372322390869 24.06
2407 0.02718539417649178 24.07
2408 0.02717373451787962 24.08
2409 0.02714963149193169 24.09
2410 0.02712182186161908 24.1
2411 0.027110413860093 24.11
2412 0.02709238934219912 24.12
2413 0.02707566288306382 24.13
2414 0.02706099756835698 24.14
2415 0.02704161774834233 24.15
2416 0.02702804700848253 24.16
2417 0.027018824887687 24.17
2418 0.02700943964505727 24.18
2419 0.02700451061710115 24.19
2420 0.02700060052219922 24.2
2421 0.0270003054831896 24.21
2422 0.02698719161225898 24.22
2423 0.02697447356819018 24.23
2424 0.02696391945757572 24.24
2425 0.02695368641479087 24.25
2426 0.02693602882041976 24.26
2427 0.02692121313530144 24.27
2428 0.02690978904059974 24.28
2429 0.02691546582468763 24.29
2430 0.026915380066989 24.3
2431 0.02691171086615839 24.31
2432 0.02690462748789011 24.32
2433 0.02689177642092472 24.33
2434 0.02687919655608555 24.34
2435 0.02686365368296405 24.35
2436 0.02684314698001262 24.36
2437 0.02682411930560089 24.37
2438 0.0268096210496928 24.38
2439 0.02677399676523124 24.39
2440 0.02675931751623813 24.4
2441 0.02674516006335599 24.41
2442 0.02673590460982151 24.42
2443 0.02673968783118497 24.43
2444 0.02674087459926746 24.44
2445 0.0267445583523184 24.45
2446 0.02675237204299837 24.46
2447 0.0267519580105467 24.47
2448 0.02677668117713106 24.48
2449 0.02678308427109843 24.49
2450 0.02678225415901045 24.5
2451 0.02676216034090329 24.51
2452 0.02674864693138213 24.52
2453 0.02673363742867434 24.53
2454 0.02672381058763797 24.54
2455 0.02671409510597416 24.55
2456 0.02669163092516291 24.56
2457 0.02666803993420909 24.57
2458 0.02664907387047595 24.58
2459 0.02662744846083839 24.59
2460 0.02661673385395577 24.6
2461 0.02661221364213098 24.61
2462 0.02661030030700509 24.62
2463 0.02660773916868957 24.63
2464 0.02661194244036359 24.64
2465 0.02660690521483636 24.65
2466 0.02660493510320645 24.66
2467 0.02660543755963481 24.67
2468 0.02660164756000366 24.68
2469 0.02659411722081573 24.69
2470 0.02658063003680478 24.7
2471 0.02656473380374507 24.71
2472 0.0265321027150793 24.72
2473 0.0265108751049346 24.73
2474 0.02648977389531515 24.74
2475 0.02645758470114408 24.75
2476 0.02643403556535772 24.76
2477 0.02642771857987887 24.77
2478 0.02642500421497841 24.78
2479 0.02642578225255435 24.79
2480 0.02644778425228872 24.8
2481 0.02647065729356362 24.81
2482 0.02648856991569064 24.82
2483 0.02648823608341539 24.83
2484 0.02644913804954278 24.84
2485 0.0264069869361992 24.85
2486 0.02640242394612971 24.86
2487 0.02640254949553031 24.87
2488 0.02639679042419353 24.88
2489 0.02637251954232104 24.89
2490 0.0263619698716612 24.9
2491 0.02635571361708611 24.91
2492 0.02635319876024558 24.92
2493 0.02633708418901519 24.93
2494 0.02632287001378079 24.94
2495 0.02632383362798644 24.95
2496 0.02632317048632766 24.96
2497 0.02634630298522056 24.97
2498 0.02635726911445541 24.98
2499 0.02635450666371046 24.99
2500 0.02635928445758235 25
2501 0.02637247674368622 25.01
2502 0.02639201595554728 25.02
2503 0.02638596340345396 25.03
2504 0.02637623785492414 25.04
2505 0.02637309135580836 25.05
2506 0.02635853085396696 25.06
2507 0.0263425063548911 25.07
2508 0.02635907403821482 25.08
2509 0.02636891588196216 25.09
2510 0.02638286824835926 25.1
2511 0.02639721495330591 25.11
2512 0.02641358681145369 25.12
2513 0.02642401728630715 25.13
2514 0.02642542153459228 25.14
2515 0.02640095420367052 25.15
2516 0.02640249548306825 25.16
2517 0.02640184835500201 25.17
2518 0.02640856295579379 25.18
2519 0.02643908075671331 25.19
2520 0.02644337479957468 25.2
2521 0.02645504039213746 25.21
2522 0.02645683825222022 25.22
2523 0.02644056883542423 25.23
2524 0.02642840250818678 25.24
2525 0.02641373968606316 25.25
2526 0.02640551924220825 25.26
2527 0.02641406804614449 25.27
2528 0.02642174447248637 25.28
2529 0.02642528545150454 25.29
2530 0.02644474818494926 25.3
2531 0.02645915000839202 25.31
2532 0.02648198037748711 25.32
2533 0.02648026875302631 25.33
2534 0.02646191917560981 25.34
2535 0.02644384255068607 25.35
2536 0.0264390649516082 25.36
2537 0.02641849537676079 25.37
2538 0.02642133135853258 25.38
2539 0.02642674078337772 25.39
2540 0.02644132025689617 25.4
2541 0.02646131279200394 25.41
2542 0.02646945556963056 25.42
2543 0.02647404212532968 25.43
2544 0.02646844174588864 25.44
2545 0.02647212151544804 25.45
2546 0.02648318124344002 25.46
2547 0.02649138001808676 25.47
2548 0.02647015067355502 25.48
2549 0.02644628098320128 25.49
2550 0.02645644068325149 25.5
2551 0.02646591512381435 25.51
2552 0.02647845934138287 25.52
2553 0.02648118834361469 25.53
2554 0.02650070597369188 25.54
2555 0.02652562522280865 25.55
2556 0.02654837676428225 25.56
2557 0.026549799123877 25.57
2558 0.02657315672132496 25.58
2559 0.02657590395770754 25.59
2560 0.02656055666539357 25.6
2561 0.02653221464619237 25.61
2562 0.02651177388771532 25.62
2563 0.02648608912915865 25.63
2564 0.02647614472205998 25.64
2565 0.02648649359160311 25.65
2566 0.02649710270119195 25.66
2567 0.02652832247511159 25.67
2568 0.02657508993474103 25.68
2569 0.02660616044159227 25.69
2570 0.02664723350645044 25.7
2571 0.02666673810062541 25.71
2572 0.02668581282190667 25.72
2573 0.02669915383380226 25.73
2574 0.02669846858985918 25.74
2575 0.02671142569263239 25.75
2576 0.02671964934289684 25.76
2577 0.0267131638252074 25.77
2578 0.02669214967165875 25.78
2579 0.0266799452906327 25.79
2580 0.02667735140153394 25.8
2581 0.02668867148309541 25.81
2582 0.02671231872034216 25.82
2583 0.02673784611437643 25.83
2584 0.02673756177866755 25.84
2585 0.02673954710968035 25.85
2586 0.02674749447392017 25.86
2587 0.02676203768611587 25.87
2588 0.02675595371276177 25.88
2589 0.02677196173373082 25.89
2590 0.02677085111354915 25.9
2591 0.02679261835406084 25.91
2592 0.02681225283276185 25.92
2593 0.02681650310567241 25.93
2594 0.0268210484154471 25.94
2595 0.02684101055145593 25.95
2596 0.02684867457198272 25.96
2597 0.02686884865497878 25.97
2598 0.02687362923859734 25.98
2599 0.02686779252772542 25.99
2600 0.02686657472807912 26
2601 0.02685468496242817 26.01
2602 0.02686611462556153 26.02
2603 0.02686471915434823 26.03
2604 0.02688275821996359 26.04
2605 0.02689321529299485 26.05
2606 0.02690358002810474 26.06
2607 0.02690221888132777 26.07
2608 0.02690865448622584 26.08
2609 0.02692166062791027 26.09
2610 0.02693537005509624 26.1
2611 0.02694524100717182 26.11
2612 0.02696493091829722 26.12
2613 0.02695467513173331 26.13
2614 0.02698555115340484 26.14
2615 0.02701011637384993 26.15
2616 0.02703481463230783 26.16
2617 0.02705760298616876 26.17
2618 0.02707214269068412 26.18
2619 0.02708231296156008 26.19
2620 0.02706389370583904 26.2
2621 0.02706845061039054 26.21
2622 0.02706881852529761 26.22
2623 0.02708179727048521 26.23
2624 0.02710104237890376 26.24
2625 0.02710272600300379 26.25
2626 0.02710253075440039 26.26
2627 0.02712743498407839 26.27
2628 0.02715573530452021 26.28
2629 0.02718686913392121 26.29
2630 0.02721585621844502 26.3
2631 0.02722511965477561 26.31
2632 0.02723945359779372 26.32
2633 0.02724862650788972 26.33
2634 0.02725419134543543 26.34
2635 0.02726086307920739 26.35
2636 0.02726947123636731 26.36
2637 0.02728773811347375 26.37
2638 0.02729985938188071 26.38
2639 0.02730864552406443 26.39
2640 0.02731518582230703 26.4
2641 0.02732605867256849 26.41
2642 0.02735068622071546 26.42
2643 0.0273786864856155 26.43
2644 0.02736884651389541 26.44
2645 0.02737187687347685 26.45
2646 0.02738554479481549 26.46
2647 0.02738124618239954 26.47
2648 0.02738021391656505 26.48
2649 0.02735747400910523 26.49
2650 0.02734716861420892 26.5
2651 0.02734008041710081 26.51
2652 0.02733755833031248 26.52
2653 0.02734575742417258 26.53
2654 0.02738032182225473 26.54
2655 0.0274061375382245 26.55
2656 0.0274252948291997 26.56
2657 0.02744471941603573 26.57
2658 0.0274470850695369 26.58
2659 0.02746864807229685 26.59
2660 0.0274868842285625 26.6
2661 0.02749838657915887 26.61
2662 0.02751095080283955 26.62
2663 0.02751810091254386 26.63
2664 0.02753004856250959 26.64
2665 0.027526597667294 26.65
2666 0.02753427300126993 26.66
2667 0.02755543639083791 26.67
2668 0.02756815209830274 26.68
2669 0.02757709726786778 26.69
2670 0.02759108692015351 26.7
2671 0.02760260359867712 26.71
2672 0.02758954438587684 26.72
2673 0.02759401102854635 26.73
2674 0.02759978559078916 26.74
2675 0.02760507710531856 26.75
2676 0.02761283257489852 26.76
2677 0.02761519650667879 26.77
2678 0.02761972111577045 26.78
2679 0.02762831852598206 26.79
2680 0.02763840219842344 26.8
2681 0.02764456275303259 26.81
2682 0.02765263091272393 26.82
2683 0.02765634015424868 26.83
2684 0.02766040611953889 26.84
2685 0.02766435063227356 26.85
2686 0.02766856860301199 26.86
2687 0.02767344341977434 26.87
2688 0.02767468270451641 26.88
2689 0.02768352226767426 26.89
2690 0.02769518814474536 26.9
2691 0.02770915011566081 26.91
2692 0.02772296320245816 26.92
2693 0.02773535495770346 26.93
2694 0.02774661922072145 26.94
2695 0.02775512533006381 26.95
2696 0.02776092408797901 26.96
2697 0.02777384083684427 26.97
2698 0.02777974173832167 26.98
2699 0.02779039837009189 26.99
2700 0.02780717413760763 27
2701 0.0278239367091989 27.01
2702 0.02784042943234335 27.02
2703 0.02785722924727545 27.03
2704 0.02787675225354023 27.04
2705 0.02789381305563415 27.05
2706 0.02790191318887946 27.06
2707 0.02790712645542048 27.07
2708 0.02790625990596486 27.08
2709 0.02790552579625587 27.09
2710 0.02790540326350345 27.1
2711 0.02790448040246483 27.11
2712 0.02791499612813035 27.12
2713 0.027924549643536 27.13
2714 0.02793757476412208 27.14
2715 0.02795235748548564 27.15
2716 0.02795911328570705 27.16
2717 0.02795999036696426 27.17
2718 0.02796506687703458 27.18
2719 0.02796402637170826 27.19
2720 0.02798259102309883 27.2
2721 0.02800747956924974 27.21
2722 0.02803096551156425 27.22
2723 0.02805017965821394 27.23
2724 0.02807289948891405 27.24
2725 0.02809779009452591 27.25
2726 0.02811229563786512 27.26
2727 0.02812330224837666 27.27
2728 0.02813120791296057 27.28
2729 0.02813812645251731 27.29
2730 0.02814491085271653 27.3
2731 0.02815249375551112 27.31
2732 0.02816065841883505 27.32
2733 0.02816850726386402 27.33
2734 0.02817772255671653 27.34
2735 0.02818977918635387 27.35
2736 0.02819938433715444 27.36
2737 0.02820364734365951 27.37
2738 0.02821656955326846 27.38
2739 0.02823998950261428 27.39
2740 0.0282471798861725 27.4
2741 0.02825797608435407 27.41
2742 0.02826118725203082 27.42
2743 0.02826113316718036 27.43
2744 0.02826178217121547 27.44
2745 0.02825571607531391 27.45
2746 0.02824392050566657 27.46
2747 0.02824262896147901 27.47
2748 0.02824716759992048 27.48
2749 0.02826335749255774 27.49
2750 0.02828620229722506 27.5
2751 0.02830967210481803 27.51
2752 0.02833147468359652 27.52
2753 0.02834290864159295 27.53
2754 0.02835082030364595 27.54
2755 0.02834666606438645 27.55
2756 0.02834109023936991 27.56
2757 0.02833787241511678 27.57
2758 0.02833757787295608 27.58
2759 0.02834277392706982 27.59
2760 0.02834692063401858 27.6
2761 0.02835252830193852 27.61
2762 0.02836085264378368 27.62
2763 0.02837024096986298 27.63
2764 0.02837788911269478 27.64
2765 0.02838098051074263 27.65
2766 0.02838336318483954 27.66
2767 0.0283846431460152 27.67
2768 0.02838625837945868 27.68
2769 0.0283866957588809 27.69
2770 0.02838987295993121 27.7
2771 0.02839334679295869 27.71
2772 0.02838390426810282 27.72
2773 0.02837940463880993 27.73
2774 0.02838493279513573 27.74
2775 0.02839173808943453 27.75
2776 0.02839650890632717 27.76
2777 0.02840159711512839 27.77
2778 0.02840427267313357 27.78
2779 0.02840792649385602 27.79
2780 0.02841232192274146 27.8
2781 0.02841654449330023 27.81
2782 0.02842090635709973 27.82
2783 0.02842927802123321 27.83
2784 0.02843738574402943 27.84
2785 0.0284392740602674 27.85
2786 0.02844915059692026 27.86
2787 0.02845561613166435 27.87
2788 0.02845700104680574 27.88
2789 0.02845784584908738 27.89
2790 0.02845559898538886 27.9
2791 0.02845784082938757 27.91
2792 0.02845832044327811 27.92
2793 0.02845558764636341 27.93
2794 0.02845916061232195 27.94
2795 0.0284601619140731 27.95
2796 0.02845860245296116 27.96
2797 0.02845992827042747 27.97
2798 0.02845666286147864 27.98
2799 0.02845816525107368 27.99
2800 0.02845668052342249 28
2801 0.02845651161470036 28.01
2802 0.02845128073319617 28.02
2803 0.0284476931056703 28.03
2804 0.0284460604341354 28.04
2805 0.02844077307665327 28.05
2806 0.02844011902417016 28.06
2807 0.02843933108346296 28.07
2808 0.02843045494678473 28.08
2809 0.02842695896607896 28.09
2810 0.02841808383515567 28.1
2811 0.02841671237037908 28.11
2812 0.02841021839766578 28.12
2813 0.02839803841278171 28.13
2814 0.02838775881828556 28.14
2815 0.02837539164974262 28.15
2816 0.02836646528849109 28.16
2817 0.02836539552891184 28.17
2818 0.02835984249451232 28.18
2819 0.02837460183226301 28.19
2820 0.02836279206350029 28.2
2821 0.02835451000980492 28.21
2822 0.02834531566980476 28.22
2823 0.02834388804371645 28.23
2824 0.02834339611501623 28.24
2825 0.02834240881567923 28.25
2826 0.02834118508879106 28.26
2827 0.0283355570013842 28.27
2828 0.02833277791169778 28.28
2829 0.0283147218796097 28.29
2830 0.0283059236943192 28.3
2831 0.02829593792026091 28.31
2832 0.0282852264847655 28.32
2833 0.02827661163828143 28.33
2834 0.02826827202760175 28.34
2835 0.02825725107634592 28.35
2836 0.02825412758526239 28.36
2837 0.02824095785323781 28.37
2838 0.02823003768986945 28.38
2839 0.02821922544148122 28.39
2840 0.0282096176839823 28.4
2841 0.02820719845303469 28.41
2842 0.02821263128870016 28.42
2843 0.02821132230199308 28.43
2844 0.02821002973561169 28.44
2845 0.02820181613180479 28.45
2846 0.02819167177609773 28.46
2847 0.02817797166519812 28.47
2848 0.02816179383072469 28.48
2849 0.02816223034175308 28.49
2850 0.02816790568993083 28.5
2851 0.02815710150411296 28.51
2852 0.02814361555504837 28.52
2853 0.02813467429771351 28.53
2854 0.02812656153280633 28.54
2855 0.02811886558286918 28.55
2856 0.02811254518310085 28.56
2857 0.02810071498681779 28.57
2858 0.02810098404690861 28.58
2859 0.02809265930685964 28.59
2860 0.028091627481292 28.6
2861 0.02808893569153698 28.61
2862 0.02808073382699093 28.62
2863 0.02806698736119935 28.63
2864 0.02805847964365029 28.64
2865 0.02805659049508516 28.65
2866 0.02805159103443429 28.66
2867 0.02803561661470005 28.67
2868 0.02802508591861473 28.68
2869 0.02800656179637543 28.69
2870 0.02799148056687118 28.7
2871 0.02798209959235009 28.71
2872 0.02798757869836742 28.72
2873 0.02799325199244715 28.73
2874 0.02798401171417064 28.74
2875 0.02796937419620146 28.75
2876 0.02794445983123546 28.76
2877 0.02792894180552529 28.77
2878 0.02791003952856934 28.78
2879 0.02789491118925306 28.79
2880 0.02787552720960607 28.8
2881 0.02786448050601972 28.81
2882 0.0278564919622484 28.82
2883 0.02785168703042697 28.83
2884 0.02783542774787705 28.84
2885 0.02782833754971823 28.85
2886 0.02782185087293467 28.86
2887 0.02781044531398591 28.87
2888 0.02779592091013202 28.88
2889 0.02778088592198118 28.89
2890 0.02777105333979277 28.9
2891 0.02775676133781444 28.91
2892 0.02774099133779127 28.92
2893 0.02772662357140433 28.93
2894 0.02771003982622875 28.94
2895 0.0276966408045681 28.95
2896 0.02768728888657682 28.96
2897 0.02767676239191073 28.97
2898 0.02766325547890279 28.98
2899 0.02765576486112421 28.99
2900 0.02764637564864229 29
2901 0.02764052176788885 29.01
2902 0.02761509087393803 29.02
2903 0.02758390863765111 29.03
2904 0.02755367280009862 29.04
2905 0.02753079879639357 29.05
2906 0.02752007157005922 29.06
2907 0.02750639546796842 29.07
2908 0.02749239602702604 29.08
2909 0.02747665202269247 29.09
2910 0.02746464369130638 29.1
2911 0.02745241173949082 29.11
2912 0.02743975252157408 29.12
2913 0.02742938338293372 29.13
2914 0.02742046403832433 29.14
2915 0.0274000766329122 29.15
2916 0.0273767029846996 29.16
2917 0.02735872269794176 29.17
2918 0.02733538709181399 29.18
2919 0.02731912872943396 29.19
2920 0.02731204246472858 29.2
2921 0.02730242867652834 29.21
2922 0.02728454709473954 29.22
2923 0.02726099091760731 29.23
2924 0.02723839541724048 29.24
2925 0.02721770787941449 29.25
2926 0.02720543964517626 29.26
2927 0.02719572127303673 29.27
2928 0.02718146368165385 29.28
2929 0.02716915219651338 29.29
2930 0.02715092680408257 29.3
2931 0.02713671998958551 29.31
2932 0.02712309197419021 29.32
2933 0.02711131796605762 29.33
2934 0.02710283546791377 29.34
2935 0.0270967170787406 29.35
2936 0.02708748513688827 29.36
2937 0.02708220750461799 29.37
2938 0.0270721458858935 29.38
2939 0.02704921788511139 29.39
2940 0.02702535750632959 29.4
2941 0.02700961829476436 29.41
2942 0.0269969630535741 29.42
2943 0.02698502561321117 29.43
2944 0.02697518162872421 29.44
2945 0.02696404555259891 29.45
2946 0.02696259745357952 29.46
2947 0.02695735895245054 29.47
2948 0.0269526420297076 29.48
2949 0.02694641748625773 29.49
2950 0.02694567239041475 29.5
2951 0.02695474467228044 29.51
2952 0.02695843792093753 29.52
2953 0.02695799998283513 29.53
2954 0.02694729949975612 29.54
2955 0.02693383244313968 29.55
2956 0.02691000951306589 29.56
2957 0.02689843133953586 29.57
2958 0.02688291579437782 29.58
2959 0.0268757069465878 29.59
2960 0.02686925446085993 29.6
2961 0.02686707702861959 29.61
2962 0.02685908243294211 29.62
2963 0.02685238581428386 29.63
2964 0.02684843741638346 29.64
2965 0.02684820058022678 29.65
2966 0.02684943921779052 29.66
2967 0.02685116692136252 29.67
2968 0.02685847581118796 29.68
2969 0.02685502697744647 29.69
2970 0.02684965935704541 29.7
2971 0.0268458409668489 29.71
2972 0.02684028208291584 29.72
2973 0.02683292900674394 29.73
2974 0.0268125501760562 29.74
2975 0.02680109144974582 29.75
2976 0.02679047945020137 29.76
2977 0.02678264445506611 29.77
2978 0.02677557193174159 29.78
2979 0.02677829772563096 29.79
2980 0.02678513403200758 29.8
2981 0.02678609309205897 29.81
2982 0.02678933883991117 29.82
2983 0.02678875645339132 29.83
2984 0.02677918737422816 29.84
2985 0.0267733491536549 29.85
2986 0.02676492802395354 29.86
2987 0.02675684321769511 29.87
2988 0.02674684588290244 29.88
2989 0.02674158432903207 29.89
2990 0.02673456384902035 29.9
2991 0.02672542359268726 29.91
2992 0.0267122576312871 29.92
2993 0.02670296661558496 29.93
2994 0.02669548973662558 29.94
2995 0.02670630093620693 29.95
2996 0.02670157704044574 29.96
2997 0.02670415549231465 29.97
2998 0.02670215712923666 29.98
2999 0.02670021976245599 29.99
3000 0.02670056970219198 30
