"y-force-rfile"
"Time Step" "y-force etc.."
("Time Step" "y-force" "flow-time")
0 1.292469707114106e-26 0
1 -4.535938788333624 0.01
2 -3.017345431331705 0.02
3 -0.998396936958045 0.03
4 11.48686412618599 0.04
5 -0.6645068362131354 0.05
6 -7.656340031258139 0.06
7 -5.066278600448754 0.07000000000000001
8 -2.81305129742519 0.08
9 -2.174661844713981 0.09
10 -2.06784179242004 0.1
11 -1.656736026301033 0.11
12 -1.477195448818232 0.12
13 -1.210661669652808 0.13
14 -1.064383324675354 0.14
15 -1.042481178395349 0.15
16 -0.9779684818374292 0.16
17 -0.77905854094044 0.17
18 -0.5832664589886623 0.18
19 -0.4139822866841414 0.19
20 -0.3405486041727697 0.2
21 -0.363255963382584 0.21
22 -0.4512753294738371 0.22
23 -0.5524780079165494 0.23
24 -0.6611165140323487 0.24
25 -0.7485964392253091 0.25
26 -0.8192746043268686 0.26
27 -0.8567200268056236 0.27
28 -0.862417916112546 0.28
29 -0.8425998805825561 0.29
30 -0.7818749604347177 0.3
31 -0.7115507156510508 0.31
32 -0.6363246783094824 0.32
33 -0.5683575325628827 0.33
34 -0.5165482526249352 0.34
35 -0.4817788717407236 0.35
36 -0.4792708581936875 0.36
37 -0.4782901342366461 0.37
38 -0.4904141698913893 0.38
39 -0.4964823164089314 0.39
40 -0.5124878420048393 0.4
41 -0.5268983772900186 0.41
42 -0.5346257214209363 0.42
43 -0.5213860376712813 0.43
44 -0.4950456285435647 0.44
45 -0.370046162960092 0.45
46 -0.330481080497587 0.46
47 -0.3424582991071914 0.47
48 -0.2577978670011332 0.48
49 -0.1922603012779774 0.49
50 -0.0834684721062583 0.5
51 -0.05334859400888947 0.51
52 -0.04807636604201548 0.52
53 -0.05613249997797098 0.53
54 -0.06611765503016676 0.54
55 -0.1107613628705257 0.55
56 -0.1548591558920822 0.5600000000000001
57 -0.1932517341279589 0.5700000000000001
58 -0.1672690824277496 0.58
59 -0.1029510514767749 0.59
60 -0.1608449304996346 0.6
61 -0.2200529272588325 0.61
62 -0.2608730288806747 0.62
63 -0.2991435140267871 0.63
64 -0.3121294460125269 0.64
65 -0.2988806129683154 0.65
66 -0.2412286837365271 0.66
67 -0.2471016990628346 0.67
68 -0.271555088265821 0.68
69 -0.2855445187967581 0.6900000000000001
70 -0.2851680645446383 0.7000000000000001
71 -0.2653630812105263 0.71
72 -0.2361765713821596 0.72
73 -0.213840124091623 0.73
74 -0.1955240973964743 0.74
75 -0.1336384953464508 0.75
76 -0.1190856135778862 0.76
77 -0.1376886290303438 0.77
78 -0.1606583602705308 0.78
79 -0.1779793793096793 0.79
80 -0.1796504975708537 0.8
81 -0.1890662521053503 0.8100000000000001
82 -0.194415556973338 0.8200000000000001
83 -0.1926097827584691 0.8300000000000001
84 -0.1839153220346946 0.84
85 -0.1742026998655219 0.85
86 -0.1618235087897827 0.86
87 -0.1506497775968782 0.87
88 -0.1369791779032431 0.88
89 -0.09988377534183746 0.89
90 -0.07577909499641661 0.9
91 -0.082489863147721 0.91
92 -0.09465185399856985 0.92
93 -0.1005870172174553 0.93
94 -0.1028844247777654 0.9400000000000001
95 -0.1052114838958443 0.9500000000000001
96 -0.1067014437708709 0.96
97 -0.1117571223635511 0.97
98 -0.1162728780365612 0.98
99 -0.1220142215701313 0.99
100 -0.127308589644975 1
101 -0.1329226046555114 1.01
102 -0.1381010911589994 1.02
103 -0.1408787321166823 1.03
104 -0.1378568135953268 1.04
105 -0.1305047528429011 1.05
106 -0.1211774021579013 1.06
107 -0.10461382401689 1.07
108 -0.08859870251249939 1.08
109 -0.06936472028673663 1.09
110 -0.05052994859456702 1.1
111 -0.0313840594989529 1.11
112 -0.01231018147652162 1.12
113 0.002602203587044827 1.13
114 0.01576824389890991 1.14
115 0.02374340049033766 1.15
116 0.03190817361154266 1.16
117 0.03660174230813604 1.17
118 0.03902955678264114 1.18
119 0.0399087240189489 1.19
120 0.03728393651821715 1.2
121 0.03669668860589381 1.21
122 0.03152292097965659 1.22
123 0.02607244057071634 1.23
124 0.02276145044274408 1.24
125 0.01547196732259237 1.25
126 0.006981218264955347 1.26
127 0.002043259102797679 1.27
128 -0.006147695289373645 1.28
129 -0.01204196711254296 1.29
130 -0.01622827692374199 1.3
131 -0.02142921641725717 1.31
132 -0.02865060291040838 1.32
133 -0.0321852473034917 1.33
134 -0.0378339173673143 1.34
135 -0.04071893433482307 1.35
136 -0.04631570187512637 1.36
137 -0.04761475233351073 1.37
138 -0.04917823056217945 1.38
139 -0.05097477902956956 1.39
140 -0.05289213510742549 1.4
141 -0.05294278319362854 1.41
142 -0.05333719705092525 1.42
143 -0.05313028121729547 1.43
144 -0.05304511943930779 1.44
145 -0.0534810659230254 1.45
146 -0.05355934755744152 1.46
147 -0.05306501232816735 1.47
148 -0.0530930443940926 1.48
149 -0.05251357567720541 1.49
150 -0.05089301613025621 1.5
151 -0.0510519635639444 1.51
152 -0.05042033424231215 1.52
153 -0.04944332966847098 1.53
154 -0.04782995344644644 1.54
155 -0.04822210839648849 1.55
156 -0.04830429469281153 1.56
157 -0.0470819851225332 1.57
158 -0.04733520139810238 1.58
159 -0.04733704521842325 1.59
160 -0.04734275228004917 1.6
161 -0.04742561720237912 1.61
162 -0.04768840661072653 1.62
163 -0.0486242625167369 1.63
164 -0.04903943997726663 1.64
165 -0.05032671641945277 1.65
166 -0.05068180846031654 1.66
167 -0.05254641130173253 1.67
168 -0.05407091344548103 1.68
169 -0.05537428721037639 1.69
170 -0.05668384092742539 1.7
171 -0.05758920507185878 1.71
172 -0.05914528738122267 1.72
173 -0.06017759457287226 1.73
174 -0.06193285885141733 1.74
175 -0.06418331832319357 1.75
176 -0.06593653466716093 1.76
177 -0.06791436114876435 1.77
178 -0.06909347981361498 1.78
179 -0.07107768236400989 1.79
180 -0.07310714708792422 1.8
181 -0.07426827437667939 1.81
182 -0.07566683282145413 1.82
183 -0.07663240341171486 1.83
184 -0.07857076464043437 1.84
185 -0.08041050348344268 1.85
186 -0.08136789156085866 1.86
187 -0.08253236954217633 1.87
188 -0.0835741074365112 1.88
189 -0.08463991866251538 1.89
190 -0.08526927555051662 1.9
191 -0.08667807286326698 1.91
192 -0.08784921220956149 1.92
193 -0.08887055387034376 1.93
194 -0.09002230638545461 1.94
195 -0.09090648253885206 1.95
196 -0.09124134764143355 1.96
197 -0.09136246213224264 1.97
198 -0.09200091510745723 1.98
199 -0.09281088542565955 1.99
200 -0.09312173562456026 2
201 -0.09341538449750104 2.01
202 -0.09317789874544534 2.02
203 -0.09343135219098279 2.03
204 -0.09350751892983292 2.04
205 -0.09313224386066714 2.05
206 -0.09339509502044903 2.06
207 -0.09282019165362196 2.07
208 -0.09253360605109984 2.08
209 -0.09233988179238721 2.09
210 -0.09253105262769504 2.1
211 -0.09252766445489795 2.11
212 -0.09239223508328277 2.12
213 -0.09197498390735578 2.13
214 -0.09138277033110721 2.14
215 -0.09136813831186531 2.15
216 -0.09104922911312295 2.16
217 -0.09127056837264988 2.17
218 -0.09119799424088149 2.18
219 -0.09138179152960682 2.19
220 -0.09138568720136545 2.2
221 -0.09067655530549734 2.21
222 -0.09035930301492835 2.22
223 -0.09005847809763404 2.23
224 -0.08998990048672774 2.24
225 -0.08938115880846553 2.25
226 -0.08946855266279949 2.26
227 -0.08974514213916648 2.27
228 -0.08984846466542562 2.28
229 -0.08988537494845898 2.29
230 -0.08986388679797766 2.3
231 -0.08948702557028361 2.31
232 -0.08960282256039862 2.32
233 -0.08961981607137254 2.33
234 -0.08903144069578983 2.34
235 -0.08917739932220288 2.35
236 -0.0888854129152 2.36
237 -0.08845100454052378 2.37
238 -0.08823167400631153 2.38
239 -0.08850501425088567 2.39
240 -0.08849367279209802 2.4
241 -0.08925940966254625 2.41
242 -0.08895946601933818 2.42
243 -0.08878774295818852 2.43
244 -0.08949396154757974 2.44
245 -0.08979280182437741 2.45
246 -0.08958205920770368 2.46
247 -0.08983280203834565 2.47
248 -0.09028895333575906 2.48
249 -0.09039508085931341 2.49
250 -0.09019851067222545 2.5
251 -0.09027365326811929 2.51
252 -0.09034313750308154 2.52
253 -0.0905713680783817 2.53
254 -0.09110843300988616 2.54
255 -0.0908607579837651 2.55
256 -0.09104570629310418 2.56
257 -0.09125366106620771 2.57
258 -0.09143711146258884 2.58
259 -0.09169268731293811 2.59
260 -0.09205369572750052 2.6
261 -0.09203537737866536 2.61
262 -0.09219738301594724 2.62
263 -0.09272883038179275 2.63
264 -0.09268728238950537 2.64
265 -0.09286716177454993 2.65
266 -0.0932099942228006 2.66
267 -0.0936555013079669 2.67
268 -0.09422173256440566 2.68
269 -0.09458539211630133 2.69
270 -0.09488525336171198 2.7
271 -0.09550407840509872 2.71
272 -0.09553491561992231 2.72
273 -0.0955779896495898 2.73
274 -0.09601306037751059 2.74
275 -0.09602907485900204 2.75
276 -0.09607779424870347 2.76
277 -0.09635487776030782 2.77
278 -0.0962754738157886 2.78
279 -0.09614185624803023 2.79
280 -0.0960662927889516 2.8
281 -0.09666886000126908 2.81
282 -0.09670310803872978 2.82
283 -0.09655132714738196 2.83
284 -0.09641870679704562 2.84
285 -0.09631501133392478 2.85
286 -0.09577432024565397 2.86
287 -0.0955476770925303 2.87
288 -0.09481169285075863 2.88
289 -0.09429261408745242 2.89
290 -0.09415836243321661 2.9
291 -0.09416755133459104 2.91
292 -0.09361611333393342 2.92
293 -0.0932934323557354 2.93
294 -0.09262460961656764 2.94
295 -0.0920667262391083 2.95
296 -0.09133698497446878 2.96
297 -0.09064062567011749 2.97
298 -0.09029339116749704 2.98
299 -0.08944157189490766 2.99
300 -0.08849882549471436 3
301 -0.08795751952964811 3.01
302 -0.08736937472465545 3.02
303 -0.0862082872021173 3.03
304 -0.08530473191244195 3.04
305 -0.08454089773731588 3.05
306 -0.08311532296535415 3.06
307 -0.08160607224974376 3.07
308 -0.08034164094932131 3.08
309 -0.07929234625459956 3.09
310 -0.07809857791885266 3.1
311 -0.07685555933864308 3.11
312 -0.07570959003484039 3.12
313 -0.07454224266429388 3.13
314 -0.07287445336415065 3.14
315 -0.07094615385954775 3.15
316 -0.06921173616090201 3.16
317 -0.06796338301754348 3.17
318 -0.06621880165989855 3.18
319 -0.06469600042858975 3.19
320 -0.06319076171114157 3.2
321 -0.06120539232528208 3.21
322 -0.06003276649610838 3.22
323 -0.05831936344633282 3.23
324 -0.05654062165531835 3.24
325 -0.05477083367251095 3.25
326 -0.05287958416518947 3.26
327 -0.05099466262796849 3.27
328 -0.04910105708164283 3.28
329 -0.04686846175227663 3.29
330 -0.04462718932379971 3.3
331 -0.04238652575124463 3.31
332 -0.040304023667521 3.32
333 -0.03822123556110267 3.33
334 -0.03624368443023162 3.34
335 -0.0345594961668963 3.35
336 -0.0326196432173111 3.36
337 -0.0305331506453162 3.37
338 -0.02842017277433103 3.38
339 -0.02623398224529456 3.39
340 -0.02406966695508928 3.4
341 -0.0219832547127301 3.41
342 -0.01957573103278801 3.42
343 -0.01751866795280071 3.43
344 -0.01493074605251495 3.44
345 -0.01217346251084925 3.45
346 -0.009570245363502657 3.46
347 -0.007196143693786544 3.47
348 -0.004790785029141383 3.48
349 -0.002458244201196856 3.49
350 4.793590446811047e-05 3.5
351 0.002453146292784189 3.51
352 0.00469057058665813 3.52
353 0.007125321750728456 3.53
354 0.009329466355627564 3.54
355 0.01143165807645997 3.55
356 0.01361134595406126 3.56
357 0.01609816718649607 3.57
358 0.01828578849477301 3.58
359 0.02080042521644672 3.59
360 0.02311878859059022 3.6
361 0.02542484253674694 3.61
362 0.0276475813263698 3.62
363 0.02996891564945628 3.63
364 0.03226121435122276 3.64
365 0.03498284029990667 3.65
366 0.03798471160700535 3.66
367 0.04043437774232934 3.67
368 0.0425066733009633 3.68
369 0.04461041637694638 3.69
370 0.04704039318777609 3.7
371 0.0489747593362523 3.71
372 0.05067825403350263 3.72
373 0.05246925090291887 3.73
374 0.05466422616966334 3.74
375 0.05708336728727038 3.75
376 0.05890026868570614 3.76
377 0.06103235986838541 3.77
378 0.06323106804157534 3.78
379 0.06494389724411306 3.79
380 0.06687610540938836 3.8
381 0.06898287481342351 3.81
382 0.07143628105451574 3.82
383 0.07333166839905328 3.83
384 0.07525673634676054 3.84
385 0.07706688322411209 3.85
386 0.07889523721968267 3.86
387 0.08071248149471774 3.87
388 0.08209197927304168 3.88
389 0.08410730397348805 3.89
390 0.08610671083920061 3.9
391 0.08778947276736829 3.91
392 0.08947712097501852 3.92
393 0.09104477668299145 3.93
394 0.09294616435175837 3.94
395 0.09441603901747309 3.95
396 0.09572905305192586 3.96
397 0.09730172381698508 3.97
398 0.09847516681121599 3.98
399 0.0999382361595942 3.99
400 0.1015134397824555 4
401 0.1028925738289325 4.01
402 0.1039768778474943 4.02
403 0.1050245157771379 4.03
404 0.1059497525297189 4.04
405 0.1070375191793391 4.05
406 0.1085289332170752 4.06
407 0.1098809394520633 4.07
408 0.1109029628611299 4.08
409 0.1122108488888971 4.09
410 0.1129718258870914 4.1
411 0.1139181517164708 4.11
412 0.11448533199507 4.12
413 0.1150841390323229 4.13
414 0.1161712781243539 4.14
415 0.1169639395204263 4.15
416 0.1172587878052292 4.16
417 0.1176065216383347 4.17
418 0.1179407474219567 4.18
419 0.1182524306416869 4.19
420 0.1187323598132726 4.2
421 0.1186996895557471 4.21
422 0.1193424841101077 4.22
423 0.1205707495674798 4.23
424 0.1213509131776884 4.24
425 0.1220571522688834 4.25
426 0.1223984826650436 4.26
427 0.122396419896896 4.27
428 0.1221883315035152 4.28
429 0.122362723478741 4.29
430 0.1225202343945478 4.3
431 0.1227031701278732 4.31
432 0.1230823926474096 4.32
433 0.1230752466735127 4.33
434 0.1233360029311648 4.34
435 0.1233445114650029 4.350000000000001
436 0.1228832901090356 4.36
437 0.1232697794871681 4.37
438 0.1233669917872366 4.38
439 0.1240498546474636 4.39
440 0.1240092149869222 4.4
441 0.1243338315439766 4.41
442 0.1245828729338471 4.42
443 0.1247581779773591 4.43
444 0.1249948542799833 4.44
445 0.1250311740076609 4.45
446 0.1250477078930494 4.46
447 0.1246110792623986 4.47
448 0.1239461311252313 4.48
449 0.1239995793627744 4.49
450 0.1241286463806633 4.5
451 0.1243777048049206 4.51
452 0.1245839298868562 4.52
453 0.1246279811860727 4.53
454 0.12470904466855 4.54
455 0.1252245356354393 4.55
456 0.1256984805586569 4.56
457 0.1257792411537982 4.57
458 0.1256261361135218 4.58
459 0.1253860755616792 4.59
460 0.1249071528233314 4.600000000000001
461 0.1246506220601769 4.61
462 0.1244510772946186 4.62
463 0.1242606859679152 4.63
464 0.1241112018463754 4.64
465 0.1237069681466146 4.65
466 0.1237821945203035 4.66
467 0.1238050581679356 4.67
468 0.1241885965402807 4.68
469 0.1243938065025044 4.69
470 0.1241966923827435 4.7
471 0.1239173007035781 4.71
472 0.1236884178532741 4.72
473 0.1237077274503452 4.73
474 0.1233399681144312 4.74
475 0.1229904522582683 4.75
476 0.1226308462925057 4.76
477 0.1225481202500039 4.77
478 0.1222742711195645 4.78
479 0.1220820871143828 4.79
480 0.12128619756128 4.8
481 0.1209897800550623 4.81
482 0.1204317109720651 4.82
483 0.1201236836566896 4.83
484 0.1207677597233966 4.84
485 0.1207014530259979 4.850000000000001
486 0.1207542467708651 4.86
487 0.1207437245380617 4.87
488 0.1201741265065751 4.88
489 0.1197516071109366 4.89
490 0.1196442012864363 4.9
491 0.1190802403627206 4.91
492 0.1185968319996671 4.92
493 0.1183502671714508 4.93
494 0.1179811961023859 4.94
495 0.1176842590990748 4.95
496 0.1169105919776588 4.96
497 0.1163554012713155 4.97
498 0.1162241324236126 4.98
499 0.1163259721436283 4.99
500 0.116041630056967 5
501 0.1155533082895136 5.01
502 0.1150327028806386 5.02
503 0.1147713803216268 5.03
504 0.1142953886745457 5.04
505 0.1137793052043611 5.05
506 0.1132008272012698 5.06
507 0.1125890509208697 5.07
508 0.1118955999337658 5.08
509 0.1112427402645773 5.09
510 0.1106017620169939 5.100000000000001
511 0.109889174696805 5.11
512 0.1096182831987166 5.12
513 0.1093034766933223 5.13
514 0.1087334988912467 5.14
515 0.1076831178039441 5.15
516 0.1072484981871436 5.16
517 0.1062695363513679 5.17
518 0.1052545231747797 5.18
519 0.1044743825262525 5.19
520 0.103892341481169 5.2
521 0.1030905071085178 5.21
522 0.1024425417927748 5.22
523 0.1023652471005798 5.23
524 0.1012241322632953 5.24
525 0.1002579361892794 5.25
526 0.09932407824514261 5.26
527 0.09812761835396866 5.27
528 0.09740419073579894 5.28
529 0.0962258946733679 5.29
530 0.09537176617488288 5.3
531 0.09489220742943816 5.31
532 0.09425304095386432 5.32
533 0.0938747320622606 5.33
534 0.09318358501488909 5.34
535 0.09241482023048075 5.350000000000001
536 0.09155818181719688 5.36
537 0.09042284891739716 5.37
538 0.08938289636974306 5.38
539 0.08828109921153748 5.39
540 0.08725151747514348 5.4
541 0.08618011905618496 5.41
542 0.08493049460376476 5.42
543 0.08398647198862202 5.43
544 0.08317565633859549 5.44
545 0.08279411418133265 5.45
546 0.08259102427914752 5.46
547 0.08249560035403217 5.47
548 0.08196026819873671 5.48
549 0.08106736313976382 5.49
550 0.07989940451350097 5.5
551 0.07911715122500046 5.51
552 0.07763893831420995 5.52
553 0.07654898614625399 5.53
554 0.07524606750354287 5.54
555 0.07404634370159961 5.55
556 0.07303404656808687 5.56
557 0.07191382155861445 5.57
558 0.07084109117995149 5.58
559 0.06988656339240831 5.59
560 0.06931849313088409 5.600000000000001
561 0.06938755230755209 5.61
562 0.06930008147671861 5.62
563 0.06924318463300143 5.63
564 0.06857943066465393 5.64
565 0.0675394151370414 5.65
566 0.06687843487741321 5.66
567 0.06613476446447375 5.67
568 0.06502350669379386 5.68
569 0.06404913667153586 5.69
570 0.0630654302061999 5.7
571 0.0624305953824081 5.71
572 0.06139562599181871 5.72
573 0.06048867001042697 5.73
574 0.05979587186707652 5.74
575 0.05923014772924027 5.75
576 0.05879648758367245 5.76
577 0.05859818424218154 5.77
578 0.05811078950855669 5.78
579 0.05765625300234209 5.79
580 0.05699212203476079 5.8
581 0.05692099220211012 5.81
582 0.05675922198697261 5.82
583 0.05638956318695485 5.83
584 0.05543798695445 5.84
585 0.05429907688916738 5.850000000000001
586 0.0529720441693636 5.86
587 0.05204331165149772 5.87
588 0.05159713413284808 5.88
589 0.05103500260580063 5.89
590 0.0510453417122842 5.9
591 0.05109173833033927 5.91
592 0.05100592585565664 5.92
593 0.05112031504081922 5.93
594 0.05066206320087918 5.94
595 0.0504084429065926 5.95
596 0.05015586220900095 5.96
597 0.04991420295771943 5.97
598 0.04938307085660568 5.98
599 0.0490014140921966 5.99
600 0.04831106745683033 6
601 0.04803379385829329 6.01
602 0.04735467854129421 6.02
603 0.04685358052416524 6.03
604 0.04690405322973274 6.04
605 0.04692177636066248 6.05
606 0.04684193851813168 6.06
607 0.04696761232193035 6.07
608 0.04736622866904389 6.08
609 0.04703197210655841 6.09
610 0.04686579781016874 6.100000000000001
611 0.0467011739291656 6.11
612 0.04614486832516606 6.12
613 0.04579674831872348 6.13
614 0.0452741651429209 6.140000000000001
615 0.04509848666186544 6.15
616 0.04505599555526652 6.16
617 0.04525589477910128 6.17
618 0.04503908843838404 6.18
619 0.04486517470264473 6.19
620 0.04484024073183913 6.2
621 0.04489442876155553 6.21
622 0.04480865471117831 6.22
623 0.04480005309519276 6.23
624 0.04488733226658265 6.24
625 0.04488659655605057 6.25
626 0.04505238026104639 6.26
627 0.04502597514753232 6.27
628 0.04510567303982052 6.28
629 0.04499775880864439 6.29
630 0.04475358531952296 6.3
631 0.04469391580235678 6.31
632 0.04460668219805904 6.32
633 0.04469078641234339 6.33
634 0.04461190884302986 6.34
635 0.04467314421436459 6.350000000000001
636 0.04523063204393096 6.36
637 0.04560455845975137 6.37
638 0.04589169347788058 6.38
639 0.04619785777888171 6.390000000000001
640 0.04606064564294709 6.4
641 0.04598617748422076 6.41
642 0.04572560563600032 6.42
643 0.04583352447240063 6.43
644 0.0460064004075736 6.44
645 0.04633466386503711 6.45
646 0.04633314083190691 6.46
647 0.04634279676109793 6.47
648 0.04686794633231131 6.48
649 0.04724509745041379 6.49
650 0.04799174809440383 6.5
651 0.04828359303621601 6.51
652 0.04863309316249721 6.52
653 0.04873117502340319 6.53
654 0.04886984628894418 6.54
655 0.0490342765670353 6.55
656 0.04948878061333536 6.56
657 0.04966593809087969 6.57
658 0.04985874840145977 6.58
659 0.04998895732102306 6.59
660 0.05041134325160913 6.600000000000001
661 0.05080315325781289 6.61
662 0.05129116425919467 6.62
663 0.05168379762025056 6.63
664 0.05219550968614266 6.640000000000001
665 0.05253588339169515 6.65
666 0.05306626018355803 6.66
667 0.0536012604491066 6.67
668 0.05404593948214398 6.68
669 0.05441280547220509 6.69
670 0.05482250970849969 6.7
671 0.05521565200031511 6.71
672 0.05558779348304563 6.72
673 0.05606036473154714 6.73
674 0.05668768376358363 6.74
675 0.0574825978520925 6.75
676 0.05824997623450945 6.76
677 0.0589263129741715 6.77
678 0.05925377222221096 6.78
679 0.0594252867868179 6.79
680 0.05987308619653929 6.8
681 0.06039593218924006 6.81
682 0.06076373144159298 6.82
683 0.06115138197292996 6.83
684 0.06160363937419971 6.84
685 0.06208954438900179 6.850000000000001
686 0.06250614822888081 6.86
687 0.06305930068395975 6.87
688 0.06370810335443763 6.88
689 0.06436305972471768 6.890000000000001
690 0.06505675509890185 6.9
691 0.06616422760374299 6.91
692 0.06711998326562496 6.92
693 0.06784244136022405 6.93
694 0.06830577348586796 6.94
695 0.06851834725696318 6.95
696 0.06891029149845175 6.96
697 0.06923231424962785 6.97
698 0.06965882379233011 6.98
699 0.07020834655941954 6.99
700 0.07086300010623897 7
701 0.07162307170190738 7.01
702 0.07217588542323404 7.02
703 0.07273811868985054 7.03
704 0.07357185063775645 7.04
705 0.07412067674413317 7.05
706 0.0746504834546815 7.06
707 0.07580719671250805 7.07
708 0.07660680395953293 7.08
709 0.07771693062668857 7.09
710 0.07858267617269722 7.100000000000001
711 0.07916184064520182 7.11
712 0.07962537614398538 7.12
713 0.07995002242729615 7.13
714 0.08031218572339624 7.140000000000001
715 0.08056622578936205 7.15
716 0.080997479586739 7.16
717 0.0817010178813469 7.17
718 0.08226327857317471 7.18
719 0.08269917381058274 7.19
720 0.08301403960384421 7.2
721 0.08378869843973374 7.21
722 0.0847320754741083 7.22
723 0.08564194625898816 7.23
724 0.08645546854124127 7.24
725 0.0870092251352485 7.25
726 0.08736860528142276 7.26
727 0.08785336684990658 7.27
728 0.08838013703021542 7.28
729 0.08910421977106055 7.29
730 0.08965296606288956 7.3
731 0.0903875368198685 7.31
732 0.09079224296868092 7.32
733 0.09121962624090223 7.33
734 0.09127942172727251 7.34
735 0.09162158159361328 7.350000000000001
736 0.09216886610722581 7.36
737 0.09284623104369553 7.37
738 0.09340270472634971 7.38
739 0.09408039580170327 7.390000000000001
740 0.09466451144623421 7.4
741 0.09529691885856439 7.41
742 0.09579572600628344 7.42
743 0.09612176204050848 7.43
744 0.0968727420187139 7.44
745 0.09726295946699408 7.45
746 0.09768952960291886 7.46
747 0.09807672264846359 7.47
748 0.09842197210926204 7.48
749 0.09851250583475377 7.49
750 0.09858807323155022 7.5
751 0.09888437024116969 7.51
752 0.09915564962604592 7.52
753 0.09974139696314455 7.53
754 0.1000193738962498 7.54
755 0.1002416140112721 7.55
756 0.1006333027169721 7.56
757 0.1010399525540933 7.57
758 0.1016478471770886 7.58
759 0.1021152307994546 7.59
760 0.1023928575430708 7.600000000000001
761 0.1025794883171885 7.61
762 0.102698984413056 7.62
763 0.1030864892763102 7.63
764 0.1033238006605403 7.640000000000001
765 0.1032929702481211 7.65
766 0.1033192292459095 7.66
767 0.1031515838905223 7.67
768 0.1031409771687193 7.68
769 0.103028803129228 7.69
770 0.1031503442393559 7.7
771 0.1033278847222598 7.71
772 0.1034056920466405 7.72
773 0.1034954072765913 7.73
774 0.1037142316705102 7.74
775 0.1037554898847444 7.75
776 0.1038019243451152 7.76
777 0.1040785193247717 7.77
778 0.1041144944618934 7.78
779 0.1040840787871103 7.79
780 0.1039959890952772 7.8
781 0.1038124877983819 7.81
782 0.1039174717911565 7.82
783 0.1040212622112748 7.83
784 0.1038380218341824 7.84
785 0.1035390660681363 7.850000000000001
786 0.1033136688983534 7.86
787 0.1027415252927027 7.87
788 0.1026911986080407 7.88
789 0.1021887988658563 7.890000000000001
790 0.1018486941531473 7.9
791 0.1016649210151878 7.91
792 0.1017019992970375 7.92
793 0.1022487667633418 7.930000000000001
794 0.1022191469997698 7.94
795 0.1019130786050668 7.95
796 0.101514703686056 7.96
797 0.1011638080774205 7.97
798 0.1005442269542054 7.98
799 0.09999289558239213 7.99
800 0.09955753205865592 8
801 0.09897859583327753 8.01
802 0.09842212203575815 8.02
803 0.09801459353693379 8.029999999999999
804 0.09743678347772816 8.040000000000001
805 0.09703963483307057 8.050000000000001
806 0.09649300953552738 8.06
807 0.09601880615645957 8.07
808 0.09576855234452322 8.08
809 0.09559580635561948 8.09
810 0.0953460349809986 8.1
811 0.0949536518602376 8.109999999999999
812 0.09463813115610009 8.120000000000001
813 0.09440186133253373 8.130000000000001
814 0.09380300659793739 8.140000000000001
815 0.09302498127462869 8.15
816 0.09251006777934351 8.16
817 0.09158148580168196 8.17
818 0.09073574634351038 8.18
819 0.09029631889064232 8.19
820 0.08958074928186022 8.199999999999999
821 0.0885471959833878 8.210000000000001
822 0.08771522337816662 8.220000000000001
823 0.08700128426285965 8.23
824 0.08610213710460896 8.24
825 0.08538356540933975 8.25
826 0.08529836475541944 8.26
827 0.08471354027366401 8.27
828 0.08408123094929017 8.279999999999999
829 0.08316594959631687 8.290000000000001
830 0.08245298915521394 8.300000000000001
831 0.08159199942865694 8.31
832 0.08079345802801349 8.32
833 0.07998971078637956 8.33
834 0.07921821385435962 8.34
835 0.0787278758733896 8.35
836 0.07788462959591541 8.359999999999999
837 0.07706513793548508 8.370000000000001
838 0.07597012053520355 8.380000000000001
839 0.075004778524877 8.390000000000001
840 0.07401571031355594 8.4
841 0.07299189587046387 8.41
842 0.07225243407522211 8.42
843 0.0716110780023493 8.43
844 0.07086347863324444 8.44
845 0.07034365881758718 8.449999999999999
846 0.06926466383066174 8.460000000000001
847 0.06868480574460673 8.470000000000001
848 0.06792514190262075 8.48
849 0.06707584751603951 8.49
850 0.06624389022059986 8.5
851 0.06532359137006785 8.51
852 0.0645061802815943 8.52
853 0.06361546653411464 8.529999999999999
854 0.06263919836677417 8.540000000000001
855 0.06168007635086287 8.550000000000001
856 0.06062455233581091 8.56
857 0.05975720428226872 8.57
858 0.05903079943331675 8.58
859 0.05844900168424958 8.59
860 0.05790637308247201 8.6
861 0.05738153616293102 8.609999999999999
862 0.05649303053153931 8.620000000000001
863 0.05579888259462112 8.630000000000001
864 0.05527448004810405 8.640000000000001
865 0.05408632760025902 8.65
866 0.05305513214916221 8.66
867 0.05229166250261646 8.67
868 0.05170407724513164 8.68
869 0.05111615476831585 8.69
870 0.05040834505883263 8.700000000000001
871 0.0497476124941825 8.710000000000001
872 0.04891410793125794 8.720000000000001
873 0.04795520492418401 8.73
874 0.04745115148888894 8.74
875 0.04666887361605143 8.75
876 0.04595815028732327 8.76
877 0.04535589920826429 8.77
878 0.04476061249804285 8.779999999999999
879 0.0440811370253425 8.790000000000001
880 0.04327601116767811 8.800000000000001
881 0.04260441003077106 8.81
882 0.04247153657900103 8.82
883 0.04202789336983252 8.83
884 0.04134738428121298 8.84
885 0.0407310090444073 8.85
886 0.04006784625203383 8.859999999999999
887 0.03968682096625505 8.870000000000001
888 0.0392361782092145 8.880000000000001
889 0.03900705470606115 8.890000000000001
890 0.03846613108957458 8.9
891 0.03780134712124483 8.91
892 0.03682111655810878 8.92
893 0.03608273599274822 8.93
894 0.03546248764381697 8.94
895 0.03477235147817988 8.950000000000001
896 0.03446796430980255 8.960000000000001
897 0.03437530418622947 8.970000000000001
898 0.03420262895986055 8.98
899 0.03404707280112995 8.99
900 0.03367496807021365 9
901 0.0334214421087586 9.01
902 0.03317306016035253 9.02
903 0.0327102468250233 9.029999999999999
904 0.03194161878052429 9.040000000000001
905 0.03138046471404146 9.050000000000001
906 0.03079288433184692 9.06
907 0.03045199105693031 9.07
908 0.03023441502610683 9.08
909 0.02973875937803781 9.09
910 0.02952945948298687 9.1
911 0.0291068299796324 9.109999999999999
912 0.02913994291194717 9.120000000000001
913 0.02905504865203964 9.130000000000001
914 0.02863565971330341 9.140000000000001
915 0.02835784824239398 9.15
916 0.0281715761013796 9.16
917 0.02793297978165703 9.17
918 0.02735382594564086 9.18
919 0.02710983077824081 9.19
920 0.02674668681550088 9.200000000000001
921 0.02658532955356832 9.210000000000001
922 0.02608569358914621 9.220000000000001
923 0.02592719032495604 9.23
924 0.02573474301214679 9.24
925 0.02541114055468181 9.25
926 0.02507555681616308 9.26
927 0.02489644293731255 9.27
928 0.02482852117258863 9.279999999999999
929 0.0247615008519471 9.290000000000001
930 0.02486554103099564 9.300000000000001
931 0.0249217754938338 9.31
932 0.0250472567711861 9.32
933 0.02508036538252072 9.33
934 0.0249300703687426 9.34
935 0.02481066622181477 9.35
936 0.02463493622945159 9.359999999999999
937 0.02474639157910519 9.370000000000001
938 0.0242317668164283 9.380000000000001
939 0.02353442316534281 9.390000000000001
940 0.02372842603619484 9.4
941 0.02359931653238541 9.41
942 0.02354296389535891 9.42
943 0.02354220977956652 9.43
944 0.02356321525713075 9.44
945 0.02356967473549122 9.450000000000001
946 0.02383867597224582 9.460000000000001
947 0.02379154592821867 9.470000000000001
948 0.02391353753050406 9.48
949 0.02364617319101847 9.49
950 0.02372853244214873 9.5
951 0.02344090871174156 9.51
952 0.02335428088565694 9.52
953 0.02336408473971149 9.529999999999999
954 0.02351757840124047 9.540000000000001
955 0.02372998271955711 9.550000000000001
956 0.02389741081853415 9.56
957 0.02423782993463959 9.57
958 0.02437981843470657 9.58
959 0.02463454460266831 9.59
960 0.02474193011614156 9.6
961 0.02445936639102059 9.609999999999999
962 0.02423954379744386 9.620000000000001
963 0.02433626016675684 9.630000000000001
964 0.0244448121555802 9.640000000000001
965 0.02452298364818753 9.65
966 0.02436980200574258 9.66
967 0.02449588611185 9.67
968 0.02497451575739958 9.68
969 0.02537970307522486 9.69
970 0.02551446003882044 9.700000000000001
971 0.02600058457836336 9.710000000000001
972 0.02594675136680059 9.720000000000001
973 0.02605953073484603 9.73
974 0.0264593882908835 9.74
975 0.02651008490467263 9.75
976 0.02672756617833118 9.76
977 0.02674378536656541 9.77
978 0.02689615493593411 9.779999999999999
979 0.02705232494374989 9.790000000000001
980 0.02701315735511355 9.800000000000001
981 0.02730254409409817 9.81
982 0.02740504503154299 9.82
983 0.02732763992368484 9.83
984 0.02759452899519625 9.84
985 0.02794052503023962 9.85
986 0.0287826950240395 9.859999999999999
987 0.02920435765825354 9.870000000000001
988 0.02974947631635477 9.880000000000001
989 0.02999571632961713 9.890000000000001
990 0.03013684212489101 9.9
991 0.03017133803361642 9.91
992 0.03003857821003376 9.92
993 0.03001769129448154 9.93
994 0.0299402570252649 9.94
995 0.03009637596845519 9.950000000000001
996 0.03030021318879816 9.960000000000001
997 0.0307906894072737 9.970000000000001
998 0.03137817800826988 9.98
999 0.03178736756283113 9.99
1000 0.03217327235346258 10
1001 0.03264355509071674 10.01
1002 0.03281223471538028 10.02
1003 0.0331849330764462 10.03
1004 0.03361826370416696 10.04
1005 0.03386471699293171 10.05
1006 0.03409742315036106 10.06
1007 0.03398786381374157 10.07
1008 0.03415889713162273 10.08
1009 0.03441643112137335 10.09
1010 0.03475404118716162 10.1
1011 0.03522247575688385 10.11
1012 0.03571222419741783 10.12
1013 0.03615749927822204 10.13
1014 0.0365694617823672 10.14
1015 0.03702358988358699 10.15
1016 0.03748388860499315 10.16
1017 0.03781693381369838 10.17
1018 0.03823562226091776 10.18
1019 0.03858385125751361 10.19
1020 0.03897472352364974 10.2
1021 0.03938052441170602 10.21
1022 0.03952636827133479 10.22
1023 0.03980126744702135 10.23
1024 0.04013240122287923 10.24
1025 0.04047146715588966 10.25
1026 0.04100456253746888 10.26
1027 0.04142993179119636 10.27
1028 0.04205400893345104 10.28
1029 0.04254905601692734 10.29
1030 0.0428814203148188 10.3
1031 0.04321195657545697 10.31
1032 0.04373926182235686 10.32
1033 0.04416618204236315 10.33
1034 0.04463918015710389 10.34
1035 0.04488675264725232 10.35
1036 0.0454040930958227 10.36
1037 0.04561619369194515 10.37
1038 0.04580573615503301 10.38
1039 0.0460902780617695 10.39
1040 0.04635349394768844 10.4
1041 0.04656403620209366 10.41
1042 0.0469668179371336 10.42
1043 0.04738747468999793 10.43
1044 0.04778395890544569 10.44
1045 0.0481511979001493 10.45
1046 0.04839773717736495 10.46
1047 0.04873070166976348 10.47
1048 0.04913620701841331 10.48
1049 0.04954055956736883 10.49
1050 0.04987952252193199 10.5
1051 0.05021555106674511 10.51
1052 0.05046974260073875 10.52
1053 0.05074904903495589 10.53
1054 0.05115360166812091 10.54
1055 0.05155999354207257 10.55
1056 0.05190564257814906 10.56
1057 0.05215070985567018 10.57
1058 0.05240071650825288 10.58
1059 0.0525084876846873 10.59
1060 0.05264675270022636 10.6
1061 0.05287962478248164 10.61
1062 0.05311094394089776 10.62
1063 0.05325903811548823 10.63
1064 0.0535123105369425 10.64
1065 0.05366111096842884 10.65
1066 0.05369608692475315 10.66
1067 0.05372587987720027 10.67
1068 0.05394102726440617 10.68
1069 0.05393406472052338 10.69
1070 0.05392138774841036 10.7
1071 0.05394712823950381 10.71
1072 0.05405930767761075 10.72
1073 0.05436060507712252 10.73
1074 0.0547088167451695 10.74
1075 0.0549248723504931 10.75
1076 0.05517115276971027 10.76
1077 0.05542869991472937 10.77
1078 0.05533061796281454 10.78
1079 0.05544243107619079 10.79
1080 0.055484312215439 10.8
1081 0.0557489927210523 10.81
1082 0.05592419752922501 10.82
1083 0.05583966401285338 10.83
1084 0.0557014462100034 10.84
1085 0.05593265634697615 10.85
1086 0.05615214167993773 10.86
1087 0.05620783692223955 10.87
1088 0.05629797718077927 10.88
1089 0.05623534178644419 10.89
1090 0.05594754078284813 10.9
1091 0.05602399856669706 10.91
1092 0.05608033376751514 10.92
1093 0.0563113719553429 10.93
1094 0.05631861056243857 10.94
1095 0.05617393314302971 10.95
1096 0.05596863019866759 10.96
1097 0.05591365725051359 10.97
1098 0.05589532234970186 10.98
1099 0.05598855950916667 10.99
1100 0.05603363233169533 11
1101 0.05601692378163697 11.01
1102 0.05593415527160602 11.02
1103 0.05563873403277945 11.03
1104 0.05585806686691973 11.04
1105 0.05597600948941366 11.05
1106 0.05592331141794078 11.06
1107 0.05591319246235345 11.07
1108 0.05592960262242425 11.08
1109 0.05606719402629981 11.09
1110 0.05595601444922828 11.1
1111 0.05579987706729941 11.11
1112 0.05574214581280033 11.12
1113 0.05569291694719735 11.13
1114 0.05555491486015614 11.14
1115 0.0553471337642553 11.15
1116 0.0553054628514913 11.16
1117 0.05508333961430295 11.17
1118 0.05470000585976779 11.18
1119 0.05435630554588723 11.19
1120 0.05424921928723757 11.2
1121 0.0540075836418831 11.21
1122 0.05374462293731248 11.22
1123 0.05354959328510922 11.23
1124 0.05325562333166345 11.24
1125 0.05295847436813446 11.25
1126 0.05270655715731602 11.26
1127 0.05254290722171844 11.27
1128 0.05239567235013605 11.28
1129 0.05219816618029398 11.29
1130 0.05203881105709096 11.3
1131 0.05178580310830115 11.31
1132 0.05140455453118287 11.32
1133 0.05101689628697929 11.33
1134 0.0505199266498023 11.34
1135 0.04994228615206857 11.35
1136 0.04948215582660988 11.36
1137 0.04906095652608668 11.37
1138 0.04902617732923409 11.38
1139 0.04867363819830778 11.39
1140 0.04856406824298024 11.4
1141 0.04833372354167072 11.41
1142 0.04810562360228474 11.42
1143 0.04777907094256698 11.43
1144 0.04729220734369799 11.44
1145 0.04696341102055006 11.45
1146 0.04653659819850856 11.46
1147 0.04603202262147242 11.47
1148 0.04546234098073557 11.48
1149 0.04474324976998777 11.49
1150 0.04407870162941348 11.5
1151 0.04357143119367335 11.51
1152 0.04295544677334455 11.52
1153 0.04254559627557059 11.53
1154 0.04211242551819917 11.54
1155 0.04159385107360827 11.55
1156 0.04085248259056397 11.56
1157 0.04035896430448062 11.57
1158 0.03998819434747601 11.58
1159 0.03979844700688122 11.59
1160 0.03954552243128737 11.6
1161 0.03922562862069816 11.61
1162 0.03886618216777854 11.62
1163 0.03847158625939702 11.63
1164 0.03786924171690287 11.64
1165 0.03733824665435531 11.65
1166 0.0366484885119809 11.66
1167 0.03601394873340559 11.67
1168 0.03550221897521501 11.68
1169 0.0347441603321592 11.69
1170 0.03397653021821533 11.7
1171 0.03338059907863629 11.71
1172 0.03266982281132561 11.72
1173 0.03201996008531616 11.73
1174 0.03134218810241568 11.74
1175 0.03064721985569088 11.75
1176 0.0298706686241446 11.76
1177 0.02925704288871997 11.77
1178 0.02914899156151927 11.78
1179 0.02902299263137445 11.79
1180 0.02881986391451029 11.8
1181 0.02829242477074946 11.81
1182 0.02761857254813771 11.82
1183 0.02679844419334089 11.83
1184 0.02622850413597405 11.84
1185 0.02556515695337927 11.85
1186 0.02475007766593151 11.86
1187 0.02405271471725146 11.87
1188 0.02349768653081494 11.88
1189 0.02309392674002272 11.89
1190 0.02237527623133354 11.9
1191 0.02177591492281897 11.91
1192 0.02116740427023391 11.92
1193 0.02065972977253058 11.93
1194 0.02020485482523011 11.94
1195 0.01978500705019813 11.95
1196 0.01935822397409251 11.96
1197 0.01893885256761164 11.97
1198 0.01844898400629293 11.98
1199 0.01795958145547459 11.99
1200 0.01736129516395153 12
1201 0.01697791460519817 12.01
1202 0.01658287122109547 12.02
1203 0.01617407791966623 12.03
1204 0.0157533022399472 12.04
1205 0.01525376940491917 12.05
1206 0.01467449909544466 12.06
1207 0.01424940302266606 12.07
1208 0.01386886882802145 12.08
1209 0.01358773941139411 12.09
1210 0.01331145887463182 12.1
1211 0.01312408362688854 12.11
1212 0.01283203641040601 12.12
1213 0.01258191756724872 12.13
1214 0.01210217252837115 12.14
1215 0.01144090768996592 12.15
1216 0.01073634041568867 12.16
1217 0.01016738598010383 12.17
1218 0.009695270806640954 12.18
1219 0.009318811853800554 12.19
1220 0.00912143670921968 12.2
1221 0.008815931363277726 12.21
1222 0.008461818950205757 12.22
1223 0.008094851569633479 12.23
1224 0.00783953217237221 12.24
1225 0.007537868721280691 12.25
1226 0.007301851942963483 12.26
1227 0.006973410205516575 12.27
1228 0.006595249212911505 12.28
1229 0.0061475240466137 12.29
1230 0.005881234885315764 12.3
1231 0.005562872421474449 12.31
1232 0.00562582443975608 12.32
1233 0.00561745294948518 12.33
1234 0.005546701006344912 12.34
1235 0.005297680083994116 12.35
1236 0.004998978759698097 12.36
1237 0.004593428615093403 12.37
1238 0.004208555487853746 12.38
1239 0.003665748116073259 12.39
1240 0.00337213842086162 12.4
1241 0.003108672299127854 12.41
1242 0.002793997206926566 12.42
1243 0.002298881175444398 12.43
1244 0.001953114744647183 12.44
1245 0.001670892667705565 12.45
1246 0.001352221459322345 12.46
1247 0.001126948745825224 12.47
1248 0.00101329017564325 12.48
1249 0.0007821262224987635 12.49
1250 0.0007110350008149441 12.5
1251 0.0006256170424739638 12.51
1252 0.000478301103123524 12.52
1253 0.0002566755450994773 12.53
1254 -4.770106866017199e-05 12.54
1255 -0.0003540922043270139 12.55
1256 -0.0006118917268321117 12.56
1257 -0.0008510734311035079 12.57
1258 -0.0009237632259312401 12.58
1259 -0.0009759236874385263 12.59
1260 -0.001216018008769137 12.6
1261 -0.001474652177136687 12.61
1262 -0.001821805862479084 12.62
1263 -0.002354571744655559 12.63
1264 -0.002640661535777494 12.64
1265 -0.003103933372192114 12.65
1266 -0.003350328539521996 12.66
1267 -0.003514474340378729 12.67
1268 -0.003630454877744119 12.68
1269 -0.003600636911508567 12.69
1270 -0.0034218604131981 12.7
1271 -0.003271337308963299 12.71
1272 -0.003242565284086604 12.72
1273 -0.003181208267483929 12.73
1274 -0.003084416556673727 12.74
1275 -0.003150542547895485 12.75
1276 -0.003509150442292469 12.76
1277 -0.003926525733010125 12.77
1278 -0.004354587686989889 12.78
1279 -0.004744052750633804 12.79
1280 -0.00503365602319901 12.8
1281 -0.0052051654146162 12.81
1282 -0.005151126200593506 12.82
1283 -0.005101489217839858 12.83
1284 -0.004983358842368668 12.84
1285 -0.004885840389956611 12.85
1286 -0.004712232258847329 12.86
1287 -0.004684470644216676 12.87
1288 -0.004636387767723876 12.88
1289 -0.004562346430437958 12.89
1290 -0.004569563679140021 12.9
1291 -0.004661531086385035 12.91
1292 -0.004791166389168072 12.92
1293 -0.004950445806278028 12.93
1294 -0.005279307608342512 12.94
1295 -0.005337799891916017 12.95
1296 -0.005293930681141701 12.96
1297 -0.005245792232486682 12.97
1298 -0.005044399085553153 12.98
1299 -0.004934574340149364 12.99
1300 -0.004899337534245693 13
1301 -0.004878736403936573 13.01
1302 -0.004707784175711674 13.02
1303 -0.004670273519312693 13.03
1304 -0.004704283196373157 13.04
1305 -0.004748176280414615 13.05
1306 -0.004714459116437891 13.06
1307 -0.004676244397663079 13.07
1308 -0.004567134468151643 13.08
1309 -0.00444522202857861 13.09
1310 -0.004328877475273177 13.1
1311 -0.00426944726015735 13.11
1312 -0.004302084357220098 13.12
1313 -0.004344250850416273 13.13
1314 -0.004281684731043317 13.14
1315 -0.004228038927249725 13.15
1316 -0.004230417729350483 13.16
1317 -0.004164741528020849 13.17
1318 -0.004099568890705188 13.18
1319 -0.003975432005304702 13.19
1320 -0.003799152919123597 13.2
1321 -0.003588052545973136 13.21
1322 -0.003393120446993525 13.22
1323 -0.003354964146149886 13.23
1324 -0.003207701537566082 13.24
1325 -0.00318497500960141 13.25
1326 -0.003068038029502354 13.26
1327 -0.002984217684293744 13.27
1328 -0.002923879733748316 13.28
1329 -0.00279676026013044 13.29
1330 -0.002706666125468354 13.3
1331 -0.002669996077150821 13.31
1332 -0.002601847328112888 13.32
1333 -0.002616673159629462 13.33
1334 -0.002522078138322184 13.34
1335 -0.002426384046918209 13.35
1336 -0.002319965497884449 13.36
1337 -0.002182647030944826 13.37
1338 -0.002177773459043492 13.38
1339 -0.002182254691295363 13.39
1340 -0.002118292816629203 13.4
1341 -0.002049236956591274 13.41
1342 -0.001938374068121168 13.42
1343 -0.001795624299375728 13.43
1344 -0.001506298685348531 13.44
1345 -0.001260810259965148 13.45
1346 -0.00103681591073726 13.46
1347 -0.0008324190244787671 13.47
1348 -0.0006906963523374138 13.48
1349 -0.0006197547812041432 13.49
1350 -0.0003649704341454341 13.5
1351 -0.0002376038426124966 13.51
1352 -6.256913407719222e-05 13.52
1353 6.202159617273162e-05 13.53
1354 0.000271748956252052 13.54
1355 0.0003488454370629279 13.55
1356 0.0004175347247459271 13.56
1357 0.0005048702842913033 13.57
1358 0.0005735974836847124 13.58
1359 0.000665846071415746 13.59
1360 0.000842371942399639 13.6
1361 0.0009661704807674976 13.61
1362 0.001055755582502524 13.62
1363 0.0011778847943332 13.63
1364 0.001244702118110758 13.64
1365 0.001401729155471168 13.65
1366 0.00157109282654358 13.66
1367 0.001803077499369365 13.67
1368 0.002034700945939258 13.68
1369 0.002272016981094735 13.69
1370 0.002420077373825005 13.7
1371 0.002650951049763303 13.71
1372 0.002808002495691408 13.72
1373 0.003139049245464584 13.73
1374 0.003413679912251735 13.74
1375 0.003438842521636037 13.75
1376 0.003515898241592874 13.76
1377 0.003630958293707853 13.77
1378 0.003834918693497821 13.78
1379 0.004078385613747529 13.79
1380 0.004280180376182288 13.8
1381 0.004537683805881071 13.81
1382 0.004804822400880648 13.82
1383 0.005104195535414788 13.83
1384 0.005408168664506705 13.84
1385 0.00560391088761357 13.85
1386 0.005773796546002449 13.86
1387 0.005856796337029804 13.87
1388 0.005963869842527503 13.88
1389 0.006034380521292432 13.89
1390 0.006078124700185927 13.9
1391 0.006133810631620301 13.91
1392 0.006312199595777307 13.92
1393 0.006540811612865891 13.93
1394 0.006897567275808564 13.94
1395 0.007124176772186477 13.95
1396 0.007450196082780622 13.96
1397 0.007742684923331328 13.97
1398 0.008151165481798117 13.98
1399 0.008438737118669368 13.99
1400 0.008683857024494715 14
1401 0.008838754336448734 14.01
1402 0.008936165103241023 14.02
1403 0.008859264536135891 14.03
1404 0.008916162651696702 14.04
1405 0.00898161444118456 14.05
1406 0.008983977566806023 14.06
1407 0.009099608393576167 14.07
1408 0.009289757162095666 14.08
1409 0.009506183352165506 14.09
1410 0.009870599188018941 14.1
1411 0.01009520551067336 14.11
1412 0.01040723047740312 14.12
1413 0.01061780056233093 14.13
1414 0.010823393533246 14.14
1415 0.01105527014715746 14.15
1416 0.01126842536886667 14.16
1417 0.01144794985310424 14.17
1418 0.01170965026533405 14.18
1419 0.01190602652631763 14.19
1420 0.01206342876152471 14.2
1421 0.01212680669613064 14.21
1422 0.0121726626692383 14.22
1423 0.01227167436588578 14.23
1424 0.01243206314845098 14.24
1425 0.01250076122023926 14.25
1426 0.01263226397633223 14.26
1427 0.01277202335367647 14.27
1428 0.01299948812756731 14.28
1429 0.01323662520043373 14.29
1430 0.01347803989907267 14.3
1431 0.01386915363695615 14.31
1432 0.01410553888224628 14.32
1433 0.01435413468749767 14.33
1434 0.01459658295077927 14.34
1435 0.01484510342874164 14.35
1436 0.01506525491798143 14.36
1437 0.01533453771310993 14.37
1438 0.0155691196701125 14.38
1439 0.01593504914680094 14.39
1440 0.01624994271582479 14.4
1441 0.01653254696870628 14.41
1442 0.01678585852951864 14.42
1443 0.01691283247344862 14.43
1444 0.01704705896156385 14.44
1445 0.01709352663831379 14.45
1446 0.01722041232031631 14.46
1447 0.01738913299992607 14.47
1448 0.01757950549641378 14.48
1449 0.01780477340821929 14.49
1450 0.01798131244297138 14.5
1451 0.01818637326590472 14.51
1452 0.01847264274416623 14.52
1453 0.01879530967243488 14.53
1454 0.01907541126960872 14.54
1455 0.01927931476004641 14.55
1456 0.01943343591068078 14.56
1457 0.01962079457987445 14.57
1458 0.01983920023866409 14.58
1459 0.02008202410431177 14.59
1460 0.02032219310302523 14.6
1461 0.02054790196844583 14.61
1462 0.02081734293816116 14.62
1463 0.02103949204842234 14.63
1464 0.02118155609008628 14.64
1465 0.02130108664402225 14.65
1466 0.0214292057635378 14.66
1467 0.02145176785474973 14.67
1468 0.02146512210970357 14.68
1469 0.0215277587175577 14.69
1470 0.02168460727474292 14.7
1471 0.02180046904002646 14.71
1472 0.02202772911102555 14.72
1473 0.02225958819414633 14.73
1474 0.02256517090656435 14.74
1475 0.02272675624664422 14.75
1476 0.02280854482458503 14.76
1477 0.02297099531972388 14.77
1478 0.02312636612265255 14.78
1479 0.02331204499884552 14.79
1480 0.02350410412778378 14.8
1481 0.02352241203565698 14.81
1482 0.0234988796001141 14.82
1483 0.02355352214866079 14.83
1484 0.02361217802941433 14.84
1485 0.02355130565113533 14.85
1486 0.02358226628883536 14.86
1487 0.02356561784404823 14.87
1488 0.02337047764238351 14.88
1489 0.02334379462611844 14.89
1490 0.02336593782028977 14.9
1491 0.02348313235876767 14.91
1492 0.02352222726314727 14.92
1493 0.0235623515266196 14.93
1494 0.02361348262208743 14.94
1495 0.02359694679389424 14.95
1496 0.02358866996226573 14.96
1497 0.02362884982044941 14.97
1498 0.02362681828229547 14.98
1499 0.02359932844263871 14.99
1500 0.02355096592824195 15
1501 0.02349974066119699 15.01
1502 0.0233558989581604 15.02
1503 0.02328383689053078 15.03
1504 0.02306924003572672 15.04
1505 0.02289368440185068 15.05
1506 0.02280602480748341 15.06
1507 0.0226432462446383 15.07
1508 0.02255349160789709 15.08
1509 0.02246955125622051 15.09
1510 0.02240082840980129 15.1
1511 0.02232728093449607 15.11
1512 0.02222781139757002 15.12
1513 0.02213073625871606 15.13
1514 0.02193527266978536 15.14
1515 0.02195948059797011 15.15
1516 0.02195431095404127 15.16
1517 0.02190444992212054 15.17
1518 0.02182088825500325 15.18
1519 0.02163720554666601 15.19
1520 0.0214994814509064 15.2
1521 0.02126553291605793 15.21
1522 0.02114120388788616 15.22
1523 0.02099036821791189 15.23
1524 0.02078337774324551 15.24
1525 0.02045660875776066 15.25
1526 0.02011970451205818 15.26
1527 0.01984463400240288 15.27
1528 0.01960921588374953 15.28
1529 0.01955729155229073 15.29
1530 0.01945890608778997 15.3
1531 0.01923350248559139 15.31
1532 0.01900325358963298 15.32
1533 0.01874157010152967 15.33
1534 0.01855339253551869 15.34
1535 0.01834733607415569 15.35
1536 0.01820469704971124 15.36
1537 0.01810593005510866 15.37
1538 0.01801541153983284 15.38
1539 0.01797674079192829 15.39
1540 0.01778373610301846 15.4
1541 0.01757542502623063 15.41
1542 0.01725744130363423 15.42
1543 0.01687374917326384 15.43
1544 0.01658753542879456 15.44
1545 0.01627512046432666 15.45
1546 0.01596669904568407 15.46
1547 0.01572479702870103 15.47
1548 0.01545110430417902 15.48
1549 0.01514817605185602 15.49
1550 0.01495544193280168 15.5
1551 0.01485052493027478 15.51
1552 0.0146581121448067 15.52
1553 0.01434463917597066 15.53
1554 0.01399637953473004 15.54
1555 0.01367572544422463 15.55
1556 0.01340107731055902 15.56
1557 0.0131714509322849 15.57
1558 0.01293956440574347 15.58
1559 0.01269217424253991 15.59
1560 0.0122400796725725 15.6
1561 0.01202168082301841 15.61
1562 0.01175992612343989 15.62
1563 0.01137394908553863 15.63
1564 0.01101027887430099 15.64
1565 0.01068385425996808 15.65
1566 0.01037145773228769 15.66
1567 0.009921469603864502 15.67
1568 0.009565610102351768 15.68
1569 0.00921698707535834 15.69
1570 0.008782884984755615 15.7
1571 0.008414586822349482 15.71
1572 0.008161917999908563 15.72
1573 0.007892811392978524 15.73
1574 0.007546816937138587 15.74
1575 0.007247772454376925 15.75
1576 0.006954469544783487 15.76
1577 0.006471926964960684 15.77
1578 0.006091458227827057 15.78
1579 0.005711160118966621 15.79
1580 0.005383486256654232 15.8
1581 0.005085031933068224 15.81
1582 0.004688725678726344 15.82
1583 0.004397740598881969 15.83
1584 0.004187060264820922 15.84
1585 0.003685847009641238 15.85
1586 0.003254129445982246 15.86
1587 0.002870983675377151 15.87
1588 0.002428040168797219 15.88
1589 0.00210627352935995 15.89
1590 0.001811330281362419 15.9
1591 0.001491542557752398 15.91
1592 0.001318975474405001 15.92
1593 0.001019851147062906 15.93
1594 0.000759114081361395 15.94
1595 0.0004221431686509541 15.95
1596 2.089414034549264e-05 15.96
1597 -0.000407483000470929 15.97
1598 -0.0007567805640626146 15.98
1599 -0.001066669927126271 15.99
1600 -0.00141230103308837 16
1601 -0.001704858608861951 16.01
1602 -0.001954420399466944 16.02
1603 -0.002237844019634186 16.03
1604 -0.002563335259685467 16.04
1605 -0.002680985346047424 16.05
1606 -0.002899975120600765 16.06
1607 -0.003153710653187217 16.07
1608 -0.003436366855788797 16.08
1609 -0.003818806914079778 16.09
1610 -0.004213746747695951 16.1
1611 -0.004627267297793045 16.11
1612 -0.004844107702395101 16.12
1613 -0.005068429288355408 16.13
1614 -0.005337618428707655 16.14
1615 -0.005603934083214385 16.15
1616 -0.005873033264930189 16.16
1617 -0.006050031719797844 16.17
1618 -0.006441000954780354 16.18
1619 -0.00666019924486741 16.19
1620 -0.006921971027223084 16.2
1621 -0.007125527202539242 16.21
1622 -0.007311576744995829 16.22
1623 -0.007405275529034194 16.23
1624 -0.007577463194625544 16.24
1625 -0.007696376194831649 16.25
1626 -0.007880081172818874 16.26
1627 -0.008296030589750633 16.27
1628 -0.008575277365682088 16.28
1629 -0.008825908568062542 16.29
1630 -0.009064211856129357 16.3
1631 -0.009365934224081322 16.31
1632 -0.009547459460089086 16.32
1633 -0.009738967979929639 16.33
1634 -0.009859298401139222 16.34
1635 -0.0100863164880433 16.35
1636 -0.01035964484854875 16.36
1637 -0.01059760485287249 16.37
1638 -0.01078028062336263 16.38
1639 -0.01079802673309106 16.39
1640 -0.01085546960600485 16.4
1641 -0.01089030821729577 16.41
1642 -0.01094887138185829 16.42
1643 -0.01106910669734133 16.43
1644 -0.01112676845452202 16.44
1645 -0.01124946054499001 16.45
1646 -0.01132464034301531 16.46
1647 -0.0114201648140858 16.47
1648 -0.01154454516790643 16.48
1649 -0.01162161048770303 16.49
1650 -0.01171040793774002 16.5
1651 -0.0118372632933928 16.51
1652 -0.01191856925612407 16.52
1653 -0.01203589533084591 16.53
1654 -0.01212991384409304 16.54
1655 -0.01223093404665672 16.55
1656 -0.01231773362310636 16.56
1657 -0.01248216584716386 16.57
1658 -0.01281165266794672 16.58
1659 -0.0129741239166529 16.59
1660 -0.0131056100062501 16.6
1661 -0.01314082906040485 16.61
1662 -0.01316085793578328 16.62
1663 -0.01325414714738764 16.63
1664 -0.01307677400504944 16.64
1665 -0.01284473099894722 16.65
1666 -0.0127524225851204 16.66
1667 -0.01285146882174272 16.67
1668 -0.01304945342405568 16.68
1669 -0.01328153090464111 16.69
1670 -0.01346440221873154 16.7
1671 -0.01364888546957715 16.71
1672 -0.01383740295992342 16.72
1673 -0.01393408831797201 16.73
1674 -0.01405048490898531 16.74
1675 -0.01414978302334417 16.75
1676 -0.01418738089629033 16.76
1677 -0.01423858314353421 16.77
1678 -0.01428135754063598 16.78
1679 -0.01420590041862368 16.79
1680 -0.0141347952975355 16.8
1681 -0.01420493619566771 16.81
1682 -0.01425611972380338 16.82
1683 -0.01429965300433342 16.83
1684 -0.01438190001749021 16.84
1685 -0.01430864822476978 16.85
1686 -0.01439774241533233 16.86
1687 -0.01435914268761114 16.87
1688 -0.01433215535098462 16.88
1689 -0.01442180707109422 16.89
1690 -0.01463245609940195 16.9
1691 -0.01476449198985926 16.91
1692 -0.01489742049121081 16.92
1693 -0.01491366257150886 16.93
1694 -0.01488646478464795 16.94
1695 -0.01489187020771793 16.95
1696 -0.01490415509023899 16.96
1697 -0.01490277584648737 16.97
1698 -0.01495814417064562 16.98
1699 -0.01500744994208225 16.99
1700 -0.01502212346888909 17
1701 -0.01506976097148202 17.01
1702 -0.01514759189284376 17.02
1703 -0.01508692811700357 17.03
1704 -0.01520165654987003 17.04
1705 -0.0153037027176349 17.05
1706 -0.01528025447816568 17.06
1707 -0.01525936903229418 17.07
1708 -0.01516244344535989 17.08
1709 -0.01504420909593721 17.09
1710 -0.01504059080923965 17.1
1711 -0.01512517540597514 17.11
1712 -0.01523150656680632 17.12
1713 -0.01533218498708359 17.13
1714 -0.01536439178629466 17.14
1715 -0.01545168815007168 17.15
1716 -0.01555236371789915 17.16
1717 -0.01561335238111967 17.17
1718 -0.01566078665325252 17.18
1719 -0.01566078415787961 17.19
1720 -0.01562118093455607 17.2
1721 -0.01555209175059081 17.21
1722 -0.01554306985483555 17.22
1723 -0.01552714622534526 17.23
1724 -0.01549627343557933 17.24
1725 -0.01547410415183927 17.25
1726 -0.01539787228604784 17.26
1727 -0.01533461462651355 17.27
1728 -0.01522760374051141 17.28
1729 -0.01517599017416663 17.29
1730 -0.01525951514116744 17.3
1731 -0.01533448603045049 17.31
1732 -0.01526538672848421 17.32
1733 -0.01522604843590417 17.33
1734 -0.0151155432394076 17.34
1735 -0.01499786289433722 17.35
1736 -0.0149178863103866 17.36
1737 -0.0148287175188271 17.37
1738 -0.01482597115237276 17.38
1739 -0.01474467842456197 17.39
1740 -0.01465494710665761 17.4
1741 -0.01460204152395339 17.41
1742 -0.01459224699470486 17.42
1743 -0.01455324231367857 17.43
1744 -0.01443053947300454 17.44
1745 -0.01434085396129945 17.45
1746 -0.01430666312860477 17.46
1747 -0.01432372270557118 17.47
1748 -0.01433481112557833 17.48
1749 -0.01427080396813104 17.49
1750 -0.01411549215378943 17.5
1751 -0.01397340049738119 17.51
1752 -0.01386282584636461 17.52
1753 -0.01376311621714042 17.53
1754 -0.0136949802999006 17.54
1755 -0.01368289091407045 17.55
1756 -0.0136837105397604 17.56
1757 -0.01354301662769164 17.57
1758 -0.01342944035628635 17.58
1759 -0.01345598213437944 17.59
1760 -0.01348441612109404 17.6
1761 -0.01343612642188818 17.61
1762 -0.01336739637936697 17.62
1763 -0.01327559404417952 17.63
1764 -0.01316770394381587 17.64
1765 -0.01305874534113939 17.65
1766 -0.01290140504461719 17.66
1767 -0.01280137859845207 17.67
1768 -0.01269432457091073 17.68
1769 -0.01255257415806581 17.69
1770 -0.01241758196435726 17.7
1771 -0.01240068461959372 17.71
1772 -0.01237863162191513 17.72
1773 -0.01233438682743876 17.73
1774 -0.01237934882845176 17.74
1775 -0.01245946687010283 17.75
1776 -0.01253316694281802 17.76
1777 -0.01255307065510983 17.77
1778 -0.01253060494490143 17.78
1779 -0.01244488303400416 17.79
1780 -0.01234257627965268 17.8
1781 -0.01223624195234881 17.81
1782 -0.01221499532287997 17.82
1783 -0.01219908608022902 17.83
1784 -0.01212073221175198 17.84
1785 -0.01197230030196435 17.85
1786 -0.01190950447856409 17.86
1787 -0.01189858794731184 17.87
1788 -0.01171918311593986 17.88
1789 -0.01166307347997565 17.89
1790 -0.01155087691826766 17.9
1791 -0.01145090368204166 17.91
1792 -0.01121811006798065 17.92
1793 -0.01111502665484054 17.93
1794 -0.0111135151084262 17.94
1795 -0.01108338091638286 17.95
1796 -0.01100794984553971 17.96
1797 -0.0110359226436134 17.97
1798 -0.01109369839088854 17.98
1799 -0.01115145425428322 17.99
1800 -0.01115000028967265 18
1801 -0.01113864259699662 18.01
1802 -0.01106058175683027 18.02
1803 -0.01099813335644768 18.03
1804 -0.0109340559604669 18.04
1805 -0.01083505898714508 18.05
1806 -0.01067025675761341 18.06
1807 -0.010503978638958 18.07
1808 -0.01041051815533998 18.08
1809 -0.01032617498666628 18.09
1810 -0.01031997226868923 18.1
1811 -0.01025645961798669 18.11
1812 -0.0102202613410829 18.12
1813 -0.01020902772470578 18.13
1814 -0.01018008550725574 18.14
1815 -0.0101382118310184 18.15
1816 -0.0100696480847641 18.16
1817 -0.009936936165939318 18.17
1818 -0.0098209666117599 18.18
1819 -0.009712748335875029 18.19
1820 -0.009618233752743358 18.2
1821 -0.009589813776175973 18.21
1822 -0.009520947534617921 18.22
1823 -0.009480086099668862 18.23
1824 -0.009449837279977252 18.24
1825 -0.009414693360344062 18.25
1826 -0.009351978243200706 18.26
1827 -0.009292849687134869 18.27
1828 -0.009207923408050572 18.28
1829 -0.009133261135899406 18.29
1830 -0.009102758249658227 18.3
1831 -0.009047569464417704 18.31
1832 -0.008969715318313323 18.32
1833 -0.008867063835231642 18.33
1834 -0.008743861034082229 18.34
1835 -0.008645706465157277 18.35
1836 -0.008548641637882978 18.36
1837 -0.00838404776267998 18.37
1838 -0.008256516947109535 18.38
1839 -0.0081626976551845 18.39
1840 -0.008113133593310021 18.4
1841 -0.008093033439926081 18.41
1842 -0.008044237615119451 18.42
1843 -0.00805111098861791 18.43
1844 -0.007998979805532672 18.44
1845 -0.008037082828601869 18.45
1846 -0.008063194800708273 18.46
1847 -0.008002732885030256 18.47
1848 -0.007973871940901989 18.48
1849 -0.007940959105370959 18.49
1850 -0.007860074738975126 18.5
1851 -0.007795608093852935 18.51
1852 -0.007785811517635632 18.52
1853 -0.00778967336785874 18.53
1854 -0.007773453619051796 18.54
1855 -0.007818159187660906 18.55
1856 -0.007812208349365385 18.56
1857 -0.007775242080156203 18.57
1858 -0.007576696836942926 18.58
1859 -0.007404042188508958 18.59
1860 -0.007298554829904227 18.6
1861 -0.007218951040429966 18.61
1862 -0.007178228385708266 18.62
1863 -0.00722305052983814 18.63
1864 -0.007363095685286244 18.64
1865 -0.00741168873138448 18.65
1866 -0.007543602143855493 18.66
1867 -0.007667541059340366 18.67
1868 -0.00773267564466279 18.68
1869 -0.007747677726159766 18.69
1870 -0.007675349141008342 18.7
1871 -0.007615451021693725 18.71
1872 -0.007511660651302543 18.72
1873 -0.007403693281491916 18.73
1874 -0.007345800357113616 18.74
1875 -0.007313058762761768 18.75
1876 -0.007303474586625669 18.76
1877 -0.007388144581265355 18.77
1878 -0.007461783716083081 18.78
1879 -0.007520395847753311 18.79
1880 -0.007532200348927431 18.8
1881 -0.007463009059073752 18.81
1882 -0.007386604552376691 18.82
1883 -0.00737884250667907 18.83
1884 -0.007256834100898502 18.84
1885 -0.007222711146645466 18.85
1886 -0.007213574345099477 18.86
1887 -0.007226612937014515 18.87
1888 -0.007242803405101444 18.88
1889 -0.007241344845664827 18.89
1890 -0.007180777717752537 18.9
1891 -0.007166617939969561 18.91
1892 -0.007084348834546186 18.92
1893 -0.007006155523633567 18.93
1894 -0.006946033034692142 18.94
1895 -0.007065197444182519 18.95
1896 -0.007045195996933748 18.96
1897 -0.006997708681019135 18.97
1898 -0.007029036283419027 18.98
1899 -0.006998401669133916 18.99
1900 -0.0069405129827598 19
1901 -0.006960535381458202 19.01
1902 -0.006890346392485008 19.02
1903 -0.0067926574783439 19.03
1904 -0.006812659825136805 19.04
1905 -0.006815357968428998 19.05
1906 -0.006759436071209407 19.06
1907 -0.006714439664827307 19.07
1908 -0.00666905349004418 19.08
1909 -0.006636613047276016 19.09
1910 -0.006566211969577088 19.1
1911 -0.006524014883973417 19.11
1912 -0.006469824744151129 19.12
1913 -0.006256069179981547 19.13
1914 -0.006115647656865425 19.14
1915 -0.006051553727225684 19.15
1916 -0.00607271520811134 19.16
1917 -0.006109327915533369 19.17
1918 -0.006174015881622016 19.18
1919 -0.006276490400176193 19.19
1920 -0.006331891805995513 19.2
1921 -0.006395727840724452 19.21
1922 -0.006474845010184305 19.22
1923 -0.00650654725969034 19.23
1924 -0.006526852290966306 19.24
1925 -0.006546872336748819 19.25
1926 -0.006546046790545101 19.26
1927 -0.00648298285937593 19.27
1928 -0.006478121279497498 19.28
1929 -0.006465479913785141 19.29
1930 -0.006458821320206087 19.3
1931 -0.00643073593579048 19.31
1932 -0.006466557384143201 19.32
1933 -0.006512490801241333 19.33
1934 -0.006609699435219551 19.34
1935 -0.006584900463824025 19.35
1936 -0.0065638223175319 19.36
1937 -0.006560428866778392 19.37
1938 -0.006552303587669728 19.38
1939 -0.006569556781388333 19.39
1940 -0.006478604881493766 19.4
1941 -0.006545035421909762 19.41
1942 -0.006635879186492541 19.42
1943 -0.006727550075819322 19.43
1944 -0.00684389992848089 19.44
1945 -0.006938060182389558 19.45
1946 -0.00699198084668623 19.46
1947 -0.007088561259255041 19.47
1948 -0.007145122368698006 19.48
1949 -0.007192164923444377 19.49
1950 -0.007226749869839455 19.5
1951 -0.007264145694219321 19.51
1952 -0.007277653031023387 19.52
1953 -0.007298085638045224 19.53
1954 -0.007328438090705547 19.54
1955 -0.007339193913550007 19.55
1956 -0.007324483100401333 19.56
1957 -0.007347821422757958 19.57
1958 -0.007436466995093302 19.58
1959 -0.007499553119089453 19.59
1960 -0.007599525989615094 19.6
1961 -0.007737398855496666 19.61
1962 -0.007859143826051004 19.62
1963 -0.007934406899350099 19.63
1964 -0.008033884195434632 19.64
1965 -0.008101413031140661 19.65
1966 -0.008141820686560011 19.66
1967 -0.008191520522153259 19.67
1968 -0.008261868222358429 19.68
1969 -0.008307881882386556 19.69
1970 -0.008369744216649322 19.7
1971 -0.008468349604416017 19.71
1972 -0.00857505034959942 19.72
1973 -0.008640522763035854 19.73
1974 -0.00870375211167225 19.74
1975 -0.008766119845200898 19.75
1976 -0.0088787563298953 19.76
1977 -0.00903486179046728 19.77
1978 -0.009175933108104453 19.78
1979 -0.00933004565400098 19.79
1980 -0.009467762142140915 19.8
1981 -0.009590489646960285 19.81
1982 -0.009680478403229678 19.82
1983 -0.009790973885453191 19.83
1984 -0.009918053960794398 19.84
1985 -0.01008116427394692 19.85
1986 -0.01022702118496279 19.86
1987 -0.01035767197002924 19.87
1988 -0.01049390138878503 19.88
1989 -0.01060387035446658 19.89
1990 -0.01069169522393723 19.9
1991 -0.01077290471154112 19.91
1992 -0.01089194645374528 19.92
1993 -0.01103825773231343 19.93
1994 -0.01119161470996816 19.94
1995 -0.01129733006549995 19.95
1996 -0.01145722601537943 19.96
1997 -0.01159636999045311 19.97
1998 -0.01176584972094788 19.98
1999 -0.01192552330905443 19.99
2000 -0.01212447077301326 20
2001 -0.01229606384447796 20.01
2002 -0.01244221648245762 20.02
2003 -0.0125585519612765 20.03
2004 -0.01272203221673665 20.04
2005 -0.01284944790987856 20.05
2006 -0.01305160542136082 20.06
2007 -0.0132014564667581 20.07
2008 -0.01336463793157079 20.08
2009 -0.01353909946023089 20.09
2010 -0.01368685987011327 20.1
2011 -0.01383916168236629 20.11
2012 -0.0139850009072451 20.12
2013 -0.01409532927551591 20.13
2014 -0.01424991500850094 20.14
2015 -0.01445170109895211 20.15
2016 -0.01468102645419717 20.16
2017 -0.01485864597520765 20.17
2018 -0.0150898104645437 20.18
2019 -0.01536545486643341 20.19
2020 -0.01559285097334083 20.2
2021 -0.01592291555875253 20.21
2022 -0.01624011928946219 20.22
2023 -0.01650685863091489 20.23
2024 -0.01670098301571627 20.24
2025 -0.01682476787881598 20.25
2026 -0.01696977584649281 20.26
2027 -0.01709874761639928 20.27
2028 -0.01724314323958195 20.28
2029 -0.01736077797081294 20.29
2030 -0.01750505836159862 20.3
2031 -0.01764559996016721 20.31
2032 -0.01782437048247668 20.32
2033 -0.01803905703497975 20.33
2034 -0.01830347114757143 20.34
2035 -0.01854793896229457 20.35
2036 -0.01883226129159482 20.36
2037 -0.0190340609386301 20.37
2038 -0.01934285670390402 20.38
2039 -0.0196422771241074 20.39
2040 -0.01992454609284371 20.4
2041 -0.02016871212039909 20.41
2042 -0.02039583103453341 20.42
2043 -0.02060757494880315 20.43
2044 -0.02078394279622096 20.44
2045 -0.02094454277625051 20.45
2046 -0.02117248349920957 20.46
2047 -0.02140948859804433 20.47
2048 -0.02164995793762686 20.48
2049 -0.02189711649650024 20.49
2050 -0.02211731955329346 20.5
2051 -0.02231073539919341 20.51
2052 -0.0225155400666377 20.52
2053 -0.02279219195792632 20.53
2054 -0.02306184143039228 20.54
2055 -0.0233229042869556 20.55
2056 -0.02353478171154533 20.56
2057 -0.02374027865353132 20.57
2058 -0.02398380693379234 20.58
2059 -0.02413901287743523 20.59
2060 -0.02428646856328134 20.6
2061 -0.02445221001332801 20.61
2062 -0.02464916564626763 20.62
2063 -0.0248880593618407 20.63
2064 -0.02519875710372201 20.64
2065 -0.0254111039732505 20.65
2066 -0.02568367371429502 20.66
2067 -0.02606706362871906 20.67
2068 -0.02624597113840529 20.68
2069 -0.02646459587737944 20.69
2070 -0.02673893642587138 20.7
2071 -0.02693343258546751 20.71
2072 -0.02718322484036507 20.72
2073 -0.02735336657625107 20.73
2074 -0.02759649223079899 20.74
2075 -0.02778286777505111 20.75
2076 -0.02798005136140346 20.76
2077 -0.02811686305829031 20.77
2078 -0.02829590468999707 20.78
2079 -0.02840412999149306 20.79
2080 -0.02859328683830757 20.8
2081 -0.02870249095135746 20.81
2082 -0.0289457151162127 20.82
2083 -0.02911317742173945 20.83
2084 -0.02933872930329538 20.84
2085 -0.02959807166949159 20.85
2086 -0.02987666812755117 20.86
2087 -0.03015613502425342 20.87
2088 -0.03037253734602981 20.88
2089 -0.0305619811665313 20.89
2090 -0.03071180236274666 20.9
2091 -0.03090900579226602 20.91
2092 -0.03108460260896455 20.92
2093 -0.03125882409113695 20.93
2094 -0.0313780879834986 20.94
2095 -0.03148913953391135 20.95
2096 -0.03162123192455382 20.96
2097 -0.03175081615278334 20.97
2098 -0.03187383342431651 20.98
2099 -0.03201534890482857 20.99
2100 -0.03225095367332807 21
2101 -0.0325013002858365 21.01
2102 -0.03259855126332178 21.02
2103 -0.03276723815069285 21.03
2104 -0.03294254968692558 21.04
2105 -0.03303715174004283 21.05
2106 -0.03313869037164101 21.06
2107 -0.03326482989837181 21.07
2108 -0.03339324649555792 21.08
2109 -0.03355033920634433 21.09
2110 -0.03371546528327868 21.1
2111 -0.03397986183634499 21.11
2112 -0.03409651225713714 21.12
2113 -0.03434270849259646 21.13
2114 -0.03439670868111235 21.14
2115 -0.03458750809650052 21.15
2116 -0.03460513073870887 21.16
2117 -0.03458636726493409 21.17
2118 -0.03458958511872416 21.18
2119 -0.03472752661861155 21.19
2120 -0.03483725689360224 21.2
2121 -0.03495585956495975 21.21
2122 -0.03511883443349055 21.22
2123 -0.03527986585186764 21.23
2124 -0.03539130013301114 21.24
2125 -0.03541265059938921 21.25
2126 -0.03544169242124694 21.26
2127 -0.03563359803027959 21.27
2128 -0.03564453074074792 21.28
2129 -0.03569258084069858 21.29
2130 -0.03570586690709771 21.3
2131 -0.03572652783305862 21.31
2132 -0.0357696321383459 21.32
2133 -0.03579136272633108 21.33
2134 -0.0358271591825796 21.34
2135 -0.03579173986156312 21.35
2136 -0.03581666099297244 21.36
2137 -0.03581938881150676 21.37
2138 -0.03578720475673239 21.38
2139 -0.03578648485495459 21.39
2140 -0.03576748850909313 21.4
2141 -0.03573388126251664 21.41
2142 -0.03577645377053601 21.42
2143 -0.0357872809722405 21.43
2144 -0.0358042596824905 21.44
2145 -0.03573642079620407 21.45
2146 -0.03574151034362504 21.46
2147 -0.03569884966055476 21.47
2148 -0.03560457906173509 21.48
2149 -0.03541556810403142 21.49
2150 -0.03535803929185815 21.5
2151 -0.0352261588883651 21.51
2152 -0.03510710177296324 21.52
2153 -0.03509610225318871 21.53
2154 -0.03499654294259401 21.54
2155 -0.03489856884876905 21.55
2156 -0.0348601660901814 21.56
2157 -0.03483752275738369 21.57
2158 -0.03483950101617082 21.58
2159 -0.03483166435752807 21.59
2160 -0.03481075347294639 21.6
2161 -0.03454917523414373 21.61
2162 -0.03431639899886102 21.62
2163 -0.0341029721552686 21.63
2164 -0.03399205751715308 21.64
2165 -0.03385651312158729 21.65
2166 -0.03375129413630636 21.66
2167 -0.03363578808759052 21.67
2168 -0.03357785106956646 21.68
2169 -0.03355699782371701 21.69
2170 -0.03349026397938742 21.7
2171 -0.03337280908624919 21.71
2172 -0.03328863733561159 21.72
2173 -0.03323647421045439 21.73
2174 -0.03317965469100155 21.74
2175 -0.0330529209349053 21.75
2176 -0.03300146322036774 21.76
2177 -0.03301085778196963 21.77
2178 -0.03278027787742593 21.78
2179 -0.032639023472141 21.79
2180 -0.03255483914626579 21.8
2181 -0.03237800501259266 21.81
2182 -0.03215021255447471 21.82
2183 -0.03207959731194312 21.83
2184 -0.03181746221713909 21.84
2185 -0.03150672038256691 21.85
2186 -0.03120556270996719 21.86
2187 -0.03098053722130715 21.87
2188 -0.03085164618498445 21.88
2189 -0.0308593371670613 21.89
2190 -0.0308839631861989 21.9
2191 -0.03090351147226944 21.91
2192 -0.03088956528666685 21.92
2193 -0.03093298498715601 21.93
2194 -0.0309262716393543 21.94
2195 -0.03087266135877072 21.95
2196 -0.03075760035821175 21.96
2197 -0.03063709160851495 21.97
2198 -0.03040129429087001 21.98
2199 -0.03012382486655889 21.99
2200 -0.03000755414020281 22
2201 -0.0298672944823706 22.01
2202 -0.02981148233168395 22.02
2203 -0.02953334603504172 22.03
2204 -0.0294368193673601 22.04
2205 -0.02928877605860757 22.05
2206 -0.02918171816172613 22.06
2207 -0.02913494074534782 22.07
2208 -0.02901596830186123 22.08
2209 -0.0289258466849091 22.09
2210 -0.0288000423994042 22.1
2211 -0.02871998630917124 22.11
2212 -0.02859913367516805 22.12
2213 -0.0285089149173626 22.13
2214 -0.02835333487171096 22.14
2215 -0.02825275310258431 22.15
2216 -0.0281733469408141 22.16
2217 -0.0280373105045473 22.17
2218 -0.02786590104767827 22.18
2219 -0.02778885340949616 22.19
2220 -0.02777085010083143 22.2
2221 -0.0276642675712221 22.21
2222 -0.0275740099300313 22.22
2223 -0.02748482592768284 22.23
2224 -0.02735747624892541 22.24
2225 -0.02726750910297492 22.25
2226 -0.02715594374000707 22.26
2227 -0.02704139054743442 22.27
2228 -0.02691150399699083 22.28
2229 -0.02680626216678839 22.29
2230 -0.02669253692002217 22.3
2231 -0.02658136587040323 22.31
2232 -0.02647244385950197 22.32
2233 -0.02640282274001189 22.33
2234 -0.02631899278953548 22.34
2235 -0.02632673058882418 22.35
2236 -0.02630912605842738 22.36
2237 -0.02623880117297788 22.37
2238 -0.02627208930344997 22.38
2239 -0.02627725256576321 22.39
2240 -0.02626780395507324 22.4
2241 -0.02623155416455483 22.41
2242 -0.02614959575262393 22.42
2243 -0.02601875819191432 22.43
2244 -0.02586964080480421 22.44
2245 -0.02569145574610776 22.45
2246 -0.02549590332403357 22.46
2247 -0.02546119564703422 22.47
2248 -0.02532777126937723 22.48
2249 -0.02518313536747245 22.49
2250 -0.02509294701421449 22.5
2251 -0.02503104857865918 22.51
2252 -0.02498989532439601 22.52
2253 -0.02495886069117881 22.53
2254 -0.02492654520137986 22.54
2255 -0.02488952440675856 22.55
2256 -0.02469431785003058 22.56
2257 -0.02455344144742895 22.57
2258 -0.02453624888886163 22.58
2259 -0.02449945854892492 22.59
2260 -0.02454280400709064 22.6
2261 -0.02456270640886626 22.61
2262 -0.02456303593358248 22.62
2263 -0.02448843982799428 22.63
2264 -0.02446651118152524 22.64
2265 -0.02440963893582214 22.65
2266 -0.02438709813493287 22.66
2267 -0.02429002644278208 22.67
2268 -0.02420790726091968 22.68
2269 -0.02409964852767284 22.69
2270 -0.02395683526423244 22.7
2271 -0.02384458493511297 22.71
2272 -0.02372394131416779 22.72
2273 -0.02364204452520904 22.73
2274 -0.02351751790501364 22.74
2275 -0.02339098386576217 22.75
2276 -0.02333463561159242 22.76
2277 -0.02323842376408202 22.77
2278 -0.023102226003459 22.78
2279 -0.02299260605784341 22.79
2280 -0.02283492943141791 22.8
2281 -0.02273392736552125 22.81
2282 -0.02265212884328545 22.82
2283 -0.02256552680701564 22.83
2284 -0.02252370275930515 22.84
2285 -0.02243224824680592 22.85
2286 -0.02233220948036059 22.86
2287 -0.02225280626685223 22.87
2288 -0.02217546838528109 22.88
2289 -0.02211257436291669 22.89
2290 -0.02199491419465621 22.9
2291 -0.02189107172362297 22.91
2292 -0.02173586298937598 22.92
2293 -0.02168934709107542 22.93
2294 -0.02154492155094814 22.94
2295 -0.02142620275959965 22.95
2296 -0.02131213773643195 22.96
2297 -0.02117131663468302 22.97
2298 -0.02101467966677957 22.98
2299 -0.02094674908812687 22.99
2300 -0.02089400279650828 23
2301 -0.02076965520164824 23.01
2302 -0.02066879025141766 23.02
2303 -0.02054188880662472 23.03
2304 -0.02043320674520779 23.04
2305 -0.02032817162910992 23.05
2306 -0.02018406664821037 23.06
2307 -0.02004964364028747 23.07
2308 -0.01996905438931799 23.08
2309 -0.01986999216761168 23.09
2310 -0.0197784310534803 23.1
2311 -0.01964101651164401 23.11
2312 -0.01953560285566867 23.12
2313 -0.01937013692092451 23.13
2314 -0.01926199992933481 23.14
2315 -0.0191404686171556 23.15
2316 -0.01900062240060912 23.16
2317 -0.0188812335058045 23.17
2318 -0.01880264173169974 23.18
2319 -0.01874854337635878 23.19
2320 -0.01870245741236842 23.2
2321 -0.01863114076803423 23.21
2322 -0.01852992420169457 23.22
2323 -0.01847975781925267 23.23
2324 -0.01841412903224664 23.24
2325 -0.01831002696355667 23.25
2326 -0.01824805693673136 23.26
2327 -0.01818351330539299 23.27
2328 -0.01803190421896782 23.28
2329 -0.01784798588029656 23.29
2330 -0.01771533654041382 23.3
2331 -0.01759927985799217 23.31
2332 -0.01754783372641236 23.32
2333 -0.01749926279275212 23.33
2334 -0.01745103179846494 23.34
2335 -0.01742551962797616 23.35
2336 -0.01745137912068742 23.36
2337 -0.01742976196689701 23.37
2338 -0.01745865252312246 23.38
2339 -0.01741203319742735 23.39
2340 -0.01739751127400792 23.4
2341 -0.01735894802722601 23.41
2342 -0.01733613867719205 23.42
2343 -0.01729201288427696 23.43
2344 -0.01726225459715865 23.44
2345 -0.01713913448774167 23.45
2346 -0.01708283703778728 23.46
2347 -0.0171035054400209 23.47
2348 -0.0171158195493791 23.48
2349 -0.01716222625062037 23.49
2350 -0.0171087682423328 23.5
2351 -0.0170903388555224 23.51
2352 -0.01712118396561993 23.52
2353 -0.01715774188654882 23.53
2354 -0.01716942413186755 23.54
2355 -0.01718197321058171 23.55
2356 -0.01719562226493969 23.56
2357 -0.01717154543582498 23.57
2358 -0.01714398379196828 23.58
2359 -0.0171021994636205 23.59
2360 -0.01707090758879162 23.6
2361 -0.01708759867411128 23.61
2362 -0.01717044560117775 23.62
2363 -0.01728689863891497 23.63
2364 -0.01743609923124659 23.64
2365 -0.01751465973313778 23.65
2366 -0.01762590584392549 23.66
2367 -0.01773689769851503 23.67
2368 -0.01782169008311754 23.68
2369 -0.01791052628654344 23.69
2370 -0.01797492260785521 23.7
2371 -0.01805938663575146 23.71
2372 -0.01811459857464869 23.72
2373 -0.01814578095311301 23.73
2374 -0.01815595050452537 23.74
2375 -0.01811540087459759 23.75
2376 -0.01809711939706765 23.76
2377 -0.0181149344258071 23.77
2378 -0.01821424685093422 23.78
2379 -0.01827134236054032 23.79
2380 -0.01834371887856109 23.8
2381 -0.01849034528196827 23.81
2382 -0.01863909226986043 23.82
2383 -0.01880367548105653 23.83
2384 -0.01894747669493583 23.84
2385 -0.01910054642549651 23.85
2386 -0.01917543444859679 23.86
2387 -0.01924356409466656 23.87
2388 -0.01933553513506055 23.88
2389 -0.01944067634940186 23.89
2390 -0.01956042282581082 23.9
2391 -0.01969819398903529 23.91
2392 -0.0197887016090485 23.92
2393 -0.01992700117812221 23.93
2394 -0.02005554384637077 23.94
2395 -0.02019108943729096 23.95
2396 -0.02032371982954245 23.96
2397 -0.02047463190466477 23.97
2398 -0.02060391990577323 23.98
2399 -0.02076272036330241 23.99
2400 -0.02091672493541737 24
2401 -0.02101497484755698 24.01
2402 -0.02110317417309115 24.02
2403 -0.02119683056827849 24.03
2404 -0.0212781625893513 24.04
2405 -0.0213614092263309 24.05
2406 -0.02144768874941311 24.06
2407 -0.02151484615588865 24.07
2408 -0.0215910148210523 24.08
2409 -0.02174533339434977 24.09
2410 -0.02192248229788275 24.1
2411 -0.02205106526132827 24.11
2412 -0.02220413660289805 24.12
2413 -0.0223558948366111 24.13
2414 -0.02248506852933224 24.14
2415 -0.02261323022903578 24.15
2416 -0.02271680768265046 24.16
2417 -0.02282736447342999 24.17
2418 -0.02294506405080554 24.18
2419 -0.02303682050133661 24.19
2420 -0.02312408678941998 24.2
2421 -0.02317015390377317 24.21
2422 -0.02329017056174716 24.22
2423 -0.02345008153667081 24.23
2424 -0.02359921445277337 24.24
2425 -0.02377457466110085 24.25
2426 -0.02395154821503653 24.26
2427 -0.02409101273487942 24.27
2428 -0.02414898971765113 24.28
2429 -0.02410520162392818 24.29
2430 -0.02410738188371123 24.3
2431 -0.02414159037662457 24.31
2432 -0.02420873256511798 24.32
2433 -0.02430776130394428 24.33
2434 -0.02441947333629192 24.34
2435 -0.02454153794627341 24.35
2436 -0.024685670548172 24.36
2437 -0.02480211879449892 24.37
2438 -0.02488371350829197 24.38
2439 -0.02503868662920974 24.39
2440 -0.02511069680332532 24.4
2441 -0.0251737933311442 24.41
2442 -0.02525413094808625 24.42
2443 -0.02537916117049984 24.43
2444 -0.02545621851313674 24.44
2445 -0.02552547423514772 24.45
2446 -0.02556894754196255 24.46
2447 -0.02564311750455923 24.47
2448 -0.02564226022930256 24.48
2449 -0.02567267810231029 24.49
2450 -0.02569891384559506 24.5
2451 -0.02585357051584029 24.51
2452 -0.02595692516225244 24.52
2453 -0.02602609699504886 24.53
2454 -0.02610136770347782 24.54
2455 -0.02616802002564456 24.55
2456 -0.02632576794942107 24.56
2457 -0.02648303598348328 24.57
2458 -0.02659401807264651 24.58
2459 -0.02668136384287467 24.59
2460 -0.02671706763799298 24.6
2461 -0.02673417483237138 24.61
2462 -0.02673888943972238 24.62
2463 -0.02674798549340396 24.63
2464 -0.02673316370633653 24.64
2465 -0.02674643435807407 24.65
2466 -0.02674149032918707 24.66
2467 -0.02673103693798707 24.67
2468 -0.02674653700684233 24.68
2469 -0.02678911478956605 24.69
2470 -0.02688041757463941 24.7
2471 -0.02696663582841222 24.71
2472 -0.02712786566883183 24.72
2473 -0.0271959889158316 24.73
2474 -0.02729085892181815 24.74
2475 -0.02745391519840078 24.75
2476 -0.02757925109688961 24.76
2477 -0.02759354699141538 24.77
2478 -0.02759342688369987 24.78
2479 -0.02760767926979257 24.79
2480 -0.02759814481095624 24.8
2481 -0.02750420700678957 24.81
2482 -0.02741187690067963 24.82
2483 -0.0273730466041739 24.83
2484 -0.02751043217118944 24.84
2485 -0.02761553332479628 24.85
2486 -0.02757679096302147 24.86
2487 -0.02751449327366993 24.87
2488 -0.02751656130851243 24.88
2489 -0.02763914946945012 24.89
2490 -0.02763399177557179 24.9
2491 -0.02763770458431426 24.91
2492 -0.02765937501494216 24.92
2493 -0.02774221521517039 24.93
2494 -0.02779040887480599 24.94
2495 -0.02776854630632165 24.95
2496 -0.02768770074836813 24.96
2497 -0.02750979484202518 24.97
2498 -0.02741199938867926 24.98
2499 -0.02739280629821243 24.99
2500 -0.0273336514158292 25
2501 -0.02722574158114627 25.01
2502 -0.02709907778633722 25.02
2503 -0.02707251970280118 25.03
2504 -0.02701869314758909 25.04
2505 -0.0269524543424703 25.05
2506 -0.02692990810769211 25.06
2507 -0.02691115414606977 25.07
2508 -0.0268083437268198 25.08
2509 -0.02680398188877091 25.09
2510 -0.0267460871400796 25.1
2511 -0.02663450344857688 25.11
2512 -0.02652459817320823 25.12
2513 -0.02644570042954401 25.13
2514 -0.02637551932214133 25.14
2515 -0.02641174501879107 25.15
2516 -0.02633694755723019 25.16
2517 -0.02629623412926163 25.17
2518 -0.0262330519302623 25.18
2519 -0.02605852009413739 25.19
2520 -0.02599441558643782 25.2
2521 -0.02590320378009514 25.21
2522 -0.02580138968850216 25.22
2523 -0.02574087649419946 25.23
2524 -0.02573352671718927 25.24
2525 -0.0257010640766543 25.25
2526 -0.02565576261915736 25.26
2527 -0.02554983429710959 25.27
2528 -0.02548079161066107 25.28
2529 -0.02545625037097143 25.29
2530 -0.02531341982658739 25.3
2531 -0.02518847894380767 25.31
2532 -0.02507404366872198 25.32
2533 -0.02501096230141425 25.33
2534 -0.02493363376955717 25.34
2535 -0.02487506551078118 25.35
2536 -0.02482352017145023 25.36
2537 -0.02482030619261884 25.37
2538 -0.0248087513467089 25.38
2539 -0.02484136569726289 25.39
2540 -0.02482615057064427 25.4
2541 -0.02476111537555948 25.41
2542 -0.02468927321080121 25.42
2543 -0.0246043932962773 25.43
2544 -0.02457426462481291 25.44
2545 -0.02448015906825338 25.45
2546 -0.02434550076248808 25.46
2547 -0.02422218187699629 25.47
2548 -0.02428317169295301 25.48
2549 -0.02436639754620162 25.49
2550 -0.02427019085995687 25.5
2551 -0.02414433421165853 25.51
2552 -0.0239938366298251 25.52
2553 -0.02391485195341399 25.53
2554 -0.02372856140887675 25.54
2555 -0.02349469923745398 25.55
2556 -0.02325397182506608 25.56
2557 -0.02317071550860354 25.57
2558 -0.02300899986460173 25.58
2559 -0.02287275604427661 25.59
2560 -0.02283428924719554 25.6
2561 -0.02288434807753058 25.61
2562 -0.02288533818409756 25.62
2563 -0.02286209206367998 25.63
2564 -0.02282682778690183 25.64
2565 -0.02265999792268814 25.65
2566 -0.02251501307645963 25.66
2567 -0.02232681525848094 25.67
2568 -0.02212474423785724 25.68
2569 -0.02197370655155327 25.69
2570 -0.0217327317177501 25.7
2571 -0.02159634624033202 25.71
2572 -0.0214506934648574 25.72
2573 -0.0213289427151371 25.73
2574 -0.02122992712888257 25.74
2575 -0.02109246643715108 25.75
2576 -0.02093160876533333 25.76
2577 -0.02084097538663988 25.77
2578 -0.02086703038294162 25.78
2579 -0.02086359105762728 25.79
2580 -0.02080685180812948 25.8
2581 -0.02065796955883555 25.81
2582 -0.02045986912503538 25.82
2583 -0.02025763963894625 25.83
2584 -0.02014368905832097 25.84
2585 -0.01998490969308732 25.85
2586 -0.0198033109866538 25.86
2587 -0.01961538749462048 25.87
2588 -0.01959762937875228 25.88
2589 -0.01942107459967931 25.89
2590 -0.01939907917864053 25.9
2591 -0.01924173252740571 25.91
2592 -0.01906659021248013 25.92
2593 -0.0189482738012017 25.93
2594 -0.01887294018048093 25.94
2595 -0.01862579364059554 25.95
2596 -0.01848942422816502 25.96
2597 -0.0184033563069476 25.97
2598 -0.01834009632423397 25.98
2599 -0.01821827377612306 25.99
2600 -0.01810825624641452 26
2601 -0.0180559068444069 26.01
2602 -0.01789678259897571 26.02
2603 -0.01773311299869698 26.03
2604 -0.01755026585808885 26.04
2605 -0.01733002350692957 26.05
2606 -0.01716635806113295 26.06
2607 -0.01710067985898656 26.07
2608 -0.01694422136835404 26.08
2609 -0.01677758793790173 26.09
2610 -0.01662305278434292 26.1
2611 -0.01647244844913118 26.11
2612 -0.01624508359301226 26.12
2613 -0.01617222275507424 26.13
2614 -0.01589943336591068 26.14
2615 -0.01567714562714902 26.15
2616 -0.01544355189644335 26.16
2617 -0.01524542494825759 26.17
2618 -0.01510588016252483 26.18
2619 -0.01501792441953648 26.19
2620 -0.01512615414109027 26.2
2621 -0.01514290648976704 26.21
2622 -0.01511367459921872 26.22
2623 -0.01497203121950524 26.23
2624 -0.01475855289682866 26.24
2625 -0.01460052039277973 26.25
2626 -0.01454513859370613 26.26
2627 -0.01433873275745325 26.27
2628 -0.01411293056788156 26.28
2629 -0.0138696252066858 26.29
2630 -0.01361912466024945 26.3
2631 -0.01341777627515297 26.31
2632 -0.0131509808490038 26.32
2633 -0.01302380418204156 26.33
2634 -0.01288547510792749 26.34
2635 -0.01273367569534861 26.35
2636 -0.01260546660003337 26.36
2637 -0.01245414875148557 26.37
2638 -0.0124064399513362 26.38
2639 -0.01235475512695786 26.39
2640 -0.0122913960777967 26.4
2641 -0.01220700075158374 26.41
2642 -0.01203870560678757 26.42
2643 -0.01175785513567926 26.43
2644 -0.01161586062747991 26.44
2645 -0.01144401783534982 26.45
2646 -0.01123552233083557 26.46
2647 -0.01107052450843459 26.47
2648 -0.01095624116291688 26.48
2649 -0.01091331198689455 26.49
2650 -0.01084035751382277 26.5
2651 -0.0107247416703798 26.51
2652 -0.01067173168076187 26.52
2653 -0.0105820431970422 26.53
2654 -0.01039442860514862 26.54
2655 -0.01028682993180415 26.55
2656 -0.01019016431824954 26.56
2657 -0.01001859812250329 26.57
2658 -0.0098535704764997 26.58
2659 -0.009601532696065965 26.59
2660 -0.009412061814015799 26.6
2661 -0.009270119755758491 26.61
2662 -0.009124412288404729 26.62
2663 -0.008989432552617069 26.63
2664 -0.008768408674187031 26.64
2665 -0.008688671492490807 26.65
2666 -0.008592214536142263 26.66
2667 -0.008389911517171528 26.67
2668 -0.008211260728240292 26.68
2669 -0.008020435484378939 26.69
2670 -0.007849655998944778 26.7
2671 -0.007655803430650115 26.71
2672 -0.007658527184925719 26.72
2673 -0.007614668267243468 26.73
2674 -0.007565485318219128 26.74
2675 -0.007519112783440141 26.75
2676 -0.007438689834443582 26.76
2677 -0.007333283333479115 26.77
2678 -0.007196467325059741 26.78
2679 -0.007050911139146951 26.79
2680 -0.006856395432900494 26.8
2681 -0.006681439399344277 26.81
2682 -0.006519145942943755 26.82
2683 -0.006356787680359105 26.83
2684 -0.00624688799007464 26.84
2685 -0.006190502967208918 26.85
2686 -0.006136687393880763 26.86
2687 -0.006065377654373691 26.87
2688 -0.005963452380935347 26.88
2689 -0.005845478696584583 26.89
2690 -0.005708768030333974 26.9
2691 -0.005547910281395965 26.91
2692 -0.005360476675815823 26.92
2693 -0.005194361698762105 26.93
2694 -0.005046406727250694 26.94
2695 -0.004922690421389507 26.95
2696 -0.004817394528203664 26.96
2697 -0.004747475439662197 26.97
2698 -0.004710034136976751 26.98
2699 -0.004623222464971086 26.99
2700 -0.004530431267535759 27
2701 -0.004437869271298078 27.01
2702 -0.004337299134196254 27.02
2703 -0.00421527206891055 27.03
2704 -0.004052385173640843 27.04
2705 -0.003876782282257962 27.05
2706 -0.003737695001426053 27.06
2707 -0.003604097372954196 27.07
2708 -0.003503667685141515 27.08
2709 -0.003423809009177617 27.09
2710 -0.003356842165078519 27.1
2711 -0.003307871370687443 27.11
2712 -0.003191506836847449 27.12
2713 -0.00308220457363971 27.13
2714 -0.002999403858419611 27.14
2715 -0.002916637356080443 27.15
2716 -0.00287480454333762 27.16
2717 -0.002794642476384515 27.17
2718 -0.002682067088354667 27.18
2719 -0.002570472097124563 27.19
2720 -0.002455818974975751 27.2
2721 -0.002296393604834079 27.21
2722 -0.002137387024191834 27.22
2723 -0.001988661343274148 27.23
2724 -0.001845937006618725 27.24
2725 -0.001698291748146202 27.25
2726 -0.001597977749411741 27.26
2727 -0.001513984396391221 27.27
2728 -0.001411063846087496 27.28
2729 -0.001329650776552116 27.29
2730 -0.001258036054821748 27.3
2731 -0.001223458632875443 27.31
2732 -0.001177006161633284 27.32
2733 -0.001123842133609332 27.33
2734 -0.001028091056078873 27.34
2735 -0.0009064809176805855 27.35
2736 -0.0007628538662613482 27.36
2737 -0.0006699786675507385 27.37
2738 -0.0004834884743767642 27.38
2739 -0.0002807522089358638 27.39
2740 -0.0002004586492910104 27.4
2741 -0.0001107639862997084 27.41
2742 -0.0001242352803090679 27.42
2743 -0.0001521016065217512 27.43
2744 -0.0001128918112630051 27.44
2745 -0.0001540814899861354 27.45
2746 -0.0001806400842277317 27.46
2747 -0.0001975327443506369 27.47
2748 -0.0001935690954149583 27.48
2749 -6.845195231081069e-05 27.49
2750 7.134552875531774e-05 27.5
2751 0.0001960137554371105 27.51
2752 0.0002923075979644196 27.52
2753 0.0003093065246525112 27.53
2754 0.0003343915881422466 27.54
2755 0.0003271566985676572 27.55
2756 0.0003247566057899692 27.56
2757 0.000335675423756121 27.57
2758 0.0003347573473070076 27.58
2759 0.0004117003987477441 27.59
2760 0.0004714546470282327 27.6
2761 0.0005483966313427902 27.61
2762 0.0006339799580242778 27.62
2763 0.0006858415192398659 27.63
2764 0.0007550997063162646 27.64
2765 0.0008249210659319745 27.65
2766 0.0008780883376939413 27.66
2767 0.0009041788675933221 27.67
2768 0.0009078658809166112 27.68
2769 0.0008824668702324678 27.69
2770 0.0008775240575830678 27.7
2771 0.000866128417605444 27.71
2772 0.0007748260296635695 27.72
2773 0.0007218648101190717 27.73
2774 0.0007466296334904809 27.74
2775 0.0007842853337312466 27.75
2776 0.0007637564335593178 27.76
2777 0.000766207291352114 27.77
2778 0.0007573922009663225 27.78
2779 0.0007703199776639691 27.79
2780 0.000779535715252716 27.8
2781 0.0007868769946152432 27.81
2782 0.0008291091958449182 27.82
2783 0.0008840658033055643 27.83
2784 0.0009199870476301469 27.84
2785 0.0009150049294808088 27.85
2786 0.0009283369499270416 27.86
2787 0.0009186735382022276 27.87
2788 0.0008821100054740988 27.88
2789 0.0008499663369943289 27.89
2790 0.0008242596420385551 27.9
2791 0.0008224926389084758 27.91
2792 0.0007735213168855032 27.92
2793 0.0007222692121531399 27.93
2794 0.0007141260234649754 27.94
2795 0.0006777594501314738 27.95
2796 0.0006529267041237852 27.96
2797 0.0006501633713364569 27.97
2798 0.0006151650603598152 27.98
2799 0.0005959400716784718 27.99
2800 0.0005390741642015834 28
2801 0.0004970998676275956 28.01
2802 0.0004264317196018136 28.02
2803 0.0003570455696112612 28.03
2804 0.0003165825632540781 28.04
2805 0.0002352087624113153 28.05
2806 0.0001464343319270145 28.06
2807 9.606428753093643e-05 28.07
2808 3.374163112425388e-05 28.08
2809 2.173095131868807e-06 28.09
2810 -8.063684964622342e-05 28.1
2811 -0.0001658968092900781 28.11
2812 -0.0002496898333495534 28.12
2813 -0.000330692220718326 28.13
2814 -0.0003959316271538171 28.14
2815 -0.0004432106583932283 28.15
2816 -0.000498485762192899 28.16
2817 -0.0005432694830800194 28.17
2818 -0.0005818865716687022 28.18
2819 -0.0005785212085913649 28.19
2820 -0.0006861697910497677 28.2
2821 -0.0007993190467699973 28.21
2822 -0.0009099885774182942 28.22
2823 -0.0009890018353137658 28.23
2824 -0.001055029262512469 28.24
2825 -0.001130716343548971 28.25
2826 -0.001134772692598499 28.26
2827 -0.00120385941648711 28.27
2828 -0.00127640023978054 28.28
2829 -0.001422843529011744 28.29
2830 -0.001539286147955427 28.3
2831 -0.00165713610715762 28.31
2832 -0.001789905394336863 28.32
2833 -0.001910693424830981 28.33
2834 -0.002004644586353868 28.34
2835 -0.002101469676306214 28.35
2836 -0.002148662876243893 28.36
2837 -0.002258833083710984 28.37
2838 -0.002359046141886728 28.38
2839 -0.002501369413684312 28.39
2840 -0.00259278302330572 28.4
2841 -0.002687581600557834 28.41
2842 -0.002737952251065254 28.42
2843 -0.002864831969014645 28.43
2844 -0.002944797606537708 28.44
2845 -0.00307366702969622 28.45
2846 -0.003194046512001003 28.46
2847 -0.003341127630415705 28.47
2848 -0.003483003906683588 28.48
2849 -0.003526757890858795 28.49
2850 -0.00351334793904455 28.5
2851 -0.003643862031240792 28.51
2852 -0.003751840146001731 28.52
2853 -0.003861459910274041 28.53
2854 -0.003990151444930964 28.54
2855 -0.004085932678626662 28.55
2856 -0.004189609118417162 28.56
2857 -0.004298235111742453 28.57
2858 -0.004359935914245286 28.58
2859 -0.004473464242600686 28.59
2860 -0.004539892192918948 28.6
2861 -0.004631121596920362 28.61
2862 -0.004745742884822032 28.62
2863 -0.004882165473834583 28.63
2864 -0.004970197826237338 28.64
2865 -0.00510121177766247 28.65
2866 -0.005214622787561435 28.66
2867 -0.00534390789349605 28.67
2868 -0.005511792601268384 28.68
2869 -0.00564600875293049 28.69
2870 -0.005766381414267045 28.7
2871 -0.005879285887144578 28.71
2872 -0.005946398536426103 28.72
2873 -0.005969823377736702 28.73
2874 -0.006048990725945662 28.74
2875 -0.006172737306074726 28.75
2876 -0.006397526026080382 28.76
2877 -0.006539690826919214 28.77
2878 -0.006707316161997427 28.78
2879 -0.006854884281814383 28.79
2880 -0.007096916807419106 28.8
2881 -0.007248939271230784 28.81
2882 -0.007376698378671998 28.82
2883 -0.007483144397208055 28.83
2884 -0.007652720258766663 28.84
2885 -0.007727325967181467 28.85
2886 -0.007786013674210925 28.86
2887 -0.007904734428258994 28.87
2888 -0.008036494450498297 28.88
2889 -0.008181753089840302 28.89
2890 -0.008281295366627001 28.9
2891 -0.008396814867219909 28.91
2892 -0.008543590999371603 28.92
2893 -0.008664189682847878 28.93
2894 -0.008792762305330229 28.94
2895 -0.008890912403455818 28.95
2896 -0.009010111118993303 28.96
2897 -0.009144768045989515 28.97
2898 -0.009305660838908443 28.98
2899 -0.009420033912971776 28.99
2900 -0.00954200992545047 29
2901 -0.009637590025029577 29.01
2902 -0.009834965975211732 29.02
2903 -0.01004553377336927 29.03
2904 -0.010231016759144 29.04
2905 -0.01039690721838298 29.05
2906 -0.01049736668909219 29.06
2907 -0.01059677412032368 29.07
2908 -0.01071141329492552 29.08
2909 -0.01086419482064849 29.09
2910 -0.0109804883705603 29.1
2911 -0.0110901948781787 29.11
2912 -0.01121601968981236 29.12
2913 -0.01135937998944888 29.13
2914 -0.01146071981883985 29.14
2915 -0.01159971471141847 29.15
2916 -0.01178008609642212 29.16
2917 -0.01192749855989658 29.17
2918 -0.01207526505933147 29.18
2919 -0.01220196790758626 29.19
2920 -0.01231731070701819 29.2
2921 -0.01248596723230873 29.21
2922 -0.01266105313654719 29.22
2923 -0.01283711040629319 29.23
2924 -0.01299255674367671 29.24
2925 -0.01308718048405132 29.25
2926 -0.01318488045927751 29.26
2927 -0.01328125943816948 29.27
2928 -0.01339538953865076 29.28
2929 -0.01348533730866502 29.29
2930 -0.0135533141466414 29.3
2931 -0.01363231325636702 29.31
2932 -0.01369007636367212 29.32
2933 -0.01377627212313821 29.33
2934 -0.01383770366655064 29.34
2935 -0.01398804650837716 29.35
2936 -0.01409571614158714 29.36
2937 -0.01414533811351212 29.37
2938 -0.01422841308188803 29.38
2939 -0.0143635931652482 29.39
2940 -0.01451675724634276 29.4
2941 -0.01462124555126511 29.41
2942 -0.01471095722644776 29.42
2943 -0.01478398514038669 29.43
2944 -0.01486601388344219 29.44
2945 -0.01491580399009115 29.45
2946 -0.01491871658997322 29.46
2947 -0.01494310477783821 29.47
2948 -0.01496849551692943 29.48
2949 -0.0149647527578112 29.49
2950 -0.01498452988620544 29.5
2951 -0.0149908677521335 29.51
2952 -0.01501984725708247 29.52
2953 -0.01502562791226905 29.53
2954 -0.01510367181254516 29.54
2955 -0.01525232445126419 29.55
2956 -0.01534932901767429 29.56
2957 -0.01545696459306418 29.57
2958 -0.01548562905774845 29.58
2959 -0.01548613697085574 29.59
2960 -0.01548998104995028 29.6
2961 -0.01547958256176896 29.61
2962 -0.015502874642172 29.62
2963 -0.01550160525074321 29.63
2964 -0.01552793745210344 29.64
2965 -0.01557934684096916 29.65
2966 -0.0155648283712277 29.66
2967 -0.0155640286642459 29.67
2968 -0.01553539021411725 29.68
2969 -0.01552419181817703 29.69
2970 -0.01552426907248507 29.7
2971 -0.01550338125014905 29.71
2972 -0.0155059089058645 29.72
2973 -0.01549631760669128 29.73
2974 -0.01555595578050144 29.74
2975 -0.01558382258060628 29.75
2976 -0.01559644664939738 29.76
2977 -0.01562542043085124 29.77
2978 -0.01567402886948897 29.78
2979 -0.01563530985021283 29.79
2980 -0.01557408059427373 29.8
2981 -0.01552262859992529 29.81
2982 -0.01547302420261198 29.82
2983 -0.01542063102432614 29.83
2984 -0.01539285051635942 29.84
2985 -0.01537794779225587 29.85
2986 -0.01537211538315687 29.86
2987 -0.01537942984426197 29.87
2988 -0.01537325482904209 29.88
2989 -0.0153727049078657 29.89
2990 -0.01536276497253879 29.9
2991 -0.01537260254893848 29.91
2992 -0.01538810500512293 29.92
2993 -0.01540949989020168 29.93
2994 -0.01539408317196918 29.94
2995 -0.01529483965572759 29.95
2996 -0.01526891823783291 29.96
2997 -0.01518507665739605 29.97
2998 -0.01513019158065677 29.98
2999 -0.01508510461324487 29.99
3000 -0.01500737747674503 30
