"cl-rfile"
"Time Step" "cl etc.."
("Time Step" "cl" "flow-time")
0 2.532860630352992e-26 0
1 15.50488385397736 0.01
2 -0.1950968889335553 0.02
3 -2.688916341028841 0.03
4 7.60179489244191 0.04
5 -6.751730176775342 0.05
6 1.159470157804974 0.06
7 -0.3029435197081586 0.07000000000000001
8 1.554553669316161 0.08
9 0.6750013575851516 0.09
10 -0.4864113465773019 0.1
11 -0.195749670284609 0.11
12 0.3070326959789857 0.12
13 0.30276091294629 0.13
14 0.3259714899820885 0.14
15 0.2487407662186501 0.15
16 0.136903134472746 0.16
17 0.1917745281166173 0.17
18 0.1664089077073702 0.18
19 0.1993849628094697 0.19
20 0.2342597408068333 0.2
21 0.1927907118250913 0.21
22 0.1875734327160683 0.22
23 0.1894152282553439 0.23
24 0.243544692971866 0.24
25 0.2165478325824311 0.25
26 0.2103981918198541 0.26
27 0.2103781750406623 0.27
28 0.2128212974683796 0.28
29 0.2166400613078198 0.29
30 0.2300874064250142 0.3
31 0.2224351502697414 0.31
32 0.1938028211330625 0.32
33 0.2088192970481141 0.33
34 0.2181851519359567 0.34
35 0.2211637687167711 0.35
36 0.2159818652002065 0.36
37 0.2070913761032664 0.37
38 0.220345339546235 0.38
39 0.2488668240284039 0.39
40 0.2275790273805033 0.4
41 0.2318876547217638 0.41
42 0.2312468588608042 0.42
43 0.2299819863978526 0.43
44 0.2240684271634891 0.44
45 0.2216019816483334 0.45
46 0.2267893626351598 0.46
47 0.2218075775013442 0.47
48 0.222797915157144 0.48
49 0.219629168413601 0.49
50 0.2394221480045928 0.5
51 0.2376394277373065 0.51
52 0.2373252539688392 0.52
53 0.2382365819261453 0.53
54 0.238911042110118 0.54
55 0.2378030657120917 0.55
56 0.2382032392850608 0.5600000000000001
57 0.2367578730797671 0.5700000000000001
58 0.2334466303383514 0.58
59 0.2355388197139309 0.59
60 0.2376378430042949 0.6
61 0.2359545159531194 0.61
62 0.2364548345012916 0.62
63 0.2396951580950407 0.63
64 0.2408867311820098 0.64
65 0.2419098964468357 0.65
66 0.2442187835085863 0.66
67 0.2449939490485261 0.67
68 0.2439887136579818 0.68
69 0.2456112395865873 0.6900000000000001
70 0.244951348889854 0.7000000000000001
71 0.2452242466786734 0.71
72 0.2449151013267293 0.72
73 0.247384769815825 0.73
74 0.2469303408394299 0.74
75 0.2467210951458068 0.75
76 0.2473797028037162 0.76
77 0.2479667976610822 0.77
78 0.2483723271919291 0.78
79 0.2491817560468562 0.79
80 0.2471914221143106 0.8
81 0.249387111938145 0.8100000000000001
82 0.2507983574541635 0.8200000000000001
83 0.2514634181406086 0.8300000000000001
84 0.252564604574224 0.84
85 0.2522986886650004 0.85
86 0.2532128446100816 0.86
87 0.253607056723766 0.87
88 0.2513150055683458 0.88
89 0.2534443118328976 0.89
90 0.255464933056964 0.9
91 0.2549118693675781 0.91
92 0.2554636318876564 0.92
93 0.2554386434203483 0.93
94 0.2571411889384568 0.9400000000000001
95 0.2568052005747295 0.9500000000000001
96 0.2573157534242533 0.96
97 0.257298180865888 0.97
98 0.2587498253029505 0.98
99 0.2591717033413511 0.99
100 0.2590438433551249 1
101 0.2593844512861809 1.01
102 0.2608582819004953 1.02
103 0.2601402850286101 1.03
104 0.2612275868697175 1.04
105 0.2621849884972517 1.05
106 0.2621405391166191 1.06
107 0.2624961903171026 1.07
108 0.2633409928671144 1.08
109 0.2643526092037801 1.09
110 0.2638207883433049 1.1
111 0.264206897774015 1.11
112 0.2645470811853651 1.12
113 0.2651279963038762 1.13
114 0.2648053426979747 1.14
115 0.2654583961227376 1.15
116 0.2664674737267498 1.16
117 0.2666610173703102 1.17
118 0.2666484588427584 1.18
119 0.267211355087488 1.19
120 0.267724917554665 1.2
121 0.267492727045694 1.21
122 0.2674240536234289 1.22
123 0.2675783424868479 1.23
124 0.2678898581193904 1.24
125 0.2682586146057627 1.25
126 0.268715464649751 1.26
127 0.2695889141850775 1.27
128 0.27053827050551 1.28
129 0.2708224190073967 1.29
130 0.2709317430884499 1.3
131 0.2711734022332091 1.31
132 0.2712110639708175 1.32
133 0.271186493336835 1.33
134 0.2712778796428723 1.34
135 0.2715157899984643 1.35
136 0.2718639170907508 1.36
137 0.2717509376455278 1.37
138 0.2715280588042067 1.38
139 0.2714242679615726 1.39
140 0.2721392358199243 1.4
141 0.2731352850122271 1.41
142 0.2740190963451766 1.42
143 0.2745698199164068 1.43
144 0.2746593852568534 1.44
145 0.2746960377247432 1.45
146 0.2746675098403056 1.46
147 0.2748818384187748 1.47
148 0.2751706013877738 1.48
149 0.2754750893733723 1.49
150 0.2757805403272519 1.5
151 0.2760479577218516 1.51
152 0.2762507307172958 1.52
153 0.2764843560679063 1.53
154 0.2766999508025817 1.54
155 0.2769004712835519 1.55
156 0.2767704876433705 1.56
157 0.2766124611488958 1.57
158 0.276591953519214 1.58
159 0.2766751212625146 1.59
160 0.2768877438607518 1.6
161 0.2771370674340726 1.61
162 0.2774058258142066 1.62
163 0.2776606351207318 1.63
164 0.2779021559194105 1.64
165 0.2781294344206444 1.65
166 0.2783180793369397 1.66
167 0.2784815517626649 1.67
168 0.2789277709907799 1.68
169 0.2793257362355214 1.69
170 0.279593717289274 1.7
171 0.2797969354609623 1.71
172 0.2799882524407172 1.72
173 0.2799170527773665 1.73
174 0.2798045441385008 1.74
175 0.2797726173440875 1.75
176 0.2798105143814417 1.76
177 0.2799093297941034 1.77
178 0.2800617523228451 1.78
179 0.2802281554744794 1.79
180 0.2804392193569195 1.8
181 0.2806651214634991 1.81
182 0.2808860196105546 1.82
183 0.2810836161555975 1.83
184 0.2812874630462031 1.84
185 0.2814386963341428 1.85
186 0.2815362933622481 1.86
187 0.2816204444141217 1.87
188 0.2817175842008942 1.88
189 0.2817385520333355 1.89
190 0.2819166471228997 1.9
191 0.2820359959974538 1.91
192 0.282032150757848 1.92
193 0.2822250487782902 1.93
194 0.2822368472871316 1.94
195 0.2823181327506808 1.95
196 0.2825152365343204 1.96
197 0.282617704768488 1.97
198 0.2826818886156227 1.98
199 0.2827627704832563 1.99
200 0.2828432559354156 2
201 0.2829132933268806 2.01
202 0.2829746392001064 2.02
203 0.2830606578002205 2.03
204 0.2831768819130963 2.04
205 0.2832705971796102 2.05
206 0.2833967382140613 2.06
207 0.283512983502217 2.07
208 0.2835905626890199 2.08
209 0.2836604884275298 2.09
210 0.2837497841897388 2.1
211 0.2838374348323646 2.11
212 0.2839344826968062 2.12
213 0.2840405633849296 2.13
214 0.2841525396148622 2.14
215 0.2842354665841508 2.15
216 0.2843362967266257 2.16
217 0.2845073346498869 2.17
218 0.2846609958364056 2.18
219 0.2847698679155132 2.19
220 0.2849081218308162 2.2
221 0.2849787256282473 2.21
222 0.2850615976048829 2.22
223 0.2852279732642705 2.23
224 0.2852336213738047 2.24
225 0.2853290030640464 2.25
226 0.2854143370539006 2.26
227 0.2855191188986841 2.27
228 0.2855961599266508 2.28
229 0.2857418036291284 2.29
230 0.2858509314818943 2.3
231 0.2859204055735014 2.31
232 0.2860026856861149 2.32
233 0.2860595324044832 2.33
234 0.2861527768469113 2.34
235 0.286263216410735 2.35
236 0.2864115061131589 2.36
237 0.2865262350247313 2.37
238 0.2866140469527947 2.38
239 0.2866570619797457 2.39
240 0.2866798524824575 2.4
241 0.2867117353991241 2.41
242 0.2867417174735185 2.42
243 0.2867557320498233 2.43
244 0.2868007616240617 2.44
245 0.2868578204212399 2.45
246 0.2869213396050183 2.46
247 0.2869679399728138 2.47
248 0.2869992676346269 2.48
249 0.287020307505422 2.49
250 0.287034515193296 2.5
251 0.2870140857739835 2.51
252 0.2870062506186838 2.52
253 0.2869987180158525 2.53
254 0.2870211267383722 2.54
255 0.2870358541375225 2.55
256 0.287045715615128 2.56
257 0.2869884847689498 2.57
258 0.2869407106493403 2.58
259 0.2869057265143398 2.59
260 0.2868792693573125 2.6
261 0.2868450211846727 2.61
262 0.2867920681525769 2.62
263 0.2867466442178914 2.63
264 0.2867009566550952 2.64
265 0.2866451106996298 2.65
266 0.2865661260068968 2.66
267 0.2865007027806225 2.67
268 0.286448283489722 2.68
269 0.2863633293052678 2.69
270 0.2862942301561502 2.7
271 0.2862293289830393 2.71
272 0.2861789031873436 2.72
273 0.2861167727566114 2.73
274 0.2860573113299339 2.74
275 0.2859691214160888 2.75
276 0.2858769191308482 2.76
277 0.2857836774572301 2.77
278 0.2856898578983896 2.78
279 0.2856145105358756 2.79
280 0.2855584971657636 2.8
281 0.2855090662287494 2.81
282 0.2854578743823771 2.82
283 0.2854136293310787 2.83
284 0.2853807690913405 2.84
285 0.285344001464384 2.85
286 0.2853030942768604 2.86
287 0.2852754835671774 2.87
288 0.2852472332831748 2.88
289 0.2852178198255561 2.89
290 0.285198827264142 2.9
291 0.2851959609493763 2.91
292 0.2851802836597845 2.92
293 0.2851869863923674 2.93
294 0.2852015955704697 2.94
295 0.2852518710161482 2.95
296 0.2852844596843362 2.96
297 0.2853115239515197 2.97
298 0.2853679998419474 2.98
299 0.2854146641909307 2.99
300 0.2854350781782457 3
301 0.2854819489462895 3.01
302 0.2855476945800571 3.02
303 0.2856267371928261 3.03
304 0.2857146190526164 3.04
305 0.285807000313919 3.05
306 0.2859102945125132 3.06
307 0.2860120593080273 3.07
308 0.2861195299884546 3.08
309 0.2862310214773404 3.09
310 0.2862938374255519 3.1
311 0.2863967910734834 3.11
312 0.2865357807635487 3.12
313 0.2866671596843171 3.13
314 0.2867867607030513 3.14
315 0.286911937892356 3.15
316 0.2870513368129193 3.16
317 0.2871932157353858 3.17
318 0.2873189580762162 3.18
319 0.2874570118779721 3.19
320 0.287602367106546 3.2
321 0.2877451599948121 3.21
322 0.2878797367606306 3.22
323 0.288015685914502 3.23
324 0.2881658276816773 3.24
325 0.288278893958603 3.25
326 0.2884064875543178 3.26
327 0.2885361292946364 3.27
328 0.2886734474186771 3.28
329 0.2888445748974263 3.29
330 0.2889715813515595 3.3
331 0.289104697219871 3.31
332 0.2892644152391567 3.32
333 0.2894030901744724 3.33
334 0.2895366643939536 3.34
335 0.2896661573663727 3.35
336 0.2897947523813306 3.36
337 0.2899207256422849 3.37
338 0.2900644036122531 3.38
339 0.2902079998414485 3.39
340 0.290347148401229 3.4
341 0.2904575603109995 3.41
342 0.2905779058655601 3.42
343 0.2907102050845356 3.43
344 0.2908515276993478 3.44
345 0.2909812275983109 3.45
346 0.2911131181947431 3.46
347 0.2912500860574052 3.47
348 0.2913924223748334 3.48
349 0.2915260468130654 3.49
350 0.2916513410339812 3.5
351 0.2917699352112629 3.51
352 0.2918866176465613 3.52
353 0.2920030254557493 3.53
354 0.2921012759856929 3.54
355 0.2922329906622594 3.55
356 0.2923597415431438 3.56
357 0.2924783197729659 3.57
358 0.2925819625535254 3.58
359 0.2926737160790686 3.59
360 0.2927761291700537 3.6
361 0.2928684425867236 3.61
362 0.2929635711833896 3.62
363 0.2930617489589332 3.63
364 0.2931505330900738 3.64
365 0.2932503275757163 3.65
366 0.2933763891240741 3.66
367 0.2934697300794651 3.67
368 0.2935455666281727 3.68
369 0.2935828431374166 3.69
370 0.2936583634472451 3.7
371 0.2937166021021498 3.71
372 0.2937652710598282 3.72
373 0.2938091889466344 3.73
374 0.2938772344059038 3.74
375 0.2939644906004931 3.75
376 0.293993092062144 3.76
377 0.29401940518292 3.77
378 0.2940204593508551 3.78
379 0.2940648242197756 3.79
380 0.2940930459663285 3.8
381 0.2941040957784919 3.81
382 0.2941057954642351 3.82
383 0.2940774376531614 3.83
384 0.2940691825909584 3.84
385 0.2940443732237433 3.85
386 0.2940305888410622 3.86
387 0.2940162554246361 3.87
388 0.2939753657626289 3.88
389 0.2939336721128986 3.89
390 0.2938814652036393 3.9
391 0.2938244341045795 3.91
392 0.2937570699963794 3.92
393 0.2936804418092563 3.93
394 0.2935932187734346 3.94
395 0.2934980847729439 3.95
396 0.2933959475548302 3.96
397 0.293292371653495 3.97
398 0.2931765105310413 3.98
399 0.293052025104794 3.99
400 0.2929385482485835 4
401 0.2928105446425606 4.01
402 0.2926796301229806 4.02
403 0.2925478276742412 4.03
404 0.292408771437297 4.04
405 0.2922815053253932 4.05
406 0.2921322114458572 4.06
407 0.2919773488512865 4.07
408 0.2918299166328426 4.08
409 0.2916668756673595 4.09
410 0.2915204466265637 4.1
411 0.2913726156175266 4.11
412 0.2912307422618342 4.12
413 0.2910805569110936 4.13
414 0.2909237758545177 4.14
415 0.290758565938178 4.15
416 0.2905865308906065 4.16
417 0.2904320537589551 4.17
418 0.2903027072697717 4.18
419 0.2901656623453603 4.19
420 0.2900209644621448 4.2
421 0.2898643824707929 4.21
422 0.2897146658666178 4.22
423 0.289559743562154 4.23
424 0.2894126165709118 4.24
425 0.2892699244814118 4.25
426 0.2891384918660718 4.26
427 0.2889909253165346 4.27
428 0.2888359475455055 4.28
429 0.2886901072551485 4.29
430 0.2885544401265217 4.3
431 0.2884199713858905 4.31
432 0.2882691246484879 4.32
433 0.2881125215481075 4.33
434 0.2879548461482985 4.34
435 0.2878015115407154 4.350000000000001
436 0.2876312578440549 4.36
437 0.2874583611487914 4.37
438 0.2872806074360682 4.38
439 0.2870817280359846 4.39
440 0.2868861331922928 4.4
441 0.28669122449658 4.41
442 0.2864814479237046 4.42
443 0.2862546874687105 4.43
444 0.2860139373266987 4.44
445 0.2857643930960144 4.45
446 0.2854993167024187 4.46
447 0.2852345666823622 4.47
448 0.2849365091122615 4.48
449 0.2846265190567612 4.49
450 0.2843173262096449 4.5
451 0.2839837988269053 4.51
452 0.2836142951319196 4.52
453 0.2832189926336917 4.53
454 0.2828142775064925 4.54
455 0.2824126105556802 4.55
456 0.2819921721567591 4.56
457 0.2815601604365008 4.57
458 0.2811048946539533 4.58
459 0.280594604847303 4.59
460 0.280085437590574 4.600000000000001
461 0.2795731932970053 4.61
462 0.279051415758536 4.62
463 0.2784933103600322 4.63
464 0.2779316211572941 4.64
465 0.2773549641588409 4.65
466 0.276744646616415 4.66
467 0.2761287381018475 4.67
468 0.2755242865511516 4.68
469 0.2748965541646545 4.69
470 0.2742271370007748 4.7
471 0.2735554582641893 4.71
472 0.2728933171614982 4.72
473 0.2722294824938842 4.73
474 0.2715726078267175 4.74
475 0.2708926444755867 4.75
476 0.2702156919320601 4.76
477 0.2695535381164932 4.77
478 0.268874672138129 4.78
479 0.2681988697510697 4.79
480 0.2675330398929953 4.8
481 0.2668610787806364 4.81
482 0.266226256585862 4.82
483 0.2656056647906714 4.83
484 0.2649737624456996 4.84
485 0.2643636308943189 4.850000000000001
486 0.2637710381570731 4.86
487 0.2632005281044371 4.87
488 0.2626358425760489 4.88
489 0.262100109692056 4.89
490 0.2615923882016219 4.9
491 0.2611136772404798 4.91
492 0.2606368900858738 4.92
493 0.2601810922847346 4.93
494 0.2597571324595673 4.94
495 0.2593820700017839 4.95
496 0.2590151917335529 4.96
497 0.2586694147264232 4.97
498 0.258361662785892 4.98
499 0.2580721070558935 4.99
500 0.2577836730797715 5
501 0.2575316390205638 5.01
502 0.2573051940605953 5.02
503 0.2571248462767259 5.03
504 0.256953800011236 5.04
505 0.2567707664733381 5.05
506 0.2565991919068195 5.06
507 0.2564289963181512 5.07
508 0.2563126781558649 5.08
509 0.2561908229409268 5.09
510 0.2560514277044235 5.100000000000001
511 0.2559110335486084 5.11
512 0.2557632716288177 5.12
513 0.2556035546491868 5.13
514 0.2554735231266764 5.14
515 0.2552655787111344 5.15
516 0.2550759690319705 5.16
517 0.2548173048628241 5.17
518 0.2545329480125424 5.18
519 0.2541993386492706 5.19
520 0.2538353244996894 5.2
521 0.2534424224620498 5.21
522 0.2529702167019703 5.22
523 0.2524271613578099 5.23
524 0.25188208358078 5.24
525 0.2512453641511346 5.25
526 0.250615939549641 5.26
527 0.2498604533405513 5.27
528 0.2490107717967426 5.28
529 0.2481313324317211 5.29
530 0.247224235096078 5.3
531 0.2462218174434083 5.31
532 0.2452013653371951 5.32
533 0.244107741810164 5.33
534 0.2429453730980305 5.34
535 0.2417478446973063 5.350000000000001
536 0.2405025609991937 5.36
537 0.2391824582730183 5.37
538 0.2378513632848203 5.38
539 0.2365116750214397 5.39
540 0.2350754401538118 5.4
541 0.2336579036229111 5.41
542 0.2322902602190251 5.42
543 0.2308621537867714 5.43
544 0.2294547530658084 5.44
545 0.2279739288477124 5.45
546 0.2265290328261485 5.46
547 0.2251678544505208 5.47
548 0.2237842206606577 5.48
549 0.2224590122241805 5.49
550 0.2211352065551929 5.5
551 0.2198364831717222 5.51
552 0.2185292891937605 5.52
553 0.2172742578292652 5.53
554 0.2160646975627074 5.54
555 0.2149732704722892 5.55
556 0.2139135132808083 5.56
557 0.2128742945765948 5.57
558 0.2118520105619912 5.58
559 0.2108877170341621 5.59
560 0.210124440914511 5.600000000000001
561 0.2093848366829487 5.61
562 0.2087517964272365 5.62
563 0.2081688253187662 5.63
564 0.2076540097343636 5.64
565 0.2072878684404338 5.65
566 0.2070182716610123 5.66
567 0.2068069848750504 5.67
568 0.2067329169710634 5.68
569 0.2068447888716413 5.69
570 0.2070483492732693 5.7
571 0.2073660343012546 5.71
572 0.2075932238877059 5.72
573 0.2080585126871888 5.73
574 0.208630515897212 5.74
575 0.2093695817124461 5.75
576 0.2103107631565475 5.76
577 0.2112314835101073 5.77
578 0.2122204238864994 5.78
579 0.2132335489876882 5.79
580 0.2143549243675544 5.8
581 0.2154663011800888 5.81
582 0.2165991071598899 5.82
583 0.2178294825088642 5.83
584 0.2189495074036172 5.84
585 0.2200735750125862 5.850000000000001
586 0.2211372702698732 5.86
587 0.2221916677026761 5.87
588 0.2229151175657189 5.88
589 0.2238487094386934 5.89
590 0.2247131446269299 5.9
591 0.2254887874878939 5.91
592 0.2257522064394551 5.92
593 0.226107627610699 5.93
594 0.2263333562318341 5.94
595 0.2264265840844461 5.95
596 0.2264412757393167 5.96
597 0.2260990766680235 5.97
598 0.2257352285710535 5.98
599 0.2252313851064072 5.99
600 0.2245721631447103 6
601 0.223740014987158 6.01
602 0.2227444437298804 6.02
603 0.2213813738493139 6.03
604 0.2200238776108827 6.04
605 0.2185557650294562 6.05
606 0.216833314948035 6.06
607 0.2150281384188061 6.07
608 0.2129841244034742 6.08
609 0.210966188964899 6.09
610 0.2087964541461577 6.100000000000001
611 0.2065637556766494 6.11
612 0.2043627506054443 6.12
613 0.2020433691385811 6.13
614 0.1996842197068964 6.140000000000001
615 0.197510617367571 6.15
616 0.1952481730511514 6.16
617 0.193012928829866 6.17
618 0.1906872101335804 6.18
619 0.188761854863447 6.19
620 0.1869587869401023 6.2
621 0.1849907517141686 6.21
622 0.1833020731745012 6.22
623 0.1816384175052252 6.23
624 0.1799283411620318 6.24
625 0.1784549401015748 6.25
626 0.1771013052187629 6.26
627 0.1758937838797844 6.27
628 0.1745413654938282 6.28
629 0.1731498410907061 6.29
630 0.17182179396881 6.3
631 0.170646923295382 6.31
632 0.1695427379792949 6.32
633 0.1681779743156755 6.33
634 0.1668841665114155 6.34
635 0.1655534702095518 6.350000000000001
636 0.1642720902546899 6.36
637 0.1629818584403856 6.37
638 0.1621789274049698 6.38
639 0.1613750085010396 6.390000000000001
640 0.1607192923255671 6.4
641 0.1601469335732993 6.41
642 0.1595349486518618 6.42
643 0.1598337342685813 6.43
644 0.160125902643751 6.44
645 0.1607340208315496 6.45
646 0.1618469397654337 6.46
647 0.1631092453413513 6.47
648 0.1646969791664414 6.48
649 0.166742788479149 6.49
650 0.1689671203731991 6.5
651 0.1717467935007012 6.51
652 0.1754218181226661 6.52
653 0.1792431082746294 6.53
654 0.1830460671760361 6.54
655 0.1866009746962244 6.55
656 0.1908765929452493 6.56
657 0.1953308803165306 6.57
658 0.2001053627757076 6.58
659 0.2052501571720567 6.59
660 0.2100600226965432 6.600000000000001
661 0.2151457804524607 6.61
662 0.2199919031730415 6.62
663 0.2247261341131186 6.63
664 0.2295987187860127 6.640000000000001
665 0.234058466890465 6.65
666 0.2388997070070853 6.66
667 0.2435825808383077 6.67
668 0.2480907264595021 6.68
669 0.2520306415532304 6.69
670 0.2560917433361391 6.7
671 0.2605499503058384 6.71
672 0.2645577072805104 6.72
673 0.2683358494855627 6.73
674 0.2722098446736493 6.74
675 0.275933094984749 6.75
676 0.2798227395358207 6.76
677 0.2839714724681526 6.77
678 0.287244796935987 6.78
679 0.290569026375584 6.79
680 0.2944299137171863 6.8
681 0.2972880654406405 6.81
682 0.3000588431800071 6.82
683 0.302750819125291 6.83
684 0.305265941061332 6.84
685 0.3084376129826853 6.850000000000001
686 0.3111907310051377 6.86
687 0.3133185487628676 6.87
688 0.315129308718763 6.88
689 0.3167961971390618 6.890000000000001
690 0.3186189223538876 6.9
691 0.3203622755891997 6.91
692 0.321862299044467 6.92
693 0.3226778298388602 6.93
694 0.323808878560407 6.94
695 0.3247714700352279 6.95
696 0.3256145073433127 6.96
697 0.3260559806766417 6.97
698 0.3254098813397377 6.98
699 0.3254867565782947 6.99
700 0.3255495111724807 7
701 0.3252923629268637 7.01
702 0.3246235570453915 7.02
703 0.3237747231530564 7.03
704 0.3226816819687877 7.04
705 0.3216610817520951 7.05
706 0.3204499086808743 7.06
707 0.3188963405753163 7.07
708 0.3170701303883778 7.08
709 0.3151323099787725 7.09
710 0.3123257812646896 7.100000000000001
711 0.3097936342781957 7.11
712 0.3074901978491867 7.12
713 0.3047815573116472 7.13
714 0.3017626597014256 7.140000000000001
715 0.2986910735131796 7.15
716 0.2954147534026766 7.16
717 0.2922506194813303 7.17
718 0.2890703185833383 7.18
719 0.2858762017096367 7.19
720 0.282350207345648 7.2
721 0.2791167522249067 7.21
722 0.2760547078277825 7.22
723 0.2728434806333044 7.23
724 0.2697128937157612 7.24
725 0.2668312800412828 7.25
726 0.2639954749391561 7.26
727 0.2612152764163777 7.27
728 0.2584838342055833 7.28
729 0.2558132757177017 7.29
730 0.253477282017649 7.3
731 0.2513891654437361 7.31
732 0.2494428366568882 7.32
733 0.247777705453079 7.33
734 0.2459516912659968 7.34
735 0.2443354936843145 7.350000000000001
736 0.2428974250728092 7.36
737 0.2414799181368762 7.37
738 0.240005280713221 7.38
739 0.2389187927207481 7.390000000000001
740 0.2380804412218138 7.4
741 0.2373297169537209 7.41
742 0.2364393985930256 7.42
743 0.2350013305757901 7.43
744 0.2338529798493402 7.44
745 0.2322753081441333 7.45
746 0.2295382817690048 7.46
747 0.2274528611908932 7.47
748 0.226002515570439 7.48
749 0.2246635196799728 7.49
750 0.2234636806195834 7.5
751 0.2223924670276849 7.51
752 0.2213816670475357 7.52
753 0.2198213141554546 7.53
754 0.2184317652499096 7.54
755 0.2166733363691412 7.55
756 0.2151091963379768 7.56
757 0.2136255540088931 7.57
758 0.2122966304785562 7.58
759 0.2109311938329082 7.59
760 0.2095038093324451 7.600000000000001
761 0.2084656667004993 7.61
762 0.2075156462823182 7.62
763 0.2066586939838801 7.63
764 0.2061052411721893 7.640000000000001
765 0.2057743380482114 7.65
766 0.2053220519263482 7.66
767 0.2050632897044861 7.67
768 0.2048780808505284 7.68
769 0.2045111346613148 7.69
770 0.2041350849120172 7.7
771 0.2045764482724192 7.71
772 0.2045578400243106 7.72
773 0.2046345403525433 7.73
774 0.204959319673935 7.74
775 0.2052721187713537 7.75
776 0.2056975291695859 7.76
777 0.206326130100044 7.77
778 0.2069629469035586 7.78
779 0.2079049998369815 7.79
780 0.2084775030281915 7.8
781 0.2085729504740883 7.81
782 0.2085980547327736 7.82
783 0.2083378809442439 7.83
784 0.207879037698713 7.84
785 0.2075038400219913 7.850000000000001
786 0.2072243819844983 7.86
787 0.2069740951240357 7.87
788 0.2063336100656295 7.88
789 0.2053633423774246 7.890000000000001
790 0.2043525126407445 7.9
791 0.2035924233902972 7.91
792 0.2026025725619903 7.92
793 0.2015827410377825 7.930000000000001
794 0.2003609592079087 7.94
795 0.1989218383244581 7.95
796 0.1971280240633795 7.96
797 0.1949734901345554 7.97
798 0.1929805156831134 7.98
799 0.1910195822131269 7.99
800 0.1888562407546965 8
801 0.1867449475862636 8.01
802 0.1844637608537768 8.02
803 0.1820372801534467 8.029999999999999
804 0.178890252752308 8.040000000000001
805 0.1758495554212425 8.050000000000001
806 0.1730969841442669 8.06
807 0.1698922141451084 8.07
808 0.167339193586916 8.08
809 0.1645062223428139 8.09
810 0.1616016714843146 8.1
811 0.1590418220000632 8.109999999999999
812 0.1567298418410487 8.120000000000001
813 0.1543030152372769 8.130000000000001
814 0.1513997670796744 8.140000000000001
815 0.1482899530060953 8.15
816 0.145748020657059 8.16
817 0.1427100082871164 8.17
818 0.1401762249383844 8.18
819 0.1371552459211452 8.19
820 0.13456602363438 8.199999999999999
821 0.1319913755905746 8.210000000000001
822 0.130146760493811 8.220000000000001
823 0.1281200854077086 8.23
824 0.1262458300878217 8.24
825 0.1240910502671953 8.25
826 0.1219654613817998 8.26
827 0.119660870299456 8.27
828 0.1180078142378797 8.279999999999999
829 0.1162981565977467 8.290000000000001
830 0.1148032837021312 8.300000000000001
831 0.1133760113764199 8.31
832 0.1119620530490376 8.32
833 0.1105385925463027 8.33
834 0.1088618056761447 8.34
835 0.1070031788175753 8.35
836 0.1055988712448212 8.359999999999999
837 0.1038050210436516 8.370000000000001
838 0.1021280686238114 8.380000000000001
839 0.09993708879200475 8.390000000000001
840 0.09766252505896317 8.4
841 0.09560648381100449 8.41
842 0.09334116985503875 8.42
843 0.09130346031869541 8.43
844 0.0887220073547792 8.44
845 0.08696862422227961 8.449999999999999
846 0.08561537204065037 8.460000000000001
847 0.08361312529681907 8.470000000000001
848 0.08214027639058194 8.48
849 0.08065580252101608 8.49
850 0.08086387139021919 8.5
851 0.08065020765441512 8.51
852 0.0802594522856059 8.52
853 0.08122856021364086 8.529999999999999
854 0.08247532469180607 8.540000000000001
855 0.08422079958870503 8.550000000000001
856 0.08689008095853247 8.56
857 0.08864108925848749 8.57
858 0.09082280458261313 8.58
859 0.0959875909988479 8.59
860 0.102056950145664 8.6
861 0.1086701437968546 8.609999999999999
862 0.1145878266368525 8.620000000000001
863 0.1214105089275988 8.630000000000001
864 0.129713978906295 8.640000000000001
865 0.1371385340639761 8.65
866 0.1450500490507301 8.66
867 0.1536536366396845 8.67
868 0.1627541342086381 8.68
869 0.1713463049667948 8.69
870 0.1801651340762063 8.700000000000001
871 0.1891155210269414 8.710000000000001
872 0.1975121315608761 8.720000000000001
873 0.2040598800858921 8.73
874 0.2123684886780896 8.74
875 0.2198449337867738 8.75
876 0.226869259111949 8.76
877 0.233703424041168 8.77
878 0.2413616629240199 8.779999999999999
879 0.2467612202501671 8.790000000000001
880 0.2528941593805455 8.800000000000001
881 0.2581299148917287 8.81
882 0.2643950422639873 8.82
883 0.2687636030183929 8.83
884 0.2739025815385406 8.84
885 0.2777769572926069 8.85
886 0.2820053657640013 8.859999999999999
887 0.28572860084206 8.870000000000001
888 0.2896058992679083 8.880000000000001
889 0.293789635332212 8.890000000000001
890 0.2972555101917878 8.9
891 0.3010972933806413 8.91
892 0.3052016589228364 8.92
893 0.3088714774381003 8.93
894 0.3124517148395158 8.94
895 0.3152748570888083 8.950000000000001
896 0.3194808714639521 8.960000000000001
897 0.3229839930683597 8.970000000000001
898 0.3251484884880823 8.98
899 0.3283165967588954 8.99
900 0.3310914156290742 9
901 0.3326625797353807 9.01
902 0.3363555398743112 9.02
903 0.3389070649973354 9.029999999999999
904 0.3428437173437111 9.040000000000001
905 0.346488754176712 9.050000000000001
906 0.3492317759540515 9.06
907 0.3531684286549495 9.07
908 0.3561327906584497 9.08
909 0.3577724695785509 9.09
910 0.3581927344734423 9.1
911 0.358864805498136 9.109999999999999
912 0.360027068020347 9.120000000000001
913 0.362056500358048 9.130000000000001
914 0.3644637698553116 9.140000000000001
915 0.3654368661780615 9.15
916 0.3659110780519839 9.16
917 0.3675070201953706 9.17
918 0.3686393152940302 9.18
919 0.3692767843066927 9.19
920 0.3694281437653087 9.200000000000001
921 0.3703326443577442 9.210000000000001
922 0.3711313253072882 9.220000000000001
923 0.372015098450621 9.23
924 0.3731728947041228 9.24
925 0.3733656796032168 9.25
926 0.3738814632926983 9.26
927 0.3745668406535652 9.27
928 0.3742398519111525 9.279999999999999
929 0.3730190243760664 9.290000000000001
930 0.3709831414969011 9.300000000000001
931 0.369987577508582 9.31
932 0.3697403212935498 9.32
933 0.3690461528049513 9.33
934 0.3683281833156426 9.34
935 0.3675527245510881 9.35
936 0.3666779342446458 9.359999999999999
937 0.3659434527634582 9.370000000000001
938 0.3655120044407064 9.380000000000001
939 0.3649069496684385 9.390000000000001
940 0.3644160662997566 9.4
941 0.3634678571163695 9.41
942 0.3622288941652929 9.42
943 0.3610677453147197 9.43
944 0.3605195028693737 9.44
945 0.3593103874808428 9.450000000000001
946 0.3587759304488735 9.460000000000001
947 0.3571589570212931 9.470000000000001
948 0.3561292190646937 9.48
949 0.3561399936037829 9.49
950 0.3563704663892343 9.5
951 0.3560230493414319 9.51
952 0.355996361743973 9.52
953 0.3556743271429207 9.529999999999999
954 0.3558652304364298 9.540000000000001
955 0.3552222956467163 9.550000000000001
956 0.3554642823476407 9.56
957 0.3555553881629357 9.57
958 0.3554904735696837 9.58
959 0.3552905956521972 9.59
960 0.3556031649206329 9.6
961 0.3547353234547991 9.609999999999999
962 0.3543522727263919 9.620000000000001
963 0.3537004750918216 9.630000000000001
964 0.3531458476032002 9.640000000000001
965 0.3525594277075441 9.65
966 0.3518852382720787 9.66
967 0.3500578019914132 9.67
968 0.3492178430005758 9.68
969 0.3478059371297602 9.69
970 0.3456559546678494 9.700000000000001
971 0.3441944635461758 9.710000000000001
972 0.3419376952534597 9.720000000000001
973 0.3392655277203812 9.73
974 0.3359035809063714 9.74
975 0.33263077431092 9.75
976 0.3296322147046938 9.76
977 0.3260203707499689 9.77
978 0.3219791521356961 9.779999999999999
979 0.3173596942960126 9.790000000000001
980 0.3135483361151844 9.800000000000001
981 0.3083609231488785 9.81
982 0.3041392415090767 9.82
983 0.300499149857877 9.83
984 0.2954428850245068 9.84
985 0.2900696730351108 9.85
986 0.2846329264253415 9.859999999999999
987 0.2780901583267366 9.870000000000001
988 0.2720445404098646 9.880000000000001
989 0.2660544318504817 9.890000000000001
990 0.2608776331165131 9.9
991 0.2553354038572704 9.91
992 0.2504056697611122 9.92
993 0.2450398429553569 9.93
994 0.2403118728578632 9.94
995 0.2348333474610193 9.950000000000001
996 0.2303299623937202 9.960000000000001
997 0.2263902479052609 9.970000000000001
998 0.2218503555440041 9.98
999 0.218292496223471 9.99
1000 0.2144197441644574 10
1001 0.2112874188236684 10.01
1002 0.2073620720297425 10.02
1003 0.2036369779036392 10.03
1004 0.200850939771385 10.04
1005 0.1977067621043815 10.05
1006 0.1950805902048935 10.06
1007 0.1931316379079991 10.07
1008 0.191623697807204 10.08
1009 0.1889888791546963 10.09
1010 0.18711146341669 10.1
1011 0.1838374698860898 10.11
1012 0.1819742554249482 10.12
1013 0.1797488869218855 10.13
1014 0.1771987494742543 10.14
1015 0.1747358570971199 10.15
1016 0.1717139217257838 10.16
1017 0.1676852716924637 10.17
1018 0.1643966343205088 10.18
1019 0.1593438817574759 10.19
1020 0.1565591766126994 10.2
1021 0.1528971151836461 10.21
1022 0.1480841735517514 10.22
1023 0.1454080102893973 10.23
1024 0.1420797718173723 10.24
1025 0.1384631524012441 10.25
1026 0.1357227496708248 10.26
1027 0.1332967194882004 10.27
1028 0.1293103757002999 10.28
1029 0.1274168637682519 10.29
1030 0.1241932529785673 10.3
1031 0.1246114209307827 10.31
1032 0.122637997182639 10.32
1033 0.1207367222555962 10.33
1034 0.1204518146390821 10.34
1035 0.1209185666491938 10.35
1036 0.1219804771439362 10.36
1037 0.1246436890385648 10.37
1038 0.1282330562125472 10.38
1039 0.1337988638297292 10.39
1040 0.1366855787043283 10.4
1041 0.1427673510308877 10.41
1042 0.1501913872283905 10.42
1043 0.1548302175909442 10.43
1044 0.1615199696310874 10.44
1045 0.1688494509723553 10.45
1046 0.1753584845011129 10.46
1047 0.1824261596271965 10.47
1048 0.1918182897409074 10.48
1049 0.1998336413500384 10.49
1050 0.2079502254524475 10.5
1051 0.2141435264906411 10.51
1052 0.2194918134437862 10.52
1053 0.2265915995384777 10.53
1054 0.2324823876885434 10.54
1055 0.2384019139800401 10.55
1056 0.2438336879482441 10.56
1057 0.2480347910003962 10.57
1058 0.2529931406388278 10.58
1059 0.2578919300720578 10.59
1060 0.262333584660308 10.6
1061 0.2664214303429832 10.61
1062 0.2686302541669171 10.62
1063 0.2706624470052861 10.63
1064 0.2738563506780441 10.64
1065 0.2772093844307448 10.65
1066 0.2810489732188157 10.66
1067 0.2841923277858603 10.67
1068 0.2891801045524383 10.68
1069 0.2937006865991055 10.69
1070 0.2982440336757901 10.7
1071 0.3034095272266624 10.71
1072 0.3066685189379052 10.72
1073 0.3110240953201549 10.73
1074 0.3153133839646647 10.74
1075 0.3183894237975475 10.75
1076 0.322259694986751 10.76
1077 0.3257808561267526 10.77
1078 0.3300416464167578 10.78
1079 0.3351263903943269 10.79
1080 0.3400615675919223 10.8
1081 0.3447636814742511 10.81
1082 0.3500548823212188 10.82
1083 0.3537294324652969 10.83
1084 0.3586664485260115 10.84
1085 0.3628684938102731 10.85
1086 0.3673864840518127 10.86
1087 0.3704715923649113 10.87
1088 0.3743348441837516 10.88
1089 0.3779495460637972 10.89
1090 0.3811693148937961 10.9
1091 0.384665697994756 10.91
1092 0.3887630153446907 10.92
1093 0.3922006330651649 10.93
1094 0.3945821534855905 10.94
1095 0.397326803921062 10.95
1096 0.4000467176763033 10.96
1097 0.4035730687175346 10.97
1098 0.4070423547063372 10.98
1099 0.4081560654280867 10.99
1100 0.4104222092733456 11
1101 0.4123386900221795 11.01
1102 0.4141010116090098 11.02
1103 0.4153865348738484 11.03
1104 0.4154054466090102 11.04
1105 0.4171350586374044 11.05
1106 0.4186760213244883 11.06
1107 0.4204914123689214 11.07
1108 0.4218669902273671 11.08
1109 0.4223024489522663 11.09
1110 0.4237797159356619 11.1
1111 0.4249307753150079 11.11
1112 0.4251623022801556 11.12
1113 0.4251412851255724 11.13
1114 0.4237553745209699 11.14
1115 0.4219511104351919 11.15
1116 0.421030631107083 11.16
1117 0.420490309129318 11.17
1118 0.4198178704601201 11.18
1119 0.4188480424893948 11.19
1120 0.4179666089042961 11.2
1121 0.4166028350111449 11.21
1122 0.4161481275219753 11.22
1123 0.4137222233042324 11.23
1124 0.4117145497703913 11.24
1125 0.409998087901226 11.25
1126 0.4081991008781124 11.26
1127 0.4056014953064203 11.27
1128 0.4034092711882974 11.28
1129 0.400168565265382 11.29
1130 0.3975085546294844 11.3
1131 0.3929036220698565 11.31
1132 0.3894265585654318 11.32
1133 0.3847777932410986 11.33
1134 0.3811157865647044 11.34
1135 0.3769092395745923 11.35
1136 0.3709747316359118 11.36
1137 0.3659732155247088 11.37
1138 0.3604962070492475 11.38
1139 0.3544505267643455 11.39
1140 0.348176423472261 11.4
1141 0.3417999471287865 11.41
1142 0.3349226151147684 11.42
1143 0.3284099334678299 11.43
1144 0.3219083655601656 11.44
1145 0.3146720831646459 11.45
1146 0.3074644975958741 11.46
1147 0.3002743623487824 11.47
1148 0.2929000923284061 11.48
1149 0.2851146026518007 11.49
1150 0.2767334791536322 11.5
1151 0.2687850995486289 11.51
1152 0.2587119820215954 11.52
1153 0.2520697328517343 11.53
1154 0.245410664482775 11.54
1155 0.2362962230190207 11.55
1156 0.2300449769106221 11.56
1157 0.2235729976559033 11.57
1158 0.2177736048668372 11.58
1159 0.2094615320661657 11.59
1160 0.2048302468338962 11.6
1161 0.2003012064890333 11.61
1162 0.1956843922735493 11.62
1163 0.1910157811918388 11.63
1164 0.1857754541965881 11.64
1165 0.1808235335223149 11.65
1166 0.176443785126827 11.66
1167 0.1719138121183741 11.67
1168 0.1688350644296553 11.68
1169 0.1664751686072526 11.69
1170 0.1652175727912181 11.7
1171 0.1637468123877099 11.71
1172 0.1623454319682271 11.72
1173 0.1603569898974005 11.73
1174 0.1590561341512124 11.74
1175 0.1586583548843479 11.75
1176 0.1578393276023922 11.76
1177 0.1566477798222252 11.77
1178 0.1547841365734523 11.78
1179 0.1526952782335579 11.79
1180 0.1508428474889245 11.8
1181 0.1494723429552009 11.81
1182 0.1494203466972953 11.82
1183 0.1487963626918933 11.83
1184 0.1472296553664645 11.84
1185 0.1459434524725726 11.85
1186 0.1446981729425413 11.86
1187 0.1439326317983712 11.87
1188 0.1446607621426826 11.88
1189 0.1449358651458675 11.89
1190 0.1454638472061461 11.9
1191 0.1447732437267482 11.91
1192 0.1442193118914865 11.92
1193 0.146190898184753 11.93
1194 0.1477892567541065 11.94
1195 0.1491657235524445 11.95
1196 0.1508559067156325 11.96
1197 0.153037631860923 11.97
1198 0.1559547865707933 11.98
1199 0.1598093092035834 11.99
1200 0.1648589248292034 12
1201 0.1701252054877819 12.01
1202 0.1750151922870966 12.02
1203 0.178411573027738 12.03
1204 0.183304851791689 12.04
1205 0.1884181893399431 12.05
1206 0.1939988377686594 12.06
1207 0.1996901004349962 12.07
1208 0.205062492438767 12.08
1209 0.2112010512995259 12.09
1210 0.2155982955085499 12.1
1211 0.221455616016826 12.11
1212 0.2281744413845035 12.12
1213 0.2329332255095074 12.13
1214 0.23744024319621 12.14
1215 0.2413984998953994 12.15
1216 0.2465104739053524 12.16
1217 0.2504869885422029 12.17
1218 0.2555626669860473 12.18
1219 0.2593533647679739 12.19
1220 0.2630548040354578 12.2
1221 0.2680402446836166 12.21
1222 0.272175456837117 12.22
1223 0.2758358905638275 12.23
1224 0.278856206081748 12.24
1225 0.283188968677095 12.25
1226 0.2870703023174999 12.26
1227 0.2910222003045426 12.27
1228 0.2945906614364298 12.28
1229 0.2986147275232265 12.29
1230 0.3017163428846913 12.3
1231 0.3056967936890628 12.31
1232 0.309455090139894 12.32
1233 0.3134323885696438 12.33
1234 0.3165144019637867 12.34
1235 0.318545228099924 12.35
1236 0.3207450780037848 12.36
1237 0.3236327059139384 12.37
1238 0.3263308898109997 12.38
1239 0.3283643047173795 12.39
1240 0.3300116763274463 12.4
1241 0.3311627537149711 12.41
1242 0.3328908998060154 12.42
1243 0.3332562634647666 12.43
1244 0.3340660486918894 12.44
1245 0.3359983468149436 12.45
1246 0.3367423284248561 12.46
1247 0.3369305612311034 12.47
1248 0.33707884115045 12.48
1249 0.3375590324151556 12.49
1250 0.3360045320479945 12.5
1251 0.3373651423665473 12.51
1252 0.3381525479680177 12.52
1253 0.3381458257369795 12.53
1254 0.3386587163320769 12.54
1255 0.3379703513142852 12.55
1256 0.3372815913749589 12.56
1257 0.3364149563967977 12.57
1258 0.3370373662613256 12.58
1259 0.3374610293614593 12.59
1260 0.3374045082903488 12.6
1261 0.3363657433880322 12.61
1262 0.3356506771391369 12.62
1263 0.3337872586650334 12.63
1264 0.3316343318549204 12.64
1265 0.3304415833505628 12.65
1266 0.3292693253487717 12.66
1267 0.3283201270954119 12.67
1268 0.3275591414613412 12.68
1269 0.3270250261739555 12.69
1270 0.3261181513002926 12.7
1271 0.3237302393537258 12.71
1272 0.3207573223982439 12.72
1273 0.3181155353725305 12.73
1274 0.3162616980291739 12.74
1275 0.3136492915933867 12.75
1276 0.3120031214143433 12.76
1277 0.3081907620531941 12.77
1278 0.3058853298840407 12.78
1279 0.301950757977515 12.79
1280 0.2987193351722742 12.8
1281 0.2915221173805328 12.81
1282 0.2861124185744317 12.82
1283 0.2793130396486631 12.83
1284 0.2744771881484335 12.84
1285 0.2680587973386447 12.85
1286 0.2633800953449458 12.86
1287 0.256757325834068 12.87
1288 0.2516482201152081 12.88
1289 0.2452736330174175 12.89
1290 0.2401034753151282 12.9
1291 0.2333067792261572 12.91
1292 0.2295952358139645 12.92
1293 0.2228691812003346 12.93
1294 0.2170281677463906 12.94
1295 0.2122589948621377 12.95
1296 0.2059182458276572 12.96
1297 0.199359645370718 12.97
1298 0.19464843992152 12.98
1299 0.1916044449425881 12.99
1300 0.189332780292806 13
1301 0.1858020683685243 13.01
1302 0.1840580777054044 13.02
1303 0.182913720281836 13.03
1304 0.1805513251626852 13.04
1305 0.1791277936237714 13.05
1306 0.1782930118771569 13.06
1307 0.177373174911598 13.07
1308 0.1771881746239799 13.08
1309 0.1787480978158717 13.09
1310 0.1788879889283987 13.1
1311 0.1798289683922775 13.11
1312 0.1815802235501745 13.12
1313 0.1844297760662912 13.13
1314 0.187094224593313 13.14
1315 0.1887762703923984 13.15
1316 0.191089353423921 13.16
1317 0.1937828159229477 13.17
1318 0.1981035833738326 13.18
1319 0.2004922359179037 13.19
1320 0.2025136722591299 13.2
1321 0.2072238597189759 13.21
1322 0.2102743706250595 13.22
1323 0.2153621731710597 13.23
1324 0.2186805536285974 13.24
1325 0.2222577234526212 13.25
1326 0.2247912152796924 13.26
1327 0.230050792792693 13.27
1328 0.2333099970242576 13.28
1329 0.2379087288235692 13.29
1330 0.2409757383846481 13.3
1331 0.2439371596771715 13.31
1332 0.2486874157429526 13.32
1333 0.2542186280451429 13.33
1334 0.2592794450290172 13.34
1335 0.2640399891848208 13.35
1336 0.26888564514255 13.36
1337 0.2738795052208986 13.37
1338 0.2781741175039901 13.38
1339 0.2829705343209675 13.39
1340 0.2868964979855088 13.4
1341 0.2906818853718221 13.41
1342 0.2939057890994189 13.42
1343 0.297138688812617 13.43
1344 0.3005512994894706 13.44
1345 0.3052602760714223 13.45
1346 0.3096013191832148 13.46
1347 0.3142182789882254 13.47
1348 0.3192813162067135 13.48
1349 0.3238028378513952 13.49
1350 0.3277634034454248 13.5
1351 0.3315549256880049 13.51
1352 0.3356271958444199 13.52
1353 0.3394863313318701 13.53
1354 0.3439292988789874 13.54
1355 0.3475487477879816 13.55
1356 0.3522548150865185 13.56
1357 0.3569620695429438 13.57
1358 0.3610738207922899 13.58
1359 0.3650540153564354 13.59
1360 0.3689251490601985 13.6
1361 0.3733737548349662 13.61
1362 0.3768871910460454 13.62
1363 0.3801346590809181 13.63
1364 0.3830258017461105 13.64
1365 0.3869637453002762 13.65
1366 0.3911941492253046 13.66
1367 0.3947351100537126 13.67
1368 0.3978458334119667 13.68
1369 0.4007197435174955 13.69
1370 0.4030388921859392 13.7
1371 0.407597196656157 13.71
1372 0.412093489162723 13.72
1373 0.4151916776098457 13.73
1374 0.4189128180486756 13.74
1375 0.4224298564611854 13.75
1376 0.4262839750838739 13.76
1377 0.428156318266721 13.77
1378 0.4315428503984714 13.78
1379 0.4345136162662608 13.79
1380 0.4375485051658571 13.8
1381 0.4412597464889443 13.81
1382 0.4441831543959551 13.82
1383 0.4475197130667266 13.83
1384 0.4533924924124793 13.84
1385 0.4565520596496737 13.85
1386 0.4603156299113072 13.86
1387 0.463773707560788 13.87
1388 0.4686242841936696 13.88
1389 0.4721279863406602 13.89
1390 0.4772504546226659 13.9
1391 0.4812791283112623 13.91
1392 0.4850012644104372 13.92
1393 0.4885555250087229 13.93
1394 0.4934867026666474 13.94
1395 0.497920834795583 13.95
1396 0.500065196875444 13.96
1397 0.5033286902814093 13.97
1398 0.5063573705780893 13.98
1399 0.509293998019709 13.99
1400 0.5123764175844843 14
1401 0.5172998988093251 14.01
1402 0.520297287233388 14.02
1403 0.5238277253563156 14.03
1404 0.526639879814588 14.04
1405 0.5292016441694131 14.05
1406 0.5324288297535509 14.06
1407 0.5358081479651622 14.07
1408 0.5395645637030563 14.08
1409 0.5428969835912844 14.09
1410 0.5454464570723464 14.1
1411 0.5483781470825186 14.11
1412 0.5514673948040274 14.12
1413 0.5543395973758261 14.13
1414 0.5567352804684735 14.14
1415 0.5590120172593545 14.15
1416 0.5612038542976077 14.16
1417 0.5635316536825332 14.17
1418 0.5653695430548957 14.18
1419 0.5679920570803898 14.19
1420 0.5692754569932055 14.2
1421 0.5716862711253464 14.21
1422 0.5726409796274279 14.22
1423 0.5753860340218759 14.23
1424 0.5774900037309798 14.24
1425 0.5783381437495547 14.25
1426 0.5792427696738018 14.26
1427 0.5803139044832087 14.27
1428 0.5817319293992239 14.28
1429 0.5837453069342899 14.29
1430 0.5854948308367875 14.3
1431 0.5880554489810002 14.31
1432 0.5903382041744827 14.32
1433 0.5927720757417446 14.33
1434 0.5933018936081055 14.34
1435 0.5957084601516247 14.35
1436 0.5980838901551921 14.36
1437 0.5991566628200341 14.37
1438 0.6001497510785997 14.38
1439 0.6014815749803528 14.39
1440 0.6028523465793987 14.4
1441 0.6043443108141955 14.41
1442 0.6051990071332495 14.42
1443 0.6062868685979302 14.43
1444 0.6074730561612571 14.44
1445 0.6085273825661511 14.45
1446 0.6104239559179621 14.46
1447 0.6118486431630734 14.47
1448 0.6126048032102551 14.48
1449 0.6131869738233761 14.49
1450 0.6128231574442917 14.5
1451 0.6121028028200814 14.51
1452 0.6115379794177302 14.52
1453 0.6105866767917656 14.53
1454 0.6106148344386974 14.54
1455 0.6102382225635306 14.55
1456 0.6091568380510572 14.56
1457 0.6080583506052138 14.57
1458 0.6072254678974164 14.58
1459 0.6057566773875792 14.59
1460 0.6034821080303763 14.6
1461 0.6010589531857018 14.61
1462 0.5985210933978801 14.62
1463 0.5945484036295831 14.63
1464 0.5909153862541263 14.64
1465 0.5872159258967036 14.65
1466 0.5830175370350426 14.66
1467 0.5775921619630998 14.67
1468 0.5721907587864439 14.68
1469 0.5665420838549445 14.69
1470 0.561103297947722 14.7
1471 0.5555705286803879 14.71
1472 0.5486981792269111 14.72
1473 0.5418110608981378 14.73
1474 0.5347379713286505 14.74
1475 0.5270814903807549 14.75
1476 0.5196096200905495 14.76
1477 0.5119460169073734 14.77
1478 0.5034888813254418 14.78
1479 0.4941857156727375 14.79
1480 0.4851130984609877 14.8
1481 0.4761215139729259 14.81
1482 0.4671124303651937 14.82
1483 0.4588351370623404 14.83
1484 0.45047595703092 14.84
1485 0.4420495268347881 14.85
1486 0.4339723979945 14.86
1487 0.4259963350380938 14.87
1488 0.4181759818742288 14.88
1489 0.410635909325469 14.89
1490 0.4029545025689482 14.9
1491 0.3957329389663422 14.91
1492 0.3886932322927099 14.92
1493 0.3820414183818703 14.93
1494 0.376266360308931 14.94
1495 0.370428258109501 14.95
1496 0.3643098122776735 14.96
1497 0.3585921099579322 14.97
1498 0.3530355832712111 14.98
1499 0.3466018018582687 14.99
1500 0.3406704346069141 15
1501 0.3351406220446185 15.01
1502 0.3303912686591629 15.02
1503 0.3239035934415859 15.03
1504 0.3188653894076648 15.04
1505 0.3142682525198941 15.05
1506 0.3098209242645152 15.06
1507 0.3039389158906143 15.07
1508 0.299757934787177 15.08
1509 0.296193862981191 15.09
1510 0.2906850241324014 15.1
1511 0.2870237451726802 15.11
1512 0.2847781168762186 15.12
1513 0.2824857570751481 15.13
1514 0.2812038334472775 15.14
1515 0.2807811054043973 15.15
1516 0.2803007920191787 15.16
1517 0.2802725172266238 15.17
1518 0.2801693552698413 15.18
1519 0.2817481631276692 15.19
1520 0.2834725818032299 15.2
1521 0.285379357800925 15.21
1522 0.2876421923916469 15.22
1523 0.2907311368008096 15.23
1524 0.2927996400364811 15.24
1525 0.2963131334736681 15.25
1526 0.2994816734259406 15.26
1527 0.3037613740864115 15.27
1528 0.3080259621659557 15.28
1529 0.3114446543078743 15.29
1530 0.3146747292957569 15.3
1531 0.3191299519226332 15.31
1532 0.3224132045746512 15.32
1533 0.3258577416068713 15.33
1534 0.329736852297813 15.34
1535 0.3323259098869342 15.35
1536 0.3340981859378488 15.36
1537 0.3354161447555781 15.37
1538 0.3363741322692602 15.38
1539 0.3381205287342656 15.39
1540 0.3412495826798042 15.4
1541 0.3435017255271451 15.41
1542 0.3447992742020767 15.42
1543 0.3452314446584513 15.43
1544 0.3466944427379711 15.44
1545 0.3497600570306028 15.45
1546 0.3514037069678295 15.46
1547 0.3518373106408946 15.47
1548 0.3530103567236084 15.48
1549 0.3550107148986621 15.49
1550 0.3577499053209951 15.5
1551 0.3587796861774852 15.51
1552 0.3595791742609329 15.52
1553 0.3610843013522572 15.53
1554 0.3612109553152511 15.54
1555 0.3625791847811446 15.55
1556 0.3624623830898591 15.56
1557 0.362414647739536 15.57
1558 0.363808949054462 15.58
1559 0.364761738771075 15.59
1560 0.3651587600816705 15.6
1561 0.3653928865974615 15.61
1562 0.3650744782828139 15.62
1563 0.3651721909612819 15.63
1564 0.3636997223261378 15.64
1565 0.362553907213544 15.65
1566 0.3623087092926007 15.66
1567 0.3607825844699796 15.67
1568 0.3601856401681027 15.68
1569 0.3592788609173054 15.69
1570 0.3579634691138442 15.7
1571 0.3575524527649973 15.71
1572 0.3567781251470203 15.72
1573 0.3564127069494912 15.73
1574 0.3553725600486879 15.74
1575 0.3545103659827338 15.75
1576 0.3523639818546075 15.76
1577 0.3510284965075026 15.77
1578 0.3489550199132472 15.78
1579 0.3476649750525245 15.79
1580 0.3455109878900014 15.8
1581 0.3440836094741219 15.81
1582 0.3415399683008124 15.82
1583 0.3397014229478135 15.83
1584 0.3371415422428096 15.84
1585 0.3355578056571956 15.85
1586 0.3330745877355923 15.86
1587 0.3302417966524402 15.87
1588 0.3281037831791396 15.88
1589 0.3249868857644747 15.89
1590 0.3226149375842358 15.9
1591 0.3209501922373603 15.91
1592 0.3191779937005585 15.92
1593 0.3171913325506163 15.93
1594 0.3150364643859146 15.94
1595 0.3128011706501414 15.95
1596 0.3101027249099821 15.96
1597 0.3074213229275063 15.97
1598 0.3044818416268684 15.98
1599 0.3015144038020879 15.99
1600 0.2984900476056433 16
1601 0.2957197657090327 16.01
1602 0.2930265442447472 16.02
1603 0.2905031254158899 16.03
1604 0.2880037715083706 16.04
1605 0.2857529047221894 16.05
1606 0.2835269213993608 16.06
1607 0.2811325234639824 16.07
1608 0.2790889474506319 16.08
1609 0.2770612352197057 16.09
1610 0.2751163258543715 16.1
1611 0.2738998300412826 16.11
1612 0.2714585365930769 16.12
1613 0.2695476912694588 16.13
1614 0.2679148122722745 16.14
1615 0.266238456791761 16.15
1616 0.2634186588580149 16.16
1617 0.2614886556433507 16.17
1618 0.2587396855007586 16.18
1619 0.2563877655001193 16.19
1620 0.2532054275035751 16.2
1621 0.2506481304659912 16.21
1622 0.247212679298749 16.22
1623 0.2451464528587444 16.23
1624 0.2419105306528788 16.24
1625 0.2397218620476049 16.25
1626 0.2364267725100186 16.26
1627 0.2339598307386143 16.27
1628 0.2299358203117016 16.28
1629 0.2269146181332734 16.29
1630 0.2222547545933048 16.3
1631 0.2186371936734927 16.31
1632 0.2149022068107851 16.32
1633 0.211630017541719 16.33
1634 0.2075479937234986 16.34
1635 0.2032183780522155 16.35
1636 0.2000748467317982 16.36
1637 0.1960060071476278 16.37
1638 0.1922596094759616 16.38
1639 0.1882045256978737 16.39
1640 0.1835066921790856 16.4
1641 0.1796653860154317 16.41
1642 0.1764865248683684 16.42
1643 0.1735132628823642 16.43
1644 0.1704335430260992 16.44
1645 0.1676531669357778 16.45
1646 0.1649108243590101 16.46
1647 0.1617550139316835 16.47
1648 0.1583707927610711 16.48
1649 0.15588387505797 16.49
1650 0.1529770073636359 16.5
1651 0.1493694875010642 16.51
1652 0.1464423784289714 16.52
1653 0.1448761336184024 16.53
1654 0.1424543968344435 16.54
1655 0.1412833793928482 16.55
1656 0.1395254164585008 16.56
1657 0.1378320211929524 16.57
1658 0.1358122291481061 16.58
1659 0.1338734192602669 16.59
1660 0.1319631717565891 16.6
1661 0.1298211947470188 16.61
1662 0.128160368192407 16.62
1663 0.127270001657508 16.63
1664 0.1255457088140978 16.64
1665 0.1240970493981949 16.65
1666 0.12271829643182 16.66
1667 0.1217370661466997 16.67
1668 0.1202495214074483 16.68
1669 0.1196189984520454 16.69
1670 0.1187846125446828 16.7
1671 0.117606587602264 16.71
1672 0.1160215989902226 16.72
1673 0.1139155128889552 16.73
1674 0.1117983450161311 16.74
1675 0.1104437334922085 16.75
1676 0.1102087473340618 16.76
1677 0.1102710524924744 16.77
1678 0.1098898033580218 16.78
1679 0.1096931260093135 16.79
1680 0.1095622166923235 16.8
1681 0.1107963800190831 16.81
1682 0.1133774799656105 16.82
1683 0.1136049413450692 16.83
1684 0.1157284137681482 16.84
1685 0.1186412673402075 16.85
1686 0.1225710146908506 16.86
1687 0.1270797325784101 16.87
1688 0.1329092143633061 16.88
1689 0.1384252243815725 16.89
1690 0.1445171798924604 16.9
1691 0.1512339432403415 16.91
1692 0.1581348148894737 16.92
1693 0.1652003938002952 16.93
1694 0.1729187801891215 16.94
1695 0.1809471249358067 16.95
1696 0.1888538829645374 16.96
1697 0.1958873777197551 16.97
1698 0.2033679617156671 16.98
1699 0.21231694276168 16.99
1700 0.2210422130303129 17
1701 0.2270470801817141 17.01
1702 0.2345214464881547 17.02
1703 0.242885927246132 17.03
1704 0.2502141535358932 17.04
1705 0.257979076015067 17.05
1706 0.2638329452068206 17.06
1707 0.2707545214508875 17.07
1708 0.2757983921361045 17.08
1709 0.2812467540434495 17.09
1710 0.2852219826320894 17.1
1711 0.2898810080668828 17.11
1712 0.2938570467713113 17.12
1713 0.2974639738690238 17.13
1714 0.3012477946660486 17.14
1715 0.3047941191255517 17.15
1716 0.3092762763846594 17.16
1717 0.3131202066068891 17.17
1718 0.3159456185714464 17.18
1719 0.3191909515520531 17.19
1720 0.3235836683553348 17.2
1721 0.3274248423872159 17.21
1722 0.3310620207958114 17.22
1723 0.3329493260045001 17.23
1724 0.3363703554192108 17.24
1725 0.3407134114537874 17.25
1726 0.3450004516048802 17.26
1727 0.3474075981226526 17.27
1728 0.3499468920755001 17.28
1729 0.3514182729340067 17.29
1730 0.3537674032984777 17.3
1731 0.3575385836346418 17.31
1732 0.361618794422402 17.32
1733 0.3652068106736819 17.33
1734 0.3695962760809565 17.34
1735 0.3735784101909867 17.35
1736 0.375547584889605 17.36
1737 0.3773259328340905 17.37
1738 0.3795332720429978 17.38
1739 0.3822954603357167 17.39
1740 0.3837179761180958 17.4
1741 0.3854284923779597 17.41
1742 0.3869867784799665 17.42
1743 0.3898330615111374 17.43
1744 0.3917027090902637 17.44
1745 0.3938387749704821 17.45
1746 0.3962895159180058 17.46
1747 0.3979310045238622 17.47
1748 0.399261157297261 17.48
1749 0.4002321450732728 17.49
1750 0.4010557967934749 17.5
1751 0.4022136799172779 17.51
1752 0.4036935805442882 17.52
1753 0.4043615099028955 17.53
1754 0.4053843216356962 17.54
1755 0.4056868499142496 17.55
1756 0.4057760254410164 17.56
1757 0.4049244837602078 17.57
1758 0.4040993701185266 17.58
1759 0.4021403543627426 17.59
1760 0.4009417546629063 17.6
1761 0.3992861031368583 17.61
1762 0.3968505592594436 17.62
1763 0.3945658040598326 17.63
1764 0.3917502421595356 17.64
1765 0.3878468298696512 17.65
1766 0.3854217751345362 17.66
1767 0.3811287263327187 17.67
1768 0.3767783147031115 17.68
1769 0.3715406902283899 17.69
1770 0.3652759316655466 17.7
1771 0.3592983480265453 17.71
1772 0.3530223923227834 17.72
1773 0.3473769589197396 17.73
1774 0.3411328593026077 17.74
1775 0.3347898099028502 17.75
1776 0.3287390540617821 17.76
1777 0.3217131315989556 17.77
1778 0.3148870550842112 17.78
1779 0.3073035128571174 17.79
1780 0.2993460149104743 17.8
1781 0.2924015975107111 17.81
1782 0.2859712072340803 17.82
1783 0.2798419523277527 17.83
1784 0.2735111393427356 17.84
1785 0.2673299215516537 17.85
1786 0.2624555572376843 17.86
1787 0.2564366108426986 17.87
1788 0.2509579015408729 17.88
1789 0.244375503282328 17.89
1790 0.2400185030493759 17.9
1791 0.2360588538664515 17.91
1792 0.2325885822254325 17.92
1793 0.2306975804625898 17.93
1794 0.229416124668931 17.94
1795 0.2291264731823791 17.95
1796 0.2287131847539609 17.96
1797 0.2300759632453322 17.97
1798 0.2298749355300763 17.98
1799 0.2301889037423933 17.99
1800 0.2314212028138476 18
1801 0.2316013126991568 18.01
1802 0.2321799945847274 18.02
1803 0.2334637101621565 18.03
1804 0.2361222903577502 18.04
1805 0.2403949015076228 18.05
1806 0.2446398792534906 18.06
1807 0.2484763497984808 18.07
1808 0.2508398589934554 18.08
1809 0.2552142893059503 18.09
1810 0.2579932794629799 18.1
1811 0.260738750942179 18.11
1812 0.2630798469770765 18.12
1813 0.2668110072137113 18.13
1814 0.2695140544522666 18.14
1815 0.2733044073729077 18.15
1816 0.2757349461080494 18.16
1817 0.279141831742037 18.17
1818 0.2824363318773456 18.18
1819 0.2871420182643828 18.19
1820 0.2919051112302594 18.2
1821 0.2963995491114895 18.21
1822 0.3006664558957373 18.22
1823 0.3051483382443292 18.23
1824 0.3087863875746168 18.24
1825 0.3130740437846697 18.25
1826 0.3160356677452091 18.26
1827 0.3197969020664956 18.27
1828 0.32350500968719 18.28
1829 0.3273115366795514 18.29
1830 0.3316999403722017 18.3
1831 0.3345592045523898 18.31
1832 0.3374448447222331 18.32
1833 0.3402480210745882 18.33
1834 0.3430147886867749 18.34
1835 0.3457955141847698 18.35
1836 0.3490562653428596 18.36
1837 0.3518629145714076 18.37
1838 0.3556427418804443 18.38
1839 0.3604870696737833 18.39
1840 0.3645550652409134 18.4
1841 0.368557419742988 18.41
1842 0.372246209296646 18.42
1843 0.3761577624538246 18.43
1844 0.3790157228418903 18.44
1845 0.3821681937333884 18.45
1846 0.3848101277715036 18.46
1847 0.3878823550860067 18.47
1848 0.3912962746853756 18.48
1849 0.3945608855898389 18.49
1850 0.3985271640146579 18.5
1851 0.4020213185343593 18.51
1852 0.4065407526085717 18.52
1853 0.4107035009434706 18.53
1854 0.4144845883629466 18.54
1855 0.4189507643167016 18.55
1856 0.4224270897161241 18.56
1857 0.4258110696705106 18.57
1858 0.430043264409349 18.58
1859 0.4342646181160794 18.59
1860 0.4372426437618387 18.6
1861 0.4413507538568339 18.61
1862 0.4461700150472516 18.62
1863 0.4501843870105094 18.63
1864 0.4548978631913149 18.64
1865 0.4598141098485723 18.65
1866 0.463235877649783 18.66
1867 0.4669504446001756 18.67
1868 0.4700229840819497 18.68
1869 0.4735768954088272 18.69
1870 0.4771274431921267 18.7
1871 0.4804568907498179 18.71
1872 0.485571104678182 18.72
1873 0.4897071520573342 18.73
1874 0.4935564425329722 18.74
1875 0.4962265784323679 18.75
1876 0.5010407587684739 18.76
1877 0.5047181019744326 18.77
1878 0.5108227683384351 18.78
1879 0.5146117210723978 18.79
1880 0.5197986931396321 18.8
1881 0.5221142425004992 18.81
1882 0.5260091031851821 18.82
1883 0.5284589066754787 18.83
1884 0.5328012439910602 18.84
1885 0.5359988266971251 18.85
1886 0.5390712821477098 18.86
1887 0.5430833743650003 18.87
1888 0.5444714147545535 18.88
1889 0.5467737481648505 18.89
1890 0.5487793098652054 18.9
1891 0.5515759661671912 18.91
1892 0.5530549526442389 18.92
1893 0.554512937136954 18.93
1894 0.5558345632704834 18.94
1895 0.5582866972393489 18.95
1896 0.5596537137243708 18.96
1897 0.5617502562104879 18.97
1898 0.5625813254930324 18.98
1899 0.5635009965053573 18.99
1900 0.5640201995944916 19
1901 0.5649352881783131 19.01
1902 0.5655783767849748 19.02
1903 0.5654543401202035 19.03
1904 0.5655282523794151 19.04
1905 0.5634316953753616 19.05
1906 0.5609936092222676 19.06
1907 0.558120134808875 19.07
1908 0.5544622241090899 19.08
1909 0.5505500028830583 19.09
1910 0.5466146029528967 19.1
1911 0.5426099190123809 19.11
1912 0.5381657681018954 19.12
1913 0.533707072330834 19.13
1914 0.5295073042032767 19.14
1915 0.5249566808501285 19.15
1916 0.5198157268168132 19.16
1917 0.5142049757889487 19.17
1918 0.5085083950576508 19.18
1919 0.5022419288919394 19.19
1920 0.4947081091691928 19.2
1921 0.4864607789320022 19.21
1922 0.4791343935582496 19.22
1923 0.4716505424574661 19.23
1924 0.464606769925606 19.24
1925 0.4566973930101865 19.25
1926 0.4477649975596704 19.26
1927 0.4378153640073657 19.27
1928 0.4291954235615733 19.28
1929 0.4206819175481351 19.29
1930 0.4123350248706865 19.3
1931 0.4038850921946002 19.31
1932 0.3946962348354994 19.32
1933 0.386206442257932 19.33
1934 0.3772784768167463 19.34
1935 0.370115503877471 19.35
1936 0.3621577083137544 19.36
1937 0.3551926542504339 19.37
1938 0.3484237873073857 19.38
1939 0.3412206037028443 19.39
1940 0.3356475866328951 19.4
1941 0.3314801632975205 19.41
1942 0.3268639084676374 19.42
1943 0.3233230456743031 19.43
1944 0.3197268524038079 19.44
1945 0.3176294303614911 19.45
1946 0.3162908260136408 19.46
1947 0.3149768880384713 19.47
1948 0.313120319621787 19.48
1949 0.3102964796738933 19.49
1950 0.3070853026846148 19.5
1951 0.3036862665482769 19.51
1952 0.3016719471497849 19.52
1953 0.2970113792097968 19.53
1954 0.2932279972950756 19.54
1955 0.2919306563689178 19.55
1956 0.2906962209602665 19.56
1957 0.2870274546992123 19.57
1958 0.2843495351729862 19.58
1959 0.2822375271723089 19.59
1960 0.2807780668445558 19.6
1961 0.2796404236888432 19.61
1962 0.2791967410138409 19.62
1963 0.2789304420975167 19.63
1964 0.2779973285790251 19.64
1965 0.2766988611449698 19.65
1966 0.2785856699580886 19.66
1967 0.2812849500644564 19.67
1968 0.2830456090035162 19.68
1969 0.2863124301507169 19.69
1970 0.2915811996991985 19.7
1971 0.294262374924215 19.71
1972 0.2978451369940611 19.72
1973 0.3017475641652305 19.73
1974 0.3062942527046844 19.74
1975 0.3095592003742765 19.75
1976 0.3134938639828832 19.76
1977 0.3173086446542274 19.77
1978 0.3208252180817049 19.78
1979 0.3250529880110692 19.79
1980 0.3289936832876689 19.8
1981 0.3330970221865466 19.81
1982 0.3353654887140263 19.82
1983 0.3359887416080353 19.83
1984 0.3382026575925258 19.84
1985 0.3408018626104877 19.85
1986 0.3437825800248728 19.86
1987 0.3468823837805701 19.87
1988 0.347226019523559 19.88
1989 0.3503501632939538 19.89
1990 0.3539182163194138 19.9
1991 0.3577681409611113 19.91
1992 0.3602807184646866 19.92
1993 0.363953868173901 19.93
1994 0.3679358950346087 19.94
1995 0.3713861780409331 19.95
1996 0.3746565061639518 19.96
1997 0.3779858026921697 19.97
1998 0.3807013330423638 19.98
1999 0.382687226398281 19.99
2000 0.383622415600769 20
2001 0.3861799141332568 20.01
2002 0.3871102106157673 20.02
2003 0.3901431592478765 20.03
2004 0.3932328331769668 20.04
2005 0.3966916394798684 20.05
2006 0.399356731479402 20.06
2007 0.4020477204976792 20.07
2008 0.4057499729757215 20.08
2009 0.4081886925192375 20.09
2010 0.4113138054110076 20.1
2011 0.4136509954945412 20.11
2012 0.4155406673225099 20.12
2013 0.4181589164775794 20.13
2014 0.4209649624900213 20.14
2015 0.4233684604705906 20.15
2016 0.4260180991452801 20.16
2017 0.4292044441392238 20.17
2018 0.4318432067692946 20.18
2019 0.4335626553137745 20.19
2020 0.4355453740151784 20.2
2021 0.4386557308332317 20.21
2022 0.4401576388548808 20.22
2023 0.4414022317322315 20.23
2024 0.442649869491844 20.24
2025 0.4434277574909142 20.25
2026 0.4449821252290713 20.26
2027 0.4470831922946439 20.27
2028 0.4482122655045525 20.28
2029 0.4495511896364535 20.29
2030 0.4509777949950352 20.3
2031 0.4522276110883875 20.31
2032 0.4528090523726948 20.32
2033 0.4533818744125872 20.33
2034 0.4528746040265573 20.34
2035 0.4523037965325641 20.35
2036 0.4513842950308726 20.36
2037 0.4501715122342964 20.37
2038 0.4492452316145373 20.38
2039 0.4472398758771827 20.39
2040 0.4452068980205072 20.4
2041 0.4424635268543935 20.41
2042 0.4397102113721555 20.42
2043 0.4359567095547583 20.43
2044 0.4328729073711819 20.44
2045 0.4299603199706908 20.45
2046 0.4264094122301364 20.46
2047 0.4219775863810867 20.47
2048 0.416982818363399 20.48
2049 0.410801362064607 20.49
2050 0.404204859671753 20.5
2051 0.3978052640934235 20.51
2052 0.3913698823829646 20.52
2053 0.3843598476620021 20.53
2054 0.3768241867051709 20.54
2055 0.3705206883339787 20.55
2056 0.362688319207207 20.56
2057 0.3547945308319004 20.57
2058 0.3473876639161428 20.58
2059 0.3396836578447877 20.59
2060 0.3312639501723124 20.6
2061 0.3224858591185588 20.61
2062 0.3134673339289923 20.62
2063 0.3047547929258891 20.63
2064 0.2950796426932689 20.64
2065 0.2860669336874271 20.65
2066 0.2774642086394435 20.66
2067 0.2689658295426662 20.67
2068 0.2604922462038637 20.68
2069 0.2527778329932483 20.69
2070 0.2452646654287486 20.7
2071 0.2378034926019298 20.71
2072 0.2307924888831723 20.72
2073 0.2240909809991878 20.73
2074 0.2176687182696302 20.74
2075 0.2115239322660263 20.75
2076 0.2064387147010208 20.76
2077 0.202522207955917 20.77
2078 0.1983484104171449 20.78
2079 0.1952882387868099 20.79
2080 0.1916324259664772 20.8
2081 0.1894642256976492 20.81
2082 0.1887080636739449 20.82
2083 0.1894082119680592 20.83
2084 0.1891808678738467 20.84
2085 0.1889624385977404 20.85
2086 0.1895086896274864 20.86
2087 0.1908589975611689 20.87
2088 0.1926614867870575 20.88
2089 0.1942820042281222 20.89
2090 0.1953193384826198 20.9
2091 0.1965912607006622 20.91
2092 0.1989664724164653 20.92
2093 0.2012889630675444 20.93
2094 0.2040916232785882 20.94
2095 0.2064487938160907 20.95
2096 0.2090338729077693 20.96
2097 0.2110588708219661 20.97
2098 0.2151946295626232 20.98
2099 0.2186614484800324 20.99
2100 0.222288466352044 21
2101 0.224944520795628 21.01
2102 0.2271437860052786 21.02
2103 0.2293127513649687 21.03
2104 0.2328540266624375 21.04
2105 0.2368705412269506 21.05
2106 0.2401760023305092 21.06
2107 0.2444938713947783 21.07
2108 0.2499026853319243 21.08
2109 0.2547207263108612 21.09
2110 0.2600295454023943 21.1
2111 0.2679572640411616 21.11
2112 0.2753306775110785 21.12
2113 0.2824601913259206 21.13
2114 0.2899689564633001 21.14
2115 0.2965547652439255 21.15
2116 0.3025594717424994 21.16
2117 0.3081774677359332 21.17
2118 0.3162678852260981 21.18
2119 0.3243382791202369 21.19
2120 0.3312011203200436 21.2
2121 0.3379611115841994 21.21
2122 0.3451450796754354 21.22
2123 0.3518534819308561 21.23
2124 0.3590920765929562 21.24
2125 0.3654320936874016 21.25
2126 0.3706662128259086 21.26
2127 0.3770040984353309 21.27
2128 0.3822380583019751 21.28
2129 0.3870259131761135 21.29
2130 0.3919508300369902 21.3
2131 0.3971544250303243 21.31
2132 0.4020681086981778 21.32
2133 0.4071184956275839 21.33
2134 0.4125636443772831 21.34
2135 0.4173058048842071 21.35
2136 0.4222943756117241 21.36
2137 0.4271495634777598 21.37
2138 0.4322427132664753 21.38
2139 0.4358924096032832 21.39
2140 0.4364164573383788 21.4
2141 0.4409941060357457 21.41
2142 0.4465169895671929 21.42
2143 0.4519265066751399 21.43
2144 0.4567495578888903 21.44
2145 0.460705216382559 21.45
2146 0.46457137222004 21.46
2147 0.470501622301418 21.47
2148 0.4748368796720973 21.48
2149 0.4776931477675801 21.49
2150 0.4813433291513246 21.5
2151 0.4846457988228305 21.51
2152 0.4893086219401358 21.52
2153 0.4935807608134768 21.53
2154 0.4973050092909097 21.54
2155 0.501006409446357 21.55
2156 0.5056877948620172 21.56
2157 0.5101727028582659 21.57
2158 0.5152984573198349 21.58
2159 0.5201556805616899 21.59
2160 0.525005856664709 21.6
2161 0.529915375269998 21.61
2162 0.5353874449685951 21.62
2163 0.5402762083824941 21.63
2164 0.5446789357746394 21.64
2165 0.5491323127533514 21.65
2166 0.5532993320370397 21.66
2167 0.5575547098212122 21.67
2168 0.5616595954166901 21.68
2169 0.5650723202291157 21.69
2170 0.5688769396523163 21.7
2171 0.5749578253533176 21.71
2172 0.5791388484760486 21.72
2173 0.5838940672871913 21.73
2174 0.5882082468765044 21.74
2175 0.5924638365341471 21.75
2176 0.5978138808339907 21.76
2177 0.6014363983145641 21.77
2178 0.6044566145325139 21.78
2179 0.6066356384457139 21.79
2180 0.6094923652080544 21.8
2181 0.6126161985159924 21.81
2182 0.6161351414229106 21.82
2183 0.6201312921246963 21.83
2184 0.6244025502232257 21.84
2185 0.6292787643593619 21.85
2186 0.6328784863898076 21.86
2187 0.6354576417768958 21.87
2188 0.6376085264390501 21.88
2189 0.6405015566990596 21.89
2190 0.6423457664638352 21.9
2191 0.6435854889027667 21.91
2192 0.6445802917801057 21.92
2193 0.6478529146554542 21.93
2194 0.6487288969353378 21.94
2195 0.6492149347098374 21.95
2196 0.6507792453545468 21.96
2197 0.6516885944417388 21.97
2198 0.6532042181154715 21.98
2199 0.6532832377308631 21.99
2200 0.653743512125333 22
2201 0.652284457568305 22.01
2202 0.6515683104472165 22.02
2203 0.6506733584356711 22.03
2204 0.6507576135551231 22.04
2205 0.6499154591718338 22.05
2206 0.6500028114752665 22.06
2207 0.6478834807204301 22.07
2208 0.6460337409901385 22.08
2209 0.6437511329756266 22.09
2210 0.6399733311512215 22.1
2211 0.6365798585058627 22.11
2212 0.6324842336529796 22.12
2213 0.6278748533589212 22.13
2214 0.6228125744820469 22.14
2215 0.617565258526474 22.15
2216 0.6121638454434369 22.16
2217 0.6062428558154517 22.17
2218 0.6000683958447909 22.18
2219 0.5952942729432219 22.19
2220 0.5891207293645288 22.2
2221 0.5824505664765314 22.21
2222 0.575261340968314 22.22
2223 0.5680564115205616 22.23
2224 0.5595704429939476 22.24
2225 0.5510185936195967 22.25
2226 0.5424073165761276 22.26
2227 0.5333257473226537 22.27
2228 0.5242591410283087 22.28
2229 0.51566911321 22.29
2230 0.5070725335393613 22.3
2231 0.4985596045762875 22.31
2232 0.4885566359806778 22.32
2233 0.4791276851076922 22.33
2234 0.4710547667685611 22.34
2235 0.463683569759243 22.35
2236 0.4564417000541317 22.36
2237 0.4502505295787664 22.37
2238 0.4458290250768542 22.38
2239 0.4411360128517883 22.39
2240 0.4371720772898819 22.4
2241 0.4330867764399117 22.41
2242 0.4293005332455533 22.42
2243 0.4258707914019755 22.43
2244 0.4233381030567515 22.44
2245 0.4201248097084811 22.45
2246 0.4168983226658078 22.46
2247 0.4129129849020229 22.47
2248 0.4104970895670305 22.48
2249 0.4081971714014584 22.49
2250 0.4043114740120066 22.5
2251 0.401808505726733 22.51
2252 0.3973427997783592 22.52
2253 0.3953474243808445 22.53
2254 0.3915755796047994 22.54
2255 0.3895783636319968 22.55
2256 0.3869552346745216 22.56
2257 0.3855806844343003 22.57
2258 0.3853388951803577 22.58
2259 0.3855954672807771 22.59
2260 0.3851326772761899 22.6
2261 0.3848413062752601 22.61
2262 0.385551066796709 22.62
2263 0.3859472644211057 22.63
2264 0.3879362268026463 22.64
2265 0.3891934075067488 22.65
2266 0.3901748727014756 22.66
2267 0.3911727673915629 22.67
2268 0.3928959906967032 22.68
2269 0.3937875220456961 22.69
2270 0.393631259550253 22.7
2271 0.3949146261926375 22.71
2272 0.3985591931884359 22.72
2273 0.4012603243030412 22.73
2274 0.404240045216272 22.74
2275 0.4050821703401312 22.75
2276 0.4081148892478456 22.76
2277 0.4108998496330321 22.77
2278 0.4125958417705982 22.78
2279 0.4130138062341525 22.79
2280 0.4147279398426886 22.8
2281 0.4163251947243489 22.81
2282 0.4183361545851058 22.82
2283 0.4200792358863651 22.83
2284 0.4229968465236354 22.84
2285 0.4253585660143407 22.85
2286 0.4277087360356285 22.86
2287 0.4295319448066458 22.87
2288 0.4314395787351441 22.88
2289 0.4331063825314184 22.89
2290 0.4358290656821368 22.9
2291 0.4381284247666274 22.91
2292 0.4406931849191088 22.92
2293 0.4424560207812551 22.93
2294 0.4451619216325317 22.94
2295 0.448471439530862 22.95
2296 0.451252854245822 22.96
2297 0.4541830375262335 22.97
2298 0.4565466264585885 22.98
2299 0.4590255936024613 22.99
2300 0.4621580892473209 23
2301 0.4652736519670105 23.01
2302 0.4680404115611362 23.02
2303 0.4701236348506107 23.03
2304 0.4722035158129073 23.04
2305 0.4747879554236348 23.05
2306 0.4769226782531141 23.06
2307 0.479765984474769 23.07
2308 0.4823748116570726 23.08
2309 0.4858984710915604 23.09
2310 0.4887108722767979 23.1
2311 0.4909593019233277 23.11
2312 0.4936837997254096 23.12
2313 0.4964096316518321 23.13
2314 0.4991995413453921 23.14
2315 0.5011028443604553 23.15
2316 0.5024345173851426 23.16
2317 0.5039892904796041 23.17
2318 0.5056815737976419 23.18
2319 0.5074053357119012 23.19
2320 0.5088180404927418 23.2
2321 0.5097959761944326 23.21
2322 0.5113838095705994 23.22
2323 0.5114725218847488 23.23
2324 0.5118044806425195 23.24
2325 0.5124082165177335 23.25
2326 0.5126069013388168 23.26
2327 0.5129040998870713 23.27
2328 0.512639521697656 23.28
2329 0.5124581495249049 23.29
2330 0.5121592761361055 23.3
2331 0.5118114623046846 23.31
2332 0.5110708011251274 23.32
2333 0.510678971066884 23.33
2334 0.5097547977672422 23.34
2335 0.5085187888125797 23.35
2336 0.5070633887197825 23.36
2337 0.5052950883230036 23.37
2338 0.5038186473854676 23.38
2339 0.5020229212680484 23.39
2340 0.4997084907378795 23.4
2341 0.4966285297945701 23.41
2342 0.493569572171594 23.42
2343 0.491142088069955 23.43
2344 0.4884647725537752 23.44
2345 0.4860894497744347 23.45
2346 0.4826941425534644 23.46
2347 0.4792108658659279 23.47
2348 0.4759140797916607 23.48
2349 0.4722864300453527 23.49
2350 0.4690088915331523 23.5
2351 0.4652979011261179 23.51
2352 0.4619432363813806 23.52
2353 0.4582178101888801 23.53
2354 0.4542482536235559 23.54
2355 0.4502638262417896 23.55
2356 0.4464407732249687 23.56
2357 0.4425062735577533 23.57
2358 0.4383745749171613 23.58
2359 0.4340387721016244 23.59
2360 0.4300336349530138 23.6
2361 0.4257558984387873 23.61
2362 0.421268631739906 23.62
2363 0.41680303825863 23.63
2364 0.4120914823282438 23.64
2365 0.4076438614586413 23.65
2366 0.4029363070587659 23.66
2367 0.3985177462088938 23.67
2368 0.3940884975306724 23.68
2369 0.389318603559363 23.69
2370 0.3846343186073315 23.7
2371 0.3793816949515771 23.71
2372 0.3743973870447236 23.72
2373 0.3691720060660751 23.73
2374 0.3645694448598041 23.74
2375 0.3604986668764226 23.75
2376 0.3560918067243005 23.76
2377 0.3520731243136274 23.77
2378 0.3478316157417755 23.78
2379 0.3432173272930091 23.79
2380 0.338893448613145 23.8
2381 0.3347616355830992 23.81
2382 0.331316865219605 23.82
2383 0.327610398280523 23.83
2384 0.3238997257824616 23.84
2385 0.32077208493478 23.85
2386 0.3166180199243651 23.86
2387 0.3133767908462624 23.87
2388 0.3092889439035963 23.88
2389 0.3058464805809308 23.89
2390 0.3025775240034209 23.9
2391 0.2988889923600667 23.91
2392 0.2955696481946849 23.92
2393 0.2926009262978805 23.93
2394 0.2898557514249673 23.94
2395 0.2871977324792546 23.95
2396 0.2835900516365054 23.96
2397 0.2794270417102563 23.97
2398 0.2753855738919462 23.98
2399 0.2715842091095746 23.99
2400 0.2681597402752279 24
2401 0.2643044986060393 24.01
2402 0.2606635076826003 24.02
2403 0.2558869159004697 24.03
2404 0.2521472438569974 24.04
2405 0.247477884411256 24.05
2406 0.2438449561129833 24.06
2407 0.2405319271633828 24.07
2408 0.2372725290768035 24.08
2409 0.2340910594774387 24.09
2410 0.2307361191125842 24.1
2411 0.2270464912392992 24.11
2412 0.2232958896802212 24.12
2413 0.219987431296884 24.13
2414 0.2173199329954757 24.14
2415 0.2148137040971133 24.15
2416 0.2133355796084392 24.16
2417 0.2111078401549244 24.17
2418 0.2093459139918968 24.18
2419 0.2088671601182164 24.19
2420 0.2080789971673625 24.2
2421 0.2071456315430937 24.21
2422 0.2071453443150677 24.22
2423 0.207544978724359 24.23
2424 0.2081826841170424 24.24
2425 0.208754607987377 24.25
2426 0.2104735383450529 24.26
2427 0.2127096712845111 24.27
2428 0.2130584725473864 24.28
2429 0.2162216120325299 24.29
2430 0.2193271105028307 24.3
2431 0.2228956424579365 24.31
2432 0.2254927311387589 24.32
2433 0.2278214330624937 24.33
2434 0.2303934514706481 24.34
2435 0.2316019205734046 24.35
2436 0.2350989279821493 24.36
2437 0.2377482644137816 24.37
2438 0.2403706583479252 24.38
2439 0.2426499599106872 24.39
2440 0.2464376320469058 24.4
2441 0.2489948703074666 24.41
2442 0.250811339923945 24.42
2443 0.2543391653643023 24.43
2444 0.2576088750032627 24.44
2445 0.2603166509775783 24.45
2446 0.2642566858483791 24.46
2447 0.267828531625263 24.47
2448 0.2708998329843701 24.48
2449 0.2738708813061693 24.49
2450 0.2772633034475234 24.5
2451 0.280010059519328 24.51
2452 0.2819487341974015 24.52
2453 0.2834517334792391 24.53
2454 0.2846622231896044 24.54
2455 0.2872440086195539 24.55
2456 0.2886655272739224 24.56
2457 0.2896839660970937 24.57
2458 0.291434542444941 24.58
2459 0.2936972024340578 24.59
2460 0.295455200609216 24.6
2461 0.2965080653571762 24.61
2462 0.2971991022805884 24.62
2463 0.2987478838480305 24.63
2464 0.2996782630723464 24.64
2465 0.3005911315347501 24.65
2466 0.3019383044294957 24.66
2467 0.3017840150219852 24.67
2468 0.3027774013200621 24.68
2469 0.303760221260775 24.69
2470 0.3054410691581319 24.7
2471 0.3073995790864084 24.71
2472 0.3093224371844995 24.72
2473 0.3107376866593138 24.73
2474 0.3131152013571543 24.74
2475 0.3150641542076997 24.75
2476 0.3174825748498282 24.76
2477 0.3207171488214345 24.77
2478 0.3238830641793239 24.78
2479 0.3265709078729243 24.79
2480 0.3289089904218918 24.8
2481 0.3313244421886131 24.81
2482 0.3338036415155641 24.82
2483 0.3360853029837484 24.83
2484 0.3377125546835288 24.84
2485 0.3394799551232446 24.85
2486 0.3415052078354377 24.86
2487 0.3437955555040569 24.87
2488 0.3451149291655705 24.88
2489 0.3464718207051135 24.89
2490 0.3470446350327538 24.9
2491 0.347558415238319 24.91
2492 0.3475522616562723 24.92
2493 0.3477256574394678 24.93
2494 0.3473380957592403 24.94
2495 0.3474656559761214 24.95
2496 0.3475788653420346 24.96
2497 0.3475492218350976 24.97
2498 0.3463193992663713 24.98
2499 0.3459276246373177 24.99
2500 0.3447742111271389 25
2501 0.343451695160422 25.01
2502 0.3426228628734372 25.02
2503 0.3425132462901492 25.03
2504 0.3417950534404375 25.04
2505 0.340940195266789 25.05
2506 0.3398935985064757 25.06
2507 0.3389426738289266 25.07
2508 0.3376656481673542 25.08
2509 0.3366489370097818 25.09
2510 0.3352348635068382 25.1
2511 0.3337087944875609 25.11
2512 0.3322893264037158 25.12
2513 0.3308852198606482 25.13
2514 0.3295314007243855 25.14
2515 0.3274803122793277 25.15
2516 0.3253190069688375 25.16
2517 0.3230381981649519 25.17
2518 0.3205232017432181 25.18
2519 0.3186039102604441 25.19
2520 0.3164274505637643 25.2
2521 0.3137597472124841 25.21
2522 0.3112789961491795 25.22
2523 0.3088887780316535 25.23
2524 0.3066962571607813 25.24
2525 0.3045939094223158 25.25
2526 0.3017571265635499 25.26
2527 0.2987073847316103 25.27
2528 0.2954341386803855 25.28
2529 0.2923207839792286 25.29
2530 0.289247201363434 25.3
2531 0.2860865980015005 25.31
2532 0.2829328894909558 25.32
2533 0.2797642736301418 25.33
2534 0.2766751272666671 25.34
2535 0.2736618075996877 25.35
2536 0.2698693639362948 25.36
2537 0.2667779888995365 25.37
2538 0.2632995923776519 25.38
2539 0.2601882483806852 25.39
2540 0.2568097884535702 25.4
2541 0.2538129794974203 25.41
2542 0.2511691456044876 25.42
2543 0.2483759615876303 25.43
2544 0.2463444382052632 25.44
2545 0.2440388739971131 25.45
2546 0.242049047294544 25.46
2547 0.2408002729678514 25.47
2548 0.2392349085769793 25.48
2549 0.2381952644066817 25.49
2550 0.238047509437445 25.5
2551 0.2379638938734966 25.51
2552 0.238864437269953 25.52
2553 0.2395360420280823 25.53
2554 0.2411341977166898 25.54
2555 0.2428525481576304 25.55
2556 0.2436816030227939 25.56
2557 0.2448321743957328 25.57
2558 0.2456993168399772 25.58
2559 0.2465361206215842 25.59
2560 0.247006468321096 25.6
2561 0.2474000456642405 25.61
2562 0.2473840801676663 25.62
2563 0.2480104144909861 25.63
2564 0.2490172583919049 25.64
2565 0.2493623131899683 25.65
2566 0.249019696760815 25.66
2567 0.2490309791232375 25.67
2568 0.2486172759126264 25.68
2569 0.2486099687634094 25.69
2570 0.2497424461881888 25.7
2571 0.2516435715657938 25.71
2572 0.2526736835526275 25.72
2573 0.2548371491091739 25.73
2574 0.2573889649714451 25.74
2575 0.2579491380997405 25.75
2576 0.2584435617232135 25.76
2577 0.2589221810272557 25.77
2578 0.2590158625812956 25.78
2579 0.2584719814124818 25.79
2580 0.2580345246640068 25.8
2581 0.2571618129524432 25.81
2582 0.2552933415766096 25.82
2583 0.2553000545860049 25.83
2584 0.2531922229763492 25.84
2585 0.2506606598022151 25.85
2586 0.246884190028051 25.86
2587 0.2439545878410174 25.87
2588 0.2415881371145502 25.88
2589 0.2392743463229089 25.89
2590 0.2354454486153354 25.9
2591 0.2318919418662078 25.91
2592 0.2289504754311447 25.92
2593 0.2244572138960351 25.93
2594 0.2199372415257067 25.94
2595 0.2157365030181119 25.95
2596 0.2108851998329347 25.96
2597 0.2048362348385782 25.97
2598 0.1976857134172386 25.98
2599 0.1914179898759504 25.99
2600 0.1842088490321173 26
2601 0.1772432296817881 26.01
2602 0.1697003605452843 26.02
2603 0.1623817606704116 26.03
2604 0.1540826232197889 26.04
2605 0.1459620057654846 26.05
2606 0.1370507096550427 26.06
2607 0.1285497402752212 26.07
2608 0.1204420973999283 26.08
2609 0.1120086031247033 26.09
2610 0.1032803297594369 26.1
2611 0.09562530888203626 26.11
2612 0.08858029175833848 26.12
2613 0.08045707882703489 26.13
2614 0.07238369109201216 26.14
2615 0.06476782362731051 26.15
2616 0.05614413800380992 26.16
2617 0.04765902495687561 26.17
2618 0.03951942199359473 26.18
2619 0.0307905401530157 26.19
2620 0.02350035065440525 26.2
2621 0.01651597753085773 26.21
2622 0.008228890993745675 26.22
2623 0.001261661113231231 26.23
2624 -0.006623992681132247 26.24
2625 -0.01211742556634781 26.25
2626 -0.01778850088472701 26.26
2627 -0.02191226612235848 26.27
2628 -0.02421154752350747 26.28
2629 -0.02590711485572608 26.29
2630 -0.0278803445855764 26.3
2631 -0.02965808040720565 26.31
2632 -0.02955086625095569 26.32
2633 -0.02953623249806316 26.33
2634 -0.030034352392201 26.34
2635 -0.027231008246306 26.35
2636 -0.02503185446447725 26.36
2637 -0.02043128432414903 26.37
2638 -0.01926815458283453 26.38
2639 -0.01557266582520169 26.39
2640 -0.009485577929230023 26.4
2641 -0.005622966596893189 26.41
2642 0.0015282249477172 26.42
2643 0.005353080158474207 26.43
2644 0.01065694440882085 26.44
2645 0.01726156689438823 26.45
2646 0.02200742099004959 26.46
2647 0.02704364057738226 26.47
2648 0.03427474969835794 26.48
2649 0.03879742418358784 26.49
2650 0.04706691751825926 26.5
2651 0.05418308840201705 26.51
2652 0.06196565192459225 26.52
2653 0.06677532378281985 26.53
2654 0.07327619925491037 26.54
2655 0.078301666680354 26.55
2656 0.0832431916224781 26.56
2657 0.08811340294217701 26.57
2658 0.09346747285017061 26.58
2659 0.09717454092222655 26.59
2660 0.1000060622845443 26.6
2661 0.1041606156917291 26.61
2662 0.1089049738917267 26.62
2663 0.112015575421584 26.63
2664 0.1148598830332521 26.64
2665 0.1197182275436575 26.65
2666 0.1252741050767388 26.66
2667 0.1286425644477488 26.67
2668 0.1324104937427586 26.68
2669 0.1378047473890905 26.69
2670 0.1426884449128445 26.7
2671 0.1494561533308589 26.71
2672 0.157990367509903 26.72
2673 0.1660254220951754 26.73
2674 0.173331570057119 26.74
2675 0.1841265421066434 26.75
2676 0.1938923117926166 26.76
2677 0.202580653735698 26.77
2678 0.2089752159445346 26.78
2679 0.2151087358784112 26.79
2680 0.2222245658847633 26.8
2681 0.2280599306895337 26.81
2682 0.2334568460100174 26.82
2683 0.2418691649772684 26.83
2684 0.249125168484327 26.84
2685 0.2560669855631256 26.85
2686 0.2625390800624704 26.86
2687 0.2687348356725698 26.87
2688 0.2735145775415869 26.88
2689 0.2789884158480391 26.89
2690 0.2854323267114448 26.9
2691 0.2938549778653126 26.91
2692 0.2992925260397101 26.92
2693 0.3066551804450082 26.93
2694 0.3135234339397675 26.94
2695 0.3202868975284659 26.95
2696 0.3246093202949093 26.96
2697 0.3304146840525055 26.97
2698 0.336088201958919 26.98
2699 0.3398301779942584 26.99
2700 0.3469718057609103 27
2701 0.3540945145712502 27.01
2702 0.3612511556788537 27.02
2703 0.3643816690630253 27.03
2704 0.3664929626357044 27.04
2705 0.3701663537452254 27.05
2706 0.3735650822226447 27.06
2707 0.3771705201655813 27.07
2708 0.3807347220178204 27.08
2709 0.3831834973114949 27.09
2710 0.3886524404932609 27.1
2711 0.3950634447314681 27.11
2712 0.3997609071733637 27.12
2713 0.4035927902436521 27.13
2714 0.406181439279593 27.14
2715 0.4095957771487189 27.15
2716 0.4129817688751714 27.16
2717 0.418343829282166 27.17
2718 0.4216933643143952 27.18
2719 0.4276523392823634 27.19
2720 0.4315518127836119 27.2
2721 0.4338115278294176 27.21
2722 0.4380116431857953 27.22
2723 0.4414459263406681 27.23
2724 0.4456100470626193 27.24
2725 0.4489923335253426 27.25
2726 0.4518160247142981 27.26
2727 0.4561530063155643 27.27
2728 0.4576390168166761 27.28
2729 0.4597276298752241 27.29
2730 0.461977327861515 27.3
2731 0.4648218153388194 27.31
2732 0.4675947764188239 27.32
2733 0.4699698884280397 27.33
2734 0.4733939967037405 27.34
2735 0.4768900353518516 27.35
2736 0.4805899493871426 27.36
2737 0.4848574537054638 27.37
2738 0.4889986412703709 27.38
2739 0.4921754520728524 27.39
2740 0.496169385296739 27.4
2741 0.4990124964794471 27.41
2742 0.5009061111502396 27.42
2743 0.503229207252981 27.43
2744 0.5048200138628177 27.44
2745 0.5058385121386052 27.45
2746 0.5072882590070265 27.46
2747 0.5091533840548932 27.47
2748 0.5113878578117637 27.48
2749 0.5125339129061386 27.49
2750 0.5139320617094705 27.5
2751 0.5148770793841289 27.51
2752 0.5156597292679959 27.52
2753 0.5165061875292448 27.53
2754 0.5163114629692046 27.54
2755 0.5158688247566087 27.55
2756 0.5161959615326671 27.56
2757 0.5177910123592852 27.57
2758 0.5177629474368552 27.58
2759 0.5175342106398775 27.59
2760 0.5169211313959278 27.6
2761 0.5169093143230227 27.61
2762 0.516108230598412 27.62
2763 0.5151555635257774 27.63
2764 0.513763291059427 27.64
2765 0.5113799250632159 27.65
2766 0.5088890490853276 27.66
2767 0.5055746494103924 27.67
2768 0.5021797081228239 27.68
2769 0.4992503394033097 27.69
2770 0.4968243524256448 27.7
2771 0.4946167539032461 27.71
2772 0.4923269767316706 27.72
2773 0.4902157535563318 27.73
2774 0.4884697394698084 27.74
2775 0.4865767726659755 27.75
2776 0.4839008839804803 27.76
2777 0.4816764783927195 27.77
2778 0.4807357041967839 27.78
2779 0.4789812194876368 27.79
2780 0.4770825724534664 27.8
2781 0.4740695385699479 27.81
2782 0.4718145106405705 27.82
2783 0.4697156807399214 27.83
2784 0.4677721892807927 27.84
2785 0.4667469787079612 27.85
2786 0.4634832011971701 27.86
2787 0.4634601158262953 27.87
2788 0.460349838995385 27.88
2789 0.4567756124900831 27.89
2790 0.4545570292730199 27.9
2791 0.4532527819094157 27.91
2792 0.4519256828807515 27.92
2793 0.4491230297259187 27.93
2794 0.446947382979238 27.94
2795 0.4432910893730275 27.95
2796 0.4399501408937446 27.96
2797 0.4370725966060122 27.97
2798 0.4331861419247285 27.98
2799 0.4284697084727779 27.99
2800 0.4225667057276276 28
2801 0.4166931668301666 28.01
2802 0.4083604806027799 28.02
2803 0.4030460766700019 28.03
2804 0.3951134639868608 28.04
2805 0.3884344776122249 28.05
2806 0.3801725048198766 28.06
2807 0.3727674049453999 28.07
2808 0.3674525586164925 28.08
2809 0.3590171582585736 28.09
2810 0.3518081760621767 28.1
2811 0.3411266146427667 28.11
2812 0.3341257971870126 28.12
2813 0.3236762760267556 28.13
2814 0.3127790815374571 28.14
2815 0.3017300845097403 28.15
2816 0.2914084011459376 28.16
2817 0.2807818873361115 28.17
2818 0.2716962065023916 28.18
2819 0.2649168816537388 28.19
2820 0.2577018354698922 28.2
2821 0.2521073599794805 28.21
2822 0.2468726181647512 28.22
2823 0.240702347826207 28.23
2824 0.2347817728355885 28.24
2825 0.2288663358270752 28.25
2826 0.2254075372697203 28.26
2827 0.2197197549173607 28.27
2828 0.2179097810682762 28.28
2829 0.2153887104123816 28.29
2830 0.2140411553583879 28.3
2831 0.2129814138441864 28.31
2832 0.2119796434508004 28.32
2833 0.2122126629399295 28.33
2834 0.2121345725717809 28.34
2835 0.2121138992912789 28.35
2836 0.211369024183201 28.36
2837 0.2111637828334921 28.37
2838 0.213348714526911 28.38
2839 0.2143506192814967 28.39
2840 0.2177654906515161 28.4
2841 0.2209769669270884 28.41
2842 0.2233799406766248 28.42
2843 0.2253266796341429 28.43
2844 0.2262931795099355 28.44
2845 0.2297710864170801 28.45
2846 0.2331302350992031 28.46
2847 0.2338750789001949 28.47
2848 0.2361361633617091 28.48
2849 0.2390650874361555 28.49
2850 0.2394024691889048 28.5
2851 0.2421615676196081 28.51
2852 0.2444277251324168 28.52
2853 0.2472947125159136 28.53
2854 0.2478216185304775 28.54
2855 0.2499674610528665 28.55
2856 0.2505350556589918 28.56
2857 0.2533944799088266 28.57
2858 0.2553694782352305 28.58
2859 0.2584017262970328 28.59
2860 0.2617639229674087 28.6
2861 0.2632181315996405 28.61
2862 0.2649806541456744 28.62
2863 0.2681407469332305 28.63
2864 0.2708595496844395 28.64
2865 0.2733415062543764 28.65
2866 0.2760057787712668 28.66
2867 0.2768417388314026 28.67
2868 0.2801963662653965 28.68
2869 0.2815245002283716 28.69
2870 0.2837163949515247 28.7
2871 0.2856336401574008 28.71
2872 0.2889032139464862 28.72
2873 0.291067545132306 28.73
2874 0.2933645020420733 28.74
2875 0.2941665479952943 28.75
2876 0.2949705037655784 28.76
2877 0.293705436211716 28.77
2878 0.2964282940669654 28.78
2879 0.2992436725518708 28.79
2880 0.3013239034320661 28.8
2881 0.3045663923197457 28.81
2882 0.3059536628955556 28.82
2883 0.3089122989019969 28.83
2884 0.3102852445924056 28.84
2885 0.3135623894799153 28.85
2886 0.3167209287285047 28.86
2887 0.3192455539063908 28.87
2888 0.3222671212849706 28.88
2889 0.3248524349913979 28.89
2890 0.3278746501276569 28.9
2891 0.3309987146827728 28.91
2892 0.3334794783502912 28.92
2893 0.335321275947098 28.93
2894 0.3374395691837817 28.94
2895 0.3379816231382248 28.95
2896 0.3388041495541458 28.96
2897 0.339803579721099 28.97
2898 0.3410538313432753 28.98
2899 0.3424636725971976 28.99
2900 0.3445134401893322 29
2901 0.3464761394601712 29.01
2902 0.3478993420453554 29.02
2903 0.3498814339834622 29.03
2904 0.3516973831772051 29.04
2905 0.3537752344743498 29.05
2906 0.3551371810202031 29.06
2907 0.3552762131315867 29.07
2908 0.3558247180582493 29.08
2909 0.3561892075994993 29.09
2910 0.3560747702278737 29.1
2911 0.3558358276775164 29.11
2912 0.3557364739429355 29.12
2913 0.3555372492975399 29.13
2914 0.3553868505552466 29.14
2915 0.3554878299320842 29.15
2916 0.3553294583298495 29.16
2917 0.3546452420506724 29.17
2918 0.3537197232043641 29.18
2919 0.3531241568164628 29.19
2920 0.3525802241655167 29.2
2921 0.3517079517810336 29.21
2922 0.3499952602455224 29.22
2923 0.3477927164262691 29.23
2924 0.3456729065332443 29.24
2925 0.3431915924720346 29.25
2926 0.3403146147116919 29.26
2927 0.3375271009705302 29.27
2928 0.3349181637269008 29.28
2929 0.3321844159314435 29.29
2930 0.329720146645805 29.3
2931 0.326533282648743 29.31
2932 0.3229466158637451 29.32
2933 0.3203040086853874 29.33
2934 0.317418388945898 29.34
2935 0.3143346391019228 29.35
2936 0.3105170249470686 29.36
2937 0.3067490864958685 29.37
2938 0.3028715112803736 29.38
2939 0.2988124324942159 29.39
2940 0.2948163686940253 29.4
2941 0.2900338564247389 29.41
2942 0.2858225580859274 29.42
2943 0.2813279393269653 29.43
2944 0.2763246052824757 29.44
2945 0.2715227872563005 29.45
2946 0.2674319372546503 29.46
2947 0.2632615931547664 29.47
2948 0.2588609660722615 29.48
2949 0.2551385480721932 29.49
2950 0.2499796521611247 29.5
2951 0.2462503958676825 29.51
2952 0.2421978553977014 29.52
2953 0.2374023309077712 29.53
2954 0.2335955801248855 29.54
2955 0.230059606704001 29.55
2956 0.2263721230879788 29.56
2957 0.222811557921107 29.57
2958 0.2197357662420439 29.58
2959 0.2167307993016712 29.59
2960 0.2132770277521771 29.6
2961 0.2103055453662313 29.61
2962 0.2069783621564976 29.62
2963 0.2042245727678272 29.63
2964 0.2011509140406482 29.64
2965 0.1983057199935081 29.65
2966 0.1958233739047986 29.66
2967 0.1935988907740644 29.67
2968 0.1909644901245487 29.68
2969 0.1884098066615225 29.69
2970 0.1858359803980879 29.7
2971 0.1833116428812362 29.71
2972 0.1808115789866395 29.72
2973 0.178281225709851 29.73
2974 0.1766811661662161 29.74
2975 0.1746897880206764 29.75
2976 0.172998588488397 29.76
2977 0.1715908797325321 29.77
2978 0.1706706535484741 29.78
2979 0.1696532530117067 29.79
2980 0.1681851304930203 29.8
2981 0.1670783279037434 29.81
2982 0.1660802808238967 29.82
2983 0.1651217770035762 29.83
2984 0.1640162404872659 29.84
2985 0.1627003676020174 29.85
2986 0.1618144922884263 29.86
2987 0.1610018359497713 29.87
2988 0.1603430697131789 29.88
2989 0.1594661687119862 29.89
2990 0.1597152974658266 29.9
2991 0.1591273068238783 29.91
2992 0.1588654029743491 29.92
2993 0.1585578953885171 29.93
2994 0.1590226600157176 29.94
2995 0.1598833074893092 29.95
2996 0.1607787848266764 29.96
2997 0.1611881883735868 29.97
2998 0.1616664222529222 29.98
2999 0.1629952148284042 29.99
3000 0.1638419953270643 30
