"x-force-rfile"
"Time Step" "x-force etc.."
("Time Step" "x-force" "flow-time")
0 2.423380700838948e-27 0
1 -47.78105379478444 0.01
2 -11.06976744939089 0.02
3 -2.574404379441873 0.03
4 4.403888299648401 0.04
5 4.970614482772561 0.05
6 1.328249527730701 0.06
7 -2.04042977426036 0.07000000000000001
8 -1.350778317469199 0.08
9 -0.4376370278126238 0.09
10 0.3905612331841449 0.1
11 0.6272593287048807 0.11
12 0.1452850637395935 0.12
13 -0.107870540605536 0.13
14 -0.09199027857962039 0.14
15 -0.05686453347174136 0.15
16 0.01277522755292762 0.16
17 0.0300031885853595 0.17
18 0.04174705116338029 0.18
19 0.02096623595327318 0.19
20 0.0005308905752325344 0.2
21 0.01909143533054843 0.21
22 0.0295266945379542 0.22
23 0.02282192735181682 0.23
24 0.001187360404245774 0.24
25 -0.00763881523901398 0.25
26 0.005127482417280643 0.26
27 0.01055277582112574 0.27
28 0.01213899059789786 0.28
29 0.01039553299806045 0.29
30 0.001899194377921021 0.3
31 0.007570364687635452 0.31
32 0.01780715852249617 0.32
33 0.01737532702972081 0.33
34 0.01188000845062261 0.34
35 0.008510054109857487 0.35
36 0.01139385671792657 0.36
37 0.01295366381026375 0.37
38 0.01187410748030798 0.38
39 0.00278838798979833 0.39
40 0.001335593602362628 0.4
41 0.0005549002269253228 0.41
42 0.002027247412277375 0.42
43 0.00510768130216048 0.43
44 0.008705062541778611 0.44
45 0.009391752914157968 0.45
46 0.01101173143414425 0.46
47 0.01430326047902603 0.47
48 0.01594175371100182 0.48
49 0.01083167747003982 0.49
50 0.004343541328691178 0.5
51 0.005558215683518553 0.51
52 0.00289050782071236 0.52
53 0.000328455456077334 0.53
54 0.003052050220887691 0.54
55 0.00442426090164209 0.55
56 0.005321482093774985 0.5600000000000001
57 0.006045204714382297 0.5700000000000001
58 0.007428997649043825 0.58
59 0.007817626174251649 0.59
60 0.007906927798583353 0.6
61 0.007597360586169735 0.61
62 0.007342228033890189 0.62
63 0.007077933069027487 0.63
64 0.006514396624828903 0.64
65 0.005705717485260428 0.65
66 0.005229122631639535 0.66
67 0.004867356865327729 0.67
68 0.00462624174788695 0.68
69 0.004275969362517347 0.6900000000000001
70 0.004925071169662721 0.7000000000000001
71 0.005444425337338887 0.71
72 0.005398575823783457 0.72
73 0.005157702681943134 0.73
74 0.005102959548402571 0.74
75 0.00538372777413022 0.75
76 0.005444766453244723 0.76
77 0.005424761311381556 0.77
78 0.005451219073128906 0.78
79 0.005429214453192839 0.79
80 0.00541220103742629 0.8
81 0.005473802876824058 0.8100000000000001
82 0.00510964085696837 0.8200000000000001
83 0.004979823066813355 0.8300000000000001
84 0.004763068338557878 0.84
85 0.004575861397110928 0.85
86 0.004484990419490371 0.86
87 0.004476331608874375 0.87
88 0.00445909754151607 0.88
89 0.004488751062955137 0.89
90 0.004631138187324194 0.9
91 0.004458103064647643 0.91
92 0.004560210400102776 0.92
93 0.004563558956401496 0.93
94 0.004595749294776397 0.9400000000000001
95 0.004551337611836945 0.9500000000000001
96 0.004513382391158768 0.96
97 0.004556356386806459 0.97
98 0.004582978123807174 0.98
99 0.004557837374397605 0.99
100 0.004497556044196174 1
101 0.004469982479251032 1.01
102 0.00446648152003 1.02
103 0.004472114130842739 1.03
104 0.004453671662426911 1.04
105 0.00430018265285264 1.05
106 0.00421913007352389 1.06
107 0.004202550387163426 1.07
108 0.0042009598618932 1.08
109 0.004111692649358741 1.09
110 0.004045370864148572 1.1
111 0.003988069609491766 1.11
112 0.003956702200006084 1.12
113 0.003940840716856679 1.13
114 0.003938933066016073 1.14
115 0.003940846286265672 1.15
116 0.003943512231465135 1.16
117 0.003915526791371176 1.17
118 0.003882190661334019 1.18
119 0.00386754206700185 1.19
120 0.0038681915846907 1.2
121 0.003875388194421148 1.21
122 0.003891367650514078 1.22
123 0.00390663994879596 1.23
124 0.003918915808375127 1.24
125 0.003922247844626754 1.25
126 0.003926701576807664 1.26
127 0.003915408122271043 1.27
128 0.003888835516904315 1.28
129 0.003859735995493427 1.29
130 0.003824851231513306 1.3
131 0.003808049843776355 1.31
132 0.003800560955846719 1.32
133 0.003805017809702511 1.33
134 0.003811657550513624 1.34
135 0.003812175418286511 1.35
136 0.003800205068028716 1.36
137 0.003784945366888486 1.37
138 0.003771530173362063 1.38
139 0.003758528187409529 1.39
140 0.003763863758046895 1.4
141 0.003769473522538768 1.41
142 0.003743011856753707 1.42
143 0.003691224930442681 1.43
144 0.003630820696469115 1.44
145 0.003571665083637279 1.45
146 0.003533009766046234 1.46
147 0.00351082621196434 1.47
148 0.00349600301472542 1.48
149 0.003480305265535669 1.49
150 0.003472304780904142 1.5
151 0.003456344970852645 1.51
152 0.003445412130582848 1.52
153 0.003439202300745701 1.53
154 0.003432002572719944 1.54
155 0.003422260067816655 1.55
156 0.003416992948811388 1.56
157 0.00340970797275875 1.57
158 0.003405613910328262 1.58
159 0.003409931640296494 1.59
160 0.003419767481857568 1.6
161 0.003431478016561632 1.61
162 0.003442076353585434 1.62
163 0.003447926181022354 1.63
164 0.003450371031709799 1.64
165 0.003445380876071401 1.65
166 0.003438068619633913 1.66
167 0.003428382682835476 1.67
168 0.003404101110053955 1.68
169 0.003375263999971671 1.69
170 0.003336017078061526 1.7
171 0.00328966171379861 1.71
172 0.003245355747025211 1.72
173 0.003225208747749727 1.73
174 0.003208239167453008 1.74
175 0.00319715696599848 1.75
176 0.003193865066669615 1.76
177 0.003198175989120687 1.77
178 0.003204259571252706 1.78
179 0.003205571650614809 1.79
180 0.003200443215013957 1.8
181 0.00318786377386298 1.81
182 0.003170233961720007 1.82
183 0.00315006597878683 1.83
184 0.003131657102685894 1.84
185 0.003114510761124291 1.85
186 0.003102599344518326 1.86
187 0.003096349873719957 1.87
188 0.003094658558365762 1.88
189 0.003093767860639382 1.89
190 0.003095989886498503 1.9
191 0.003101192902190571 1.91
192 0.003105582939895074 1.92
193 0.003113004093124021 1.93
194 0.003121417242527895 1.94
195 0.003132068625215131 1.95
196 0.003144290718185588 1.96
197 0.003157679329074691 1.97
198 0.003169553770426988 1.98
199 0.003184016733123785 1.99
200 0.003190083637353985 2
201 0.003194000433812124 2.01
202 0.00319741684007472 2.02
203 0.003202185550289543 2.03
204 0.003205910515920857 2.04
205 0.003208954044728263 2.05
206 0.003208880730509824 2.06
207 0.003206947423987506 2.07
208 0.003202302927329037 2.08
209 0.003196842462584556 2.09
210 0.003191087124545876 2.1
211 0.003182967659907835 2.11
212 0.003172891513054908 2.12
213 0.003161796514644825 2.13
214 0.003149454025719676 2.14
215 0.003137527212394381 2.15
216 0.003123137089898847 2.16
217 0.003107602235449865 2.17
218 0.003092322029775788 2.18
219 0.00307520634433173 2.19
220 0.003056156559822283 2.2
221 0.00303792534831001 2.21
222 0.003018028019867686 2.22
223 0.002994847250170213 2.23
224 0.002973471379403916 2.24
225 0.002954171442792794 2.25
226 0.002938531438603356 2.26
227 0.002921763811311155 2.27
228 0.002904197154446418 2.28
229 0.0028842468883753 2.29
230 0.002867872465810772 2.3
231 0.002848520538164298 2.31
232 0.002831703218102964 2.32
233 0.00281539735985907 2.33
234 0.002803214994484091 2.34
235 0.00279391485059609 2.35
236 0.002785874769355578 2.36
237 0.002777626275416828 2.37
238 0.00277134709352257 2.38
239 0.00276496218847247 2.39
240 0.002759812937281642 2.4
241 0.002755170943810668 2.41
242 0.002751370525011105 2.42
243 0.002747041726264584 2.43
244 0.002744491328297134 2.44
245 0.002743819855981933 2.45
246 0.002745079972663468 2.46
247 0.002747338076431715 2.47
248 0.002749753530058147 2.48
249 0.002752311705761923 2.49
250 0.002755037381537911 2.5
251 0.002757086491465053 2.51
252 0.002759319192083279 2.52
253 0.002760368046253207 2.53
254 0.002762193679778405 2.54
255 0.002763184207143991 2.55
256 0.002764055921255415 2.56
257 0.002766451436246519 2.57
258 0.002767362605801574 2.58
259 0.002767098677758031 2.59
260 0.002764367728186112 2.6
261 0.00276121419774979 2.61
262 0.002757886825115543 2.62
263 0.002756312416467201 2.63
264 0.002755553903317273 2.64
265 0.002755960250925803 2.65
266 0.002756111500588417 2.66
267 0.002755526382189094 2.67
268 0.002754566238544816 2.68
269 0.002752425470155778 2.69
270 0.002750496337451398 2.7
271 0.002748584801141374 2.71
272 0.002747265046365504 2.72
273 0.002745035422358058 2.73
274 0.002742836072810836 2.74
275 0.002740664947184994 2.75
276 0.002739060161915201 2.76
277 0.00273808051574722 2.77
278 0.00273695299416591 2.78
279 0.002735581162789574 2.79
280 0.002733884796160057 2.8
281 0.002732049396379763 2.81
282 0.002729931633108258 2.82
283 0.002728011489000193 2.83
284 0.002725823231229905 2.84
285 0.002723454582351119 2.85
286 0.002720221351828873 2.86
287 0.002717869891277602 2.87
288 0.002715107011367322 2.88
289 0.00271221582268704 2.89
290 0.002709050872485921 2.9
291 0.002705411002215868 2.91
292 0.002700129225096555 2.92
293 0.002695228432955915 2.93
294 0.002691387017651696 2.94
295 0.002690289134024882 2.95
296 0.002688928912802077 2.96
297 0.002686363065719087 2.97
298 0.002682664748168593 2.98
299 0.002676832547688107 2.99
300 0.002669101876524674 3
301 0.002661816460810556 3.01
302 0.002654504228040032 3.02
303 0.002647115254267661 3.03
304 0.002639741789145382 3.04
305 0.002633557978524869 3.05
306 0.002626795087950362 3.06
307 0.002619727590427461 3.07
308 0.002613309573456814 3.08
309 0.002606466638386784 3.09
310 0.00260218073293398 3.1
311 0.002596006384495156 3.11
312 0.002590032923991287 3.12
313 0.002584919424738407 3.13
314 0.00258112944528428 3.14
315 0.002578134859812911 3.15
316 0.002576645201424702 3.16
317 0.002575772103922912 3.17
318 0.00257444999566432 3.18
319 0.002573531840827162 3.19
320 0.002574023758480792 3.2
321 0.002575113825289696 3.21
322 0.002575997959367348 3.22
323 0.002577334832713453 3.23
324 0.002579936738205255 3.24
325 0.002582088787440944 3.25
326 0.002585401609240661 3.26
327 0.002589987001951144 3.27
328 0.002595353630362387 3.28
329 0.002601952449843027 3.29
330 0.00260689564991501 3.3
331 0.002613191852834693 3.31
332 0.002622130902677522 3.32
333 0.002630021337137833 3.33
334 0.002637418467418138 3.34
335 0.002644072631362614 3.35
336 0.002650102521603232 3.36
337 0.002655383997704375 3.37
338 0.002660494130082175 3.38
339 0.002666461042783379 3.39
340 0.00267267533357159 3.4
341 0.00267741056311622 3.41
342 0.002683275760591844 3.42
343 0.002688660616497762 3.43
344 0.002694044502988092 3.44
345 0.002699409256869512 3.45
346 0.002703685924739034 3.46
347 0.002707314195750573 3.47
348 0.002710591539997986 3.48
349 0.002712945209084189 3.49
350 0.002714702264842338 3.5
351 0.002716036051069098 3.51
352 0.002717226827257028 3.52
353 0.002718207081291991 3.53
354 0.002717400064535816 3.54
355 0.002717367368233857 3.55
356 0.00271690927099218 3.56
357 0.002716160254746186 3.57
358 0.002714821278633896 3.58
359 0.002713303196204499 3.59
360 0.002712527634416579 3.6
361 0.002711654226354856 3.61
362 0.002711318606430417 3.62
363 0.00271143105318329 3.63
364 0.002711510989506142 3.64
365 0.002711993691807663 3.65
366 0.002712569916712549 3.66
367 0.002712703604352638 3.67
368 0.002712824330079704 3.68
369 0.002711547641037254 3.69
370 0.002713176861019437 3.7
371 0.00271414052326833 3.71
372 0.002716289772870658 3.72
373 0.002718921421381453 3.73
374 0.002722134181869122 3.74
375 0.002724747741767737 3.75
376 0.002726459725861323 3.76
377 0.002727145909769593 3.77
378 0.002730546898398859 3.78
379 0.002735625191529277 3.79
380 0.002740012873740906 3.8
381 0.002744553453892015 3.81
382 0.002749410460799394 3.82
383 0.002754267931399575 3.83
384 0.002760762494457454 3.84
385 0.002766184103559121 3.85
386 0.002772363007342194 3.86
387 0.002778992432968017 3.87
388 0.002785272759708329 3.88
389 0.002791996486049076 3.89
390 0.002798991364013029 3.9
391 0.00280567253068807 3.91
392 0.002812764869369709 3.92
393 0.002820696073059206 3.93
394 0.002828654982930764 3.94
395 0.002836583895001995 3.95
396 0.002844475557844678 3.96
397 0.002852383206771751 3.97
398 0.002860104327790753 3.98
399 0.002868414865035748 3.99
400 0.002877026027838807 4
401 0.002885504886994976 4.01
402 0.002893899224126174 4.02
403 0.002902684692575345 4.03
404 0.002911614278325151 4.04
405 0.002921069183778879 4.05
406 0.002929665772762588 4.06
407 0.002938705709500868 4.07
408 0.002948013393522469 4.08
409 0.002957301278005656 4.09
410 0.002966259138708483 4.1
411 0.002975826771179749 4.11
412 0.002985798946735504 4.12
413 0.002995975799678623 4.13
414 0.003006393360223163 4.14
415 0.003016756775947408 4.15
416 0.003027237498625447 4.16
417 0.003038158919458855 4.17
418 0.003049102509963302 4.18
419 0.003060327033659081 4.19
420 0.003071724790768986 4.2
421 0.003083109568803798 4.21
422 0.003095102327929502 4.22
423 0.003107234314806025 4.23
424 0.003119129594472273 4.24
425 0.003131012961226439 4.25
426 0.00314332946030834 4.26
427 0.003155201659620662 4.27
428 0.003167206183950676 4.28
429 0.003179909282194273 4.29
430 0.003192260906507026 4.3
431 0.003204863246810033 4.31
432 0.003217955569777067 4.32
433 0.003230710141537408 4.33
434 0.003243369186125757 4.34
435 0.003255879101668614 4.350000000000001
436 0.003268105160309474 4.36
437 0.00328061512893507 4.37
438 0.003293456851304315 4.38
439 0.003306048385720356 4.39
440 0.00331898447934522 4.4
441 0.003332210412783063 4.41
442 0.003345705081355649 4.42
443 0.003358964429291856 4.43
444 0.003372446256669727 4.44
445 0.003386246037309547 4.45
446 0.003400172675710402 4.46
447 0.003414092501613392 4.47
448 0.003427801252227237 4.48
449 0.003441687186009207 4.49
450 0.003455787423785762 4.5
451 0.003469438399302409 4.51
452 0.003483820243047686 4.52
453 0.003498687626116432 4.53
454 0.003513239342603962 4.54
455 0.003528273670257596 4.55
456 0.003543567281035265 4.56
457 0.003558743952546906 4.57
458 0.003574369744245709 4.58
459 0.003589264301817597 4.59
460 0.003605037924980906 4.600000000000001
461 0.003621695654490517 4.61
462 0.003638008467901086 4.62
463 0.003654637218704796 4.63
464 0.003672526303297795 4.64
465 0.003690443593608312 4.65
466 0.003707917217270332 4.66
467 0.003725948171652345 4.67
468 0.003745252784972746 4.68
469 0.003764407786612831 4.69
470 0.003783229419015832 4.7
471 0.003802163906809923 4.71
472 0.003820991842833589 4.72
473 0.003840455766469417 4.73
474 0.003860619104909601 4.74
475 0.003880305537598119 4.75
476 0.003900143339663976 4.76
477 0.003920902007831788 4.77
478 0.003941590148611777 4.78
479 0.00396283622269554 4.79
480 0.003984553830101821 4.8
481 0.004005580156374006 4.81
482 0.004028054181511576 4.82
483 0.004050574197938677 4.83
484 0.004072770705217641 4.84
485 0.004095360355908082 4.850000000000001
486 0.004117988100544452 4.86
487 0.004140985151191431 4.87
488 0.004163871899003241 4.88
489 0.004187080728409669 4.89
490 0.00421085086513368 4.9
491 0.004234950613546449 4.91
492 0.00425823438113 4.92
493 0.004281545232819949 4.93
494 0.004305515324723612 4.94
495 0.004330194874308895 4.95
496 0.0043552557413411 4.96
497 0.004380663425444161 4.97
498 0.004405989338104231 4.98
499 0.004431639336072138 4.99
500 0.004457818356270344 5
501 0.004483501903282486 5.01
502 0.00451011043443111 5.02
503 0.004537554947058424 5.03
504 0.004564124902493881 5.04
505 0.004591745304956835 5.05
506 0.004618854304961947 5.06
507 0.004645683956618787 5.07
508 0.004672756496490175 5.08
509 0.004700262189054507 5.09
510 0.00472856297176096 5.100000000000001
511 0.004756502569965713 5.11
512 0.004785719686620846 5.12
513 0.004814284106738171 5.13
514 0.004844237507014801 5.14
515 0.004871372057565273 5.15
516 0.004900206271380571 5.16
517 0.004929226204991248 5.17
518 0.004957698389857074 5.18
519 0.004985196606368401 5.19
520 0.00501460059929176 5.2
521 0.005042735118277174 5.21
522 0.00507135376957138 5.22
523 0.005100134537819552 5.23
524 0.005130271316200717 5.24
525 0.00515824896969092 5.25
526 0.005185776298777291 5.26
527 0.005213978514110184 5.27
528 0.005242827459358409 5.28
529 0.005272389231364949 5.29
530 0.005301829435557117 5.3
531 0.005329934862077867 5.31
532 0.005358568991293007 5.32
533 0.00538804466620482 5.33
534 0.005416612846378016 5.34
535 0.00544737674152344 5.350000000000001
536 0.005478201080019856 5.36
537 0.005508112645686715 5.37
538 0.005538643325323498 5.38
539 0.005569940327212889 5.39
540 0.005601183150306293 5.4
541 0.005632033364960374 5.41
542 0.005666408077221862 5.42
543 0.005698111381335361 5.43
544 0.005732536185918383 5.44
545 0.005766780987417544 5.45
546 0.005801109580411561 5.46
547 0.005835338245767079 5.47
548 0.005869502156070801 5.48
549 0.005904992424092946 5.49
550 0.005939554451732802 5.5
551 0.005971877564043989 5.51
552 0.006005439840160328 5.52
553 0.006040771837326254 5.53
554 0.006076919068982117 5.54
555 0.00611294069233019 5.55
556 0.006147930984816866 5.56
557 0.006181668048230116 5.57
558 0.006214683829686303 5.58
559 0.006249078793623795 5.59
560 0.006284568845049975 5.600000000000001
561 0.006318965660556392 5.61
562 0.006353228618808984 5.62
563 0.006385828417505911 5.63
564 0.006420385117835194 5.64
565 0.006454788408623182 5.65
566 0.006489003762207688 5.66
567 0.006525936979299752 5.67
568 0.006564924850188713 5.68
569 0.006604960592155547 5.69
570 0.00664218410914204 5.7
571 0.006679939474329825 5.71
572 0.006716702719783746 5.72
573 0.00675742940636961 5.73
574 0.006798941120717085 5.74
575 0.006842657931089359 5.75
576 0.006890449905437022 5.76
577 0.006936451757187939 5.77
578 0.006979577645332243 5.78
579 0.007029703957633146 5.79
580 0.007078881234316832 5.8
581 0.007122479615509839 5.81
582 0.007173820316599284 5.82
583 0.007230273466877714 5.83
584 0.007279777327126959 5.84
585 0.007328945279034667 5.850000000000001
586 0.007375725134179077 5.86
587 0.007426228081783993 5.87
588 0.007469275279864067 5.88
589 0.007520967087288305 5.89
590 0.007574974620915441 5.9
591 0.007622720189993017 5.91
592 0.007662331479540605 5.92
593 0.007698348694464421 5.93
594 0.0077453497104835 5.94
595 0.007787558614549779 5.95
596 0.007830237622027045 5.96
597 0.007865616071425118 5.97
598 0.007905547969427261 5.98
599 0.007944310610751697 5.99
600 0.007972768810297796 6
601 0.008006053626158253 6.01
602 0.008038626779649755 6.02
603 0.008066358090857807 6.03
604 0.008095204894732429 6.04
605 0.00812862507909894 6.05
606 0.00815819616885889 6.06
607 0.008186330649098185 6.07
608 0.008218468116770289 6.08
609 0.008247089823349025 6.09
610 0.008280755089227911 6.100000000000001
611 0.008304190057413422 6.11
612 0.008334101585744757 6.12
613 0.008369744522911114 6.13
614 0.008404634569818853 6.140000000000001
615 0.008447054362128333 6.15
616 0.008481770465123273 6.16
617 0.008522856635198235 6.17
618 0.008571708689122519 6.18
619 0.008620159966854883 6.19
620 0.0086751284715281 6.2
621 0.008724255092929583 6.21
622 0.008771772157068062 6.22
623 0.008829798223640438 6.23
624 0.008883371428852612 6.24
625 0.00894395333679099 6.25
626 0.008991543353472338 6.26
627 0.009045276725244628 6.27
628 0.009094071089095483 6.28
629 0.009138891062401323 6.29
630 0.009189562856681785 6.3
631 0.009233318676556711 6.31
632 0.009262886660551889 6.32
633 0.009290452696224728 6.33
634 0.009306301468986413 6.34
635 0.009323305278767706 6.350000000000001
636 0.009338936822306508 6.36
637 0.009350288610733871 6.37
638 0.009368145949479443 6.38
639 0.009372008831233403 6.390000000000001
640 0.009385283978359082 6.4
641 0.009378664439150803 6.41
642 0.009376301955740796 6.42
643 0.009383931908796437 6.43
644 0.00939004170780375 6.44
645 0.009404612688484682 6.45
646 0.009421853951627398 6.46
647 0.009440294551585833 6.47
648 0.009450034557336142 6.48
649 0.009477987723486733 6.49
650 0.009504278597664173 6.5
651 0.00954190346345647 6.51
652 0.009594912108654447 6.52
653 0.009651223617031839 6.53
654 0.009696897791529852 6.54
655 0.009742766519455491 6.55
656 0.009797409566219398 6.56
657 0.009853107891822671 6.57
658 0.009908677589533923 6.58
659 0.009967982451119187 6.59
660 0.01001397215430888 6.600000000000001
661 0.01007858421813277 6.61
662 0.01013825650142119 6.62
663 0.01018002935842737 6.63
664 0.01023273186356957 6.640000000000001
665 0.01027369851703401 6.65
666 0.01031178806345758 6.66
667 0.01035654529861476 6.67
668 0.01038957304234695 6.68
669 0.01041424400429293 6.69
670 0.01045570155013678 6.7
671 0.01049183789459869 6.71
672 0.01051562322205447 6.72
673 0.01054066417185261 6.73
674 0.01056948164138046 6.74
675 0.01059826968580273 6.75
676 0.01061720873968488 6.76
677 0.01063748664729964 6.77
678 0.01065752638000362 6.78
679 0.01067671826447077 6.79
680 0.01069953970800981 6.8
681 0.01071015656973911 6.81
682 0.01072230560382954 6.82
683 0.01073274337275223 6.83
684 0.01074637889449265 6.84
685 0.01077632045194632 6.850000000000001
686 0.010783238245992 6.86
687 0.01078120124421684 6.87
688 0.01077264395884546 6.88
689 0.01077802855727465 6.890000000000001
690 0.01077631854604414 6.9
691 0.01078491055570926 6.91
692 0.01078847038065736 6.92
693 0.01078626874499944 6.93
694 0.01078638397043513 6.94
695 0.01078227104845558 6.95
696 0.01077569465021054 6.96
697 0.01076228449653135 6.97
698 0.01072531297275588 6.98
699 0.01072446684723562 6.99
700 0.01073369018626964 7
701 0.01072492188490931 7.01
702 0.01071599995433992 7.02
703 0.01070509791130771 7.03
704 0.01068617089138785 7.04
705 0.01067722186228927 7.05
706 0.01067306781699392 7.06
707 0.01066202946340676 7.07
708 0.01065175994028999 7.08
709 0.01063476384400526 7.09
710 0.01063684792016538 7.100000000000001
711 0.01063086788740386 7.11
712 0.01063228236297758 7.12
713 0.0106386541121443 7.13
714 0.01064924258195785 7.140000000000001
715 0.01065737854399717 7.15
716 0.0106702790184189 7.16
717 0.01069743534696009 7.17
718 0.01073817230592301 7.18
719 0.01078676221036931 7.19
720 0.01083544615944018 7.2
721 0.01089217960838602 7.21
722 0.01095549408736963 7.22
723 0.01102460246694931 7.23
724 0.0111108128507133 7.24
725 0.01120233844548322 7.25
726 0.01129632152255503 7.26
727 0.01140240810882587 7.27
728 0.01150802650043188 7.28
729 0.01162764331303808 7.29
730 0.01176121381838873 7.3
731 0.01189033570437082 7.31
732 0.01202492668064885 7.32
733 0.01216031205369682 7.33
734 0.01229870792691528 7.34
735 0.01243910193103869 7.350000000000001
736 0.01258049943675296 7.36
737 0.01272260456357084 7.37
738 0.01286992923973717 7.38
739 0.01300309906287065 7.390000000000001
740 0.01313401887788314 7.4
741 0.01322923635047005 7.41
742 0.01334173542919165 7.42
743 0.01345197964594651 7.43
744 0.01359106917529157 7.44
745 0.01371070036618355 7.45
746 0.01385406093416507 7.46
747 0.0139821121867558 7.47
748 0.01406978459149724 7.48
749 0.01413426072037101 7.49
750 0.01419560323080414 7.5
751 0.01425964162872449 7.51
752 0.01432054440791485 7.52
753 0.01437259169033329 7.53
754 0.01443041550812152 7.54
755 0.0144925937249638 7.55
756 0.01455394795152087 7.56
757 0.01460085176527168 7.57
758 0.01466549794472291 7.58
759 0.01471640225422177 7.59
760 0.01476301629691723 7.600000000000001
761 0.01481305879522062 7.61
762 0.01485772220631636 7.62
763 0.01490316963583858 7.63
764 0.01495416561482199 7.640000000000001
765 0.01501040681365432 7.65
766 0.01506193937772933 7.66
767 0.0151119413023605 7.67
768 0.01516481299399532 7.68
769 0.01521693656915576 7.69
770 0.01525738467197183 7.7
771 0.01531343612260068 7.71
772 0.0153600263930965 7.72
773 0.0154098742162754 7.73
774 0.01547018491125698 7.74
775 0.01553996055816859 7.75
776 0.01560709679843594 7.76
777 0.01567851713510628 7.77
778 0.01574964442249493 7.78
779 0.01583081094090621 7.79
780 0.01590669940953285 7.8
781 0.01595526973210742 7.81
782 0.01601735525313498 7.82
783 0.01607600102545568 7.83
784 0.01612816675754929 7.84
785 0.01618696726094231 7.850000000000001
786 0.0162392282516455 7.86
787 0.01629474183864459 7.87
788 0.01634191088055376 7.88
789 0.01638242497710428 7.890000000000001
790 0.01643957436193627 7.9
791 0.01650341190977821 7.91
792 0.01653832410947964 7.92
793 0.01659071422023179 7.930000000000001
794 0.01665088586051049 7.94
795 0.01668396720127819 7.95
796 0.01672218509417068 7.96
797 0.01676275169520565 7.97
798 0.01680566847725938 7.98
799 0.01685107008602997 7.99
800 0.01690182058210715 8
801 0.01694869834014034 8.01
802 0.01699394370020879 8.02
803 0.01702606095709194 8.029999999999999
804 0.01707347378066762 8.040000000000001
805 0.01712863034784014 8.050000000000001
806 0.0171610216786935 8.06
807 0.01718371470529669 8.07
808 0.0172078162732863 8.08
809 0.0172355300023577 8.09
810 0.01727123910724659 8.1
811 0.01731836582242983 8.109999999999999
812 0.017358207141789 8.120000000000001
813 0.01739619770900351 8.130000000000001
814 0.01743839791244921 8.140000000000001
815 0.01747707971150288 8.15
816 0.01752730334890697 8.16
817 0.01757261582189314 8.17
818 0.01762232190840994 8.18
819 0.01765342881361035 8.19
820 0.01770891323873014 8.199999999999999
821 0.01775516138921236 8.210000000000001
822 0.01779857446793454 8.220000000000001
823 0.01786780145939312 8.23
824 0.01791179298581611 8.24
825 0.0179608028285205 8.25
826 0.01801425221442664 8.26
827 0.01807711098447234 8.27
828 0.01813193218726739 8.279999999999999
829 0.01817387264064112 8.290000000000001
830 0.01821807068069944 8.300000000000001
831 0.01827070253764973 8.31
832 0.01831193170829359 8.32
833 0.01832634855800555 8.33
834 0.01833566159633331 8.34
835 0.01833626100583889 8.35
836 0.01832539078090613 8.359999999999999
837 0.01830255728166278 8.370000000000001
838 0.0182802018543473 8.380000000000001
839 0.01825007304880585 8.390000000000001
840 0.01822722293754723 8.4
841 0.01817240591508449 8.41
842 0.01809696692369673 8.42
843 0.01805035104462059 8.43
844 0.01797186670674891 8.44
845 0.01788146569818048 8.449999999999999
846 0.01778674806530246 8.460000000000001
847 0.01766560943660351 8.470000000000001
848 0.01757277139430501 8.48
849 0.01745260463067001 8.49
850 0.01736796248971464 8.5
851 0.01725224302433651 8.51
852 0.01708557089933874 8.52
853 0.01697872751518267 8.529999999999999
854 0.0168498311803769 8.540000000000001
855 0.01678507716018935 8.550000000000001
856 0.01671957739527098 8.56
857 0.01660723238016286 8.57
858 0.01650153901822204 8.58
859 0.01648083824865039 8.59
860 0.01641752554030166 8.6
861 0.01642054522288562 8.609999999999999
862 0.01636873938240329 8.620000000000001
863 0.01634920916627748 8.630000000000001
864 0.01635072406173329 8.640000000000001
865 0.01635708245095069 8.65
866 0.01634614451725667 8.66
867 0.01633979892089715 8.67
868 0.01635509979179927 8.68
869 0.01635132441693802 8.69
870 0.01637272730138611 8.700000000000001
871 0.01641116038741453 8.710000000000001
872 0.0164230727032727 8.720000000000001
873 0.01643881888420226 8.73
874 0.01643532849046615 8.74
875 0.01644386609862158 8.75
876 0.01643458758643288 8.76
877 0.01642915904280185 8.77
878 0.01644497186527115 8.779999999999999
879 0.01638681405462937 8.790000000000001
880 0.01635982130842939 8.800000000000001
881 0.01631953081504961 8.81
882 0.0163101339300757 8.82
883 0.01631218047312757 8.83
884 0.01631409366862277 8.84
885 0.01628756980969132 8.85
886 0.01625993965757052 8.859999999999999
887 0.01619419262559191 8.870000000000001
888 0.0161677097733929 8.880000000000001
889 0.01611977934701343 8.890000000000001
890 0.01610284302241704 8.9
891 0.01604493674263662 8.91
892 0.01604359223794816 8.92
893 0.01602519676730477 8.93
894 0.01596819104594029 8.94
895 0.01590002517827066 8.950000000000001
896 0.01588754157820352 8.960000000000001
897 0.01585987898082347 8.970000000000001
898 0.01582921249626055 8.98
899 0.01584174032499793 8.99
900 0.01582347016856071 9
901 0.01579285566114469 9.01
902 0.01577350360834444 9.02
903 0.01575124544362594 9.029999999999999
904 0.01575897747370181 9.040000000000001
905 0.01572193022493238 9.050000000000001
906 0.01568089122883665 9.06
907 0.01571359164719268 9.07
908 0.01571404887261699 9.08
909 0.0157272585881714 9.09
910 0.01569208902736939 9.1
911 0.01565528357025606 9.109999999999999
912 0.01564083369385227 9.120000000000001
913 0.01565379745337149 9.130000000000001
914 0.01564418660493526 9.140000000000001
915 0.01560930738814785 9.15
916 0.01557223195778466 9.16
917 0.01553924044523593 9.17
918 0.0155357674696525 9.18
919 0.01553243461277009 9.19
920 0.01552604130277374 9.200000000000001
921 0.01551933226145779 9.210000000000001
922 0.01551278224417022 9.220000000000001
923 0.01549680341291209 9.23
924 0.0154933156685049 9.24
925 0.01548094336905081 9.25
926 0.01546522801756571 9.26
927 0.01549381813035559 9.27
928 0.01549794004041821 9.279999999999999
929 0.01549212675452878 9.290000000000001
930 0.01545181983664694 9.300000000000001
931 0.01545652493647315 9.31
932 0.01547709519498185 9.32
933 0.01551944066415095 9.33
934 0.01554457654288971 9.34
935 0.01558563487631077 9.35
936 0.01557491940309478 9.359999999999999
937 0.01561466490490457 9.370000000000001
938 0.01565454624154154 9.380000000000001
939 0.01573075228163372 9.390000000000001
940 0.01579039495271613 9.4
941 0.01585150202092508 9.41
942 0.01590525933773433 9.42
943 0.01596663128740584 9.43
944 0.0160514299258663 9.44
945 0.01612864856902403 9.450000000000001
946 0.01622498994131543 9.460000000000001
947 0.01630843810821444 9.470000000000001
948 0.01641558213874799 9.48
949 0.01657121078078196 9.49
950 0.01672102629999626 9.5
951 0.01684278327894604 9.51
952 0.01699581233010243 9.52
953 0.01712281104099379 9.529999999999999
954 0.01726418776110707 9.540000000000001
955 0.01742855193947375 9.550000000000001
956 0.01759783974748582 9.56
957 0.01777297037118458 9.57
958 0.0179208325314791 9.58
959 0.01810268351184751 9.59
960 0.01824897854336686 9.6
961 0.01840552160715429 9.609999999999999
962 0.01859161909415394 9.620000000000001
963 0.01875683612499945 9.630000000000001
964 0.01887782309008302 9.640000000000001
965 0.01897279889704344 9.65
966 0.01910937938724065 9.66
967 0.01923096645627416 9.67
968 0.01936194912653019 9.68
969 0.01944479186478409 9.69
970 0.01952928806106372 9.700000000000001
971 0.01960677863781734 9.710000000000001
972 0.01968214204840454 9.720000000000001
973 0.01972506426524165 9.73
974 0.01977701632843472 9.74
975 0.01981895596783012 9.75
976 0.01985106176215652 9.76
977 0.01987074056718332 9.77
978 0.01992315380247549 9.779999999999999
979 0.01995063390063606 9.790000000000001
980 0.01996435278043696 9.800000000000001
981 0.01992248179556604 9.81
982 0.01991000279451378 9.82
983 0.01989495362823362 9.83
984 0.0198723067357052 9.84
985 0.01979565851423255 9.85
986 0.01974841370094677 9.859999999999999
987 0.0197412572404309 9.870000000000001
988 0.01971563009819082 9.880000000000001
989 0.019667560226115 9.890000000000001
990 0.01965569313479436 9.9
991 0.01966811245461685 9.91
992 0.0196646598111009 9.92
993 0.01963399909808947 9.93
994 0.01963220579624494 9.94
995 0.01959167897138736 9.950000000000001
996 0.01956509928287085 9.960000000000001
997 0.01953115167102173 9.970000000000001
998 0.01954726605864739 9.98
999 0.01957056936917001 9.99
1000 0.0195833716162579 10
1001 0.01959811608585404 10.01
1002 0.01962618326702358 10.02
1003 0.01962372687204426 10.03
1004 0.01965987808047888 10.04
1005 0.01968215823159757 10.05
1006 0.01969827524860689 10.06
1007 0.01968319204152459 10.07
1008 0.0197304442099244 10.08
1009 0.01970527757410986 10.09
1010 0.01968472812900918 10.1
1011 0.01964788640009517 10.11
1012 0.01963127533529083 10.12
1013 0.01958670224488153 10.13
1014 0.01954574687109509 10.14
1015 0.019474523501832 10.15
1016 0.01939301655457704 10.16
1017 0.01926478247975368 10.17
1018 0.0191635736441375 10.18
1019 0.01899114369065192 10.19
1020 0.01891476587238568 10.2
1021 0.01880099685698949 10.21
1022 0.01864168171208064 10.22
1023 0.01850200592143623 10.23
1024 0.01833032017121958 10.24
1025 0.01811808592208394 10.25
1026 0.01794441407313869 10.26
1027 0.01777108764265827 10.27
1028 0.01754583895935643 10.28
1029 0.01738175944306426 10.29
1030 0.01711725981843606 10.3
1031 0.01698468539542857 10.31
1032 0.01676528580722798 10.32
1033 0.01653813116491607 10.33
1034 0.016389353363096 10.34
1035 0.01627214974208285 10.35
1036 0.01618220204218297 10.36
1037 0.01600038171399299 10.37
1038 0.01594237171459074 10.38
1039 0.01587884615805855 10.39
1040 0.01579448981104853 10.4
1041 0.01572547628379006 10.41
1042 0.01571008441092225 10.42
1043 0.01569945697504969 10.43
1044 0.01569314607954092 10.44
1045 0.01569238040997905 10.45
1046 0.0156781510165121 10.46
1047 0.01565745227926028 10.47
1048 0.01578759027127729 10.48
1049 0.01576134256126951 10.49
1050 0.01580874288839907 10.5
1051 0.01583302352007306 10.51
1052 0.01586869317826966 10.52
1053 0.01592776627513191 10.53
1054 0.01594969659290052 10.54
1055 0.01597339362933851 10.55
1056 0.01603423215779446 10.56
1057 0.01604826644308817 10.57
1058 0.01610788717463649 10.58
1059 0.01613182349112644 10.59
1060 0.01615027678452466 10.6
1061 0.01615752576631296 10.61
1062 0.01616392202965473 10.62
1063 0.01615479252311884 10.63
1064 0.01617567507205844 10.64
1065 0.016179527120366 10.65
1066 0.01620776212269869 10.66
1067 0.01616326551826738 10.67
1068 0.01616817648635329 10.68
1069 0.01618190202282244 10.69
1070 0.01617923302692991 10.7
1071 0.01624176307224971 10.71
1072 0.01626312968808759 10.72
1073 0.01627811983936342 10.73
1074 0.01627764158197857 10.74
1075 0.01627695587817828 10.75
1076 0.01629410135450523 10.76
1077 0.01627291172271314 10.77
1078 0.01628447905403959 10.78
1079 0.01624494315727144 10.79
1080 0.01621277500381539 10.8
1081 0.0161611738748715 10.81
1082 0.01616795579745667 10.82
1083 0.0161252455260012 10.83
1084 0.0161290921896426 10.84
1085 0.01611482301491309 10.85
1086 0.01612903188721216 10.86
1087 0.01608872637338601 10.87
1088 0.01608888589953545 10.88
1089 0.01605867483150463 10.89
1090 0.0159799983149608 10.9
1091 0.01593044660794088 10.91
1092 0.01590278639685368 10.92
1093 0.01581783351704672 10.93
1094 0.01571019294597424 10.94
1095 0.01560361004291305 10.95
1096 0.01551864330796974 10.96
1097 0.01545262834092581 10.97
1098 0.01539655661914224 10.98
1099 0.01528401519279438 10.99
1100 0.01521162515383577 11
1101 0.01511202064813992 11.01
1102 0.01504691023995309 11.02
1103 0.01494297437457894 11.03
1104 0.01485606240258421 11.04
1105 0.01481270920091205 11.05
1106 0.01475662118936521 11.06
1107 0.01467577225165825 11.07
1108 0.01456534265290193 11.08
1109 0.01449171866173708 11.09
1110 0.0144343997617456 11.1
1111 0.01438545467411556 11.11
1112 0.01430839911606548 11.12
1113 0.0142089940423956 11.13
1114 0.01410315287563478 11.14
1115 0.0139978342505783 11.15
1116 0.01393645311031159 11.16
1117 0.01387443844887391 11.17
1118 0.01382329519790334 11.18
1119 0.0137141563371072 11.19
1120 0.0136370940950759 11.2
1121 0.01354408984835159 11.21
1122 0.01350004992626141 11.22
1123 0.01339333396137803 11.23
1124 0.01329017175347259 11.24
1125 0.01323530706401312 11.25
1126 0.01316412967238774 11.26
1127 0.01307527133951895 11.27
1128 0.01299339449615685 11.28
1129 0.01288876358244892 11.29
1130 0.01282726792779757 11.3
1131 0.01272563101219427 11.31
1132 0.01264969351795196 11.32
1133 0.01257804120438637 11.33
1134 0.01249578366692604 11.34
1135 0.01239712512855076 11.35
1136 0.01226572291733522 11.36
1137 0.01217501299632254 11.37
1138 0.01206542956732144 11.38
1139 0.01194389992335211 11.39
1140 0.01183587477309881 11.4
1141 0.01175053419917666 11.41
1142 0.01168874017803799 11.42
1143 0.01166137077574324 11.43
1144 0.0116480563332515 11.44
1145 0.01157792934258571 11.45
1146 0.01152885420845269 11.46
1147 0.01146316151507879 11.47
1148 0.01142625609340496 11.48
1149 0.01134509218580973 11.49
1150 0.01127629879343931 11.5
1151 0.01121393696785043 11.51
1152 0.01118356332292943 11.52
1153 0.01119874278906258 11.53
1154 0.01125766570978821 11.54
1155 0.01133660362340739 11.55
1156 0.01139252148601137 11.56
1157 0.01147524046030762 11.57
1158 0.01156162137594972 11.58
1159 0.01164536943195547 11.59
1160 0.01174723852933846 11.6
1161 0.01184334720834716 11.61
1162 0.011936032725497 11.62
1163 0.01205682830319434 11.63
1164 0.01213014394455704 11.64
1165 0.01226750954989716 11.65
1166 0.01235425347545538 11.66
1167 0.01247436224122237 11.67
1168 0.01261942358816878 11.68
1169 0.01277418934628496 11.69
1170 0.01291599056976624 11.7
1171 0.01307464492357458 11.71
1172 0.01320865656759332 11.72
1173 0.01332666708627444 11.73
1174 0.01345948959338974 11.74
1175 0.013585051178582 11.75
1176 0.01369200990616956 11.76
1177 0.01374612434793715 11.77
1178 0.01380393949841618 11.78
1179 0.01384576450537427 11.79
1180 0.01385376889141078 11.8
1181 0.01384979005384883 11.81
1182 0.01389362490709201 11.82
1183 0.01390939253588694 11.83
1184 0.01389510910568171 11.84
1185 0.01387453154113648 11.85
1186 0.01384778222916919 11.86
1187 0.0138312185837923 11.87
1188 0.01382005156774249 11.88
1189 0.01379987944289914 11.89
1190 0.01378014839247307 11.9
1191 0.01376829724679023 11.91
1192 0.01373564483980242 11.92
1193 0.01369447184383675 11.93
1194 0.01364293616469814 11.94
1195 0.01362701104781511 11.95
1196 0.01362645867364936 11.96
1197 0.01360746653064952 11.97
1198 0.01360616170926506 11.98
1199 0.01360127983509459 11.99
1200 0.01360186308636977 12
1201 0.01364498765176248 12.01
1202 0.01365277789351226 12.02
1203 0.01363092480387993 12.03
1204 0.01363953606122124 12.04
1205 0.01365526231246171 12.05
1206 0.01368702346123542 12.06
1207 0.0137241000203329 12.07
1208 0.01372167668834046 12.08
1209 0.01374707942284499 12.09
1210 0.01371799624082641 12.1
1211 0.01377087580152767 12.11
1212 0.0138611917030474 12.12
1213 0.0139071025183377 12.13
1214 0.01390274565242694 12.14
1215 0.01386675845973639 12.15
1216 0.01384155250686145 12.16
1217 0.01384759593858893 12.17
1218 0.01388868094870896 12.18
1219 0.01391568522093477 12.19
1220 0.01389355759345882 12.2
1221 0.01388849068255586 12.21
1222 0.01385695059018153 12.22
1223 0.01383678142280461 12.23
1224 0.0137967759468636 12.24
1225 0.01372371788712789 12.25
1226 0.01365779644662689 12.26
1227 0.01362214464848697 12.27
1228 0.01355178174360342 12.28
1229 0.01353157349873499 12.29
1230 0.01347496599767778 12.3
1231 0.01345401622421213 12.31
1232 0.01337152230970882 12.32
1233 0.01332640912458461 12.33
1234 0.01321942346624191 12.34
1235 0.01307896829974734 12.35
1236 0.01289701722745988 12.36
1237 0.01270236600493638 12.37
1238 0.01253740564138337 12.38
1239 0.01235872534907723 12.39
1240 0.01220310018635928 12.4
1241 0.01205588746752045 12.41
1242 0.01195546540501362 12.42
1243 0.01178738816416363 12.43
1244 0.01166854660552531 12.44
1245 0.01154214091958518 12.45
1246 0.01141794143889067 12.46
1247 0.01124060967543527 12.47
1248 0.01100757562066277 12.48
1249 0.01082272496915501 12.49
1250 0.01056188889157296 12.5
1251 0.01039982773578577 12.51
1252 0.0103247699396089 12.52
1253 0.01020521829805656 12.53
1254 0.01011491479600499 12.54
1255 0.009992075785080452 12.55
1256 0.009866319935648307 12.56
1257 0.0097233995525859 12.57
1258 0.009602063721869175 12.58
1259 0.009522203429208089 12.59
1260 0.009426899928752298 12.6
1261 0.009291425386709542 12.61
1262 0.009142787368131311 12.62
1263 0.009068171388609297 12.63
1264 0.009027574278822042 12.64
1265 0.008961712670204113 12.65
1266 0.008904405564075936 12.66
1267 0.00883497529083903 12.67
1268 0.008744393420905969 12.68
1269 0.008697031553922197 12.69
1270 0.008628559784006843 12.7
1271 0.008615121881063319 12.71
1272 0.008565144062434044 12.72
1273 0.00852234335243111 12.73
1274 0.008534533518973056 12.74
1275 0.008502117334122853 12.75
1276 0.008451537275030993 12.76
1277 0.008275708581017047 12.77
1278 0.008157665786105158 12.78
1279 0.008116373719370256 12.79
1280 0.008087674182778049 12.8
1281 0.007973760776903465 12.81
1282 0.007904173444739756 12.82
1283 0.007807285440598237 12.83
1284 0.007733175739469731 12.84
1285 0.007672819272044237 12.85
1286 0.007615212893466463 12.86
1287 0.007513441849296939 12.87
1288 0.007464120335950302 12.88
1289 0.00744025981097305 12.89
1290 0.007369299631763975 12.9
1291 0.007249428427258302 12.91
1292 0.007222146669466299 12.92
1293 0.007131559573157305 12.93
1294 0.007053149682792506 12.94
1295 0.006964648433206109 12.95
1296 0.006846249054401706 12.96
1297 0.006750116306264002 12.97
1298 0.00665672790468597 12.98
1299 0.006690132068202063 12.99
1300 0.006731070512381427 13
1301 0.006664818030449021 13.01
1302 0.006657609935582421 13.02
1303 0.006652646201855344 13.03
1304 0.006643028658814559 13.04
1305 0.006584130614789838 13.05
1306 0.006551957269343439 13.06
1307 0.006575336112577521 13.07
1308 0.006626677050715814 13.08
1309 0.006665562873576663 13.09
1310 0.006738094777733276 13.1
1311 0.00676668628602628 13.11
1312 0.006776333677621041 13.12
1313 0.006774037658326535 13.13
1314 0.006781480916915832 13.14
1315 0.006799976786235016 13.15
1316 0.006873968263801771 13.16
1317 0.006962936214623558 13.17
1318 0.007028945992704936 13.18
1319 0.007046360673695886 13.19
1320 0.007133365994022069 13.2
1321 0.007195250951020234 13.21
1322 0.007245079337135637 13.22
1323 0.0073135805696956 13.23
1324 0.007337406579232176 13.24
1325 0.007335084146910979 13.25
1326 0.007322281454479559 13.26
1327 0.00737711048224124 13.27
1328 0.007385772792354749 13.28
1329 0.007414117596618307 13.29
1330 0.007420986286483511 13.3
1331 0.007431881032278027 13.31
1332 0.00746717753415839 13.32
1333 0.00751133421243798 13.33
1334 0.007573404808767436 13.34
1335 0.007589738662609335 13.35
1336 0.007679466075685807 13.36
1337 0.007746084789617181 13.37
1338 0.007808915827857548 13.38
1339 0.007896262584089507 13.39
1340 0.007941151556465832 13.4
1341 0.007940625392808678 13.41
1342 0.007953422857445002 13.42
1343 0.007954878332096609 13.43
1344 0.007919250960007885 13.44
1345 0.0079792360708704 13.45
1346 0.008046253003520654 13.46
1347 0.008123434570036909 13.47
1348 0.008182696036567705 13.48
1349 0.008219882652696062 13.49
1350 0.008191322754784004 13.5
1351 0.008226496951273914 13.51
1352 0.008286312818393017 13.52
1353 0.008341540691064018 13.53
1354 0.008424220131527703 13.54
1355 0.00850440184645849 13.55
1356 0.0085298697197783 13.56
1357 0.008573533412396707 13.57
1358 0.008602711022105573 13.58
1359 0.00861892979380686 13.59
1360 0.008633913029684288 13.6
1361 0.008657865146523554 13.61
1362 0.008695158761034421 13.62
1363 0.00873086240171669 13.63
1364 0.008734435706509077 13.64
1365 0.008775703952997467 13.65
1366 0.00883085769681846 13.66
1367 0.008848389373294577 13.67
1368 0.008848703496868371 13.68
1369 0.008867877235280479 13.69
1370 0.008895816522587231 13.7
1371 0.008918502989966617 13.71
1372 0.008947236303178369 13.72
1373 0.008991693434506702 13.73
1374 0.009032310166314641 13.74
1375 0.009074764534982334 13.75
1376 0.009105737650170314 13.76
1377 0.009124747265322102 13.77
1378 0.009159621601795884 13.78
1379 0.009207746588841711 13.79
1380 0.009255194432535096 13.8
1381 0.009323082564524545 13.81
1382 0.009338134089794043 13.82
1383 0.009358009413166498 13.83
1384 0.00946384240186038 13.84
1385 0.009492359213728107 13.85
1386 0.009571280207798828 13.86
1387 0.009567137327256791 13.87
1388 0.009613868545884544 13.88
1389 0.009620852651082444 13.89
1390 0.009724837608779409 13.9
1391 0.009722866170034514 13.91
1392 0.009763494947687731 13.92
1393 0.009809112546729608 13.93
1394 0.009854852220343747 13.94
1395 0.009924908946021625 13.95
1396 0.009997892232394133 13.96
1397 0.01007400989231269 13.97
1398 0.01008489204487574 13.98
1399 0.01010470606519869 13.99
1400 0.01013557012823985 14
1401 0.01019647066938437 14.01
1402 0.01025049882129072 14.02
1403 0.01027769479954412 14.03
1404 0.01029295282012805 14.04
1405 0.01029141326556374 14.05
1406 0.01028001981596057 14.06
1407 0.01028188479169018 14.07
1408 0.01029797262067718 14.08
1409 0.0103354480229547 14.09
1410 0.01034690974331548 14.1
1411 0.01037260793101136 14.11
1412 0.01038238651379025 14.12
1413 0.01038743402162657 14.13
1414 0.0103805489738036 14.14
1415 0.01036332304686808 14.15
1416 0.01034847020839819 14.16
1417 0.01031987492932451 14.17
1418 0.01029342236081785 14.18
1419 0.01029188304532334 14.19
1420 0.01026955022590879 14.2
1421 0.01028631979279598 14.21
1422 0.01026693740934225 14.22
1423 0.01026647904602612 14.23
1424 0.01025271012435148 14.24
1425 0.0101954639503522 14.25
1426 0.01014576308066722 14.26
1427 0.01010705698286056 14.27
1428 0.01009520745720364 14.28
1429 0.01008492887428418 14.29
1430 0.01008066732444264 14.3
1431 0.01008064973331087 14.31
1432 0.01010077775606343 14.32
1433 0.01011303926382328 14.33
1434 0.01008487411231857 14.34
1435 0.01008286558193216 14.35
1436 0.01009794340211075 14.36
1437 0.01009832616324775 14.37
1438 0.0100886033383726 14.38
1439 0.01008625530904931 14.39
1440 0.01004960497468236 14.4
1441 0.01002773700979251 14.41
1442 0.01000396370574763 14.42
1443 0.009996655350546672 14.43
1444 0.009959681948651756 14.44
1445 0.009937132970278612 14.45
1446 0.009938578086351501 14.46
1447 0.009914391192401228 14.47
1448 0.009897688146910966 14.48
1449 0.009873687447376486 14.49
1450 0.009831206231858436 14.5
1451 0.009802233441503711 14.51
1452 0.009752041483467463 14.52
1453 0.009704498006524512 14.53
1454 0.009695638915581726 14.54
1455 0.009699316099582351 14.55
1456 0.009653904827793255 14.56
1457 0.009620661254942469 14.57
1458 0.009598956171715658 14.58
1459 0.009553724931168562 14.59
1460 0.009490068042328603 14.6
1461 0.009460502424271716 14.61
1462 0.009444536730070046 14.62
1463 0.009342138955889062 14.63
1464 0.009267217771113147 14.64
1465 0.009216767026222299 14.65
1466 0.009158347160315213 14.66
1467 0.009069581406126289 14.67
1468 0.008994256543455426 14.68
1469 0.008933309638828196 14.69
1470 0.00892046139284863 14.7
1471 0.008935642708807829 14.71
1472 0.008890929796274181 14.72
1473 0.008840209484051427 14.73
1474 0.008802017681310354 14.74
1475 0.008748764284133237 14.75
1476 0.008703765500530335 14.76
1477 0.008690577591917619 14.77
1478 0.008659689423891252 14.78
1479 0.008628247253111596 14.79
1480 0.008649550262622804 14.8
1481 0.008683011025182758 14.81
1482 0.008689012170195454 14.82
1483 0.008715755855326614 14.83
1484 0.008769517932852281 14.84
1485 0.008796288745613192 14.85
1486 0.008813941415180517 14.86
1487 0.008826550583313294 14.87
1488 0.008833892269133531 14.88
1489 0.008895517744700598 14.89
1490 0.008944702522754819 14.9
1491 0.009038583296245715 14.91
1492 0.009138701808558782 14.92
1493 0.009211777685678831 14.93
1494 0.009304559925913265 14.94
1495 0.009396796286446499 14.95
1496 0.009494056716984646 14.96
1497 0.009580140221226026 14.97
1498 0.009655909839060582 14.98
1499 0.009681662678923474 14.99
1500 0.009691920249775691 15
1501 0.009710522382279327 15.01
1502 0.00972001018602079 15.02
1503 0.009726040224163152 15.03
1504 0.009737198443018137 15.04
1505 0.009714202007702908 15.05
1506 0.00968387298717752 15.06
1507 0.009638655479083507 15.07
1508 0.009551752219212398 15.08
1509 0.009518218044159511 15.09
1510 0.009424275576227185 15.1
1511 0.009381236977995368 15.11
1512 0.009338891628812299 15.12
1513 0.009269162466639237 15.13
1514 0.00923546469710609 15.14
1515 0.009208100303716464 15.15
1516 0.009183656086376293 15.16
1517 0.009156338143413682 15.17
1518 0.009141528479750421 15.18
1519 0.009152801559191645 15.19
1520 0.009114491694594913 15.2
1521 0.009113488109616362 15.21
1522 0.009162544234757968 15.22
1523 0.009169632636118703 15.23
1524 0.009172884961727733 15.24
1525 0.00919292545715706 15.25
1526 0.00920416541295071 15.26
1527 0.009207867763558395 15.27
1528 0.009280425358412359 15.28
1529 0.009333435015129846 15.29
1530 0.009391050164572078 15.3
1531 0.00950910057778946 15.31
1532 0.009592895225962201 15.32
1533 0.009648996526581608 15.33
1534 0.009749860281638271 15.34
1535 0.00978707191152622 15.35
1536 0.009832033660985421 15.36
1537 0.009822827323067079 15.37
1538 0.00979565654071405 15.38
1539 0.009796053964809134 15.39
1540 0.009800906709324401 15.4
1541 0.009848701889204673 15.41
1542 0.009883270742190139 15.42
1543 0.009899830578639631 15.43
1544 0.009966645528666298 15.44
1545 0.01005525942595511 15.45
1546 0.01014529593704475 15.46
1547 0.01018519713160955 15.47
1548 0.01024936740224067 15.48
1549 0.0103199932559738 15.49
1550 0.01038347016486828 15.5
1551 0.01043937226388432 15.51
1552 0.01045122182051326 15.52
1553 0.0104572176388146 15.53
1554 0.0104828363514531 15.54
1555 0.01051279863718057 15.55
1556 0.01050351031585435 15.56
1557 0.01052447802179352 15.57
1558 0.01057367179952913 15.58
1559 0.01062459173503843 15.59
1560 0.01061996829037563 15.6
1561 0.010676111576222 15.61
1562 0.01071389199471445 15.62
1563 0.01074777415865533 15.63
1564 0.01075504062276477 15.64
1565 0.01078915350393272 15.65
1566 0.01079422364467601 15.66
1567 0.01081710988551816 15.67
1568 0.01085527501097136 15.68
1569 0.01087150912572627 15.69
1570 0.01091169676361922 15.7
1571 0.01095026327739494 15.71
1572 0.01099849174323479 15.72
1573 0.01102529054262918 15.73
1574 0.01107321192258427 15.74
1575 0.01108942489680622 15.75
1576 0.01113804723435059 15.76
1577 0.01116629592427441 15.77
1578 0.0112099877878071 15.78
1579 0.01123159532322084 15.79
1580 0.0112630130743054 15.8
1581 0.01128219975395385 15.81
1582 0.01129809076719628 15.82
1583 0.01130715473609186 15.83
1584 0.01135438879881516 15.84
1585 0.01138886345465788 15.85
1586 0.0114710959340555 15.86
1587 0.01152855373981834 15.87
1588 0.01155490142408208 15.88
1589 0.01160963871689881 15.89
1590 0.0116741843453438 15.9
1591 0.01176218212951017 15.91
1592 0.01184854865971335 15.92
1593 0.01192552259930419 15.93
1594 0.0119970936102231 15.94
1595 0.01207777426300682 15.95
1596 0.01214826668501107 15.96
1597 0.0122260351481751 15.97
1598 0.01229401465053732 15.98
1599 0.01236389508831889 15.99
1600 0.01246285463640303 16
1601 0.01256805302280873 16.01
1602 0.01267701154701734 16.02
1603 0.01279321921340361 16.03
1604 0.01290891306529975 16.04
1605 0.01302352794763192 16.05
1606 0.0131490867404325 16.06
1607 0.0132742621161641 16.07
1608 0.01340538372701327 16.08
1609 0.01353539328504877 16.09
1610 0.01366532648283701 16.1
1611 0.01376690915549777 16.11
1612 0.01389891364834661 16.12
1613 0.01399012109951245 16.13
1614 0.01414443642442356 16.14
1615 0.01424306137855395 16.15
1616 0.01438954670493394 16.16
1617 0.01448032179983847 16.17
1618 0.01461474556118158 16.18
1619 0.01469680332326472 16.19
1620 0.01482672508602517 16.2
1621 0.01492046562978564 16.21
1622 0.01505563307868564 16.22
1623 0.01514458568361656 16.23
1624 0.01524312054640243 16.24
1625 0.01529000397745357 16.25
1626 0.01538387051516801 16.26
1627 0.01543139115294457 16.27
1628 0.01549797156810592 16.28
1629 0.01554230987722799 16.29
1630 0.01561264639326407 16.3
1631 0.01565566433851533 16.31
1632 0.01573878502770777 16.32
1633 0.01578027402692012 16.33
1634 0.0158460867722296 16.34
1635 0.01591320940040173 16.35
1636 0.01594690570347852 16.36
1637 0.01601355240176165 16.37
1638 0.01608970950480654 16.38
1639 0.01616807114321468 16.39
1640 0.01618970951305264 16.4
1641 0.01626727607686462 16.41
1642 0.01634424316893837 16.42
1643 0.01642136759774633 16.43
1644 0.01649012826729212 16.44
1645 0.01656433198297333 16.45
1646 0.01663687655319955 16.46
1647 0.01670198315533146 16.47
1648 0.01679287909677222 16.48
1649 0.01688112098897546 16.49
1650 0.01694938962955478 16.5
1651 0.01699944034461807 16.51
1652 0.01707764873027862 16.52
1653 0.01716775206181435 16.53
1654 0.01721096371761717 16.54
1655 0.01727309007546679 16.55
1656 0.01729520804012193 16.56
1657 0.01731550679503697 16.57
1658 0.01733859956299094 16.58
1659 0.0173611050444915 16.59
1660 0.01740917621032817 16.6
1661 0.01744957810725846 16.61
1662 0.01746704358945769 16.62
1663 0.01751225214851153 16.63
1664 0.01748148748299929 16.64
1665 0.01748550097443173 16.65
1666 0.01745857330019021 16.66
1667 0.01743797029597247 16.67
1668 0.01742233396491148 16.68
1669 0.01735900726833315 16.69
1670 0.01729776782557291 16.7
1671 0.01722782871223739 16.71
1672 0.0171679143971139 16.72
1673 0.01705980503614874 16.73
1674 0.0169635397167708 16.74
1675 0.01689523773906354 16.75
1676 0.0168116562969791 16.76
1677 0.01676198730575885 16.77
1678 0.01669767632189384 16.78
1679 0.01659206251127309 16.79
1680 0.01648900500522103 16.8
1681 0.01641240283651546 16.81
1682 0.01636051495269843 16.82
1683 0.01624473051477529 16.83
1684 0.01614949788695458 16.84
1685 0.01606716524164959 16.85
1686 0.01602637753242329 16.86
1687 0.01603931970004717 16.87
1688 0.01602264980716799 16.88
1689 0.01596309728325649 16.89
1690 0.01586159408484848 16.9
1691 0.01583738074233138 16.91
1692 0.01584250408771599 16.92
1693 0.0158261996798247 16.93
1694 0.01582710104303918 16.94
1695 0.01582294797393025 16.95
1696 0.01577018582178159 16.96
1697 0.0156850418635845 16.97
1698 0.01565846855631624 16.98
1699 0.01563853180499219 16.99
1700 0.01561971587548791 17
1701 0.01559500945143122 17.01
1702 0.01557347563384934 17.02
1703 0.01557782376213834 17.03
1704 0.01554880655167584 17.04
1705 0.01552641237079579 17.05
1706 0.0154647497460917 17.06
1707 0.0153857170239263 17.07
1708 0.01533761651902855 17.08
1709 0.01526228903381831 17.09
1710 0.01518970138844284 17.1
1711 0.01511273805527059 17.11
1712 0.01502749299315272 17.12
1713 0.01493896168470023 17.13
1714 0.01483710313122115 17.14
1715 0.01476821459014752 17.15
1716 0.01470570458855142 17.16
1717 0.01467313530829175 17.17
1718 0.01458825269784637 17.18
1719 0.01454485058535659 17.19
1720 0.01449674608518831 17.2
1721 0.01440709295287939 17.21
1722 0.0143491117068347 17.22
1723 0.01424152940683395 17.23
1724 0.0142010439072127 17.24
1725 0.01416402498572031 17.25
1726 0.01411137953385781 17.26
1727 0.01402022431121305 17.27
1728 0.01396990405107445 17.28
1729 0.01390242233197729 17.29
1730 0.01387282214636038 17.3
1731 0.01381782526960666 17.31
1732 0.0137976414451633 17.32
1733 0.01375105916201026 17.33
1734 0.01375793176669391 17.34
1735 0.01370719333954906 17.35
1736 0.01362513541290743 17.36
1737 0.01360445064871952 17.37
1738 0.01354999494455626 17.38
1739 0.01351890838259676 17.39
1740 0.01342293186476779 17.4
1741 0.0133644179470703 17.41
1742 0.0133016341547971 17.42
1743 0.01324924475347694 17.43
1744 0.01318946173482393 17.44
1745 0.01314085425281928 17.45
1746 0.0131124716456864 17.46
1747 0.01305595598720041 17.47
1748 0.01299497937809905 17.48
1749 0.01290864986671059 17.49
1750 0.01281466927184549 17.5
1751 0.01272819750847124 17.51
1752 0.01269370686839391 17.52
1753 0.01263272624733685 17.53
1754 0.01253669045652636 17.54
1755 0.01247695642224776 17.55
1756 0.01237551469823635 17.56
1757 0.01229484961106193 17.57
1758 0.01214307296201142 17.58
1759 0.01206778773489623 17.59
1760 0.01195407960026518 17.6
1761 0.01186833195224726 17.61
1762 0.01176988225085204 17.62
1763 0.01169935806054651 17.63
1764 0.01159444406200749 17.64
1765 0.0114576899302237 17.65
1766 0.01134962988651242 17.66
1767 0.01120960043848438 17.67
1768 0.01108432204870663 17.68
1769 0.0108809350099931 17.69
1770 0.01071446942317231 17.7
1771 0.01058750747955665 17.71
1772 0.01046964659011306 17.72
1773 0.01038722093114453 17.73
1774 0.01027853079444951 17.74
1775 0.01013581738822361 17.75
1776 0.01003483728545371 17.76
1777 0.009905978754681178 17.77
1778 0.009731987454269599 17.78
1779 0.009613260404677608 17.79
1780 0.00944441345206146 17.8
1781 0.009254240691128651 17.81
1782 0.009119953577487072 17.82
1783 0.009006290814310687 17.83
1784 0.008972704685670137 17.84
1785 0.008901287851824735 17.85
1786 0.008863522427772209 17.86
1787 0.008794587031801178 17.87
1788 0.008771652520955048 17.88
1789 0.008716457727658278 17.89
1790 0.008641174186125547 17.9
1791 0.008637790574069361 17.91
1792 0.008668755130590761 17.92
1793 0.008672374853291243 17.93
1794 0.008680314781583449 17.94
1795 0.008684419631896121 17.95
1796 0.008690132663447802 17.96
1797 0.008766813499770711 17.97
1798 0.008764737491870222 17.98
1799 0.008760983013623994 17.99
1800 0.008782048979972736 18
1801 0.008851792191347085 18.01
1802 0.008864018578406015 18.02
1803 0.008932967257505874 18.03
1804 0.008997797776648195 18.04
1805 0.009117005851916316 18.05
1806 0.009208118891348897 18.06
1807 0.009264574319198547 18.07
1808 0.009319709863043946 18.08
1809 0.009398750434912527 18.09
1810 0.009403983040457193 18.1
1811 0.009414734248879678 18.11
1812 0.009447780300414536 18.12
1813 0.009482852982962343 18.13
1814 0.009504187410078833 18.14
1815 0.009577803061970182 18.15
1816 0.009602926678099716 18.16
1817 0.009642485521624559 18.17
1818 0.009700383145277479 18.18
1819 0.009779820687115269 18.19
1820 0.009855951952824633 18.2
1821 0.0098886537960496 18.21
1822 0.00996562457485285 18.22
1823 0.01002562450644917 18.23
1824 0.01004996814022009 18.24
1825 0.0100555754154246 18.25
1826 0.01004666539570926 18.26
1827 0.01006089973789047 18.27
1828 0.01008138781514703 18.28
1829 0.01008911351448877 18.29
1830 0.01013151367929034 18.3
1831 0.01012087586439774 18.31
1832 0.01011279953112324 18.32
1833 0.0100814811669778 18.33
1834 0.01009237474743921 18.34
1835 0.01008796507690891 18.35
1836 0.01009007783326232 18.36
1837 0.01009803078984744 18.37
1838 0.01014287291564704 18.38
1839 0.01021718617015257 18.39
1840 0.01026266249152312 18.4
1841 0.01029389624391991 18.41
1842 0.01028609721268628 18.42
1843 0.01030490015692497 18.43
1844 0.01029467796272915 18.44
1845 0.01032141797376035 18.45
1846 0.01033445330901303 18.46
1847 0.01036448802916775 18.47
1848 0.01036327305421755 18.48
1849 0.01041694687806951 18.49
1850 0.01043409107017456 18.5
1851 0.01047002480153763 18.51
1852 0.01053511451579081 18.52
1853 0.01055973990599534 18.53
1854 0.01059637537428704 18.54
1855 0.01066366195813301 18.55
1856 0.0106440969421648 18.56
1857 0.01065363529601213 18.57
1858 0.01076867993961757 18.58
1859 0.01087109136867315 18.59
1860 0.01092463862605039 18.6
1861 0.01099624439224856 18.61
1862 0.01109737232269684 18.62
1863 0.01110625941502138 18.63
1864 0.01112742000784935 18.64
1865 0.01118719407732532 18.65
1866 0.0111607760129965 18.66
1867 0.01121867454135428 18.67
1868 0.01125015403281914 18.68
1869 0.01129920011444346 18.69
1870 0.01135143547456405 18.7
1871 0.01139880447718489 18.71
1872 0.01148683004653551 18.72
1873 0.01152551227553882 18.73
1874 0.0116102447790407 18.74
1875 0.0116222730304585 18.75
1876 0.01166007620777472 18.76
1877 0.01168428469794262 18.77
1878 0.01179551197298514 18.78
1879 0.0118233535555422 18.79
1880 0.01190743732780866 18.8
1881 0.01193559549815575 18.81
1882 0.01195467068530708 18.82
1883 0.01194435845297421 18.83
1884 0.01203731749170904 18.84
1885 0.01207854423810595 18.85
1886 0.01215145057479459 18.86
1887 0.01227862681252082 18.87
1888 0.0122829877410677 18.88
1889 0.0123592877955514 18.89
1890 0.01236132492123334 18.9
1891 0.01240155177843333 18.91
1892 0.01240073195921552 18.92
1893 0.01239527444814888 18.93
1894 0.0124181886815457 18.94
1895 0.01244621083131114 18.95
1896 0.01242694602004003 18.96
1897 0.01240900310509815 18.97
1898 0.01242611117427876 18.98
1899 0.01244020938402298 18.99
1900 0.01245388159613029 19
1901 0.01247072632249109 19.01
1902 0.01244412089748853 19.02
1903 0.01240696143950806 19.03
1904 0.01236870133849124 19.04
1905 0.01230173994086583 19.05
1906 0.01227425898447377 19.06
1907 0.01222880203587015 19.07
1908 0.01219551007691084 19.08
1909 0.01212996243105805 19.09
1910 0.01210131327898695 19.1
1911 0.01207672877603143 19.11
1912 0.01206428759245162 19.12
1913 0.01204141907453064 19.13
1914 0.01202782506043111 19.14
1915 0.01197708565451474 19.15
1916 0.01192279779621088 19.16
1917 0.01191239219599304 19.17
1918 0.01190189288098894 19.18
1919 0.01187499924033432 19.19
1920 0.01185092186643226 19.2
1921 0.01180065302115106 19.21
1922 0.0117656337289484 19.22
1923 0.01177340179637807 19.23
1924 0.01176614127748116 19.24
1925 0.01177327457453673 19.25
1926 0.01180108396742118 19.26
1927 0.01180554272769108 19.27
1928 0.0118276211440589 19.28
1929 0.01184755063599983 19.29
1930 0.0118953513729022 19.3
1931 0.0119318278495515 19.31
1932 0.01195279446318214 19.32
1933 0.0120228743138875 19.33
1934 0.012079298498584 19.34
1935 0.01218167647337212 19.35
1936 0.01226347616276399 19.36
1937 0.01240355689851869 19.37
1938 0.01248567213496111 19.38
1939 0.01259303048547363 19.39
1940 0.01267410642397733 19.4
1941 0.01279340264506445 19.41
1942 0.01287880128974062 19.42
1943 0.012942075052146 19.43
1944 0.01295721493415176 19.44
1945 0.0129836723343588 19.45
1946 0.01302984897973375 19.46
1947 0.0130825339102806 19.47
1948 0.01310698637467233 19.48
1949 0.01310070594537163 19.49
1950 0.01308285038221287 19.5
1951 0.01299102949887443 19.51
1952 0.0129628058645392 19.52
1953 0.01289839120336204 19.53
1954 0.01279597307571776 19.54
1955 0.01265356256793169 19.55
1956 0.01256393195235724 19.56
1957 0.01245396814751355 19.57
1958 0.01233558017694955 19.58
1959 0.01222846528077758 19.59
1960 0.01215797462678154 19.6
1961 0.01206179479274445 19.61
1962 0.01192752414022239 19.62
1963 0.01185174721906865 19.63
1964 0.01174872905240596 19.64
1965 0.01160719931666501 19.65
1966 0.01153023493089658 19.66
1967 0.01150043160626103 19.67
1968 0.01143266116159195 19.68
1969 0.01140669065601666 19.69
1970 0.01144128553577335 19.7
1971 0.01143355914433601 19.71
1972 0.01139253405264973 19.72
1973 0.01139112077752319 19.73
1974 0.01137973367095887 19.74
1975 0.01137915918014708 19.75
1976 0.01136855469589537 19.76
1977 0.01136405380430174 19.77
1978 0.01136752479631805 19.78
1979 0.01139268631248882 19.79
1980 0.01139228209943053 19.8
1981 0.01142636628599707 19.81
1982 0.01141061741490814 19.82
1983 0.01139395924271497 19.83
1984 0.01134442927169329 19.84
1985 0.01131960588625877 19.85
1986 0.01133761489037995 19.86
1987 0.01131527823291332 19.87
1988 0.01130461275587633 19.88
1989 0.01130546594705517 19.89
1990 0.01132102790998817 19.9
1991 0.01133573546169226 19.91
1992 0.01133215569960111 19.92
1993 0.01134273050030458 19.93
1994 0.0113240816485778 19.94
1995 0.01127496422969824 19.95
1996 0.01127792986895624 19.96
1997 0.01123254057805489 19.97
1998 0.01120655747913623 19.98
1999 0.01121334715640648 19.99
2000 0.01121125406160721 20
2001 0.01120404423593501 20.01
2002 0.01114325188636957 20.02
2003 0.01113972452252306 20.03
2004 0.01113922587269984 20.04
2005 0.01115780836075638 20.05
2006 0.0111499288102921 20.06
2007 0.01114538962354165 20.07
2008 0.01115798006754385 20.08
2009 0.01116461698863697 20.09
2010 0.01120009752799689 20.1
2011 0.01121704241079059 20.11
2012 0.01121557291631478 20.12
2013 0.01124030775550418 20.13
2014 0.01124921740220306 20.14
2015 0.01124362090937221 20.15
2016 0.01126089257144177 20.16
2017 0.01128368184997322 20.17
2018 0.01128230971933 20.18
2019 0.01128804471602549 20.19
2020 0.01129038063074789 20.2
2021 0.01131039546022413 20.21
2022 0.01127811706986568 20.22
2023 0.01126861494706768 20.23
2024 0.01127339446688112 20.24
2025 0.0112503408316978 20.25
2026 0.01123174250851083 20.26
2027 0.01122472536738251 20.27
2028 0.01119275762496421 20.28
2029 0.01121176862680262 20.29
2030 0.01123549998816012 20.3
2031 0.0111985496659952 20.31
2032 0.01117127284895589 20.32
2033 0.0111475146316838 20.33
2034 0.01107761971004984 20.34
2035 0.01103967013740939 20.35
2036 0.01097390997577651 20.36
2037 0.01092233353541871 20.37
2038 0.01084305557891183 20.38
2039 0.01075822126486749 20.39
2040 0.01070976267854338 20.4
2041 0.01063605709159569 20.41
2042 0.01057145242986554 20.42
2043 0.0104659607463968 20.43
2044 0.01037013388366895 20.44
2045 0.01028638027881412 20.45
2046 0.01020945665163901 20.46
2047 0.01009071813268273 20.47
2048 0.009980113509961173 20.48
2049 0.009818130391977231 20.49
2050 0.009702365623750431 20.5
2051 0.00955051691992795 20.51
2052 0.009445689342028206 20.52
2053 0.009326952732032153 20.53
2054 0.009179600271263617 20.54
2055 0.009108895584673956 20.55
2056 0.008980598427047952 20.56
2057 0.008833673718192941 20.57
2058 0.008716736777366183 20.58
2059 0.00860815593586141 20.59
2060 0.008490607254366126 20.6
2061 0.008401007807602948 20.61
2062 0.00829500100937056 20.62
2063 0.008207943705590182 20.63
2064 0.008118371464836967 20.64
2065 0.008040633080181011 20.65
2066 0.007990460637292746 20.66
2067 0.007951479522587762 20.67
2068 0.007918679432842796 20.68
2069 0.007864925215705136 20.69
2070 0.007843582614228461 20.7
2071 0.007821683950153284 20.71
2072 0.007852627876437104 20.72
2073 0.007890017881590172 20.73
2074 0.007910065639727591 20.74
2075 0.007971093114636103 20.75
2076 0.008025540014360146 20.76
2077 0.008090395914120294 20.77
2078 0.008179877973055773 20.78
2079 0.008277741594261499 20.79
2080 0.008380920852905593 20.8
2081 0.008503014483602672 20.81
2082 0.008681152512440123 20.82
2083 0.008820523648144497 20.83
2084 0.008952180633195368 20.84
2085 0.009078651469913934 20.85
2086 0.009226564871466354 20.86
2087 0.009348462099671318 20.87
2088 0.009485494724879334 20.88
2089 0.009635717757932104 20.89
2090 0.009772074330284836 20.9
2091 0.009878648031208213 20.91
2092 0.009994817874207969 20.92
2093 0.01011408565868609 20.93
2094 0.01022274863799604 20.94
2095 0.01032845859451436 20.95
2096 0.01038241907221428 20.96
2097 0.01047889544533046 20.97
2098 0.01056877975233741 20.98
2099 0.01063365924836859 20.99
2100 0.0107132136186529 21
2101 0.01078339909593139 21.01
2102 0.01080580087504683 21.02
2103 0.01083668718365843 21.03
2104 0.01090542803288038 21.04
2105 0.01102772916170685 21.05
2106 0.01108839477913103 21.06
2107 0.01112174784990899 21.07
2108 0.01118159885002249 21.08
2109 0.0112441384625354 21.09
2110 0.01130126301328681 21.1
2111 0.01141024816176132 21.11
2112 0.01150513668633835 21.12
2113 0.01153966688634185 21.13
2114 0.01157872350205169 21.14
2115 0.01159012200240889 21.15
2116 0.01163194495705371 21.16
2117 0.01161871644381722 21.17
2118 0.0116633776887697 21.18
2119 0.01171694273428896 21.19
2120 0.01176960223729143 21.2
2121 0.01180631434272158 21.21
2122 0.01183636121224921 21.22
2123 0.01183942595837037 21.23
2124 0.01186809078478984 21.24
2125 0.01185675775736253 21.25
2126 0.0118340516246477 21.26
2127 0.011822845115437 21.27
2128 0.0118282289974229 21.28
2129 0.01179805002853908 21.29
2130 0.01176792918547801 21.3
2131 0.01174270944208713 21.31
2132 0.01173577373811646 21.32
2133 0.01173813049924067 21.33
2134 0.011728554450074 21.34
2135 0.01165826100619454 21.35
2136 0.011609437136436 21.36
2137 0.01156334861427314 21.37
2138 0.01153469116499156 21.38
2139 0.01151116113651843 21.39
2140 0.01146337131174898 21.4
2141 0.01145581552472156 21.41
2142 0.0114212875599146 21.42
2143 0.01140937899703679 21.43
2144 0.01139353036841446 21.44
2145 0.01137780810124058 21.45
2146 0.01137856651500369 21.46
2147 0.01141797557739898 21.47
2148 0.01139273084678016 21.48
2149 0.01138852135636149 21.49
2150 0.01144124419359593 21.5
2151 0.01145671931129452 21.51
2152 0.0114852672672023 21.52
2153 0.01151195031791635 21.53
2154 0.01147810972639922 21.54
2155 0.01147184922828661 21.55
2156 0.01147971612416233 21.56
2157 0.01151873197087592 21.57
2158 0.01156190330337182 21.58
2159 0.01157570898056774 21.59
2160 0.01162603986381772 21.6
2161 0.01166962673700842 21.61
2162 0.01168339291387287 21.62
2163 0.011692320060636 21.63
2164 0.01167913995398302 21.64
2165 0.0116528594145685 21.65
2166 0.01165507345121202 21.66
2167 0.01167413928267441 21.67
2168 0.01170859531435769 21.68
2169 0.01178105405260144 21.69
2170 0.0118236487517637 21.7
2171 0.01190755562622362 21.71
2172 0.01192603950365424 21.72
2173 0.01192861634834006 21.73
2174 0.01192222979461158 21.74
2175 0.01190579230994438 21.75
2176 0.01187314708714539 21.76
2177 0.01182108897001165 21.77
2178 0.01180006509256525 21.78
2179 0.01181613528611578 21.79
2180 0.01181318623731943 21.8
2181 0.01178569429888757 21.81
2182 0.0117971547205808 21.82
2183 0.01176710236396769 21.83
2184 0.0117661479311039 21.84
2185 0.01172783157676893 21.85
2186 0.01168830948052821 21.86
2187 0.01166049859464101 21.87
2188 0.01160008934225897 21.88
2189 0.01152593465790334 21.89
2190 0.01150834531352815 21.9
2191 0.01146293500071857 21.91
2192 0.01141223735754413 21.92
2193 0.01139309054892897 21.93
2194 0.01136278162122442 21.94
2195 0.0113156795338575 21.95
2196 0.01129428419552894 21.96
2197 0.01125939740639833 21.97
2198 0.01121133007387864 21.98
2199 0.01111858134941871 21.99
2200 0.01103288911693133 22
2201 0.01093261458015083 22.01
2202 0.01083163285394769 22.02
2203 0.01076548392642047 22.03
2204 0.01076742172230856 22.04
2205 0.01070456021833491 22.05
2206 0.01064121836234722 22.06
2207 0.01059034042041379 22.07
2208 0.01053496236263039 22.08
2209 0.01052016818862453 22.09
2210 0.01046650601728053 22.1
2211 0.01036207150805521 22.11
2212 0.0103012247404882 22.12
2213 0.01023349665053092 22.13
2214 0.01015095314721434 22.14
2215 0.01007518247806942 22.15
2216 0.009984907806592915 22.16
2217 0.009897481541766956 22.17
2218 0.009837233731670492 22.18
2219 0.00982897643788137 22.19
2220 0.009760847731390847 22.2
2221 0.009698365736252814 22.21
2222 0.009588997242286311 22.22
2223 0.009492876680228537 22.23
2224 0.009409404506860512 22.24
2225 0.009320953643830647 22.25
2226 0.009294002108397186 22.26
2227 0.009244720879857005 22.27
2228 0.009192411366593921 22.28
2229 0.009166551126484256 22.29
2230 0.009109555056997834 22.3
2231 0.009080097218435267 22.31
2232 0.009029114998004543 22.32
2233 0.009002493070218793 22.33
2234 0.008969662904528906 22.34
2235 0.008993986355269119 22.35
2236 0.008977857824759128 22.36
2237 0.009002964172032281 22.37
2238 0.009044748630942991 22.38
2239 0.009051345025047676 22.39
2240 0.009086770345267186 22.4
2241 0.009082835333340582 22.41
2242 0.009090168563185414 22.42
2243 0.0090831769013232 22.43
2244 0.009104287731559971 22.44
2245 0.009082831813689143 22.45
2246 0.009043675914122432 22.46
2247 0.009011684461293657 22.47
2248 0.009000503086350052 22.48
2249 0.00895457953338962 22.49
2250 0.008911948617440097 22.5
2251 0.00881608696159941 22.51
2252 0.008727380868005645 22.52
2253 0.008616187428938354 22.53
2254 0.008553431902345933 22.54
2255 0.008446861091945734 22.55
2256 0.008408925758181116 22.56
2257 0.008378614344183525 22.57
2258 0.008313047633525158 22.58
2259 0.008301835687267538 22.59
2260 0.008234283436757604 22.6
2261 0.008236985287100745 22.61
2262 0.008249568029150056 22.62
2263 0.008190573590345484 22.63
2264 0.00822456759272177 22.64
2265 0.008254591197664711 22.65
2266 0.008267071641661173 22.66
2267 0.008280482592701012 22.67
2268 0.008258220212803284 22.68
2269 0.008268666986485804 22.69
2270 0.008225140113095115 22.7
2271 0.008228123841817332 22.71
2272 0.008237709875130787 22.72
2273 0.008270100917683272 22.73
2274 0.008304227914079306 22.74
2275 0.008283998300191218 22.75
2276 0.008350374813291036 22.76
2277 0.008404082075945089 22.77
2278 0.008435120609970736 22.78
2279 0.008462942762871106 22.79
2280 0.008514837614106163 22.8
2281 0.008559029032812358 22.81
2282 0.008604869316696812 22.82
2283 0.008663563761677328 22.83
2284 0.008677946279356835 22.84
2285 0.008705746559313566 22.85
2286 0.008737551028010621 22.86
2287 0.008763174793379626 22.87
2288 0.008811571919505708 22.88
2289 0.00884829585143746 22.89
2290 0.008867973659525741 22.9
2291 0.00888185460995786 22.91
2292 0.008932774316867962 22.92
2293 0.008966725113240587 22.93
2294 0.009005038897981668 22.94
2295 0.009072409199677636 22.95
2296 0.009088527241833523 22.96
2297 0.009134239942098863 22.97
2298 0.009185661314664138 22.98
2299 0.009284018593865672 22.99
2300 0.00939594459963141 23
2301 0.009450624963046536 23.01
2302 0.009487744023662389 23.02
2303 0.009534862154061723 23.03
2304 0.00959599498677339 23.04
2305 0.00962590623588214 23.05
2306 0.009678950487505123 23.06
2307 0.00970434733437526 23.07
2308 0.009728762464020111 23.08
2309 0.009758044733158413 23.09
2310 0.009809729464350251 23.1
2311 0.009869657086635786 23.11
2312 0.009950381809727385 23.12
2313 0.01001561947609137 23.13
2314 0.01005611283670817 23.14
2315 0.01011845803313934 23.15
2316 0.0101972403250907 23.16
2317 0.01025900434789659 23.17
2318 0.0103293839418776 23.18
2319 0.01038732184841 23.19
2320 0.01039405980998335 23.2
2321 0.01042684064687534 23.21
2322 0.01046268193203432 23.22
2323 0.01046819629533029 23.23
2324 0.01049772013878929 23.24
2325 0.0105111021535096 23.25
2326 0.01050719410846448 23.26
2327 0.01054380140372212 23.27
2328 0.01057558483488831 23.28
2329 0.01060531586677523 23.29
2330 0.01062369342709162 23.3
2331 0.01065460451708603 23.31
2332 0.01067378831842621 23.32
2333 0.01069354561306372 23.33
2334 0.01069609549731625 23.34
2335 0.01071630019750388 23.35
2336 0.01073137190501298 23.36
2337 0.01075763611733115 23.37
2338 0.01077715704502843 23.38
2339 0.01080153156203906 23.39
2340 0.010802057585835 23.4
2341 0.01083881570482651 23.41
2342 0.01087126287626564 23.42
2343 0.0109247621695271 23.43
2344 0.01096578218518281 23.44
2345 0.01102669453928056 23.45
2346 0.01105473901689332 23.46
2347 0.01109092443152441 23.47
2348 0.01113323318551101 23.48
2349 0.01116812059949828 23.49
2350 0.01124268189405369 23.5
2351 0.01131843069842312 23.51
2352 0.01141689890630267 23.52
2353 0.01153912979337158 23.53
2354 0.01163289237913606 23.54
2355 0.01173210718068269 23.55
2356 0.01185057209461167 23.56
2357 0.01196534974391267 23.57
2358 0.01209595577845221 23.58
2359 0.01223447840456692 23.59
2360 0.01236706448534945 23.6
2361 0.01250201418035447 23.61
2362 0.01263455705584183 23.62
2363 0.01276773819413736 23.63
2364 0.01290706971618477 23.64
2365 0.01305524366520146 23.65
2366 0.01319785834939515 23.66
2367 0.01334357737345437 23.67
2368 0.01350439345211705 23.68
2369 0.01365950314060102 23.69
2370 0.0138163374915953 23.7
2371 0.01397639264832383 23.71
2372 0.01411623646948083 23.72
2373 0.01429362163440915 23.73
2374 0.0144600444703564 23.74
2375 0.01462778215859258 23.75
2376 0.01478861067802286 23.76
2377 0.01493536061160806 23.77
2378 0.01508386572089317 23.78
2379 0.01520466625121818 23.79
2380 0.01531939583668117 23.8
2381 0.01543418291465366 23.81
2382 0.01557185647008963 23.82
2383 0.01568305858786306 23.83
2384 0.01580240772057456 23.84
2385 0.01592990968644049 23.85
2386 0.01603774887858134 23.86
2387 0.01616793278447249 23.87
2388 0.01628263344793345 23.88
2389 0.01639925776128827 23.89
2390 0.01651064096978152 23.9
2391 0.01661580977438373 23.91
2392 0.01673511515245666 23.92
2393 0.01684611168104585 23.93
2394 0.01693076634000903 23.94
2395 0.01698717551209761 23.95
2396 0.01705208220021768 23.96
2397 0.01709550301053211 23.97
2398 0.01712755107432324 23.98
2399 0.01718718364928724 23.99
2400 0.01724641672105732 24
2401 0.01728795614402913 24.01
2402 0.01733723375755162 24.02
2403 0.01735349358941291 24.03
2404 0.01738403697029531 24.04
2405 0.01738045362656132 24.05
2406 0.01740651981887946 24.06
2407 0.01740899704480455 24.07
2408 0.01738923333048938 24.08
2409 0.01732394658730889 24.09
2410 0.01729306297382563 24.1
2411 0.01724201939236971 24.11
2412 0.01719981402342774 24.12
2413 0.01715714567153086 24.13
2414 0.01713803209665562 24.14
2415 0.0170819270330551 24.15
2416 0.01703362040751383 24.16
2417 0.01697854731869158 24.17
2418 0.01690557662785615 24.18
2419 0.01686006787260224 24.19
2420 0.01681945985347357 24.2
2421 0.01678713833283211 24.21
2422 0.01675905550584954 24.22
2423 0.0167509248593159 24.23
2424 0.01674388323001862 24.24
2425 0.01665500592827567 24.25
2426 0.01659157315727085 24.26
2427 0.01656832570383644 24.27
2428 0.01650967774547562 24.28
2429 0.01655500875917206 24.29
2430 0.01658983693503299 24.3
2431 0.01659490719454072 24.31
2432 0.01661785137059511 24.32
2433 0.01662402605450148 24.33
2434 0.01662256028024465 24.34
2435 0.01657528021330937 24.35
2436 0.01658778315710167 24.36
2437 0.01657062423248853 24.37
2438 0.01654631512856985 24.38
2439 0.01653644811284329 24.39
2440 0.01658906309216088 24.4
2441 0.01656060421955593 24.41
2442 0.01654879412269629 24.42
2443 0.01653570541901266 24.43
2444 0.0165656681751746 24.44
2445 0.01657480164488344 24.45
2446 0.01659542463177277 24.46
2447 0.01663261092278404 24.47
2448 0.0166319642144184 24.48
2449 0.01661473906661171 24.49
2450 0.01661878066837143 24.5
2451 0.0165953785755229 24.51
2452 0.01657431672845977 24.52
2453 0.0165199009691523 24.53
2454 0.0165147462444225 24.54
2455 0.01652679383055106 24.55
2456 0.01653028543409812 24.56
2457 0.01653802551242155 24.57
2458 0.01655799637996427 24.58
2459 0.0165921462907657 24.59
2460 0.01659938852045208 24.6
2461 0.01659159310256196 24.61
2462 0.0165752643304261 24.62
2463 0.01660644279509454 24.63
2464 0.01660876312304933 24.64
2465 0.01663062645667788 24.65
2466 0.01662948295815542 24.66
2467 0.01666841644302619 24.67
2468 0.01670227939651418 24.68
2469 0.01676162996312618 24.69
2470 0.0168314750312314 24.7
2471 0.01685617413111363 24.71
2472 0.01691467727991157 24.72
2473 0.01698293538188527 24.73
2474 0.01707723796096482 24.74
2475 0.01715665348874363 24.75
2476 0.01721984498704176 24.76
2477 0.01728819869503697 24.77
2478 0.01736070402440213 24.78
2479 0.01740864597392923 24.79
2480 0.01744536761519304 24.8
2481 0.01749639379243739 24.81
2482 0.01755454709310744 24.82
2483 0.01761372134130583 24.83
2484 0.01763474317918689 24.84
2485 0.01767933445860643 24.85
2486 0.0177362413354949 24.86
2487 0.0177990820915377 24.87
2488 0.01783796709033773 24.88
2489 0.0178838906488408 24.89
2490 0.01793620000127531 24.9
2491 0.0179795530819171 24.91
2492 0.01800757471866362 24.92
2493 0.01802703707128898 24.93
2494 0.01803483949518495 24.94
2495 0.01805673398284896 24.95
2496 0.01809579829667459 24.96
2497 0.01814315764154307 24.97
2498 0.01819370796740255 24.98
2499 0.01823829456187298 24.99
2500 0.01831730743478859 25
2501 0.01837824466423804 25.01
2502 0.01845021614767093 25.02
2503 0.01851889601978885 25.03
2504 0.01858969293652813 25.04
2505 0.01868274029870088 25.05
2506 0.01876224106900916 25.06
2507 0.01883939958872205 25.07
2508 0.0189245160005906 25.08
2509 0.01901545842138193 25.09
2510 0.01909883230924682 25.1
2511 0.01918483995710554 25.11
2512 0.01927722199532545 25.12
2513 0.01936524152133978 25.13
2514 0.01946987112997755 25.14
2515 0.01955941398726347 25.15
2516 0.01965916763759785 25.16
2517 0.01973714052608624 25.17
2518 0.01981731930476269 25.18
2519 0.01993132128632518 25.19
2520 0.02005678261785587 25.2
2521 0.02016885028057668 25.21
2522 0.02028354761515073 25.22
2523 0.02041790745832374 25.23
2524 0.0205188172675008 25.24
2525 0.02064739743672713 25.25
2526 0.02075171308205782 25.26
2527 0.02088151206470553 25.27
2528 0.0210189250809254 25.28
2529 0.02114968547183609 25.29
2530 0.02127569978805311 25.3
2531 0.02139702640114872 25.31
2532 0.02153078531322351 25.32
2533 0.02167470032460256 25.33
2534 0.02182710581278845 25.34
2535 0.02197617741961286 25.35
2536 0.02211243458068229 25.36
2537 0.02226793781990129 25.37
2538 0.02243369107373093 25.38
2539 0.02261219507232685 25.39
2540 0.02278604521467597 25.4
2541 0.02296081307631953 25.41
2542 0.02314655251933439 25.42
2543 0.0233443174520354 25.43
2544 0.02355034345670739 25.44
2545 0.02375991866252098 25.45
2546 0.02394859142338883 25.46
2547 0.0241375425950351 25.47
2548 0.02435695795977116 25.48
2549 0.02458394405839523 25.49
2550 0.02485478587888409 25.5
2551 0.02511916136894264 25.51
2552 0.02538157230170746 25.52
2553 0.0256176547268295 25.53
2554 0.02585370308084107 25.54
2555 0.02608491221542059 25.55
2556 0.02629724994598639 25.56
2557 0.02650908378641232 25.57
2558 0.02670997932356868 25.58
2559 0.02688882008323013 25.59
2560 0.02708833178123921 25.6
2561 0.02726340780085934 25.61
2562 0.02743440321130283 25.62
2563 0.02759378094890038 25.63
2564 0.02775170476271782 25.64
2565 0.02791652455301109 25.65
2566 0.02804199853770068 25.66
2567 0.02816749873157272 25.67
2568 0.02826724749196055 25.68
2569 0.02839461385414456 25.69
2570 0.02851568773234796 25.7
2571 0.02865383433451517 25.71
2572 0.02874938073366296 25.72
2573 0.02885425239487586 25.73
2574 0.02890111968842426 25.74
2575 0.02884303757711705 25.75
2576 0.02880582367685007 25.76
2577 0.02877948274079192 25.77
2578 0.02871758468997014 25.78
2579 0.02865657413953425 25.79
2580 0.02856250022924868 25.8
2581 0.02848775372801922 25.81
2582 0.02832562586898107 25.82
2583 0.02826025415300762 25.83
2584 0.028097789580268 25.84
2585 0.0279451622953038 25.85
2586 0.02775443088358078 25.86
2587 0.0275745168802695 25.87
2588 0.02737916715184371 25.88
2589 0.02720643896224672 25.89
2590 0.02695159546497278 25.9
2591 0.02672109041518458 25.91
2592 0.02646464845245289 25.92
2593 0.02619934420728206 25.93
2594 0.02590876284003415 25.94
2595 0.02559021923091112 25.95
2596 0.02530670486364164 25.96
2597 0.02500665166091989 25.97
2598 0.02471004994040037 25.98
2599 0.02444897508055549 25.99
2600 0.0241464232019326 26
2601 0.02390432635591687 26.01
2602 0.02359822566410371 26.02
2603 0.02328102915551977 26.03
2604 0.02296914511176662 26.04
2605 0.02268762928343586 26.05
2606 0.02232305513986869 26.06
2607 0.02201383985420104 26.07
2608 0.02174059332420614 26.08
2609 0.02147982511462812 26.09
2610 0.02123758232203455 26.1
2611 0.02103062281882302 26.11
2612 0.02084908315429562 26.12
2613 0.02067673516533074 26.13
2614 0.02051493132305428 26.14
2615 0.02034587584291956 26.15
2616 0.02012769097766614 26.16
2617 0.01990582066738482 26.17
2618 0.01969591509009323 26.18
2619 0.01952785258293165 26.19
2620 0.01941791897914937 26.2
2621 0.01931231323205609 26.21
2622 0.01912926414980996 26.22
2623 0.01904049900154267 26.23
2624 0.01890988381129437 26.24
2625 0.01888657803707973 26.25
2626 0.01883324663633123 26.26
2627 0.01882979859160501 26.27
2628 0.01884297515605519 26.28
2629 0.01891939240473395 26.29
2630 0.01890016568930985 26.3
2631 0.01902046213632306 26.31
2632 0.0191112020526278 26.32
2633 0.01917461235638847 26.33
2634 0.01924284564831374 26.34
2635 0.01935612469895764 26.35
2636 0.01948426143673628 26.36
2637 0.01967208779645967 26.37
2638 0.01984825804552476 26.38
2639 0.0200035523634367 26.39
2640 0.02015216149534984 26.4
2641 0.02028227747244674 26.41
2642 0.02047201893111357 26.42
2643 0.02065128264337869 26.43
2644 0.02073784279099884 26.44
2645 0.02092273343965403 26.45
2646 0.02099758850553475 26.46
2647 0.02110394306698668 26.47
2648 0.02117817157671313 26.48
2649 0.02119335539400738 26.49
2650 0.02129641638653375 26.5
2651 0.02134646860078734 26.51
2652 0.02135517905085971 26.52
2653 0.02128308262786324 26.53
2654 0.02128413203255394 26.54
2655 0.02114953745865326 26.55
2656 0.02110251800858855 26.56
2657 0.02103579139352066 26.57
2658 0.02104795493143525 26.58
2659 0.02088207931998389 26.59
2660 0.02066389144598447 26.6
2661 0.02049675849236239 26.61
2662 0.02038547110414807 26.62
2663 0.02014373595605208 26.63
2664 0.02005178184319253 26.64
2665 0.01993042204826171 26.65
2666 0.01986369582756143 26.66
2667 0.01972987149301049 26.67
2668 0.01963298420818822 26.68
2669 0.01945271210322898 26.69
2670 0.01928085662181328 26.7
2671 0.01911087298290136 26.71
2672 0.01897910693841205 26.72
2673 0.01884648270814625 26.73
2674 0.01872703239330505 26.74
2675 0.01868218516657379 26.75
2676 0.01869501269716745 26.76
2677 0.01865315000134336 26.77
2678 0.01856642549454379 26.78
2679 0.01846426717298335 26.79
2680 0.01838834394307083 26.8
2681 0.01833968462948152 26.81
2682 0.01830756672470307 26.82
2683 0.01828596593594979 26.83
2684 0.01820858844947559 26.84
2685 0.01817817901767056 26.85
2686 0.01811139252320239 26.86
2687 0.01804384582524661 26.87
2688 0.01797194411476402 26.88
2689 0.01788252690889474 26.89
2690 0.0178664049915278 26.9
2691 0.01784288326937272 26.91
2692 0.01785193876583244 26.92
2693 0.01784092740483315 26.93
2694 0.01786771146183221 26.94
2695 0.01787916322693968 26.95
2696 0.0178737638550528 26.96
2697 0.01778194071745232 26.97
2698 0.01780945858789716 26.98
2699 0.01773282716385821 26.99
2700 0.01775339646569369 27
2701 0.01772064804958049 27.01
2702 0.01776005221087179 27.02
2703 0.01777539207492319 27.03
2704 0.01774877858076262 27.04
2705 0.01773899847968674 27.05
2706 0.01771669650745791 27.06
2707 0.01766766288098142 27.07
2708 0.01757809993237118 27.08
2709 0.01738497144948765 27.09
2710 0.01742050689697694 27.1
2711 0.01743960204166448 27.11
2712 0.01742851601461037 27.12
2713 0.01735331199090377 27.13
2714 0.01727358616620571 27.14
2715 0.01723426660775322 27.15
2716 0.01716310391694726 27.16
2717 0.01713997520436347 27.17
2718 0.01714750420185097 27.18
2719 0.01717423535980078 27.19
2720 0.01716275896852365 27.2
2721 0.01713704701037859 27.21
2722 0.01715556960376478 27.22
2723 0.01710386256983507 27.23
2724 0.01710420466389262 27.24
2725 0.01702724997182222 27.25
2726 0.01693064476541488 27.26
2727 0.0168867657003242 27.27
2728 0.016776413954549 27.28
2729 0.01670302059666279 27.29
2730 0.01666089334255913 27.3
2731 0.01664202514603648 27.31
2732 0.01664969676626664 27.32
2733 0.01659742264562827 27.33
2734 0.01651655261038013 27.34
2735 0.01646607668170249 27.35
2736 0.01642416450617753 27.36
2737 0.0163775402854658 27.37
2738 0.01634006611235348 27.38
2739 0.01631254410483255 27.39
2740 0.01625638876934262 27.4
2741 0.01621671031175562 27.41
2742 0.01612918916239845 27.42
2743 0.01604078434126772 27.43
2744 0.01595584431321337 27.44
2745 0.0158367407924958 27.45
2746 0.01572520194255661 27.46
2747 0.01564343435452901 27.47
2748 0.01553318063509311 27.48
2749 0.01541030053580346 27.49
2750 0.01529856015888341 27.5
2751 0.01518110966801458 27.51
2752 0.0150897419959103 27.52
2753 0.01495208391309555 27.53
2754 0.01480278564493938 27.54
2755 0.01465230467795019 27.55
2756 0.01450416678382098 27.56
2757 0.01440127099156037 27.57
2758 0.01428060716700253 27.58
2759 0.01407017931149148 27.59
2760 0.01385681298285173 27.6
2761 0.0135797097197107 27.61
2762 0.01327363822463335 27.62
2763 0.01302874065197212 27.63
2764 0.01279134892909087 27.64
2765 0.01255250234621098 27.65
2766 0.01234097258810488 27.66
2767 0.01212102466015998 27.67
2768 0.01190407252652255 27.68
2769 0.0117045667297488 27.69
2770 0.01146787107161074 27.7
2771 0.01132755623731846 27.71
2772 0.01113907835572288 27.72
2773 0.01095218856061731 27.73
2774 0.01081832920749216 27.74
2775 0.01066898124787923 27.75
2776 0.01047363196559981 27.76
2777 0.01031731924289637 27.77
2778 0.01023835171376268 27.78
2779 0.01002409228095655 27.79
2780 0.009925569178101997 27.8
2781 0.009813557801061763 27.81
2782 0.009673413939784967 27.82
2783 0.009505466600479457 27.83
2784 0.0094313738519269 27.84
2785 0.009357859320397269 27.85
2786 0.009267440761504698 27.86
2787 0.009335525737849706 27.87
2788 0.009250168640641961 27.88
2789 0.009206591537370889 27.89
2790 0.009128057691562653 27.9
2791 0.009113587012354398 27.91
2792 0.009139154405637857 27.92
2793 0.009157797382638309 27.93
2794 0.009229381811960116 27.94
2795 0.009212946401463723 27.95
2796 0.009121277249413896 27.96
2797 0.009155430626568917 27.97
2798 0.00915968388423517 27.98
2799 0.00914452572830585 27.99
2800 0.009133757035179773 28
2801 0.009085554254684684 28.01
2802 0.009121249581339506 28.02
2803 0.009155946718290439 28.03
2804 0.009193610683614951 28.04
2805 0.009172232362927666 28.05
2806 0.009034582800028104 28.06
2807 0.009024041943211365 28.07
2808 0.009017102709222704 28.08
2809 0.009006172411991665 28.09
2810 0.009081678053739755 28.1
2811 0.009088104272978709 28.11
2812 0.009097195863885847 28.12
2813 0.009156719717909842 28.13
2814 0.00919043716283462 28.14
2815 0.009207212334360618 28.15
2816 0.009192707481790803 28.16
2817 0.009219184284993647 28.17
2818 0.009243332118191203 28.18
2819 0.009314982952211177 28.19
2820 0.009380056305490801 28.2
2821 0.009470007412820627 28.21
2822 0.009583876523624475 28.22
2823 0.009695949125356105 28.23
2824 0.009850296402269837 28.24
2825 0.009947779592275881 28.25
2826 0.01004133991610633 28.26
2827 0.01011862359504826 28.27
2828 0.01021621881683654 28.28
2829 0.01029571953271616 28.29
2830 0.0103547356922057 28.3
2831 0.01040935076944545 28.31
2832 0.01048971964042441 28.32
2833 0.01058390891251952 28.33
2834 0.01059717571662085 28.34
2835 0.01064523121554307 28.35
2836 0.01069537113306997 28.36
2837 0.01073148879562817 28.37
2838 0.01079217833246488 28.38
2839 0.01080982580604869 28.39
2840 0.01088751784872399 28.4
2841 0.01094645174367199 28.41
2842 0.0109218727338341 28.42
2843 0.01093365419419518 28.43
2844 0.01089665046934443 28.44
2845 0.01091731049075718 28.45
2846 0.01095604426947502 28.46
2847 0.01086397209192712 28.47
2848 0.0108462612026511 28.48
2849 0.01084096669419731 28.49
2850 0.01078105934495842 28.5
2851 0.0107683240428837 28.51
2852 0.01072812794924427 28.52
2853 0.01066966602664292 28.53
2854 0.01061454382974307 28.54
2855 0.01058533179313264 28.55
2856 0.01051661187286205 28.56
2857 0.01046866445473814 28.57
2858 0.01044804254004936 28.58
2859 0.01047181153901238 28.59
2860 0.0104436341102055 28.6
2861 0.01036074040422751 28.61
2862 0.01025312847372192 28.62
2863 0.0101587385901475 28.63
2864 0.01016081417365679 28.64
2865 0.01013589348063271 28.65
2866 0.01012527207526433 28.66
2867 0.01008104885141659 28.67
2868 0.01004602855595031 28.68
2869 0.0100529266032661 28.69
2870 0.01006488082299584 28.7
2871 0.01004910090036391 28.71
2872 0.0100321755910889 28.72
2873 0.009948345063551091 28.73
2874 0.009952511458500407 28.74
2875 0.009881900724996652 28.75
2876 0.009858146315324863 28.76
2877 0.009791843101124634 28.77
2878 0.009723399134107968 28.78
2879 0.009754262502107801 28.79
2880 0.009815807331582958 28.8
2881 0.009856001159805986 28.81
2882 0.009861887574369774 28.82
2883 0.009914801522968161 28.83
2884 0.009900381706662808 28.84
2885 0.009901627432664723 28.85
2886 0.009913677297578159 28.86
2887 0.009913060355851551 28.87
2888 0.009915747279528474 28.88
2889 0.009923982279104343 28.89
2890 0.009927722453566084 28.9
2891 0.009946991627402802 28.91
2892 0.009963231411897951 28.92
2893 0.009983322936381434 28.93
2894 0.009980815177908465 28.94
2895 0.009958293737662159 28.95
2896 0.009950221696348516 28.96
2897 0.00997519522211221 28.97
2898 0.01000139843795034 28.98
2899 0.01000583848747844 28.99
2900 0.01001297985911662 29
2901 0.01004155330557744 29.01
2902 0.01002257221360199 29.02
2903 0.01005743715475854 29.03
2904 0.01007154051484559 29.04
2905 0.01008999078654348 29.05
2906 0.01008787629095248 29.06
2907 0.01007481089168459 29.07
2908 0.01005960822496393 29.08
2909 0.01004460745614577 29.09
2910 0.01001115835915984 29.1
2911 0.009980633024271353 29.11
2912 0.009957487067921206 29.12
2913 0.009921861510945568 29.13
2914 0.009901394999538803 29.14
2915 0.00989301714997521 29.15
2916 0.009852820878606644 29.16
2917 0.009819777354259962 29.17
2918 0.009795972934238584 29.18
2919 0.009774966180207872 29.19
2920 0.009764388239520375 29.2
2921 0.009764196604894609 29.21
2922 0.00974810941588369 29.22
2923 0.009718008775494651 29.23
2924 0.009677883443877476 29.24
2925 0.00966562949438626 29.25
2926 0.009653832625037731 29.26
2927 0.009657093285133379 29.27
2928 0.009658908552263736 29.28
2929 0.009661393374083158 29.29
2930 0.009639663693661964 29.3
2931 0.009594439318809574 29.31
2932 0.009566618008587165 29.32
2933 0.009543011203114061 29.33
2934 0.009519446175004446 29.34
2935 0.009525885357242997 29.35
2936 0.009504531186964153 29.36
2937 0.009493821037644854 29.37
2938 0.00951190729374456 29.38
2939 0.009541407933656459 29.39
2940 0.00958620555844544 29.4
2941 0.009614635876280198 29.41
2942 0.009633620713505965 29.42
2943 0.009659681285429426 29.43
2944 0.00965944790509167 29.44
2945 0.009688581032137163 29.45
2946 0.00973237420772009 29.46
2947 0.009773867851469751 29.47
2948 0.00983189845266616 29.48
2949 0.009877936261516063 29.49
2950 0.009963648929689806 29.5
2951 0.01001733560970154 29.51
2952 0.01009697656465699 29.52
2953 0.01015500800674004 29.53
2954 0.01023311843252412 29.54
2955 0.01033110664649386 29.55
2956 0.01043521676377012 29.56
2957 0.01054961945609546 29.57
2958 0.01066234443539066 29.58
2959 0.01078306473319725 29.59
2960 0.01090785039641943 29.6
2961 0.01102617724756843 29.61
2962 0.01113801531699884 29.62
2963 0.01125695303543275 29.63
2964 0.0113718331915099 29.64
2965 0.01148474193053384 29.65
2966 0.01162054588087525 29.66
2967 0.01174689031623522 29.67
2968 0.01186543820065119 29.68
2969 0.01198684019814655 29.69
2970 0.01212544487929187 29.7
2971 0.01223306638813676 29.71
2972 0.01233839527240163 29.72
2973 0.01242584784454052 29.73
2974 0.01254091231288384 29.74
2975 0.0126483382466143 29.75
2976 0.01276169242333449 29.76
2977 0.01287108814307644 29.77
2978 0.01296798916462448 29.78
2979 0.01308254519702706 29.79
2980 0.01318076179893971 29.8
2981 0.0132744330880542 29.81
2982 0.01336557624682346 29.82
2983 0.01344558914080913 29.83
2984 0.01352839139975229 29.84
2985 0.01360412917751249 29.85
2986 0.0136772728224109 29.86
2987 0.01376949753821961 29.87
2988 0.01384273522152398 29.88
2989 0.01392512878656139 29.89
2990 0.01400122298864852 29.9
2991 0.01407663849257715 29.91
2992 0.01414285118690765 29.92
2993 0.01420639933983317 29.93
2994 0.01426805419245587 29.94
2995 0.01430257510305057 29.95
2996 0.01437824147398701 29.96
2997 0.0144462324886988 29.97
2998 0.01450684923236912 29.98
2999 0.01456853774334415 29.99
3000 0.01460792631398785 30
