"y-force-rfile"
"Time Step" "y-force etc.."
("Time Step" "y-force" "flow-time")
0 1.292469707114106e-26 0
1 3.601754457271454 0.01
2 -1.066400223385244 0.02
3 -1.574824980846643 0.03
4 4.200706558645834 0.04
5 -2.953887926585594 0.05
6 0.6981563487344147 0.06
7 -0.3305648313410074 0.07000000000000001
8 0.6620681161754192 0.08
9 0.3005015978828851 0.09
10 -0.2099649991333159 0.1
11 -0.04337062075856579 0.11
12 0.1668135515561744 0.12
13 0.142521255792559 0.13
14 0.1555602175283566 0.14
15 0.1198704557324639 0.15
16 0.06983072868767914 0.16
17 0.09887847670039918 0.17
18 0.0871746750628013 0.18
19 0.1019075984507634 0.19
20 0.1176237343867541 0.2
21 0.0984338546739707 0.21
22 0.09672821742177096 0.22
23 0.09706604175090439 0.23
24 0.1223413776416917 0.24
25 0.1080191953254501 0.25
26 0.1060495359499738 0.26
27 0.1065141409991028 0.27
28 0.1078791441892353 0.28
29 0.1096432868623705 0.29
30 0.1156493094470836 0.3
31 0.1123047292928041 0.31
32 0.09882948271298675 0.32
33 0.1063286205595761 0.33
34 0.1105486579474177 0.34
35 0.1117488224525061 0.35
36 0.1094002737154813 0.36
37 0.1050745144928644 0.37
38 0.1116323612674179 0.38
39 0.125152679771702 0.39
40 0.1143410204459877 0.4
41 0.1164352614248156 0.41
42 0.1162424533137871 0.42
43 0.1158771043227613 0.43
44 0.1132237603646433 0.44
45 0.1120459045194133 0.45
46 0.1147912322448064 0.46
47 0.1125787963500535 0.47
48 0.1132192062254971 0.48
49 0.1111817070639916 0.49
50 0.1205483614829657 0.5
51 0.1197598667343442 0.51
52 0.1193687856081338 0.52
53 0.1196020396118902 0.53
54 0.1201788415340066 0.54
55 0.1197427900686097 0.55
56 0.1200221378371015 0.5600000000000001
57 0.1193600117272487 0.5700000000000001
58 0.1178191323463236 0.58
59 0.1189032235361549 0.59
60 0.1199645570250851 0.6
61 0.1190925948598773 0.61
62 0.1193213884957292 0.62
63 0.120924616234209 0.63
64 0.1214733755351483 0.64
65 0.1219161620729636 0.65
66 0.1230333187437926 0.66
67 0.1233907316135738 0.67
68 0.1228650991609781 0.68
69 0.1236488161551429 0.6900000000000001
70 0.1233743995187477 0.7000000000000001
71 0.1235568072277946 0.71
72 0.1233976327966472 0.72
73 0.1246161102381431 0.73
74 0.1243832384239223 0.74
75 0.1243027799716626 0.75
76 0.1246386818802055 0.76
77 0.1249316003892521 0.77
78 0.1251374544373542 0.78
79 0.1255417896533926 0.79
80 0.1245413328299725 0.8
81 0.1256487607937009 0.8100000000000001
82 0.1263252188675881 0.8200000000000001
83 0.1266476618377372 0.8300000000000001
84 0.1271813946496974 0.84
85 0.1270315503321886 0.85
86 0.1274824240879435 0.86
87 0.1276795255101332 0.87
88 0.1265276145153752 0.88
89 0.1275989287966162 0.89
90 0.1286255558902704 0.9
91 0.1283328291272288 0.91
92 0.1286186974431779 0.92
93 0.1286064484442964 0.93
94 0.1294637892166783 0.9400000000000001
95 0.1292912678055463 0.9500000000000001
96 0.1295441986932485 0.96
97 0.1295391385893524 0.97
98 0.1302700624310349 0.98
99 0.1304796076724541 0.99
100 0.1304101595441383 1
101 0.1305787016688018 1.01
102 0.1313181255784723 1.02
103 0.1309582486164182 1.03
104 0.131502362688255 1.04
105 0.1319694635130488 1.05
106 0.1319400627461851 1.06
107 0.1321171170767295 1.07
108 0.1325409927030539 1.08
109 0.1330409231072964 1.09
110 0.1327681945380634 1.1
111 0.1329569734808798 1.11
112 0.1331249706165037 1.12
113 0.1334151499764866 1.13
114 0.1332530400335347 1.14
115 0.1335809814099937 1.15
116 0.1340876807082404 1.16
117 0.1341823737739065 1.17
118 0.134173153990899 1.18
119 0.1344543956134275 1.19
120 0.1347122145350471 1.2
121 0.1345963054373171 1.21
122 0.1345632355867837 1.22
123 0.1346420108506554 1.23
124 0.1347994376350292 1.24
125 0.1349848116885493 1.25
126 0.1352144989080946 1.26
127 0.1356519038441775 1.27
128 0.1361260703961212 1.28
129 0.1362661414693848 1.29
130 0.1363179602886478 1.3
131 0.1364377814794059 1.31
132 0.1364560290862734 1.32
133 0.1364440867655545 1.33
134 0.1364905353610443 1.34
135 0.1366099902358537 1.35
136 0.1367836714065195 1.36
137 0.1367256308514861 1.37
138 0.1366125920729901 1.38
139 0.1365593608932202 1.39
140 0.1369186771548742 1.4
141 0.1374190949148736 1.41
142 0.1378603734934296 1.42
143 0.1381322563473603 1.43
144 0.1381719253944068 1.44
145 0.1381851461860814 1.45
146 0.1381674458558463 1.46
147 0.1382730786857573 1.47
148 0.1384167148223563 1.48
149 0.1385681669873779 1.49
150 0.1387207758991205 1.5
151 0.1388535990394706 1.51
152 0.1389544163175593 1.52
153 0.1390711319085941 1.53
154 0.1391787111497799 1.54
155 0.1392785020093623 1.55
156 0.1392128011178748 1.56
157 0.1391328487000505 1.57
158 0.1391221975332523 1.58
159 0.1391643180009612 1.59
160 0.1392718959166043 1.6
161 0.139398058430068 1.61
162 0.1395338781611521 1.62
163 0.1396622812730768 1.63
164 0.1397837168542425 1.64
165 0.1398973536062877 1.65
166 0.1399913966213592 1.66
167 0.1400725976436108 1.67
168 0.1402944351377974 1.68
169 0.1404916549212385 1.69
170 0.1406227236094143 1.7
171 0.1407206652565927 1.71
172 0.1408128128765418 1.72
173 0.1407753144252522 1.73
174 0.1407173605775571 1.74
175 0.1407003666357723 1.75
176 0.1407190995308397 1.76
177 0.140769073123426 1.77
178 0.1408461077469159 1.78
179 0.1409297419313059 1.79
180 0.1410352283074203 1.8
181 0.1411475102568898 1.81
182 0.1412568388192327 1.82
183 0.1413542500152318 1.83
184 0.1414549522235705 1.84
185 0.1415293576003283 1.85
186 0.1415773004028574 1.86
187 0.1416189898926198 1.87
188 0.1416675973441884 1.88
189 0.1416780433813122 1.89
190 0.1417676254753217 1.9
191 0.1418279830641439 1.91
192 0.1418264371787773 1.92
193 0.1419239038753265 1.93
194 0.1419305617191381 1.94
195 0.1419722915747814 1.95
196 0.1420722892133971 1.96
197 0.142124890388158 1.97
198 0.1421581437766639 1.98
199 0.142200004533555 1.99
200 0.1422409317656534 2
201 0.1422764269024021 2.01
202 0.1423075159014677 2.02
203 0.1423511066981473 2.03
204 0.1424097666254649 2.04
205 0.1424570695215364 2.05
206 0.1425203745437285 2.06
207 0.1425785500644605 2.07
208 0.1426170814870017 2.08
209 0.1426517001799745 2.09
210 0.1426960150818983 2.1
211 0.1427392974477092 2.11
212 0.1427871251848464 2.12
213 0.1428393974478229 2.13
214 0.1428945196004321 2.14
215 0.1429350980078937 2.15
216 0.142984446683928 2.16
217 0.143068933190445 2.17
218 0.1431447204193161 2.18
219 0.1431978669672527 2.19
220 0.1432655913384651 2.2
221 0.143299433060369 2.21
222 0.1433392865367574 2.22
223 0.1434207640758859 2.23
224 0.1434217287717183 2.24
225 0.1434679132624596 2.25
226 0.1435093749153117 2.26
227 0.1435604989852134 2.27
228 0.1435976297579705 2.28
229 0.1436689843547351 2.29
230 0.1437223241301063 2.3
231 0.1437555007914951 2.31
232 0.1437953266712773 2.32
233 0.1438224320253305 2.33
234 0.1438681665169902 2.34
235 0.1439227835723388 2.35
236 0.1439965082288747 2.36
237 0.1440533701578519 2.37
238 0.1440968944783014 2.38
239 0.1441179255401748 2.39
240 0.1441289138184347 2.4
241 0.1441445100487442 2.41
242 0.1441592258557065 2.42
243 0.1441658811897443 2.43
244 0.1441882588487829 2.44
245 0.1442168384788244 2.45
246 0.1442488296331195 2.46
247 0.1442724163784152 2.47
248 0.1442883513674207 2.48
249 0.1442991352986359 2.49
250 0.1443065047438334 2.5
251 0.1442964302895347 2.51
252 0.1442926930833678 2.52
253 0.1442890041581422 2.53
254 0.144300411040479 2.54
255 0.1443078895281057 2.55
256 0.1443129153666323 2.56
257 0.1442844002176807 2.57
258 0.1442605016301948 2.58
259 0.1442429196551266 2.59
260 0.1442294016184639 2.6
261 0.1442119362227529 2.61
262 0.14418506746333 2.62
263 0.1441621309970533 2.63
264 0.1441391335948197 2.64
265 0.1441111395066574 2.65
266 0.1440715095385745 2.66
267 0.1440386217811626 2.67
268 0.1440122280174404 2.68
269 0.1439694013766564 2.69
270 0.1439345510510935 2.7
271 0.1439018092708122 2.71
272 0.143876384600209 2.72
273 0.1438450056539424 2.73
274 0.1438149689559561 2.74
275 0.1437705156145823 2.75
276 0.1437240979725681 2.76
277 0.1436772133438023 2.77
278 0.1436300257312892 2.78
279 0.1435920881229965 2.79
280 0.1435638260441042 2.8
281 0.1435388555898488 2.81
282 0.143512976614116 2.82
283 0.143490601593171 2.83
284 0.1434739172651653 2.84
285 0.1434552559985814 2.85
286 0.143434441404397 2.86
287 0.1434203775892018 2.87
288 0.1434059567707819 2.88
289 0.1433909409184241 2.89
290 0.1433811314662042 2.9
291 0.1433793743870077 2.91
292 0.1433710437042409 2.92
293 0.1433739791084525 2.93
294 0.1433809755195561 2.94
295 0.1434061132120416 2.95
296 0.1434223507839079 2.96
297 0.1434357101255194 2.97
298 0.1434637323742368 2.98
299 0.1434866434224191 2.99
300 0.1434962130590459 3
301 0.1435191005711434 3.01
302 0.1435514592193748 3.02
303 0.1435904850392891 3.03
304 0.1436339487217888 3.04
305 0.1436797747798185 3.05
306 0.1437310274863866 3.06
307 0.1437814859207241 3.07
308 0.1438348650174804 3.08
309 0.143890225022367 3.09
310 0.1439213780016914 3.1
311 0.1439725112732688 3.11
312 0.1440417489672435 3.12
313 0.1441072419774791 3.13
314 0.1441669393348398 3.14
315 0.144229505015475 3.15
316 0.1442993403881503 3.16
317 0.1443704744404674 3.17
318 0.1444334700990551 3.18
319 0.144502680343341 3.19
320 0.1445756786115256 3.2
321 0.1446474431469647 3.21
322 0.1447150659122741 3.22
323 0.1447834171023131 3.23
324 0.1448590023817144 3.24
325 0.1449159397474934 3.25
326 0.1449802700731063 3.26
327 0.145045739718339 3.27
328 0.1451151305659695 3.28
329 0.1452015984668253 3.29
330 0.1452657767398706 3.3
331 0.1453331397609008 3.31
332 0.1454140858845109 3.32
333 0.1454843785335964 3.33
334 0.1455520679242884 3.34
335 0.1456176438954672 3.35
336 0.1456827145560175 3.36
337 0.1457464038544761 3.37
338 0.1458189643313643 3.38
339 0.1458915587403133 3.39
340 0.1459619424626458 3.4
341 0.1460177735742144 3.41
342 0.1460786893400169 3.42
343 0.146145562744113 3.43
344 0.1462169649952677 3.44
345 0.1462825320161681 3.45
346 0.1463491033746664 3.46
347 0.1464181663360712 3.47
348 0.146489893076058 3.48
349 0.1465571664263597 3.49
350 0.1466202065610622 3.5
351 0.1466798468461228 3.51
352 0.1467385150971627 3.52
353 0.1467970270923322 3.53
354 0.146846269403018 3.54
355 0.1469123754450788 3.55
356 0.1469759528910923 3.56
357 0.1470354029503601 3.57
358 0.1470873051447014 3.58
359 0.1471332243342509 3.59
360 0.1471845586275641 3.6
361 0.1472308152337224 3.61
362 0.1472785318570092 3.62
363 0.1473278180941737 3.63
364 0.1473723867237447 3.64
365 0.1474225167969067 3.65
366 0.14748583875155 3.66
367 0.1475326991990413 3.67
368 0.1475707728771756 3.68
369 0.1475893706310842 3.69
370 0.1476274175619347 3.7
371 0.1476567324300095 3.71
372 0.1476813478975799 3.72
373 0.1477036209599905 3.73
374 0.1477380547310465 3.74
375 0.1477820781374477 3.75
376 0.147796583273942 3.76
377 0.1478098501235664 3.77
378 0.147810676768859 3.78
379 0.1478333882296942 3.79
380 0.1478479368766668 3.8
381 0.1478538801362812 3.81
382 0.1478551581584576 3.82
383 0.1478413500654159 3.83
384 0.1478377749684583 3.84
385 0.1478257972303091 3.85
386 0.1478194192959513 3.86
387 0.1478128052116651 3.87
388 0.1477928317421215 3.88
389 0.1477724935356036 3.89
390 0.1477469023425426 3.9
391 0.1477188623945892 3.91
392 0.1476856721797469 3.92
393 0.1476479056229832 3.93
394 0.1476048238305468 3.94
395 0.1475577688220084 3.95
396 0.1475071955701965 3.96
397 0.1474559016276069 3.97
398 0.1473984252916062 3.98
399 0.1473366718992269 3.99
400 0.1472804701186689 4
401 0.1472169656432233 4.01
402 0.1471519927566717 4.02
403 0.147086608429224 4.03
404 0.1470175959621577 4.04
405 0.1469545470353116 4.05
406 0.1468803670604417 4.06
407 0.1468034308801636 4.07
408 0.1467302475042156 4.08
409 0.146649228211074 4.09
410 0.1465765177343633 4.1
411 0.1465031569440036 4.11
412 0.1464328217518839 4.12
413 0.1463583325939559 4.13
414 0.1462805540450342 4.14
415 0.1461985402307352 4.15
416 0.1461131110784026 4.16
417 0.1460365329743158 4.17
418 0.1459725701285438 4.18
419 0.1459047679402413 4.19
420 0.1458331398119669 4.2
421 0.1457555457964212 4.21
422 0.1456814507782488 4.22
423 0.1456047551483172 4.23
424 0.145531951354214 4.24
425 0.1454613724390392 4.25
426 0.145396482659794 4.26
427 0.1453234562277533 4.27
428 0.1452467216070746 4.28
429 0.1451746342958758 4.29
430 0.1451076222454703 4.3
431 0.1450412336126932 4.31
432 0.1449666675688153 4.32
433 0.1448891827998611 4.33
434 0.1448111514756433 4.34
435 0.144735285790998 4.350000000000001
436 0.1446509034134673 4.36
437 0.1445652193276275 4.37
438 0.1444771264812407 4.38
439 0.1443784085542172 4.39
440 0.1442813693236502 4.4
441 0.1441846998352574 4.41
442 0.1440805915231235 4.42
443 0.1439679382442069 4.43
444 0.1438482828670447 4.44
445 0.1437242414668571 4.45
446 0.1435924154186604 4.46
447 0.1434607525845638 4.47
448 0.1433123538940351 4.48
449 0.1431579816722472 4.49
450 0.1430040283264248 4.5
451 0.1428378219304496 4.51
452 0.1426536226092018 4.52
453 0.1424565170919008 4.53
454 0.1422546596655101 4.54
455 0.1420543743720881 4.55
456 0.1418446901870045 4.56
457 0.1416291870062886 4.57
458 0.1414020516739829 4.58
459 0.1411472352635128 4.59
460 0.1408930591802562 4.600000000000001
461 0.1406374160509721 4.61
462 0.1403769579152657 4.62
463 0.1400982941072205 4.63
464 0.139817941817202 4.64
465 0.1395300795097326 4.65
466 0.1392252838255698 4.66
467 0.1389177307371534 4.67
468 0.1386160394432615 4.68
469 0.1383026501776377 4.69
470 0.1379683097427548 4.7
471 0.1376328440756661 4.71
472 0.1373021561195586 4.72
473 0.1369706737881246 4.73
474 0.1366427459408161 4.74
475 0.1363031879301678 4.75
476 0.1359651543168241 4.76
477 0.1356346288971731 4.77
478 0.1352957093069032 4.78
479 0.1349583761763353 4.79
480 0.1346260896108004 4.8
481 0.134290665228663 4.81
482 0.1339740078948726 4.82
483 0.133664496963498 4.83
484 0.1333492808516183 4.84
485 0.1330450261125732 4.850000000000001
486 0.1327495776110943 4.86
487 0.1324652449381435 4.87
488 0.1321838260014371 4.88
489 0.1319169668626157 4.89
490 0.1316642160280871 4.9
491 0.1314260547032451 4.91
492 0.1311887875669132 4.92
493 0.1309620575648271 4.93
494 0.1307513650347202 4.94
495 0.1305652766478094 4.95
496 0.130383329347766 4.96
497 0.1302120033225299 4.97
498 0.1300597553013073 4.98
499 0.1299166684924255 4.99
500 0.1297741909863888 5
501 0.1296499396114068 5.01
502 0.1295386125847714 5.02
503 0.1294504953269498 5.03
504 0.1293669700796226 5.04
505 0.1292775202035813 5.05
506 0.1291937769570167 5.06
507 0.1291107013932992 5.07
508 0.1290546886942461 5.08
509 0.1289959347894964 5.09
510 0.1289284469353216 5.100000000000001
511 0.1288604261140869 5.11
512 0.1287888191074155 5.12
513 0.1287111546340829 5.13
514 0.1286485111061403 5.14
515 0.1285465157069897 5.15
516 0.1284538713951527 5.16
517 0.1283265841982346 5.17
518 0.1281863536680091 5.18
519 0.1280213176017999 5.19
520 0.127841187805595 5.2
521 0.1276464478272631 5.21
522 0.1274119468801317 5.22
523 0.1271419000074049 5.23
524 0.1268709566910752 5.24
525 0.126553828621374 5.25
526 0.1262403224999976 5.26
527 0.1258636038522882 5.27
528 0.1254396642133173 5.28
529 0.125000851192979 5.29
530 0.1245481457270471 5.3
531 0.1240474812706245 5.31
532 0.1235378113985808 5.32
533 0.1229914896903664 5.33
534 0.1224105846963794 5.34
535 0.1218122248061163 5.350000000000001
536 0.121189901346528 5.36
537 0.1205299456173671 5.37
538 0.1198645269283212 5.38
539 0.1191948622337361 5.39
540 0.1184767351008251 5.4
541 0.1177679584997944 5.41
542 0.1170845321076762 5.42
543 0.1163705250039726 5.43
544 0.1156671484025799 5.44
545 0.114926904071476 5.45
546 0.1142046997893811 5.46
547 0.1135245054816222 5.47
548 0.1128330349133956 5.48
549 0.1121710046508052 5.49
550 0.111509597240621 5.5
551 0.1108605829986135 5.51
552 0.1102074256939982 5.52
553 0.1095806041530001 5.53
554 0.1089766763308503 5.54
555 0.1084320297322381 5.55
556 0.1079031883402702 5.56
557 0.1073845457754418 5.57
558 0.1068743397953053 5.58
559 0.1063933604785074 5.59
560 0.1060133696004608 5.600000000000001
561 0.1056451642320924 5.61
562 0.1053304326691946 5.62
563 0.1050406858003153 5.63
564 0.1047853180716931 5.64
565 0.1046045580225298 5.65
566 0.1044722381804264 5.66
567 0.1043694224846499 5.67
568 0.1043356580656941 5.68
569 0.104395310355784 5.69
570 0.1045007359761831 5.7
571 0.1046634884092155 5.71
572 0.1047807334833088 5.72
573 0.105017829670242 5.73
574 0.1053085555593309 5.74
575 0.1056833247479352 5.75
576 0.1061598943060566 5.76
577 0.1066260376244528 5.77
578 0.107126169634755 5.78
579 0.107639052656069 5.79
580 0.1082061845361033 5.8
581 0.1087678099459098 5.81
582 0.1093408682325388 5.82
583 0.109963344834671 5.83
584 0.1105298274651915 5.84
585 0.1110983097859038 5.850000000000001
586 0.1116362816930933 5.86
587 0.1121699126583346 5.87
588 0.1125367854621585 5.88
589 0.113009886930436 5.89
590 0.1134484805724847 5.9
591 0.113841960613855 5.91
592 0.1139776387372191 5.92
593 0.1141591792464056 5.93
594 0.1142765867363799 5.94
595 0.1143270715209174 5.95
596 0.1143381793375449 5.96
597 0.1141695214427239 5.97
598 0.1139903960623168 5.98
599 0.1137409033215868 5.99
600 0.1134125230501836 6
601 0.1129977716800759 6.01
602 0.1125009343728701 6.02
603 0.1118192222551901 6.03
604 0.1111404051967442 6.04
605 0.1104064688175178 6.05
606 0.1095445411721854 6.06
607 0.1086409666151066 6.07
608 0.1076178673707989 6.08
609 0.1066075496335934 6.09
610 0.1055214835360818 6.100000000000001
611 0.1044029203226555 6.11
612 0.1033008309657885 6.12
613 0.1021398287550914 6.13
614 0.1009588007390385 6.140000000000001
615 0.09987155941640186 6.15
616 0.09873905343877604 6.16
617 0.09762075676734494 6.17
618 0.09645772948631476 6.18
619 0.09549561351661034 6.19
620 0.09459544496267441 6.2
621 0.09361196658473614 6.21
622 0.09276855928049632 6.22
623 0.09193863062168006 6.23
624 0.09108501339129926 6.24
625 0.09035079901488657 6.25
626 0.08967555982776454 6.26
627 0.08907419395148591 6.27
628 0.0883996707029262 6.28
629 0.08770517204235012 6.29
630 0.08704304522683437 6.3
631 0.08645719412076924 6.31
632 0.08590557942186594 6.32
633 0.08522300271793587 6.33
634 0.08457501433594095 6.34
635 0.08390861230375529 6.350000000000001
636 0.08326684257754791 6.36
637 0.08262025558523189 6.37
638 0.08221881884916804 6.38
639 0.0818156619357594 6.390000000000001
640 0.08148771290827084 6.4
641 0.08119986123877326 6.41
642 0.08089249324604891 6.42
643 0.08104312424506238 6.43
644 0.08119030098866103 6.44
645 0.08149679633452872 6.45
646 0.08205688980130393 6.46
647 0.08269206683382285 6.47
648 0.0834898183290908 6.48
649 0.08451907590020225 6.49
650 0.08563779029391105 6.5
651 0.08703622755677121 6.51
652 0.08888539652178956 6.52
653 0.09080826657017393 6.53
654 0.09272100533595579 6.54
655 0.09450926167435847 6.55
656 0.096660017529558 6.56
657 0.09890054151433153 6.57
658 0.1013017633361796 6.58
659 0.1038891751768293 6.59
660 0.1063073179691954 6.600000000000001
661 0.1088655630544724 6.61
662 0.1113031007638316 6.62
663 0.1136829128818436 6.63
664 0.1161331223309637 6.640000000000001
665 0.1183750982575726 6.65
666 0.120808297094771 6.66
667 0.1231625936697053 6.67
668 0.1254281662254086 6.68
669 0.1274078071195579 6.69
670 0.1294497414508204 6.7
671 0.1316905212693316 6.71
672 0.1337041351934568 6.72
673 0.135602613039934 6.73
674 0.1375495308520039 6.74
675 0.1394207857407469 6.75
676 0.1413746938739389 6.76
677 0.1434587581700476 6.77
678 0.1451034254372436 6.78
679 0.146773568237573 6.79
680 0.1487133825071785 6.8
681 0.1501488460615782 6.81
682 0.151540589794434 6.82
683 0.1528926324089202 6.83
684 0.1541561900091132 6.84
685 0.1557507031523757 6.850000000000001
686 0.1571331256239495 6.86
687 0.1582009202473298 6.87
688 0.1591090099642479 6.88
689 0.1599461088872018 6.890000000000001
690 0.160860803145121 6.9
691 0.1617365611292897 6.91
692 0.1624897492242057 6.92
693 0.1628988796008141 6.93
694 0.1634665742536919 6.94
695 0.1639493486285825 6.95
696 0.1643719020551116 6.96
697 0.1645923086635595 6.97
698 0.1642647904086519 6.98
699 0.1643033008270006 6.99
700 0.1643356049178765 7
701 0.1642057725358391 7.01
702 0.1638693116624137 7.02
703 0.1634423197072865 7.03
704 0.1628920555955987 7.04
705 0.1623790232851443 7.05
706 0.1617707600754782 7.06
707 0.1609900431030084 7.07
708 0.1600725516295694 7.08
709 0.159098453379441 7.09
710 0.1576900111135631 7.100000000000001
711 0.1564185782401796 7.11
712 0.1552625843997774 7.12
713 0.153903648303418 7.13
714 0.1523893600201643 7.140000000000001
715 0.1508484122503667 7.15
716 0.1492051233350999 7.16
717 0.1476193890065444 7.17
718 0.1460267284632594 7.18
719 0.1444278205884333 7.19
720 0.1426623483372536 7.2
721 0.1410444086738758 7.21
722 0.1395130775183879 7.22
723 0.1379073769378178 7.23
724 0.1363436467435836 7.24
725 0.1349053437102595 7.25
726 0.1334902474556058 7.26
727 0.1321041196145198 7.27
728 0.1307424220882958 7.28
729 0.1294125074096383 7.29
730 0.1282517349063934 7.3
731 0.1272149851876316 7.31
732 0.1262498786489591 7.32
733 0.12542597746706 7.33
734 0.1245215909047312 7.34
735 0.1237226881915779 7.350000000000001
736 0.1230132779703902 7.36
737 0.1223142497669434 7.37
738 0.1215870038564412 7.38
739 0.1210533356062408 7.390000000000001
740 0.1206440126731533 7.4
741 0.1202755471661559 7.41
742 0.1198385299441038 7.42
743 0.1191263944615704 7.43
744 0.1185621945987695 7.44
745 0.117780811894368 7.45
746 0.1164196136332463 7.46
747 0.1153841233932336 7.47
748 0.1146638508821996 7.48
749 0.1139974364939246 7.49
750 0.1134005921428406 7.5
751 0.1128685420497921 7.51
752 0.1123665398166175 7.52
753 0.1115879367704768 7.53
754 0.1108955673207037 7.54
755 0.1100184343130834 7.55
756 0.1092387447163773 7.56
757 0.10849819346748 7.57
758 0.107836849374157 7.58
759 0.1071559767282578 7.59
760 0.1064436364898713 7.600000000000001
761 0.1059269605570941 7.61
762 0.1054540434283186 7.62
763 0.105027906704688 7.63
764 0.1047545848189747 7.640000000000001
765 0.1045934217262187 7.65
766 0.1043709233506919 7.66
767 0.1042454226264957 7.67
768 0.1041570901392895 7.68
769 0.1039774764291967 7.69
770 0.1037922720805303 7.7
771 0.1040187005954027 7.71
772 0.1040134370516052 7.72
773 0.1040562948265479 7.73
774 0.1042245812914667 7.74
775 0.104387682839139 7.75
776 0.1046070741974957 7.76
777 0.1049288237092457 7.77
778 0.1052546712106842 7.78
779 0.1057345980721962 7.79
780 0.1060285824830902 7.8
781 0.1060807378555164 7.81
782 0.1060987697112131 7.82
783 0.1059733167463875 7.83
784 0.1057475826804769 7.84
785 0.1055644116224868 7.850000000000001
786 0.1054287211058198 7.86
787 0.1053079564575496 7.87
788 0.1049906174103469 7.88
789 0.1045071749579343 7.890000000000001
790 0.1040048294102055 7.9
791 0.1036289181379978 7.91
792 0.1031351566108588 7.92
793 0.1026278765941546 7.930000000000001
794 0.1020199165115561 7.94
795 0.1013005017081322 7.95
796 0.1004035121704346 7.96
797 0.09932567933893599 7.97
798 0.09832914042580332 7.98
799 0.09734890059323892 7.99
800 0.09626753815063771 8
801 0.09521196044036573 8.01
802 0.09407096864884332 8.02
803 0.09285590381352032 8.029999999999999
804 0.09128052763081104 8.040000000000001
805 0.08975919705471316 8.050000000000001
806 0.08838048810291918 8.06
807 0.0867739676355283 8.07
808 0.08549468990851566 8.08
809 0.08407521817862354 8.09
810 0.08262051943502827 8.1
811 0.08133982864164757 8.109999999999999
812 0.08018290853161864 8.120000000000001
813 0.07896818393199864 8.130000000000001
814 0.07751470692444223 8.140000000000001
815 0.07595724461427894 8.15
816 0.07468581755436485 8.16
817 0.07316497334024208 8.17
818 0.07189759106457339 8.18
819 0.07038405323298214 8.19
820 0.06908935114355014 8.199999999999999
821 0.06780115594189429 8.210000000000001
822 0.06687912348074956 8.220000000000001
823 0.06586797172986988 8.23
824 0.06493111315436123 8.24
825 0.06385389559525756 8.25
826 0.0627917176657859 8.26
827 0.06164051997262693 8.27
828 0.06081563097280152 8.279999999999999
829 0.05996120615972828 8.290000000000001
830 0.05921478145357104 8.300000000000001
831 0.05850302400733171 8.31
832 0.05779695138312657 8.32
833 0.05708376374873772 8.33
834 0.05624298257221583 8.34
835 0.05531017175814085 8.35
836 0.05460438483691771 8.359999999999999
837 0.05370203595582748 8.370000000000001
838 0.05285840105654302 8.380000000000001
839 0.05175609061819991 8.390000000000001
840 0.05061246539401237 8.4
841 0.04957572203022426 8.41
842 0.04843213843005861 8.42
843 0.04740531344123258 8.43
844 0.04610279010397209 8.44
845 0.04521484065494227 8.449999999999999
846 0.04452734324327007 8.460000000000001
847 0.04351179748598627 8.470000000000001
848 0.04276443773484853 8.48
849 0.0420088523460051 8.49
850 0.04210587894745546 8.5
851 0.04198851485780353 8.51
852 0.04177780894092151 8.52
853 0.04225486623747601 8.529999999999999
854 0.04286935272737366 8.540000000000001
855 0.04373975864841009 8.550000000000001
856 0.04507376695702503 8.56
857 0.04594278647539832 8.57
858 0.04702856406553335 8.58
859 0.04961901051351533 8.59
860 0.05265974292565262 8.6
861 0.05597923460193704 8.609999999999999
862 0.0589448458917306 8.620000000000001
863 0.06236750913357725 8.630000000000001
864 0.06653523561228711 8.640000000000001
865 0.07026224977536996 8.65
866 0.07423216067453248 8.66
867 0.0785498314547054 8.67
868 0.08311880010306738 8.68
869 0.08743096552786583 8.69
870 0.09185909583958846 8.700000000000001
871 0.0963547462863395 8.710000000000001
872 0.1005701305899786 8.720000000000001
873 0.1038578881326323 8.73
874 0.1080277558263653 8.74
875 0.1117810047274936 8.75
876 0.1153057715162477 8.76
877 0.1187354317447175 8.77
878 0.1225805612430487 8.779999999999999
879 0.125285564472892 8.790000000000001
880 0.1283613858943622 8.800000000000001
881 0.1309857385562702 8.81
882 0.1341294460058675 8.82
883 0.1363222490285771 8.83
884 0.1389017207031111 8.84
885 0.1408439877861563 8.85
886 0.1429638506134855 8.859999999999999
887 0.1448268271091233 8.870000000000001
888 0.1467705646977494 8.880000000000001
889 0.1488662299570002 8.890000000000001
890 0.1506043051898389 8.9
891 0.1525274681350672 8.91
892 0.1545873722820416 8.92
893 0.1564276811998031 8.93
894 0.1582196505087556 8.94
895 0.1596306498651184 8.950000000000001
896 0.1617405980250138 8.960000000000001
897 0.1634964293412551 8.970000000000001
898 0.1645801280918003 8.98
899 0.1661713290996573 8.99
900 0.167562439781826 9
901 0.168348344208461 9.01
902 0.1702001844465829 9.02
903 0.1714788728767402 9.029999999999999
904 0.1734553942011199 9.040000000000001
905 0.1752816331276092 9.050000000000001
906 0.1766547925181419 9.06
907 0.1786334984713809 9.07
908 0.1801213811658091 9.08
909 0.1809455079797682 9.09
910 0.1811533661611544 9.1
911 0.1814874652143139 9.109999999999999
912 0.1820695521020535 9.120000000000001
913 0.1830892785038165 9.130000000000001
914 0.1842966701013646 9.140000000000001
915 0.1847820252616115 9.15
916 0.1850167932248803 9.16
917 0.1858149260330913 9.17
918 0.1863829323280929 9.18
919 0.1867025927612635 9.19
920 0.1867780022326957 9.200000000000001
921 0.1872313930865157 9.210000000000001
922 0.1876316859247673 9.220000000000001
923 0.1880738624647586 9.23
924 0.188654666750211 9.24
925 0.1887503449673117 9.25
926 0.1890078470019049 9.26
927 0.1893543460081836 9.27
928 0.1891905877354426 9.279999999999999
929 0.18857733368986 9.290000000000001
930 0.187551977480973 9.300000000000001
931 0.1870527056833592 9.31
932 0.186930405000982 9.32
933 0.1865856996997597 9.33
934 0.1862275427961376 9.34
935 0.1858419244893268 9.35
936 0.1854019210752473 9.359999999999999
937 0.1850367548155197 9.370000000000001
938 0.1848236957877352 9.380000000000001
939 0.1845266799607341 9.390000000000001
940 0.1842855187866148 9.4
941 0.1838149493681321 9.41
942 0.1831978047297985 9.42
943 0.1826203819543802 9.43
944 0.1823526325527172 9.44
945 0.1817525213021633 9.450000000000001
946 0.1814927007945648 9.460000000000001
947 0.1806884265614677 9.470000000000001
948 0.180180964755351 9.48
949 0.1801999883452882 9.49
950 0.180328772081865 9.5
951 0.1801650523749861 9.51
952 0.1801650459122798 9.52
953 0.1800145244993095 9.529999999999999
954 0.1801227096161446 9.540000000000001
955 0.179814394270361 9.550000000000001
956 0.1799506605598403 9.56
957 0.1800117094164049 9.57
958 0.1799920644009691 9.58
959 0.1799076535908728 9.59
960 0.1800773343637923 9.6
961 0.1796554518676041 9.609999999999999
962 0.1794794763280472 9.620000000000001
963 0.1791667872474451 9.630000000000001
964 0.178898999197562 9.640000000000001
965 0.1786129785417855 9.65
966 0.1782865454215456 9.66
967 0.1773799745165282 9.67
968 0.1769698502664314 9.68
969 0.1762684485059498 9.69
970 0.1751967434424171 9.700000000000001
971 0.1744699860992485 9.710000000000001
972 0.1733438851528358 9.720000000000001
973 0.1720064529707506 9.73
974 0.1703236037349923 9.74
975 0.1686846188855132 9.75
976 0.1671824209701571 9.76
977 0.1653713223365764 9.77
978 0.1633475801940548 9.779999999999999
979 0.1610314326820315 9.790000000000001
980 0.1591196744535408 9.800000000000001
981 0.1565123971964798 9.81
982 0.1543924015364425 9.82
983 0.1525640868000221 9.83
984 0.1500243159818564 9.84
985 0.1473207417382569 9.85
986 0.1445878513033921 9.859999999999999
987 0.1413033449893128 9.870000000000001
988 0.138266747307306 9.880000000000001
989 0.1352560468379683 9.890000000000001
990 0.1326567219699449 9.9
991 0.1298761086823171 9.91
992 0.1274015241753813 9.92
993 0.1247056800143572 9.93
994 0.1223325080331872 9.94
995 0.1195792361585246 9.950000000000001
996 0.1173166171037733 9.960000000000001
997 0.1153362652936962 9.970000000000001
998 0.1130590581136622 9.98
999 0.1112753720065856 9.99
1000 0.1093327193867109 10
1001 0.1077618642032881 10.01
1002 0.1057941492729673 10.02
1003 0.1039242726760039 10.03
1004 0.1025290953242601 10.04
1005 0.100952950627455 10.05
1006 0.09963625895898051 10.06
1007 0.09865674086032691 10.07
1008 0.09790402479588628 10.08
1009 0.09657938138469496 10.09
1010 0.0956352899606433 10.1
1011 0.09398881690001584 10.11
1012 0.09305219780131041 10.12
1013 0.0919313636365918 10.13
1014 0.09064784122647757 10.14
1015 0.08940545987613777 10.15
1016 0.08788158960549344 10.16
1017 0.08584835116668499 10.17
1018 0.08418889682469213 10.18
1019 0.08163778453002402 10.19
1020 0.0802334312037627 10.2
1021 0.07838545275026154 10.21
1022 0.07595585133763635 10.22
1023 0.07460043840375766 10.23
1024 0.07291494194577741 10.24
1025 0.07108115669758858 10.25
1026 0.06969052706780537 10.26
1027 0.06845771435814982 10.27
1028 0.066437222165105 10.28
1029 0.06547249464750482 10.29
1030 0.06383139169924024 10.3
1031 0.06402967558308273 10.31
1032 0.06301999965319954 10.32
1033 0.06204585745293481 10.33
1034 0.06188984312322895 10.34
1035 0.06211385659854762 10.35
1036 0.06263897060465501 10.36
1037 0.06395975585284452 10.37
1038 0.06575621962226108 10.38
1039 0.06854419590525923 10.39
1040 0.06998568650942646 10.4
1041 0.07303215046257294 10.41
1042 0.0767570012530337 10.42
1043 0.0790843464433377 10.43
1044 0.08244144721459534 10.44
1045 0.0861201196118235 10.45
1046 0.08938582319090754 10.46
1047 0.09293134853448637 10.47
1048 0.09765673739594838 10.48
1049 0.101677425493945 10.49
1050 0.1057553665527606 10.5
1051 0.1088659700537841 10.51
1052 0.1115534490147292 10.52
1053 0.1151220703031075 10.53
1054 0.1180806339592008 10.54
1055 0.1210537761413807 10.55
1056 0.123785360054094 10.56
1057 0.1258951631866153 10.57
1058 0.1283890241890041 10.58
1059 0.1308498693518559 10.59
1060 0.1330807942994339 10.6
1061 0.1351331587977053 10.61
1062 0.1362423489842885 10.62
1063 0.1372615279983973 10.63
1064 0.1388664069176538 10.64
1065 0.140549664826669 10.65
1066 0.1424792627660254 10.66
1067 0.1440530506529883 10.67
1068 0.1465568949387875 10.68
1069 0.1488270207354731 10.69
1070 0.1511071381908002 10.7
1071 0.1537052213094298 10.71
1072 0.1553428109111612 10.72
1073 0.1575302293676815 10.73
1074 0.1596830240407365 10.74
1075 0.1612268589520883 10.75
1076 0.1631708864850955 10.76
1077 0.1649363383342898 10.77
1078 0.167075883253008 10.78
1079 0.1696245077469953 10.79
1080 0.1720987077846105 10.8
1081 0.1744542308675379 10.81
1082 0.1771105303961875 10.82
1083 0.1789510868959559 10.83
1084 0.181429360765425 10.84
1085 0.1835371605816972 10.85
1086 0.1858060278120876 10.86
1087 0.1873509479993795 10.87
1088 0.189289966362698 10.88
1089 0.19110157796373 10.89
1090 0.1927107285723752 10.9
1091 0.1944612627179502 10.91
1092 0.196515326981337 10.92
1093 0.1982332689982714 10.93
1094 0.199419160389336 10.94
1095 0.2007874028707166 10.95
1096 0.2021451209365915 10.96
1097 0.203909255940017 10.97
1098 0.2056456193488524 10.98
1099 0.2061947557077582 10.99
1100 0.207325822473296 11
1101 0.2082790089051862 11.01
1102 0.2091578391670879 11.02
1103 0.209793962834568 11.03
1104 0.2097958510097526 11.04
1105 0.2106601675287566 11.05
1106 0.211428684920691 11.06
1107 0.2123327743268338 11.07
1108 0.2130135291600214 11.08
1109 0.2132256489486734 11.09
1110 0.2139620891463586 11.1
1111 0.2145355351256446 11.11
1112 0.2146449993181242 11.12
1113 0.2146257537827313 11.13
1114 0.2139208916015242 11.14
1115 0.2130060993750378 11.15
1116 0.2125387315163079 11.16
1117 0.212262112976489 11.17
1118 0.211920134883977 11.18
1119 0.2114238201928977 11.19
1120 0.2109746778612344 11.2
1121 0.2102820494000515 11.21
1122 0.210049974207172 11.22
1123 0.208823052381152 11.23
1124 0.2078063555971654 11.24
1125 0.2069400463214822 11.25
1126 0.2060308896759732 11.26
1127 0.2047193515776981 11.27
1128 0.203611889253042 11.28
1129 0.2019761927877045 11.29
1130 0.200635726892871 11.3
1131 0.1983155734880075 11.31
1132 0.1965637571570547 11.32
1133 0.1942242269655771 11.33
1134 0.1923790328900691 11.34
1135 0.1902590937282843 11.35
1136 0.1872690091269871 11.36
1137 0.1847507624921196 11.37
1138 0.1819922103053406 11.38
1139 0.1789471909384956 11.39
1140 0.1757887052887769 11.4
1141 0.1725808222324166 11.41
1142 0.169123614803571 11.42
1143 0.1658524407747416 11.43
1144 0.1625880744915376 11.44
1145 0.1589499772655023 11.45
1146 0.1553281250602419 11.46
1147 0.1517135774964694 11.47
1148 0.1480091294235223 11.48
1149 0.1440944140105369 11.49
1150 0.1398818263543971 11.5
1151 0.135886999839707 11.51
1152 0.1308285448903348 11.52
1153 0.1274960621802332 11.53
1154 0.1241589648036588 11.54
1155 0.1195912424015002 11.55
1156 0.1164585721540782 11.56
1157 0.1132174585445594 11.57
1158 0.1103142431317376 11.58
1159 0.1061496583530208 11.59
1160 0.1038340827494684 11.6
1161 0.1015693208977442 11.61
1162 0.09926020498189017 11.62
1163 0.09692755101674475 11.63
1164 0.09430379320769958 11.64
1165 0.09183039303753684 11.65
1166 0.08963974298623306 11.66
1167 0.08737661275691716 11.67
1168 0.08584404997792749 11.68
1169 0.08467313510673297 11.69
1170 0.08405434129238837 11.7
1171 0.0833300325151084 11.71
1172 0.0826383902822298 11.72
1173 0.08165069606654049 11.73
1174 0.08100940412827135 11.74
1175 0.08082073998402919 11.75
1176 0.08041901974360022 11.76
1177 0.07982570449423174 11.77
1178 0.07889538163286763 11.78
1179 0.07785062212712637 11.79
1180 0.07692156905559383 11.8
1181 0.07623335113321561 11.81
1182 0.07621108874835997 11.82
1183 0.07589928447566405 11.83
1184 0.0751116888909997 11.84
1185 0.07446433059738178 11.85
1186 0.07383697218806134 11.86
1187 0.0734512903633773 11.87
1188 0.07381576921803609 11.88
1189 0.07395208131177541 11.89
1190 0.07421535450153102 11.9
1191 0.07386769692438588 11.91
1192 0.07358681632649627 11.92
1193 0.07457277287241071 11.93
1194 0.07537049610443119 11.94
1195 0.07605996517618444 11.95
1196 0.07690823654385195 11.96
1197 0.07800160443709839 11.97
1198 0.07946563916349494 11.98
1199 0.08139983519637578 11.99
1200 0.08393433839273381 12
1201 0.08658130980090156 12.01
1202 0.08903632423597979 12.02
1203 0.09073908952002713 12.03
1204 0.09319582805436538 12.04
1205 0.09576363875656541 12.05
1206 0.0985674002965744 12.06
1207 0.1014271452577478 12.07
1208 0.1041233900778931 12.08
1209 0.1072066161083639 12.09
1210 0.1094110921434087 12.1
1211 0.1123555657660313 12.11
1212 0.1157357124780831 12.12
1213 0.1181282101075873 12.13
1214 0.1203899458122473 12.14
1215 0.1223734856392226 12.15
1216 0.1249370308641914 12.16
1217 0.1269334117343326 12.17
1218 0.1294845395624205 12.18
1219 0.1313894909459221 12.19
1220 0.1332453441114486 12.2
1221 0.1357471429249442 12.21
1222 0.1378198875204821 12.22
1223 0.1396553309414265 12.23
1224 0.1411677572320672 12.24
1225 0.1433360220023488 12.25
1226 0.1452783344758032 12.26
1227 0.1472587121453025 12.27
1228 0.1490436022256379 12.28
1229 0.1510615529160584 12.29
1230 0.1526133319155792 12.3
1231 0.1546093267877945 12.31
1232 0.1564884357718224 12.32
1233 0.158480734411355 12.33
1234 0.1600182674713977 12.34
1235 0.1610252710176238 12.35
1236 0.1621134788480388 12.36
1237 0.1635457781625544 12.37
1238 0.1648855912614174 12.38
1239 0.1658905498719352 12.39
1240 0.1667037665854332 12.4
1241 0.1672686242994803 12.41
1242 0.1681272121716247 12.42
1243 0.1682958869627392 12.43
1244 0.1686919289111702 12.44
1245 0.16965070944063 12.45
1246 0.1700132551434521 12.46
1247 0.1700922165369601 12.47
1248 0.1701462518612264 12.48
1249 0.1703710922834371 12.49
1250 0.1695680529305972 12.5
1251 0.1702367782311324 12.51
1252 0.170625418206332 12.52
1253 0.1706115848385558 12.53
1254 0.1708611091827735 12.54
1255 0.1705048649317135 12.55
1256 0.1701481672753154 12.56
1257 0.1697006906705169 12.57
1258 0.1700024688453974 12.58
1259 0.1702081226872982 12.59
1260 0.1701714162252039 12.6
1261 0.1696381973308339 12.61
1262 0.1692662943463396 12.62
1263 0.1683244980790384 12.63
1264 0.1672403709717747 12.64
1265 0.1666359565227217 12.65
1266 0.1660425748821374 12.66
1267 0.1655600885020815 12.67
1268 0.1651702173775583 12.68
1269 0.1648979959906072 12.69
1270 0.1644368359927917 12.7
1271 0.1632371436374871 12.71
1272 0.1617406346372882 12.72
1273 0.1604109509488839 12.73
1274 0.1594815580998427 12.74
1275 0.1581675293491688 12.75
1276 0.1573368750265495 12.76
1277 0.1554080310318174 12.77
1278 0.1542405843526979 12.78
1279 0.1522621710989591 12.79
1280 0.1506377770571632 12.8
1281 0.1470154559282899 12.81
1282 0.1442941863372506 12.82
1283 0.1408730340109256 12.83
1284 0.138439388418547 12.84
1285 0.1352126539018903 12.85
1286 0.1328593270592032 12.86
1287 0.1295263895393144 12.87
1288 0.1269577636296793 12.88
1289 0.1237562076117825 12.89
1290 0.1211550459681466 12.9
1291 0.1177332294147374 12.91
1292 0.115867982117678 12.92
1293 0.1124841832489078 12.93
1294 0.1095456606841787 12.94
1295 0.1071442226531882 12.95
1296 0.1039513792169259 12.96
1297 0.1006511420686714 12.97
1298 0.09827837089790445 12.98
1299 0.09675348211090939 12.99
1300 0.09561689274082877 13
1301 0.09383899706460644 13.01
1302 0.09296304022595481 13.02
1303 0.09238824161401588 13.03
1304 0.09120169064566908 13.04
1305 0.09048205313544769 13.05
1306 0.09006025309381799 13.06
1307 0.08960062318090045 13.07
1308 0.08951226145163127 13.08
1309 0.09029860444283608 13.09
1310 0.0903751628991192 13.1
1311 0.09084995125824927 13.11
1312 0.09172976762969509 13.12
1313 0.0931597854259355 13.13
1314 0.09449774977045083 13.14
1315 0.09534360341972761 13.15
1316 0.09651103615167617 13.16
1317 0.09787069538289159 13.17
1318 0.1000451065304609 13.18
1319 0.1012455185219953 13.19
1320 0.1022677094510175 13.2
1321 0.1046372134885687 13.21
1322 0.1061726545885604 13.22
1323 0.1087322662324367 13.23
1324 0.1103998788040647 13.24
1325 0.1121950926333734 13.25
1326 0.1134655572200571 13.26
1327 0.1161101882607424 13.27
1328 0.1177467730458024 13.28
1329 0.1200574019986908 13.29
1330 0.1215973654508606 13.3
1331 0.123084685337989 13.31
1332 0.1254719740178869 13.32
1333 0.128252007543957 13.33
1334 0.1307975122587692 13.34
1335 0.1331883056163608 13.35
1336 0.1356282385359523 13.36
1337 0.1381405348244815 13.37
1338 0.1403015403302078 13.38
1339 0.1427165513561785 13.39
1340 0.1446909587363496 13.4
1341 0.1465908361785786 13.41
1342 0.1482100650697022 13.42
1343 0.1498328168396827 13.43
1344 0.1515425229961328 13.44
1345 0.1539112530670592 13.45
1346 0.1560959288845548 13.46
1347 0.1584199793173636 13.47
1348 0.1609663526229387 13.48
1349 0.1632390025916918 13.49
1350 0.1652243510799826 13.5
1351 0.1671304310442188 13.51
1352 0.1691795770379136 13.52
1353 0.1711213472297183 13.53
1354 0.1733585502241449 13.54
1355 0.1751822025231352 13.55
1356 0.1775464525288779 13.56
1357 0.1799128903088522 13.57
1358 0.1819791717544994 13.58
1359 0.1839782898435456 13.59
1360 0.1859225611096382 13.6
1361 0.1881574560113903 13.61
1362 0.1899241472631944 13.62
1363 0.1915572073445975 13.63
1364 0.1930086131485024 13.64
1365 0.1949887165816329 13.65
1366 0.197116823599351 13.66
1367 0.1988956007840555 13.67
1368 0.2004569311743698 13.68
1369 0.2019010526467416 13.69
1370 0.2030675007374461 13.7
1371 0.2053573437725412 13.71
1372 0.2076165914184574 13.72
1373 0.2091754924252964 13.73
1374 0.2110467232242705 13.74
1375 0.2128156739641861 13.75
1376 0.2147528041254894 13.76
1377 0.2156942148661288 13.77
1378 0.2173970000423831 13.78
1379 0.2188922672885741 13.79
1380 0.2204196592780837 13.8
1381 0.2222883075510339 13.81
1382 0.2237569118140082 13.82
1383 0.2254333025709114 13.83
1384 0.2283901679620404 13.84
1385 0.2299784809951729 13.85
1386 0.2318743589317766 13.86
1387 0.2336096399488521 13.87
1388 0.2360482809245207 13.88
1389 0.2378074348145468 13.89
1390 0.240387549958855 13.9
1391 0.2424094087641153 13.91
1392 0.2442811403487671 13.92
1393 0.2460690500197198 13.93
1394 0.2485480587003724 13.94
1395 0.2507797227663304 13.95
1396 0.2518623845738352 13.96
1397 0.2535070237164725 13.97
1398 0.2550281004631487 13.98
1399 0.2565037564059921 13.99
1400 0.2580535536149954 14
1401 0.2605300257835824 14.01
1402 0.2620391716148343 14.02
1403 0.2638135128661323 14.03
1404 0.2652262959856864 14.04
1405 0.2665119362313577 14.05
1406 0.2681306958880749 14.06
1407 0.2698269723814026 14.07
1408 0.2717137622019391 14.08
1409 0.2733896154702134 14.09
1410 0.2746702242686001 14.1
1411 0.2761439168635662 14.11
1412 0.277695296451673 14.12
1413 0.2791373250108952 14.13
1414 0.2803391397536964 14.14
1415 0.2814803494581464 14.15
1416 0.2825791547529897 14.16
1417 0.2837449985904452 14.17
1418 0.2846651391961736 14.18
1419 0.2859812703250317 14.19
1420 0.2866234676025013 14.2
1421 0.2878349462747328 14.21
1422 0.2883124282026389 14.22
1423 0.2896901581291864 14.23
1424 0.2907449567704254 14.24
1425 0.2911656382670001 14.25
1426 0.2916153307284929 14.26
1427 0.2921495575689085 14.27
1428 0.2928602416401588 14.28
1429 0.2938698765357581 14.29
1430 0.2947476070982497 14.3
1431 0.2960328052039923 14.31
1432 0.297180303651539 14.32
1433 0.298402960675091 14.33
1434 0.2986664173858968 14.34
1435 0.2998741212806342 14.35
1436 0.301067692299109 14.36
1437 0.3016061610274408 14.37
1438 0.3021037512376765 14.38
1439 0.3027720014380763 14.39
1440 0.3034567988112364 14.4
1441 0.3042037172601113 14.41
1442 0.3046306179255837 14.42
1443 0.3051759869867274 14.43
1444 0.305768111536767 14.44
1445 0.3062953156370245 14.45
1446 0.3072473510452504 14.46
1447 0.3079602996256928 14.47
1448 0.3083383625264254 14.48
1449 0.3086284599424423 14.49
1450 0.3084421402683975 14.5
1451 0.3080780523467664 14.51
1452 0.3077901706514435 14.52
1453 0.3073085429124611 14.53
1454 0.3073219004447188 14.54
1455 0.3071331969209591 14.55
1456 0.3065864663366648 14.56
1457 0.30603221615619 14.57
1458 0.3056122851152497 14.58
1459 0.3048711273689795 14.59
1460 0.3037239291915362 14.6
1461 0.3025051370838641 14.61
1462 0.3012299632666564 14.62
1463 0.2992270722233338 14.63
1464 0.297397070013196 14.64
1465 0.2955358602974583 14.65
1466 0.2934235362089381 14.66
1467 0.2906927206500721 14.67
1468 0.2879751127488578 14.68
1469 0.285134654609589 14.69
1470 0.2824037499408086 14.7
1471 0.279628126360302 14.71
1472 0.2761749141313763 14.72
1473 0.2727137636780803 14.73
1474 0.2691603685170142 14.74
1475 0.2653128457178311 14.75
1476 0.2615587030239633 14.76
1477 0.2577111107802973 14.77
1478 0.253463688182789 14.78
1479 0.2487915862322201 14.79
1480 0.2442398134362549 14.8
1481 0.2397297754336195 14.81
1482 0.2352085520440116 14.82
1483 0.2310564362039965 14.83
1484 0.2268655844057391 14.84
1485 0.2226386176530927 14.85
1486 0.218586170981423 14.86
1487 0.2145840090301229 14.87
1488 0.2106595385231616 14.88
1489 0.206880492853177 14.89
1490 0.2030294217224568 14.9
1491 0.1994130608246715 14.91
1492 0.1958885214547684 14.92
1493 0.1925563033859196 14.93
1494 0.1896658618518257 14.94
1495 0.1867437300870403 14.95
1496 0.1836813306216604 14.96
1497 0.1808190904455358 14.97
1498 0.178036843570151 14.98
1499 0.1748099179453275 14.99
1500 0.1718338033111597 15
1501 0.1690599630129064 15.01
1502 0.1666770455162632 15.02
1503 0.1634213445347698 15.03
1504 0.160893596175004 15.04
1505 0.1585842356456887 15.05
1506 0.1563494240368083 15.06
1507 0.1533932296722978 15.07
1508 0.1512871507362231 15.08
1509 0.1494953738854262 15.09
1510 0.1467222141253356 15.1
1511 0.1448808165106219 15.11
1512 0.1437500086567467 15.12
1513 0.1425933500239883 15.13
1514 0.1419469916672319 15.14
1515 0.1417324261953615 15.15
1516 0.1414892135512953 15.16
1517 0.1414726321421407 15.17
1518 0.1414195584551105 15.18
1519 0.1422129640454433 15.19
1520 0.1430751152039689 15.2
1521 0.1440320571877794 15.21
1522 0.1451720881682291 15.22
1523 0.1467230801604839 15.23
1524 0.1477615669930998 15.24
1525 0.1495267775149249 15.25
1526 0.1511180825137055 15.26
1527 0.1532664306382764 15.27
1528 0.155413217661878 15.28
1529 0.1571337309011542 15.29
1530 0.1587599782483726 15.3
1531 0.1610064267480194 15.31
1532 0.1626616549016803 15.32
1533 0.1643954104315415 15.33
1534 0.166351198998467 15.34
1535 0.1676539282784847 15.35
1536 0.1685473848506104 15.36
1537 0.169208076003561 15.37
1538 0.1696865223033024 15.38
1539 0.1705630907812995 15.39
1540 0.1721340185530693 15.4
1541 0.1732685729230513 15.41
1542 0.1739228498558359 15.42
1543 0.1741412092924497 15.43
1544 0.1748813480903861 15.44
1545 0.1764277630224302 15.45
1546 0.1772606044029367 15.46
1547 0.1774817252894496 15.47
1548 0.1780761029247557 15.48
1549 0.1790862814954649 15.49
1550 0.1804666618477625 15.5
1551 0.1809884098737274 15.51
1552 0.1813907175746225 15.52
1553 0.1821466803569001 15.53
1554 0.1822124905841086 15.54
1555 0.1829018398845308 15.55
1556 0.1828424033343261 15.56
1557 0.1828202789250927 15.57
1558 0.1835243964826785 15.58
1559 0.1840070660090549 15.59
1560 0.1842059304438121 15.6
1561 0.1843283527653798 15.61
1562 0.1841718458323602 15.62
1563 0.1842238531001137 15.63
1564 0.1834854422202881 15.64
1565 0.1829133307405812 15.65
1566 0.182790707051835 15.66
1567 0.1820267321527022 15.67
1568 0.1817304589024551 15.68
1569 0.1812767577033471 15.69
1570 0.1806200654728484 15.7
1571 0.180417146423332 15.71
1572 0.1800327231555107 15.72
1573 0.1798516607288143 15.73
1574 0.1793337932598081 15.74
1575 0.1789024679576461 15.75
1576 0.1778294303775746 15.76
1577 0.1771616084756161 15.77
1578 0.1761247325493658 15.78
1579 0.1754791366525041 15.79
1580 0.1744007778277801 15.8
1581 0.1736860410599695 15.81
1582 0.1724107526087999 15.82
1583 0.171488761454543 15.83
1584 0.1702080643828498 15.84
1585 0.1694161874233737 15.85
1586 0.1681770301277703 15.86
1587 0.1667602510919635 15.87
1588 0.1656894660469296 15.88
1589 0.1641298532113089 15.89
1590 0.1629449959036036 15.9
1591 0.1621171425103078 15.91
1592 0.1612352145789552 15.92
1593 0.160244823989662 15.93
1594 0.1591695359362453 15.94
1595 0.158054678481377 15.95
1596 0.1567064690869137 15.96
1597 0.1553674506946016 15.97
1598 0.1538980433095763 15.98
1599 0.1524147705780888 15.99
1600 0.1509054740437996 16
1601 0.1495242457483288 16.01
1602 0.1481820238176179 16.02
1603 0.1469256617316229 16.03
1604 0.1456813331153988 16.04
1605 0.1445616282524562 16.05
1606 0.1434553701146843 16.06
1607 0.1422645494677606 16.07
1608 0.1412503300513887 16.08
1609 0.1402439755327504 16.09
1610 0.1392791739129994 16.1
1611 0.1386774899305345 16.11
1612 0.1374637294309066 16.12
1613 0.1365126368277502 16.13
1614 0.1357065795044477 16.14
1615 0.1348738286268179 16.15
1616 0.13347135988037 16.16
1617 0.1325106139154035 16.17
1618 0.1311426390896555 16.18
1619 0.1299693662371137 16.19
1620 0.128383485913151 16.2
1621 0.127108154399634 16.21
1622 0.1253956930027958 16.22
1623 0.1243664158026518 16.23
1624 0.1227508950346101 16.24
1625 0.1216564823214431 16.25
1626 0.1200108564572221 16.26
1627 0.118776831430211 16.27
1628 0.1167629657152422 16.28
1629 0.1152504734746824 16.29
1630 0.1129177953916345 16.3
1631 0.1111058692667575 16.31
1632 0.1092385144318914 16.32
1633 0.1075997999987408 16.33
1634 0.1055567496248437 16.34
1635 0.1033895450439883 16.35
1636 0.1018147235388233 16.36
1637 0.09977836342419837 16.37
1638 0.09790467215628926 16.38
1639 0.09587624114163268 16.39
1640 0.09352024501387264 16.4
1641 0.09159904154429806 16.41
1642 0.09001027335221 16.42
1643 0.08852471118352923 16.43
1644 0.08698498501971334 16.44
1645 0.08559597866597894 16.45
1646 0.08422591655352446 16.46
1647 0.08264768008789328 16.47
1648 0.08095705827948232 16.48
1649 0.07971656978234286 16.49
1650 0.07826355678612451 16.5
1651 0.07645728565510317 16.51
1652 0.07499498292563116 16.52
1653 0.07421675214003726 16.53
1654 0.07300503895752887 16.54
1655 0.07242272904055558 16.55
1656 0.07154232507814118 16.56
1657 0.07069416910890013 16.57
1658 0.06968243580314094 16.58
1659 0.06871129686432022 16.59
1660 0.06775673037696865 16.6
1661 0.0666851855780507 16.61
1662 0.06585312828862698 16.62
1663 0.06541019972983035 16.63
1664 0.06454206848938611 16.64
1665 0.06381532309462389 16.65
1666 0.06312095743903302 16.66
1667 0.06262666569702827 16.67
1668 0.06187868423607429 16.68
1669 0.06155667814269503 16.69
1670 0.06113253382270414 16.7
1671 0.06053515253998956 16.71
1672 0.05973438921110943 16.72
1673 0.05866786536359032 16.73
1674 0.05759681568437865 16.74
1675 0.05691094707569347 16.75
1676 0.05678569276348192 16.76
1677 0.05681261886681922 16.77
1678 0.05661563966268582 16.78
1679 0.05650768533943012 16.79
1680 0.05643296429130223 16.8
1681 0.05704570128502384 16.81
1682 0.05833664134791873 16.82
1683 0.05844067664467537 16.83
1684 0.05949813674072474 16.84
1685 0.06095292366736862 16.85
1686 0.06292173437875478 16.86
1687 0.06518583690041305 16.87
1688 0.06811025320290245 16.88
1689 0.07087358317238793 16.89
1690 0.07392231568884627 16.9
1691 0.07729140744221392 16.91
1692 0.08075547160572462 16.92
1693 0.08430032929207441 16.93
1694 0.08817434283660211 16.94
1695 0.09220348534981657 16.95
1696 0.09616734953958832 16.96
1697 0.09969008118975101 16.97
1698 0.103442335632366 16.98
1699 0.1079321737425318 16.99
1700 0.1123098272537975 17
1701 0.1153215681059711 17.01
1702 0.1190711427267861 17.02
1703 0.1232697389965232 17.03
1704 0.1269453097813955 17.04
1705 0.1308406421552306 17.05
1706 0.133773362385139 17.06
1707 0.1372404556883339 17.07
1708 0.1397678161653578 17.08
1709 0.1424958127467045 17.09
1710 0.1444846688086454 17.1
1711 0.1468163464670181 17.11
1712 0.1488045017536342 17.12
1713 0.1506071087544058 17.13
1714 0.1524973344745746 17.14
1715 0.1542712429295911 17.15
1716 0.1565154131989354 17.16
1717 0.1584418704617369 17.17
1718 0.15985254648522 17.18
1719 0.1614776141050876 17.19
1720 0.1636781536405806 17.2
1721 0.1655982333541834 17.21
1722 0.1674186965720738 17.22
1723 0.168356541544418 17.23
1724 0.1700700481178171 17.24
1725 0.1722466322833859 17.25
1726 0.1743937343771679 17.26
1727 0.1755939300417719 17.27
1728 0.1768640244110753 17.28
1729 0.1775966211728343 17.29
1730 0.1787730833225704 17.3
1731 0.1806610645355228 17.31
1732 0.1827071969447537 17.32
1733 0.1845039824682881 17.33
1734 0.1867076999693034 17.34
1735 0.1887019335398265 17.35
1736 0.1896831027145237 17.36
1737 0.1905738635045141 17.37
1738 0.1916769846907798 17.38
1739 0.193060634670651 17.39
1740 0.1937662125941616 17.4
1741 0.1946196183667505 17.41
1742 0.1953962447475547 17.42
1743 0.1968202389538266 17.43
1744 0.197753403281994 17.44
1745 0.1988212633307875 17.45
1746 0.2000488313643242 17.46
1747 0.2008677662977251 17.47
1748 0.201530048406139 17.48
1749 0.202009843948351 17.49
1750 0.2024150206796916 17.5
1751 0.2029886084052963 17.51
1752 0.2037283676687847 17.52
1753 0.2040582729258712 17.53
1754 0.2045632302366111 17.54
1755 0.2047098461294999 17.55
1756 0.2047457292100362 17.56
1757 0.2043112747135205 17.57
1758 0.2038838632564667 17.58
1759 0.2028940272137049 17.59
1760 0.2022824899629892 17.6
1761 0.2014440000929104 17.61
1762 0.2002129632304324 17.62
1763 0.1990600518666261 17.63
1764 0.1976377146364338 17.64
1765 0.1956665888548636 17.65
1766 0.19443997580094 17.66
1767 0.1922730010362741 17.67
1768 0.1900785258497437 17.68
1769 0.1874319161148835 17.69
1770 0.1842730078017679 17.7
1771 0.1812616915522997 17.71
1772 0.1781014156431099 17.72
1773 0.1752607053116134 17.73
1774 0.172117220625178 17.74
1775 0.1689210954110023 17.75
1776 0.16587532642407 17.76
1777 0.1623376725908147 17.77
1778 0.1588963748154312 17.78
1779 0.1550797324813351 17.79
1780 0.1510710131390841 17.8
1781 0.1475689032053585 17.81
1782 0.1443296779438426 17.82
1783 0.1412433999084333 17.83
1784 0.1380629636718564 17.84
1785 0.1349543009890775 17.85
1786 0.1325045051457113 17.86
1787 0.1294775051838493 17.87
1788 0.1267256801334934 17.88
1789 0.1234170802395246 17.89
1790 0.1212236721500808 17.9
1791 0.119235988922618 17.91
1792 0.117496934212825 17.92
1793 0.1165481383563408 17.93
1794 0.1159056576367508 17.94
1795 0.1157606378105312 17.95
1796 0.1155537040744897 17.96
1797 0.1162444048202858 17.97
1798 0.1161433253888941 17.98
1799 0.1163005806745511 17.99
1800 0.116920926834649 18
1801 0.1170174275129078 18.01
1802 0.1173089433613527 18.02
1803 0.1179592851703326 18.03
1804 0.1192993248758268 18.04
1805 0.1214542201461895 18.05
1806 0.1235927879398558 18.06
1807 0.1255232897693934 18.07
1808 0.1267143822125033 18.08
1809 0.1289168673293175 18.09
1810 0.1303121278469656 18.1
1811 0.1316910478229367 18.11
1812 0.1328689582985326 18.12
1813 0.1347447330919488 18.13
1814 0.1361032858324038 18.14
1815 0.1380121420939178 18.15
1816 0.1392342516246424 18.16
1817 0.1409476622668125 18.17
1818 0.1426062699478335 18.18
1819 0.144975050504486 18.19
1820 0.1473723547307809 18.2
1821 0.1496310187232325 18.21
1822 0.151779355631289 18.22
1823 0.1540341061506424 18.23
1824 0.1558622089864787 18.24
1825 0.1580147167396012 18.25
1826 0.1595004056553511 18.26
1827 0.1613894518116031 18.27
1828 0.1632523802808001 18.28
1829 0.1651635898454489 18.29
1830 0.1673698827201165 18.3
1831 0.1688040450843338 18.31
1832 0.17025166991998 18.32
1833 0.1716558719334705 18.33
1834 0.173045493105759 18.34
1835 0.1744407810184028 18.35
1836 0.1760775692095242 18.36
1837 0.1774869500893883 18.37
1838 0.1793880060846941 18.38
1839 0.1818259238212716 18.39
1840 0.1838716698085126 18.4
1841 0.1858832238307987 18.41
1842 0.1877339815692218 18.42
1843 0.1896988739410745 18.43
1844 0.1911324182811929 18.44
1845 0.1927170141381028 18.45
1846 0.1940441674806334 18.46
1847 0.1955887765400298 18.47
1848 0.1973021503523077 18.48
1849 0.1989453867973034 18.49
1850 0.200937601201785 18.5
1851 0.2026944958070768 18.51
1852 0.2049685392082684 18.52
1853 0.2070600183293825 18.53
1854 0.2089609887971191 18.54
1855 0.2112084936205826 18.55
1856 0.212951584102332 18.56
1857 0.2146508717041937 18.57
1858 0.2167851173239053 18.58
1859 0.2189128164590152 18.59
1860 0.2204122018469619 18.6
1861 0.2224803677438318 18.61
1862 0.2249080502839345 18.62
1863 0.2269236809097629 18.63
1864 0.2292912726687895 18.64
1865 0.2317640151826475 18.65
1866 0.2334791231006678 18.66
1867 0.2353485665618778 18.67
1868 0.2368934587022348 18.68
1869 0.2386814930237625 18.69
1870 0.2404681181751193 18.7
1871 0.2421433451790868 18.71
1872 0.2447179211158721 18.72
1873 0.2467972285764962 18.73
1874 0.2487366387799413 18.74
1875 0.2500778588079576 18.75
1876 0.2524974510188656 18.76
1877 0.2543452640171149 18.77
1878 0.2574189877416413 18.78
1879 0.259323136523423 18.79
1880 0.2619338856292198 18.8
1881 0.2630985463415356 18.81
1882 0.2650550844140425 18.82
1883 0.2662837628814392 18.83
1884 0.2684713579128439 18.84
1885 0.2700798632620547 18.85
1886 0.2716283376056471 18.86
1887 0.2736531729636033 18.87
1888 0.2743502257345861 18.88
1889 0.2755124650993275 18.89
1890 0.2765192546348478 18.9
1891 0.2779264435661843 18.91
1892 0.2786686898238561 18.92
1893 0.2793999892318159 18.93
1894 0.2800653312327978 18.94
1895 0.2812985332143607 18.95
1896 0.2819829668947265 18.96
1897 0.2830336725619869 18.97
1898 0.2834522912401907 18.98
1899 0.2839151166768121 18.99
1900 0.2841769060206702 19
1901 0.2846376717800418 19.01
1902 0.2849581166572984 19.02
1903 0.2848926103936421 19.03
1904 0.2849263603645549 19.04
1905 0.2838682192457639 19.05
1906 0.2826421153505588 19.06
1907 0.2811959130734589 19.07
1908 0.2793570587422598 19.08
1909 0.2773877414285522 19.09
1910 0.2754100186932445 19.1
1911 0.2733978772366467 19.11
1912 0.2711662253516315 19.12
1913 0.2689263609832804 19.13
1914 0.2668172663813924 19.14
1915 0.2645288242610411 19.15
1916 0.2619437788676018 19.16
1917 0.2591267769029016 19.17
1918 0.2562666879597415 19.18
1919 0.2531191335468451 19.19
1920 0.2493357282044965 19.2
1921 0.2451919134009737 19.21
1922 0.2415116641220705 19.22
1923 0.2377561246418141 19.23
1924 0.2342201501294067 19.24
1925 0.2302509794868793 19.25
1926 0.2257701546184906 19.26
1927 0.2207767249414218 19.27
1928 0.2164522229435977 19.28
1929 0.2121809534365448 19.29
1930 0.2079957472333973 19.3
1931 0.2037578334885084 19.31
1932 0.1991476891788022 19.32
1933 0.1948927092682848 19.33
1934 0.1904166113354121 19.34
1935 0.1868304010814851 19.35
1936 0.1828434611019998 19.36
1937 0.179359886859195 19.37
1938 0.1759697095539245 19.38
1939 0.172363752894676 19.39
1940 0.1695736935752882 19.4
1941 0.1674924595344897 19.41
1942 0.1651829868610831 19.42
1943 0.163411328441008 19.43
1944 0.1616076879367689 19.44
1945 0.1605572857324642 19.45
1946 0.1598894668659572 19.46
1947 0.1592345976977303 19.47
1948 0.1583049069079477 19.48
1949 0.1568870441627101 19.49
1950 0.1552737604215023 19.5
1951 0.1535597171840435 19.51
1952 0.1525462410503182 19.52
1953 0.1502014202215106 19.53
1954 0.1482935428869018 19.54
1955 0.1476299353030362 19.55
1956 0.1470025182645833 19.56
1957 0.1451515075021829 19.57
1958 0.1437970755249751 19.58
1959 0.1427276664217999 19.59
1960 0.1419889816741374 19.6
1961 0.1414095726451243 19.61
1962 0.1411751367498133 19.62
1963 0.1410348490607941 19.63
1964 0.1405574972088028 19.64
1965 0.1398934012770189 19.65
1966 0.1408336758238991 19.66
1967 0.1421858638297873 19.67
1968 0.1430636268692448 19.68
1969 0.1447010046810542 19.69
1970 0.1473484790369545 19.7
1971 0.1486935115046946 19.71
1972 0.1504881460937068 19.72
1973 0.152446689352649 19.73
1974 0.154727721185432 19.74
1975 0.1563663805436376 19.75
1976 0.158340299463673 19.76
1977 0.1602545819435691 19.77
1978 0.1620198886993619 19.78
1979 0.1641440497086168 19.79
1980 0.166121888390739 19.8
1981 0.1681843768640977 19.81
1982 0.1693215648669578 19.82
1983 0.1696329242751421 19.83
1984 0.170739777356116 19.84
1985 0.1720421723707365 19.85
1986 0.1735397995897741 19.86
1987 0.175093667636695 19.87
1988 0.1752652087162138 19.88
1989 0.1768333221067999 19.89
1990 0.1786255248063207 19.9
1991 0.1805591269145547 19.91
1992 0.1818199012966808 19.92
1993 0.1836644167440497 19.93
1994 0.1856614039591405 19.94
1995 0.1873888380052506 19.95
1996 0.1890305075876471 19.96
1997 0.1906975434892926 19.97
1998 0.192058221880182 19.98
1999 0.1930555554729299 19.99
2000 0.1935247530875203 20
2001 0.1948077561902077 20.01
2002 0.195269362580762 20.02
2003 0.1967913209779941 20.03
2004 0.1983420153425684 20.04
2005 0.20007965029015 20.05
2006 0.2014165970278158 20.06
2007 0.2027668339800127 20.07
2008 0.2046261327416584 20.08
2009 0.2058507309250079 20.09
2010 0.2074223602276386 20.1
2011 0.2085969015977683 20.11
2012 0.2095452180673416 20.12
2013 0.21086150730611 20.13
2014 0.2122706691253667 20.14
2015 0.213476518971884 20.15
2016 0.2148079099785033 20.16
2017 0.2164091619391138 20.17
2018 0.2177334630305544 20.18
2019 0.2185969730570427 20.19
2020 0.2195923236054688 20.2
2021 0.2211551936140507 20.21
2022 0.2219061921539659 20.22
2023 0.2225300343359166 20.23
2024 0.2231566542563011 20.24
2025 0.2235450670269963 20.25
2026 0.2243235924697566 20.26
2027 0.2253775249496731 20.27
2028 0.2259414211776855 20.28
2029 0.2266151037271126 20.29
2030 0.2273332073318465 20.3
2031 0.2279572696914375 20.31
2032 0.2282467144269466 20.32
2033 0.2285321409157827 20.33
2034 0.2282714218642541 20.34
2035 0.2279816077639179 20.35
2036 0.2275143475712388 20.36
2037 0.226901127502485 20.37
2038 0.2264292821493999 20.38
2039 0.2254153521733988 20.39
2040 0.2243907408455361 20.4
2041 0.2230073672430947 20.41
2042 0.2216197987175392 20.42
2043 0.2197266495988598 20.43
2044 0.2181704749312428 20.44
2045 0.2167012909346923 20.45
2046 0.2149123251737294 20.46
2047 0.2126775595474897 20.47
2048 0.2101609592868265 20.48
2049 0.2070442533715023 20.49
2050 0.2037232752864715 20.5
2051 0.2004979697494244 20.51
2052 0.1972588166131714 20.52
2053 0.1937300225484657 20.53
2054 0.189934907899871 20.54
2055 0.1867649336858732 20.55
2056 0.1828225653868099 20.56
2057 0.1788477404581415 20.57
2058 0.1751199298294306 20.58
2059 0.1712437131752317 20.59
2060 0.1670074942042144 20.6
2061 0.1625938443006038 20.61
2062 0.1580580826621654 20.62
2063 0.1536775553878443 20.63
2064 0.1488136649648528 20.64
2065 0.144283295692439 20.65
2066 0.1399611131424157 20.66
2067 0.1356922819746323 20.67
2068 0.1314364368133331 20.68
2069 0.127559793420805 20.69
2070 0.1237869928631091 20.7
2071 0.1200402403308055 20.71
2072 0.1165240552665704 20.72
2073 0.1131637731904517 20.73
2074 0.1099421297770948 20.74
2075 0.1068633399453744 20.75
2076 0.1043157822968759 20.76
2077 0.1023557228705638 20.77
2078 0.1002686811526549 20.78
2079 0.09874131261567315 20.79
2080 0.09691545091541781 20.8
2081 0.09583789150318441 20.81
2082 0.09547395134135507 20.82
2083 0.09583755610917929 20.83
2084 0.09573496834698603 20.84
2085 0.09563640129123786 20.85
2086 0.09592351084702627 20.86
2087 0.09661190841792107 20.87
2088 0.09752858444011289 20.88
2089 0.09835508102971871 20.89
2090 0.09888765903541108 20.9
2091 0.09953537340321371 20.91
2092 0.1007376792668644 20.92
2093 0.1019137949399615 20.93
2094 0.1033299846776661 20.94
2095 0.1045223203734924 20.95
2096 0.1058245181404927 20.96
2097 0.106849325268066 20.97
2098 0.1089329674595409 20.98
2099 0.1106786744811722 20.99
2100 0.1125060708322312 21
2101 0.1138453113358699 21.01
2102 0.1149511042603186 21.02
2103 0.1160424316896811 21.03
2104 0.1178258469316102 21.04
2105 0.1198524753927395 21.05
2106 0.1215168266605202 21.06
2107 0.1236869259874215 21.07
2108 0.1264068996352766 21.08
2109 0.1288305936987701 21.09
2110 0.1315001404083752 21.1
2111 0.1354886759913885 21.11
2112 0.1391977670173443 21.12
2113 0.1427791617180834 21.13
2114 0.146551302429372 21.14
2115 0.1498577824190644 21.15
2116 0.1528752632044185 21.16
2117 0.1556938337721993 21.17
2118 0.1597584019101498 21.18
2119 0.1638136989882573 21.19
2120 0.1672628341669354 21.2
2121 0.1706589527262649 21.21
2122 0.1742672863278541 21.22
2123 0.1776345680895027 21.23
2124 0.1812701983957326 21.24
2125 0.1844513243491938 21.25
2126 0.1870763941316384 21.26
2127 0.1902564613405345 21.27
2128 0.192883908740696 21.28
2129 0.1952843402740114 21.29
2130 0.1977535696633079 21.3
2131 0.2003630991620896 21.31
2132 0.2028287189372209 21.32
2133 0.205363764420606 21.33
2134 0.2080959007915241 21.34
2135 0.2104698883068972 21.35
2136 0.2129694299004189 21.36
2137 0.2154022646246745 21.37
2138 0.2179560598194833 21.38
2139 0.2197858200006881 21.39
2140 0.2200446636889432 21.4
2141 0.2223415699290953 21.41
2142 0.2251105391482545 21.42
2143 0.2278245875762478 21.43
2144 0.2302439382438363 21.44
2145 0.2322279469569397 21.45
2146 0.2341684752718952 21.46
2147 0.2371483744547356 21.47
2148 0.2393220745017649 21.48
2149 0.2407552955068681 21.49
2150 0.2425919703992525 21.5
2151 0.2442508665811896 21.51
2152 0.2465936813757521 21.52
2153 0.2487402447150981 21.53
2154 0.2506065212977674 21.54
2155 0.2524637430265168 21.55
2156 0.2548140650644363 21.56
2157 0.2570684983168176 21.57
2158 0.2596449423244503 21.58
2159 0.262084038687473 21.59
2160 0.2645227935630777 21.6
2161 0.2669907430047495 21.61
2162 0.2697384334471015 21.62
2163 0.2721929333192051 21.63
2164 0.2744015527570547 21.64
2165 0.2766344475854299 21.65
2166 0.2787261095987331 21.66
2167 0.2808635939608439 21.67
2168 0.2829268912687999 21.68
2169 0.2846461110203646 21.69
2170 0.2865594137993237 21.7
2171 0.2896188115478808 21.71
2172 0.2917189256535267 21.72
2173 0.2941058425854669 21.73
2174 0.2962706133616555 21.74
2175 0.2984050979274836 21.75
2176 0.30108748214053 21.76
2177 0.3029011050998601 21.77
2178 0.3044151422255444 21.78
2179 0.3055102219005766 21.79
2180 0.3069437833894782 21.8
2181 0.3085092610783706 21.81
2182 0.3102764560839217 21.82
2183 0.3122795345175388 21.83
2184 0.3144232378207691 21.84
2185 0.3168673058151188 21.85
2186 0.3186705842716407 21.86
2187 0.3199626548052361 21.87
2188 0.3210369200265498 21.88
2189 0.3224824729151268 21.89
2190 0.3234065612201317 21.9
2191 0.3240248173211772 21.91
2192 0.324519683283491 21.92
2193 0.3261605700363312 21.93
2194 0.3265975825436951 21.94
2195 0.3268374088249412 21.95
2196 0.327620680004005 21.96
2197 0.3280740391319368 21.97
2198 0.3288305403402271 21.98
2199 0.3288620866070228 21.99
2200 0.3290856057920689 22
2201 0.3283445189526586 22.01
2202 0.3279762428530183 22.02
2203 0.3275212702803357 22.03
2204 0.3275637282956684 22.04
2205 0.3271355429885885 22.05
2206 0.3271738442817832 22.06
2207 0.32610567991163 22.07
2208 0.3251724322415863 22.08
2209 0.3240254743159231 22.09
2210 0.3221246632774473 22.1
2211 0.3204123088620229 22.11
2212 0.3183513507224183 22.12
2213 0.3160319315933658 22.13
2214 0.3134839019926858 22.14
2215 0.3108435929930765 22.15
2216 0.3081246721809588 22.16
2217 0.3051452199506616 22.17
2218 0.302040926247942 22.18
2219 0.2996440241906113 22.19
2220 0.2965395009450169 22.2
2221 0.2931862135654586 22.21
2222 0.2895683014712284 22.22
2223 0.2859436664578388 22.23
2224 0.2816771718150567 22.24
2225 0.2773771753424338 22.25
2226 0.2730527320272101 22.26
2227 0.2684902907920571 22.27
2228 0.2639350946739218 22.28
2229 0.2596214120315417 22.29
2230 0.255301716917391 22.3
2231 0.2510264162060987 22.31
2232 0.2460013666844708 22.32
2233 0.2412665536008253 22.33
2234 0.2372118035456614 22.34
2235 0.2335142546796617 22.35
2236 0.2298780773806348 22.36
2237 0.2267728640310112 22.37
2238 0.2245573227320738 22.38
2239 0.2222024304571005 22.39
2240 0.2202159911951287 22.4
2241 0.2181651939084275 22.41
2242 0.2162654824687755 22.42
2243 0.2145434493275052 22.43
2244 0.2132741148842031 22.44
2245 0.2116594539312036 22.45
2246 0.210036622384375 22.46
2247 0.2080335429416235 22.47
2248 0.2068200028667261 22.48
2249 0.2056616333367893 22.49
2250 0.2037076335538165 22.5
2251 0.2024429821369136 22.51
2252 0.2001938392495315 22.52
2253 0.1991826123804688 22.53
2254 0.1972839956781538 22.54
2255 0.1962722494337019 22.55
2256 0.1949523560800762 22.56
2257 0.1942598037755587 22.57
2258 0.1941327110068651 22.58
2259 0.1942605061707521 22.59
2260 0.194022317221026 22.6
2261 0.1938763116068924 22.61
2262 0.1942336482998456 22.62
2263 0.1944273424727176 22.63
2264 0.1954285965099125 22.64
2265 0.1960622147000607 22.65
2266 0.1965559137135888 22.66
2267 0.1970579402626164 22.67
2268 0.1979208954258607 22.68
2269 0.1983692778270839 22.69
2270 0.1982870400227085 22.7
2271 0.1989314355123804 22.71
2272 0.2007615185064428 22.72
2273 0.2021200768537894 22.73
2274 0.2036186140606164 22.74
2275 0.2040395151512454 22.75
2276 0.2055674740442947 22.76
2277 0.2069699720616375 22.77
2278 0.2078239228575005 22.78
2279 0.2080361374904262 22.79
2280 0.2089010183618291 22.8
2281 0.2097065626779029 22.81
2282 0.2107198938834414 22.82
2283 0.2115998987763169 22.83
2284 0.2130655348015268 22.84
2285 0.2142533374486074 22.85
2286 0.2154356936235522 22.86
2287 0.2163530219787042 22.87
2288 0.2173147165686863 22.88
2289 0.218154514854407 22.89
2290 0.219522778118556 22.9
2291 0.2206780636756816 22.91
2292 0.2219697971325873 22.92
2293 0.2228575522467654 22.93
2294 0.2242190227450557 22.94
2295 0.2258859967422371 22.95
2296 0.2272834265218601 22.96
2297 0.2287581139171703 22.97
2298 0.2299489214333808 22.98
2299 0.2312017447781055 22.99
2300 0.2327837676694282 23
2301 0.2343522834129122 23.01
2302 0.2357441949930655 23.02
2303 0.2367939077273256 23.03
2304 0.2378431690419983 23.04
2305 0.2391429418122981 23.05
2306 0.2402190211449245 23.06
2307 0.241648326675869 23.07
2308 0.242959858962091 23.08
2309 0.244730980449226 23.09
2310 0.2461470743277189 23.1
2311 0.2472808264565548 23.11
2312 0.2486553414252284 23.12
2313 0.2500291710622464 23.13
2314 0.2514329971199237 23.14
2315 0.2523937382795253 23.15
2316 0.253069010736609 23.16
2317 0.253854770425968 23.17
2318 0.2547103016252802 23.18
2319 0.255580543737658 23.19
2320 0.2562901837747111 23.2
2321 0.2567838873549198 23.21
2322 0.2575839723819124 23.22
2323 0.2576289804165761 23.23
2324 0.2577981768113308 23.24
2325 0.2581023686100022 23.25
2326 0.2582017485827753 23.26
2327 0.2583541182053263 23.27
2328 0.2582241044776831 23.28
2329 0.2581356731134352 23.29
2330 0.2579872734233308 23.3
2331 0.2578154065814065 23.31
2332 0.2574453397540781 23.32
2333 0.2572504049006757 23.33
2334 0.2567867762408868 23.34
2335 0.2561681787690675 23.35
2336 0.2554390176302583 23.36
2337 0.2545537879425813 23.37
2338 0.2538144554514263 23.38
2339 0.2529152951956136 23.39
2340 0.2517537055773326 23.4
2341 0.2502110585491603 23.41
2342 0.2486785761367506 23.42
2343 0.2474648783701444 23.43
2344 0.2461246959432399 23.44
2345 0.2449378270204567 23.45
2346 0.2432361422228401 23.46
2347 0.2414910169171044 23.47
2348 0.2398400288227029 23.48
2349 0.2380223276864248 23.49
2350 0.2363838218660066 23.5
2351 0.2345278661339073 23.51
2352 0.2328527414762771 23.52
2353 0.2309936069355605 23.53
2354 0.2290094502856162 23.54
2355 0.2270183068324714 23.55
2356 0.2251098429403333 23.56
2357 0.223145120275094 23.57
2358 0.2210828062934156 23.58
2359 0.2189187430138863 23.59
2360 0.2169201247319675 23.6
2361 0.2147848929140446 23.61
2362 0.2125442852487384 23.62
2363 0.21031461142708 23.63
2364 0.2079620247014226 23.64
2365 0.2057426832128019 23.65
2366 0.2033923921344664 23.66
2367 0.2011874213798846 23.67
2368 0.1989784071193745 23.68
2369 0.1965979203630305 23.69
2370 0.1942605525110163 23.7
2371 0.191638211610371 23.71
2372 0.1891487727827244 23.72
2373 0.1865416214311887 23.73
2374 0.1842461104215047 23.74
2375 0.1822176217206948 23.75
2376 0.1800198455719269 23.76
2377 0.1780156679651786 23.77
2378 0.1758998052559492 23.78
2379 0.173594416792391 23.79
2380 0.1714342567335007 23.8
2381 0.1693705013592525 23.81
2382 0.1676535818212919 23.82
2383 0.1658029982256326 23.83
2384 0.1639510165896562 23.84
2385 0.1623923776024398 23.85
2386 0.1603168458772862 23.86
2387 0.1587014304699143 23.87
2388 0.1566597345507214 23.88
2389 0.1549421313693778 23.89
2390 0.153311154407142 23.9
2391 0.1514690448677985 23.91
2392 0.1498134709754555 23.92
2393 0.148333150947317 23.93
2394 0.146962726772813 23.94
2395 0.1456335758627532 23.95
2396 0.1438285236634122 23.96
2397 0.1417428665181463 23.97
2398 0.1397172175760094 23.98
2399 0.1378144920611538 23.99
2400 0.1361008994089563 24
2401 0.1341695496045279 24.01
2402 0.1323464113784449 24.02
2403 0.1299504151360287 24.03
2404 0.1280761088440295 24.04
2405 0.1257321975219471 24.05
2406 0.1239110752711867 24.06
2407 0.1222484499093896 24.07
2408 0.1206107965795581 24.08
2409 0.1190082735814592 24.09
2410 0.1173216937693825 24.1
2411 0.1154653672084808 24.11
2412 0.1135792105932964 24.12
2413 0.1119149295177735 24.13
2414 0.1105744134408688 24.14
2415 0.1093116037410369 24.15
2416 0.1085654921168837 24.16
2417 0.1074425493177881 24.17
2418 0.1065518369922033 24.18
2419 0.1063075641741767 24.19
2420 0.1059084246302126 24.2
2421 0.1054371313989074 24.21
2422 0.1054345303073115 24.22
2423 0.1056343994418184 24.23
2424 0.1059538540409242 24.24
2425 0.10623313254788 24.25
2426 0.1070903310957164 24.26
2427 0.1082106345090912 24.27
2428 0.1083805702911129 24.28
2429 0.1099721473229696 24.29
2430 0.1115338748785032 24.3
2431 0.1133254000524528 24.31
2432 0.1146309119765862 24.32
2433 0.1158002507848142 24.33
2434 0.1170910440964996 24.34
2435 0.1176934502558346 24.35
2436 0.1194497268261444 24.36
2437 0.120777953847962 24.37
2438 0.1220920326034222 24.38
2439 0.1232351734136254 24.39
2440 0.1251408468420709 24.4
2441 0.1264218602609793 24.41
2442 0.1273325311290469 24.42
2443 0.129102036596065 24.43
2444 0.130745757696855 24.44
2445 0.132105616391234 24.45
2446 0.1340849632507564 24.46
2447 0.1358809614533995 24.47
2448 0.1374224214894219 24.48
2449 0.1389121131061224 24.49
2450 0.1406151570218653 24.5
2451 0.1419917337209235 24.51
2452 0.1429629310982692 24.52
2453 0.1437125405836737 24.53
2454 0.1443196463958997 24.54
2455 0.1456165241385409 24.55
2456 0.1463303039266154 24.56
2457 0.1468421456427354 24.57
2458 0.1477225244997979 24.58
2459 0.1488611637211993 24.59
2460 0.14974415405549 24.6
2461 0.1502719153049235 24.61
2462 0.1506173250085704 24.62
2463 0.1513974016014851 24.63
2464 0.1518645711647801 24.64
2465 0.1523246616944339 24.65
2466 0.1530007210894496 24.66
2467 0.1529266879440165 24.67
2468 0.1534282410047371 24.68
2469 0.1539267205831 24.69
2470 0.1547764654663926 24.7
2471 0.1557616219166465 24.71
2472 0.1567318418307695 24.72
2473 0.1574481413898319 24.73
2474 0.1586496900053145 24.74
2475 0.1596348367306104 24.75
2476 0.1608541945783895 24.76
2477 0.1624836395122992 24.77
2478 0.1640789872267805 24.78
2479 0.1654322370137976 24.79
2480 0.1666089565633483 24.8
2481 0.1678257599754324 24.81
2482 0.1690751824627967 24.82
2483 0.1702255480608479 24.83
2484 0.1710441210018069 24.84
2485 0.1719350980443832 24.85
2486 0.1729565711752568 24.86
2487 0.1741116172413338 24.87
2488 0.17477722596519 24.88
2489 0.1754622810783419 24.89
2490 0.1757543587463337 24.9
2491 0.1760160230306606 24.91
2492 0.1760153860623441 24.92
2493 0.1761041178610234 24.93
2494 0.1759102794332203 24.94
2495 0.175976218690778 24.95
2496 0.1760364572790359 24.96
2497 0.1760257223146651 24.97
2498 0.1754128847495424 24.98
2499 0.1752201499988587 24.99
2500 0.1746481530483075 25
2501 0.1739897004836419 25.01
2502 0.1735799980267036 25.02
2503 0.1735309890865123 25.03
2504 0.1731767148992785 25.04
2505 0.1727557936921424 25.05
2506 0.1722374518133305 25.06
2507 0.1717669237814332 25.07
2508 0.1711334186564827 25.08
2509 0.1706310776728241 25.09
2510 0.1699286344258468 25.1
2511 0.1691702099425056 25.11
2512 0.1684658472129016 25.12
2513 0.167768812922619 25.13
2514 0.1670984715745309 25.14
2515 0.1660768439245906 25.15
2516 0.1650007906653113 25.16
2517 0.1638628518476245 25.17
2518 0.1626075649320705 25.18
2519 0.1616542273808585 25.19
2520 0.1605728171155079 25.2
2521 0.1592436749931959 25.21
2522 0.1580085961450318 25.22
2523 0.1568206769269286 25.23
2524 0.1557290574190655 25.24
2525 0.154685117543584 25.25
2526 0.1532704345257628 25.26
2527 0.1517510947901383 25.27
2528 0.1501202422115884 25.28
2529 0.1485690586582663 25.29
2530 0.1470374218813457 25.3
2531 0.1454616984079181 25.31
2532 0.1438905232140131 25.32
2533 0.1423127544167002 25.33
2534 0.1407756149688102 25.34
2535 0.1392762420151743 25.35
2536 0.1373846978810524 25.36
2537 0.1358467108580335 25.37
2538 0.1341153706729314 25.38
2539 0.1325693733364143 25.39
2540 0.1308889007054306 25.4
2541 0.1294000627723177 25.41
2542 0.1280893464135037 25.42
2543 0.1267047218401429 25.43
2544 0.1257031050441168 25.44
2545 0.1245642549543463 25.45
2546 0.1235820479233824 25.46
2547 0.1229718067879872 25.47
2548 0.1222053312307345 25.48
2549 0.1217033822200769 25.49
2550 0.1216529181243711 25.5
2551 0.1216340805017564 25.51
2552 0.1221090301465249 25.52
2553 0.1224667697719805 25.53
2554 0.1232895515188544 25.54
2555 0.124172236827268 25.55
2556 0.1246069248315633 25.56
2557 0.1252029410754849 25.57
2558 0.1256557445512936 25.58
2559 0.1260913912083949 25.59
2560 0.1263449183958683 25.6
2561 0.1265577759351686 25.61
2562 0.1265647228540089 25.62
2563 0.1268930300086088 25.63
2564 0.1274121914925448 25.64
2565 0.1275997977813883 25.65
2566 0.1274388127484901 25.66
2567 0.1274554553223314 25.67
2568 0.1272565404632329 25.68
2569 0.1272640160453687 25.69
2570 0.1278430102894427 25.7
2571 0.1288092902348858 25.71
2572 0.1293346728852897 25.72
2573 0.1304297127885227 25.73
2574 0.1317145948375514 25.74
2575 0.1319906697605792 25.75
2576 0.1322355700868763 25.76
2577 0.1324734893295989 25.77
2578 0.1325150936530362 25.78
2579 0.1322367765682566 25.79
2580 0.1320089822864797 25.8
2581 0.1315644201507217 25.81
2582 0.1306124314845419 25.82
2583 0.1306100815264792 25.83
2584 0.1295379261261528 25.84
2585 0.1282539563018783 25.85
2586 0.1263418218279793 25.86
2587 0.1248556849965521 25.87
2588 0.1236508490179932 25.88
2589 0.1224744227112443 25.89
2590 0.1205303650568656 25.9
2591 0.1187266581943138 25.91
2592 0.1172278712502297 25.92
2593 0.1149494476042844 25.93
2594 0.1126554060635758 25.94
2595 0.1105191447858102 25.95
2596 0.1080594233051175 25.96
2597 0.1049971365224536 25.97
2598 0.1013822696085653 25.98
2599 0.09821359590450508 25.99
2600 0.09456878674965424 26
2601 0.09105149257783349 26.01
2602 0.08723887140179339 26.02
2603 0.08353784243446152 26.03
2604 0.07934513671258041 26.04
2605 0.07524468882213159 26.05
2606 0.07074012481061133 26.06
2607 0.06644635112761872 26.07
2608 0.06235313877692734 26.08
2609 0.05809747008814074 26.09
2610 0.05369546961418911 26.1
2611 0.04983523209707662 26.11
2612 0.04628338546214918 26.12
2613 0.0421911858244168 26.13
2614 0.03812491644020437 26.14
2615 0.03428764658160059 26.15
2616 0.02994024452853339 26.16
2617 0.02566207099145457 26.17
2618 0.02155835917089578 26.18
2619 0.01716254323118195 26.19
2620 0.01349390686803208 26.2
2621 0.009979141415246764 26.21
2622 0.005803755764984778 26.22
2623 0.002299068037401972 26.23
2624 -0.001670247166420322 26.24
2625 -0.004429494610655407 26.25
2626 -0.007280529456027099 26.26
2627 -0.009350589796305334 26.27
2628 -0.01050346913757577 26.28
2629 -0.01134780555660428 26.29
2630 -0.01233987124966793 26.3
2631 -0.01322160991612319 26.31
2632 -0.01315985935366248 26.32
2633 -0.01314696684520697 26.33
2634 -0.01339100852129366 26.34
2635 -0.01197407165599175 26.35
2636 -0.01085908404805047 26.36
2637 -0.008533579585427178 26.37
2638 -0.007934380331798996 26.38
2639 -0.006065991377306068 26.39
2640 -0.002997819971543386 26.4
2641 -0.001047753358543596 26.41
2642 0.002558100835367519 26.42
2643 0.004493517146117315 26.43
2644 0.007163152252815191 26.44
2645 0.01049425362381394 26.45
2646 0.01288279383714205 26.46
2647 0.01541982721957835 26.47
2648 0.01905568676422849 26.48
2649 0.02132699035962358 26.49
2650 0.02548654775600996 26.5
2651 0.02906260350757432 26.51
2652 0.03296951139866154 26.52
2653 0.03537722579065022 26.53
2654 0.03864017148180629 26.54
2655 0.04115072792971212 26.55
2656 0.04362681464317622 26.56
2657 0.04606538418867352 26.57
2658 0.04875370915296874 26.58
2659 0.05059981115233797 26.59
2660 0.05200189084380522 26.6
2661 0.0540724801681944 26.61
2662 0.0564439842221169 26.62
2663 0.05798407689826428 26.63
2664 0.05940361815815855 26.64
2665 0.06183145185047681 26.65
2666 0.06461416410394005 26.66
2667 0.06629311916105232 26.67
2668 0.06817580370838643 26.68
2669 0.07086746135231686 26.69
2670 0.07330360217338111 26.7
2671 0.0766855105143476 26.71
2672 0.08095738922460159 26.72
2673 0.08497865970216489 26.73
2674 0.08863523728387494 26.74
2675 0.09404941720446537 26.75
2676 0.09895207613780371 26.76
2677 0.1033091786254075 26.77
2678 0.1065110854130306 26.78
2679 0.109580622209806 26.79
2680 0.1131454854483719 26.8
2681 0.1160700557852236 26.81
2682 0.1187760111627812 26.82
2683 0.122996347668177 26.83
2684 0.1266314381461335 26.84
2685 0.1301129445117344 26.85
2686 0.1333555098750409 26.86
2687 0.1364593114997056 26.87
2688 0.1388520207683784 26.88
2689 0.1415915715163016 26.89
2690 0.144824423809322 26.9
2691 0.1490497780817673 26.91
2692 0.1517797296975795 26.92
2693 0.1554741556028296 26.93
2694 0.1589237434578387 26.94
2695 0.1623193948178823 26.95
2696 0.1644883892936548 26.96
2697 0.1673941254620807 26.97
2698 0.1702441278753471 26.98
2699 0.1721155583824167 26.99
2700 0.1757018117754023 27
2701 0.1792739048606764 27.01
2702 0.182869341435081 27.02
2703 0.184441919217649 27.03
2704 0.1854992700241797 27.04
2705 0.187342125809604 27.05
2706 0.1890460301738884 27.06
2707 0.1908513453525159 27.07
2708 0.1926324178719839 27.08
2709 0.1938445859278657 27.09
2710 0.1965926117048018 27.1
2711 0.1998120289299343 27.11
2712 0.2021687620208887 27.12
2713 0.2040854426419139 27.13
2714 0.2053777361634201 27.14
2715 0.2070879861903529 27.15
2716 0.2087812230940269 27.16
2717 0.2114704708971976 27.17
2718 0.2131522944550748 27.18
2719 0.2161455017704941 27.19
2720 0.2181016821446234 27.2
2721 0.2192336060348562 27.21
2722 0.2213433061091481 27.22
2723 0.223062483109156 27.23
2724 0.2251525265318182 27.24
2725 0.226843396992425 27.25
2726 0.2282521837473118 27.26
2727 0.2304251189097562 27.27
2728 0.2311613077929074 27.28
2729 0.2322031823166756 27.29
2730 0.2333286423930762 27.3
2731 0.2347546681184604 27.31
2732 0.2361471159686836 27.32
2733 0.2373346348513511 27.33
2734 0.2390461535465706 27.34
2735 0.2407964339489266 27.35
2736 0.2426497906616196 27.36
2737 0.2447876143166283 27.37
2738 0.2468628388656269 27.38
2739 0.248454903853798 27.39
2740 0.2504545855985267 27.4
2741 0.2518780998860737 27.41
2742 0.2528208667632885 27.42
2743 0.2539791173198643 27.43
2744 0.2547701276466545 27.44
2745 0.2552709018256752 27.45
2746 0.2559887857737315 27.46
2747 0.256917756798009 27.47
2748 0.2580296153892551 27.48
2749 0.2585940811929198 27.49
2750 0.2592860499289921 27.5
2751 0.259750088086841 27.51
2752 0.2601349141909574 27.52
2753 0.2605477164664153 27.53
2754 0.2604369203723546 27.54
2755 0.2602015904843372 27.55
2756 0.2603528232906607 27.56
2757 0.2611443929061379 27.57
2758 0.2611197501264541 27.58
2759 0.2609865348074152 27.59
2760 0.2606601571189493 27.6
2761 0.2606299826186961 27.61
2762 0.2602011329654992 27.62
2763 0.2597015541511233 27.63
2764 0.2589819897060619 27.64
2765 0.257764858304176 27.65
2766 0.2564961564886106 27.66
2767 0.2548133834667252 27.67
2768 0.2530904479086253 27.68
2769 0.2516027141970358 27.69
2770 0.2503643790833415 27.7
2771 0.2492440875309584 27.71
2772 0.2480783359788022 27.72
2773 0.2470023413879582 27.73
2774 0.2461142884237113 27.74
2775 0.2451511233555748 27.75
2776 0.243790977435168 27.76
2777 0.2426608506160979 27.77
2778 0.2421817579522473 27.78
2779 0.2412824194029687 27.79
2780 0.2403208499696766 27.8
2781 0.2387987786522662 27.81
2782 0.2376546967682797 27.82
2783 0.2365865797350703 27.83
2784 0.2356046398191375 27.84
2785 0.2350836447756904 27.85
2786 0.2334376118714846 27.86
2787 0.2334319817584507 27.87
2788 0.2318634351885336 27.88
2789 0.2300656829510601 27.89
2790 0.2289452832075841 27.9
2791 0.228289402498875 27.91
2792 0.2276255551902644 27.92
2793 0.2262205068221188 27.93
2794 0.225134790966267 27.94
2795 0.2232982230272694 27.95
2796 0.2216133478358124 27.96
2797 0.2201720678494168 27.97
2798 0.2182217898078525 27.98
2799 0.2158532389102878 27.99
2800 0.2128895211433905 28
2801 0.2099373165156193 28.01
2802 0.2057581815845044 28.02
2803 0.2030938651444237 28.03
2804 0.19911570332697 28.04
2805 0.1957615834574935 28.05
2806 0.1916027745880984 28.06
2807 0.1878851593061278 28.07
2808 0.185216978112594 28.08
2809 0.1809822107270471 28.09
2810 0.1773705569461119 28.1
2811 0.1720099375430732 28.11
2812 0.1684969532336576 28.12
2813 0.163257442579346 28.13
2814 0.1577909824725763 28.14
2815 0.152246848909223 28.15
2816 0.147065024640343 28.16
2817 0.1417337883773532 28.17
2818 0.1371757077097683 28.18
2819 0.1337793659613628 28.19
2820 0.1301637558980036 28.2
2821 0.1273637028612037 28.21
2822 0.1247462962785032 28.22
2823 0.1216591814762283 28.23
2824 0.1187010898005812 28.24
2825 0.115740601966149 28.25
2826 0.1140127821308703 28.26
2827 0.1111647891981892 28.27
2828 0.1102648838461372 28.28
2829 0.1090064888894011 28.29
2830 0.1083353008866309 28.3
2831 0.1078081843094352 28.31
2832 0.107312417177774 28.32
2833 0.1074376124641693 28.33
2834 0.1073995788287951 28.34
2835 0.1073934070156334 28.35
2836 0.1070239334850168 28.36
2837 0.1069240807018827 28.37
2838 0.1080260292371163 28.38
2839 0.108530439124986 28.39
2840 0.1102511941099087 28.4
2841 0.1118682219542241 28.41
2842 0.113072147928943 28.42
2843 0.1140502662652021 28.43
2844 0.1145321247329213 28.44
2845 0.1162795282238438 28.45
2846 0.1179689070325638 28.46
2847 0.1183346962524555 28.47
2848 0.1194680074688375 28.48
2849 0.1209376003036628 28.49
2850 0.1211016943378599 28.5
2851 0.1224853990125393 28.51
2852 0.1236192892432056 28.52
2853 0.1250531438925004 28.53
2854 0.1253127806801331 28.54
2855 0.1263872446042003 28.55
2856 0.1266661137528737 28.56
2857 0.128097092290311 28.57
2858 0.1290865593561352 28.58
2859 0.1306105542524829 28.59
2860 0.1322956089046179 28.6
2861 0.1330182383815477 28.61
2862 0.1338934511054814 28.62
2863 0.1354712749750304 28.63
2864 0.1368360506330734 28.64
2865 0.1380795889753585 28.65
2866 0.1394158845253363 28.66
2867 0.1398315921404642 28.67
2868 0.1415122490445228 28.68
2869 0.1421794561549383 28.69
2870 0.1432806357160999 28.7
2871 0.1442415395373051 28.71
2872 0.1458810902795149 28.72
2873 0.1469600553483678 28.73
2874 0.1481132853166971 28.74
2875 0.1485096624972245 28.75
2876 0.1489110976310288 28.76
2877 0.148270346898231 28.77
2878 0.1496309881919854 28.78
2879 0.1510467547734743 28.79
2880 0.1520962277604574 28.8
2881 0.1537271815990043 28.81
2882 0.1544239814555666 28.82
2883 0.1559135795838796 28.83
2884 0.1566014130733737 28.84
2885 0.15824635358457 28.85
2886 0.1598327099888438 28.86
2887 0.1610997904313986 28.87
2888 0.1626165801443065 28.88
2889 0.1639148952058059 28.89
2890 0.1654321021822214 28.9
2891 0.1670017870035836 28.91
2892 0.1682483276914811 28.92
2893 0.1691745019543137 28.93
2894 0.170237474940235 28.94
2895 0.1705075668257716 28.95
2896 0.1709196947802677 28.96
2897 0.1714235035945738 28.97
2898 0.1720533097690384 28.98
2899 0.1727613115322748 28.99
2900 0.1737907350070044 29
2901 0.1747783330912478 29.01
2902 0.1754909919548041 29.02
2903 0.1764888738455631 29.03
2904 0.1774015506420136 29.04
2905 0.1784460590073957 29.05
2906 0.1791294484932032 29.06
2907 0.179198087014614 29.07
2908 0.1794720570168076 29.08
2909 0.1796536855356339 29.09
2910 0.1795933218669452 29.1
2911 0.1794707236101512 29.11
2912 0.1794188319765109 29.12
2913 0.1793157223185558 29.13
2914 0.179238445110298 29.14
2915 0.1792883946942626 29.15
2916 0.1792053896981884 29.16
2917 0.178859083827301 29.17
2918 0.1783924741214349 29.18
2919 0.178091715591225 29.19
2920 0.1778177849486777 29.2
2921 0.1773799660211777 29.21
2922 0.1765189417050417 29.22
2923 0.1754108296508302 29.23
2924 0.1743433655279737 29.24
2925 0.1730968973074009 29.25
2926 0.171651881541066 29.26
2927 0.1702530860164584 29.27
2928 0.168943793351723 29.28
2929 0.1675719156115027 29.29
2930 0.1663331733138172 29.3
2931 0.1647296980438006 29.31
2932 0.1629270803598319 29.32
2933 0.1615986642777358 29.33
2934 0.1601482814358673 29.34
2935 0.1586010801576135 29.35
2936 0.1566831134994304 29.36
2937 0.1547910108008015 29.37
2938 0.1528463996817355 29.38
2939 0.1508116887494461 29.39
2940 0.1488099439764077 29.4
2941 0.1464120409623164 29.41
2942 0.144300009513196 29.42
2943 0.1420463957815837 29.43
2944 0.1395351523795922 29.44
2945 0.1371276211024675 29.45
2946 0.1350782143168353 29.46
2947 0.1329887074718488 29.47
2948 0.1307850661100664 29.48
2949 0.1289207753803857 29.49
2950 0.1263389732394953 29.5
2951 0.1244719194920582 29.51
2952 0.1224448769146619 29.52
2953 0.1200430327007636 29.53
2954 0.1181392205013005 29.54
2955 0.116373053226727 29.55
2956 0.1145313770795573 29.56
2957 0.1127543030445267 29.57
2958 0.111220394850514 29.58
2959 0.1097227337950756 29.59
2960 0.1080001689281155 29.6
2961 0.1065191047032202 29.61
2962 0.1048589430119101 29.62
2963 0.1034871945055568 29.63
2964 0.1019545454147874 29.64
2965 0.1005363925363752 29.65
2966 0.09930235971874481 29.66
2967 0.09819692327708263 29.67
2968 0.09688506305704354 29.68
2969 0.09561346338613901 29.69
2970 0.09433376079363805 29.7
2971 0.09307618641757821 29.71
2972 0.0918305946346322 29.72
2973 0.0905682363356739 29.73
2974 0.08977521741665302 29.74
2975 0.08878512352475164 29.75
2976 0.08794621091030499 29.76
2977 0.08724923880831043 29.77
2978 0.08679584589988795 29.78
2979 0.08629522483329462 29.79
2980 0.08556695241843132 29.8
2981 0.08501963239664649 29.81
2982 0.08452667666102068 29.82
2983 0.08405259430758097 29.83
2984 0.08350495882345248 29.84
2985 0.08285113536745826 29.85
2986 0.08241290500050956 29.86
2987 0.08201309334071619 29.87
2988 0.08168885949945068 29.88
2989 0.0812559426920596 29.89
2990 0.08138764026470612 29.9
2991 0.08109911993101528 29.91
2992 0.08097346065130757 29.92
2993 0.08082467928685008 29.93
2994 0.08106334336379219 29.94
2995 0.08149833105568532 29.95
2996 0.08195439996301244 29.96
2997 0.08216583210699617 29.97
2998 0.08241116571241838 29.98
2999 0.08308349693142322 29.99
3000 0.08351195051612714 30
