"cd-rfile"
"Time Step" "cd etc.."
("Time Step" "cd" "flow-time")
0 6.638117518112389e-27 0
1 -94.6391063830806 0.01
2 -22.27842318790133 0.02
3 0.6073611339091426 0.03
4 6.232578819437276 0.04
5 6.371094443607847 0.05
6 -0.8070911991851051 0.06
7 -2.565574566559202 0.07000000000000001
8 -1.682788458569193 0.08
9 0.1167318929589146 0.09
10 1.099639997699145 0.1
11 0.499782216979639 0.11
12 -0.0143593852606272 0.12
13 -0.1112464729369192 0.13
14 -0.09327870009021978 0.14
15 -0.006207547977457823 0.15
16 0.0755430279409412 0.16
17 0.08423960058645615 0.17
18 0.06048085444144181 0.18
19 0.02169445107338255 0.19
20 0.02034971944352193 0.2
21 0.05021556965621923 0.21
22 0.08870627269564185 0.22
23 0.06977623396374312 0.23
24 0.0500047532643474 0.24
25 0.05142798647587939 0.25
26 0.04831819881490368 0.26
27 0.02741106335381503 0.27
28 -0.002023932355510981 0.28
29 0.007343868779917873 0.29
30 0.02486939931042948 0.3
31 0.03204847183344527 0.31
32 0.045374503397888 0.32
33 0.0470951534538286 0.33
34 0.05037609609975705 0.34
35 0.04684525572220742 0.35
36 0.04047875123079943 0.36
37 0.03938031588491946 0.37
38 0.04089316165214844 0.38
39 0.01800199635979998 0.39
40 0.01604389363047548 0.4
41 0.02086668482652812 0.41
42 0.02114431171576526 0.42
43 0.03503481894117032 0.43
44 0.03878827153902278 0.44
45 0.04329674794901949 0.45
46 0.04133770436325293 0.46
47 0.03806778791360538 0.47
48 0.03423614811154825 0.48
49 0.02985309699143554 0.49
50 0.02884376352419397 0.5
51 0.02736624624769631 0.51
52 0.02584110975840495 0.52
53 0.02728902123578425 0.53
54 0.02904619570270869 0.54
55 0.0303657106765664 0.55
56 0.03090800092114615 0.5600000000000001
57 0.03074337183266214 0.5700000000000001
58 0.03006355165976988 0.58
59 0.02911853306447777 0.59
60 0.02850022095696119 0.6
61 0.02803773796690485 0.61
62 0.02786502944212049 0.62
63 0.02800323792849521 0.63
64 0.02840017303293629 0.64
65 0.0290413874498217 0.65
66 0.02951796416374497 0.66
67 0.02985843178445612 0.67
68 0.02987024692859418 0.68
69 0.02961761763060496 0.6900000000000001
70 0.02911185302721202 0.7000000000000001
71 0.0287167728418457 0.71
72 0.02778801869357453 0.72
73 0.02704663918293708 0.73
74 0.02699942288093216 0.74
75 0.02715074729495022 0.75
76 0.02753353422299559 0.76
77 0.02723178215221694 0.77
78 0.02737321431895968 0.78
79 0.02744443357190443 0.79
80 0.02753791938883822 0.8
81 0.02767271409228705 0.8100000000000001
82 0.02786877130033694 0.8200000000000001
83 0.02820048979671745 0.8300000000000001
84 0.02842277324010347 0.84
85 0.0283425848461061 0.85
86 0.02835738809872481 0.86
87 0.02830592392222113 0.87
88 0.02833744035718644 0.88
89 0.02826027692042988 0.89
90 0.02804765349688836 0.9
91 0.0277413219568325 0.91
92 0.02759424333512131 0.92
93 0.02752712173596138 0.93
94 0.02746603465045114 0.9400000000000001
95 0.02749702296091319 0.9500000000000001
96 0.02749239910035839 0.96
97 0.02740445180208349 0.97
98 0.02725168751854175 0.98
99 0.02711291193860735 0.99
100 0.02705511521699419 1
101 0.02710112546797857 1.01
102 0.02705689616666438 1.02
103 0.02701723448837648 1.03
104 0.02698442006894207 1.04
105 0.02696105357423552 1.05
106 0.02694549345080446 1.06
107 0.02696074758228114 1.07
108 0.02704207731194591 1.08
109 0.02714652632860545 1.09
110 0.02717284471627239 1.1
111 0.02725055830403771 1.11
112 0.02733280674242289 1.12
113 0.02738428487510849 1.13
114 0.02741853874627952 1.14
115 0.02744791803638092 1.15
116 0.02743637406541083 1.16
117 0.02738834605129135 1.17
118 0.02737800481884575 1.18
119 0.02738290033563719 1.19
120 0.0273901875232617 1.2
121 0.027409747904989 1.21
122 0.02747049796205155 1.22
123 0.02749777299673447 1.23
124 0.02749716599694173 1.24
125 0.02744493402331874 1.25
126 0.0274037710984148 1.26
127 0.02738804229806738 1.27
128 0.0273849489176862 1.28
129 0.02740346835573657 1.29
130 0.02735059711577743 1.3
131 0.02727512067982734 1.31
132 0.027206204296726 1.32
133 0.02714412057431461 1.33
134 0.02708833776927497 1.34
135 0.02704966644298614 1.35
136 0.02700841220722522 1.36
137 0.02698460007461795 1.37
138 0.02697450316094033 1.38
139 0.02696883670929404 1.39
140 0.02697281758784807 1.4
141 0.02697333431126951 1.41
142 0.0269704590567404 1.42
143 0.02693721729983174 1.43
144 0.0269092722236237 1.44
145 0.02689662974934895 1.45
146 0.02690002989270934 1.46
147 0.02690305528607968 1.47
148 0.02690015288849065 1.48
149 0.02690427746702104 1.49
150 0.02690854969310656 1.5
151 0.02690082587363787 1.51
152 0.02687700204819164 1.52
153 0.02683699548109282 1.53
154 0.02680550416749963 1.54
155 0.02679057103966311 1.55
156 0.02678913227776242 1.56
157 0.0267931422059306 1.57
158 0.02680450397853788 1.58
159 0.02681212898134957 1.59
160 0.02681919241722817 1.6
161 0.02682764054326531 1.61
162 0.02683436174102948 1.62
163 0.02686766315687579 1.63
164 0.02689821452447935 1.64
165 0.02692621015836955 1.65
166 0.02696254274206627 1.66
167 0.02699521366194249 1.67
168 0.02701453265612743 1.68
169 0.02702487746304227 1.69
170 0.02702960255225388 1.7
171 0.02703146717023849 1.71
172 0.0270351211545699 1.72
173 0.02704642064816084 1.73
174 0.02705175446353786 1.74
175 0.02705521201915884 1.75
176 0.02705241382528681 1.76
177 0.02704695419707842 1.77
178 0.0270500847550163 1.78
179 0.0270546415105319 1.79
180 0.02704869442843891 1.8
181 0.02703716996865552 1.81
182 0.02702915272448094 1.82
183 0.02702216725737645 1.83
184 0.02701791554171998 1.84
185 0.02701484988527983 1.85
186 0.02701059240147664 1.86
187 0.02700805074327495 1.87
188 0.02700669364830837 1.88
189 0.02700244027307569 1.89
190 0.02699514324529385 1.9
191 0.02699031769150792 1.91
192 0.02698474616444022 1.92
193 0.02697667605846733 1.93
194 0.02696893156199418 1.94
195 0.02696269291017655 1.95
196 0.02695780953905665 1.96
197 0.02695433688957099 1.97
198 0.02695107479912573 1.98
199 0.02694684694405219 1.99
200 0.02694091207153847 2
201 0.02693442558040561 2.01
202 0.02692669655456243 2.02
203 0.02691661367180074 2.03
204 0.02690509873162081 2.04
205 0.02689363513473653 2.05
206 0.02688698351230718 2.06
207 0.02687849449138695 2.07
208 0.02687208772337657 2.08
209 0.02687065680765853 2.09
210 0.02686794126925539 2.1
211 0.02686241112003115 2.11
212 0.02685674068807488 2.12
213 0.02686133913848545 2.13
214 0.02685716414118448 2.14
215 0.02684863222344437 2.15
216 0.02683143436815449 2.16
217 0.02681695380468029 2.17
218 0.0268075316270901 2.18
219 0.02679816247840574 2.19
220 0.0267929154198487 2.2
221 0.02678869424039472 2.21
222 0.02678407394797049 2.22
223 0.02677783372019157 2.23
224 0.0267723205916445 2.24
225 0.02676835910583505 2.25
226 0.02676427824808872 2.26
227 0.02675908460786149 2.27
228 0.02675560041501899 2.28
229 0.02674836213042021 2.29
230 0.02673846623743886 2.3
231 0.02672850396680847 2.31
232 0.02671910955073564 2.32
233 0.02671091628397363 2.33
234 0.02670314169002098 2.34
235 0.0266960726167062 2.35
236 0.02668956522242621 2.36
237 0.02668428315522859 2.37
238 0.02668194832195557 2.38
239 0.02668012514876177 2.39
240 0.02667587515045543 2.4
241 0.02667297057235421 2.41
242 0.02666930637248189 2.42
243 0.02666567951539113 2.43
244 0.02666182134840005 2.44
245 0.02665702010037763 2.45
246 0.0266601682195711 2.46
247 0.02665962540006985 2.47
248 0.02665740735452911 2.48
249 0.02665942075119006 2.49
250 0.02665952178980117 2.5
251 0.02666044599406563 2.51
252 0.02666457094775755 2.52
253 0.02666793469850256 2.53
254 0.02666780339129453 2.54
255 0.02666921091234477 2.55
256 0.02668199066528322 2.56
257 0.02669736119675521 2.57
258 0.02670233324779491 2.58
259 0.02670712905120021 2.59
260 0.02671221714477106 2.6
261 0.02671806947325671 2.61
262 0.02672065700727776 2.62
263 0.02671756378814928 2.63
264 0.02671831109693561 2.64
265 0.02672165839855108 2.65
266 0.02672768021422449 2.66
267 0.02673364452976177 2.67
268 0.02673886223217054 2.68
269 0.02674238489369743 2.69
270 0.02674458438275439 2.7
271 0.02674384206205048 2.71
272 0.02673941837985092 2.72
273 0.02673330002448416 2.73
274 0.02672363575970606 2.74
275 0.02670946697390456 2.75
276 0.02670145800363583 2.76
277 0.02669261332484249 2.77
278 0.02668201248488531 2.78
279 0.02667350467798324 2.79
280 0.02666353153958282 2.8
281 0.02664792179848781 2.81
282 0.02663225231281112 2.82
283 0.02661481972149931 2.83
284 0.0265985290677696 2.84
285 0.02658248730932321 2.85
286 0.02656679064351634 2.86
287 0.02655632605279106 2.87
288 0.02654272133502826 2.88
289 0.02652990135807609 2.89
290 0.02651904523965812 2.9
291 0.02650610197138615 2.91
292 0.02649373152258065 2.92
293 0.02648252639724965 2.93
294 0.02647142270000717 2.94
295 0.0264662519553765 2.95
296 0.02645932804173475 2.96
297 0.02645217530995737 2.97
298 0.02644773160597228 2.98
299 0.02644636824741011 2.99
300 0.02644320817388978 3
301 0.02644107037030508 3.01
302 0.02644115638022776 3.02
303 0.02644228111816375 3.03
304 0.02644209888746458 3.04
305 0.02644307470204164 3.05
306 0.02644547734813214 3.06
307 0.02644752450536435 3.07
308 0.02645315091808257 3.08
309 0.02646228007156618 3.09
310 0.02647235196842744 3.1
311 0.02648175353395556 3.11
312 0.02649023172664966 3.12
313 0.02649877542509499 3.13
314 0.02650762271764863 3.14
315 0.02651786382277675 3.15
316 0.02652536506869264 3.16
317 0.02653900795489331 3.17
318 0.02655197467323771 3.18
319 0.02656844580564642 3.19
320 0.02657991877219469 3.2
321 0.0265936555422492 3.21
322 0.02660407949125721 3.22
323 0.02661556154294596 3.23
324 0.02662556134230908 3.24
325 0.02663463120277285 3.25
326 0.02664138537938687 3.26
327 0.02665072953663049 3.27
328 0.02665968386728101 3.28
329 0.02666859590440373 3.29
330 0.02668013341492093 3.3
331 0.02668709906263622 3.31
332 0.02669349888829295 3.32
333 0.02670217433354324 3.33
334 0.02671005190358118 3.34
335 0.02671700790735765 3.35
336 0.02672238805356228 3.36
337 0.02672717716282134 3.37
338 0.02673167785519585 3.38
339 0.02673525338290709 3.39
340 0.02673899106835958 3.4
341 0.02674331068214367 3.41
342 0.0267466059758234 3.42
343 0.02674997585686024 3.43
344 0.02675312254778414 3.44
345 0.0267546412821405 3.45
346 0.02675801913068269 3.46
347 0.02676636635905476 3.47
348 0.02677420674755525 3.48
349 0.02678017328104659 3.49
350 0.02678524058944074 3.5
351 0.02679023695550979 3.51
352 0.02679475002281287 3.52
353 0.02679952557032212 3.53
354 0.02680401099730428 3.54
355 0.02680869850081106 3.55
356 0.02681457166707957 3.56
357 0.02682110579487426 3.57
358 0.02682698402008242 3.58
359 0.02682917320493463 3.59
360 0.02683454097807789 3.6
361 0.02684293119826311 3.61
362 0.02685237528855631 3.62
363 0.02686234589795984 3.63
364 0.02687404808926744 3.64
365 0.02688170413426365 3.65
366 0.02688834581803718 3.66
367 0.0268919807251821 3.67
368 0.02689473655975253 3.68
369 0.02689652706869295 3.69
370 0.02689690486795599 3.7
371 0.02689791627945621 3.71
372 0.0269010528841616 3.72
373 0.02690353396275736 3.73
374 0.02690636836110189 3.74
375 0.02690886836692436 3.75
376 0.02691013172964107 3.76
377 0.02691184635462317 3.77
378 0.02691422849557328 3.78
379 0.02691621215141132 3.79
380 0.02691726309790354 3.8
381 0.02691812112148463 3.81
382 0.0269182977640172 3.82
383 0.02691770984291553 3.83
384 0.02691857526261924 3.84
385 0.02691919732191022 3.85
386 0.02692008467816771 3.86
387 0.02692120063042221 3.87
388 0.02692217684553685 3.88
389 0.02692273614444847 3.89
390 0.02692465687184372 3.9
391 0.02692608343817478 3.91
392 0.02692730305181093 3.92
393 0.02692819860815729 3.93
394 0.02692893630504472 3.94
395 0.02693091209342363 3.95
396 0.02693296722971998 3.96
397 0.02693501820486411 3.97
398 0.02693684258358795 3.98
399 0.02693882936431577 3.99
400 0.02694155776887568 4
401 0.02694412543030121 4.01
402 0.02694854089468448 4.02
403 0.02695210253466294 4.03
404 0.02695490665859548 4.04
405 0.02695715418197872 4.05
406 0.02695899467833901 4.06
407 0.0269594859664718 4.07
408 0.02696079635075555 4.08
409 0.02696335454602214 4.09
410 0.02696563261428545 4.1
411 0.02696766428897157 4.11
412 0.02697008136405341 4.12
413 0.02697170913174047 4.13
414 0.02697165265711649 4.14
415 0.02697148137967348 4.15
416 0.0269724964427269 4.16
417 0.02697242758768815 4.17
418 0.02697171964715957 4.18
419 0.02697052422413941 4.19
420 0.02696961336450493 4.2
421 0.02696845531488268 4.21
422 0.02696686572794087 4.22
423 0.02696459044679202 4.23
424 0.02696160773718275 4.24
425 0.02695810336331053 4.25
426 0.02695432988652008 4.26
427 0.02695040164943877 4.27
428 0.02694396602317455 4.28
429 0.02693882952265558 4.29
430 0.02693314856312374 4.3
431 0.02692630376574993 4.31
432 0.02691984887731436 4.32
433 0.02691222637114577 4.33
434 0.02690437412305027 4.34
435 0.02689693189662915 4.350000000000001
436 0.02688917768089187 4.36
437 0.02688115515691377 4.37
438 0.02687196531224711 4.38
439 0.02686271985766744 4.39
440 0.02685267303088093 4.4
441 0.02684089245064038 4.41
442 0.02682963656322842 4.42
443 0.02681777246647846 4.43
444 0.02680708208187492 4.44
445 0.02679616740417776 4.45
446 0.02678302296680916 4.46
447 0.02677036441524979 4.47
448 0.02675992671007507 4.48
449 0.02674873242421765 4.49
450 0.02673762765775764 4.5
451 0.02672769429105453 4.51
452 0.02671779623517637 4.52
453 0.02670623474443685 4.53
454 0.02669533675977616 4.54
455 0.02668495067098307 4.55
456 0.02667499683689112 4.56
457 0.02666494447231035 4.57
458 0.02665464560169334 4.58
459 0.02664468946872848 4.59
460 0.0266341649003285 4.600000000000001
461 0.0266240163531728 4.61
462 0.02661529178043905 4.62
463 0.02660729858589971 4.63
464 0.0265987529883783 4.64
465 0.02659085267200186 4.65
466 0.02658311596785371 4.66
467 0.02657515036199587 4.67
468 0.02656941172919373 4.68
469 0.0265635916487365 4.69
470 0.02655807169633703 4.7
471 0.02655228647340433 4.71
472 0.02654729493959102 4.72
473 0.0265417958993909 4.73
474 0.02653588495800151 4.74
475 0.02652935425176489 4.75
476 0.02652695066397171 4.76
477 0.02652545103229265 4.77
478 0.02652334498299833 4.78
479 0.02652125496980319 4.79
480 0.02651721359829603 4.8
481 0.02651516976089053 4.81
482 0.02651182336344116 4.82
483 0.0265089211657016 4.83
484 0.02650692180855909 4.84
485 0.02650484424823949 4.850000000000001
486 0.02650403707500266 4.86
487 0.02650035790872302 4.87
488 0.02649853054580327 4.88
489 0.02649629447263639 4.89
490 0.02649268189964454 4.9
491 0.02648832292404306 4.91
492 0.02648435314499062 4.92
493 0.02647775759145602 4.93
494 0.02647046766866417 4.94
495 0.0264627083666957 4.95
496 0.02645684071625337 4.96
497 0.0264494537260818 4.97
498 0.0264409735069196 4.98
499 0.02643171328064763 4.99
500 0.02642220048314342 5
501 0.02641335407952265 5.01
502 0.02640283219009133 5.02
503 0.02639255042108143 5.03
504 0.02638211145538108 5.04
505 0.02637065999222718 5.05
506 0.02635744319213408 5.06
507 0.02634412508454868 5.07
508 0.02633341383382789 5.08
509 0.02632208612591072 5.09
510 0.02630878010145444 5.100000000000001
511 0.0262947088677468 5.11
512 0.02628141769913108 5.12
513 0.02626638659854684 5.13
514 0.02625314767298689 5.14
515 0.02623913239494993 5.15
516 0.0262258093584706 5.16
517 0.02621171409636996 5.17
518 0.02619770981734275 5.18
519 0.02618432682799111 5.19
520 0.02617020847841833 5.2
521 0.02615773507067852 5.21
522 0.02614328308284797 5.22
523 0.02612882812000694 5.23
524 0.02611799674458685 5.24
525 0.02610582037578524 5.25
526 0.02609399089902889 5.26
527 0.02608109152431498 5.27
528 0.0260697185069878 5.28
529 0.0260598433514295 5.29
530 0.02605233971693576 5.3
531 0.02604480186659956 5.31
532 0.02603573023559252 5.32
533 0.02602771717931892 5.33
534 0.02602092856243106 5.34
535 0.02601393231223265 5.350000000000001
536 0.0260086759725463 5.36
537 0.0260034067439468 5.37
538 0.0259988576251541 5.38
539 0.02599729638435852 5.39
540 0.02599478169731651 5.4
541 0.02599280664651036 5.41
542 0.02599334186996137 5.42
543 0.0259937118862907 5.43
544 0.02599338670738325 5.44
545 0.02599558496564128 5.45
546 0.02599714562683372 5.46
547 0.02600178350776081 5.47
548 0.02600795285763394 5.48
549 0.02601313141977702 5.49
550 0.0260194106324229 5.5
551 0.02602902279652666 5.51
552 0.02603416547887521 5.52
553 0.02604049569194657 5.53
554 0.0260482549636428 5.54
555 0.02605878528177952 5.55
556 0.02606893721917376 5.56
557 0.02607811536105428 5.57
558 0.02608792703467618 5.58
559 0.02609826140051824 5.59
560 0.02610911561075246 5.600000000000001
561 0.02611819174252776 5.61
562 0.02612654891749253 5.62
563 0.02613417643071674 5.63
564 0.02614335692013949 5.64
565 0.02615071744220447 5.65
566 0.0261560215782334 5.66
567 0.02616454175168612 5.67
568 0.02617291918311185 5.68
569 0.02617848519149526 5.69
570 0.02618255846585189 5.7
571 0.02618535259767455 5.71
572 0.02618923781094983 5.72
573 0.0261893714350167 5.73
574 0.02619011497278649 5.74
575 0.02619196910887287 5.75
576 0.02618996713593356 5.76
577 0.02618649108024284 5.77
578 0.0261831843328439 5.78
579 0.0261804922462074 5.79
580 0.02617461743652279 5.8
581 0.02616567429536816 5.81
582 0.02615571397688937 5.82
583 0.02614579350678659 5.83
584 0.02613750951823608 5.84
585 0.02612642504241882 5.850000000000001
586 0.02611560216235907 5.86
587 0.02610593123750648 5.87
588 0.02609587582121605 5.88
589 0.0260847404582385 5.89
590 0.02607299575910712 5.9
591 0.02606237738937876 5.91
592 0.02605142343611985 5.92
593 0.02604306261737501 5.93
594 0.0260316377765311 5.94
595 0.02602358520024312 5.95
596 0.02601307204246478 5.96
597 0.02600363036094844 5.97
598 0.02599766936097321 5.98
599 0.0259928591287539 5.99
600 0.02598952080827052 6
601 0.02598945126852001 6.01
602 0.02599151290805612 6.02
603 0.02599421756252005 6.03
604 0.02599923243860166 6.04
605 0.02600619244884628 6.05
606 0.02601248692063271 6.06
607 0.02602244276590926 6.07
608 0.02603782603343431 6.08
609 0.02605056078089929 6.09
610 0.02606889665532963 6.100000000000001
611 0.02609312791415955 6.11
612 0.02612013160868251 6.12
613 0.02614837227947829 6.13
614 0.02617678819427387 6.140000000000001
615 0.0262070202268878 6.15
616 0.02623865359634915 6.16
617 0.02627863292786742 6.17
618 0.02632538605333824 6.18
619 0.02636952263858286 6.19
620 0.02641474188499437 6.2
621 0.02646126791556058 6.21
622 0.02650630055936942 6.22
623 0.02655463557991249 6.23
624 0.02660433819801154 6.24
625 0.02665774357060671 6.25
626 0.02671435614532251 6.26
627 0.02676760499942248 6.27
628 0.02682071069985902 6.28
629 0.02687826317480908 6.29
630 0.02692870862209675 6.3
631 0.02697702168232476 6.31
632 0.02702952259858987 6.32
633 0.02707558817579641 6.33
634 0.02711917649162858 6.34
635 0.02716360796352342 6.350000000000001
636 0.02720037899912998 6.36
637 0.02723995124349777 6.37
638 0.02727901249958326 6.38
639 0.02732023919250042 6.390000000000001
640 0.0273379076433852 6.4
641 0.02735598946045273 6.41
642 0.02737146150324168 6.42
643 0.0273909937699635 6.43
644 0.02740687173660802 6.44
645 0.02741320409420618 6.45
646 0.02741487115149201 6.46
647 0.02740610167747666 6.47
648 0.02740026511373175 6.48
649 0.02739484323475509 6.49
650 0.0273888083375103 6.5
651 0.0273766381380841 6.51
652 0.02735789865236773 6.52
653 0.02733662511519807 6.53
654 0.02731571002816332 6.54
655 0.02729566422308051 6.55
656 0.02726520246416008 6.56
657 0.02724557161257842 6.57
658 0.0272255435247173 6.58
659 0.02719815659892907 6.59
660 0.0271648331679498 6.600000000000001
661 0.02713866370220185 6.61
662 0.02710602549973601 6.62
663 0.02708394648213534 6.63
664 0.02706675138816036 6.640000000000001
665 0.02705590834193247 6.65
666 0.02703221460279925 6.66
667 0.02701074245153734 6.67
668 0.0269945423404478 6.68
669 0.02698212545027702 6.69
670 0.02697364922611624 6.7
671 0.02696073585029423 6.71
672 0.02694557121758868 6.72
673 0.02694128267756114 6.73
674 0.02694115232774177 6.74
675 0.02694477996352456 6.75
676 0.02694736215922138 6.76
677 0.02695249229910862 6.77
678 0.02696890798931178 6.78
679 0.02698648866598654 6.79
680 0.02700360281669368 6.8
681 0.02703590274090464 6.81
682 0.0270812687121327 6.82
683 0.02712419682530504 6.83
684 0.02717319852121729 6.84
685 0.02723124129470273 6.850000000000001
686 0.02729283896879624 6.86
687 0.02737496287276885 6.87
688 0.02745079943857313 6.88
689 0.02753304620358307 6.890000000000001
690 0.02762806563502555 6.9
691 0.02773731060767512 6.91
692 0.02785831710953397 6.92
693 0.02798546757690078 6.93
694 0.02811341308102867 6.94
695 0.02823898247489044 6.95
696 0.02839170828437959 6.96
697 0.02856182004323048 6.97
698 0.02872281773218956 6.98
699 0.02890168139310697 6.99
700 0.02909044612766335 7
701 0.02926846802022111 7.01
702 0.02944063023465409 7.02
703 0.02962732664940794 7.03
704 0.0298029100865667 7.04
705 0.02999862559237025 7.05
706 0.03018220248264228 7.06
707 0.03037157471826001 7.07
708 0.0305508629586677 7.08
709 0.03067381044860316 7.09
710 0.03079702215114173 7.100000000000001
711 0.03091639109610664 7.11
712 0.03107447941087049 7.12
713 0.03118966979561417 7.13
714 0.03127044102769058 7.140000000000001
715 0.03135796707579211 7.15
716 0.03139723380036555 7.16
717 0.03144117395107724 7.17
718 0.03144506825996418 7.18
719 0.03149401546195601 7.19
720 0.03148142235545293 7.2
721 0.03145256046795937 7.21
722 0.03142715445990726 7.22
723 0.03138557817633906 7.23
724 0.03134965465569502 7.24
725 0.0312992990870777 7.25
726 0.03119059606831275 7.26
727 0.03108364038957353 7.27
728 0.03098377641240242 7.28
729 0.03086757152886857 7.29
730 0.03075423489564981 7.3
731 0.03061233264823057 7.31
732 0.03049558692326817 7.32
733 0.03037812658887028 7.33
734 0.03023214121326059 7.34
735 0.03009595153600644 7.350000000000001
736 0.02996529590472522 7.36
737 0.02984539471483982 7.37
738 0.02972196282999036 7.38
739 0.02965311335289003 7.390000000000001
740 0.02956330191108302 7.4
741 0.02945855860044424 7.41
742 0.02937555193721511 7.42
743 0.02930885049450792 7.43
744 0.02925265125911133 7.44
745 0.02922203715762686 7.45
746 0.0291642481114993 7.46
747 0.02913254968377868 7.47
748 0.02911344538363191 7.48
749 0.02908960362545275 7.49
750 0.02909304241759818 7.5
751 0.02906102562904456 7.51
752 0.02905421997750847 7.52
753 0.02903621666816781 7.53
754 0.02898517958667858 7.54
755 0.02892909350662098 7.55
756 0.02887128341895437 7.56
757 0.02879955921838815 7.57
758 0.0287167858730865 7.58
759 0.0286421084663514 7.59
760 0.02856702225754713 7.600000000000001
761 0.02851713672024711 7.61
762 0.02846355933310315 7.62
763 0.02838651558481808 7.63
764 0.02831047768508647 7.640000000000001
765 0.02825413666611735 7.65
766 0.02826967060139903 7.66
767 0.02827617644024744 7.67
768 0.02829507964545328 7.68
769 0.02829724609945106 7.69
770 0.02840407843608364 7.7
771 0.02851385894157178 7.71
772 0.02871366637325118 7.72
773 0.02896327139306005 7.73
774 0.02925449008933861 7.74
775 0.02962129457428949 7.75
776 0.02998255996717407 7.76
777 0.03029215437531512 7.77
778 0.03065133582250076 7.78
779 0.03101833009644757 7.79
780 0.03139484788663366 7.8
781 0.031843971578059 7.81
782 0.0323662861826613 7.82
783 0.03282326549292222 7.83
784 0.0332688769436058 7.84
785 0.03374720263931562 7.850000000000001
786 0.0341989464985798 7.86
787 0.03460138125464597 7.87
788 0.0350476086108541 7.88
789 0.03542532485729815 7.890000000000001
790 0.03584017794531146 7.9
791 0.03618170939574075 7.91
792 0.036485776665409 7.92
793 0.03678026861569075 7.930000000000001
794 0.03705289258186931 7.94
795 0.03723199122335765 7.95
796 0.03752453605415135 7.96
797 0.03770136419211388 7.97
798 0.03788337930431356 7.98
799 0.03796075399554576 7.99
800 0.03805487016277876 8
801 0.03807730285903661 8.01
802 0.03823515957911835 8.02
803 0.03830913139841439 8.029999999999999
804 0.03839438852386777 8.040000000000001
805 0.03850889395738342 8.050000000000001
806 0.03850703854685226 8.06
807 0.03856030636063599 8.07
808 0.03848505653938201 8.08
809 0.03843253624899785 8.09
810 0.03832044601367151 8.1
811 0.03830845671338647 8.109999999999999
812 0.03816743737995034 8.120000000000001
813 0.038038828658322 8.130000000000001
814 0.03786955497658129 8.140000000000001
815 0.03766708945406422 8.15
816 0.03743918929230034 8.16
817 0.03727945068344506 8.17
818 0.03705430011241456 8.18
819 0.03690489144481592 8.19
820 0.03667817531756438 8.199999999999999
821 0.03644663856086181 8.210000000000001
822 0.03623524135777659 8.220000000000001
823 0.03603640628799768 8.23
824 0.03586656411987617 8.24
825 0.03571609638041352 8.25
826 0.03547758555674389 8.26
827 0.03529238191985906 8.27
828 0.03505297912586394 8.279999999999999
829 0.03488020013806422 8.290000000000001
830 0.03471325225547946 8.300000000000001
831 0.03453115991811886 8.31
832 0.03437575360415183 8.32
833 0.03418363162069046 8.33
834 0.03408686731722079 8.34
835 0.03397251816050027 8.35
836 0.03392018569948844 8.359999999999999
837 0.03389260621618555 8.370000000000001
838 0.03384575999554904 8.380000000000001
839 0.03380519712401284 8.390000000000001
840 0.03382211342795819 8.4
841 0.03380296532529881 8.41
842 0.03384527209825507 8.42
843 0.03394668649909791 8.43
844 0.0340722636511443 8.44
845 0.0341761000827564 8.449999999999999
846 0.03430081435423329 8.460000000000001
847 0.03442522736903276 8.470000000000001
848 0.03461219366666224 8.48
849 0.03475572556540148 8.49
850 0.03490277829157552 8.5
851 0.03501886672168774 8.51
852 0.0351613581556662 8.52
853 0.03532610587377442 8.529999999999999
854 0.03547840444015205 8.540000000000001
855 0.03560666478580201 8.550000000000001
856 0.03572182731765042 8.56
857 0.03583792230441411 8.57
858 0.03591690913279484 8.58
859 0.03597560585701935 8.59
860 0.03604311371792328 8.6
861 0.036091563896476 8.609999999999999
862 0.03617621566137392 8.620000000000001
863 0.03625633782202076 8.630000000000001
864 0.03627771867398921 8.640000000000001
865 0.03629053857638363 8.65
866 0.03630537702726576 8.66
867 0.0363417452859622 8.67
868 0.03636059451773569 8.68
869 0.03635346153994273 8.69
870 0.03636517045370104 8.700000000000001
871 0.03636490292106386 8.710000000000001
872 0.03636766891622131 8.720000000000001
873 0.03627594251807081 8.73
874 0.03623824961174259 8.74
875 0.03620200043419722 8.75
876 0.03618359157712853 8.76
877 0.03618254428181458 8.77
878 0.03617031621884248 8.779999999999999
879 0.03611835115321323 8.790000000000001
880 0.0360882793798521 8.800000000000001
881 0.0361110095987805 8.81
882 0.03610505962922392 8.82
883 0.03604206427628661 8.83
884 0.03596251352210068 8.84
885 0.03592584756825281 8.85
886 0.03590653063649406 8.859999999999999
887 0.03589874403191737 8.870000000000001
888 0.03589138213398437 8.880000000000001
889 0.03584912936750734 8.890000000000001
890 0.03579371928180203 8.9
891 0.03577815342748286 8.91
892 0.03580959701389612 8.92
893 0.03578235310823527 8.93
894 0.03578341875142076 8.94
895 0.03580181957293421 8.950000000000001
896 0.03575276750448009 8.960000000000001
897 0.03570997730639191 8.970000000000001
898 0.03568412647715807 8.98
899 0.03567777292194908 8.99
900 0.03564785306965274 9
901 0.03565747236462787 9.01
902 0.03562589617315289 9.02
903 0.03555989337260786 9.029999999999999
904 0.03552247719176974 9.040000000000001
905 0.03547793119593366 9.050000000000001
906 0.03540660309231677 9.06
907 0.03536915835556225 9.07
908 0.0353064205565912 9.08
909 0.03525267793312099 9.09
910 0.03512406193149293 9.1
911 0.03504328640399753 9.109999999999999
912 0.03506379031268971 9.120000000000001
913 0.03506621167569979 9.130000000000001
914 0.03504557891572683 9.140000000000001
915 0.03497323778765807 9.15
916 0.0349511640937526 9.16
917 0.03488973347753926 9.17
918 0.03482923142735221 9.18
919 0.03480144025204356 9.19
920 0.03471067787863082 9.200000000000001
921 0.03468653434271152 9.210000000000001
922 0.03464138186759797 9.220000000000001
923 0.03464590273630661 9.23
924 0.03459140207644251 9.24
925 0.03459455668599478 9.25
926 0.03455887239305149 9.26
927 0.034600742425805 9.27
928 0.03464993320739142 9.279999999999999
929 0.0347339507025351 9.290000000000001
930 0.03478167393604852 9.300000000000001
931 0.0349056434003384 9.31
932 0.03507165878659015 9.32
933 0.03524998434784904 9.33
934 0.03545357096634073 9.34
935 0.03571065036719862 9.35
936 0.03600899705670843 9.359999999999999
937 0.03638319160403029 9.370000000000001
938 0.03667106151767339 9.380000000000001
939 0.03701790328113951 9.390000000000001
940 0.03740825316248706 9.4
941 0.03778854576960419 9.41
942 0.03813811008331238 9.42
943 0.03852194012185261 9.43
944 0.03895625891870858 9.44
945 0.03936622518621907 9.450000000000001
946 0.03974550095296998 9.460000000000001
947 0.04019813525938037 9.470000000000001
948 0.0405648324154976 9.48
949 0.04087091179317483 9.49
950 0.04115571564787514 9.5
951 0.04137077415873458 9.51
952 0.04151732326988825 9.52
953 0.04176403719598124 9.529999999999999
954 0.04192631632990145 9.540000000000001
955 0.0420149277937673 9.550000000000001
956 0.04213526861034438 9.56
957 0.04216389796304511 9.57
958 0.0421480128542548 9.58
959 0.04207240862062253 9.59
960 0.04198398792940525 9.6
961 0.04187272530763767 9.609999999999999
962 0.04177491660842032 9.620000000000001
963 0.04159913543857807 9.630000000000001
964 0.04144703543219353 9.640000000000001
965 0.04130814977148042 9.65
966 0.04117321584130109 9.66
967 0.04094633863609667 9.67
968 0.04068576119541233 9.68
969 0.04036219652023357 9.69
970 0.03995644253670647 9.700000000000001
971 0.03953705313651584 9.710000000000001
972 0.03907746829474838 9.720000000000001
973 0.03856405041329018 9.73
974 0.03795091529131211 9.74
975 0.03741057750521765 9.75
976 0.03668860236731549 9.76
977 0.03606965092601331 9.77
978 0.03544669962029522 9.779999999999999
979 0.03478651907828269 9.790000000000001
980 0.03399013125249969 9.800000000000001
981 0.03322281338931758 9.81
982 0.03246324320418502 9.82
983 0.03170475100287737 9.83
984 0.03104573950369724 9.84
985 0.03021074698744929 9.85
986 0.02962093738942168 9.859999999999999
987 0.02895844762296891 9.870000000000001
988 0.02837258421879387 9.880000000000001
989 0.0277629913134977 9.890000000000001
990 0.02712555842617938 9.9
991 0.02659432846991009 9.91
992 0.02602898883676625 9.92
993 0.02555403850122495 9.93
994 0.02509563550407943 9.94
995 0.02472049201197097 9.950000000000001
996 0.02437866540065244 9.960000000000001
997 0.02410793689239734 9.970000000000001
998 0.0238498031455812 9.98
999 0.02374983942231395 9.99
1000 0.023620625757201 10
1001 0.02346487124567079 10.01
1002 0.02358345039420319 10.02
1003 0.02356796710147022 10.03
1004 0.02362452373528157 10.04
1005 0.02363365998953795 10.05
1006 0.0238933907255039 10.06
1007 0.02409020611827293 10.07
1008 0.02424375624149177 10.08
1009 0.02461084841516043 10.09
1010 0.02491019722290247 10.1
1011 0.02526554237742342 10.11
1012 0.02556109046521634 10.12
1013 0.02592870884209387 10.13
1014 0.02634607001375644 10.14
1015 0.02668830441674496 10.15
1016 0.02710742758258437 10.16
1017 0.02756712494931875 10.17
1018 0.0280706439037836 10.18
1019 0.0285657661288061 10.19
1020 0.02902416902775416 10.2
1021 0.02942332985354192 10.21
1022 0.02982701417887464 10.22
1023 0.03023257278188968 10.23
1024 0.03057948746697896 10.24
1025 0.03116086023949781 10.25
1026 0.03162692776822768 10.26
1027 0.03210601192112033 10.27
1028 0.03277600470749228 10.28
1029 0.03330162894877982 10.29
1030 0.03377918521343425 10.3
1031 0.034384364994298 10.31
1032 0.03481305144473087 10.32
1033 0.03510697670791176 10.33
1034 0.035636909809093 10.34
1035 0.03605147984397367 10.35
1036 0.03651535280988247 10.36
1037 0.03690452459625097 10.37
1038 0.03755698653623974 10.38
1039 0.03801660121846562 10.39
1040 0.03865688509496748 10.4
1041 0.03901667140980235 10.41
1042 0.03969220831025071 10.42
1043 0.04010185190076921 10.43
1044 0.04064341758605153 10.44
1045 0.04117113550467607 10.45
1046 0.04148902051707034 10.46
1047 0.04203651716848091 10.47
1048 0.04219171836790508 10.48
1049 0.04272762682511628 10.49
1050 0.04327401764933318 10.5
1051 0.04376644039065707 10.51
1052 0.04428775531139795 10.52
1053 0.04461536036664595 10.53
1054 0.04503842448753057 10.54
1055 0.04543446694780567 10.55
1056 0.04591253370186654 10.56
1057 0.04635203025578093 10.57
1058 0.04684850271111745 10.58
1059 0.04738354215511405 10.59
1060 0.04780183584625074 10.6
1061 0.04822707440738287 10.61
1062 0.04853672989763035 10.62
1063 0.04895013041984309 10.63
1064 0.04921037789983481 10.64
1065 0.04966176811941579 10.65
1066 0.0500264707224277 10.66
1067 0.0505045632818119 10.67
1068 0.05088296606560052 10.68
1069 0.05116184157150695 10.69
1070 0.05145843481459436 10.7
1071 0.05168026466316562 10.71
1072 0.05185628583673964 10.72
1073 0.05219825599455582 10.73
1074 0.05237595966881754 10.74
1075 0.05249413269458221 10.75
1076 0.05264954591468939 10.76
1077 0.05278061861761104 10.77
1078 0.05292043011222586 10.78
1079 0.05300690679333605 10.79
1080 0.05307595204774979 10.8
1081 0.05310487719383311 10.81
1082 0.05311699310824629 10.82
1083 0.05322275428732277 10.83
1084 0.05331635101733616 10.84
1085 0.05330014767486826 10.85
1086 0.05340705592500167 10.86
1087 0.05336983529891605 10.87
1088 0.05339869062750521 10.88
1089 0.05327944058363063 10.89
1090 0.05310782128080736 10.9
1091 0.053023279216475 10.91
1092 0.05280846600469221 10.92
1093 0.05254181973724548 10.93
1094 0.05237666679267498 10.94
1095 0.05221785379951096 10.95
1096 0.05196830896073271 10.96
1097 0.05174487939244469 10.97
1098 0.05141129664826238 10.98
1099 0.05122414566635328 10.99
1100 0.05100175121325991 11
1101 0.05089260598061308 11.01
1102 0.05066379118397613 11.02
1103 0.05040817819032544 11.03
1104 0.05011589775593654 11.04
1105 0.04978333553588182 11.05
1106 0.04950958000247967 11.06
1107 0.04915731121522971 11.07
1108 0.04882333898740454 11.08
1109 0.04856737547817867 11.09
1110 0.04821063110844306 11.1
1111 0.04799573811361293 11.11
1112 0.04780010602394101 11.12
1113 0.04758061796437924 11.13
1114 0.04743674570843081 11.14
1115 0.0472088365440371 11.15
1116 0.04691457117526367 11.16
1117 0.04670403304289936 11.17
1118 0.04638316167604097 11.18
1119 0.04610136336211147 11.19
1120 0.04601343688056646 11.2
1121 0.04605704615926638 11.21
1122 0.04608935411609468 11.22
1123 0.04597179864871305 11.23
1124 0.04593961729988233 11.24
1125 0.04576863860251113 11.25
1126 0.04568890229329363 11.26
1127 0.04544026368934894 11.27
1128 0.04534646757511739 11.28
1129 0.04515396294819501 11.29
1130 0.04501371748032557 11.3
1131 0.04486841991568512 11.31
1132 0.04476241582584511 11.32
1133 0.04456819586307195 11.33
1134 0.04434949501705421 11.34
1135 0.04408112493748314 11.35
1136 0.04377289234190545 11.36
1137 0.04340344063696331 11.37
1138 0.04304669608040092 11.38
1139 0.04283091093922217 11.39
1140 0.0424995848161274 11.4
1141 0.04227677163975691 11.41
1142 0.04204873016916288 11.42
1143 0.04178883762998319 11.43
1144 0.0414436799371167 11.44
1145 0.04111827014436052 11.45
1146 0.04076095965922499 11.46
1147 0.04040921813627418 11.47
1148 0.04004847291045185 11.48
1149 0.03973441154856171 11.49
1150 0.03945947736868083 11.5
1151 0.03910700115456607 11.51
1152 0.03877156951090018 11.52
1153 0.03845776367758351 11.53
1154 0.03814888692465623 11.54
1155 0.0379221483201115 11.55
1156 0.03769619076258936 11.56
1157 0.03749387383639907 11.57
1158 0.03741066497409028 11.58
1159 0.03729304978733838 11.59
1160 0.03724317312585533 11.6
1161 0.03716033302332194 11.61
1162 0.03709261582435731 11.62
1163 0.0369640196163124 11.63
1164 0.03692140387251908 11.64
1165 0.03680771304897413 11.65
1166 0.03664121264905868 11.66
1167 0.03646092410782768 11.67
1168 0.03631246238403012 11.68
1169 0.0361601217603159 11.69
1170 0.03605125944753393 11.7
1171 0.03595470896633241 11.71
1172 0.03583425742194946 11.72
1173 0.03567291182746643 11.73
1174 0.03552340690381713 11.74
1175 0.03542444165941721 11.75
1176 0.03521747767423382 11.76
1177 0.03505887446150584 11.77
1178 0.03485533948640677 11.78
1179 0.03470598868212682 11.79
1180 0.03452658482800623 11.8
1181 0.03439753065146234 11.81
1182 0.03426834288161725 11.82
1183 0.03422539781117749 11.83
1184 0.03414901995796098 11.84
1185 0.03405927878821848 11.85
1186 0.03399267252101514 11.86
1187 0.03386667281549859 11.87
1188 0.03375905240566895 11.88
1189 0.03366681597906775 11.89
1190 0.03352650496412087 11.9
1191 0.03339452674224026 11.91
1192 0.03331053925219556 11.92
1193 0.03326210473166139 11.93
1194 0.03313160807480955 11.94
1195 0.03304412232018641 11.95
1196 0.03287400737160712 11.96
1197 0.0327774384564867 11.97
1198 0.03264504976786196 11.98
1199 0.03251285106830929 11.99
1200 0.03249081941300016 12
1201 0.03245843202974276 12.01
1202 0.03251178387744483 12.02
1203 0.03254761966186957 12.03
1204 0.03258114957968879 12.04
1205 0.03262784079286539 12.05
1206 0.03269922341737857 12.06
1207 0.03275383411035251 12.07
1208 0.03279497630951447 12.08
1209 0.03278013320599426 12.09
1210 0.03275408317496215 12.1
1211 0.03273307559632374 12.11
1212 0.0326602686241536 12.12
1213 0.03262326601640233 12.13
1214 0.03259703842231017 12.14
1215 0.03254957774492497 12.15
1216 0.03258857947774885 12.16
1217 0.03260805884001004 12.17
1218 0.03262980027838422 12.18
1219 0.03268662405988176 12.19
1220 0.03285583857206725 12.2
1221 0.03284089857941454 12.21
1222 0.03279734165349379 12.22
1223 0.03282451140525917 12.23
1224 0.03278073730317628 12.24
1225 0.03272616643800001 12.25
1226 0.03263851752582066 12.26
1227 0.0325022741789544 12.27
1228 0.03239055570215752 12.28
1229 0.03228380794767508 12.29
1230 0.03217825401616036 12.3
1231 0.03203258969549035 12.31
1232 0.03181809937176177 12.32
1233 0.03156740195129562 12.33
1234 0.0313980356386795 12.34
1235 0.03116111461477321 12.35
1236 0.03084695868518405 12.36
1237 0.03057979669759895 12.37
1238 0.03026415979525659 12.38
1239 0.03007036978077962 12.39
1240 0.0297733100135459 12.4
1241 0.02937450405140322 12.41
1242 0.02902930097266784 12.42
1243 0.02871003382155463 12.43
1244 0.02839502817342191 12.44
1245 0.02802334157177258 12.45
1246 0.02764076474240852 12.46
1247 0.02728826601035245 12.47
1248 0.02701175136962955 12.48
1249 0.02668167000521348 12.49
1250 0.0263988435892417 12.5
1251 0.02610381996913952 12.51
1252 0.02575778297098913 12.52
1253 0.02539596728417852 12.53
1254 0.02507158932476462 12.54
1255 0.0247230801416658 12.55
1256 0.02440722857273851 12.56
1257 0.02412085433417209 12.57
1258 0.02390820993411961 12.58
1259 0.02373741114185201 12.59
1260 0.02358417900007979 12.6
1261 0.02351593923493485 12.61
1262 0.02340951679221687 12.62
1263 0.0233751207682573 12.63
1264 0.0233279457152231 12.64
1265 0.02328445498745244 12.65
1266 0.02328874927791807 12.66
1267 0.02331972344520086 12.67
1268 0.02331250175671852 12.68
1269 0.0233968036976688 12.69
1270 0.0235677684645523 12.7
1271 0.02374847566273561 12.71
1272 0.02393228032370093 12.72
1273 0.02413341462263514 12.73
1274 0.02434223627475647 12.74
1275 0.02459046717572882 12.75
1276 0.02482055274557164 12.76
1277 0.02510953542111399 12.77
1278 0.02541704311135376 12.78
1279 0.02574402107033741 12.79
1280 0.02607067261719501 12.8
1281 0.02641816940140695 12.81
1282 0.02676730801865387 12.82
1283 0.02715960832803301 12.83
1284 0.02750593926437581 12.84
1285 0.027882819363363 12.85
1286 0.02831685291768197 12.86
1287 0.02875821162183552 12.87
1288 0.02923709033790536 12.88
1289 0.02976265072625971 12.89
1290 0.0303600752077842 12.9
1291 0.03095819493082119 12.91
1292 0.03154248375510794 12.92
1293 0.03240519634814371 12.93
1294 0.0331623430315071 12.94
1295 0.03398099285368963 12.95
1296 0.03467692616201103 12.96
1297 0.0353684858191794 12.97
1298 0.03607246464079035 12.98
1299 0.03670425571580203 12.99
1300 0.03741023871136222 13
1301 0.03811540644096677 13.01
1302 0.03873176020411862 13.02
1303 0.03940313930998939 13.03
1304 0.04013039780916449 13.04
1305 0.0408491631100944 13.05
1306 0.04153268184022169 13.06
1307 0.04216350210743335 13.07
1308 0.04278657077137161 13.08
1309 0.0434086606374661 13.09
1310 0.04397534483325773 13.1
1311 0.0445015583306479 13.11
1312 0.04484787212215256 13.12
1313 0.04529683713813404 13.13
1314 0.04561636746266507 13.14
1315 0.04591944705369698 13.15
1316 0.0461958652778157 13.16
1317 0.04647915274623162 13.17
1318 0.04669962303139751 13.18
1319 0.04693542934168062 13.19
1320 0.04719678451907405 13.2
1321 0.04741152808591184 13.21
1322 0.04769142818377905 13.22
1323 0.0480186135258007 13.23
1324 0.04838306025893634 13.24
1325 0.04861967992314505 13.25
1326 0.04881490040801165 13.26
1327 0.04898767924800387 13.27
1328 0.04910721846335794 13.28
1329 0.04922631610616481 13.29
1330 0.04929602808300346 13.3
1331 0.04931553156395079 13.31
1332 0.04935164784946092 13.32
1333 0.04943789106591744 13.33
1334 0.04949671378885219 13.34
1335 0.04954145241259993 13.35
1336 0.0496134356489048 13.36
1337 0.04960173335138278 13.37
1338 0.04954959291387858 13.38
1339 0.04955095936787256 13.39
1340 0.04959313158032688 13.4
1341 0.04962978868390119 13.41
1342 0.04953413302312296 13.42
1343 0.04942125939490807 13.43
1344 0.04938439373765092 13.44
1345 0.04928964538905716 13.45
1346 0.04900119046664266 13.46
1347 0.0487806029966248 13.47
1348 0.0486547478254579 13.48
1349 0.04853285737192474 13.49
1350 0.04837384998333107 13.5
1351 0.04823675200803491 13.51
1352 0.04807279338249734 13.52
1353 0.04792532507368275 13.53
1354 0.04784886778783076 13.54
1355 0.0477334332162431 13.55
1356 0.04771639624345295 13.56
1357 0.04763038663691953 13.57
1358 0.0474910797160731 13.58
1359 0.04736885657338069 13.59
1360 0.04723954677575076 13.6
1361 0.04713865415496694 13.61
1362 0.04697459231829652 13.62
1363 0.04671764675134587 13.63
1364 0.04657454679692238 13.64
1365 0.04649648342887645 13.65
1366 0.0465071688523063 13.66
1367 0.0464964177937425 13.67
1368 0.04655066928364911 13.68
1369 0.04660583068808501 13.69
1370 0.0466040753934987 13.7
1371 0.04654048334594372 13.71
1372 0.04645561543749057 13.72
1373 0.04632658553149106 13.73
1374 0.04622690918267749 13.74
1375 0.04618185642590198 13.75
1376 0.04606435313223185 13.76
1377 0.04596105215399503 13.77
1378 0.0458148244532422 13.78
1379 0.04577907444364999 13.79
1380 0.04571480341672344 13.8
1381 0.04559847467896735 13.81
1382 0.04543018837079996 13.82
1383 0.04524106819527658 13.83
1384 0.04508590206288202 13.84
1385 0.04486702499953592 13.85
1386 0.04465818523248117 13.86
1387 0.04439741531011671 13.87
1388 0.04414586417849913 13.88
1389 0.04386093270733044 13.89
1390 0.04359334878851891 13.9
1391 0.04333529641365478 13.91
1392 0.04306072448983773 13.92
1393 0.04274518314645371 13.93
1394 0.0424205732717872 13.94
1395 0.04210258301678269 13.95
1396 0.04178411165578894 13.96
1397 0.04145131405078798 13.97
1398 0.04111081657974588 13.98
1399 0.04078998184322769 13.99
1400 0.04035990789002949 14
1401 0.039950713331324 14.01
1402 0.03947298370592658 14.02
1403 0.03913072231274373 14.03
1404 0.03861342342777115 14.04
1405 0.03816616767858179 14.05
1406 0.03780913040624183 14.06
1407 0.03742859985992843 14.07
1408 0.03708725094712104 14.08
1409 0.03670636274936141 14.09
1410 0.03637315180655645 14.1
1411 0.03602196817628596 14.11
1412 0.03568704693979288 14.12
1413 0.03535777629200636 14.13
1414 0.03496546628303208 14.14
1415 0.03465919142522796 14.15
1416 0.03412248252267693 14.16
1417 0.03382006852882771 14.17
1418 0.03349010617456449 14.18
1419 0.03317082965939071 14.19
1420 0.03285184974228823 14.2
1421 0.03263645702653462 14.21
1422 0.03239235948479662 14.22
1423 0.03216650662915648 14.23
1424 0.03190844534776451 14.24
1425 0.03167287689659065 14.25
1426 0.03137033843772692 14.26
1427 0.03110809224932171 14.27
1428 0.0309140671892858 14.28
1429 0.03079213911069873 14.29
1430 0.03073678670183133 14.3
1431 0.03059037820687907 14.31
1432 0.03068013789917364 14.32
1433 0.03054991577505512 14.33
1434 0.0304026422739903 14.34
1435 0.03022970810027371 14.35
1436 0.02997434688993625 14.36
1437 0.02985231890564802 14.37
1438 0.02980094707351365 14.38
1439 0.02981036066169281 14.39
1440 0.02999266797240528 14.4
1441 0.03014542136924287 14.41
1442 0.0301901295889903 14.42
1443 0.03013346209647855 14.43
1444 0.03013522109855489 14.44
1445 0.03004064800544012 14.45
1446 0.03009190433722311 14.46
1447 0.03013896652330439 14.47
1448 0.03016025759677229 14.48
1449 0.03012950101274835 14.49
1450 0.03011235258178972 14.5
1451 0.03016137785471754 14.51
1452 0.03036506932534383 14.52
1453 0.03046072657628017 14.53
1454 0.03056407484197782 14.54
1455 0.03072291339507506 14.55
1456 0.03078296784256923 14.56
1457 0.03085301955291085 14.57
1458 0.0309175382055403 14.58
1459 0.03096803701828993 14.59
1460 0.03102788760607001 14.6
1461 0.0311616849220736 14.61
1462 0.031191110532437 14.62
1463 0.03123071727493988 14.63
1464 0.03129043871342586 14.64
1465 0.03136319592387626 14.65
1466 0.03148157299304678 14.66
1467 0.03157379937863248 14.67
1468 0.03172187342956836 14.68
1469 0.03181536788246948 14.69
1470 0.03189444780918085 14.7
1471 0.03197929884112499 14.71
1472 0.03205714480144957 14.72
1473 0.03202581844235729 14.73
1474 0.03200874921611774 14.74
1475 0.03198574321794569 14.75
1476 0.03196917916465902 14.76
1477 0.03184908413809114 14.77
1478 0.03176246261140651 14.78
1479 0.03161789636452818 14.79
1480 0.03142693350572191 14.8
1481 0.03124315189772778 14.81
1482 0.03104432540204922 14.82
1483 0.0308545951998904 14.83
1484 0.03061170454039342 14.84
1485 0.03038356119101358 14.85
1486 0.03011143988307638 14.86
1487 0.02991369716038998 14.87
1488 0.02966320692956249 14.88
1489 0.0294404378277153 14.89
1490 0.02925655404050054 14.9
1491 0.02907632092483779 14.91
1492 0.02874752116839875 14.92
1493 0.02850856960040015 14.93
1494 0.02829330653183116 14.94
1495 0.02803616391296484 14.95
1496 0.0277459543693453 14.96
1497 0.02752253505091923 14.97
1498 0.02729372327804393 14.98
1499 0.02714584701850623 14.99
1500 0.02696634634379026 15
1501 0.02671877850699785 15.01
1502 0.02656117897513749 15.02
1503 0.02635498704743332 15.03
1504 0.02613612820357342 15.04
1505 0.02601867165591457 15.05
1506 0.02593211821786208 15.06
1507 0.02581830560002981 15.07
1508 0.02569204909900228 15.08
1509 0.02558507107055209 15.09
1510 0.02547624818961807 15.1
1511 0.02539042868713163 15.11
1512 0.02530367843365838 15.12
1513 0.02520367671320559 15.13
1514 0.02509159709076482 15.14
1515 0.02500103804786364 15.15
1516 0.02494788609140428 15.16
1517 0.02494358840418907 15.17
1518 0.02493606636589289 15.18
1519 0.02487675785464933 15.19
1520 0.02485829358179176 15.2
1521 0.02491915475043793 15.21
1522 0.02490749715408878 15.22
1523 0.02489585780013762 15.23
1524 0.02490308273020912 15.24
1525 0.02486902951890549 15.25
1526 0.02489397667094646 15.26
1527 0.02493522611159538 15.27
1528 0.02501205634679162 15.28
1529 0.02510474011519873 15.29
1530 0.02517630437450279 15.3
1531 0.02527731355782933 15.31
1532 0.02541240161919456 15.32
1533 0.02552586294632376 15.33
1534 0.02564949684152644 15.34
1535 0.02576583841326201 15.35
1536 0.02589307228604531 15.36
1537 0.02603248059629912 15.37
1538 0.02614785555868719 15.38
1539 0.02628244174812471 15.39
1540 0.02644448858667548 15.4
1541 0.02665434601514397 15.41
1542 0.02683593075029311 15.42
1543 0.02703297924956677 15.43
1544 0.02727707374806273 15.44
1545 0.02752327754029553 15.45
1546 0.02774891148035569 15.46
1547 0.02798976683160374 15.47
1548 0.02820021751307868 15.48
1549 0.02841076093693616 15.49
1550 0.02864650546628378 15.5
1551 0.02892460567867246 15.51
1552 0.02921306009001531 15.52
1553 0.02952269304604276 15.53
1554 0.02985354583350082 15.54
1555 0.03020426197846233 15.55
1556 0.03060342112729796 15.56
1557 0.03098714976904562 15.57
1558 0.03136698189535804 15.58
1559 0.03176977339380799 15.59
1560 0.03216962691661556 15.6
1561 0.03251854306641911 15.61
1562 0.03283736150000251 15.62
1563 0.03320818020933886 15.63
1564 0.03358203186697043 15.64
1565 0.03399891372723392 15.65
1566 0.03455255492841797 15.66
1567 0.03504771736562249 15.67
1568 0.03555808030390772 15.68
1569 0.03603109923172528 15.69
1570 0.03643775176593556 15.7
1571 0.0367997257657974 15.71
1572 0.03713823725561678 15.72
1573 0.03741844719606348 15.73
1574 0.03773667258049938 15.74
1575 0.03801516691176887 15.75
1576 0.03826054172242056 15.76
1577 0.03856734331339995 15.77
1578 0.03885326365881454 15.78
1579 0.03911099079855076 15.79
1580 0.03932667623735734 15.8
1581 0.03950491310095612 15.81
1582 0.03964503913866073 15.82
1583 0.03982927883673706 15.83
1584 0.040024888837454 15.84
1585 0.04014954546189405 15.85
1586 0.04033262416431659 15.86
1587 0.04039415880498177 15.87
1588 0.04053989556668786 15.88
1589 0.0406635796803189 15.89
1590 0.0406960952907361 15.9
1591 0.04075109979299356 15.91
1592 0.04076341425640231 15.92
1593 0.04082903987510475 15.93
1594 0.04082727631007373 15.94
1595 0.04085009632136885 15.95
1596 0.04074184576224559 15.96
1597 0.04075060005910082 15.97
1598 0.04071009996396305 15.98
1599 0.04061477781999609 15.99
1600 0.04055050015651907 16
1601 0.0404256866240124 16.01
1602 0.04032651972355673 16.02
1603 0.04023215110915061 16.03
1604 0.04013771023329771 16.04
1605 0.04000051510524744 16.05
1606 0.03985432623878197 16.06
1607 0.03977008834740419 16.07
1608 0.03963207138383992 16.08
1609 0.03945422880370247 16.09
1610 0.03933071317710901 16.1
1611 0.03917732525698736 16.11
1612 0.03905771809928193 16.12
1613 0.03895636644919169 16.13
1614 0.03882189994386502 16.14
1615 0.03867908587938199 16.15
1616 0.03856397495117664 16.16
1617 0.03840180756179035 16.17
1618 0.0382742903206521 16.18
1619 0.03815244759679107 16.19
1620 0.03801495262921353 16.2
1621 0.03783522942781082 16.21
1622 0.03773202807302778 16.22
1623 0.03765601186697696 16.23
1624 0.03751881847087795 16.24
1625 0.03736367138267657 16.25
1626 0.03715084924494189 16.26
1627 0.0369272984111651 16.27
1628 0.03664973380630681 16.28
1629 0.03643414027899668 16.29
1630 0.03623696155365785 16.3
1631 0.03599592731118511 16.31
1632 0.03585999095913769 16.32
1633 0.03569059582753067 16.33
1634 0.03539080387877652 16.34
1635 0.03526557114060791 16.35
1636 0.0349508542087639 16.36
1637 0.03466008302995507 16.37
1638 0.0343232984290542 16.38
1639 0.03405487947710967 16.39
1640 0.03387913475298556 16.4
1641 0.03364247081170112 16.41
1642 0.03346523394936415 16.42
1643 0.03332625964321492 16.43
1644 0.03317263549248328 16.44
1645 0.03311627109713638 16.45
1646 0.03298667831092428 16.46
1647 0.03283634592020703 16.47
1648 0.03270429452913338 16.48
1649 0.03239291456850551 16.49
1650 0.03213010676578641 16.5
1651 0.03187010636382561 16.51
1652 0.03168080635788708 16.52
1653 0.031539875005633 16.53
1654 0.031365155588145 16.54
1655 0.03117853621183351 16.55
1656 0.0309989458597362 16.56
1657 0.03067372928584931 16.57
1658 0.03049138483060363 16.58
1659 0.03032334289336203 16.59
1660 0.03002485932840152 16.6
1661 0.02977317790481843 16.61
1662 0.02951478928728666 16.62
1663 0.02927498011075687 16.63
1664 0.02909205499282026 16.64
1665 0.02888100639842246 16.65
1666 0.02863767868739535 16.66
1667 0.02841820202205005 16.67
1668 0.0282404204015888 16.68
1669 0.02805837496206925 16.69
1670 0.02794162358889964 16.7
1671 0.02775824969272577 16.71
1672 0.0276585271297202 16.72
1673 0.02763510219975819 16.73
1674 0.02755695210636037 16.74
1675 0.02743215182255373 16.75
1676 0.02740979444911797 16.76
1677 0.02732227614506247 16.77
1678 0.02729294521648594 16.78
1679 0.02747570150929949 16.79
1680 0.02748325347648824 16.8
1681 0.02748898247408247 16.81
1682 0.02758475835531042 16.82
1683 0.02773239564283365 16.83
1684 0.02778758902648138 16.84
1685 0.02795201051857806 16.85
1686 0.02806244470663691 16.86
1687 0.02834349115687628 16.87
1688 0.02845243533027342 16.88
1689 0.02870381815699897 16.89
1690 0.02904818125164081 16.9
1691 0.02943354532239269 16.91
1692 0.02976020180137044 16.92
1693 0.0300961497436453 16.93
1694 0.03036343677706264 16.94
1695 0.03067883905639969 16.95
1696 0.03099501417091233 16.96
1697 0.03140792861349372 16.97
1698 0.03166791391740242 16.98
1699 0.0320174785569305 16.99
1700 0.03231586790413748 17
1701 0.03272991842260735 17.01
1702 0.03305539542907408 17.02
1703 0.03349778162289616 17.03
1704 0.03379522543886444 17.04
1705 0.03402862653721526 17.05
1706 0.03424591666132529 17.06
1707 0.03444822199498672 17.07
1708 0.03463317435721673 17.08
1709 0.03487522892858491 17.09
1710 0.03525610889840652 17.1
1711 0.03555884352221202 17.11
1712 0.03584211958702205 17.12
1713 0.03603781311549865 17.13
1714 0.03635062700334688 17.14
1715 0.03662969753855887 17.15
1716 0.03690110637667973 17.16
1717 0.03707811574325005 17.17
1718 0.03718721439710169 17.18
1719 0.03729580742582289 17.19
1720 0.03741499232381729 17.2
1721 0.03747726664960183 17.21
1722 0.03750179413676567 17.22
1723 0.03758634230366178 17.23
1724 0.03770668285390274 17.24
1725 0.03780820027999341 17.25
1726 0.0378954479428297 17.26
1727 0.03801298871049958 17.27
1728 0.03806921246482012 17.28
1729 0.03812337932583441 17.29
1730 0.03809952929526015 17.3
1731 0.03801497906870808 17.31
1732 0.03791738055407563 17.32
1733 0.03788592658077498 17.33
1734 0.03782876643165694 17.34
1735 0.03759235253683443 17.35
1736 0.03746681105904896 17.36
1737 0.03736788913467579 17.37
1738 0.03714602909011733 17.38
1739 0.03697155600205985 17.39
1740 0.0366519457844525 17.4
1741 0.03640478322991545 17.41
1742 0.0361610575239635 17.42
1743 0.03590169307037089 17.43
1744 0.03560489652109337 17.44
1745 0.03537866595566472 17.45
1746 0.03508290096058653 17.46
1747 0.03477071655243257 17.47
1748 0.03445074181609611 17.48
1749 0.03414277788194132 17.49
1750 0.03377737651245694 17.5
1751 0.03344517826147297 17.51
1752 0.0331316914244199 17.52
1753 0.03278085372468988 17.53
1754 0.03245962887983855 17.54
1755 0.03203099980403615 17.55
1756 0.03160497629455318 17.56
1757 0.03114383202828331 17.57
1758 0.03068971622186828 17.58
1759 0.03024813232473537 17.59
1760 0.02977711549155745 17.6
1761 0.02928907998831498 17.61
1762 0.02881299986215832 17.62
1763 0.02840777808364889 17.63
1764 0.02790360047376035 17.64
1765 0.02748481286429218 17.65
1766 0.02701134310905859 17.66
1767 0.02667250333687797 17.67
1768 0.02625943312491318 17.68
1769 0.02591412171734805 17.69
1770 0.02555850452737875 17.7
1771 0.02524652945013202 17.71
1772 0.02488131012988122 17.72
1773 0.0245518624466516 17.73
1774 0.02422426295939272 17.74
1775 0.02390010714630782 17.75
1776 0.02358262904394617 17.76
1777 0.0233585905643575 17.77
1778 0.02317846777196035 17.78
1779 0.02295767945890253 17.79
1780 0.02277383782488099 17.8
1781 0.0226639395225225 17.81
1782 0.02261338697712796 17.82
1783 0.02258056165081674 17.83
1784 0.02255708832203224 17.84
1785 0.0225401977244007 17.85
1786 0.02254968212487644 17.86
1787 0.02256467243939148 17.87
1788 0.02258134924227657 17.88
1789 0.02266301151489872 17.89
1790 0.02271981446982151 17.9
1791 0.0228234273880816 17.91
1792 0.0229015448369221 17.92
1793 0.02302910344781681 17.93
1794 0.02319836149016132 17.94
1795 0.02338293753420553 17.95
1796 0.02365452157258156 17.96
1797 0.02381546883006683 17.97
1798 0.02413466016776215 17.98
1799 0.02439377307388541 17.99
1800 0.02475559099659043 18
1801 0.02499515766755533 18.01
1802 0.02530984020621229 18.02
1803 0.02565233218026036 18.03
1804 0.02594201178560199 18.04
1805 0.02628199625999297 18.05
1806 0.02658275878644075 18.06
1807 0.0269230836117104 18.07
1808 0.02726039976130978 18.08
1809 0.02754548009218206 18.09
1810 0.02800161910135964 18.1
1811 0.02847115429775 18.11
1812 0.02880628366647986 18.12
1813 0.02938847411033263 18.13
1814 0.02970562097883287 18.14
1815 0.03040583432672853 18.15
1816 0.03094422260989295 18.16
1817 0.03143547725397209 18.17
1818 0.03200619224872335 18.18
1819 0.03258577463512712 18.19
1820 0.03315894546628063 18.2
1821 0.03379720609307101 18.21
1822 0.03438157687857513 18.22
1823 0.03501860709835287 18.23
1824 0.03558811455129072 18.24
1825 0.03615052655600627 18.25
1826 0.0367782561662259 18.26
1827 0.03739276578110699 18.27
1828 0.03811753347479246 18.28
1829 0.03859385989783992 18.29
1830 0.03919389205331201 18.3
1831 0.03973261892883225 18.31
1832 0.04029816518837171 18.32
1833 0.04085554304912658 18.33
1834 0.0412881309441137 18.34
1835 0.041776955198953 18.35
1836 0.04221968768222718 18.36
1837 0.04262603652571871 18.37
1838 0.04313988434021943 18.38
1839 0.04343787786793871 18.39
1840 0.04365689935038023 18.4
1841 0.04389735000541905 18.41
1842 0.04419426150676614 18.42
1843 0.04450289158454561 18.43
1844 0.04471539142915222 18.44
1845 0.04486816007819727 18.45
1846 0.04510961574710039 18.46
1847 0.04524738009569428 18.47
1848 0.04542838944944241 18.48
1849 0.04558757642234958 18.49
1850 0.04563427912256986 18.5
1851 0.0456555603093409 18.51
1852 0.04562013601917059 18.52
1853 0.04550968860815277 18.53
1854 0.04554231095859307 18.54
1855 0.04549553653891614 18.55
1856 0.04549413275700745 18.56
1857 0.04549747579292719 18.57
1858 0.04551444261450979 18.58
1859 0.04540179028979829 18.59
1860 0.04517774588052719 18.6
1861 0.04504672288079433 18.61
1862 0.0448310236636159 18.62
1863 0.04468404508877957 18.63
1864 0.0444295008193466 18.64
1865 0.04426809302771017 18.65
1866 0.04406028220906995 18.66
1867 0.04388241027080936 18.67
1868 0.04363016390914692 18.68
1869 0.04333364810236606 18.69
1870 0.04307546595946853 18.7
1871 0.04290029249579443 18.71
1872 0.04262599169112983 18.72
1873 0.04235518326322364 18.73
1874 0.0420888590171918 18.74
1875 0.04183894483023657 18.75
1876 0.04155738315764282 18.76
1877 0.04135283903733801 18.77
1878 0.04114757094765308 18.78
1879 0.04089983867989463 18.79
1880 0.04069680934518322 18.8
1881 0.04042110980563828 18.81
1882 0.04013170351591382 18.82
1883 0.03984757332677733 18.83
1884 0.03950604367492837 18.84
1885 0.03928835745094766 18.85
1886 0.03905300376500336 18.86
1887 0.03877099175958864 18.87
1888 0.03855919540198724 18.88
1889 0.03829551700797742 18.89
1890 0.03813901906020066 18.9
1891 0.03791292868072503 18.91
1892 0.03762054041025826 18.92
1893 0.03735707838315075 18.93
1894 0.03700571977322263 18.94
1895 0.03680706226526208 18.95
1896 0.03660719326579168 18.96
1897 0.03639454120089319 18.97
1898 0.03622030663711313 18.98
1899 0.03607084136075946 18.99
1900 0.03586355862945184 19
1901 0.03565281981622973 19.01
1902 0.03548265527155128 19.02
1903 0.03527323381120922 19.03
1904 0.03501899916045476 19.04
1905 0.03486111826130114 19.05
1906 0.03466296020775899 19.06
1907 0.0345065605288824 19.07
1908 0.03432162208620283 19.08
1909 0.03416221145047545 19.09
1910 0.03404610339783962 19.1
1911 0.03392415719932233 19.11
1912 0.03375541363873598 19.12
1913 0.03363038356004817 19.13
1914 0.03356074222227338 19.14
1915 0.03349938648597073 19.15
1916 0.0333401137640108 19.16
1917 0.03321308631553301 19.17
1918 0.03304465672909806 19.18
1919 0.03288727648809988 19.19
1920 0.03273404523860837 19.2
1921 0.03259169816140312 19.21
1922 0.03243577556668929 19.22
1923 0.03230984852153445 19.23
1924 0.03218124415530854 19.24
1925 0.03203997428443225 19.25
1926 0.03192042934902884 19.26
1927 0.03180445990603118 19.27
1928 0.0316732478680763 19.28
1929 0.0315154674859429 19.29
1930 0.03134178538399737 19.3
1931 0.03118449631268844 19.31
1932 0.03109025008060235 19.32
1933 0.0310250870839779 19.33
1934 0.03093479625373083 19.34
1935 0.03084177670446434 19.35
1936 0.03076399971396835 19.36
1937 0.03061206025830597 19.37
1938 0.03047694380023757 19.38
1939 0.03036192263106166 19.39
1940 0.03022728312065405 19.4
1941 0.03014014319729497 19.41
1942 0.03000073274526301 19.42
1943 0.0299143411441907 19.43
1944 0.02974116664423036 19.44
1945 0.02963537250447764 19.45
1946 0.02956767544881216 19.46
1947 0.02942383718909846 19.47
1948 0.02931703610996581 19.48
1949 0.02920883635381499 19.49
1950 0.02916940661564633 19.5
1951 0.02915105161947332 19.51
1952 0.02909578619938253 19.52
1953 0.02901342598983219 19.53
1954 0.02896258054218319 19.54
1955 0.02881104687840859 19.55
1956 0.02878299697314755 19.56
1957 0.02863495221934048 19.57
1958 0.02857964520248951 19.58
1959 0.0284341058614314 19.59
1960 0.02832384370966979 19.6
1961 0.02820299780131633 19.61
1962 0.02811169979873132 19.62
1963 0.0281024757592388 19.63
1964 0.02808085916106896 19.64
1965 0.02808015595867695 19.65
1966 0.02801803139833253 19.66
1967 0.02802013150088661 19.67
1968 0.02795297340320467 19.68
1969 0.02794142104464539 19.69
1970 0.02794961801244215 19.7
1971 0.02793440838733308 19.71
1972 0.02786381308714475 19.72
1973 0.02786007776706297 19.73
1974 0.02786177581837371 19.74
1975 0.02787246972301012 19.75
1976 0.02793152835415631 19.76
1977 0.02798012663430426 19.77
1978 0.02800647067437069 19.78
1979 0.02798848614263743 19.79
1980 0.02798525329443816 19.8
1981 0.02800805664716414 19.81
1982 0.0280072155320877 19.82
1983 0.02805949837516863 19.83
1984 0.02804503942318195 19.84
1985 0.02811669367784487 19.85
1986 0.02812350080442 19.86
1987 0.02813421289789198 19.87
1988 0.02818412246225252 19.88
1989 0.02827911976514966 19.89
1990 0.02831839646672512 19.9
1991 0.02831341854045603 19.91
1992 0.02825977474872157 19.92
1993 0.0282437372249225 19.93
1994 0.02820496982797975 19.94
1995 0.02818629469651787 19.95
1996 0.02826181762114973 19.96
1997 0.02821697448610065 19.97
1998 0.02826247485946445 19.98
1999 0.02825241410716938 19.99
2000 0.02823163128550513 20
2001 0.02827650074893013 20.01
2002 0.02835190457140538 20.02
2003 0.02832456715362185 20.03
2004 0.02827098375719388 20.04
2005 0.02819109652282989 20.05
2006 0.02809931496149232 20.06
2007 0.02799716381687254 20.07
2008 0.02797376483591687 20.08
2009 0.02792792495496048 20.09
2010 0.02792658373840695 20.1
2011 0.02791141930766755 20.11
2012 0.02785512807379376 20.12
2013 0.02783010524803537 20.13
2014 0.02775223307876572 20.14
2015 0.02767333896906964 20.15
2016 0.02757352569202198 20.16
2017 0.02745206021013439 20.17
2018 0.02736052841753427 20.18
2019 0.02725466420341566 20.19
2020 0.02710832919717165 20.2
2021 0.0269939793018757 20.21
2022 0.02688407681002076 20.22
2023 0.02677538571985149 20.23
2024 0.0266470085366088 20.24
2025 0.02653300314969068 20.25
2026 0.02649833886448707 20.26
2027 0.02639239581053714 20.27
2028 0.02633121967442768 20.28
2029 0.02622284142268152 20.29
2030 0.02613052340452668 20.3
2031 0.02605720245007295 20.31
2032 0.0260194533345915 20.32
2033 0.02600886785832909 20.33
2034 0.02595587652689125 20.34
2035 0.02591507644237827 20.35
2036 0.02586510114273884 20.36
2037 0.02582738450692621 20.37
2038 0.02585058954937723 20.38
2039 0.02585409521723695 20.39
2040 0.02585161730173799 20.4
2041 0.0258102780808544 20.41
2042 0.02578425547485702 20.42
2043 0.02575510452073368 20.43
2044 0.02574822269459349 20.44
2045 0.02569676856067259 20.45
2046 0.02569968196527425 20.46
2047 0.02570039000334997 20.47
2048 0.02571827853758458 20.48
2049 0.02579741028370197 20.49
2050 0.02584802529747728 20.5
2051 0.02595595301054822 20.51
2052 0.02608867673147364 20.52
2053 0.02617578807503057 20.53
2054 0.02622352190668547 20.54
2055 0.02626994074200921 20.55
2056 0.02633533487157654 20.56
2057 0.02652392470549905 20.57
2058 0.02659594415623854 20.58
2059 0.02676220848883863 20.59
2060 0.02701943809178783 20.6
2061 0.02720067325820875 20.61
2062 0.0273886433767209 20.62
2063 0.02769137524509009 20.63
2064 0.02791839186203198 20.64
2065 0.02820567133780529 20.65
2066 0.02843844371527373 20.66
2067 0.02870731304986422 20.67
2068 0.0289179315759452 20.68
2069 0.02910902683062206 20.69
2070 0.02940246463441026 20.7
2071 0.02974273442378422 20.71
2072 0.03001468324887798 20.72
2073 0.03030969371157849 20.73
2074 0.03066303703295856 20.74
2075 0.03102605690079111 20.75
2076 0.03139535837306481 20.76
2077 0.031709147528436 20.77
2078 0.03207169690455836 20.78
2079 0.03232677610000811 20.79
2080 0.03258048204816287 20.8
2081 0.03283687075498195 20.81
2082 0.03316560908930877 20.82
2083 0.0334191676873247 20.83
2084 0.03375674328194244 20.84
2085 0.03403437022950537 20.85
2086 0.03428562601415018 20.86
2087 0.03458069232496984 20.87
2088 0.03479264066983925 20.88
2089 0.03499583640617757 20.89
2090 0.03523963971831432 20.9
2091 0.03530374088063859 20.91
2092 0.03539726792536611 20.92
2093 0.03549730267295926 20.93
2094 0.03563518731984511 20.94
2095 0.03567740265208436 20.95
2096 0.03571097772069144 20.96
2097 0.035734216100526 20.97
2098 0.03576649130166572 20.98
2099 0.03583768269449834 20.99
2100 0.03589071272868174 21
2101 0.03587253358163393 21.01
2102 0.03582018710219102 21.02
2103 0.03576959165351733 21.03
2104 0.03583195064765159 21.04
2105 0.03575437751017646 21.05
2106 0.03566623499211809 21.06
2107 0.03556987980511533 21.07
2108 0.03549036127800949 21.08
2109 0.03535372809371633 21.09
2110 0.03528026948212745 21.1
2111 0.03512119394451457 21.11
2112 0.03503965691248215 21.12
2113 0.03481313424120793 21.13
2114 0.03467690445710003 21.14
2115 0.03445186277907115 21.15
2116 0.03435793948326115 21.16
2117 0.03419171803218676 21.17
2118 0.03407157725447222 21.18
2119 0.03400420312018622 21.19
2120 0.03377915100879996 21.2
2121 0.0335694091476095 21.21
2122 0.03330375189895186 21.22
2123 0.03312397209715942 21.23
2124 0.03293616053897641 21.24
2125 0.03276506329299658 21.25
2126 0.03263503715450942 21.26
2127 0.03253891451214554 21.27
2128 0.03239394997191924 21.28
2129 0.03238843920454611 21.29
2130 0.0323137062275753 21.3
2131 0.03223998383672229 21.31
2132 0.03213101803171364 21.32
2133 0.03213028918087889 21.33
2134 0.03209051076122375 21.34
2135 0.03206418860334467 21.35
2136 0.03196968921810293 21.36
2137 0.03193775084822904 21.37
2138 0.03189298616906742 21.38
2139 0.03187684679480397 21.39
2140 0.03186506330323986 21.4
2141 0.03187695235320757 21.41
2142 0.03183351213922123 21.42
2143 0.03191889644490819 21.43
2144 0.03193622721613883 21.44
2145 0.03193700374809715 21.45
2146 0.03195884261078248 21.46
2147 0.03194721924806013 21.47
2148 0.0319341777846545 21.48
2149 0.03186124816216346 21.49
2150 0.03176339285156193 21.5
2151 0.03170709096334075 21.51
2152 0.03161352317096609 21.52
2153 0.03154539879850422 21.53
2154 0.03139329118384081 21.54
2155 0.03131049323256497 21.55
2156 0.03126377292213096 21.56
2157 0.03126104928011107 21.57
2158 0.0312598783918054 21.58
2159 0.03111438213396336 21.59
2160 0.0309722532173409 21.6
2161 0.03088728133458719 21.61
2162 0.03077879162453811 21.62
2163 0.03062192807007253 21.63
2164 0.03048756856194458 21.64
2165 0.03030957693777297 21.65
2166 0.03027356808554528 21.66
2167 0.03011358250814073 21.67
2168 0.02995413903551388 21.68
2169 0.02978602267704442 21.69
2170 0.02963356860227697 21.7
2171 0.02949951738156431 21.71
2172 0.02940928677538754 21.72
2173 0.0291791165914869 21.73
2174 0.02892253333459479 21.74
2175 0.02878561216781076 21.75
2176 0.02855109259353464 21.76
2177 0.02827691839997313 21.77
2178 0.02807676163996658 21.78
2179 0.02786478208970208 21.79
2180 0.02772290693578176 21.8
2181 0.0277148403496041 21.81
2182 0.0275067400900314 21.82
2183 0.02742175611286287 21.83
2184 0.02724860176772106 21.84
2185 0.02695794503645665 21.85
2186 0.02676237978124597 21.86
2187 0.02658245869338051 21.87
2188 0.02644906179451913 21.88
2189 0.02629785426541019 21.89
2190 0.02610031208853052 21.9
2191 0.02598970181588122 21.91
2192 0.02598469286165111 21.92
2193 0.02591446168553118 21.93
2194 0.02589805190822772 21.94
2195 0.02593725139444438 21.95
2196 0.02592282179880847 21.96
2197 0.02602795528325541 21.97
2198 0.02602545351427384 21.98
2199 0.02611529010939618 21.99
2200 0.02631126357040993 22
2201 0.0265073451602552 22.01
2202 0.02672410205590934 22.02
2203 0.02692067035747467 22.03
2204 0.02705531560317204 22.04
2205 0.02724309971550243 22.05
2206 0.02752294395813483 22.06
2207 0.02782337092288552 22.07
2208 0.02811198722342801 22.08
2209 0.02839975429803786 22.09
2210 0.02876238633911175 22.1
2211 0.02907120340495918 22.11
2212 0.02930806970815297 22.12
2213 0.02971881559203395 22.13
2214 0.02993220699864483 22.14
2215 0.03009597841390797 22.15
2216 0.03035466557934937 22.16
2217 0.03062150184911789 22.17
2218 0.0309951648122307 22.18
2219 0.03136680901410512 22.19
2220 0.03170354789849306 22.2
2221 0.03198266999315323 22.21
2222 0.03212803069571071 22.22
2223 0.03230982195915263 22.23
2224 0.03242449479322386 22.24
2225 0.03247264991882072 22.25
2226 0.03257647576911412 22.26
2227 0.03261344548756645 22.27
2228 0.03263493071921917 22.28
2229 0.03268351453879444 22.29
2230 0.03272150867391373 22.3
2231 0.03282309536608917 22.31
2232 0.03288027389562823 22.32
2233 0.0329339538059386 22.33
2234 0.03304416302380135 22.34
2235 0.03303387711303409 22.35
2236 0.0329670681663348 22.36
2237 0.0328434944713418 22.37
2238 0.03272379528752604 22.38
2239 0.0325414745972846 22.39
2240 0.03232827354464749 22.4
2241 0.03211096907867411 22.41
2242 0.03186464737844164 22.42
2243 0.03155616575522094 22.43
2244 0.0313070845796786 22.44
2245 0.03121338214383757 22.45
2246 0.03102252344963927 22.46
2247 0.03086942670596852 22.47
2248 0.03074217817846234 22.48
2249 0.0306115581225278 22.49
2250 0.03050497684529845 22.5
2251 0.03042557196925871 22.51
2252 0.03033361960951813 22.52
2253 0.03020246898684218 22.53
2254 0.03001410431076171 22.54
2255 0.02986948066298839 22.55
2256 0.02971224218020916 22.56
2257 0.02950190421870205 22.57
2258 0.02928021360325711 22.58
2259 0.02906558036213464 22.59
2260 0.0288733729824332 22.6
2261 0.02870882345655996 22.61
2262 0.02852162712793873 22.62
2263 0.028372214951143 22.63
2264 0.02826646321370666 22.64
2265 0.02811852647378217 22.65
2266 0.02796689246545716 22.66
2267 0.02783001700084034 22.67
2268 0.02769096005135597 22.68
2269 0.02751843901632112 22.69
2270 0.02738199967503698 22.7
2271 0.02729937949840337 22.71
2272 0.02714759370222815 22.72
2273 0.0269725031779896 22.73
2274 0.02677472833014395 22.74
2275 0.02655197183926093 22.75
2276 0.0263190330042417 22.76
2277 0.0262068596206171 22.77
2278 0.02609987456663897 22.78
2279 0.0259097313978439 22.79
2280 0.02582384794341422 22.8
2281 0.02575523607381133 22.81
2282 0.02569494177095587 22.82
2283 0.02559280084542387 22.83
2284 0.02547606474765355 22.84
2285 0.02531147029244802 22.85
2286 0.02515529020501277 22.86
2287 0.02504774350912905 22.87
2288 0.02493352785232431 22.88
2289 0.02473897541835397 22.89
2290 0.0244880315135739 22.9
2291 0.02436598383853414 22.91
2292 0.02419348821094021 22.92
2293 0.02409472413029517 22.93
2294 0.02398791942709213 22.94
2295 0.02389585646315945 22.95
2296 0.02375461386282639 22.96
2297 0.02364083479406558 22.97
2298 0.02350212512564476 22.98
2299 0.02337720284296949 22.99
2300 0.02330456519306559 23
2301 0.02319799157429562 23.01
2302 0.02312365124539215 23.02
2303 0.02311418351278832 23.03
2304 0.02310672538262929 23.04
2305 0.02310935111608295 23.05
2306 0.02311180861302489 23.06
2307 0.0232089236817734 23.07
2308 0.02325741626028695 23.08
2309 0.02333946732419472 23.09
2310 0.02340279903443645 23.1
2311 0.02344058314626427 23.11
2312 0.02350735129780782 23.12
2313 0.02364209246849034 23.13
2314 0.02379982040367726 23.14
2315 0.02402025246321345 23.15
2316 0.02426349877999148 23.16
2317 0.0244329270885259 23.17
2318 0.024610309083212 23.18
2319 0.02482287079214538 23.19
2320 0.02508243892137372 23.2
2321 0.02543351215375007 23.21
2322 0.02581160926226297 23.22
2323 0.02608941666237737 23.23
2324 0.02637646536513571 23.24
2325 0.02668989133423155 23.25
2326 0.02698566243620235 23.26
2327 0.02723664841203236 23.27
2328 0.02751001131493174 23.28
2329 0.02784528622816475 23.29
2330 0.02818575346953947 23.3
2331 0.0284644528958536 23.31
2332 0.02877305433954033 23.32
2333 0.02900543127835798 23.33
2334 0.02927086164953631 23.34
2335 0.02957555705354782 23.35
2336 0.02987650815451589 23.36
2337 0.03016071683045625 23.37
2338 0.03046029285428757 23.38
2339 0.03077464070151509 23.39
2340 0.03095532736019537 23.4
2341 0.03111964635464281 23.41
2342 0.03115229355570124 23.42
2343 0.03116109258639508 23.43
2344 0.03123086864184653 23.44
2345 0.03129993655838294 23.45
2346 0.03133985936869212 23.46
2347 0.03130937911277348 23.47
2348 0.03136706444727189 23.48
2349 0.0314501417389951 23.49
2350 0.03147050371508781 23.5
2351 0.03144429566604658 23.51
2352 0.03139326808597351 23.52
2353 0.0313151985861783 23.53
2354 0.03127535433479841 23.54
2355 0.03117109712984392 23.55
2356 0.03101685835654041 23.56
2357 0.03091047154262262 23.57
2358 0.03077032873561304 23.58
2359 0.03059834129078545 23.59
2360 0.03053652005674736 23.6
2361 0.03060045510516269 23.61
2362 0.03048018879202027 23.62
2363 0.03032394859855997 23.63
2364 0.03017827455315435 23.64
2365 0.03003321234495628 23.65
2366 0.02991713311013978 23.66
2367 0.02983361401183734 23.67
2368 0.02984471223292284 23.68
2369 0.02977286661080966 23.69
2370 0.02968267528094072 23.7
2371 0.02957215408645781 23.71
2372 0.02946970625966734 23.72
2373 0.02940571464298468 23.73
2374 0.02935097501696858 23.74
2375 0.02933323376176912 23.75
2376 0.02924321169879915 23.76
2377 0.02919309027094246 23.77
2378 0.02904068472586331 23.78
2379 0.02887504744205724 23.79
2380 0.02878024371638365 23.8
2381 0.02866212294698999 23.81
2382 0.02858587871262167 23.82
2383 0.02846689696082816 23.83
2384 0.02840186920544695 23.84
2385 0.02838362393619576 23.85
2386 0.02838322703887924 23.86
2387 0.02830572268139457 23.87
2388 0.02821088891261783 23.88
2389 0.02815774855308077 23.89
2390 0.02800323316491232 23.9
2391 0.02793647514316755 23.91
2392 0.02784221759527504 23.92
2393 0.02783350311694457 23.93
2394 0.02788327371700528 23.94
2395 0.02787846387343538 23.95
2396 0.02789156342100311 23.96
2397 0.02794059042012782 23.97
2398 0.0280251204011824 23.98
2399 0.0280448196804686 23.99
2400 0.028148909550437 24
2401 0.02825388658762859 24.01
2402 0.02837459830428374 24.02
2403 0.02845023635730719 24.03
2404 0.02852348830290381 24.04
2405 0.02857897985584329 24.05
2406 0.02868149018323343 24.06
2407 0.02874168336323178 24.07
2408 0.02878048188754327 24.08
2409 0.02879461742774979 24.09
2410 0.02876882759330371 24.1
2411 0.0287269715102237 24.11
2412 0.02864514717526202 24.12
2413 0.02861807330552872 24.13
2414 0.02852816088689133 24.14
2415 0.02843413664988921 24.15
2416 0.02838486417907947 24.16
2417 0.02830084437376476 24.17
2418 0.02817112051430101 24.18
2419 0.02800371309544103 24.19
2420 0.02779090008369319 24.2
2421 0.02763319818150419 24.21
2422 0.02744268943549974 24.22
2423 0.02727338233937884 24.23
2424 0.02708002744551518 24.24
2425 0.02685236315577491 24.25
2426 0.02663752094543268 24.26
2427 0.0264498657119411 24.27
2428 0.02624282028515632 24.28
2429 0.02598385078822796 24.29
2430 0.02577450880523696 24.3
2431 0.02554276906713455 24.31
2432 0.02530494915465461 24.32
2433 0.02504096513657155 24.33
2434 0.02486320894375893 24.34
2435 0.02469059646219464 24.35
2436 0.02457038646062269 24.36
2437 0.0244583254480734 24.37
2438 0.02439984085076672 24.38
2439 0.0243248582842464 24.39
2440 0.02430600856489394 24.4
2441 0.02430106155498011 24.41
2442 0.02428569181309439 24.42
2443 0.02430752216456922 24.43
2444 0.02436166133756871 24.44
2445 0.02443189377990741 24.45
2446 0.02445898716144101 24.46
2447 0.02458948622172363 24.47
2448 0.0246658841973381 24.48
2449 0.02478889253101908 24.49
2450 0.0249527196025628 24.5
2451 0.0251711284645383 24.51
2452 0.02545923853603998 24.52
2453 0.02578855197424773 24.53
2454 0.02614851963951221 24.54
2455 0.02654199434687208 24.55
2456 0.02693255492102786 24.56
2457 0.02735163765490909 24.57
2458 0.02779350468960593 24.58
2459 0.0282578374863436 24.59
2460 0.02859524671728978 24.6
2461 0.02903290769780834 24.61
2462 0.02954238583048282 24.62
2463 0.03001158657911508 24.63
2464 0.03059417502935068 24.64
2465 0.031125486279745 24.65
2466 0.03166412357203865 24.66
2467 0.03222550219916506 24.67
2468 0.03278297624520488 24.68
2469 0.0333675046278185 24.69
2470 0.03389565451981189 24.7
2471 0.0346908159352346 24.71
2472 0.03528367761094267 24.72
2473 0.036049702037711 24.73
2474 0.03666991876973717 24.74
2475 0.03745238739138192 24.75
2476 0.03802056054511391 24.76
2477 0.03861154453584384 24.77
2478 0.03922917001543608 24.78
2479 0.03974128969578829 24.79
2480 0.04013587839004309 24.8
2481 0.04056500613844503 24.81
2482 0.04095450092587657 24.82
2483 0.04129553962200064 24.83
2484 0.04167040340542458 24.84
2485 0.04197190615348154 24.85
2486 0.04231388001018498 24.86
2487 0.04257590572572157 24.87
2488 0.04279607389843006 24.88
2489 0.04289048783928936 24.89
2490 0.0429919200139877 24.9
2491 0.04311234948200805 24.91
2492 0.04312553716698467 24.92
2493 0.04310049109712629 24.93
2494 0.0430008010277991 24.94
2495 0.04291122305716645 24.95
2496 0.04268514927479245 24.96
2497 0.0424887702779318 24.97
2498 0.04213865901379666 24.98
2499 0.04177733240410548 24.99
2500 0.04147555814501529 25
2501 0.04123803710300455 25.01
2502 0.04093394756803689 25.02
2503 0.04058931291263718 25.03
2504 0.04033793140912439 25.04
2505 0.0400644054075308 25.05
2506 0.03995722550484115 25.06
2507 0.03966298008389506 25.07
2508 0.03939971215644755 25.08
2509 0.03908128728382044 25.09
2510 0.03891777375571102 25.1
2511 0.03855343397095302 25.11
2512 0.03829532411995285 25.12
2513 0.03794205484678197 25.13
2514 0.03766928570095208 25.14
2515 0.03744923393001521 25.15
2516 0.0374011517125205 25.16
2517 0.03719831056592071 25.17
2518 0.03710818575280814 25.18
2519 0.03695342189174625 25.19
2520 0.03671090922265826 25.2
2521 0.03653858789763825 25.21
2522 0.03648684163685195 25.22
2523 0.03639719380328262 25.23
2524 0.03628948165213722 25.24
2525 0.03615485201983708 25.25
2526 0.03593974468647456 25.26
2527 0.03571434056954084 25.27
2528 0.03559359091605607 25.28
2529 0.03533027128732334 25.29
2530 0.03509569256369079 25.3
2531 0.0349584825969065 25.31
2532 0.03482983739978421 25.32
2533 0.03466027751824054 25.33
2534 0.03445776741348323 25.34
2535 0.03414469498885472 25.35
2536 0.03400992716556916 25.36
2537 0.03378509291339808 25.37
2538 0.03357046908999915 25.38
2539 0.03328350095339827 25.39
2540 0.03304846196856312 25.4
2541 0.03275924188261804 25.41
2542 0.03250961107899134 25.42
2543 0.03222868972621439 25.43
2544 0.03191943937632877 25.44
2545 0.03162463079248454 25.45
2546 0.03123915951180576 25.46
2547 0.03091218713074112 25.47
2548 0.03058232347360071 25.48
2549 0.03026278462543543 25.49
2550 0.0299705829687981 25.5
2551 0.0297462736568065 25.51
2552 0.02952100193227307 25.52
2553 0.02928115698942101 25.53
2554 0.02900179982190655 25.54
2555 0.02871592622628229 25.55
2556 0.02847853700456056 25.56
2557 0.02822610651314 25.57
2558 0.02804951218525107 25.58
2559 0.02792025642565815 25.59
2560 0.02768750025278578 25.6
2561 0.02751150533480418 25.61
2562 0.02724027027650272 25.62
2563 0.02699478992168784 25.63
2564 0.02675463489041588 25.64
2565 0.02650646106605627 25.65
2566 0.02626791336650337 25.66
2567 0.02614180562546403 25.67
2568 0.02596748093093928 25.68
2569 0.02579782743819761 25.69
2570 0.02561919113616244 25.7
2571 0.02547433881741099 25.71
2572 0.02537151519139781 25.72
2573 0.02531703554337722 25.73
2574 0.0251947244507559 25.74
2575 0.02506646113310814 25.75
2576 0.0249411736040535 25.76
2577 0.02470874592294816 25.77
2578 0.02458297182339077 25.78
2579 0.02444147790432199 25.79
2580 0.02442986603531552 25.8
2581 0.02438326300132217 25.81
2582 0.02431901902392759 25.82
2583 0.02431198049141098 25.83
2584 0.02425665757213102 25.84
2585 0.02424507500478816 25.85
2586 0.02420587029675937 25.86
2587 0.02413927127415694 25.87
2588 0.02404060757145042 25.88
2589 0.02401103983780492 25.89
2590 0.02406523503980086 25.9
2591 0.02409881727971752 25.91
2592 0.0241611623532583 25.92
2593 0.0241790544924242 25.93
2594 0.02421096008029867 25.94
2595 0.02423683058904538 25.95
2596 0.02426253211728407 25.96
2597 0.02426501605682531 25.97
2598 0.0242419241248677 25.98
2599 0.02424584864029054 25.99
2600 0.0242270682407633 26
2601 0.02419523742936741 26.01
2602 0.0241480121012104 26.02
2603 0.02410036861121801 26.03
2604 0.02407705225035773 26.04
2605 0.02409995373626059 26.05
2606 0.02413146274262893 26.06
2607 0.02415771319420595 26.07
2608 0.02406610025592778 26.08
2609 0.02401188278360425 26.09
2610 0.02399359126524463 26.1
2611 0.0239594683520915 26.11
2612 0.02389501094481726 26.12
2613 0.02381863250613516 26.13
2614 0.02367726893389857 26.14
2615 0.02366356083053954 26.15
2616 0.0236399663206018 26.16
2617 0.02363104893892295 26.17
2618 0.0236006931705343 26.18
2619 0.02353159680716956 26.19
2620 0.02351701989545308 26.2
2621 0.02352424976262618 26.21
2622 0.0235029089718121 26.22
2623 0.0235078065744816 26.23
2624 0.02355364112691645 26.24
2625 0.02354340625067224 26.25
2626 0.02346453783308339 26.26
2627 0.02342820898255366 26.27
2628 0.02346049244686944 26.28
2629 0.02345232759886365 26.29
2630 0.02347814392315929 26.3
2631 0.02353705834714648 26.31
2632 0.02358932190792613 26.32
2633 0.02360168834163859 26.33
2634 0.02362709725068103 26.34
2635 0.02354946772788049 26.35
2636 0.02352610300806444 26.36
2637 0.02347488157638532 26.37
2638 0.02354664945116177 26.38
2639 0.02344165332926487 26.39
2640 0.02337710301671807 26.4
2641 0.02334955766680154 26.41
2642 0.02327216154455303 26.42
2643 0.02320226664597626 26.43
2644 0.02317703551013971 26.44
2645 0.02316785048342903 26.45
2646 0.02314281587619556 26.46
2647 0.02314026231264771 26.47
2648 0.02307205029227173 26.48
2649 0.02298474434713985 26.49
2650 0.02285528684338784 26.5
2651 0.02273788859599174 26.51
2652 0.02265921186543034 26.52
2653 0.02260065413749197 26.53
2654 0.02254041442477552 26.54
2655 0.02250534690029209 26.55
2656 0.02242756728734205 26.56
2657 0.02244447181085742 26.57
2658 0.0223781937905799 26.58
2659 0.02238751246200412 26.59
2660 0.02236078932620101 26.6
2661 0.02227469940103203 26.61
2662 0.02224943757261416 26.62
2663 0.02222040475655841 26.63
2664 0.02221054554796317 26.64
2665 0.02223878740442609 26.65
2666 0.02219642472878074 26.66
2667 0.02215447863198754 26.67
2668 0.02214116664216957 26.68
2669 0.02211117211555103 26.69
2670 0.02207146614525144 26.7
2671 0.02198394923835359 26.71
2672 0.02201484710363951 26.72
2673 0.0220524087681442 26.73
2674 0.02207243415956251 26.74
2675 0.02208845965757596 26.75
2676 0.02212609432529151 26.76
2677 0.0221576906469579 26.77
2678 0.02227564124966844 26.78
2679 0.02245667283882586 26.79
2680 0.02267807461511948 26.8
2681 0.02279026190197979 26.81
2682 0.02295201963503079 26.82
2683 0.0231582825953345 26.83
2684 0.02335654699801659 26.84
2685 0.02357523441238224 26.85
2686 0.02376152039319702 26.86
2687 0.02396173980282307 26.87
2688 0.02411750032233502 26.88
2689 0.02430505661688652 26.89
2690 0.02442021057170311 26.9
2691 0.02459266098898443 26.91
2692 0.02473119556281567 26.92
2693 0.02490696364853441 26.93
2694 0.02509413977735183 26.94
2695 0.02522045874887828 26.95
2696 0.02547614795971831 26.96
2697 0.02567162363625898 26.97
2698 0.02594959815382479 26.98
2699 0.02617929834346589 26.99
2700 0.02635915564392503 27
2701 0.02663670906064378 27.01
2702 0.02684655361416162 27.02
2703 0.0272711628820229 27.03
2704 0.02762719701483859 27.04
2705 0.02785727414343829 27.05
2706 0.02821177610795035 27.06
2707 0.02855190875153952 27.07
2708 0.02890057040092752 27.08
2709 0.02921865956671621 27.09
2710 0.02950043339619652 27.1
2711 0.02985909623671263 27.11
2712 0.030300100699813 27.12
2713 0.03055736760326592 27.13
2714 0.03091052373811527 27.14
2715 0.03129942150718458 27.15
2716 0.03167945527360646 27.16
2717 0.03205252053879039 27.17
2718 0.03248546049278326 27.18
2719 0.03289039127261142 27.19
2720 0.03333935089195736 27.2
2721 0.03375933258862354 27.21
2722 0.03411850553630344 27.22
2723 0.0345291061083358 27.23
2724 0.03489538423261141 27.24
2725 0.03523367386400213 27.25
2726 0.03558946417365706 27.26
2727 0.03600474133520618 27.27
2728 0.03630499579202291 27.28
2729 0.03651112487775179 27.29
2730 0.03673040967826943 27.3
2731 0.03699855625980422 27.31
2732 0.03723970730814744 27.32
2733 0.03747378557396469 27.33
2734 0.03770016991566268 27.34
2735 0.03786560298707912 27.35
2736 0.03796505303170732 27.36
2737 0.03802788014758757 27.37
2738 0.03809349019567193 27.38
2739 0.03814069316774074 27.39
2740 0.03811800330865925 27.4
2741 0.03808951472254117 27.41
2742 0.03802920841069739 27.42
2743 0.03806163569096781 27.43
2744 0.03802540018488925 27.44
2745 0.03798473640024618 27.45
2746 0.03790055372896659 27.46
2747 0.03771743988229444 27.47
2748 0.03751546974882212 27.48
2749 0.03741858634807348 27.49
2750 0.0373358332121308 27.5
2751 0.03723989222661007 27.51
2752 0.03715554569213194 27.52
2753 0.03705942983630296 27.53
2754 0.03700124446440516 27.54
2755 0.03692205108941556 27.55
2756 0.03685312200520204 27.56
2757 0.03681807329521255 27.57
2758 0.03678537565694845 27.58
2759 0.03667355359409313 27.59
2760 0.03662505290976584 27.6
2761 0.0366289531212261 27.61
2762 0.03664766380235038 27.62
2763 0.03669058742599485 27.63
2764 0.03675925297294706 27.64
2765 0.03679565879626132 27.65
2766 0.03690220433193143 27.66
2767 0.03691837831885091 27.67
2768 0.03694490381651819 27.68
2769 0.03685677276280983 27.69
2770 0.03685487400229656 27.7
2771 0.03683883059850269 27.71
2772 0.03682720463032134 27.72
2773 0.03683168113856113 27.73
2774 0.03683764568441873 27.74
2775 0.03682170350787944 27.75
2776 0.03669470459500518 27.76
2777 0.03660389734219381 27.77
2778 0.03652845402426842 27.78
2779 0.03639406213590298 27.79
2780 0.03630402902378295 27.8
2781 0.03605307667784004 27.81
2782 0.03589703357367333 27.82
2783 0.03580992123677351 27.83
2784 0.03576512652312671 27.84
2785 0.03568906421707068 27.85
2786 0.03554742725259906 27.86
2787 0.03541295203238483 27.87
2788 0.03525210506908205 27.88
2789 0.03501438220097543 27.89
2790 0.03478839523568952 27.9
2791 0.03453503792671571 27.91
2792 0.03423166133121741 27.92
2793 0.03394597334460062 27.93
2794 0.03367482540342674 27.94
2795 0.03345255105248648 27.95
2796 0.03311296368868253 27.96
2797 0.03283593328642964 27.97
2798 0.03251811343298704 27.98
2799 0.03221870419361227 27.99
2800 0.0318498988422941 28
2801 0.03153184801663989 28.01
2802 0.03122366163847835 28.02
2803 0.03092151831525309 28.03
2804 0.03057853528451857 28.04
2805 0.03023130330062275 28.05
2806 0.02976101360803197 28.06
2807 0.0293726787036219 28.07
2808 0.02898327665672018 28.08
2809 0.02859768027103283 28.09
2810 0.0281652528555285 28.1
2811 0.02780366306040339 28.11
2812 0.0274847124750709 28.12
2813 0.02714544824865464 28.13
2814 0.02684376541907515 28.14
2815 0.02645182538573505 28.15
2816 0.02610320815182083 28.16
2817 0.02575267105151906 28.17
2818 0.02537063272533414 28.18
2819 0.02508515321055081 28.19
2820 0.02478535189208682 28.2
2821 0.02449427269035163 28.21
2822 0.02424521263589543 28.22
2823 0.02404320297062567 28.23
2824 0.02371295475839467 28.24
2825 0.02341991635492187 28.25
2826 0.02321996220425503 28.26
2827 0.02302456134185224 28.27
2828 0.02293075597970312 28.28
2829 0.02286275268914781 28.29
2830 0.02279410873399889 28.3
2831 0.02265728203649764 28.31
2832 0.02262508957841494 28.32
2833 0.0225520433938552 28.33
2834 0.02247863092414303 28.34
2835 0.02249570154152913 28.35
2836 0.02249259143721649 28.36
2837 0.02254035308972851 28.37
2838 0.02260112880138112 28.38
2839 0.02261340959538427 28.39
2840 0.0226367466642359 28.4
2841 0.02274389916401892 28.41
2842 0.02271749595153234 28.42
2843 0.02271554557110629 28.43
2844 0.02270497969426841 28.44
2845 0.02276500192258474 28.45
2846 0.02282971020478826 28.46
2847 0.02295908016909246 28.47
2848 0.02301329458434616 28.48
2849 0.02306560288372285 28.49
2850 0.02312166652730161 28.5
2851 0.02306891100209498 28.51
2852 0.02318704023135959 28.52
2853 0.02328894086070512 28.53
2854 0.02329916086456205 28.54
2855 0.02323718039542842 28.55
2856 0.02319633843250815 28.56
2857 0.02315710411809462 28.57
2858 0.02319833135667714 28.58
2859 0.02332331909251888 28.59
2860 0.02343572882607887 28.6
2861 0.02362748709661567 28.61
2862 0.02371770767098688 28.62
2863 0.02378634480092625 28.63
2864 0.02378387285971635 28.64
2865 0.02372187584171749 28.65
2866 0.02378484260901954 28.66
2867 0.02372094874662525 28.67
2868 0.02369802556437009 28.68
2869 0.0238037994168226 28.69
2870 0.02384276038828022 28.7
2871 0.0238888932494595 28.71
2872 0.02386541751833004 28.72
2873 0.02390268856350018 28.73
2874 0.0238724475945096 28.74
2875 0.02402321546021356 28.75
2876 0.02402503336347623 28.76
2877 0.02401639368676263 28.77
2878 0.02396478161194299 28.78
2879 0.02402344686627688 28.79
2880 0.02407247760448312 28.8
2881 0.02406358996357054 28.81
2882 0.02401722899191222 28.82
2883 0.02404555258853431 28.83
2884 0.02398150630058252 28.84
2885 0.02399873646163525 28.85
2886 0.02396409588695136 28.86
2887 0.02386941141468472 28.87
2888 0.02383145005037414 28.88
2889 0.02372770674931469 28.89
2890 0.02364191748502826 28.9
2891 0.02366030962864761 28.91
2892 0.02357953103802518 28.92
2893 0.02355287262956016 28.93
2894 0.02361140742144476 28.94
2895 0.02363280186615793 28.95
2896 0.02366213573555512 28.96
2897 0.02364392045633065 28.97
2898 0.02365488916833907 28.98
2899 0.02369003294085307 28.99
2900 0.0237133835616594 29
2901 0.02370737568757852 29.01
2902 0.02363116306499593 29.02
2903 0.02356907333455861 29.03
2904 0.0235080293476017 29.04
2905 0.02345642256057139 29.05
2906 0.02338718739271139 29.06
2907 0.02335440587536828 29.07
2908 0.02331326700648945 29.08
2909 0.02334642604455807 29.09
2910 0.02337958195820279 29.1
2911 0.02340173287191708 29.11
2912 0.02338356775491388 29.12
2913 0.02332556866184382 29.13
2914 0.02328396023894249 29.14
2915 0.02325680840237307 29.15
2916 0.02331671654885078 29.16
2917 0.02333447763696232 29.17
2918 0.02334234031404897 29.18
2919 0.02332813713952424 29.19
2920 0.02333779142403389 29.2
2921 0.02335961505499985 29.21
2922 0.02336605792654582 29.22
2923 0.02336317860012737 29.23
2924 0.02334479967256741 29.24
2925 0.02336253828721263 29.25
2926 0.02336855859616654 29.26
2927 0.0234049472178236 29.27
2928 0.02343447355194409 29.28
2929 0.02351792046724532 29.29
2930 0.02354269713347092 29.3
2931 0.02358929204815167 29.31
2932 0.02363457093090607 29.32
2933 0.02372515459570313 29.33
2934 0.02380411431353501 29.34
2935 0.02387070323686011 29.35
2936 0.02394583717249346 29.36
2937 0.02401282302606868 29.37
2938 0.02406477819938382 29.38
2939 0.02413294839436713 29.39
2940 0.02418262432733073 29.4
2941 0.02426063480596737 29.41
2942 0.02434600347773191 29.42
2943 0.02446775672296889 29.43
2944 0.02455043962914165 29.44
2945 0.02463269196711986 29.45
2946 0.02469114040610908 29.46
2947 0.02477037034889189 29.47
2948 0.02483187259656358 29.48
2949 0.02494012788205861 29.49
2950 0.02508016349178654 29.5
2951 0.02519063961360194 29.51
2952 0.02533417729225089 29.52
2953 0.02550751076289214 29.53
2954 0.02561739490441997 29.54
2955 0.02579183878929427 29.55
2956 0.02595473928199216 29.56
2957 0.02611883303682992 29.57
2958 0.02627121319026314 29.58
2959 0.02647622694688821 29.59
2960 0.02669804243492747 29.6
2961 0.02691343715837516 29.61
2962 0.02710513401017703 29.62
2963 0.02732457597108871 29.63
2964 0.02750646548976646 29.64
2965 0.02771167505328691 29.65
2966 0.02789146205500607 29.66
2967 0.02809421744486573 29.67
2968 0.02829228398241585 29.68
2969 0.02848274049490459 29.69
2970 0.02867234282252879 29.7
2971 0.02887323676507439 29.71
2972 0.02902451884941792 29.72
2973 0.02919749560697075 29.73
2974 0.02933642605240706 29.74
2975 0.02946552409047386 29.75
2976 0.02957332569897888 29.76
2977 0.02966758170419296 29.77
2978 0.02976424826677862 29.78
2979 0.02987647035083432 29.79
2980 0.02994121806917981 29.8
2981 0.03004356295788006 29.81
2982 0.03010032531797374 29.82
2983 0.03017649393312816 29.83
2984 0.03025914420473806 29.84
2985 0.03035219370152023 29.85
2986 0.03044465142810847 29.86
2987 0.03049709027894473 29.87
2988 0.03053216880866242 29.88
2989 0.03056547572222624 29.89
2990 0.03059826734872767 29.9
2991 0.03057322380662463 29.91
2992 0.03056859894610917 29.92
2993 0.03059136757868437 29.93
2994 0.03058254509118076 29.94
2995 0.03054945158531399 29.95
2996 0.03051481602800814 29.96
2997 0.03052482952275213 29.97
2998 0.03048396395759831 29.98
2999 0.03031572975297474 29.99
3000 0.03025227834037811 30
