"x-force-rfile"
"Time Step" "x-force etc.."
("Time Step" "x-force" "flow-time")
0 2.423380700838948e-27 0
1 -47.76014317225679 0.01
2 -11.08700603420078 0.02
3 0.3008640716180828 0.03
4 3.120644047834034 0.04
5 3.24662806813744 0.05
6 -0.4227146855896691 0.06
7 -1.306116762759739 0.07000000000000001
8 -0.8768862617805091 0.08
9 0.06232293824943724 0.09
10 0.5598307026643954 0.1
11 0.2475742554993663 0.11
12 -0.01864218726581779 0.12
13 -0.06210439695898774 0.13
14 -0.05400817433623518 0.14
15 -0.0100891234096509 0.15
16 0.03324987417324476 0.16
17 0.0373502080988255 0.17
18 0.02474319305664061 0.18
19 0.004483830173492076 0.19
20 0.003934000360541035 0.2
21 0.0200813500263175 0.21
22 0.03892235025103617 0.22
23 0.02938406998010506 0.23
24 0.0190927711926297 0.24
25 0.02025461399440609 0.25
26 0.01853064285490241 0.26
27 0.006404471758577349 0.27
28 -0.007434290284744849 0.28
29 -0.002579539465284497 0.29
30 0.006271627317099238 0.3
31 0.01002030870577342 0.31
32 0.01635193028067411 0.32
33 0.01787284719695435 0.33
34 0.01914448451090012 0.34
35 0.01733845718827824 0.35
36 0.01415446853862792 0.36
37 0.01354943212164142 0.37
38 0.01434091082491684 0.38
39 0.002566019206197062 0.39
40 0.001153305450451936 0.4
41 0.004133542681224595 0.41
42 0.004137109490434054 0.42
43 0.01121964377740649 0.43
44 0.01323073524708447 0.44
45 0.01508683011601144 0.45
46 0.01436961754071055 0.46
47 0.01264069253452188 0.47
48 0.01058063007054068 0.48
49 0.008462026509223723 0.49
50 0.00787052699940214 0.5
51 0.007134447320801984 0.51
52 0.006253101721302182 0.52
53 0.007029467774314888 0.53
54 0.007899666421411766 0.54
55 0.008555301482100612 0.55
56 0.008826795376236034 0.5600000000000001
57 0.008720419477197337 0.5700000000000001
58 0.008358825039120159 0.58
59 0.007859312459995049 0.59
60 0.007529816194195155 0.6
61 0.007263457022273177 0.61
62 0.007165345178548971 0.62
63 0.007232048421082182 0.63
64 0.007392321832249429 0.64
65 0.00773194698334638 0.65
66 0.00794320786307294 0.66
67 0.008109589704207706 0.67
68 0.008097217767361616 0.68
69 0.007951147976843646 0.6900000000000001
70 0.007694236423519969 0.7000000000000001
71 0.007478309655910164 0.71
72 0.006945633488288354 0.72
73 0.006569828364339461 0.73
74 0.006578697977590316 0.74
75 0.006628401656871744 0.75
76 0.006756511947891002 0.76
77 0.006636210506357227 0.77
78 0.006676797417518839 0.78
79 0.006681959295284242 0.79
80 0.006719562823388208 0.8
81 0.006797719510916561 0.8100000000000001
82 0.006870836822186425 0.8200000000000001
83 0.007022477947130932 0.8300000000000001
84 0.007144764768899969 0.84
85 0.007076753908544092 0.85
86 0.007067186177412064 0.86
87 0.007040337478427337 0.87
88 0.00701220943112303 0.88
89 0.006988726124051745 0.89
90 0.006849337233760773 0.9
91 0.006701282191938557 0.91
92 0.006601615218447474 0.92
93 0.006561609668864002 0.93
94 0.00652561562445091 0.9400000000000001
95 0.006521906747298903 0.9500000000000001
96 0.006495924690561917 0.96
97 0.006438619055505253 0.97
98 0.006339472729676852 0.98
99 0.006265181234050666 0.99
100 0.006220608769259516 1
101 0.006222634103719671 1.01
102 0.006205000684723748 1.02
103 0.006179189441966573 1.03
104 0.006151971263499169 1.04
105 0.006144954747754475 1.05
106 0.006137750424898906 1.06
107 0.00613710025402022 1.07
108 0.006147305990076488 1.08
109 0.006160059076653976 1.09
110 0.00617907154926221 1.1
111 0.006223999585924664 1.11
112 0.006270981898850966 1.12
113 0.006291311516308552 1.13
114 0.006298693258961114 1.14
115 0.006298318729950186 1.15
116 0.006281847485189783 1.16
117 0.006251412391387297 1.17
118 0.006234343602304357 1.18
119 0.006226770932606641 1.19
120 0.006218492793116322 1.2
121 0.00621989393433299 1.21
122 0.006226554921068479 1.22
123 0.006228655583652156 1.23
124 0.006216167457482037 1.24
125 0.006190510117501527 1.25
126 0.00616597866381353 1.26
127 0.006153301906670536 1.27
128 0.006146755159035221 1.28
129 0.006142813775860338 1.29
130 0.006105910257856649 1.3
131 0.006059356931079081 1.31
132 0.006014563083585958 1.32
133 0.005971801486812769 1.33
134 0.00593809957028316 1.34
135 0.005924469243083784 1.35
136 0.005912007382337218 1.36
137 0.00589899609910043 1.37
138 0.005890353796073452 1.38
139 0.005884689224487576 1.39
140 0.005880988854248648 1.4
141 0.005873191590589004 1.41
142 0.005862386506061939 1.42
143 0.005819682215338377 1.43
144 0.005785513406887285 1.44
145 0.005765227797257744 1.45
146 0.005753746415588351 1.46
147 0.005748700099420618 1.47
148 0.005744597972088081 1.48
149 0.005745616909935925 1.49
150 0.005746252624730135 1.5
151 0.005744896825606493 1.51
152 0.00573613010605352 1.52
153 0.005716508435588477 1.53
154 0.00569873357619847 1.54
155 0.005686700526700332 1.55
156 0.005679484126098809 1.56
157 0.005673979143643487 1.57
158 0.005670632112867254 1.58
159 0.005666820442741917 1.59
160 0.005664087608771366 1.6
161 0.005663714207074138 1.61
162 0.005664065047870517 1.62
163 0.005675146167144547 1.63
164 0.005686683940579361 1.64
165 0.005698275344042023 1.65
166 0.005712043509806942 1.66
167 0.005722538117003649 1.67
168 0.00572975695427962 1.68
169 0.005732132321657058 1.69
170 0.00573219039172069 1.7
171 0.005728409831780404 1.71
172 0.005724277555934994 1.72
173 0.005721427860414019 1.73
174 0.005717818368230118 1.74
175 0.005713291073952478 1.75
176 0.005708610787876316 1.76
177 0.005705370216938526 1.77
178 0.005704346298514041 1.78
179 0.005703781623302565 1.79
180 0.00569763617415316 1.8
181 0.005688651910223811 1.81
182 0.005680135998659984 1.82
183 0.005672155464565861 1.83
184 0.005665406056796566 1.84
185 0.005659408608289978 1.85
186 0.005653218369506179 1.86
187 0.005647956630589252 1.87
188 0.005643250382251616 1.88
189 0.005637498807745991 1.89
190 0.005630741979891748 1.9
191 0.005625605955717434 1.91
192 0.005619574963597649 1.92
193 0.005611772108635154 1.93
194 0.005604546597437398 1.94
195 0.00559771881837364 1.95
196 0.005591497880443941 1.96
197 0.005585669635259264 1.97
198 0.005580034133153082 1.98
199 0.005574132028196138 1.99
200 0.00556787035031577 2
201 0.005561544844075283 2.01
202 0.005554605087700322 2.02
203 0.005546474066744662 2.03
204 0.005537585502933895 2.04
205 0.005529785963481564 2.05
206 0.005522835506192158 2.06
207 0.005515871854722618 2.07
208 0.005509719800412884 2.08
209 0.005505019474167117 2.09
210 0.005500755201376203 2.1
211 0.005495866299114915 2.11
212 0.005491049063505729 2.12
213 0.005490762534433776 2.13
214 0.005485973386549959 2.14
215 0.005479017326192831 2.15
216 0.005468747278586436 2.16
217 0.005458512894363481 2.17
218 0.005450341636149025 2.18
219 0.005442326177492308 2.19
220 0.005436705681884498 2.2
221 0.005432004516129598 2.21
222 0.00542752260180164 2.22
223 0.005422262768258407 2.23
224 0.005417146557819818 2.24
225 0.005413260483726898 2.25
226 0.005409049928818051 2.26
227 0.005404194590713531 2.27
228 0.005399357778958749 2.28
229 0.005393431349599968 2.29
230 0.005386585894673071 2.3
231 0.00537970430036386 2.31
232 0.005372980512834418 2.32
233 0.005366632066721434 2.33
234 0.005360379604312574 2.34
235 0.005354681343119869 2.35
236 0.005349425281741352 2.36
237 0.005344826317877905 2.37
238 0.005341419507345617 2.38
239 0.005338604925384786 2.39
240 0.005334839057962943 2.4
241 0.005331132260413656 2.41
242 0.005327430024022528 2.42
243 0.005324069027270699 2.43
244 0.005320872562932013 2.44
245 0.00531760007072808 2.45
246 0.005317394664330686 2.46
247 0.005315735047008532 2.47
248 0.005313661021145275 2.48
249 0.005314195554204882 2.49
250 0.005313367975563803 2.5
251 0.005313180932297474 2.51
252 0.005313822522592031 2.52
253 0.005314453368673852 2.53
254 0.005312787928175896 2.54
255 0.005311601803561561 2.55
256 0.005318390783765608 2.56
257 0.005325828485146285 2.57
258 0.005328983129535224 2.58
259 0.005330921105491601 2.59
260 0.005333874996730784 2.6
261 0.005336711159414589 2.61
262 0.005338006339053646 2.62
263 0.005336601099268007 2.63
264 0.005335777205967077 2.64
265 0.00533579210378096 2.65
266 0.005338455018486108 2.66
267 0.005342599970912621 2.67
268 0.005346322820276962 2.68
269 0.005348908461204899 2.69
270 0.005350256902239097 2.7
271 0.005349986316439998 2.71
272 0.005347650679309075 2.72
273 0.005344060811420652 2.73
274 0.005339836799393143 2.74
275 0.005333680776099255 2.75
276 0.005329744732495735 2.76
277 0.005325651138778083 2.77
278 0.005321814062739579 2.78
279 0.005319092789175269 2.79
280 0.005312685115506531 2.8
281 0.005302589127903486 2.81
282 0.005293227695421672 2.82
283 0.005284637685628798 2.83
284 0.005277410999366352 2.84
285 0.005270559516461751 2.85
286 0.005263830386998573 2.86
287 0.005258992761453965 2.87
288 0.005252615416333755 2.88
289 0.005246598669705553 2.89
290 0.005241148547248281 2.9
291 0.005234636907472248 2.91
292 0.005228427451588984 2.92
293 0.005222773181695953 2.93
294 0.005217392653376671 2.94
295 0.005214640868920549 2.95
296 0.005210848292058212 2.96
297 0.005207324670886849 2.97
298 0.005204817279109314 2.98
299 0.005203461651771806 2.99
300 0.005201743026109281 3
301 0.005200175827998184 3.01
302 0.005199134338412115 3.02
303 0.005198647490564078 3.03
304 0.00519792170198754 3.04
305 0.005197701162345341 3.05
306 0.005198218171042256 3.06
307 0.005198886783752086 3.07
308 0.00520062904547041 3.08
309 0.005203428138201443 3.09
310 0.00520669916894029 3.1
311 0.005208966304018891 3.11
312 0.005211451867064659 3.12
313 0.00521516731337403 3.13
314 0.005218720662420278 3.14
315 0.005221814411221321 3.15
316 0.005224257368334718 3.16
317 0.005228595567129459 3.17
318 0.005232960627996972 3.18
319 0.005239016367775436 3.19
320 0.005243017285257892 3.2
321 0.005246902112740204 3.21
322 0.005249813934986372 3.22
323 0.005253971996188289 3.23
324 0.005257403559713936 3.24
325 0.005259281310590496 3.25
326 0.00526142645582181 3.26
327 0.005264438832434971 3.27
328 0.005266639197498156 3.28
329 0.005268982929824953 3.29
330 0.005272007829166456 3.3
331 0.005273564827429043 3.31
332 0.005274544284047791 3.32
333 0.005275604163716402 3.33
334 0.005276794875049651 3.34
335 0.005277777815177629 3.35
336 0.005278395765508386 3.36
337 0.005278996833754203 3.37
338 0.00527917820673803 3.38
339 0.005278710757185904 3.39
340 0.00527820537256375 3.4
341 0.005277590732542025 3.41
342 0.005276791327168233 3.42
343 0.005276280781302122 3.43
344 0.00527589417542524 3.44
345 0.005275220243100898 3.45
346 0.005275460605464209 3.46
347 0.005277263271608534 3.47
348 0.005278814559425513 3.48
349 0.005279472248015829 3.49
350 0.005280149427037302 3.5
351 0.005281004165865059 3.51
352 0.005281999484813425 3.52
353 0.005282851783046742 3.53
354 0.005283667558001606 3.54
355 0.005284689911600873 3.55
356 0.005286259002019185 3.56
357 0.005288013102135016 3.57
358 0.005289728381867699 3.58
359 0.005290870005314024 3.59
360 0.005293016072644582 3.6
361 0.005296179075788671 3.61
362 0.005299862008169069 3.62
363 0.005303824896972298 3.63
364 0.005308264241696967 3.64
365 0.00531151289861076 3.65
366 0.00531461291723454 3.66
367 0.00531684789758533 3.67
368 0.005318562124578072 3.68
369 0.005319977769021743 3.69
370 0.005321166255390003 3.7
371 0.00532248824577399 3.71
372 0.005324404886743578 3.72
373 0.005326560144751484 3.73
374 0.005328896329324465 3.74
375 0.005331173482435348 3.75
376 0.005332984619874377 3.76
377 0.005335160664965405 3.77
378 0.005337717363884172 3.78
379 0.005340224117710403 3.79
380 0.00534260171357762 3.8
381 0.005345108943044971 3.81
382 0.005347533008591958 3.82
383 0.005349828666761589 3.83
384 0.005352767037630964 3.84
385 0.005355773362514424 3.85
386 0.005359031356625882 3.86
387 0.005362531094006457 3.87
388 0.005366194657443291 3.88
389 0.00536986148251786 3.89
390 0.005374362178971626 3.9
391 0.0053789002180174 3.91
392 0.005383450072586605 3.92
393 0.005387993110077281 3.93
394 0.005392612061368308 3.94
395 0.005397873932586086 3.95
396 0.005403333156827638 3.96
397 0.005408944601538587 3.97
398 0.005414458664447221 3.98
399 0.005420286293216349 3.99
400 0.005426640205414225 4
401 0.005433164595416607 4.01
402 0.005440468635996411 4.02
403 0.00544759409049432 4.03
404 0.005454639435158697 4.04
405 0.00546151459590951 4.05
406 0.005468377368603844 4.06
407 0.005474864773124373 4.07
408 0.005481566032335696 4.08
409 0.005489028217536525 4.09
410 0.005496338147210044 4.1
411 0.005503798603847832 4.11
412 0.005511660099346839 4.12
413 0.005519264564995244 4.13
414 0.005526338687126062 4.14
415 0.005533460687695288 4.15
416 0.005541064733316045 4.16
417 0.005548281012118955 4.17
418 0.0055553544581847 4.18
419 0.005562417361300712 4.19
420 0.005569653305825624 4.2
421 0.005576892265332225 4.21
422 0.005584143530261273 4.22
423 0.005591272570681202 4.23
424 0.005598292546926437 4.24
425 0.00560520582905841 4.25
426 0.005612203814902358 4.26
427 0.005619149941068109 4.27
428 0.005625565590161398 4.28
429 0.005632564892940638 4.29
430 0.005639340624328773 4.3
431 0.005645719888793928 4.31
432 0.00565237882593341 4.32
433 0.005658867802928738 4.33
434 0.005665597174352654 4.34
435 0.005672704985255061 4.350000000000001
436 0.005679969203517554 4.36
437 0.005687174592110316 4.37
438 0.005694045696233609 4.38
439 0.005701029833327804 4.39
440 0.005707885809027652 4.4
441 0.005714388358688739 4.41
442 0.005721283052928674 4.42
443 0.005728390805426396 4.43
444 0.005735861052928471 4.44
445 0.005743194343681195 4.45
446 0.005749961410164159 4.46
447 0.00575717528984141 4.47
448 0.00576527581668578 4.48
449 0.005773797676752323 4.49
450 0.005782359877658487 4.5
451 0.005791070268080148 4.51
452 0.005800208731818273 4.52
453 0.005809155856017167 4.53
454 0.005818529687812424 4.54
455 0.005828209615911794 4.55
456 0.005838183987388074 4.56
457 0.005848137770737171 4.57
458 0.00585805346760399 4.58
459 0.005868150885060592 4.59
460 0.00587855130376596 4.600000000000001
461 0.005888835054268618 4.61
462 0.005899117949643035 4.62
463 0.005910036345977403 4.63
464 0.005921058481755289 4.64
465 0.005932477065431888 4.65
466 0.005944065811287941 4.66
467 0.005956097228503186 4.67
468 0.005968556320938311 4.68
469 0.005980898821927111 4.69
470 0.005993335034180017 4.7
471 0.006005760170695743 4.71
472 0.006018402192518911 4.72
473 0.006031016723927952 4.73
474 0.006043291616541867 4.74
475 0.00605561934941168 4.75
476 0.006069200880419067 4.76
477 0.006083436877450322 4.77
478 0.006097097092739479 4.78
479 0.006109936443263973 4.79
480 0.006122966635776964 4.8
481 0.006136977266204669 4.81
482 0.00615132194470777 4.82
483 0.006165462541082353 4.83
484 0.006179610833143529 4.84
485 0.006193596808404474 4.850000000000001
486 0.006208060324613652 4.86
487 0.006221418195349097 4.87
488 0.006235362080728031 4.88
489 0.006249118833205241 4.89
490 0.006262629504668786 4.9
491 0.006275850618701553 4.91
492 0.006289509622492351 4.92
493 0.006302401811820606 4.93
494 0.006315057615335653 4.94
495 0.006327615417316599 4.95
496 0.006340640552078684 4.96
497 0.006353371906331478 4.97
498 0.006365879481333026 4.98
499 0.006378578425192833 4.99
500 0.006391303441663222 5
501 0.006404385273883752 5.01
502 0.006417117824408397 5.02
503 0.006430060852184396 5.03
504 0.006442836995272289 5.04
505 0.006455691401357417 5.05
506 0.006468318421714507 5.06
507 0.006481339433691888 5.07
508 0.006494946378078494 5.08
509 0.006508629502759913 5.09
510 0.006521920461694026 5.100000000000001
511 0.006535161990261034 5.11
512 0.006548764106208492 5.12
513 0.00656223757490972 5.13
514 0.006576428390487532 5.14
515 0.006590514519515731 5.15
516 0.006604772875495878 5.16
517 0.006619057686267842 5.17
518 0.006633662499021161 5.18
519 0.006648400420817891 5.19
520 0.006663398736281294 5.2
521 0.006678884884101285 5.21
522 0.006694084742943715 5.22
523 0.006709383884440359 5.23
524 0.006725631253329044 5.24
525 0.006741553846996887 5.25
526 0.006757666570022225 5.26
527 0.006773481117791347 5.27
528 0.006789996757774176 5.28
529 0.006806730253645807 5.29
530 0.006824448692001685 5.3
531 0.006842151400284725 5.31
532 0.006859444831693908 5.32
533 0.006876504110459931 5.33
534 0.006894009217826565 5.34
535 0.00691134642382103 5.350000000000001
536 0.006929338484101173 5.36
537 0.006947044772230718 5.37
538 0.006965105790346223 5.38
539 0.006983622466432549 5.39
540 0.00700160334123693 5.4
541 0.007019674306408176 5.41
542 0.00703824305058388 5.42
543 0.007056643963735388 5.43
544 0.007075430059059706 5.44
545 0.007094174627065178 5.45
546 0.007112503259771676 5.46
547 0.007131561019209116 5.47
548 0.007150863888537794 5.48
549 0.007169750216311957 5.49
550 0.007189020647660417 5.5
551 0.007208831595800758 5.51
552 0.007227745833622476 5.52
553 0.007246759896414345 5.53
554 0.007266229202959475 5.54
555 0.007286618168408727 5.55
556 0.007306487171379167 5.56
557 0.007326271055124515 5.57
558 0.007346145032180469 5.58
559 0.007366043327773685 5.59
560 0.007385518768947066 5.600000000000001
561 0.007405396108745519 5.61
562 0.007424984331354202 5.62
563 0.007444647144731243 5.63
564 0.007464648195396871 5.64
565 0.007484216403074292 5.65
566 0.007504135166557667 5.66
567 0.007524566640214078 5.67
568 0.007544959508380795 5.68
569 0.007564788387729384 5.69
570 0.007584470938054049 5.7
571 0.007604642946462308 5.71
572 0.007624453122272589 5.72
573 0.007644416010443229 5.73
574 0.007664530376265066 5.74
575 0.007684861679480376 5.75
576 0.00770467688689089 5.76
577 0.007724527091681498 5.77
578 0.007744782880095907 5.78
579 0.007765397825958468 5.79
580 0.007785468902589098 5.8
581 0.007804911206590632 5.81
582 0.007824671194388098 5.82
583 0.007844212304953274 5.83
584 0.007864685050125738 5.84
585 0.007884580232509824 5.850000000000001
586 0.007904492471539433 5.86
587 0.007924934315566094 5.87
588 0.007945842542399294 5.88
589 0.007966462464798429 5.89
590 0.007987082282618907 5.9
591 0.008007954555951265 5.91
592 0.008028909696681562 5.92
593 0.0080502315649453 5.93
594 0.008070925857437444 5.94
595 0.008092608527098293 5.95
596 0.008113594052266665 5.96
597 0.008134416124519199 5.97
598 0.008156047825332892 5.98
599 0.008178012435135273 5.99
600 0.008200009458098876 6
601 0.008222889160892352 6.01
602 0.008246294719785063 6.02
603 0.00826961306614455 6.03
604 0.008292323783640032 6.04
605 0.008315328642573169 6.05
606 0.008337864265216457 6.06
607 0.008361100916244178 6.07
608 0.008385522084862474 6.08
609 0.00840838024008086 6.09
610 0.00843288367760817 6.100000000000001
611 0.008458161010719958 6.11
612 0.008483657601742044 6.12
613 0.008509111197108564 6.13
614 0.008533942691137796 6.140000000000001
615 0.008558705610207709 6.15
616 0.008583711727348235 6.16
617 0.008610714678854993 6.17
618 0.008638882718482151 6.18
619 0.008665817438444388 6.19
620 0.008692664683953223 6.2
621 0.008719210994420894 6.21
622 0.00874479300560271 6.22
623 0.008771490156646373 6.23
624 0.008798416171887775 6.24
625 0.008826528473244881 6.25
626 0.008855331081904245 6.26
627 0.008883097556645084 6.27
628 0.00891093946676897 6.28
629 0.00894044004799056 6.29
630 0.008967827769863664 6.3
631 0.008994507949367084 6.31
632 0.009023274264342169 6.32
633 0.009049960205742464 6.33
634 0.009077642245400521 6.34
635 0.009105875238424823 6.350000000000001
636 0.009131080838076433 6.36
637 0.009159291962070309 6.37
638 0.009187514729834962 6.38
639 0.009216974932328261 6.390000000000001
640 0.009241364523924635 6.4
641 0.009267118656402893 6.41
642 0.009292699741586145 6.42
643 0.00931939736866828 6.43
644 0.00934639092208258 6.44
645 0.009371563054372978 6.45
646 0.009397093291554512 6.46
647 0.009420075243530304 6.47
648 0.009445140209105241 6.48
649 0.009470232926237106 6.49
650 0.009496532358573225 6.5
651 0.009521860127807844 6.51
652 0.009547301397214351 6.52
653 0.009571705693786178 6.53
654 0.009595870643639913 6.54
655 0.009620886581690706 6.55
656 0.009644415576904741 6.56
657 0.009670910576848098 6.57
658 0.009698464382644049 6.58
659 0.009724299368415814 6.59
660 0.00974934607889591 6.600000000000001
661 0.009774410810711252 6.61
662 0.009798798004116968 6.62
663 0.009826458763825815 6.63
664 0.009854238197765054 6.640000000000001
665 0.00988196877938511 6.65
666 0.009906942754314439 6.66
667 0.009933689155409944 6.67
668 0.009960609964173904 6.68
669 0.009988632081656845 6.69
670 0.01001749023442026 6.7
671 0.01004377019908383 6.71
672 0.01006960858884834 6.72
673 0.0100965396263376 6.73
674 0.01012423709147632 6.74
675 0.01015156130109208 6.75
676 0.0101776368626835 6.76
677 0.01020484011635404 6.77
678 0.01023258108180859 6.78
679 0.01025843409418383 6.79
680 0.01028550016803293 6.8
681 0.01031321282947487 6.81
682 0.01034383298688887 6.82
683 0.01037342777972274 6.83
684 0.0104027375379034 6.84
685 0.01043281334087023 6.850000000000001
686 0.01046248858969142 6.86
687 0.01049433819062539 6.87
688 0.01052483945369321 6.88
689 0.01055540263384351 6.890000000000001
690 0.01059051318553221 6.9
691 0.01062561167262053 6.91
692 0.01066086654242251 6.92
693 0.01069790981902121 6.93
694 0.01073565376040578 6.94
695 0.01077128343690657 6.95
696 0.01081118864532687 6.96
697 0.01085632276201786 6.97
698 0.01089994201922629 6.98
699 0.01094602872621349 6.99
700 0.01099102336418069 7
701 0.01103838392888086 7.01
702 0.01108424609252846 7.02
703 0.0111311944948512 7.03
704 0.01117999139648769 7.04
705 0.01122929586526198 7.05
706 0.01127697063221329 7.06
707 0.01132952108520976 7.07
708 0.01137885118319664 7.08
709 0.01141747532500902 7.09
710 0.01145633105894324 7.100000000000001
711 0.01149484404374852 7.11
712 0.01154614484328057 7.12
713 0.01158729069430298 7.13
714 0.01161906899977928 7.140000000000001
715 0.01165730993190573 7.15
716 0.01168509921382988 7.16
717 0.01171789018425841 7.17
718 0.01174312738229654 7.18
719 0.01177930439557867 7.19
720 0.01180148999953549 7.2
721 0.01182246704075125 7.21
722 0.01184706895220477 7.22
723 0.01187374758461841 7.23
724 0.01189718337534708 7.24
725 0.01191899448175938 7.25
726 0.01193044143467576 7.26
727 0.01194390948055589 7.27
728 0.01196212890811483 7.28
729 0.01197879259108098 7.29
730 0.01199910187924808 7.3
731 0.01201000460692294 7.31
732 0.01203303645007048 7.32
733 0.01205538400684543 7.33
734 0.01207085996913475 7.34
735 0.01208931656693166 7.350000000000001
736 0.01210889033904821 7.36
737 0.01213451423770242 7.37
738 0.01215750133584085 7.38
739 0.01219445143560893 7.390000000000001
740 0.012225121259866 7.4
741 0.01225196209652938 7.41
742 0.01228518522723066 7.42
743 0.01231750510936635 7.43
744 0.0123501505253335 7.44
745 0.01239398314383096 7.45
746 0.01243135930288759 7.46
747 0.01247353170704819 7.47
748 0.012515794895187 7.48
749 0.01255319729347694 7.49
750 0.01259583092689714 7.5
751 0.01262796143663729 7.51
752 0.01266664658661551 7.52
753 0.01269809215877304 7.53
754 0.01271956370219469 7.54
755 0.0127371348881538 7.55
756 0.0127575297194855 7.56
757 0.01276518039987391 7.57
758 0.01276648058331806 7.58
759 0.01276954130665758 7.59
760 0.0127756486380295 7.600000000000001
761 0.01277912803568011 7.61
762 0.012777597609375 7.62
763 0.01276739653919701 7.63
764 0.01275350735487252 7.640000000000001
765 0.01274638128470663 7.65
766 0.01274490432427043 7.66
767 0.012739095840307 7.67
768 0.01272861818319143 7.68
769 0.01272288166949024 7.69
770 0.01273289582768364 7.7
771 0.012751772756649 7.71
772 0.01277620735203006 7.72
773 0.01280139247075324 7.73
774 0.01281606160771422 7.74
775 0.01284285134961575 7.75
776 0.01288137060576516 7.76
777 0.01292064200052064 7.77
778 0.01296564542068603 7.78
779 0.01301501153266756 7.79
780 0.01305942208123739 7.8
781 0.01311682371554247 7.81
782 0.0131879472258712 7.82
783 0.01322872709333326 7.83
784 0.01328990329619723 7.84
785 0.0133493129610921 7.850000000000001
786 0.01340653715112089 7.86
787 0.01344602787249511 7.87
788 0.01349288875040767 7.88
789 0.01352852535482273 7.890000000000001
790 0.01356567149328673 7.9
791 0.01359452507442071 7.91
792 0.01361672946005445 7.92
793 0.01363236072497152 7.930000000000001
794 0.01365731025581082 7.94
795 0.0136506668525997 7.95
796 0.01367592916557749 7.96
797 0.01367009938868614 7.97
798 0.01367714692134456 7.98
799 0.01365821197893067 7.99
800 0.01364716697092761 8
801 0.01362471580863569 8.01
802 0.01363504513686065 8.02
803 0.01362446333079723 8.029999999999999
804 0.0136227518865407 8.040000000000001
805 0.01363064717139366 8.050000000000001
806 0.01360709578227532 8.06
807 0.01360131901654244 8.07
808 0.01359488802580726 8.08
809 0.01359012395675103 8.09
810 0.01356927373242266 8.1
811 0.01356078519343953 8.109999999999999
812 0.0135291145124899 8.120000000000001
813 0.01352019663251865 8.130000000000001
814 0.01350143580690555 8.140000000000001
815 0.01346912377158744 8.15
816 0.01343147961427325 8.16
817 0.01342303793840038 8.17
818 0.01339425797719117 8.18
819 0.01339314838876224 8.19
820 0.0133797940529791 8.199999999999999
821 0.01336309747589784 8.210000000000001
822 0.01335818634328307 8.220000000000001
823 0.01336069849141403 8.23
824 0.01337021428673987 8.24
825 0.01336855077904948 8.25
826 0.0133708371595061 8.26
827 0.01338743091856604 8.27
828 0.01338830307366334 8.279999999999999
829 0.01343252420964287 8.290000000000001
830 0.01346562923805347 8.300000000000001
831 0.0134899605690021 8.31
832 0.01352686545669747 8.32
833 0.01355952938542924 8.33
834 0.01361365825934172 8.34
835 0.01366431068521432 8.35
836 0.013735348298702 8.359999999999999
837 0.01382796634468643 8.370000000000001
838 0.01391038326686093 8.380000000000001
839 0.01400705925286467 8.390000000000001
840 0.0141002120288908 8.4
841 0.01416771832787532 8.41
842 0.01425313715131942 8.42
843 0.01435830692721936 8.43
844 0.01447257405936215 8.44
845 0.014573194334467 8.449999999999999
846 0.01467344495613849 8.460000000000001
847 0.01478872527409181 8.470000000000001
848 0.01489494381275775 8.48
849 0.01500585433567348 8.49
850 0.01511313466509051 8.5
851 0.01522578535213283 8.51
852 0.01533949415540795 8.52
853 0.0154535220623091 8.529999999999999
854 0.01556815770333456 8.540000000000001
855 0.01567478652402167 8.550000000000001
856 0.01576462026123424 8.56
857 0.01585859488586076 8.57
858 0.01594031481565271 8.58
859 0.01600739748457101 8.59
860 0.0160810828049326 8.6
861 0.01613898966980739 8.609999999999999
862 0.01621460137795957 8.620000000000001
863 0.01628678992187677 8.630000000000001
864 0.01634982030839166 8.640000000000001
865 0.01641829394947531 8.65
866 0.01647921394620863 8.66
867 0.01654248479765295 8.67
868 0.01659273954738099 8.68
869 0.01664157271049779 8.69
870 0.01668848165494378 8.700000000000001
871 0.01673901816310864 8.710000000000001
872 0.01678879114025926 8.720000000000001
873 0.01682077335997948 8.73
874 0.01686452815422548 8.74
875 0.01690335966690786 8.75
876 0.01694777088931358 8.76
877 0.01699766489241066 8.77
878 0.01704888360098559 8.779999999999999
879 0.01708598166651128 8.790000000000001
880 0.01712818581494242 8.800000000000001
881 0.01717816893268344 8.81
882 0.01722450126868019 8.82
883 0.01726246846253922 8.83
884 0.01729208754528067 8.84
885 0.01733129316416351 8.85
886 0.01737117716497832 8.859999999999999
887 0.01741781920743997 8.870000000000001
888 0.01746463536504666 8.880000000000001
889 0.01749952622140619 8.890000000000001
890 0.01753560737671558 8.9
891 0.01757781832386428 8.91
892 0.01763639421294289 8.92
893 0.01767749873478952 8.93
894 0.01772922075604387 8.94
895 0.01779167274225949 8.950000000000001
896 0.01782560699919847 8.960000000000001
897 0.01785825474714953 8.970000000000001
898 0.01789226170466767 8.98
899 0.01793122284273698 8.99
900 0.01796437556988763 9
901 0.01800439022552927 9.01
902 0.01803169811789906 9.02
903 0.01805055576119698 9.029999999999999
904 0.01807914057865256 9.040000000000001
905 0.0181018507427296 9.050000000000001
906 0.01812119140360426 9.06
907 0.01813891113374448 9.07
908 0.01814041131892501 9.08
909 0.01815370319420833 9.09
910 0.01814396370270224 9.1
911 0.01813502779172944 9.109999999999999
912 0.01815341713013449 9.120000000000001
913 0.01816658893249588 9.130000000000001
914 0.01818027430794502 9.140000000000001
915 0.01817376405853578 9.15
916 0.01817701179685106 9.16
917 0.01816496143009968 9.17
918 0.01814101237497516 9.18
919 0.01813186513798988 9.19
920 0.01810493715810061 9.200000000000001
921 0.01808779052631132 9.210000000000001
922 0.01806510102243208 9.220000000000001
923 0.01805626132456675 9.23
924 0.01802650006849049 9.24
925 0.01801131236693762 9.25
926 0.01799096810421417 9.26
927 0.01798032160388387 9.27
928 0.01797034356306867 9.279999999999999
929 0.01796396680372941 9.290000000000001
930 0.01794397716190655 9.300000000000001
931 0.01794115832856448 9.31
932 0.01793999627967938 9.32
933 0.01794440202658884 9.33
934 0.01794994537668048 9.34
935 0.01795960454117237 9.35
936 0.01798665723125789 9.359999999999999
937 0.01801938621641058 9.370000000000001
938 0.01803295547033289 9.380000000000001
939 0.01805665478889305 9.390000000000001
940 0.01808581738663027 9.4
941 0.01810604380978917 9.41
942 0.01811075754642236 9.42
943 0.01813570847383029 9.43
944 0.01817676249627551 9.44
945 0.01820543973486408 9.450000000000001
946 0.01822427457733163 9.460000000000001
947 0.0182588276784326 9.470000000000001
948 0.01827152318449952 9.48
949 0.01826344153750772 9.49
950 0.01825395155190343 9.5
951 0.01823367958524903 9.51
952 0.01820407088001939 9.52
953 0.01820226194512404 9.529999999999999
954 0.01816924738323584 9.540000000000001
955 0.01812447589969135 9.550000000000001
956 0.01811004893574809 9.56
957 0.01806744864423032 9.57
958 0.01800340127767478 9.58
959 0.01793720013803813 9.59
960 0.01787222011657244 9.6
961 0.01780965483941192 9.609999999999999
962 0.01772493401662331 9.620000000000001
963 0.01763731315483018 9.630000000000001
964 0.01755850929741362 9.640000000000001
965 0.01750185452997847 9.65
966 0.0174419279635791 9.66
967 0.01733998725743424 9.67
968 0.01724286412899565 9.68
969 0.01712962258674193 9.69
970 0.01699181931197929 9.700000000000001
971 0.01687216991742957 9.710000000000001
972 0.01673883074294015 9.720000000000001
973 0.01660030657186918 9.73
974 0.01642725918575179 9.74
975 0.01628388225756658 9.75
976 0.01608753301293243 9.76
977 0.01593607192354255 9.77
978 0.01578430733859081 9.779999999999999
979 0.01562238549209195 9.790000000000001
980 0.01543573833164867 9.800000000000001
981 0.01526736706358638 9.81
982 0.01508971053050373 9.82
983 0.01493992467767091 9.83
984 0.01479436173399342 9.84
985 0.01461920058286223 9.85
986 0.01448568121219833 9.859999999999999
987 0.01435800519414859 9.870000000000001
988 0.01423897259462832 9.880000000000001
989 0.01412066481026737 9.890000000000001
990 0.01401852483261827 9.9
991 0.01393060871655973 9.91
992 0.013825523775737 9.92
993 0.01374941975226366 9.93
994 0.01368839215980234 9.94
995 0.01364200903666397 9.950000000000001
996 0.01358980630719262 9.960000000000001
997 0.01356344319808242 9.970000000000001
998 0.01351728370094277 9.98
999 0.01350764436543822 9.99
1000 0.01349537097890804 10
1001 0.01348686108409778 10.01
1002 0.0135398936216032 10.02
1003 0.01357692363485602 10.03
1004 0.01361814745511803 10.04
1005 0.01363693055284348 10.05
1006 0.01371159501481701 10.06
1007 0.01378746021715863 10.07
1008 0.01384433969959069 10.08
1009 0.0139436006844047 10.09
1010 0.01401549324690132 10.1
1011 0.01407667382311306 10.11
1012 0.01413086041878811 10.12
1013 0.01419419591973082 10.13
1014 0.01427929135036139 10.14
1015 0.01433129462069846 10.15
1016 0.01440998866701884 10.16
1017 0.01448442148248457 10.17
1018 0.01457880731591901 10.18
1019 0.01465360867917126 10.19
1020 0.0147156600813542 10.2
1021 0.01478514667636157 10.21
1022 0.01483061149174655 10.22
1023 0.014876429936606 10.23
1024 0.01489033786374363 10.24
1025 0.0149397561646709 10.25
1026 0.01499841008223134 10.26
1027 0.01503888429822915 10.27
1028 0.01510434811878798 10.28
1029 0.01515842730246594 10.29
1030 0.01518672180876683 10.3
1031 0.0152128370394745 10.31
1032 0.01524300118934153 10.32
1033 0.0152081500550544 10.33
1034 0.01521798942655865 10.34
1035 0.01522703627596346 10.35
1036 0.01521790703635778 10.36
1037 0.01522406161410613 10.37
1038 0.01528694360940742 10.38
1039 0.01531987671644133 10.39
1040 0.01536330235433914 10.4
1041 0.01536854274400714 10.41
1042 0.01542376128266064 10.42
1043 0.01543396038398668 10.43
1044 0.01547592020406004 10.44
1045 0.01552372302937749 10.45
1046 0.01549536972618886 10.46
1047 0.01551488917085058 10.47
1048 0.01547315004123697 10.48
1049 0.015543033754405 10.49
1050 0.01560805510192281 10.5
1051 0.01566124274747586 10.51
1052 0.01570793822290845 10.52
1053 0.0157042697079855 10.53
1054 0.01570911973964956 10.54
1055 0.01574407072199446 10.55
1056 0.01576618662360007 10.56
1057 0.0158181353333219 10.57
1058 0.01586464737279524 10.58
1059 0.01590975547754619 10.59
1060 0.01593715374594985 10.6
1061 0.01597326414173452 10.61
1062 0.01597535226683295 10.62
1063 0.01600848367443619 10.63
1064 0.01600375172898705 10.64
1065 0.01604573860440721 10.65
1066 0.01607658254849924 10.66
1067 0.01610981029276358 10.67
1068 0.01612898770206559 10.68
1069 0.01612054250659199 10.69
1070 0.01610965296045908 10.7
1071 0.01609027029363517 10.71
1072 0.01608988683404529 10.72
1073 0.01612494901813751 10.73
1074 0.01611009947503113 10.74
1075 0.01609510023870276 10.75
1076 0.01610410354590491 10.76
1077 0.01607384468426507 10.77
1078 0.01606505759977608 10.78
1079 0.01603806127054171 10.79
1080 0.01600582307143359 10.8
1081 0.01595994715009614 10.81
1082 0.01593742393085238 10.82
1083 0.01594164818307382 10.83
1084 0.0159419029785316 10.84
1085 0.01591846683428507 10.85
1086 0.01592286654603182 10.86
1087 0.0158701319380461 10.87
1088 0.01582120097974235 10.88
1089 0.01578773624585846 10.89
1090 0.01574879281413482 10.9
1091 0.0157434303892777 10.91
1092 0.01568935655973617 10.92
1093 0.01562739179532092 10.93
1094 0.01560062191803847 10.94
1095 0.01556125254806437 10.95
1096 0.0155071575443065 10.96
1097 0.0154527848789216 10.97
1098 0.01537824121443185 10.98
1099 0.01538818601151313 10.99
1100 0.01539740351869871 11
1101 0.01544047842191124 11.01
1102 0.01543136909279096 11.02
1103 0.01545076268394372 11.03
1104 0.01544401145975241 11.04
1105 0.01541890411771727 11.05
1106 0.01543405890706189 11.06
1107 0.01542138149051488 11.07
1108 0.01542735313468199 11.08
1109 0.01544241348218073 11.09
1110 0.01543877403959236 11.1
1111 0.01548767717208183 11.11
1112 0.01553543223642492 11.12
1113 0.01558068875689274 11.13
1114 0.01564380452642123 11.14
1115 0.01569156661649496 11.15
1116 0.01574850333322155 11.16
1117 0.01580868264331892 11.17
1118 0.01584544121614818 11.18
1119 0.01592021423206935 11.19
1120 0.01603215869031154 11.2
1121 0.01615441540530136 11.21
1122 0.01628011620146112 11.22
1123 0.01635980664024898 11.23
1124 0.0164424827627532 11.24
1125 0.0164985281939033 11.25
1126 0.01657102115733683 11.26
1127 0.01661547861187793 11.27
1128 0.01667880497804847 11.28
1129 0.01672293523828924 11.29
1130 0.01677063030200038 11.3
1131 0.01683186269275574 11.31
1132 0.01690081343122355 11.32
1133 0.01693600865426732 11.33
1134 0.01696463650796631 11.34
1135 0.01698828571732843 11.35
1136 0.0169840327594269 11.36
1137 0.01696969405647739 11.37
1138 0.01691247409323255 11.38
1139 0.0169060358969656 11.39
1140 0.0168624886295559 11.4
1141 0.01683859267176237 11.41
1142 0.01683755270873172 11.42
1143 0.01683599294018705 11.43
1144 0.01681132444393465 11.44
1145 0.01678145202465016 11.45
1146 0.0167687382463076 11.46
1147 0.0167518858654493 11.47
1148 0.01672275531173346 11.48
1149 0.01669384283520172 11.49
1150 0.01667138246319163 11.5
1151 0.01661818044795154 11.51
1152 0.01656366280847219 11.52
1153 0.01652457751070002 11.53
1154 0.01648069668401706 11.54
1155 0.01644442570336815 11.55
1156 0.01641056399438185 11.56
1157 0.01637997425634755 11.57
1158 0.01639426704177099 11.58
1159 0.01639472576549474 11.59
1160 0.01642107942408662 11.6
1161 0.01644118571054663 11.61
1162 0.01647738852305192 11.62
1163 0.01649910288811518 11.63
1164 0.01655193266080903 11.64
1165 0.01657107582653677 11.65
1166 0.0165720507858682 11.66
1167 0.01657284487249927 11.67
1168 0.01657763096920918 11.68
1169 0.01658008717000497 11.69
1170 0.01659076247097094 11.7
1171 0.01660122476338631 11.71
1172 0.01662341169461185 11.72
1173 0.0166381096197554 11.73
1174 0.01663963436973231 11.74
1175 0.01664521445809059 11.75
1176 0.01664024159755214 11.76
1177 0.01663583807609521 11.77
1178 0.01662262442121184 11.78
1179 0.01662418473811176 11.79
1180 0.01661367389109503 11.8
1181 0.01661579646382515 11.81
1182 0.01662534755312541 11.82
1183 0.01664826476375338 11.83
1184 0.0166524800837714 11.84
1185 0.01663367540088659 11.85
1186 0.01662745267182496 11.86
1187 0.01662315683193089 11.87
1188 0.01661554991011111 11.88
1189 0.01660538755004305 11.89
1190 0.01657693150082485 11.9
1191 0.01654821529206923 11.91
1192 0.01653340082690286 11.92
1193 0.01653266156944247 11.93
1194 0.01649596475123992 11.94
1195 0.01646425006991877 11.95
1196 0.01641449493097754 11.96
1197 0.01638235288737672 11.97
1198 0.01632730148432928 11.98
1199 0.01627524050057987 11.99
1200 0.01625739586671194 12
1201 0.01623733796157368 12.01
1202 0.01622258425651111 12.02
1203 0.01620478912100855 12.03
1204 0.01619097415698696 12.04
1205 0.01618229125476012 12.05
1206 0.01616837484782599 12.06
1207 0.01615436035786145 12.07
1208 0.01613632894704458 12.08
1209 0.01610680620649364 12.09
1210 0.0160711236667249 12.1
1211 0.01604294717236397 12.11
1212 0.01599402910292598 12.12
1213 0.01595084502536797 12.13
1214 0.01591286726035734 12.14
1215 0.0158766238222314 12.15
1216 0.01585745011819344 12.16
1217 0.01582951801769979 12.17
1218 0.01581873711500788 12.18
1219 0.01581566994857655 12.19
1220 0.01585686204743229 12.2
1221 0.01584855130886611 12.21
1222 0.01583133060087993 12.22
1223 0.01582080225574042 12.23
1224 0.01578354819474264 12.24
1225 0.01574841006545791 12.25
1226 0.01570856096772983 12.26
1227 0.0156574108970543 12.27
1228 0.01560811742807862 12.28
1229 0.01557449260410089 12.29
1230 0.01553895707759642 12.3
1231 0.01549492250562102 12.31
1232 0.01543835630955951 12.32
1233 0.01537576182346413 12.33
1234 0.01533946433858037 12.34
1235 0.01528307981697308 12.35
1236 0.01520815147792098 12.36
1237 0.0151304316005544 12.37
1238 0.0150545792857419 12.38
1239 0.01501383590768672 12.39
1240 0.01494045025588452 12.4
1241 0.01483510931872487 12.41
1242 0.0147500612679085 12.42
1243 0.01467138696145912 12.43
1244 0.01459695850546529 12.44
1245 0.01450893692719928 12.45
1246 0.01441762641474947 12.46
1247 0.01435610106458466 12.47
1248 0.01430551249330049 12.48
1249 0.01424413671781571 12.49
1250 0.01419467555049807 12.5
1251 0.01414027531539233 12.51
1252 0.01406764625039516 12.52
1253 0.01399327734121449 12.53
1254 0.01391904649607168 12.54
1255 0.01384520608743733 12.55
1256 0.01377336325856318 12.56
1257 0.01372130473423168 12.57
1258 0.01369359751380629 12.58
1259 0.01366345263748998 12.59
1260 0.0136397105969389 12.6
1261 0.01363279907600722 12.61
1262 0.01361821989508347 12.62
1263 0.01361992338990305 12.63
1264 0.01360304459629376 12.64
1265 0.01358829730858931 12.65
1266 0.0135842565000204 12.66
1267 0.0135785397236847 12.67
1268 0.01356258645100502 12.68
1269 0.01356602007534861 12.69
1270 0.0135879869964387 12.7
1271 0.01359075297241042 12.71
1272 0.01361100439333974 12.72
1273 0.01363885162796622 12.73
1274 0.01364677290316026 12.74
1275 0.01367324162518579 12.75
1276 0.01368519434014988 12.76
1277 0.01371248891311264 12.77
1278 0.01373570172204547 12.78
1279 0.01375921446876277 12.79
1280 0.01378273085182496 12.8
1281 0.01380757858883049 12.81
1282 0.01384040262285818 12.82
1283 0.01386828748551992 12.83
1284 0.01388003803844814 12.84
1285 0.01389623729986372 12.85
1286 0.01392144115740966 12.86
1287 0.01395750300729043 12.87
1288 0.01398812824997164 12.88
1289 0.01403058363911694 12.89
1290 0.01409076826172005 12.9
1291 0.01413636748070512 12.91
1292 0.01420851755322241 12.92
1293 0.01430238921652963 12.93
1294 0.01438574091437052 12.94
1295 0.0144823273541217 12.95
1296 0.01455711305658398 12.96
1297 0.0146238131368551 12.97
1298 0.01470054838531682 12.98
1299 0.01477234989539044 12.99
1300 0.01484831383922385 13
1301 0.01493103949383793 13.01
1302 0.01498913111888049 13.02
1303 0.01506179862653911 13.03
1304 0.01514025188772919 13.04
1305 0.01522140825857169 13.05
1306 0.01529498426923072 13.06
1307 0.01536587575658541 13.07
1308 0.01545156398590329 13.08
1309 0.01552456447110855 13.09
1310 0.01558524750914339 13.1
1311 0.01562985527697103 13.11
1312 0.01564540670028745 13.12
1313 0.01566962149094267 13.13
1314 0.01567419169927178 13.14
1315 0.01568072838907289 13.15
1316 0.01568090199533686 13.16
1317 0.01565783712954728 13.17
1318 0.01563794709681932 13.18
1319 0.01562185676836013 13.19
1320 0.01562345408977156 13.2
1321 0.01558742032248215 13.21
1322 0.01558402999353 13.22
1323 0.0156089312519805 13.23
1324 0.01561925473829422 13.24
1325 0.01561607309580542 13.25
1326 0.01559982512839059 13.26
1327 0.01558663621345946 13.27
1328 0.0155673068087417 13.28
1329 0.01554779629658927 13.29
1330 0.0155089376777671 13.3
1331 0.01546587107680041 13.31
1332 0.01542482014507173 13.32
1333 0.01539318590564427 13.33
1334 0.01535937370916039 13.34
1335 0.01531474995994979 13.35
1336 0.01529109378958815 13.36
1337 0.01525160364164125 13.37
1338 0.01522245878901006 13.38
1339 0.01520990919285737 13.39
1340 0.01516732862123805 13.4
1341 0.01514090643186706 13.41
1342 0.01507580164839543 13.42
1343 0.0150245462249926 13.43
1344 0.0150082502034402 13.44
1345 0.01498103045938714 13.45
1346 0.01492184762876474 13.46
1347 0.01487698712720126 13.47
1348 0.01485493122034195 13.48
1349 0.01485550247130391 13.49
1350 0.01484390489293717 13.5
1351 0.0148318395325787 13.51
1352 0.01480470518353324 13.52
1353 0.01477537200034914 13.53
1354 0.01479490084837346 13.54
1355 0.01480720565752493 13.55
1356 0.01485298297320119 13.56
1357 0.01487822208497714 13.57
1358 0.01488795181539856 13.58
1359 0.01492664751689028 13.59
1360 0.01492052262025782 13.6
1361 0.01493434326442713 13.61
1362 0.01496775957488234 13.62
1363 0.01498234893911765 13.63
1364 0.01499804263694701 13.64
1365 0.01503665834312143 13.65
1366 0.01512090651901626 13.66
1367 0.01519007436538923 13.67
1368 0.01525882583629694 13.68
1369 0.01532711423385793 13.69
1370 0.0153847914560486 13.7
1371 0.01542709144609839 13.71
1372 0.01548941761372237 13.72
1373 0.01552208974184252 13.73
1374 0.01558077545319202 13.74
1375 0.0156429791036112 13.75
1376 0.01569758309637078 13.76
1377 0.01574070117220781 13.77
1378 0.01578607662617191 13.78
1379 0.01584813153061319 13.79
1380 0.01589474422878563 13.8
1381 0.01594074129345054 13.81
1382 0.01597233297696691 13.82
1383 0.01600259984881991 13.83
1384 0.01603815691119814 13.84
1385 0.01605173790875338 13.85
1386 0.01607365182196337 13.86
1387 0.01608760653691221 13.87
1388 0.0161088273351698 13.88
1389 0.01611713935521717 13.89
1390 0.01612193320740914 13.9
1391 0.0161364245975061 13.91
1392 0.01615679502287171 13.92
1393 0.01616268157132772 13.93
1394 0.01615386558481403 13.94
1395 0.01615031283582594 13.95
1396 0.01614021252125993 13.96
1397 0.01612652202556826 13.97
1398 0.01610188698275581 13.98
1399 0.016109502490185 13.99
1400 0.01606443531759804 14
1401 0.01604675904703622 14.01
1402 0.01601294011048155 14.02
1403 0.01599524430457378 14.03
1404 0.0159501876502712 14.04
1405 0.0158930822362607 14.05
1406 0.01584776785774239 14.06
1407 0.01580517804936428 14.07
1408 0.01577377732622843 14.08
1409 0.01571701493363137 14.09
1410 0.01568391300098342 14.1
1411 0.01564076782057375 14.11
1412 0.01560745312580247 14.12
1413 0.01557151761999507 14.13
1414 0.01553373111184728 14.14
1415 0.01549352160052629 14.15
1416 0.0154061419250602 14.16
1417 0.01537904384082552 14.17
1418 0.01535338043567381 14.18
1419 0.01532545492061812 14.19
1420 0.01528513033677002 14.2
1421 0.01525819329581169 14.21
1422 0.01523348280738601 14.22
1423 0.01520231317580118 14.23
1424 0.01516465804766125 14.24
1425 0.01513444280514972 14.25
1426 0.0150819897969407 14.26
1427 0.0150399786815931 14.27
1428 0.0150110884684426 14.28
1429 0.01499234160219847 14.29
1430 0.01500429471698416 14.3
1431 0.01498211252912747 14.31
1432 0.01501536351450798 14.32
1433 0.0149863951109417 14.33
1434 0.01494940455893526 14.34
1435 0.01487588983419365 14.35
1436 0.01481570486781672 14.36
1437 0.01478220970998813 14.37
1438 0.01473043249541603 14.38
1439 0.01472372517918442 14.39
1440 0.01475262308353429 14.4
1441 0.01476249411384366 14.41
1442 0.01475253393057016 14.42
1443 0.0147214177814233 14.43
1444 0.01471493957307656 14.44
1445 0.01469624036641765 14.45
1446 0.01470592331186712 14.46
1447 0.01469191264370243 14.47
1448 0.01467710827540103 14.48
1449 0.01465291366375441 14.49
1450 0.01463200176952742 14.5
1451 0.01462914217467744 14.51
1452 0.01465947391485809 14.52
1453 0.01465516808871251 14.53
1454 0.01466273277467313 14.54
1455 0.01467888568275629 14.55
1456 0.014684201027246 14.56
1457 0.01468208736190493 14.57
1458 0.01468290897018976 14.58
1459 0.01468529753950762 14.59
1460 0.01468958347575625 14.6
1461 0.01471979722335897 14.61
1462 0.01473228498337539 14.62
1463 0.01473453903635101 14.63
1464 0.01474806673909158 14.64
1465 0.01475846478418439 14.65
1466 0.01478301989612642 14.66
1467 0.0147962152001039 14.67
1468 0.0148130742358714 14.68
1469 0.01483036605986099 14.69
1470 0.01481432622629205 14.7
1471 0.01481364208404891 14.71
1472 0.01482249866928375 14.72
1473 0.01479004975994221 14.73
1474 0.01477630615819751 14.74
1475 0.01478161203407271 14.75
1476 0.0147916243280824 14.76
1477 0.01476737202300373 14.77
1478 0.01475461981135287 14.78
1479 0.01471802014452169 14.79
1480 0.01467547631782311 14.8
1481 0.01462479200970025 14.81
1482 0.01458306599271018 14.82
1483 0.0145292773872233 14.83
1484 0.01449321105042019 14.84
1485 0.01444523526808959 14.85
1486 0.01440659287321785 14.86
1487 0.01438788227143462 14.87
1488 0.01435223184228518 14.88
1489 0.0143005693295226 14.89
1490 0.01426631957933164 14.9
1491 0.01422544450023148 14.91
1492 0.01417290476890926 14.92
1493 0.01413296585177562 14.93
1494 0.01409981290068238 14.94
1495 0.01406388787602519 14.95
1496 0.01401483070025434 14.96
1497 0.01398291434712596 14.97
1498 0.01395852769439067 14.98
1499 0.01394454162384191 14.99
1500 0.01392910394593527 15
1501 0.01388685765516869 15.01
1502 0.01386403916461268 15.02
1503 0.01383997104901206 15.03
1504 0.01380043574312888 15.04
1505 0.01378611265622048 15.05
1506 0.01378635510245757 15.06
1507 0.01377145991981292 15.07
1508 0.01374998292096741 15.08
1509 0.01374169691668505 15.09
1510 0.01372557350885364 15.1
1511 0.01370994706507563 15.11
1512 0.01369527446048529 15.12
1513 0.0136836201508292 15.13
1514 0.0136603049239248 15.14
1515 0.01364575541953978 15.15
1516 0.01363527735339116 15.16
1517 0.01363653873991175 15.17
1518 0.01363942163055681 15.18
1519 0.01361576992836417 15.19
1520 0.01359901986346554 15.2
1521 0.01360536396692309 15.21
1522 0.0135920869352748 15.22
1523 0.01357377864873138 15.23
1524 0.01355715808884333 15.24
1525 0.01353226128693888 15.25
1526 0.013528681836252 15.26
1527 0.01350551557784997 15.27
1528 0.01350562073188909 15.28
1529 0.01350371647053044 15.29
1530 0.01349153479482823 15.3
1531 0.0134927476160429 15.31
1532 0.01350123105163765 15.32
1533 0.01350060718769183 15.33
1534 0.01349807115784919 15.34
1535 0.01349070838633875 15.35
1536 0.01347982412214904 15.36
1537 0.01347455390730207 15.37
1538 0.01345706818677247 15.38
1539 0.01344599477707117 15.39
1540 0.01343792910304225 15.4
1541 0.01344256225244485 15.41
1542 0.0134336402067799 15.42
1543 0.01343407886272344 15.43
1544 0.013440302873939 15.44
1545 0.01345663992661661 15.45
1546 0.01346918595027659 15.46
1547 0.01349530908124181 15.47
1548 0.01350685076805962 15.48
1549 0.01351246267179976 15.49
1550 0.01352833893897348 15.5
1551 0.01356568998798318 15.51
1552 0.01359210607992077 15.52
1553 0.01363462314265054 15.53
1554 0.01368261776473009 15.54
1555 0.01372625672681067 15.55
1556 0.01377683698459135 15.56
1557 0.01382788576415496 15.57
1558 0.0138642752321578 15.58
1559 0.01391331430301854 15.59
1560 0.01396055404536422 15.6
1561 0.01399547527201028 15.61
1562 0.01402138104161042 15.62
1563 0.01406367964717281 15.63
1564 0.01410883650940051 15.64
1565 0.01417176334968135 15.65
1566 0.0142619903728796 15.66
1567 0.01433364719323395 15.67
1568 0.01440693616959117 15.68
1569 0.01448079912634337 15.69
1570 0.01452401865021709 15.7
1571 0.0145597464083692 15.71
1572 0.01459326876642514 15.72
1573 0.01461603500322923 15.73
1574 0.01464263641111826 15.74
1575 0.01466487959364449 15.75
1576 0.01468145853470806 15.76
1577 0.01471252256921296 15.77
1578 0.01474513368276519 15.78
1579 0.0147682490365429 15.79
1580 0.01478315940548388 15.8
1581 0.01478778404444511 15.81
1582 0.01478702543819983 15.82
1583 0.01478419988124786 15.83
1584 0.01480106270918817 15.84
1585 0.01479433946950827 15.85
1586 0.0148015432449751 15.86
1587 0.01478717465689038 15.87
1588 0.0148055951123468 15.88
1589 0.01482297359067999 15.89
1590 0.01481337887975797 15.9
1591 0.01481895680902871 15.91
1592 0.0147892619415814 15.92
1593 0.01479436421520781 15.93
1594 0.01477900921755575 15.94
1595 0.01476976232401655 15.95
1596 0.01474384350359028 15.96
1597 0.01473958909931726 15.97
1598 0.01471950609441437 15.98
1599 0.0147078360354043 15.99
1600 0.0146963537926618 16
1601 0.01468278089190733 16.01
1602 0.01468000506611047 16.02
1603 0.01466292630587403 16.03
1604 0.01465863986667559 16.04
1605 0.01464840136073545 16.05
1606 0.01464028642531921 16.06
1607 0.01463975641945581 16.07
1608 0.01463976911691348 16.08
1609 0.01462059273669348 16.09
1610 0.01462981146801282 16.1
1611 0.01463702511870311 16.11
1612 0.01465509084025137 16.12
1613 0.01467013585525225 16.13
1614 0.01467814331983611 16.14
1615 0.0147195368621308 16.15
1616 0.0147437798302952 16.16
1617 0.01476486673070857 16.17
1618 0.0147940994167137 16.18
1619 0.01483611613462352 16.19
1620 0.01486643095014085 16.2
1621 0.01487734685376321 16.21
1622 0.01490044287245963 16.22
1623 0.01492455572924596 16.23
1624 0.01494071038116049 16.24
1625 0.01496825647074846 16.25
1626 0.01499190908493121 16.26
1627 0.01501632122723377 16.27
1628 0.01503224418954799 16.28
1629 0.01505675972398215 16.29
1630 0.01508674891873522 16.3
1631 0.0151128872865077 16.31
1632 0.01516612192405751 16.32
1633 0.01520247916382261 16.33
1634 0.01522586978658288 16.34
1635 0.01526815271269565 16.35
1636 0.0152933723872927 16.36
1637 0.01530873521290451 16.37
1638 0.01532174039672592 16.38
1639 0.01533531675920524 16.39
1640 0.01536153898230265 16.4
1641 0.01539192352104771 16.41
1642 0.01541241462119384 16.42
1643 0.01545421665119099 16.43
1644 0.01547805225008284 16.44
1645 0.01553586691644812 16.45
1646 0.0155765860039963 16.46
1647 0.01561710952791887 16.47
1648 0.01564311289814401 16.48
1649 0.01563442086969764 16.49
1650 0.01563651752640485 16.5
1651 0.01562271260069596 16.51
1652 0.01564410009193762 16.52
1653 0.01567320211820028 16.53
1654 0.01569581277557043 16.54
1655 0.01571088337912853 16.55
1656 0.01573010822386026 16.56
1657 0.01569252807621749 16.57
1658 0.01570478822987889 16.58
1659 0.01570340485032785 16.59
1660 0.01566850895566859 16.6
1661 0.01565549464818409 16.61
1662 0.01561992480455334 16.62
1663 0.01560350488413392 16.63
1664 0.01561716818370302 16.64
1665 0.0155768709416389 16.65
1666 0.0155464322937333 16.66
1667 0.01551744653569173 16.67
1668 0.0154835332614604 16.68
1669 0.01545649071568077 16.69
1670 0.0154562748532501 16.7
1671 0.01541602039473595 16.71
1672 0.01539030416160658 16.72
1673 0.01537131849618576 16.73
1674 0.01533929552345822 16.74
1675 0.01529661015926084 16.75
1676 0.01527098411192859 16.76
1677 0.01522364788923109 16.77
1678 0.01520256539853892 16.78
1679 0.01522642313875126 16.79
1680 0.01520393252813673 16.8
1681 0.01517974832466133 16.81
1682 0.01517166037458443 16.82
1683 0.01516758473027373 16.83
1684 0.0151611403165961 16.84
1685 0.01513376850277497 16.85
1686 0.01511695846646725 16.86
1687 0.01511107362520294 16.87
1688 0.01510793353729695 16.88
1689 0.01511927792950059 16.89
1690 0.01514987447434032 16.9
1691 0.0151730754378696 16.91
1692 0.01517600794441426 16.92
1693 0.01518514571240262 16.93
1694 0.0152034023811255 16.94
1695 0.015222397330882 16.95
1696 0.01521900086646714 16.96
1697 0.01525590440613113 16.97
1698 0.0152600488080718 16.98
1699 0.01528436067773628 16.99
1700 0.0152959700597538 17
1701 0.01533793368515776 17.01
1702 0.01536542036039622 17.02
1703 0.01542262614626284 17.03
1704 0.01544921771833665 17.04
1705 0.01545765340164688 17.05
1706 0.01544443139814168 17.06
1707 0.01543246035613298 17.07
1708 0.01538544832574708 17.08
1709 0.01537497504661915 17.09
1710 0.01540421226556811 17.1
1711 0.01539958479943745 17.11
1712 0.0154067858679123 17.12
1713 0.01539676406003796 17.13
1714 0.01542317232825202 17.14
1715 0.01544313310461931 17.15
1716 0.01542959728111503 17.16
1717 0.01541774773845352 17.17
1718 0.0153918115605884 17.18
1719 0.0153566796318241 17.19
1720 0.01534555866294822 17.2
1721 0.01532698349416706 17.21
1722 0.01528270712839228 17.22
1723 0.01526065707254229 17.23
1724 0.01524044724860499 17.24
1725 0.01521657915838556 17.25
1726 0.0151996405511986 17.26
1727 0.01518807515033613 17.27
1728 0.01515721030333269 17.28
1729 0.01512039173454428 17.29
1730 0.01507063317186723 17.3
1731 0.01501129353822482 17.31
1732 0.01494346248131965 17.32
1733 0.01488639053206772 17.33
1734 0.01486729157269617 17.34
1735 0.01478277468059486 17.35
1736 0.01476001851105671 17.36
1737 0.01473010691593663 17.37
1738 0.01465771208957528 17.38
1739 0.01464073867015085 17.39
1740 0.01455871903276997 17.4
1741 0.01447741444589591 17.41
1742 0.01439894642149745 17.42
1743 0.01434795697486615 17.43
1744 0.01429049481028675 17.44
1745 0.01424523581553483 17.45
1746 0.01417727707706742 17.46
1747 0.01413172941474478 17.47
1748 0.0140854331578577 17.48
1749 0.01402660441573336 17.49
1750 0.01394594604616597 17.5
1751 0.01388514656995115 17.51
1752 0.01384722518387312 17.52
1753 0.01377983023285989 17.53
1754 0.01372616387691324 17.54
1755 0.01366451792461807 17.55
1756 0.01360407005230929 17.56
1757 0.01353171922947284 17.57
1758 0.01348149586551528 17.58
1759 0.01341916559223406 17.59
1760 0.01336138006169769 17.6
1761 0.0133086129579075 17.61
1762 0.01325909213723051 17.62
1763 0.01323248543746025 17.63
1764 0.01318099664320954 17.64
1765 0.01314919303590175 17.65
1766 0.01309557355383196 17.66
1767 0.01307155631500932 17.67
1768 0.01302921483578746 17.68
1769 0.01301123423324895 17.69
1770 0.01299199805676091 17.7
1771 0.01299945584871155 17.71
1772 0.01297230228246811 17.72
1773 0.01295608289680244 17.73
1774 0.01294616584634986 17.74
1775 0.0129333409007781 17.75
1776 0.0129088022731906 17.76
1777 0.0129131866503865 17.77
1778 0.01292310703269929 17.78
1779 0.01293059230976313 17.79
1780 0.01295761090718324 17.8
1781 0.0129878012561219 17.81
1782 0.01303392545317565 17.82
1783 0.01308906728478745 17.83
1784 0.01311951349688224 17.84
1785 0.0131523060819691 17.85
1786 0.01319685443546156 17.86
1787 0.01324290462161333 17.87
1788 0.01328221311335126 17.88
1789 0.01332943341867117 17.89
1790 0.01337931393404307 17.9
1791 0.01342897131973952 17.91
1792 0.01347146584982149 17.92
1793 0.01352859035437116 17.93
1794 0.01358740276972102 17.94
1795 0.01365102874553971 17.95
1796 0.01372274421882715 17.96
1797 0.01376741500491505 17.97
1798 0.01383738564163376 17.98
1799 0.01389340742704076 17.99
1800 0.01397141217321198 18
1801 0.0140165336395535 18.01
1802 0.01407494802214378 18.02
1803 0.01412635172288445 18.03
1804 0.01415871192316619 18.04
1805 0.01420729306204169 18.05
1806 0.01424576320335877 18.06
1807 0.01428865578462816 18.07
1808 0.01432054554737932 18.08
1809 0.01435526837476228 18.09
1810 0.01439957928542649 18.1
1811 0.01445024399966068 18.11
1812 0.01448277349851622 18.12
1813 0.01454987808930973 18.13
1814 0.01456301437225267 18.14
1815 0.01465799109436919 18.15
1816 0.01473694511221026 18.16
1817 0.01478627554439695 18.17
1818 0.01484578607788052 18.18
1819 0.01491019585933687 18.19
1820 0.01496124973463104 18.2
1821 0.01502827523033221 18.21
1822 0.01506717722246365 18.22
1823 0.01511805721074085 18.23
1824 0.01515144909466995 18.24
1825 0.01518359795721463 18.25
1826 0.01522227943204374 18.26
1827 0.0152751593064749 18.27
1828 0.01536998403460626 18.28
1829 0.01538586674720884 18.29
1830 0.0154223650580321 18.3
1831 0.01546846296646655 18.31
1832 0.01552856616781856 18.32
1833 0.01559285858437629 18.33
1834 0.01562555913055539 18.34
1835 0.01567342008981663 18.35
1836 0.01570274486145883 18.36
1837 0.01572385823859369 18.37
1838 0.01577813537651369 18.38
1839 0.01577167646414588 18.39
1840 0.01573940987668028 18.4
1841 0.01571199796431397 18.41
1842 0.01570385907848406 18.42
1843 0.01571171671756672 18.43
1844 0.01569534970938652 18.44
1845 0.01566179815159599 18.45
1846 0.01564728800867275 18.46
1847 0.01562033009373562 18.47
1848 0.01559062140015011 18.48
1849 0.01557291978088385 18.49
1850 0.01551688378922361 18.5
1851 0.01546402835541874 18.51
1852 0.0154099185418977 18.52
1853 0.01533256619685938 18.53
1854 0.0153028844791208 18.54
1855 0.01525225829016945 18.55
1856 0.01521552117167655 18.56
1857 0.01516569109387201 18.57
1858 0.01514542663049897 18.58
1859 0.01509062861089348 18.59
1860 0.01501528703199796 18.6
1861 0.01494669121459665 18.61
1862 0.01487243615995189 18.62
1863 0.01480952460547984 18.63
1864 0.0147350565838973 18.64
1865 0.0146841996259024 18.65
1866 0.0146253947661647 18.66
1867 0.01456770460675908 18.67
1868 0.01450990510081135 18.68
1869 0.01444023551170041 18.69
1870 0.01437324711725275 18.7
1871 0.01435110860088832 18.71
1872 0.01430496851135677 18.72
1873 0.01426184951143217 18.73
1874 0.01423056035091043 18.74
1875 0.01420149464143805 18.75
1876 0.01415499189122972 18.76
1877 0.01412676735884283 18.77
1878 0.01408669768892556 18.78
1879 0.01406028713874036 18.79
1880 0.01404027300628443 18.8
1881 0.01399133444638279 18.81
1882 0.01394204278764721 18.82
1883 0.01389655378555859 18.83
1884 0.01384784228839199 18.84
1885 0.01384038791763786 18.85
1886 0.01383997312151288 18.86
1887 0.01383047202745036 18.87
1888 0.0138504396081869 18.88
1889 0.01384790214837642 18.89
1890 0.0138643743038223 18.9
1891 0.01387794718624528 18.91
1892 0.01387082709073913 18.92
1893 0.01385263443099667 18.93
1894 0.01381466632394686 18.94
1895 0.0138327995425585 18.95
1896 0.01384058802107317 18.96
1897 0.01384774161002725 18.97
1898 0.01387421895592538 18.98
1899 0.01390461241146614 18.99
1900 0.01392827470814728 19
1901 0.01393761283010031 19.01
1902 0.01396065422486246 19.02
1903 0.01398334991011769 19.03
1904 0.01398242641918117 19.04
1905 0.01403370903491596 19.05
1906 0.01406631576491826 19.06
1907 0.0141064999634274 19.07
1908 0.01412570145759757 19.08
1909 0.01415935520101291 19.09
1910 0.01420128061621916 19.1
1911 0.01423668396370495 19.11
1912 0.01426169551153996 19.12
1913 0.01430081427851079 19.13
1914 0.01436388481350663 19.14
1915 0.01442524792400831 19.15
1916 0.01446271800089503 19.16
1917 0.01451113681676598 19.17
1918 0.01454501364839067 19.18
1919 0.01456847221374579 19.19
1920 0.01460409304512479 19.2
1921 0.01464868395497666 19.21
1922 0.01467699037922222 19.22
1923 0.01472821648380107 19.23
1924 0.01477317031823886 19.24
1925 0.01481656217117779 19.25
1926 0.01486118153165511 19.26
1927 0.01490708104727538 19.27
1928 0.01495113828189857 19.28
1929 0.01498535376853493 19.29
1930 0.01501422846830679 19.3
1931 0.0150447710637778 19.31
1932 0.01508570838700333 19.32
1933 0.0151279172109856 19.33
1934 0.01515945160288575 19.34
1935 0.01520936541506628 19.35
1936 0.01523778182532868 19.36
1937 0.01526109843070632 19.37
1938 0.01528931383520276 19.38
1939 0.01530809586872867 19.39
1940 0.01533228273225756 19.4
1941 0.01535224768069831 19.41
1942 0.01538069988084194 19.42
1943 0.01540335918850988 19.43
1944 0.01542014214141879 19.44
1945 0.01544697691779944 19.45
1946 0.01547620760804379 19.46
1947 0.01550074170255064 19.47
1948 0.01552543166761277 19.48
1949 0.01553561415048203 19.49
1950 0.01556329927946506 19.5
1951 0.01559644318399286 19.51
1952 0.01561622745545561 19.52
1953 0.01562597666634662 19.53
1954 0.01563832652258682 19.54
1955 0.01563843695571738 19.55
1956 0.01565402508059999 19.56
1957 0.01564887230686436 19.57
1958 0.01566239883644015 19.58
1959 0.01566990951078314 19.59
1960 0.01567349316597295 19.6
1961 0.01567213714018936 19.61
1962 0.01567842120848481 19.62
1963 0.015698573355094 19.63
1964 0.01571523569040582 19.64
1965 0.01573735538925643 19.65
1966 0.01574387722381077 19.66
1967 0.01576424205467736 19.67
1968 0.01576132542818565 19.68
1969 0.0157695859969737 19.69
1970 0.01577992528861599 19.7
1971 0.01578851354498306 19.71
1972 0.01577923811777065 19.72
1973 0.0157971218766638 19.73
1974 0.01581796636660068 19.74
1975 0.01583725671685788 19.75
1976 0.01586619274973632 19.76
1977 0.01589231881003502 19.77
1978 0.01593111497535959 19.78
1979 0.01594651979314715 19.79
1980 0.01594873445916143 19.8
1981 0.01595767249637988 19.81
1982 0.01596357172345912 19.82
1983 0.01599511834023931 19.83
1984 0.01600969380384572 19.84
1985 0.01602889493071798 19.85
1986 0.01603398760731812 19.86
1987 0.0160465408380221 19.87
1988 0.01606756727690465 19.88
1989 0.01611036873706367 19.89
1990 0.0161278425157599 19.9
1991 0.01614695778556109 19.91
1992 0.01614047001712274 19.92
1993 0.0161464982171528 19.93
1994 0.01615491870737785 19.94
1995 0.01616888252016354 19.95
1996 0.01620448171528675 19.96
1997 0.0162063128112869 19.97
1998 0.01622905980752747 19.98
1999 0.01624345402347437 19.99
2000 0.01625316011516872 20
2001 0.01628064715401278 20.01
2002 0.01630904682650853 20.02
2003 0.01631816813368532 20.03
2004 0.01631557114227393 20.04
2005 0.01630523519055913 20.05
2006 0.01629303648205919 20.06
2007 0.01627757053252972 20.07
2008 0.01628780571119279 20.08
2009 0.0162842994809365 20.09
2010 0.01629763796445245 20.1
2011 0.01630609783650601 20.11
2012 0.01630716847463402 20.12
2013 0.01631487003406256 20.13
2014 0.01630169557524816 20.14
2015 0.01629765129555133 20.15
2016 0.0162849345542497 20.16
2017 0.01625668517987279 20.17
2018 0.01624148788840331 20.18
2019 0.01622815805375985 20.19
2020 0.01619931728847179 20.2
2021 0.01617611787262383 20.21
2022 0.01615100846509998 20.22
2023 0.01613690231349353 20.23
2024 0.01611504846791242 20.24
2025 0.01609261235251525 20.25
2026 0.01609000995884874 20.26
2027 0.01606624474876535 20.27
2028 0.0160583996634142 20.28
2029 0.01602678921373683 20.29
2030 0.0160027349926431 20.3
2031 0.01597872261776626 20.31
2032 0.01596256165316882 20.32
2033 0.0159504753542553 20.33
2034 0.01592172902597069 20.34
2035 0.0158956325410351 20.35
2036 0.01588101891296356 20.36
2037 0.01586292756522967 20.37
2038 0.01586145963013045 20.38
2039 0.01585550527427825 20.39
2040 0.01584905119025251 20.4
2041 0.01581961814493223 20.41
2042 0.01580340009332664 20.42
2043 0.01577938829785337 20.43
2044 0.01575734570522098 20.44
2045 0.01571723550093315 20.45
2046 0.01570048984521696 20.46
2047 0.0156732732740578 20.47
2048 0.01565852353717059 20.48
2049 0.01565301166464252 20.49
2050 0.01564696769665257 20.5
2051 0.01564273684690987 20.51
2052 0.01564463347075879 20.52
2053 0.01561613751517164 20.53
2054 0.01557868812884759 20.54
2055 0.01554923875505706 20.55
2056 0.01551191732747288 20.56
2057 0.01550382121935913 20.57
2058 0.01548864730745926 20.58
2059 0.01546697592911186 20.59
2060 0.01548343976796358 20.6
2061 0.0154829640413428 20.61
2062 0.01548330086126046 20.62
2063 0.01550771526883487 20.63
2064 0.01550682125187181 20.64
2065 0.01551674490605614 20.65
2066 0.01550709891159325 20.66
2067 0.015521802558457 20.67
2068 0.01550980316530822 20.68
2069 0.01548045940714019 20.69
2070 0.01548386898112756 20.7
2071 0.01550616018547957 20.71
2072 0.01550762801215164 20.72
2073 0.01552182096209715 20.73
2074 0.01555741937930198 20.74
2075 0.0155876076094692 20.75
2076 0.01561875062773829 20.76
2077 0.01564801368236832 20.77
2078 0.01569335904231551 20.78
2079 0.01569874229873 20.79
2080 0.01570648916566697 20.8
2081 0.01572357115828078 20.81
2082 0.01576591031767932 20.82
2083 0.01578850637131526 20.83
2084 0.01582865523779488 20.84
2085 0.01585636600950818 20.85
2086 0.01586780092378868 20.86
2087 0.01591407616256663 20.87
2088 0.01593147700242009 20.88
2089 0.01594987783174846 20.89
2090 0.01598433796177862 20.9
2091 0.01597837064151846 20.91
2092 0.01598214689638879 20.92
2093 0.01598938806909779 20.93
2094 0.01601286005804442 20.94
2095 0.01601483082036402 20.95
2096 0.01602490495346692 20.96
2097 0.01602718869485992 20.97
2098 0.01604295378891266 20.98
2099 0.01606473066443664 20.99
2100 0.01609085017460329 21
2101 0.01609115252905476 21.01
2102 0.01609824845293972 21.02
2103 0.01611969835347041 21.03
2104 0.01614164135579035 21.04
2105 0.01615791226608866 21.05
2106 0.01615859507257203 21.06
2107 0.01613290052292544 21.07
2108 0.0161305569481365 21.08
2109 0.01612946873660902 21.09
2110 0.01613381788869143 21.1
2111 0.01611411676154191 21.11
2112 0.01612553210174457 21.12
2113 0.0161368378878165 21.13
2114 0.01610826070891323 21.14
2115 0.01610816865769346 21.15
2116 0.01612568034008144 21.16
2117 0.01616418542914119 21.17
2118 0.01621669555894884 21.18
2119 0.01622898361239221 21.19
2120 0.01625812910761629 21.2
2121 0.01628033899883987 21.21
2122 0.01627335589732629 21.22
2123 0.01628570435836523 21.23
2124 0.01629655753205072 21.24
2125 0.01633346258177764 21.25
2126 0.01635812056262638 21.26
2127 0.0163963205120116 21.27
2128 0.0164398343117692 21.28
2129 0.0165122690247603 21.29
2130 0.01658750079908257 21.3
2131 0.01664414027284918 21.31
2132 0.01669696818044808 21.32
2133 0.01677288521445416 21.33
2134 0.01684961439747151 21.34
2135 0.01690685082844645 21.35
2136 0.0169754356016064 21.36
2137 0.01704653874516677 21.37
2138 0.01711990661541504 21.38
2139 0.01717865337010095 21.39
2140 0.01726333114017791 21.4
2141 0.0173445652770505 21.41
2142 0.01739318421741216 21.42
2143 0.01748794510476942 21.43
2144 0.01756804192432635 21.44
2145 0.01763452200313619 21.45
2146 0.01772353031289613 21.46
2147 0.01779715620744489 21.47
2148 0.01787268953764787 21.48
2149 0.01792000751874722 21.49
2150 0.01797409699583547 21.5
2151 0.01802824497971303 21.51
2152 0.01809375919459152 21.52
2153 0.01814554251123762 21.53
2154 0.01816281118061051 21.54
2155 0.01818319764301017 21.55
2156 0.01821712588999042 21.56
2157 0.01825780577609488 21.57
2158 0.0183142626573445 21.58
2159 0.0183262739019988 21.59
2160 0.01834905523743895 21.6
2161 0.01838167820124771 21.61
2162 0.01842223448597617 21.62
2163 0.01841665130438122 21.63
2164 0.01843094920185356 21.64
2165 0.01841916597903603 21.65
2166 0.0184461318345618 21.66
2167 0.01846170214718016 21.67
2168 0.01847789554024411 21.68
2169 0.01848247406020357 21.69
2170 0.01849196619587361 21.7
2171 0.01849947711754399 21.71
2172 0.01851842166006256 21.72
2173 0.01849164944137215 21.73
2174 0.01847461347340222 21.74
2175 0.01847688727403263 21.75
2176 0.01844425084289541 21.76
2177 0.01839672903633472 21.77
2178 0.01836747561646215 21.78
2179 0.01833133959399939 21.79
2180 0.0183280155829294 21.8
2181 0.0183608071468791 21.81
2182 0.01832131663204496 21.82
2183 0.01832679595944604 21.83
2184 0.01829715533084272 21.84
2185 0.0182295182133591 21.85
2186 0.01818549901545324 21.86
2187 0.01814746972531695 21.87
2188 0.01811545151094666 21.88
2189 0.01808370212452763 21.89
2190 0.01802940399725335 21.9
2191 0.01799673566681907 21.91
2192 0.01799893031154085 21.92
2193 0.01797383990328166 21.93
2194 0.01797849470151886 21.94
2195 0.01799793042491425 21.95
2196 0.01795941015609001 21.96
2197 0.01796859431240056 21.97
2198 0.01793343769351034 21.98
2199 0.0179342608093156 21.99
2200 0.01795983539226081 22
2201 0.0179919757580749 22.01
2202 0.01803701443745679 22.02
2203 0.01806234636010461 22.03
2204 0.0180471697314946 22.04
2205 0.01803787770849218 22.05
2206 0.01806558491761203 22.06
2207 0.01810087325708642 22.07
2208 0.01813876277855375 22.08
2209 0.01816038284747708 22.09
2210 0.01822089702531181 22.1
2211 0.01826507265392967 22.11
2212 0.01828190269615275 22.12
2213 0.01835356259686109 22.13
2214 0.01838697979971112 22.14
2215 0.01839976247592507 22.15
2216 0.01844621023528174 22.16
2217 0.01846954162348823 22.17
2218 0.01850837787665986 22.18
2219 0.01855209753773129 22.19
2220 0.01858823391966234 22.2
2221 0.01859625606223249 22.21
2222 0.01859052587024182 22.22
2223 0.01859911327488723 22.23
2224 0.0186076825913499 22.24
2225 0.0186035069962603 22.25
2226 0.01860473565338774 22.26
2227 0.01860156805130954 22.27
2228 0.01859441526775378 22.28
2229 0.0185968082720485 22.29
2230 0.01858985583615174 22.3
2231 0.01859623845505734 22.31
2232 0.0185950581894425 22.32
2233 0.01858006119744444 22.33
2234 0.01859024437161383 22.34
2235 0.01858247049900336 22.35
2236 0.01858211561425372 22.36
2237 0.01856711915910967 22.37
2238 0.01854375344848954 22.38
2239 0.01849422669456414 22.39
2240 0.01844454612904743 22.4
2241 0.01839682767227652 22.41
2242 0.01835803968305495 22.42
2243 0.01831516391462415 22.43
2244 0.01828493329457423 22.44
2245 0.01830900242106141 22.45
2246 0.01829488794904888 22.46
2247 0.01827563616071688 22.47
2248 0.01826687468072053 22.48
2249 0.01825532649237036 22.49
2250 0.01824934385613557 22.5
2251 0.01824030794086569 22.51
2252 0.0182320718923298 22.52
2253 0.01822578613812301 22.53
2254 0.0182122818405895 22.54
2255 0.01821278057980501 22.55
2256 0.01821680395648309 22.56
2257 0.01820839294415958 22.57
2258 0.01820021093679025 22.58
2259 0.01818978769861695 22.59
2260 0.01818964374638753 22.6
2261 0.01820022105692403 22.61
2262 0.01819813808225149 22.62
2263 0.01820589019171468 22.63
2264 0.01823149684873455 22.64
2265 0.01824112260031321 22.65
2266 0.01824648877980961 22.66
2267 0.01826043486417041 22.67
2268 0.0182640236675785 22.68
2269 0.01825693699565013 22.69
2270 0.01825929932370493 22.7
2271 0.01827862367188583 22.71
2272 0.0182838764444322 22.72
2273 0.01829162120756811 22.73
2274 0.01828407028209547 22.74
2275 0.01826892668430777 22.75
2276 0.01825424989501209 22.76
2277 0.01827000750636325 22.77
2278 0.01828082263883334 22.78
2279 0.01826194146981472 22.79
2280 0.01827580953074524 22.8
2281 0.01828838491071388 22.81
2282 0.01830565599772323 22.82
2283 0.01831721146395887 22.83
2284 0.0183132520918312 22.84
2285 0.0183013550470924 22.85
2286 0.01828813652360698 22.86
2287 0.01828453627909679 22.87
2288 0.01827634160378623 22.88
2289 0.01824218660602428 22.89
2290 0.01819972873106271 22.9
2291 0.01819453984859343 22.91
2292 0.01817343997472838 22.92
2293 0.01817258446257541 22.93
2294 0.01816841522546222 22.94
2295 0.01816965002287444 22.95
2296 0.01814858937375892 22.96
2297 0.0181305310702492 22.97
2298 0.01809995272966014 22.98
2299 0.01807115858203381 22.99
2300 0.01804887305799317 23
2301 0.01802291621996487 23.01
2302 0.01801184041063434 23.02
2303 0.01801133361034122 23.03
2304 0.01801176234092953 23.04
2305 0.01800815584429555 23.05
2306 0.01799970409106594 23.06
2307 0.01802069573694661 23.07
2308 0.01802834999572398 23.08
2309 0.01803723485026502 23.09
2310 0.01803714602998098 23.1
2311 0.01803492602028953 23.11
2312 0.01802238172056804 23.12
2313 0.01803358264110387 23.13
2314 0.01803967707711715 23.14
2315 0.01806732723507552 23.15
2316 0.01809866092436822 23.16
2317 0.01810677291209269 23.17
2318 0.01810934742238699 23.18
2319 0.01812919556064495 23.19
2320 0.01815283908877663 23.2
2321 0.01819976105468934 23.21
2322 0.0182462769035067 23.22
2323 0.01826152535469627 23.23
2324 0.01828243829184627 23.24
2325 0.01830917305431233 23.25
2326 0.01832465682476925 23.26
2327 0.01832917892426486 23.27
2328 0.01834613743820248 23.28
2329 0.01836917936934933 23.29
2330 0.01839517991025541 23.3
2331 0.01841873129514648 23.31
2332 0.01843148133614776 23.32
2333 0.01842638630668949 23.33
2334 0.01845079406777365 23.34
2335 0.01848152474914535 23.35
2336 0.01850405956474783 23.36
2337 0.01851090404159342 23.37
2338 0.01852912194135506 23.38
2339 0.01855624826506607 23.39
2340 0.01854753275019717 23.4
2341 0.01853738791150989 23.41
2342 0.01849791957104164 23.42
2343 0.01846531033866126 23.43
2344 0.01845121900586804 23.44
2345 0.01843100840304472 23.45
2346 0.0184132137610789 23.46
2347 0.01838306741956353 23.47
2348 0.01837918545985794 23.48
2349 0.01837878438161949 23.49
2350 0.01836300926235085 23.5
2351 0.01833510974275897 23.51
2352 0.01831510245793088 23.52
2353 0.01828524689079146 23.53
2354 0.0182645816861141 23.54
2355 0.01823063376628156 23.55
2356 0.01818708299667311 23.56
2357 0.01815490527081229 23.57
2358 0.0181219589965596 23.58
2359 0.01809296670833464 23.59
2360 0.0180943108696132 23.6
2361 0.01810107776793502 23.61
2362 0.01807966521215281 23.62
2363 0.01804887273319643 23.63
2364 0.01800397915571723 23.64
2365 0.01798484614535036 23.65
2366 0.01795767806570751 23.66
2367 0.01793896244425586 23.67
2368 0.01795411488688179 23.68
2369 0.01794531421277518 23.69
2370 0.01794566598108786 23.7
2371 0.01794966788475297 23.71
2372 0.01792957609793111 23.72
2373 0.0179448826476151 23.73
2374 0.0179466438756203 23.74
2375 0.01797806227483165 23.75
2376 0.01798296523894577 23.76
2377 0.0179865627341286 23.77
2378 0.01797503492946519 23.78
2379 0.01797899712832246 23.79
2380 0.01798808096468989 23.8
2381 0.01798425051050939 23.81
2382 0.01800439319173869 23.82
2383 0.01800080899031685 23.83
2384 0.01800962099456882 23.84
2385 0.018030544012826 23.85
2386 0.01805904563945633 23.86
2387 0.01808218057949116 23.87
2388 0.0180939606381996 23.88
2389 0.01811633303356442 23.89
2390 0.0181082793293589 23.9
2391 0.01811896976165386 23.91
2392 0.01812883837884673 23.92
2393 0.01815803808772153 23.93
2394 0.01820202466901268 23.94
2395 0.01822477800911464 23.95
2396 0.01824875907938113 23.96
2397 0.0182782148289156 23.97
2398 0.01831261963887152 23.98
2399 0.01833940572375161 23.99
2400 0.01836880317900763 24
2401 0.01838838633319068 24.01
2402 0.01843059926408966 24.02
2403 0.01846601851838286 24.03
2404 0.01849058983130308 24.04
2405 0.01851483687619501 24.05
2406 0.01854267409838982 24.06
2407 0.01856308287120161 24.07
2408 0.01856329537601383 24.08
2409 0.01856349487896104 24.09
2410 0.01855638845845094 24.1
2411 0.0185335421584268 24.11
2412 0.0185048054913842 24.12
2413 0.0184903363992759 24.13
2414 0.01846109164126581 24.14
2415 0.01843513934290978 24.15
2416 0.01841003310242776 24.16
2417 0.01838842806853877 24.17
2418 0.0183592433328776 24.18
2419 0.01831970115166308 24.19
2420 0.01825966809954031 24.2
2421 0.0182096699122935 24.21
2422 0.01814269645216172 24.22
2423 0.01808188139268106 24.23
2424 0.01801131180052803 24.24
2425 0.01792248668692185 24.25
2426 0.01784429826304811 24.26
2427 0.01777007776641683 24.27
2428 0.01770797237389071 24.28
2429 0.01762796856123346 24.29
2430 0.01755221406985075 24.3
2431 0.01747823892819122 24.31
2432 0.01739067713880237 24.32
2433 0.01730872377885207 24.33
2434 0.01723203122483258 24.34
2435 0.01716234263709024 24.35
2436 0.0171009488362075 24.36
2437 0.01704121573618427 24.37
2438 0.01699441915612775 24.38
2439 0.01693650177923209 24.39
2440 0.01688970222767898 24.4
2441 0.01684725123686846 24.41
2442 0.01680477727981379 24.42
2443 0.016774087603018 24.43
2444 0.01674443186185454 24.44
2445 0.01672606223434766 24.45
2446 0.01668203411034318 24.46
2447 0.01666436785013663 24.47
2448 0.01663808012926191 24.48
2449 0.01661108940311101 24.49
2450 0.0165965318631591 24.5
2451 0.01659010301313283 24.51
2452 0.01659341853336735 24.52
2453 0.01660606967993144 24.53
2454 0.01662664973345318 24.54
2455 0.01665406470635036 24.55
2456 0.01667985944549466 24.56
2457 0.01670337897887883 24.57
2458 0.01673050796946948 24.58
2459 0.01676718884172125 24.59
2460 0.01678061749454956 24.6
2461 0.01681273872959817 24.61
2462 0.01686478579102038 24.62
2463 0.01691094856290498 24.63
2464 0.01698005918440466 24.64
2465 0.01703510260750417 24.65
2466 0.01707907191593029 24.66
2467 0.01711940912609914 24.67
2468 0.01716744187965562 24.68
2469 0.01722041255835099 24.69
2470 0.01726742225417405 24.7
2471 0.01737948018163276 24.71
2472 0.01744263445662324 24.72
2473 0.01756128043042363 24.73
2474 0.01766409731612948 24.74
2475 0.01779406632995846 24.75
2476 0.01785739101824803 24.76
2477 0.01795442725055423 24.77
2478 0.01806042276275882 24.78
2479 0.01815892834085802 24.79
2480 0.01821423305791987 24.8
2481 0.01824997520128931 24.81
2482 0.01831148635887162 24.82
2483 0.0183570390417346 24.83
2484 0.01842460535594911 24.84
2485 0.01846484390176798 24.85
2486 0.01856862458944989 24.86
2487 0.01862410112569068 24.87
2488 0.01864222363001818 24.88
2489 0.01867333710202491 24.89
2490 0.0187027028476229 24.9
2491 0.01873556626815382 24.91
2492 0.01870400472313294 24.92
2493 0.01868876888478267 24.93
2494 0.01867223335522286 24.94
2495 0.01864504593407117 24.95
2496 0.01860874035741358 24.96
2497 0.01855685619290302 24.97
2498 0.01847061022090922 24.98
2499 0.01839884328933634 24.99
2500 0.01834438283734498 25
2501 0.01832517565170217 25.01
2502 0.0182711965083661 25.02
2503 0.01821562980984701 25.03
2504 0.01820135978896081 25.04
2505 0.01818597788625033 25.05
2506 0.01820885758802675 25.06
2507 0.01816450845051272 25.07
2508 0.01812705312366127 25.08
2509 0.01808631026483054 25.09
2510 0.01810722985081754 25.1
2511 0.01808306205700053 25.11
2512 0.01807444008039486 25.12
2513 0.01804097148763259 25.13
2514 0.01803008008788786 25.14
2515 0.01803844479453913 25.15
2516 0.01805833375124461 25.16
2517 0.01807106431268234 25.17
2518 0.01812471613100242 25.18
2519 0.01813195648203546 25.19
2520 0.018123951999712 25.2
2521 0.01814511073279725 25.21
2522 0.01817958636803415 25.22
2523 0.01820333595714779 25.23
2524 0.01819308279181157 25.24
2525 0.01820755113782084 25.25
2526 0.01819487522435106 25.26
2527 0.01817626823341413 25.27
2528 0.01818143705297669 25.28
2529 0.01815709922170245 25.29
2530 0.01813716093816474 25.3
2531 0.0181179923129172 25.31
2532 0.01810638250083049 25.32
2533 0.01808369807955611 25.33
2534 0.01806926991687494 25.34
2535 0.01803865116178619 25.35
2536 0.01802613815135884 25.36
2537 0.01800905891521012 25.37
2538 0.01800504150782738 25.38
2539 0.01797750424330206 25.39
2540 0.01793859019455525 25.4
2541 0.01787174608463584 25.41
2542 0.01781046074288238 25.42
2543 0.01773579374857433 25.43
2544 0.01766532181976843 25.44
2545 0.01759989040602326 25.45
2546 0.0175435903126903 25.46
2547 0.01748049602004123 25.47
2548 0.01740179657531208 25.48
2549 0.01733901774346443 25.49
2550 0.0172581912413154 25.5
2551 0.01720778121621396 25.51
2552 0.01714900071911249 25.52
2553 0.01707841645256789 25.53
2554 0.01701252386755233 25.54
2555 0.01694037056779936 25.55
2556 0.01688133602995236 25.56
2557 0.01680744595397311 25.57
2558 0.0167442219836724 25.58
2559 0.01669573904534669 25.59
2560 0.01663391843870383 25.6
2561 0.01658228050958119 25.61
2562 0.01650372784700367 25.62
2563 0.01642894964332459 25.63
2564 0.01637531260481316 25.64
2565 0.01630234029840093 25.65
2566 0.01624081593809498 25.66
2567 0.01620183157846645 25.67
2568 0.01614707964849617 25.68
2569 0.01610227714310492 25.69
2570 0.01605399158632797 25.7
2571 0.01601370386169162 25.71
2572 0.01598422547990028 25.72
2573 0.01597984992119437 25.73
2574 0.01594838486962485 25.74
2575 0.0159206172692204 25.75
2576 0.01589310594114229 25.76
2577 0.01584276330848164 25.77
2578 0.01580924512952872 25.78
2579 0.01578736918172033 25.79
2580 0.0157983746521038 25.8
2581 0.01580898786019046 25.81
2582 0.01581143627191259 25.82
2583 0.01583612609049694 25.83
2584 0.01584062588662005 25.84
2585 0.01585204180823432 25.85
2586 0.01585568458641658 25.86
2587 0.01584779912399057 25.87
2588 0.015831928924135 25.88
2589 0.01584466479377232 25.89
2590 0.01586920043518849 25.9
2591 0.01589098077818779 25.91
2592 0.01590796101559432 25.92
2593 0.01592763997467221 25.93
2594 0.01595095888652731 25.94
2595 0.01596064268265735 25.95
2596 0.01596845811414536 25.96
2597 0.01596417524690558 25.97
2598 0.01595972308565952 25.98
2599 0.0159584527705237 25.99
2600 0.01594854614238359 26
2601 0.01594624418930893 26.01
2602 0.01593338296761381 26.02
2603 0.01592996351948012 26.03
2604 0.01592297820444913 26.04
2605 0.01592620520503335 26.05
2606 0.01593100676397755 26.06
2607 0.01593051137771019 26.07
2608 0.01589233897148843 26.08
2609 0.01586960607478529 26.09
2610 0.01585895595414358 26.1
2611 0.01583452727274901 26.11
2612 0.01580109191521195 26.12
2613 0.0157612605138174 26.13
2614 0.01570680000887157 26.14
2615 0.01568045682145939 26.15
2616 0.01564944655426161 26.16
2617 0.0156334347998089 26.17
2618 0.01560483496160148 26.18
2619 0.01555885684288172 26.19
2620 0.01553598520913902 26.2
2621 0.01551433783012903 26.21
2622 0.01547848548040388 26.22
2623 0.01545046008296106 26.23
2624 0.01543253590345775 26.24
2625 0.01539254329070746 26.25
2626 0.01535335558119244 26.26
2627 0.01531829884633884 26.27
2628 0.01530151120004855 26.28
2629 0.0152702362867415 26.29
2630 0.01524343853670647 26.3
2631 0.01523363200112548 26.31
2632 0.01522340254115308 26.32
2633 0.0151986193649794 26.33
2634 0.0151781505887434 26.34
2635 0.01513153872670778 26.35
2636 0.01509053378303705 26.36
2637 0.01504886828034724 26.37
2638 0.01504432087725806 26.38
2639 0.01499555935967455 26.39
2640 0.01495555113204298 26.4
2641 0.0149310337081183 26.41
2642 0.01489107473115648 26.42
2643 0.01485767503785541 26.43
2644 0.01483152664138756 26.44
2645 0.01481185227903547 26.45
2646 0.01479220064412755 26.46
2647 0.01477872511682927 26.47
2648 0.0147460295991965 26.48
2649 0.01470204563306954 26.49
2650 0.01463904785021538 26.5
2651 0.01458996309226019 26.51
2652 0.01455538502064015 26.52
2653 0.01452806864364685 26.53
2654 0.01450565331071161 26.54
2655 0.01447776554215892 26.55
2656 0.01444717378791636 26.56
2657 0.01443861206017996 26.57
2658 0.01440821067648564 26.58
2659 0.01439418216812114 26.59
2660 0.0143704605078217 26.6
2661 0.01432606920796123 26.61
2662 0.01430199258342249 26.62
2663 0.01428483534264377 26.63
2664 0.01427619633270786 26.64
2665 0.01427290672198319 26.65
2666 0.01425378510594326 26.66
2667 0.01423019532536838 26.67
2668 0.01420801961537509 26.68
2669 0.014188985735185 26.69
2670 0.01416305972244369 26.7
2671 0.01412386041857579 26.71
2672 0.01410762895208133 26.72
2673 0.01409205517754271 26.73
2674 0.0140752542558531 26.74
2675 0.01406258364713299 26.75
2676 0.01405739379242013 26.76
2677 0.0140473240131633 26.77
2678 0.01405283263924488 26.78
2679 0.0140769638603314 26.79
2680 0.01410224185074135 26.8
2681 0.01410410379651369 26.81
2682 0.01411714262253123 26.82
2683 0.0141352517358524 26.83
2684 0.01415953048967962 26.84
2685 0.01418114327529987 26.85
2686 0.01419199450859835 26.86
2687 0.01420667650057774 26.87
2688 0.01420404079143765 26.88
2689 0.01421371922340442 26.89
2690 0.01420656941428878 26.9
2691 0.01421965344562265 26.91
2692 0.01423049363061716 26.92
2693 0.01421714658070032 26.93
2694 0.01421182181667523 26.94
2695 0.01420222934410675 26.95
2696 0.01420814156853208 26.96
2697 0.01422076600707611 26.97
2698 0.01422293240059443 26.98
2699 0.01421668341342139 26.99
2700 0.01420898448701179 27
2701 0.0142062857924941 27.01
2702 0.01421068128204389 27.02
2703 0.01425058087299947 27.03
2704 0.01427508213765365 27.04
2705 0.0142872616182367 27.05
2706 0.01430477763256398 27.06
2707 0.01431894676700889 27.07
2708 0.01434109297850246 27.08
2709 0.01435810284182893 27.09
2710 0.01436283868318241 27.1
2711 0.01436569372754258 27.11
2712 0.01439355870240331 27.12
2713 0.01440494585796594 27.13
2714 0.01444048584089602 27.14
2715 0.0144775509147149 27.15
2716 0.01450677635573023 27.16
2717 0.01454238273260522 27.17
2718 0.0145907537725076 27.18
2719 0.01463383837695727 27.19
2720 0.01469114853548282 27.2
2721 0.01473503917930372 27.21
2722 0.01476246669542196 27.22
2723 0.0147942926540546 27.23
2724 0.01483465031166617 27.24
2725 0.01486262112626542 27.25
2726 0.01488334253910229 27.26
2727 0.01494343883939277 27.27
2728 0.01497239501487746 27.28
2729 0.01498309905195368 27.29
2730 0.01499457756453124 27.3
2731 0.01502013947127152 27.31
2732 0.01504124195147839 27.32
2733 0.01506229942580365 27.33
2734 0.01508904617747788 27.34
2735 0.01510593298810071 27.35
2736 0.01509466587474989 27.36
2737 0.0150820194747487 27.37
2738 0.01505798963768018 27.38
2739 0.01504370742907394 27.39
2740 0.01503639990275057 27.4
2741 0.0150306152228775 27.41
2742 0.01502694815019818 27.42
2743 0.01502222622470147 27.43
2744 0.01501294002763747 27.44
2745 0.01501481952788676 27.45
2746 0.01500102099451235 27.46
2747 0.01495574670382672 27.47
2748 0.01490724232471573 27.48
2749 0.01487203709161312 27.49
2750 0.01487275648292925 27.5
2751 0.01486034292291726 27.51
2752 0.01486188153090823 27.52
2753 0.01486446213148911 27.53
2754 0.01487073916454221 27.54
2755 0.01488320935295325 27.55
2756 0.01489932624580897 27.56
2757 0.01490567793325946 27.57
2758 0.01490039308787335 27.58
2759 0.01487062451124816 27.59
2760 0.0148871835396151 27.6
2761 0.0149167976303262 27.61
2762 0.01495179647384055 27.62
2763 0.01498661782349429 27.63
2764 0.0150393949302823 27.64
2765 0.01509654965905445 27.65
2766 0.01516924295256388 27.66
2767 0.01522303448556738 27.67
2768 0.01526908550449911 27.68
2769 0.01527812293056065 27.69
2770 0.01531240336963303 27.7
2771 0.01533017652266691 27.71
2772 0.01534929399053958 27.72
2773 0.01537463212629689 27.73
2774 0.01541390561348195 27.74
2775 0.01545727364773818 27.75
2776 0.01546759894253787 27.76
2777 0.01547886463308959 27.77
2778 0.0155123096407962 27.78
2779 0.01553312381146338 27.79
2780 0.01556222479663214 27.8
2781 0.0155514617134234 27.81
2782 0.01556363758653478 27.82
2783 0.01559462245988678 27.83
2784 0.01563632098442757 27.84
2785 0.01566548244195906 27.85
2786 0.0156777449682837 27.86
2787 0.0156920202073198 27.87
2788 0.01570513285696231 27.88
2789 0.015699808098808 27.89
2790 0.01569803271568063 27.9
2791 0.01569200592145007 27.91
2792 0.0156736516910172 27.92
2793 0.01566248079653246 27.93
2794 0.01564335320444669 27.94
2795 0.01564616805016425 27.95
2796 0.01562436115810036 27.96
2797 0.01561265167138444 27.97
2798 0.01558157950609648 27.98
2799 0.01554478788515825 27.99
2800 0.01549705190565006 28
2801 0.0154590954252266 28.01
2802 0.01542486676712362 28.02
2803 0.01538127685201374 28.03
2804 0.01531945772613037 28.04
2805 0.01525306953932765 28.05
2806 0.01516823030753493 28.06
2807 0.01510194452741102 28.07
2808 0.01504123856877428 28.08
2809 0.01497294193161009 28.09
2810 0.01488937475925694 28.1
2811 0.01483027183591353 28.11
2812 0.01477062012207511 28.12
2813 0.01469902923864467 28.13
2814 0.01464235345617748 28.14
2815 0.01456603939270245 28.15
2816 0.01448398662228558 28.16
2817 0.01441280189123895 28.17
2818 0.01432609857085832 28.18
2819 0.01426534290199897 28.19
2820 0.01420994907213683 28.2
2821 0.01415952892220806 28.21
2822 0.01408995767508457 28.22
2823 0.01405514989136218 28.23
2824 0.01397172431394176 28.24
2825 0.01388715205170194 28.25
2826 0.01384014411289888 28.26
2827 0.01380036868913432 28.27
2828 0.01378421857471057 28.28
2829 0.01376696475517163 28.29
2830 0.01376974513072828 28.3
2831 0.01375382719059946 28.31
2832 0.01374323051236665 28.32
2833 0.01373136749236121 28.33
2834 0.01369712012948501 28.34
2835 0.01369940693158808 28.35
2836 0.0137030699266512 28.36
2837 0.01374162846707705 28.37
2838 0.01378283806250575 28.38
2839 0.01380451967165684 28.39
2840 0.01382993638960688 28.4
2841 0.01387348781100184 28.41
2842 0.01387719847088623 28.42
2843 0.01386605971261776 28.43
2844 0.01388242360482375 28.44
2845 0.01390859955532297 28.45
2846 0.01393390083870339 28.46
2847 0.01396346653633701 28.47
2848 0.01397941392424681 28.48
2849 0.01398385137674533 28.49
2850 0.01399784275433836 28.5
2851 0.01400219303722664 28.51
2852 0.01404925314647119 28.52
2853 0.01409566289529022 28.53
2854 0.01408899561694399 28.54
2855 0.01407182524613249 28.55
2856 0.01405453892301479 28.56
2857 0.01405224734818187 28.57
2858 0.01405655639840051 28.58
2859 0.01409356209788713 28.59
2860 0.01413771970168828 28.6
2861 0.01418625262708988 28.61
2862 0.01421088026992657 28.62
2863 0.01423102089799763 28.63
2864 0.01422440352562477 28.64
2865 0.01420530714403509 28.65
2866 0.01421013593037418 28.66
2867 0.01418380684445846 28.67
2868 0.01417490423021655 28.68
2869 0.01420080311205421 28.69
2870 0.01420731980241776 28.7
2871 0.01421376010359116 28.71
2872 0.01420705366929987 28.72
2873 0.01421268145914607 28.73
2874 0.01419204112821895 28.74
2875 0.01422119367104415 28.75
2876 0.01421846779173637 28.76
2877 0.01421059845113347 28.77
2878 0.01418969020320196 28.78
2879 0.01419924606408235 28.79
2880 0.01419546825319663 28.8
2881 0.01419138409419382 28.81
2882 0.01417510718475871 28.82
2883 0.01417093364690218 28.83
2884 0.01415523782583128 28.84
2885 0.01414767817939914 28.85
2886 0.01414383568753613 28.86
2887 0.01412252217593624 28.87
2888 0.01411005456201428 28.88
2889 0.01407673570459117 28.89
2890 0.0140500902387766 28.9
2891 0.014035741060273 28.91
2892 0.01400460801184655 28.92
2893 0.01399134870293648 28.93
2894 0.01399221748645809 28.94
2895 0.01396757251288535 28.95
2896 0.0139672590839112 28.96
2897 0.01395358524949493 28.97
2898 0.01394854540683414 28.98
2899 0.01394614159105582 28.99
2900 0.01394029386915512 29
2901 0.01392346031781927 29.01
2902 0.01388856226996677 29.02
2903 0.01385402236614585 29.03
2904 0.01381555361401225 29.04
2905 0.01378439531231998 29.05
2906 0.01374928475403077 29.06
2907 0.01372030712079304 29.07
2908 0.01369181634894052 29.08
2909 0.01368103052545886 29.09
2910 0.01367396461058371 29.1
2911 0.01366067696642644 29.11
2912 0.01363884111105389 29.12
2913 0.01360379092337756 29.13
2914 0.01357408394169724 29.14
2915 0.01354565737547701 29.15
2916 0.01354066789237355 29.16
2917 0.01352717636725651 29.17
2918 0.01351297329190705 29.18
2919 0.01349004111449932 29.19
2920 0.01347614010665248 29.2
2921 0.01347096545921878 29.21
2922 0.01345395038244427 29.22
2923 0.01343967255302058 29.23
2924 0.01341586042346708 29.24
2925 0.01340165072561321 29.25
2926 0.01339084944957815 29.26
2927 0.01337623376991751 29.27
2928 0.01336612635258168 29.28
2929 0.01336212656625468 29.29
2930 0.01334965370129679 29.3
2931 0.01333175115794223 29.31
2932 0.01333131472821696 29.32
2933 0.01333149858851159 29.33
2934 0.01332954898192135 29.34
2935 0.01331876798053128 29.35
2936 0.01331907541006458 29.36
2937 0.01330808915474509 29.37
2938 0.01329963132484379 29.38
2939 0.01329297290473563 29.39
2940 0.01328566585307849 29.4
2941 0.01328047922021076 29.41
2942 0.01328211201671178 29.42
2943 0.01328348020508733 29.43
2944 0.0132859438441856 29.44
2945 0.01328003456383924 29.45
2946 0.01327209070951511 29.46
2947 0.01326789996567182 29.47
2948 0.01326485445053021 29.48
2949 0.01326605511686073 29.49
2950 0.01327250078959131 29.5
2951 0.01328254979868314 29.51
2952 0.01328962011510644 29.52
2953 0.01330030723010917 29.53
2954 0.01330445687214064 29.54
2955 0.0133180299777479 29.55
2956 0.01333076496320633 29.56
2957 0.01334315078568315 29.57
2958 0.01334805139718156 29.58
2959 0.01336942454924958 29.59
2960 0.01339550529288399 29.6
2961 0.0134186630559667 29.61
2962 0.01343892096770081 29.62
2963 0.01346433224414263 29.63
2964 0.0134803060247756 29.64
2965 0.0135001792649884 29.65
2966 0.01350938871630773 29.66
2967 0.01352716116514856 29.67
2968 0.01355052816968868 29.68
2969 0.01356504299805631 29.69
2970 0.01358187849227284 29.7
2971 0.01360828582988423 29.71
2972 0.01362358758128926 29.72
2973 0.01364167599274272 29.73
2974 0.01365342947456293 29.74
2975 0.01365969608210788 29.75
2976 0.01366315676092143 29.76
2977 0.01365912004515863 29.77
2978 0.01366497603411693 29.78
2979 0.01367435364697747 29.79
2980 0.01367466144603193 29.8
2981 0.01368665947921408 29.81
2982 0.01368081609183595 29.82
2983 0.01368512373852116 29.83
2984 0.01368885276192879 29.84
2985 0.01369582439723414 29.85
2986 0.0137143648305131 29.86
2987 0.01372653068246215 29.87
2988 0.01372875339241117 29.88
2989 0.01373722962746623 29.89
2990 0.01373826535759981 29.9
2991 0.01372845893675131 29.91
2992 0.01372773676783363 29.92
2993 0.01373650913329523 29.93
2994 0.01374376281617994 29.94
2995 0.01373953380718099 29.95
2996 0.01373517368575644 29.96
2997 0.01375093243588531 29.97
2998 0.01375083390569673 29.98
2999 0.01372385471774917 29.99
3000 0.0137264285407718 30
