"y-force-rfile"
"Time Step" "y-force etc.."
("Time Step" "y-force" "flow-time")
0 1.292469707114106e-26 0
1 4.64829506161368 0.01
2 -1.135564127155703 0.02
3 0.05088251890140327 0.03
4 0.04654899777233368 0.04
5 -0.7622550379533095 0.05
6 0.2600385784568431 0.06
7 0.288831180999523 0.07000000000000001
8 0.4781775776172594 0.08
9 -0.05454943492568987 0.09
10 -0.1239595968249319 0.1
11 0.04185893118237516 0.11
12 0.1636705898766522 0.12
13 0.09074250692153729 0.13
14 0.103750414910202 0.14
15 0.099786764589048 0.15
16 0.06598147201220783 0.16
17 0.06967920199648248 0.17
18 0.07967013011152435 0.18
19 0.09137958682022074 0.19
20 0.08960376081967425 0.2
21 0.07275814973504069 0.21
22 0.07921270513991541 0.22
23 0.07992985913234774 0.23
24 0.085384397339201 0.24
25 0.07897071296884128 0.25
26 0.08133433304786664 0.26
27 0.1048886289350794 0.27
28 0.09180817501799732 0.28
29 0.08952846799969194 0.29
30 0.08857026991244066 0.3
31 0.08641973793058533 0.31
32 0.09139157352758476 0.32
33 0.08197471261202072 0.33
34 0.08730657120056451 0.34
35 0.08782563043794855 0.35
36 0.08772499988712079 0.36
37 0.0885040660129226 0.37
38 0.08802915930470068 0.38
39 0.09233880846363735 0.39
40 0.09850628036019515 0.4
41 0.09045567380638175 0.41
42 0.09239463827420424 0.42
43 0.0906739667682257 0.43
44 0.08881799203106522 0.44
45 0.09459042673585039 0.45
46 0.09080502450403438 0.46
47 0.09209171808439276 0.47
48 0.09408758093225145 0.48
49 0.0929682180064928 0.49
50 0.09419236120853447 0.5
51 0.09412825228056598 0.51
52 0.09580021812146833 0.52
53 0.09507599679932088 0.53
54 0.09522664011556425 0.54
55 0.09530863279651558 0.55
56 0.09531311372306561 0.5600000000000001
57 0.0956543326405066 0.5700000000000001
58 0.0959525633944307 0.58
59 0.09632222792247291 0.59
60 0.09660231053921042 0.6
61 0.09709644158528574 0.61
62 0.09726156727462654 0.62
63 0.09729831635701409 0.63
64 0.09785144866087536 0.64
65 0.09759067526048293 0.65
66 0.09798550740500622 0.66
67 0.09804653782692019 0.67
68 0.09830815328024034 0.68
69 0.0985862539613076 0.6900000000000001
70 0.09863504409953311 0.7000000000000001
71 0.09889108754921454 0.71
72 0.09985159368613261 0.72
73 0.09991180209420281 0.73
74 0.0994465240120066 0.74
75 0.09982039043608149 0.75
76 0.1007320655799979 0.76
77 0.1002895598100386 0.77
78 0.1007228965064907 0.78
79 0.1011595631146182 0.79
80 0.1012918946413264 0.8
81 0.1011403825382188 0.8100000000000001
82 0.1015000538562523 0.8200000000000001
83 0.1017091744241803 0.8300000000000001
84 0.1015536732220232 0.84
85 0.101951499987524 0.85
86 0.1021944315753943 0.86
87 0.1022095012685033 0.87
88 0.102837654383618 0.88
89 0.1026203897391946 0.89
90 0.1030897029431923 0.9
91 0.1030112674582377 0.91
92 0.1033823423923702 0.92
93 0.1034733346423415 0.93
94 0.1035502138434757 0.9400000000000001
95 0.1038253710685527 0.9500000000000001
96 0.1041637889129548 0.96
97 0.1043529096004785 0.97
98 0.1046757852761582 0.98
99 0.1047434884591968 0.99
100 0.104966629436179 1
101 0.1052674577825779 1.01
102 0.1052026009235482 1.02
103 0.1052874321715473 1.03
104 0.1054414632751826 1.04
105 0.1053743179159443 1.05
106 0.1053658127809144 1.06
107 0.1054844491223186 1.07
108 0.1059214550058305 1.08
109 0.1064877463550609 1.09
110 0.1064045000979617 1.1
111 0.106319034190338 1.11
112 0.1062366956363221 1.12
113 0.1063149531874726 1.13
114 0.1064549140249975 1.14
115 0.106670854724416 1.15
116 0.1068236596983475 1.16
117 0.106914646929265 1.17
118 0.1070846181665222 1.18
119 0.1072280024420568 1.19
120 0.107398618408335 1.2
121 0.1075187859326875 1.21
122 0.10785897324941 1.22
123 0.1080244341915691 1.23
124 0.1081986718669402 1.24
125 0.1081912009213244 1.25
126 0.1082469697072075 1.26
127 0.1083155149872345 1.27
128 0.1083869651284114 1.28
129 0.1085760730417277 1.29
130 0.1087248478056033 1.3
131 0.1088495918870064 1.31
132 0.1089961953466342 1.32
133 0.1091627113679389 1.33
134 0.109244831600343 1.34
135 0.1091625662788669 1.35
136 0.1090450773468545 1.36
137 0.1090604669163615 1.37
138 0.109111685015284 1.38
139 0.1091520762076723 1.39
140 0.1092335280829696 1.4
141 0.1093487379150815 1.41
142 0.1094826485920296 1.42
143 0.1098550783519 1.43
144 0.1101434105420103 1.44
145 0.11034288963006 1.45
146 0.1105314525630209 1.46
147 0.1106253036413453 1.47
148 0.1106631630086631 1.48
149 0.1106781556458007 1.49
150 0.1106996869351186 1.5
151 0.1106637130228094 1.51
152 0.1106183186918075 1.52
153 0.1106121628403944 1.53
154 0.1106406319390015 1.54
155 0.1107056749870944 1.55
156 0.1107985615754621 1.56
157 0.1109060288294273 1.57
158 0.1110353324395137 1.58
159 0.1111444963075587 1.59
160 0.1112342069039863 1.6
161 0.1113001012200515 1.61
162 0.1113432601206517 1.62
163 0.1114234904046511 1.63
164 0.1114774784519448 1.64
165 0.1115123805825751 1.65
166 0.1115759110967457 1.66
167 0.1116600096292944 1.67
168 0.1116952500078511 1.68
169 0.1117354301116517 1.69
170 0.1117684681348553 1.7
171 0.111835897857526 1.71
172 0.111921183160468 1.72
173 0.1120429281419212 1.73
174 0.1121327779722678 1.74
175 0.1122223043415384 1.75
176 0.1122691786748198 1.76
177 0.1122763875106271 1.77
178 0.112313469419173 1.78
179 0.1123542065335453 1.79
180 0.112399463094385 1.8
181 0.112445339106328 1.81
182 0.1125096563646929 1.82
183 0.1125737129335321 1.83
184 0.1126397585415758 1.84
185 0.1127035520587216 1.85
186 0.1127615598328372 1.86
187 0.1128185881238533 1.87
188 0.1128761632341586 1.88
189 0.1129279272662177 1.89
190 0.1129722508179201 1.9
191 0.1130111108124033 1.91
192 0.1130574224623359 1.92
193 0.113111163633767 1.93
194 0.1131589823063625 1.94
195 0.1132119067280042 1.95
196 0.1132658672893107 1.96
197 0.1133243238441083 1.97
198 0.1133815332881908 1.98
199 0.1134356329292271 1.99
200 0.113482639154101 2
201 0.1135266042786905 2.01
202 0.1135704473572147 2.02
203 0.1136144543525797 2.03
204 0.113659030023618 2.04
205 0.1136883999389009 2.05
206 0.1137401186528326 2.06
207 0.1137788559593459 2.07
208 0.113820912044642 2.08
209 0.1138778733331845 2.09
210 0.1139193908566485 2.1
211 0.1139496664485159 2.11
212 0.1139779116418529 2.12
213 0.1140149699415107 2.13
214 0.1140535324284839 2.14
215 0.1140918537014847 2.15
216 0.1141154515491607 2.16
217 0.1141580163733439 2.17
218 0.114207334586561 2.18
219 0.1142548048625468 2.19
220 0.1142975718621478 2.2
221 0.1143345451219218 2.21
222 0.1143655221808532 2.22
223 0.1143960126407299 2.23
224 0.114429660891678 2.24
225 0.1144568392280452 2.25
226 0.1144878022228733 2.26
227 0.1145200098519426 2.27
228 0.1145642055077438 2.28
229 0.1145970748667079 2.29
230 0.1146240377154774 2.3
231 0.1146510416002101 2.31
232 0.1146798590070663 2.32
233 0.1147119183718322 2.33
234 0.1147456060659265 2.34
235 0.1147764253396407 2.35
236 0.1148049468607352 2.36
237 0.1148328543410809 2.37
238 0.1148648383987177 2.38
239 0.1148920206670027 2.39
240 0.114915411969881 2.4
241 0.1149476022284455 2.41
242 0.1149742824474056 2.42
243 0.1149963503775175 2.43
244 0.1150144074028972 2.44
245 0.1150267918673047 2.45
246 0.1150522943839767 2.46
247 0.1150721371993169 2.47
248 0.1150858986585578 2.48
249 0.1150926860911955 2.49
250 0.1151052452410453 2.5
251 0.1151145445897051 2.51
252 0.1151349362373459 2.52
253 0.1151500253888417 2.53
254 0.1151729011146217 2.54
255 0.1151999523071263 2.55
256 0.1151944679972155 2.56
257 0.1151982767078316 2.57
258 0.115188801826455 2.58
259 0.1151954628076285 2.59
260 0.115189690598949 2.6
261 0.1151910798651143 2.61
262 0.1151911048429246 2.62
263 0.1151890291521057 2.63
264 0.1152061679303062 2.64
265 0.11522994764845 2.65
266 0.1152350293253029 2.66
267 0.115218504726218 2.67
268 0.1152026649134119 2.68
269 0.1151909382358819 2.69
270 0.1151874201140792 2.7
271 0.1151859688697596 2.71
272 0.1151876619962919 2.72
273 0.1151951443909619 2.73
274 0.1151862791228456 2.74
275 0.1151727554264821 2.75
276 0.115171636827289 2.76
277 0.1151667811135549 2.77
278 0.1151456692255026 2.78
279 0.1151236030474135 2.79
280 0.1151437516533022 2.8
281 0.1151762436015866 2.81
282 0.1151978026854089 2.82
283 0.1151956923336772 2.83
284 0.1151822707199291 2.84
285 0.115165267478179 2.85
286 0.1151489880534807 2.86
287 0.1151431612963507 2.87
288 0.1151368457727903 2.88
289 0.1151309983106349 2.89
290 0.1151311242777809 2.9
291 0.1151314703906438 2.91
292 0.115131600924164 2.92
293 0.1151321447261686 2.93
294 0.1151295008568811 2.94
295 0.1151317903781772 2.95
296 0.1151363975708523 2.96
297 0.1151355183968041 2.97
298 0.1151395242171914 2.98
299 0.1151491383186565 2.99
300 0.1151510650561968 3
301 0.1151581536986758 3.01
302 0.1151736641950234 3.02
303 0.1151886883328989 3.03
304 0.1151977614010825 3.04
305 0.1152079097022984 3.05
306 0.1152177378045347 3.06
307 0.1152228497976463 3.07
308 0.1152382632588659 3.08
309 0.1152636702550202 3.09
310 0.1152890856130978 3.1
311 0.1153240525513887 3.11
312 0.1153492772784093 3.12
313 0.1153573833870393 3.13
314 0.1153699836944111 3.14
315 0.1153991471522324 3.15
316 0.1154179786196922 3.16
317 0.115453728877786 3.17
318 0.1154842483587677 3.18
319 0.115515708921294 3.19
320 0.1155407289908599 3.2
321 0.1155836357008624 3.21
322 0.1156167114168049 3.22
323 0.1156395493468952 3.23
324 0.1156621521991858 3.24
325 0.1157003099975875 3.25
326 0.1157180455348844 3.26
327 0.1157419435319786 3.27
328 0.1157746596387212 3.28
329 0.1158050223468004 3.29
330 0.1158444627639038 3.3
331 0.1158721249758992 3.31
332 0.115903990722512 3.32
333 0.1159510175372919 3.33
334 0.1159904543673279 3.34
335 0.1160262568673569 3.35
336 0.1160559835429816 3.36
337 0.1160817152128838 3.37
338 0.1161113814919836 3.38
339 0.1161436949763581 3.39
340 0.1161777132707145 3.4
341 0.1162174651321979 3.41
342 0.1162525171463171 3.42
343 0.116283972903796 3.43
344 0.116312056456209 3.44
345 0.1163325801117287 3.45
346 0.1163533544906613 3.46
347 0.1163874063731401 3.47
348 0.1164214202096387 3.48
349 0.116454781704666 3.49
350 0.116481419013723 3.5
351 0.1165050085993117 3.51
352 0.1165231236097532 3.52
353 0.1165451653156278 3.53
354 0.1165656498046859 3.54
355 0.1165846285242969 3.55
356 0.1166042871289808 3.56
357 0.1166260376074661 3.57
358 0.1166436418689894 3.58
359 0.1166430075180753 3.59
360 0.1166507924149333 3.6
361 0.1166656987284194 3.61
362 0.1166807236307435 3.62
363 0.1166955189499618 3.63
364 0.1167159122536015 3.64
365 0.1167243312449554 3.65
366 0.1167276051310954 3.66
367 0.116721697686862 3.67
368 0.1167169363519071 3.68
369 0.1167095256915476 3.69
370 0.1166952375317499 3.7
371 0.1166835817772631 3.71
372 0.116678655069283 3.72
373 0.1166656173028777 3.73
374 0.1166525246890516 3.74
375 0.116637879407913 3.75
376 0.1166210344589363 3.76
377 0.1166022056421521 3.77
378 0.1165827178386435 3.78
379 0.1165610880242328 3.79
380 0.1165346197866893 3.8
381 0.1165049148707034 3.81
382 0.1164715152555273 3.82
383 0.1164344717171414 3.83
384 0.1163986542057348 3.84
385 0.1163601205494641 3.85
386 0.1163198894494321 3.86
387 0.1162778397884929 3.87
388 0.116232445698834 3.88
389 0.1161840165963266 3.89
390 0.1161334210157776 3.9
391 0.1160787493668125 3.91
392 0.1160224253538057 3.92
393 0.115963876053824 3.93
394 0.1159031096319134 3.94
395 0.1158420234108617 3.95
396 0.1157786836595699 3.96
397 0.1157131372278677 3.97
398 0.1156473592244685 3.98
399 0.1155782610843792 3.99
400 0.1155069525471114 4
401 0.115432053890061 4.01
402 0.1153592503803602 4.02
403 0.1152828807335843 4.03
404 0.1152022269922011 4.04
405 0.1151200173963612 4.05
406 0.1150350674723276 4.06
407 0.1149458147172896 4.07
408 0.1148593748097689 4.08
409 0.1147709972050944 4.09
410 0.1146827890633847 4.1
411 0.1145906621875118 4.11
412 0.1144955626591847 4.12
413 0.1143984812365447 4.13
414 0.1142969117784391 4.14
415 0.1141938347438633 4.15
416 0.1140923675875997 4.16
417 0.1139886764541135 4.17
418 0.1138824470911034 4.18
419 0.1137728743254576 4.19
420 0.1136628666439645 4.2
421 0.1135510440394334 4.21
422 0.1134359522887626 4.22
423 0.1133176935155157 4.23
424 0.1131959237315016 4.24
425 0.1130719405626727 4.25
426 0.1129448172001761 4.26
427 0.1128173261758207 4.27
428 0.1126794488791143 4.28
429 0.1125425368109253 4.29
430 0.1124049193928042 4.3
431 0.1122646295664963 4.31
432 0.1121231350213698 4.32
433 0.1119757017767287 4.33
434 0.1118231839889005 4.34
435 0.1116681932150897 4.350000000000001
436 0.1115087294368251 4.36
437 0.1113481837839653 4.37
438 0.1111840515080786 4.38
439 0.1110179041850251 4.39
440 0.1108478455847929 4.4
441 0.1106704140256256 4.41
442 0.1104911354275648 4.42
443 0.1103044504355179 4.43
444 0.1101209944497037 4.44
445 0.109937889350072 4.45
446 0.1097468991778392 4.46
447 0.1095530020083871 4.47
448 0.1093623437620203 4.48
449 0.1091602371557495 4.49
450 0.1089581953051509 4.5
451 0.1087624305973278 4.51
452 0.1085607972565741 4.52
453 0.1083499770411029 4.53
454 0.1081378104972745 4.54
455 0.1079249357362377 4.55
456 0.107710948551179 4.56
457 0.1074965495438572 4.57
458 0.1072809282942399 4.58
459 0.1070651649918358 4.59
460 0.1068409941418725 4.600000000000001
461 0.1066211869675747 4.61
462 0.1064115987768062 4.62
463 0.1061981648667807 4.63
464 0.1059792879030837 4.64
465 0.105759366712304 4.65
466 0.1055381848276549 4.66
467 0.1053090317274459 4.67
468 0.1050897250696746 4.68
469 0.1048715019472919 4.69
470 0.1046540899473423 4.7
471 0.1044349349334062 4.71
472 0.1042183673147939 4.72
473 0.103998555126432 4.73
474 0.1037806475764545 4.74
475 0.1035575420291605 4.75
476 0.1033460886659555 4.76
477 0.1031317553733375 4.77
478 0.1029213094670014 4.78
479 0.1027227174171556 4.79
480 0.1025074092662721 4.8
481 0.102292398111961 4.81
482 0.1020632733661757 4.82
483 0.1018402510625984 4.83
484 0.101623590080551 4.84
485 0.1014086897926664 4.850000000000001
486 0.1011960662233483 4.86
487 0.100978668267846 4.87
488 0.1007661632566167 4.88
489 0.1005534048199023 4.89
490 0.1003342990391198 4.9
491 0.1001139840627332 4.91
492 0.09989019665155915 4.92
493 0.0996585541887938 4.93
494 0.09942531510519297 4.94
495 0.09919011309580646 4.95
496 0.0989617868838248 4.96
497 0.09872677161540319 4.97
498 0.09848712049970093 4.98
499 0.0982391417519224 4.99
500 0.09798897977000127 5
501 0.09773849165887706 5.01
502 0.09748098897239042 5.02
503 0.09722219745457653 5.03
504 0.09696466574557246 5.04
505 0.09669875745088434 5.05
506 0.09642344735294235 5.06
507 0.09614177676114379 5.07
508 0.09587041235723659 5.08
509 0.09559353988646423 5.09
510 0.09530809548270458 5.100000000000001
511 0.09501787310421933 5.11
512 0.09472808543145558 5.12
513 0.09442766602694669 5.13
514 0.09412983402467925 5.14
515 0.0938279343755704 5.15
516 0.09352853361084783 5.16
517 0.09322321937117696 5.17
518 0.09291398103785239 5.18
519 0.0926072924326288 5.19
520 0.092291609114259 5.2
521 0.09198074007156866 5.21
522 0.09165978309845885 5.22
523 0.09133738499298502 5.23
524 0.09102739973045343 5.24
525 0.09071241833512773 5.25
526 0.0903972044138667 5.26
527 0.09007858578979058 5.27
528 0.08976088169452648 5.28
529 0.08945079847877571 5.29
530 0.08914362850257877 5.3
531 0.08883643822481005 5.31
532 0.08852410705587745 5.32
533 0.08822271207085633 5.33
534 0.08792371796849678 5.34
535 0.08762563669492825 5.350000000000001
536 0.08733066188805555 5.36
537 0.08703968142826629 5.37
538 0.08674878969173846 5.38
539 0.08647279823516986 5.39
540 0.0861976349880942 5.4
541 0.08592505138986005 5.41
542 0.08566334234775118 5.42
543 0.08540284923057197 5.43
544 0.08513186473578178 5.44
545 0.08487956158586625 5.45
546 0.08462863642373515 5.46
547 0.08438934113921952 5.47
548 0.08415751787313082 5.48
549 0.08392454966693082 5.49
550 0.08369397775924116 5.5
551 0.08347956600914559 5.51
552 0.08324594149171177 5.52
553 0.08301940138570793 5.53
554 0.08279659418786492 5.54
555 0.08258049754366532 5.55
556 0.08236912455431016 5.56
557 0.08215198886141828 5.57
558 0.08193810579886598 5.58
559 0.08172762151493375 5.59
560 0.08152691046819772 5.600000000000001
561 0.08130770710410999 5.61
562 0.0810874849744995 5.62
563 0.08086096608251346 5.63
564 0.08064074158467031 5.64
565 0.08041366187972125 5.65
566 0.08016682924269536 5.66
567 0.07993571640078415 5.67
568 0.07970413249772154 5.68
569 0.07946046231067293 5.69
570 0.07920818511688446 5.7
571 0.07893973971683686 5.71
572 0.07868428941057339 5.72
573 0.07839976459901646 5.73
574 0.07811744529160794 5.74
575 0.07783998417434654 5.75
576 0.07754226377768388 5.76
577 0.07723347697438417 5.77
578 0.0769201036219164 5.78
579 0.07660599984007475 5.79
580 0.07627686064898648 5.8
581 0.07593472015901008 5.81
582 0.07558074566206592 5.82
583 0.07523018688030342 5.83
584 0.07487803506480339 5.84
585 0.07451406946751685 5.850000000000001
586 0.07415173501320925 5.86
587 0.07379008383165217 5.87
588 0.07341900710999603 5.88
589 0.073044312498973 5.89
590 0.07266525178776326 5.9
591 0.07229065409112248 5.91
592 0.07191246594202645 5.92
593 0.07154762039761746 5.93
594 0.07116978732714183 5.94
595 0.07080199150065021 5.95
596 0.07042652836483236 5.96
597 0.07006108283521385 5.97
598 0.06970900788432319 5.98
599 0.06936042057874764 5.99
600 0.06902192010276488 6
601 0.06869422666245741 6.01
602 0.0683742889826425 6.02
603 0.06806020749838752 6.03
604 0.06777137470325223 6.04
605 0.06749227780962146 6.05
606 0.06721512086532415 6.06
607 0.06695418271721781 6.07
608 0.06671520782036122 6.08
609 0.06647960101158593 6.09
610 0.06626061329114273 6.100000000000001
611 0.06607281524628796 6.11
612 0.06590175391381153 6.12
613 0.06574017383836107 6.13
614 0.06558874633931894 6.140000000000001
615 0.06545131706540232 6.15
616 0.06532045439020895 6.16
617 0.06522085778586939 6.17
618 0.06515315280151567 6.18
619 0.06508433029001752 6.19
620 0.06502451901317342 6.2
621 0.06497837806690623 6.21
622 0.06493532295498605 6.22
623 0.06489999135460614 6.23
624 0.06487118950060719 6.24
625 0.06485196354444149 6.25
626 0.06484585429648836 6.26
627 0.06483045199909035 6.27
628 0.0648129448295551 6.28
629 0.06480359111973499 6.29
630 0.06477351099952701 6.3
631 0.06473826469647621 6.31
632 0.06470320295361534 6.32
633 0.06465176475737661 6.33
634 0.06456832519438212 6.34
635 0.06448305019973023 6.350000000000001
636 0.06438616052179329 6.36
637 0.0642663683292964 6.37
638 0.06414274696462413 6.38
639 0.064016950862958 6.390000000000001
640 0.06379480726101705 6.4
641 0.06355611273877228 6.41
642 0.06330118658499373 6.42
643 0.06305939598492671 6.43
644 0.06278718017275475 6.44
645 0.06247259094158349 6.45
646 0.06211944066255984 6.46
647 0.06172792565842687 6.47
648 0.06132764466721434 6.48
649 0.06092993918504025 6.49
650 0.06051058288309533 6.5
651 0.06006114543169913 6.51
652 0.05956299756456346 6.52
653 0.05906151554228475 6.53
654 0.05856602563409347 6.54
655 0.05806459686124323 6.55
656 0.05750977295528893 6.56
657 0.05699016691295214 6.57
658 0.05645257193385782 6.58
659 0.05588681059552414 6.59
660 0.05528977047565305 6.600000000000001
661 0.05474375078426413 6.61
662 0.05416105377445934 6.62
663 0.05360722864226729 6.63
664 0.05308671334559915 6.640000000000001
665 0.05261242683628453 6.65
666 0.0520854505260042 6.66
667 0.05154905122378847 6.67
668 0.05104794667106546 6.68
669 0.05055821001626788 6.69
670 0.05008476338021076 6.7
671 0.04961638196482318 6.71
672 0.04913817882020712 6.72
673 0.04872230767169486 6.73
674 0.04832528114595983 6.74
675 0.04796052888771202 6.75
676 0.04760613962946676 6.76
677 0.04725388676099776 6.77
678 0.04697483675011668 6.78
679 0.04673113610860873 6.79
680 0.04646674391800772 6.8
681 0.04630195358285785 6.81
682 0.04618923884522498 6.82
683 0.04607371344108613 6.83
684 0.04600579840936335 6.84
685 0.04599173300400185 6.850000000000001
686 0.04600887658331622 6.86
687 0.04614205325612854 6.87
688 0.04624944571702577 6.88
689 0.04640189970667924 6.890000000000001
690 0.04658087508921961 6.9
691 0.0468619887455782 6.91
692 0.04722517023771892 6.92
693 0.04760681499724305 6.93
694 0.04798413844284492 6.94
695 0.04837466581717734 6.95
696 0.0488987018162453 6.96
697 0.04947257983830614 6.97
698 0.05000279358920019 6.98
699 0.05062578076222007 6.99
700 0.05133535410123512 7
701 0.0519340906384531 7.01
702 0.05251225434618881 7.02
703 0.05317906226394313 7.03
704 0.05373977988120804 7.04
705 0.05443754146128317 7.05
706 0.05507160177355569 7.06
707 0.05567747636569602 7.07
708 0.05625712418460149 7.08
709 0.05658603544393449 7.09
710 0.05691352860300801 7.100000000000001
711 0.05721837921017298 7.11
712 0.05761788799446337 7.12
713 0.05785513580370424 7.13
714 0.05797963637621835 7.140000000000001
715 0.05806013420834973 7.15
716 0.05794418473570537 7.16
717 0.0577902059385938 7.17
718 0.05745721079414068 7.18
719 0.05729069883793304 7.19
720 0.0568831651329 7.2
721 0.05637630341741763 7.21
722 0.05584237467268094 7.22
723 0.05516284223862142 7.23
724 0.05457020243864966 7.24
725 0.05389735076700734 7.25
726 0.05295449092084253 7.26
727 0.05199525267122926 7.27
728 0.05101889835046414 7.28
729 0.04994766397126675 7.29
730 0.04884485403478626 7.3
731 0.047671811756358 7.31
732 0.0465056318040446 7.32
733 0.04534411542989421 7.33
734 0.04407640582976483 7.34
735 0.04283628469914028 7.350000000000001
736 0.04161985413024834 7.36
737 0.04039398833620346 7.37
738 0.03918052325386139 7.38
739 0.03815861337348424 7.390000000000001
740 0.03707626458253803 7.4
741 0.03594164431271427 7.41
742 0.03487155678620804 7.42
743 0.0339312587698849 7.43
744 0.03306158305632396 7.44
745 0.03221531184992012 7.45
746 0.03126658792323782 7.46
747 0.03043628666142011 7.47
748 0.02969495923416431 7.48
749 0.02898918721933168 7.49
750 0.02840414640845322 7.5
751 0.02771516898262789 7.51
752 0.02711316405870592 7.52
753 0.02653442742206595 7.53
754 0.02586154678388358 7.54
755 0.02520825367687068 7.55
756 0.02450222322919558 7.56
757 0.02387870914271148 7.57
758 0.02326681340563264 7.58
759 0.02268777079102165 7.59
760 0.02206222944290008 7.600000000000001
761 0.02165490250762735 7.61
762 0.02129275697539203 7.62
763 0.02088640539624588 7.63
764 0.02054000602136807 7.640000000000001
765 0.02023807278221412 7.65
766 0.0203705383410447 7.66
767 0.02050023604117091 7.67
768 0.02078556779041246 7.68
769 0.02088313245325174 7.69
770 0.02150567544865199 7.7
771 0.02202260678272068 7.71
772 0.02310535420182647 7.72
773 0.02453430746629535 7.73
774 0.02641192451660752 7.74
775 0.02865799216659989 7.75
776 0.03069661687977811 7.76
777 0.0323541185604741 7.77
778 0.03428507811563279 7.78
779 0.03620964900012499 7.79
780 0.03827335034101745 7.8
781 0.04067169460844636 7.81
782 0.04339842425916544 7.82
783 0.04609077832057365 7.83
784 0.04840996872636574 7.84
785 0.0509889107553947 7.850000000000001
786 0.05340857341623861 7.86
787 0.05572839902383619 7.87
788 0.05825672279775908 7.88
789 0.06045448767276888 7.890000000000001
790 0.06289685441726299 7.9
791 0.06493225589826346 7.91
792 0.06679420979313878 7.92
793 0.06868152978146627 7.930000000000001
794 0.07027884716412061 7.94
795 0.07165759433705347 7.95
796 0.07339322737091153 7.96
797 0.07474406464494132 7.97
798 0.0759479269730903 7.98
799 0.07677331507511576 7.99
800 0.07760587130142328 8
801 0.07808773081520153 8.01
802 0.07907149891389896 8.02
803 0.07975304051737522 8.029999999999999
804 0.0803886207813381 8.040000000000001
805 0.08109646425129276 8.050000000000001
806 0.08141996560741879 8.06
807 0.08188438989635005 8.07
808 0.0814369821678633 8.08
809 0.08112865693270799 8.09
810 0.08062338937050166 8.1
811 0.08065884430470036 8.109999999999999
812 0.08010095867960336 8.120000000000001
813 0.07930664954409515 8.130000000000001
814 0.07836162305187523 8.140000000000001
815 0.07737247562601228 8.15
816 0.07627727085504361 8.16
817 0.07525301907990281 8.17
818 0.07405075889741443 8.18
819 0.07299569627269986 8.19
820 0.07156161778544357 8.199999999999999
821 0.07014078229903441 8.210000000000001
822 0.06869576326639565 8.220000000000001
823 0.06723462915090447 8.23
824 0.065881153346736 8.24
825 0.06482642092807586 8.25
826 0.06308412782935373 8.26
827 0.06151932459187238 8.27
828 0.05979086239891424 8.279999999999999
829 0.05792002658364163 8.290000000000001
830 0.05624995467094018 8.300000000000001
831 0.05459680015277968 8.31
832 0.05295511530129617 8.32
833 0.0511109086509086 8.33
834 0.0496432431433794 8.34
835 0.04809924856195938 8.35
836 0.04670825508509548 8.359999999999999
837 0.04518607127845896 8.370000000000001
838 0.0436716703439939 8.380000000000001
839 0.04199839304547964 8.390000000000001
840 0.04078749885820847 8.4
841 0.03968486416006545 8.41
842 0.0387665642866149 8.42
843 0.03798948390559556 8.43
844 0.03725549888046845 8.44
845 0.03656084000839888 8.449999999999999
846 0.03602111547187625 8.460000000000001
847 0.0352642969192076 8.470000000000001
848 0.0350854368627692 8.48
849 0.03452814950284432 8.49
850 0.03404801289264722 8.5
851 0.03326913090989241 8.51
852 0.03266436843988751 8.52
853 0.03221457102445194 8.529999999999999
854 0.03166684965710388 8.540000000000001
855 0.03106133015258818 8.550000000000001
856 0.03060210910680748 8.56
857 0.03009035425640094 8.57
858 0.02948786608995206 8.58
859 0.02894926522922478 8.59
860 0.02837939846212856 8.6
861 0.02789857258907247 8.609999999999999
862 0.02742404115694874 8.620000000000001
863 0.02696599598612526 8.630000000000001
864 0.02621787299651383 8.640000000000001
865 0.02533054472112774 8.65
866 0.02456570713138581 8.66
867 0.0239215719698056 8.67
868 0.02333800296730522 8.68
869 0.0225885284872844 8.69
870 0.02200162640433143 8.700000000000001
871 0.02127700304851292 8.710000000000001
872 0.02058504239575695 8.720000000000001
873 0.01947019946363537 8.73
874 0.01857430178443387 8.74
875 0.01775915866157408 8.75
876 0.01699209770554054 8.76
877 0.01627107342240854 8.77
878 0.01545096353444789 8.779999999999999
879 0.0145479616201806 8.790000000000001
880 0.01372886591671139 8.800000000000001
881 0.01317699954715856 8.81
882 0.01247176811991446 8.82
883 0.01147727426959419 8.83
884 0.0104834982725639 8.84
885 0.009660017815308508 8.85
886 0.00895119025244967 8.859999999999999
887 0.008228365195828438 8.870000000000001
888 0.007506094386153475 8.880000000000001
889 0.006704272788400856 8.890000000000001
890 0.005791120175194994 8.9
891 0.005075902677955907 8.91
892 0.00446360957221327 8.92
893 0.003680508833297652 8.93
894 0.00294848777945611 8.94
895 0.002187276056521817 8.950000000000001
896 0.001350398475215245 8.960000000000001
897 0.0005768026233764073 8.970000000000001
898 -9.481293265405089e-05 8.98
899 -0.0006975241370369284 8.99
900 -0.001386089546789301 9
901 -0.001889376662424322 9.01
902 -0.002506229337862917 9.02
903 -0.003249000646721512 9.029999999999999
904 -0.00392597403952645 9.040000000000001
905 -0.004570041016679613 9.050000000000001
906 -0.005357890471517496 9.06
907 -0.005879690559672371 9.07
908 -0.006350835795800078 9.08
909 -0.006926134496096484 9.09
910 -0.007708746220785836 9.1
911 -0.008159939042307565 9.109999999999999
912 -0.008275951049814517 9.120000000000001
913 -0.008446960769324663 9.130000000000001
914 -0.008790562119346326 9.140000000000001
915 -0.009215987483840477 9.15
916 -0.009420651985582604 9.16
917 -0.009688645684826441 9.17
918 -0.009779824443196 9.18
919 -0.009848214266004088 9.19
920 -0.01011369216404773 9.200000000000001
921 -0.01004153978554084 9.210000000000001
922 -0.01004070838125258 9.220000000000001
923 -0.009881890158851103 9.23
924 -0.009846933844554068 9.24
925 -0.009607128003530876 9.25
926 -0.009571969135558939 9.26
927 -0.009119601338324512 9.27
928 -0.008624319341521886 9.279999999999999
929 -0.007930907377665247 9.290000000000001
930 -0.007302971897701252 9.300000000000001
931 -0.006374073180791417 9.31
932 -0.005167491098741817 9.32
933 -0.003952295413573725 9.33
934 -0.002572302169662699 9.34
935 -0.0008677425953901585 9.35
936 0.0008838733782475933 9.359999999999999
937 0.003097976333808608 9.370000000000001
938 0.004967319061926018 9.380000000000001
939 0.007114493159143226 9.390000000000001
940 0.009495395929322803 9.4
941 0.01193200348477606 9.41
942 0.01437019873081345 9.42
943 0.01676459830577613 9.43
944 0.01929060588726346 9.44
945 0.02181905582214651 9.450000000000001
946 0.02426827540685628 9.460000000000001
947 0.02701853228544454 9.470000000000001
948 0.02946538758735333 9.48
949 0.03177487430182541 9.49
950 0.03395200264117601 9.5
951 0.03578340026992477 9.51
952 0.03725725825013133 9.52
953 0.03905152170356864 9.529999999999999
954 0.04068683525833042 9.540000000000001
955 0.04196224597832858 9.550000000000001
956 0.04303113929930719 9.56
957 0.04384556113939493 9.57
958 0.04464761997346453 9.58
959 0.04505242484187044 9.59
960 0.04534790118530364 9.6
961 0.04544511883468867 9.609999999999999
962 0.04595561048665869 9.620000000000001
963 0.04594868405936689 9.630000000000001
964 0.04598541028492092 9.640000000000001
965 0.04580010746792237 9.65
966 0.04568991874446331 9.66
967 0.04552152980126362 9.67
968 0.04504268995782698 9.68
969 0.04434287468010914 9.69
970 0.04340519255043909 9.700000000000001
971 0.04211016198743489 9.710000000000001
972 0.04072279177307651 9.720000000000001
973 0.03902370635165653 9.73
974 0.03710357331695954 9.74
975 0.03528092923761779 9.75
976 0.03291388554457954 9.76
977 0.0306433639087078 9.77
978 0.02834851225936068 9.779999999999999
979 0.02593206473906 9.790000000000001
980 0.02289289999646231 9.800000000000001
981 0.01980074530573178 9.81
982 0.01689690984764659 9.82
983 0.01360223185838945 9.83
984 0.0109602205861225 9.84
985 0.007480087807797506 9.85
986 0.005161870355532228 9.859999999999999
987 0.002239132627882751 9.870000000000001
988 -0.0002579698009648884 9.880000000000001
989 -0.002935525733726754 9.890000000000001
990 -0.006043843316963809 9.9
991 -0.008594330917388329 9.91
992 -0.01114378400547539 9.92
993 -0.01345979169935728 9.93
994 -0.01587279449668175 9.94
995 -0.01789843602215338 9.950000000000001
996 -0.01960204477767685 9.960000000000001
997 -0.02116556079823975 9.970000000000001
998 -0.0223556986311268 9.98
999 -0.02293436903837742 9.99
1000 -0.0236850283044447 10
1001 -0.02467974731636426 10.01
1002 -0.02458819708432751 10.02
1003 -0.02522873199061411 10.03
1004 -0.02541287381307052 10.04
1005 -0.02561599784093668 10.05
1006 -0.0248220531083691 10.06
1007 -0.02449624395195442 10.07
1008 -0.02420904286989774 10.08
1009 -0.02299730018478363 10.09
1010 -0.02187974128498928 10.1
1011 -0.02020762359313444 10.11
1012 -0.0188641003468463 10.12
1013 -0.01713482759077933 10.13
1014 -0.01536019024515975 10.14
1015 -0.01365080612463751 10.15
1016 -0.01177199510797579 10.16
1017 -0.009541418157009832 10.17
1018 -0.007282078564557468 10.18
1019 -0.004802854023021441 10.19
1020 -0.002404493090696819 10.2
1021 -0.0005370953172624399 10.21
1022 0.001706253420176329 10.22
1023 0.003957979455936067 10.23
1024 0.006245699661227094 10.24
1025 0.009706145020589044 10.25
1026 0.01220803073025295 10.26
1027 0.01506319875888235 10.27
1028 0.01892939245754513 10.28
1029 0.02192359012765681 10.29
1030 0.02494198453237891 10.3
1031 0.02890632304173918 10.31
1032 0.03154769156040181 10.32
1033 0.03415288159553252 10.33
1034 0.03781062307286115 10.34
1035 0.04065279950587333 10.35
1036 0.04410829935093806 10.36
1037 0.04680978779468961 10.37
1038 0.05058724582770016 10.38
1039 0.05341070359327592 10.39
1040 0.05737911065564051 10.4
1041 0.05988304360576707 10.41
1042 0.06393549072659524 10.42
1043 0.06672587745349144 10.43
1044 0.07000765507664017 10.44
1045 0.07310661589981825 10.45
1046 0.07579062115601183 10.46
1047 0.0794358230391745 10.47
1048 0.08114517055225177 10.48
1049 0.08398706805695158 10.49
1050 0.08697363607227306 10.5
1051 0.08974260183547725 10.51
1052 0.09281150313309031 10.52
1053 0.09521217073076461 10.53
1054 0.09817524830819842 10.54
1055 0.1005141765522438 10.55
1056 0.1036245882033103 10.56
1057 0.1060319075915275 10.57
1058 0.1089253664831811 10.58
1059 0.1121153427879127 10.59
1060 0.1147217721016187 10.6
1061 0.1172533915833582 10.61
1062 0.1194430766177322 10.62
1063 0.1219324449966586 10.63
1064 0.1238655151683487 10.64
1065 0.1265005467638536 10.65
1066 0.1286735707656476 10.66
1067 0.1316252606305679 10.67
1068 0.1340633239196924 10.68
1069 0.1361830178840419 10.69
1070 0.1384646647730333 10.7
1071 0.1403318803722334 10.71
1072 0.1415990475260889 10.72
1073 0.1435488064122165 10.73
1074 0.1450349080160202 10.74
1075 0.1460964469364625 10.75
1076 0.1470816635159898 10.76
1077 0.1484538874674917 10.77
1078 0.1495816885544072 10.78
1079 0.1505876010429401 10.79
1080 0.1515435308958947 10.8
1081 0.1524069166107081 10.81
1082 0.1528158580249165 10.82
1083 0.153513522697105 10.83
1084 0.154180760986603 10.84
1085 0.1543997712508066 10.85
1086 0.1551031487033636 10.86
1087 0.1555904989701843 10.87
1088 0.1564970733116771 10.88
1089 0.1561208816113621 10.89
1090 0.1554476669057669 10.9
1091 0.1549183730936172 10.91
1092 0.1541519281370922 10.92
1093 0.153126800166472 10.93
1094 0.1523258450423803 10.94
1095 0.1517505145208629 10.95
1096 0.1507354232390371 10.96
1097 0.1499114915699032 10.97
1098 0.1485864634073602 10.98
1099 0.1471027865890644 10.99
1100 0.1453768925766815 11
1101 0.1439785622711083 11.01
1102 0.1424687345314946 11.02
1103 0.140359212098937 11.03
1104 0.1383607533011041 11.04
1105 0.1363360676963308 11.05
1106 0.1341571209750113 11.06
1107 0.1318134265496972 11.07
1108 0.1293341840910527 11.08
1109 0.1272841175065402 11.09
1110 0.1247790939808826 11.1
1111 0.1225394379896666 11.11
1112 0.1204542583289167 11.12
1113 0.1182338148440162 11.13
1114 0.1162999706653596 11.14
1115 0.113983335125145 11.15
1116 0.1110598687397707 11.16
1117 0.1086901706508527 11.17
1118 0.105864558866561 11.18
1119 0.1027753827939715 11.19
1120 0.1005442635930918 11.2
1121 0.09910849341921382 11.21
1122 0.09754246504834978 11.22
1123 0.09556022536266932 11.23
1124 0.09414723246380545 11.24
1125 0.09212020545961747 11.25
1126 0.09051197438346707 11.26
1127 0.08809401299075087 11.27
1128 0.0865160925835961 11.28
1129 0.08450516704377541 11.29
1130 0.08281784530054596 11.3
1131 0.08090071837476359 11.31
1132 0.07915486144809097 11.32
1133 0.0772594177200433 11.33
1134 0.0752824178330567 11.34
1135 0.07302059706704972 11.35
1136 0.07087206959928245 11.36
1137 0.06842896907038731 11.37
1138 0.0666901813494391 11.38
1139 0.06523554851023947 11.39
1140 0.06348342621184441 11.4
1141 0.0622280754887881 11.41
1142 0.06060839347920648 11.42
1143 0.05876784315198356 11.43
1144 0.05664660001180888 11.44
1145 0.05474132530847112 11.45
1146 0.05236201303165677 11.46
1147 0.05008180269922147 11.47
1148 0.04791264173603883 11.48
1149 0.04607498242092044 11.49
1150 0.04442550927379524 11.5
1151 0.04265985681669955 11.51
1152 0.0410351906242797 11.52
1153 0.03934484100667607 11.53
1154 0.03775840127800079 11.54
1155 0.03665188496812996 11.55
1156 0.03551651285206926 11.56
1157 0.03450380053534062 11.57
1158 0.03370298023755222 11.58
1159 0.03285337880994842 11.59
1160 0.03211899832307635 11.6
1161 0.03123768428109903 11.61
1162 0.03023457704234295 11.62
1163 0.02900229608864099 11.63
1164 0.02794133428890519 11.64
1165 0.02685266191712332 11.65
1166 0.0256452788625484 11.66
1167 0.02434165185820747 11.67
1168 0.02320906450559455 11.68
1169 0.02208199306320234 11.69
1170 0.02114902656742572 11.7
1171 0.02030735490238693 11.71
1172 0.01912669520508176 11.72
1173 0.01776001317729932 11.73
1174 0.01666658781473625 11.74
1175 0.01587742639653113 11.75
1176 0.0144650665048497 11.76
1177 0.01339120471610458 11.77
1178 0.01212127211029314 11.78
1179 0.01102844281285009 11.79
1180 0.009892825146208498 11.8
1181 0.008937437252424879 11.81
1182 0.00787485905318086 11.82
1183 0.007239306275074645 11.83
1184 0.006631563709441637 11.84
1185 0.006257237029065194 11.85
1186 0.005868806230551069 11.86
1187 0.005027099731231055 11.87
1188 0.00436448290589693 11.88
1189 0.003848679765295918 11.89
1190 0.003249899845337981 11.9
1191 0.002714568120190775 11.91
1192 0.002324419855944199 11.92
1193 0.001987823088034746 11.93
1194 0.001577238947328155 11.94
1195 0.001403700195846361 11.95
1196 0.0008958830074431851 11.96
1197 0.0006633496023968483 11.97
1198 0.0005016865607939819 11.98
1199 0.0002986203332766141 11.99
1200 0.0003958921306970314 12
1201 0.0004505874622749012 12.01
1202 0.001043990302354414 12.02
1203 0.001555336099356708 12.03
1204 0.001993234816660916 12.04
1205 0.002452079078517994 12.05
1206 0.003162748882579808 12.06
1207 0.003754603597224085 12.07
1208 0.004307363573776299 12.08
1209 0.004623166132283821 12.09
1210 0.004946728981292586 12.1
1211 0.005199093637567223 12.11
1212 0.0053767892797109 12.12
1213 0.00572912330869961 12.13
1214 0.00608423667252983 12.14
1215 0.00626235364969345 12.15
1216 0.006816106759634954 12.16
1217 0.007355178453152297 12.17
1218 0.007665190685469905 12.18
1219 0.00811635434141092 12.19
1220 0.008740174566088804 12.2
1221 0.008751936882249831 12.21
1222 0.008685997428792641 12.22
1223 0.009031306949359053 12.23
1224 0.009250301117465734 12.24
1225 0.009361647083848276 12.25
1226 0.009303266426933604 12.26
1227 0.009058182338776449 12.27
1228 0.008962336813945787 12.28
1229 0.008678048337446703 12.29
1230 0.008429641256625708 12.3
1231 0.008015273201373532 12.31
1232 0.00728678514154435 12.32
1233 0.006384980652447331 12.33
1234 0.005690076112751782 12.34
1235 0.004798211359941129 12.35
1236 0.003617931695567095 12.36
1237 0.00281441576166036 12.37
1238 0.001636734259371844 12.38
1239 0.0008303449023586013 12.39
1240 -0.0002494544558746675 12.4
1241 -0.001601567658950809 12.41
1242 -0.002859668257028103 12.42
1243 -0.004023014272327582 12.43
1244 -0.00521653320455126 12.44
1245 -0.006621938802727337 12.45
1246 -0.008058369354373512 12.46
1247 -0.009705153980509848 12.47
1248 -0.01096370355434648 12.48
1249 -0.01245194413569589 12.49
1250 -0.01377185783908552 12.5
1251 -0.01510856662306369 12.51
1252 -0.01655024435477989 12.52
1253 -0.01808013953772176 12.53
1254 -0.01934366322878553 12.54
1255 -0.02078573805066077 12.55
1256 -0.02202229655897535 12.56
1257 -0.0233304963863385 12.57
1258 -0.02445845582553893 12.58
1259 -0.02525161448532906 12.59
1260 -0.02601042383902325 12.6
1261 -0.02640071303083315 12.61
1262 -0.02695503512476341 12.62
1263 -0.02722593983308903 12.63
1264 -0.02732270287799485 12.64
1265 -0.02742353939474632 12.65
1266 -0.0273349725526434 12.66
1267 -0.02703120240684879 12.67
1268 -0.02685482355039425 12.68
1269 -0.02629966776064254 12.69
1270 -0.02538836922071296 12.7
1271 -0.02413265263692535 12.71
1272 -0.02310478759221306 12.72
1273 -0.0220613324775128 12.73
1274 -0.02067782150678296 12.74
1275 -0.01927707402483238 12.75
1276 -0.01779879995727156 12.76
1277 -0.01611776238851413 12.77
1278 -0.01424556939442863 12.78
1279 -0.01223810684448266 12.79
1280 -0.01023303595141127 12.8
1281 -0.008097589949652692 12.81
1282 -0.006064441989404951 12.82
1283 -0.003651286490950645 12.83
1284 -0.00133689858757563 12.84
1285 0.001132839910296821 12.85
1286 0.003883470850538653 12.86
1287 0.006531330427638565 12.87
1288 0.009525872807927716 12.88
1289 0.01268584079966388 12.89
1290 0.01610737592160817 12.9
1291 0.01974247538053804 12.91
1292 0.02289874291788292 12.92
1293 0.02774006131847527 12.93
1294 0.0319751475916196 12.94
1295 0.03646181003719902 12.95
1296 0.04038063091883694 12.96
1297 0.04438373215655375 12.97
1298 0.04833234180947102 12.98
1299 0.05183408034663047 12.99
1300 0.05580808567465433 13
1301 0.05967955037544116 13.01
1302 0.0632666979390476 13.02
1303 0.06703981096457996 13.03
1304 0.07113071581268958 13.04
1305 0.07512208690050749 13.05
1306 0.07896922204784247 13.06
1307 0.08247701596634062 13.07
1308 0.08571764472465063 13.08
1309 0.08913270085624812 13.09
1310 0.0923267682847565 13.1
1311 0.09546063717800624 13.11
1312 0.09772054721180948 13.12
1313 0.1005923481016186 13.13
1314 0.1028173184652134 13.14
1315 0.1048962513727017 13.15
1316 0.1068750774413978 13.16
1317 0.1092354664679987 13.17
1318 0.1111001926679047 13.18
1319 0.1130205060265463 13.19
1320 0.1148710032114559 13.2
1321 0.1169255476369977 13.21
1322 0.1189802977058552 13.22
1323 0.120969390091704 13.23
1324 0.1234340362892102 13.24
1325 0.1251755767909506 13.25
1326 0.1268072336755131 13.26
1327 0.12823428699487 13.27
1328 0.1293675427731679 13.28
1329 0.1305002234076064 13.29
1330 0.1315556086020532 13.3
1331 0.1323112866135811 13.31
1332 0.1331572163648408 13.32
1333 0.1342277806327501 13.33
1334 0.1351329467020369 13.34
1335 0.1360917732638003 13.35
1336 0.1369460332353767 13.36
1337 0.1374268890093746 13.37
1338 0.1374699479302459 13.38
1339 0.137659209976575 13.39
1340 0.1385704222312765 13.4
1341 0.1392110276925152 13.41
1342 0.1394564294478655 13.42
1343 0.1393803612916699 13.43
1344 0.1393491598382558 13.44
1345 0.1390592837150959 13.45
1346 0.137838052302129 13.46
1347 0.1368984619263388 13.47
1348 0.1363117722097845 13.48
1349 0.1354299173381975 13.49
1350 0.134456038307213 13.5
1351 0.1336458910208992 13.51
1352 0.1328587087180685 13.52
1353 0.1322211703936592 13.53
1354 0.1313938648180439 13.54
1355 0.1303904866755032 13.55
1356 0.1296137230587637 13.56
1357 0.1286362878447684 13.57
1358 0.127498622973558 13.58
1359 0.1260691784114722 13.59
1360 0.1252299025853546 13.6
1361 0.1243090806927712 13.61
1362 0.122655243820623 13.62
1363 0.1206048734235841 13.63
1364 0.1193547321634272 13.64
1365 0.1182429597339587 13.65
1366 0.1171147455963831 13.66
1367 0.1160485379417691 13.67
1368 0.1154542095790294 13.68
1369 0.1148730255531353 13.69
1370 0.1140356212587397 13.7
1371 0.1129748885523208 13.71
1372 0.1114752671862405 13.72
1373 0.1100831742627403 13.73
1374 0.1085294700041037 13.74
1375 0.1073169875016267 13.75
1376 0.1056938746785901 13.76
1377 0.1043368173845756 13.77
1378 0.1026397881961281 13.78
1379 0.1014961130311594 13.79
1380 0.100368838941274 13.8
1381 0.09887722989868944 13.81
1382 0.09721920626804378 13.82
1383 0.0954307954675491 13.83
1384 0.09381010698801755 13.84
1385 0.09204702407955341 13.85
1386 0.09023672019260687 13.86
1387 0.08816801351327513 13.87
1388 0.0860614753900618 13.88
1389 0.08390027801450987 13.89
1390 0.08191373645656438 13.9
1391 0.0798568337843967 13.91
1392 0.0775974482750965 13.92
1393 0.07525153151576752 13.93
1394 0.0730508694424825 13.94
1395 0.07082238763278358 13.95
1396 0.06868409190482877 13.96
1397 0.06649445060008606 13.97
1398 0.0644061325611972 13.98
1399 0.06199754858764563 13.99
1400 0.05955935788981637 14
1401 0.05687911823203344 14.01
1402 0.05393848424662785 14.02
1403 0.05173828706699968 14.03
1404 0.04867473565048076 14.04
1405 0.04628554425972338 14.05
1406 0.04437440061874143 14.06
1407 0.04225589887268248 14.07
1408 0.0402582316113451 14.08
1409 0.0383398436905002 14.09
1410 0.03642483614722961 14.1
1411 0.03452462922570583 14.11
1412 0.03260040529054879 14.12
1413 0.03075416295242506 14.13
1414 0.0284825380567779 14.14
1415 0.02686224591937031 14.15
1416 0.0242648149054451 14.16
1417 0.02248469450072194 14.17
1418 0.02048659627015409 14.18
1419 0.01859744160647735 14.19
1420 0.01688772784124386 14.2
1421 0.01572905496306977 14.21
1422 0.01433279063471414 14.22
1423 0.01315967049966474 14.23
1424 0.01184843394117394 14.24
1425 0.01059202602385741 14.25
1426 0.009173605785367994 14.26
1427 0.007894666196813491 14.27
1428 0.006917083926362907 14.28
1429 0.006311221313058238 14.29
1430 0.005743529170509409 14.3
1431 0.005011323375437526 14.31
1432 0.005179191070987438 14.32
1433 0.004660053245808329 14.33
1434 0.004133416739067947 14.34
1435 0.003945169833974152 14.35
1436 0.002975478524751968 14.36
1437 0.002579810203837574 14.37
1438 0.002952036184043591 14.38
1439 0.003115429931251898 14.39
1440 0.004008911804829998 14.4
1441 0.004962654301816846 14.41
1442 0.005425550846200805 14.42
1443 0.005464351625118644 14.43
1444 0.005569602484309558 14.44
1445 0.005159133194621454 14.45
1446 0.005388055425848706 14.46
1447 0.005925749347464482 14.47
1448 0.006290071696010716 14.48
1449 0.006415613918940299 14.49
1450 0.006591751526908607 14.5
1451 0.006984048671796458 14.51
1452 0.008010302980418341 14.52
1453 0.008757530585902312 14.53
1454 0.009390129565163108 14.54
1455 0.01029765416820096 14.55
1456 0.0106520990798309 14.56
1457 0.01118444209747302 14.57
1458 0.01163514893143384 14.58
1459 0.01196295586126669 14.59
1460 0.01233066077225917 14.6
1461 0.01285761558520106 14.61
1462 0.0128899489959973 14.62
1463 0.01314160748868011 14.63
1464 0.01337622326596324 14.64
1465 0.01374903295450328 14.65
1466 0.01424638088227366 14.66
1467 0.01471873893232047 14.67
1468 0.01553900771023747 14.68
1469 0.01596187203944995 14.69
1470 0.01675808093190963 14.7
1471 0.01737605929821129 14.71
1472 0.01780738799807194 14.72
1473 0.018046888147493 14.73
1474 0.01812108212010292 14.74
1475 0.0178803023155282 14.75
1476 0.01761839212670668 14.76
1477 0.01710439989515308 14.77
1478 0.01666587980089858 14.78
1479 0.0161530584147197 14.79
1480 0.01539268114094949 14.8
1481 0.01480019189820098 14.81
1482 0.01397175447535857 14.82
1483 0.0133810204585089 14.83
1484 0.01215580301057589 14.84
1485 0.01120660424225475 14.85
1486 0.009808706888728522 14.86
1487 0.008658901955244283 14.87
1488 0.007373264592671402 14.88
1489 0.006515310022447998 14.89
1490 0.005687063252060323 14.9
1491 0.004979730359125051 14.91
1492 0.003374314760509867 14.92
1493 0.00223271238593388 14.93
1494 0.001163860448338785 14.94
1495 -0.0001655329593578253 14.95
1496 -0.001544144745494608 14.96
1497 -0.002689143172703273 14.97
1498 -0.003980473332282047 14.98
1499 -0.004840409699062395 14.99
1500 -0.005906264391472835 15
1501 -0.007076629421364708 15.01
1502 -0.00787995070565721 15.02
1503 -0.009013701778988747 15.03
1504 -0.01001705556559929 15.04
1505 -0.01065413016039979 15.05
1506 -0.01127799447499259 15.06
1507 -0.01188076878302552 15.07
1508 -0.01247861391945121 15.08
1509 -0.01312691495604119 15.09
1510 -0.01367635942181346 15.1
1511 -0.01406802733782347 15.11
1512 -0.01448000722060652 15.12
1513 -0.01503013451097714 15.13
1514 -0.01550007482304608 15.14
1515 -0.0159411157369386 15.15
1516 -0.01617225465867232 15.16
1517 -0.01622109826087136 15.17
1518 -0.016316241935155 15.18
1519 -0.01640311799786671 15.19
1520 -0.01629592900517506 15.2
1521 -0.0159504136215636 15.21
1522 -0.01584410246656086 15.22
1523 -0.0156657102567012 15.23
1524 -0.01537623836981464 15.24
1525 -0.01526428390199078 15.25
1526 -0.01503427933774289 15.26
1527 -0.01440731893475423 15.27
1528 -0.01385811944606916 15.28
1529 -0.01316654912588677 15.29
1530 -0.01247938521354433 15.3
1531 -0.01177271639588282 15.31
1532 -0.01092575184699882 15.32
1533 -0.01010356281225397 15.33
1534 -0.009181113663732823 15.34
1535 -0.008241908762354269 15.35
1536 -0.007174270404638639 15.36
1537 -0.006099652838994898 15.37
1538 -0.005022611478356684 15.38
1539 -0.003899568326180158 15.39
1540 -0.00262270553544787 15.4
1541 -0.001184747944177 15.41
1542 0.0002444051400262992 15.42
1543 0.00165053502277554 15.43
1544 0.003311146478671229 15.44
1545 0.004842253685729075 15.45
1546 0.006280134680559851 15.46
1547 0.007632957927451195 15.47
1548 0.00897637114586694 15.48
1549 0.01040524897130773 15.49
1550 0.01186797588140563 15.5
1551 0.01332719589367569 15.51
1552 0.0150170098376856 15.52
1553 0.01662837260718657 15.53
1554 0.0183135019986098 15.54
1555 0.02020329667508801 15.55
1556 0.02234105564731848 15.56
1557 0.02436151175727663 15.57
1558 0.02656367637137615 15.58
1559 0.02874951127539556 15.59
1560 0.03094001897324428 15.6
1561 0.03294158108108014 15.61
1562 0.03485633601619079 15.62
1563 0.03690938971443952 15.63
1564 0.03894330798515565 15.64
1565 0.0410315353376426 15.65
1566 0.04370961460224508 15.66
1567 0.04623409643491577 15.67
1568 0.04884419140236144 15.68
1569 0.05117840391172974 15.69
1570 0.05347513732206331 15.7
1571 0.05555876146495667 15.71
1572 0.05750574987129081 15.72
1573 0.05918866451044107 15.73
1574 0.06108922050071315 15.74
1575 0.0627673180321935 15.75
1576 0.06428902410537177 15.76
1577 0.06604387816913514 15.77
1578 0.06762693551524776 15.78
1579 0.06914370547596849 15.79
1580 0.0704764659552591 15.8
1581 0.07168789557173556 15.81
1582 0.07270313865064573 15.82
1583 0.07406413811046722 15.83
1584 0.07522508053029996 15.84
1585 0.07621474028125054 15.85
1586 0.0774239918282421 15.86
1587 0.0780705398092769 15.87
1588 0.07885172603875254 15.88
1589 0.07948974440748147 15.89
1590 0.0798600203476665 15.9
1591 0.08017451315726548 15.91
1592 0.0806874370771563 15.92
1593 0.08108486204894255 15.93
1594 0.08129180787576856 15.94
1595 0.08158761374314338 15.95
1596 0.08118235248831385 15.96
1597 0.08130594229616649 15.97
1598 0.0813028463275058 15.98
1599 0.08078648650137266 15.99
1600 0.08048996120337454 16
1601 0.07978942509848183 16.01
1602 0.07911831339092268 16.02
1603 0.07868613629891916 16.03
1604 0.07807050253795467 16.04
1605 0.07723353364542146 16.05
1606 0.07630173101967272 16.06
1607 0.07570551064520542 16.07
1608 0.07471605196686908 16.08
1609 0.07371554808804581 16.09
1610 0.07269837958097349 16.1
1611 0.07149576663100396 16.11
1612 0.07038009536722363 16.12
1613 0.06943847392871659 16.13
1614 0.06836013370542358 16.14
1615 0.06674451674674292 16.15
1616 0.06557273478535823 16.16
1617 0.06410879569833335 16.17
1618 0.06277673155801536 16.18
1619 0.06130252101212884 16.19
1620 0.05988346341595467 16.2
1621 0.05843913992404956 16.21
1622 0.05736912546735011 16.22
1623 0.05647942708124294 16.23
1624 0.05526503086100079 16.24
1625 0.05375904113459014 16.25
1626 0.0518953278545803 16.26
1627 0.04994385173851294 16.27
1628 0.04772661699424977 16.28
1629 0.04583069863149379 16.29
1630 0.04398849677743479 16.3
1631 0.0418870170235858 16.31
1632 0.04015136253611669 16.32
1633 0.03841724045856518 16.33
1634 0.03593389218312784 16.34
1635 0.0344315757600101 16.35
1636 0.03181509162770083 16.36
1637 0.02951120521637536 16.37
1638 0.02691121994503116 16.38
1639 0.02479309729348303 16.39
1640 0.02315840013875728 16.4
1641 0.02102752272746529 16.41
1642 0.01946408911074646 16.42
1643 0.01787015310064176 16.43
1644 0.01642814196464779 16.44
1645 0.01519734536875517 16.45
1646 0.01368614095494519 16.46
1647 0.01202907602862617 16.47
1648 0.01071069340502236 16.48
1649 0.008603087940820958 16.49
1650 0.006689352289284342 16.5
1651 0.00502314272980274 16.51
1652 0.003360424000726323 16.52
1653 0.00193407880312918 16.53
1654 0.0003583786307942705 16.54
1655 -0.001194790196075587 16.55
1656 -0.002756984845354526 16.56
1657 -0.004550648944874253 16.57
1658 -0.006032984714248735 16.58
1659 -0.007217691372789617 16.59
1660 -0.008858125390391505 16.6
1661 -0.01047601259798053 16.61
1662 -0.01181941639215003 16.62
1663 -0.01330350325032932 16.63
1664 -0.01481006701131109 16.64
1665 -0.01574654234745233 16.65
1666 -0.01705537219123608 16.66
1667 -0.01821401995753962 16.67
1668 -0.0190033394870537 16.68
1669 -0.01992147718569592 16.69
1670 -0.02075523994445093 16.7
1671 -0.0214939605914355 16.71
1672 -0.02184099206432798 16.72
1673 -0.02173738946049938 16.73
1674 -0.02183960334749015 16.74
1675 -0.02212371686478752 16.75
1676 -0.02191750035067257 16.76
1677 -0.02186787396010362 16.77
1678 -0.02177661833642965 16.78
1679 -0.02080784054664246 16.79
1680 -0.0204320788888703 16.8
1681 -0.02004516439445344 16.81
1682 -0.01924299957944591 16.82
1683 -0.01812648155846609 16.83
1684 -0.01763870737191747 16.84
1685 -0.01606873289300011 16.85
1686 -0.01503676871710499 16.86
1687 -0.01293812864309664 16.87
1688 -0.01211233395448835 16.88
1689 -0.01047270612640713 16.89
1690 -0.008441933546642563 16.9
1691 -0.006011512696150773 16.91
1692 -0.003712043302284682 16.92
1693 -0.001434713991014608 16.93
1694 0.0002200617470486804 16.94
1695 0.002209159722064258 16.95
1696 0.004524009361150924 16.96
1697 0.006955949619966179 16.97
1698 0.008760202886015964 16.98
1699 0.01091813410770005 16.99
1700 0.01289090543750485 17
1701 0.01525862625629985 17.01
1702 0.01719850046301574 17.02
1703 0.01955135250198041 17.03
1704 0.02130309115929428 17.04
1705 0.02285542614649096 17.05
1706 0.02460200034809354 17.06
1707 0.02622327708304985 17.07
1708 0.02822128078207213 17.08
1709 0.0301060528381501 17.09
1710 0.03241801010487284 17.1
1711 0.03465412522654727 17.11
1712 0.03658160948954975 17.12
1713 0.0381276188233732 17.13
1714 0.03999214834953715 17.14
1715 0.04170701592064341 17.15
1716 0.04384598972458073 17.16
1717 0.04528421266908123 17.17
1718 0.04643711391618505 17.18
1719 0.04771789631136078 17.19
1720 0.04873122631451038 17.2
1721 0.04944323311237361 17.21
1722 0.05025222260584472 17.22
1723 0.0511735768978113 17.23
1724 0.05232516706053979 17.24
1725 0.05339415260125838 17.25
1726 0.05426175920128971 17.26
1727 0.05526966009127814 17.27
1728 0.0561140482289236 17.28
1729 0.05702883516831038 17.29
1730 0.05756946367218493 17.3
1731 0.05781202140331385 17.31
1732 0.05808248470991099 17.32
1733 0.05867319602305605 17.33
1734 0.05853661172080958 17.34
1735 0.05805069360604147 17.35
1736 0.05747626660173498 17.36
1737 0.05719497041290005 17.37
1738 0.05664001767514933 17.38
1739 0.05563216181268452 17.39
1740 0.05451419722876794 17.4
1741 0.05390529683564169 17.41
1742 0.05328046633022783 17.42
1743 0.05215057854101462 17.43
1744 0.05084494939830161 17.44
1745 0.04987060919792222 17.45
1746 0.04872248202273466 17.46
1747 0.04713617056457019 17.47
1748 0.04550472504361733 17.48
1749 0.04413859336140077 17.49
1750 0.04267294021938144 17.5
1751 0.04116128476869668 17.51
1752 0.0394565769377503 17.52
1753 0.03790563745114854 17.53
1754 0.0363706287374316 17.54
1755 0.03417988221800253 17.55
1756 0.03199067851790159 17.56
1757 0.02971995660808664 17.57
1758 0.0271831758426639 17.58
1759 0.02490935808496426 17.59
1760 0.02235957826996568 17.6
1761 0.01961604529602652 17.61
1762 0.01691178198503704 17.62
1763 0.01438772948302701 17.63
1764 0.0115102125436724 17.64
1765 0.008963242206775482 17.65
1766 0.00633630308424056 17.66
1767 0.00425103207982766 17.67
1768 0.001895741456985497 17.68
1769 -0.0003222448143814366 17.69
1770 -0.002596145262004995 17.7
1771 -0.004938969590873601 17.71
1772 -0.007168472177120064 17.72
1773 -0.009297937122796779 17.73
1774 -0.01150428217391128 17.74
1775 -0.01364435884200484 17.75
1776 -0.01556905760132821 17.76
1777 -0.0172376186771963 17.77
1778 -0.01867056973683839 17.78
1779 -0.0203601792242392 17.79
1780 -0.02206430204061502 17.8
1781 -0.02328377248382742 17.81
1782 -0.02430572943930312 17.82
1783 -0.02532957953106796 17.83
1784 -0.02593323262286899 17.84
1785 -0.02652325675408537 17.85
1786 -0.02709234566551806 17.86
1787 -0.02764344652964849 17.87
1788 -0.02808604827155238 17.88
1789 -0.0281759917905155 17.89
1790 -0.02848216454177191 17.9
1791 -0.02844962223841656 17.91
1792 -0.02849739258780067 17.92
1793 -0.02839999727872472 17.93
1794 -0.02802784730440056 17.94
1795 -0.02761473817862681 17.95
1796 -0.02669365891892818 17.96
1797 -0.02617884421399119 17.97
1798 -0.02489157333757738 17.98
1799 -0.02383545438601278 17.99
1800 -0.0223575380680122 18
1801 -0.02128564066897241 18.01
1802 -0.01986542579957596 18.02
1803 -0.01814562121818729 18.03
1804 -0.01653203004621165 18.04
1805 -0.01478983418937419 18.05
1806 -0.01318417915498313 18.06
1807 -0.01135819356950996 18.07
1808 -0.009396425914463158 18.08
1809 -0.007849588533864277 18.09
1810 -0.005213753847487901 18.1
1811 -0.00257276168162196 18.11
1812 -0.0006358170728300166 18.12
1813 0.002577563457093909 18.13
1814 0.004662949125816024 18.14
1815 0.008323703413866637 18.15
1816 0.01105366439896045 18.16
1817 0.01386941820334901 18.17
1818 0.01710914516276965 18.18
1819 0.02034236924438719 18.19
1820 0.02372063497846873 18.2
1821 0.02733704611448914 18.21
1822 0.03096937083423798 18.22
1823 0.03480785418009245 18.23
1824 0.03841243981952688 18.24
1825 0.04198394278518641 18.25
1826 0.04593020815184225 18.26
1827 0.04957866874754939 18.27
1828 0.05341759713134286 18.28
1829 0.05660467320471591 18.29
1830 0.06038362963471762 18.3
1831 0.06358588183506819 18.31
1832 0.06678008482237464 18.32
1833 0.06985582984531434 18.33
1834 0.07248889095579011 18.34
1835 0.07530823867383159 18.35
1836 0.0780622899234466 18.36
1837 0.08067297916818197 18.37
1838 0.08357993496520556 18.38
1839 0.08580825779051207 18.39
1840 0.08783959225037605 18.4
1841 0.08995510150620266 18.41
1842 0.09219969332970082 18.42
1843 0.09429952052527749 18.43
1844 0.09605673465476383 18.44
1845 0.09763155841690535 18.45
1846 0.09956976750564515 18.46
1847 0.1009427500544619 18.47
1848 0.1026650418381284 18.48
1849 0.1040592061393708 18.49
1850 0.105195313466264 18.5
1851 0.1061037205375399 18.51
1852 0.10662361292468 18.52
1853 0.1069381387590464 18.53
1854 0.1075964373702852 18.54
1855 0.1079851562204271 18.55
1856 0.1085004594724196 18.56
1857 0.109237024975901 18.57
1858 0.1096484349771888 18.58
1859 0.1096246145647907 18.59
1860 0.1090961452763575 18.6
1861 0.1091379653600723 18.61
1862 0.1086537746647008 18.62
1863 0.1084999397336048 18.63
1864 0.107740361293741 18.64
1865 0.1073107119549597 18.65
1866 0.1066621155904758 18.66
1867 0.1062121739811609 18.67
1868 0.105230695590598 18.68
1869 0.1041016530562285 18.69
1870 0.1032090354391501 18.7
1871 0.102270023756413 18.71
1872 0.1009637262494161 18.72
1873 0.09963925778369087 18.73
1874 0.09817775642253181 18.74
1875 0.0968020821449852 18.75
1876 0.0954489265252446 18.76
1877 0.09438642612439246 18.77
1878 0.09348812981911694 18.78
1879 0.0920901245410084 18.79
1880 0.09092106762124896 18.8
1881 0.08964476426224507 18.81
1882 0.0882752632967895 18.82
1883 0.08688919980730395 18.83
1884 0.08513779264792044 18.84
1885 0.0836840652119446 18.85
1886 0.08200303044933005 18.86
1887 0.08011749860137696 18.87
1888 0.07831383633501712 18.88
1889 0.07646013141859465 18.89
1890 0.07510282364601206 18.9
1891 0.07328815322877964 18.91
1892 0.071294196589773 18.92
1893 0.06966592233606103 18.93
1894 0.0676904255981691 18.94
1895 0.06600717249358859 18.95
1896 0.06446317234367605 18.96
1897 0.06283662516401792 18.97
1898 0.06120910410078317 18.98
1899 0.05970312119827558 18.99
1900 0.05787897477354582 19
1901 0.05623490110949614 19.01
1902 0.05468568949325383 19.02
1903 0.05286003628782662 19.03
1904 0.05105094134283838 19.04
1905 0.04918590808546307 19.05
1906 0.04729925411104227 19.06
1907 0.04560355269549881 19.07
1908 0.04400335796582082 19.08
1909 0.04237946449210199 19.09
1910 0.04094766457491937 19.1
1911 0.03956728794733827 19.11
1912 0.03800008715008225 19.12
1913 0.03654447293215293 19.13
1914 0.03514334753126026 19.14
1915 0.03382602891870952 19.15
1916 0.0321485478710945 19.16
1917 0.03054562002343494 19.17
1918 0.02885389026330495 19.18
1919 0.02739034807863812 19.19
1920 0.02578261650103124 19.2
1921 0.02412462232439143 19.21
1922 0.02260220063524816 19.22
1923 0.02096701415248763 19.23
1924 0.01940233482708743 19.24
1925 0.01776920915572186 19.25
1926 0.01627424916029083 19.26
1927 0.01478661048467646 19.27
1928 0.01321606188148702 19.28
1929 0.01159582042657846 19.29
1930 0.009937975538047109 19.3
1931 0.008373780488437482 19.31
1932 0.00711281196044003 19.32
1933 0.006042122750976139 19.33
1934 0.004943973909357233 19.34
1935 0.003563428217802367 19.35
1936 0.002599565210384694 19.36
1937 0.001177051573817825 19.37
1938 -0.0001949343809759529 19.38
1939 -0.00128797796444903 19.39
1940 -0.002598934437009121 19.4
1941 -0.003509047478968311 19.41
1942 -0.004915198231364132 19.42
1943 -0.00585847858577758 19.43
1944 -0.007339765051726954 19.44
1945 -0.00848183078157709 19.45
1946 -0.00938508764375956 19.46
1947 -0.01076694448626114 19.47
1948 -0.01188555551881471 19.48
1949 -0.01280672531834093 19.49
1950 -0.01348526532973731 19.5
1951 -0.01409081006939563 19.51
1952 -0.01476986945240955 19.52
1953 -0.01549963063945309 19.53
1954 -0.01604069148174544 19.54
1955 -0.01712843276141699 19.55
1956 -0.01755240926194648 19.56
1957 -0.01853987539054153 19.57
1958 -0.01912974305228835 19.58
1959 -0.02028034664428162 19.59
1960 -0.02112193163735096 19.6
1961 -0.02196873808324888 19.61
1962 -0.02271300967743825 19.62
1963 -0.02306731481092689 19.63
1964 -0.02346054061945484 19.64
1965 -0.0237819074599921 19.65
1966 -0.02432047006002955 19.66
1967 -0.02459664760819054 19.67
1968 -0.02503631328309738 19.68
1969 -0.02523724984118808 19.69
1970 -0.02532635442770351 19.7
1971 -0.02555819166795259 19.71
1972 -0.02593155941378164 19.72
1973 -0.02621408308420782 19.73
1974 -0.02650000189694476 19.74
1975 -0.02669921505768535 19.75
1976 -0.02668969953345011 19.76
1977 -0.02671497716519488 19.77
1978 -0.02708095953808112 19.78
1979 -0.02743016810593508 19.79
1980 -0.02748501169383229 19.8
1981 -0.02744938185733378 19.81
1982 -0.02753977367416424 19.82
1983 -0.02761615868879188 19.83
1984 -0.0279282363116513 19.84
1985 -0.02768922231702174 19.85
1986 -0.02771325890772815 19.86
1987 -0.02781599639637924 19.87
1988 -0.027758947029735 19.88
1989 -0.02769011537529436 19.89
1990 -0.02765847476590103 19.9
1991 -0.02796751660738599 19.91
1992 -0.02825924481863946 19.92
1993 -0.0284604057544713 19.93
1994 -0.02885870107126318 19.94
1995 -0.0291922523837644 19.95
1996 -0.02916001186295916 19.96
1997 -0.02950762408828777 19.97
1998 -0.02950678400882617 19.98
1999 -0.02978474428217482 19.99
2000 -0.03007251483449043 20
2001 -0.03014398275451774 20.01
2002 -0.03000963796306501 20.02
2003 -0.03033602769871151 20.03
2004 -0.03068296371262622 20.04
2005 -0.03110776791700326 20.05
2006 -0.03159118953800823 20.06
2007 -0.03210221446725615 20.07
2008 -0.03241630340533296 20.08
2009 -0.03269473277800665 20.09
2010 -0.03289509554247085 20.1
2011 -0.03312477285758982 20.11
2012 -0.03354356763718673 20.12
2013 -0.03383306351640968 20.13
2014 -0.03420283160757068 20.14
2015 -0.03471049240112927 20.15
2016 -0.03524407548769812 20.16
2017 -0.03571073010595856 20.17
2018 -0.03614947970193266 20.18
2019 -0.03671766701272444 20.19
2020 -0.0373541239623101 20.2
2021 -0.03784199329669204 20.21
2022 -0.03827067040802339 20.22
2023 -0.03884801833283739 20.23
2024 -0.03945567492209334 20.24
2025 -0.03995199059656068 20.25
2026 -0.04016324107190695 20.26
2027 -0.04058276066888558 20.27
2028 -0.04090906863311758 20.28
2029 -0.04123385107191624 20.29
2030 -0.04155157617569362 20.3
2031 -0.04173373267827466 20.31
2032 -0.04177319798225724 20.32
2033 -0.04167623036329321 20.33
2034 -0.04164496963811656 20.34
2035 -0.04156421909767743 20.35
2036 -0.041713447108412 20.36
2037 -0.04172507383985036 20.37
2038 -0.04153775243713962 20.38
2039 -0.04142747327796882 20.39
2040 -0.04135293676295589 20.4
2041 -0.04122833560418546 20.41
2042 -0.04118293132729724 20.42
2043 -0.04104849467386216 20.43
2044 -0.04078259842193308 20.44
2045 -0.04057780838424437 20.45
2046 -0.04031745166796666 20.46
2047 -0.03992316149640204 20.47
2048 -0.03958400911212435 20.48
2049 -0.03893798564608618 20.49
2050 -0.03848875490954694 20.5
2051 -0.0376546473776781 20.51
2052 -0.03673043413638066 20.52
2053 -0.03569852686249543 20.53
2054 -0.03482082943817785 20.54
2055 -0.03406696314533645 20.55
2056 -0.03306451024742398 20.56
2057 -0.03159695751893893 20.57
2058 -0.03086373991714982 20.58
2059 -0.02936207636326098 20.59
2060 -0.02775375154842769 20.6
2061 -0.02644789209044741 20.61
2062 -0.02510537784341733 20.62
2063 -0.02328460061550845 20.63
2064 -0.02164460734284718 20.64
2065 -0.01972736224629942 20.65
2066 -0.01792095376134528 20.66
2067 -0.01620402583538093 20.67
2068 -0.01452275641352836 20.68
2069 -0.01273338979421515 20.69
2070 -0.01067884738719091 20.7
2071 -0.008558642871900307 20.71
2072 -0.0066303607466668 20.72
2073 -0.004718755306004976 20.73
2074 -0.002695144422632495 20.74
2075 -0.0005248047731430117 20.75
2076 0.001676906013924034 20.76
2077 0.003507600708540295 20.77
2078 0.005457810916186523 20.78
2079 0.007209181765473874 20.79
2080 0.008916908256460965 20.8
2081 0.01051036569081919 20.81
2082 0.01226121600313952 20.82
2083 0.01375553305557069 20.83
2084 0.01560104967292515 20.84
2085 0.01719473980889873 20.85
2086 0.01883216249956741 20.86
2087 0.0202853701426258 20.87
2088 0.02155572851088811 20.88
2089 0.0227490494727501 20.89
2090 0.02400377845335626 20.9
2091 0.02454857900438789 20.91
2092 0.02516495858834543 20.92
2093 0.0257784334090705 20.93
2094 0.0264310970063326 20.94
2095 0.02670550457673376 20.95
2096 0.02680209692037681 20.96
2097 0.02693600580514525 20.97
2098 0.02694189643395518 20.98
2099 0.02714075780872656 20.99
2100 0.0271473397460643 21
2101 0.02701271150366623 21.01
2102 0.02653602630857273 21.02
2103 0.0258666207109815 21.03
2104 0.0259997975517858 21.04
2105 0.02521108446225342 21.05
2106 0.02456953250538617 21.06
2107 0.02424632760011464 21.07
2108 0.0237098698982052 21.08
2109 0.02274607359593017 21.09
2110 0.02215734166381331 21.1
2111 0.02129886030138022 21.11
2112 0.02055117272158148 21.12
2113 0.01876582471429054 21.13
2114 0.01819803044946858 21.14
2115 0.01658629456312866 21.15
2116 0.01566264304717707 21.16
2117 0.01392055358042669 21.17
2118 0.01230847945162968 21.18
2119 0.01164982821764021 21.19
2120 0.00961990115324865 21.2
2121 0.007798898559015152 21.21
2122 0.005994585259382498 21.22
2123 0.004529369542060901 21.23
2124 0.003027967458780298 21.24
2125 0.001273810929430616 21.25
2126 -1.081513736087003e-05 21.26
2127 -0.001246087117062561 21.27
2128 -0.002907439336185869 21.28
2129 -0.003982804034808635 21.29
2130 -0.005594339078997687 21.3
2131 -0.006932748165349223 21.31
2132 -0.008469266831404768 21.32
2133 -0.009560155250318975 21.33
2134 -0.01094255718730298 21.34
2135 -0.01194974807699761 21.35
2136 -0.01360790810894261 21.36
2137 -0.01485365807532744 21.37
2138 -0.01622373147876054 21.38
2139 -0.01717953291343469 21.39
2140 -0.01847494307719164 21.4
2141 -0.01955142710213009 21.41
2142 -0.02055808082611615 21.42
2143 -0.02130120757805266 21.43
2144 -0.02232242207325802 21.44
2145 -0.02326756547239772 21.45
2146 -0.02438390714617038 21.46
2147 -0.0255201203559986 21.47
2148 -0.02669377581940628 21.48
2149 -0.02789319895017281 21.49
2150 -0.02936812117071042 21.5
2151 -0.03054603372590127 21.51
2152 -0.03215360526332688 21.52
2153 -0.03338244262748662 21.53
2154 -0.034719672078696 21.54
2155 -0.03560469069176941 21.55
2156 -0.0364247687666496 21.56
2157 -0.03702604074485252 21.57
2158 -0.03784180444718106 21.58
2159 -0.03905646038157094 21.59
2160 -0.04040099938330652 21.6
2161 -0.04147659041114522 21.61
2162 -0.04283420414372181 21.62
2163 -0.04387872649532559 21.63
2164 -0.04504625716614884 21.64
2165 -0.04615355643844 21.65
2166 -0.04679729015611658 21.66
2167 -0.0481666995844302 21.67
2168 -0.04954113378313868 21.68
2169 -0.05081163301283805 21.69
2170 -0.05204013620540439 21.7
2171 -0.05310839885984609 21.71
2172 -0.05402607279351831 21.72
2173 -0.05529302458027262 21.73
2174 -0.05688853469245424 21.74
2175 -0.05790247420758518 21.75
2176 -0.05911673938139334 21.76
2177 -0.06040236989204986 21.77
2178 -0.06141870882366364 21.78
2179 -0.06242136527197357 21.79
2180 -0.06339076150706439 21.8
2181 -0.06391752234327414 21.81
2182 -0.06484440136105681 21.82
2183 -0.06553190699386513 21.83
2184 -0.06634916084852344 21.84
2185 -0.06746527243783045 21.85
2186 -0.06823753994745396 21.86
2187 -0.068983332967781 21.87
2188 -0.06948161259631117 21.88
2189 -0.07011139956361861 21.89
2190 -0.07075084170116958 21.9
2191 -0.07107649440527501 21.91
2192 -0.07114378243663801 21.92
2193 -0.07128837545050273 21.93
2194 -0.07147256406191066 21.94
2195 -0.07146953403262507 21.95
2196 -0.07102209688600203 21.96
2197 -0.07039986133235854 21.97
2198 -0.06991503042232425 21.98
2199 -0.06928287136292641 21.99
2200 -0.06824390763558338 22
2201 -0.06729806393263431 22.01
2202 -0.06638847838443823 22.02
2203 -0.06534178075892073 22.03
2204 -0.06415963553947035 22.04
2205 -0.0626807556772912 22.05
2206 -0.06107112148064076 22.06
2207 -0.05942236979695376 22.07
2208 -0.05789547315112994 22.08
2209 -0.05614199957040342 22.09
2210 -0.05440812103959384 22.1
2211 -0.05282632499966573 22.11
2212 -0.05136919706493555 22.12
2213 -0.04944983970674983 22.13
2214 -0.04839818243178001 22.14
2215 -0.04740710353013065 22.15
2216 -0.04621712124857161 22.16
2217 -0.04463814836095514 22.17
2218 -0.04251519369292771 22.18
2219 -0.04047654507518797 22.19
2220 -0.03857964462159649 22.2
2221 -0.03669367706550102 22.21
2222 -0.03556981600129286 22.22
2223 -0.03438957937018394 22.23
2224 -0.03369017510871089 22.24
2225 -0.03328529531999547 22.25
2226 -0.03255866367922172 22.26
2227 -0.03224837355093273 22.27
2228 -0.03199208227640214 22.28
2229 -0.03167806504534736 22.29
2230 -0.03130630646463584 22.3
2231 -0.03066942973419307 22.31
2232 -0.03024270725637994 22.32
2233 -0.02964347376599531 22.33
2234 -0.02899914302428132 22.34
2235 -0.02896169875102686 22.35
2236 -0.02943549639747792 22.36
2237 -0.03010678782685626 22.37
2238 -0.03063062163075674 22.38
2239 -0.03122919311296704 22.39
2240 -0.0320469090482272 22.4
2241 -0.0329220968653194 22.41
2242 -0.03413298586187472 22.42
2243 -0.03573096638503606 22.43
2244 -0.03708401081139046 22.44
2245 -0.03809985506825799 22.45
2246 -0.03926604442492605 22.46
2247 -0.04008809687138674 22.47
2248 -0.04087489304013238 22.48
2249 -0.04164600384235173 22.49
2250 -0.04232440074583246 22.5
2251 -0.04276433889266371 22.51
2252 -0.04330565343899435 22.52
2253 -0.04415582354845135 22.53
2254 -0.04531286219981465 22.54
2255 -0.04635662694733884 22.55
2256 -0.0475412168914293 22.56
2257 -0.04892859288749653 22.57
2258 -0.0504006172862452 22.58
2259 -0.05179000478936575 22.59
2260 -0.05316564898610618 22.6
2261 -0.05449636859825215 22.61
2262 -0.05580836530273658 22.62
2263 -0.05699018126468692 22.63
2264 -0.05811438013838501 22.64
2265 -0.05931241480408024 22.65
2266 -0.06047603600748463 22.66
2267 -0.06165656937301651 22.67
2268 -0.06270462315338607 22.68
2269 -0.06383987417917637 22.69
2270 -0.0648516260697653 22.7
2271 -0.06572018148994073 22.71
2272 -0.06688326888236962 22.72
2273 -0.06824903687919127 22.73
2274 -0.0695586628856501 22.74
2275 -0.07093877187825148 22.75
2276 -0.07239854148355843 22.76
2277 -0.07342792147608342 22.77
2278 -0.07434943185205474 22.78
2279 -0.07544232552734077 22.79
2280 -0.07625624290596043 22.8
2281 -0.07692787493187125 22.81
2282 -0.07760704009603429 22.82
2283 -0.07850441602565018 22.83
2284 -0.07928453461068627 22.84
2285 -0.08029417801284996 22.85
2286 -0.08122461093776451 22.86
2287 -0.08194399755176392 22.87
2288 -0.08264548247907443 22.88
2289 -0.0835515549293422 22.89
2290 -0.08474309312250025 22.9
2291 -0.08554370117958005 22.91
2292 -0.08647837196597566 22.92
2293 -0.08717405810884132 22.93
2294 -0.0878799892991978 22.94
2295 -0.08855753604062527 22.95
2296 -0.08926875252098559 22.96
2297 -0.08982605162037634 22.97
2298 -0.09038300323849419 22.98
2299 -0.09086664487059297 22.99
2300 -0.09106859870473971 23
2301 -0.09146129632034335 23.01
2302 -0.09183576099489757 23.02
2303 -0.09189637616539433 23.03
2304 -0.09195596563543147 23.04
2305 -0.09188556961548977 23.05
2306 -0.09174708908261632 23.06
2307 -0.09135118284469573 23.07
2308 -0.091113059055187 23.08
2309 -0.09065199331105112 23.09
2310 -0.09019677449992283 23.1
2311 -0.08989419817055107 23.11
2312 -0.08923622600322897 23.12
2313 -0.08843060974033434 23.13
2314 -0.08738720296501218 23.14
2315 -0.08620260715938002 23.15
2316 -0.08490716042093102 23.16
2317 -0.08380874011909975 23.17
2318 -0.08257411982061882 23.18
2319 -0.08133436298311386 23.19
2320 -0.07981195043501489 23.2
2321 -0.0779665453718083 23.21
2322 -0.07592163099946971 23.22
2323 -0.07414842793025644 23.23
2324 -0.07238999103513698 23.24
2325 -0.07052574332230951 23.25
2326 -0.0686271453697524 23.26
2327 -0.06689279875581335 23.27
2328 -0.0651759079615504 23.28
2329 -0.06310224158040935 23.29
2330 -0.06103366775404724 23.3
2331 -0.05937280830905407 23.31
2332 -0.05734315096378052 23.32
2333 -0.05560465873310598 23.33
2334 -0.05405115588557837 23.34
2335 -0.05230663136319841 23.35
2336 -0.05047173889082492 23.36
2337 -0.04853247036593102 23.37
2338 -0.04664569938983495 23.38
2339 -0.04478044343159848 23.39
2340 -0.0433606811020698 23.4
2341 -0.04203779852716416 23.41
2342 -0.04123936656637454 23.42
2343 -0.04070996318203371 23.43
2344 -0.04000830737694132 23.44
2345 -0.03922421772692726 23.45
2346 -0.03868358403020379 23.46
2347 -0.03847094744196181 23.47
2348 -0.03800195626532486 23.48
2349 -0.03740073970653475 23.49
2350 -0.03702919455052606 23.5
2351 -0.03681806671600774 23.51
2352 -0.03689770437042285 23.52
2353 -0.03703033592307335 23.53
2354 -0.03702040509442984 23.54
2355 -0.03728222134018757 23.55
2356 -0.03776496799759534 23.56
2357 -0.03806736379386902 23.57
2358 -0.03860072482442285 23.58
2359 -0.03941888627795032 23.59
2360 -0.03988123052014608 23.6
2361 -0.03951972844931254 23.61
2362 -0.04007555873460968 23.62
2363 -0.0407551032150753 23.63
2364 -0.04115725662420051 23.64
2365 -0.04192341778345177 23.65
2366 -0.04236692813001078 23.66
2367 -0.04269792992490864 23.67
2368 -0.04283507019278612 23.68
2369 -0.04322418927371946 23.69
2370 -0.04387569262419583 23.7
2371 -0.04472511561386101 23.71
2372 -0.0451721145443648 23.72
2373 -0.04584968709795531 23.73
2374 -0.0462672361681688 23.74
2375 -0.04684370586360066 23.75
2376 -0.0475590810761284 23.76
2377 -0.04796978769959739 23.77
2378 -0.04889734388990422 23.78
2379 -0.05014125982192075 23.79
2380 -0.05095069826412316 23.8
2381 -0.0517425855019769 23.81
2382 -0.05257714219235193 23.82
2383 -0.05337872235278369 23.83
2384 -0.05397084540789533 23.84
2385 -0.05440083683170063 23.85
2386 -0.05481127395996581 23.86
2387 -0.05569765424717669 23.87
2388 -0.05654586580799537 23.88
2389 -0.05724670509191409 23.89
2390 -0.0582390661530269 23.9
2391 -0.05887045417268935 23.91
2392 -0.05968720061400554 23.92
2393 -0.06016723948671207 23.93
2394 -0.06043953152129945 23.94
2395 -0.06079939540989823 23.95
2396 -0.06104844584020232 23.96
2397 -0.0611182672773501 23.97
2398 -0.06100438553227874 23.98
2399 -0.06124624402621651 23.99
2400 -0.06092055252785834 24
2401 -0.06044815095383067 24.01
2402 -0.06018658733071289 24.02
2403 -0.06015094831961322 24.03
2404 -0.05997727964468801 24.04
2405 -0.05992627654820257 24.05
2406 -0.05958959451259835 24.06
2407 -0.05945000127615001 24.07
2408 -0.05917494042564249 24.08
2409 -0.05907647281730148 24.09
2410 -0.05915970247736148 24.1
2411 -0.05913300092629753 24.11
2412 -0.05930854737896047 24.12
2413 -0.05929568962952955 24.13
2414 -0.0595219437565475 24.14
2415 -0.0598247549152512 24.15
2416 -0.05981889384580089 24.16
2417 -0.06011216408222532 24.17
2418 -0.06062463675615373 24.18
2419 -0.06125909903055474 24.19
2420 -0.06192598611295062 24.2
2421 -0.06234135339524823 24.21
2422 -0.06274911564768618 24.22
2423 -0.0630929780840022 24.23
2424 -0.06346971385274867 24.24
2425 -0.06383130616705271 24.25
2426 -0.06425310421376854 24.26
2427 -0.06453677562738544 24.27
2428 -0.06513268600321101 24.28
2429 -0.06584481805937953 24.29
2430 -0.06626199846841202 24.3
2431 -0.06686516724780349 24.31
2432 -0.06731761934691748 24.32
2433 -0.06803781463010104 24.33
2434 -0.06821517969646645 24.34
2435 -0.06845583708692186 24.35
2436 -0.06843950529974212 24.36
2437 -0.06838851237064802 24.37
2438 -0.06813849561447033 24.38
2439 -0.06784769809089225 24.39
2440 -0.0673135442192126 24.4
2441 -0.06674192591287736 24.41
2442 -0.06624468716457374 24.42
2443 -0.06564932888744171 24.43
2444 -0.06483717361735651 24.44
2445 -0.06407106406044005 24.45
2446 -0.06324723278865652 24.46
2447 -0.06205920317956107 24.47
2448 -0.06113566634256699 24.48
2449 -0.05986798263951508 24.49
2450 -0.05848552149832565 24.5
2451 -0.05682807503544957 24.51
2452 -0.05481037568202222 24.52
2453 -0.05263084478042174 24.53
2454 -0.0503449793611462 24.54
2455 -0.04791668628376183 24.55
2456 -0.04548611068929603 24.56
2457 -0.04281855718510608 24.57
2458 -0.04003930816019613 24.58
2459 -0.03723562746361996 24.59
2460 -0.03500918644893788 24.6
2461 -0.03233147797375806 24.61
2462 -0.02942395157406111 24.62
2463 -0.02672097588561152 24.63
2464 -0.02353343010375081 24.64
2465 -0.02051225839281094 24.65
2466 -0.01728020790821462 24.66
2467 -0.01383321080631482 24.67
2468 -0.01052425233306319 24.68
2469 -0.007091989581016228 24.69
2470 -0.003978590181727859 24.7
2471 0.0001184596320066844 24.71
2472 0.003464821496320644 24.72
2473 0.007258809939740901 24.73
2474 0.01023404544053501 24.74
2475 0.01398397546085389 24.75
2476 0.01715093807376611 24.76
2477 0.01999930651612844 24.77
2478 0.02291051197781624 24.78
2479 0.02517258470397872 24.79
2480 0.02721002068607939 24.8
2481 0.02977478331399432 24.81
2482 0.03168695098927321 24.82
2483 0.0334800122285238 24.83
2484 0.03520071511403862 24.84
2485 0.03678638654148925 24.85
2486 0.03775345155488243 24.86
2487 0.03883824634922055 24.87
2488 0.04015720246335883 24.88
2489 0.04038899871696337 24.89
2490 0.04069609387363972 24.9
2491 0.04108933862427434 24.91
2492 0.04163521634904672 24.92
2493 0.04167357393137951 24.93
2494 0.04119548518870089 24.94
2495 0.04094220702812955 24.95
2496 0.03984095077227567 24.96
2497 0.03917532479307684 24.97
2498 0.03789917440648853 24.98
2499 0.03633557481397079 24.99
2500 0.03495133998522458 25
2501 0.03352351375254231 25.01
2502 0.03211580046993236 25.02
2503 0.03044017123291173 25.03
2504 0.02884239132873088 25.04
2505 0.02710178488572738 25.05
2506 0.02600634649522741 25.06
2507 0.0245314782899257 25.07
2508 0.0231800642760648 25.08
2509 0.02148031056595272 25.09
2510 0.02000911534229116 25.1
2511 0.01774321854985207 25.11
2512 0.01601644044392539 25.12
2513 0.01396290241428506 25.13
2514 0.01216350377287112 25.14
2515 0.01046659723828024 25.15
2516 0.009837528499524559 25.16
2517 0.008201549534192873 25.17
2518 0.006788296735393717 25.18
2519 0.005575439492186682 25.19
2520 0.003951628185957817 25.2
2521 0.002413880529891027 25.21
2522 0.001549949463902842 25.22
2523 0.0005677373562355537 25.23
2524 -5.769400654033474e-05 25.24
2525 -0.001229598399293791 25.25
2526 -0.002590169340094581 25.26
2527 -0.003939727139981281 25.27
2528 -0.004879153286537097 25.28
2529 -0.006418526810926833 25.29
2530 -0.007814807926025527 25.3
2531 -0.008524176523679858 25.31
2532 -0.009280250685224173 25.32
2533 -0.01017121856645174 25.33
2534 -0.01141643684259082 25.34
2535 -0.0132226067394324 25.35
2536 -0.01400965028304296 25.36
2537 -0.01537697132133068 25.37
2538 -0.01685789896839539 25.38
2539 -0.0185210260869549 25.39
2540 -0.01964924017406824 25.4
2541 -0.02076639472288976 25.41
2542 -0.02167927555904069 25.42
2543 -0.02262507404326901 25.43
2544 -0.02383392116090272 25.44
2545 -0.02501133540522955 25.45
2546 -0.02696918510558297 25.46
2547 -0.0284105651958061 25.47
2548 -0.029649505284127 25.48
2549 -0.03104211464508798 25.49
2550 -0.03198068295221232 25.5
2551 -0.03286758883875326 25.51
2552 -0.03364168977317365 25.52
2553 -0.03435144675993951 25.53
2554 -0.03541151338609298 25.54
2555 -0.03642875603138813 25.55
2556 -0.03728607973164061 25.56
2557 -0.0380387720543657 25.57
2558 -0.03840041883359909 25.58
2559 -0.03863355910862235 25.59
2560 -0.03941783143136146 25.6
2561 -0.03994086987228965 25.61
2562 -0.04076167135269204 25.62
2563 -0.04145184571350494 25.63
2564 -0.04240618200213846 25.64
2565 -0.04314148813059343 25.65
2566 -0.04397150944070268 25.66
2567 -0.04431792137263108 25.67
2568 -0.04478445570984901 25.68
2569 -0.04535979123758967 25.69
2570 -0.04594970373209314 25.7
2571 -0.04641183393857622 25.71
2572 -0.0467272919583522 25.72
2573 -0.04705521742132281 25.73
2574 -0.04748194687639037 25.74
2575 -0.04800421666651266 25.75
2576 -0.04850882148346888 25.76
2577 -0.04945488192029 25.77
2578 -0.04987707240451681 25.78
2579 -0.05057843097117353 25.79
2580 -0.05081904800948916 25.8
2581 -0.05130486488104604 25.81
2582 -0.05180036636441693 25.82
2583 -0.05220389796768486 25.83
2584 -0.05266479131225113 25.84
2585 -0.05291106804835927 25.85
2586 -0.05324417345531589 25.86
2587 -0.05360877413110625 25.87
2588 -0.05408902074783022 25.88
2589 -0.0544830875784629 25.89
2590 -0.0544455035804387 25.9
2591 -0.05451626643520546 25.91
2592 -0.05431221852959636 25.92
2593 -0.05446539359661523 25.93
2594 -0.05457017690673683 25.94
2595 -0.05452322717851088 25.95
2596 -0.05445076980847986 25.96
2597 -0.05437171758772351 25.97
2598 -0.0544735669157233 25.98
2599 -0.05442727044673053 25.99
2600 -0.05442021308987346 26
2601 -0.05461545031067382 26.01
2602 -0.05477002767239129 26.02
2603 -0.05506262598438717 26.03
2604 -0.05512985818556106 26.04
2605 -0.05501185332181974 26.05
2606 -0.05485466876232587 26.06
2607 -0.05465942659209906 26.07
2608 -0.05477019837522322 26.08
2609 -0.05483372245284691 26.09
2610 -0.0548125284585967 26.1
2611 -0.05470776803441798 26.11
2612 -0.05469163753083647 26.12
2613 -0.05466948683027979 26.13
2614 -0.05490393022096663 26.14
2615 -0.0546254619439531 26.15
2616 -0.05435111503747549 26.16
2617 -0.05418605423139788 26.17
2618 -0.05399464136991986 26.18
2619 -0.0538323921040854 26.19
2620 -0.05360979679640548 26.2
2621 -0.05324840265879122 26.21
2622 -0.05288865655277886 26.22
2623 -0.05245276969254986 26.23
2624 -0.05186790937587121 26.24
2625 -0.05136934984769635 26.25
2626 -0.05137425202453932 26.26
2627 -0.05113331505848936 26.27
2628 -0.0506618393255063 26.28
2629 -0.05027311117262721 26.29
2630 -0.04970483941107065 26.3
2631 -0.04914231299245306 26.31
2632 -0.04862141048742195 26.32
2633 -0.04817835451279246 26.33
2634 -0.04770351156170152 26.34
2635 -0.04759336326906995 26.35
2636 -0.04717443874185076 26.36
2637 -0.04694573893916405 26.37
2638 -0.04636629073792187 26.38
2639 -0.04642155907022785 26.39
2640 -0.04631209807087674 26.4
2641 -0.04615892195428805 26.41
2642 -0.04614224138378763 26.42
2643 -0.04616559571743217 26.43
2644 -0.04597250779815534 26.44
2645 -0.04575698768319741 26.45
2646 -0.04565539910630155 26.46
2647 -0.04548099350399175 26.47
2648 -0.04550235549540357 26.48
2649 -0.04549914646234628 26.49
2650 -0.04552616085045443 26.5
2651 -0.04566570250479443 26.51
2652 -0.04573515160171231 26.52
2653 -0.04576423891344992 26.53
2654 -0.04587547054016088 26.54
2655 -0.04572801364394249 26.55
2656 -0.0458480393814788 26.56
2657 -0.04560443283652012 26.57
2658 -0.04564473995837554 26.58
2659 -0.04537732862956351 26.59
2660 -0.04522963900201066 26.6
2661 -0.04521188864517202 26.61
2662 -0.0450486484429017 26.62
2663 -0.04501138969922686 26.63
2664 -0.04495851487275304 26.64
2665 -0.04470903945208744 26.65
2666 -0.04473923451450262 26.66
2667 -0.04470254589592263 26.67
2668 -0.04448083606254467 26.68
2669 -0.044423633467695 26.69
2670 -0.04433747840845044 26.7
2671 -0.04440420536389569 26.71
2672 -0.04395061506029134 26.72
2673 -0.04345866545303038 26.73
2674 -0.04307486320839855 26.74
2675 -0.04277879760108848 26.75
2676 -0.04243482169376568 26.76
2677 -0.0420643412318201 26.77
2678 -0.04129767268989479 26.78
2679 -0.04034516817849695 26.79
2680 -0.0391196980669624 26.8
2681 -0.03834218982495394 26.81
2682 -0.03736920769445699 26.82
2683 -0.03614972977128936 26.83
2684 -0.03507581382737147 26.84
2685 -0.03381738483119316 26.85
2686 -0.03263730525208573 26.86
2687 -0.03141213613373099 26.87
2688 -0.03025798449549943 26.88
2689 -0.02905202772939766 26.89
2690 -0.02812438092500134 26.9
2691 -0.02707540230797495 26.91
2692 -0.0262374369560119 26.92
2693 -0.02478669590487069 26.93
2694 -0.02336890838956684 26.94
2695 -0.02232630133599608 26.95
2696 -0.02057812261733535 26.96
2697 -0.0193575312132338 26.97
2698 -0.01739604813991014 26.98
2699 -0.01566023993046652 26.99
2700 -0.01426096016169433 27
2701 -0.01223292145197145 27.01
2702 -0.01079165745145039 27.02
2703 -0.008318736629462101 27.03
2704 -0.006117141890292249 27.04
2705 -0.004642171227254618 27.05
2706 -0.002351665020458887 27.06
2707 -0.0001162925267683412 27.07
2708 0.002066136602777893 27.08
2709 0.004102881683603329 27.09
2710 0.00605485262426636 27.1
2711 0.00858484476961581 27.11
2712 0.0113473859940138 27.12
2713 0.01302857812457114 27.13
2714 0.01505168294260412 27.14
2715 0.01730916659875761 27.15
2716 0.01961522688653858 27.16
2717 0.02178008676220161 27.17
2718 0.0241915728580985 27.18
2719 0.02647789452619483 27.19
2720 0.02887637092343101 27.2
2721 0.03125904755557678 27.21
2722 0.03344129332599657 27.22
2723 0.03592926103022662 27.23
2724 0.03797752560119715 27.24
2725 0.04000231454231705 27.25
2726 0.04225621600676135 27.26
2727 0.0443734198179442 27.27
2728 0.04611148916428945 27.28
2729 0.04743590502614305 27.29
2730 0.04884354281945928 27.3
2731 0.05040000985012061 27.31
2732 0.05182675124362644 27.32
2733 0.05320344000651074 27.33
2734 0.05444361985337949 27.34
2735 0.05538791730676676 27.35
2736 0.0562618819193236 27.36
2737 0.05689306565880545 27.37
2738 0.05770698761605954 27.38
2739 0.05824957387179391 27.39
2740 0.05819144014216332 27.4
2741 0.0580699646156434 27.41
2742 0.05769014300729888 27.42
2743 0.05799010173711608 27.43
2744 0.05786317191669597 27.44
2745 0.05754482419908724 27.45
2746 0.05713874841455321 27.46
2747 0.05647367869325647 27.47
2748 0.05571964341829433 27.48
2749 0.05552866149595255 27.49
2750 0.05492521632977418 27.5
2751 0.05441505333485688 27.51
2752 0.0537884716727311 27.52
2753 0.0530626287570931 27.53
2754 0.05255580227102161 27.54
2755 0.05180982850879194 27.55
2756 0.05108527676020573 27.56
2757 0.05074322148167015 27.57
2758 0.05058442837229636 27.58
2759 0.05020862139475753 27.59
2760 0.04962417336598653 27.6
2761 0.04922862804859635 27.61
2762 0.04886223556687846 27.62
2763 0.04867193473797063 27.63
2764 0.04840936740979185 27.64
2765 0.04785296613276405 27.65
2766 0.04757710000258293 27.66
2767 0.04692377704012039 27.67
2768 0.04645534607766078 27.68
2769 0.04569439966858618 27.69
2770 0.04519055662693841 27.7
2771 0.04482139289139299 27.71
2772 0.04446466782432333 27.72
2773 0.04413440228798036 27.73
2774 0.04361551788806468 27.74
2775 0.04288105587430072 27.75
2776 0.04182309529539242 27.76
2777 0.04101110077693654 27.77
2778 0.03999205275883765 27.78
2779 0.03873110294495188 27.79
2780 0.03766960071118836 27.8
2781 0.03602474537453972 27.81
2782 0.0347321375268515 27.82
2783 0.03366462995059051 27.83
2784 0.03274723400974551 27.84
2785 0.03178500683399307 27.85
2786 0.03059442002228732 27.86
2787 0.02942638398185705 27.87
2788 0.02808594653528192 27.88
2789 0.02645814569245278 27.89
2790 0.02486370695005549 27.9
2791 0.02313388124701404 27.91
2792 0.02122181817740469 27.92
2793 0.01933381691379017 27.93
2794 0.01766382177050116 27.94
2795 0.01603035095037017 27.95
2796 0.0139081119322568 27.96
2797 0.01208986867343857 27.97
2798 0.01025615425507292 27.98
2799 0.008636195343240893 27.99
2800 0.006675331049655384 28
2801 0.004938411363338224 28.01
2802 0.003218887656901578 28.02
2803 0.001676551532653073 28.03
2804 0.0001021746772345289 28.04
2805 -0.001437317181773271 28.05
2806 -0.003594999050473557 28.06
2807 -0.005430572640278311 28.07
2808 -0.007353590451981126 28.08
2809 -0.009140778309621927 28.09
2810 -0.01104526249170953 28.1
2811 -0.01279185229825341 28.11
2812 -0.01422496498369691 28.12
2813 -0.01563294357420777 28.13
2814 -0.01698484235331396 28.14
2815 -0.01870284562953345 28.15
2816 -0.02002825269229956 28.16
2817 -0.02152284116481992 28.17
2818 -0.02302129775303983 28.18
2819 -0.02419870942378249 28.19
2820 -0.02555545469608236 28.2
2821 -0.02692080857346876 28.21
2822 -0.02771110443007409 28.22
2823 -0.02866129350032263 28.23
2824 -0.02983540315381805 28.24
2825 -0.03072640222454089 28.25
2826 -0.03148738744444496 28.26
2827 -0.03231916541803587 28.27
2828 -0.03276058548800441 28.28
2829 -0.03300127791806012 28.29
2830 -0.03353306483744675 28.3
2831 -0.03428617320301314 28.31
2832 -0.03436538253639984 28.32
2833 -0.03471931341438433 28.33
2834 -0.03475575873190631 28.34
2835 -0.03466610286500386 28.35
2836 -0.03474077872042624 28.36
2837 -0.03494984587537253 28.37
2838 -0.03510354279445016 28.38
2839 -0.035325578055259 28.39
2840 -0.03552177876529362 28.4
2841 -0.03537654611479683 28.41
2842 -0.03561886379860597 28.42
2843 -0.03547355205824599 28.43
2844 -0.03578330064283425 28.44
2845 -0.03572740723610261 28.45
2846 -0.03562541684016036 28.46
2847 -0.03512092882368589 28.47
2848 -0.03496038936186247 28.48
2849 -0.03464891280008947 28.49
2850 -0.03444714620073434 28.5
2851 -0.03488749885584199 28.51
2852 -0.0347137638489053 28.52
2853 -0.03464705150781375 28.53
2854 -0.03447845010797743 28.54
2855 -0.03467716557011283 28.55
2856 -0.03472270638928752 28.56
2857 -0.03497115880676859 28.57
2858 -0.03473727276253075 28.58
2859 -0.03437059263826528 28.59
2860 -0.034196346033884 28.6
2861 -0.03351591551480983 28.61
2862 -0.03322142476795155 28.62
2863 -0.03301747239343907 28.63
2864 -0.03294055792379973 28.64
2865 -0.03311184876743573 28.65
2866 -0.03272957084304958 28.66
2867 -0.03281102538492927 28.67
2868 -0.03284802070691518 28.68
2869 -0.03246022683899457 28.69
2870 -0.03227415565448555 28.7
2871 -0.03203558542903374 28.71
2872 -0.03210794814377366 28.72
2873 -0.03192127813231171 28.73
2874 -0.03184286866964745 28.74
2875 -0.03117909652528263 28.75
2876 -0.0311270842798273 28.76
2877 -0.03107647488490278 28.77
2878 -0.03114741770431848 28.78
2879 -0.03086357245207751 28.79
2880 -0.03045810503212255 28.8
2881 -0.03046340361216441 28.81
2882 -0.03056293883456544 28.82
2883 -0.03030023677040798 28.83
2884 -0.03053484663899023 28.84
2885 -0.03030323642169898 28.85
2886 -0.03049658271450033 28.86
2887 -0.03087046404449298 28.87
2888 -0.03096426807964044 28.88
2889 -0.03123139677996553 28.89
2890 -0.0314652685981657 28.9
2891 -0.03112823469756745 28.91
2892 -0.0312620156203408 28.92
2893 -0.03126348063608844 28.93
2894 -0.03085633951767885 28.94
2895 -0.03035054901362797 28.95
2896 -0.03013580765167274 28.96
2897 -0.03007082606949422 28.97
2898 -0.02992013149881985 28.98
2899 -0.02963385202695147 28.99
2900 -0.0293828532793201 29
2901 -0.02918518548059559 29.01
2902 -0.02923239648701464 29.02
2903 -0.02918349921698649 29.03
2904 -0.02907092112512395 29.04
2905 -0.02899524344479702 29.05
2906 -0.02898940245568073 29.06
2907 -0.02880997414118223 29.07
2908 -0.02869741203899788 29.08
2909 -0.02830549043907508 29.09
2910 -0.02796678840587014 29.1
2911 -0.02761799306577387 29.11
2912 -0.02743592959346339 29.12
2913 -0.02735041408033365 29.13
2914 -0.02722382503357894 29.14
2915 -0.02701192495524915 29.15
2916 -0.02651116279883852 29.16
2917 -0.02619091718866246 29.17
2918 -0.02593144570242775 29.18
2919 -0.02570530570898143 29.19
2920 -0.02543731211722329 29.2
2921 -0.02520688393078492 29.21
2922 -0.02491737582359851 29.22
2923 -0.02473383176734614 29.23
2924 -0.02452503880746121 29.24
2925 -0.02419468393382609 29.25
2926 -0.02399706615861565 29.26
2927 -0.0235272260753631 29.27
2928 -0.02317104460711624 29.28
2929 -0.02251571473950634 29.29
2930 -0.02215975043299495 29.3
2931 -0.02156974940808438 29.31
2932 -0.0212389584901187 29.32
2933 -0.02059230280984064 29.33
2934 -0.01999845518333128 29.34
2935 -0.01936698402782212 29.35
2936 -0.01883283593847591 29.36
2937 -0.01819558440095159 29.37
2938 -0.01770222784396792 29.38
2939 -0.01711837811875819 29.39
2940 -0.01665781558158941 29.4
2941 -0.01602448027316358 29.41
2942 -0.0154359253392355 29.42
2943 -0.01458278922307753 29.43
2944 -0.01402536690503417 29.44
2945 -0.0133512924843192 29.45
2946 -0.01281874373294719 29.46
2947 -0.01219090943389276 29.47
2948 -0.01170652112632263 29.48
2949 -0.01094773992159569 29.49
2950 -0.0100361710010145 29.5
2951 -0.009388008496882219 29.51
2952 -0.008460270290383876 29.52
2953 -0.007370684628711474 29.53
2954 -0.006642400437580451 29.54
2955 -0.00558612714443027 29.55
2956 -0.004600608826316827 29.56
2957 -0.00360154418830734 29.57
2958 -0.002579396722394836 29.58
2959 -0.001415550762024723 29.59
2960 -0.0001985951560737192 29.6
2961 0.001014138304432963 29.61
2962 0.002098480120600155 29.62
2963 0.003307996601093169 29.63
2964 0.004383307407588979 29.64
2965 0.005570006610211953 29.65
2966 0.006726981425263748 29.66
2967 0.007926132334127575 29.67
2968 0.00901166864390178 29.68
2969 0.01016924988250198 29.69
2970 0.01128752143256891 29.7
2971 0.0123498452089649 29.71
2972 0.01321537871186997 29.72
2973 0.01419656405736136 29.73
2974 0.01502430618214878 29.74
2975 0.01586003759897872 29.75
2976 0.01658324725646024 29.76
2977 0.01731658256417416 29.77
2978 0.01792572398077408 29.78
2979 0.0185960025951582 29.79
2980 0.01905569913919679 29.8
2981 0.01961770630030218 29.81
2982 0.02010813150952183 29.82
2983 0.02059249019757847 29.83
2984 0.02113158275911745 29.84
2985 0.02169884330884081 29.85
2986 0.02209642065317813 29.86
2987 0.02229831171960468 29.87
2988 0.02251796114421957 29.88
2989 0.02263548241457952 29.89
2990 0.02285571439134991 29.9
2991 0.02281644580444205 29.91
2992 0.0227936232559109 29.92
2993 0.02283137344204093 29.93
2994 0.0226644031752604 29.94
2995 0.02248767340485602 29.95
2996 0.02230176552318926 29.96
2997 0.02214817955962742 29.97
2998 0.02185667267412296 29.98
2999 0.02103662499617447 29.99
3000 0.02054501098846812 30
