"cd-rfile"
"Time Step" "cd etc.."
("Time Step" "cd" "flow-time")
0 7.081241157355666e-27 0
1 -92.13503985784322 0.01
2 -20.28897322043133 0.02
3 1.4164224025148 0.03
4 6.482832852419643 0.04
5 5.499026297064576 0.05
6 -1.514141420092491 0.06
7 -2.754511852863733 0.07000000000000001
8 -1.170017556918153 0.08
9 0.6490442967407299 0.09
10 0.9792166074241511 0.1
11 0.4428530146815386 0.11
12 0.02072761762142547 0.12
13 -0.0450585141511252 0.13
14 -0.09218501084247009 0.14
15 -0.002611412994816039 0.15
16 -0.05446066650758408 0.16
17 0.008760846464962826 0.17
18 0.1181106676250564 0.18
19 0.1415445817066716 0.19
20 0.1038906317515757 0.2
21 0.1024263458392408 0.21
22 0.08337895594315176 0.22
23 0.05459135432378798 0.23
24 0.04769701740090505 0.24
25 0.02382818420750029 0.25
26 0.01936141349645961 0.26
27 0.02174383331379805 0.27
28 0.03037752988957429 0.28
29 0.0460319909090167 0.29
30 0.05322389219323903 0.3
31 0.06779520557956781 0.31
32 0.0637271729079303 0.32
33 0.05352596837476694 0.33
34 0.03990144951184655 0.34
35 0.04244476963177312 0.35
36 0.04958295489918668 0.36
37 0.04876523654822444 0.37
38 0.04638394443675798 0.38
39 0.04331742728897258 0.39
40 0.04217969895975218 0.4
41 0.04040221320722627 0.41
42 0.03936695391222577 0.42
43 0.03837312861910389 0.43
44 0.03811466704570601 0.44
45 0.03876586150287974 0.45
46 0.03981075395631579 0.46
47 0.04063504056711647 0.47
48 0.04192494828176445 0.48
49 0.04276836358744825 0.49
50 0.04360469615436759 0.5
51 0.04389976698606472 0.51
52 0.04382503566848089 0.52
53 0.04304579947407154 0.53
54 0.04152806636651378 0.54
55 0.03969245323329568 0.55
56 0.03742273664984895 0.5600000000000001
57 0.03621989280297358 0.5700000000000001
58 0.03557475942552358 0.58
59 0.035756042110501 0.59
60 0.03655757440704633 0.6
61 0.03771473018231675 0.61
62 0.0389614210927772 0.62
63 0.03994829830960585 0.63
64 0.04044792184615579 0.64
65 0.04026776937229053 0.65
66 0.04028238849875049 0.66
67 0.03991975955357542 0.67
68 0.03888324743998094 0.68
69 0.03818861301970328 0.6900000000000001
70 0.03709881875002207 0.7000000000000001
71 0.03655208905334986 0.71
72 0.03650953805502757 0.72
73 0.03611920841395463 0.73
74 0.03631337443126843 0.74
75 0.03688252623630353 0.75
76 0.03690841834890596 0.76
77 0.03742354782394066 0.77
78 0.03756402926309522 0.78
79 0.03724262318881594 0.79
80 0.03732032731278771 0.8
81 0.0375034620434103 0.8100000000000001
82 0.03784292160724475 0.8200000000000001
83 0.03746511974770241 0.8300000000000001
84 0.03725412685811817 0.84
85 0.03725724807773826 0.85
86 0.03769273815318004 0.86
87 0.03707589214989831 0.87
88 0.0368884660322026 0.88
89 0.03680186520131874 0.89
90 0.03666986821459006 0.9
91 0.03663350335695537 0.91
92 0.03664561498863302 0.92
93 0.03684113108084639 0.93
94 0.03658064843618141 0.9400000000000001
95 0.03629188567883587 0.9500000000000001
96 0.03624206681663607 0.96
97 0.03620778984830115 0.97
98 0.03614630239905275 0.98
99 0.03614480905750859 0.99
100 0.03620190633336428 1
101 0.0364301278377684 1.01
102 0.03657828813155078 1.02
103 0.03641660936442524 1.03
104 0.0364543827552823 1.04
105 0.03642968080273627 1.05
106 0.03645776899064949 1.06
107 0.0365305310362936 1.07
108 0.03648549107148904 1.08
109 0.0364259692994446 1.09
110 0.03643210526359543 1.1
111 0.03650408205925604 1.11
112 0.03658229151141801 1.12
113 0.0369163831751266 1.13
114 0.03707733688272671 1.14
115 0.03710077469879417 1.15
116 0.03692502071324583 1.16
117 0.03680986610182531 1.17
118 0.03673044698810392 1.18
119 0.03671661490955434 1.19
120 0.03674079509477168 1.2
121 0.03678287423548898 1.21
122 0.03670201216473137 1.22
123 0.0366025782586915 1.23
124 0.0365569907904509 1.24
125 0.03660085027740825 1.25
126 0.03664293805101828 1.26
127 0.03667983353460316 1.27
128 0.03669564683029208 1.28
129 0.03667656715779334 1.29
130 0.03664016099216787 1.3
131 0.03658156840190602 1.31
132 0.0365303908293224 1.32
133 0.03648715569708685 1.33
134 0.03643389456429329 1.34
135 0.036390720592897 1.35
136 0.0363666225035029 1.36
137 0.0363305009069133 1.37
138 0.03640668861851177 1.38
139 0.03639727714817199 1.39
140 0.03634298151294206 1.4
141 0.03627455471501925 1.41
142 0.03618935976973398 1.42
143 0.03609763511077452 1.43
144 0.03603280493038845 1.44
145 0.03601266823552917 1.45
146 0.03603378544645263 1.46
147 0.03606992299669844 1.47
148 0.03610406909983628 1.48
149 0.03612929958500562 1.49
150 0.03614225278330527 1.5
151 0.03614437515839385 1.51
152 0.03614008773258974 1.52
153 0.03614566689930627 1.53
154 0.03614740832216901 1.54
155 0.03615447108536201 1.55
156 0.03616205071292464 1.56
157 0.03617665930242542 1.57
158 0.03619889711348934 1.58
159 0.03622437903492677 1.59
160 0.03626159781555267 1.6
161 0.03628877806083679 1.61
162 0.03631048027587449 1.62
163 0.03632918555708957 1.63
164 0.03634528546007119 1.64
165 0.03636543094817632 1.65
166 0.03638020428846829 1.66
167 0.03638724345636958 1.67
168 0.03638902877832005 1.68
169 0.03638754734371576 1.69
170 0.03638180158409521 1.7
171 0.03637677066316022 1.71
172 0.03637069338023576 1.72
173 0.03636083212558378 1.73
174 0.03635617773733667 1.74
175 0.03635562585523428 1.75
176 0.03635428278123047 1.76
177 0.03635043288287775 1.77
178 0.03634232885317668 1.78
179 0.03633125975287456 1.79
180 0.03631907386346089 1.8
181 0.03630626479099072 1.81
182 0.03629250658062019 1.82
183 0.03628179870773338 1.83
184 0.03626593558162671 1.84
185 0.03625089025496336 1.85
186 0.0362347988199342 1.86
187 0.03621932137290924 1.87
188 0.03620521848029745 1.88
189 0.03619133820610312 1.89
190 0.03617812598117107 1.9
191 0.03616453921823653 1.91
192 0.03615073065992733 1.92
193 0.03613908072149243 1.93
194 0.03612799664423656 1.94
195 0.03611675118379724 1.95
196 0.03610456120422993 1.96
197 0.03608807776808236 1.97
198 0.03606816815442191 1.98
199 0.03605375051570173 1.99
200 0.03603870613966354 2
201 0.03602761281534657 2.01
202 0.03601493885123801 2.02
203 0.03599964991240675 2.03
204 0.03598558062018233 2.04
205 0.03597230492957187 2.05
206 0.03596344897918771 2.06
207 0.03595557909290505 2.07
208 0.03594778166536616 2.08
209 0.03593906113120585 2.09
210 0.03592968848767595 2.1
211 0.03592082150593309 2.11
212 0.03591350859315273 2.12
213 0.03590277368536021 2.13
214 0.03589003332563068 2.14
215 0.03587580806531078 2.15
216 0.03586350839844877 2.16
217 0.03585385111957281 2.17
218 0.03584585249683551 2.18
219 0.03583959826335431 2.19
220 0.03583886935611399 2.2
221 0.03583804158587646 2.21
222 0.03583671972115213 2.22
223 0.03583299423065903 2.23
224 0.03582620718035346 2.24
225 0.03581941508461118 2.25
226 0.03581196169718932 2.26
227 0.03580446111203273 2.27
228 0.03579715575578944 2.28
229 0.03579055075666067 2.29
230 0.03578349336371606 2.3
231 0.03577778140005546 2.31
232 0.03577752580467032 2.32
233 0.03577838848243856 2.33
234 0.03577834869220277 2.34
235 0.03577592939716182 2.35
236 0.03577596444804631 2.36
237 0.03577300517401275 2.37
238 0.03577125375305668 2.38
239 0.03577397859821433 2.39
240 0.03577382306936061 2.4
241 0.03577575460862448 2.41
242 0.03576936241024462 2.42
243 0.03576885465691017 2.43
244 0.03577240643814463 2.44
245 0.03577157482950313 2.45
246 0.03577236300927879 2.46
247 0.03577313446675359 2.47
248 0.03577429059017218 2.48
249 0.03577460453244142 2.49
250 0.03577254963354438 2.5
251 0.03576858138515031 2.51
252 0.03576133805876976 2.52
253 0.03575502394830156 2.53
254 0.03574855654496888 2.54
255 0.03574098492175534 2.55
256 0.03573282714354994 2.56
257 0.03572408679988847 2.57
258 0.03571371636495882 2.58
259 0.03570275389389512 2.59
260 0.0356907329816138 2.6
261 0.03567794857806287 2.61
262 0.03566760551628741 2.62
263 0.03565260350884702 2.63
264 0.03564030863324788 2.64
265 0.03562776544495176 2.65
266 0.03561430238764716 2.66
267 0.03559602726230372 2.67
268 0.03558099585329544 2.68
269 0.03556416554389023 2.69
270 0.03555160841181539 2.7
271 0.03553958992169085 2.71
272 0.03552828484069679 2.72
273 0.03551733823471979 2.73
274 0.03550768800582531 2.74
275 0.03549685193545993 2.75
276 0.03548601977299782 2.76
277 0.03547621874869388 2.77
278 0.0354678580640957 2.78
279 0.03546024460312843 2.79
280 0.03545314267921821 2.8
281 0.03544667239894609 2.81
282 0.0354405628880977 2.82
283 0.03543523319039904 2.83
284 0.03543067448455602 2.84
285 0.03542659116848833 2.85
286 0.03542373677639328 2.86
287 0.03542204640258655 2.87
288 0.03542008112575178 2.88
289 0.03541949084742176 2.89
290 0.0354180758321089 2.9
291 0.03542169267282033 2.91
292 0.03542752713085357 2.92
293 0.03543337629205701 2.93
294 0.03543816656687056 2.94
295 0.03543988545187326 2.95
296 0.0354424137434463 2.96
297 0.03544784678866052 2.97
298 0.03545100134009665 2.98
299 0.03545437930787645 2.99
300 0.03545796159192032 3
301 0.03546033437447208 3.01
302 0.03546271136629784 3.02
303 0.03546584283119292 3.03
304 0.03546843553470194 3.04
305 0.03547142305125843 3.05
306 0.03547595122964839 3.06
307 0.03547868835936167 3.07
308 0.03548105423666251 3.08
309 0.03548186665238492 3.09
310 0.03548377530879266 3.1
311 0.03548594372724959 3.11
312 0.03548791720657488 3.12
313 0.03548976478589499 3.13
314 0.03549332091864607 3.14
315 0.03549505276995591 3.15
316 0.03549535604924208 3.16
317 0.03549890421307061 3.17
318 0.03550069665656271 3.18
319 0.03550227157563864 3.19
320 0.0355023756622971 3.2
321 0.03550204333071568 3.21
322 0.03550151342421724 3.22
323 0.03550261680255123 3.23
324 0.0355034652859525 3.24
325 0.03550499897653966 3.25
326 0.03550702974077927 3.26
327 0.03550960684110983 3.27
328 0.03551269064093489 3.28
329 0.0355156901141474 3.29
330 0.03551932223293015 3.3
331 0.03552298810976499 3.31
332 0.03552643203132964 3.32
333 0.03552998118165077 3.33
334 0.03553489514664471 3.34
335 0.03553827414465315 3.35
336 0.03554386288607334 3.36
337 0.0355476848312616 3.37
338 0.0355491250405252 3.38
339 0.03554967813234123 3.39
340 0.03555150767009072 3.4
341 0.03555397904273586 3.41
342 0.0355563448889057 3.42
343 0.03556039456498412 3.43
344 0.03556404226456784 3.44
345 0.03556705328753131 3.45
346 0.03557149165231348 3.46
347 0.03557490937725208 3.47
348 0.035578405585482 3.48
349 0.03558262340280593 3.49
350 0.035587713559385 3.5
351 0.03559325762569446 3.51
352 0.03559845456623718 3.52
353 0.03560392086783683 3.53
354 0.03560968521024293 3.54
355 0.0356154937492654 3.55
356 0.03562105552956082 3.56
357 0.03562700014795505 3.57
358 0.03563307911528055 3.58
359 0.03564003789295444 3.59
360 0.03564635812348006 3.6
361 0.03565230623693623 3.61
362 0.03565858737763894 3.62
363 0.0356646496790121 3.63
364 0.0356712801392095 3.64
365 0.03567822357325361 3.65
366 0.03568577355862809 3.66
367 0.03569288020967746 3.67
368 0.03569975354824196 3.68
369 0.03570687574049496 3.69
370 0.03571485147133565 3.7
371 0.03572403785097746 3.71
372 0.0357312890118659 3.72
373 0.03573714600358791 3.73
374 0.03574149486358198 3.74
375 0.03574824517074345 3.75
376 0.03575544837989414 3.76
377 0.03576256335591957 3.77
378 0.0357697242006085 3.78
379 0.03577612634346924 3.79
380 0.03578255825147716 3.8
381 0.03578918100204975 3.81
382 0.03579489867905825 3.82
383 0.03579998929316402 3.83
384 0.03580458731375271 3.84
385 0.03580861075428111 3.85
386 0.03581219602404979 3.86
387 0.03581597588309364 3.87
388 0.03581924043586755 3.88
389 0.03582202320954702 3.89
390 0.03582446154832555 3.9
391 0.03582720047696334 3.91
392 0.03582928471680397 3.92
393 0.0358307330318515 3.93
394 0.03583162608336507 3.94
395 0.03583215946681443 3.95
396 0.03583155955593034 3.96
397 0.03583257318386229 3.97
398 0.03583362378283679 3.98
399 0.03583309003978978 3.99
400 0.03583403110844131 4
401 0.03583460325729843 4.01
402 0.03583689910122406 4.02
403 0.03583727931868773 4.03
404 0.03583660287160861 4.04
405 0.03583495157347294 4.05
406 0.03583352568306076 4.06
407 0.03583234205833598 4.07
408 0.03583159343811407 4.08
409 0.03583075129390467 4.09
410 0.03583009799913262 4.1
411 0.03582992184544184 4.11
412 0.03582954345758266 4.12
413 0.03582960078365145 4.13
414 0.03582941323513596 4.14
415 0.0358283286796586 4.15
416 0.03582781858066084 4.16
417 0.03582753324024487 4.17
418 0.03582730693484995 4.18
419 0.03582679936450248 4.19
420 0.0358262971743177 4.2
421 0.03582479286850133 4.21
422 0.03582463608016551 4.22
423 0.03582393668097021 4.23
424 0.03582287493100573 4.24
425 0.03582139711921205 4.25
426 0.0358194359477328 4.26
427 0.03581815986536717 4.27
428 0.03581672483222718 4.28
429 0.03581516304309764 4.29
430 0.03581329140625693 4.3
431 0.0358113888005723 4.31
432 0.03580814946180742 4.32
433 0.03580524061945984 4.33
434 0.03580234193279104 4.34
435 0.03579953747066332 4.350000000000001
436 0.03579677929838116 4.36
437 0.03579435175747193 4.37
438 0.03579090991053249 4.38
439 0.03578728004821211 4.39
440 0.03578425404672277 4.4
441 0.03578067210508696 4.41
442 0.03577476035107029 4.42
443 0.03576933375664747 4.43
444 0.0357654946744945 4.44
445 0.03576031986797303 4.45
446 0.03575411879167716 4.46
447 0.03574803843043057 4.47
448 0.0357416103191832 4.48
449 0.03573572586253457 4.49
450 0.03573063399095574 4.5
451 0.03572482188919922 4.51
452 0.03571954086892297 4.52
453 0.03571359821969585 4.53
454 0.03570732425946785 4.54
455 0.03570066820515685 4.55
456 0.03569360775669209 4.56
457 0.03568819394353327 4.57
458 0.0356826353717191 4.58
459 0.03567685463693828 4.59
460 0.03567079633191052 4.600000000000001
461 0.03566467274044695 4.61
462 0.03565877547339413 4.62
463 0.03565234293936533 4.63
464 0.0356442681526687 4.64
465 0.03563685402951686 4.65
466 0.0356303267303007 4.66
467 0.03562442871261941 4.67
468 0.03561782318794762 4.68
469 0.03560942554311801 4.69
470 0.0356016051806031 4.7
471 0.03559393898023304 4.71
472 0.03558567741983106 4.72
473 0.03557816959767697 4.73
474 0.03557107845192999 4.74
475 0.03556450001581491 4.75
476 0.0355558126355506 4.76
477 0.03554628191472819 4.77
478 0.03553740245084046 4.78
479 0.03552932442055591 4.79
480 0.03552043117923868 4.8
481 0.03551170465326071 4.81
482 0.03550323788792557 4.82
483 0.03549413198132492 4.83
484 0.03548611900389035 4.84
485 0.0354775571765403 4.850000000000001
486 0.03546977923145946 4.86
487 0.03545965873211702 4.87
488 0.03544971847351513 4.88
489 0.03544028913064778 4.89
490 0.03543301004131147 4.9
491 0.03542640945844468 4.91
492 0.03541748640814007 4.92
493 0.03540829400138422 4.93
494 0.03539923514133977 4.94
495 0.03539009953607609 4.95
496 0.03538211598610814 4.96
497 0.03537261363737706 4.97
498 0.03535840573518712 4.98
499 0.03534846884938735 4.99
500 0.03534030406486446 5
501 0.03533307312522237 5.01
502 0.03532464990231352 5.02
503 0.03531468713591544 5.03
504 0.03530470034237163 5.04
505 0.03529450609291169 5.05
506 0.03528574646977076 5.06
507 0.03527650252906112 5.07
508 0.03526682326939424 5.08
509 0.03525652325034211 5.09
510 0.03524666162802809 5.100000000000001
511 0.03523901283208202 5.11
512 0.03523073401433622 5.12
513 0.03522244253126268 5.13
514 0.03521488541584133 5.14
515 0.03520567677949177 5.15
516 0.03519657079842901 5.16
517 0.0351875627732982 5.17
518 0.03517678932538036 5.18
519 0.03516851598490051 5.19
520 0.03515849761214987 5.2
521 0.03515182550795765 5.21
522 0.03514670816777706 5.22
523 0.03513932695844174 5.23
524 0.03513229987682039 5.24
525 0.03512153624848192 5.25
526 0.03511313649399647 5.26
527 0.03510787243579687 5.27
528 0.03510197103851782 5.28
529 0.0350954220373284 5.29
530 0.03508753487457898 5.3
531 0.03508016078631829 5.31
532 0.03507266109131456 5.32
533 0.0350659241554688 5.33
534 0.03506001225213667 5.34
535 0.0350550556179209 5.350000000000001
536 0.03505019923820789 5.36
537 0.03504435686706354 5.37
538 0.03503905182634201 5.38
539 0.03503390682496622 5.39
540 0.03503028908825141 5.4
541 0.0350235199522405 5.41
542 0.03501740287464178 5.42
543 0.03501116314897925 5.43
544 0.03500437662892683 5.44
545 0.03499955735222117 5.45
546 0.03499482778398232 5.46
547 0.03498774611558247 5.47
548 0.03498474611419246 5.48
549 0.03497946810043632 5.49
550 0.03497196641028744 5.5
551 0.03496572188624475 5.51
552 0.03496004932154138 5.52
553 0.03495479313158537 5.53
554 0.03494927812829819 5.54
555 0.03494324391954771 5.55
556 0.03493843695487041 5.56
557 0.03493327938156192 5.57
558 0.03492753183730571 5.58
559 0.03492318692947102 5.59
560 0.0349151942037268 5.600000000000001
561 0.03490894727269891 5.61
562 0.03490182171343686 5.62
563 0.03489667003120995 5.63
564 0.03488987521564756 5.64
565 0.03488608238449754 5.65
566 0.03487986935098805 5.66
567 0.03487390856648551 5.67
568 0.0348691224457313 5.68
569 0.03486558172773225 5.69
570 0.03486017554981495 5.7
571 0.03485673797749484 5.71
572 0.03485313393106867 5.72
573 0.03485118211920461 5.73
574 0.03484920028142004 5.74
575 0.03484391838941579 5.75
576 0.03483764286112312 5.76
577 0.0348369649892061 5.77
578 0.0348332900387954 5.78
579 0.03483225312143903 5.79
580 0.03483084297311277 5.8
581 0.03482869323755348 5.81
582 0.03482644432033517 5.82
583 0.03482661173048353 5.83
584 0.03482283734652176 5.84
585 0.03482082817219512 5.850000000000001
586 0.03482144171908807 5.86
587 0.03482665725134472 5.87
588 0.03482990052205367 5.88
589 0.03483079325238725 5.89
590 0.03483275458913431 5.9
591 0.03483464322719152 5.91
592 0.0348337111422151 5.92
593 0.03483310132798854 5.93
594 0.0348383139122591 5.94
595 0.03484085058152317 5.95
596 0.03484803638925494 5.96
597 0.03485221965123338 5.97
598 0.03485699704323835 5.98
599 0.03486009509910349 5.99
600 0.03486395089512335 6
601 0.03486589943742911 6.01
602 0.03485382121507719 6.02
603 0.03485025556512347 6.03
604 0.03485741142069225 6.04
605 0.03487173202654967 6.05
606 0.03490077281902981 6.06
607 0.03491667738805319 6.07
608 0.03492246541219778 6.08
609 0.03492078789189818 6.09
610 0.03491847412168454 6.100000000000001
611 0.03491872249587406 6.11
612 0.03492130972291262 6.12
613 0.03492437085388814 6.13
614 0.03492728129278182 6.140000000000001
615 0.03493280586966657 6.15
616 0.03494113908586849 6.16
617 0.03494705821051338 6.17
618 0.03494802338354257 6.18
619 0.03495115151144595 6.19
620 0.03496010501011871 6.2
621 0.03496771976860603 6.21
622 0.03497292710599645 6.22
623 0.03498056144197843 6.23
624 0.03498335322714072 6.24
625 0.03498329099146993 6.25
626 0.03498643208147296 6.26
627 0.0349927180673661 6.27
628 0.03499622214712281 6.28
629 0.03500085609984806 6.29
630 0.03500800704887504 6.3
631 0.03500163991183498 6.31
632 0.03499478912488139 6.32
633 0.03500034929531144 6.33
634 0.03500967742226386 6.34
635 0.0350095352100856 6.350000000000001
636 0.03503384785996593 6.36
637 0.03505182505207805 6.37
638 0.03508424707733883 6.38
639 0.03511222162370821 6.390000000000001
640 0.03511155958238921 6.4
641 0.03510614913342345 6.41
642 0.03510329256878921 6.42
643 0.03510609162954007 6.43
644 0.03511441211695443 6.44
645 0.03512570756498472 6.45
646 0.03514371392812046 6.46
647 0.03515967246444298 6.47
648 0.03518002354903293 6.48
649 0.03520317949094474 6.49
650 0.03521358434420681 6.5
651 0.03521245210474307 6.51
652 0.03522757941699871 6.52
653 0.03524556306913733 6.53
654 0.03526953717233777 6.54
655 0.03529462187969436 6.55
656 0.03530730492180852 6.56
657 0.03532548519577405 6.57
658 0.03534566027154599 6.58
659 0.0353675017424285 6.59
660 0.03538296846448798 6.600000000000001
661 0.03540083076897388 6.61
662 0.03541592559189762 6.62
663 0.03543620565416675 6.63
664 0.03545152629375031 6.640000000000001
665 0.03547965821036181 6.65
666 0.03550077517574093 6.66
667 0.03551808369914889 6.67
668 0.03555056394857373 6.68
669 0.03557293735654424 6.69
670 0.03560237054052973 6.7
671 0.03563003770573069 6.71
672 0.03566036617398609 6.72
673 0.03568137367871381 6.73
674 0.03569419347990116 6.74
675 0.0357270178525992 6.75
676 0.03575668752657077 6.76
677 0.03578419844960457 6.77
678 0.03583263970042406 6.78
679 0.03584848617574672 6.79
680 0.03586850104862813 6.8
681 0.0358686885684797 6.81
682 0.03589773701236695 6.82
683 0.03591944187708532 6.83
684 0.03593509916225469 6.84
685 0.03596507472776599 6.850000000000001
686 0.03598835176512841 6.86
687 0.03602610778574483 6.87
688 0.03603802617472964 6.88
689 0.03607017241819207 6.890000000000001
690 0.03608859497238646 6.9
691 0.03611195456933367 6.91
692 0.03612826843580921 6.92
693 0.03613590132172206 6.93
694 0.03615281830183004 6.94
695 0.03617446583778514 6.95
696 0.03620275079561683 6.96
697 0.03623162157883008 6.97
698 0.03625346769683137 6.98
699 0.03628835477844426 6.99
700 0.03631445793176853 7
701 0.03632909467711645 7.01
702 0.03635652423329791 7.02
703 0.03637386538453433 7.03
704 0.03639580245818338 7.04
705 0.0364116292720091 7.05
706 0.0364262273834572 7.06
707 0.03644708447924332 7.07
708 0.03647330120872278 7.08
709 0.03650280492635945 7.09
710 0.03653042449721872 7.100000000000001
711 0.03656611191110118 7.11
712 0.03658814225863668 7.12
713 0.03662113962036307 7.13
714 0.03664656335485022 7.140000000000001
715 0.03667639932075198 7.15
716 0.03670791217289699 7.16
717 0.03674674430116042 7.17
718 0.03677460541075836 7.18
719 0.03681499921400326 7.19
720 0.03683895802336181 7.2
721 0.03687637606774466 7.21
722 0.03690059950993169 7.22
723 0.03692773246772605 7.23
724 0.03697087126222821 7.24
725 0.03700026856396949 7.25
726 0.03703321224969883 7.26
727 0.03708291771523515 7.27
728 0.03712083042308667 7.28
729 0.03715610125384322 7.29
730 0.03719918927545774 7.3
731 0.03724845263240138 7.31
732 0.03728814817505365 7.32
733 0.03731780457516704 7.33
734 0.03736145431105237 7.34
735 0.03739070057432944 7.350000000000001
736 0.03742343040245597 7.36
737 0.03746139867624743 7.37
738 0.03748867443935268 7.38
739 0.03753412433941031 7.390000000000001
740 0.03759385882495787 7.4
741 0.03764651330508462 7.41
742 0.03769994339248783 7.42
743 0.03774629467854298 7.43
744 0.03778943305845716 7.44
745 0.03782207016830638 7.45
746 0.0378523646515378 7.46
747 0.03788983485864888 7.47
748 0.03791382785254927 7.48
749 0.03794459233387061 7.49
750 0.03798863158724542 7.5
751 0.03803406650314205 7.51
752 0.03806559502141522 7.52
753 0.03808569518990819 7.53
754 0.03814210716716914 7.54
755 0.03818123181060636 7.55
756 0.03821772070332168 7.56
757 0.03825208137406791 7.57
758 0.038290804746606 7.58
759 0.0383307926817857 7.59
760 0.03836618658438641 7.600000000000001
761 0.03839919109865403 7.61
762 0.0384242864444238 7.62
763 0.03845809208471605 7.63
764 0.03846706055462332 7.640000000000001
765 0.03851112839148454 7.65
766 0.03855317194096811 7.66
767 0.03857073836074019 7.67
768 0.0386159360647625 7.68
769 0.0386512247717296 7.69
770 0.03868435633825084 7.7
771 0.03870919142443557 7.71
772 0.03874704580604241 7.72
773 0.0387635798548164 7.73
774 0.03879696423632769 7.74
775 0.03882402899405761 7.75
776 0.03886482312041765 7.76
777 0.03886962734895537 7.77
778 0.03887092077243176 7.78
779 0.03890481776862587 7.79
780 0.0389287922539424 7.8
781 0.03895107592237954 7.81
782 0.03896762480791229 7.82
783 0.03900900881398819 7.83
784 0.03903441104839835 7.84
785 0.03907694704111047 7.850000000000001
786 0.03909142329676558 7.86
787 0.03911309792005462 7.87
788 0.0391425699884762 7.88
789 0.03917568111690816 7.890000000000001
790 0.03920765282715527 7.9
791 0.03923075061389669 7.91
792 0.03926421021134031 7.92
793 0.03929549380695489 7.930000000000001
794 0.03931950139193736 7.94
795 0.03934599360521435 7.95
796 0.03939432693642879 7.96
797 0.03943499533566457 7.97
798 0.03945873526348308 7.98
799 0.03948348030342488 7.99
800 0.03951184541669162 8
801 0.03954185016846595 8.01
802 0.03956482014096065 8.02
803 0.03959423013467319 8.029999999999999
804 0.03961352254797673 8.040000000000001
805 0.03963950663874236 8.050000000000001
806 0.03969147326821545 8.06
807 0.0397283657368472 8.07
808 0.03976793235566915 8.08
809 0.03980528295170135 8.09
810 0.03984817430546517 8.1
811 0.03989566064197003 8.109999999999999
812 0.03992036475499444 8.120000000000001
813 0.0399648804901853 8.130000000000001
814 0.03999941543062555 8.140000000000001
815 0.04002462954403423 8.15
816 0.04008957955652092 8.16
817 0.04012647219709657 8.17
818 0.04020206469763751 8.18
819 0.04024395319294222 8.19
820 0.04030070843562042 8.199999999999999
821 0.04033392208493639 8.210000000000001
822 0.04038883681574619 8.220000000000001
823 0.04041243041842082 8.23
824 0.04045923026991158 8.24
825 0.04051421401740473 8.25
826 0.04056151829749775 8.26
827 0.0406062176098232 8.27
828 0.04065009869050012 8.279999999999999
829 0.04069892697210169 8.290000000000001
830 0.04072831937700678 8.300000000000001
831 0.04076899068043461 8.31
832 0.04081082840003827 8.32
833 0.04085843908555599 8.33
834 0.04092789568452277 8.34
835 0.04097454789147417 8.35
836 0.04103386336143788 8.359999999999999
837 0.0410719497178595 8.370000000000001
838 0.04109994094679334 8.380000000000001
839 0.04113074476507719 8.390000000000001
840 0.04116080202128094 8.4
841 0.04119325042953702 8.41
842 0.04121895179951059 8.42
843 0.04126635603216147 8.43
844 0.04131425904533269 8.44
845 0.04137864501694589 8.449999999999999
846 0.04140965526115087 8.460000000000001
847 0.04142841012215761 8.470000000000001
848 0.04144891082065006 8.48
849 0.04148550043595386 8.49
850 0.04150210559980015 8.5
851 0.04151769972498644 8.51
852 0.04153959170430791 8.52
853 0.04157123407016894 8.529999999999999
854 0.04158896398847919 8.540000000000001
855 0.04162373415970989 8.550000000000001
856 0.04162780097688712 8.56
857 0.04165100106145881 8.57
858 0.04165681029330872 8.58
859 0.04166583505098499 8.59
860 0.04166151182999951 8.6
861 0.0416555690039128 8.609999999999999
862 0.04167297548123493 8.620000000000001
863 0.04167903799560078 8.630000000000001
864 0.04167227292952657 8.640000000000001
865 0.04167210344897009 8.65
866 0.04166799215790157 8.66
867 0.04166254415428655 8.67
868 0.04165567055979045 8.68
869 0.04164850959807449 8.69
870 0.04163892488586032 8.700000000000001
871 0.0416290158643347 8.710000000000001
872 0.04161271358061213 8.720000000000001
873 0.04159042454360599 8.73
874 0.04156729695997542 8.74
875 0.04154657059970481 8.75
876 0.04153585706718708 8.76
877 0.0415086891052589 8.77
878 0.04148585208186205 8.779999999999999
879 0.04146267007658755 8.790000000000001
880 0.04143308755155686 8.800000000000001
881 0.04141546513081083 8.81
882 0.04138037242300893 8.82
883 0.04135298071228488 8.83
884 0.04129746651076432 8.84
885 0.04126081299603099 8.85
886 0.04122385095822634 8.859999999999999
887 0.04119177047393155 8.870000000000001
888 0.04116417695677093 8.880000000000001
889 0.04114270195082882 8.890000000000001
890 0.0411206447222042 8.9
891 0.04109070735226932 8.91
892 0.041046753894287 8.92
893 0.04102213999147154 8.93
894 0.04098867163621198 8.94
895 0.04095390098130156 8.950000000000001
896 0.04094305233184734 8.960000000000001
897 0.04092251831736846 8.970000000000001
898 0.04089989796354002 8.98
899 0.04086226471824802 8.99
900 0.0408229657284596 9
901 0.04078258948604802 9.01
902 0.04075955807099473 9.02
903 0.04073018939831165 9.029999999999999
904 0.04072616009297094 9.040000000000001
905 0.0407439702221717 9.050000000000001
906 0.04074745996316217 9.06
907 0.04074319143768271 9.07
908 0.04073172813660417 9.08
909 0.04072217569311873 9.09
910 0.04073421813013148 9.1
911 0.04071413306262962 9.109999999999999
912 0.04071574742421978 9.120000000000001
913 0.04072422645904443 9.130000000000001
914 0.04074915506409925 9.140000000000001
915 0.04078873498063562 9.15
916 0.04080803463702663 9.16
917 0.04084372763351571 9.17
918 0.04087125201221747 9.18
919 0.04091282691604443 9.19
920 0.04095970352430715 9.200000000000001
921 0.0410460167033373 9.210000000000001
922 0.04106278695358753 9.220000000000001
923 0.04110950581026142 9.23
924 0.04115033696138327 9.24
925 0.04121596131953551 9.25
926 0.04128607788366678 9.26
927 0.04138437146397971 9.27
928 0.04147928698753457 9.279999999999999
929 0.04156883108000984 9.290000000000001
930 0.04172331524603438 9.300000000000001
931 0.04185176505061578 9.31
932 0.04200668681315614 9.32
933 0.04216149575015428 9.33
934 0.04233772350770081 9.34
935 0.04248767213941913 9.35
936 0.04269075452474985 9.359999999999999
937 0.04286002343386516 9.370000000000001
938 0.04301859256511956 9.380000000000001
939 0.04318618032675596 9.390000000000001
940 0.04335703603852426 9.4
941 0.04357851662784604 9.41
942 0.04377676552399427 9.42
943 0.04401834727505195 9.43
944 0.04420492967741853 9.44
945 0.04444264371917281 9.450000000000001
946 0.04465463408079542 9.460000000000001
947 0.04483574088878479 9.470000000000001
948 0.04506503734731969 9.48
949 0.04528014718222896 9.49
950 0.04549445219586923 9.5
951 0.04567435553592241 9.51
952 0.04588749242616672 9.52
953 0.04610170750857225 9.529999999999999
954 0.04625530456840346 9.540000000000001
955 0.04644258213679887 9.550000000000001
956 0.04670538921421496 9.56
957 0.04688455998914701 9.57
958 0.04699311305322715 9.58
959 0.047103092967423 9.59
960 0.04718069145356658 9.6
961 0.0472434872408154 9.609999999999999
962 0.04725759828467931 9.620000000000001
963 0.04727004988199979 9.630000000000001
964 0.04732184654660634 9.640000000000001
965 0.0473654901222808 9.65
966 0.04732764793280456 9.66
967 0.04735925865762764 9.67
968 0.04735736051728255 9.68
969 0.04738315361576427 9.69
970 0.0474388268732664 9.700000000000001
971 0.04745357220020811 9.710000000000001
972 0.04742160249172193 9.720000000000001
973 0.04731204153649215 9.73
974 0.04724476348801069 9.74
975 0.04718221280103517 9.75
976 0.04715866086914475 9.76
977 0.047104358318908 9.77
978 0.04703835792740697 9.779999999999999
979 0.04696157875742649 9.790000000000001
980 0.04681015507497978 9.800000000000001
981 0.04663360838988292 9.81
982 0.04651100384123824 9.82
983 0.04627929617650918 9.83
984 0.04606019016597281 9.84
985 0.04588287233602082 9.85
986 0.04565251429547688 9.859999999999999
987 0.04543108661821934 9.870000000000001
988 0.04529442125685208 9.880000000000001
989 0.04506390613303642 9.890000000000001
990 0.04477003027036892 9.9
991 0.0445190612328089 9.91
992 0.0442169174943566 9.92
993 0.04394865818890687 9.93
994 0.04370211572816176 9.94
995 0.04345707590851397 9.950000000000001
996 0.0431352444923974 9.960000000000001
997 0.04282954548511145 9.970000000000001
998 0.0425460966856302 9.98
999 0.04223846552805149 9.99
1000 0.04198995761952896 10
1001 0.04176363538166191 10.01
1002 0.04158379499101805 10.02
1003 0.04141295989013005 10.03
1004 0.04124785993110588 10.04
1005 0.04113228642420152 10.05
1006 0.04102228686453577 10.06
1007 0.04094436824331073 10.07
1008 0.04084082647003899 10.08
1009 0.04071370389737956 10.09
1010 0.04067145483846812 10.1
1011 0.04060655733433653 10.11
1012 0.04058525106960956 10.12
1013 0.04059942735266873 10.13
1014 0.04058118870519073 10.14
1015 0.04060881004586711 10.15
1016 0.0406477779855212 10.16
1017 0.0406673027831532 10.17
1018 0.04068899529111008 10.18
1019 0.04078675895461405 10.19
1020 0.04081836084874165 10.2
1021 0.04095270874191766 10.21
1022 0.04097516539874668 10.22
1023 0.04109336722010535 10.23
1024 0.04110150486362346 10.24
1025 0.04111539360946478 10.25
1026 0.04112909447263464 10.26
1027 0.04107184218546839 10.27
1028 0.04101149461910637 10.28
1029 0.04090582496751375 10.29
1030 0.04080231160496701 10.3
1031 0.04072547508431183 10.31
1032 0.04058863702982145 10.32
1033 0.04046839228026058 10.33
1034 0.04037058538358883 10.34
1035 0.04029151420768939 10.35
1036 0.0402294011089095 10.36
1037 0.0401395743100068 10.37
1038 0.04003513022128209 10.38
1039 0.03991727878530297 10.39
1040 0.03978791772185988 10.4
1041 0.03966587663468056 10.41
1042 0.0396371938431249 10.42
1043 0.03951260815649652 10.43
1044 0.03945980598433553 10.44
1045 0.03933548261058126 10.45
1046 0.03931738511302593 10.46
1047 0.0392826802715919 10.47
1048 0.0392239334803805 10.48
1049 0.03920142247754778 10.49
1050 0.03920053012886179 10.5
1051 0.03914600893001526 10.51
1052 0.03911779516423841 10.52
1053 0.03907495196221322 10.53
1054 0.03905053165035499 10.54
1055 0.03911456771277256 10.55
1056 0.03913760303533172 10.56
1057 0.03921298569301904 10.57
1058 0.03931774567213941 10.58
1059 0.03944529760798847 10.59
1060 0.03959047815837032 10.6
1061 0.03974663911110531 10.61
1062 0.03986906217759979 10.62
1063 0.04003829697604382 10.63
1064 0.04015807940397398 10.64
1065 0.04030655409050046 10.65
1066 0.04040631966148577 10.66
1067 0.04060116069917146 10.67
1068 0.04084944821397401 10.68
1069 0.04105599149170086 10.69
1070 0.04121080942401874 10.7
1071 0.04132810921188611 10.71
1072 0.04147548544455136 10.72
1073 0.04163051784589698 10.73
1074 0.04172300334136701 10.74
1075 0.04171631387316016 10.75
1076 0.04161495807899732 10.76
1077 0.0416331544887527 10.77
1078 0.04150454407462102 10.78
1079 0.04149366164619785 10.79
1080 0.04145741094167463 10.8
1081 0.04142176415587676 10.81
1082 0.04133614730623578 10.82
1083 0.04132099737504431 10.83
1084 0.0413041783607902 10.84
1085 0.04130144615411119 10.85
1086 0.04119388343764064 10.86
1087 0.04108289045850291 10.87
1088 0.04100752380957685 10.88
1089 0.04087692835594268 10.89
1090 0.0407768044006533 10.9
1091 0.04071116979614398 10.91
1092 0.04063071728070738 10.92
1093 0.04050532389780217 10.93
1094 0.04036344682257235 10.94
1095 0.04022107582835384 10.95
1096 0.04006407390640865 10.96
1097 0.03988633735604172 10.97
1098 0.03972216265626828 10.98
1099 0.03957357178175237 10.99
1100 0.0394429663100732 11
1101 0.03929095281087031 11.01
1102 0.03911100158563229 11.02
1103 0.03899635075172242 11.03
1104 0.03889996648146881 11.04
1105 0.0387622877422772 11.05
1106 0.03865959656559861 11.06
1107 0.0385721180784509 11.07
1108 0.03848911061685163 11.08
1109 0.03833750246197998 11.09
1110 0.03818598377244069 11.1
1111 0.03804205690207153 11.11
1112 0.03800516388544633 11.12
1113 0.03778197505438933 11.13
1114 0.03764486785929998 11.14
1115 0.03756802932193633 11.15
1116 0.03747049114081805 11.16
1117 0.03747054325527149 11.17
1118 0.03752891954850521 11.18
1119 0.03751014894953707 11.19
1120 0.03743473437630858 11.2
1121 0.0374175529906744 11.21
1122 0.03741771103648574 11.22
1123 0.03742586082102196 11.23
1124 0.03739130954056637 11.24
1125 0.03742677270438118 11.25
1126 0.03742827027584429 11.26
1127 0.03746869946431264 11.27
1128 0.03747537065926632 11.28
1129 0.03751842956482079 11.29
1130 0.03757705441245972 11.3
1131 0.03758215178351731 11.31
1132 0.0375942640465828 11.32
1133 0.03758236342657681 11.33
1134 0.03754164730043179 11.34
1135 0.03754908563069203 11.35
1136 0.03753826676271946 11.36
1137 0.03759964686617975 11.37
1138 0.03764133174789659 11.38
1139 0.03763621655640444 11.39
1140 0.03769798016196402 11.4
1141 0.03786707702656406 11.41
1142 0.0379614494760202 11.42
1143 0.03814863175877353 11.43
1144 0.0384170352481681 11.44
1145 0.03864178107378872 11.45
1146 0.03892011638410386 11.46
1147 0.03913209719916275 11.47
1148 0.0395471511794241 11.48
1149 0.03992133309937885 11.49
1150 0.0402191577079611 11.5
1151 0.04054232816792663 11.51
1152 0.04083764957505541 11.52
1153 0.04111261111529445 11.53
1154 0.04149306491588761 11.54
1155 0.04196561392589232 11.55
1156 0.042283713502446 11.56
1157 0.04261452713106883 11.57
1158 0.0428265333998256 11.58
1159 0.04317424529097973 11.59
1160 0.04346594572005219 11.6
1161 0.04369911508071059 11.61
1162 0.04404980872359387 11.62
1163 0.04426094369427024 11.63
1164 0.04448858495328877 11.64
1165 0.04483944436397511 11.65
1166 0.04510840921257595 11.66
1167 0.04529930474260047 11.67
1168 0.04547041879179203 11.68
1169 0.04559291132598416 11.69
1170 0.04579620632863357 11.7
1171 0.04580509832059625 11.71
1172 0.04584737018542277 11.72
1173 0.04592428236462084 11.73
1174 0.04601089857644082 11.74
1175 0.04604507565807346 11.75
1176 0.04608078530324302 11.76
1177 0.04602875218073382 11.77
1178 0.04589682701902457 11.78
1179 0.04574995842819653 11.79
1180 0.04568351280506877 11.8
1181 0.04554762416937563 11.81
1182 0.04553438325796202 11.82
1183 0.04548958599620236 11.83
1184 0.04538440131949837 11.84
1185 0.04525714540425058 11.85
1186 0.04496467434334035 11.86
1187 0.04473780234530322 11.87
1188 0.04443438941848201 11.88
1189 0.04416247293836983 11.89
1190 0.04394450172192036 11.9
1191 0.04362030965253153 11.91
1192 0.04329857704572157 11.92
1193 0.04300829401352799 11.93
1194 0.04266966460513223 11.94
1195 0.04238257218345468 11.95
1196 0.04202835081740135 11.96
1197 0.04166460463611026 11.97
1198 0.04138950356316379 11.98
1199 0.04116255283014834 11.99
1200 0.04077590457347675 12
1201 0.04052325029027861 12.01
1202 0.039927163258986 12.02
1203 0.03956467177670668 12.03
1204 0.03901808419206141 12.04
1205 0.03874159729992047 12.05
1206 0.03821473096469374 12.06
1207 0.03801107470947272 12.07
1208 0.03774064552673131 12.08
1209 0.0375534559705696 12.09
1210 0.03723590406870367 12.1
1211 0.03703667133733183 12.11
1212 0.0366864325344503 12.12
1213 0.03652650453357813 12.13
1214 0.03616968407588289 12.14
1215 0.03595923246105146 12.15
1216 0.03550113726917632 12.16
1217 0.03521439897248971 12.17
1218 0.03477235665349233 12.18
1219 0.03458985388709811 12.19
1220 0.03406357918594245 12.2
1221 0.03374475875826975 12.21
1222 0.03343304670579258 12.22
1223 0.03319394176898877 12.23
1224 0.03283117841933058 12.24
1225 0.03251026617732072 12.25
1226 0.03219568638882177 12.26
1227 0.0318952654337699 12.27
1228 0.03162485075337066 12.28
1229 0.03129160186016084 12.29
1230 0.03101032500579422 12.3
1231 0.03064540768623313 12.31
1232 0.03032307087607307 12.32
1233 0.03003230289420169 12.33
1234 0.02977964606304224 12.34
1235 0.02951091071092018 12.35
1236 0.02924795550647934 12.36
1237 0.02903833604164473 12.37
1238 0.02881167576572181 12.38
1239 0.02864984596633596 12.39
1240 0.02842978402354253 12.4
1241 0.02824360631718305 12.41
1242 0.02804046224794965 12.42
1243 0.02784316035591153 12.43
1244 0.0277433053188821 12.44
1245 0.02763013325879285 12.45
1246 0.02751529366127254 12.46
1247 0.02736451562101772 12.47
1248 0.02732090548293067 12.48
1249 0.02727448847584326 12.49
1250 0.02737269398368978 12.5
1251 0.02749179283303885 12.51
1252 0.027612241781799 12.52
1253 0.0279894413080071 12.53
1254 0.02824466382091522 12.54
1255 0.02874535087189516 12.55
1256 0.02913453008075214 12.56
1257 0.02951435049980869 12.57
1258 0.02992003251581481 12.58
1259 0.03038547039298626 12.59
1260 0.03084138411638056 12.6
1261 0.03122531999789079 12.61
1262 0.03155464419619083 12.62
1263 0.03198222277419796 12.63
1264 0.03248043275314073 12.64
1265 0.03297948503339757 12.65
1266 0.03344728052122332 12.66
1267 0.03397138085368819 12.67
1268 0.03455637795984087 12.68
1269 0.03513128181401507 12.69
1270 0.03566170262256408 12.7
1271 0.03634597139651258 12.71
1272 0.0369386884125779 12.72
1273 0.03756321197236981 12.73
1274 0.03820052140350819 12.74
1275 0.03882260756694932 12.75
1276 0.03948174779836142 12.76
1277 0.04014268666732306 12.77
1278 0.04090061518964397 12.78
1279 0.04169184136453596 12.79
1280 0.04242782433488265 12.8
1281 0.04326026271175578 12.81
1282 0.04397660304068797 12.82
1283 0.04480820728807963 12.83
1284 0.04548001982403905 12.84
1285 0.04626328811187858 12.85
1286 0.04699473721032036 12.86
1287 0.04767337577303198 12.87
1288 0.04826385641672196 12.88
1289 0.04892047018419429 12.89
1290 0.04956653884873237 12.9
1291 0.05009215400880666 12.91
1292 0.05058666611618865 12.92
1293 0.05108434926844868 12.93
1294 0.0515355003156588 12.94
1295 0.05195637750616855 12.95
1296 0.05219195750336057 12.96
1297 0.05257628792564808 12.97
1298 0.052839543784617 12.98
1299 0.05319491547274433 12.99
1300 0.05356390040791361 13
1301 0.05384133839791495 13.01
1302 0.05392962737814722 13.02
1303 0.05410075366223976 13.03
1304 0.05406693774673611 13.04
1305 0.05397801417822153 13.05
1306 0.05398590028622217 13.06
1307 0.05404464392786427 13.07
1308 0.05412254384095833 13.08
1309 0.05384315948455326 13.09
1310 0.05365676781338857 13.1
1311 0.05356639512777697 13.11
1312 0.05360296874443583 13.12
1313 0.05359832767017331 13.13
1314 0.05365769251859641 13.14
1315 0.05361700566368082 13.15
1316 0.05344418615577098 13.16
1317 0.05340792887994478 13.17
1318 0.05346661923219628 13.18
1319 0.05332837407272558 13.19
1320 0.05316024283746271 13.2
1321 0.05275021884425313 13.21
1322 0.05245196676205329 13.22
1323 0.05207001085226617 13.23
1324 0.05176228029795577 13.24
1325 0.05167197860468953 13.25
1326 0.05138283431716931 13.26
1327 0.05123586241645249 13.27
1328 0.05100842520081666 13.28
1329 0.05099053572660223 13.29
1330 0.05082175997506603 13.3
1331 0.05077292587692617 13.31
1332 0.05067936719239735 13.32
1333 0.05047033468042661 13.33
1334 0.05021419257007906 13.34
1335 0.04992977842185851 13.35
1336 0.0497681886073706 13.36
1337 0.04965606604230192 13.37
1338 0.04955802685334199 13.38
1339 0.0494404805124478 13.39
1340 0.04904004095940205 13.4
1341 0.04866931683692133 13.41
1342 0.0484319159113919 13.42
1343 0.04809228203400343 13.43
1344 0.04794060768352919 13.44
1345 0.04770888771882164 13.45
1346 0.04749063410406584 13.46
1347 0.04724461164392681 13.47
1348 0.04694999675404141 13.48
1349 0.04663950235161306 13.49
1350 0.04642471574539464 13.5
1351 0.04614889320203879 13.51
1352 0.04588741639084633 13.52
1353 0.04560891609652303 13.53
1354 0.04527267831919151 13.54
1355 0.04509350348437828 13.55
1356 0.04495269453655022 13.56
1357 0.04466046985870027 13.57
1358 0.0443722557872591 13.58
1359 0.04411865440425084 13.59
1360 0.04380198421201269 13.6
1361 0.04351253612199048 13.61
1362 0.04321419045762384 13.62
1363 0.0429688189152787 13.63
1364 0.04262812282756542 13.64
1365 0.04238746898889359 13.65
1366 0.04208141151066438 13.66
1367 0.0419325584238803 13.67
1368 0.04176202540017058 13.68
1369 0.04150680096703669 13.69
1370 0.04129097352271334 13.7
1371 0.04099633088249757 13.71
1372 0.04067578730087847 13.72
1373 0.04046034946050501 13.73
1374 0.0401626569386914 13.74
1375 0.03974756743483252 13.75
1376 0.03927063596063424 13.76
1377 0.03882123236431534 13.77
1378 0.03856081868448694 13.78
1379 0.0381971603887097 13.79
1380 0.03791160335979368 13.8
1381 0.03747259717087691 13.81
1382 0.03722763394996859 13.82
1383 0.03694667838257365 13.83
1384 0.03650317293898303 13.84
1385 0.03617417833462424 13.85
1386 0.03588126500359286 13.86
1387 0.03554882516851843 13.87
1388 0.03529685735943712 13.88
1389 0.03503334828208492 13.89
1390 0.03487369871239748 13.9
1391 0.03457205015750304 13.91
1392 0.03423317230143787 13.92
1393 0.03392469369860283 13.93
1394 0.03346506811991187 13.94
1395 0.03314727943970409 13.95
1396 0.03284402755781746 13.96
1397 0.03241432606778789 13.97
1398 0.03203230391422794 13.98
1399 0.03170347036899789 13.99
1400 0.03135841077810104 14
1401 0.03115040987570132 14.01
1402 0.03085306423298707 14.02
1403 0.03066166475160793 14.03
1404 0.03047838462907434 14.04
1405 0.03032795137044967 14.05
1406 0.03009226521365369 14.06
1407 0.02983873788802524 14.07
1408 0.02969836736147767 14.08
1409 0.0293639334362314 14.09
1410 0.02925645638862599 14.1
1411 0.0291229916195022 14.11
1412 0.02901625254808516 14.12
1413 0.02890845300491124 14.13
1414 0.02878275349420707 14.14
1415 0.02861444482209628 14.15
1416 0.02854804593612866 14.16
1417 0.02840533895151554 14.17
1418 0.0282339753458618 14.18
1419 0.0281049678409816 14.19
1420 0.02799709869896566 14.2
1421 0.02793539218366827 14.21
1422 0.02790646646186995 14.22
1423 0.02803620513016528 14.23
1424 0.02800140164513275 14.24
1425 0.02800168949512786 14.25
1426 0.02799872160003127 14.26
1427 0.02800484762697478 14.27
1428 0.02810686564833451 14.28
1429 0.0280971379544529 14.29
1430 0.02800918847325378 14.3
1431 0.02795885978298532 14.31
1432 0.02801204174276639 14.32
1433 0.02800771247738848 14.33
1434 0.02801966557178849 14.34
1435 0.02803535869634195 14.35
1436 0.02807547129507807 14.36
1437 0.0281214272664323 14.37
1438 0.02804950705351275 14.38
1439 0.02806852006735819 14.39
1440 0.02817032695400716 14.4
1441 0.02821543279840237 14.41
1442 0.0282780589443005 14.42
1443 0.02835959861248289 14.43
1444 0.02846842647446865 14.44
1445 0.02851901233208901 14.45
1446 0.02867037943467154 14.46
1447 0.02874378769315033 14.47
1448 0.02884917220713346 14.48
1449 0.02894519548929407 14.49
1450 0.02895928480178857 14.5
1451 0.02903601890112024 14.51
1452 0.0291181591852947 14.52
1453 0.02922707155496346 14.53
1454 0.02922131566639207 14.54
1455 0.02929868218587785 14.55
1456 0.02923007069564744 14.56
1457 0.02923408563345167 14.57
1458 0.02925581050782971 14.58
1459 0.02930867404765793 14.59
1460 0.02934946315280897 14.6
1461 0.02935202160062819 14.61
1462 0.02937393525590766 14.62
1463 0.02935495856121412 14.63
1464 0.02937831504558422 14.64
1465 0.0293385639860591 14.65
1466 0.02927052477462304 14.66
1467 0.02921113415333548 14.67
1468 0.02906945869590497 14.68
1469 0.02895390149192158 14.69
1470 0.02889827094914197 14.7
1471 0.02880194949004667 14.71
1472 0.02866966986178207 14.72
1473 0.02858139986855715 14.73
1474 0.02843691289956562 14.74
1475 0.02841774256951097 14.75
1476 0.02839801943137163 14.76
1477 0.02844322073389441 14.77
1478 0.02846513499743446 14.78
1479 0.0285793753732334 14.79
1480 0.02851334070248427 14.8
1481 0.02854545675255254 14.81
1482 0.02847346096326062 14.82
1483 0.02831853337872273 14.83
1484 0.02817167876215645 14.84
1485 0.02807686694164792 14.85
1486 0.02803074619343874 14.86
1487 0.02822991967528427 14.87
1488 0.0284575647552291 14.88
1489 0.02858568833836565 14.89
1490 0.02869096220863618 14.9
1491 0.02864482074487026 14.91
1492 0.0287978315551012 14.92
1493 0.02883746154277802 14.93
1494 0.02889863992488569 14.94
1495 0.02902661914445031 14.95
1496 0.02910228818508321 14.96
1497 0.02904688516349195 14.97
1498 0.02910743098908874 14.98
1499 0.02920242680699415 14.99
1500 0.02924131078213984 15
1501 0.02933072827359713 15.01
1502 0.02943881983758852 15.02
1503 0.0293962964245811 15.03
1504 0.02945042024923196 15.04
1505 0.02950073346453714 15.05
1506 0.02975585443559574 15.06
1507 0.02986801778818546 15.07
1508 0.0300139960797386 15.08
1509 0.03021509984065023 15.09
1510 0.03044034217433355 15.1
1511 0.03056287076125926 15.11
1512 0.0308188879788234 15.12
1513 0.03103328627680401 15.13
1514 0.03128695805300957 15.14
1515 0.03139265826845058 15.15
1516 0.03151909322228391 15.16
1517 0.03165055201834663 15.17
1518 0.03183320269583388 15.18
1519 0.0319606185539309 15.19
1520 0.03217727346018465 15.2
1521 0.03232235008994633 15.21
1522 0.03258808447939779 15.22
1523 0.03267406673738159 15.23
1524 0.03279780115519702 15.24
1525 0.03288525855201245 15.25
1526 0.03292748086542142 15.26
1527 0.03303576495583638 15.27
1528 0.03310176994548888 15.28
1529 0.03323493613580617 15.29
1530 0.03329851864629373 15.3
1531 0.03333934427828476 15.31
1532 0.03339052735574743 15.32
1533 0.0335280767793646 15.33
1534 0.03360832627521299 15.34
1535 0.03357304138926814 15.35
1536 0.03356929803014643 15.36
1537 0.03375127539474031 15.37
1538 0.03394776330918217 15.38
1539 0.03404812560273915 15.39
1540 0.03416198614803503 15.4
1541 0.03417910696627607 15.41
1542 0.03413811824349897 15.42
1543 0.03417693270976794 15.43
1544 0.03426960005468718 15.44
1545 0.03435180716790037 15.45
1546 0.03446330241234738 15.46
1547 0.03449070087980944 15.47
1548 0.03454773087317417 15.48
1549 0.034632616129691 15.49
1550 0.03477249953612035 15.5
1551 0.03483959279451519 15.51
1552 0.03485762616807695 15.52
1553 0.0348372642275039 15.53
1554 0.03485017460655641 15.54
1555 0.03496063305056185 15.55
1556 0.03497957059832944 15.56
1557 0.03500569221842699 15.57
1558 0.03509060756442155 15.58
1559 0.03519576839934146 15.59
1560 0.03529376883879085 15.6
1561 0.03544761493876779 15.61
1562 0.03558228401788138 15.62
1563 0.03571898303854696 15.63
1564 0.03586760029837777 15.64
1565 0.03605953308620582 15.65
1566 0.03623506092050802 15.66
1567 0.03635002259996422 15.67
1568 0.0365250584687381 15.68
1569 0.0367225013863449 15.69
1570 0.03692673736804079 15.7
1571 0.03709863048428764 15.71
1572 0.03723399913522942 15.72
1573 0.03739248889659184 15.73
1574 0.03750991720620152 15.74
1575 0.0376190288187486 15.75
1576 0.03772017985516369 15.76
1577 0.03780106608429507 15.77
1578 0.03788362219724999 15.78
1579 0.03792287360609043 15.79
1580 0.03795574798514491 15.8
1581 0.03803709846744223 15.81
1582 0.03805910010151133 15.82
1583 0.03810753004380132 15.83
1584 0.03813083119010736 15.84
1585 0.03814253981845179 15.85
1586 0.0381614038109496 15.86
1587 0.03820708796030594 15.87
1588 0.03823260781221319 15.88
1589 0.03826812241492646 15.89
1590 0.03831935240543783 15.9
1591 0.03836797606238475 15.91
1592 0.03842956187208673 15.92
1593 0.03848781414250715 15.93
1594 0.03854866317531597 15.94
1595 0.03862173756065958 15.95
1596 0.03874815811869434 15.96
1597 0.03881702908304867 15.97
1598 0.0389341554077728 15.98
1599 0.03902526926097503 15.99
1600 0.03910405467540067 16
1601 0.0391808970691048 16.01
1602 0.03929643117022717 16.02
1603 0.03940062103904005 16.03
1604 0.03950790483577173 16.04
1605 0.03963532624959431 16.05
1606 0.03973684757544219 16.06
1607 0.03984550961324054 16.07
1608 0.03996734205423325 16.08
1609 0.04007221385975238 16.09
1610 0.040175677236579 16.1
1611 0.04025868735455483 16.11
1612 0.04036720756352116 16.12
1613 0.04042408696362269 16.13
1614 0.04049055452114853 16.14
1615 0.04056910870369285 16.15
1616 0.04065461693145323 16.16
1617 0.04072332363856029 16.17
1618 0.04078289299177597 16.18
1619 0.04084577899316083 16.19
1620 0.04090074832657712 16.2
1621 0.04097360998991897 16.21
1622 0.04100718596122187 16.22
1623 0.04099131894951771 16.23
1624 0.04099470830628488 16.24
1625 0.04097105612626758 16.25
1626 0.04095569278983065 16.26
1627 0.04094973203226271 16.27
1628 0.04093702360530314 16.28
1629 0.04092079715028662 16.29
1630 0.04091267644384437 16.3
1631 0.04087082318566454 16.31
1632 0.0408626766936518 16.32
1633 0.04082087959578463 16.33
1634 0.04076596977952988 16.34
1635 0.04074504273674914 16.35
1636 0.04069283620496365 16.36
1637 0.04063676219075442 16.37
1638 0.04058672914875871 16.38
1639 0.04055276451723696 16.39
1640 0.04053581259086247 16.4
1641 0.04052214579438128 16.41
1642 0.04052144046554378 16.42
1643 0.04050969934551659 16.43
1644 0.04048172984733097 16.44
1645 0.04048257347305047 16.45
1646 0.04052273162298597 16.46
1647 0.04057946180400622 16.47
1648 0.04061072703474546 16.48
1649 0.04065964575410373 16.49
1650 0.04070773014359765 16.5
1651 0.04074822159340881 16.51
1652 0.04080752110235108 16.52
1653 0.04089042874132645 16.53
1654 0.04099766317629277 16.54
1655 0.04110121978299436 16.55
1656 0.04119919649525439 16.56
1657 0.04131760395370023 16.57
1658 0.04144094128702958 16.58
1659 0.0415820708577974 16.59
1660 0.04174105986649504 16.6
1661 0.04190145798791827 16.61
1662 0.04206131441464584 16.62
1663 0.04221446133340034 16.63
1664 0.04234487700810022 16.64
1665 0.0424532638867136 16.65
1666 0.04254716653574271 16.66
1667 0.04264512786453389 16.67
1668 0.04270733429509683 16.68
1669 0.04279186778447518 16.69
1670 0.04286056226213411 16.7
1671 0.04297260376778585 16.71
1672 0.04306480628354663 16.72
1673 0.0431263111074849 16.73
1674 0.04318972465424021 16.74
1675 0.04323571591822818 16.75
1676 0.04329925815792571 16.76
1677 0.0433469219940797 16.77
1678 0.04335401357551797 16.78
1679 0.04340621254262236 16.79
1680 0.04341743569076467 16.8
1681 0.04343760077943578 16.81
1682 0.04344729321456132 16.82
1683 0.04342767066523201 16.83
1684 0.04339219096510837 16.84
1685 0.0433719450017635 16.85
1686 0.04332542859180585 16.86
1687 0.04326631031509071 16.87
1688 0.04318979410466165 16.88
1689 0.04307927127146214 16.89
1690 0.0430297254410594 16.9
1691 0.0429673414154161 16.91
1692 0.0428262114789798 16.92
1693 0.04270824735539337 16.93
1694 0.04260397735826525 16.94
1695 0.04246718624562471 16.95
1696 0.04234434088746266 16.96
1697 0.04227724905222909 16.97
1698 0.04216803113840779 16.98
1699 0.04206772911007264 16.99
1700 0.04191660554930005 17
1701 0.04177093883520445 17.01
1702 0.04168609047273213 17.02
1703 0.04156608681226374 17.03
1704 0.04143535879676061 17.04
1705 0.0412318687364867 17.05
1706 0.04105075741585344 17.06
1707 0.0409173330461186 17.07
1708 0.04080355648080354 17.08
1709 0.04065888074108162 17.09
1710 0.04052881962276222 17.1
1711 0.04040623295428144 17.11
1712 0.04028985519914063 17.12
1713 0.04017327812016208 17.13
1714 0.04008339636422101 17.14
1715 0.03994932710019588 17.15
1716 0.03980921499608069 17.16
1717 0.03966207201963971 17.17
1718 0.03950730873515435 17.18
1719 0.03933132138831701 17.19
1720 0.03913977923864167 17.2
1721 0.03892172465539886 17.21
1722 0.03870722975672461 17.22
1723 0.03849000649593918 17.23
1724 0.03829723447840021 17.24
1725 0.03811287612769951 17.25
1726 0.03795719791396599 17.26
1727 0.03781532604646519 17.27
1728 0.03763751569183637 17.28
1729 0.03747221922049618 17.29
1730 0.03729118437266868 17.3
1731 0.03695543318160182 17.31
1732 0.03679934104499302 17.32
1733 0.03662930742786776 17.33
1734 0.03647527433873101 17.34
1735 0.03630252724992487 17.35
1736 0.0361422738621591 17.36
1737 0.0359661527543066 17.37
1738 0.03579480239513538 17.38
1739 0.03568230624958794 17.39
1740 0.03557142679551862 17.4
1741 0.0354212677647075 17.41
1742 0.03526279182877253 17.42
1743 0.03507720238661764 17.43
1744 0.03493835884476371 17.44
1745 0.03481003159985823 17.45
1746 0.03464388791845305 17.46
1747 0.03452573216189164 17.47
1748 0.03445271878727536 17.48
1749 0.03438407566303119 17.49
1750 0.03435600256974262 17.5
1751 0.03434822678932192 17.51
1752 0.03433881683674065 17.52
1753 0.03432388685909542 17.53
1754 0.03428026014858138 17.54
1755 0.03421162560767749 17.55
1756 0.03420965748003283 17.56
1757 0.03414877213435515 17.57
1758 0.03411925910710063 17.58
1759 0.03405292961464955 17.59
1760 0.03400415338535957 17.6
1761 0.03395976304469628 17.61
1762 0.03388531430881515 17.62
1763 0.03383134302090018 17.63
1764 0.03376059798682912 17.64
1765 0.03369302256264222 17.65
1766 0.03366449020489624 17.66
1767 0.03361846690397375 17.67
1768 0.03357061150807241 17.68
1769 0.03354650260251223 17.69
1770 0.03351369081566656 17.7
1771 0.03348280204816757 17.71
1772 0.03339854918512011 17.72
1773 0.03331263923141407 17.73
1774 0.03323920007942902 17.74
1775 0.03316416773052412 17.75
1776 0.03312524530948216 17.76
1777 0.03307021627029383 17.77
1778 0.03298708746570846 17.78
1779 0.03292056551043608 17.79
1780 0.0328618948248327 17.8
1781 0.03277529467472644 17.81
1782 0.03266742048873485 17.82
1783 0.03251003319669443 17.83
1784 0.03236031409415246 17.84
1785 0.03219241434643588 17.85
1786 0.03214775414643716 17.86
1787 0.03203220908937954 17.87
1788 0.03194294247837498 17.88
1789 0.03178522707427805 17.89
1790 0.03167482852518896 17.9
1791 0.03155225429820145 17.91
1792 0.03145031405195026 17.92
1793 0.03136407924006845 17.93
1794 0.0312746333381768 17.94
1795 0.03116588032417765 17.95
1796 0.03104068696154363 17.96
1797 0.03097563449467897 17.97
1798 0.03092845607403626 17.98
1799 0.03091616954357325 17.99
1800 0.03089040847816207 18
1801 0.030846015772104 18.01
1802 0.03081531736975823 18.02
1803 0.03071310962981101 18.03
1804 0.03064726869251035 18.04
1805 0.03055544936434798 18.05
1806 0.03047445654542198 18.06
1807 0.03041369627345311 18.07
1808 0.03036065549072524 18.08
1809 0.03035575572525654 18.09
1810 0.03027003583129077 18.1
1811 0.03020280859079229 18.11
1812 0.0301519158911656 18.12
1813 0.03013026570936724 18.13
1814 0.03011615879177883 18.14
1815 0.0301164855674298 18.15
1816 0.03008277889512713 18.16
1817 0.03004938417679268 18.17
1818 0.03006006120959269 18.18
1819 0.03007778909692197 18.19
1820 0.03010223461631456 18.2
1821 0.03004862471903922 18.21
1822 0.03002365437266568 18.22
1823 0.03002510794133086 18.23
1824 0.03001067034903283 18.24
1825 0.02999135564281075 18.25
1826 0.02999034052282216 18.26
1827 0.02996354725174704 18.27
1828 0.02990995215581362 18.28
1829 0.02987222544528095 18.29
1830 0.02984691098818604 18.3
1831 0.02981001735999075 18.31
1832 0.02979998938991213 18.32
1833 0.02980481401932164 18.33
1834 0.02983222051338842 18.34
1835 0.02983011576928947 18.35
1836 0.02982913551989092 18.36
1837 0.02983150999320966 18.37
1838 0.02983514094166889 18.38
1839 0.02984278009930396 18.39
1840 0.02982511604989812 18.4
1841 0.02978711651475884 18.41
1842 0.02975667076120987 18.42
1843 0.02976796930096759 18.43
1844 0.02977835473234648 18.44
1845 0.02979630254158188 18.45
1846 0.02977170491230272 18.46
1847 0.02975030266078168 18.47
1848 0.02972779305656966 18.48
1849 0.029708046198749 18.49
1850 0.02966437661457718 18.5
1851 0.02961728570203434 18.51
1852 0.0296263007173729 18.52
1853 0.02966397060782096 18.53
1854 0.02972950623838043 18.54
1855 0.02975149699858736 18.55
1856 0.02979472937117497 18.56
1857 0.02985685608591211 18.57
1858 0.02992005270648503 18.58
1859 0.02996798757095102 18.59
1860 0.03002050752852429 18.6
1861 0.03008128390871731 18.61
1862 0.03014677878592585 18.62
1863 0.03020975915778601 18.63
1864 0.03028848206784661 18.64
1865 0.03030880854045303 18.65
1866 0.03038823222506543 18.66
1867 0.03044377556794594 18.67
1868 0.03047635793212202 18.68
1869 0.03055232248064776 18.69
1870 0.03057645560711053 18.7
1871 0.03060650337055053 18.71
1872 0.03063561381922311 18.72
1873 0.03064182032594739 18.73
1874 0.0306291816204647 18.74
1875 0.03064170819413594 18.75
1876 0.03068983957579799 18.76
1877 0.03069815996988363 18.77
1878 0.03071807849825545 18.78
1879 0.03078057812518944 18.79
1880 0.03081392172291612 18.8
1881 0.03080927098986346 18.81
1882 0.0308050188163685 18.82
1883 0.03077570272332696 18.83
1884 0.03082505383489501 18.84
1885 0.03075066336750545 18.85
1886 0.03069942777083372 18.86
1887 0.03067545459196233 18.87
1888 0.03070574836668468 18.88
1889 0.03067110302160203 18.89
1890 0.03064442867675768 18.9
1891 0.03064472736498638 18.91
1892 0.03066465209405828 18.92
1893 0.03069375054309331 18.93
1894 0.03071123565487425 18.94
1895 0.03067169565204604 18.95
1896 0.03066358056014047 18.96
1897 0.03070985715050891 18.97
1898 0.03070292193909228 18.98
1899 0.03073031524838229 18.99
1900 0.03076683004062981 19
1901 0.03076360998321239 19.01
1902 0.03079395259719724 19.02
1903 0.03084279669830843 19.03
1904 0.03090728909857129 19.04
1905 0.03090761412472871 19.05
1906 0.03098136231263314 19.06
1907 0.03104301891545514 19.07
1908 0.03116764722777956 19.08
1909 0.03124801566416156 19.09
1910 0.03133130140674199 19.1
1911 0.03143308156590349 19.11
1912 0.03160734678438998 19.12
1913 0.03181278295603412 19.13
1914 0.0320071466708526 19.14
1915 0.03223795468582522 19.15
1916 0.03247877890313938 19.16
1917 0.03264813020822588 19.17
1918 0.03278766844070914 19.18
1919 0.03302466289933563 19.19
1920 0.03323056950864334 19.2
1921 0.03343871215672868 19.21
1922 0.033652712699208 19.22
1923 0.03388178914638455 19.23
1924 0.03409940485508082 19.24
1925 0.03436708747768921 19.25
1926 0.03460696232877046 19.26
1927 0.03482024649196347 19.27
1928 0.03502610563383642 19.28
1929 0.03521159982458442 19.29
1930 0.03536215693314303 19.3
1931 0.0354872833628224 19.31
1932 0.03561216791721527 19.32
1933 0.03569347369306269 19.33
1934 0.03578075678008501 19.34
1935 0.03584766791429689 19.35
1936 0.03598440260779196 19.36
1937 0.03602870381029828 19.37
1938 0.03608202700528432 19.38
1939 0.0361220146893913 19.39
1940 0.03613549552028414 19.4
1941 0.0361541935365976 19.41
1942 0.03616824800700257 19.42
1943 0.0361824670626337 19.43
1944 0.03619418761937284 19.44
1945 0.03620638656193874 19.45
1946 0.03623143213503658 19.46
1947 0.03626457484859181 19.47
1948 0.03627251152818375 19.48
1949 0.03624069255137669 19.49
1950 0.03621738051014368 19.5
1951 0.03616897880278568 19.51
1952 0.0361166049475661 19.52
1953 0.03608181515984318 19.53
1954 0.03605547472709791 19.54
1955 0.03603276092857633 19.55
1956 0.03601205350557105 19.56
1957 0.03601122163966786 19.57
1958 0.03599550999652905 19.58
1959 0.03600563461132104 19.59
1960 0.0360106242999788 19.6
1961 0.03602114025680461 19.61
1962 0.03603523641421436 19.62
1963 0.03609763740927936 19.63
1964 0.03615492506620401 19.64
1965 0.03623615168103256 19.65
1966 0.0363527841353314 19.66
1967 0.03647039029622148 19.67
1968 0.03655492101374359 19.68
1969 0.03665764975323266 19.69
1970 0.03675095258026057 19.7
1971 0.03685952540459927 19.71
1972 0.03696167090019651 19.72
1973 0.03705071404030634 19.73
1974 0.03714039316440557 19.74
1975 0.0372150326136266 19.75
1976 0.03727743215913413 19.76
1977 0.03732811500634214 19.77
1978 0.03738572940819865 19.78
1979 0.03745085226977291 19.79
1980 0.03753104721868216 19.8
1981 0.03760775943546985 19.81
1982 0.03769337929251247 19.82
1983 0.0377969805591068 19.83
1984 0.03780584304635902 19.84
1985 0.03784655344368856 19.85
1986 0.03790294152996754 19.86
1987 0.03788769081347601 19.87
1988 0.03790264062946066 19.88
1989 0.03789445727055828 19.89
1990 0.03789130474228841 19.9
1991 0.03789730845156879 19.91
1992 0.03791630569621626 19.92
1993 0.03790169095597486 19.93
1994 0.03788503833812835 19.94
1995 0.03790287980851473 19.95
1996 0.03791271657352307 19.96
1997 0.03786004955185251 19.97
1998 0.03783480209303439 19.98
1999 0.03778654151427537 19.99
2000 0.03774546765411965 20
2001 0.03770308988042494 20.01
2002 0.03767516975675214 20.02
2003 0.03764284833686634 20.03
2004 0.03761802460107897 20.04
2005 0.03763784683723547 20.05
2006 0.03762480536999097 20.06
2007 0.03760734230708035 20.07
2008 0.03759624915746539 20.08
2009 0.0376040949588487 20.09
2010 0.03764070962274219 20.1
2011 0.03772228913041051 20.11
2012 0.03779093437247967 20.12
2013 0.03784973046016085 20.13
2014 0.03791354868557134 20.14
2015 0.03793721560391273 20.15
2016 0.03800773850132838 20.16
2017 0.03806125385653657 20.17
2018 0.0381426834268812 20.18
2019 0.03822452738197962 20.19
2020 0.03829240355068036 20.2
2021 0.03835475844548418 20.21
2022 0.0384122037256 20.22
2023 0.03846290422833119 20.23
2024 0.03849499285892019 20.24
2025 0.03855821805813491 20.25
2026 0.03864604311524008 20.26
2027 0.03873688907363705 20.27
2028 0.0388611312433115 20.28
2029 0.0390157332000763 20.29
2030 0.03913670989419903 20.3
2031 0.03926240444280551 20.31
2032 0.03938414596699129 20.32
2033 0.03948857498962181 20.33
2034 0.03962800449871973 20.34
2035 0.03974014098925038 20.35
2036 0.03985356700203602 20.36
2037 0.03996000100230521 20.37
2038 0.04007638392387968 20.38
2039 0.04017539990034572 20.39
2040 0.04028700365409675 20.4
2041 0.04038289586335288 20.41
2042 0.04045044789487871 20.42
2043 0.04051538161494114 20.43
2044 0.04062015032533427 20.44
2045 0.04071257418572314 20.45
2046 0.04082488693665516 20.46
2047 0.04091393773581133 20.47
2048 0.04104750468123307 20.48
2049 0.04113649344033388 20.49
2050 0.04123104432028425 20.5
2051 0.04133385783727999 20.51
2052 0.04143518711568241 20.52
2053 0.04155134676134792 20.53
2054 0.04163926841739122 20.54
2055 0.04172797108459035 20.55
2056 0.04180483246440227 20.56
2057 0.04192533025757783 20.57
2058 0.04204088107546228 20.58
2059 0.04215441599693316 20.59
2060 0.04226445901807357 20.6
2061 0.04234532588297651 20.61
2062 0.04240108351785125 20.62
2063 0.04245678321868075 20.63
2064 0.04251489042328548 20.64
2065 0.04255923792748492 20.65
2066 0.04262277626624139 20.66
2067 0.04272114246650924 20.67
2068 0.04282705526796209 20.68
2069 0.04294156112683978 20.69
2070 0.04304320571241842 20.7
2071 0.04311074988531016 20.71
2072 0.04314441876986845 20.72
2073 0.04314167524948623 20.73
2074 0.04313216575928543 20.74
2075 0.0431150014063077 20.75
2076 0.04311026105485154 20.76
2077 0.0430976979376239 20.77
2078 0.04307920748034657 20.78
2079 0.0430866852184086 20.79
2080 0.04305042283018481 20.8
2081 0.04304138165627631 20.81
2082 0.04302300108089315 20.82
2083 0.04302876041656284 20.83
2084 0.04303544887453602 20.84
2085 0.04307317215104621 20.85
2086 0.04310147321070941 20.86
2087 0.04309326812901976 20.87
2088 0.04308137555304505 20.88
2089 0.04307237642343639 20.89
2090 0.04303701425618106 20.9
2091 0.04301282077822088 20.91
2092 0.04295107712408307 20.92
2093 0.04287767802220242 20.93
2094 0.0427950775253936 20.94
2095 0.04271698760460675 20.95
2096 0.04268559435905629 20.96
2097 0.0426301155937072 20.97
2098 0.04255852177326306 20.98
2099 0.04250870352947206 20.99
2100 0.04246195434332158 21
2101 0.04240474977664495 21.01
2102 0.04233158036199204 21.02
2103 0.04231744437396873 21.03
2104 0.04222525397679849 21.04
2105 0.04216000950550238 21.05
2106 0.04210596608003363 21.06
2107 0.04203164023655841 21.07
2108 0.04197622030148446 21.08
2109 0.04190418715322867 21.09
2110 0.04183721177900464 21.1
2111 0.04174119949483406 21.11
2112 0.04160808387761523 21.12
2113 0.04149872705928129 21.13
2114 0.04138528247166774 21.14
2115 0.04127267725886304 21.15
2116 0.04111663611588821 21.16
2117 0.04095917035430242 21.17
2118 0.04080402606539453 21.18
2119 0.04061796681489142 21.19
2120 0.0404290488142226 21.2
2121 0.040244618842259 21.21
2122 0.04005189603822354 21.22
2123 0.03985828279702903 21.23
2124 0.03967192066054668 21.24
2125 0.03948475302828601 21.25
2126 0.03929242060551236 21.26
2127 0.03910147454857436 21.27
2128 0.03889988590586298 21.28
2129 0.03869443821871843 21.29
2130 0.03848002262694093 21.3
2131 0.03825430155186819 21.31
2132 0.03801856923794068 21.32
2133 0.03782560672487029 21.33
2134 0.03761296630940576 21.34
2135 0.0373963630067518 21.35
2136 0.03719631448098813 21.36
2137 0.03698924677300657 21.37
2138 0.03679172656620237 21.38
2139 0.03656540057089867 21.39
2140 0.03634726538829396 21.4
2141 0.03609641371326378 21.41
2142 0.03586056702316478 21.42
2143 0.0356675647906876 21.43
2144 0.0354871920639255 21.44
2145 0.03528078018297095 21.45
2146 0.03509598108368554 21.46
2147 0.03493379027162782 21.47
2148 0.03473139343296657 21.48
2149 0.03455435517268659 21.49
2150 0.0343467176127235 21.5
2151 0.03419672638926943 21.51
2152 0.0340664992556887 21.52
2153 0.03391273304566835 21.53
2154 0.03380671524548713 21.54
2155 0.03369268809754266 21.55
2156 0.03357910559746569 21.56
2157 0.03347911665123462 21.57
2158 0.03336896641058903 21.58
2159 0.03328626037417428 21.59
2160 0.03321876352449284 21.6
2161 0.03314535341071271 21.61
2162 0.03305585602019969 21.62
2163 0.03298855125451759 21.63
2164 0.0329506703769871 21.64
2165 0.03290652165465897 21.65
2166 0.03285427349195499 21.66
2167 0.032846507096286 21.67
2168 0.03286064922783005 21.68
2169 0.03282046467325825 21.69
2170 0.03284695383701219 21.7
2171 0.03283854442451532 21.71
2172 0.03287850597058126 21.72
2173 0.03290037505693249 21.73
2174 0.03295379613117003 21.74
2175 0.03296907830354335 21.75
2176 0.0329984611018225 21.76
2177 0.03308241084244506 21.77
2178 0.03313133175322706 21.78
2179 0.03320828828277176 21.79
2180 0.03326439752755292 21.8
2181 0.033338289841473 21.81
2182 0.03335311407910863 21.82
2183 0.03342996698009767 21.83
2184 0.03342132498777975 21.84
2185 0.03348653448700298 21.85
2186 0.03349562282781961 21.86
2187 0.03353541546827966 21.87
2188 0.03352333253874226 21.88
2189 0.03355933445692223 21.89
2190 0.03357712230147294 21.9
2191 0.03355872133924456 21.91
2192 0.03357220842530836 21.92
2193 0.03354048132254124 21.93
2194 0.03349403195720931 21.94
2195 0.03344189964154707 21.95
2196 0.03337077935032574 21.96
2197 0.0332954295215037 21.97
2198 0.033256391280707 21.98
2199 0.03320167697083034 21.99
2200 0.03316344902276638 22
2201 0.03307560574441683 22.01
2202 0.03302551968442711 22.02
2203 0.03297872401939225 22.03
2204 0.03289073576506883 22.04
2205 0.0327811891699042 22.05
2206 0.03265813348161098 22.06
2207 0.03258385794856881 22.07
2208 0.03249712827809025 22.08
2209 0.03236627118502031 22.09
2210 0.03225733598467787 22.1
2211 0.03216318027736831 22.11
2212 0.03206811234630107 22.12
2213 0.03198828999819731 22.13
2214 0.03183129961380216 22.14
2215 0.03171621143281628 22.15
2216 0.03163730863018194 22.16
2217 0.03147767741958728 22.17
2218 0.03136441160506957 22.18
2219 0.03121442863677616 22.19
2220 0.03111577237181178 22.2
2221 0.03094709448269346 22.21
2222 0.0308184104636073 22.22
2223 0.03077294450610457 22.23
2224 0.03070000983714763 22.24
2225 0.03057157651620378 22.25
2226 0.03043728332996725 22.26
2227 0.03035817429625484 22.27
2228 0.03030571035054933 22.28
2229 0.03021734808773524 22.29
2230 0.030147586255598 22.3
2231 0.03005350158587928 22.31
2232 0.02996275170801652 22.32
2233 0.02985795851303905 22.33
2234 0.0297419129960977 22.34
2235 0.02967081550006668 22.35
2236 0.02952707941038731 22.36
2237 0.0294646013684364 22.37
2238 0.02941829053216887 22.38
2239 0.02938125917085123 22.39
2240 0.02932463138995414 22.4
2241 0.02931464095315493 22.41
2242 0.02929799623731136 22.42
2243 0.02926190702765209 22.43
2244 0.02921457067814816 22.44
2245 0.02913714343564285 22.45
2246 0.02905901893626591 22.46
2247 0.02900379698787043 22.47
2248 0.02896300554432939 22.48
2249 0.02890712689987342 22.49
2250 0.02886632965804034 22.5
2251 0.0288380907985034 22.51
2252 0.0287897119637614 22.52
2253 0.02878179977164945 22.53
2254 0.02879868153302442 22.54
2255 0.02881584504673825 22.55
2256 0.02881417651297262 22.56
2257 0.02883493847915401 22.57
2258 0.02887636616527162 22.58
2259 0.02886997888865194 22.59
2260 0.02889651530882385 22.6
2261 0.02891723733612105 22.61
2262 0.02893170577722844 22.62
2263 0.02894005462312587 22.63
2264 0.02895047598747172 22.64
2265 0.02897522328847495 22.65
2266 0.02896041880198221 22.66
2267 0.0289453030697749 22.67
2268 0.02892888123274179 22.68
2269 0.02894467630490277 22.69
2270 0.02898664058580973 22.7
2271 0.02905171926589127 22.71
2272 0.02912374219303787 22.72
2273 0.02918618980898276 22.73
2274 0.02925303291633814 22.74
2275 0.02930022191562263 22.75
2276 0.029314915702703 22.76
2277 0.02934030932865826 22.77
2278 0.02937444943837923 22.78
2279 0.02941509934446523 22.79
2280 0.02942426088323925 22.8
2281 0.02949848853279158 22.81
2282 0.0295478486692343 22.82
2283 0.02957943049549262 22.83
2284 0.02959368538370164 22.84
2285 0.02965117344399039 22.85
2286 0.02970213059660219 22.86
2287 0.02973392237521676 22.87
2288 0.02981822929297752 22.88
2289 0.02988484088766282 22.89
2290 0.0299451276261645 22.9
2291 0.03001285820474358 22.91
2292 0.03006721525861106 22.92
2293 0.03013032145442051 22.93
2294 0.03021562425730487 22.94
2295 0.03032361375363616 22.95
2296 0.03044326304930725 22.96
2297 0.03054579218566983 22.97
2298 0.03065890074200239 22.98
2299 0.03073654016706946 22.99
2300 0.03077978944971862 23
2301 0.03088727947022757 23.01
2302 0.03097003478711762 23.02
2303 0.03105150393481443 23.03
2304 0.03108179477662584 23.04
2305 0.03118064950734747 23.05
2306 0.0312235207859066 23.06
2307 0.03126673491926563 23.07
2308 0.031324802604875 23.08
2309 0.03140104036575397 23.09
2310 0.03147955112786867 23.1
2311 0.03153968196745 23.11
2312 0.03160195039959841 23.12
2313 0.03170876886208292 23.13
2314 0.03180875430404347 23.14
2315 0.03189972634620304 23.15
2316 0.03191662369263624 23.16
2317 0.03196470209681945 23.17
2318 0.03206973675772556 23.18
2319 0.03217853599199995 23.19
2320 0.03228258463459833 23.2
2321 0.0323382828724955 23.21
2322 0.03243454425328874 23.22
2323 0.03251272943967008 23.23
2324 0.03259752793549781 23.24
2325 0.03265635526365391 23.25
2326 0.03269691958166376 23.26
2327 0.03274851314132478 23.27
2328 0.03275221304757411 23.28
2329 0.03276097923261344 23.29
2330 0.03270486177380134 23.3
2331 0.03269547787391438 23.31
2332 0.0326885959254622 23.32
2333 0.0327233751298036 23.33
2334 0.03275358953736099 23.34
2335 0.03277450367686578 23.35
2336 0.03274489174192761 23.36
2337 0.03286620941713875 23.37
2338 0.03294784833752671 23.38
2339 0.03298738705721394 23.39
2340 0.03308758179637034 23.4
2341 0.0331687964500886 23.41
2342 0.03323672185637858 23.42
2343 0.03328117276488317 23.43
2344 0.03330712628635949 23.44
2345 0.03325580544170997 23.45
2346 0.03323252084014512 23.46
2347 0.03328632029751336 23.47
2348 0.03336839195267517 23.48
2349 0.03340554135225174 23.49
2350 0.03343222450792227 23.5
2351 0.03343101557518691 23.51
2352 0.0334418274838665 23.52
2353 0.033476274855095 23.53
2354 0.03351466857264736 23.54
2355 0.03348129974578738 23.55
2356 0.03350172251639891 23.56
2357 0.03351661578137831 23.57
2358 0.03354845243707711 23.58
2359 0.03363692279671062 23.59
2360 0.03368270367035198 23.6
2361 0.03372731131115915 23.61
2362 0.03377479896067646 23.62
2363 0.0338335760521957 23.63
2364 0.03392265506720521 23.64
2365 0.03395304539847608 23.65
2366 0.03396855332385553 23.66
2367 0.03397688883273014 23.67
2368 0.03395308510813327 23.68
2369 0.03390487741992024 23.69
2370 0.03390296453043092 23.7
2371 0.03391788000508072 23.71
2372 0.03389900654308398 23.72
2373 0.03393178520010352 23.73
2374 0.03393030664741057 23.74
2375 0.03395217331396289 23.75
2376 0.03395497540806505 23.76
2377 0.03395371440745271 23.77
2378 0.03390886696385507 23.78
2379 0.03388629803152381 23.79
2380 0.03386677747611475 23.8
2381 0.03385024717462234 23.81
2382 0.03386350910054161 23.82
2383 0.03386166174225173 23.83
2384 0.03383404489715229 23.84
2385 0.03380197557593308 23.85
2386 0.03375740776426102 23.86
2387 0.03374429689074469 23.87
2388 0.03373849525196259 23.88
2389 0.03371646693545886 23.89
2390 0.03369631361263169 23.9
2391 0.03368437507808129 23.91
2392 0.03366797302923837 23.92
2393 0.03362425932109515 23.93
2394 0.03362385319961078 23.94
2395 0.03357415028923718 23.95
2396 0.03350733088660892 23.96
2397 0.03346322388251353 23.97
2398 0.03343577564467661 23.98
2399 0.03339219584431804 23.99
2400 0.03334279031415444 24
2401 0.03323274990712772 24.01
2402 0.03314681421522683 24.02
2403 0.03308244549282091 24.03
2404 0.03301638897400937 24.04
2405 0.03302697201618134 24.05
2406 0.0330255833016778 24.06
2407 0.03306067016596306 24.07
2408 0.03303831601095005 24.08
2409 0.0330232574480097 24.09
2410 0.03294802256283788 24.1
2411 0.03291419088807037 24.11
2412 0.03290137273091923 24.12
2413 0.03287673056919831 24.13
2414 0.03287306191347484 24.14
2415 0.0328399168752002 24.15
2416 0.03280029860122273 24.16
2417 0.03277985110849293 24.17
2418 0.03276746144764874 24.18
2419 0.03273472435691052 24.19
2420 0.03267790155261781 24.2
2421 0.03267560184379833 24.21
2422 0.03266118079718081 24.22
2423 0.03264648925121391 24.23
2424 0.03266588724604647 24.24
2425 0.03268446094445325 24.25
2426 0.03269652606336339 24.26
2427 0.03271999371963917 24.27
2428 0.03275733099207755 24.28
2429 0.03277389151263298 24.29
2430 0.03279765582671462 24.3
2431 0.03280846910509175 24.31
2432 0.03278701434612458 24.32
2433 0.03279189230935479 24.33
2434 0.03278769634832774 24.34
2435 0.03279454580154621 24.35
2436 0.0328530922657537 24.36
2437 0.03285898442747054 24.37
2438 0.03289189423291716 24.38
2439 0.03291039696006777 24.39
2440 0.03290228492307946 24.4
2441 0.03290728186771311 24.41
2442 0.03289612234446222 24.42
2443 0.03289610534872693 24.43
2444 0.03289602243905978 24.44
2445 0.03293851815964474 24.45
2446 0.03295568371910868 24.46
2447 0.03296188554508019 24.47
2448 0.03298076298958698 24.48
2449 0.0330176278722015 24.49
2450 0.03305003969548156 24.5
2451 0.03304400407610814 24.51
2452 0.03302490854681026 24.52
2453 0.03303032906927781 24.53
2454 0.03308002294277333 24.54
2455 0.03311613995700138 24.55
2456 0.033146567525324 24.56
2457 0.03312841966931915 24.57
2458 0.033087684204427 24.58
2459 0.03303871958322345 24.59
2460 0.03297738135433151 24.6
2461 0.03293177530446804 24.61
2462 0.03286997289995725 24.62
2463 0.03282595413723227 24.63
2464 0.03274159272912026 24.64
2465 0.03268016607903879 24.65
2466 0.03264604215327733 24.66
2467 0.03267197437152267 24.67
2468 0.03266535893513803 24.68
2469 0.03266026931700766 24.69
2470 0.03266393736101736 24.7
2471 0.03265816480948851 24.71
2472 0.03263814945966299 24.72
2473 0.03256765568710186 24.73
2474 0.03248164893414259 24.74
2475 0.03239635481677747 24.75
2476 0.03230364180625547 24.76
2477 0.03222398391705512 24.77
2478 0.03217706901373253 24.78
2479 0.03219358426005318 24.79
2480 0.03217341830946898 24.8
2481 0.03216486846885653 24.81
2482 0.03216196260154575 24.82
2483 0.03216846382758912 24.83
2484 0.032155655424854 24.84
2485 0.03214663189981305 24.85
2486 0.03215431627864907 24.86
2487 0.03216074613076798 24.87
2488 0.03214203963971297 24.88
2489 0.03213144995951159 24.89
2490 0.03210215714406981 24.9
2491 0.032074299604355 24.91
2492 0.03204027934296905 24.92
2493 0.03206094413092014 24.93
2494 0.03209825048810193 24.94
2495 0.03212093787857532 24.95
2496 0.03217212540377962 24.96
2497 0.03222494685807874 24.97
2498 0.03228290835431091 24.98
2499 0.03233667783805756 24.99
2500 0.03238194377779169 25
2501 0.03247976429886225 25.01
2502 0.03252783801164355 25.02
2503 0.03261062271245461 25.03
2504 0.03266356614396652 25.04
2505 0.03273979233584911 25.05
2506 0.03278814790161097 25.06
2507 0.03289591668729672 25.07
2508 0.03301081237383768 25.08
2509 0.03315529562042819 25.09
2510 0.03328464324022316 25.1
2511 0.03344142818168331 25.11
2512 0.03358507040045838 25.12
2513 0.03373079361116815 25.13
2514 0.03387311825666799 25.14
2515 0.03396458569188403 25.15
2516 0.03403102860839689 25.16
2517 0.03413582067931541 25.17
2518 0.03423105964602562 25.18
2519 0.03432415307428196 25.19
2520 0.03439370742348675 25.2
2521 0.03446477801888468 25.21
2522 0.03451046753864451 25.22
2523 0.03453840185820324 25.23
2524 0.0345449444870491 25.24
2525 0.0345511541681012 25.25
2526 0.03458010682708092 25.26
2527 0.03458641521941155 25.27
2528 0.03457911741567708 25.28
2529 0.03457451388872861 25.29
2530 0.03454760067172217 25.3
2531 0.03448320986652358 25.31
2532 0.03444242801779412 25.32
2533 0.03439464209269444 25.33
2534 0.03429038234404854 25.34
2535 0.03425762769320505 25.35
2536 0.03418802468739767 25.36
2537 0.03414427082243073 25.37
2538 0.0340794283945969 25.38
2539 0.03403629978244626 25.39
2540 0.03398685945620644 25.4
2541 0.03396790484275133 25.41
2542 0.03388610295371313 25.42
2543 0.03375924976324581 25.43
2544 0.03367605861080031 25.44
2545 0.03357654870974922 25.45
2546 0.03339977357547372 25.46
2547 0.03329431165888005 25.47
2548 0.03322031479985545 25.48
2549 0.03303883857188542 25.49
2550 0.03295162661301428 25.5
2551 0.03282179603666598 25.51
2552 0.03275336260366602 25.52
2553 0.03256325745236952 25.53
2554 0.03244413220314882 25.54
2555 0.03226860989909606 25.55
2556 0.03220846328338636 25.56
2557 0.03215784425350746 25.57
2558 0.03210301881250661 25.58
2559 0.03197455487195567 25.59
2560 0.03187403883296649 25.6
2561 0.03170553560678738 25.61
2562 0.03157402634542759 25.62
2563 0.03150816795155036 25.63
2564 0.03134283189214689 25.64
2565 0.03122108004827078 25.65
2566 0.03112055914345928 25.66
2567 0.03108372392212587 25.67
2568 0.03105365666204676 25.68
2569 0.03106658639727727 25.69
2570 0.03107985232376188 25.7
2571 0.03116251521185711 25.71
2572 0.03123282502143025 25.72
2573 0.03125845268338669 25.73
2574 0.03122449126742632 25.74
2575 0.03126583603948555 25.75
2576 0.03125108832960216 25.76
2577 0.0312539843379173 25.77
2578 0.03129629879670896 25.78
2579 0.03141111765451877 25.79
2580 0.03154956929887505 25.8
2581 0.03167354187732956 25.81
2582 0.03182939622675442 25.82
2583 0.03196937044920205 25.83
2584 0.03222343249206384 25.84
2585 0.03235628560704611 25.85
2586 0.03261515312383766 25.86
2587 0.03291665269744914 25.87
2588 0.03321742128789299 25.88
2589 0.03360753985479416 25.89
2590 0.03384018784508073 25.9
2591 0.03411930113883737 25.91
2592 0.03436245183791259 25.92
2593 0.03470396029139544 25.93
2594 0.0350398681479748 25.94
2595 0.03526407208781046 25.95
2596 0.03554939825299011 25.96
2597 0.03584603811242627 25.97
2598 0.03616099150472187 25.98
2599 0.03650771768689489 25.99
2600 0.036788380600763 26
2601 0.03709451015887697 26.01
2602 0.03753630822579124 26.02
2603 0.03782285410772818 26.03
2604 0.03812213203613311 26.04
2605 0.03851612832735659 26.05
2606 0.0388494854184258 26.06
2607 0.03920853958269889 26.07
2608 0.03948126380247911 26.08
2609 0.03986104601396229 26.09
2610 0.04011061540388479 26.1
2611 0.04040132452912187 26.11
2612 0.04084344767463728 26.12
2613 0.04115509992101956 26.13
2614 0.04137110945984787 26.14
2615 0.04157684120775917 26.15
2616 0.04171379595446458 26.16
2617 0.0418514716635997 26.17
2618 0.04214066444203249 26.18
2619 0.04230008947647276 26.19
2620 0.04247986904875298 26.2
2621 0.04255512685177425 26.21
2622 0.04262283916199226 26.22
2623 0.04272580117495597 26.23
2624 0.04273132807379679 26.24
2625 0.04287930246112797 26.25
2626 0.04289164346791846 26.26
2627 0.04293126934955053 26.27
2628 0.04295927100254219 26.28
2629 0.04287390078749415 26.29
2630 0.0427367482359642 26.3
2631 0.04254452457579577 26.31
2632 0.04239382174671698 26.32
2633 0.04228218043486095 26.33
2634 0.04204979987499148 26.34
2635 0.04175726060311176 26.35
2636 0.04135272464616417 26.36
2637 0.04103111034779943 26.37
2638 0.04068978667726999 26.38
2639 0.04041043327270749 26.39
2640 0.04014752742558893 26.4
2641 0.03986467742811867 26.41
2642 0.03957212223912548 26.42
2643 0.03934929835120865 26.43
2644 0.03912519821689128 26.44
2645 0.03866153118037235 26.45
2646 0.03811904445617705 26.46
2647 0.03774963191546221 26.47
2648 0.03737477987658876 26.48
2649 0.03705923012015025 26.49
2650 0.03675592980285446 26.5
2651 0.03653916747631506 26.51
2652 0.03637304305809844 26.52
2653 0.03614292420597442 26.53
2654 0.03597388337368584 26.54
2655 0.03579935849225023 26.55
2656 0.03572685747679849 26.56
2657 0.03554397077966698 26.57
2658 0.03540207464167585 26.58
2659 0.03532421025981897 26.59
2660 0.03531504469602102 26.6
2661 0.03520805486119351 26.61
2662 0.0352298709377957 26.62
2663 0.03523271187801467 26.63
2664 0.03526140038994325 26.64
2665 0.03522885683175295 26.65
2666 0.03538508472348167 26.66
2667 0.03552378965468928 26.67
2668 0.03555318664265015 26.68
2669 0.03557699459570734 26.69
2670 0.03566851573152141 26.7
2671 0.03567091270282812 26.71
2672 0.03572144781225148 26.72
2673 0.03581929409628044 26.73
2674 0.03585218831151255 26.74
2675 0.03593667291107024 26.75
2676 0.03592730821813674 26.76
2677 0.03595588891068978 26.77
2678 0.0359841006477459 26.78
2679 0.03597574609622318 26.79
2680 0.03592565035619104 26.8
2681 0.03586883176630647 26.81
2682 0.0359637319521653 26.82
2683 0.03585577159680909 26.83
2684 0.03578384403541485 26.84
2685 0.03567406343099364 26.85
2686 0.03566357719250649 26.86
2687 0.03560681278430197 26.87
2688 0.03568534055309848 26.88
2689 0.0356689565884242 26.89
2690 0.03565232895506516 26.9
2691 0.03574977830421285 26.91
2692 0.03574916435811281 26.92
2693 0.03574302449274444 26.93
2694 0.03581260714804825 26.94
2695 0.03590052229705244 26.95
2696 0.03593710525529103 26.96
2697 0.03604602263340145 26.97
2698 0.03616018720225993 26.98
2699 0.03629493384614679 26.99
2700 0.03647776418588828 27
2701 0.03665025830064281 27.01
2702 0.03669430248810442 27.02
2703 0.0367491845336464 27.03
2704 0.0367117353668818 27.04
2705 0.0367886965272706 27.05
2706 0.0368644325238764 27.06
2707 0.03703279191324551 27.07
2708 0.03722312055827903 27.08
2709 0.03743998878399635 27.09
2710 0.03759883996829344 27.1
2711 0.03779156647882649 27.11
2712 0.03784984233049635 27.12
2713 0.03790731749945714 27.13
2714 0.03789614557004159 27.14
2715 0.03776617102550785 27.15
2716 0.03760822715503018 27.16
2717 0.03740480816100291 27.17
2718 0.03715402866825698 27.18
2719 0.03686646217392912 27.19
2720 0.03676311289610475 27.2
2721 0.03659118693357125 27.21
2722 0.03640694140467005 27.22
2723 0.03621580710540751 27.23
2724 0.03605366872874749 27.24
2725 0.03584555150113462 27.25
2726 0.03559385931070862 27.26
2727 0.03535211326748674 27.27
2728 0.03510294739028327 27.28
2729 0.03489541681651929 27.29
2730 0.03465755158218974 27.3
2731 0.034482241357264 27.31
2732 0.03442983528291756 27.32
2733 0.03405193993337741 27.33
2734 0.03382726920428441 27.34
2735 0.03358546574879007 27.35
2736 0.03339898047074789 27.36
2737 0.03320390988610784 27.37
2738 0.03302450143258574 27.38
2739 0.03277773367596901 27.39
2740 0.0325848528362626 27.4
2741 0.032439572431842 27.41
2742 0.03220469507990274 27.42
2743 0.03207442947084524 27.43
2744 0.03194154727867755 27.44
2745 0.03186641500693328 27.45
2746 0.03177458590835969 27.46
2747 0.03177602417395045 27.47
2748 0.0317569957409472 27.48
2749 0.03181109390024263 27.49
2750 0.03185927485889711 27.5
2751 0.03197520453119165 27.51
2752 0.03203388349074432 27.52
2753 0.0321512721814262 27.53
2754 0.03227530035579648 27.54
2755 0.03231324857587088 27.55
2756 0.03232353834280081 27.56
2757 0.03237927463201093 27.57
2758 0.03242340503981508 27.58
2759 0.0324951387685669 27.59
2760 0.03274150672214862 27.6
2761 0.0328071775694277 27.61
2762 0.03287816350698718 27.62
2763 0.03300644145270498 27.63
2764 0.0333302786174489 27.64
2765 0.03362572141571357 27.65
2766 0.03393729443495624 27.66
2767 0.03438239216330776 27.67
2768 0.03467144003078872 27.68
2769 0.03501462792172453 27.69
2770 0.03529890905484496 27.7
2771 0.03551668356022971 27.71
2772 0.03575773406426246 27.72
2773 0.03597383763697334 27.73
2774 0.0361728592042462 27.74
2775 0.03644595091318213 27.75
2776 0.03667158251700327 27.76
2777 0.03690206926595994 27.77
2778 0.0372187116685169 27.78
2779 0.03755087208419083 27.79
2780 0.03792305276424774 27.8
2781 0.03830846969680397 27.81
2782 0.03865107341998252 27.82
2783 0.0389879020455646 27.83
2784 0.03932976832652998 27.84
2785 0.03958630058993771 27.85
2786 0.03986623275411591 27.86
2787 0.04004860828738772 27.87
2788 0.0403040174044622 27.88
2789 0.04038250588506782 27.89
2790 0.04054042515972405 27.9
2791 0.04051075308775291 27.91
2792 0.04058537488772175 27.92
2793 0.04058146867328444 27.93
2794 0.04056428022749229 27.94
2795 0.04051688663992097 27.95
2796 0.04056438266815959 27.96
2797 0.0405437773691234 27.97
2798 0.04038889245628598 27.98
2799 0.04029057061764356 27.99
2800 0.04005002271313982 28
2801 0.0399051646671203 28.01
2802 0.03976823872969378 28.02
2803 0.0394386380476324 28.03
2804 0.0391386266087629 28.04
2805 0.03888525329914402 28.05
2806 0.03853018695233577 28.06
2807 0.03818408772581365 28.07
2808 0.03791420364178816 28.08
2809 0.03772479722858014 28.09
2810 0.03730527137755784 28.1
2811 0.03698722396503748 28.11
2812 0.03670638766412768 28.12
2813 0.03639400563663918 28.13
2814 0.03611797410731608 28.14
2815 0.03583587107144711 28.15
2816 0.03561113910078329 28.16
2817 0.03537636237366107 28.17
2818 0.0351844784593781 28.18
2819 0.03506560833864383 28.19
2820 0.03497049859611701 28.2
2821 0.03480857303612538 28.21
2822 0.03462355680723008 28.22
2823 0.03441933927514043 28.23
2824 0.03427317792924342 28.24
2825 0.03415995723602622 28.25
2826 0.03413179633573015 28.26
2827 0.03417318056702151 28.27
2828 0.03424540640177019 28.28
2829 0.03433841126138748 28.29
2830 0.03442323876665579 28.3
2831 0.03449498022394482 28.31
2832 0.03461234568856783 28.32
2833 0.03468149544635845 28.33
2834 0.03475985174398381 28.34
2835 0.03479988948376946 28.35
2836 0.03497267102086871 28.36
2837 0.03512067820311171 28.37
2838 0.03533650900544358 28.38
2839 0.03546124733376496 28.39
2840 0.0356774562866624 28.4
2841 0.03590592823300084 28.41
2842 0.03623023871786211 28.42
2843 0.03645834380518153 28.43
2844 0.03685640327483455 28.44
2845 0.03715154516889895 28.45
2846 0.03742374624107739 28.46
2847 0.03777194611642876 28.47
2848 0.03808584550021553 28.48
2849 0.03836378930921903 28.49
2850 0.03880778609713352 28.5
2851 0.03923419542406429 28.51
2852 0.03953876667667737 28.52
2853 0.03995129997646536 28.53
2854 0.04033351050152656 28.54
2855 0.04061936107374298 28.55
2856 0.04099579410071796 28.56
2857 0.04123623434436697 28.57
2858 0.04159782079326211 28.58
2859 0.04185471355917256 28.59
2860 0.04231253236740713 28.6
2861 0.04261004748030726 28.61
2862 0.04304289684304808 28.62
2863 0.04324474692044209 28.63
2864 0.04348967011073042 28.64
2865 0.04360313886585179 28.65
2866 0.04380144827660336 28.66
2867 0.04387031324788283 28.67
2868 0.04397041858126817 28.68
2869 0.04416579145954699 28.69
2870 0.04426534922158075 28.7
2871 0.04430112019188343 28.71
2872 0.0444537108892898 28.72
2873 0.04453978218409017 28.73
2874 0.04456046030484188 28.74
2875 0.04456424258871391 28.75
2876 0.04458846537701387 28.76
2877 0.04454835723516483 28.77
2878 0.04440753386151448 28.78
2879 0.04431350022258682 28.79
2880 0.04418926993691146 28.8
2881 0.04408157022396109 28.81
2882 0.04386770953919909 28.82
2883 0.04381624590995773 28.83
2884 0.04372051716555229 28.84
2885 0.04360298202355924 28.85
2886 0.04344117948496442 28.86
2887 0.04330457657065589 28.87
2888 0.04316576829653102 28.88
2889 0.04306539364363433 28.89
2890 0.04285306124735157 28.9
2891 0.04276906058608037 28.91
2892 0.04272380612353611 28.92
2893 0.04265088188904945 28.93
2894 0.04252580448664496 28.94
2895 0.04241084241701434 28.95
2896 0.04234932184888693 28.96
2897 0.0421926076770494 28.97
2898 0.04209218294065308 28.98
2899 0.04193523814427765 28.99
2900 0.04185709789382496 29
2901 0.04165603494458697 29.01
2902 0.04153303969361678 29.02
2903 0.04132642540356919 29.03
2904 0.04120959468930164 29.04
2905 0.04103309827117563 29.05
2906 0.04096093154867905 29.06
2907 0.04083471805585233 29.07
2908 0.04075225724209151 29.08
2909 0.04069545705499671 29.09
2910 0.04056053080695912 29.1
2911 0.04046522375584456 29.11
2912 0.04044182930611982 29.12
2913 0.04033092265395247 29.13
2914 0.04023295943317714 29.14
2915 0.04011594927219397 29.15
2916 0.03987185649467764 29.16
2917 0.03970722503333222 29.17
2918 0.03950776943817223 29.18
2919 0.03929616658006874 29.19
2920 0.03914611479083956 29.2
2921 0.03896303218372296 29.21
2922 0.03873725548960952 29.22
2923 0.03861424355707336 29.23
2924 0.03843469121052836 29.24
2925 0.03811703634394025 29.25
2926 0.03793178059948413 29.26
2927 0.03767325598979055 29.27
2928 0.03748292422758288 29.28
2929 0.03716791295230396 29.29
2930 0.0369861850934506 29.3
2931 0.03666990466797117 29.31
2932 0.03641848903324007 29.32
2933 0.03617608970061452 29.33
2934 0.03582154950777649 29.34
2935 0.03564162683676991 29.35
2936 0.03538866234731235 29.36
2937 0.03501005699087591 29.37
2938 0.03475646371772542 29.38
2939 0.03452357345095292 29.39
2940 0.03417326604167846 29.4
2941 0.03397364161547448 29.41
2942 0.03379389535611683 29.42
2943 0.03348633207260834 29.43
2944 0.03330905728353606 29.44
2945 0.03309562154315026 29.45
2946 0.03284772209155641 29.46
2947 0.03271424397090008 29.47
2948 0.03260092522586339 29.48
2949 0.03253247884401644 29.49
2950 0.03237508619291988 29.5
2951 0.03231939666420994 29.51
2952 0.03226286954095227 29.52
2953 0.03223900890933448 29.53
2954 0.03218706071352346 29.54
2955 0.03215637684293661 29.55
2956 0.03208479423769166 29.56
2957 0.03211998600166196 29.57
2958 0.03214851232187622 29.58
2959 0.03221051056414347 29.59
2960 0.03225194811985302 29.6
2961 0.03231610716949022 29.61
2962 0.03240849767359808 29.62
2963 0.03248039093436024 29.63
2964 0.03257257531956877 29.64
2965 0.03264112952152334 29.65
2966 0.0326805830319712 29.66
2967 0.03274401164300587 29.67
2968 0.03286272744862904 29.68
2969 0.03294702403211711 29.69
2970 0.03305121613706184 29.7
2971 0.03310911309981524 29.71
2972 0.03318549313047697 29.72
2973 0.0332309856226685 29.73
2974 0.03331925907677116 29.74
2975 0.03337620978149054 29.75
2976 0.03346348352458443 29.76
2977 0.03350697375821768 29.77
2978 0.03360344534800642 29.78
2979 0.03365423351884964 29.79
2980 0.03371918478642993 29.8
2981 0.03378712475868409 29.81
2982 0.03383467618052473 29.82
2983 0.03385839801156347 29.83
2984 0.03391012690719852 29.84
2985 0.03397292818600641 29.85
2986 0.03398173099680507 29.86
2987 0.03400579079099931 29.87
2988 0.0340130248309965 29.88
2989 0.03398802580756509 29.89
2990 0.0339512214366155 29.9
2991 0.03391767626305828 29.91
2992 0.03388763111972464 29.92
2993 0.03384318118712393 29.93
2994 0.03380955596466759 29.94
2995 0.03372855986593664 29.95
2996 0.03367767924318452 29.96
2997 0.03355694039283236 29.97
2998 0.03346050435644388 29.98
2999 0.03342210987684034 29.99
3000 0.03335897165003466 30
