"x-force-rfile"
"Time Step" "x-force etc.."
("Time Step" "x-force" "flow-time")
0 2.423380700838948e-27 0
1 -46.50810739563849 0.01
2 -10.16341267240739 0.02
3 0.646844563645125 0.03
4 3.293863380868856 0.04
5 2.864593562545856 0.05
6 -0.8214383527591815 0.06
7 -1.435116702743997 0.07000000000000001
8 -0.6028077623445114 0.08
9 0.3214009752846465 0.09
10 0.5042385632494266 0.1
11 0.2157406425597803 0.11
12 -0.0004533141421423359 0.12
13 -0.03655106375654488 0.13
14 -0.05213288743566902 0.14
15 -0.0151676304444856 0.15
16 -0.0406300609486514 0.16
17 -0.003264480042166396 0.17
18 0.05074567365716573 0.18
19 0.06405179245236536 0.19
20 0.0441735106539981 0.2
21 0.04383352521758634 0.21
22 0.03403479504594717 0.22
23 0.017214068620162 0.23
24 0.01343039296222515 0.24
25 0.002421414325601112 0.25
26 -0.0009377634654177402 0.26
27 0.0007962336327885233 0.27
28 0.005342536717043711 0.28
29 0.0136101597849031 0.29
30 0.0176214567424901 0.3
31 0.02458683442599954 0.31
32 0.02259440737831372 0.32
33 0.01700458759547355 0.33
34 0.01016956520190095 0.34
35 0.01162455437566014 0.35
36 0.01509815057035088 0.36
37 0.01471174509316381 0.37
38 0.01331606882243719 0.38
39 0.01179040252290309 0.39
40 0.01099938442067226 0.4
41 0.0101449910265873 0.41
42 0.009506767718247905 0.42
43 0.009043041611755454 0.43
44 0.008897752798722902 0.44
45 0.009221059353041461 0.45
46 0.009739463978410468 0.46
47 0.01019123181965536 0.47
48 0.01074914113489012 0.48
49 0.01122566087641651 0.49
50 0.01160200965157193 0.5
51 0.01170308862321001 0.51
52 0.01164291595725558 0.52
53 0.01120235817830603 0.53
54 0.01043435552136625 0.54
55 0.009359483993185033 0.55
56 0.008225275348104313 0.5600000000000001
57 0.007578460927185851 0.5700000000000001
58 0.007190473523118371 0.58
59 0.007251242164301216 0.59
60 0.007677724877195438 0.6
61 0.008216993293613646 0.61
62 0.008914350843714232 0.62
63 0.009331912312999055 0.63
64 0.009590451419045617 0.64
65 0.009486142231632869 0.65
66 0.009575912086369542 0.66
67 0.00920504164040073 0.67
68 0.008743850637219386 0.68
69 0.008229770837378836 0.6900000000000001
70 0.00771589733119708 0.7000000000000001
71 0.007403148475850371 0.71
72 0.007296390959003571 0.72
73 0.007323421695536396 0.73
74 0.007373076304492396 0.74
75 0.007391667199097784 0.75
76 0.007503926655442184 0.76
77 0.007688648265258502 0.77
78 0.007784296408196986 0.78
79 0.007776910557499433 0.79
80 0.007842409499265679 0.8
81 0.007897470469887834 0.8100000000000001
82 0.007786590776972854 0.8200000000000001
83 0.007650043081340874 0.8300000000000001
84 0.007663644281501344 0.84
85 0.007702516498335065 0.85
86 0.007716212804607917 0.86
87 0.007245322318605432 0.87
88 0.007245250493158597 0.88
89 0.007214290426353534 0.89
90 0.007181789079477858 0.9
91 0.007172740528758187 0.91
92 0.007169299022013463 0.92
93 0.007156166979265056 0.93
94 0.006876998939246478 0.9400000000000001
95 0.006818197754462289 0.9500000000000001
96 0.006788052798867926 0.96
97 0.006771515281121755 0.97
98 0.006751509358522687 0.98
99 0.006753648706004743 0.99
100 0.006760725999794671 1
101 0.006770855027417977 1.01
102 0.006727449822480091 1.02
103 0.006711652158944984 1.03
104 0.006726456083304714 1.04
105 0.006733384470025442 1.05
106 0.006743222999552934 1.06
107 0.006775834352115782 1.07
108 0.006794393988675632 1.08
109 0.006813282447169595 1.09
110 0.006840015172599506 1.1
111 0.006874554066806189 1.11
112 0.006904796396647454 1.12
113 0.006946131128534998 1.13
114 0.006923778251810404 1.14
115 0.006823249585325319 1.15
116 0.006721973878257582 1.16
117 0.006682497600633774 1.17
118 0.006683084364213875 1.18
119 0.006691832304340136 1.19
120 0.006694857816796093 1.2
121 0.006686018163724945 1.21
122 0.006667483536427142 1.22
123 0.006654970000057344 1.23
124 0.006652899593578352 1.24
125 0.006668221799898177 1.25
126 0.006670520745327639 1.26
127 0.006664140986908946 1.27
128 0.006644914238248133 1.28
129 0.006612828686274243 1.29
130 0.006575763772097959 1.3
131 0.006537998800920349 1.31
132 0.006496752707841386 1.32
133 0.006456760742871888 1.33
134 0.006409260318200889 1.34
135 0.006361799684792859 1.35
136 0.006329827568257292 1.36
137 0.00630362900798882 1.37
138 0.006272616624925438 1.38
139 0.006225946597576774 1.39
140 0.006180350616408091 1.4
141 0.006135199359311942 1.41
142 0.006110498094237837 1.42
143 0.006094528011901372 1.43
144 0.00608379373577388 1.44
145 0.006080062611170475 1.45
146 0.006082533489235347 1.46
147 0.006085163497182461 1.47
148 0.006083020274219565 1.48
149 0.006075319058335937 1.49
150 0.006062657420768619 1.5
151 0.006047352314423554 1.51
152 0.006031615284642832 1.52
153 0.006021271122546854 1.53
154 0.006012804146091555 1.54
155 0.006007265123077489 1.55
156 0.006004321384318266 1.56
157 0.006006526935756877 1.57
158 0.006009598352946396 1.58
159 0.00601440255816627 1.59
160 0.006025584263029699 1.6
161 0.006027114867382039 1.61
162 0.006031917038910633 1.62
163 0.006032949847605698 1.63
164 0.00602786416412842 1.64
165 0.006030600342525984 1.65
166 0.006026939448773508 1.66
167 0.006021038563959432 1.67
168 0.006014208484169658 1.68
169 0.006006622668862647 1.69
170 0.005997398923665491 1.7
171 0.00598774056560549 1.71
172 0.005977284535879942 1.72
173 0.00596495331195882 1.73
174 0.005953181669207507 1.74
175 0.005942515911615246 1.75
176 0.005931887012814878 1.76
177 0.005920466026579613 1.77
178 0.005907452458186637 1.78
179 0.005893587311679386 1.79
180 0.005879390112678276 1.8
181 0.005865540206931415 1.81
182 0.005851066652918162 1.82
183 0.005834716611406261 1.83
184 0.005819740329311944 1.84
185 0.005806783113696026 1.85
186 0.005792546173737131 1.86
187 0.005777494548771621 1.87
188 0.0057620866408566 1.88
189 0.005746582218234483 1.89
190 0.005731181804968557 1.9
191 0.005715750538878328 1.91
192 0.005701054152394648 1.92
193 0.005687299478923455 1.93
194 0.005674399240421315 1.94
195 0.005661356897398464 1.95
196 0.005646494671904503 1.96
197 0.005631394759481483 1.97
198 0.005614128918605037 1.98
199 0.00559711815074229 1.99
200 0.005580519140176557 2
201 0.005569242240559534 2.01
202 0.005557732844621537 2.02
203 0.005544369211794053 2.03
204 0.005532212438662776 2.04
205 0.005519053806313401 2.05
206 0.005507580723637303 2.06
207 0.005496809885529209 2.07
208 0.005486427366059811 2.08
209 0.00547618208905385 2.09
210 0.005465610411471243 2.1
211 0.005455225355106643 2.11
212 0.005445018331390187 2.12
213 0.00543370152113724 2.13
214 0.005421670421261168 2.14
215 0.005409317743536923 2.15
216 0.005397619522432371 2.16
217 0.005386260600862669 2.17
218 0.005377271668852513 2.18
219 0.005369910312742261 2.19
220 0.005364767638950523 2.2
221 0.005359219559287301 2.21
222 0.005353369155138277 2.22
223 0.005346144628012388 2.23
224 0.00533734582324472 2.24
225 0.005328240917556609 2.25
226 0.005318329898256947 2.26
227 0.005308810258992672 2.27
228 0.005299481196008306 2.28
229 0.005291206705581748 2.29
230 0.005283642542255881 2.3
231 0.0052770070772919 2.31
232 0.005272099987408897 2.32
233 0.005267604727656173 2.33
234 0.005263120810405252 2.34
235 0.005259070396795812 2.35
236 0.005254748610908 2.36
237 0.005249245428017131 2.37
238 0.005244008036324539 2.38
239 0.005239774260947042 2.39
240 0.005235085650833483 2.4
241 0.005231346801527071 2.41
242 0.005226014555910434 2.42
243 0.005222458205452506 2.43
244 0.005220838119827684 2.44
245 0.005217487076269492 2.45
246 0.005213803276408743 2.46
247 0.005209590797504058 2.47
248 0.005205478861490488 2.48
249 0.005201164872380008 2.49
250 0.005195840923333922 2.5
251 0.005190203127314894 2.51
252 0.005183527595369624 2.52
253 0.005177294296062623 2.53
254 0.005170691972936632 2.54
255 0.005163829499921226 2.55
256 0.005157118296403808 2.56
257 0.005149745694606389 2.57
258 0.00514142663782575 2.58
259 0.005132090672071973 2.59
260 0.005122427829778462 2.6
261 0.005112484592021077 2.61
262 0.005103237195034714 2.62
263 0.005092814406319431 2.63
264 0.005083121379940581 2.64
265 0.005073136590991189 2.65
266 0.005063673293931013 2.66
267 0.00505326736863624 2.67
268 0.005042720373255066 2.68
269 0.00503189443143641 2.69
270 0.005022478683259272 2.7
271 0.005013396861776378 2.71
272 0.005004718969211673 2.72
273 0.004996349597135029 2.73
274 0.004988535926555375 2.74
275 0.004980529939200968 2.75
276 0.00497273166515389 2.76
277 0.004965183278692494 2.77
278 0.004957838772419993 2.78
279 0.004951125085505412 2.79
280 0.004944864322251378 2.8
281 0.004939108316354339 2.81
282 0.004933686535602739 2.82
283 0.004928704604160398 2.83
284 0.004924091423129886 2.84
285 0.004919756683521441 2.85
286 0.004915911188391268 2.86
287 0.004912549820546082 2.87
288 0.00490953850870493 2.88
289 0.004906704500375782 2.89
290 0.00490318610795168 2.9
291 0.004901708586873816 2.91
292 0.004901516979081809 2.92
293 0.004901369858751648 2.93
294 0.004901040127261973 2.94
295 0.004899652038368085 2.95
296 0.004898401318117321 2.96
297 0.004897792701666302 2.97
298 0.004896452507997101 2.98
299 0.004895010596404171 2.99
300 0.00489372539255734 3
301 0.004892076989015396 3.01
302 0.00489046411523179 3.02
303 0.004888989298307248 3.03
304 0.004887108903970878 3.04
305 0.004885304115335303 3.05
306 0.004883225481416145 3.06
307 0.00488128165618963 3.07
308 0.004879495431791545 3.08
309 0.00487726105732076 3.09
310 0.004875201641450603 3.1
311 0.004872965412072839 3.11
312 0.004870549069194266 3.12
313 0.004867970974176751 3.13
314 0.004865875851824694 3.14
315 0.004863299691404688 3.15
316 0.004860384387300253 3.16
317 0.004858311784110097 3.17
318 0.004855401768188678 3.18
319 0.004852194581768958 3.19
320 0.004848461028264282 3.2
321 0.004844611857439145 3.21
322 0.004840757979139442 3.22
323 0.004837488988791551 3.23
324 0.004834113767751131 3.24
325 0.004831131820226997 3.25
326 0.004828436348635967 3.26
327 0.004825978679007632 3.27
328 0.00482371527956971 3.28
329 0.004821641743982519 3.29
330 0.004819693966695005 3.3
331 0.004817748990538624 3.31
332 0.004815750880023032 3.32
333 0.004813796186767449 3.33
334 0.004811783460186854 3.34
335 0.004809631826549627 3.35
336 0.004808475878480919 3.36
337 0.004806780427547925 3.37
338 0.004804119872225001 3.38
339 0.004801111207312499 3.39
340 0.004798672675656548 3.4
341 0.004796297594862679 3.41
342 0.004793832588123276 3.42
343 0.004791672054855203 3.43
344 0.004789771140314479 3.44
345 0.004788001064955332 3.45
346 0.004786724140524083 3.46
347 0.00478561448792966 3.47
348 0.00478462921815865 3.48
349 0.004783982934048853 3.49
350 0.004783477342652597 3.5
351 0.004783014539280435 3.51
352 0.00478238307346274 3.52
353 0.004781849048635103 3.53
354 0.004781490471318589 3.54
355 0.004781291717241938 3.55
356 0.004781320780699002 3.56
357 0.004781502716879219 3.57
358 0.004781790585297855 3.58
359 0.004782398987027258 3.59
360 0.004782931287909498 3.6
361 0.004783453270062181 3.61
362 0.004784168164167994 3.62
363 0.00478511531548849 3.63
364 0.004786264387347026 3.64
365 0.004787586601624816 3.65
366 0.004788576262793985 3.66
367 0.004789819580558572 3.67
368 0.004791375527320947 3.68
369 0.004793351284563473 3.69
370 0.004795730662784413 3.7
371 0.004799052487628388 3.71
372 0.004801416695510486 3.72
373 0.004803226696379307 3.73
374 0.004804395037475795 3.74
375 0.004806397091998744 3.75
376 0.004808653500173021 3.76
377 0.004810954503782566 3.77
378 0.004813348641966221 3.78
379 0.004815080601712785 3.79
380 0.00481721139195776 3.8
381 0.004819753699564692 3.81
382 0.004822257161592135 3.82
383 0.004824616098938172 3.83
384 0.004826810608791194 3.84
385 0.004828760103046311 3.85
386 0.00483053173536504 3.86
387 0.004832399100828405 3.87
388 0.004834199976815102 3.88
389 0.004835977921529508 3.89
390 0.004837754899525578 3.9
391 0.004839564321238592 3.91
392 0.00484122371185183 3.92
393 0.004842689445026726 3.93
394 0.004844055814770859 3.94
395 0.004845376080695078 3.95
396 0.004846431774931079 3.96
397 0.004847806286063073 3.97
398 0.00484957820810421 3.98
399 0.004851392586415014 3.99
400 0.004853945064245569 4
401 0.004856299830566901 4.01
402 0.004858294286279702 4.02
403 0.004860449787380872 4.03
404 0.004862685711099803 4.04
405 0.004864891322441169 4.05
406 0.004867251467390341 4.06
407 0.004869741107742229 4.07
408 0.004872410130974649 4.08
409 0.004875245289830408 4.09
410 0.004878337671476269 4.1
411 0.00488173837608445 4.11
412 0.004885294587557549 4.12
413 0.004889247725565194 4.13
414 0.004893260478029361 4.14
415 0.004897928373779758 4.15
416 0.004902564866216888 4.16
417 0.004907204046989605 4.17
418 0.004911949993383419 4.18
419 0.00491681011028162 4.19
420 0.00492180407090034 4.2
421 0.004926743365946597 4.21
422 0.004932250096427568 4.22
423 0.004937756774987891 4.23
424 0.004943311221669632 4.24
425 0.004948916799694997 4.25
426 0.004954353905010627 4.26
427 0.00496038013697975 4.27
428 0.004966584877565348 4.28
429 0.004972993215160223 4.29
430 0.004979363390973835 4.3
431 0.004985845662285717 4.31
432 0.004991971957191825 4.32
433 0.004998281449111954 4.33
434 0.00500469091804525 4.34
435 0.005011323091266441 4.350000000000001
436 0.005018067361857838 4.36
437 0.005025141674749087 4.37
438 0.005032366678049319 4.38
439 0.005039636307098682 4.39
440 0.005046820471423652 4.4
441 0.005054055691056134 4.41
442 0.005060694165715713 4.42
443 0.00506762416159807 4.43
444 0.005074863880079996 4.44
445 0.005082056719986083 4.45
446 0.005089316802904599 4.46
447 0.005096738970950068 4.47
448 0.005104261262873361 4.48
449 0.005111959615476665 4.49
450 0.005119616252830268 4.5
451 0.005127313197213283 4.51
452 0.005135412283044538 4.52
453 0.005143546767235411 4.53
454 0.005151763174879252 4.54
455 0.005160046384321478 4.55
456 0.005168325307210848 4.56
457 0.005177141110051102 4.57
458 0.005185994926584307 4.58
459 0.005194915852575251 4.59
460 0.005203864846390125 4.600000000000001
461 0.00521282740742775 4.61
462 0.005222072335398089 4.62
463 0.005231390026568355 4.63
464 0.005240807426303955 4.64
465 0.005250985444015844 4.65
466 0.005260951197925375 4.66
467 0.005270748340458165 4.67
468 0.005280195846573083 4.68
469 0.00528853812436817 4.69
470 0.005297717139108173 4.7
471 0.005307515982988571 4.71
472 0.005317627962833263 4.72
473 0.005328099733597321 4.73
474 0.005338890658244342 4.74
475 0.005350125316079505 4.75
476 0.005360698485821519 4.76
477 0.00537112805248424 4.77
478 0.005381792713343503 4.78
479 0.005392689447613049 4.79
480 0.005403520472266755 4.8
481 0.005414652457469775 4.81
482 0.005426038192740677 4.82
483 0.005437555405146883 4.83
484 0.005449785145458652 4.84
485 0.005461684010841222 4.850000000000001
486 0.005473985418619949 4.86
487 0.00548590924532464 4.87
488 0.005498046206285937 4.88
489 0.005510346569850334 4.89
490 0.005523658057438936 4.9
491 0.005537137033415173 4.91
492 0.005549947596922934 4.92
493 0.005562883071441275 4.93
494 0.005576129577500338 4.94
495 0.005589442038125956 4.95
496 0.005603139907605559 4.96
497 0.005616699829981428 4.97
498 0.005630088957469918 4.98
499 0.005644345657190817 4.99
500 0.005658773208807678 5
501 0.005673207344745666 5.01
502 0.005687456390705328 5.02
503 0.005701450613898135 5.03
504 0.005715704518754166 5.04
505 0.005730219153584034 5.05
506 0.00574524813667554 5.06
507 0.005760081390519414 5.07
508 0.005774609671963227 5.08
509 0.005789436705629666 5.09
510 0.005804499528669386 5.100000000000001
511 0.005819723062545107 5.11
512 0.005835725650023391 5.12
513 0.005851908512513787 5.13
514 0.005868062272016673 5.14
515 0.005883467814046691 5.15
516 0.005899149107377383 5.16
517 0.005914100894297229 5.17
518 0.005929158695298402 5.18
519 0.005945391730611954 5.19
520 0.005961325028833394 5.2
521 0.005978340295799427 5.21
522 0.005995648326951156 5.22
523 0.00601251993542374 5.23
524 0.006029343948254189 5.24
525 0.006045480433854594 5.25
526 0.00606226357176497 5.26
527 0.006079702464892107 5.27
528 0.006096767688249674 5.28
529 0.006113883112774316 5.29
530 0.006130611273019919 5.3
531 0.006148077956580325 5.31
532 0.006166058389850971 5.32
533 0.006183828578205733 5.33
534 0.006201892054648701 5.34
535 0.006220332950773311 5.350000000000001
536 0.006238586774227476 5.36
537 0.006256833227508753 5.37
538 0.006275152307424396 5.38
539 0.006293531153883683 5.39
540 0.00631228092478091 5.4
541 0.006330770505129234 5.41
542 0.006349440748898412 5.42
543 0.006368622867597869 5.43
544 0.006387688915972944 5.44
545 0.006407073250213009 5.45
546 0.006426967322670197 5.46
547 0.006446329057435433 5.47
548 0.006465923529622612 5.48
549 0.006485724710251389 5.49
550 0.006505084778575314 5.5
551 0.006525101757611331 5.51
552 0.006545195452445556 5.52
553 0.00656535919640901 5.53
554 0.006585683803696042 5.54
555 0.00660600061723793 5.55
556 0.006626751025793728 5.56
557 0.006647589534973693 5.57
558 0.006668296682506078 5.58
559 0.006689486999823311 5.59
560 0.006709943169929414 5.600000000000001
561 0.006731046327093549 5.61
562 0.00675202751026637 5.62
563 0.006773153932399632 5.63
564 0.006794345212664706 5.64
565 0.006816116030223118 5.65
566 0.006837602450965935 5.66
567 0.006859053353034257 5.67
568 0.006881324624454241 5.68
569 0.006903875846285908 5.69
570 0.006925894364931717 5.7
571 0.00694906677057981 5.71
572 0.00697202879630131 5.72
573 0.006995377716472514 5.73
574 0.007018504248839602 5.74
575 0.00704089858954824 5.75
576 0.007063331776886942 5.76
577 0.007086747951308958 5.77
578 0.00710945075358042 5.78
579 0.007132900442280411 5.79
580 0.007156119009653458 5.8
581 0.007179728001932117 5.81
582 0.007202680591196046 5.82
583 0.00722719301769066 5.83
584 0.007251183863303052 5.84
585 0.007275324980576 5.850000000000001
586 0.007299727534270499 5.86
587 0.007324980167491185 5.87
588 0.007349843300660672 5.88
589 0.007374544909386607 5.89
590 0.007398946579477012 5.9
591 0.007424074735449719 5.91
592 0.00744791785787258 5.92
593 0.007472594001647292 5.93
594 0.007498555758345807 5.94
595 0.007524095667317617 5.95
596 0.007549909800142641 5.96
597 0.007575303669608553 5.97
598 0.00760112406121268 5.98
599 0.007626580189162274 5.99
600 0.007652531441639721 6
601 0.007678116416603737 6.01
602 0.007684238568844837 6.02
603 0.007704895103595174 6.03
604 0.007737604157013806 6.04
605 0.007776849484259186 6.05
606 0.007821823908657615 6.06
607 0.007858150804399786 6.07
608 0.00788254103532934 6.08
609 0.007902306443927455 6.09
610 0.007922021279881404 6.100000000000001
611 0.007943637792090556 6.11
612 0.007967413259052694 6.12
613 0.007993106824074963 6.13
614 0.008020214917411851 6.140000000000001
615 0.008048612074593547 6.15
616 0.008077543834191648 6.16
617 0.008106158921479402 6.17
618 0.008133320780361502 6.18
619 0.008161087468255531 6.19
620 0.008189969245000631 6.2
621 0.008218359217291703 6.21
622 0.008246107288471125 6.22
623 0.008274244019596925 6.23
624 0.008301384319481605 6.24
625 0.008328020012640961 6.25
626 0.00835545652440864 6.26
627 0.008384154447411765 6.27
628 0.008412174802453792 6.28
629 0.008440701315544606 6.29
630 0.008469777882952461 6.3
631 0.008485191467492886 6.31
632 0.008503047528955771 6.32
633 0.008530242086400731 6.33
634 0.008563193184770525 6.34
635 0.00858894142338563 6.350000000000001
636 0.008631510686284639 6.36
637 0.008671358324392864 6.37
638 0.008724186331891644 6.38
639 0.008777403170934768 6.390000000000001
640 0.008801825886004824 6.4
641 0.008817774778045998 6.41
642 0.008834126675370542 6.42
643 0.008853984814399498 6.43
644 0.00887871538817556 6.44
645 0.008907675870051528 6.45
646 0.008940408429119629 6.46
647 0.008973419150493385 6.47
648 0.009008425965292322 6.48
649 0.00904323100537572 6.49
650 0.009072991319019459 6.5
651 0.009090949960830392 6.51
652 0.009118924891058316 6.52
653 0.009156449433204844 6.53
654 0.009193970726400151 6.54
655 0.009233615543586985 6.55
656 0.009262437840733549 6.56
657 0.009296016007756952 6.57
658 0.009327184322184462 6.58
659 0.009360134197725628 6.59
660 0.009386084790771038 6.600000000000001
661 0.009413924331915614 6.61
662 0.009443174790280263 6.62
663 0.009473829928873332 6.63
664 0.009501598429475219 6.640000000000001
665 0.009538010671963269 6.65
666 0.009569393433385063 6.66
667 0.009597584162171562 6.67
668 0.009636535273000766 6.68
669 0.009668351930131439 6.69
670 0.009703170056235406 6.7
671 0.009738528359292431 6.71
672 0.009774455746541602 6.72
673 0.009807475786753884 6.73
674 0.009834237255490236 6.74
675 0.009872996902972189 6.75
676 0.009909376847855996 6.76
677 0.009942842089922597 6.77
678 0.009992772900582115 6.78
679 0.01001965632318179 6.79
680 0.01005304484839047 6.8
681 0.01007163078151858 6.81
682 0.01010716262013201 6.82
683 0.01014019829304539 6.83
684 0.01016905793878302 6.84
685 0.01020622704718192 6.850000000000001
686 0.01023785359644738 6.86
687 0.01028077271536139 6.87
688 0.01030842152768549 6.88
689 0.01034849305767644 6.890000000000001
690 0.01037995103644936 6.9
691 0.01041275346488747 6.91
692 0.01044221388231359 6.92
693 0.01046867373235276 6.93
694 0.01050084721781367 6.94
695 0.01053634598539593 6.95
696 0.01057318982015043 6.96
697 0.0106104689473146 6.97
698 0.01064664848386668 6.98
699 0.01069030789565426 6.99
700 0.01072802760565366 7
701 0.01075967042150263 7.01
702 0.0107967227899022 7.02
703 0.01082844166827715 7.03
704 0.01086273992895411 7.04
705 0.01089215654399444 7.05
706 0.01091995828241223 7.06
707 0.01095224841217816 7.07
708 0.01098871995818055 7.08
709 0.01102609666234933 7.09
710 0.01106001747590982 7.100000000000001
711 0.01110236915403094 7.11
712 0.01113556338863812 7.12
713 0.01117299147997666 7.13
714 0.01120882439775603 7.140000000000001
715 0.01124691997811256 7.15
716 0.01128321093115423 7.16
717 0.01132605721432736 7.17
718 0.01135958775661003 7.18
719 0.01140095992638119 7.19
720 0.01143286784530918 7.2
721 0.01147109782826988 7.21
722 0.01150198551519794 7.22
723 0.01153513255580338 7.23
724 0.011576699840619 7.24
725 0.0116087850616591 7.25
726 0.01164380714295564 7.26
727 0.01168808851657976 7.27
728 0.01172357849733277 7.28
729 0.01175926441162109 7.29
730 0.01179977155129908 7.3
731 0.01184117149086576 7.31
732 0.01187858709513196 7.32
733 0.01191007513576725 7.33
734 0.0119503704017848 7.34
735 0.01198142155971128 7.350000000000001
736 0.01201579640525845 7.36
737 0.01205283196389672 7.37
738 0.01208334537780353 7.38
739 0.01212702942372814 7.390000000000001
740 0.01217280960103239 7.4
741 0.01221605328494777 7.41
742 0.01225725532033862 7.42
743 0.01229589842200053 7.43
744 0.0123337939312587 7.44
745 0.01236962264541602 7.45
746 0.01240512248518374 7.46
747 0.01244170410818509 7.47
748 0.01247404979554665 7.48
749 0.01250917645895443 7.49
750 0.01254902368103184 7.5
751 0.01258789084201283 7.51
752 0.01262489763091056 7.52
753 0.01265414778205955 7.53
754 0.01270205931084385 7.54
755 0.0127379306102333 7.55
756 0.01277632413048074 7.56
757 0.01281585329531527 7.57
758 0.01285654032817251 7.58
759 0.01289819333524752 7.59
760 0.01293837581283837 7.600000000000001
761 0.01297828214185397 7.61
762 0.01301615264535328 7.62
763 0.01305540744630358 7.63
764 0.0130813808381498 7.640000000000001
765 0.01312782015838449 7.65
766 0.01317343097685369 7.66
767 0.01320358769325586 7.67
768 0.01325323900191037 7.68
769 0.01329504593964015 7.69
770 0.01333418842608409 7.7
771 0.01337192138436256 7.71
772 0.01341836797364201 7.72
773 0.0134492580830719 7.73
774 0.01349142431383399 7.74
775 0.01352904255453073 7.75
776 0.01357461342098088 7.76
777 0.01360521530298258 7.77
778 0.01363441869604273 7.78
779 0.01367721000582373 7.79
780 0.01371177873325616 7.8
781 0.01374745592774152 7.81
782 0.01377833647103381 7.82
783 0.01382540438038085 7.83
784 0.01386095873654164 7.84
785 0.01390866246420406 7.850000000000001
786 0.01394197069411519 7.86
787 0.01397926827868702 7.87
788 0.01401966278395489 7.88
789 0.01406287854011818 7.890000000000001
790 0.01410430841357021 7.9
791 0.01414408216360636 7.91
792 0.01418584652582536 7.92
793 0.01422566856816497 7.930000000000001
794 0.01426287456839673 7.94
795 0.01430003653075236 7.95
796 0.01434879997090849 7.96
797 0.01439182322127443 7.97
798 0.01442756780427951 7.98
799 0.01446196039780129 7.99
800 0.01449716353042905 8
801 0.01453376411905864 8.01
802 0.01456933685464639 8.02
803 0.01460728231518509 8.029999999999999
804 0.01463671372780806 8.040000000000001
805 0.01467219496976161 8.050000000000001
806 0.01472192439419536 8.06
807 0.01475997229478535 8.07
808 0.01480011559765319 8.08
809 0.01484068207193321 8.09
810 0.01488271752431729 8.1
811 0.01492708448543218 8.109999999999999
812 0.01495845864775803 8.120000000000001
813 0.01500350276678016 8.130000000000001
814 0.01504571480712461 8.140000000000001
815 0.01507673466865434 8.15
816 0.01512711179016902 8.16
817 0.0151603796736264 8.17
818 0.01521228769166595 8.18
819 0.01524611067444249 8.19
820 0.01529391868907888 8.199999999999999
821 0.01532647116450943 8.210000000000001
822 0.01537270267999534 8.220000000000001
823 0.01540252194947535 8.23
824 0.01544789295917018 8.24
825 0.01549286762058785 8.25
826 0.01553389498525688 8.26
827 0.01557326854749786 8.27
828 0.01561146534306357 8.279999999999999
829 0.01565012077436455 8.290000000000001
830 0.01568471584736818 8.300000000000001
831 0.01572340483322764 8.31
832 0.01576234314070256 8.32
833 0.01580157623540292 8.33
834 0.01585249162950292 8.34
835 0.01588933514643748 8.35
836 0.01593589218879364 8.359999999999999
837 0.01596978244606827 8.370000000000001
838 0.01600334684123932 8.380000000000001
839 0.01604006386194882 8.390000000000001
840 0.0160756826882535 8.4
841 0.01611265587358614 8.41
842 0.01614853493933666 8.42
843 0.01619079851208692 8.43
844 0.016233173271365 8.44
845 0.01628543802041362 8.449999999999999
846 0.01631958803795767 8.460000000000001
847 0.01635139946495405 8.470000000000001
848 0.01638471032786624 8.48
849 0.01642328807347439 8.49
850 0.01645770742376355 8.5
851 0.01649240460486093 8.51
852 0.01652892860299129 8.52
853 0.01656725188632005 8.529999999999999
854 0.01660201753640029 8.540000000000001
855 0.0166424363242547 8.550000000000001
856 0.01666787684932163 8.56
857 0.01671012297122385 8.57
858 0.01673818371620389 8.58
859 0.01677928953290921 8.59
860 0.01680735422335111 8.6
861 0.01683710378337705 8.609999999999999
862 0.01688538165597519 8.620000000000001
863 0.01691687028913993 8.630000000000001
864 0.01694680965516545 8.640000000000001
865 0.01697990748167982 8.65
866 0.01701385965759148 8.66
867 0.0170472051555939 8.67
868 0.01708018997928842 8.68
869 0.0171150429736051 8.69
870 0.01714948052638112 8.700000000000001
871 0.01718127224810666 8.710000000000001
872 0.01721191071219506 8.720000000000001
873 0.0172439106521708 8.73
874 0.01727646615223079 8.74
875 0.0173095135480954 8.75
876 0.01734303698702186 8.76
877 0.0173737538052801 8.77
878 0.01741739357275965 8.779999999999999
879 0.01744474535585465 8.790000000000001
880 0.01747987684979679 8.800000000000001
881 0.01751634483211412 8.81
882 0.017542521019329 8.82
883 0.01756926286652891 8.83
884 0.01758681968334822 8.84
885 0.01761069956758727 8.85
886 0.01763444197029387 8.859999999999999
887 0.01766165845998496 8.870000000000001
888 0.01769029623056143 8.880000000000001
889 0.01772102674136573 8.890000000000001
890 0.01774505164896423 8.9
891 0.01778125092235047 8.91
892 0.01781097847401964 8.92
893 0.01783504636644815 8.93
894 0.01787033056233651 8.94
895 0.01789594818636926 8.950000000000001
896 0.01793606351770464 8.960000000000001
897 0.01796156226870292 8.970000000000001
898 0.01798846564063391 8.98
899 0.01802097633062812 8.99
900 0.0180382490259186 9
901 0.0180591539237561 9.01
902 0.01808555172894761 9.02
903 0.01811933710271786 9.029999999999999
904 0.01815130411781408 9.040000000000001
905 0.01819080770654762 9.050000000000001
906 0.01821664964328762 9.06
907 0.01825073921556673 9.07
908 0.01827484315887222 9.08
909 0.01829377076306203 9.09
910 0.01832543586726227 9.1
911 0.01834542152447916 9.109999999999999
912 0.01837081096015469 9.120000000000001
913 0.01839520662394328 9.130000000000001
914 0.01842658539826171 9.140000000000001
915 0.01845823366335018 9.15
916 0.01848101857811917 9.16
917 0.01851405094235709 9.17
918 0.0185413740427978 9.18
919 0.01857863079352853 9.19
920 0.01860534561171412 9.200000000000001
921 0.01864792328583032 9.210000000000001
922 0.01866950119928174 9.220000000000001
923 0.01870335712735447 9.23
924 0.01872632918901956 9.24
925 0.01875338888678455 9.25
926 0.01878644059120285 9.26
927 0.01882476945934028 9.27
928 0.01885794161759912 9.279999999999999
929 0.01889060641855204 9.290000000000001
930 0.01893356012465633 9.300000000000001
931 0.01897572835556186 9.31
932 0.01902738983295298 9.32
933 0.0190679557281937 9.33
934 0.01911344439050416 9.34
935 0.01915900383730921 9.35
936 0.01921188050369651 9.359999999999999
937 0.01925314370270902 9.370000000000001
938 0.01930195984708253 9.380000000000001
939 0.0193486537326058 9.390000000000001
940 0.01939568552506865 9.4
941 0.01945323700264172 9.41
942 0.01950362142344707 9.42
943 0.01956109313075052 9.43
944 0.01961068790880946 9.44
945 0.01967716885467896 9.450000000000001
946 0.01972894239911771 9.460000000000001
947 0.01977550608253429 9.470000000000001
948 0.01983410801619333 9.48
949 0.01989191661613688 9.49
950 0.0199510185645101 9.5
951 0.02000687591114789 9.51
952 0.02006339098413993 9.52
953 0.02011878373785449 9.529999999999999
954 0.02017272417334206 9.540000000000001
955 0.02023665090709743 9.550000000000001
956 0.02032177074493711 9.56
957 0.02039303141522153 9.57
958 0.02043321494958787 9.58
959 0.02047833911176488 9.59
960 0.02052025965215602 9.6
961 0.02055037280335651 9.609999999999999
962 0.02058434698408092 9.620000000000001
963 0.0206174995277348 9.630000000000001
964 0.02066409372790508 9.640000000000001
965 0.02069979478128089 9.65
966 0.02070608515138532 9.66
967 0.0207443456280914 9.67
968 0.02076725793501573 9.68
969 0.02081692637366434 9.69
970 0.02085529117426428 9.700000000000001
971 0.02089080101876759 9.710000000000001
972 0.02091117084273821 9.720000000000001
973 0.02092459064409926 9.73
974 0.0209494686948839 9.74
975 0.02096743310705114 9.75
976 0.02100005649273443 9.76
977 0.02103038160750576 9.77
978 0.02105676368912556 9.779999999999999
979 0.02107701527981301 9.790000000000001
980 0.02108329949634713 9.800000000000001
981 0.02108380966457143 9.81
982 0.02109423367968687 9.82
983 0.02107758814891907 9.83
984 0.02106354799649306 9.84
985 0.0210635225682349 9.85
986 0.02105538692885132 9.859999999999999
987 0.02105164474486345 9.870000000000001
988 0.02106584813639832 9.880000000000001
989 0.02106055420213481 9.890000000000001
990 0.02105072370758281 9.9
991 0.02105367518799101 9.91
992 0.02105316379914133 9.92
993 0.02105164872780087 9.93
994 0.02105432692625057 9.94
995 0.02105346247804959 9.950000000000001
996 0.02103692254336523 9.960000000000001
997 0.02102782605952211 9.970000000000001
998 0.02102516432454507 9.98
999 0.0210200460534247 9.99
1000 0.02102888870439309 10
1001 0.02104688543565331 10.01
1002 0.0210748371234167 10.02
1003 0.02110291141046396 10.03
1004 0.02113316130460964 10.04
1005 0.02117756000988256 10.05
1006 0.02122877533455158 10.06
1007 0.0212828883857761 10.07
1008 0.02133833062676429 10.08
1009 0.0213937312589395 10.09
1010 0.02146931296379033 10.1
1011 0.02153447473451942 10.11
1012 0.02160714014538474 10.12
1013 0.02168893084507201 10.13
1014 0.02176165989646068 10.14
1015 0.02184528321520909 10.15
1016 0.02193460483868178 10.16
1017 0.0220151684222601 10.17
1018 0.02209352007667355 10.18
1019 0.0221948268927595 10.19
1020 0.02228245899604059 10.2
1021 0.02237940021722653 10.21
1022 0.02245401402675905 10.22
1023 0.02253634837052648 10.23
1024 0.02259133270881516 10.24
1025 0.02264969944659536 10.25
1026 0.02270871921099547 10.26
1027 0.02274536505657604 10.27
1028 0.02279022955490114 10.28
1029 0.0228146186075427 10.29
1030 0.0228435436489032 10.3
1031 0.0228915309624717 10.31
1032 0.02291553538220955 10.32
1033 0.02293012465409829 10.33
1034 0.02295555536092948 10.34
1035 0.02297135259436008 10.35
1036 0.02298917643113919 10.36
1037 0.02300229015614123 10.37
1038 0.02300384767010655 10.38
1039 0.02300843505487218 10.39
1040 0.0230085814677099 10.4
1041 0.02301257676341472 10.41
1042 0.02302715967877855 10.42
1043 0.02302002426668009 10.43
1044 0.02302879777832966 10.44
1045 0.0230195476967209 10.45
1046 0.02303324061602883 10.46
1047 0.02304373418502739 10.47
1048 0.02305491018198057 10.48
1049 0.02307440685109629 10.49
1050 0.02308868910552073 10.5
1051 0.02308924150636422 10.51
1052 0.02309287086547714 10.52
1053 0.02309197701814894 10.53
1054 0.02309381293402929 10.54
1055 0.02311778080847129 10.55
1056 0.02312988817197814 10.56
1057 0.02315772302992856 10.57
1058 0.02318966672887033 10.58
1059 0.02322279178004134 10.59
1060 0.0232523651430514 10.6
1061 0.02328906957831086 10.61
1062 0.02331428188639408 10.62
1063 0.02334015433034763 10.63
1064 0.02335186595086979 10.64
1065 0.02338557131672426 10.65
1066 0.02340550100875235 10.66
1067 0.02343724039700677 10.67
1068 0.02348046585286524 10.68
1069 0.02350477317550822 10.69
1070 0.02352962880788723 10.7
1071 0.02354445942931608 10.71
1072 0.02357374559255206 10.72
1073 0.02359600916032575 10.73
1074 0.02361100962757986 10.74
1075 0.0236051800921035 10.75
1076 0.02357662626055151 10.76
1077 0.02357689514394072 10.77
1078 0.02355747637630277 10.78
1079 0.02357562906126787 10.79
1080 0.02358311514427368 10.8
1081 0.02358891991331921 10.81
1082 0.02357329698761543 10.82
1083 0.02359619119790882 10.83
1084 0.02360175960534005 10.84
1085 0.02361406108435745 10.85
1086 0.02358969901479659 10.86
1087 0.02356619663612217 10.87
1088 0.02355967354860603 10.88
1089 0.0235454438486371 10.89
1090 0.02354020798343429 10.9
1091 0.02354795944969908 10.91
1092 0.02355031300886333 10.92
1093 0.02355226318232858 10.93
1094 0.02354503355908581 10.94
1095 0.02354309186946796 10.95
1096 0.02353528570007453 10.96
1097 0.02351553340549337 10.97
1098 0.02350067367308117 10.98
1099 0.02349241408942397 10.99
1100 0.02347996280561296 11
1101 0.02345973678969552 11.01
1102 0.02344130808105814 11.02
1103 0.02343758479002016 11.03
1104 0.02343912957726752 11.04
1105 0.02343181102368284 11.05
1106 0.02341836496555749 11.06
1107 0.0234161994994682 11.07
1108 0.02341539861780934 11.08
1109 0.02339737525783835 11.09
1110 0.02339358233342518 11.1
1111 0.02338012793711262 11.11
1112 0.02339171049787397 11.12
1113 0.02336406300069323 11.13
1114 0.02335740253877669 11.14
1115 0.02334850425085693 11.15
1116 0.02333437393194495 11.16
1117 0.02334017902535139 11.17
1118 0.02335310595861546 11.18
1119 0.02335377104903163 11.19
1120 0.02335137290699841 11.2
1121 0.02334587450609758 11.21
1122 0.02334847981364034 11.22
1123 0.02335250338200971 11.23
1124 0.02335395394070542 11.24
1125 0.02337868826963889 11.25
1126 0.02337584946172952 11.26
1127 0.02338034624587718 11.27
1128 0.02337938573763416 11.28
1129 0.02338222752352255 11.29
1130 0.02338600712108978 11.3
1131 0.02337603040214729 11.31
1132 0.0233624865288055 11.32
1133 0.02334937962233628 11.33
1134 0.02333099073267987 11.34
1135 0.02330888689504424 11.35
1136 0.02328486999206668 11.36
1137 0.02326804881176258 11.37
1138 0.02326117805812816 11.38
1139 0.02324044342523934 11.39
1140 0.02322506538754247 11.4
1141 0.02324863875511141 11.41
1142 0.02325266029771386 11.42
1143 0.02326946227088979 11.43
1144 0.02328829343304272 11.44
1145 0.02328366897822299 11.45
1146 0.02328189036851584 11.46
1147 0.02328604628118957 11.47
1148 0.02333133365997504 11.48
1149 0.02335526014244983 11.49
1150 0.02335741512670188 11.5
1151 0.0233732715638799 11.51
1152 0.02337481189535488 11.52
1153 0.02336169886249538 11.53
1154 0.02338726008537256 11.54
1155 0.02343827820380969 11.55
1156 0.02344187191725971 11.56
1157 0.02345900942029165 11.57
1158 0.02344478681799658 11.58
1159 0.0234651466333747 11.59
1160 0.02347452567139648 11.6
1161 0.0234806601973909 11.61
1162 0.02351553346804844 11.62
1163 0.02350795367769974 11.63
1164 0.02350563001244454 11.64
1165 0.02351788428638038 11.65
1166 0.02352591952880555 11.66
1167 0.02352952115184977 11.67
1168 0.02352583644139935 11.68
1169 0.02350594590217557 11.69
1170 0.02350110564366689 11.7
1171 0.02346326952208055 11.71
1172 0.02345628781003934 11.72
1173 0.02343059029409714 11.73
1174 0.02341269131644296 11.74
1175 0.02339881256645033 11.75
1176 0.02338312662425368 11.76
1177 0.02335511469678905 11.77
1178 0.02330238105629123 11.78
1179 0.02325898638545113 11.79
1180 0.02322618284761565 11.8
1181 0.02317365110626059 11.81
1182 0.02315534376897509 11.82
1183 0.02313089160803037 11.83
1184 0.02308881839861946 11.84
1185 0.02305504842762909 11.85
1186 0.0230004781111287 11.86
1187 0.02295383381289811 11.87
1188 0.02289165694382229 11.88
1189 0.02280931593580557 11.89
1190 0.02275444242737144 11.9
1191 0.02266639155037493 11.91
1192 0.02258069949466506 11.92
1193 0.02249764113483439 11.93
1194 0.02241861800576077 11.94
1195 0.02236954273038758 11.95
1196 0.02228757493302423 11.96
1197 0.0221879232653649 11.97
1198 0.02213293793194761 11.98
1199 0.02207949987419841 11.99
1200 0.02200515405632749 12
1201 0.02195754196739894 12.01
1202 0.02183242411810778 12.02
1203 0.02175035561686753 12.03
1204 0.02163980482695556 12.04
1205 0.02158172364570054 12.05
1206 0.02146689565791181 12.06
1207 0.02142025847165711 12.07
1208 0.02136126298228681 12.08
1209 0.02132287939028945 12.09
1210 0.0212537367962617 12.1
1211 0.0212131909509231 12.11
1212 0.02111408141148394 12.12
1213 0.02106805978298839 12.13
1214 0.02096824792537402 12.14
1215 0.02092321241376574 12.15
1216 0.02081709692781668 12.16
1217 0.02076329133353112 12.17
1218 0.0206462890819736 12.18
1219 0.02060157784243986 12.19
1220 0.02047813757961432 12.2
1221 0.02040748842242108 12.21
1222 0.02034429666015115 12.22
1223 0.02028906515936043 12.23
1224 0.02020874236421859 12.24
1225 0.02014579504535053 12.25
1226 0.02007065576714845 12.26
1227 0.02000713586578502 12.27
1228 0.01994795073671395 12.28
1229 0.01987814519523452 12.29
1230 0.019818693922458 12.3
1231 0.01975194510475651 12.31
1232 0.01968775730278311 12.32
1233 0.01963746265074233 12.33
1234 0.01959817376462492 12.34
1235 0.01953934357229168 12.35
1236 0.01949296134417119 12.36
1237 0.01946501019504025 12.37
1238 0.01942124831627727 12.38
1239 0.0193937768334068 12.39
1240 0.01935982573780797 12.4
1241 0.01931670654533264 12.41
1242 0.01927569906785014 12.42
1243 0.01924338853624646 12.43
1244 0.01921665319284077 12.44
1245 0.01917421378468341 12.45
1246 0.0191480492918618 12.46
1247 0.01909229454551073 12.47
1248 0.01906386629426109 12.48
1249 0.01903924375277874 12.49
1250 0.01905495682504446 12.5
1251 0.0190749110563075 12.51
1252 0.01909630724206265 12.52
1253 0.01915494027605102 12.53
1254 0.01920434457161918 12.54
1255 0.01927892016568425 12.55
1256 0.01931217524451157 12.56
1257 0.01932844324089217 12.57
1258 0.01934908177243313 12.58
1259 0.01938043063319153 12.59
1260 0.01941428292057744 12.6
1261 0.01944289055345508 12.61
1262 0.01945248279605486 12.62
1263 0.01948356381930614 12.63
1264 0.01953379614355468 12.64
1265 0.01957349310548308 12.65
1266 0.0196055133737563 12.66
1267 0.01964947825133737 12.67
1268 0.01969837929539559 12.68
1269 0.01975245331892379 12.69
1270 0.01979710276101793 12.7
1271 0.01984946877840787 12.71
1272 0.01986705505200964 12.72
1273 0.01989824063776927 12.73
1274 0.01992834883782418 12.74
1275 0.01995440708079075 12.75
1276 0.01997275688331841 12.76
1277 0.0200110870420265 12.77
1278 0.02005628824047395 12.78
1279 0.02011370149917398 12.79
1280 0.02018487726899303 12.8
1281 0.02025089343794979 12.81
1282 0.02031975454288448 12.82
1283 0.02042155707460043 12.83
1284 0.02047589169553828 12.84
1285 0.02055880226709916 12.85
1286 0.02062066817436574 12.86
1287 0.02066533154942166 12.87
1288 0.02070531802054002 12.88
1289 0.02075314844087717 12.89
1290 0.02080487996959371 12.9
1291 0.02083294677480653 12.91
1292 0.02085869396133968 12.92
1293 0.02091887967670539 12.93
1294 0.02096160017750724 12.94
1295 0.02098873048746388 12.95
1296 0.02098262721805329 12.96
1297 0.02098359952359845 12.97
1298 0.02097471655997007 12.98
1299 0.02097666726102539 12.99
1300 0.02099123449067711 13
1301 0.02101164386223493 13.01
1302 0.02100076245792065 13.02
1303 0.02101605716565073 13.03
1304 0.02097497434069047 13.04
1305 0.02094673259844855 13.05
1306 0.0209066988677741 13.06
1307 0.02087167930214968 13.07
1308 0.02086110981582603 13.08
1309 0.02079074716481268 13.09
1310 0.02074130771786142 13.1
1311 0.02068742158773718 13.11
1312 0.02071329925826787 13.12
1313 0.02071429897033428 13.13
1314 0.02071249874316013 13.14
1315 0.0206858264556611 13.15
1316 0.02061758396025186 13.16
1317 0.02056742542408348 13.17
1318 0.02057467288344792 13.18
1319 0.0205439996484965 13.19
1320 0.02049069400748973 13.2
1321 0.02040526898780524 13.21
1322 0.02034419803277228 13.22
1323 0.02025934628355923 13.23
1324 0.02021621240386245 13.24
1325 0.02018339720581151 13.25
1326 0.02014498610372223 13.26
1327 0.02013517958379583 13.27
1328 0.02009305264204828 13.28
1329 0.02009154086535846 13.29
1330 0.02006497208923734 13.3
1331 0.020060462243163 13.31
1332 0.02004840504579165 13.32
1333 0.02006006269855116 13.33
1334 0.02003141924001779 13.34
1335 0.0200171612433474 13.35
1336 0.02002709638651363 13.36
1337 0.02003625492658694 13.37
1338 0.02003108506797991 13.38
1339 0.02005257205245843 13.39
1340 0.02001854217318171 13.4
1341 0.01995091615918284 13.41
1342 0.01993788205254265 13.42
1343 0.01992161970742452 13.43
1344 0.01991793531175148 13.44
1345 0.0199145764601562 13.45
1346 0.01990960310029546 13.46
1347 0.01990246177220447 13.47
1348 0.01987282072040023 13.48
1349 0.0198581628153735 13.49
1350 0.01986107335039828 13.5
1351 0.01985741246495559 13.51
1352 0.01985121246916846 13.52
1353 0.01986738233481511 13.53
1354 0.0198532207519571 13.54
1355 0.01986606139853552 13.55
1356 0.01988982666448415 13.56
1357 0.01987466297268456 13.57
1358 0.01984578783818335 13.58
1359 0.01983188579849495 13.59
1360 0.0198042896280212 13.6
1361 0.01977996640957809 13.61
1362 0.01975585684213319 13.62
1363 0.01974513432811669 13.63
1364 0.01971028491284527 13.64
1365 0.01970366483437724 13.65
1366 0.01968515410035089 13.66
1367 0.01969864150191484 13.67
1368 0.01970587857314135 13.68
1369 0.0196934469986736 13.69
1370 0.01970440274469179 13.7
1371 0.01969249282156627 13.71
1372 0.01965484980403619 13.72
1373 0.01965209801849564 13.73
1374 0.01961650203652661 13.74
1375 0.01956545308636582 13.75
1376 0.01949077745891355 13.76
1377 0.01944466846506057 13.77
1378 0.01937683066250723 13.78
1379 0.01931639840023086 13.79
1380 0.01926733660662858 13.8
1381 0.01917476571438148 13.81
1382 0.01913667615039151 13.82
1383 0.01910809366140367 13.83
1384 0.01906377283939571 13.84
1385 0.01902161142309119 13.85
1386 0.01896637804516526 13.86
1387 0.01890444312220015 13.87
1388 0.01886816148762746 13.88
1389 0.01881550614020067 13.89
1390 0.01879206962575668 13.9
1391 0.01873052381430365 13.91
1392 0.01867638853684571 13.92
1393 0.01860742158232497 13.93
1394 0.01851838389417716 13.94
1395 0.01845386179784244 13.95
1396 0.01841166317338796 13.96
1397 0.01832600212748765 13.97
1398 0.01822836001888284 13.98
1399 0.01814946220540252 13.99
1400 0.01806421421521318 14
1401 0.01801061261321361 14.01
1402 0.01794850631660837 14.02
1403 0.01789234434269064 14.03
1404 0.01784250520187588 14.04
1405 0.01779000922746465 14.05
1406 0.01772037531610408 14.06
1407 0.01765715120550278 14.07
1408 0.01760494919721148 14.08
1409 0.01752291740572423 14.09
1410 0.01748895624712563 14.1
1411 0.01744870758261654 14.11
1412 0.01740610971054345 14.12
1413 0.01735599247471566 14.13
1414 0.01729315896982134 14.14
1415 0.01722796878769025 14.15
1416 0.01718966639715138 14.16
1417 0.01714050925747959 14.17
1418 0.01709394944002916 14.18
1419 0.01705637641090715 14.19
1420 0.01702549975313426 14.2
1421 0.01700610831675588 14.21
1422 0.01698134305220897 14.22
1423 0.01698508776254695 14.23
1424 0.01696825570572508 14.24
1425 0.01696049844775527 14.25
1426 0.01694059668010984 14.26
1427 0.01693330964404831 14.27
1428 0.01694121163389528 14.28
1429 0.01693495923919429 14.29
1430 0.01691164284175152 14.3
1431 0.01689278433644642 14.31
1432 0.01690300946490336 14.32
1433 0.01690724578968944 14.33
1434 0.01692266211343816 14.34
1435 0.01693196204569725 14.35
1436 0.01693526472087907 14.36
1437 0.01695321525839352 14.37
1438 0.01694189451171937 14.38
1439 0.0169640151908049 14.39
1440 0.01699332029144524 14.4
1441 0.01701609046960793 14.41
1442 0.01703805004998504 14.42
1443 0.01706914127565819 14.43
1444 0.01708950042336154 14.44
1445 0.01709875766050583 14.45
1446 0.01714712680323382 14.46
1447 0.01719219675341896 14.47
1448 0.0172266541621368 14.48
1449 0.01726733778169872 14.49
1450 0.01728624471249425 14.5
1451 0.017320844761493 14.51
1452 0.01735222659312573 14.52
1453 0.01739111738153686 14.53
1454 0.01740702974104045 14.54
1455 0.01743928759415252 14.55
1456 0.01743391809007172 14.56
1457 0.01745750589460095 14.57
1458 0.01747948076840367 14.58
1459 0.01750710988728124 14.59
1460 0.01752393932262065 14.6
1461 0.01754377871016025 14.61
1462 0.01756338851620735 14.62
1463 0.01757708853810807 14.63
1464 0.01759590021646222 14.64
1465 0.01759522881237382 14.65
1466 0.01757686534510281 14.66
1467 0.01757657962301412 14.67
1468 0.01756015057495557 14.68
1469 0.01753443403631586 14.69
1470 0.01752996159243299 14.7
1471 0.01752468295203335 14.71
1472 0.01751584247448528 14.72
1473 0.01750745060534786 14.73
1474 0.01748184071693746 14.74
1475 0.01749316086884097 14.75
1476 0.01749863727393875 14.76
1477 0.01750541938916526 14.77
1478 0.01750656462468896 14.78
1479 0.01751898207263216 14.79
1480 0.01750548966598532 14.8
1481 0.01748602685490547 14.81
1482 0.01745291628220661 14.82
1483 0.01740620572668336 14.83
1484 0.01736768552840502 14.84
1485 0.01733823693211332 14.85
1486 0.01731297111306987 14.86
1487 0.01732202183150094 14.87
1488 0.01734093791683978 14.88
1489 0.01734313031955 14.89
1490 0.01732613664448545 14.9
1491 0.0173002097632013 14.91
1492 0.01729425133632887 14.92
1493 0.017280646707634 14.93
1494 0.01725133415752358 14.94
1495 0.01724772891884033 14.95
1496 0.01722098231141144 14.96
1497 0.01719018733507481 14.97
1498 0.01715998922989929 14.98
1499 0.01715225470130508 14.99
1500 0.01712510656550617 15
1501 0.01711272941193058 15.01
1502 0.01707441590200439 15.02
1503 0.01704232068261477 15.03
1504 0.01697860739162129 15.04
1505 0.01695106195102941 15.05
1506 0.01692388659953136 15.06
1507 0.01690083237750052 15.07
1508 0.01688278051737425 15.08
1509 0.01688198849942485 15.09
1510 0.01686500886652604 15.1
1511 0.01684349831533795 15.11
1512 0.01683074538928532 15.12
1513 0.01684515779455192 15.13
1514 0.01683236005891295 15.14
1515 0.01681864769129375 15.15
1516 0.01678947839669429 15.16
1517 0.01676032733133213 15.17
1518 0.0167382207919096 15.18
1519 0.01673443316485959 15.19
1520 0.01670939801988913 15.2
1521 0.01670070382096526 15.21
1522 0.01669661903172255 15.22
1523 0.01667026095416901 15.23
1524 0.01665945293423254 15.24
1525 0.01663655363081714 15.25
1526 0.01659400802533614 15.26
1527 0.01655736532088837 15.27
1528 0.01654244583504355 15.28
1529 0.01651962227552924 15.29
1530 0.01649965471953762 15.3
1531 0.01647206935837644 15.31
1532 0.01644741544000842 15.32
1533 0.01643910011781616 15.33
1534 0.01642557845741326 15.34
1535 0.01640732064686492 15.35
1536 0.01638823184627999 15.36
1537 0.0163932630582139 15.37
1538 0.01639944985438222 15.38
1539 0.01640622202114893 15.39
1540 0.01641208775870619 15.4
1541 0.01639296458171751 15.41
1542 0.01636749075647799 15.42
1543 0.0163619552262478 15.43
1544 0.01634849629101007 15.44
1545 0.01634075931248368 15.45
1546 0.01633075205915557 15.46
1547 0.01630368391894923 15.47
1548 0.01628302133211996 15.48
1549 0.01627925386345317 15.49
1550 0.01629679353253028 15.5
1551 0.0162907036230922 15.51
1552 0.01627746455792834 15.52
1553 0.01625240540327667 15.53
1554 0.01623572582386658 15.54
1555 0.01623601868123697 15.55
1556 0.01623383312774466 15.56
1557 0.01622681914221478 15.57
1558 0.01622256612626834 15.58
1559 0.01622141965834532 15.59
1560 0.01622022487073018 15.6
1561 0.01622832794494585 15.61
1562 0.01623951370004942 15.62
1563 0.01624769433827384 15.63
1564 0.0162584671188837 15.64
1565 0.01627472792342249 15.65
1566 0.01628672855226743 15.66
1567 0.01628195762754954 15.67
1568 0.01627977352675013 15.68
1569 0.01628632112898429 15.69
1570 0.01628994260819539 15.7
1571 0.01627781136658965 15.71
1572 0.01626522948340741 15.72
1573 0.01624839689722515 15.73
1574 0.01622539982169779 15.74
1575 0.01621153090562287 15.75
1576 0.01619346964278545 15.76
1577 0.01617059165882997 15.77
1578 0.01615028078950482 15.78
1579 0.01611708471741649 15.79
1580 0.01609561714335816 15.8
1581 0.01607563446281521 15.81
1582 0.01605123331631522 15.82
1583 0.01603215018209248 15.83
1584 0.0160062381604364 15.84
1585 0.0159810270204601 15.85
1586 0.01595653649478364 15.86
1587 0.01592746903677753 15.87
1588 0.01589845834138071 15.88
1589 0.01587078515071887 15.89
1590 0.01585084734644935 15.9
1591 0.0158394406758866 15.91
1592 0.01581575954564921 15.92
1593 0.01579321810906047 15.93
1594 0.01577237029137644 15.94
1595 0.01575591854961663 15.95
1596 0.01573802287752938 15.96
1597 0.01572255282045619 15.97
1598 0.01571245975189843 15.98
1599 0.01570485543021443 15.99
1600 0.01569927515411459 16
1601 0.01568250308967672 16.01
1602 0.01567369697503753 16.02
1603 0.01565533369469493 16.03
1604 0.01564105182133398 16.04
1605 0.01562691110249471 16.05
1606 0.01561250454627183 16.06
1607 0.01560584351542057 16.07
1608 0.01559093024322178 16.08
1609 0.01557697989460231 16.09
1610 0.01556264252578719 16.1
1611 0.01554704641967629 16.11
1612 0.01554307148141178 16.12
1613 0.01552794262776826 16.13
1614 0.01552087891822215 16.14
1615 0.01551179874458098 16.15
1616 0.01549870024084221 16.16
1617 0.01548259588717767 16.17
1618 0.01546792621281885 16.18
1619 0.01544825070501979 16.19
1620 0.01541523587870719 16.2
1621 0.015382288809872 16.21
1622 0.01535239264423046 16.22
1623 0.0153175711067408 16.23
1624 0.01528903354900136 16.24
1625 0.01526203676728977 16.25
1626 0.01523101492174957 16.26
1627 0.01520777654415754 16.27
1628 0.01519369385577442 16.28
1629 0.01517623014872698 16.29
1630 0.01515922792392467 16.3
1631 0.01513247558274018 16.31
1632 0.01511910831488278 16.32
1633 0.01508079575044993 16.33
1634 0.01503774782226018 16.34
1635 0.01500221660394857 16.35
1636 0.01496826800496569 16.36
1637 0.01493475090212875 16.37
1638 0.01489520131351175 16.38
1639 0.01486980352405764 16.39
1640 0.01484120626949738 16.4
1641 0.01481504939006016 16.41
1642 0.01480056015003229 16.42
1643 0.0147903335442097 16.43
1644 0.01477397582179853 16.44
1645 0.01475926614975545 16.45
1646 0.01476061147828274 16.46
1647 0.01476624988824645 16.47
1648 0.01476503256292517 16.48
1649 0.01476709582378721 16.49
1650 0.01477687493351114 16.5
1651 0.01478234239092941 16.51
1652 0.01478775882402062 16.52
1653 0.01480233461751397 16.53
1654 0.01481852135255583 16.54
1655 0.01482957581585865 16.55
1656 0.01484567687826141 16.56
1657 0.01486060621306036 16.57
1658 0.0148747833071552 16.58
1659 0.01489629613737144 16.59
1660 0.0149180627841102 16.6
1661 0.0149472889662171 16.61
1662 0.014974222460983 16.62
1663 0.01500056687286037 16.63
1664 0.01502026568938556 16.64
1665 0.01503511554768437 16.65
1666 0.01505057037885229 16.66
1667 0.01505931973325695 16.67
1668 0.01505686802913618 16.68
1669 0.01506902212433789 16.69
1670 0.01507666425118453 16.7
1671 0.01509641281290104 16.71
1672 0.01510955444166922 16.72
1673 0.01512673684821304 16.73
1674 0.01514894216182901 16.74
1675 0.01516259685802493 16.75
1676 0.0151758681102018 16.76
1677 0.01519430454394867 16.77
1678 0.01520458810655776 16.78
1679 0.01521067437575626 16.79
1680 0.01520518910478434 16.8
1681 0.01520875340426356 16.81
1682 0.0152060690893764 16.82
1683 0.01519691856891989 16.83
1684 0.01518200069825467 16.84
1685 0.01516852505009732 16.85
1686 0.01516411842762686 16.86
1687 0.01514737334921564 16.87
1688 0.01513765831860038 16.88
1689 0.01511985695406649 16.89
1690 0.01510702796709494 16.9
1691 0.01509206780862506 16.91
1692 0.01505950611496373 16.92
1693 0.0150298378902784 16.93
1694 0.01501248382462371 16.94
1695 0.01499054064929636 16.95
1696 0.01497029295720715 16.96
1697 0.01497042928786018 16.97
1698 0.01496750647499534 16.98
1699 0.01496320265897659 16.99
1700 0.01494600241507983 17
1701 0.01493145128325376 17.01
1702 0.01493163927436782 17.02
1703 0.01492667406283109 17.03
1704 0.01491268949881687 17.04
1705 0.01488809667983602 17.05
1706 0.01487440313272052 17.06
1707 0.01486929541089041 17.07
1708 0.01486543920274404 17.08
1709 0.01485006115250311 17.09
1710 0.01483899046824399 17.1
1711 0.01483086583149767 17.11
1712 0.01482465496612408 17.12
1713 0.01481742250579456 17.13
1714 0.01481309782236112 17.14
1715 0.01480532304220407 17.15
1716 0.01479194506969752 17.16
1717 0.01478472221346397 17.17
1718 0.01477700208839333 17.18
1719 0.01475708273064075 17.19
1720 0.0147317740790471 17.2
1721 0.01470067880501074 17.21
1722 0.01467536273958131 17.22
1723 0.01464771367862188 17.23
1724 0.01463314515512575 17.24
1725 0.01461057637288286 17.25
1726 0.0145918756342045 17.26
1727 0.01457953375689163 17.27
1728 0.01456009127010265 17.28
1729 0.01453908387802205 17.29
1730 0.01451431096122306 17.3
1731 0.01446772912084641 17.31
1732 0.0144511093972325 17.32
1733 0.01443259001224345 17.33
1734 0.01442067347141276 17.34
1735 0.01440710328692878 17.35
1736 0.01438893676076571 17.36
1737 0.01436429072236314 17.37
1738 0.01433768141549937 17.38
1739 0.01433635875803143 17.39
1740 0.01433178136606458 17.4
1741 0.01432108979814128 17.41
1742 0.01430206474673385 17.42
1743 0.01427432967478634 17.43
1744 0.01425747844012945 17.44
1745 0.0142418241337003 17.45
1746 0.01422302721782969 17.46
1747 0.01421207787700911 17.47
1748 0.01421326270869768 17.48
1749 0.01421288605440935 17.49
1750 0.01422445148272629 17.5
1751 0.01424184419188617 17.51
1752 0.01425298333868646 17.52
1753 0.0142646254629696 17.53
1754 0.01427281027135853 17.54
1755 0.01427624131841037 17.55
1756 0.01428678255164399 17.56
1757 0.01429795304879279 17.57
1758 0.01430583584127672 17.58
1759 0.01430981774471737 17.59
1760 0.01431882167589891 17.6
1761 0.01433355233044838 17.61
1762 0.01434314640728196 17.62
1763 0.01435431332745361 17.63
1764 0.01436083660810495 17.64
1765 0.01436997452013198 17.65
1766 0.01438981954798797 17.66
1767 0.01439983282003714 17.67
1768 0.0144085789268581 17.68
1769 0.01442696497418581 17.69
1770 0.01443505770673582 17.7
1771 0.01444539507526805 17.71
1772 0.01445165976975223 17.72
1773 0.01445272781738164 17.73
1774 0.01446168292460967 17.74
1775 0.01445790248363173 17.75
1776 0.01446175748609048 17.76
1777 0.01446590710102413 17.77
1778 0.01446129685250458 17.78
1779 0.01446118483250128 17.79
1780 0.01445063926479551 17.8
1781 0.01444649053611309 17.81
1782 0.01443628434129206 17.82
1783 0.01441773354229944 17.83
1784 0.0143950789101025 17.84
1785 0.01436212654629173 17.85
1786 0.01436077304477641 17.86
1787 0.01434297177445654 17.87
1788 0.01433052476300525 17.88
1789 0.01430809128187594 17.89
1790 0.01429732582337091 17.9
1791 0.01428486645347831 17.91
1792 0.01426225884627461 17.92
1793 0.0142551709137718 17.93
1794 0.01424719706556953 17.94
1795 0.01422707368630206 17.95
1796 0.01420740948031204 17.96
1797 0.01419096290104301 17.97
1798 0.01417861032169508 17.98
1799 0.01417357958716253 17.99
1800 0.01416504838389909 18
1801 0.01415122907384467 18.01
1802 0.01414294630015935 18.02
1803 0.01413279516610871 18.03
1804 0.01412554070979613 18.04
1805 0.01410783316686894 18.05
1806 0.01408309560217467 18.06
1807 0.01406107742246411 18.07
1808 0.01404999431949606 18.08
1809 0.01404795604173052 18.09
1810 0.01403201603851405 18.1
1811 0.0140173277892687 18.11
1812 0.01400569050437032 18.12
1813 0.01399422166628111 18.13
1814 0.01398172405467618 18.14
1815 0.01397766492594317 18.15
1816 0.01397020758168064 18.16
1817 0.013961721866201 18.17
1818 0.01395959947224229 18.18
1819 0.01396200733333954 18.19
1820 0.01396772274121283 18.2
1821 0.01395464578749675 18.21
1822 0.01395289031016831 18.22
1823 0.01395176459408892 18.23
1824 0.01395309141424612 18.24
1825 0.01395341978933761 18.25
1826 0.01395359821819614 18.26
1827 0.01395287114333132 18.27
1828 0.01394715530646972 18.28
1829 0.01394618782987335 18.29
1830 0.01394730070844733 18.3
1831 0.01394164995107115 18.31
1832 0.0139392877742468 18.32
1833 0.01394586420428589 18.33
1834 0.01394554861546382 18.34
1835 0.01393728503734958 18.35
1836 0.01394012441281726 18.36
1837 0.01394708055996467 18.37
1838 0.01395021715542133 18.38
1839 0.01394925494285294 18.39
1840 0.01394611144399108 18.4
1841 0.01392839276759078 18.41
1842 0.01391901443960123 18.42
1843 0.01391975074869473 18.43
1844 0.01392792577498094 18.44
1845 0.01393189241884281 18.45
1846 0.01392682018830271 18.46
1847 0.01392874201757057 18.47
1848 0.01392347913320632 18.48
1849 0.01391119120461851 18.49
1850 0.01390056989605608 18.5
1851 0.01388447245684856 18.51
1852 0.01387741753846632 18.52
1853 0.01387623339031305 18.53
1854 0.01387675609758616 18.54
1855 0.01386385208366752 18.55
1856 0.01384364307957693 18.56
1857 0.01384567311140175 18.57
1858 0.01384385072758278 18.58
1859 0.01383732292457073 18.59
1860 0.01383490689516329 18.6
1861 0.01384095692998626 18.61
1862 0.0138303105817516 18.62
1863 0.01382039623095202 18.63
1864 0.01380710012298106 18.64
1865 0.01378581063728718 18.65
1866 0.01377633432352914 18.66
1867 0.01376450905767844 18.67
1868 0.01374916441770889 18.68
1869 0.01374455239308749 18.69
1870 0.01372587069043332 18.7
1871 0.01370437550170604 18.71
1872 0.01368193223436764 18.72
1873 0.013655506653397 18.73
1874 0.01362382998661588 18.74
1875 0.01360405962416461 18.75
1876 0.01357889592990781 18.76
1877 0.01355144108316625 18.77
1878 0.01352018459291365 18.78
1879 0.01350495252731067 18.79
1880 0.01348967374601199 18.8
1881 0.0134803114388391 18.81
1882 0.01346377438926276 18.82
1883 0.0134403004304312 18.83
1884 0.01342187844604961 18.84
1885 0.0134102080629108 18.85
1886 0.01339052703980995 18.86
1887 0.01337910640143807 18.87
1888 0.01337411180706835 18.88
1889 0.01336809131614996 18.89
1890 0.01335860112261879 18.9
1891 0.01335353016787001 18.91
1892 0.01335229735568611 18.92
1893 0.01335213302702046 18.93
1894 0.0133499975672422 18.94
1895 0.01333955648408253 18.95
1896 0.0133346397389255 18.96
1897 0.01334066912042541 18.97
1898 0.01333314521171342 18.98
1899 0.01333559097863471 18.99
1900 0.01333883313254087 19
1901 0.01333480319654329 19.01
1902 0.01333767210400931 19.02
1903 0.01333706041245187 19.03
1904 0.01335213589912542 19.04
1905 0.01335369669578657 19.05
1906 0.0133682115066718 19.06
1907 0.01338091187760545 19.07
1908 0.01340904461160712 19.08
1909 0.01341967527386419 19.09
1910 0.01343106287032573 19.1
1911 0.0134523730117211 19.11
1912 0.01347447494963392 19.12
1913 0.01350341340097152 19.13
1914 0.01353643699025642 19.14
1915 0.01357385446381228 19.15
1916 0.01361477885130691 19.16
1917 0.0136416912157931 19.17
1918 0.01364640899517216 19.18
1919 0.01367456902692812 19.19
1920 0.01370066817705654 19.2
1921 0.01371788620381166 19.21
1922 0.01374214800246133 19.22
1923 0.01376870869406643 19.23
1924 0.01379092777625221 19.24
1925 0.01381614479909845 19.25
1926 0.01383596454564322 19.26
1927 0.01385069543733595 19.27
1928 0.01386678172810051 19.28
1929 0.01388032654900179 19.29
1930 0.01389200062028885 19.3
1931 0.01389141215602033 19.31
1932 0.01388456716660199 19.32
1933 0.01387386026540726 19.33
1934 0.01385762031164597 19.34
1935 0.01383841420509133 19.35
1936 0.01382967290932083 19.36
1937 0.01381156218586621 19.37
1938 0.01378984402349313 19.38
1939 0.01376606661826102 19.39
1940 0.01373891155433 19.4
1941 0.01371569404066778 19.41
1942 0.01369635660576503 19.42
1943 0.01367983388198292 19.43
1944 0.01366026818604564 19.44
1945 0.01364636761620918 19.45
1946 0.01363194643489516 19.46
1947 0.01362097630777104 19.47
1948 0.01360834513227016 19.48
1949 0.01358142262560721 19.49
1950 0.01356098195665528 19.5
1951 0.01353953773218665 19.51
1952 0.01351548484287076 19.52
1953 0.0134954624570954 19.53
1954 0.01348238274369726 19.54
1955 0.01346755119915166 19.55
1956 0.01345532648120724 19.56
1957 0.01344658724837495 19.57
1958 0.01343436550717512 19.58
1959 0.01343654644698532 19.59
1960 0.01343778301934004 19.6
1961 0.01344214265166079 19.61
1962 0.01344443453842606 19.62
1963 0.01344856980502833 19.63
1964 0.01345063229974235 19.64
1965 0.01345971075383868 19.65
1966 0.01347955576182366 19.66
1967 0.0134942188043106 19.67
1968 0.01350114999032147 19.68
1969 0.01351370857706803 19.69
1970 0.01352209875307659 19.7
1971 0.01353478456211813 19.71
1972 0.01354438267479916 19.72
1973 0.01355150729498156 19.73
1974 0.01355933266649529 19.74
1975 0.01356246329376089 19.75
1976 0.01356536351208642 19.76
1977 0.01356405759297566 19.77
1978 0.01356386186198979 19.78
1979 0.01356675078027853 19.79
1980 0.01357316931048214 19.8
1981 0.01358010443705903 19.81
1982 0.01358672529286798 19.82
1983 0.01360432041804948 19.83
1984 0.01360104832277116 19.84
1985 0.01360221889734875 19.85
1986 0.01360791324030225 19.86
1987 0.01359888824168954 19.87
1988 0.01359275696628004 19.88
1989 0.01358126539168028 19.89
1990 0.01357066014712337 19.9
1991 0.01355733668121969 19.91
1992 0.01354623261383704 19.92
1993 0.01352264013682562 19.93
1994 0.01351066187743596 19.94
1995 0.01350003874512182 19.95
1996 0.01349140469788472 19.96
1997 0.01346389224795519 19.97
1998 0.01344703853618997 19.98
1999 0.01342737780540832 19.99
2000 0.01341203089242804 20
2001 0.01339426381310142 20.01
2002 0.01338001352751491 20.02
2003 0.01336265259110243 20.03
2004 0.01334310752861747 20.04
2005 0.01333345450144258 20.05
2006 0.01332245784595175 20.06
2007 0.01329854183591934 20.07
2008 0.01328285728437782 20.08
2009 0.01326906639813063 20.09
2010 0.0132638267948315 20.1
2011 0.01326830678539826 20.11
2012 0.01326823067523663 20.12
2013 0.01327036883461836 20.13
2014 0.01327454405330061 20.14
2015 0.01326542134337819 20.15
2016 0.01326794629017839 20.16
2017 0.01326764121296641 20.17
2018 0.01326538072792881 20.18
2019 0.01326742127193021 20.19
2020 0.01326162609863206 20.2
2021 0.01326079536669612 20.21
2022 0.01326019552762604 20.22
2023 0.013261128408731 20.23
2024 0.01325274329487797 20.24
2025 0.01325286297810899 20.25
2026 0.01325741797656695 20.26
2027 0.01325909231008084 20.27
2028 0.01326912650264013 20.28
2029 0.01328757923452239 20.29
2030 0.01330275320716272 20.3
2031 0.01331789726401596 20.31
2032 0.01333377281061374 20.32
2033 0.01334107380766198 20.33
2034 0.01335875379589534 20.34
2035 0.01336024307470589 20.35
2036 0.01336518923138156 20.36
2037 0.01336764814681286 20.37
2038 0.01337004967206508 20.38
2039 0.01337046656460715 20.39
2040 0.01337317728323384 20.4
2041 0.01337489210351351 20.41
2042 0.01336556829638659 20.42
2043 0.01335963861090851 20.43
2044 0.01336959130709716 20.44
2045 0.01337876448531989 20.45
2046 0.01338950803989839 20.46
2047 0.01339909104361072 20.47
2048 0.01342481995310883 20.48
2049 0.01343646707986429 20.49
2050 0.01344368557730914 20.5
2051 0.0134603624362854 20.51
2052 0.01347173022536641 20.52
2053 0.01348995651403948 20.53
2054 0.01349828262796623 20.54
2055 0.01350388551940085 20.55
2056 0.01350723938295858 20.56
2057 0.01351712611357206 20.57
2058 0.0135271745565744 20.58
2059 0.01353628156908804 20.59
2060 0.0135497657725419 20.6
2061 0.01355378320839398 20.61
2062 0.01355552286824077 20.62
2063 0.01356906017363876 20.63
2064 0.01357807973599316 20.64
2065 0.01359280728160995 20.65
2066 0.01360353502552944 20.66
2067 0.01362045338990363 20.67
2068 0.01365091245805285 20.68
2069 0.01367744025355894 20.69
2070 0.01370307842318089 20.7
2071 0.01372133034525278 20.71
2072 0.01372872141638749 20.72
2073 0.01372800509811836 20.73
2074 0.01371809504595957 20.74
2075 0.01371113771249655 20.75
2076 0.01370726583786332 20.76
2077 0.01369983822484504 20.77
2078 0.0136933994881667 20.78
2079 0.01369373507419592 20.79
2080 0.01369351124571754 20.8
2081 0.01370220660567277 20.81
2082 0.01370209399693202 20.82
2083 0.01370758495145608 20.83
2084 0.01371412229358808 20.84
2085 0.01372754172258247 20.85
2086 0.01374361687627778 20.86
2087 0.01374900403340482 20.87
2088 0.0137516171266394 20.88
2089 0.01375540930871337 20.89
2090 0.01375556940881495 20.9
2091 0.01375529929674722 20.91
2092 0.01374868912677826 20.92
2093 0.01374966789204176 20.93
2094 0.0137485650534172 20.94
2095 0.01374493105048993 20.95
2096 0.01375190970218034 20.96
2097 0.01375216752686818 20.97
2098 0.01375356838517365 20.98
2099 0.01375729453023725 20.99
2100 0.01376145711342729 21
2101 0.01375955485023177 21.01
2102 0.01375618996006485 21.02
2103 0.01376532664365964 21.03
2104 0.01375859453054136 21.04
2105 0.01375644417786356 21.05
2106 0.01375632931508104 21.06
2107 0.01374958146753707 21.07
2108 0.01375144671688325 21.08
2109 0.01374955043583352 21.09
2110 0.01375364334680873 21.1
2111 0.013749877443761 21.11
2112 0.01373267834859434 21.12
2113 0.01372355109021152 21.13
2114 0.01371288792918295 21.14
2115 0.0137023877183214 21.15
2116 0.01368449378705482 21.16
2117 0.0136685219013804 21.17
2118 0.01365313629629567 21.18
2119 0.01363457578234341 21.19
2120 0.01361656315531577 21.2
2121 0.01360107783994741 21.21
2122 0.01358119214158401 21.22
2123 0.01356274203812992 21.23
2124 0.01354281883988758 21.24
2125 0.01352546820442488 21.25
2126 0.01350807316076989 21.26
2127 0.01349087691550939 21.27
2128 0.01347095858348894 21.28
2129 0.01344924071549619 21.29
2130 0.01342533488714161 21.3
2131 0.01339852072444055 21.31
2132 0.0133677686871219 21.32
2133 0.01334491415814547 21.33
2134 0.01332265571326653 21.34
2135 0.01330131567683977 21.35
2136 0.0132791047603832 21.36
2137 0.01325882659664089 21.37
2138 0.0132374299294162 21.38
2139 0.01320978368126738 21.39
2140 0.01318801599697635 21.4
2141 0.01315590662055614 21.41
2142 0.01313086555608552 21.42
2143 0.01311373569287515 21.43
2144 0.01309787752738723 21.44
2145 0.01307253800819204 21.45
2146 0.01306239470762259 21.46
2147 0.01305263303162889 21.47
2148 0.01303488917266059 21.48
2149 0.0130219849999989 21.49
2150 0.01300059852331533 21.5
2151 0.01299236367614821 21.51
2152 0.0129853247444999 21.52
2153 0.01297601404471214 21.53
2154 0.01297841558172321 21.54
2155 0.01297370234240703 21.55
2156 0.01296894935684613 21.56
2157 0.0129711689890187 21.57
2158 0.01297042201974951 21.58
2159 0.01297470909760654 21.59
2160 0.01298500794885607 21.6
2161 0.01299470635979817 21.61
2162 0.01299958868737611 21.62
2163 0.01300527355088375 21.63
2164 0.01302134949643041 21.64
2165 0.0130389877956656 21.65
2166 0.01305685433772598 21.66
2167 0.01308138370198229 21.67
2168 0.01311025552944274 21.68
2169 0.01312632858788562 21.69
2170 0.01316111346879694 21.7
2171 0.01318154128277115 21.71
2172 0.01322300415799612 21.72
2173 0.01325490503711905 21.73
2174 0.01329175475221233 21.74
2175 0.0133244855401967 21.75
2176 0.01336071255925851 21.76
2177 0.01340706619220258 21.77
2178 0.01343898014728338 21.78
2179 0.01348843476233254 21.79
2180 0.01353633635117706 21.8
2181 0.01357638206892705 21.81
2182 0.01361120425782877 21.82
2183 0.01365251277369459 21.83
2184 0.01368006284124776 21.84
2185 0.01372473927518218 21.85
2186 0.01376848821909343 21.86
2187 0.01380791231415859 21.87
2188 0.01384315712593137 21.88
2189 0.01387972450290306 21.89
2190 0.01391080311105513 21.9
2191 0.013931641014121 21.91
2192 0.01395966652837174 21.92
2193 0.01398751119338705 21.93
2194 0.01402316213118738 21.94
2195 0.01403707865613679 21.95
2196 0.01404593994022878 21.96
2197 0.01405926899573751 21.97
2198 0.01408601349406197 21.98
2199 0.01410283294294403 21.99
2200 0.01413074098821258 22
2201 0.01415249914837414 22.01
2202 0.01415673312861733 22.02
2203 0.01416955860089113 22.03
2204 0.01417835801045064 22.04
2205 0.01418176884774973 22.05
2206 0.01418842675019851 22.06
2207 0.01419719177353897 22.07
2208 0.01420558914829002 22.08
2209 0.01422160563542165 22.09
2210 0.0142335676955818 22.1
2211 0.01424210781573576 22.11
2212 0.01425211740249877 22.12
2213 0.01426254297302572 22.13
2214 0.01425558583179072 22.14
2215 0.01424674164097401 22.15
2216 0.01424226359997371 22.16
2217 0.01424219457878678 22.17
2218 0.01424383839414117 22.18
2219 0.01424806657954218 22.19
2220 0.01425270018821645 22.2
2221 0.01424179968668728 22.21
2222 0.01423350578399716 22.22
2223 0.01424428126771736 22.23
2224 0.01424923980657779 22.24
2225 0.01425125559724345 22.25
2226 0.01425081686670916 22.26
2227 0.0142622273328923 22.27
2228 0.01428224934571623 22.28
2229 0.01429093533534857 22.29
2230 0.01431011698489637 22.3
2231 0.01431100957323022 22.31
2232 0.01431559120545006 22.32
2233 0.01430860472255329 22.33
2234 0.01429623367658454 22.34
2235 0.01430247609203058 22.35
2236 0.01429926475858168 22.36
2237 0.01430621719710307 22.37
2238 0.01431831393236819 22.38
2239 0.01433874719364635 22.39
2240 0.01435143086604107 22.4
2241 0.01437937174841727 22.41
2242 0.01440195944638768 22.42
2243 0.01441482129734385 22.43
2244 0.0144313301978719 22.44
2245 0.01443514458266929 22.45
2246 0.01443296646422213 22.46
2247 0.01444093995589703 22.47
2248 0.01445233127458271 22.48
2249 0.01445896456508659 22.49
2250 0.01446455527644414 22.5
2251 0.01447344750168074 22.51
2252 0.01447959562627945 22.52
2253 0.01449780048530818 22.53
2254 0.01452388882393233 22.54
2255 0.01455055498508633 22.55
2256 0.01457783416251014 22.56
2257 0.01460294233991289 22.57
2258 0.01462073763648115 22.58
2259 0.01463247785761739 22.59
2260 0.01464244627781935 22.6
2261 0.01464488452616037 22.61
2262 0.01464972344583337 22.62
2263 0.01465806338195705 22.63
2264 0.01466547735829253 22.64
2265 0.01468483390201167 22.65
2266 0.01469506424582358 22.66
2267 0.01470214720868798 22.67
2268 0.01471036579107368 22.68
2269 0.01472105153745895 22.69
2270 0.01473920358811807 22.7
2271 0.01476225252460432 22.71
2272 0.01478698127619423 22.72
2273 0.01480848633085133 22.73
2274 0.01482903648338459 22.74
2275 0.01484688750242406 22.75
2276 0.01485921664610636 22.76
2277 0.0148689115005066 22.77
2278 0.0148738770590688 22.78
2279 0.01488061983301558 22.79
2280 0.01488501416580669 22.8
2281 0.01490604237492351 22.81
2282 0.01491953563055116 22.82
2283 0.01493686308236383 22.83
2284 0.01494667016075719 22.84
2285 0.01496804107156777 22.85
2286 0.01498672490818717 22.86
2287 0.01499842777917861 22.87
2288 0.01502502177873086 22.88
2289 0.01504082896419868 22.89
2290 0.01505604002066771 22.9
2291 0.0150727431834312 22.91
2292 0.01508379898459944 22.92
2293 0.01509673099456562 22.93
2294 0.015116960991575 22.94
2295 0.01514899359687542 22.95
2296 0.01518399259419582 22.96
2297 0.01520647663204728 22.97
2298 0.01522907305361352 22.98
2299 0.0152441997956133 22.99
2300 0.01526243114958572 23
2301 0.01528778427802246 23.01
2302 0.01530614797785223 23.02
2303 0.01532915820522587 23.03
2304 0.01534292286683794 23.04
2305 0.0153678608662944 23.05
2306 0.01538601330992105 23.06
2307 0.01539964986661063 23.07
2308 0.01541342491495041 23.08
2309 0.01543253131038657 23.09
2310 0.01545006427281581 23.1
2311 0.01546892400835732 23.11
2312 0.01549171251340599 23.12
2313 0.01551878219520792 23.13
2314 0.01554381175419391 23.14
2315 0.01557126891076213 23.15
2316 0.01557895669092 23.16
2317 0.01559121773425616 23.17
2318 0.01561204359221994 23.18
2319 0.01563277658130634 23.19
2320 0.01565869758267838 23.2
2321 0.01567529592028521 23.21
2322 0.01569200230226429 23.22
2323 0.01570820516469901 23.23
2324 0.01572262052530716 23.24
2325 0.01573348798644894 23.25
2326 0.01573734518855553 23.26
2327 0.01574078288387089 23.27
2328 0.01574335577101584 23.28
2329 0.01575108983028254 23.29
2330 0.01575059757515293 23.3
2331 0.01575488731172183 23.31
2332 0.01575638587583087 23.32
2333 0.01576189875652999 23.33
2334 0.01577066531375606 23.34
2335 0.01577679572261814 23.35
2336 0.01577654797101433 23.36
2337 0.01579094564847196 23.37
2338 0.01581524223671016 23.38
2339 0.01582170203208011 23.39
2340 0.01583526125100178 23.4
2341 0.01585553646797605 23.41
2342 0.01586558621215602 23.42
2343 0.01587346364642558 23.43
2344 0.0158705470650506 23.44
2345 0.01585827335751087 23.45
2346 0.01585486448367562 23.46
2347 0.01586686280232007 23.47
2348 0.01588505213925263 23.48
2349 0.01590428975385273 23.49
2350 0.01592057764233827 23.5
2351 0.01592728507604053 23.51
2352 0.01594597749406788 23.52
2353 0.01596290789471513 23.53
2354 0.01596269406235145 23.54
2355 0.01595662990012953 23.55
2356 0.01595516182852152 23.56
2357 0.01596013127284934 23.57
2358 0.01596201474865252 23.58
2359 0.01597757443951918 23.59
2360 0.01598244221151304 23.6
2361 0.01599617109247109 23.61
2362 0.01600779482373402 23.62
2363 0.01602844568955178 23.63
2364 0.016060076659955 23.64
2365 0.01608218666198721 23.65
2366 0.01609772845345068 23.66
2367 0.01610406392826915 23.67
2368 0.0161133117876849 23.68
2369 0.01611435544050459 23.69
2370 0.01612495458616543 23.7
2371 0.0161338037650958 23.71
2372 0.01613888354565097 23.72
2373 0.0161466267531663 23.73
2374 0.01614566321545015 23.74
2375 0.01615100302142777 23.75
2376 0.01615283326205113 23.76
2377 0.01616487630032431 23.77
2378 0.01617858576526644 23.78
2379 0.01618763337865766 23.79
2380 0.01620420170249932 23.8
2381 0.01622171183759588 23.81
2382 0.0162423559533801 23.82
2383 0.01626185940866232 23.83
2384 0.01627506269447155 23.84
2385 0.01628053690415768 23.85
2386 0.01628757482497777 23.86
2387 0.01629365054144695 23.87
2388 0.0162948601330577 23.88
2389 0.0163048764030456 23.89
2390 0.01631542902096744 23.9
2391 0.01631918470311359 23.91
2392 0.01632418716768046 23.92
2393 0.01632196128819895 23.93
2394 0.01632521647939218 23.94
2395 0.01632191109845301 23.95
2396 0.01631981008694313 23.96
2397 0.01632247647402117 23.97
2398 0.01632770160903543 23.98
2399 0.01633053362315479 23.99
2400 0.01633317911873483 24
2401 0.01632846132194531 24.01
2402 0.01632715959415566 24.02
2403 0.01633051952065034 24.03
2404 0.0163343152448165 24.04
2405 0.01634436683904801 24.05
2406 0.0163691722400168 24.06
2407 0.01639302873630081 24.07
2408 0.01640673928658069 24.08
2409 0.01642198703979688 24.09
2410 0.01641607162420875 24.1
2411 0.01641705708838843 24.11
2412 0.01642428881180731 24.12
2413 0.01643193133887882 24.13
2414 0.01643893038393051 24.14
2415 0.01643310111459754 24.15
2416 0.01641114468141947 24.16
2417 0.01639437271024273 24.17
2418 0.01638407664350351 24.18
2419 0.01637717223721877 24.19
2420 0.01637421418147311 24.2
2421 0.01637859894217217 24.21
2422 0.01637863744782867 24.22
2423 0.01638145106549517 24.23
2424 0.01639167817878948 24.24
2425 0.01640166916484989 24.25
2426 0.01640320066687952 24.26
2427 0.01640622770193586 24.27
2428 0.01641604829004151 24.28
2429 0.01642060051965685 24.29
2430 0.01643078943854451 24.3
2431 0.01643407991451764 24.31
2432 0.01643553693860799 24.32
2433 0.0164409904289054 24.33
2434 0.01644108035939336 24.34
2435 0.0164448707834095 24.35
2436 0.01645793355674439 24.36
2437 0.01646054435809464 24.37
2438 0.01647002617702095 24.38
2439 0.01647478318119868 24.39
2440 0.01646645692036091 24.4
2441 0.01646398186723469 24.41
2442 0.01646316977772206 24.42
2443 0.01645921014258739 24.43
2444 0.01645647210521168 24.44
2445 0.01647842714692789 24.45
2446 0.0164811092581392 24.46
2447 0.0164768030457717 24.47
2448 0.01647795136582374 24.48
2449 0.0164823772478533 24.49
2450 0.01648278215669767 24.5
2451 0.01648735114849746 24.51
2452 0.01648879969629081 24.52
2453 0.01650018005203834 24.53
2454 0.01651679539383009 24.54
2455 0.01652845219524387 24.55
2456 0.01653524926592142 24.56
2457 0.01653099628016707 24.57
2458 0.01652447305967267 24.58
2459 0.01652070946276764 24.59
2460 0.01651996262931218 24.6
2461 0.01652370425236602 24.61
2462 0.01651785348853908 24.62
2463 0.01651682698023739 24.63
2464 0.01652044743993802 24.64
2465 0.01652287354116585 24.65
2466 0.01652815645752881 24.66
2467 0.01654265733624848 24.67
2468 0.01655791447870287 24.68
2469 0.01656988691727981 24.69
2470 0.016578163094825 24.7
2471 0.01659234403755745 24.71
2472 0.01660376743656435 24.72
2473 0.01660862669881472 24.73
2474 0.01661318160488075 24.74
2475 0.01661374332229105 24.75
2476 0.01661509549356888 24.76
2477 0.01661736531813527 24.77
2478 0.01662401851262562 24.78
2479 0.01663997812056783 24.79
2480 0.01665635405360423 24.8
2481 0.01667748101372216 24.81
2482 0.01670035351089577 24.82
2483 0.01672299344792695 24.83
2484 0.01674605039799645 24.84
2485 0.01676850866480106 24.85
2486 0.01679816034760402 24.86
2487 0.01681941261602849 24.87
2488 0.01683924507788373 24.88
2489 0.01686219366065309 24.89
2490 0.01687823852290894 24.9
2491 0.01689825932154032 24.91
2492 0.01691723082476999 24.92
2493 0.01694162432455758 24.93
2494 0.0169699041856534 24.94
2495 0.01699609063660957 24.95
2496 0.01703098356844461 24.96
2497 0.0170659609776412 24.97
2498 0.01710141575518728 24.98
2499 0.01713139066617633 24.99
2500 0.01715593183338559 25
2501 0.01719474709587054 25.01
2502 0.01723038063447297 25.02
2503 0.01726830471487642 25.03
2504 0.01729901537190904 25.04
2505 0.01733614574332815 25.05
2506 0.01736380042927962 25.06
2507 0.0174011422061667 25.07
2508 0.01743869319283399 25.08
2509 0.0174803794041343 25.09
2510 0.01751983086080001 25.1
2511 0.01755874020043136 25.11
2512 0.0175953851899511 25.12
2513 0.01763121159101925 25.13
2514 0.01766292745829436 25.14
2515 0.01768379837924815 25.15
2516 0.01769891230792536 25.16
2517 0.01772585120779985 25.17
2518 0.01774607897892749 25.18
2519 0.01776639213219624 25.19
2520 0.0177790885723098 25.2
2521 0.0177940535955358 25.21
2522 0.01780214631827343 25.22
2523 0.01780850482549201 25.23
2524 0.01781396950738804 25.24
2525 0.01781641083904931 25.25
2526 0.01781988791431861 25.26
2527 0.01782711197104676 25.27
2528 0.01783410507503264 25.28
2529 0.01783642290882511 25.29
2530 0.01783633597237937 25.3
2531 0.01782547844799267 25.31
2532 0.01780943250625468 25.32
2533 0.01779694020635119 25.33
2534 0.01777233702557505 25.34
2535 0.01776018751790378 25.35
2536 0.0177467031951681 25.36
2537 0.01774919083815505 25.37
2538 0.01774354850664535 25.38
2539 0.01773657549527428 25.39
2540 0.0177402980566643 25.4
2541 0.01774278853938632 25.41
2542 0.0177302398418018 25.42
2543 0.01770051780666908 25.43
2544 0.01767987050444657 25.44
2545 0.01765574102500551 25.45
2546 0.01761324800527515 25.46
2547 0.01757858470401437 25.47
2548 0.01755934295392592 25.48
2549 0.01751381780338973 25.49
2550 0.01750158640220169 25.5
2551 0.01748015312240415 25.51
2552 0.01747666955957602 25.52
2553 0.01742884496120777 25.53
2554 0.01739585317802694 25.54
2555 0.01735171836954909 25.55
2556 0.01733805575836082 25.56
2557 0.01732331310599261 25.57
2558 0.01731523485773663 25.58
2559 0.01729874693139794 25.59
2560 0.01728261855872018 25.6
2561 0.01723386391612827 25.61
2562 0.0171962375865172 25.62
2563 0.01717144212429848 25.63
2564 0.01713895713391411 25.64
2565 0.01711513825072417 25.65
2566 0.0170915194503178 25.66
2567 0.01706557241559022 25.67
2568 0.01704662421988755 25.68
2569 0.01704045910638026 25.69
2570 0.01703416078621866 25.7
2571 0.01703797544332845 25.71
2572 0.01704171337969849 25.72
2573 0.01703587449748777 25.73
2574 0.01700987903051825 25.74
2575 0.01700955661186327 25.75
2576 0.01699061902723605 25.76
2577 0.01697260962936517 25.77
2578 0.01697004655899881 25.78
2579 0.01698797363220973 25.79
2580 0.01699465557222717 25.8
2581 0.01699751129498066 25.81
2582 0.01700608776465431 25.82
2583 0.01701258864292807 25.83
2584 0.01705397964060751 25.84
2585 0.01706082032004021 25.85
2586 0.01709084831104928 25.86
2587 0.0171319432110205 25.87
2588 0.01717427459584045 25.88
2589 0.01722329539306955 25.89
2590 0.01725715774336652 25.9
2591 0.01728279930932039 25.91
2592 0.01730678957897726 25.92
2593 0.01736418380838282 25.93
2594 0.01742423673816808 25.94
2595 0.01745700336009919 25.95
2596 0.01748944791476865 25.96
2597 0.01752187245473887 25.97
2598 0.01756340520921394 25.98
2599 0.017597731178783 25.99
2600 0.01762449907374312 26
2601 0.01765956238638411 26.01
2602 0.0177242242337011 26.02
2603 0.01775459328108675 26.03
2604 0.01778685814717501 26.04
2605 0.01783884499924365 26.05
2606 0.0178715564366168 26.06
2607 0.01790788192217222 26.07
2608 0.01792876457198578 26.08
2609 0.01798178706925645 26.09
2610 0.01803113034013135 26.1
2611 0.01809343358585358 26.11
2612 0.01817189693816589 26.12
2613 0.01822560100887987 26.13
2614 0.01824447459288962 26.14
2615 0.0182565782752304 26.15
2616 0.0182608178722768 26.16
2617 0.01828105886628623 26.17
2618 0.0182994843279237 26.18
2619 0.01830629618411101 26.19
2620 0.01832670285736285 26.2
2621 0.01831567059284918 26.21
2622 0.01830692212246542 26.22
2623 0.01832097307308577 26.23
2624 0.01832056416410383 26.24
2625 0.01835407772147915 26.25
2626 0.01836378866832256 26.26
2627 0.01838370508594017 26.27
2628 0.01838575730784666 26.28
2629 0.01837100488978087 26.29
2630 0.01834904348456122 26.3
2631 0.01832235515580445 26.31
2632 0.01830141803095842 26.32
2633 0.01828340093077683 26.33
2634 0.01824780388951822 26.34
2635 0.01818294707069702 26.35
2636 0.01811767850399733 26.36
2637 0.01808311700361651 26.37
2638 0.01802661334923665 26.38
2639 0.01800621991970862 26.39
2640 0.01797404661964 26.4
2641 0.01797481697241204 26.41
2642 0.0179467000064382 26.42
2643 0.01793492346799102 26.43
2644 0.0179193138422646 26.44
2645 0.01785972601734576 26.45
2646 0.0177931763403645 26.46
2647 0.01775954371044958 26.47
2648 0.01773981132142528 26.48
2649 0.01771705813204881 26.49
2650 0.01770103510909279 26.5
2651 0.01770563418875179 26.51
2652 0.01772097921439587 26.52
2653 0.01773680963926732 26.53
2654 0.0177512898762732 26.54
2655 0.01775372210141869 26.55
2656 0.01779494534431743 26.56
2657 0.01782795775717282 26.57
2658 0.01785613193760371 26.58
2659 0.01786637541466259 26.59
2660 0.01790030577313577 26.6
2661 0.0178959442833202 26.61
2662 0.01793313239539601 26.62
2663 0.01797425627980146 26.63
2664 0.01800758544535381 26.64
2665 0.01802887563076655 26.65
2666 0.01808376370267437 26.66
2667 0.0181303904078126 26.67
2668 0.0181670371863142 26.68
2669 0.01820177436458989 26.69
2670 0.01824061359112996 26.7
2671 0.01826528501706332 26.71
2672 0.01829049112419457 26.72
2673 0.01831898806610704 26.73
2674 0.01832568718622517 26.74
2675 0.01834982955284844 26.75
2676 0.01834732156032765 26.76
2677 0.01835630574959696 26.77
2678 0.01835260884816468 26.78
2679 0.01835325879935789 26.79
2680 0.0183403427972449 26.8
2681 0.01828895289086086 26.81
2682 0.01826392805052615 26.82
2683 0.01821280154412781 26.83
2684 0.01816647153710248 26.84
2685 0.01811909933486246 26.85
2686 0.01809550071045696 26.86
2687 0.01804644693608814 26.87
2688 0.01801931212739019 26.88
2689 0.01797350061371409 26.89
2690 0.01793526547955565 26.9
2691 0.01790424432095159 26.91
2692 0.01785355478519586 26.92
2693 0.01779825137416777 26.93
2694 0.01773648655431334 26.94
2695 0.01770876014067526 26.95
2696 0.01767327588287012 26.96
2697 0.01764961907242482 26.97
2698 0.01760431790755111 26.98
2699 0.01754763233172565 26.99
2700 0.01750272715959605 27
2701 0.01747972507682801 27.01
2702 0.01742114460632372 27.02
2703 0.01738943464952443 27.03
2704 0.0173194122447629 27.04
2705 0.01728451266599634 27.05
2706 0.0172510079258088 27.06
2707 0.01722829215353834 27.07
2708 0.01721824287361439 27.08
2709 0.01720521909667387 27.09
2710 0.01719957315855861 27.1
2711 0.01721021412966297 27.11
2712 0.01716901076997101 27.12
2713 0.01710704429465886 27.13
2714 0.01704381602948347 27.14
2715 0.01696424638217382 27.15
2716 0.01688337748754525 27.16
2717 0.01680757357460076 27.17
2718 0.01672670471925288 27.18
2719 0.01664462713160279 27.19
2720 0.01658461129828034 27.2
2721 0.01653559573613269 27.21
2722 0.01647206772278802 27.22
2723 0.01640709963349272 27.23
2724 0.01636490301472891 27.24
2725 0.01631658387803723 27.25
2726 0.01626116011323523 27.26
2727 0.01620839871635852 27.27
2728 0.01613945659084815 27.28
2729 0.01608754809383822 27.29
2730 0.01602888597894817 27.3
2731 0.01600063812130539 27.31
2732 0.01600729179877332 27.32
2733 0.01592849574663608 27.33
2734 0.01589800694627232 27.34
2735 0.01585015742349568 27.35
2736 0.01581836649455737 27.36
2737 0.01578947299806418 27.37
2738 0.01576345056819356 27.38
2739 0.01571367676797914 27.39
2740 0.01569838419564314 27.4
2741 0.01569186922774051 27.41
2742 0.01566179622172249 27.42
2743 0.01565693223922275 27.43
2744 0.01564595065794958 27.44
2745 0.01567334884051861 27.45
2746 0.01567852323461633 27.46
2747 0.01570748754825322 27.47
2748 0.01573629594250348 27.48
2749 0.01576378225419106 27.49
2750 0.01578399639407139 27.5
2751 0.01582720837488319 27.51
2752 0.015841219504914 27.52
2753 0.01588867103796644 27.53
2754 0.01592206313144504 27.54
2755 0.01593533442723911 27.55
2756 0.0159341895379791 27.56
2757 0.01594420101103832 27.57
2758 0.01597944796193905 27.58
2759 0.01600698796406723 27.59
2760 0.01606542276394731 27.6
2761 0.01608708758060536 27.61
2762 0.0161324420342111 27.62
2763 0.01616465696712045 27.63
2764 0.01623188421426887 27.64
2765 0.01628607436557643 27.65
2766 0.01632422921453326 27.66
2767 0.01639266623075369 27.67
2768 0.01642481343267017 27.68
2769 0.01648366078802112 27.69
2770 0.01650764080752877 27.7
2771 0.01653208763882051 27.71
2772 0.01654172056294602 27.72
2773 0.01655616494108992 27.73
2774 0.01653374714504438 27.74
2775 0.01653362878349274 27.75
2776 0.01654466676244045 27.76
2777 0.01654627455072692 27.77
2778 0.01656059290930224 27.78
2779 0.01658614538853316 27.79
2780 0.01661538357725207 27.8
2781 0.01664620426863873 27.81
2782 0.01666361067496276 27.82
2783 0.01668140871172791 27.83
2784 0.01670083957088048 27.84
2785 0.01669859045734056 27.85
2786 0.01669072901793264 27.86
2787 0.01666480721180346 27.87
2788 0.01666117920909726 27.88
2789 0.01663283360907922 27.89
2790 0.01660718229587398 27.9
2791 0.01653161815653532 27.91
2792 0.0164731876963758 27.92
2793 0.01643010198548819 27.93
2794 0.01637369381088514 27.94
2795 0.01632113022182885 27.95
2796 0.01628255829511412 27.96
2797 0.01623930436772568 27.97
2798 0.01617380251978286 27.98
2799 0.01611522719011166 27.99
2800 0.01602240977950995 28
2801 0.01594855714196775 28.01
2802 0.01587977915012026 28.02
2803 0.0157696247452834 28.03
2804 0.01567888395200581 28.04
2805 0.01559619898003822 28.05
2806 0.01549086288532217 28.06
2807 0.01539700980452212 28.07
2808 0.01529572822804132 28.08
2809 0.01523953788712923 28.09
2810 0.01512754882862845 28.1
2811 0.01504754114575477 28.11
2812 0.01499718819977671 28.12
2813 0.01492921043677689 28.13
2814 0.01487489614059714 28.14
2815 0.01481407841305704 28.15
2816 0.01476453283348497 28.16
2817 0.01470775533299572 28.17
2818 0.01465283567773333 28.18
2819 0.01461478685964439 28.19
2820 0.01458031919105445 28.2
2821 0.01454860962019945 28.21
2822 0.01451652433862916 28.22
2823 0.01447190561335126 28.23
2824 0.0144458508637776 28.24
2825 0.01443057647924882 28.25
2826 0.01443648603352725 28.26
2827 0.0144530947553408 28.27
2828 0.01447783797293392 28.28
2829 0.01450267610751295 28.29
2830 0.0145096255626903 28.3
2831 0.01451866899259817 28.31
2832 0.01454213204930835 28.32
2833 0.01454690000819793 28.33
2834 0.01455914655158778 28.34
2835 0.01456234299896504 28.35
2836 0.01458937471680373 28.36
2837 0.01462528602874347 28.37
2838 0.01466530588787917 28.38
2839 0.01470028815522668 28.39
2840 0.01474160802308638 28.4
2841 0.01477293569393624 28.41
2842 0.01481271391273087 28.42
2843 0.01485379286636634 28.43
2844 0.01491621411389574 28.44
2845 0.01495255078205451 28.45
2846 0.01500197796044717 28.46
2847 0.01505937025435574 28.47
2848 0.01510848137823425 28.48
2849 0.01515823200893172 28.49
2850 0.01523131826629383 28.5
2851 0.01529449138718607 28.51
2852 0.01533889731969351 28.52
2853 0.01540785272022578 28.53
2854 0.01546131142506921 28.54
2855 0.01550020891674447 28.55
2856 0.01554987368335571 28.56
2857 0.01558466385270589 28.57
2858 0.01564490154172177 28.58
2859 0.01567393423654388 28.59
2860 0.01574791976010114 28.6
2861 0.01579225529866393 28.61
2862 0.01585839347635203 28.62
2863 0.01587843631970111 28.63
2864 0.01590974430624682 28.64
2865 0.01591697239206696 28.65
2866 0.01592786937421981 28.66
2867 0.01592536267101112 28.67
2868 0.01592566551827143 28.68
2869 0.01592734339722717 28.69
2870 0.01592553125940002 28.7
2871 0.01590848545802771 28.71
2872 0.01591657349603657 28.72
2873 0.0159016238920944 28.73
2874 0.01588262895912076 28.74
2875 0.01587575695275788 28.75
2876 0.01586386817846693 28.76
2877 0.01584953466500198 28.77
2878 0.01583796237381732 28.78
2879 0.01581480883091153 28.79
2880 0.01579357419073701 28.8
2881 0.01577774976224999 28.81
2882 0.01574632950755796 28.82
2883 0.01573571052537968 28.83
2884 0.01572004854340078 28.84
2885 0.01569090600374894 28.85
2886 0.01564786669805745 28.86
2887 0.01560553006741794 28.87
2888 0.01556736693133101 28.88
2889 0.01554501433885141 28.89
2890 0.01551062498336542 28.9
2891 0.01549626150625826 28.91
2892 0.0154951687495008 28.92
2893 0.01549043828224593 28.93
2894 0.01549529172337185 28.94
2895 0.01549934194949801 28.95
2896 0.01550770301498203 28.96
2897 0.01550329195235641 28.97
2898 0.01548544624887616 28.98
2899 0.01546472117046821 28.99
2900 0.01546064903382707 29
2901 0.01544670723384034 29.01
2902 0.01543114570480423 29.02
2903 0.01541141979529347 29.03
2904 0.01540102895443344 29.04
2905 0.01538086767043804 29.05
2906 0.01537232541250416 29.06
2907 0.0153676194622475 29.07
2908 0.015364912753672 29.08
2909 0.01536330561856016 29.09
2910 0.01535886407074926 29.1
2911 0.0153519639301634 29.11
2912 0.01536173968871118 29.12
2913 0.01534752630339633 29.13
2914 0.01533603385455018 29.14
2915 0.01532750821460049 29.15
2916 0.01529580086797074 29.16
2917 0.01526570504286882 29.17
2918 0.01523044754417014 29.18
2919 0.01519686270691462 29.19
2920 0.01517744919506944 29.2
2921 0.01514822989237807 29.21
2922 0.01511998258086215 29.22
2923 0.01510472207115982 29.23
2924 0.01508449373304233 29.24
2925 0.01503437033870655 29.25
2926 0.01500636733363673 29.26
2927 0.01496322440943916 29.27
2928 0.01493271606956515 29.28
2929 0.01488784214978722 29.29
2930 0.01485353955747324 29.3
2931 0.01479922657184717 29.31
2932 0.01475289404073973 29.32
2933 0.01471414447693564 29.33
2934 0.01465678973967461 29.34
2935 0.01464034292880937 29.35
2936 0.01459890869675682 29.36
2937 0.01453879970071857 29.37
2938 0.01449696920183542 29.38
2939 0.01445784867217339 29.39
2940 0.014397821833145 29.4
2941 0.01436825359635092 29.41
2942 0.01434042106620173 29.42
2943 0.01428209861191799 29.43
2944 0.01424824834499784 29.44
2945 0.01421571513415668 29.45
2946 0.01418581962733302 29.46
2947 0.01417257905538388 29.47
2948 0.01416130991668677 29.48
2949 0.01416760116916454 29.49
2950 0.01414958386047272 29.5
2951 0.01415364499837442 29.51
2952 0.01415437615544533 29.52
2953 0.01416905855474584 29.53
2954 0.01417960427299083 29.54
2955 0.01418814157774781 29.55
2956 0.01418896914833013 29.56
2957 0.01422748348235076 29.57
2958 0.01425502379373948 29.58
2959 0.01428676745147766 29.59
2960 0.01431934400844906 29.6
2961 0.01434719830414543 29.61
2962 0.01438972720722727 29.62
2963 0.01442187011397526 29.63
2964 0.01446693029272183 29.64
2965 0.01449584155549355 29.65
2966 0.01452027105429804 29.66
2967 0.01454821519034432 29.67
2968 0.01459936942852795 29.68
2969 0.01463781025914694 29.69
2970 0.01469204134257943 29.7
2971 0.01472366086527103 29.71
2972 0.01477258994081918 29.72
2973 0.01480009473657957 29.73
2974 0.01484723505886071 29.74
2975 0.01487690870331652 29.75
2976 0.01492567223308259 29.76
2977 0.01494832770627575 29.77
2978 0.01500492386680206 29.78
2979 0.01504036948611836 29.79
2980 0.01507718390599895 29.8
2981 0.01513184791948965 29.81
2982 0.0151627267955019 29.82
2983 0.01518767241145421 29.83
2984 0.01521095703560506 29.84
2985 0.01524729735437307 29.85
2986 0.01526536955206635 29.86
2987 0.01528828046131332 29.87
2988 0.01530812678305079 29.88
2989 0.01532344509273625 29.89
2990 0.0153402756187824 29.9
2991 0.01535247246418267 29.91
2992 0.01536449006282745 29.92
2993 0.01537002494514047 29.93
2994 0.01537897910274416 29.94
2995 0.01537916653545707 29.95
2996 0.01538911078167301 29.96
2997 0.01538461101021556 29.97
2998 0.01538512952324671 29.98
2999 0.01539335597337202 29.99
3000 0.01540134091644473 30
