"y-force-rfile"
"Time Step" "y-force etc.."
("Time Step" "y-force" "flow-time")
0 1.292469707114106e-26 0
1 3.024586430830823 0.01
2 -0.2265919700002996 0.02
3 0.7323450463657082 0.03
4 -0.4579481373320959 0.04
5 -1.195328814567574 0.05
6 0.7026711017509939 0.06
7 0.6012194071382737 0.07000000000000001
8 0.1779012818649903 0.08
9 0.04984411460787896 0.09
10 -0.1458478715154854 0.1
11 0.07465742192754021 0.11
12 0.1240927747790437 0.12
13 0.1592863351328919 0.13
14 0.06702944010461209 0.14
15 0.1583855073522127 0.15
16 0.1519706863665604 0.16
17 0.0875728976858241 0.17
18 0.09755826175027948 0.18
19 0.07990563317279786 0.19
20 0.0911001216411389 0.2
21 0.08658577462768313 0.21
22 0.08931362811700083 0.22
23 0.1164250679280574 0.23
24 0.1201208561587901 0.24
25 0.1090219839906457 0.25
26 0.1217923386997057 0.26
27 0.1156402620819592 0.27
28 0.1132060594250586 0.28
29 0.1085140937163089 0.29
30 0.103923666202439 0.3
31 0.1079025706751409 0.31
32 0.1073383958654408 0.32
33 0.1127074805592341 0.33
34 0.1126702327366194 0.34
35 0.1106302932546304 0.35
36 0.1118776524970091 0.36
37 0.1116031543740039 0.37
38 0.1138946757255166 0.38
39 0.1137409521174426 0.39
40 0.1162553460978493 0.4
41 0.1158239263680078 0.41
42 0.1171797180202674 0.42
43 0.1167786984568515 0.43
44 0.1169566001997202 0.44
45 0.1169969986084238 0.45
46 0.1170660048181071 0.46
47 0.1166310888662672 0.47
48 0.1176541718285422 0.48
49 0.1170460789418217 0.49
50 0.1175423127831303 0.5
51 0.1180797539056151 0.51
52 0.1183388077704519 0.52
53 0.1189040399035726 0.53
54 0.1189753332112629 0.54
55 0.120730521636824 0.55
56 0.1206735471586353 0.5600000000000001
57 0.1211661271307203 0.5700000000000001
58 0.1218998057629741 0.58
59 0.1222452097877982 0.59
60 0.1219687659370516 0.6
61 0.1224433365051681 0.61
62 0.1216245902401123 0.62
63 0.1225134139038415 0.63
64 0.1224245669940029 0.64
65 0.1225833175489721 0.65
66 0.1216411112465901 0.66
67 0.1237998295757623 0.67
68 0.1231249454801766 0.68
69 0.1250158864056926 0.6900000000000001
70 0.1246374939848113 0.7000000000000001
71 0.1250757198777898 0.71
72 0.12605185490251 0.72
73 0.1235036269837266 0.73
74 0.1240499748086326 0.74
75 0.1271026222129956 0.75
76 0.1259680300931831 0.76
77 0.1268118763719874 0.77
78 0.1265245349701432 0.78
79 0.1247650950641006 0.79
80 0.1244622161521716 0.8
81 0.1248834840703552 0.8100000000000001
82 0.1280982756065964 0.8200000000000001
83 0.1274916278094675 0.8300000000000001
84 0.1261257294242959 0.84
85 0.1256993239422189 0.85
86 0.1280411185685995 0.86
87 0.1298846643732498 0.87
88 0.1288102485772888 0.88
89 0.1286673072099711 0.89
90 0.1282815515171686 0.9
91 0.1281763569508006 0.91
92 0.1282851762472944 0.92
93 0.1295569239712123 0.93
94 0.1312534776846724 0.9400000000000001
95 0.1302689877653322 0.9500000000000001
96 0.1303277425148861 0.96
97 0.1303201251548799 0.97
98 0.1301960492161127 0.98
99 0.1301630292761718 0.99
100 0.1304096943231249 1
101 0.1316031930566065 1.01
102 0.1329492911818604 1.02
103 0.1322023313963858 1.03
104 0.1322498222941724 1.04
105 0.1320289189115242 1.05
106 0.1320776019112953 1.06
107 0.1321222778692817 1.07
108 0.1316517524323098 1.08
109 0.1310943884916596 1.09
110 0.1308240331883815 1.1
111 0.1308421723779953 1.11
112 0.1309451773797541 1.12
113 0.1323893552059129 1.13
114 0.1335682180993859 1.14
115 0.1348517254055449 1.15
116 0.1350010366183427 1.16
117 0.1347916270411271 1.17
118 0.1343293042341935 1.18
119 0.1341499621695775 1.19
120 0.1342540986596669 1.2
121 0.1345965383537093 1.21
122 0.134344496006978 1.22
123 0.1339170883197859 1.23
124 0.1336792244050389 1.24
125 0.1337557063736336 1.25
126 0.1339708808299048 1.26
127 0.1342554659016608 1.27
128 0.134565947254562 1.28
129 0.1348232294462458 1.29
130 0.1350380264014935 1.3
131 0.1351335447077713 1.31
132 0.1353113913127281 1.32
133 0.1355204678093112 1.33
134 0.1357578486652931 1.34
135 0.1360526433037247 1.35
136 0.1362798389842138 1.36
137 0.1363720654777152 1.37
138 0.1371636166160107 1.38
139 0.1376430652136189 1.39
140 0.1378527433886089 1.4
141 0.1379762698899081 1.41
142 0.1377698554555614 1.42
143 0.137426183114724 1.43
144 0.1371769550025907 1.44
145 0.1371040806206916 1.45
146 0.1371969847665168 1.46
147 0.137374239582582 1.47
148 0.1375946280310706 1.48
149 0.1378273970073521 1.49
150 0.1380464308284334 1.5
151 0.1382335447560363 1.51
152 0.138388823482398 1.52
153 0.1385390646757081 1.53
154 0.1386458329527197 1.54
155 0.138749662335274 1.55
156 0.1388267926598375 1.56
157 0.1388853904749645 1.57
158 0.1389778591495224 1.58
159 0.1390691329623452 1.59
160 0.1391548442990481 1.6
161 0.1392932785814121 1.61
162 0.1393628920057413 1.62
163 0.1394583964647569 1.63
164 0.1396088889279418 1.64
165 0.1396931860426026 1.65
166 0.1398197827847613 1.66
167 0.1399276129038105 1.67
168 0.1400159232090935 1.68
169 0.1400941306968893 1.69
170 0.1401665959877864 1.7
171 0.1402481298534847 1.71
172 0.1403327783193313 1.72
173 0.1404171522496455 1.73
174 0.1405250011839397 1.74
175 0.1406437452825716 1.75
176 0.1407575291287847 1.76
177 0.1408659852839388 1.77
178 0.140968239394852 1.78
179 0.1410632169032365 1.79
180 0.1411555829299821 1.8
181 0.1412404042648227 1.81
182 0.1413269088639169 1.82
183 0.1414523611620607 1.83
184 0.1415325363696343 1.84
185 0.1415943251399098 1.85
186 0.141664739852652 1.86
187 0.141747988818778 1.87
188 0.14184319573924 1.88
189 0.1419407829577946 1.89
190 0.1420410138468026 1.9
191 0.1421394487143859 1.91
192 0.1422282114613664 1.92
193 0.142318594072082 1.93
194 0.1424024567108646 1.94
195 0.1424870177795667 1.95
196 0.1425869616292832 1.96
197 0.1426649913082138 1.97
198 0.1427481221734951 1.98
199 0.1428598442136969 1.99
200 0.1429632643443242 2
201 0.1430285190856814 2.01
202 0.1430873633682911 2.02
203 0.1431523999404727 2.03
204 0.1432106389809186 2.04
205 0.143284882103302 2.05
206 0.1433652147207494 2.06
207 0.1434431775544264 2.07
208 0.1435171175711771 2.08
209 0.1435841931690581 2.09
210 0.1436512584846459 2.1
211 0.1437190916191232 2.11
212 0.1437938053019401 2.12
213 0.1438615724081654 2.13
214 0.1439259988919158 2.14
215 0.1439855823655042 2.15
216 0.1440487322192813 2.16
217 0.1441231628626464 2.17
218 0.1441800198738435 2.18
219 0.1442282809184346 2.19
220 0.1442828803125201 2.2
221 0.1443415463540802 2.21
222 0.1444008334310965 2.22
223 0.1444620375491983 2.23
224 0.1445236720133983 2.24
225 0.1445887762821819 2.25
226 0.1446593007361557 2.26
227 0.1447250809292179 2.27
228 0.1447898028257173 2.28
229 0.1448464887510747 2.29
230 0.1448924602820609 2.3
231 0.1449355352770959 2.31
232 0.1449901572570339 2.32
233 0.1450464873697891 2.33
234 0.1450975105076097 2.34
235 0.1451299277982346 2.35
236 0.1451795271188715 2.36
237 0.1452254518563067 2.37
238 0.1452752678663709 2.38
239 0.1453392921863615 2.39
240 0.1453919909984513 2.4
241 0.145445807205393 2.41
242 0.1454700839260719 2.42
243 0.1455078202897327 2.43
244 0.1455467140128564 2.44
245 0.1455802457964521 2.45
246 0.1456268734958986 2.46
247 0.145679448091026 2.47
248 0.1457330802490164 2.48
249 0.1457841904119683 2.49
250 0.1458332547676747 2.5
251 0.145874929798963 2.51
252 0.145909677553328 2.52
253 0.1459447013439683 2.53
254 0.1459830636769758 2.54
255 0.1460180647856893 2.55
256 0.146047974188982 2.56
257 0.1460821013147132 2.57
258 0.146117694870517 2.58
259 0.1461615153226542 2.59
260 0.1462029998652279 2.6
261 0.1462433093026728 2.61
262 0.1462896708714435 2.62
263 0.1463227395258589 2.63
264 0.1463629973858326 2.64
265 0.1464051655729074 2.65
266 0.1464360959237996 2.66
267 0.1464501944203176 2.67
268 0.1464845140908411 2.68
269 0.1465117021000789 2.69
270 0.1465472861279051 2.7
271 0.1465821434677908 2.71
272 0.14661647660491 2.72
273 0.14664933985649 2.73
274 0.1466832885403462 2.74
275 0.1467126324125006 2.75
276 0.1467396245297691 2.76
277 0.1467696759106351 2.77
278 0.1468056599526586 2.78
279 0.1468387204112632 2.79
280 0.1468695385434922 2.8
281 0.1468982109217191 2.81
282 0.1469251327715106 2.82
283 0.1469515007969246 2.83
284 0.1469780770555779 2.84
285 0.1470041979571948 2.85
286 0.1470317769294675 2.86
287 0.147060500107578 2.87
288 0.1470836450479966 2.88
289 0.1471126515692778 2.89
290 0.1471447492387373 2.9
291 0.1471823866785242 2.91
292 0.1472180482148164 2.92
293 0.1472532856070723 2.93
294 0.1472845355750339 2.94
295 0.1473102625005031 2.95
296 0.1473390627446401 2.96
297 0.1473771878639263 2.97
298 0.1474106035569589 2.98
299 0.1474464635987106 2.99
300 0.1474817045958409 3
301 0.1475141582478374 3.01
302 0.1475462299408392 3.02
303 0.1475810519405456 3.03
304 0.1476174189144562 3.04
305 0.1476551866970985 3.05
306 0.1477049231016977 3.06
307 0.1477428436464266 3.07
308 0.1477768329835827 3.08
309 0.1478070327131648 3.09
310 0.1478415216324267 3.1
311 0.1478795217569605 3.11
312 0.1479184622503806 3.12
313 0.1479585293089303 3.13
314 0.1480028776907188 3.14
315 0.1480422587217158 3.15
316 0.1480773206698887 3.16
317 0.1481213659399128 3.17
318 0.1481649105654144 3.18
319 0.1482106039588668 3.19
320 0.1482538758009356 3.2
321 0.1482959654861545 3.21
322 0.1483369755190828 3.22
323 0.1483806701730385 3.23
324 0.148424116753683 3.24
325 0.1484669991328494 3.25
326 0.1485094587173922 3.26
327 0.1485523344648852 3.27
328 0.1485958965562918 3.28
329 0.1486368047242685 3.29
330 0.1486799048652318 3.3
331 0.1487231666542246 3.31
332 0.1487657624461604 3.32
333 0.1488084656588319 3.33
334 0.1488596619415382 3.34
335 0.1489036400536506 3.35
336 0.1489489144087641 3.36
337 0.1489902194531696 3.37
338 0.1490288920137164 3.38
339 0.1490664542194749 3.39
340 0.1491048225595985 3.4
341 0.1491461477678218 3.41
342 0.1491878954440471 3.42
343 0.1492358228633329 3.43
344 0.1492784767454707 3.44
345 0.1493159826064343 3.45
346 0.1493560401818646 3.46
347 0.1493883305670052 3.47
348 0.1494196494973582 3.48
349 0.1494512335717837 3.49
350 0.149486214006368 3.5
351 0.1495233093866419 3.51
352 0.1495603411767358 3.52
353 0.1495978044969804 3.53
354 0.1496349722603708 3.54
355 0.1496705667854217 3.55
356 0.1497021417247093 3.56
357 0.1497341656080582 3.57
358 0.1497657494209376 3.58
359 0.1497987168671341 3.59
360 0.1498288908965575 3.6
361 0.1498570480873252 3.61
362 0.1498849108139435 3.62
363 0.1499088633785935 3.63
364 0.1499337674266462 3.64
365 0.1499584879338763 3.65
366 0.149990489238548 3.66
367 0.150017047889608 3.67
368 0.1500386946945982 3.68
369 0.1500569706817739 3.69
370 0.1500755298885555 3.7
371 0.1500902621997361 3.71
372 0.1501048380503548 3.72
373 0.1501177503675063 3.73
374 0.1501293449539245 3.74
375 0.1501451869103593 3.75
376 0.1501607198250325 3.76
377 0.1501752368307591 3.77
378 0.1501889524453784 3.78
379 0.1502058842305596 3.79
380 0.1502184281206658 3.8
381 0.1502273631822324 3.81
382 0.1502315499735342 3.82
383 0.150233791319537 3.83
384 0.1502350861420042 3.84
385 0.1502358852221461 3.85
386 0.1502362035506989 3.86
387 0.1502365439751733 3.87
388 0.1502346881396563 3.88
389 0.1502303305121922 3.89
390 0.1502240079607267 3.9
391 0.1502190390168044 3.91
392 0.1502120290804379 3.92
393 0.1502035844493594 3.93
394 0.1501930900802094 3.94
395 0.1501810593160162 3.95
396 0.1501655510729548 3.96
397 0.1501556553769401 3.97
398 0.1501414293510186 3.98
399 0.1501176289046954 3.99
400 0.150093852725517 4
401 0.1500702199592641 4.01
402 0.1500605941535811 4.02
403 0.1500381379163311 4.03
404 0.1500087005113734 4.04
405 0.1499740169977368 4.05
406 0.1499388602886718 4.06
407 0.149903613283894 4.07
408 0.1498688114818727 4.08
409 0.1498315742072803 4.09
410 0.1497924802648891 4.1
411 0.1497525994648845 4.11
412 0.1497097810248522 4.12
413 0.149664925322103 4.13
414 0.1496179834126172 4.14
415 0.1495584071807743 4.15
416 0.149502485464904 4.16
417 0.1494478224289757 4.17
418 0.1493922777318658 4.18
419 0.1493338144832134 4.19
420 0.1492738522590572 4.2
421 0.1492087658715555 4.21
422 0.1491449241819393 4.22
423 0.1490779702050759 4.23
424 0.1490083914816765 4.24
425 0.1489358414372848 4.25
426 0.1488624440795637 4.26
427 0.1487862432313989 4.27
428 0.1487070901426087 4.28
429 0.1486248827484158 4.29
430 0.1485413339934849 4.3
431 0.1484563263173284 4.31
432 0.1483677188240842 4.32
433 0.1482789133899484 4.33
434 0.1481890234749962 4.34
435 0.1480971285910678 4.350000000000001
436 0.1480042179865421 4.36
437 0.1479094317660485 4.37
438 0.1478071042180317 4.38
439 0.1477031879780851 4.39
440 0.1476037128674161 4.4
441 0.1475004648430008 4.41
442 0.1473906718452501 4.42
443 0.147280330035705 4.43
444 0.1471755554109263 4.44
445 0.1470636537515318 4.45
446 0.1469450959384364 4.46
447 0.1468253780087923 4.47
448 0.1467025206660929 4.48
449 0.1465807698090978 4.49
450 0.1464640427064954 4.5
451 0.1463427230351738 4.51
452 0.1462198536043732 4.52
453 0.1460927838980421 4.53
454 0.1459628771186492 4.54
455 0.1458300147722363 4.55
456 0.1456948814700675 4.56
457 0.14556305811264 4.57
458 0.1454299697970633 4.58
459 0.145294839899788 4.59
460 0.1451577968051078 4.600000000000001
461 0.1450202240974403 4.61
462 0.1448807223116581 4.62
463 0.1447373180887989 4.63
464 0.1445833528237293 4.64
465 0.1444244837874408 4.65
466 0.1442731285192837 4.66
467 0.1441273105859225 4.67
468 0.1439814301489404 4.68
469 0.1438379013930641 4.69
470 0.1436881204760141 4.7
471 0.1435321392855926 4.71
472 0.1433691634395793 4.72
473 0.1432063992527988 4.73
474 0.1430423775332492 4.74
475 0.142876225261798 4.75
476 0.1427055351236396 4.76
477 0.1425316482523223 4.77
478 0.1423588104097014 4.78
479 0.142187917665537 4.79
480 0.1420130992369067 4.8
481 0.1418357972354549 4.81
482 0.1416570850670195 4.82
483 0.141473203446249 4.83
484 0.1412874475721757 4.84
485 0.141102324942576 4.850000000000001
486 0.140917098252522 4.86
487 0.1407227484359629 4.87
488 0.1405269964989894 4.88
489 0.1403323079120314 4.89
490 0.1401383978208025 4.9
491 0.1399464658228761 4.91
492 0.1397488501517223 4.92
493 0.1395482614818433 4.93
494 0.1393448838435218 4.94
495 0.1391403120647358 4.95
496 0.1389379442186438 4.96
497 0.1387284399844198 4.97
498 0.1384938928591674 4.98
499 0.1382739315465862 4.99
500 0.1380621836788444 5
501 0.1378557178861568 5.01
502 0.137644527723447 5.02
503 0.1374274180580282 5.03
504 0.1372072023773266 5.04
505 0.1369828163945408 5.05
506 0.1367607816297221 5.06
507 0.1365382055999894 5.07
508 0.1363166180582974 5.08
509 0.1360880545554849 5.09
510 0.1358593109870338 5.100000000000001
511 0.1356414251529256 5.11
512 0.1354110203506594 5.12
513 0.1351784823364065 5.13
514 0.134950489932752 5.14
515 0.1347215751551715 5.15
516 0.1344900974444637 5.16
517 0.1342675199893239 5.17
518 0.1340336028102821 5.18
519 0.1338005953994951 5.19
520 0.1335610029994085 5.2
521 0.1333282407029222 5.21
522 0.1331010515546981 5.22
523 0.1328658632477692 5.23
524 0.1326332505414405 5.24
525 0.1323870602745304 5.25
526 0.1321470399432648 5.26
527 0.1319175133355782 5.27
528 0.1316886014699829 5.28
529 0.1314554005916401 5.29
530 0.1312189493232539 5.3
531 0.1309770001295315 5.31
532 0.1307284581618749 5.32
533 0.1304866951445301 5.33
534 0.1302463129222373 5.34
535 0.1300070970151999 5.350000000000001
536 0.1297705945042782 5.36
537 0.1295285197433454 5.37
538 0.1292886974437778 5.38
539 0.129049110132271 5.39
540 0.1288140448334232 5.4
541 0.1285638744002353 5.41
542 0.1283153797403183 5.42
543 0.1280603307088188 5.43
544 0.1278034714861807 5.44
545 0.1275542600324811 5.45
546 0.127299736888911 5.46
547 0.1270378047316166 5.47
548 0.1267966283118339 5.48
549 0.1265400205734229 5.49
550 0.1262756978590873 5.5
551 0.1260110788026565 5.51
552 0.1257488641293635 5.52
553 0.1254882374730865 5.53
554 0.1252242873656346 5.54
555 0.1249574477337965 5.55
556 0.1246926926115603 5.56
557 0.1244249191031341 5.57
558 0.1241552624864717 5.58
559 0.1238881299379415 5.59
560 0.1236084617220995 5.600000000000001
561 0.1233314137843255 5.61
562 0.1230507194514476 5.62
563 0.1227796888791971 5.63
564 0.12249849055475 5.64
565 0.1222278900428862 5.65
566 0.1219466558475651 5.66
567 0.1216672747489372 5.67
568 0.1213852556632166 5.68
569 0.1211071814266922 5.69
570 0.1208244941393575 5.7
571 0.1205399114712931 5.71
572 0.1202567784187153 5.72
573 0.1199787017751318 5.73
574 0.1197029947813798 5.74
575 0.1194167248386738 5.75
576 0.1191243105280326 5.76
577 0.1188527735756669 5.77
578 0.1185721966946878 5.78
579 0.1182982168801653 5.79
580 0.1180247376219366 5.8
581 0.1177425528807006 5.81
582 0.1174673018692972 5.82
583 0.1171880839604196 5.83
584 0.1168922142406598 5.84
585 0.1166047536625461 5.850000000000001
586 0.1163293510280584 5.86
587 0.1160706328703364 5.87
588 0.1158050521368499 5.88
589 0.1155278329230819 5.89
590 0.1152601724653858 5.9
591 0.1149837911740976 5.91
592 0.1147059157998783 5.92
593 0.1144203677691238 5.93
594 0.1141535273807878 5.94
595 0.113876157393305 5.95
596 0.1136223244536456 5.96
597 0.1133560699716719 5.97
598 0.1130883487581275 5.98
599 0.1128151569865507 5.99
600 0.1125406529623492 6
601 0.1122593938681826 6.01
602 0.1121201263179723 6.02
603 0.1118635654228352 6.03
604 0.1115307513489044 6.04
605 0.1111643304684137 6.05
606 0.1108168733079316 6.06
607 0.1104928972217428 6.07
608 0.1102473206711932 6.08
609 0.1100117773236949 6.09
610 0.1097731619496315 6.100000000000001
611 0.1095275089715963 6.11
612 0.1092705966912722 6.12
613 0.1089944791687386 6.13
614 0.1087013290147179 6.140000000000001
615 0.1084084417283765 6.15
616 0.108125556669522 6.16
617 0.1078324418946008 6.17
618 0.1075275174862285 6.18
619 0.1072280884126105 6.19
620 0.1069493331319809 6.2
621 0.1066685190414845 6.21
622 0.1063812308846038 6.22
623 0.1061034236671516 6.23
624 0.1058092246911603 6.24
625 0.105504420288114 6.25
626 0.1052088395065965 6.26
627 0.1049168825454977 6.27
628 0.1046167108249902 6.28
629 0.104317235610734 6.29
630 0.1040259128937679 6.3
631 0.103813207464005 6.31
632 0.1035698097650611 6.32
633 0.1032908724516757 6.33
634 0.1029677538007671 6.34
635 0.1026726342358213 6.350000000000001
636 0.1023255435208867 6.36
637 0.1019732155068032 6.37
638 0.1015553891283923 6.38
639 0.1011076038363601 6.390000000000001
640 0.1008246528896136 6.4
641 0.1006113172494341 6.41
642 0.1004080265060285 6.42
643 0.1001971047485023 6.43
644 0.09996216644009723 6.44
645 0.09969594698338716 6.45
646 0.09942511204484902 6.46
647 0.09913934960779305 6.47
648 0.09885597113810513 6.48
649 0.09859099002827185 6.49
650 0.09831051923812875 6.5
651 0.09809875552748087 6.51
652 0.09786578383331346 6.52
653 0.09754004598782176 6.53
654 0.0972487116368595 6.54
655 0.09693947667241695 6.55
656 0.09668279710270103 6.56
657 0.09640329452250199 6.57
658 0.09616278057546959 6.58
659 0.09591146316155411 6.59
660 0.09570357689264167 6.600000000000001
661 0.09548784296106738 6.61
662 0.09524010552694481 6.62
663 0.09500605949902227 6.63
664 0.0947765563974387 6.640000000000001
665 0.09452175133346991 6.65
666 0.09428418973170757 6.66
667 0.09406126474437354 6.67
668 0.09380238604437413 6.68
669 0.09356707302296691 6.69
670 0.09333795397699698 6.7
671 0.09309252928364112 6.71
672 0.09285586744225732 6.72
673 0.09259896369822293 6.73
674 0.09236662407221713 6.74
675 0.09211190799416971 6.75
676 0.09186629398700191 6.76
677 0.0916416107408671 6.77
678 0.09134879947409724 6.78
679 0.0911324295046132 6.79
680 0.09086561937121579 6.8
681 0.09065425695797216 6.81
682 0.09041477294190942 6.82
683 0.0901616911695646 6.83
684 0.08992164750946832 6.84
685 0.08966876817795338 6.850000000000001
686 0.08944081209165011 6.86
687 0.08916684519460491 6.87
688 0.08891919191241687 6.88
689 0.08864559061848046 6.890000000000001
690 0.08839171182781111 6.9
691 0.0881507890135638 6.91
692 0.08790764521446087 6.92
693 0.08764899651669522 6.93
694 0.08737830218449072 6.94
695 0.08709673822435929 6.95
696 0.08683787801374923 6.96
697 0.08657740318434973 6.97
698 0.08628919723601405 6.98
699 0.08599031006098209 6.99
700 0.08570892185087445 7
701 0.08543121172020524 7.01
702 0.08516506064250295 7.02
703 0.0849019959020155 7.03
704 0.08463581483483817 7.04
705 0.0843903775480761 7.05
706 0.08415634949619932 7.06
707 0.08390692579221021 7.07
708 0.08364045573198853 7.08
709 0.08338249664636149 7.09
710 0.08315322949122111 7.100000000000001
711 0.08287388117187555 7.11
712 0.08262085427933255 7.12
713 0.08238235037090111 7.13
714 0.082118630566097 7.140000000000001
715 0.081854360748705 7.15
716 0.08162033797185861 7.16
717 0.08135337706642259 7.17
718 0.08112995640551235 7.18
719 0.08088880379882077 7.19
720 0.08066154287074961 7.2
721 0.08043923412171067 7.21
722 0.08022515265935407 7.22
723 0.08000193814017606 7.23
724 0.07977430297959479 7.24
725 0.07957621533015244 7.25
726 0.07936490431084239 7.26
727 0.07914391902343784 7.27
728 0.07895576645633806 7.28
729 0.07875021828857309 7.29
730 0.07853440936558656 7.3
731 0.07834382270655713 7.31
732 0.07814388802962041 7.32
733 0.07795411259365104 7.33
734 0.07774394787191952 7.34
735 0.07755681313193633 7.350000000000001
736 0.07735167318068864 7.36
737 0.07714617335135318 7.37
738 0.07695388057667935 7.38
739 0.07671530920712205 7.390000000000001
740 0.07653472756513344 7.4
741 0.07634252119925716 7.41
742 0.07617810053054039 7.42
743 0.07600231853978953 7.43
744 0.07581664958744141 7.44
745 0.07559435993047534 7.45
746 0.0753623900119566 7.46
747 0.07515922135355929 7.47
748 0.07492715282121132 7.48
749 0.07470214463965957 7.49
750 0.07449933568958678 7.5
751 0.07431573560488716 7.51
752 0.07407362066109707 7.52
753 0.07385460168834346 7.53
754 0.07363059783379453 7.54
755 0.07344503947542746 7.55
756 0.07321553107675025 7.56
757 0.07296083289674732 7.57
758 0.0727179284193531 7.58
759 0.07247123742069231 7.59
760 0.07221499934472192 7.600000000000001
761 0.07194821008312707 7.61
762 0.071659316647985 7.62
763 0.07140457033139314 7.63
764 0.07115914393009953 7.640000000000001
765 0.07088115093266883 7.65
766 0.07060101470730171 7.66
767 0.07035709789315886 7.67
768 0.07004887358600032 7.68
769 0.06977346435341139 7.69
770 0.06951613473292398 7.7
771 0.06922732037492615 7.71
772 0.06891359859000748 7.72
773 0.06865537649080206 7.73
774 0.0683649356779587 7.74
775 0.06809022385389063 7.75
776 0.06780337652086993 7.76
777 0.06748115657933776 7.77
778 0.06715478045428494 7.78
779 0.0668601357525003 7.79
780 0.06660255157477976 7.8
781 0.06632259758665621 7.81
782 0.06606456994526153 7.82
783 0.06576399538898481 7.83
784 0.06550333621519153 7.84
785 0.06520210300447848 7.850000000000001
786 0.0649044363976162 7.86
787 0.06460246726136235 7.87
788 0.06430983298432486 7.88
789 0.06400582842751518 7.890000000000001
790 0.06371569992474163 7.9
791 0.06339359257239788 7.91
792 0.06310817664104038 7.92
793 0.06283247811698853 7.930000000000001
794 0.06254493966127328 7.94
795 0.06227215851707193 7.95
796 0.06199207123691128 7.96
797 0.06173362201049454 7.97
798 0.06146125211934239 7.98
799 0.061210101722838 7.99
800 0.0609704546635878 8
801 0.06072424098017751 8.01
802 0.06044941819069488 8.02
803 0.06018442050929748 8.029999999999999
804 0.05995869573270782 8.040000000000001
805 0.05970221028461373 8.050000000000001
806 0.05943192546481391 8.06
807 0.05920868277406707 8.07
808 0.0589768307419182 8.08
809 0.05872742883337784 8.09
810 0.05849302296096434 8.1
811 0.058258328578983 8.109999999999999
812 0.05804144421706262 8.120000000000001
813 0.05778196797096277 8.130000000000001
814 0.05749760414380861 8.140000000000001
815 0.0572876952576008 8.15
816 0.05708449103311672 8.16
817 0.05691588517462012 8.17
818 0.05675623715086339 8.18
819 0.05660994698040431 8.19
820 0.05638909556246233 8.199999999999999
821 0.05620756100975713 8.210000000000001
822 0.0559941703068586 8.220000000000001
823 0.05578868761283637 8.23
824 0.05553857863697248 8.24
825 0.05533994978062756 8.25
826 0.05514238272915989 8.26
827 0.05494877439935353 8.27
828 0.05476392249654166 8.279999999999999
829 0.05460220974567628 8.290000000000001
830 0.05437540626457199 8.300000000000001
831 0.05416651456909069 8.31
832 0.05396146467686783 8.32
833 0.05378616402897682 8.33
834 0.0536026609611838 8.34
835 0.0534491746580259 8.35
836 0.05325730957553468 8.359999999999999
837 0.05308843812841177 8.370000000000001
838 0.05286537700319069 8.380000000000001
839 0.05262241662501438 8.390000000000001
840 0.05238772574671002 8.4
841 0.05215127217036702 8.41
842 0.05188861764681807 8.42
843 0.05167749408581862 8.43
844 0.05146796108932228 8.44
845 0.05123994536177701 8.449999999999999
846 0.05102751019995533 8.460000000000001
847 0.05077149787414287 8.470000000000001
848 0.05050836253673049 8.48
849 0.0502773262635936 8.49
850 0.04997917273375188 8.5
851 0.04967204339940842 8.51
852 0.04938016333703527 8.52
853 0.04912365392033075 8.529999999999999
854 0.04882799472086022 8.540000000000001
855 0.04856547734877689 8.550000000000001
856 0.04829802156371413 8.56
857 0.04794824173961487 8.57
858 0.04766083268705565 8.58
859 0.0472427647930185 8.59
860 0.04689718221447076 8.6
861 0.04652305004620308 8.609999999999999
862 0.04607108990205439 8.620000000000001
863 0.04574595295373579 8.630000000000001
864 0.04536493422004792 8.640000000000001
865 0.04498565204623503 8.65
866 0.04457399101238504 8.66
867 0.04416159581054341 8.67
868 0.04374514472441768 8.68
869 0.04330569176583229 8.69
870 0.04285708261668783 8.700000000000001
871 0.04243685493881272 8.710000000000001
872 0.04199313182747322 8.720000000000001
873 0.04149950183030904 8.73
874 0.04099471113056902 8.74
875 0.04049807351018994 8.75
876 0.04005343684992213 8.76
877 0.03954648330834881 8.77
878 0.03891666575466879 8.779999999999999
879 0.03847104160283782 8.790000000000001
880 0.03789977608497311 8.800000000000001
881 0.0373818478385522 8.81
882 0.03688133081644207 8.82
883 0.0364185277872052 8.83
884 0.03589937543804542 8.84
885 0.03541615115347008 8.85
886 0.03493272833737621 8.859999999999999
887 0.03443760129792842 8.870000000000001
888 0.03395197003074366 8.880000000000001
889 0.03347751965490439 8.890000000000001
890 0.0330763745463753 8.9
891 0.03249086855927832 8.91
892 0.03189892640235528 8.92
893 0.03148262270170721 8.93
894 0.03088731934172731 8.94
895 0.03039503429726642 8.950000000000001
896 0.02987427681549981 8.960000000000001
897 0.02946502406098547 8.970000000000001
898 0.02902774738603009 8.98
899 0.02844025196651606 8.99
900 0.0280173714861057 9
901 0.0275467946967638 9.01
902 0.02711293847677307 9.02
903 0.02655828602313534 9.029999999999999
904 0.02616978582160023 9.040000000000001
905 0.0258204318938946 9.050000000000001
906 0.02554507734907002 9.06
907 0.02513094383628209 9.07
908 0.02478967118889194 9.08
909 0.02451852668436771 9.09
910 0.02422567862172376 9.1
911 0.02388201636191795 9.109999999999999
912 0.02360107514519433 9.120000000000001
913 0.02337087443922348 9.130000000000001
914 0.02315522524057814 9.140000000000001
915 0.02302054822164068 9.15
916 0.0228708348157052 9.16
917 0.02269803876808232 9.17
918 0.02254363771521892 9.18
919 0.02235630036810263 9.19
920 0.02231987297955135 9.200000000000001
921 0.02232837427023027 9.210000000000001
922 0.02217794611211357 9.220000000000001
923 0.02205899046580675 9.23
924 0.02203066105920454 9.24
925 0.02209784483213753 9.25
926 0.02212231079724747 9.26
927 0.02224810600692911 9.27
928 0.02241346325294757 9.279999999999999
929 0.02255380448954636 9.290000000000001
930 0.02294909489315075 9.300000000000001
931 0.02320400792049562 9.31
932 0.02350227847132275 9.32
933 0.02392672484249703 9.33
934 0.02441778043110504 9.34
935 0.02475726737219042 9.35
936 0.02531793883704336 9.359999999999999
937 0.02581736977644014 9.370000000000001
938 0.02616908706383944 9.380000000000001
939 0.02659680047033136 9.390000000000001
940 0.02703939934418739 9.4
941 0.0276521853310949 9.41
942 0.02821361425887281 9.42
943 0.02894262950696327 9.43
944 0.02944615509051773 9.44
945 0.03005000577686009 9.450000000000001
946 0.03067438976606637 9.460000000000001
947 0.03118114822005066 9.470000000000001
948 0.03182676596001149 9.48
949 0.03240006492013311 9.49
950 0.03295396369583087 9.5
951 0.03334759097011455 9.51
952 0.03392435651027906 9.52
953 0.03452013565232609 9.529999999999999
954 0.03478475796340533 9.540000000000001
955 0.03512845661158814 9.550000000000001
956 0.0356632189356707 9.56
957 0.03587658279397352 9.57
958 0.03604003625905067 9.58
959 0.03615520372438039 9.59
960 0.03612122114430508 9.6
961 0.03613727667904679 9.609999999999999
962 0.03582990305187478 9.620000000000001
963 0.03552240077250005 9.630000000000001
964 0.03528697666594158 9.640000000000001
965 0.03512928869474755 9.65
966 0.03484029422013621 9.66
967 0.03458432116631588 9.67
968 0.03431154294078909 9.68
969 0.03389180139709522 9.69
970 0.03377267921567098 9.700000000000001
971 0.03345139166226252 9.710000000000001
972 0.03303515787502898 9.720000000000001
973 0.03225323335197988 9.73
974 0.03158291141233091 9.74
975 0.03101873291884302 9.75
976 0.03051073185775308 9.76
977 0.02985258826487927 9.77
978 0.02917240490902942 9.779999999999999
979 0.0285004570784719 9.790000000000001
980 0.02755993219932396 9.800000000000001
981 0.02654127793021835 9.81
982 0.02571876617537724 9.82
983 0.02457975181171895 9.83
984 0.02348325172065863 9.84
985 0.0224662953998914 9.85
986 0.021237755133067 9.859999999999999
987 0.02001022965504359 9.870000000000001
988 0.01906385456346901 9.880000000000001
989 0.01780193229428606 9.890000000000001
990 0.01622837167217114 9.9
991 0.01475486271150928 9.91
992 0.01302735260585186 9.92
993 0.01150570477743734 9.93
994 0.01006071408037121 9.94
995 0.008664836456342473 9.950000000000001
996 0.007007588083914884 9.960000000000001
997 0.005357809995500923 9.970000000000001
998 0.003762128642995327 9.98
999 0.00205579490588656 9.99
1000 0.0005290687020166607 10
1001 -0.000975013106741085 10.01
1002 -0.002326220895920661 10.02
1003 -0.003627167945151499 10.03
1004 -0.004920080610723326 10.04
1005 -0.006090588772654504 10.05
1006 -0.007307034314679134 10.06
1007 -0.008372557278634729 10.07
1008 -0.009600269300623382 10.08
1009 -0.01096278539683995 10.09
1010 -0.01206906502982089 10.1
1011 -0.01318617515375695 10.11
1012 -0.01413897558643826 10.12
1013 -0.01499252025837219 10.13
1014 -0.01592844962523327 10.14
1015 -0.01672580886105243 10.15
1016 -0.01752320620641507 10.16
1017 -0.01833204121579346 10.17
1018 -0.01910315791579448 10.18
1019 -0.01970024400182654 10.19
1020 -0.0205205879900951 10.2
1021 -0.02085789661780682 10.21
1022 -0.02158190574280208 10.22
1023 -0.02184488469667972 10.23
1024 -0.0224266740650301 10.24
1025 -0.0230141311870258 10.25
1026 -0.02361013029339001 10.26
1027 -0.0243574423878431 10.27
1028 -0.02521645128597627 10.28
1029 -0.02610143107383944 10.29
1030 -0.02702588712891052 10.3
1031 -0.02801518473524552 10.31
1032 -0.02907457680748596 10.32
1033 -0.02993115983609695 10.33
1034 -0.03078293828818829 10.34
1035 -0.03141712149166122 10.35
1036 -0.03197718282037222 10.36
1037 -0.03264239684921025 10.37
1038 -0.03325938007740112 10.38
1039 -0.0339879109161991 10.39
1040 -0.03473171029612883 10.4
1041 -0.03547750895422877 10.41
1042 -0.03580874150225538 10.42
1043 -0.03644191359020105 10.43
1044 -0.03684511377828892 10.44
1045 -0.03745261023178023 10.45
1046 -0.03771294376434955 10.46
1047 -0.03803198250626499 10.47
1048 -0.03849674665419828 10.48
1049 -0.03884873699760158 10.49
1050 -0.0390171031891402 10.5
1051 -0.03933619746035516 10.51
1052 -0.03953953955388959 10.52
1053 -0.03977510813945501 10.53
1054 -0.03993618858180338 10.54
1055 -0.03984277693148273 10.55
1056 -0.03984901438683169 10.56
1057 -0.03973470877004656 10.57
1058 -0.03949883393967429 10.58
1059 -0.03914570783916597 10.59
1060 -0.03865085292318363 10.6
1061 -0.03817451354202524 10.61
1062 -0.03776036796229085 10.62
1063 -0.03708521557562482 10.63
1064 -0.03653190539578292 10.64
1065 -0.03606538150166909 10.65
1066 -0.03572083814729637 10.66
1067 -0.03496584591766877 10.67
1068 -0.03403552526529668 10.68
1069 -0.03312845006373341 10.69
1070 -0.0325243829615033 10.7
1071 -0.03202096567524265 10.71
1072 -0.03151023173637246 10.72
1073 -0.03087530682206985 10.73
1074 -0.03051618692015337 10.74
1075 -0.03048793154474407 10.75
1076 -0.03074302341566162 10.76
1077 -0.03064170657304857 10.77
1078 -0.03115756854935897 10.78
1079 -0.03142748561951265 10.79
1080 -0.03172101703413291 10.8
1081 -0.03199186634711104 10.81
1082 -0.03230446708007809 10.82
1083 -0.03265306208424673 10.83
1084 -0.03281319754573911 10.84
1085 -0.03296947837228792 10.85
1086 -0.03330809052535169 10.86
1087 -0.03367620791531141 10.87
1088 -0.03403401634285233 10.88
1089 -0.03462057752103732 10.89
1090 -0.03513512808391575 10.9
1091 -0.03560026406430322 10.91
1092 -0.03608870991464555 10.92
1093 -0.03683036435851843 10.93
1094 -0.03756165782537149 10.94
1095 -0.03835622619255122 10.95
1096 -0.0391676987837942 10.96
1097 -0.03996157812970969 10.97
1098 -0.04073357732471619 10.98
1099 -0.04149161439406089 10.99
1100 -0.04209856043403443 11
1101 -0.0427394556638723 11.01
1102 -0.04356116893855357 11.02
1103 -0.04417634692306904 11.03
1104 -0.04474694666123409 11.04
1105 -0.04545313839772244 11.05
1106 -0.04588857380711113 11.06
1107 -0.0463656739547907 11.07
1108 -0.04683272174135347 11.08
1109 -0.04749646804155264 11.09
1110 -0.0483223557146811 11.1
1111 -0.0489942590805954 11.11
1112 -0.04933829830265389 11.12
1113 -0.05030268828741188 11.13
1114 -0.05101312317951887 11.14
1115 -0.05135222695514836 11.15
1116 -0.05175027923125006 11.16
1117 -0.05181633277935954 11.17
1118 -0.05162919187823116 11.18
1119 -0.05174447813147692 11.19
1120 -0.05214970983648434 11.2
1121 -0.05218542997257067 11.21
1122 -0.05221430208788906 11.22
1123 -0.05221353753940339 11.23
1124 -0.0524283332432687 11.24
1125 -0.05250760083045279 11.25
1126 -0.05246656175480575 11.26
1127 -0.05228602377519048 11.27
1128 -0.05223677342678425 11.28
1129 -0.0520222324206235 11.29
1130 -0.05172911107306573 11.3
1131 -0.0515858337668349 11.31
1132 -0.05136154026957573 11.32
1133 -0.05127999979380379 11.33
1134 -0.05130339640117222 11.34
1135 -0.05100807574669441 11.35
1136 -0.05079562758389457 11.36
1137 -0.05025123176018809 11.37
1138 -0.04993355849704377 11.38
1139 -0.04972590567883879 11.39
1140 -0.04919580495405482 11.4
1141 -0.0484951653107515 11.41
1142 -0.04799973054136883 11.42
1143 -0.04711794005508482 11.43
1144 -0.0457933888877137 11.44
1145 -0.04445119654911095 11.45
1146 -0.04283409717881162 11.46
1147 -0.04166549593527513 11.47
1148 -0.03980202786798595 11.48
1149 -0.03792888078849099 11.49
1150 -0.03624493529304623 11.5
1151 -0.03457219260579945 11.51
1152 -0.03289558210480131 11.52
1153 -0.03116828452025605 11.53
1154 -0.02927784172908393 11.54
1155 -0.02715003557358839 11.55
1156 -0.0253662202438432 11.56
1157 -0.02366427244357944 11.57
1158 -0.022285457788491 11.58
1159 -0.02052339827756391 11.59
1160 -0.01895715763432328 11.6
1161 -0.01768961639638017 11.61
1162 -0.01607634055623283 11.62
1163 -0.01477845210129036 11.63
1164 -0.01344594722148296 11.64
1165 -0.01157318407965663 11.65
1166 -0.01012201454786291 11.66
1167 -0.009068041001961791 11.67
1168 -0.008044267802447186 11.68
1169 -0.007114195792778444 11.69
1170 -0.005892597102549468 11.7
1171 -0.005409116170911554 11.71
1172 -0.00508680720943408 11.72
1173 -0.004351849113568174 11.73
1174 -0.003650358074403615 11.74
1175 -0.003295654218984007 11.75
1176 -0.002911501964875302 11.76
1177 -0.00288983073232757 11.77
1178 -0.003043918200989926 11.78
1179 -0.003390478891598547 11.79
1180 -0.003396721751522114 11.8
1181 -0.003575854819919705 11.81
1182 -0.00344256220756009 11.82
1183 -0.00342006819685764 11.83
1184 -0.003542598621913778 11.84
1185 -0.003886655027408981 11.85
1186 -0.004940777998382412 11.86
1187 -0.005709163354442132 11.87
1188 -0.006739114947552666 11.88
1189 -0.007357898779037697 11.89
1190 -0.007981161324263769 11.9
1191 -0.008834578615217831 11.91
1192 -0.009700847772666776 11.92
1193 -0.01041679851134394 11.93
1194 -0.0114562283771274 11.94
1195 -0.01254230347348609 11.95
1196 -0.01363752445225339 11.96
1197 -0.01458526036800328 11.97
1198 -0.0155349905434235 11.98
1199 -0.01622617456413629 11.99
1200 -0.01759454358934899 12
1201 -0.01849977632048816 12.01
1202 -0.02048933859230176 12.02
1203 -0.02163085299153091 12.03
1204 -0.02350294628562274 12.04
1205 -0.02442524100436057 12.05
1206 -0.02613530772267741 12.06
1207 -0.02677058898106746 12.07
1208 -0.02764768089993969 12.08
1209 -0.02828283408082229 12.09
1210 -0.0293142803460309 12.1
1211 -0.02999380882759461 12.11
1212 -0.03087025140397107 12.12
1213 -0.03126170579418182 12.13
1214 -0.0321678788470892 12.14
1215 -0.03286045133424426 12.15
1216 -0.03427557221508534 12.16
1217 -0.03530554795456836 12.17
1218 -0.03650413950501653 12.18
1219 -0.03704007990268925 12.19
1220 -0.03864831374705256 12.2
1221 -0.03966981726715826 12.21
1222 -0.0407357794719609 12.22
1223 -0.04147619126940486 12.23
1224 -0.04263921884481667 12.24
1225 -0.04376075521873857 12.25
1226 -0.04470660848193994 12.26
1227 -0.04570404463269909 12.27
1228 -0.04657888576201533 12.28
1229 -0.04769280589192548 12.29
1230 -0.04862691971943034 12.3
1231 -0.04995745558344164 12.31
1232 -0.05107298571381613 12.32
1233 -0.05216620943292796 12.33
1234 -0.05316659142481192 12.34
1235 -0.05403585543405685 12.35
1236 -0.05501424044680839 12.36
1237 -0.05589731416541477 12.37
1238 -0.05669743110733413 12.38
1239 -0.05731182497765777 12.39
1240 -0.05818622599315937 12.4
1241 -0.05876144617565562 12.41
1242 -0.05945813696218476 12.42
1243 -0.06022071856204742 12.43
1244 -0.06048798621908902 12.44
1245 -0.06065215344659206 12.45
1246 -0.06101191023075725 12.46
1247 -0.06123962256264717 12.47
1248 -0.06116487127349668 12.48
1249 -0.06114972205104832 12.49
1250 -0.06076593237080152 12.5
1251 -0.06031075725514752 12.51
1252 -0.05986431842800852 12.52
1253 -0.05837055747313558 12.53
1254 -0.05747107619200371 12.54
1255 -0.05545110930833211 12.55
1256 -0.05359855127689403 12.56
1257 -0.05160552003986973 12.57
1258 -0.04951407997458381 12.58
1259 -0.04720224872455778 12.59
1260 -0.04497367047649184 12.6
1261 -0.04309807211199017 12.61
1262 -0.04131842623856181 12.62
1263 -0.03922072696296329 12.63
1264 -0.03693672583919519 12.64
1265 -0.03452747281120963 12.65
1266 -0.03220979050989818 12.66
1267 -0.02970562289684932 12.67
1268 -0.02690851986537465 12.68
1269 -0.02422844779925952 12.69
1270 -0.02169584512931744 12.7
1271 -0.01836883959940741 12.71
1272 -0.01516951908746406 12.72
1273 -0.01194316984373958 12.73
1274 -0.008631155314348854 12.74
1275 -0.005360183267723972 12.75
1276 -0.001788529468472799 12.76
1277 0.001565066340350446 12.77
1278 0.005396541540790195 12.78
1279 0.009279456112494755 12.79
1280 0.01268814211843813 12.8
1281 0.01670915346982696 12.81
1282 0.0200316091989747 12.82
1283 0.02363879527106802 12.83
1284 0.02687183990806055 12.84
1285 0.03041766560315137 12.85
1286 0.03390675365193466 12.86
1287 0.03728950107196868 12.87
1288 0.04021995640703771 12.88
1289 0.04344015124142986 12.89
1290 0.04655526045940211 12.9
1291 0.04924983421993312 12.91
1292 0.05179248758946982 12.92
1293 0.05395969860303718 12.93
1294 0.05605958991751941 12.94
1295 0.05816400115346222 12.95
1296 0.05958525050911526 12.96
1297 0.06177898553429649 12.97
1298 0.06339077939116855 12.98
1299 0.06540719919864331 12.99
1300 0.06735750867083409 13
1301 0.06871585045680192 13.01
1302 0.06934672669819883 13.02
1303 0.07015363434511115 13.03
1304 0.07042921612433263 13.04
1305 0.07024187895232327 13.05
1306 0.07074470805870933 13.06
1307 0.07148198737500676 13.07
1308 0.07204969778884089 13.08
1309 0.07125115857474006 13.09
1310 0.07074695174605938 13.1
1311 0.07084441789179675 13.11
1312 0.07075845235910931 13.12
1313 0.07072040042028321 13.13
1314 0.07108154473487363 13.14
1315 0.07115299572293568 13.15
1316 0.0709415702762304 13.16
1317 0.07130688217510861 13.17
1318 0.07156074147151668 13.18
1319 0.07111824549263014 13.19
1320 0.07076298696685306 13.2
1321 0.06938715054887071 13.21
1322 0.06837416532605323 13.22
1323 0.06715279896686836 13.23
1324 0.06588041539930266 13.24
1325 0.0657374469622853 13.25
1326 0.06451770854737972 13.26
1327 0.06378664086106209 13.27
1328 0.06296337931180757 13.28
1329 0.06287802964981776 13.29
1330 0.06221346986254031 13.3
1331 0.06198486341971779 13.31
1332 0.06158594505734154 13.32
1333 0.06025350792591029 13.33
1334 0.05911145359296541 13.34
1335 0.05764278005082073 13.35
1336 0.05660220324738674 13.36
1337 0.05585428957536222 13.37
1338 0.05535094455916555 13.38
1339 0.05443100069851563 13.39
1340 0.05252269969660481 13.4
1341 0.05116887743636592 13.41
1342 0.04995592288511454 13.42
1343 0.04819337148157771 13.43
1344 0.04736535031480762 13.44
1345 0.04607439795006706 13.45
1346 0.04487915401814828 13.46
1347 0.04354938419194929 13.47
1348 0.04219801958218071 13.48
1349 0.04058429833439063 13.49
1350 0.03931883080247128 13.5
1351 0.03777832053000596 13.51
1352 0.03634913183014879 13.52
1353 0.03456659316216182 13.53
1354 0.03279951287521964 13.54
1355 0.03162484327550505 13.55
1356 0.03054540429784129 13.56
1357 0.02904227500976206 13.57
1358 0.02771887650284298 13.58
1359 0.02642290276994928 13.59
1360 0.02492163695225193 13.6
1361 0.02353913041904289 13.61
1362 0.02210313773544559 13.62
1363 0.02081803527373702 13.63
1364 0.01926184130586688 13.64
1365 0.01795691258083364 13.65
1366 0.01641268336799849 13.66
1367 0.01540457284596608 13.67
1368 0.01434352923686662 13.68
1369 0.01302143680372968 13.69
1370 0.0116580409503951 13.7
1371 0.01010384941277893 13.71
1372 0.008695198502888621 13.72
1373 0.007490715554209645 13.73
1374 0.006189760174572859 13.74
1375 0.004391943375662719 13.75
1376 0.002509402216825496 13.76
1377 0.00045826643036255 13.77
1378 -0.000260299882135509 13.78
1379 -0.001655811466095405 13.79
1380 -0.002733232331668112 13.8
1381 -0.00419365775389649 13.81
1382 -0.00516361092150272 13.82
1383 -0.006448713384936938 13.83
1384 -0.008486451212573326 13.84
1385 -0.009891938893921051 13.85
1386 -0.01094102027839416 13.86
1387 -0.01214026053905433 13.87
1388 -0.01317106275250923 13.88
1389 -0.01408092317296937 13.89
1390 -0.0147289292782623 13.9
1391 -0.01575597194423416 13.91
1392 -0.01708129656434064 13.92
1393 -0.01806269818266558 13.93
1394 -0.01968179879532694 13.94
1395 -0.02076741595422935 13.95
1396 -0.02202479603657539 13.96
1397 -0.0235108216405165 13.97
1398 -0.02458637355391197 13.98
1399 -0.02557103832100371 13.99
1400 -0.02657620673372511 14
1401 -0.02715680897383518 14.01
1402 -0.02815276007496452 14.02
1403 -0.02860885715800737 14.03
1404 -0.02909064495655202 14.04
1405 -0.02935362725937798 14.05
1406 -0.02990980569999624 14.06
1407 -0.03064160072611567 14.07
1408 -0.03085021462590835 14.08
1409 -0.0318311864376517 14.09
1410 -0.03205958903096091 14.1
1411 -0.03236521293516312 14.11
1412 -0.03249066377815328 14.12
1413 -0.03253625167456696 14.13
1414 -0.03253918149772943 14.14
1415 -0.03275961702661986 14.15
1416 -0.03270273958815308 14.16
1417 -0.03295956042044838 14.17
1418 -0.03341046770778214 14.18
1419 -0.0337211035785062 14.19
1420 -0.03398701156699636 14.2
1421 -0.03411936786591925 14.21
1422 -0.03400224231552752 14.22
1423 -0.03330075241211448 14.23
1424 -0.03330802372588389 14.24
1425 -0.03321770650741392 14.25
1426 -0.03300725465095379 14.26
1427 -0.0328888193093981 14.27
1428 -0.03239387670516793 14.28
1429 -0.03237821789178802 14.29
1430 -0.03261626381319289 14.3
1431 -0.03268943859128762 14.31
1432 -0.03250121506617086 14.32
1433 -0.03257447285480122 14.33
1434 -0.03268210905279134 14.34
1435 -0.03269837855939706 14.35
1436 -0.03250600808174939 14.36
1437 -0.03244754084578097 14.37
1438 -0.0327307400689871 14.38
1439 -0.0328745056535054 14.39
1440 -0.0326254129746443 14.4
1441 -0.03262691153983986 14.41
1442 -0.03251863347224047 14.42
1443 -0.03240622642240767 14.43
1444 -0.03201460270472187 14.44
1445 -0.03183020959715244 14.45
1446 -0.03151470006344886 14.46
1447 -0.03160871929752126 14.47
1448 -0.03139799343439924 14.48
1449 -0.0313121375316497 14.49
1450 -0.03144741637382951 14.5
1451 -0.03140268421761594 14.51
1452 -0.03129015316126868 14.52
1453 -0.03110986225766389 14.53
1454 -0.03132476206651741 14.54
1455 -0.03124963038506685 14.55
1456 -0.03158187095470816 14.56
1457 -0.03182844767164755 14.57
1458 -0.03195498913910086 14.58
1459 -0.03196752086438046 14.59
1460 -0.03192588094251135 14.6
1461 -0.03213796873142391 14.61
1462 -0.03223639434176682 14.62
1463 -0.0325018528852683 14.63
1464 -0.03258287855071265 14.64
1465 -0.03280325049596333 14.65
1466 -0.0329836863053317 14.66
1467 -0.03332113596597551 14.67
1468 -0.0339461228736237 14.68
1469 -0.03431511660290737 14.69
1470 -0.03458314078317723 14.7
1471 -0.03507538804784481 14.71
1472 -0.03573321018855277 14.72
1473 -0.03614368298061651 14.73
1474 -0.03667986164158034 14.74
1475 -0.03691922900484419 14.75
1476 -0.03709497341719746 14.76
1477 -0.03691317995722453 14.77
1478 -0.03680055107123724 14.78
1479 -0.03628710249420702 14.79
1480 -0.03651171501876321 14.8
1481 -0.03610500889563587 14.81
1482 -0.03613958283852854 14.82
1483 -0.03649447608521626 14.83
1484 -0.03689667208381685 14.84
1485 -0.03710399490836341 14.85
1486 -0.0370797933950391 14.86
1487 -0.03604061387168443 14.87
1488 -0.03495085853195355 14.88
1489 -0.03424089118315493 14.89
1490 -0.03344271148849277 14.9
1491 -0.03341107284136087 14.91
1492 -0.03246516663054561 14.92
1493 -0.03208231345574407 14.93
1494 -0.03139629786829862 14.94
1495 -0.03062089136825491 14.95
1496 -0.02988107380953653 14.96
1497 -0.02984692481068814 14.97
1498 -0.0291544161685405 14.98
1499 -0.0285210327150909 14.99
1500 -0.02798765631266013 15
1501 -0.02733320947187982 15.01
1502 -0.02627517824478411 15.02
1503 -0.02615227893203165 15.03
1504 -0.02511353206171292 15.04
1505 -0.02451004653261669 15.05
1506 -0.0227358384112392 15.06
1507 -0.02182886237550025 15.07
1508 -0.02078507214142734 15.08
1509 -0.01962231589219957 15.09
1510 -0.01813605482637795 15.1
1511 -0.01718725916586304 15.11
1512 -0.01557275848395542 15.12
1513 -0.01450752073428625 15.13
1514 -0.01290596333725429 15.14
1515 -0.01214284327719847 15.15
1516 -0.0110840975120549 15.16
1517 -0.009996739045482081 15.17
1518 -0.008696219394865409 15.18
1519 -0.007921960110216744 15.19
1520 -0.00639288896001379 15.2
1521 -0.005461229987333727 15.21
1522 -0.003890060540633164 15.22
1523 -0.003095518449449969 15.23
1524 -0.002262135601985252 15.24
1525 -0.001498664820127948 15.25
1526 -0.0007701429659293241 15.26
1527 0.0002698953636488671 15.27
1528 0.0008190870292033026 15.28
1529 0.001843916849027585 15.29
1530 0.002436910804746117 15.3
1531 0.002986423722868087 15.31
1532 0.003561849276190604 15.32
1533 0.004445995165591382 15.33
1534 0.005060928302942358 15.34
1535 0.00506719170082498 15.35
1536 0.005263902575334989 15.36
1537 0.006250373609042487 15.37
1538 0.007306881198505338 15.38
1539 0.007805239066624906 15.39
1540 0.00839139500290062 15.4
1541 0.008708193595584737 15.41
1542 0.008764214324697428 15.42
1543 0.009050158752623771 15.43
1544 0.009735614357738218 15.44
1545 0.01029565884883112 15.45
1546 0.0110496745092849 15.46
1547 0.01151624584708848 15.47
1548 0.01207959319038163 15.48
1549 0.01260963010031181 15.49
1550 0.01321164181197533 15.5
1551 0.01366615419913317 15.51
1552 0.01392093228494085 15.52
1553 0.01409054619963908 15.53
1554 0.01435525965825019 15.54
1555 0.01498559653921848 15.55
1556 0.01511921952627429 15.56
1557 0.01534924573698318 15.57
1558 0.01588500509673479 15.58
1559 0.01650140191732008 15.59
1560 0.01707727287233723 15.6
1561 0.01786724732777438 15.61
1562 0.01851197076028671 15.62
1563 0.01920268831953932 15.63
1564 0.01993215078503703 15.64
1565 0.0208473798236473 15.65
1566 0.02171719002697592 15.66
1567 0.02243124061818141 15.67
1568 0.02346036068754331 15.68
1569 0.02451822296103406 15.69
1570 0.02564850180843016 15.7
1571 0.02677328869682102 15.71
1572 0.02769369082132385 15.72
1573 0.02879532119888097 15.73
1574 0.02973184835064455 15.74
1575 0.03051632846381794 15.75
1576 0.03130305863585352 15.76
1577 0.03202858788832152 15.77
1578 0.03273435477037046 15.78
1579 0.03333896731533695 15.79
1580 0.03377293840882926 15.8
1581 0.03446803754570993 15.81
1582 0.0348731641465671 15.82
1583 0.03536912100399428 15.83
1584 0.03579897210229113 15.84
1585 0.03615430747288793 15.85
1586 0.03654245548257889 15.86
1587 0.03713678146267956 15.87
1588 0.03761477895982375 15.88
1589 0.0381348271602461 15.89
1590 0.03865661641619235 15.9
1591 0.03906594220569966 15.91
1592 0.03968992772315154 15.92
1593 0.0402817624456857 15.93
1594 0.04086913626906408 15.94
1595 0.04147639780935718 15.95
1596 0.04240620289291444 15.96
1597 0.04297812930235445 15.97
1598 0.04376543053555233 15.98
1599 0.04437505544229144 15.99
1600 0.04489081891649739 16
1601 0.04552335828547199 16.01
1602 0.04628681520955506 16.02
1603 0.04709443080323782 16.03
1604 0.04787314512252343 16.04
1605 0.04876577266021753 16.05
1606 0.04951285364188336 16.06
1607 0.0502123681040848 16.07
1608 0.05108176283129152 16.08
1609 0.05184285055768076 16.09
1610 0.05260028199167628 16.1
1611 0.05325476344530314 16.11
1612 0.05392276207707428 16.12
1613 0.05442199462866662 16.13
1614 0.05488404804581754 16.14
1615 0.05543848898782479 16.15
1616 0.05607875401336897 16.16
1617 0.05665698814574642 16.17
1618 0.05716640412943617 16.18
1619 0.05775206418618034 16.19
1620 0.05844477656214914 16.2
1621 0.05923936019803679 16.21
1622 0.0597736954682989 16.22
1623 0.06008068069188301 16.23
1624 0.06042631072324832 16.24
1625 0.06059919618463801 16.25
1626 0.06086564024329875 16.26
1627 0.06109706010307182 16.27
1628 0.06118511954448395 16.28
1629 0.06129164178350761 16.29
1630 0.06143939077372323 16.3
1631 0.06150506529130585 16.31
1632 0.06161111860540289 16.32
1633 0.06180924926300495 16.33
1634 0.06198627959069629 16.34
1635 0.06227234783040041 16.35
1636 0.06236088070474967 16.36
1637 0.06242229436342664 16.37
1638 0.06258731584153478 16.38
1639 0.06268276368208031 16.39
1640 0.06291238102632389 16.4
1641 0.06313295107445813 16.41
1642 0.06329451747538831 16.42
1643 0.06334405099263188 16.43
1644 0.06337056361444152 16.44
1645 0.06354353569504326 16.45
1646 0.06375854006802624 16.46
1647 0.06401954566193252 16.47
1648 0.06421282390005149 16.48
1649 0.0644698803996105 16.49
1650 0.06463395791231163 16.5
1651 0.06480375823007198 16.51
1652 0.06508204089714617 16.52
1653 0.06539106805289671 16.53
1654 0.06582124140318188 16.54
1655 0.06628897771443744 16.55
1656 0.06666702007964945 16.56
1657 0.06717566361422077 16.57
1658 0.06772118728475882 16.58
1659 0.06828493462293361 16.59
1660 0.0689482378597467 16.6
1661 0.06953436209482122 16.61
1662 0.07014358424131441 16.62
1663 0.07072104815078339 16.63
1664 0.07124406567471189 16.64
1665 0.07169613100006114 16.65
1666 0.07205818750545928 16.66
1667 0.07252017202484749 16.67
1668 0.07290506450432964 16.68
1669 0.07325109906886654 16.69
1670 0.07355783952840925 16.7
1671 0.0739748784888081 16.71
1672 0.07435362159782166 16.72
1673 0.07451007014888221 16.73
1674 0.07462005667853114 16.74
1675 0.07472782807423345 16.75
1676 0.07494066968636333 16.76
1677 0.07500338087846872 16.77
1678 0.07492652260593005 16.78
1679 0.07515641422079633 16.79
1680 0.07528349674664708 16.8
1681 0.07535844083966851 16.81
1682 0.07544472680986547 16.82
1683 0.07543674598520424 16.83
1684 0.07540371607452358 16.84
1685 0.07544159524887438 16.85
1686 0.07522510519965818 16.86
1687 0.07507734924441115 16.87
1688 0.07474943002391833 16.88
1689 0.07431884690399398 16.89
1690 0.07418124557079289 16.9
1691 0.07399435275389385 16.91
1692 0.07355689240499254 16.92
1693 0.07321925850122835 16.93
1694 0.07281943435574688 16.94
1695 0.07228549499694012 16.95
1696 0.07181218096998231 16.96
1697 0.07142572646419691 16.97
1698 0.07083256685588624 16.98
1699 0.07030634134255344 16.99
1700 0.06963596682944137 17
1701 0.0689666179738041 17.01
1702 0.06847770633536099 17.02
1703 0.06784601516860909 17.03
1704 0.06725589158520456 17.04
1705 0.06636959549248099 17.05
1706 0.06548710377299244 17.06
1707 0.06478004882151056 17.07
1708 0.06417140564007411 17.08
1709 0.06351719358306722 17.09
1710 0.06289759009518377 17.1
1711 0.06228719297720109 17.11
1712 0.06169054099794748 17.12
1713 0.06110442241019351 17.13
1714 0.06063821502119664 17.14
1715 0.05995794501980556 17.15
1716 0.0593070528928397 17.16
1717 0.05854547235847948 17.17
1718 0.05774585901826394 17.18
1719 0.0569639241429888 17.19
1720 0.05615435350451443 17.2
1721 0.05525882623311916 17.21
1722 0.05431766370507136 17.22
1723 0.05338751521570624 17.23
1724 0.05244812877574259 17.24
1725 0.05164845371201099 17.25
1726 0.05096910054172916 17.26
1727 0.050296270282276 17.27
1728 0.04949842641262357 17.28
1729 0.04879025984652322 17.29
1730 0.04803484461551835 17.3
1731 0.04664112104331135 17.31
1732 0.04593560714581209 17.32
1733 0.04517182620235638 17.33
1734 0.04442436713978302 17.34
1735 0.04358844977771546 17.35
1736 0.04287674341299616 17.36
1737 0.04214806737700215 17.37
1738 0.04146920070337121 17.38
1739 0.04083894448979274 17.39
1740 0.04025516478898092 17.4
1741 0.0395159291391692 17.41
1742 0.03882423274920309 17.42
1743 0.03807654605184317 17.43
1744 0.03747263105272601 17.44
1745 0.03691536558915887 17.45
1746 0.03617707284169261 17.46
1747 0.03562438174540733 17.47
1748 0.03519197179552212 17.48
1749 0.0348024812118127 17.49
1750 0.03450923645009571 17.5
1751 0.0342658283373119 17.51
1752 0.03408452375799327 17.52
1753 0.03386580252739299 17.53
1754 0.03352196955628084 17.54
1755 0.03308900598849336 17.55
1756 0.03295722827518707 17.56
1757 0.03248025840995257 17.57
1758 0.03222084567370935 17.58
1759 0.03179480952106874 17.59
1760 0.0314120718827012 17.6
1761 0.0309890387109306 17.61
1762 0.03045227618743471 17.62
1763 0.03001501216530204 17.63
1764 0.02953459660903729 17.64
1765 0.02904247927685186 17.65
1766 0.02865196352501533 17.66
1767 0.0282734822230766 17.67
1768 0.02789897421975934 17.68
1769 0.02755051140263691 17.69
1770 0.02726977452965053 17.7
1771 0.02697441343626193 17.71
1772 0.02641946105529053 17.72
1773 0.02591440012814797 17.73
1774 0.02539073289872357 17.74
1775 0.02500349370909412 17.75
1776 0.02473613848043693 17.76
1777 0.02437301445679993 17.77
1778 0.02394881180538096 17.78
1779 0.02356846528021635 17.79
1780 0.02335241635938957 17.8
1781 0.02290302390055232 17.81
1782 0.02240082250283922 17.82
1783 0.02170995077690348 17.83
1784 0.02110997738284257 17.84
1785 0.02052340784504988 17.85
1786 0.02028266927402653 17.86
1787 0.0198232732990298 17.87
1788 0.01945343354239845 17.88
1789 0.01880505874453475 17.89
1790 0.0182947678508267 17.9
1791 0.01773398833448676 17.91
1792 0.01740757789043175 17.92
1793 0.01699387657800194 17.93
1794 0.0165718797653633 17.94
1795 0.0161779905942917 17.95
1796 0.01568453712569702 17.96
1797 0.01549932571158276 17.97
1798 0.01536986050468694 17.98
1799 0.01535687599985704 17.99
1800 0.01530660056064918 18
1801 0.01520988140760623 18.01
1802 0.01512844161123506 18.02
1803 0.01465811845455367 18.03
1804 0.01436331725243312 18.04
1805 0.01403896107337765 18.05
1806 0.01385706854202176 18.06
1807 0.01376016451907688 18.07
1808 0.01358255760000922 18.08
1809 0.01357774596949754 18.09
1810 0.01326817829856732 18.1
1811 0.01305039271579313 18.11
1812 0.01289144336993925 18.12
1813 0.01289832880031516 18.13
1814 0.0129602477910231 18.14
1815 0.01300851850980159 18.15
1816 0.01290038599853069 18.16
1817 0.01280579745924647 18.17
1818 0.01289130913953086 18.18
1819 0.01296548950908405 18.19
1820 0.01304040253798543 18.2
1821 0.01288232050869029 18.21
1822 0.01275913440940545 18.22
1823 0.01278034031809412 18.23
1824 0.01268234829731001 18.24
1825 0.01256778925253321 18.25
1826 0.01255992620351858 18.26
1827 0.01241452755263933 18.27
1828 0.01217239248586892 18.28
1829 0.01196701806479383 18.29
1830 0.01180907239365113 18.3
1831 0.01166200739076119 18.31
1832 0.01163147816885328 18.32
1833 0.01158398743672265 18.33
1834 0.01174482176045777 18.34
1835 0.01182720027538658 18.35
1836 0.01178912251503034 18.36
1837 0.01172323540229539 18.37
1838 0.01170821418288885 18.38
1839 0.01176303707494264 18.39
1840 0.0116976313125285 18.4
1841 0.01168215882569154 18.41
1842 0.01161469068224115 18.42
1843 0.01167109273342777 18.43
1844 0.01163723148618755 18.44
1845 0.01169485654765641 18.45
1846 0.01161171933558675 18.46
1847 0.01146697107815874 18.47
1848 0.01139799174970577 18.48
1849 0.01142515852408786 18.49
1850 0.01129603449330994 18.5
1851 0.01120987525189729 18.51
1852 0.0113422311884455 18.52
1853 0.01157187282426583 18.53
1854 0.01194186676899507 18.54
1855 0.01221551816132986 18.55
1856 0.01269452605806327 18.56
1857 0.01302773474301794 18.57
1858 0.01341111463665191 18.58
1859 0.01376072321117172 18.59
1860 0.01408963802009293 18.6
1861 0.01436915118484997 18.61
1862 0.01486657422207194 18.62
1863 0.01534120513366483 18.63
1864 0.01594480239113485 18.64
1865 0.01630475238509917 18.65
1866 0.01686870943805908 18.66
1867 0.01732251703967674 18.67
1868 0.01768482742880015 18.68
1869 0.01817334083474599 18.69
1870 0.0185253219595589 18.7
1871 0.01894339280165383 18.71
1872 0.01936692299142977 18.72
1873 0.01970457460325466 18.73
1874 0.01999413412008207 18.74
1875 0.02029197355406645 18.75
1876 0.02085571873119606 18.76
1877 0.02121726197332452 18.77
1878 0.02168879503311072 18.78
1879 0.02222144973832292 18.79
1880 0.02258737444713001 18.8
1881 0.022667705519075 18.81
1882 0.02283233075098681 18.82
1883 0.02293245710566159 18.83
1884 0.02342614160189806 18.84
1885 0.02313276724605372 18.85
1886 0.02306379109737847 18.86
1887 0.02305679890132135 18.87
1888 0.0232876784183406 18.88
1889 0.02315773756704066 18.89
1890 0.02311318408358594 18.9
1891 0.02317285889313135 18.91
1892 0.0233012553148048 18.92
1893 0.0234700672301057 18.93
1894 0.02359478522638082 18.94
1895 0.02348729202590343 18.95
1896 0.02349693556146401 18.96
1897 0.02369350157950058 18.97
1898 0.02373971393605269 18.98
1899 0.02386891018004139 18.99
1900 0.02404133231905388 19
1901 0.02406892169056139 19.01
1902 0.02421020115416343 19.02
1903 0.02449740442559907 19.03
1904 0.02469507447799769 19.04
1905 0.02467909911899079 19.05
1906 0.02493627685160479 19.06
1907 0.02514482603780585 19.07
1908 0.02553824217569096 19.08
1909 0.0258777953465984 19.09
1910 0.02622543288734414 19.1
1911 0.02656575503676832 19.11
1912 0.02731286330322276 19.12
1913 0.02816065315272402 19.13
1914 0.0288982285645543 19.14
1915 0.02979465737405625 19.15
1916 0.03070846349055512 19.16
1917 0.03137239791304602 19.17
1918 0.03211898428113705 19.18
1919 0.03315671687484636 19.19
1920 0.03403965891909717 19.2
1921 0.03503694050188021 19.21
1922 0.03598731730375068 19.22
1923 0.03699790594260856 19.23
1924 0.03799237079075457 19.24
1925 0.03923979572700792 19.25
1926 0.04038938261542954 19.26
1927 0.04144458841705552 19.27
1928 0.04244170565366574 19.28
1929 0.04335104121900593 19.29
1930 0.0440813305189446 19.3
1931 0.04480588908309648 19.31
1932 0.04560057245310382 19.32
1933 0.0461893924723942 19.33
1934 0.04687574654911288 19.34
1935 0.04747913293499863 19.35
1936 0.04836347373478143 19.36
1937 0.04882462989809795 19.37
1938 0.0493787771542383 19.38
1939 0.04987995775005698 19.39
1940 0.05026767914505494 19.4
1941 0.05064032437926914 19.41
1942 0.05094198075322638 19.42
1943 0.05121240903370289 19.43
1944 0.05150328511515273 19.44
1945 0.05173215293986817 19.45
1946 0.05204067065844842 19.46
1947 0.05235619478099721 19.47
1948 0.05254610137049447 19.48
1949 0.05267128612194365 19.49
1950 0.05277118619902636 19.5
1951 0.05273862115088229 19.51
1952 0.05271308563561596 19.52
1953 0.0527423585281486 19.53
1954 0.05274074905035143 19.54
1955 0.05277996857475936 19.55
1956 0.05280090222344053 19.56
1957 0.05289601981638178 19.57
1958 0.05294557951352914 19.58
1959 0.05297873472085195 19.59
1960 0.05299322576258327 19.6
1961 0.05300372347369765 19.61
1962 0.05305839472209022 19.62
1963 0.05336911397034486 19.63
1964 0.05367419062191867 19.64
1965 0.05403640885999249 19.65
1966 0.05447868304864903 19.66
1967 0.05498577338908478 19.67
1968 0.05539149017710263 19.68
1969 0.05583728492322577 19.69
1970 0.05627664971377488 19.7
1971 0.05675451697928575 19.71
1972 0.05723080411223483 19.72
1973 0.05766019705896183 19.73
1974 0.0580852289302823 19.74
1975 0.05847764151547725 19.75
1976 0.05880246911422772 19.76
1977 0.05910815606563066 19.77
1978 0.05944091884389144 19.78
1979 0.05978149887646675 19.79
1980 0.06016820166429342 19.8
1981 0.06052901979371746 19.81
1982 0.06094453190944564 19.82
1983 0.06133776432073594 19.83
1984 0.06142600735959283 19.84
1985 0.06164617734348085 19.85
1986 0.06190458107190636 19.86
1987 0.06192024610417414 19.87
1988 0.06207609185362621 19.88
1989 0.06216049439562492 19.89
1990 0.06226362729290838 19.9
1991 0.06245035762438464 19.91
1992 0.06268626216410891 19.92
1993 0.06287208274095279 19.93
1994 0.06291346119129151 19.94
1995 0.06313723810680444 19.95
1996 0.06329235782879138 19.96
1997 0.06330468341838702 19.97
1998 0.06335248117402775 19.98
1999 0.06330034033429795 19.99
2000 0.06324012150568988 20
2001 0.06320008493997961 20.01
2002 0.06320279270316 20.02
2003 0.06321580576264796 20.03
2004 0.06329679663605506 20.04
2005 0.06352084856831369 20.05
2006 0.06357172388799522 20.06
2007 0.06374490204542196 20.07
2008 0.06386053748104818 20.08
2009 0.0640631782697785 20.09
2010 0.06433312028657845 20.1
2011 0.06474992369893151 20.11
2012 0.06514460155364302 20.12
2013 0.0654574670050829 20.13
2014 0.06577586004626726 20.14
2015 0.0660159068150479 20.15
2016 0.06639162629215344 20.16
2017 0.06670212326058647 20.17
2018 0.06719511049271304 20.18
2019 0.06764131400388813 20.19
2020 0.06809694898572453 20.2
2021 0.06846416538641666 20.21
2022 0.06880057691403772 20.22
2023 0.06908077554908512 20.23
2024 0.06936070571189686 20.24
2025 0.06972205162914494 20.25
2026 0.07017382751902776 20.26
2027 0.07067586003746998 20.27
2028 0.07127392820562248 20.28
2029 0.07194994177463637 20.29
2030 0.07247052842259374 20.3
2031 0.07301852266430252 20.31
2032 0.07353547800564469 20.32
2033 0.0740511215576055 20.33
2034 0.07464892547006209 20.34
2035 0.0752752139037148 20.35
2036 0.07586938784685431 20.36
2037 0.07645187891419486 20.37
2038 0.07709210148936327 20.38
2039 0.07765537684614797 20.39
2040 0.07826464792429545 20.4
2041 0.07879516729454852 20.41
2042 0.07928927521710587 20.42
2043 0.07972956727423658 20.43
2044 0.08021685050632259 20.44
2045 0.08064222303502623 20.45
2046 0.08116374579327999 20.46
2047 0.08156508322653092 20.47
2048 0.08203725486070038 20.48
2049 0.08241464334470688 20.49
2050 0.08287456038319463 20.5
2051 0.08327376941873683 20.51
2052 0.0837251465368558 20.52
2053 0.08418321033657136 20.53
2054 0.08459243635366495 20.54
2055 0.08503726949529677 20.55
2056 0.08543987737522241 20.56
2057 0.08601815009001264 20.57
2058 0.08656619433577878 20.58
2059 0.08711343427257925 20.59
2060 0.08759061015645789 20.6
2061 0.08800861226402429 20.61
2062 0.0883086014178856 20.62
2063 0.08847341050673882 20.63
2064 0.08870366913884679 20.64
2065 0.08878974779532679 20.65
2066 0.08903163946073094 20.66
2067 0.08940257445851969 20.67
2068 0.08966203227293384 20.68
2069 0.0900157218776716 20.69
2070 0.09030579667189247 20.7
2071 0.09048466748356954 20.71
2072 0.09059334071728604 20.72
2073 0.09058578908949308 20.73
2074 0.09064450692215188 20.74
2075 0.09062556017546529 20.75
2076 0.09064262118838669 20.76
2077 0.09065544639139916 20.77
2078 0.09062296438610623 20.78
2079 0.0906620273313644 20.79
2080 0.09045655358054147 20.8
2081 0.09030529724304952 20.81
2082 0.09020113764122951 20.82
2083 0.0901714162268077 20.83
2084 0.0901350647887386 20.84
2085 0.09019809304214095 20.85
2086 0.09017671231619111 20.86
2087 0.09006806545123573 20.87
2088 0.08996997165565113 20.88
2089 0.0898750000999106 20.89
2090 0.08967030246396318 20.9
2091 0.08953459534476223 20.91
2092 0.08925593544208416 20.92
2093 0.08882366798020404 20.93
2094 0.08836240627620563 20.94
2095 0.0879559524404975 20.95
2096 0.08769608753802974 20.96
2097 0.08737486686594906 20.97
2098 0.08694813149928769 20.98
2099 0.08661974134449869 20.99
2100 0.08630396942274819 21
2101 0.085997537993377 21.01
2102 0.08561623642294459 21.02
2103 0.08543070751507387 21.03
2104 0.08497877282956438 21.04
2105 0.08462905329588907 21.05
2106 0.08432032680018546 21.06
2107 0.08397105834316188 21.07
2108 0.08363180222401764 21.08
2109 0.08324023297196906 21.09
2110 0.0828092226662758 21.1
2111 0.08230145842677042 21.11
2112 0.08173437977385135 21.12
2113 0.08121134042704618 21.13
2114 0.08068240558154971 21.14
2115 0.08015642358005257 21.15
2116 0.07946576648583439 21.16
2117 0.07874496747725679 21.17
2118 0.07803078520678179 21.18
2119 0.07717553760854957 21.19
2120 0.07629762739429213 21.2
2121 0.07541657705278479 21.21
2122 0.07453824853046936 21.22
2123 0.07363840277294229 21.23
2124 0.07279699311398159 21.24
2125 0.07192155791410758 21.25
2126 0.07101700063953463 21.26
2127 0.0701181244709409 21.27
2128 0.06918930690770837 21.28
2129 0.06825891935014579 21.29
2130 0.06730209271086922 21.3
2131 0.06631365054857091 21.31
2132 0.06531278545718656 21.32
2133 0.06446701564769106 21.33
2134 0.06350154326111317 21.34
2135 0.06250283890227401 21.35
2136 0.06160906112916556 21.36
2137 0.06065292384945244 21.37
2138 0.05976434376840338 21.38
2139 0.05878194204565995 21.39
2140 0.05777933754863566 21.4
2141 0.05670724930730131 21.41
2142 0.05564045133786891 21.42
2143 0.05472902043471065 21.43
2144 0.05387550762357517 21.44
2145 0.05298098428703353 21.45
2146 0.05203675680645298 21.46
2147 0.0512178678393224 21.47
2148 0.0502595594310858 21.48
2149 0.04939141168356642 21.49
2150 0.04844467331962528 21.5
2151 0.04767831990982527 21.51
2152 0.04701168087297794 21.52
2153 0.0462359679582181 21.53
2154 0.04560030934547821 21.54
2155 0.0450000245185205 21.55
2156 0.04440274487428217 21.56
2157 0.04380375211407184 21.57
2158 0.04318037387434419 21.58
2159 0.04265689967746758 21.59
2160 0.04215196351992102 21.6
2161 0.04161996687818634 21.61
2162 0.04105072792113067 21.62
2163 0.04059963184316095 21.63
2164 0.0401985657816141 21.64
2165 0.03974368420875465 21.65
2166 0.03923972848030514 21.66
2167 0.03891480186547895 21.67
2168 0.03866592674854366 21.68
2169 0.03825167782185297 21.69
2170 0.03800604934821109 21.7
2171 0.03772431477228312 21.71
2172 0.03747964560005061 21.72
2173 0.03724047669604529 21.73
2174 0.03712575156872804 21.74
2175 0.03683930858195261 21.75
2176 0.03659379676021267 21.76
2177 0.03654557993671582 21.77
2178 0.03646145401197073 21.78
2179 0.03633767375153708 21.79
2180 0.03611204677818813 21.8
2181 0.03607823174029394 21.81
2182 0.03576525682571488 21.82
2183 0.03573399240284279 21.83
2184 0.03536951581890867 21.84
2185 0.03523295938983051 21.85
2186 0.03478504518094719 21.86
2187 0.03456271038533082 21.87
2188 0.03409054230903581 21.88
2189 0.0338791131204241 21.89
2190 0.03362592931757032 21.9
2191 0.03328218731362752 21.91
2192 0.03303922769894217 21.92
2193 0.03253894788184065 21.93
2194 0.03186498244902193 21.94
2195 0.03140684022061532 21.95
2196 0.03089754836627259 21.96
2197 0.03031292540016509 21.97
2198 0.0297832775952567 21.98
2199 0.02927714226386076 21.99
2200 0.02873884358975534 22
2201 0.02798620238793964 22.01
2202 0.02765047122735355 22.02
2203 0.02723541538758886 22.03
2204 0.02663006167655448 22.04
2205 0.02596262251786276 22.05
2206 0.02518056950429846 22.06
2207 0.02465427674544414 22.07
2208 0.02406073862836354 22.08
2209 0.02312696096173651 22.09
2210 0.02236528836292694 22.1
2211 0.02172751654985058 22.11
2212 0.02106771535967025 22.12
2213 0.02049062117690238 22.13
2214 0.01966951033867247 22.14
2215 0.01911035550899454 22.15
2216 0.01870888568599627 22.16
2217 0.01779389323407862 22.17
2218 0.01712531460045745 22.18
2219 0.01621655543522846 22.19
2220 0.01559761619869743 22.2
2221 0.01475452863600341 22.21
2222 0.01411108661040986 22.22
2223 0.01372709058849453 22.23
2224 0.01325199849134333 22.24
2225 0.01249215435076798 22.25
2226 0.01172674830887331 22.26
2227 0.01114248889963274 22.27
2228 0.01061265811147774 22.28
2229 0.01000645516305634 22.29
2230 0.009386994276765592 22.3
2231 0.008837041684851901 22.31
2232 0.00826405435111939 22.32
2233 0.007742726681416845 22.33
2234 0.007218391891473899 22.34
2235 0.006739164615466336 22.35
2236 0.005951276986745885 22.36
2237 0.005513382682074991 22.37
2238 0.005109437737559092 22.38
2239 0.0046634408820143 22.39
2240 0.004193600383284313 22.4
2241 0.003816920932829468 22.41
2242 0.003463254015312875 22.42
2243 0.003109203764733434 22.43
2244 0.002648944318092789 22.44
2245 0.002161156711410331 22.45
2246 0.00173786366753452 22.46
2247 0.001329925840283824 22.47
2248 0.0009657078088824572 22.48
2249 0.0005693211799687597 22.49
2250 0.0002713711297442634 22.5
2251 7.730241851022779e-06 22.51
2252 -0.0003400855823642718 22.52
2253 -0.0005935591849409866 22.53
2254 -0.0007949020153542735 22.54
2255 -0.00100123301473426 22.55
2256 -0.001322607578442492 22.56
2257 -0.001490486936189084 22.57
2258 -0.001456223411235427 22.58
2259 -0.001627057643042981 22.59
2260 -0.00158876156951844 22.6
2261 -0.001497751576046549 22.61
2262 -0.001470057308809267 22.62
2263 -0.00151748708302403 22.63
2264 -0.001542443347243044 22.64
2265 -0.001621717936694314 22.65
2266 -0.001823582517919503 22.66
2267 -0.001991257942337551 22.67
2268 -0.002179406493399733 22.68
2269 -0.002210931069141955 22.69
2270 -0.002177666894735059 22.7
2271 -0.002067770387466722 22.71
2272 -0.001937236104926798 22.72
2273 -0.001824786985319515 22.73
2274 -0.001676206980484526 22.74
2275 -0.001609528538694296 22.75
2276 -0.001666155146103687 22.76
2277 -0.001631288247727403 22.77
2278 -0.001492187927251351 22.78
2279 -0.001336055503184511 22.79
2280 -0.001333724522431565 22.8
2281 -0.001148244669541873 22.81
2282 -0.00101930126144735 22.82
2283 -0.001036174532808173 22.83
2284 -0.001066491701951278 22.84
2285 -0.0009809615708738645 22.85
2286 -0.0009021849222095313 22.86
2287 -0.0008535644740382542 22.87
2288 -0.0006738785803568487 22.88
2289 -0.0004724143688891458 22.89
2290 -0.0003004211648710703 22.9
2291 -0.0001027785705930845 22.91
2292 8.26916682790807e-05 22.92
2293 0.0002969093153532137 22.93
2294 0.0005550493411200369 22.94
2295 0.0008084352443626652 22.95
2296 0.001094805728729303 22.96
2297 0.001426006955079051 22.97
2298 0.001816616245210192 22.98
2299 0.002089123042866514 22.99
2300 0.002128852647009544 23
2301 0.002455719898978456 23.01
2302 0.002720577237222535 23.02
2303 0.002924945954360825 23.03
2304 0.002941389368661812 23.04
2305 0.003223462147182027 23.05
2306 0.003261925145437231 23.06
2307 0.003353971876404835 23.07
2308 0.003529648340165698 23.08
2309 0.003748626344417735 23.09
2310 0.003998628652426159 23.1
2311 0.004128022894056921 23.11
2312 0.004224774156811217 23.12
2313 0.004528168481935796 23.13
2314 0.00481568145850407 23.14
2315 0.005023738285396456 23.15
2316 0.005032804209893285 23.16
2317 0.005168478754725925 23.17
2318 0.005533006898989834 23.18
2319 0.005920193357038958 23.19
2320 0.006220827099998563 23.2
2321 0.006350640037971908 23.21
2322 0.006711922958081318 23.22
2323 0.006975260597292685 23.23
2324 0.007296969083968111 23.24
2325 0.007510237381851387 23.25
2326 0.00769886103645287 23.26
2327 0.007955552853629588 23.27
2328 0.00794737045066414 23.28
2329 0.007909260095433759 23.29
2330 0.007592948782074505 23.3
2331 0.007490082780514259 23.31
2332 0.007433473362814066 23.32
2333 0.007569984156844595 23.33
2334 0.007643117673334865 23.34
2335 0.007693028199131938 23.35
2336 0.007525980587859721 23.36
2337 0.008057396489972876 23.37
2338 0.008248035996736874 23.38
2339 0.008401028163686527 23.39
2340 0.008820848435122028 23.4
2341 0.009055018468706877 23.41
2342 0.009329827684028819 23.42
2343 0.00949479668715883 23.43
2344 0.009677024996383995 23.44
2345 0.009522893787997588 23.45
2346 0.009428276973532435 23.46
2347 0.009599775337185881 23.47
2348 0.009862703583151458 23.48
2349 0.009855937421087299 23.49
2350 0.00982284344212328 23.5
2351 0.009739241650321265 23.51
2352 0.00958761270452034 23.52
2353 0.009591716969387154 23.53
2354 0.009814420337299345 23.54
2355 0.009692301853302693 23.55
2356 0.009826244495403355 23.56
2357 0.009854884012652929 23.57
2358 0.01001599811480314 23.58
2359 0.01034569180296452 23.59
2360 0.01055269122262155 23.6
2361 0.01065167703480456 23.61
2362 0.01079124701514964 23.62
2363 0.01089240228550663 23.63
2364 0.01104189217662097 23.64
2365 0.01096351867020162 23.65
2366 0.01087484192531671 23.66
2367 0.01085024673607116 23.67
2368 0.01060798466416336 23.68
2369 0.01031949506245719 23.69
2370 0.01018737230045619 23.7
2371 0.01017179366197324 23.71
2372 0.01000545715909239 23.72
2373 0.01010499834780942 23.73
2374 0.01010752938949186 23.74
2375 0.01017194105870989 23.75
2376 0.01016709652476615 23.76
2377 0.010022209787708 23.77
2378 0.009608226532563727 23.78
2379 0.00937533710937638 23.79
2380 0.009073973673722854 23.8
2381 0.008778999944152016 23.81
2382 0.008619118388538627 23.82
2383 0.008385594844942515 23.83
2384 0.008076246716869975 23.84
2385 0.007829699116019453 23.85
2386 0.007493576167393268 23.86
2387 0.007348915208813159 23.87
2388 0.007301806343567779 23.88
2389 0.007060946560307674 23.89
2390 0.006824712862001148 23.9
2391 0.006713295557637819 23.91
2392 0.006562020923466028 23.92
2393 0.006336683566293341 23.93
2394 0.006297146699972653 23.94
2395 0.006049788906441547 23.95
2396 0.005690470245392959 23.96
2397 0.005406957743078825 23.97
2398 0.005189767571560949 23.98
2399 0.00490738643575088 23.99
2400 0.004593715839986315 24
2401 0.004016354466224212 24.01
2402 0.003538232539733233 24.02
2403 0.003130554272735273 24.03
2404 0.002708212169571594 24.04
2405 0.00265403531735435 24.05
2406 0.002362541430898646 24.06
2407 0.0022911487403625 24.07
2408 0.002006193851334936 24.08
2409 0.001745522418044362 24.09
2410 0.001381524178349733 24.1
2411 0.001176172803785749 24.11
2412 0.001019977897126642 24.12
2413 0.0007912548643086853 24.13
2414 0.0006902088614162277 24.14
2415 0.0005666893824412128 24.15
2416 0.0005903682045953068 24.16
2417 0.0006647683782770447 24.17
2418 0.0007113752517495103 24.18
2419 0.0006024849808917432 24.19
2420 0.0003103114316497652 24.2
2421 0.000247000287753929 24.21
2422 0.0001638286892918367 24.22
2423 4.73855994260336e-05 24.23
2424 4.177267469081258e-05 24.24
2425 3.412982617982674e-05 24.25
2426 8.584053520331592e-05 24.26
2427 0.00018587194551338 24.27
2428 0.0002878206884866646 24.28
2429 0.0003307937979144804 24.29
2430 0.000350666384745929 24.3
2431 0.0003750902999440919 24.31
2432 0.0002353535623154102 24.32
2433 0.0002010040586472583 24.33
2434 0.0001759045216595256 24.34
2435 0.0001718741079645425 24.35
2436 0.0003584385964566228 24.36
2437 0.000362399487439144 24.37
2438 0.0004428206365172799 24.38
2439 0.000494595322754865 24.39
2440 0.0005432273264950466 24.4
2441 0.0006001840680942977 24.41
2442 0.0005454457088296533 24.42
2443 0.0005906070434213984 24.43
2444 0.0006214273129590553 24.44
2445 0.0006142718939135677 24.45
2446 0.0006820915759805923 24.46
2447 0.0007668907949646558 24.47
2448 0.0008620626292487887 24.48
2449 0.001022963112139313 24.49
2450 0.001204276965909287 24.5
2451 0.001117427667693058 24.51
2452 0.0009913223769353052 24.52
2453 0.0008923410757360195 24.53
2454 0.0009875134773034144 24.54
2455 0.001061473759730841 24.55
2456 0.001158341483227507 24.56
2457 0.001102841684931979 24.57
2458 0.0009437089148175426 24.58
2459 0.0007058240128566956 24.59
2460 0.0003624717336687677 24.6
2461 5.806941727119763e-05 24.61
2462 -0.000229607579795385 24.62
2463 -0.00047040386668111 24.63
2464 -0.0009957552132487946 24.64
2465 -0.001375881561506101 24.65
2466 -0.001632029641342916 24.66
2467 -0.001649006025558744 24.67
2468 -0.001861347771835345 24.68
2469 -0.002027391780437274 24.69
2470 -0.002100945880074409 24.7
2471 -0.002296151097674129 24.71
2472 -0.002541546337998579 24.72
2473 -0.003001500625650674 24.73
2474 -0.003546971850532363 24.74
2475 -0.004042712431997331 24.75
2476 -0.004590049068851174 24.76
2477 -0.005072979171574246 24.77
2478 -0.005418169606408965 24.78
2479 -0.005505843159685914 24.79
2480 -0.005808710097957678 24.8
2481 -0.006099241566840288 24.81
2482 -0.00637734594995111 24.82
2483 -0.00659882501266118 24.83
2484 -0.00693584712795027 24.84
2485 -0.007244312961543195 24.85
2486 -0.007539149067222667 24.86
2487 -0.007745176467150616 24.87
2488 -0.008079179000541239 24.88
2489 -0.008402233978860155 24.89
2490 -0.008753676275897335 24.9
2491 -0.00914232976259878 24.91
2492 -0.009554344398610748 24.92
2493 -0.009714612451410656 24.93
2494 -0.009823831520576504 24.94
2495 -0.009992989718333886 24.95
2496 -0.01009816226122827 24.96
2497 -0.01019492676783476 24.97
2498 -0.01026765993603893 24.98
2499 -0.01030180691747534 24.99
2500 -0.010322629536095 25
2501 -0.01020510771229272 25.01
2502 -0.01033660892469473 25.02
2503 -0.01029515918812371 25.03
2504 -0.01034245472855305 25.04
2505 -0.01032955808215959 25.05
2506 -0.01036824364130871 25.06
2507 -0.01017680803231336 25.07
2508 -0.00994687769367722 25.08
2509 -0.009594473599058712 25.09
2510 -0.009303357062904444 25.1
2511 -0.008848640120188656 25.11
2512 -0.008443439452942306 25.12
2513 -0.008016943924517642 25.13
2514 -0.007562961861179537 25.14
2515 -0.007276782017800548 25.15
2516 -0.007068361527447831 25.16
2517 -0.00677509747592793 25.17
2518 -0.006459929660967575 25.18
2519 -0.006158046414834084 25.19
2520 -0.005904144060513192 25.2
2521 -0.005667473242805296 25.21
2522 -0.005497859262942911 25.22
2523 -0.005410282146855461 25.23
2524 -0.005435209623119483 25.24
2525 -0.005427490121826847 25.25
2526 -0.005301136020601491 25.26
2527 -0.005347517024520021 25.27
2528 -0.005469315022521237 25.28
2529 -0.005522217758060097 25.29
2530 -0.005675621337160569 25.3
2531 -0.005920920082790868 25.31
2532 -0.005971473748452735 25.32
2533 -0.006102827108058012 25.33
2534 -0.006419734694480955 25.34
2535 -0.006468773921964779 25.35
2536 -0.006713949872659442 25.36
2537 -0.006993393412115967 25.37
2538 -0.007300892979404019 25.38
2539 -0.007468613758972065 25.39
2540 -0.007794794893378185 25.4
2541 -0.007932001140880593 25.41
2542 -0.008257854580041288 25.42
2543 -0.008645868729782943 25.43
2544 -0.008887124699332449 25.44
2545 -0.009182197522159957 25.45
2546 -0.009710633683950864 25.46
2547 -0.009919450232217242 25.47
2548 -0.0101240253930702 25.48
2549 -0.01064477364165783 25.49
2550 -0.0110052905901762 25.5
2551 -0.0115051264828317 25.51
2552 -0.01185790197082874 25.52
2553 -0.01240187030636158 25.53
2554 -0.01270817697397632 25.54
2555 -0.01321066009715328 25.55
2556 -0.01339954824735094 25.56
2557 -0.01352143307650078 25.57
2558 -0.01374362397072183 25.58
2559 -0.01429214531844154 25.59
2560 -0.01468444327914535 25.6
2561 -0.0150938540133846 25.61
2562 -0.01541823287495922 25.62
2563 -0.01551263960801033 25.63
2564 -0.01608984373623389 25.64
2565 -0.01651606552745467 25.65
2566 -0.01682277542197698 25.66
2567 -0.01673751784140094 25.67
2568 -0.01669343053359265 25.68
2569 -0.01654878692656592 25.69
2570 -0.01640069207949081 25.7
2571 -0.01597006867274887 25.71
2572 -0.01560943618426958 25.72
2573 -0.01539567523299275 25.73
2574 -0.01529337745997143 25.74
2575 -0.01505250316847857 25.75
2576 -0.01492065108282004 25.76
2577 -0.01469818873873627 25.77
2578 -0.01442614072723751 25.78
2579 -0.01397234878682951 25.79
2580 -0.01325444647785839 25.8
2581 -0.01257587463054878 25.81
2582 -0.01177979007081063 25.82
2583 -0.0110510834044322 25.83
2584 -0.01006666715958711 25.84
2585 -0.00938269721075162 25.85
2586 -0.008240832890410679 25.86
2587 -0.006980889920826711 25.87
2588 -0.005739273583361404 25.88
2589 -0.004061529575426048 25.89
2590 -0.003113909846567509 25.9
2591 -0.001805761338760065 25.91
2592 -0.0006850506773793952 25.92
2593 0.0006181153117316429 25.93
2594 0.001858762395008901 25.94
2595 0.002770464049646648 25.95
2596 0.004036496393190522 25.96
2597 0.005367662547616586 25.97
2598 0.006699783446139612 25.98
2599 0.008296554213102367 25.99
2600 0.009600718669857844 26
2601 0.01095616455535001 26.01
2602 0.01275160842462343 26.02
2603 0.01404836126513255 26.03
2604 0.01539648672381548 26.04
2605 0.01706257451826225 26.05
2606 0.01860110291382973 26.06
2607 0.02024574297424424 26.07
2608 0.02157163294108419 26.08
2609 0.02314433911921074 26.09
2610 0.02401208675973909 26.1
2611 0.02496771397291966 26.11
2612 0.02660727084756856 26.12
2613 0.02778133476409454 26.13
2614 0.02880482446512642 26.14
2615 0.02984673228342836 26.15
2616 0.03058396321309739 26.16
2617 0.0311424333966548 26.17
2618 0.03259088691263749 26.18
2619 0.03342762560479662 26.19
2620 0.03422574589207424 26.2
2621 0.03478358847815571 26.21
2622 0.03527203976752379 26.22
2623 0.03570211497299298 26.23
2624 0.03573849585026168 26.24
2625 0.03620434198057251 26.25
2626 0.03616414393678226 26.26
2627 0.03616382624320601 26.27
2628 0.03630101070789093 26.28
2629 0.03597987493438978 26.29
2630 0.03544407042111908 26.3
2631 0.03464635983679408 26.31
2632 0.0340211117457845 26.32
2633 0.03358657794390896 26.33
2634 0.03266032003343021 26.34
2635 0.03172338100544186 26.35
2636 0.03014863935278492 26.36
2637 0.02869862399225413 26.37
2638 0.02738633875732999 26.38
2639 0.0260168262944174 26.39
2640 0.02487631564675108 26.4
2641 0.02324484059304904 26.41
2642 0.02188787181122966 26.42
2643 0.02074416956452606 26.43
2644 0.01963695806328915 26.44
2645 0.01765805870951168 26.45
2646 0.01530655644168288 26.46
2647 0.01357171237996353 26.47
2648 0.01164678221681092 26.48
2649 0.01009658865140887 26.49
2650 0.008539742207886947 26.5
2651 0.007243640098275245 26.51
2652 0.006115213683736381 26.52
2653 0.004614112238661719 26.53
2654 0.003478839354104798 26.54
2655 0.002449814671585365 26.55
2656 0.001562702918523201 26.56
2657 0.0001361745533048214 26.57
2658 -0.0009998956015757898 26.58
2659 -0.001563675874849083 26.59
2660 -0.002004083172217175 26.6
2661 -0.002568016458003114 26.61
2662 -0.002867922820525323 26.62
2663 -0.003321672903453643 26.63
2664 -0.003538045129263589 26.64
2665 -0.003968090789393364 26.65
2666 -0.003699207306766913 26.66
2667 -0.003436422681988835 26.67
2668 -0.003686650971910524 26.68
2669 -0.003947115923274805 26.69
2670 -0.003866006679903694 26.7
2671 -0.004134251287985058 26.71
2672 -0.00413244573366317 26.72
2673 -0.00389683716764451 26.73
2674 -0.003784699064471889 26.74
2675 -0.003575971543192086 26.75
2676 -0.003601028958180319 26.76
2677 -0.003539755376069598 26.77
2678 -0.003335652908772135 26.78
2679 -0.003391010749137655 26.79
2680 -0.003530772247420197 26.8
2681 -0.003269343033301009 26.81
2682 -0.002438879039669814 26.82
2683 -0.002473853477107615 26.83
2684 -0.002356937180572061 26.84
2685 -0.002445266018802683 26.85
2686 -0.002235690554292097 26.86
2687 -0.002000652618762477 26.87
2688 -0.001239997785636895 26.88
2689 -0.0008103622445083114 26.89
2690 -0.0004687230098383982 26.9
2691 0.0004449033995301832 26.91
2692 0.001020765323659995 26.92
2693 0.001617662676919332 26.93
2694 0.002722823515219713 26.94
2695 0.003544094478067986 26.95
2696 0.004159552586947904 26.96
2697 0.005054794549592193 26.97
2698 0.006227534996401857 26.98
2699 0.007648476269259921 26.99
2700 0.009210616180737999 27
2701 0.01046310519445558 27.01
2702 0.01138535822475928 27.02
2703 0.01206265511592325 27.03
2704 0.01264817436432851 27.04
2705 0.0134885935176367 27.05
2706 0.01430604100407055 27.06
2707 0.01553153714711554 27.07
2708 0.01673828909000484 27.08
2709 0.01813129345857764 27.09
2710 0.01910713329519513 27.1
2711 0.02009115079724944 27.11
2712 0.02089642755916665 27.12
2713 0.0219344344166843 27.13
2714 0.02259304503738223 27.14
2715 0.02275688494123228 27.15
2716 0.02277511929711687 27.16
2717 0.02247457638373609 27.17
2718 0.02196022563620535 27.18
2719 0.02124864900845322 27.19
2720 0.02134173313336882 27.2
2721 0.02091566897557594 27.21
2722 0.02058480730809747 27.22
2723 0.02023088589618437 27.23
2724 0.01978303083570492 27.24
2725 0.01914138239976985 27.25
2726 0.01833095692072631 27.26
2727 0.01754716005750666 27.27
2728 0.01690574324514624 27.28
2729 0.01630848693439974 27.29
2730 0.01561439923089065 27.3
2731 0.01493154409628533 27.31
2732 0.01455484608013695 27.32
2733 0.01328755763859202 27.33
2734 0.01234714246126126 27.34
2735 0.01150687325419869 27.35
2736 0.0108004059323324 27.36
2737 0.01001156813306125 27.37
2738 0.009279765292759951 27.38
2739 0.00843301119368467 27.39
2740 0.007501276372658391 27.4
2741 0.006742289946281774 27.41
2742 0.00573856828596081 27.42
2743 0.005046848738296153 27.43
2744 0.004410042702433323 27.44
2745 0.00366585697193765 27.45
2746 0.003079903004455611 27.46
2747 0.002757090508158089 27.47
2748 0.002318645663230312 27.48
2749 0.002314829066468502 27.49
2750 0.00236018764213175 27.5
2751 0.002531344349629844 27.51
2752 0.002707829178284479 27.52
2753 0.002838897761230821 27.53
2754 0.003168756239819936 27.54
2755 0.003234768132425722 27.55
2756 0.003306885194106657 27.56
2757 0.00351220463329549 27.57
2758 0.003362499963269761 27.58
2759 0.003459242415395317 27.59
2760 0.004204707222610515 27.6
2761 0.004333821470217089 27.61
2762 0.004222653839358714 27.62
2763 0.004590347653722973 27.63
2764 0.005679744085907171 27.64
2765 0.006755260796041038 27.65
2766 0.008106598615774563 27.66
2767 0.009877821791599808 27.67
2768 0.0111686037651577 27.68
2769 0.01246479514058521 27.69
2770 0.01382158236465547 27.7
2771 0.01479149491783745 27.71
2772 0.01606426227172887 27.72
2773 0.01713891748636807 27.73
2774 0.01853691226395179 27.74
2775 0.02010495312169905 27.75
2776 0.0212732046056906 27.76
2777 0.02257709693368827 27.77
2778 0.0242299694104314 27.78
2779 0.02584345991682965 27.79
2780 0.02764441308977697 27.8
2781 0.02950321265727383 27.81
2782 0.03126972496087939 27.82
2783 0.0329986300011663 27.83
2784 0.03473777210281297 27.84
2785 0.03623516840248302 27.85
2786 0.0379309557560694 27.86
2787 0.03927350564177666 27.87
2788 0.04078021938725643 27.88
2789 0.04155448823778003 27.89
2790 0.04275364432601313 27.9
2791 0.0434471219682534 27.91
2792 0.04454307975128995 27.92
2793 0.04501314228806336 27.93
2794 0.04555928302499045 27.94
2795 0.04588819738038014 27.95
2796 0.04660155442429365 27.96
2797 0.04697773943039499 27.97
2798 0.04683787644032293 27.98
2799 0.04694333723092907 27.99
2800 0.04662425624965794 28
2801 0.04663736591878372 28.01
2802 0.04663797749191605 28.02
2803 0.04600617624481766 28.03
2804 0.04532222564798237 28.04
2805 0.04481375285289677 28.05
2806 0.04398078520165238 28.06
2807 0.0430680091841575 28.07
2808 0.04267737660580678 28.08
2809 0.0422330377053302 28.09
2810 0.04110631884446397 28.1
2811 0.04019621843945667 28.11
2812 0.03916063765279612 28.12
2813 0.03814553613607534 28.13
2814 0.03718279807510673 28.14
2815 0.03625956321219544 28.15
2816 0.03553661668382262 28.16
2817 0.03483870606216891 28.17
2818 0.03436563008980652 28.18
2819 0.0341185892312343 28.19
2820 0.03396692552966324 28.2
2821 0.03340042386180016 28.21
2822 0.03270574873024013 28.22
2823 0.03204417639239378 28.23
2824 0.03150347685755424 28.24
2825 0.03102853298789428 28.25
2826 0.03079943142604159 28.26
2827 0.03084700826839461 28.27
2828 0.03097854125558201 28.28
2829 0.03122819562308737 28.29
2830 0.03163540622232419 28.3
2831 0.03194360979985554 28.31
2832 0.03234873467748275 28.32
2833 0.0326909389039397 28.33
2834 0.03300047911743281 28.34
2835 0.03319363432937676 28.35
2836 0.03387588328604599 28.36
2837 0.03431451109598391 28.37
2838 0.03509527238066874 28.38
2839 0.03541102914016366 28.39
2840 0.03617910065271582 28.4
2841 0.03713173453484442 28.41
2842 0.03853759016641642 28.42
2843 0.0393766617586956 28.43
2844 0.04094679373936316 28.44
2845 0.04222465045141623 28.45
2846 0.04322127374086165 28.46
2847 0.04456284958066627 28.47
2848 0.04580230262484575 28.48
2849 0.04682817409531717 28.49
2850 0.04853994026428834 28.5
2851 0.05026411735957109 28.51
2852 0.05150383683611383 28.52
2853 0.05308231739447182 28.53
2854 0.05466396858405893 28.54
2855 0.05585925196810344 28.55
2856 0.05745112339195853 28.56
2857 0.05843284114081986 28.57
2858 0.05981869081881688 28.58
2859 0.0609606025639608 28.59
2860 0.06274138502210017 28.6
2861 0.06394142904326902 28.61
2862 0.06566866094638252 28.62
2863 0.06659755515190693 28.63
2864 0.06764479245446757 28.64
2865 0.06821312903478691 28.65
2866 0.06922624861525953 28.66
2867 0.0696499688306005 28.67
2868 0.07022079721537768 28.68
2869 0.07132244516181165 28.69
2870 0.07191430659842289 28.7
2871 0.07231435392752963 28.71
2872 0.07309729818304601 28.72
2873 0.07376195161560969 28.73
2874 0.07409769210696185 28.74
2875 0.07419793791939341 28.75
2876 0.07447278989483171 28.76
2877 0.07440652804422333 28.77
2878 0.0737309164339633 28.78
2879 0.0734561051361243 28.79
2880 0.07298612684682465 28.8
2881 0.07254914308058399 28.81
2882 0.07168139014935496 28.82
2883 0.07150752620880958 28.83
2884 0.07113736140066206 28.84
2885 0.0707961798953655 28.85
2886 0.07035988344537251 28.86
2887 0.07006012201426075 28.87
2888 0.06970000548906087 28.88
2889 0.06937966179797568 28.89
2890 0.06855461341599679 28.9
2891 0.0682368889606508 28.91
2892 0.06798976086438753 28.92
2893 0.06762547447495393 28.93
2894 0.06685244826469931 28.94
2895 0.06614663305771713 28.95
2896 0.06569813096323388 28.96
2897 0.06484950290517295 28.97
2898 0.06447735791524691 28.98
2899 0.06381387685093499 28.99
2900 0.06341214217241503 29
2901 0.06241802836353372 29.01
2902 0.06189029133423148 29.02
2903 0.06093044295344488 29.03
2904 0.06037896975105847 29.04
2905 0.05959687963639823 29.05
2906 0.05928050795146919 29.06
2907 0.05861022849683524 29.07
2908 0.05816810045188159 29.08
2909 0.05786061556076011 29.09
2910 0.05713733014490856 29.1
2911 0.05666943622532052 29.11
2912 0.05642348818998383 29.12
2913 0.0559496923655379 29.13
2914 0.05551905070504488 29.14
2915 0.05494522869861963 29.15
2916 0.05390732006171789 29.16
2917 0.05330684982739212 29.17
2918 0.05256559672954117 29.18
2919 0.05173553791804487 29.19
2920 0.05109660977301965 29.2
2921 0.05038026926388259 29.21
2922 0.04940788898903342 29.22
2923 0.04887661559324979 29.23
2924 0.0480777604875232 29.24
2925 0.04682833308123423 29.25
2926 0.04608562324932912 29.26
2927 0.04509563051013322 29.27
2928 0.04435243640002022 29.28
2929 0.04305817312928416 29.29
2930 0.04240770688294869 29.3
2931 0.04121405169581105 29.31
2932 0.04030129950051375 29.32
2933 0.03935359882477749 29.33
2934 0.03797522021816344 29.34
2935 0.03713101755982014 29.35
2936 0.03615339199263688 29.36
2937 0.03466843631473465 29.37
2938 0.0336917328562578 29.38
2939 0.0328028244870953 29.39
2940 0.03147927101585914 29.4
2941 0.03067202079738285 29.41
2942 0.02995896955429371 29.42
2943 0.02886115179726585 29.43
2944 0.02823106207088609 29.44
2945 0.02737846813161102 29.45
2946 0.02629801172756958 29.46
2947 0.02568360731698727 29.47
2948 0.02516232076875678 29.48
2949 0.02469774434488689 29.49
2950 0.02400074405277329 29.5
2951 0.02363484219255271 29.51
2952 0.02330219702756625 29.52
2953 0.02299749141311554 29.53
2954 0.02257893395083002 29.54
2955 0.0223053231447479 29.55
2956 0.02188520482673623 29.56
2957 0.02164687407868109 29.57
2958 0.02149573828812282 29.58
2959 0.02148858164664968 29.59
2960 0.02135395121253159 29.6
2961 0.02140364642469049 29.61
2962 0.02144756991346355 29.62
2963 0.0214926161373111 29.63
2964 0.02150642453827138 29.64
2965 0.02156925292015682 29.65
2966 0.02151636160379913 29.66
2967 0.02156083951452539 29.67
2968 0.02165719945230135 29.68
2969 0.02170141616102983 29.69
2970 0.0216792872082609 29.7
2971 0.021650020984322 29.71
2972 0.02152894037643732 29.72
2973 0.02147554302743848 29.73
2974 0.02144313882798614 29.74
2975 0.0214306855473874 29.75
2976 0.02137399280276291 29.76
2977 0.02136453679406899 29.77
2978 0.02127108339791463 29.78
2979 0.02115730256949125 29.79
2980 0.02110912793434076 29.8
2981 0.02087407728084913 29.81
2982 0.02079392580229185 29.82
2983 0.02064488485073557 29.83
2984 0.02067550163635655 29.84
2985 0.02062041182439171 29.85
2986 0.02046434612296449 29.86
2987 0.02034050082163741 29.87
2988 0.02015515697643187 29.88
2989 0.01983665208240608 29.89
2990 0.01943313689019167 29.9
2991 0.01910128245825816 29.91
2992 0.01879155599768283 29.92
2993 0.01847328911313641 29.93
2994 0.01817803954326151 29.94
2995 0.01771123417212979 29.95
2996 0.01730567608016816 29.96
2997 0.01666444723001288 29.97
2998 0.01610528088492229 29.98
2999 0.01579098850513586 29.99
3000 0.01533750523358436 30
