"cd-rfile"
"Time Step" "cd etc.."
("Time Step" "cd" "flow-time")
0 6.1929718442252e-27 0
1 446.2068302223653 0.01
2 10.56369376626817 0.02
3 -3.128866331726338 0.03
4 -6.177219904647615 0.04
5 -3.71708786452735 0.05
6 0.7029996202299559 0.06
7 2.03792278607982 0.07000000000000001
8 0.8175504166581176 0.08
9 -0.4233425139671895 0.09
10 -0.6699096038328904 0.1
11 -0.339518464694381 0.11
12 0.01507730911425358 0.12
13 0.1251199675311369 0.13
14 0.07166430620687379 0.14
15 0.008484007956981583 0.15
16 -0.01231412153806058 0.16
17 -0.04061521137165392 0.17
18 -0.06061434536545692 0.18
19 -0.05606959588234278 0.19
20 -0.05281105769102686 0.2
21 -0.05605260024713334 0.21
22 -0.04201897377088121 0.22
23 -0.03915439127147965 0.23
24 -0.02208305149544078 0.24
25 0.003035555036189492 0.25
26 -0.0004404378300384694 0.26
27 0.002560636991297426 0.27
28 0.01676095765193743 0.28
29 0.03766945463614463 0.29
30 0.07178530649464326 0.3
31 0.109274780028136 0.31
32 0.1479699024071814 0.32
33 0.1935430456462287 0.33
34 0.1794283651401475 0.34
35 0.15987063990951 0.35
36 0.1182250786694205 0.36
37 0.08663188228041174 0.37
38 0.0499145183517939 0.38
39 0.03400844763640815 0.39
40 0.03176890812402952 0.4
41 0.02828576689767822 0.41
42 0.0258600036724116 0.42
43 0.03039886698766639 0.43
44 0.03269297622353114 0.44
45 0.03164278616414883 0.45
46 0.03388902884173504 0.46
47 0.03831969903023116 0.47
48 0.04392416881629845 0.48
49 0.04813962916016654 0.49
50 0.04962405148666017 0.5
51 0.05544271877697959 0.51
52 0.0504161734669496 0.52
53 0.04255804847812047 0.53
54 0.05228098520062466 0.54
55 0.05575339346860388 0.55
56 0.05683904216878571 0.5600000000000001
57 0.05711234830515204 0.5700000000000001
58 0.05593521879634841 0.58
59 0.04975130804141217 0.59
60 0.04859650592798819 0.6
61 0.04936836826086607 0.61
62 0.04661967761025128 0.62
63 0.04379214525541029 0.63
64 0.0432699088021013 0.64
65 0.04196652040106551 0.65
66 0.04064636722527697 0.66
67 0.03918000827951933 0.67
68 0.0390657736651871 0.68
69 0.03696533279544186 0.6900000000000001
70 0.03398173099787937 0.7000000000000001
71 0.03097231910468545 0.71
72 0.02975500793502629 0.72
73 0.02866014924582643 0.73
74 0.0284689777092651 0.74
75 0.02848487234740096 0.75
76 0.02835778408033909 0.76
77 0.02866712683604962 0.77
78 0.02705022986193656 0.78
79 0.02485086326491891 0.79
80 0.0252157571187933 0.8
81 0.02393045241534422 0.8100000000000001
82 0.02396135708468435 0.8200000000000001
83 0.02431043138823731 0.8300000000000001
84 0.02457675415829825 0.84
85 0.02472742395858103 0.85
86 0.02391770480743214 0.86
87 0.02318004388475233 0.87
88 0.0231451146508668 0.88
89 0.02358203815095214 0.89
90 0.02401580942889346 0.9
91 0.02395729426348246 0.91
92 0.02427630716360669 0.92
93 0.0249069757747649 0.93
94 0.02527071920064008 0.9400000000000001
95 0.02551559982912455 0.9500000000000001
96 0.02589330527351882 0.96
97 0.02661649822862012 0.97
98 0.02691508355323154 0.98
99 0.02726099640780273 0.99
100 0.02766470737872445 1
101 0.02771564950734916 1.01
102 0.02761792202603008 1.02
103 0.02718703397062222 1.03
104 0.02685225116879051 1.04
105 0.02658677695200388 1.05
106 0.02638034733821304 1.06
107 0.02644139411620655 1.07
108 0.02657104105868581 1.08
109 0.02699150510907501 1.09
110 0.02742863356861528 1.1
111 0.0276559156319179 1.11
112 0.02777843027418051 1.12
113 0.02786669859330337 1.13
114 0.02774167363533749 1.14
115 0.02753979195184814 1.15
116 0.02738723036485225 1.16
117 0.0271735459677863 1.17
118 0.02694151705862797 1.18
119 0.02671041072758619 1.19
120 0.02644485546325471 1.2
121 0.02612615662015935 1.21
122 0.02585501914273305 1.22
123 0.02562110356446899 1.23
124 0.02536644200054487 1.24
125 0.02511890045351188 1.25
126 0.02485855607893852 1.26
127 0.02453998096493248 1.27
128 0.02424629853728111 1.28
129 0.02404031320016134 1.29
130 0.02407730362923076 1.3
131 0.02395460822590039 1.31
132 0.02376456574510548 1.32
133 0.02370360424516033 1.33
134 0.02361993686643165 1.34
135 0.02357045577816617 1.35
136 0.02350976207551897 1.36
137 0.02346382439592776 1.37
138 0.02345114658584198 1.38
139 0.02346567998499571 1.39
140 0.02347491250559837 1.4
141 0.02350519977683083 1.41
142 0.02346853025816115 1.42
143 0.02350665766030233 1.43
144 0.02354597084405028 1.44
145 0.02359242008983624 1.45
146 0.02358384460614087 1.46
147 0.02359055676395726 1.47
148 0.02364941524934373 1.48
149 0.02365723897606285 1.49
150 0.02369481045919793 1.5
151 0.02377806637076629 1.51
152 0.02381548369810332 1.52
153 0.02382899078833699 1.53
154 0.02382651494945841 1.54
155 0.02380315315023232 1.55
156 0.02376473122835292 1.56
157 0.02372476988265696 1.57
158 0.02370515298661101 1.58
159 0.02364624078842008 1.59
160 0.02363431911797275 1.6
161 0.02365387407935244 1.61
162 0.0236568602391814 1.62
163 0.02365956977014938 1.63
164 0.02363407157806694 1.64
165 0.02355935061393249 1.65
166 0.02345450987200649 1.66
167 0.02333680900176237 1.67
168 0.02320742429470354 1.68
169 0.02314539011472765 1.69
170 0.02303242617662008 1.7
171 0.02297538373303716 1.71
172 0.02291524992818397 1.72
173 0.02289467893937529 1.73
174 0.02286005897930121 1.74
175 0.02279569447953514 1.75
176 0.02274383507352745 1.76
177 0.02271681913939863 1.77
178 0.02272650659405006 1.78
179 0.0227259584877957 1.79
180 0.02273214551727181 1.8
181 0.02273033590734682 1.81
182 0.022736984356006 1.82
183 0.02272237999135023 1.83
184 0.02269842933087991 1.84
185 0.02268078188259402 1.85
186 0.02263068366257939 1.86
187 0.02259335746576733 1.87
188 0.02254762433925226 1.88
189 0.02252426273818399 1.89
190 0.02255579418732478 1.9
191 0.02258131285673996 1.91
192 0.02261048286337156 1.92
193 0.02263066044916585 1.93
194 0.02266491140451971 1.94
195 0.02271680054141547 1.95
196 0.02277070106453467 1.96
197 0.02284939859403652 1.97
198 0.02292244128936339 1.98
199 0.02301846037317772 1.99
200 0.02309831831635745 2
201 0.02312766982689666 2.01
202 0.02312537593330083 2.02
203 0.02319352842255147 2.03
204 0.02325170636190845 2.04
205 0.02333316778917293 2.05
206 0.02343754986051677 2.06
207 0.02353963421406812 2.07
208 0.02365033581997274 2.08
209 0.02378331619719322 2.09
210 0.02389692225697275 2.1
211 0.02401185696292031 2.11
212 0.02414298390156624 2.12
213 0.02429541566773336 2.13
214 0.0244405283333889 2.14
215 0.02457511949924758 2.15
216 0.02468480588274882 2.16
217 0.02476045346485785 2.17
218 0.02482300228411269 2.18
219 0.02485631298142651 2.19
220 0.02487918236033645 2.2
221 0.02490305691897867 2.21
222 0.02492310366393903 2.22
223 0.02496321086637708 2.23
224 0.02498445117502423 2.24
225 0.0249500337914192 2.25
226 0.024934430691967 2.26
227 0.02492663491012919 2.27
228 0.02487947854346792 2.28
229 0.02483683064745311 2.29
230 0.02479180103285217 2.3
231 0.02475072931904917 2.31
232 0.02472045905422532 2.32
233 0.02469526422747317 2.33
234 0.02466333109590338 2.34
235 0.02463979034088123 2.35
236 0.02460717226705475 2.36
237 0.02459755788431054 2.37
238 0.02458884145870265 2.38
239 0.02457605437982801 2.39
240 0.02455646875543593 2.4
241 0.02453448084561322 2.41
242 0.02451146099562023 2.42
243 0.02448837525772501 2.43
244 0.02445922566878626 2.44
245 0.02440873261717275 2.45
246 0.02436799207946784 2.46
247 0.02435125557423672 2.47
248 0.02432837499437751 2.48
249 0.02430242471448954 2.49
250 0.02427375179353668 2.5
251 0.02423995587486928 2.51
252 0.02421224206544244 2.52
253 0.02418524004653106 2.53
254 0.02417835585080177 2.54
255 0.02415777518524587 2.55
256 0.02412735793527174 2.56
257 0.02413688544590633 2.57
258 0.02416471271205912 2.58
259 0.02417911405168599 2.59
260 0.02418006891137445 2.6
261 0.02421895283595172 2.61
262 0.02424985161093472 2.62
263 0.02428089064096021 2.63
264 0.02430313671521896 2.64
265 0.02431483000774141 2.65
266 0.02433009064534018 2.66
267 0.02434990647465539 2.67
268 0.02435607224195559 2.68
269 0.02437791517096434 2.69
270 0.02441381682558671 2.7
271 0.02442964311615264 2.71
272 0.02445499318181768 2.72
273 0.02449546533635723 2.73
274 0.02453746252042689 2.74
275 0.02457967659200466 2.75
276 0.02461236049413658 2.76
277 0.02464118178832455 2.77
278 0.02464307015180128 2.78
279 0.0246564715218223 2.79
280 0.02466624592415612 2.8
281 0.02466565345004567 2.81
282 0.02467182958546036 2.82
283 0.02467370799915942 2.83
284 0.02465778431603585 2.84
285 0.02463231364815777 2.85
286 0.02460179175469444 2.86
287 0.02456585441641462 2.87
288 0.02453205900098694 2.88
289 0.02448309716919042 2.89
290 0.02440900334663625 2.9
291 0.02433516545931552 2.91
292 0.02426453821256445 2.92
293 0.02419060532222872 2.93
294 0.02411859233611029 2.94
295 0.02404887204786787 2.95
296 0.02397139951816758 2.96
297 0.02388681651190583 2.97
298 0.02380580139237081 2.98
299 0.02372162755609718 2.99
300 0.02362920216678245 3
301 0.02353976524303598 3.01
302 0.02344026162115171 3.02
303 0.02334669717698694 3.03
304 0.02325856205659765 3.04
305 0.0231573571532561 3.05
306 0.02306725858927184 3.06
307 0.02300180365928712 3.07
308 0.02293333896818001 3.08
309 0.02286776115915127 3.09
310 0.02280999087014723 3.1
311 0.02275009939970075 3.11
312 0.02270589504730111 3.12
313 0.02268299453527118 3.13
314 0.02266635080836053 3.14
315 0.02265963394264392 3.15
316 0.02267923333794418 3.16
317 0.02268642996481135 3.17
318 0.02270796994497219 3.18
319 0.02274641718460845 3.19
320 0.02279280522179647 3.2
321 0.02284438782131587 3.21
322 0.02291419582993555 3.22
323 0.02298356201547283 3.23
324 0.02303208879977013 3.24
325 0.02309142223047444 3.25
326 0.02316454679497132 3.26
327 0.02325810463310774 3.27
328 0.02335703139650558 3.28
329 0.02344577786145045 3.29
330 0.02353395272486834 3.3
331 0.02362876308947253 3.31
332 0.02373480261438892 3.32
333 0.02384214465687273 3.33
334 0.02394497804354947 3.34
335 0.02403505748712538 3.35
336 0.0241377595651522 3.36
337 0.02424412719698235 3.37
338 0.02435059176900302 3.38
339 0.02445716043508196 3.39
340 0.02456398982868072 3.4
341 0.02466892764168009 3.41
342 0.02476104109231152 3.42
343 0.02488811563723976 3.43
344 0.02499146028694105 3.44
345 0.02509863420942421 3.45
346 0.02519786933297277 3.46
347 0.02529707102235771 3.47
348 0.02540512736770151 3.48
349 0.02551412028306571 3.49
350 0.02561506286459558 3.5
351 0.02571312756331673 3.51
352 0.02581494414272687 3.52
353 0.02590957409301602 3.53
354 0.02599636290602048 3.54
355 0.02609610687405091 3.55
356 0.02620484624388049 3.56
357 0.02632097575332401 3.57
358 0.02641201660822674 3.58
359 0.02651730604111001 3.59
360 0.02662780289100258 3.6
361 0.02671602368693297 3.61
362 0.02680243007917065 3.62
363 0.02689763277592334 3.63
364 0.02696842798045887 3.64
365 0.02702789726050222 3.65
366 0.02709190376239369 3.66
367 0.02714715734751684 3.67
368 0.02719327622979242 3.68
369 0.02723239846325494 3.69
370 0.02728721936487893 3.7
371 0.02733595223069066 3.71
372 0.02738291509585778 3.72
373 0.02741188298707786 3.73
374 0.02743125612973599 3.74
375 0.0274456807035271 3.75
376 0.0274589850927386 3.76
377 0.02746772876772741 3.77
378 0.02746774031098597 3.78
379 0.02747389312382623 3.79
380 0.02747379394029521 3.8
381 0.0274724887173018 3.81
382 0.02745164672505709 3.82
383 0.02743983603981727 3.83
384 0.02742958437745512 3.84
385 0.02741944286734063 3.85
386 0.02739874381461714 3.86
387 0.02737018290791314 3.87
388 0.02733549231991423 3.88
389 0.02730426030127305 3.89
390 0.02726995686840295 3.9
391 0.02723042564450305 3.91
392 0.02718970746793898 3.92
393 0.02715858300327257 3.93
394 0.0271207245273232 3.94
395 0.02709412287420203 3.95
396 0.02704567866883704 3.96
397 0.02700922142899428 3.97
398 0.02697763815723282 3.98
399 0.02693940591816957 3.99
400 0.02690936822810151 4
401 0.02687827492146238 4.01
402 0.02684323494734128 4.02
403 0.02679251448616026 4.03
404 0.02674858902498154 4.04
405 0.02670398632546023 4.05
406 0.02665404945640013 4.06
407 0.02661558122661762 4.07
408 0.0265822700232413 4.08
409 0.0265564763975962 4.09
410 0.02653680497361388 4.1
411 0.02652375447528786 4.11
412 0.02648624165135138 4.12
413 0.02645486667348659 4.13
414 0.02641690156521647 4.14
415 0.02638070480101149 4.15
416 0.02634085116645447 4.16
417 0.02630866664469238 4.17
418 0.026280199385838 4.18
419 0.02625753915120145 4.19
420 0.02623317009324609 4.2
421 0.02620200530748665 4.21
422 0.02618195986838635 4.22
423 0.02614215670176054 4.23
424 0.02611122539092569 4.24
425 0.02607462871443623 4.25
426 0.02602227229597302 4.26
427 0.02597545651411548 4.27
428 0.02592314702941041 4.28
429 0.02587406590189771 4.29
430 0.02583192058259398 4.3
431 0.02577729306061935 4.31
432 0.02572941117987994 4.32
433 0.02567993493201443 4.33
434 0.02563632397554981 4.34
435 0.02558302699970697 4.350000000000001
436 0.02552561630505081 4.36
437 0.02546288676975517 4.37
438 0.02539954567648232 4.38
439 0.02533734805497403 4.39
440 0.02527771872453122 4.4
441 0.02522395207714783 4.41
442 0.02519285780038388 4.42
443 0.02512670297407733 4.43
444 0.02506636699484855 4.44
445 0.02500488914116885 4.45
446 0.02494763669645262 4.46
447 0.02489266764901155 4.47
448 0.02484363106689046 4.48
449 0.02479378814320827 4.49
450 0.02474075442645116 4.5
451 0.0246926817770002 4.51
452 0.02463590950796602 4.52
453 0.02457845990455147 4.53
454 0.02451513895798576 4.54
455 0.02445553386021276 4.55
456 0.0244036571458646 4.56
457 0.02435632918561058 4.57
458 0.02433384075009507 4.58
459 0.02428859413413083 4.59
460 0.0242440275348025 4.600000000000001
461 0.02419328248373585 4.61
462 0.02414492384100701 4.62
463 0.02409586607654657 4.63
464 0.02404714112142955 4.64
465 0.02399649918749427 4.65
466 0.02395514542990323 4.66
467 0.02392007394028189 4.67
468 0.02388363935734457 4.68
469 0.02384862479251567 4.69
470 0.02382004755654723 4.7
471 0.02378848952659719 4.71
472 0.02376200171226072 4.72
473 0.02372482861306549 4.73
474 0.02369933237696056 4.74
475 0.02367312367791149 4.75
476 0.02365566793158109 4.76
477 0.02362182421762087 4.77
478 0.02357438827314958 4.78
479 0.02354324071404044 4.79
480 0.02351891401172737 4.8
481 0.02350144642845629 4.81
482 0.02348435482223623 4.82
483 0.02346195349179689 4.83
484 0.02342832106784581 4.84
485 0.02339586458200145 4.850000000000001
486 0.02336463737023558 4.86
487 0.02333591297983987 4.87
488 0.02331241154187678 4.88
489 0.02329546223832312 4.89
490 0.02328429961641867 4.9
491 0.02327752872003858 4.91
492 0.02326727932202701 4.92
493 0.02325478063269523 4.93
494 0.02324154277171664 4.94
495 0.02323118400050654 4.95
496 0.02322424181400495 4.96
497 0.02320688206315378 4.97
498 0.02318995236546927 4.98
499 0.02317502212914289 4.99
500 0.02316445449661254 5
501 0.02314725452674251 5.01
502 0.02312714336057013 5.02
503 0.02311401049536845 5.03
504 0.02309935580246116 5.04
505 0.02309182362698239 5.05
506 0.02308724309392191 5.06
507 0.02307711878534731 5.07
508 0.02306467780056619 5.08
509 0.02305479217137089 5.09
510 0.02304745228340574 5.100000000000001
511 0.0230357367574766 5.11
512 0.02301913580413094 5.12
513 0.02300980003446284 5.13
514 0.02299852956703295 5.14
515 0.02299165372703625 5.15
516 0.02299105268748388 5.16
517 0.02298180438752122 5.17
518 0.02297277276111566 5.18
519 0.02295553363733831 5.19
520 0.02294342550647989 5.2
521 0.02293240487073743 5.21
522 0.02291975093872143 5.22
523 0.02290602394346529 5.23
524 0.0228937894348552 5.24
525 0.02288233524457017 5.25
526 0.0228684440554683 5.26
527 0.02285400432720948 5.27
528 0.02284447054980361 5.28
529 0.02284225359541317 5.29
530 0.02284102283300633 5.3
531 0.02284071637495697 5.31
532 0.02282927339262415 5.32
533 0.02281329551161195 5.33
534 0.02278409721480662 5.34
535 0.02276687437602277 5.350000000000001
536 0.02276037304704997 5.36
537 0.02275600710631273 5.37
538 0.02273423892335671 5.38
539 0.0227107226501064 5.39
540 0.02269257169599326 5.4
541 0.02267654591205709 5.41
542 0.02266454086859351 5.42
543 0.02266148340151806 5.43
544 0.02265761704144017 5.44
545 0.0226601049990094 5.45
546 0.02265679484241251 5.46
547 0.02264832966749742 5.47
548 0.02263541887915045 5.48
549 0.02262347201451851 5.49
550 0.0226141811985475 5.5
551 0.02260299242259216 5.51
552 0.02259232355029202 5.52
553 0.02257620886491377 5.53
554 0.0225650033725224 5.54
555 0.02256389266255025 5.55
556 0.02256325315437801 5.56
557 0.02256457767738604 5.57
558 0.02256142958134632 5.58
559 0.02256287933691686 5.59
560 0.02256294744080939 5.600000000000001
561 0.02256167249624112 5.61
562 0.02255873648359972 5.62
563 0.02256393800156675 5.63
564 0.02257023318973264 5.64
565 0.02257459024288143 5.65
566 0.02258104685829249 5.66
567 0.02258262756406871 5.67
568 0.02257684372775136 5.68
569 0.02257228577093841 5.69
570 0.02259078576565958 5.7
571 0.02260450684423573 5.71
572 0.02260964466883187 5.72
573 0.02260637302455572 5.73
574 0.02260173422394739 5.74
575 0.0226059191303562 5.75
576 0.02261531855541005 5.76
577 0.02261868843954351 5.77
578 0.02262734163786715 5.78
579 0.02263900980118514 5.79
580 0.02264971658665298 5.8
581 0.02265668251736905 5.81
582 0.02266598712539531 5.82
583 0.02267498980127966 5.83
584 0.02268256507113344 5.84
585 0.02269038786054078 5.850000000000001
586 0.02269787488888055 5.86
587 0.0227072080318558 5.87
588 0.02271325177139939 5.88
589 0.02271691601582456 5.89
590 0.02272422293527817 5.9
591 0.02272614385033565 5.91
592 0.02272323939085517 5.92
593 0.02272397040839516 5.93
594 0.02272286047380355 5.94
595 0.02272563927280064 5.95
596 0.02273152491011203 5.96
597 0.02273056600623428 5.97
598 0.02272857959789546 5.98
599 0.02273323654534166 5.99
600 0.02273698114727159 6
601 0.02273782811389911 6.01
602 0.02273566911680016 6.02
603 0.02273340831145472 6.03
604 0.02272797398366981 6.04
605 0.02272433219011022 6.05
606 0.0227168165514868 6.06
607 0.02271558743162646 6.07
608 0.02271675851395079 6.08
609 0.02271854596992607 6.09
610 0.02271744542656347 6.100000000000001
611 0.02271212476947999 6.11
612 0.02271457895805656 6.12
613 0.02270836014457039 6.13
614 0.0227080840250268 6.140000000000001
615 0.02270554846894401 6.15
616 0.02270567846619295 6.16
617 0.0227048926884915 6.17
618 0.02269929382212752 6.18
619 0.02269498024891772 6.19
620 0.02270093041384109 6.2
621 0.02270666416116441 6.21
622 0.02271809260741381 6.22
623 0.02272541181843455 6.23
624 0.02273100265463124 6.24
625 0.02273556375425802 6.25
626 0.02274463992004765 6.26
627 0.02274991442415398 6.27
628 0.02275317726223728 6.28
629 0.022765906532263 6.29
630 0.02277332375907282 6.3
631 0.02278880350734604 6.31
632 0.02279819333753068 6.32
633 0.02280991679782814 6.33
634 0.02282718959555816 6.34
635 0.02284767728590202 6.350000000000001
636 0.02286609735483575 6.36
637 0.02288721253308146 6.37
638 0.02290465176881354 6.38
639 0.02291093424905792 6.390000000000001
640 0.02292445702995758 6.4
641 0.0229510352734 6.41
642 0.02297594336004612 6.42
643 0.02299400524419952 6.43
644 0.02301613246406098 6.44
645 0.02303684901838456 6.45
646 0.02305632575888509 6.46
647 0.02307835924758582 6.47
648 0.02309924107049674 6.48
649 0.02312367173904325 6.49
650 0.02313954605314772 6.5
651 0.02315626149342487 6.51
652 0.02316730736109028 6.52
653 0.02318735762293878 6.53
654 0.02320148734389491 6.54
655 0.02321187924592271 6.55
656 0.02322842131771923 6.56
657 0.02323479407141694 6.57
658 0.02325114534417552 6.58
659 0.02326746810959812 6.59
660 0.02328208124456996 6.600000000000001
661 0.02328941671880743 6.61
662 0.02329058246055526 6.62
663 0.02328835923284518 6.63
664 0.02327983274440061 6.640000000000001
665 0.02327855230728952 6.65
666 0.02327767581900014 6.66
667 0.02327540935055556 6.67
668 0.02327554727074302 6.68
669 0.02328035457285198 6.69
670 0.02328147008123373 6.7
671 0.02327574169298022 6.71
672 0.02327257023039962 6.72
673 0.02326525345809227 6.73
674 0.02324052445404189 6.74
675 0.02322288504979049 6.75
676 0.02321352310522897 6.76
677 0.02320343416102682 6.77
678 0.02320090002631886 6.78
679 0.0232081904014113 6.79
680 0.02321145914465446 6.8
681 0.02321727824060973 6.81
682 0.02321430952122921 6.82
683 0.0232003152693713 6.83
684 0.02318585832009195 6.84
685 0.02317498078022395 6.850000000000001
686 0.02317480603223513 6.86
687 0.02317206339961238 6.87
688 0.02316317933198008 6.88
689 0.02315343208634102 6.890000000000001
690 0.02315826744506912 6.9
691 0.02316740467702042 6.91
692 0.0231720928813273 6.92
693 0.02316996609864933 6.93
694 0.0231788841263392 6.94
695 0.02319623504482676 6.95
696 0.02322787178650376 6.96
697 0.02325481127578395 6.97
698 0.02327690198309031 6.98
699 0.02331058239735715 6.99
700 0.02333367141327806 7
701 0.02336008155940004 7.01
702 0.02338983439872098 7.02
703 0.02342564996772243 7.03
704 0.0234639195097616 7.04
705 0.02351120735589832 7.05
706 0.02355733358844522 7.06
707 0.0236030697061671 7.07
708 0.02364550116550119 7.08
709 0.02369058423362753 7.09
710 0.02374214610148573 7.100000000000001
711 0.02381049701023092 7.11
712 0.02386576092989807 7.12
713 0.02392025925082929 7.13
714 0.02397761986004146 7.140000000000001
715 0.02403926201867013 7.15
716 0.02410520928531632 7.16
717 0.02416840455785189 7.17
718 0.02423899817129309 7.18
719 0.02429812535972979 7.19
720 0.02435836673609273 7.2
721 0.0244121454149867 7.21
722 0.02446829170469549 7.22
723 0.02451540610832932 7.23
724 0.02455980101297527 7.24
725 0.02460734473671432 7.25
726 0.02465359531729699 7.26
727 0.02468656197809575 7.27
728 0.0247241226123453 7.28
729 0.02475815300360816 7.29
730 0.02479028304736547 7.3
731 0.02481040650003115 7.31
732 0.02483742711272388 7.32
733 0.02485658007349257 7.33
734 0.02486371986844863 7.34
735 0.02487723999642825 7.350000000000001
736 0.02486530502088613 7.36
737 0.02484739876200347 7.37
738 0.02482818635022421 7.38
739 0.02480420822434895 7.390000000000001
740 0.02480539220426325 7.4
741 0.02480271639434512 7.41
742 0.02477917446698482 7.42
743 0.02475096967984586 7.43
744 0.02471777764642278 7.44
745 0.024681607267532 7.45
746 0.02465209871179731 7.46
747 0.02461676080670765 7.47
748 0.02458573982098786 7.48
749 0.02455874828907949 7.49
750 0.02451261605352453 7.5
751 0.024468882582847 7.51
752 0.02443776717199381 7.52
753 0.02441068894783239 7.53
754 0.02438291657647134 7.54
755 0.02434507360142828 7.55
756 0.02431092584352757 7.56
757 0.02430467012212115 7.57
758 0.02428880795813355 7.58
759 0.0242588500721227 7.59
760 0.02424989516759917 7.600000000000001
761 0.02424567850250044 7.61
762 0.0242292424301318 7.62
763 0.02421225018199124 7.63
764 0.02420951561887215 7.640000000000001
765 0.02420526801499145 7.65
766 0.02422062718858393 7.66
767 0.02425949237138982 7.67
768 0.02428160114907982 7.68
769 0.02431448042684363 7.69
770 0.02436922752028815 7.7
771 0.02440118933548508 7.71
772 0.02445162589893023 7.72
773 0.02444922627959061 7.73
774 0.02457901691971492 7.74
775 0.02464004716857916 7.75
776 0.02476241777210796 7.76
777 0.02495611092953542 7.77
778 0.02520411617632869 7.78
779 0.02538459177476161 7.79
780 0.02559075336159873 7.8
781 0.02577790143787706 7.81
782 0.02599125692867656 7.82
783 0.02621848006663341 7.83
784 0.02649063914880477 7.84
785 0.02679594949780625 7.850000000000001
786 0.02708345539154638 7.86
787 0.02736952908126284 7.87
788 0.02769719735002612 7.88
789 0.027986435743172 7.890000000000001
790 0.02831814547352314 7.9
791 0.02862290462803347 7.91
792 0.02894590043431312 7.92
793 0.02922246772900151 7.930000000000001
794 0.02948693442961058 7.94
795 0.02973763570156629 7.95
796 0.02993316701327226 7.96
797 0.03012547202710884 7.97
798 0.03025742889651709 7.98
799 0.0303803702393956 7.99
800 0.03047609316744109 8
801 0.03055588079176451 8.01
802 0.03066209554981218 8.02
803 0.03067914836656535 8.029999999999999
804 0.03068336011538462 8.040000000000001
805 0.03067631321158117 8.050000000000001
806 0.03063383154062413 8.06
807 0.03052587773782382 8.07
808 0.03042439597246994 8.08
809 0.03035397744842636 8.09
810 0.03019723868201398 8.1
811 0.03005118757256266 8.109999999999999
812 0.02986490104982058 8.120000000000001
813 0.02972281412191833 8.130000000000001
814 0.02959429009865791 8.140000000000001
815 0.02938670763778225 8.15
816 0.029155977350312 8.16
817 0.02892645372138727 8.17
818 0.02873908303684928 8.18
819 0.02849078077632879 8.19
820 0.02824588533933057 8.199999999999999
821 0.02807313121585691 8.210000000000001
822 0.02797336453551612 8.220000000000001
823 0.02786176339453856 8.23
824 0.02776988108584941 8.24
825 0.02767518601024024 8.25
826 0.02757206634074549 8.26
827 0.0275064078138857 8.27
828 0.02744504319412171 8.279999999999999
829 0.02742993823979597 8.290000000000001
830 0.02742771688936021 8.300000000000001
831 0.02744909249666093 8.31
832 0.02747016040032045 8.32
833 0.0275095935887923 8.33
834 0.02752669774406829 8.34
835 0.02755892099235294 8.35
836 0.02760324006962214 8.359999999999999
837 0.02764112385335286 8.370000000000001
838 0.02766724019329418 8.380000000000001
839 0.02770348356739847 8.390000000000001
840 0.02771511691712833 8.4
841 0.02772522799209888 8.41
842 0.02767839281851721 8.42
843 0.02764073938794246 8.43
844 0.02759400337641218 8.44
845 0.02756220752998102 8.449999999999999
846 0.02745311576150862 8.460000000000001
847 0.02737097793594038 8.470000000000001
848 0.02720089842239616 8.48
849 0.02710669179137138 8.49
850 0.02695880035351652 8.5
851 0.02685128134581078 8.51
852 0.02674849677937517 8.52
853 0.02663065522620996 8.529999999999999
854 0.02652888924573333 8.540000000000001
855 0.02640015640049477 8.550000000000001
856 0.0263021982096782 8.56
857 0.02617124924106649 8.57
858 0.02608906700679713 8.58
859 0.02596666589182129 8.59
860 0.02586739121662562 8.6
861 0.02578375409452294 8.609999999999999
862 0.0257171215976949 8.620000000000001
863 0.02571981283418784 8.630000000000001
864 0.02572745307413389 8.640000000000001
865 0.02577767509769627 8.65
866 0.02581219773908599 8.66
867 0.02585538233522235 8.67
868 0.02594835685645253 8.68
869 0.02603944668243568 8.69
870 0.02614549249612363 8.700000000000001
871 0.0262734039228972 8.710000000000001
872 0.02643463702286212 8.720000000000001
873 0.02663334668033871 8.73
874 0.02678595416338192 8.74
875 0.02692434187298234 8.75
876 0.02715725392113132 8.76
877 0.02735244016995687 8.77
878 0.02762163118765159 8.779999999999999
879 0.02788939868758762 8.790000000000001
880 0.02809126819742568 8.800000000000001
881 0.02829667795267718 8.81
882 0.02846579358904676 8.82
883 0.02867835251588885 8.83
884 0.02892198300767563 8.84
885 0.02901888759539481 8.85
886 0.02917855237579719 8.859999999999999
887 0.02927733418394705 8.870000000000001
888 0.02941729831904449 8.880000000000001
889 0.02945116976579823 8.890000000000001
890 0.02945703810165773 8.9
891 0.02954607025438568 8.91
892 0.029666899306055 8.92
893 0.02964927165655755 8.93
894 0.0296060999170964 8.94
895 0.02959941847753494 8.950000000000001
896 0.02946042588242963 8.960000000000001
897 0.02941389867927188 8.970000000000001
898 0.02938894208653781 8.98
899 0.02930450311698453 8.99
900 0.02933144661604468 9
901 0.02925475091939073 9.01
902 0.02913074426903946 9.02
903 0.02902031864473305 9.029999999999999
904 0.02891038146871592 9.040000000000001
905 0.02881156730016579 9.050000000000001
906 0.02866961433277905 9.06
907 0.02852466179320272 9.07
908 0.02839198360550701 9.08
909 0.02828872305824469 9.09
910 0.02813951787757686 9.1
911 0.02804699946205549 9.109999999999999
912 0.02799451327976333 9.120000000000001
913 0.02796481565538121 9.130000000000001
914 0.02789093396650949 9.140000000000001
915 0.02787398684807301 9.15
916 0.02783928191435859 9.16
917 0.02777323979592821 9.17
918 0.02775964873186951 9.18
919 0.02779276098957476 9.19
920 0.02777174481991079 9.200000000000001
921 0.02775016161502877 9.210000000000001
922 0.0277175319217346 9.220000000000001
923 0.027707046155927 9.23
924 0.02770515169493016 9.24
925 0.02769291412500458 9.25
926 0.02767491369935755 9.26
927 0.02770968302324606 9.27
928 0.02767628164084029 9.279999999999999
929 0.02765799251349873 9.290000000000001
930 0.02755509257328025 9.300000000000001
931 0.02748375316031712 9.31
932 0.02743337536466214 9.32
933 0.02735516469587133 9.33
934 0.02729362409224974 9.34
935 0.0273392290060124 9.35
936 0.02726942835438837 9.359999999999999
937 0.02729363410863209 9.370000000000001
938 0.02722682914224654 9.380000000000001
939 0.02712007912695285 9.390000000000001
940 0.02704786467122709 9.4
941 0.02704856153170607 9.41
942 0.0269946800733018 9.42
943 0.02697490203894593 9.43
944 0.0269549506462297 9.44
945 0.02698976784253374 9.450000000000001
946 0.02705668070145326 9.460000000000001
947 0.02713900175159119 9.470000000000001
948 0.0272338103984101 9.48
949 0.02731709975786777 9.49
950 0.02738515688885803 9.5
951 0.02743020691539657 9.51
952 0.02755429308282982 9.52
953 0.02772471824997592 9.529999999999999
954 0.02797447487162933 9.540000000000001
955 0.02811696893985422 9.550000000000001
956 0.0282964215060513 9.56
957 0.02849984888082644 9.57
958 0.02867777517641456 9.58
959 0.02881551253154037 9.59
960 0.02896743661800702 9.6
961 0.0291034512983124 9.609999999999999
962 0.02925570570436067 9.620000000000001
963 0.02945721833981794 9.630000000000001
964 0.02958641274327168 9.640000000000001
965 0.0297115854696186 9.65
966 0.02983802293326655 9.66
967 0.02991478896638552 9.67
968 0.0299416484903267 9.68
969 0.02999545278883545 9.69
970 0.03002182025103566 9.700000000000001
971 0.03007573858223205 9.710000000000001
972 0.03000180441872297 9.720000000000001
973 0.0300038099509092 9.73
974 0.02994416405164444 9.74
975 0.029806733959539 9.75
976 0.02974486105560322 9.76
977 0.02964628230813362 9.77
978 0.02953203202242406 9.779999999999999
979 0.02941050932726412 9.790000000000001
980 0.02926417731100343 9.800000000000001
981 0.02908031681091751 9.81
982 0.02876700779910683 9.82
983 0.02853257910231896 9.83
984 0.02835554854295217 9.84
985 0.02823793384915468 9.85
986 0.0280473648865995 9.859999999999999
987 0.02785461942807448 9.870000000000001
988 0.02755518199002402 9.880000000000001
989 0.0272075508082677 9.890000000000001
990 0.0270381504028748 9.9
991 0.02678860832261232 9.91
992 0.0266268460243319 9.92
993 0.02647875933251062 9.93
994 0.02632224867784476 9.94
995 0.02607981436777316 9.950000000000001
996 0.0258546938285095 9.960000000000001
997 0.02559959940489671 9.970000000000001
998 0.02544481768373068 9.98
999 0.02519956007544412 9.99
1000 0.02503072471063322 10
1001 0.0248519527281405 10.01
1002 0.02467654450100206 10.02
1003 0.02455285504807077 10.03
1004 0.02441932536715469 10.04
1005 0.02435681098293681 10.05
1006 0.02430369042212849 10.06
1007 0.02419377120438331 10.07
1008 0.02408970691025321 10.08
1009 0.02405947798128634 10.09
1010 0.02409141582357218 10.1
1011 0.02410119035036092 10.11
1012 0.02409635717280353 10.12
1013 0.02415770961797205 10.13
1014 0.02420413939140077 10.14
1015 0.02423980123529936 10.15
1016 0.02427160322208832 10.16
1017 0.02439567654169141 10.17
1018 0.02450912789587985 10.18
1019 0.02465571493003481 10.19
1020 0.02483144106433482 10.2
1021 0.02503251649268921 10.21
1022 0.02521657732870804 10.22
1023 0.02540457890129486 10.23
1024 0.02561482426431971 10.24
1025 0.02593427392435036 10.25
1026 0.02620036463811019 10.26
1027 0.02640894680473987 10.27
1028 0.02660877596816065 10.28
1029 0.02689517792012243 10.29
1030 0.02711966260997111 10.3
1031 0.02733366451087068 10.31
1032 0.02768824654436467 10.32
1033 0.02803464252662013 10.33
1034 0.02828545398365326 10.34
1035 0.02867165068061277 10.35
1036 0.02909493787722893 10.36
1037 0.02953492311208094 10.37
1038 0.02992960543241371 10.38
1039 0.03034167403627151 10.39
1040 0.03075377209199259 10.4
1041 0.03117576907341282 10.41
1042 0.03156867909454947 10.42
1043 0.03195034320685489 10.43
1044 0.0324083005737841 10.44
1045 0.03291147700817356 10.45
1046 0.03335193562408025 10.46
1047 0.03379263699805415 10.47
1048 0.03422417427173893 10.48
1049 0.03466881454516547 10.49
1050 0.03514822464527337 10.5
1051 0.03561126862312125 10.51
1052 0.03597625731559976 10.52
1053 0.03638025557971162 10.53
1054 0.03669862247669581 10.54
1055 0.03701672123672364 10.55
1056 0.03729498016765297 10.56
1057 0.03754592678032936 10.57
1058 0.03782665545863909 10.58
1059 0.0381400608914596 10.59
1060 0.03832199387990243 10.6
1061 0.038579117537834 10.61
1062 0.03882638573756999 10.62
1063 0.03901157912699129 10.63
1064 0.03913481685207602 10.64
1065 0.03930673487178438 10.65
1066 0.03939547601700559 10.66
1067 0.03945011715721555 10.67
1068 0.03949064689060744 10.68
1069 0.03959084011112813 10.69
1070 0.03965371549626625 10.7
1071 0.03968864452403349 10.71
1072 0.03972386149298508 10.72
1073 0.03968609301262381 10.73
1074 0.03966159737790328 10.74
1075 0.03957996156579044 10.75
1076 0.0395078969820393 10.76
1077 0.03944744143570289 10.77
1078 0.03930015744544259 10.78
1079 0.03911839531380962 10.79
1080 0.03901082723222041 10.8
1081 0.03881875157288906 10.81
1082 0.03863831723157386 10.82
1083 0.03843275838563976 10.83
1084 0.03818535307672444 10.84
1085 0.03800206109657295 10.85
1086 0.0377884818058876 10.86
1087 0.03754978538934577 10.87
1088 0.03728099053342931 10.88
1089 0.0370502762903618 10.89
1090 0.03674772927505193 10.9
1091 0.03646737070409607 10.91
1092 0.03614265434053052 10.92
1093 0.03598226085202938 10.93
1094 0.03569454352466917 10.94
1095 0.03549715343303599 10.95
1096 0.03532987116917375 10.96
1097 0.03504403205540315 10.97
1098 0.03478681892614303 10.98
1099 0.03451645206488905 10.99
1100 0.03419934142826854 11
1101 0.03396453714964644 11.01
1102 0.03383771009377526 11.02
1103 0.03370105971798778 11.03
1104 0.033536912520012 11.04
1105 0.03334102694312988 11.05
1106 0.03321091531897606 11.06
1107 0.03300797081781213 11.07
1108 0.03279816547354206 11.08
1109 0.03263501407058082 11.09
1110 0.03249085041343301 11.1
1111 0.0323475250354239 11.11
1112 0.03219769071429699 11.12
1113 0.03209372696574878 11.13
1114 0.0319847756009625 11.14
1115 0.031896294911 11.15
1116 0.03182080021463719 11.16
1117 0.03177548611420118 11.17
1118 0.03168244123253892 11.18
1119 0.03163783270555343 11.19
1120 0.03161449778245649 11.2
1121 0.03157790408113627 11.21
1122 0.03156045284677487 11.22
1123 0.03149908815532914 11.23
1124 0.0314671272964472 11.24
1125 0.03142915165384231 11.25
1126 0.03135411145407066 11.26
1127 0.03128676595688146 11.27
1128 0.03118027992136725 11.28
1129 0.0310770097096936 11.29
1130 0.03097091388038583 11.3
1131 0.03086268492749113 11.31
1132 0.03073953491946191 11.32
1133 0.03058628063760685 11.33
1134 0.0304575938360638 11.34
1135 0.03027198376808002 11.35
1136 0.03009799854292949 11.36
1137 0.03000337543966306 11.37
1138 0.02983654642008481 11.38
1139 0.02960389649928533 11.39
1140 0.02947710956545656 11.4
1141 0.02935553964587324 11.41
1142 0.02922243045538836 11.42
1143 0.02905006082706858 11.43
1144 0.02884260158681115 11.44
1145 0.02863269694721634 11.45
1146 0.02841056580883388 11.46
1147 0.02819600090139616 11.47
1148 0.02798129966271027 11.48
1149 0.02776369970103624 11.49
1150 0.02758609262145047 11.5
1151 0.02741924007256709 11.51
1152 0.02721993453572044 11.52
1153 0.02703486791658843 11.53
1154 0.02683196455955974 11.54
1155 0.02666037277779822 11.55
1156 0.02643555265970062 11.56
1157 0.02619984047679621 11.57
1158 0.02608260750847857 11.58
1159 0.02587272948627486 11.59
1160 0.02561089719939573 11.6
1161 0.02545096890214031 11.61
1162 0.02533392584107674 11.62
1163 0.02523049200147287 11.63
1164 0.02517654346247436 11.64
1165 0.02510247225523942 11.65
1166 0.02499037291318667 11.66
1167 0.02490166990154518 11.67
1168 0.024898827231084 11.68
1169 0.02486007351928898 11.69
1170 0.02492419420240623 11.7
1171 0.02485851405539502 11.71
1172 0.02489440634915204 11.72
1173 0.02495213026527578 11.73
1174 0.02498045746943605 11.74
1175 0.02505096494147969 11.75
1176 0.02522770491777013 11.76
1177 0.02535819241359892 11.77
1178 0.0254598979941064 11.78
1179 0.02553767169402232 11.79
1180 0.02564820682499332 11.8
1181 0.02582043600712854 11.81
1182 0.02604398487903162 11.82
1183 0.02628528751287346 11.83
1184 0.02642033940521505 11.84
1185 0.02657941314319564 11.85
1186 0.02684104231671327 11.86
1187 0.02707892023637363 11.87
1188 0.0274322523799849 11.88
1189 0.02757454821173818 11.89
1190 0.02780307507953731 11.9
1191 0.02801655130715373 11.91
1192 0.02813880813229686 11.92
1193 0.02837904229316402 11.93
1194 0.02858265235100652 11.94
1195 0.02882063861742807 11.95
1196 0.02901460758569261 11.96
1197 0.02923895415287238 11.97
1198 0.02934857767487661 11.98
1199 0.02958561683999155 11.99
1200 0.02970695611214414 12
1201 0.02997521762709715 12.01
1202 0.03005024663694528 12.02
1203 0.03024274621719454 12.03
1204 0.03039685864242245 12.04
1205 0.03043084521700469 12.05
1206 0.03049798493514084 12.06
1207 0.03058869011896333 12.07
1208 0.0305826595559767 12.08
1209 0.03069249916496938 12.09
1210 0.03078898731592361 12.1
1211 0.03088678546510832 12.11
1212 0.03096124148164383 12.12
1213 0.03089000353484525 12.13
1214 0.03088770552110933 12.14
1215 0.03076394326394606 12.15
1216 0.03076590083827546 12.16
1217 0.03071747671992388 12.17
1218 0.03066695592851827 12.18
1219 0.03055518292184672 12.19
1220 0.03046737207837805 12.2
1221 0.03036311274771085 12.21
1222 0.03021256650148091 12.22
1223 0.03003993495575772 12.23
1224 0.02989364914183913 12.24
1225 0.02975263701531317 12.25
1226 0.02959730786199883 12.26
1227 0.02936566321933189 12.27
1228 0.02914253269872347 12.28
1229 0.02898630741619759 12.29
1230 0.02878029414064814 12.3
1231 0.02857730061762225 12.31
1232 0.02836923814564798 12.32
1233 0.02816534680181544 12.33
1234 0.02792541509013307 12.34
1235 0.02764748490969618 12.35
1236 0.02735633072870058 12.36
1237 0.02709511854243954 12.37
1238 0.02685866890407828 12.38
1239 0.02667333800142192 12.39
1240 0.02641788884916315 12.4
1241 0.02616439062316991 12.41
1242 0.02589247229755436 12.42
1243 0.02561724540155765 12.43
1244 0.02533267523650134 12.44
1245 0.02502511650977339 12.45
1246 0.0247535302148872 12.46
1247 0.02452713757432309 12.47
1248 0.02434234131729332 12.48
1249 0.02415303767757651 12.49
1250 0.02396327337808245 12.5
1251 0.02377130170182701 12.51
1252 0.02353859998904327 12.52
1253 0.02331413619210201 12.53
1254 0.02315661270427436 12.54
1255 0.0229708183544524 12.55
1256 0.0228373298510677 12.56
1257 0.02270268621719078 12.57
1258 0.02258751408408468 12.58
1259 0.02249001673234084 12.59
1260 0.02242906251227015 12.6
1261 0.02228954351971313 12.61
1262 0.02223744798701902 12.62
1263 0.02215999330757928 12.63
1264 0.02210182264138711 12.64
1265 0.02208737438271445 12.65
1266 0.02207613772240635 12.66
1267 0.02207455657842904 12.67
1268 0.02212308443303698 12.68
1269 0.02214329173067684 12.69
1270 0.0221852487824825 12.7
1271 0.02217071540172969 12.71
1272 0.02222842173418668 12.72
1273 0.02228646137286854 12.73
1274 0.02233996149282349 12.74
1275 0.02246336022292621 12.75
1276 0.02251317210576281 12.76
1277 0.02261005938137824 12.77
1278 0.02270180869063486 12.78
1279 0.02275444866060613 12.79
1280 0.02282584843294554 12.8
1281 0.02287156006079602 12.81
1282 0.02292020907958263 12.82
1283 0.02299805081558428 12.83
1284 0.02312984384854347 12.84
1285 0.02328395355709114 12.85
1286 0.0234996784083081 12.86
1287 0.02366287139606951 12.87
1288 0.02380575735679215 12.88
1289 0.02392487461703855 12.89
1290 0.02407205825847034 12.9
1291 0.02427090721539566 12.91
1292 0.02447527873362096 12.92
1293 0.02472891651794428 12.93
1294 0.02497008546294007 12.94
1295 0.02520123688388949 12.95
1296 0.02549185950259587 12.96
1297 0.02573876307110108 12.97
1298 0.0260191320108669 12.98
1299 0.0263652390186902 12.99
1300 0.02667694270771965 13
1301 0.02699547766710862 13.01
1302 0.02734003593946375 13.02
1303 0.02770942161328116 13.03
1304 0.02807449320713561 13.04
1305 0.02846930257383979 13.05
1306 0.02884294894485813 13.06
1307 0.02922145265781304 13.07
1308 0.0295870736179882 13.08
1309 0.02998815810434876 13.09
1310 0.03044746494596097 13.1
1311 0.03088425267405693 13.11
1312 0.03124120437789292 13.12
1313 0.03157093780171998 13.13
1314 0.03193313181261146 13.14
1315 0.03231981565850774 13.15
1316 0.03257617822576018 13.16
1317 0.03291932071659104 13.17
1318 0.03321777438285079 13.18
1319 0.03359480769728801 13.19
1320 0.03389801586140713 13.2
1321 0.03414511429157812 13.21
1322 0.03437608812552238 13.22
1323 0.03457196737920198 13.23
1324 0.03478397637173344 13.24
1325 0.03500304615193169 13.25
1326 0.03521380741074275 13.26
1327 0.03539923866106368 13.27
1328 0.03561481456336652 13.28
1329 0.03578429168491134 13.29
1330 0.03595780670191866 13.3
1331 0.03605203406116828 13.31
1332 0.03611731837026189 13.32
1333 0.03613916983849024 13.33
1334 0.03622923631176735 13.34
1335 0.03625699520003886 13.35
1336 0.03631103896300581 13.36
1337 0.03638691551525592 13.37
1338 0.03644218593692754 13.38
1339 0.03645244287321529 13.39
1340 0.03649808731634269 13.4
1341 0.03652232745466607 13.41
1342 0.03653404622127051 13.42
1343 0.03650638495304354 13.43
1344 0.03641800199677369 13.44
1345 0.03639122648745403 13.45
1346 0.03634735299764498 13.46
1347 0.03632074416419815 13.47
1348 0.03624287008983363 13.48
1349 0.03619381900105567 13.49
1350 0.03598374162635712 13.5
1351 0.03585324315647495 13.51
1352 0.03569943344523153 13.52
1353 0.03546397841013844 13.53
1354 0.03538334050792252 13.54
1355 0.03519554333601203 13.55
1356 0.03506306954590409 13.56
1357 0.03491433805611306 13.57
1358 0.03470685291106693 13.58
1359 0.03440539340741951 13.59
1360 0.03408244972929688 13.6
1361 0.03380900192688925 13.61
1362 0.03348882938263294 13.62
1363 0.03324480454891614 13.63
1364 0.03301083569739072 13.64
1365 0.0327706538048473 13.65
1366 0.03256149210809053 13.66
1367 0.03228293985107906 13.67
1368 0.03198946608053825 13.68
1369 0.03172940661665398 13.69
1370 0.03137288209701621 13.7
1371 0.03100630286232519 13.71
1372 0.03066729615932997 13.72
1373 0.03030562912108415 13.73
1374 0.02998328157358082 13.74
1375 0.02966217377957208 13.75
1376 0.02931401296014584 13.76
1377 0.02893403343584115 13.77
1378 0.02863466620834347 13.78
1379 0.02830713871639574 13.79
1380 0.02788792664223718 13.8
1381 0.02756773353818002 13.81
1382 0.02723027254590566 13.82
1383 0.02690432658844431 13.83
1384 0.02654799896834707 13.84
1385 0.02626149390902593 13.85
1386 0.02608410096330898 13.86
1387 0.02578201709123521 13.87
1388 0.02556550928066438 13.88
1389 0.02528649288647674 13.89
1390 0.02518915449451298 13.9
1391 0.0250438557503351 13.91
1392 0.02494797821271628 13.92
1393 0.02479301134809719 13.93
1394 0.02473016160504431 13.94
1395 0.02468671536827763 13.95
1396 0.02462656447970724 13.96
1397 0.02454846002117654 13.97
1398 0.02450686657674054 13.98
1399 0.02448049811335996 13.99
1400 0.02446592185822541 14
1401 0.02451254858466403 14.01
1402 0.02452088281670902 14.02
1403 0.02456863507441042 14.03
1404 0.02465803239501289 14.04
1405 0.02467143996131342 14.05
1406 0.0247528781571751 14.06
1407 0.02481379646633287 14.07
1408 0.0248434578290734 14.08
1409 0.02482818707531946 14.09
1410 0.02478384220795354 14.1
1411 0.02475399566932629 14.11
1412 0.02473558409332402 14.12
1413 0.02475196296362748 14.13
1414 0.0248525746839322 14.14
1415 0.02492269605281437 14.15
1416 0.02497416040119452 14.16
1417 0.02507252216118108 14.17
1418 0.02510208242136278 14.18
1419 0.02524514498616102 14.19
1420 0.02530970654038153 14.2
1421 0.02542078882684692 14.21
1422 0.02551588441195418 14.22
1423 0.0256223704568942 14.23
1424 0.02572693628301274 14.24
1425 0.02593896359416657 14.25
1426 0.02617837904822262 14.26
1427 0.02637214955800162 14.27
1428 0.02665660906134924 14.28
1429 0.02684273242895967 14.29
1430 0.02703397225914793 14.3
1431 0.02733515996142674 14.31
1432 0.02759579400178179 14.32
1433 0.02779952052668603 14.33
1434 0.02803782028749815 14.34
1435 0.02825736493045863 14.35
1436 0.02843512729418044 14.36
1437 0.02866292225625827 14.37
1438 0.02883219066723539 14.38
1439 0.02901744000704806 14.39
1440 0.02918990626143161 14.4
1441 0.02931377146947701 14.41
1442 0.02950417868220218 14.42
1443 0.02959203133001988 14.43
1444 0.02974348443755388 14.44
1445 0.02976788386428553 14.45
1446 0.02974617227718065 14.46
1447 0.02977677437967743 14.47
1448 0.0298381125511149 14.48
1449 0.02982432737307465 14.49
1450 0.02980613986866661 14.5
1451 0.02978111825879007 14.51
1452 0.02974207234921455 14.52
1453 0.02963816435364892 14.53
1454 0.02962736651278723 14.54
1455 0.0296517325766602 14.55
1456 0.02947508389863957 14.56
1457 0.02937315653377125 14.57
1458 0.02930128731404011 14.58
1459 0.02918354106645805 14.59
1460 0.02904754599993173 14.6
1461 0.02892705294498851 14.61
1462 0.02884082509482736 14.62
1463 0.02875496681261795 14.63
1464 0.02867673878034245 14.64
1465 0.0285314941524808 14.65
1466 0.02839340188978579 14.66
1467 0.02823350320134332 14.67
1468 0.02810553765403628 14.68
1469 0.02802746521354835 14.69
1470 0.02789907687360287 14.7
1471 0.02773845636252753 14.71
1472 0.02758854117909293 14.72
1473 0.02746383703590802 14.73
1474 0.02733537782355981 14.74
1475 0.02721048553532844 14.75
1476 0.02703944963857835 14.76
1477 0.02687947653514336 14.77
1478 0.02667580772458149 14.78
1479 0.02653400300402099 14.79
1480 0.02638040431872429 14.8
1481 0.0262450052339006 14.81
1482 0.02612194495431235 14.82
1483 0.02597937172159763 14.83
1484 0.02583042992758981 14.84
1485 0.02571565344510506 14.85
1486 0.02559950211269578 14.86
1487 0.02542033258188285 14.87
1488 0.02526466536817478 14.88
1489 0.02518427919252511 14.89
1490 0.02502641309850864 14.9
1491 0.0249448041469759 14.91
1492 0.02478254950407521 14.92
1493 0.02462651313012317 14.93
1494 0.02448694877997782 14.94
1495 0.02428737510465374 14.95
1496 0.0241640593392289 14.96
1497 0.02402807629563976 14.97
1498 0.02390841166150042 14.98
1499 0.02383772112011338 14.99
1500 0.02373501209943998 15
1501 0.02364635050567157 15.01
1502 0.02347382518565196 15.02
1503 0.02330268534563527 15.03
1504 0.02321295470528366 15.04
1505 0.0230578469559465 15.05
1506 0.02296560765838897 15.06
1507 0.02289310814064552 15.07
1508 0.02280737968941834 15.08
1509 0.02276499204819779 15.09
1510 0.02268879016936423 15.1
1511 0.02262169175030222 15.11
1512 0.02250574126697258 15.12
1513 0.0224812410200495 15.13
1514 0.02245235207170468 15.14
1515 0.02240561253220089 15.15
1516 0.02239059631936587 15.16
1517 0.0223593851679541 15.17
1518 0.02240215431296054 15.18
1519 0.02240699406232278 15.19
1520 0.02244888542692882 15.2
1521 0.02246744760842875 15.21
1522 0.02250961563851498 15.22
1523 0.02263906841140504 15.23
1524 0.02270623526585562 15.24
1525 0.02279493254191067 15.25
1526 0.02288511223524203 15.26
1527 0.02301750598859598 15.27
1528 0.02314212159889401 15.28
1529 0.02329915495576864 15.29
1530 0.02354659772195285 15.3
1531 0.02376814516086562 15.31
1532 0.02402132831725792 15.32
1533 0.02427732273383379 15.33
1534 0.02447259201947664 15.34
1535 0.02478847047616105 15.35
1536 0.02510901825168757 15.36
1537 0.02544288514970544 15.37
1538 0.0257768576262939 15.38
1539 0.02616171373694521 15.39
1540 0.02654205145067779 15.4
1541 0.02686711667881279 15.41
1542 0.0271933815718368 15.42
1543 0.02759539038119621 15.43
1544 0.02792818523896215 15.44
1545 0.02835445390478714 15.45
1546 0.02874956467618153 15.46
1547 0.02915209080391397 15.47
1548 0.02961677824192677 15.48
1549 0.02984968765100334 15.49
1550 0.0302689320334654 15.5
1551 0.03051817091865571 15.51
1552 0.03079301515992507 15.52
1553 0.03089105220842599 15.53
1554 0.03101949449718956 15.54
1555 0.03113493697394209 15.55
1556 0.03124019435343762 15.56
1557 0.03142404644174015 15.57
1558 0.03154720518914693 15.58
1559 0.0316644493692512 15.59
1560 0.0317846553620129 15.6
1561 0.03185581296439044 15.61
1562 0.03197557479887697 15.62
1563 0.03207736061728453 15.63
1564 0.03205773444104536 15.64
1565 0.03203736481893747 15.65
1566 0.03204721813042107 15.66
1567 0.03196746155748702 15.67
1568 0.03194569963034898 15.68
1569 0.0318997862850134 15.69
1570 0.03184147188866483 15.7
1571 0.0317931164670694 15.71
1572 0.0317284487458315 15.72
1573 0.0316606442150598 15.73
1574 0.03158105206326398 15.74
1575 0.03150928855785115 15.75
1576 0.03143597115231728 15.76
1577 0.03136750155849923 15.77
1578 0.03119700106911985 15.78
1579 0.03107602719694785 15.79
1580 0.03091092779005797 15.8
1581 0.03080221810425917 15.81
1582 0.03066455508790586 15.82
1583 0.03054993103224253 15.83
1584 0.03031250785619804 15.84
1585 0.03008764323006666 15.85
1586 0.02990132391325057 15.86
1587 0.02971069038519967 15.87
1588 0.02946021476962056 15.88
1589 0.0292821639954442 15.89
1590 0.02907515448142482 15.9
1591 0.02894963573489899 15.91
1592 0.02875993149576572 15.92
1593 0.02853213932733902 15.93
1594 0.02833956494930917 15.94
1595 0.0280757394090317 15.95
1596 0.02787165753093608 15.96
1597 0.02762674028683233 15.97
1598 0.02742334067579736 15.98
1599 0.02717032991890646 15.99
1600 0.0269907599076625 16
1601 0.02682181582735142 16.01
1602 0.02665191107127622 16.02
1603 0.02649750659289141 16.03
1604 0.02632423656296877 16.04
1605 0.0261761813342728 16.05
1606 0.02608754350559934 16.06
1607 0.02595395083603224 16.07
1608 0.02582064628575757 16.08
1609 0.0257168870051269 16.09
1610 0.02561775671356366 16.1
1611 0.02550314047786696 16.11
1612 0.02539926951385874 16.12
1613 0.02534773170668637 16.13
1614 0.02526390094508236 16.14
1615 0.02515361409686997 16.15
1616 0.02514042490742249 16.16
1617 0.02505672156719182 16.17
1618 0.02502040865569924 16.18
1619 0.02500326492377128 16.19
1620 0.02490695745426366 16.2
1621 0.0247723614383307 16.21
1622 0.02475562179515817 16.22
1623 0.02464049406975084 16.23
1624 0.02459479703205193 16.24
1625 0.02456033326347381 16.25
1626 0.02450954974847388 16.26
1627 0.02439394637159551 16.27
1628 0.02438051737603028 16.28
1629 0.02426998930273197 16.29
1630 0.02417849219115879 16.3
1631 0.0240505850991215 16.31
1632 0.02397598099134214 16.32
1633 0.02391327877585535 16.33
1634 0.02382831219083766 16.34
1635 0.02374167462216596 16.35
1636 0.02365705719682873 16.36
1637 0.02350241916996547 16.37
1638 0.02341523692283121 16.38
1639 0.02336014268100721 16.39
1640 0.02326898623653043 16.4
1641 0.02312800437275997 16.41
1642 0.02309673249909951 16.42
1643 0.02297147899230157 16.43
1644 0.02282182868802238 16.44
1645 0.02272866527638031 16.45
1646 0.02264824529977896 16.46
1647 0.02247517442315703 16.47
1648 0.02236200530652929 16.48
1649 0.02236892216265866 16.49
1650 0.02240927553648331 16.5
1651 0.02244058710341091 16.51
1652 0.02250046688964846 16.52
1653 0.02252665457967495 16.53
1654 0.02248732102060713 16.54
1655 0.02252807243635941 16.55
1656 0.02263266071445159 16.56
1657 0.02282839486062326 16.57
1658 0.02295158161148391 16.58
1659 0.02311472726269548 16.59
1660 0.02330099207536094 16.6
1661 0.02358196576669096 16.61
1662 0.02385580315815912 16.62
1663 0.02414854045555507 16.63
1664 0.02450904020425436 16.64
1665 0.02481285783317652 16.65
1666 0.02517099496087825 16.66
1667 0.02552476953532354 16.67
1668 0.02582495007775833 16.68
1669 0.02613086970356815 16.69
1670 0.02649127298502616 16.7
1671 0.02679852351181208 16.71
1672 0.02715036297046403 16.72
1673 0.02733516064867731 16.73
1674 0.0275165425786426 16.74
1675 0.02770161752415937 16.75
1676 0.02799040787931208 16.76
1677 0.02820001951028714 16.77
1678 0.02839632825845639 16.78
1679 0.02865237131043856 16.79
1680 0.02882904043460013 16.8
1681 0.02902046531268966 16.81
1682 0.02905527672435385 16.82
1683 0.0291033803895299 16.83
1684 0.02917351583098693 16.84
1685 0.02930098593085671 16.85
1686 0.02943198203832783 16.86
1687 0.02943455806180607 16.87
1688 0.02944377312794332 16.88
1689 0.02957638799210303 16.89
1690 0.02967532185998103 16.9
1691 0.02966815087464731 16.91
1692 0.0297806259183612 16.92
1693 0.02985321761412418 16.93
1694 0.02993769001754923 16.94
1695 0.02994988000158402 16.95
1696 0.02990855165145459 16.96
1697 0.02980046487046183 16.97
1698 0.02969915254249519 16.98
1699 0.0296111320235254 16.99
1700 0.02953367119684784 17
1701 0.0294432332325471 17.01
1702 0.02929281881049763 17.02
1703 0.02915423199275536 17.03
1704 0.02906295011950862 17.04
1705 0.02896506835539173 17.05
1706 0.02889323822403487 17.06
1707 0.02879801096552767 17.07
1708 0.02872800931511766 17.08
1709 0.02855723931701457 17.09
1710 0.02841299663587577 17.1
1711 0.02828883890018454 17.11
1712 0.0281246028741636 17.12
1713 0.02790875800093987 17.13
1714 0.02765077749602881 17.14
1715 0.02746437071650595 17.15
1716 0.02729305827646868 17.16
1717 0.02714458040457385 17.17
1718 0.02701762578774123 17.18
1719 0.02687115308276278 17.19
1720 0.0266737862162338 17.2
1721 0.02649880154968275 17.21
1722 0.02630126889442237 17.22
1723 0.0260300148408742 17.23
1724 0.02571996852386061 17.24
1725 0.0255270514335409 17.25
1726 0.0252569861487973 17.26
1727 0.02505374276554231 17.27
1728 0.02475113066943598 17.28
1729 0.02448005123058418 17.29
1730 0.02421961023432462 17.3
1731 0.0240061523122268 17.31
1732 0.02373663288388212 17.32
1733 0.02350748636547999 17.33
1734 0.02322055726040755 17.34
1735 0.02295446630366031 17.35
1736 0.02266585829419965 17.36
1737 0.02234699974108671 17.37
1738 0.02210326915626713 17.38
1739 0.02188265956355916 17.39
1740 0.02160256279030072 17.4
1741 0.02134788423408199 17.41
1742 0.02111351983695998 17.42
1743 0.02085274241326143 17.43
1744 0.0205838702647149 17.44
1745 0.02033703960995434 17.45
1746 0.02011948898151868 17.46
1747 0.01993660313051498 17.47
1748 0.01974075677197148 17.48
1749 0.01961580643435347 17.49
1750 0.01949008640841489 17.5
1751 0.01934822477498083 17.51
1752 0.01923517098487388 17.52
1753 0.01912412094167253 17.53
1754 0.01905361792148372 17.54
1755 0.0190228887027829 17.55
1756 0.01902441700530496 17.56
1757 0.01902728842697089 17.57
1758 0.01901614660008382 17.58
1759 0.01900974189354808 17.59
1760 0.01901496313608012 17.6
1761 0.01913689375477998 17.61
1762 0.01922679564602141 17.62
1763 0.01939942367711961 17.63
1764 0.01953919083812682 17.64
1765 0.01971111007318167 17.65
1766 0.01992342823600252 17.66
1767 0.02013318778755534 17.67
1768 0.02027916296419923 17.68
1769 0.02055998985401198 17.69
1770 0.02084516603750669 17.7
1771 0.02113026810038412 17.71
1772 0.02140443699289255 17.72
1773 0.02170375225611432 17.73
1774 0.02199528201395893 17.74
1775 0.02232491831391084 17.75
1776 0.02266740218962652 17.76
1777 0.02296643473459162 17.77
1778 0.02333118284201886 17.78
1779 0.02369340563640004 17.79
1780 0.02402172405079198 17.8
1781 0.02441282100004462 17.81
1782 0.0247758626556339 17.82
1783 0.02521122772036604 17.83
1784 0.0256117264833218 17.84
1785 0.02608470095125788 17.85
1786 0.02660390071146433 17.86
1787 0.02694567166196118 17.87
1788 0.02737407304091551 17.88
1789 0.02770854555047256 17.89
1790 0.02820727421096621 17.9
1791 0.02871823083062542 17.91
1792 0.02912992877606959 17.92
1793 0.02957787751006234 17.93
1794 0.02991337168243427 17.94
1795 0.03026411223327962 17.95
1796 0.03052308096703275 17.96
1797 0.03078678931111384 17.97
1798 0.03114866117237824 17.98
1799 0.03142499980677962 17.99
1800 0.0317360493271632 18
1801 0.03200427874717125 18.01
1802 0.03237606591002078 18.02
1803 0.03260176792031264 18.03
1804 0.03285359878018117 18.04
1805 0.03310614840978739 18.05
1806 0.03333508978514342 18.06
1807 0.03355965537200129 18.07
1808 0.03375031739770804 18.08
1809 0.03394627106159922 18.09
1810 0.03406720829279833 18.1
1811 0.03427182836293908 18.11
1812 0.03437910658606404 18.12
1813 0.03444280057090236 18.13
1814 0.0344869741745464 18.14
1815 0.03453240815185643 18.15
1816 0.03466070000570295 18.16
1817 0.03477593333926079 18.17
1818 0.03487694127270046 18.18
1819 0.03494034449306315 18.19
1820 0.03499063108261436 18.2
1821 0.03498298862095526 18.21
1822 0.03500263994799583 18.22
1823 0.03499113823796694 18.23
1824 0.03503288136599314 18.24
1825 0.03505990292358675 18.25
1826 0.03505860480151584 18.26
1827 0.03512535414564915 18.27
1828 0.0351213375268159 18.28
1829 0.03498597061136247 18.29
1830 0.0348653188903749 18.3
1831 0.03478660576013456 18.31
1832 0.03467140630181578 18.32
1833 0.03462629049320632 18.33
1834 0.03445975745512417 18.34
1835 0.0343241937524142 18.35
1836 0.0342199439608394 18.36
1837 0.0340838004714475 18.37
1838 0.03390681787888417 18.38
1839 0.0337400189904727 18.39
1840 0.03358540732204369 18.4
1841 0.03333209250077978 18.41
1842 0.03314276102249974 18.42
1843 0.03294294431627407 18.43
1844 0.03276709785948134 18.44
1845 0.03256612602533407 18.45
1846 0.03237570855179039 18.46
1847 0.03221328795164573 18.47
1848 0.03203842655343803 18.48
1849 0.03177469631320658 18.49
1850 0.03153451291849624 18.5
1851 0.03134688095895258 18.51
1852 0.03115046387319406 18.52
1853 0.03102397191982172 18.53
1854 0.0308575529800979 18.54
1855 0.03074908656640007 18.55
1856 0.03060924912920857 18.56
1857 0.03048087635216942 18.57
1858 0.03033889169518257 18.58
1859 0.03020827184142848 18.59
1860 0.0300983867607239 18.6
1861 0.02996600924652274 18.61
1862 0.02988998632129319 18.62
1863 0.02974780265141903 18.63
1864 0.02955214928513204 18.64
1865 0.0293611510068258 18.65
1866 0.02923040582388772 18.66
1867 0.02913120237543429 18.67
1868 0.02904868672628664 18.68
1869 0.02893329320211408 18.69
1870 0.02875711653469174 18.7
1871 0.02857331499128936 18.71
1872 0.02837970570248917 18.72
1873 0.02812662369023482 18.73
1874 0.02787268277543497 18.74
1875 0.02760415817918212 18.75
1876 0.02736123998144055 18.76
1877 0.02711382894225299 18.77
1878 0.02684271155334064 18.78
1879 0.0266249071203968 18.79
1880 0.0264021855231216 18.8
1881 0.02618005959688807 18.81
1882 0.02592602107541248 18.82
1883 0.0257044173483804 18.83
1884 0.02549675347535921 18.84
1885 0.0253169004172451 18.85
1886 0.02514046354515348 18.86
1887 0.02496851119264108 18.87
1888 0.02481762043392242 18.88
1889 0.02464376634077009 18.89
1890 0.0244602873237478 18.9
1891 0.02431556858538652 18.91
1892 0.02421714667154235 18.92
1893 0.02408042997888028 18.93
1894 0.02397656953932218 18.94
1895 0.02387652487573015 18.95
1896 0.02382762729038954 18.96
1897 0.02370276159403672 18.97
1898 0.02361529280630296 18.98
1899 0.02359652418797954 18.99
1900 0.02355311190438342 19
1901 0.02351188946842258 19.01
1902 0.02353282669121712 19.02
1903 0.02356661188168659 19.03
1904 0.0235484896722115 19.04
1905 0.0235002357880286 19.05
1906 0.02348396001519816 19.06
1907 0.02347436569577414 19.07
1908 0.0234492640376016 19.08
1909 0.02346074462972288 19.09
1910 0.02348225896503649 19.1
1911 0.02345092633642923 19.11
1912 0.0234399288249039 19.12
1913 0.02337214143184911 19.13
1914 0.02332510733170576 19.14
1915 0.02325628458909648 19.15
1916 0.02319499582079406 19.16
1917 0.02311968029538166 19.17
1918 0.02313014513326446 19.18
1919 0.0231130326755817 19.19
1920 0.02304635537488791 19.2
1921 0.02294955062284764 19.21
1922 0.02287238559638876 19.22
1923 0.02279947884725698 19.23
1924 0.02272962573166581 19.24
1925 0.02267847854281267 19.25
1926 0.02257569857944667 19.26
1927 0.0225072579174283 19.27
1928 0.02250085159244054 19.28
1929 0.02249752881564947 19.29
1930 0.02239676147875423 19.3
1931 0.02233476388935751 19.31
1932 0.02233889913769968 19.32
1933 0.02227159089673976 19.33
1934 0.0222877161835733 19.34
1935 0.02230553513784996 19.35
1936 0.02218092282911433 19.36
1937 0.02214644105549193 19.37
1938 0.02205772487033531 19.38
1939 0.02195472874060943 19.39
1940 0.02185490432278934 19.4
1941 0.02181333530924714 19.41
1942 0.02171711701641622 19.42
1943 0.02164462751800629 19.43
1944 0.02164760718762114 19.44
1945 0.02164667902203447 19.45
1946 0.02157174590556811 19.46
1947 0.02155554140771632 19.47
1948 0.02147385728786601 19.48
1949 0.02152336383584572 19.49
1950 0.02153406808080221 19.5
1951 0.0214696758766501 19.51
1952 0.02150464733353794 19.52
1953 0.02154691291856231 19.53
1954 0.02156024152036687 19.54
1955 0.02157717039056697 19.55
1956 0.02155821499003198 19.56
1957 0.02151127003931989 19.57
1958 0.02156310924348886 19.58
1959 0.02160802269494867 19.59
1960 0.0217304782203976 19.6
1961 0.0218436365412019 19.61
1962 0.02192036698482037 19.62
1963 0.02208472001421604 19.63
1964 0.02220976460151368 19.64
1965 0.0222658712938039 19.65
1966 0.02234375679562816 19.66
1967 0.02249135016734752 19.67
1968 0.02269576132720798 19.68
1969 0.0228159322682606 19.69
1970 0.02286244109755419 19.7
1971 0.02290097503269581 19.71
1972 0.02298619266637489 19.72
1973 0.02310828049994901 19.73
1974 0.02322215985215276 19.74
1975 0.02336415554707007 19.75
1976 0.0233950060747293 19.76
1977 0.02348584981427356 19.77
1978 0.02364957511739572 19.78
1979 0.02371575682008283 19.79
1980 0.02375966078975237 19.8
1981 0.02371544227913307 19.81
1982 0.02367874606349676 19.82
1983 0.02358399182567054 19.83
1984 0.02343143776734881 19.84
1985 0.02341180317726987 19.85
1986 0.02337918105940829 19.86
1987 0.02329808644944723 19.87
1988 0.02324980377826781 19.88
1989 0.02318729054597785 19.89
1990 0.02313749240838867 19.9
1991 0.02308368243448496 19.91
1992 0.02293444651722897 19.92
1993 0.02288021502675453 19.93
1994 0.02282598425263187 19.94
1995 0.02271229346088667 19.95
1996 0.02260312687348764 19.96
1997 0.0225192250201484 19.97
1998 0.02243242636344791 19.98
1999 0.02238947818648547 19.99
2000 0.02231613193887966 20
2001 0.02223374876095982 20.01
2002 0.02217425263194034 20.02
2003 0.02210524590047834 20.03
2004 0.02204410145709605 20.04
2005 0.02196923797731347 20.05
2006 0.02194085660317467 20.06
2007 0.02190494805992413 20.07
2008 0.02186423191111148 20.08
2009 0.02176661686564139 20.09
2010 0.02170638665778717 20.1
2011 0.02163705198213351 20.11
2012 0.02162012805508036 20.12
2013 0.02161249053756138 20.13
2014 0.02154869133441786 20.14
2015 0.02146112628802059 20.15
2016 0.02145211935809825 20.16
2017 0.02138648782021526 20.17
2018 0.02136128127903323 20.18
2019 0.02140330047476421 20.19
2020 0.02143269229156521 20.2
2021 0.02146150505598085 20.21
2022 0.02146041138987963 20.22
2023 0.02145551678735834 20.23
2024 0.02146225268829761 20.24
2025 0.02146527737676272 20.25
2026 0.02148461780296283 20.26
2027 0.02148377704699467 20.27
2028 0.0215462602315775 20.28
2029 0.02159393247264457 20.29
2030 0.02166354968977748 20.3
2031 0.02175856562373505 20.31
2032 0.02186729746264969 20.32
2033 0.02194593654401616 20.33
2034 0.0220380142150373 20.34
2035 0.02211398394174688 20.35
2036 0.02218717131760497 20.36
2037 0.02229227988466524 20.37
2038 0.02235665586141593 20.38
2039 0.02242347243725163 20.39
2040 0.0225194815164759 20.4
2041 0.02261187637301857 20.41
2042 0.02268198094880137 20.42
2043 0.02275810587343792 20.43
2044 0.02286126657186535 20.44
2045 0.02294999395610964 20.45
2046 0.0230466335225267 20.46
2047 0.02320270368328092 20.47
2048 0.02334481743778203 20.48
2049 0.02345827031335547 20.49
2050 0.02355958324208255 20.5
2051 0.02365258419379885 20.51
2052 0.02376731412057413 20.52
2053 0.0238430725511712 20.53
2054 0.0239116081468617 20.54
2055 0.0240117957328502 20.55
2056 0.02411867142499353 20.56
2057 0.02420434979194537 20.57
2058 0.02429788051669775 20.58
2059 0.02436584778118929 20.59
2060 0.02445957346800665 20.6
2061 0.02451220030556945 20.61
2062 0.02457022022785624 20.62
2063 0.02462465695884974 20.63
2064 0.02468848671977885 20.64
2065 0.02478274238290049 20.65
2066 0.02482113685659042 20.66
2067 0.02487030022966541 20.67
2068 0.02492126042068836 20.68
2069 0.02498444594641084 20.69
2070 0.02500645404733391 20.7
2071 0.02503034434486304 20.71
2072 0.02504712423322298 20.72
2073 0.02505001394190337 20.73
2074 0.02505616173799077 20.74
2075 0.02505326908398104 20.75
2076 0.02502752386137555 20.76
2077 0.02500110464625068 20.77
2078 0.02498774771191105 20.78
2079 0.02499826800938359 20.79
2080 0.02499496101571796 20.8
2081 0.02498032841660586 20.81
2082 0.02494660360417729 20.82
2083 0.02493996165372016 20.83
2084 0.02491672863588143 20.84
2085 0.02486496119544156 20.85
2086 0.02480745868817942 20.86
2087 0.02476660670489376 20.87
2088 0.0247553333351879 20.88
2089 0.02472065876713342 20.89
2090 0.02469364983844188 20.9
2091 0.02466133468105037 20.91
2092 0.02461838623034257 20.92
2093 0.02457254307463008 20.93
2094 0.02454253393553033 20.94
2095 0.0244913449260151 20.95
2096 0.02441060762217849 20.96
2097 0.02435088090279722 20.97
2098 0.02430041655505112 20.98
2099 0.02424879858465108 20.99
2100 0.0241680597568975 21
2101 0.02408283096759841 21.01
2102 0.02398884052426224 21.02
2103 0.02392945669477959 21.03
2104 0.02389362059851713 21.04
2105 0.02383787042314583 21.05
2106 0.02378163068361441 21.06
2107 0.02370799908144299 21.07
2108 0.02365440597202664 21.08
2109 0.02357776404945403 21.09
2110 0.02347821110000648 21.1
2111 0.0233979270438829 21.11
2112 0.02331770055787354 21.12
2113 0.02324305378829464 21.13
2114 0.02317348895535861 21.14
2115 0.02309517971342558 21.15
2116 0.02303734924099243 21.16
2117 0.02292897623361484 21.17
2118 0.02287037496979996 21.18
2119 0.02279893115833815 21.19
2120 0.02274668722184022 21.2
2121 0.02268299256375075 21.21
2122 0.02264685967160096 21.22
2123 0.02260817830277664 21.23
2124 0.022558468927563 21.24
2125 0.02251137061433358 21.25
2126 0.02248549968433829 21.26
2127 0.02244880781769246 21.27
2128 0.02244263667758822 21.28
2129 0.0224383878070786 21.29
2130 0.02238423415618104 21.3
2131 0.02236006952345265 21.31
2132 0.02232691039769543 21.32
2133 0.02228505007785308 21.33
2134 0.022248276048253 21.34
2135 0.02219545312894809 21.35
2136 0.02214636641335262 21.36
2137 0.02211443451921215 21.37
2138 0.02204835384718048 21.38
2139 0.02200511727895427 21.39
2140 0.02196150467729057 21.4
2141 0.02190695544027611 21.41
2142 0.02183703302537832 21.42
2143 0.02178688227706593 21.43
2144 0.0217401726761947 21.44
2145 0.02168894896338913 21.45
2146 0.02160956632649353 21.46
2147 0.02152296891029238 21.47
2148 0.02145189963205062 21.48
2149 0.0213833301644442 21.49
2150 0.02132854197250225 21.5
2151 0.02124970951286601 21.51
2152 0.02119271417640611 21.52
2153 0.02111900016691563 21.53
2154 0.02103381924599056 21.54
2155 0.02095991597208054 21.55
2156 0.02088676558045456 21.56
2157 0.02083059117355327 21.57
2158 0.02074444671029945 21.58
2159 0.02069897860739892 21.59
2160 0.02065207643499854 21.6
2161 0.02062238298223388 21.61
2162 0.02056358066090766 21.62
2163 0.02049020435195907 21.63
2164 0.02040068720125027 21.64
2165 0.02035713923670944 21.65
2166 0.02030373559723421 21.66
2167 0.02023952304946822 21.67
2168 0.02017528610915922 21.68
2169 0.02011522836129992 21.69
2170 0.02009236922084945 21.7
2171 0.02005430155989803 21.71
2172 0.02005029108803572 21.72
2173 0.02001762041569922 21.73
2174 0.02002385166733964 21.74
2175 0.02001094915878055 21.75
2176 0.01996773290928762 21.76
2177 0.01994956303082154 21.77
2178 0.01997952008294813 21.78
2179 0.01996769658124469 21.79
2180 0.02000889380798511 21.8
2181 0.02001359102811125 21.81
2182 0.02010096409730208 21.82
2183 0.02018225626118594 21.83
2184 0.0202694598816575 21.84
2185 0.02029049448467087 21.85
2186 0.02034098514415012 21.86
2187 0.02050223684465689 21.87
2188 0.020637608296313 21.88
2189 0.02081312867221762 21.89
2190 0.02096660354736667 21.9
2191 0.02106936946117863 21.91
2192 0.02119577059358052 21.92
2193 0.02138423721100962 21.93
2194 0.02153630361315372 21.94
2195 0.02173225905759385 21.95
2196 0.02187684656640427 21.96
2197 0.02208146798659386 21.97
2198 0.02222145420776458 21.98
2199 0.02237401402848484 21.99
2200 0.02251847094399275 22
2201 0.02266060693778518 22.01
2202 0.0227886018862542 22.02
2203 0.02293962223771741 22.03
2204 0.02311135624172876 22.04
2205 0.02327415484152652 22.05
2206 0.02335704205903296 22.06
2207 0.02345698586203948 22.07
2208 0.02352808870191963 22.08
2209 0.02359803447208418 22.09
2210 0.02358432800131473 22.1
2211 0.023570249743704 22.11
2212 0.02358436051115478 22.12
2213 0.02357327623604294 22.13
2214 0.0235757908568686 22.14
2215 0.02359542738850215 22.15
2216 0.0237230898411373 22.16
2217 0.02364202219786979 22.17
2218 0.02357168281421638 22.18
2219 0.02354442695531342 22.19
2220 0.02339368430394261 22.2
2221 0.02325596398050995 22.21
2222 0.02314572997920554 22.22
2223 0.02302951366880533 22.23
2224 0.02291634254535132 22.24
2225 0.0228791112861239 22.25
2226 0.02282858947683699 22.26
2227 0.02276877976804211 22.27
2228 0.02265016344241475 22.28
2229 0.02265086476713922 22.29
2230 0.02256193619172549 22.3
2231 0.02245460060235661 22.31
2232 0.02242697610702915 22.32
2233 0.02236490749957431 22.33
2234 0.02228779209266432 22.34
2235 0.02218935018696565 22.35
2236 0.02212735932308633 22.36
2237 0.02202281774890774 22.37
2238 0.02193300303424491 22.38
2239 0.02183467892396881 22.39
2240 0.02176352317781093 22.4
2241 0.02174235518649944 22.41
2242 0.02169594083484615 22.42
2243 0.02157806778217989 22.43
2244 0.02152058774977195 22.44
2245 0.02146533984290773 22.45
2246 0.02141234317125445 22.46
2247 0.02132749869988624 22.47
2248 0.0213291230246621 22.48
2249 0.0212833104908628 22.49
2250 0.02125344444523871 22.5
2251 0.02122581873256317 22.51
2252 0.02120985420375197 22.52
2253 0.02121729465160793 22.53
2254 0.02118514312299835 22.54
2255 0.02117044549131295 22.55
2256 0.02120283252160378 22.56
2257 0.02116255868551409 22.57
2258 0.021116111171153 22.58
2259 0.02112724540166003 22.59
2260 0.02109134559982969 22.6
2261 0.02104012297571891 22.61
2262 0.02099731792708827 22.62
2263 0.02101052196747653 22.63
2264 0.02095340129817488 22.64
2265 0.02094025162084815 22.65
2266 0.02096893129085109 22.66
2267 0.02100080415835314 22.67
2268 0.02108218606416399 22.68
2269 0.02114832832521055 22.69
2270 0.02122381634124003 22.7
2271 0.02124627462206606 22.71
2272 0.02127969958098954 22.72
2273 0.0212955801301007 22.73
2274 0.02131021030882108 22.74
2275 0.02136408666330349 22.75
2276 0.02138877366864483 22.76
2277 0.02140314228066252 22.77
2278 0.02143145101585797 22.78
2279 0.02149316488366433 22.79
2280 0.02155127126615331 22.8
2281 0.02161856873940713 22.81
2282 0.02168944142639271 22.82
2283 0.02178905823773639 22.83
2284 0.02183618897148941 22.84
2285 0.02190576284370247 22.85
2286 0.02195558618523613 22.86
2287 0.02201200524206294 22.87
2288 0.02209146799797199 22.88
2289 0.02214239768003486 22.89
2290 0.02220091569878265 22.9
2291 0.02225050410195822 22.91
2292 0.0223265341702461 22.92
2293 0.02242577369500953 22.93
2294 0.02254087002960772 22.94
2295 0.0226669501269069 22.95
2296 0.02277183089773287 22.96
2297 0.02280482513548104 22.97
2298 0.02286450730003711 22.98
2299 0.02294329823416179 22.99
2300 0.02304213760562989 23
2301 0.02310062565928006 23.01
2302 0.02313750079026995 23.02
2303 0.02315370763747384 23.03
2304 0.02317292586273542 23.04
2305 0.02318898680961198 23.05
2306 0.02325509779210154 23.06
2307 0.0233023474295059 23.07
2308 0.02333077092648969 23.08
2309 0.02336233661165322 23.09
2310 0.02345277683634934 23.1
2311 0.02350739542780487 23.11
2312 0.02357809025222271 23.12
2313 0.0236585498315041 23.13
2314 0.02372740677502881 23.14
2315 0.0237744399581603 23.15
2316 0.02386245422099222 23.16
2317 0.02392887925833991 23.17
2318 0.02398363041604362 23.18
2319 0.02401153117901839 23.19
2320 0.02404938226384967 23.2
2321 0.02407892464894293 23.21
2322 0.02413705829457488 23.22
2323 0.02423041403327554 23.23
2324 0.02432297957225328 23.24
2325 0.02438516736411942 23.25
2326 0.02452821538984346 23.26
2327 0.02459214764182448 23.27
2328 0.02470434155366743 23.28
2329 0.02479301416262546 23.29
2330 0.0248518177786903 23.3
2331 0.02492593166973084 23.31
2332 0.02498676028432288 23.32
2333 0.02504931296278547 23.33
2334 0.02508143139368978 23.34
2335 0.02511372308549988 23.35
2336 0.02515146922654342 23.36
2337 0.02522123464539976 23.37
2338 0.02531215069490585 23.38
2339 0.02539042563221424 23.39
2340 0.02544712133206335 23.4
2341 0.02553391380871209 23.41
2342 0.02563208431646693 23.42
2343 0.02568170889778273 23.43
2344 0.02573335853676698 23.44
2345 0.02575259480857466 23.45
2346 0.0257662670328702 23.46
2347 0.02581313794239358 23.47
2348 0.02583385494320808 23.48
2349 0.02583116650158952 23.49
2350 0.02583157639216021 23.5
2351 0.02578692902576479 23.51
2352 0.02574795957359684 23.52
2353 0.02572223562530448 23.53
2354 0.02566059416435427 23.54
2355 0.02561106094468585 23.55
2356 0.02555699194479371 23.56
2357 0.0254994072280511 23.57
2358 0.02545261754803654 23.58
2359 0.0253979400543561 23.59
2360 0.02532694285478877 23.6
2361 0.02522278787802602 23.61
2362 0.02509503651870184 23.62
2363 0.02495823846848181 23.63
2364 0.02485959059320351 23.64
2365 0.02474273181332869 23.65
2366 0.02460706935647179 23.66
2367 0.02450432119873253 23.67
2368 0.02440525952008339 23.68
2369 0.0242849731594687 23.69
2370 0.02417959529730761 23.7
2371 0.02409456311524415 23.71
2372 0.0240143121894349 23.72
2373 0.02390768610095202 23.73
2374 0.02383030608290345 23.74
2375 0.02374556913398238 23.75
2376 0.02364496687281017 23.76
2377 0.02352002151548997 23.77
2378 0.02342815482464523 23.78
2379 0.0233308288044939 23.79
2380 0.02323929858308115 23.8
2381 0.02314962314473077 23.81
2382 0.02306431708133317 23.82
2383 0.02298372767482645 23.83
2384 0.02289980651909378 23.84
2385 0.02281489619741249 23.85
2386 0.02277926347179846 23.86
2387 0.02273250671315119 23.87
2388 0.02266195189816599 23.88
2389 0.02261447065365752 23.89
2390 0.022573374628723 23.9
2391 0.02252883583691937 23.91
2392 0.02245932442321638 23.92
2393 0.02242626419013802 23.93
2394 0.02240403164757917 23.94
2395 0.02239185232985282 23.95
2396 0.02239994405753025 23.96
2397 0.02238084672594499 23.97
2398 0.02237037707552397 23.98
2399 0.02239021873283179 23.99
2400 0.02240321375694511 24
2401 0.02241405139421857 24.01
2402 0.02241573236762089 24.02
2403 0.022435537329795 24.03
2404 0.02243709344864674 24.04
2405 0.02242520661307024 24.05
2406 0.02242655432248054 24.06
2407 0.02243562216554482 24.07
2408 0.02246055307362406 24.08
2409 0.02250233256826238 24.09
2410 0.02252269983524954 24.1
2411 0.02254333703883253 24.11
2412 0.02256226882497664 24.12
2413 0.02258049014284492 24.13
2414 0.02260146657344294 24.14
2415 0.02259863594942271 24.15
2416 0.022601479707875 24.16
2417 0.02260624290235786 24.17
2418 0.02259764833399965 24.18
2419 0.02259408584199968 24.19
2420 0.02257992124731723 24.2
2421 0.02256862516417886 24.21
2422 0.02252791650226241 24.22
2423 0.02251606944858474 24.23
2424 0.02250122770312176 24.24
2425 0.02248933632270097 24.25
2426 0.02246124431168035 24.26
2427 0.02243163674283516 24.27
2428 0.02243632393569395 24.28
2429 0.02240994984461535 24.29
2430 0.02239033344578819 24.3
2431 0.02236478656623604 24.31
2432 0.02236528833064081 24.32
2433 0.02237721920992132 24.33
2434 0.02237261252860013 24.34
2435 0.0223701909867986 24.35
2436 0.02237454111110733 24.36
2437 0.02236654002508853 24.37
2438 0.02234142535362738 24.38
2439 0.02233739466595447 24.39
2440 0.02232014561078682 24.4
2441 0.02230543336273472 24.41
2442 0.02228122486213129 24.42
2443 0.02228487505476454 24.43
2444 0.02227646452687469 24.44
2445 0.02226523913053305 24.45
2446 0.02227569897047941 24.46
2447 0.0222768670668079 24.47
2448 0.02229760118829191 24.48
2449 0.02232120091489034 24.49
2450 0.02233919017091441 24.5
2451 0.02233653343112754 24.51
2452 0.02232277213048382 24.52
2453 0.02233297957981474 24.53
2454 0.02233805947419435 24.54
2455 0.02233124122351643 24.55
2456 0.02233342625973935 24.56
2457 0.02235596393929968 24.57
2458 0.0223443060498972 24.58
2459 0.02231350355835041 24.59
2460 0.02229785536956068 24.6
2461 0.02226914103712608 24.61
2462 0.02227957856749998 24.62
2463 0.02230552149787493 24.63
2464 0.02232074812586206 24.64
2465 0.02231402807362301 24.65
2466 0.0223107118470649 24.66
2467 0.02229011523073815 24.67
2468 0.02230081245281955 24.68
2469 0.02230765223983334 24.69
2470 0.02236222073818432 24.7
2471 0.0223642360856346 24.71
2472 0.02239411005362777 24.72
2473 0.02241637067359761 24.73
2474 0.02243708868222292 24.74
2475 0.02244313603565266 24.75
2476 0.02242617621544742 24.76
2477 0.02241776250656115 24.77
2478 0.02242738919669485 24.78
2479 0.02241911361183137 24.79
2480 0.02239901104399657 24.8
2481 0.02238999493501443 24.81
2482 0.0224043633747098 24.82
2483 0.02241642270271124 24.83
2484 0.02241312000202853 24.84
2485 0.02243984875739951 24.85
2486 0.02243165826066831 24.86
2487 0.02244935934404211 24.87
2488 0.02243196850807525 24.88
2489 0.02241510151683345 24.89
2490 0.02237890693964462 24.9
2491 0.02235235110407877 24.91
2492 0.02235134659020779 24.92
2493 0.02241074905891563 24.93
2494 0.02238451103367031 24.94
2495 0.02237193299372129 24.95
2496 0.02236044590244514 24.96
2497 0.02229759195129318 24.97
2498 0.02225999532859183 24.98
2499 0.02224405645745456 24.99
2500 0.02224282212694372 25
2501 0.0222524623194962 25.01
2502 0.02225424399142093 25.02
2503 0.02222846217932262 25.03
2504 0.0222611398590322 25.04
2505 0.02223909156317493 25.05
2506 0.02222999617739586 25.06
2507 0.02224154768746265 25.07
2508 0.02219759470339086 25.08
2509 0.0222143912957675 25.09
2510 0.02223809329093643 25.1
2511 0.02224450141976713 25.11
2512 0.02227459680313646 25.12
2513 0.02226656456839134 25.13
2514 0.02229873334036668 25.14
2515 0.02231362450057103 25.15
2516 0.02234390779710572 25.16
2517 0.02237841085794486 25.17
2518 0.02234471483957628 25.18
2519 0.02234091746093406 25.19
2520 0.02236333435876013 25.2
2521 0.02242664116552546 25.21
2522 0.02246540665691718 25.22
2523 0.02252801027997709 25.23
2524 0.02257451816023781 25.24
2525 0.02261392614196328 25.25
2526 0.02267433883053382 25.26
2527 0.02270808647660578 25.27
2528 0.02272507564288657 25.28
2529 0.02277779546310263 25.29
2530 0.02282826341409187 25.3
2531 0.02286631384659784 25.31
2532 0.02294749785661956 25.32
2533 0.02303935666960043 25.33
2534 0.02304014798698827 25.34
2535 0.0230732782799092 25.35
2536 0.02312234861746476 25.36
2537 0.02315603349651944 25.37
2538 0.02319680899528638 25.38
2539 0.02321794339536097 25.39
2540 0.02323206431917969 25.4
2541 0.0232670736464052 25.41
2542 0.02331734177872487 25.42
2543 0.02335137074335346 25.43
2544 0.02335553521051427 25.44
2545 0.02333916739223732 25.45
2546 0.02332899434459916 25.46
2547 0.02334333867756497 25.47
2548 0.02328253489508154 25.48
2549 0.02324454238997355 25.49
2550 0.02328847291533417 25.5
2551 0.02328160698301546 25.51
2552 0.02321197229467901 25.52
2553 0.02319566850201436 25.53
2554 0.02314651695513739 25.54
2555 0.02307245987278456 25.55
2556 0.02297938274549799 25.56
2557 0.02294897015886944 25.57
2558 0.02297076745904412 25.58
2559 0.0229465329744189 25.59
2560 0.0229549060834 25.6
2561 0.0229557056028717 25.61
2562 0.02293209654509839 25.62
2563 0.02293698831282243 25.63
2564 0.02288177294285995 25.64
2565 0.02285340085525856 25.65
2566 0.02280235834174627 25.66
2567 0.02277016727155526 25.67
2568 0.02273883212737672 25.68
2569 0.022719505494581 25.69
2570 0.02277419070693543 25.7
2571 0.0227535235398754 25.71
2572 0.02272251381448289 25.72
2573 0.02278183628908689 25.73
2574 0.02285263082085139 25.74
2575 0.02290726656240438 25.75
2576 0.0229785053650876 25.76
2577 0.02302406423183857 25.77
2578 0.02304180335418402 25.78
2579 0.02302743288137033 25.79
2580 0.02309392186317319 25.8
2581 0.02313243318768097 25.81
2582 0.0232117864325167 25.82
2583 0.023260339151513 25.83
2584 0.02333247343844148 25.84
2585 0.02339580459557493 25.85
2586 0.02344627652392757 25.86
2587 0.02348034325528735 25.87
2588 0.02350585534286733 25.88
2589 0.02353134114422949 25.89
2590 0.02361298470402726 25.9
2591 0.02364884914173209 25.91
2592 0.02367560506848919 25.92
2593 0.02365948896772988 25.93
2594 0.02363330324761386 25.94
2595 0.02362176672277674 25.95
2596 0.02359969224386136 25.96
2597 0.02357288541621323 25.97
2598 0.0235148043884829 25.98
2599 0.02347888940142735 25.99
2600 0.02349663317444014 26
2601 0.02349387766873447 26.01
2602 0.02348695721238577 26.02
2603 0.02342286739535905 26.03
2604 0.02337467960831977 26.04
2605 0.02332733796028034 26.05
2606 0.0232609956416787 26.06
2607 0.0232002776629271 26.07
2608 0.02322489288909321 26.08
2609 0.02319131485534789 26.09
2610 0.02319830412263443 26.1
2611 0.02318963785848148 26.11
2612 0.02314377123203861 26.12
2613 0.02312557511633401 26.13
2614 0.02309214467166847 26.14
2615 0.02310295320284662 26.15
2616 0.02307367507978078 26.16
2617 0.02304616015351169 26.17
2618 0.02303478865730035 26.18
2619 0.02302559488519629 26.19
2620 0.02301218903028971 26.2
2621 0.0229895420373698 26.21
2622 0.02297914199530923 26.22
2623 0.02299266605039043 26.23
2624 0.023003102087624 26.24
2625 0.02304332853709905 26.25
2626 0.02307438326078189 26.26
2627 0.02307896919782402 26.27
2628 0.02308330973075913 26.28
2629 0.02307631946916984 26.29
2630 0.02308635799377531 26.3
2631 0.02311569214626503 26.31
2632 0.02312909207865505 26.32
2633 0.02314284155237333 26.33
2634 0.02313763158947596 26.34
2635 0.02313384960566851 26.35
2636 0.02309280483908125 26.36
2637 0.02305846878053281 26.37
2638 0.02304689846502875 26.38
2639 0.02305523269934956 26.39
2640 0.02306882197978682 26.4
2641 0.02307621674772143 26.41
2642 0.02308481051905905 26.42
2643 0.0230746767557259 26.43
2644 0.02305499750392894 26.44
2645 0.02300387233075926 26.45
2646 0.0229661116353077 26.46
2647 0.02296438353681915 26.47
2648 0.02293051236507142 26.48
2649 0.02292087252303803 26.49
2650 0.02289928207726779 26.5
2651 0.02286596623103988 26.51
2652 0.02286426197965273 26.52
2653 0.02285238379356596 26.53
2654 0.02281162929250701 26.54
2655 0.02278377139683921 26.55
2656 0.02273174840849976 26.56
2657 0.02271690085511116 26.57
2658 0.02264807379166833 26.58
2659 0.02257360735697847 26.59
2660 0.02248461440930962 26.6
2661 0.0224825598405956 26.61
2662 0.02245576824790603 26.62
2663 0.02244113632481503 26.63
2664 0.02242891920100827 26.64
2665 0.02238955184713289 26.65
2666 0.02233334645535094 26.66
2667 0.02229488613180975 26.67
2668 0.02225919838886478 26.68
2669 0.02223060514871555 26.69
2670 0.02220870770865048 26.7
2671 0.02220583176353273 26.71
2672 0.02217383569678803 26.72
2673 0.02216884085720455 26.73
2674 0.02217874797405289 26.74
2675 0.02216425574424883 26.75
2676 0.02218412217135661 26.76
2677 0.02215970874315529 26.77
2678 0.02213813361065346 26.78
2679 0.02212056129617642 26.79
2680 0.0220997127975898 26.8
2681 0.02208251568261233 26.81
2682 0.02205054419145589 26.82
2683 0.02203758713148289 26.83
2684 0.02202798773196854 26.84
2685 0.02205967347316679 26.85
2686 0.02205944664249277 26.86
2687 0.02205681794983328 26.87
2688 0.02207292703299567 26.88
2689 0.02209066677521371 26.89
2690 0.02210601479484398 26.9
2691 0.02209299818582255 26.91
2692 0.0221250942078923 26.92
2693 0.02214188282584945 26.93
2694 0.02217297128152627 26.94
2695 0.02219569859804053 26.95
2696 0.02219502143864881 26.96
2697 0.02217121931379606 26.97
2698 0.02214889126776753 26.98
2699 0.02213482573460218 26.99
2700 0.02213841424088608 27
2701 0.02214071431223154 27.01
2702 0.02215915983788816 27.02
2703 0.02217202414306606 27.03
2704 0.02219902151111989 27.04
2705 0.02224818033097359 27.05
2706 0.02228917948012831 27.06
2707 0.0223095045624508 27.07
2708 0.0223119267124632 27.08
2709 0.0222894029510493 27.09
2710 0.02229736609489034 27.1
2711 0.02230540039536209 27.11
2712 0.02232226997442042 27.12
2713 0.02235310828289357 27.13
2714 0.02237722481425597 27.14
2715 0.02238492545501438 27.15
2716 0.02238017292695777 27.16
2717 0.02235615022861186 27.17
2718 0.02238719585698324 27.18
2719 0.022427270363561 27.19
2720 0.02246462398883198 27.2
2721 0.02249553247104029 27.21
2722 0.02251295460056765 27.22
2723 0.02251782321630874 27.23
2724 0.02252864044430615 27.24
2725 0.02252372430927784 27.25
2726 0.02255051190039611 27.26
2727 0.02259327404851171 27.27
2728 0.02260982737187053 27.28
2729 0.02262098141995442 27.29
2730 0.02264593931615753 27.3
2731 0.02264295079714422 27.31
2732 0.0226563478809556 27.32
2733 0.02266254574251364 27.33
2734 0.02268010352101257 27.34
2735 0.022678677208063 27.35
2736 0.0227107651655021 27.36
2737 0.02270905604347359 27.37
2738 0.02271801601560556 27.38
2739 0.02274564701922716 27.39
2740 0.02276914977285525 27.4
2741 0.02279044602791641 27.41
2742 0.02279446492627004 27.42
2743 0.0228313218856508 27.43
2744 0.02286051773680018 27.44
2745 0.02287240485067598 27.45
2746 0.02287697150653263 27.46
2747 0.02293173873619087 27.47
2748 0.02297302904853338 27.48
2749 0.02300280442420785 27.49
2750 0.02301936196493358 27.5
2751 0.02305049513751035 27.51
2752 0.02307589328222459 27.52
2753 0.02310081271536387 27.53
2754 0.02311213730694811 27.54
2755 0.02312703156991538 27.55
2756 0.0231217520169642 27.56
2757 0.0231270640752087 27.57
2758 0.02312677259170411 27.58
2759 0.02316200964280458 27.59
2760 0.0231804538618835 27.6
2761 0.02319238611303148 27.61
2762 0.02322337209642657 27.62
2763 0.02325305641251525 27.63
2764 0.02328891694491454 27.64
2765 0.02331540039424724 27.65
2766 0.02336292727351244 27.66
2767 0.02338525810766042 27.67
2768 0.02342684408770799 27.68
2769 0.02346894643678734 27.69
2770 0.0234913534551458 27.7
2771 0.02353796454087511 27.71
2772 0.02355596479370291 27.72
2773 0.02357221619882784 27.73
2774 0.02358394270690901 27.74
2775 0.02360169376626192 27.75
2776 0.02363419583559852 27.76
2777 0.02366881433236315 27.77
2778 0.02371640804792136 27.78
2779 0.0237510342961623 27.79
2780 0.02375242374946254 27.8
2781 0.02375018983501734 27.81
2782 0.02378499074620162 27.82
2783 0.02382721764799263 27.83
2784 0.02386521137648978 27.84
2785 0.02391573876094241 27.85
2786 0.02397170390038035 27.86
2787 0.0240393321081247 27.87
2788 0.02409217214845452 27.88
2789 0.0241402018787937 27.89
2790 0.02419799427039859 27.9
2791 0.02423675828918882 27.91
2792 0.0242872840781097 27.92
2793 0.02433954186808789 27.93
2794 0.02436654314893825 27.94
2795 0.02440952434800288 27.95
2796 0.02444862275052434 27.96
2797 0.02449381167236202 27.97
2798 0.02454899397813197 27.98
2799 0.02461659060439312 27.99
2800 0.02467376357275886 28
2801 0.02472351052436859 28.01
2802 0.02478201034921083 28.02
2803 0.02484239840342369 28.03
2804 0.02489967172298272 28.04
2805 0.02494519345479726 28.05
2806 0.02495715693918415 28.06
2807 0.0249794335975125 28.07
2808 0.02500287327216813 28.08
2809 0.0250444158641965 28.09
2810 0.02509945243291677 28.1
2811 0.02515760086529402 28.11
2812 0.0252151912647932 28.12
2813 0.02526814044059854 28.13
2814 0.02530128461520218 28.14
2815 0.02533243524935238 28.15
2816 0.02537383924639217 28.16
2817 0.02544658680818537 28.17
2818 0.02550880254362354 28.18
2819 0.02555421118985487 28.19
2820 0.02562000136697211 28.2
2821 0.02569218857269743 28.21
2822 0.02573512050344568 28.22
2823 0.02578128222612775 28.23
2824 0.02582275099108949 28.24
2825 0.02586790498201568 28.25
2826 0.02590159806125187 28.26
2827 0.02594068682204648 28.27
2828 0.02599198182234678 28.28
2829 0.02603908922485428 28.29
2830 0.02607129171947678 28.3
2831 0.02614603425410362 28.31
2832 0.02618070611289334 28.32
2833 0.02619603674045131 28.33
2834 0.02618737498237333 28.34
2835 0.02619596540683683 28.35
2836 0.02621796131109262 28.36
2837 0.02625671751303612 28.37
2838 0.02630997841352483 28.38
2839 0.026344734637951 28.39
2840 0.02638509614843586 28.4
2841 0.02641815516925769 28.41
2842 0.02642264916645227 28.42
2843 0.02644220239903292 28.43
2844 0.02645546304059733 28.44
2845 0.02644679149372959 28.45
2846 0.02645990472790997 28.46
2847 0.0264455343125998 28.47
2848 0.02644106952638384 28.48
2849 0.0264348831363986 28.49
2850 0.02643069503165335 28.5
2851 0.02644665235446155 28.51
2852 0.02645209869006663 28.52
2853 0.02645592179052829 28.53
2854 0.02645698264691524 28.54
2855 0.02643171079632876 28.55
2856 0.02640835950901762 28.56
2857 0.02636818214856937 28.57
2858 0.02633711892673084 28.58
2859 0.02628808460851101 28.59
2860 0.0262466428744475 28.6
2861 0.02617617960770753 28.61
2862 0.02615753069923443 28.62
2863 0.02611984252735295 28.63
2864 0.02608725769825423 28.64
2865 0.02605171682102032 28.65
2866 0.02602661755005687 28.66
2867 0.02599715468764432 28.67
2868 0.02595833844314242 28.68
2869 0.02590040368116916 28.69
2870 0.02583120159695199 28.7
2871 0.02575201449485339 28.71
2872 0.02561760403051946 28.72
2873 0.02554192027790052 28.73
2874 0.02543655834152584 28.74
2875 0.0253441606967515 28.75
2876 0.02524451577312408 28.76
2877 0.02516493308812676 28.77
2878 0.02508840739925985 28.78
2879 0.02503224613080882 28.79
2880 0.02494968227431709 28.8
2881 0.02486564751455625 28.81
2882 0.02478638542317452 28.82
2883 0.02472792701374303 28.83
2884 0.02461042814204349 28.84
2885 0.02451527622044523 28.85
2886 0.0244049724279571 28.86
2887 0.02432956186028524 28.87
2888 0.02424089332955707 28.88
2889 0.02414574971132171 28.89
2890 0.02407665857338349 28.9
2891 0.02399640075784514 28.91
2892 0.02388987358755042 28.92
2893 0.02379400322325987 28.93
2894 0.023697023402738 28.94
2895 0.02362835187586845 28.95
2896 0.02354527539806202 28.96
2897 0.0235045761233898 28.97
2898 0.02342347299662505 28.98
2899 0.02335635924013415 28.99
2900 0.02327328551816563 29
2901 0.02320244388482344 29.01
2902 0.02310950244572093 29.02
2903 0.02306620162910803 29.03
2904 0.02299441904276546 29.04
2905 0.02291222303200587 29.05
2906 0.02286581039381783 29.06
2907 0.02280804223091892 29.07
2908 0.02272860455296834 29.08
2909 0.02267762072492939 29.09
2910 0.02260537067452336 29.1
2911 0.0225579701871383 29.11
2912 0.02248904033674278 29.12
2913 0.02241612961011705 29.13
2914 0.0223732037590245 29.14
2915 0.02231514762463732 29.15
2916 0.0222660247792625 29.16
2917 0.02221922478223135 29.17
2918 0.02218584195727661 29.18
2919 0.02213101372251547 29.19
2920 0.02209146435256839 29.2
2921 0.02202996599962395 29.21
2922 0.02198716827833674 29.22
2923 0.02195567221696975 29.23
2924 0.02189134719175738 29.24
2925 0.0218549181353026 29.25
2926 0.021784639149154 29.26
2927 0.0217274416415359 29.27
2928 0.02166527150584372 29.28
2929 0.02159147692022609 29.29
2930 0.02154669840731813 29.3
2931 0.02150278630342666 29.31
2932 0.02146470890049341 29.32
2933 0.02143403173232989 29.33
2934 0.02139617292055607 29.34
2935 0.02135829614927089 29.35
2936 0.02133232080169882 29.36
2937 0.02130407614241913 29.37
2938 0.02128742235863606 29.38
2939 0.02127341653481768 29.39
2940 0.02124953609116848 29.4
2941 0.02120651758712062 29.41
2942 0.02117412154732565 29.42
2943 0.02115396001685763 29.43
2944 0.02114804955814031 29.44
2945 0.02110831186278677 29.45
2946 0.02105776519767846 29.46
2947 0.02102514280094449 29.47
2948 0.0209937307347526 29.48
2949 0.0209827502779061 29.49
2950 0.02097254916892529 29.5
2951 0.0209672067829034 29.51
2952 0.02096565282613078 29.52
2953 0.02096446216474854 29.53
2954 0.02095798126266362 29.54
2955 0.02094818241295953 29.55
2956 0.02094601122242825 29.56
2957 0.02093766336258582 29.57
2958 0.02093963129764053 29.58
2959 0.02094203304490733 29.59
2960 0.02093395174646827 29.6
2961 0.0209386131852289 29.61
2962 0.02093151985572475 29.62
2963 0.02091811464837263 29.63
2964 0.02091395257304098 29.64
2965 0.02089523120580841 29.65
2966 0.02089008764112386 29.66
2967 0.02089583272684176 29.67
2968 0.02087442427138182 29.68
2969 0.02088546266132588 29.69
2970 0.02089107046533954 29.7
2971 0.02090767667970949 29.71
2972 0.02092461105576613 29.72
2973 0.02094016575576377 29.73
2974 0.02095133618973717 29.74
2975 0.02096796907233558 29.75
2976 0.02097241387746699 29.76
2977 0.02097434665433077 29.77
2978 0.02100310649158598 29.78
2979 0.02102008863997104 29.79
2980 0.02102822048759755 29.8
2981 0.02103191707713504 29.81
2982 0.02105101114916758 29.82
2983 0.02106414911181549 29.83
2984 0.02107069350362481 29.84
2985 0.02108269617159084 29.85
2986 0.02109124449101075 29.86
2987 0.02110665511799063 29.87
2988 0.02112048801899896 29.88
2989 0.02113682359398108 29.89
2990 0.02115769783083632 29.9
2991 0.02117092569534085 29.91
2992 0.02116724995582638 29.92
2993 0.02118079958843559 29.93
2994 0.02120522617582853 29.94
2995 0.02119666902284955 29.95
2996 0.02120050626640695 29.96
2997 0.02120428926210566 29.97
2998 0.02122926994127906 29.98
2999 0.02127300906479301 29.99
3000 0.02128301278849868 30
