"cl-rfile"
"Time Step" "cl etc.."
("Time Step" "cl" "flow-time")
0 2.556030855338952e-26 0
1 -46.39379825929154 0.01
2 2.553149406429794 0.02
3 2.649883422729104 0.03
4 -0.4737044020871001 0.04
5 1.424521922760782 0.05
6 3.332778330074325 0.06
7 1.125026031728718 0.07000000000000001
8 -1.243961542026688 0.08
9 -1.367280776817902 0.09
10 -1.937928674335715 0.1
11 -1.570613683963485 0.11
12 -1.131083183456588 0.12
13 -0.1976272072688925 0.13
14 0.4409770142672039 0.14
15 0.729813259884514 0.15
16 0.7394002309703063 0.16
17 0.4296397589829578 0.17
18 -0.004200097605106683 0.18
19 -0.4986932528650528 0.19
20 -0.7829291232788266 0.2
21 -0.8534326324763833 0.21
22 -0.648844658638105 0.22
23 -0.3116356671913653 0.23
24 -0.0002787599400255418 0.24
25 0.1695020659759128 0.25
26 0.1781277875037125 0.26
27 0.1864509205052359 0.27
28 0.3157611006448675 0.28
29 0.6007851566302478 0.29
30 1.00668348663656 0.3
31 1.536162217723354 0.31
32 2.085300106596165 0.32
33 2.509795720088209 0.33
34 2.667984815727062 0.34
35 2.453947603635567 0.35
36 2.03979174369653 0.36
37 1.596057276886107 0.37
38 1.247744087912383 0.38
39 1.013290245989384 0.39
40 0.8678502157005955 0.4
41 0.7869800295794196 0.41
42 0.7413051998592465 0.42
43 0.7193008436368526 0.43
44 0.7159936981109573 0.44
45 0.7222573147704723 0.45
46 0.7301734607026005 0.46
47 0.7378655379009141 0.47
48 0.7454165200859614 0.48
49 0.7552292182227537 0.49
50 0.7644832999807318 0.5
51 0.9296463321300867 0.51
52 0.9499353344742643 0.52
53 0.7108765178247141 0.53
54 0.6922882324755016 0.54
55 0.6592921499569574 0.55
56 0.6223303764516177 0.5600000000000001
57 0.5738896695712056 0.5700000000000001
58 0.5076994206478687 0.58
59 0.3568841028701182 0.59
60 0.3088060190617262 0.6
61 0.305057681107319 0.61
62 0.2502043683514227 0.62
63 0.1957493628169338 0.63
64 0.1986112808021846 0.64
65 0.1642641324017885 0.65
66 0.155370611987692 0.66
67 0.1378461520538559 0.67
68 0.1313576662635218 0.68
69 0.1155953260455905 0.6900000000000001
70 0.1062495510163124 0.7000000000000001
71 0.1091236169208559 0.71
72 0.1213354089203493 0.72
73 0.1296390263236769 0.73
74 0.1443556181643904 0.74
75 0.1496070732446197 0.75
76 0.1593272596931783 0.76
77 0.1651222138081846 0.77
78 0.1424006086826412 0.78
79 0.1131610879561128 0.79
80 0.1320756129778242 0.8
81 0.141140266854777 0.8100000000000001
82 0.1601140190095343 0.8200000000000001
83 0.1747005697113123 0.8300000000000001
84 0.1907343512625223 0.84
85 0.196671974928732 0.85
86 0.1920230979803668 0.86
87 0.1787473153310539 0.87
88 0.1882631757976796 0.88
89 0.2067352530604216 0.89
90 0.225533899034763 0.9
91 0.2356341615753016 0.91
92 0.2388901587552476 0.92
93 0.2439002510820687 0.93
94 0.250950474499841 0.9400000000000001
95 0.2563975692219247 0.9500000000000001
96 0.2628548317178016 0.96
97 0.2689443728343485 0.97
98 0.2689356573910883 0.98
99 0.2709858025712049 0.99
100 0.2738879818023961 1
101 0.2749582267333236 1.01
102 0.2810671580081688 1.02
103 0.2814952568422077 1.03
104 0.2796382496556202 1.04
105 0.2809002941084438 1.05
106 0.2870917506646112 1.06
107 0.2908523529604907 1.07
108 0.2900029512915833 1.08
109 0.2927607051305101 1.09
110 0.2954459454031856 1.1
111 0.2974707066841825 1.11
112 0.2968929756481671 1.12
113 0.2970007187018298 1.13
114 0.2982130839798283 1.14
115 0.2966113359923098 1.15
116 0.2953650619382697 1.16
117 0.2932266591045379 1.17
118 0.2907515416352885 1.18
119 0.2874213723009554 1.19
120 0.284645606122222 1.2
121 0.2820345754221681 1.21
122 0.2793273295346009 1.22
123 0.2770210475076891 1.23
124 0.2745441714397236 1.24
125 0.2721955296240831 1.25
126 0.2687484907007204 1.26
127 0.2666551163321323 1.27
128 0.2635538372384684 1.28
129 0.2609600125630961 1.29
130 0.260106582736088 1.3
131 0.258214741268544 1.31
132 0.2553315159003859 1.32
133 0.2534771727057902 1.33
134 0.2513858041593288 1.34
135 0.2502186803271408 1.35
136 0.2492857302651429 1.36
137 0.2477468457923829 1.37
138 0.2470092206980925 1.38
139 0.2460411696406029 1.39
140 0.2449172720540244 1.4
141 0.2437492126833248 1.41
142 0.2421686019809936 1.42
143 0.2417145389186697 1.43
144 0.2408000504875432 1.44
145 0.2400557908490775 1.45
146 0.2396180368406872 1.46
147 0.2389343846771554 1.47
148 0.2377850897631194 1.48
149 0.2368373754755927 1.49
150 0.2359684926428658 1.5
151 0.2363860807695047 1.51
152 0.2360996333890625 1.52
153 0.2358089895813193 1.53
154 0.2350922072722192 1.54
155 0.2341313365769107 1.55
156 0.2327321729583255 1.56
157 0.2317864695863101 1.57
158 0.2308054431756338 1.58
159 0.2300173336088611 1.59
160 0.2290200710011409 1.6
161 0.228274910410224 1.61
162 0.2275530400941473 1.62
163 0.2267909407671259 1.63
164 0.225882487817696 1.64
165 0.2248216010058514 1.65
166 0.2236373879062409 1.66
167 0.222074037909587 1.67
168 0.2204597848484815 1.68
169 0.2195337562286153 1.69
170 0.2182642429325993 1.7
171 0.217389205415612 1.71
172 0.216686120139907 1.72
173 0.2159682342009771 1.73
174 0.2153788506493907 1.74
175 0.2137573628104462 1.75
176 0.2122120141549776 1.76
177 0.2109694060180493 1.77
178 0.2099476153273668 1.78
179 0.2089548039740186 1.79
180 0.2082727961984196 1.8
181 0.2074527491722861 1.81
182 0.2068571475706444 1.82
183 0.2061281748185965 1.83
184 0.2055340476274411 1.84
185 0.2056701825994589 1.85
186 0.2050850992552801 1.86
187 0.2045595788481682 1.87
188 0.2039225402332021 1.88
189 0.2038354814050723 1.89
190 0.2044374955221248 1.9
191 0.2047349016161174 1.91
192 0.2053570513039216 1.92
193 0.2059628483954804 1.93
194 0.2065772317450517 1.94
195 0.2074516473902795 1.95
196 0.2086639027570059 1.96
197 0.2097990761692393 1.97
198 0.21088596461999 1.98
199 0.2127367337778455 1.99
200 0.2152119798397392 2
201 0.2165497220913714 2.01
202 0.2175676610312074 2.02
203 0.2197455927094308 2.03
204 0.2223567202997233 2.04
205 0.2245538371110668 2.05
206 0.2268953038315277 2.06
207 0.2296806573828353 2.07
208 0.2320061619262599 2.08
209 0.2340243706580788 2.09
210 0.2359030412913848 2.1
211 0.2381784703307824 2.11
212 0.2402230253381523 2.12
213 0.2425484049474334 2.13
214 0.2449894596624856 2.14
215 0.2469545200974343 2.15
216 0.2489776320959676 2.16
217 0.2505777351543926 2.17
218 0.2520608306916726 2.18
219 0.2532592431943103 2.19
220 0.2539931542179347 2.2
221 0.254753102737081 2.21
222 0.2557837404997603 2.22
223 0.2569974209922609 2.23
224 0.2579527771249029 2.24
225 0.2587248062208045 2.25
226 0.259311777337712 2.26
227 0.2592865748691542 2.27
228 0.259063649236849 2.28
229 0.2588252090624524 2.29
230 0.2583130672917679 2.3
231 0.2581190803221649 2.31
232 0.2577612920108556 2.32
233 0.2572226687088786 2.33
234 0.2570624890294971 2.34
235 0.2561006146786122 2.35
236 0.2551278554836293 2.36
237 0.2545928514981403 2.37
238 0.2540296924763423 2.38
239 0.2534694856612608 2.39
240 0.2526739708197298 2.4
241 0.2516959198687033 2.41
242 0.2507711289982285 2.42
243 0.2499449837051217 2.43
244 0.2490525846200177 2.44
245 0.2484224660080333 2.45
246 0.2479015728313521 2.46
247 0.2473935008136451 2.47
248 0.2466879851530837 2.48
249 0.2461412498014094 2.49
250 0.2458858439195954 2.5
251 0.2452814287810604 2.51
252 0.2449042517686361 2.52
253 0.2446745469604803 2.53
254 0.2444294939295618 2.54
255 0.2445497206791166 2.55
256 0.2441815497963168 2.56
257 0.2443045735661257 2.57
258 0.2443506302740713 2.58
259 0.2441278191733561 2.59
260 0.2439343890362465 2.6
261 0.2439552538954621 2.61
262 0.2438338960023106 2.62
263 0.2438449788628982 2.63
264 0.2438888020030585 2.64
265 0.2437913059110861 2.65
266 0.2437226670823199 2.66
267 0.2437754785271928 2.67
268 0.2435489406417238 2.68
269 0.2433921825051164 2.69
270 0.2436782746044592 2.7
271 0.243761888163623 2.71
272 0.2436201127725878 2.72
273 0.2435726359513748 2.73
274 0.2435338320562984 2.74
275 0.2432278720003993 2.75
276 0.2430506887061102 2.76
277 0.2429571434462086 2.77
278 0.2427638176715768 2.78
279 0.2425504413865695 2.79
280 0.2422107479190346 2.8
281 0.2419529410272958 2.81
282 0.241830208765686 2.82
283 0.2414565666985796 2.83
284 0.2410440103630427 2.84
285 0.2406208157849059 2.85
286 0.2400017536703636 2.86
287 0.2393621691539438 2.87
288 0.2387181395643999 2.88
289 0.2379964526285345 2.89
290 0.2370725599098406 2.9
291 0.2361350011126458 2.91
292 0.2350190549547055 2.92
293 0.2340800549942936 2.93
294 0.2329838792698279 2.94
295 0.2318350344102852 2.95
296 0.2305689300992099 2.96
297 0.2290768565742375 2.97
298 0.2278761871458199 2.98
299 0.2265677742662058 2.99
300 0.2251926021886546 3
301 0.2237643578948624 3.01
302 0.222265972681794 3.02
303 0.220758280337553 3.03
304 0.2193166699343948 3.04
305 0.2177952627296636 3.05
306 0.2163539711245911 3.06
307 0.2150515089182869 3.07
308 0.2139134810065496 3.08
309 0.2129604747054091 3.09
310 0.2119868393706452 3.1
311 0.210937567073844 3.11
312 0.2100650820502339 3.12
313 0.2094163472672477 3.13
314 0.2089397044021945 3.14
315 0.2084935741787858 3.15
316 0.2080056915158818 3.16
317 0.2075604218920576 3.17
318 0.2074023621359584 3.18
319 0.2073352004868428 3.19
320 0.207467064432867 3.2
321 0.2077843489267173 3.21
322 0.2083728637288755 3.22
323 0.2088692737374432 3.23
324 0.2090047514570349 3.24
325 0.2093294259362085 3.25
326 0.2098911940546487 3.26
327 0.2110375564718303 3.27
328 0.2121475424302975 3.28
329 0.2131426120052538 3.29
330 0.2140965559561539 3.3
331 0.2149865814546494 3.31
332 0.2160978715841562 3.32
333 0.2172061139091252 3.33
334 0.2183716328645268 3.34
335 0.2194549866759607 3.35
336 0.2206843069449621 3.36
337 0.2219892440635108 3.37
338 0.2233900399213706 3.38
339 0.2249379023912554 3.39
340 0.2264543546027615 3.4
341 0.2278962456549584 3.41
342 0.2293453956892003 3.42
343 0.2310114385079843 3.43
344 0.2324415696246719 3.44
345 0.2340977041998368 3.45
346 0.2356066200424844 3.46
347 0.2370200023515205 3.47
348 0.2385631557972032 3.48
349 0.2403553850951801 3.49
350 0.2418715458356274 3.5
351 0.2432510148647657 3.51
352 0.2448514723091497 3.52
353 0.2463387509855853 3.53
354 0.2477880327975809 3.54
355 0.2492928389723493 3.55
356 0.250848408208702 3.56
357 0.2524688561719946 3.57
358 0.2537988689722377 3.58
359 0.2551589768826802 3.59
360 0.2567732985217118 3.6
361 0.258075730654436 3.61
362 0.2595660183567744 3.62
363 0.2610007189416333 3.63
364 0.2620397232344392 3.64
365 0.2629409602453313 3.65
366 0.2638292624965548 3.66
367 0.2646064604203633 3.67
368 0.265328791716992 3.68
369 0.2662029358116775 3.69
370 0.2671980594534109 3.7
371 0.2680912900895589 3.71
372 0.2689505247952232 3.72
373 0.2696115319594873 3.73
374 0.2700909118132514 3.74
375 0.2703371418433331 3.75
376 0.2706863220515927 3.76
377 0.2709582804421045 3.77
378 0.271178837371211 3.78
379 0.271378700699167 3.79
380 0.271659425830049 3.8
381 0.2717914482653386 3.81
382 0.27177069157878 3.82
383 0.2717069282002844 3.83
384 0.2714418147434919 3.84
385 0.2712228214093445 3.85
386 0.2709856763584472 3.86
387 0.2707369174978646 3.87
388 0.2702905955517775 3.88
389 0.2698981768117815 3.89
390 0.269407511643554 3.9
391 0.268918769567458 3.91
392 0.2681157504037341 3.92
393 0.2675579671452257 3.93
394 0.2669181458732869 3.94
395 0.2663323800123625 3.95
396 0.2655191925768129 3.96
397 0.2645431727486893 3.97
398 0.2637200684376208 3.98
399 0.2630009856256776 3.99
400 0.2623629500626657 4
401 0.2615715439907901 4.01
402 0.2605977125661395 4.02
403 0.2596604946828128 4.03
404 0.2586777288544826 4.04
405 0.257660399168461 4.05
406 0.2566508567939026 4.06
407 0.2556687018991678 4.07
408 0.2546848375839241 4.08
409 0.253838652594126 4.09
410 0.2530449557746071 4.1
411 0.252181252747974 4.11
412 0.2508897678030187 4.12
413 0.2498701460447703 4.13
414 0.2487960171874395 4.14
415 0.2478071970203495 4.15
416 0.2468142074328006 4.16
417 0.2458818308872757 4.17
418 0.244966280882047 4.18
419 0.2441959851179294 4.19
420 0.2432786931375104 4.2
421 0.2421056766651523 4.21
422 0.2410733236544094 4.22
423 0.2399090728194597 4.23
424 0.2389201947488553 4.24
425 0.2378813253911425 4.25
426 0.2366585047215214 4.26
427 0.2355238200101456 4.27
428 0.2343211216507311 4.28
429 0.2330943686601332 4.29
430 0.2318577069560659 4.3
431 0.2304741287969126 4.31
432 0.2292808505737509 4.32
433 0.2280436862218035 4.33
434 0.2268448178022641 4.34
435 0.2254333518148302 4.350000000000001
436 0.2240341359789844 4.36
437 0.2225869984352453 4.37
438 0.2212542465251545 4.38
439 0.219952583302065 4.39
440 0.218683755967942 4.4
441 0.2174034335474659 4.41
442 0.216194566031069 4.42
443 0.2147741401412133 4.43
444 0.2133866108071762 4.44
445 0.2119191333609549 4.45
446 0.2105574553962652 4.46
447 0.2092241936286478 4.47
448 0.2079465420951241 4.48
449 0.2066708532685894 4.49
450 0.2054435469937681 4.5
451 0.2041665807460947 4.51
452 0.2028833651339653 4.52
453 0.2016717503660002 4.53
454 0.2003344106013934 4.54
455 0.1991905033004899 4.55
456 0.1979141521745705 4.56
457 0.1966152139485302 4.57
458 0.1956268114131749 4.58
459 0.1945515509921956 4.59
460 0.1933949647368658 4.600000000000001
461 0.1921601144688862 4.61
462 0.1909439399620459 4.62
463 0.1899058985989359 4.63
464 0.1889328236973136 4.64
465 0.1879061986612392 4.65
466 0.1870265502891074 4.66
467 0.1861499871202127 4.67
468 0.1851906721420842 4.68
469 0.1842936774710254 4.69
470 0.1834251632210455 4.7
471 0.1824895891260465 4.71
472 0.1815886256764544 4.72
473 0.1806912954759051 4.73
474 0.1797961122048891 4.74
475 0.1789998426122311 4.75
476 0.1783884559592725 4.76
477 0.1776127740471234 4.77
478 0.1768362831998609 4.78
479 0.176130594139829 4.79
480 0.1753076800397831 4.8
481 0.1746513009561144 4.81
482 0.1740551123300098 4.82
483 0.1734467440003722 4.83
484 0.1727317729118673 4.84
485 0.172024825920253 4.850000000000001
486 0.1714174396003532 4.86
487 0.1707582186015352 4.87
488 0.1700630667464431 4.88
489 0.1694951839761723 4.89
490 0.1689804007418359 4.9
491 0.1685654724098134 4.91
492 0.1680303859823453 4.92
493 0.1674282634867428 4.93
494 0.166825286064325 4.94
495 0.1663053154182794 4.95
496 0.1658325177935704 4.96
497 0.165354227767405 4.97
498 0.1648733911504277 4.98
499 0.1643513999658461 4.99
500 0.1638952599504881 5
501 0.1633808602640566 5.01
502 0.1628344189873635 5.02
503 0.1622708260489183 5.03
504 0.1615762011723183 5.04
505 0.1610698175016723 5.05
506 0.1606747150230174 5.06
507 0.1602096054658551 5.07
508 0.1597071527003275 5.08
509 0.1592460632450992 5.09
510 0.1588130832318806 5.100000000000001
511 0.1582766699991399 5.11
512 0.1576663572453373 5.12
513 0.157136376774938 5.13
514 0.1566114186852836 5.14
515 0.1561022185266704 5.15
516 0.1555960064237812 5.16
517 0.1550996129501996 5.17
518 0.1545785430814795 5.18
519 0.1539368076812023 5.19
520 0.1534179334658606 5.2
521 0.152884036572077 5.21
522 0.1523119111136981 5.22
523 0.151743642688034 5.23
524 0.1511516611176322 5.24
525 0.1506163232757908 5.25
526 0.1500248905503366 5.26
527 0.1493666140838906 5.27
528 0.1487308053766129 5.28
529 0.1481353163264227 5.29
530 0.1475522091164466 5.3
531 0.1469888079286923 5.31
532 0.1463145169791915 5.32
533 0.1457126325770563 5.33
534 0.1448885691088279 5.34
535 0.1441856294786902 5.350000000000001
536 0.1436333894284946 5.36
537 0.1431487454007749 5.37
538 0.1424249889258049 5.38
539 0.1416707420826196 5.39
540 0.1409206144084593 5.4
541 0.1402177924948598 5.41
542 0.1394946002843959 5.42
543 0.1388773273760172 5.43
544 0.1383166952883612 5.44
545 0.1377338520849725 5.45
546 0.1370810934029256 5.46
547 0.1363558801173913 5.47
548 0.1356672059837652 5.48
549 0.134932669810146 5.49
550 0.1341827192020227 5.5
551 0.1334457229974756 5.51
552 0.1327652351115938 5.52
553 0.132027111227898 5.53
554 0.1313741452267282 5.54
555 0.130854371882518 5.55
556 0.1302351976691182 5.56
557 0.1296245970064865 5.57
558 0.128949459095353 5.58
559 0.1283315975803205 5.59
560 0.1277386035663747 5.600000000000001
561 0.127090813751189 5.61
562 0.1264387998913601 5.62
563 0.1258520814602778 5.63
564 0.1252925674437717 5.64
565 0.1247129491591417 5.65
566 0.1241284665537774 5.66
567 0.1235735070944278 5.67
568 0.1230139479622418 5.68
569 0.1223968350281582 5.69
570 0.1219099811779318 5.7
571 0.1214510084071698 5.71
572 0.1209491969131198 5.72
573 0.1204048962332119 5.73
574 0.1199538779892609 5.74
575 0.1194584053341279 5.75
576 0.1189335285875289 5.76
577 0.1183021577171866 5.77
578 0.1177179274185182 5.78
579 0.117182792507227 5.79
580 0.1166411535822996 5.8
581 0.1161287077673358 5.81
582 0.1156786660359601 5.82
583 0.1152202530257997 5.83
584 0.1147036609700879 5.84
585 0.1142508660459092 5.850000000000001
586 0.1138010529426829 5.86
587 0.1133364196330541 5.87
588 0.1127330835238852 5.88
589 0.1121233513352619 5.89
590 0.1115313520592352 5.9
591 0.110922169022385 5.91
592 0.1103241146116423 5.92
593 0.1097801812875519 5.93
594 0.1091614415744896 5.94
595 0.1085373155820427 5.95
596 0.1079567737009575 5.96
597 0.1072916714794598 5.97
598 0.1066198223161817 5.98
599 0.105990113233278 5.99
600 0.1053695596646948 6
601 0.1047296066219622 6.01
602 0.1040728052967006 6.02
603 0.1034121389605314 6.03
604 0.1027369201885616 6.04
605 0.1020394393643117 6.05
606 0.1012715644991951 6.06
607 0.1005832172113764 6.07
608 0.09988489941355076 6.08
609 0.09922782916928767 6.09
610 0.09850164210476219 6.100000000000001
611 0.09774780276201157 6.11
612 0.09710895113439677 6.12
613 0.09630366459269582 6.13
614 0.09572484597528585 6.140000000000001
615 0.09505283018995472 6.15
616 0.09444558930904949 6.16
617 0.09374937877027667 6.17
618 0.09301917982141591 6.18
619 0.0923045471008586 6.19
620 0.09171840855249698 6.2
621 0.09108091739454068 6.21
622 0.09053139966687014 6.22
623 0.08995742651675101 6.23
624 0.08945520793495611 6.24
625 0.08886637981415602 6.25
626 0.08828245186518996 6.26
627 0.08763364676975798 6.27
628 0.0870162222051932 6.28
629 0.08650372582152167 6.29
630 0.08596164698643863 6.3
631 0.08555870848080283 6.31
632 0.08512597725139735 6.32
633 0.08468986246579419 6.33
634 0.08427707851404731 6.34
635 0.0838425968657185 6.350000000000001
636 0.08350882884865814 6.36
637 0.08316798212409453 6.37
638 0.08276149684422796 6.38
639 0.08212137797405905 6.390000000000001
640 0.0816161854246393 6.4
641 0.08127863444831236 6.41
642 0.08099432706495029 6.42
643 0.0806429871806438 6.43
644 0.08027233621013105 6.44
645 0.07983687140582843 6.45
646 0.07939061919736452 6.46
647 0.0790043204878422 6.47
648 0.07861446832157021 6.48
649 0.07828701862335843 6.49
650 0.07781319494824276 6.5
651 0.07735828220483669 6.51
652 0.07684065083811492 6.52
653 0.07642606314397934 6.53
654 0.07593748740363208 6.54
655 0.07537440515250762 6.55
656 0.07478705064256172 6.56
657 0.07405040841143877 6.57
658 0.07346404428875367 6.58
659 0.07295792808215833 6.59
660 0.07238840592821133 6.600000000000001
661 0.07171065115992062 6.61
662 0.07100485199970645 6.62
663 0.07025019926235011 6.63
664 0.06938911150758431 6.640000000000001
665 0.06864303723165949 6.65
666 0.06785258557351245 6.66
667 0.0670644406847707 6.67
668 0.06631442584614949 6.68
669 0.06560002282749355 6.69
670 0.06481198820352871 6.7
671 0.06395751489795722 6.71
672 0.0630989384094167 6.72
673 0.06221777085331963 6.73
674 0.06112997877545552 6.74
675 0.06013752715948097 6.75
676 0.05931488998852636 6.76
677 0.05849145146256528 6.77
678 0.05762770994318434 6.78
679 0.05689135177027992 6.79
680 0.05609695429526154 6.8
681 0.05539480068896881 6.81
682 0.05457137793465244 6.82
683 0.05363013378213739 6.83
684 0.05273016173344974 6.84
685 0.05192586914815839 6.850000000000001
686 0.05122625949029747 6.86
687 0.05053588830017572 6.87
688 0.04980606086052867 6.88
689 0.04905127899579954 6.890000000000001
690 0.04847491827941861 6.9
691 0.04792166849851263 6.91
692 0.04729321929780099 6.92
693 0.04695442940235598 6.93
694 0.04645335846678825 6.94
695 0.04559799893452068 6.95
696 0.04519496836349345 6.96
697 0.04496871223098995 6.97
698 0.0447241175508306 6.98
699 0.04455144175972438 6.99
700 0.04432009367026355 7
701 0.04413658829009332 7.01
702 0.04400724493175098 7.02
703 0.04390595525942197 7.03
704 0.04382222352705895 7.04
705 0.04386906361549426 7.05
706 0.04381810385823222 7.06
707 0.04389599245556588 7.07
708 0.04393767491149229 7.08
709 0.04402672851096943 7.09
710 0.04410222003640826 7.100000000000001
711 0.04444394125732081 7.11
712 0.04456070741020254 7.12
713 0.04470969748929386 7.13
714 0.04479275519249124 7.140000000000001
715 0.04497323009742333 7.15
716 0.04521904532052221 7.16
717 0.04545527262254283 7.17
718 0.04557867514575167 7.18
719 0.0456583674759717 7.19
720 0.04572329483475496 7.2
721 0.0457532862088294 7.21
722 0.04573633420231595 7.22
723 0.04560987616881995 7.23
724 0.04541024870721737 7.24
725 0.04529795413629429 7.25
726 0.04511647531373846 7.26
727 0.04476697305176403 7.27
728 0.04440586112207107 7.28
729 0.04405627712476391 7.29
730 0.04365114458039956 7.3
731 0.04307902741531477 7.31
732 0.04244406957913079 7.32
733 0.04176606008266294 7.33
734 0.04133685214349516 7.34
735 0.04061776113294304 7.350000000000001
736 0.03920710075013288 7.36
737 0.03783061139550968 7.37
738 0.03660117152626391 7.38
739 0.0356034346548156 7.390000000000001
740 0.03468179519066033 7.4
741 0.03376543949618188 7.41
742 0.03261598700705302 7.42
743 0.03143414984193821 7.43
744 0.03017646473670381 7.44
745 0.02881600102027526 7.45
746 0.02753781171120051 7.46
747 0.0261014054868121 7.47
748 0.02481980704062994 7.48
749 0.02353703856442444 7.49
750 0.02207249172679783 7.5
751 0.02074131715864117 7.51
752 0.01938202882731239 7.52
753 0.01823419042087445 7.53
754 0.01708094370561642 7.54
755 0.01591209851929554 7.55
756 0.01471674911886733 7.56
757 0.01370623783199773 7.57
758 0.0125836353202223 7.58
759 0.01157127293044662 7.59
760 0.01080675109338493 7.600000000000001
761 0.01004804895119882 7.61
762 0.009242638225049031 7.62
763 0.008518864414425748 7.63
764 0.007858417531735029 7.640000000000001
765 0.007274660404325287 7.65
766 0.006953798956820256 7.66
767 0.006906200753407627 7.67
768 0.006797544704641892 7.68
769 0.006787305254259987 7.69
770 0.007115522912724948 7.7
771 0.007364744849987196 7.71
772 0.007807330956233084 7.72
773 0.0079186956358877 7.73
774 0.009046607458670058 7.74
775 0.009845963746705889 7.75
776 0.01120163981097544 7.76
777 0.01334178074983 7.77
778 0.01649632331510201 7.78
779 0.01907970981771965 7.79
780 0.02159321380121128 7.8
781 0.02405368161101169 7.81
782 0.02657494397488831 7.82
783 0.02945266780386593 7.83
784 0.03291913263438789 7.84
785 0.03668651282916742 7.850000000000001
786 0.04050332149477884 7.86
787 0.04422659121522994 7.87
788 0.04816455449472586 7.88
789 0.05176291316471309 7.890000000000001
790 0.05582571030033277 7.9
791 0.05956458491073096 7.91
792 0.06353918517764104 7.92
793 0.06701600693471818 7.930000000000001
794 0.07024635722655323 7.94
795 0.07348509367511197 7.95
796 0.07602079261879262 7.96
797 0.07839869599263663 7.97
798 0.08026278836627504 7.98
799 0.08179512617629327 7.99
800 0.08270902772935913 8
801 0.08370359034498186 8.01
802 0.08481418546488211 8.02
803 0.08538179607554637 8.029999999999999
804 0.08562372015341206 8.040000000000001
805 0.08573190884714575 8.050000000000001
806 0.08511682419884531 8.06
807 0.08356293576278981 8.07
808 0.08219416377833141 8.08
809 0.08102392140762633 8.09
810 0.07908719021788065 8.1
811 0.07705543961988712 8.109999999999999
812 0.07464441779330948 8.120000000000001
813 0.07271618270753018 8.130000000000001
814 0.07075806014519623 8.140000000000001
815 0.0674278361460669 8.15
816 0.06398678107291568 8.16
817 0.06001788121235748 8.17
818 0.05614156434074186 8.18
819 0.05167112013137874 8.19
820 0.04748523563099726 8.199999999999999
821 0.0443324084335419 8.210000000000001
822 0.04169312827553087 8.220000000000001
823 0.03899380952089374 8.23
824 0.0364750100331064 8.24
825 0.0336718435415649 8.25
826 0.03067145428498104 8.26
827 0.0278438570673513 8.27
828 0.02516278229964807 8.279999999999999
829 0.02278102943793426 8.290000000000001
830 0.020408482060109 8.300000000000001
831 0.01854397379449373 8.31
832 0.01664883235006621 8.32
833 0.01479601243280785 8.33
834 0.01301829089806191 8.34
835 0.01117813375421158 8.35
836 0.009487696571173087 8.359999999999999
837 0.007936801157451106 8.370000000000001
838 0.006337849521708929 8.380000000000001
839 0.004692711154022758 8.390000000000001
840 0.00301497883289369 8.4
841 0.001214140183226886 8.41
842 -0.0008705251771415802 8.42
843 -0.003052028087188944 8.43
844 -0.004831330042348414 8.44
845 -0.006735136330820969 8.449999999999999
846 -0.009414505582383411 8.460000000000001
847 -0.01168919385778436 8.470000000000001
848 -0.01441651221443513 8.48
849 -0.01678450132169429 8.49
850 -0.01933613164571894 8.5
851 -0.02138006794975592 8.51
852 -0.02333388604502073 8.52
853 -0.0249364955341755 8.529999999999999
854 -0.02690134552855554 8.540000000000001
855 -0.02903755100203717 8.550000000000001
856 -0.03113350876300231 8.56
857 -0.03324759912613628 8.57
858 -0.03499658123055007 8.58
859 -0.03718866165979662 8.59
860 -0.03895642855319675 8.6
861 -0.04017788254861016 8.609999999999999
862 -0.04140885658421709 8.620000000000001
863 -0.0416072937149088 8.630000000000001
864 -0.04189868299073279 8.640000000000001
865 -0.0417764065217756 8.65
866 -0.04164609266232767 8.66
867 -0.04137562715173137 8.67
868 -0.04057676452627249 8.68
869 -0.03972985203852452 8.69
870 -0.03907005067179049 8.700000000000001
871 -0.0378752612351218 8.710000000000001
872 -0.03648663143963617 8.720000000000001
873 -0.03441124966283783 8.73
874 -0.0327743474645717 8.74
875 -0.0313560041680464 8.75
876 -0.02910968876707274 8.76
877 -0.02753213374285434 8.77
878 -0.02492428610539794 8.779999999999999
879 -0.02228879010998402 8.790000000000001
880 -0.02003002273013951 8.800000000000001
881 -0.0175379279889926 8.81
882 -0.01569750246361411 8.82
883 -0.01356645049785647 8.83
884 -0.01121631472011581 8.84
885 -0.01013829108314712 8.85
886 -0.008710195591088123 8.859999999999999
887 -0.007750412901638803 8.870000000000001
888 -0.006124745019715152 8.880000000000001
889 -0.005888018874257698 8.890000000000001
890 -0.006074395649691936 8.9
891 -0.005591979817543442 8.91
892 -0.005246035235410883 8.92
893 -0.005854945507618881 8.93
894 -0.006638554105815703 8.94
895 -0.007354488045224919 8.950000000000001
896 -0.009279306873639901 8.960000000000001
897 -0.01048665997175599 8.970000000000001
898 -0.01183003568992406 8.98
899 -0.01344650730881497 8.99
900 -0.01440948465655472 9
901 -0.01648864595715145 9.01
902 -0.01901145003550749 9.02
903 -0.02155898625862298 9.029999999999999
904 -0.0242459652547569 9.040000000000001
905 -0.02708611681953029 9.050000000000001
906 -0.02986635298376545 9.06
907 -0.03314587359941394 9.07
908 -0.03627993480688094 9.08
909 -0.03874698917558145 9.09
910 -0.04176272588758932 9.1
911 -0.04406797751806115 9.109999999999999
912 -0.04583652569424152 9.120000000000001
913 -0.04718030036859364 9.130000000000001
914 -0.04938822737334214 9.140000000000001
915 -0.05112501125336179 9.15
916 -0.05292204748817902 9.16
917 -0.05497263151567789 9.17
918 -0.05685540854203055 9.18
919 -0.05807087644803505 9.19
920 -0.0595925579865443 9.200000000000001
921 -0.06081193648669597 9.210000000000001
922 -0.06248798801993025 9.220000000000001
923 -0.06364860873666851 9.23
924 -0.06442153939153625 9.24
925 -0.06566090950760166 9.25
926 -0.06665602359179379 9.26
927 -0.06717969457279165 9.27
928 -0.06812365174184104 9.279999999999999
929 -0.06900435685588839 9.290000000000001
930 -0.070552089605084 9.300000000000001
931 -0.07191963868388937 9.31
932 -0.07296407653562773 9.32
933 -0.07408496571439616 9.33
934 -0.0749216540201441 9.34
935 -0.07437557317954895 9.35
936 -0.07501705286538196 9.359999999999999
937 -0.07480855782388532 9.370000000000001
938 -0.07515519395522634 9.380000000000001
939 -0.07547269027967611 9.390000000000001
940 -0.07573272266891211 9.4
941 -0.07569053502319126 9.41
942 -0.07591953346219728 9.42
943 -0.07548763220621173 9.43
944 -0.07477403533299673 9.44
945 -0.07334517354840192 9.450000000000001
946 -0.07159991010085869 9.460000000000001
947 -0.07004805232208045 9.470000000000001
948 -0.06825050685965652 9.48
949 -0.06638917836317298 9.49
950 -0.06443274330352915 9.5
951 -0.0630472940638386 9.51
952 -0.0603060449736512 9.52
953 -0.05702340389463696 9.529999999999999
954 -0.05329674387759165 9.540000000000001
955 -0.05038196175106008 9.550000000000001
956 -0.04726117320302264 9.56
957 -0.04369730033224531 9.57
958 -0.04083281766942908 9.58
959 -0.03765997909483362 9.59
960 -0.03466890069909964 9.6
961 -0.03180737411863334 9.609999999999999
962 -0.02888500729548393 9.620000000000001
963 -0.02589294976805136 9.630000000000001
964 -0.02327721070697678 9.640000000000001
965 -0.02069411477479568 9.65
966 -0.01816833977768566 9.66
967 -0.01602411588034587 9.67
968 -0.01435375829083437 9.68
969 -0.01287926609503159 9.69
970 -0.01147602320131744 9.700000000000001
971 -0.01014822079647474 9.710000000000001
972 -0.009544071212291524 9.720000000000001
973 -0.008668633952998597 9.73
974 -0.008283052116462943 9.74
975 -0.008377589790850126 9.75
976 -0.008162278487606743 9.76
977 -0.008572496630274193 9.77
978 -0.008971562407212273 9.779999999999999
979 -0.009820587537261873 9.790000000000001
980 -0.01098978450108371 9.800000000000001
981 -0.01254819601479859 9.81
982 -0.01518261904219501 9.82
983 -0.01740252638712362 9.83
984 -0.0193442121405504 9.84
985 -0.02109765156441522 9.85
986 -0.02344828047703511 9.859999999999999
987 -0.02523768275535762 9.870000000000001
988 -0.02815846075898613 9.880000000000001
989 -0.03202320363905739 9.890000000000001
990 -0.03418118264579626 9.9
991 -0.0368686743447682 9.91
992 -0.0387243223212056 9.92
993 -0.04044406278244717 9.93
994 -0.04308778492384465 9.94
995 -0.0460190688318734 9.950000000000001
996 -0.04869708919969406 9.960000000000001
997 -0.05184362116157604 9.970000000000001
998 -0.05406502430298834 9.98
999 -0.05714442218778722 9.99
1000 -0.05896397170832089 10
1001 -0.06114075294611851 10.01
1002 -0.06388938482930788 10.02
1003 -0.06586115109938165 10.03
1004 -0.06809250407025955 10.04
1005 -0.06959253821302228 10.05
1006 -0.07099711175699859 10.06
1007 -0.07254225978678122 10.07
1008 -0.07419187870075938 10.08
1009 -0.07495397379073794 10.09
1010 -0.07491513461466211 10.1
1011 -0.07530554676697822 10.11
1012 -0.07603986676272377 10.12
1013 -0.07652791955717982 10.13
1014 -0.07677495836517617 10.14
1015 -0.07686313885011434 10.15
1016 -0.07726166998580267 10.16
1017 -0.07670438118344709 10.17
1018 -0.07626987745618717 10.18
1019 -0.07518972677314993 10.19
1020 -0.0740026548998072 10.2
1021 -0.07235208366422191 10.21
1022 -0.07046026564235633 10.22
1023 -0.06842718840584525 10.23
1024 -0.06627448691998397 10.24
1025 -0.063340521628484 10.25
1026 -0.06073012996596731 10.26
1027 -0.05816540037529572 10.27
1028 -0.05594626729100707 10.28
1029 -0.05236461096993891 10.29
1030 -0.04927075768093611 10.3
1031 -0.04658883451173269 10.31
1032 -0.04232664874839873 10.32
1033 -0.03783195458883734 10.33
1034 -0.03427253016143768 10.34
1035 -0.02944782848597214 10.35
1036 -0.02387829713356549 10.36
1037 -0.01841531021756955 10.37
1038 -0.01294074105503789 10.38
1039 -0.007179642728244402 10.39
1040 -0.00128436944776631 10.4
1041 0.004823158410153336 10.41
1042 0.01036619410093562 10.42
1043 0.01605306144945728 10.43
1044 0.02221389337773891 10.44
1045 0.02920742714040521 10.45
1046 0.03515363564982558 10.46
1047 0.04147969522649866 10.47
1048 0.04763271632439978 10.48
1049 0.0538463102083821 10.49
1050 0.06045383383350186 10.5
1051 0.06682025751132993 10.51
1052 0.07195547182797736 10.52
1053 0.07783522611814227 10.53
1054 0.08279637631042185 10.54
1055 0.08765829763523882 10.55
1056 0.09220291979553999 10.56
1057 0.09637351982961266 10.57
1058 0.1008348072320462 10.58
1059 0.1054655816418357 10.59
1060 0.1087798283674237 10.6
1061 0.1126936555401338 10.61
1062 0.116928042176978 10.62
1063 0.120351157575909 10.63
1064 0.1232543944113631 10.64
1065 0.126405056551441 10.65
1066 0.1290370440283624 10.66
1067 0.1308988666276791 10.67
1068 0.1328901396744798 10.68
1069 0.1349759987783253 10.69
1070 0.1367913265385688 10.7
1071 0.1381724483839735 10.71
1072 0.1397984530504187 10.72
1073 0.1405732493718426 10.73
1074 0.1413625533374369 10.74
1075 0.1417171686155885 10.75
1076 0.1421749114712048 10.76
1077 0.1426542287779923 10.77
1078 0.1421129921124686 10.78
1079 0.1411266562074955 10.79
1080 0.1408138236892278 10.8
1081 0.139080600423634 10.81
1082 0.1377045796493936 10.82
1083 0.1359329423502785 10.83
1084 0.1337781674388007 10.84
1085 0.1320174184354557 10.85
1086 0.1299802847982542 10.86
1087 0.1277566639762431 10.87
1088 0.1248712890527943 10.88
1089 0.1221629829307175 10.89
1090 0.1184813365887011 10.9
1091 0.1151186696040754 10.91
1092 0.1112619506470542 10.92
1093 0.1086334084895123 10.93
1094 0.1046390965060438 10.94
1095 0.1011148325972755 10.95
1096 0.09810517659487525 10.96
1097 0.09395258894427318 10.97
1098 0.09029106857603378 10.98
1099 0.08626870906716665 10.99
1100 0.08143955787967226 11
1101 0.07752750303101562 11.01
1102 0.07430830070314169 11.02
1103 0.07054899601286445 11.03
1104 0.06677316722513342 11.04
1105 0.06274244532088115 11.05
1106 0.05972202995663704 11.06
1107 0.05506526408332497 11.07
1108 0.05062833163241773 11.08
1109 0.0466836631267115 11.09
1110 0.04285736354884739 11.1
1111 0.03884850633722814 11.11
1112 0.03487301586890434 11.12
1113 0.0313380068616112 11.13
1114 0.02781563899638731 11.14
1115 0.02433552617887647 11.15
1116 0.02118147904814664 11.16
1117 0.01816953753311798 11.17
1118 0.0146193249074361 11.18
1119 0.0116906624865877 11.19
1120 0.008823719187652949 11.2
1121 0.00564505647375109 11.21
1122 0.002555994594371965 11.22
1123 -0.0005402137719796082 11.23
1124 -0.003256963684899324 11.24
1125 -0.006079664395348901 11.25
1126 -0.009182773880751293 11.26
1127 -0.01259582628346508 11.27
1128 -0.01620171239626518 11.28
1129 -0.01962019788986889 11.29
1130 -0.02312960734722978 11.3
1131 -0.02683828879189793 11.31
1132 -0.03014032389118608 11.32
1133 -0.0343422574163262 11.33
1134 -0.03767751029109936 11.34
1135 -0.04205555822048873 11.35
1136 -0.04597335684311394 11.36
1137 -0.04917122123526996 11.37
1138 -0.05282168852337281 11.38
1139 -0.05707048486182225 11.39
1140 -0.06054117259821679 11.4
1141 -0.06353399984297527 11.41
1142 -0.06672424679733216 11.42
1143 -0.07024859308366455 11.43
1144 -0.07423759202571815 11.44
1145 -0.07815988338608207 11.45
1146 -0.08213174849127187 11.46
1147 -0.08617498719071867 11.47
1148 -0.0900890856598104 11.48
1149 -0.0938584321532462 11.49
1150 -0.0970132973024425 11.5
1151 -0.100126556235286 11.51
1152 -0.1036800825549866 11.52
1153 -0.1066773776965181 11.53
1154 -0.1094092187483288 11.54
1155 -0.1120700912825815 11.55
1156 -0.1151213821730565 11.56
1157 -0.118335962629227 11.57
1158 -0.1206514489724155 11.58
1159 -0.1234666172324137 11.59
1160 -0.1261984699138952 11.6
1161 -0.1278977541061991 11.61
1162 -0.1293734661001318 11.62
1163 -0.13062414403267 11.63
1164 -0.1316161381550925 11.64
1165 -0.1326237664977319 11.65
1166 -0.133746309435696 11.66
1167 -0.134638878587378 11.67
1168 -0.1347824128210371 11.68
1169 -0.1348353828683124 11.69
1170 -0.1342034899203642 11.7
1171 -0.1339925280931036 11.71
1172 -0.1333184673854415 11.72
1173 -0.1322762497954793 11.73
1174 -0.131180598114108 11.74
1175 -0.1293033396042307 11.75
1176 -0.1268417353591304 11.76
1177 -0.1249068342360758 11.77
1178 -0.1226776022440043 11.78
1179 -0.1207448053363536 11.79
1180 -0.118918933940783 11.8
1181 -0.1161457921895231 11.81
1182 -0.1128881128504058 11.82
1183 -0.1097761240197156 11.83
1184 -0.1070752239598054 11.84
1185 -0.1042460245571097 11.85
1186 -0.1005786949010062 11.86
1187 -0.09697417162318049 11.87
1188 -0.09235493472814009 11.88
1189 -0.08969962535795319 11.89
1190 -0.08604351990299183 11.9
1191 -0.08214302501771459 11.91
1192 -0.07970270309872324 11.92
1193 -0.07624551739718964 11.93
1194 -0.07305959682540225 11.94
1195 -0.06968640381340258 11.95
1196 -0.06652710929893321 11.96
1197 -0.06314058465740457 11.97
1198 -0.06096540477871015 11.98
1199 -0.05805453788361623 11.99
1200 -0.05553729704026005 12
1201 -0.052034115474782 12.01
1202 -0.05019790813193863 12.02
1203 -0.04765186055389792 12.03
1204 -0.04540096780596194 12.04
1205 -0.04383336743648175 12.05
1206 -0.0427350276920044 12.06
1207 -0.04089537663768566 12.07
1208 -0.03959391686035011 12.08
1209 -0.03796041999316306 12.09
1210 -0.03606350546381714 12.1
1211 -0.03384368275056025 12.11
1212 -0.0326949751881691 12.12
1213 -0.03260767305640996 12.13
1214 -0.03189863284333005 12.14
1215 -0.03251004216561763 12.15
1216 -0.03200125559619789 12.16
1217 -0.03200205860048146 12.17
1218 -0.0322533605354193 12.18
1219 -0.03341226045941116 12.19
1220 -0.03388866348590254 12.2
1221 -0.03517890702080406 12.21
1222 -0.03652977271687924 12.22
1223 -0.03821739644834734 12.23
1224 -0.03973315349758454 12.24
1225 -0.04123179183786022 12.25
1226 -0.04272695084375901 12.26
1227 -0.04532280547841942 12.27
1228 -0.04769038697419611 12.28
1229 -0.04944338082888123 12.29
1230 -0.05162765320151123 12.3
1231 -0.05431624321560957 12.31
1232 -0.05730455501066722 12.32
1233 -0.05962225794916323 12.33
1234 -0.06263833797193984 12.34
1235 -0.06637650751207613 12.35
1236 -0.07002064933058878 12.36
1237 -0.07336123215186971 12.37
1238 -0.07667514697792376 12.38
1239 -0.07930315475252789 12.39
1240 -0.08319002218366817 12.4
1241 -0.08656150803635307 12.41
1242 -0.09059324823498988 12.42
1243 -0.09444443289631818 12.43
1244 -0.09832395256363134 12.44
1245 -0.1028634567710447 12.45
1246 -0.1067095176254644 12.46
1247 -0.1102989378768993 12.47
1248 -0.1137895152662421 12.48
1249 -0.1168639247287283 12.49
1250 -0.1200537271311405 12.5
1251 -0.1235561772137755 12.51
1252 -0.1274162714499296 12.52
1253 -0.1310299579820182 12.53
1254 -0.1336682117719187 12.54
1255 -0.1374003946994792 12.55
1256 -0.1401127656542585 12.56
1257 -0.1425985051655599 12.57
1258 -0.1459395469490285 12.58
1259 -0.1485255983110528 12.59
1260 -0.1506414098673985 12.6
1261 -0.1533460285747208 12.61
1262 -0.1552222268816225 12.62
1263 -0.1572040076238289 12.63
1264 -0.1588866313965002 12.64
1265 -0.160328280041681 12.65
1266 -0.1617886693601208 12.66
1267 -0.1626624019217694 12.67
1268 -0.1631001645976405 12.68
1269 -0.1640551689309547 12.69
1270 -0.1647548722397758 12.7
1271 -0.1654273375239312 12.71
1272 -0.1656544865947301 12.72
1273 -0.1653669083584295 12.73
1274 -0.1650976227567371 12.74
1275 -0.1640471942268421 12.75
1276 -0.1640174129214329 12.76
1277 -0.1632570923620477 12.77
1278 -0.1624780197005257 12.78
1279 -0.161453881815281 12.79
1280 -0.1604588811541336 12.8
1281 -0.1595314807642382 12.81
1282 -0.1583673345552609 12.82
1283 -0.1571952871410772 12.83
1284 -0.1548204007963399 12.84
1285 -0.1526221097737599 12.85
1286 -0.1496125588901409 12.86
1287 -0.1471957625493617 12.87
1288 -0.1444804103232823 12.88
1289 -0.1419633689275726 12.89
1290 -0.1388179071431538 12.9
1291 -0.1351812776877089 12.91
1292 -0.1316874308991691 12.92
1293 -0.1277651604386988 12.93
1294 -0.1236268344989064 12.94
1295 -0.1194448255368833 12.95
1296 -0.1146595287069306 12.96
1297 -0.110544434118094 12.97
1298 -0.1054305309683294 12.98
1299 -0.1005251488105529 12.99
1300 -0.09500487001624314 13
1301 -0.09011699825218804 13.01
1302 -0.08426157703173139 13.02
1303 -0.07815438492835813 13.03
1304 -0.07191678334573172 13.04
1305 -0.06553926953250371 13.05
1306 -0.05955345008577236 13.06
1307 -0.05352584440441494 13.07
1308 -0.04755589264184375 13.08
1309 -0.04140847886989291 13.09
1310 -0.03487240116406127 13.1
1311 -0.02857560751907203 13.11
1312 -0.02290517211888381 13.12
1313 -0.01757951418250027 13.13
1314 -0.01142618627380053 13.14
1315 -0.005366770599434253 13.15
1316 -8.660157472024338e-05 13.16
1317 0.005422697149677201 13.17
1318 0.01023291989746808 13.18
1319 0.01568980269495812 13.19
1320 0.0206506447319919 13.2
1321 0.0251639047412797 13.21
1322 0.02948047044723291 13.22
1323 0.03339541774075624 13.23
1324 0.03757645236172711 13.24
1325 0.04147756081970252 13.25
1326 0.04511059771730998 13.26
1327 0.04831880373411568 13.27
1328 0.05188927047397203 13.28
1329 0.05545157559844215 13.29
1330 0.05891612124488847 13.3
1331 0.06101807243790796 13.31
1332 0.06308607533379447 13.32
1333 0.06506557567040137 13.33
1334 0.06715518281108136 13.34
1335 0.0687390520125615 13.35
1336 0.07010114665489713 13.36
1337 0.07189059050192907 13.37
1338 0.0731732939075309 13.38
1339 0.07439163416997994 13.39
1340 0.07575653689727591 13.4
1341 0.07643905330500293 13.41
1342 0.07772503666717603 13.42
1343 0.07830319511686276 13.43
1344 0.07800458416865692 13.44
1345 0.07874776123938594 13.45
1346 0.07889489569675343 13.46
1347 0.07909421892647719 13.47
1348 0.07864898108137039 13.48
1349 0.07847620159159559 13.49
1350 0.07717245179259882 13.5
1351 0.07606188600463409 13.51
1352 0.07454312857254529 13.52
1353 0.07272392122172008 13.53
1354 0.0719791290881585 13.54
1355 0.07021191625828394 13.55
1356 0.06863681794087156 13.56
1357 0.06674814113267195 13.57
1358 0.06443805792769174 13.58
1359 0.06159511380667852 13.59
1360 0.05810769401865037 13.6
1361 0.05547467273393697 13.61
1362 0.05141814897782651 13.62
1363 0.04830740749520027 13.63
1364 0.0450017858491161 13.64
1365 0.04178827144242788 13.65
1366 0.03888340088566705 13.66
1367 0.03558493317139697 13.67
1368 0.03223895464403339 13.68
1369 0.02889013719070278 13.69
1370 0.02402430532375829 13.7
1371 0.01928073574884861 13.71
1372 0.01471137456821829 13.72
1373 0.009652364150618785 13.73
1374 0.005008956268311706 13.74
1375 3.83646600251105e-05 13.75
1376 -0.004943197123389564 13.76
1377 -0.01041831143564659 13.77
1378 -0.01470926573243691 13.78
1379 -0.01955693591020248 13.79
1380 -0.02557140178186009 13.8
1381 -0.03051250780815918 13.81
1382 -0.0355564350870238 13.82
1383 -0.04132263092080377 13.83
1384 -0.04759947377131656 13.84
1385 -0.05276443078087424 13.85
1386 -0.05699847261710062 13.86
1387 -0.06252532177693021 13.87
1388 -0.06686361059209796 13.88
1389 -0.07222955618726404 13.89
1390 -0.07569485073269697 13.9
1391 -0.07993740695432459 13.91
1392 -0.08360154545165488 13.92
1393 -0.08804614246534138 13.93
1394 -0.09103585333538408 13.94
1395 -0.0933634723015084 13.95
1396 -0.09670547269988396 13.96
1397 -0.09951724590695527 13.97
1398 -0.1021978674405802 13.98
1399 -0.1041051081795104 13.99
1400 -0.105915454804907 14
1401 -0.1073823856742659 14.01
1402 -0.1088792407690248 14.02
1403 -0.1105363795260875 14.03
1404 -0.1120013920722381 14.04
1405 -0.1132364306658526 14.05
1406 -0.1145323196304636 14.06
1407 -0.1155151153081058 14.07
1408 -0.1162542366786384 14.08
1409 -0.1171180312829927 14.09
1410 -0.1178775105447607 14.1
1411 -0.11852191195224 14.11
1412 -0.1191818775750134 14.12
1413 -0.1197511357640299 14.13
1414 -0.1197649365213782 14.14
1415 -0.1197849991859988 14.15
1416 -0.1203372775682606 14.16
1417 -0.1198153543050017 14.17
1418 -0.1195032119450992 14.18
1419 -0.1185175352134457 14.19
1420 -0.1178795254907181 14.2
1421 -0.1166272003044748 14.21
1422 -0.1152245766606673 14.22
1423 -0.1138794590512649 14.23
1424 -0.1129506467516233 14.24
1425 -0.1103276840006531 14.25
1426 -0.1079319626622362 14.26
1427 -0.1057511156714251 14.27
1428 -0.1016599778898814 14.28
1429 -0.09927470679839714 14.29
1430 -0.09670725045836859 14.3
1431 -0.09308276001120783 14.31
1432 -0.08974170589882656 14.32
1433 -0.08718797789816851 14.33
1434 -0.08447409597141176 14.34
1435 -0.08156649025847912 14.35
1436 -0.07924593572797627 14.36
1437 -0.07648004137089141 14.37
1438 -0.0743892603153942 14.38
1439 -0.07231790980166715 14.39
1440 -0.07026802060910833 14.4
1441 -0.06919277454921863 14.41
1442 -0.06718781884926978 14.42
1443 -0.06593101138086667 14.43
1444 -0.06521402712033675 14.44
1445 -0.06461654527038999 14.45
1446 -0.06521199351693657 14.46
1447 -0.06506724973873512 14.47
1448 -0.0645439525788277 14.48
1449 -0.06522477659598522 14.49
1450 -0.06600554234493854 14.5
1451 -0.06687169561937768 14.51
1452 -0.06779491603413576 14.52
1453 -0.06972330924365265 14.53
1454 -0.07073336965731093 14.54
1455 -0.07104113458251785 14.55
1456 -0.07297970072315024 14.56
1457 -0.07454986263745 14.57
1458 -0.07695157878958303 14.58
1459 -0.07974928956722799 14.59
1460 -0.082272973082909 14.6
1461 -0.08495959503759445 14.61
1462 -0.08677741099087551 14.62
1463 -0.08867171735047204 14.63
1464 -0.09031520934135802 14.64
1465 -0.0930521266029521 14.65
1466 -0.09549251487086033 14.66
1467 -0.09830273090435158 14.67
1468 -0.1008334756801476 14.68
1469 -0.1029529973665752 14.69
1470 -0.1057369471066021 14.7
1471 -0.1081290761401498 14.71
1472 -0.1109619397915685 14.72
1473 -0.1131553853026242 14.73
1474 -0.1159499332696392 14.74
1475 -0.1183138006769659 14.75
1476 -0.1210306013709044 14.76
1477 -0.1232549774938541 14.77
1478 -0.1266993099693351 14.78
1479 -0.1293063132338129 14.79
1480 -0.1322412937901209 14.8
1481 -0.1344573973983181 14.81
1482 -0.1365744560153104 14.82
1483 -0.1384071150647699 14.83
1484 -0.140608779296137 14.84
1485 -0.1427308275717675 14.85
1486 -0.1447962619714939 14.86
1487 -0.1473111629189031 14.87
1488 -0.1498746534387411 14.88
1489 -0.1521966003967319 14.89
1490 -0.1550417677359631 14.9
1491 -0.1568981045654712 14.91
1492 -0.1592852611152399 14.92
1493 -0.161250825418724 14.93
1494 -0.16284521356447 14.94
1495 -0.1647961799240174 14.95
1496 -0.1662744757735476 14.96
1497 -0.1678435197104925 14.97
1498 -0.1695274783008071 14.98
1499 -0.1705963223199699 14.99
1500 -0.1718945609458158 15
1501 -0.1729603844170101 15.01
1502 -0.1744930988265525 15.02
1503 -0.1759590437804759 15.03
1504 -0.1770233646292206 15.04
1505 -0.1784985892210183 15.05
1506 -0.1791303818229959 15.06
1507 -0.1794286199117587 15.07
1508 -0.1793726708136667 15.08
1509 -0.1794148412443369 15.09
1510 -0.1797026919595641 15.1
1511 -0.1799442857283491 15.11
1512 -0.1802210559881944 15.12
1513 -0.1796247045947303 15.13
1514 -0.1789301286020768 15.14
1515 -0.1785762879738861 15.15
1516 -0.1776578025523116 15.16
1517 -0.176481119630008 15.17
1518 -0.1747566437699069 15.18
1519 -0.1730760982903031 15.19
1520 -0.1716289873021119 15.2
1521 -0.1699171515623762 15.21
1522 -0.168485445793925 15.22
1523 -0.1658306244851253 15.23
1524 -0.1637950061437051 15.24
1525 -0.1612101696156863 15.25
1526 -0.1588083368175529 15.26
1527 -0.1560652983272016 15.27
1528 -0.1528957241780217 15.28
1529 -0.1499350674252247 15.29
1530 -0.1457417949885894 15.3
1531 -0.1415190101487946 15.31
1532 -0.1374292070526168 15.32
1533 -0.1325350781801174 15.33
1534 -0.1281146420791964 15.34
1535 -0.1232319946533989 15.35
1536 -0.1186666694243112 15.36
1537 -0.1137893678081787 15.37
1538 -0.1084456485245806 15.38
1539 -0.1021124643910434 15.39
1540 -0.09605876318699733 15.4
1541 -0.09103132818501848 15.41
1542 -0.08617174280220893 15.42
1543 -0.07949224272369801 15.43
1544 -0.07323967291356898 15.44
1545 -0.06663074507471253 15.45
1546 -0.06056482369993807 15.46
1547 -0.05433453843993568 15.47
1548 -0.04800153065646368 15.48
1549 -0.04435278066850552 15.49
1550 -0.03880810693084247 15.5
1551 -0.03469417968662022 15.51
1552 -0.0300725271325515 15.52
1553 -0.02742758440527469 15.53
1554 -0.02425454996690063 15.54
1555 -0.02141538844883977 15.55
1556 -0.01891448018084793 15.56
1557 -0.01589722850895905 15.57
1558 -0.01333259444649356 15.58
1559 -0.01075091514759393 15.59
1560 -0.008592032289976244 15.6
1561 -0.006820303763005671 15.61
1562 -0.004812936039422501 15.62
1563 -0.003119911922095618 15.63
1564 -0.001924476011526485 15.64
1565 -0.001002441173801828 15.65
1566 0.0001147672583835695 15.66
1567 -0.0004669496481025221 15.67
1568 -0.0004143088154823472 15.68
1569 -0.0007187361628461917 15.69
1570 -0.0009115171211344066 15.7
1571 -0.00119470063014008 15.71
1572 -0.001761301795683714 15.72
1573 -0.002698764149788678 15.73
1574 -0.003240931172335862 15.74
1575 -0.003841883870453656 15.75
1576 -0.004441929119174398 15.76
1577 -0.005277566165194835 15.77
1578 -0.007158512322320646 15.78
1579 -0.008625329345599154 15.79
1580 -0.01009101235795332 15.8
1581 -0.01140437286306271 15.81
1582 -0.01297148543551508 15.82
1583 -0.01470213122445128 15.83
1584 -0.0177527187540343 15.84
1585 -0.02019275117201755 15.85
1586 -0.02333664419055135 15.86
1587 -0.02589419965203779 15.87
1588 -0.0293241931488582 15.88
1589 -0.03207448767118379 15.89
1590 -0.03543556721133058 15.9
1591 -0.03743740984530589 15.91
1592 -0.04079911991811992 15.92
1593 -0.04436669810832806 15.93
1594 -0.04745480564037118 15.94
1595 -0.05163479492444164 15.95
1596 -0.05558185563630488 15.96
1597 -0.05956048852131864 15.97
1598 -0.063180052245304 15.98
1599 -0.06769674261250339 15.99
1600 -0.07108412561199842 16
1601 -0.07469228798633309 16.01
1602 -0.07858081218110914 16.02
1603 -0.08191298883846604 16.03
1604 -0.08573011551725356 16.04
1605 -0.0892733015214293 16.05
1606 -0.09230308412887359 16.06
1607 -0.09551314844380168 16.07
1608 -0.09876094514953321 16.08
1609 -0.101844606229273 16.09
1610 -0.1053741470337463 16.1
1611 -0.1093203002072225 16.11
1612 -0.1124467463219651 16.12
1613 -0.114870863105846 16.13
1614 -0.1175858360761045 16.14
1615 -0.1205218999859996 16.15
1616 -0.1223369334570586 16.16
1617 -0.124808173914692 16.17
1618 -0.1268722326927729 16.18
1619 -0.1288486244705536 16.19
1620 -0.1316802889177094 16.2
1621 -0.1346719501196118 16.21
1622 -0.1367929421959046 16.22
1623 -0.1393016128654734 16.23
1624 -0.1413140011264483 16.24
1625 -0.1429427599419039 16.25
1626 -0.1447194564091049 16.26
1627 -0.147534045650501 16.27
1628 -0.148567811431673 16.28
1629 -0.1509091702897481 16.29
1630 -0.1528764123720224 16.3
1631 -0.1551321444677178 16.31
1632 -0.1565677985507738 16.32
1633 -0.1584665265071054 16.33
1634 -0.1604380387014024 16.34
1635 -0.162198788945066 16.35
1636 -0.1636443448152114 16.36
1637 -0.1656127033239717 16.37
1638 -0.1669094316611205 16.38
1639 -0.1675197218831154 16.39
1640 -0.1686890765328152 16.4
1641 -0.1701600746281 16.41
1642 -0.1706030264865198 16.42
1643 -0.1715089244790028 16.43
1644 -0.1726925062456433 16.44
1645 -0.1735570417255461 16.45
1646 -0.1743751678584392 16.46
1647 -0.1754249651698764 16.47
1648 -0.1757790486399825 16.48
1649 -0.1749576861339454 16.49
1650 -0.1743571373166911 16.5
1651 -0.1732593780703698 16.51
1652 -0.1715448713024148 16.52
1653 -0.1698333524957618 16.53
1654 -0.1688605585710037 16.54
1655 -0.167306998879923 16.55
1656 -0.165263152015477 16.56
1657 -0.1623734187433072 16.57
1658 -0.1593906020353694 16.58
1659 -0.1566496795677754 16.59
1660 -0.1534753365639782 16.6
1661 -0.1496230160998465 16.61
1662 -0.1453849165490654 16.62
1663 -0.1414008870216858 16.63
1664 -0.1367078960852988 16.64
1665 -0.1322736334071159 16.65
1666 -0.1274173043395699 16.66
1667 -0.1233109211508468 16.67
1668 -0.1190447103455039 16.68
1669 -0.114834662986866 16.69
1670 -0.1102772074085099 16.7
1671 -0.1061895222095893 16.71
1672 -0.1019697884700001 16.72
1673 -0.09818816143447545 16.73
1674 -0.09469143505781619 16.74
1675 -0.09176093621326226 16.75
1676 -0.08842964556499124 16.76
1677 -0.08584792025472428 16.77
1678 -0.0830563332552853 16.78
1679 -0.07996602413996112 16.79
1680 -0.07755202387583347 16.8
1681 -0.07479874648309506 16.81
1682 -0.07351533033457726 16.82
1683 -0.07221509991119311 16.83
1684 -0.07068551352752517 16.84
1685 -0.06890788847917226 16.85
1686 -0.06761784830027454 16.86
1687 -0.06726974585006874 16.87
1688 -0.06661961622998507 16.88
1689 -0.06523924024043218 16.89
1690 -0.06375766147812205 16.9
1691 -0.06301338833970738 16.91
1692 -0.06181644140066207 16.92
1693 -0.06082596988049321 16.93
1694 -0.05963426166309434 16.94
1695 -0.0590552269137759 16.95
1696 -0.05924859025012498 16.96
1697 -0.06036520069274623 16.97
1698 -0.06131471170185291 16.98
1699 -0.06215020244252172 16.99
1700 -0.06271614568283417 17
1701 -0.06352570915961139 17.01
1702 -0.06516743240135936 17.02
1703 -0.06671511087368039 17.03
1704 -0.06795761618575592 17.04
1705 -0.06920537519581078 17.05
1706 -0.07006423841130185 17.06
1707 -0.07124915828744631 17.07
1708 -0.07255103807167769 17.08
1709 -0.07487562321407418 17.09
1710 -0.07619682722335357 17.1
1711 -0.07784716609978104 17.11
1712 -0.07974391638985845 17.12
1713 -0.08217297287779042 17.13
1714 -0.08554283917281401 17.14
1715 -0.08823088133232833 17.15
1716 -0.09018601815988722 17.16
1717 -0.09236316483611592 17.17
1718 -0.09455241182204231 17.18
1719 -0.09705393966750768 17.19
1720 -0.0997577958188243 17.2
1721 -0.1023532472677663 17.21
1722 -0.1048180002237041 17.22
1723 -0.108141166364905 17.23
1724 -0.1116719195868389 17.24
1725 -0.1142513864315065 17.25
1726 -0.1179313215350791 17.26
1727 -0.1208822959340852 17.27
1728 -0.1246431121777493 17.28
1729 -0.1277042227044477 17.29
1730 -0.1310153531730885 17.3
1731 -0.1335406879450867 17.31
1732 -0.1373295279789555 17.32
1733 -0.1404858006452924 17.33
1734 -0.1445045307005925 17.34
1735 -0.1476871698431173 17.35
1736 -0.1508923434058701 17.36
1737 -0.1548068015879461 17.37
1738 -0.1579346568461717 17.38
1739 -0.1608900437862252 17.39
1740 -0.1644996546041029 17.4
1741 -0.1676428554459323 17.41
1742 -0.1705676230812049 17.42
1743 -0.1735042774678984 17.43
1744 -0.1763765071081171 17.44
1745 -0.1790831783150349 17.45
1746 -0.1814976694998233 17.46
1747 -0.1836343103941967 17.47
1748 -0.1854198155419223 17.48
1749 -0.1869172478114793 17.49
1750 -0.1883045345582089 17.5
1751 -0.1897414941369572 17.51
1752 -0.1907576316894502 17.52
1753 -0.1920073402559352 17.53
1754 -0.1926474525981188 17.54
1755 -0.1929308426528275 17.55
1756 -0.192833889955053 17.56
1757 -0.1926832073201704 17.57
1758 -0.1922108165730472 17.58
1759 -0.1912599958576397 17.59
1760 -0.1904435487611687 17.6
1761 -0.1887332366050008 17.61
1762 -0.1870864581881505 17.62
1763 -0.1844171936399957 17.63
1764 -0.1815772397090072 17.64
1765 -0.1788608917496123 17.65
1766 -0.1756968876515668 17.66
1767 -0.1723549546632565 17.67
1768 -0.1697413462469589 17.68
1769 -0.1652092888480783 17.69
1770 -0.1609389282696067 17.7
1771 -0.156048767017417 17.71
1772 -0.1510785314852629 17.72
1773 -0.1461063108876077 17.73
1774 -0.1411212774532391 17.74
1775 -0.13548549683882 17.75
1776 -0.1298826111950487 17.76
1777 -0.1244121639510034 17.77
1778 -0.1185729651885286 17.78
1779 -0.1126178234262122 17.79
1780 -0.1075346301995813 17.8
1781 -0.1007342965034783 17.81
1782 -0.09503196839034365 17.82
1783 -0.08736223328017285 17.83
1784 -0.08113493153282447 17.84
1785 -0.07361536818003941 17.85
1786 -0.06508463680408724 17.86
1787 -0.05932412602140012 17.87
1788 -0.05214227082227903 17.88
1789 -0.04678126538719452 17.89
1790 -0.03903100628908072 17.9
1791 -0.0315356536130665 17.91
1792 -0.02514106978187421 17.92
1793 -0.01839508682293331 17.93
1794 -0.01237483382170206 17.94
1795 -0.006597269882131545 17.95
1796 -0.001631384336492758 17.96
1797 0.002327752700334732 17.97
1798 0.007176647324992787 17.98
1799 0.01181754834632609 17.99
1800 0.01709120382702622 18
1801 0.02102613393644239 18.01
1802 0.02606407303498836 18.02
1803 0.03042994164658862 18.03
1804 0.03481600120703779 18.04
1805 0.03866072925664786 18.05
1806 0.04227770504942131 18.06
1807 0.04607289878063687 18.07
1808 0.04966778454685659 18.08
1809 0.05341048718192454 18.09
1810 0.05628511882589573 18.1
1811 0.05986655989986923 18.11
1812 0.06238921907423016 18.12
1813 0.06454472771056344 18.13
1814 0.06613817369420015 18.14
1815 0.0680210771232916 18.15
1816 0.07059174309853544 18.16
1817 0.07254697536871439 18.17
1818 0.07428529524532117 18.18
1819 0.07618288437132882 18.19
1820 0.07790851206887577 18.2
1821 0.0786750192578141 18.21
1822 0.07948875654300329 18.22
1823 0.07988633823599633 18.23
1824 0.08123216529112096 18.24
1825 0.08175302795270538 18.25
1826 0.08233652728160329 18.26
1827 0.08378362046581368 18.27
1828 0.0842652592372239 18.28
1829 0.08363043077999578 18.29
1830 0.08279701259106448 18.3
1831 0.08215151679409786 18.31
1832 0.08085255272561094 18.32
1833 0.08001469817698965 18.33
1834 0.07837032841100304 18.34
1835 0.07690276419698451 18.35
1836 0.07575310447421531 18.36
1837 0.0746242356582726 18.37
1838 0.0725837245207997 18.38
1839 0.07023715739494468 18.39
1840 0.06786892086150134 18.4
1841 0.06432501722130761 18.41
1842 0.06113195031114897 18.42
1843 0.05787322170081704 18.43
1844 0.05544742722054469 18.44
1845 0.05247915713514914 18.45
1846 0.04901644290841737 18.46
1847 0.04631357696712132 18.47
1848 0.04332666263488666 18.48
1849 0.03954652689926092 18.49
1850 0.03596540845220117 18.5
1851 0.03276747084012702 18.51
1852 0.02923012149997087 18.52
1853 0.0264777714507177 18.53
1854 0.02318340226770697 18.54
1855 0.02050579281416501 18.55
1856 0.01713305683988123 18.56
1857 0.01415260355136943 18.57
1858 0.01157496961626548 18.58
1859 0.008518583554949789 18.59
1860 0.006329852315448469 18.6
1861 0.003697943535472805 18.61
1862 0.00150560975000462 18.62
1863 -0.001495500961023366 18.63
1864 -0.004863994073599793 18.64
1865 -0.008471164365362988 18.65
1866 -0.0112821494164286 18.66
1867 -0.01419912336463768 18.67
1868 -0.01628421658198068 18.68
1869 -0.01844118812510767 18.69
1870 -0.0209049944791152 18.7
1871 -0.02357460719189638 18.71
1872 -0.02613492555173647 18.72
1873 -0.02923187599994533 18.73
1874 -0.03270175460240862 18.74
1875 -0.03652926331135076 18.75
1876 -0.04049773611502511 18.76
1877 -0.04477242848228671 18.77
1878 -0.04864315306396732 18.78
1879 -0.05136644989564707 18.79
1880 -0.05393431384926641 18.8
1881 -0.05702947877080963 18.81
1882 -0.06021963232746382 18.82
1883 -0.06393052245892863 18.83
1884 -0.06657705273973946 18.84
1885 -0.06891531209460035 18.85
1886 -0.07125370264430085 18.86
1887 -0.07337903097493553 18.87
1888 -0.07540369899593946 18.88
1889 -0.07769700252157877 18.89
1890 -0.08006919073203954 18.9
1891 -0.08233472247568853 18.91
1892 -0.08442168503288522 18.92
1893 -0.08626443516483567 18.93
1894 -0.08771067119459418 18.94
1895 -0.08926726104723674 18.95
1896 -0.09040237956784324 18.96
1897 -0.09178768796452146 18.97
1898 -0.09289764696519209 18.98
1899 -0.0939031371120392 18.99
1900 -0.09540748667515676 19
1901 -0.09647480320068064 19.01
1902 -0.09698436863674129 19.02
1903 -0.09781552074252044 19.03
1904 -0.09888741989312648 19.04
1905 -0.09977453390240967 19.05
1906 -0.1005596135225995 19.06
1907 -0.1013536016241205 19.07
1908 -0.1023138722013461 19.08
1909 -0.1027746341080236 19.09
1910 -0.1031891215120482 19.1
1911 -0.1040114139548755 19.11
1912 -0.1044141148482455 19.12
1913 -0.104936977984034 19.13
1914 -0.1058375609668653 19.14
1915 -0.1070943607833196 19.15
1916 -0.1086134695636025 19.16
1917 -0.1098091314451796 19.17
1918 -0.1101355106496184 19.18
1919 -0.1109081860117629 19.19
1920 -0.1123117025768602 19.2
1921 -0.1134806814474739 19.21
1922 -0.1151685695791254 19.22
1923 -0.1167971151964541 19.23
1924 -0.1180646391360237 19.24
1925 -0.1186497353106 19.25
1926 -0.1199996565595557 19.26
1927 -0.121159092897658 19.27
1928 -0.1216209988497721 19.28
1929 -0.1221349445620455 19.29
1930 -0.1236481472211649 19.3
1931 -0.1249021681480496 19.31
1932 -0.12540251834662 19.32
1933 -0.1263975069292689 19.33
1934 -0.1265904743838959 19.34
1935 -0.1266141031644525 19.35
1936 -0.1281775558528606 19.36
1937 -0.1285455250780954 19.37
1938 -0.12891742704601 19.38
1939 -0.129740216112848 19.39
1940 -0.1301222553192393 19.4
1941 -0.1304307554355718 19.41
1942 -0.1307298237600014 19.42
1943 -0.1312303919485694 19.43
1944 -0.13069869207155 19.44
1945 -0.1307283952538354 19.45
1946 -0.1313337317015222 19.46
1947 -0.1303743589965433 19.47
1948 -0.1302531922098831 19.48
1949 -0.1290001845819795 19.49
1950 -0.1282293576675282 19.5
1951 -0.1284303293459684 19.51
1952 -0.1277188679944019 19.52
1953 -0.1265143326583617 19.53
1954 -0.1256785706436574 19.54
1955 -0.1242869957599434 19.55
1956 -0.1234893000554685 19.56
1957 -0.1229549619374554 19.57
1958 -0.1214910268970368 19.58
1959 -0.1202145802630391 19.59
1960 -0.1182908902337237 19.6
1961 -0.1163339944354159 19.61
1962 -0.1146001995420528 19.62
1963 -0.1120912245843511 19.63
1964 -0.1099711640764806 19.64
1965 -0.1085064596396941 19.65
1966 -0.1066275843890821 19.66
1967 -0.104363482850566 19.67
1968 -0.1014000365227629 19.68
1969 -0.09876680056410186 19.69
1970 -0.09698466011650064 19.7
1971 -0.09546678576938718 19.71
1972 -0.09327740664399127 19.72
1973 -0.09127271373130709 19.73
1974 -0.08951025972128182 19.74
1975 -0.08733962626140673 19.75
1976 -0.08624299453942628 19.76
1977 -0.08441404693765696 19.77
1978 -0.08254482288617365 19.78
1979 -0.08128397539355391 19.79
1980 -0.08003012257650371 19.8
1981 -0.07961894764573042 19.81
1982 -0.07906579789518008 19.82
1983 -0.07904417546470517 19.83
1984 -0.08009636541408116 19.84
1985 -0.08001405956236404 19.85
1986 -0.07971086258931803 19.86
1987 -0.07977812522552231 19.87
1988 -0.07983433287580501 19.88
1989 -0.08030292224201659 19.89
1990 -0.08022267286624238 19.9
1991 -0.08027926635918689 19.91
1992 -0.08138553311026672 19.92
1993 -0.08162605921922221 19.93
1994 -0.08199911487387722 19.94
1995 -0.08270975590963814 19.95
1996 -0.08335324952266533 19.96
1997 -0.08397661615622372 19.97
1998 -0.08469119262419395 19.98
1999 -0.08485419833189525 19.99
2000 -0.08523369974330323 20
2001 -0.08586580937542571 20.01
2002 -0.08623901985349236 20.02
2003 -0.08665493589020959 20.03
2004 -0.08697652733556549 20.04
2005 -0.08751824875506595 20.05
2006 -0.08749131286414456 20.06
2007 -0.08748547808587108 20.07
2008 -0.08750979961787336 20.08
2009 -0.0878575828237329 20.09
2010 -0.08799483390537179 20.1
2011 -0.08815039229470642 20.11
2012 -0.08801245914217391 20.12
2013 -0.08774884169205682 20.13
2014 -0.08762419844162225 20.14
2015 -0.08766410655270993 20.15
2016 -0.08758172960792941 20.16
2017 -0.08758002704424617 20.17
2018 -0.08704538482264076 20.18
2019 -0.08595189422777311 20.19
2020 -0.08503773579758396 20.2
2021 -0.08435017731273946 20.21
2022 -0.08389050675487922 20.22
2023 -0.08346825634519166 20.23
2024 -0.08286999798559426 20.24
2025 -0.08205974378769811 20.25
2026 -0.08110476147705671 20.26
2027 -0.08042402039465005 20.27
2028 -0.0789967012515612 20.28
2029 -0.07790979136550377 20.29
2030 -0.07642067015463182 20.3
2031 -0.0746360633028782 20.31
2032 -0.07292518444518487 20.32
2033 -0.07146327538111308 20.33
2034 -0.06968424881295995 20.34
2035 -0.06838436859133558 20.35
2036 -0.06713171478062777 20.36
2037 -0.06507570756264358 20.37
2038 -0.06387610773052542 20.38
2039 -0.06251335091381342 20.39
2040 -0.06067245891931859 20.4
2041 -0.05922681953891363 20.41
2042 -0.05776212047535967 20.42
2043 -0.05630463452155576 20.43
2044 -0.05436042898860258 20.44
2045 -0.05297249646065374 20.45
2046 -0.051169819776551 20.46
2047 -0.04864967455297866 20.47
2048 -0.04660697070273241 20.48
2049 -0.04493469690098731 20.49
2050 -0.04338631582284755 20.5
2051 -0.0418428724917582 20.51
2052 -0.04012097355457624 20.52
2053 -0.03885831498337892 20.53
2054 -0.03773425326255681 20.54
2055 -0.03624165192113174 20.55
2056 -0.03459095745728018 20.56
2057 -0.03328000496270504 20.57
2058 -0.03190311726984895 20.58
2059 -0.03077777571072552 20.59
2060 -0.02935830430356538 20.6
2061 -0.02848822083159629 20.61
2062 -0.02741473409094403 20.62
2063 -0.02646810527313485 20.63
2064 -0.02549083436357015 20.64
2065 -0.02411113033139443 20.65
2066 -0.02335418082584132 20.66
2067 -0.02251108498794861 20.67
2068 -0.02155190973260527 20.68
2069 -0.02050837272771451 20.69
2070 -0.02009595205031577 20.7
2071 -0.0196117717298031 20.71
2072 -0.01917282949054637 20.72
2073 -0.0189620125690412 20.73
2074 -0.01860318849906858 20.74
2075 -0.01839480853944819 20.75
2076 -0.01834306010480794 20.76
2077 -0.01841410244603444 20.77
2078 -0.01848612489676951 20.78
2079 -0.01825901740571519 20.79
2080 -0.01840452740105029 20.8
2081 -0.01858885186346829 20.81
2082 -0.01884329603544557 20.82
2083 -0.01871979645112237 20.83
2084 -0.0188126740387893 20.84
2085 -0.01932063715326766 20.85
2086 -0.02003990552942814 20.86
2087 -0.02050809695186519 20.87
2088 -0.02084711334722416 20.88
2089 -0.02136667758937195 20.89
2090 -0.02177931256667554 20.9
2091 -0.02236677278601512 20.91
2092 -0.02322615076040345 20.92
2093 -0.02386291689863221 20.93
2094 -0.02446965166003841 20.94
2095 -0.0252949571704826 20.95
2096 -0.02638853361917282 20.96
2097 -0.02748835431355383 20.97
2098 -0.02844339336832227 20.98
2099 -0.02943262925943772 20.99
2100 -0.0310398846335834 21
2101 -0.03245844136537169 21.01
2102 -0.03408599699388806 21.02
2103 -0.03548175343233409 21.03
2104 -0.0365060654494656 21.04
2105 -0.03777225783496742 21.05
2106 -0.03893987167107262 21.06
2107 -0.04044641713562501 21.07
2108 -0.04158613091860649 21.08
2109 -0.04315355663712264 21.09
2110 -0.04513528663440373 21.1
2111 -0.04672204563203002 21.11
2112 -0.04846024763988082 21.12
2113 -0.05039288834682917 21.13
2114 -0.05196207342111973 21.14
2115 -0.05368499365474427 21.15
2116 -0.05526876652164274 21.16
2117 -0.05750324379214233 21.17
2118 -0.05910977060950021 21.18
2119 -0.06066384480543187 21.19
2120 -0.0621228905711602 21.2
2121 -0.06368560742309051 21.21
2122 -0.06506221363880164 21.22
2123 -0.06641490751079999 21.23
2124 -0.06807520381622602 21.24
2125 -0.06938818935210116 21.25
2126 -0.07062055837204276 21.26
2127 -0.07213306734642212 21.27
2128 -0.07305507442642872 21.28
2129 -0.07395948530621244 21.29
2130 -0.07535560297596507 21.3
2131 -0.07645571827463328 21.31
2132 -0.07766684440706866 21.32
2133 -0.0791963824468868 21.33
2134 -0.08052020592448424 21.34
2135 -0.08218358070458781 21.35
2136 -0.0834549507518805 21.36
2137 -0.08460982608234029 21.37
2138 -0.08634115646927172 21.38
2139 -0.08763084286863088 21.39
2140 -0.08888507483743428 21.4
2141 -0.09054519387696962 21.41
2142 -0.09195108852513502 21.42
2143 -0.09327556574884542 21.43
2144 -0.09473670178085827 21.44
2145 -0.09591817457535425 21.45
2146 -0.09740133315085635 21.46
2147 -0.09896319749219831 21.47
2148 -0.1005313695460485 21.48
2149 -0.1018899366073882 21.49
2150 -0.1032245932206833 21.5
2151 -0.1045443962629458 21.51
2152 -0.1056886817430691 21.52
2153 -0.1072130133115825 21.53
2154 -0.1085900145671212 21.54
2155 -0.1099231013884076 21.55
2156 -0.1112949386375751 21.56
2157 -0.112351079064562 21.57
2158 -0.1137129300487981 21.58
2159 -0.1147760290119055 21.59
2160 -0.1155456096449925 21.6
2161 -0.1161501647076007 21.61
2162 -0.1169459574243186 21.62
2163 -0.1180247426598104 21.63
2164 -0.1191541353922322 21.64
2165 -0.1200513841447809 21.65
2166 -0.1208473321632848 21.66
2167 -0.1215018807687239 21.67
2168 -0.1224913519114444 21.68
2169 -0.123368097861926 21.69
2170 -0.1236968737726355 21.7
2171 -0.124219122759977 21.71
2172 -0.1242534520335892 21.72
2173 -0.1246200571799988 21.73
2174 -0.1245935568201018 21.74
2175 -0.1244744030984748 21.75
2176 -0.1247226859953297 21.76
2177 -0.1247437878649326 21.77
2178 -0.1245090367808342 21.78
2179 -0.1243378954955378 21.79
2180 -0.1237093105049101 21.8
2181 -0.1234395652715025 21.81
2182 -0.1226372498460725 21.82
2183 -0.1218192676713975 21.83
2184 -0.120840898000825 21.84
2185 -0.1200325290958264 21.85
2186 -0.1192722009456467 21.86
2187 -0.1171811734677078 21.87
2188 -0.1154797629948191 21.88
2189 -0.1131561416491536 21.89
2190 -0.1113575294336944 21.9
2191 -0.110175065636212 21.91
2192 -0.1083962238464963 21.92
2193 -0.1063932811484197 21.93
2194 -0.1045576880731248 21.94
2195 -0.1022825375408082 21.95
2196 -0.1005328378869559 21.96
2197 -0.09813423343494339 21.97
2198 -0.09633055469436354 21.98
2199 -0.09406034865426484 21.99
2200 -0.09232155215016882 22
2201 -0.09049855607817232 22.01
2202 -0.08870219828651231 22.02
2203 -0.08672715725462872 22.03
2204 -0.08479284037047856 22.04
2205 -0.08260634898304528 22.05
2206 -0.08122848028583508 22.06
2207 -0.07982281714464452 22.07
2208 -0.0787786332458595 22.08
2209 -0.07817347292781979 22.09
2210 -0.07773748989525953 22.1
2211 -0.07759357541591104 22.11
2212 -0.07728944751501121 22.12
2213 -0.07707598587690968 22.13
2214 -0.07690846080506102 22.14
2215 -0.07641711545234697 22.15
2216 -0.07542258914317626 22.16
2217 -0.07625411060386508 22.17
2218 -0.0769514875326486 22.18
2219 -0.07742842372781747 22.19
2220 -0.07960863179136539 22.2
2221 -0.08126523246907692 22.21
2222 -0.08247363818383557 22.22
2223 -0.08341643166080717 22.23
2224 -0.08487618127573213 22.24
2225 -0.08553031799886139 22.25
2226 -0.08632700621336015 22.26
2227 -0.08750465125662131 22.27
2228 -0.08863315583532523 22.28
2229 -0.08898223836647311 22.29
2230 -0.09040942370361435 22.3
2231 -0.09173877111592635 22.31
2232 -0.09247427172566813 22.32
2233 -0.09333714910821184 22.33
2234 -0.09428154532982877 22.34
2235 -0.09539081431806082 22.35
2236 -0.09625072034329264 22.36
2237 -0.09757977027417618 22.37
2238 -0.09875773303922582 22.38
2239 -0.1001508828006486 22.39
2240 -0.1012494061440516 22.4
2241 -0.1021745414889347 22.41
2242 -0.1032104238279631 22.42
2243 -0.1040918948131149 22.43
2244 -0.104904352734687 22.44
2245 -0.1063842328252466 22.45
2246 -0.1065580389604354 22.46
2247 -0.1077567580364757 22.47
2248 -0.1077902472132385 22.48
2249 -0.1086894956014174 22.49
2250 -0.1092527434280366 22.5
2251 -0.1099029120994617 22.51
2252 -0.1100898381593197 22.52
2253 -0.1102053978705658 22.53
2254 -0.1104261357443173 22.54
2255 -0.110210077010237 22.55
2256 -0.1095366363940064 22.56
2257 -0.1090742181894156 22.57
2258 -0.109129135559778 22.58
2259 -0.1082452733421173 22.59
2260 -0.1080816797456246 22.6
2261 -0.1081160207392694 22.61
2262 -0.1086042443960133 22.62
2263 -0.1083876019107482 22.63
2264 -0.1086480720174436 22.64
2265 -0.1084220107701563 22.65
2266 -0.1076411374903068 22.66
2267 -0.1068553055178818 22.67
2268 -0.1055571755438002 22.68
2269 -0.1041958223878547 22.69
2270 -0.1026664591480113 22.7
2271 -0.1017876870284583 22.71
2272 -0.1005595901014666 22.72
2273 -0.09935343911033773 22.73
2274 -0.09782869723984021 22.74
2275 -0.09635016252542215 22.75
2276 -0.09534157494075808 22.76
2277 -0.09433929172763558 22.77
2278 -0.09331660320882365 22.78
2279 -0.09201885731232633 22.79
2280 -0.09082305547084131 22.8
2281 -0.08965096600934945 22.81
2282 -0.08851176294440258 22.82
2283 -0.08694088180920483 22.83
2284 -0.08579266260646186 22.84
2285 -0.0845192900509902 22.85
2286 -0.08325923620687799 22.86
2287 -0.08184237164358329 22.87
2288 -0.08038333033660766 22.88
2289 -0.07893596228949584 22.89
2290 -0.07758536372948605 22.9
2291 -0.07635074963787648 22.91
2292 -0.07490644971604146 22.92
2293 -0.07314970182673942 22.93
2294 -0.07160744684450218 22.94
2295 -0.07023937332422783 22.95
2296 -0.06866613527335964 22.96
2297 -0.06766405100720622 22.97
2298 -0.06645567111744191 22.98
2299 -0.06517565790351974 22.99
2300 -0.06366310575661289 23
2301 -0.06237702532711271 23.01
2302 -0.06152604398104879 23.02
2303 -0.06049552753903085 23.03
2304 -0.05975720018696289 23.04
2305 -0.05900285798729341 23.05
2306 -0.05782690781448408 23.06
2307 -0.05679695145176401 23.07
2308 -0.0559908058513652 23.08
2309 -0.05505669617393707 23.09
2310 -0.05382883369006806 23.1
2311 -0.05272755170664892 23.11
2312 -0.05150117663238036 23.12
2313 -0.04984797480145859 23.13
2314 -0.04836360156563784 23.14
2315 -0.0471157074565668 23.15
2316 -0.04551813257232546 23.16
2317 -0.04418843672229444 23.17
2318 -0.04294276907499735 23.18
2319 -0.041948937567056 23.19
2320 -0.04101665569878089 23.2
2321 -0.04017241254108065 23.21
2322 -0.03904353163016369 23.22
2323 -0.03760868592368882 23.23
2324 -0.03646194608453884 23.24
2325 -0.03517404906425438 23.25
2326 -0.03343780501196879 23.26
2327 -0.03210435366571571 23.27
2328 -0.03034886922525224 23.28
2329 -0.0291090085461551 23.29
2330 -0.02789985221373925 23.3
2331 -0.0265592119374844 23.31
2332 -0.02525866009778211 23.32
2333 -0.0240627288513381 23.33
2334 -0.02321653520173362 23.34
2335 -0.0224782810209721 23.35
2336 -0.02216393296438377 23.36
2337 -0.02147972084319019 23.37
2338 -0.02052771783566658 23.38
2339 -0.01960258867526142 23.39
2340 -0.01863266911274487 23.4
2341 -0.01738354316031648 23.41
2342 -0.0161416432113783 23.42
2343 -0.01543427546922391 23.43
2344 -0.01484140158629972 23.44
2345 -0.01452215776749564 23.45
2346 -0.01413071731103569 23.46
2347 -0.01368566887401355 23.47
2348 -0.01350172046142179 23.48
2349 -0.01351670454400137 23.49
2350 -0.01369228745648666 23.5
2351 -0.01429559075674695 23.51
2352 -0.01469728591387499 23.52
2353 -0.01521364045728857 23.53
2354 -0.01592858617295627 23.54
2355 -0.01658453574124454 23.55
2356 -0.0170912897269805 23.56
2357 -0.01788586052551882 23.57
2358 -0.01854709691058509 23.58
2359 -0.01930880516196862 23.59
2360 -0.02030619719850124 23.6
2361 -0.02136663992519133 23.61
2362 -0.02298033465381176 23.62
2363 -0.02471643239021671 23.63
2364 -0.02598015020634831 23.64
2365 -0.02733511440981077 23.65
2366 -0.02919151078737267 23.66
2367 -0.03061758969075298 23.67
2368 -0.03209371860455937 23.68
2369 -0.03395691339010601 23.69
2370 -0.03558559629069156 23.7
2371 -0.03708547680985905 23.71
2372 -0.03848667514263744 23.72
2373 -0.04048111140850106 23.73
2374 -0.04188232441617688 23.74
2375 -0.04341567852792643 23.75
2376 -0.04500048870092158 23.76
2377 -0.04702805634492174 23.77
2378 -0.04855661045736793 23.78
2379 -0.05026981413597131 23.79
2380 -0.0520094867564699 23.8
2381 -0.05416162696079337 23.81
2382 -0.05570889744101886 23.82
2383 -0.05719873217058397 23.83
2384 -0.05883462172430211 23.84
2385 -0.06069407642465269 23.85
2386 -0.06194784444857445 23.86
2387 -0.06324685478681492 23.87
2388 -0.06494135782516516 23.88
2389 -0.06615777041307033 23.89
2390 -0.06740940307137082 23.9
2391 -0.06876952627548463 23.91
2392 -0.07056357244420032 23.92
2393 -0.0717113533292069 23.93
2394 -0.07286602781346518 23.94
2395 -0.07384137651717976 23.95
2396 -0.07460467314063367 23.96
2397 -0.07579671643308218 23.97
2398 -0.07676013156463084 23.98
2399 -0.07742979961557991 23.99
2400 -0.07811410424932691 24
2401 -0.07884226101889792 24.01
2402 -0.07962430291626096 24.02
2403 -0.0803294952704617 24.03
2404 -0.08114071222739272 24.04
2405 -0.08197208535381574 24.05
2406 -0.08264628688361851 24.06
2407 -0.08320888473858336 24.07
2408 -0.08353770581322097 24.08
2409 -0.08381014399071188 24.09
2410 -0.08438525663906686 24.1
2411 -0.08474083917162621 24.11
2412 -0.08531393692813161 24.12
2413 -0.08589148360617482 24.13
2414 -0.08630863929098334 24.14
2415 -0.0869861181273338 24.15
2416 -0.08731691617162674 24.16
2417 -0.08781991182021498 24.17
2418 -0.08847020739048099 24.18
2419 -0.08912206197689181 24.19
2420 -0.09011963390651156 24.2
2421 -0.09062593709534621 24.21
2422 -0.09148687643504445 24.22
2423 -0.09203328061461152 24.23
2424 -0.09267147678403416 24.24
2425 -0.09341811465717036 24.25
2426 -0.09412087552916243 24.26
2427 -0.09463502733907153 24.27
2428 -0.09509738650097263 24.28
2429 -0.09555323501086435 24.29
2430 -0.09621640621002683 24.3
2431 -0.09703518501263847 24.31
2432 -0.09719418180726026 24.32
2433 -0.0976423023999862 24.33
2434 -0.09802453284090611 24.34
2435 -0.09835936448454781 24.35
2436 -0.09876223565307109 24.36
2437 -0.09935526174559882 24.37
2438 -0.09979843338069753 24.38
2439 -0.10017299668654 24.39
2440 -0.100590413467839 24.4
2441 -0.1009187301657871 24.41
2442 -0.1013670391665571 24.42
2443 -0.1015075944582487 24.43
2444 -0.1016632213908349 24.44
2445 -0.1018154781978168 24.45
2446 -0.1015687918874254 24.46
2447 -0.101757646356346 24.47
2448 -0.101573608755682 24.48
2449 -0.1012600390000702 24.49
2450 -0.1011367297453043 24.5
2451 -0.1010937920037946 24.51
2452 -0.101000435048071 24.52
2453 -0.1009718239446037 24.53
2454 -0.1008840424747566 24.54
2455 -0.1007859658881163 24.55
2456 -0.100572044516774 24.56
2457 -0.09977888664283559 24.57
2458 -0.1000040604219734 24.58
2459 -0.1002498169177066 24.59
2460 -0.1003394699062307 24.6
2461 -0.1002172984508544 24.61
2462 -0.09986243263122392 24.62
2463 -0.09951250426358159 24.63
2464 -0.09889123993313252 24.64
2465 -0.09864830093289124 24.65
2466 -0.09811862862028363 24.66
2467 -0.09813783285250431 24.67
2468 -0.09759847316787321 24.68
2469 -0.0972764138880011 24.69
2470 -0.09630754372479895 24.7
2471 -0.09595308672483048 24.71
2472 -0.09535914509932267 24.72
2473 -0.09479319334066109 24.73
2474 -0.09430102011626737 24.74
2475 -0.09416629993745691 24.75
2476 -0.09414506797669181 24.76
2477 -0.09396353674143562 24.77
2478 -0.09358334087747416 24.78
2479 -0.09360949793769426 24.79
2480 -0.09365834544656813 24.8
2481 -0.09360904876617263 24.81
2482 -0.09341037045887138 24.82
2483 -0.09316813260415403 24.83
2484 -0.09291107119237438 24.84
2485 -0.09247016033215855 24.85
2486 -0.09228304158656683 24.86
2487 -0.09207149681554153 24.87
2488 -0.09198371550920154 24.88
2489 -0.09203128780126574 24.89
2490 -0.09231569506313969 24.9
2491 -0.09263474670056561 24.91
2492 -0.09235216989700545 24.92
2493 -0.09167287939855807 24.93
2494 -0.09187576525019783 24.94
2495 -0.09224033534300806 24.95
2496 -0.09252627399473351 24.96
2497 -0.09316258257410809 24.97
2498 -0.09336149168648887 24.98
2499 -0.09340641824823946 24.99
2500 -0.09321039356172625 25
2501 -0.09283203099202794 25.01
2502 -0.09253879089239019 25.02
2503 -0.09267720073419997 25.03
2504 -0.09214292800385336 25.04
2505 -0.09203362930602287 25.05
2506 -0.09177781414457828 25.06
2507 -0.09139133617667707 25.07
2508 -0.09176298436100142 25.08
2509 -0.09134341217727629 25.09
2510 -0.09105457715767613 25.1
2511 -0.0908569718570197 25.11
2512 -0.09023728026701434 25.12
2513 -0.08996178935987863 25.13
2514 -0.0893547923771426 25.14
2515 -0.08897119724047999 25.15
2516 -0.08826411527694195 25.16
2517 -0.08745040235018411 25.17
2518 -0.08696834532629745 25.18
2519 -0.08659676393058025 25.19
2520 -0.08571776469899406 25.2
2521 -0.08459659258844125 25.21
2522 -0.08366793178435337 25.22
2523 -0.08222486162578838 25.23
2524 -0.08116655901560188 25.24
2525 -0.08018657758262308 25.25
2526 -0.07904044686589259 25.26
2527 -0.07803560794159528 25.27
2528 -0.07716941026282439 25.28
2529 -0.07604853602586951 25.29
2530 -0.07485999323590399 25.3
2531 -0.07363454451444852 25.31
2532 -0.07188159546797095 25.32
2533 -0.0705920886542291 25.33
2534 -0.06986145247905899 25.34
2535 -0.06868327272907238 25.35
2536 -0.06732413597783039 25.36
2537 -0.06676547062161296 25.37
2538 -0.06602084274647839 25.38
2539 -0.06544249086060692 25.39
2540 -0.06504587346376009 25.4
2541 -0.06441733377829822 25.41
2542 -0.06379088198706355 25.42
2543 -0.06323245408299949 25.43
2544 -0.06290818718048374 25.44
2545 -0.06283046605522898 25.45
2546 -0.06258070098649646 25.46
2547 -0.06234335022407803 25.47
2548 -0.06252066367131039 25.48
2549 -0.06281952697623477 25.49
2550 -0.06228108388799873 25.5
2551 -0.06241069568395217 25.51
2552 -0.06332928269691797 25.52
2553 -0.06413355011364627 25.53
2554 -0.06502505167446972 25.54
2555 -0.06599947217914476 25.55
2556 -0.06687416892914466 25.56
2557 -0.0669536458655255 25.57
2558 -0.06731874098855448 25.58
2559 -0.06788417174643524 25.59
2560 -0.06800038601712302 25.6
2561 -0.06813435927325867 25.61
2562 -0.06866023983527732 25.62
2563 -0.06884303364950235 25.63
2564 -0.06975464545739166 25.64
2565 -0.07034674583695137 25.65
2566 -0.07101344085698337 25.66
2567 -0.0716266064069202 25.67
2568 -0.0720244517145248 25.68
2569 -0.07227269557348152 25.69
2570 -0.07179699468806736 25.7
2571 -0.07227073142808019 25.71
2572 -0.07263254031057159 25.72
2573 -0.07224589863670826 25.73
2574 -0.07193242347354037 25.74
2575 -0.07168628372590849 25.75
2576 -0.07113005631340191 25.76
2577 -0.07081610177230706 25.77
2578 -0.07083557224650579 25.78
2579 -0.07121449202002447 25.79
2580 -0.07069781672126736 25.8
2581 -0.06999408643006053 25.81
2582 -0.06950647975287896 25.82
2583 -0.06876630747431257 25.83
2584 -0.06795472946289668 25.84
2585 -0.06715697322059042 25.85
2586 -0.06680322387413491 25.86
2587 -0.06648759424085138 25.87
2588 -0.06604483887146775 25.88
2589 -0.06559966099270459 25.89
2590 -0.06484638847415719 25.9
2591 -0.06438019309231859 25.91
2592 -0.06405058324096688 25.92
2593 -0.06417514078085333 25.93
2594 -0.06442456511966478 25.94
2595 -0.06468587022196497 25.95
2596 -0.06507827349509686 25.96
2597 -0.06558400929088533 25.97
2598 -0.06567568662407726 25.98
2599 -0.06561044355965825 25.99
2600 -0.06560582837085853 26
2601 -0.06564227607832201 26.01
2602 -0.06569652105517472 26.02
2603 -0.06610494952591942 26.03
2604 -0.06658854816039746 26.04
2605 -0.06707475864068663 26.05
2606 -0.06789200194922056 26.06
2607 -0.06840690375434533 26.07
2608 -0.06864806855488913 26.08
2609 -0.06929219982037059 26.09
2610 -0.06927830475782952 26.1
2611 -0.06952482567859276 26.11
2612 -0.06981009036612768 26.12
2613 -0.07007079974084285 26.13
2614 -0.07052787897178055 26.14
2615 -0.07066790951224375 26.15
2616 -0.07109616364816156 26.16
2617 -0.07151585578796892 26.17
2618 -0.0720293738106849 26.18
2619 -0.07239595307114614 26.19
2620 -0.07270160311197812 26.2
2621 -0.073212343612529 26.21
2622 -0.07356258487898983 26.22
2623 -0.07386316943082798 26.23
2624 -0.07433379351542063 26.24
2625 -0.07438601144226825 26.25
2626 -0.074318359089015 26.26
2627 -0.0745738692257898 26.27
2628 -0.07462177185744123 26.28
2629 -0.07474401101278065 26.29
2630 -0.07510429134750964 26.3
2631 -0.07538334226077184 26.31
2632 -0.07568074209873007 26.32
2633 -0.0762074960534381 26.33
2634 -0.07654200114638064 26.34
2635 -0.07710559212071294 26.35
2636 -0.07771562337102784 26.36
2637 -0.07805614518308397 26.37
2638 -0.07834765782827161 26.38
2639 -0.07850232951364625 26.39
2640 -0.07868601517487075 26.4
2641 -0.07889962503078776 26.41
2642 -0.07909341740194138 26.42
2643 -0.07955049388061629 26.43
2644 -0.08006668431773575 26.44
2645 -0.08064060577182607 26.45
2646 -0.08102654378929225 26.46
2647 -0.08120178277787497 26.47
2648 -0.08153532304130538 26.48
2649 -0.08173539676506755 26.49
2650 -0.08202440645709534 26.5
2651 -0.08222683493910657 26.51
2652 -0.08240892504039338 26.52
2653 -0.08258465098631473 26.53
2654 -0.08317777295611815 26.54
2655 -0.08371950455112341 26.55
2656 -0.08431587429914437 26.56
2657 -0.08452462269673991 26.57
2658 -0.08505177037899866 26.58
2659 -0.08565689778990185 26.59
2660 -0.08626778355215418 26.6
2661 -0.08620297638625826 26.61
2662 -0.08628990398244242 26.62
2663 -0.08634228841595427 26.63
2664 -0.08622052102799821 26.64
2665 -0.0863237032553321 26.65
2666 -0.08677938553186208 26.66
2667 -0.0870769320372763 26.67
2668 -0.08709196208265735 26.68
2669 -0.08707881173827334 26.69
2670 -0.08710603370919177 26.7
2671 -0.08693211946309599 26.71
2672 -0.0869999928276607 26.72
2673 -0.08716058671146497 26.73
2674 -0.08730876239647752 26.74
2675 -0.08759581322320178 26.75
2676 -0.08772707718545503 26.76
2677 -0.08770708087133282 26.77
2678 -0.08744810681894093 26.78
2679 -0.08719186744321129 26.79
2680 -0.0871213102466958 26.8
2681 -0.08703563558681852 26.81
2682 -0.08699521595777866 26.82
2683 -0.08679874068371043 26.83
2684 -0.08687031124159161 26.84
2685 -0.08682414083273135 26.85
2686 -0.08687813146789046 26.86
2687 -0.08693672209096204 26.87
2688 -0.08688534009214825 26.88
2689 -0.08677693305837193 26.89
2690 -0.08666560316086494 26.9
2691 -0.08700698645934316 26.91
2692 -0.08663752870316549 26.92
2693 -0.08647132779022222 26.93
2694 -0.08615719878555826 26.94
2695 -0.08593670723149587 26.95
2696 -0.08578835292293137 26.96
2697 -0.08589473073166715 26.97
2698 -0.08628783323592679 26.98
2699 -0.08654858570057775 26.99
2700 -0.08664814668151075 27
2701 -0.08653292765338683 27.01
2702 -0.0864082583560298 27.02
2703 -0.08648947709641155 27.03
2704 -0.08616395820197079 27.04
2705 -0.0856091852677273 27.05
2706 -0.0852035750052742 27.06
2707 -0.08494453454591588 27.07
2708 -0.08477448144778993 27.08
2709 -0.08469850408764155 27.09
2710 -0.08454375041713272 27.1
2711 -0.08433472562821187 27.11
2712 -0.08399453745250517 27.12
2713 -0.08375911239255862 27.13
2714 -0.08345033341417862 27.14
2715 -0.08313806208972035 27.15
2716 -0.08278440663424264 27.16
2717 -0.08280624145045587 27.17
2718 -0.08231258745676026 27.18
2719 -0.08157193288673231 27.19
2720 -0.0808920965135448 27.2
2721 -0.08025827658922635 27.21
2722 -0.07959925497831506 27.22
2723 -0.07917541093542568 27.23
2724 -0.07860107685164817 27.24
2725 -0.07809999310281533 27.25
2726 -0.07737103865608209 27.26
2727 -0.07638307987071084 27.27
2728 -0.0756245588262868 27.28
2729 -0.07503444391803381 27.29
2730 -0.07421403543322601 27.3
2731 -0.07386026843671113 27.31
2732 -0.073430996233862 27.32
2733 -0.07269725718051478 27.33
2734 -0.07196057043094781 27.34
2735 -0.07112495589240626 27.35
2736 -0.06974066890714081 27.36
2737 -0.06917558791435467 27.37
2738 -0.0682402257480461 27.38
2739 -0.06717996521461873 27.39
2740 -0.06626520856313838 27.4
2741 -0.06531785363230819 27.41
2742 -0.06468766876531183 27.42
2743 -0.06379367616825302 27.43
2744 -0.06289054367093566 27.44
2745 -0.06212480490516772 27.45
2746 -0.06144838500300265 27.46
2747 -0.06035019626045922 27.47
2748 -0.05940876907539991 27.48
2749 -0.05864516336672665 27.49
2750 -0.05779933572199709 27.5
2751 -0.05672953436080463 27.51
2752 -0.05583807538366514 27.52
2753 -0.05508973325662962 27.53
2754 -0.05427799484107236 27.54
2755 -0.05348481268516325 27.55
2756 -0.05289817332186825 27.56
2757 -0.05217746956759143 27.57
2758 -0.05149556407077439 27.58
2759 -0.05041318006029284 27.59
2760 -0.04942138936964827 27.6
2761 -0.04860248045508331 27.61
2762 -0.04799605989143545 27.62
2763 -0.04728353650665934 27.63
2764 -0.04634950584987942 27.64
2765 -0.04561554532198497 27.65
2766 -0.04462651670660375 27.66
2767 -0.04374541577237812 27.67
2768 -0.04259777591926719 27.68
2769 -0.04167141671440712 27.69
2770 -0.04103567277645475 27.7
2771 -0.04012927845115054 27.71
2772 -0.03936457585800356 27.72
2773 -0.03861659953763339 27.73
2774 -0.03780152655356676 27.74
2775 -0.03709985507270253 27.75
2776 -0.03617339051470414 27.76
2777 -0.03510212893402389 27.77
2778 -0.0339898562141774 27.78
2779 -0.03297900274914645 27.79
2780 -0.03213481497876371 27.8
2781 -0.03143576485765594 27.81
2782 -0.03053618118952596 27.82
2783 -0.02954984319188117 27.83
2784 -0.02880626543538219 27.84
2785 -0.02794167324037139 27.85
2786 -0.02694753167501807 27.86
2787 -0.02576298906750269 27.87
2788 -0.02478477450597275 27.88
2789 -0.02375551172656985 27.89
2790 -0.02257552029347869 27.9
2791 -0.02160762808721836 27.91
2792 -0.02060825484924584 27.92
2793 -0.01947284522254402 27.93
2794 -0.01877397168024571 27.94
2795 -0.01786533327010493 27.95
2796 -0.01699413279382642 27.96
2797 -0.01595037235102995 27.97
2798 -0.01490671427302988 27.98
2799 -0.01394848534153549 27.99
2800 -0.01302405101539646 28
2801 -0.01214120350666078 28.01
2802 -0.01105693710437544 28.02
2803 -0.01016192653046053 28.03
2804 -0.00932176432596534 28.04
2805 -0.008598047852562648 28.05
2806 -0.008030827170549567 28.06
2807 -0.007340570044053755 28.07
2808 -0.006580825664850604 28.08
2809 -0.005677885251352437 28.09
2810 -0.004656556311316349 28.1
2811 -0.003684674781536517 28.11
2812 -0.002788409830417494 28.12
2813 -0.001972313248295359 28.13
2814 -0.001269857501248124 28.14
2815 -0.0006742841422983407 28.15
2816 7.690149079915653e-05 28.16
2817 0.00105739094721589 28.17
2818 0.002042417640764721 28.18
2819 0.002563202533373411 28.19
2820 0.003277659202243307 28.2
2821 0.00424088538251731 28.21
2822 0.004818202699336493 28.22
2823 0.005522007665568924 28.23
2824 0.006132009369248985 28.24
2825 0.006932888274188973 28.25
2826 0.007537598281823247 28.26
2827 0.008130952747842795 28.27
2828 0.008924151661818921 28.28
2829 0.009538836081696894 28.29
2830 0.009962692587783407 28.3
2831 0.010685691924319 28.31
2832 0.01128204646103532 28.32
2833 0.01160618302562757 28.33
2834 0.01161604027928466 28.34
2835 0.01180384222563506 28.35
2836 0.01196138688105188 28.36
2837 0.01248543275013397 28.37
2838 0.0128253458181725 28.38
2839 0.01277295548399215 28.39
2840 0.01304168812709823 28.4
2841 0.01310539122069578 28.41
2842 0.01317905448306501 28.42
2843 0.01326421255780696 28.43
2844 0.01330417402915207 28.44
2845 0.01305164508482478 28.45
2846 0.0128243365002192 28.46
2847 0.01242193090828317 28.47
2848 0.01223144233875745 28.48
2849 0.01161887733101939 28.49
2850 0.01120735942551767 28.5
2851 0.0113816910826948 28.51
2852 0.01117585509772043 28.52
2853 0.01077201779814447 28.53
2854 0.01018343628035743 28.54
2855 0.009439015046262258 28.55
2856 0.008716824987254575 28.56
2857 0.007650140574713448 28.57
2858 0.006684525349439 28.58
2859 0.005567931736872751 28.59
2860 0.004543259621514559 28.6
2861 0.003074817621461323 28.61
2862 0.002224456927433037 28.62
2863 0.001218157362766021 28.63
2864 0.0002775430808988307 28.64
2865 -0.0009781444966792145 28.65
2866 -0.001630803258687495 28.66
2867 -0.002458578381380463 28.67
2868 -0.00350458716803633 28.68
2869 -0.005056825617391213 28.69
2870 -0.006296061339126575 28.7
2871 -0.007758728762893647 28.71
2872 -0.009962470587433232 28.72
2873 -0.01141635240273655 28.73
2874 -0.01352559569660827 28.74
2875 -0.01528512993177188 28.75
2876 -0.01716286985227856 28.76
2877 -0.0186415937354105 28.77
2878 -0.02041955929136048 28.78
2879 -0.0217908297612417 28.79
2880 -0.02348347819710829 28.8
2881 -0.02501070431680459 28.81
2882 -0.02652294457481515 28.82
2883 -0.02776481228551652 28.83
2884 -0.02966986289237505 28.84
2885 -0.03119163156724862 28.85
2886 -0.03295361757218537 28.86
2887 -0.03410286424085077 28.87
2888 -0.03581278703880343 28.88
2889 -0.03758236347034436 28.89
2890 -0.03862999470717218 28.9
2891 -0.04023956247382352 28.91
2892 -0.0420329623904472 28.92
2893 -0.04359981154536664 28.93
2894 -0.04537727407716417 28.94
2895 -0.04674626426643161 28.95
2896 -0.04834754228195088 28.96
2897 -0.04943427711309913 28.97
2898 -0.0510124003144177 28.98
2899 -0.05222916837021942 28.99
2900 -0.05358723320091553 29
2901 -0.05465492837089526 29.01
2902 -0.05587380808452565 29.02
2903 -0.05659434698576008 29.03
2904 -0.05761212866915769 29.04
2905 -0.0589576951125646 29.05
2906 -0.05985754078177975 29.06
2907 -0.0610032286221534 29.07
2908 -0.06249556896586961 29.08
2909 -0.06334964481943126 29.09
2910 -0.06455209049682832 29.1
2911 -0.06541769995235708 29.11
2912 -0.06653524921977481 29.12
2913 -0.06765618713574112 29.13
2914 -0.06836278508001363 29.14
2915 -0.06929800554640801 29.15
2916 -0.07016360281773586 29.16
2917 -0.07092338351926027 29.17
2918 -0.07164413812134647 29.18
2919 -0.07249563916576059 29.19
2920 -0.07304433981043719 29.2
2921 -0.07402727744627856 29.21
2922 -0.07457773006023678 29.22
2923 -0.07490659238521412 29.23
2924 -0.07571086197975607 29.24
2925 -0.07614622962152807 29.25
2926 -0.07692587113709044 29.26
2927 -0.07760989468003789 29.27
2928 -0.07828904751577849 29.28
2929 -0.07950244507817736 29.29
2930 -0.07997659109333009 29.3
2931 -0.08041010985108989 29.31
2932 -0.08099699604887815 29.32
2933 -0.08141086704559122 29.33
2934 -0.08172910594130035 29.34
2935 -0.08185234029461662 29.35
2936 -0.08214634472127076 29.36
2937 -0.08214822445168946 29.37
2938 -0.08225883038142497 29.38
2939 -0.0824618558809114 29.39
2940 -0.08267181196419551 29.4
2941 -0.08308754544616208 29.41
2942 -0.08328189365517884 29.42
2943 -0.08324507612253428 29.43
2944 -0.08321673507368277 29.44
2945 -0.08336050938499244 29.45
2946 -0.08343315815291835 29.46
2947 -0.08322941313756413 29.47
2948 -0.08325986809911501 29.48
2949 -0.08305727781844893 29.49
2950 -0.08314245219939037 29.5
2951 -0.08311049595760467 29.51
2952 -0.08297827822439591 29.52
2953 -0.08275869821830738 29.53
2954 -0.08248428792208501 29.54
2955 -0.08226496171478685 29.55
2956 -0.08198698226478701 29.56
2957 -0.08177499797536389 29.57
2958 -0.08115872652795489 29.58
2959 -0.08071403812866329 29.59
2960 -0.08026228639589252 29.6
2961 -0.07972993063411012 29.61
2962 -0.07936616071812221 29.62
2963 -0.07899753107846537 29.63
2964 -0.07855233475963064 29.64
2965 -0.07825069280931246 29.65
2966 -0.07796117761201686 29.66
2967 -0.077678738030906 29.67
2968 -0.07735628938816941 29.68
2969 -0.0767952525908239 29.69
2970 -0.07635991382031986 29.7
2971 -0.07570645863733898 29.71
2972 -0.07517467864889089 29.72
2973 -0.07456614300868132 29.73
2974 -0.07391802667538579 29.74
2975 -0.0731809167763765 29.75
2976 -0.07263346843623494 29.76
2977 -0.07204721708952976 29.77
2978 -0.07130835979013701 29.78
2979 -0.07070896408939087 29.79
2980 -0.07003868309228178 29.8
2981 -0.06926901421226835 29.81
2982 -0.06855524020190099 29.82
2983 -0.0678545099896362 29.83
2984 -0.06715317925154847 29.84
2985 -0.06640857863670867 29.85
2986 -0.06569586024588281 29.86
2987 -0.06494718506266442 29.87
2988 -0.06413463600673731 29.88
2989 -0.06333363651445531 29.89
2990 -0.0621827040339397 29.9
2991 -0.0614850299244445 29.91
2992 -0.0610258912632924 29.92
2993 -0.0603182064244169 29.93
2994 -0.05947568919721601 29.94
2995 -0.05902393980249956 29.95
2996 -0.05829803167614684 29.96
2997 -0.05767207307133922 29.97
2998 -0.05669956535412884 29.98
2999 -0.05567662432515781 29.99
3000 -0.05499432405986349 30
