"x-force-rfile"
"Time Step" "x-force etc.."
("Time Step" "x-force" "flow-time")
0 2.423380700838948e-27 0
1 224.0116915323969 0.01
2 5.20779753774903 0.02
3 -1.631631256004388 0.03
4 -3.071981233299727 0.04
5 -1.893273720902506 0.05
6 0.2638060214252871 0.06
7 0.9881252852832247 0.07000000000000001
8 0.4407669545253698 0.08
9 -0.175602195432452 0.09
10 -0.2837840828558784 0.1
11 -0.1284267987041448 0.11
12 0.0371264830883149 0.12
13 0.06764575191757598 0.13
14 0.0242435695227044 0.14
15 -0.01486154695601194 0.15
16 -0.02549723179631325 0.16
17 -0.03152257863006219 0.17
18 -0.03015572969366076 0.18
19 -0.01494658309596392 0.19
20 -0.005881668819406029 0.2
21 -0.005655284600770888 0.21
22 -0.00400174128409253 0.22
23 -0.01139549044941701 0.23
24 -0.01101909913641874 0.24
25 -0.002919828896795623 0.25
26 -0.004881161158400302 0.26
27 -0.003600479744366586 0.27
28 0.0001061640985515755 0.28
29 0.003087582146070716 0.29
30 0.009500592162610177 0.3
31 0.01436425206963007 0.31
32 0.01931546983872713 0.32
33 0.03096262132839656 0.33
34 0.01977546412158296 0.34
35 0.01561092418023845 0.35
36 0.005654301938005313 0.36
37 0.001490986250378142 0.37
38 -0.007727883870792221 0.38
39 -0.009534836864620332 0.39
40 -0.006847200485079134 0.4
41 -0.006470175075373868 0.41
42 -0.006486176531212408 0.42
43 -0.003644045538651774 0.43
44 -0.002412021607450186 0.44
45 -0.003100303196343595 0.45
46 -0.002185870589848685 0.46
47 -0.0001748576431673705 0.47
48 0.002425942947742742 0.48
49 0.00427400607859986 0.49
50 0.004773039458290371 0.5
51 0.003356403351481067 0.51
52 0.0003156528798962943 0.52
53 0.002647660912272037 0.53
54 0.007988884644379177 0.54
55 0.01058615013629661 0.55
56 0.0120954454448019 0.5600000000000001
57 0.01349950659241113 0.5700000000000001
58 0.01464381343105467 0.58
59 0.01550262740656151 0.59
60 0.01618412390302291 0.6
61 0.01666761258978409 0.61
62 0.01673055104492077 0.62
63 0.01674369977819776 0.63
64 0.01640804879778188 0.64
65 0.01665604314930158 0.65
66 0.01622959662102548 0.66
67 0.01595600162922541 0.67
68 0.01606875315352937 0.68
69 0.01543244058318667 0.6900000000000001
70 0.01418724418215942 0.7000000000000001
71 0.0126093918890643 0.71
72 0.01168201253972571 0.72
73 0.01091804454949943 0.73
74 0.01043748632492077 0.74
75 0.01030800279083274 0.75
76 0.009990188116031636 0.76
77 0.009993005289658095 0.77
78 0.009780243218905188 0.78
79 0.009447206136714126 0.79
80 0.009134448149582912 0.8
81 0.008255472866264373 0.8100000000000001
82 0.007774399292829269 0.8200000000000001
83 0.007566996707912117 0.8300000000000001
84 0.00728040395509845 0.84
85 0.007200260005202304 0.85
86 0.006917606985867242 0.86
87 0.006896682383733345 0.87
88 0.006630230872968743 0.88
89 0.006365016315155058 0.89
90 0.006089682163375383 0.9
91 0.005796161228015017 0.91
92 0.005870246217071192 0.92
93 0.006054044381562389 0.93
94 0.006051176753509288 0.9400000000000001
95 0.006030909812057639 0.9500000000000001
96 0.006050530214462986 0.96
97 0.006252280157916948 0.97
98 0.006401596285346138 0.98
99 0.006520667527645527 0.99
100 0.006646302214560328 1
101 0.006643732225729994 1.01
102 0.006435077071199273 1.02
103 0.006208725821125763 1.03
104 0.00609015794773231 1.04
105 0.005924577599306327 1.05
106 0.005659486345031146 1.06
107 0.005591560544191975 1.07
108 0.005678522301403251 1.08
109 0.005816301368799787 1.09
110 0.005964298755190049 1.1
111 0.006024800136860105 1.11
112 0.0061010915600708 1.12
113 0.006142345817429732 1.13
114 0.006048193861559943 1.14
115 0.005989305862019939 1.15
116 0.005945742080874529 1.16
117 0.005895003984423663 1.17
118 0.005843917343399259 1.18
119 0.005815666337748463 1.19
120 0.005755706861340989 1.2
121 0.005664901216863944 1.21
122 0.005600361421543645 1.22
123 0.005543914656612818 1.23
124 0.005481573215811619 1.24
125 0.00541943127347921 1.25
126 0.005379639521772357 1.26
127 0.005275349637501901 1.27
128 0.005209863867919661 1.28
129 0.005174887494581728 1.29
130 0.005215689895106812 1.3
131 0.005203931934461595 1.31
132 0.00518448909571723 1.32
133 0.005202574530694093 1.33
134 0.00521552505930929 1.34
135 0.005221359692135077 1.35
136 0.005215467846924823 1.36
137 0.005232799980336451 1.37
138 0.005245771919869894 1.38
139 0.005278360599577831 1.39
140 0.005312380660908229 1.4
141 0.005358069294752113 1.41
142 0.005381121048840686 1.42
143 0.005412040536050974 1.43
144 0.005455600502504576 1.44
145 0.005498269066793133 1.45
146 0.005505442338459617 1.46
147 0.005526683612834491 1.47
148 0.005586147247935982 1.48
149 0.005614853516961652 1.49
150 0.005656350420277885 1.5
151 0.005686993889434873 1.51
152 0.005713172662313653 1.52
153 0.005727522512733016 1.53
154 0.005745043033599781 1.54
155 0.005758522185583531 1.55
156 0.005775950835553912 1.56
157 0.005780744690669431 1.57
158 0.005796621162432141 1.58
159 0.00578782866579528 1.59
160 0.00580797234578666 1.6
161 0.00583723577281715 1.61
162 0.005857616693153217 1.62
163 0.005878912200492059 1.63
164 0.005889952953546529 1.64
165 0.005880404935600405 1.65
166 0.005859044867412573 1.66
167 0.005841184793270999 1.67
168 0.005818822837144969 1.68
169 0.005812080551662911 1.69
170 0.005788896585336386 1.7
171 0.005783312413485812 1.71
172 0.00577168503681433 1.72
173 0.005780199261864327 1.73
174 0.005778335980434825 1.74
175 0.005788628893496191 1.75
176 0.005803173376051375 1.76
177 0.005822200463723764 1.77
178 0.005853775749325315 1.78
179 0.005879481937548949 1.79
180 0.005900417977281304 1.8
181 0.005920973384958828 1.81
182 0.005939878743233798 1.82
183 0.005951662311317812 1.83
184 0.005955250500194488 1.84
185 0.005942876491689847 1.85
186 0.005933172158765374 1.86
187 0.005928286444001372 1.87
188 0.005922121231111332 1.88
189 0.005912734592217913 1.89
190 0.00591272521816847 1.9
191 0.005917684550491293 1.91
192 0.005915969166149857 1.92
193 0.005910191647670621 1.93
194 0.005911216485427436 1.94
195 0.005914243808274889 1.95
196 0.005909434863526761 1.96
197 0.005919024509150767 1.97
198 0.005927054132379683 1.98
199 0.005926566992052486 1.99
200 0.00590166905758819 2
201 0.005881318690275924 2.01
202 0.005853535911424811 2.02
203 0.005830573387241161 2.03
204 0.005791294561849475 2.04
205 0.005774475350810552 2.05
206 0.005765323410575013 2.06
207 0.005743408565037595 2.07
208 0.005737829759630625 2.08
209 0.005751416383814786 2.09
210 0.005758980555101453 2.1
211 0.005756825773751382 2.11
212 0.00576879751992271 2.12
213 0.005784058469053766 2.13
214 0.005792637899578758 2.14
215 0.005808419597786655 2.15
216 0.005810246878339507 2.16
217 0.005806147371382225 2.17
218 0.005798569308950534 2.18
219 0.005783841799884623 2.19
220 0.005776055850887743 2.2
221 0.005768090454361971 2.21
222 0.00575113038373631 2.22
223 0.005739396937620835 2.23
224 0.00572500279901736 2.24
225 0.005687615250640228 2.25
226 0.005664464545323273 2.26
227 0.005661231493974168 2.27
228 0.005643519136792618 2.28
229 0.005628463909781098 2.29
230 0.005619381672890541 2.3
231 0.005603950206443112 2.31
232 0.005598198412905648 2.32
233 0.0055997129466272 2.33
234 0.005587959840810933 2.34
235 0.005601375901160162 2.35
236 0.005610544356544385 2.36
237 0.005619743725846746 2.37
238 0.005630128218781796 2.38
239 0.005638402921147134 2.39
240 0.005649440544626242 2.4
241 0.005664055272433547 2.41
242 0.005676761028652301 2.42
243 0.005686852530758398 2.43
244 0.005695649990270548 2.44
245 0.005686926994000639 2.45
246 0.005680215363143319 2.46
247 0.005685153796369272 2.47
248 0.005692191103327463 2.48
249 0.005693540704081212 2.49
250 0.005685907346752334 2.5
251 0.005684848867604479 2.51
252 0.005680880913105413 2.52
253 0.005673409316707567 2.53
254 0.00567638447846944 2.54
255 0.00566296215728328 2.55
256 0.005657408662793277 2.56
257 0.005658946606233015 2.57
258 0.005671635960233103 2.58
259 0.005684657277786958 2.59
260 0.005690195728925585 2.6
261 0.005709065055501199 2.61
262 0.005727668960836615 2.62
263 0.00574287719084007 2.63
264 0.005752838221260822 2.64
265 0.00576122813049795 2.65
266 0.005770644131579867 2.66
267 0.005779156499050924 2.67
268 0.005788163196146159 2.68
269 0.005803171736651697 2.69
270 0.005813611511182363 2.7
271 0.005819325813988102 2.71
272 0.00583569345145904 2.72
273 0.005857144168306872 2.73
274 0.005879129401978401 2.74
275 0.005908213867356313 2.75
276 0.005929169950914276 2.76
277 0.005946008739031482 2.77
278 0.005952010571441955 2.78
279 0.005964285699353688 2.79
280 0.005978055294006813 2.8
281 0.005984505748036075 2.81
282 0.005990801238790235 2.82
283 0.006001516615925728 2.83
284 0.006004361450952197 2.84
285 0.006002717716806391 2.85
286 0.006003677288539363 2.86
287 0.006002469878466813 2.87
288 0.006002448280681181 2.88
289 0.00599688600297369 2.89
290 0.005984066267647864 2.9
291 0.00597173193820677 2.91
292 0.005965668765567513 2.92
293 0.005953324712045612 2.93
294 0.005946052267005935 2.94
295 0.005941302844647113 2.95
296 0.005935751056410025 2.96
297 0.005932562059667504 2.97
298 0.005923529105433588 2.98
299 0.005915738385559474 2.99
300 0.005905574496628988 3
301 0.005898291585281846 3.01
302 0.005887817668936622 3.02
303 0.005880552820537701 3.03
304 0.005874269682888443 3.04
305 0.005863548730562216 3.05
306 0.005856276874229747 3.06
307 0.005857677063605873 3.07
308 0.005853271521785107 3.08
309 0.00584546580136014 3.09
310 0.005842098311080571 3.1
311 0.005839650949950067 3.11
312 0.005840410233021395 3.12
313 0.005845951746790446 3.13
314 0.005850114068222962 3.14
315 0.005858434563904469 3.15
316 0.005880987734256983 3.16
317 0.005896232922100266 3.17
318 0.005911124256522664 3.18
319 0.005932079015602427 3.19
320 0.005951790634745839 3.2
321 0.005969243894733076 3.21
322 0.005988699821852617 3.22
323 0.006010345336405857 3.23
324 0.006031030298416977 3.24
325 0.006052160281900053 3.25
326 0.006073972120980196 3.26
327 0.006090688944516578 3.27
328 0.006111038450096608 3.28
329 0.006129311911731961 3.29
330 0.006148376138714272 3.3
331 0.006172426186091762 3.31
332 0.006196293071015614 3.32
333 0.0062208900770781 3.33
334 0.006241737031103211 3.34
335 0.006258365848685268 3.35
336 0.006277477686984159 3.36
337 0.006296441050363308 3.37
338 0.006312944388018338 3.38
339 0.006325651265488385 3.39
340 0.006339310271013293 3.4
341 0.00635397589719657 3.41
342 0.006362048176984004 3.42
343 0.006381901401797492 3.43
344 0.006396079271754273 3.44
345 0.006406255100603144 3.45
346 0.006416319386479928 3.46
347 0.006428866897602232 3.47
348 0.006442439820940627 3.48
349 0.006449962576068129 3.49
350 0.006460689836602559 3.5
351 0.006473557073462373 3.51
352 0.006482514859740969 3.52
353 0.006490845915494987 3.53
354 0.006496256076726971 3.54
355 0.006506681977866982 3.55
356 0.00652027104927903 3.56
357 0.006535852381426351 3.57
358 0.006546506678859441 3.58
359 0.006563487973507161 3.59
360 0.006576417149080299 3.6
361 0.006586385079727763 3.61
362 0.006590531251382309 3.62
363 0.006600524150253438 3.63
364 0.006608684599738035 3.64
365 0.00661479493908809 3.65
366 0.00662350925681776 3.66
367 0.006630760489556083 3.67
368 0.006634886378966507 3.68
369 0.006631546104324705 3.69
370 0.006632878616384114 3.7
371 0.006633837616198755 3.71
372 0.0066348024333183 3.72
373 0.006631969308173424 3.73
374 0.00662909820286924 3.74
375 0.006629857263536888 3.75
376 0.006627363001491868 3.76
377 0.006624612246322789 3.77
378 0.006618846481147438 3.78
379 0.006616688652266786 3.79
380 0.00660929311938274 3.8
381 0.006605186642069563 3.81
382 0.006595323088079898 3.82
383 0.006591094397220065 3.83
384 0.006592913073948823 3.84
385 0.006593579880961287 3.85
386 0.006589450144768594 3.86
387 0.006581698778702186 3.87
388 0.006576056598744474 3.88
389 0.006570730795623557 3.89
390 0.006566442300405618 3.9
391 0.006559493168492921 3.91
392 0.006560175369539116 3.92
393 0.006559230524808148 3.93
394 0.006557070057740276 3.94
395 0.006559115767731639 3.95
396 0.006556206331618998 3.96
397 0.006563543158893557 3.97
398 0.00656931214050251 3.98
399 0.006569039162236872 3.99
400 0.006570737000659906 4
401 0.006575921150260332 4.01
402 0.006583908373144817 4.02
403 0.006583107994932399 4.03
404 0.006586892358193667 4.04
405 0.006591243032621211 4.05
406 0.006592726499230372 4.06
407 0.006599219751819808 4.07
408 0.006608332715928081 4.08
409 0.006617596528036783 4.09
410 0.006628543736553218 4.1
411 0.006644628791919492 4.11
412 0.006659693634742347 4.12
413 0.006670709084827635 4.13
414 0.006679860326058703 4.14
415 0.006687662171655732 4.15
416 0.006693747193186941 4.16
417 0.006702075395231944 4.17
418 0.006711819365002702 4.18
419 0.006720661857916884 4.19
420 0.006732497703884867 4.2
421 0.006747632135514703 4.21
422 0.006764637742749374 4.22
423 0.006775229524238499 4.23
424 0.006785662003678068 4.24
425 0.006794573853290892 4.25
426 0.006800430264911098 4.26
427 0.006806746858382344 4.27
428 0.006812100144547895 4.28
429 0.006819694858196431 4.29
430 0.006831012014304656 4.3
431 0.006839941128871882 4.31
432 0.006847258677162246 4.32
433 0.006854928545659709 4.33
434 0.006864524913647316 4.34
435 0.006874848157627056 4.350000000000001
436 0.006882796799355751 4.36
437 0.006889343679611399 4.37
438 0.006892591959179507 4.38
439 0.006895597663004534 4.39
440 0.006899026503661502 4.4
441 0.006905683471714646 4.41
442 0.006921791258863107 4.42
443 0.006925928850760108 4.43
444 0.006932111042579301 4.44
445 0.006939815160072936 4.45
446 0.006946860528142532 4.46
447 0.006954302435768207 4.47
448 0.006963251303546155 4.48
449 0.006971746193001544 4.49
450 0.006977381798800419 4.5
451 0.006986794039850185 4.51
452 0.006992025965603816 4.52
453 0.006995046038975501 4.53
454 0.006998424432968582 4.54
455 0.006998596468659544 4.55
456 0.007006093187437473 4.56
457 0.007016452225049511 4.57
458 0.007031087913019161 4.58
459 0.007036633000662577 4.59
460 0.007044645763308144 4.600000000000001
461 0.007051621544731751 4.61
462 0.007059300188170568 4.62
463 0.007061968365597238 4.63
464 0.00706310267870113 4.64
465 0.007064681114718917 4.65
466 0.007067051192221361 4.66
467 0.007072477365362902 4.67
468 0.00707938837341578 4.68
469 0.007085377621048377 4.69
470 0.007093835847007861 4.7
471 0.007102560539070933 4.71
472 0.007112911174051959 4.72
473 0.007117831413727925 4.73
474 0.007128525902776465 4.74
475 0.007136276277584871 4.75
476 0.007143559118223265 4.76
477 0.007146958479364311 4.77
478 0.007143592207285925 4.78
479 0.007146506226936578 4.79
480 0.007155893543393734 4.8
481 0.007164347834615176 4.81
482 0.007171414794153896 4.82
483 0.007176149248194769 4.83
484 0.007178065430052879 4.84
485 0.00718035880078134 4.850000000000001
486 0.007180660664731425 4.86
487 0.007183568633095468 4.87
488 0.007190024736599196 4.88
489 0.007196422042944593 4.89
490 0.007204319217397098 4.9
491 0.00721179624435938 4.91
492 0.007220680698501135 4.92
493 0.007230196246634687 4.93
494 0.007239365087155558 4.94
495 0.007247799380206619 4.95
496 0.007256705201866503 4.96
497 0.007260553104847664 4.97
498 0.007264682378858342 4.98
499 0.007270886945276492 4.99
500 0.007277546632238873 5
501 0.007282419233023183 5.01
502 0.007286676694135857 5.02
503 0.007294867348283834 5.03
504 0.007305726972275503 5.04
505 0.007315217082641661 5.05
506 0.007323268987858236 5.06
507 0.007330384747792127 5.07
508 0.007337320953344259 5.08
509 0.007344450691477461 5.09
510 0.007352115988537359 5.100000000000001
511 0.007360303103170349 5.11
512 0.007367984652799454 5.12
513 0.007377191682492149 5.13
514 0.007385301263472532 5.14
515 0.007395192793632743 5.15
516 0.007408139232940353 5.16
517 0.007416511033750867 5.17
518 0.007425636754236177 5.18
519 0.007433821923070023 5.19
520 0.007441354043640556 5.2
521 0.007449822279702692 5.21
522 0.00745847535105779 5.22
523 0.007466491695343073 5.23
524 0.007475873785303465 5.24
525 0.007484163247877275 5.25
526 0.007492703770640721 5.26
527 0.007502719565254264 5.27
528 0.00751459703774642 5.28
529 0.007529072824116047 5.29
530 0.007543717022982756 5.3
531 0.007558307073906399 5.31
532 0.007570238254657035 5.32
533 0.007578010360581379 5.33
534 0.007584995294609322 5.34
535 0.00759479018572868 5.350000000000001
536 0.007605994981714831 5.36
537 0.007616497157344023 5.37
538 0.007624567225735474 5.38
539 0.007632562318116569 5.39
540 0.007643128603249633 5.4
541 0.007653518121127999 5.41
542 0.007666448303582749 5.42
543 0.007681074449080999 5.43
544 0.007693814526600598 5.44
545 0.007710308628748499 5.45
546 0.007725737193586006 5.46
547 0.007740487772129811 5.47
548 0.007752062434509407 5.48
549 0.007765318515093568 5.49
550 0.00778030416458182 5.5
551 0.007794003144072676 5.51
552 0.00780648301068983 5.52
553 0.007817751919946356 5.53
554 0.00782924365215055 5.54
555 0.007842290475757222 5.55
556 0.007858173697150946 5.56
557 0.007874813235827668 5.57
558 0.007890908339071641 5.58
559 0.007907800410042926 5.59
560 0.007923351869703704 5.600000000000001
561 0.007939666620762554 5.61
562 0.007955262510710659 5.62
563 0.007973212940510847 5.63
564 0.007990997571466603 5.64
565 0.008008340551035499 5.65
566 0.008026859162485522 5.66
567 0.00804217059921156 5.67
568 0.008053925175453442 5.68
569 0.008067797918063604 5.69
570 0.008089775219524076 5.7
571 0.008108636746103928 5.71
572 0.008124333529993047 5.72
573 0.008136943197974249 5.73
574 0.008146429211866483 5.74
575 0.008161484315034485 5.75
576 0.008179912549988809 5.76
577 0.008198116882020974 5.77
578 0.008217725677400917 5.78
579 0.008237555162303043 5.79
580 0.00825707481393408 5.8
581 0.008273962676882195 5.81
582 0.008290385287253557 5.82
583 0.008306876197887782 5.83
584 0.008324176811602867 5.84
585 0.008339931573544252 5.850000000000001
586 0.008355440656800855 5.86
587 0.008372259347194082 5.87
588 0.008391065161701407 5.88
589 0.008408850231624408 5.89
590 0.008427990108513052 5.9
591 0.00844489033814678 5.91
592 0.008459089973371104 5.92
593 0.008473688616546925 5.93
594 0.008489325577087169 5.94
595 0.008507045187775723 5.95
596 0.008525175580642025 5.96
597 0.008542101166154302 5.97
598 0.008558690257340488 5.98
599 0.008577493753473924 5.99
600 0.008595602120719727 6
601 0.008612771300883618 6.01
602 0.008628880444457242 6.02
603 0.008645039893190813 6.03
604 0.008659995563127361 6.04
605 0.008676428824770582 6.05
606 0.008692769888087998 6.06
607 0.008710168827156636 6.07
608 0.008729027130708476 6.08
609 0.008747113833647371 6.09
610 0.008765567163308955 6.100000000000001
611 0.008782636932081223 6.11
612 0.008800579800092027 6.12
613 0.008818547375285425 6.13
614 0.0088335560176349 6.140000000000001
615 0.008849875271405292 6.15
616 0.008865830447035787 6.16
617 0.008883656518770277 6.17
618 0.008899968752230335 6.18
619 0.008916515414821056 6.19
620 0.008934824480743743 6.2
621 0.008954369280127029 6.21
622 0.008974455439981118 6.22
623 0.008993129746962432 6.23
624 0.0090090633788967 6.24
625 0.009026749244676672 6.25
626 0.009046561322078109 6.26
627 0.009066172877409632 6.27
628 0.009083958813143739 6.28
629 0.009103725719799408 6.29
630 0.00912161435777366 6.3
631 0.009139887710680472 6.31
632 0.009155899892897241 6.32
633 0.009173165831915483 6.33
634 0.009192592116313113 6.34
635 0.009214191428917756 6.350000000000001
636 0.009232122875519673 6.36
637 0.009251585265463816 6.37
638 0.00927092983130579 6.38
639 0.009290817383055587 6.390000000000001
640 0.009310789374833803 6.4
641 0.009332893310838059 6.41
642 0.009352770035714421 6.42
643 0.009370982455603673 6.43
644 0.009391730089727608 6.44
645 0.009413469404701055 6.45
646 0.009434871946879902 6.46
647 0.009455982249343128 6.47
648 0.009476610494848887 6.48
649 0.009497377784968879 6.49
650 0.009517703071985838 6.5
651 0.009537953484874857 6.51
652 0.009557014215996678 6.52
653 0.009577874529535887 6.53
654 0.009597714747150998 6.54
655 0.009617638301321139 6.55
656 0.00964126788201641 6.56
657 0.009663726329831961 6.57
658 0.009687234725317817 6.58
659 0.009708628960957526 6.59
660 0.009730828758309312 6.600000000000001
661 0.009752226940868351 6.61
662 0.009771278349918753 6.62
663 0.009789915995810316 6.63
664 0.009808191519741162 6.640000000000001
665 0.009827075433910312 6.65
666 0.00984732231205836 6.66
667 0.00986681478909724 6.67
668 0.009886510026569383 6.68
669 0.009907604866063843 6.69
670 0.009928783128668763 6.7
671 0.009948282698583822 6.71
672 0.009969166351248599 6.72
673 0.009988571352112965 6.73
674 0.01000468911449945 6.74
675 0.01002185195163978 6.75
676 0.01003870414595811 6.76
677 0.01005521430846027 6.77
678 0.01007655134675754 6.78
679 0.01009946054325709 6.79
680 0.01012188045077309 6.8
681 0.01014315995152186 6.81
682 0.01016322493471246 6.82
683 0.01018086785448888 6.83
684 0.01019719973510008 6.84
685 0.01021281512958428 6.850000000000001
686 0.01023103524555151 6.86
687 0.01024773142677845 6.87
688 0.01026239358908646 6.88
689 0.01027727776071833 6.890000000000001
690 0.01029477432135164 6.9
691 0.01031381410435887 6.91
692 0.01033260023893479 6.92
693 0.01034040375150755 6.93
694 0.0103579686677069 6.94
695 0.0103890152670594 6.95
696 0.01041535845453428 6.96
697 0.01043473040488209 6.97
698 0.01045216116950035 6.98
699 0.01047349687403849 6.99
700 0.01049107947239486 7
701 0.01050906841313514 7.01
702 0.0105273090993504 7.02
703 0.01054784288778403 7.03
704 0.01056914252540528 7.04
705 0.01059152833488955 7.05
706 0.01061589335777668 7.06
707 0.010636691889647 7.07
708 0.01065678779829926 7.08
709 0.0106769680873309 7.09
710 0.01070073822880023 7.100000000000001
711 0.01072592469346879 7.11
712 0.01075046325052813 7.12
713 0.01077377629783679 7.13
714 0.01080024384492232 7.140000000000001
715 0.01082630002165538 7.15
716 0.01085279597838067 7.16
717 0.01087816872031578 7.17
718 0.01091018795946237 7.18
719 0.01093762565064889 7.19
720 0.01096600604177009 7.2
721 0.01099207371669137 7.21
722 0.01102055198801193 7.22
723 0.01104738605655595 7.23
724 0.01107477693508912 7.24
725 0.01110145474032292 7.25
726 0.01112929727206529 7.26
727 0.01115490378017706 7.27
728 0.01118310792860457 7.28
729 0.01120924771189397 7.29
730 0.01123589221677463 7.3
731 0.01126091130331856 7.31
732 0.01129101865702326 7.32
733 0.01131832415084199 7.33
734 0.01133312065986016 7.34
735 0.01135868861724679 7.350000000000001
736 0.01138964343774077 7.36
737 0.01141672252156474 7.37
738 0.01143930143624324 7.38
739 0.01145343756052009 7.390000000000001
740 0.01147814618050703 7.4
741 0.01150078928486238 7.41
742 0.011519113300463 7.42
743 0.01153595652281051 7.43
744 0.01155229432667722 7.44
745 0.01156983450711836 7.45
746 0.01158854807934762 7.46
747 0.0116084911881377 7.47
748 0.01162653879196601 7.48
749 0.01164662897890687 7.49
750 0.01166191870204315 7.5
751 0.01167491608127704 7.51
752 0.0116949495244564 7.52
753 0.01171146557756185 7.53
754 0.01172777655722666 7.54
755 0.01173946731620609 7.55
756 0.01175369671336819 7.56
757 0.01177701617653298 7.57
758 0.01179847220177568 7.58
759 0.01181000526375501 7.59
760 0.01182553993838955 7.600000000000001
761 0.01184328819629209 7.61
762 0.0118561573928993 7.62
763 0.01186661260971114 7.63
764 0.01188252976153834 7.640000000000001
765 0.0118956846139315 7.65
766 0.01191174997145842 7.66
767 0.01193240147991562 7.67
768 0.01194628402821148 7.68
769 0.0119629690828532 7.69
770 0.01198171632257612 7.7
771 0.01199115369469513 7.71
772 0.01200475583209513 7.72
773 0.01200064347822236 7.73
774 0.01203593468960527 7.74
775 0.01204549045626544 7.75
776 0.01207111660411425 7.76
777 0.01211182729669861 7.77
778 0.01215311197798666 7.78
779 0.01217562410796255 7.79
780 0.01221279031549472 7.8
781 0.01224185064585786 7.81
782 0.01228240585474539 7.82
783 0.0123205575088284 7.83
784 0.0123657401817977 7.84
785 0.01241960142518503 7.850000000000001
786 0.0124632791979921 7.86
787 0.01250868957525046 7.87
788 0.0125692506437144 7.88
789 0.01261950987376478 7.890000000000001
790 0.0126788222540658 7.9
791 0.01273315421141236 7.91
792 0.01279042353447322 7.92
793 0.01283753627322254 7.930000000000001
794 0.01288505666656338 7.94
795 0.01292548432933267 7.95
796 0.012956761886278 7.96
797 0.01299055769607191 7.97
798 0.01300766618117952 7.98
799 0.01302895442691678 7.99
800 0.01305283534262312 8
801 0.01306664878893836 8.01
802 0.01309062135734856 8.02
803 0.01308428285853893 8.029999999999999
804 0.01308005518294487 8.040000000000001
805 0.01307370548044119 8.050000000000001
806 0.01306858927640742 8.06
807 0.01305534846706846 8.07
808 0.0130404951183467 8.08
809 0.01303595698614513 8.09
810 0.01300837534485021 8.1
811 0.0129886166743005 8.109999999999999
812 0.01295869262893386 8.120000000000001
813 0.01293820454111358 8.130000000000001
814 0.01292527070670201 8.140000000000001
815 0.01290876694727822 8.15
816 0.01288360536132295 8.16
817 0.01287285890864564 8.17
818 0.01288073733396025 8.18
819 0.01287373883476117 8.19
820 0.01286099506061849 8.199999999999999
821 0.01285723948875817 8.210000000000001
822 0.01287648913739605 8.220000000000001
823 0.01289140075375684 8.23
824 0.01291143445004973 8.24
825 0.0129375049998142 8.25
826 0.01296452994644261 8.26
827 0.01300573817649704 8.27
828 0.01304525622151054 8.279999999999999
829 0.0131000397515249 8.290000000000001
830 0.01316101536631759 8.300000000000001
831 0.01322047893420148 8.31
832 0.0132805904694662 8.32
833 0.0133487645938479 8.33
834 0.0134038243293833 8.34
835 0.01346806706498015 8.35
836 0.01353443155795419 8.359999999999999
837 0.01359393128786592 8.370000000000001
838 0.01364881289348562 8.380000000000001
839 0.01370995969020351 8.390000000000001
840 0.01375967125618624 8.4
841 0.0138118441716131 8.41
842 0.01384301015534626 8.42
843 0.01388129476183412 8.43
844 0.01390451951573811 8.44
845 0.01393846214137298 8.449999999999999
846 0.01395410468632251 8.460000000000001
847 0.01397261605007384 8.470000000000001
848 0.01395906124441273 8.48
849 0.01397398796950154 8.49
850 0.01396691459709831 8.5
851 0.01396671444925736 8.51
852 0.01396652006654261 8.52
853 0.01394961708888174 8.529999999999999
854 0.01395021998367281 8.540000000000001
855 0.01394184195108605 8.550000000000001
856 0.01394777695665267 8.56
857 0.01393771367321568 8.57
858 0.01394244619546742 8.58
859 0.01393869182392374 8.59
860 0.0139353813979576 8.6
861 0.01392558312921591 8.609999999999999
862 0.01392452464119103 8.620000000000001
863 0.01393106111380836 8.630000000000001
864 0.01394250106663355 8.640000000000001
865 0.01396437793668171 8.65
866 0.01397820555111385 8.66
867 0.01399269072212479 8.67
868 0.01401820965386192 8.68
869 0.01404153016168521 8.69
870 0.0140772147347507 8.700000000000001
871 0.01410981757521971 8.710000000000001
872 0.01415398600891883 8.720000000000001
873 0.01419889613039395 8.73
874 0.01423226087938286 8.74
875 0.01426424473006144 8.75
876 0.01432175962294171 8.76
877 0.01437793757401433 8.77
878 0.0144441065244805 8.779999999999999
879 0.01450884118988207 8.790000000000001
880 0.01455053024185619 8.800000000000001
881 0.01458788128536029 8.81
882 0.01462416300511664 8.82
883 0.01467453149501678 8.83
884 0.01473468149574118 8.84
885 0.01475485768847223 8.85
886 0.01479721029956942 8.859999999999999
887 0.01482141794271057 8.870000000000001
888 0.01484876366070529 8.880000000000001
889 0.01485948152966739 8.890000000000001
890 0.01486728877980338 8.9
891 0.01489912000149201 8.91
892 0.01495039906106315 8.92
893 0.01495753126603438 8.93
894 0.01495648043163939 8.94
895 0.01497187883385999 8.950000000000001
896 0.01495284639555245 8.960000000000001
897 0.0149612086653842 8.970000000000001
898 0.01498390089648703 8.98
899 0.01498403906599977 8.99
900 0.01502269152312989 9
901 0.01503880367661578 9.01
902 0.01504290200676287 9.02
903 0.01505442873399319 9.029999999999999
904 0.01506984828610062 9.040000000000001
905 0.01509482993651853 9.050000000000001
906 0.01509670388274013 9.06
907 0.01511014536287131 9.07
908 0.01512590922954599 9.08
909 0.01513890753814853 9.09
910 0.0151433229203638 9.1
911 0.01515745088346417 9.109999999999999
912 0.01517752308753879 9.120000000000001
913 0.01519785849140384 9.130000000000001
914 0.01521874525865961 9.140000000000001
915 0.01525573143472925 9.15
916 0.0152854275536962 9.16
917 0.01530611138665742 9.17
918 0.01534859363569674 9.18
919 0.01539693341251862 9.19
920 0.01542625905785521 9.200000000000001
921 0.01544739091484081 9.210000000000001
922 0.01547495730697172 9.220000000000001
923 0.01550009270677658 9.23
924 0.01551937280688858 9.24
925 0.01554569421758624 9.25
926 0.01556274646282246 9.26
927 0.01559381071046394 9.27
928 0.0156018343575227 9.279999999999999
929 0.01561574859831213 9.290000000000001
930 0.01560487017531352 9.300000000000001
931 0.01560503534729558 9.31
932 0.01560721179682788 9.32
933 0.01559749145843779 9.33
934 0.0155886577675333 9.34
935 0.01559713914295216 9.35
936 0.01557907287320627 9.359999999999999
937 0.0155857032700719 9.370000000000001
938 0.01556141733052156 9.380000000000001
939 0.01551642370833866 9.390000000000001
940 0.01548717048604838 9.4
941 0.01548641447338623 9.41
942 0.0154655030916583 9.42
943 0.01544432564441859 9.43
944 0.01541569023204169 9.44
945 0.01539568454840089 9.450000000000001
946 0.01538342511127996 9.460000000000001
947 0.01538392024688126 9.470000000000001
948 0.01538422147398472 9.48
949 0.01537710187775943 9.49
950 0.01535988785845657 9.5
951 0.01534612759658905 9.51
952 0.01533635270620549 9.52
953 0.01533554842896673 9.529999999999999
954 0.01536273644062626 9.540000000000001
955 0.01535761187824644 9.550000000000001
956 0.01536555046815391 9.56
957 0.01537386541316722 9.57
958 0.01538774892041682 9.58
959 0.0153734964454561 9.59
960 0.01537108391133799 9.6
961 0.01536411768485053 9.609999999999999
962 0.01536366812710538 9.620000000000001
963 0.01538599026589424 9.630000000000001
964 0.01538205033688647 9.640000000000001
965 0.01537695652979226 9.65
966 0.015373994197684 9.66
967 0.01535621460762586 9.67
968 0.01532591608372148 9.68
969 0.01531419688499915 9.69
970 0.01529064251891588 9.700000000000001
971 0.01528281883363855 9.710000000000001
972 0.01523009304088537 9.720000000000001
973 0.01520818600967683 9.73
974 0.01516831403429895 9.74
975 0.01510216701962343 9.75
976 0.01506563870351577 9.76
977 0.01502715145853589 9.77
978 0.0149805473482229 9.779999999999999
979 0.0149420865429835 9.790000000000001
980 0.0148996163268903 9.800000000000001
981 0.014848592542451 9.81
982 0.01476109025023812 9.82
983 0.01470212702686279 9.83
984 0.01466454304460315 9.84
985 0.01465170025560586 9.85
986 0.01461805756434916 9.859999999999999
987 0.01456864195022758 9.870000000000001
988 0.0144955592703922 9.880000000000001
989 0.01442311439486096 9.890000000000001
990 0.01439500021827777 9.9
991 0.01434072639649383 9.91
992 0.01430851464780115 9.92
993 0.01427957490648253 9.93
994 0.01427060768850427 9.94
995 0.0142262624305319 9.950000000000001
996 0.01418393479922447 9.960000000000001
997 0.01413890076596766 9.970000000000001
998 0.01411974559566691 9.98
999 0.01407786646650631 9.99
1000 0.0140411784076401 10
1001 0.01400887688058828 10.01
1002 0.01399321910143455 10.02
1003 0.01398305626762784 10.03
1004 0.01397477292178053 10.04
1005 0.01398281142719233 10.05
1006 0.01399304239649441 10.06
1007 0.01397859150768935 10.07
1008 0.01396979786051885 10.08
1009 0.0139746465975227 10.09
1010 0.01398957729110449 10.1
1011 0.01400467415333336 10.11
1012 0.01402147654598648 10.12
1013 0.01406488208271999 10.13
1014 0.01409452966036108 10.14
1015 0.01411464365065192 10.15
1016 0.01414095160632595 10.16
1017 0.01418832012585542 10.17
1018 0.01423359797835319 10.18
1019 0.01427852568977407 10.19
1020 0.01433520507283713 10.2
1021 0.01439241289159487 10.21
1022 0.01443481213251394 10.22
1023 0.01447548257335783 10.23
1024 0.01452412934251041 10.24
1025 0.01460685933564807 10.25
1026 0.01467141368658407 10.26
1027 0.01470844805478447 10.27
1028 0.01475015548104074 10.28
1029 0.01479943550082214 10.29
1030 0.01483056413634427 10.3
1031 0.01486723793890221 10.31
1032 0.01493275320067921 10.32
1033 0.0149880967715614 10.33
1034 0.01502018769535371 10.34
1035 0.01508676872138458 10.35
1036 0.01515237889493498 10.36
1037 0.01522911469804345 10.37
1038 0.01528292700295331 10.38
1039 0.01533792264707622 10.39
1040 0.01538942190969728 10.4
1041 0.015440309578963 10.41
1042 0.01549144531809889 10.42
1043 0.01553320202521026 10.43
1044 0.01560065038625431 10.44
1045 0.01566888717206662 10.45
1046 0.01573321440924302 10.46
1047 0.01578772292469099 10.47
1048 0.0158421837366611 10.48
1049 0.01590160200255845 10.49
1050 0.01596807301153052 10.5
1051 0.01603268127211862 10.51
1052 0.01608054734032546 10.52
1053 0.0161284083579823 10.53
1054 0.0161575503814149 10.54
1055 0.01618915513893802 10.55
1056 0.01620917035905664 10.56
1057 0.01622533553815535 10.57
1058 0.01624876464173311 10.58
1059 0.01628407459908816 10.59
1060 0.01628818929109522 10.6
1061 0.01631415798672624 10.61
1062 0.01632681731349771 10.62
1063 0.01632971109879903 10.63
1064 0.01631527367684793 10.64
1065 0.01631866842492526 10.65
1066 0.01629410439850311 10.66
1067 0.01627266739367624 10.67
1068 0.01624079689855941 10.68
1069 0.01623624213776813 10.69
1070 0.0162201332889636 10.7
1071 0.01620143270210795 10.71
1072 0.01617646780023512 10.72
1073 0.01613733458706378 10.73
1074 0.01610444906601077 10.74
1075 0.0160544075346367 10.75
1076 0.01600644641873504 10.76
1077 0.01596371730688342 10.77
1078 0.0159043393047687 10.78
1079 0.0158393932046735 10.79
1080 0.01579386906753043 10.8
1081 0.01574331780286162 10.81
1082 0.01568923195321228 10.82
1083 0.01563295355195005 10.83
1084 0.01556580653041558 10.84
1085 0.01552036137937635 10.85
1086 0.01546702575397455 10.86
1087 0.01540602876929007 10.87
1088 0.01534731995619729 10.88
1089 0.01530299182293094 10.89
1090 0.01524826687127987 10.9
1091 0.01519627389271532 10.91
1092 0.01513506075445571 10.92
1093 0.01512375755071885 10.93
1094 0.01508461910892067 10.94
1095 0.01507828218208382 10.95
1096 0.01507351228983305 10.96
1097 0.01503945342201074 10.97
1098 0.0150068376930855 10.98
1099 0.01497709654226595 10.99
1100 0.01494512764111568 11
1101 0.01493025696303553 11.01
1102 0.01495117035721189 11.02
1103 0.01498131220949067 11.03
1104 0.01499815689461548 11.04
1105 0.0150058241759555 11.05
1106 0.01501989568376932 11.06
1107 0.01504042064485741 11.07
1108 0.01505176728947867 11.08
1109 0.01507352738380508 11.09
1110 0.01510167086450163 11.1
1111 0.01513501007451684 11.11
1112 0.01516422613290487 11.12
1113 0.0152048195363355 11.13
1114 0.01524259175619539 11.14
1115 0.01528947955712901 11.15
1116 0.01533431897667903 11.16
1117 0.01539050939682134 11.17
1118 0.01543695259968448 11.18
1119 0.01549131607755583 11.19
1120 0.01555468671537233 11.2
1121 0.01561959411625462 11.21
1122 0.01569171496089628 11.22
1123 0.01574209617704385 11.23
1124 0.01579722950050161 11.24
1125 0.01585213207177536 11.25
1126 0.01589586549299673 11.26
1127 0.01595155157232638 11.27
1128 0.01599274027117335 11.28
1129 0.01603063078305062 11.29
1130 0.01606948971861028 11.3
1131 0.0161124980990659 11.31
1132 0.01613741506368 11.32
1133 0.01617084904212853 11.33
1134 0.01619387064599931 11.34
1135 0.01621575746050047 11.35
1136 0.01623140493690812 11.36
1137 0.01626783986955299 11.37
1138 0.016280065024569 11.38
1139 0.01627508189310049 11.39
1140 0.0163025961854725 11.4
1141 0.0163202107672099 11.41
1142 0.01633722969522238 11.42
1143 0.01634338801085884 11.43
1144 0.01634418458560104 11.44
1145 0.01634201453380394 11.45
1146 0.01633503685527872 11.46
1147 0.01633370481025038 11.47
1148 0.01632892535429437 11.48
1149 0.01631891065661224 11.49
1150 0.01631278526117627 11.5
1151 0.0163109410111771 11.51
1152 0.01630441341238804 11.52
1153 0.01629044007018605 11.53
1154 0.01626061418453903 11.54
1155 0.01624456552819819 11.55
1156 0.01621215563648462 11.56
1157 0.01617858013374792 11.57
1158 0.01618063557740641 11.58
1159 0.01614950764300056 11.59
1160 0.01609025797677844 11.6
1161 0.01605487024779915 11.61
1162 0.01603504531815795 11.62
1163 0.01601612698736954 11.63
1164 0.01601514816565869 11.64
1165 0.0160045309144709 11.65
1166 0.01597793273660875 11.66
1167 0.01595699874301604 11.67
1168 0.01595933535636168 11.68
1169 0.01594137117480979 11.69
1170 0.01595685221794922 11.7
1171 0.01591853670614334 11.71
1172 0.01591881945260241 11.72
1173 0.01592036912926468 11.73
1174 0.01590584233139644 11.74
1175 0.01589192369378846 11.75
1176 0.01591575736791324 11.76
1177 0.01593027925128848 11.77
1178 0.01592272785557027 11.78
1179 0.01591098402526435 11.79
1180 0.0159183964857451 11.8
1181 0.0159318255470912 11.81
1182 0.01595819991839884 11.82
1183 0.01599725143125563 11.83
1184 0.01599400774179521 11.84
1185 0.01599940118020733 11.85
1186 0.01603406988792603 11.86
1187 0.01605852275978256 11.87
1188 0.01611407062688174 11.88
1189 0.01611563695951466 11.89
1190 0.01613407091180376 11.9
1191 0.01613859467992618 11.91
1192 0.01613578102755378 11.92
1193 0.01616526593191287 11.93
1194 0.01618356234076937 11.94
1195 0.01621412275709812 11.95
1196 0.01622830197764004 11.96
1197 0.01625170302892497 11.97
1198 0.01624951961284344 11.98
1199 0.01629170526721454 11.99
1200 0.01628642065435442 12
1201 0.01632869641173782 12.01
1202 0.01631810967076756 12.02
1203 0.01634760263658834 12.03
1204 0.0163656519341652 12.04
1205 0.01634160100057907 12.05
1206 0.0163463835229215 12.06
1207 0.01634353401214608 12.07
1208 0.01630646629201542 12.08
1209 0.01631856552055072 12.09
1210 0.01631710506130192 12.1
1211 0.01630784884922387 12.11
1212 0.01631496648344257 12.12
1213 0.0162771118043348 12.13
1214 0.01625741022335958 12.14
1215 0.01621161324648126 12.15
1216 0.01619927677643644 12.16
1217 0.01617511891204479 12.17
1218 0.01615646919837104 12.18
1219 0.01613098535339868 12.19
1220 0.01609960660649187 12.2
1221 0.0160813114476421 12.21
1222 0.01604149090770261 12.22
1223 0.01599945512848568 12.23
1224 0.01596607675863619 12.24
1225 0.01593488365677883 12.25
1226 0.01589645080487526 12.26
1227 0.01584871548128721 12.27
1228 0.01579925793807082 12.28
1229 0.01576712465229976 12.29
1230 0.01572141717319464 12.3
1231 0.01569041447412524 12.31
1232 0.0156647238869967 12.32
1233 0.01562356752786117 12.33
1234 0.01558269079709664 12.34
1235 0.01554173649243534 12.35
1236 0.01549171873364927 12.36
1237 0.01544870792980156 12.37
1238 0.01541736358428253 12.38
1239 0.01539359477767675 12.39
1240 0.01536775670552872 12.4
1241 0.01532940626580728 12.41
1242 0.01529913591960557 12.42
1243 0.01526248878200413 12.43
1244 0.01522191788200225 12.44
1245 0.01518713891468105 12.45
1246 0.01515217550330915 12.46
1247 0.01513306218524871 12.47
1248 0.01513213203790403 12.48
1249 0.01511806101461776 12.49
1250 0.01510677957702901 12.5
1251 0.01510257732128112 12.51
1252 0.01508739678120242 12.52
1253 0.01506988156274801 12.53
1254 0.01506026552651286 12.54
1255 0.01506515934513529 12.55
1256 0.01506948382791498 12.56
1257 0.01506730105032769 12.57
1258 0.01509722221176131 12.58
1259 0.01511621207971101 12.59
1260 0.01514114324800574 12.6
1261 0.01514225375784535 12.61
1262 0.01516533800529835 12.62
1263 0.01517852293514996 12.63
1264 0.01519350832455748 12.64
1265 0.01522401912584145 12.65
1266 0.0152566239311435 12.66
1267 0.0152786982571612 12.67
1268 0.01531438429571952 12.68
1269 0.01534946463033743 12.69
1270 0.01538872422677451 12.7
1271 0.01539906455198616 12.71
1272 0.01543382220786749 12.72
1273 0.01545527691555964 12.73
1274 0.01547494365577681 12.74
1275 0.01550907087320704 12.75
1276 0.01553316336534994 12.76
1277 0.01556164456107441 12.77
1278 0.01558706958972324 12.78
1279 0.01558655388631246 12.79
1280 0.0155961676914998 12.8
1281 0.01559472398921625 12.81
1282 0.0155885518101912 12.82
1283 0.01559674922740655 12.83
1284 0.01560040946109676 12.84
1285 0.01561983388299318 12.85
1286 0.0156487946252261 12.86
1287 0.01566703662018467 12.87
1288 0.01566732641278747 12.88
1289 0.01566093753571095 12.89
1290 0.01565211812624598 12.9
1291 0.01565624310690006 12.91
1292 0.01566686191766829 12.92
1293 0.01569086912136015 12.93
1294 0.01570299671438836 12.94
1295 0.01570897931335776 12.95
1296 0.01572886993587351 12.96
1297 0.01574446882858881 12.97
1298 0.01575064067480304 12.98
1299 0.0157950930819329 12.99
1300 0.01580627680221206 13
1301 0.01583742028999156 13.01
1302 0.01585623878922716 13.02
1303 0.01588086564169338 13.03
1304 0.01589992585792685 13.04
1305 0.01593017336310417 13.05
1306 0.01596010372162536 13.06
1307 0.01599136596143232 13.07
1308 0.01601770433901714 13.08
1309 0.01605710635695123 13.09
1310 0.0161154091073366 13.1
1311 0.01616872931186336 13.11
1312 0.01619857673935291 13.12
1313 0.0162238558068201 13.13
1314 0.01624368447504112 13.14
1315 0.01627819877282379 13.15
1316 0.01626803304095335 13.16
1317 0.01629520194546981 13.17
1318 0.01631835046480042 13.18
1319 0.0163638131768505 13.19
1320 0.01638539428490857 13.2
1321 0.01639067129092115 13.21
1322 0.01639304414014548 13.22
1323 0.01638840328901734 13.23
1324 0.01638485328732953 13.24
1325 0.01639215394290121 13.25
1326 0.01640232092177518 13.26
1327 0.01641095721854525 13.27
1328 0.01642516555453325 13.28
1329 0.01641656966150351 13.29
1330 0.01641254811718916 13.3
1331 0.01640459341632772 13.31
1332 0.01638307538140699 13.32
1333 0.01634218662068776 13.33
1334 0.01633247734690638 13.34
1335 0.01630489111513893 13.35
1336 0.01629623270127658 13.36
1337 0.01628729285687875 13.37
1338 0.01628132443996785 13.38
1339 0.01625456437839534 13.39
1340 0.01624163857819537 13.4
1341 0.01623588196280037 13.41
1342 0.01620808173153891 13.42
1343 0.01617914081416819 13.43
1344 0.01614282394367687 13.44
1345 0.01611000709514426 13.45
1346 0.0160842502025253 13.46
1347 0.01606574813312863 13.47
1348 0.01603851543199101 13.48
1349 0.01601854478891603 13.49
1350 0.01594776654964972 13.5
1351 0.01591166799775637 13.51
1352 0.01587461134881717 13.52
1353 0.0158046501508918 13.53
1354 0.01578387615975916 13.54
1355 0.01573635064521599 13.55
1356 0.01571142166382966 13.56
1357 0.01568658068799344 13.57
1358 0.01564343049782103 13.58
1359 0.0155673014154353 13.59
1360 0.01549730959262174 13.6
1361 0.01542967391013746 13.61
1362 0.01537595805556985 13.62
1363 0.01533551466753889 13.63
1364 0.01530519199976972 13.64
1365 0.01526935680864486 13.65
1366 0.0152409338738518 13.66
1367 0.0151881628494123 13.67
1368 0.01512918455483342 13.68
1369 0.01508696480596242 13.69
1370 0.01503627583019918 13.7
1371 0.01497736702974536 13.71
1372 0.01492766692009162 13.72
1373 0.01487946530093243 13.73
1374 0.01484002100609708 13.74
1375 0.01480975747507175 13.75
1376 0.01476627303625593 13.76
1377 0.01471981631999071 13.77
1378 0.01468262344057953 13.78
1379 0.01464593785426695 13.79
1380 0.01459400548630257 13.8
1381 0.01456342709541337 13.81
1382 0.01452691721722317 13.82
1383 0.01451505727370291 13.83
1384 0.01450138991733138 13.84
1385 0.01449349019229472 13.85
1386 0.01451571158899419 13.86
1387 0.01450950311856163 13.87
1388 0.01451492181827948 13.88
1389 0.01451602075924226 13.89
1390 0.01455809801454213 13.9
1391 0.01459656732426812 13.91
1392 0.01464457734989771 13.92
1393 0.01468350622334033 13.93
1394 0.01473035910713701 13.94
1395 0.01476957484170691 13.95
1396 0.01482699400807062 13.96
1397 0.01486157371828594 13.97
1398 0.01491095194288968 13.98
1399 0.01494769441365435 13.99
1400 0.01498778938509346 14
1401 0.01504945741304993 14.01
1402 0.01509278848955143 14.02
1403 0.01515999586773201 14.03
1404 0.01524296968632426 14.04
1405 0.01528198274506631 14.05
1406 0.01535655683295897 14.06
1407 0.01541269202011292 14.07
1408 0.01544684368840105 14.08
1409 0.01546182253384863 14.09
1410 0.01545955452341907 14.1
1411 0.01546151438785804 14.11
1412 0.01546959118204532 14.12
1413 0.01549266572969493 14.13
1414 0.01554326378533064 14.14
1415 0.01557880141969102 14.15
1416 0.01561895033745321 14.16
1417 0.01565440614022707 14.17
1418 0.01566099788021943 14.18
1419 0.01570663796433595 14.19
1420 0.01572217907729916 14.2
1421 0.01574487328525412 14.21
1422 0.01575565209039048 14.22
1423 0.01577362313697857 14.23
1424 0.01580152925818907 14.24
1425 0.01583875999386164 14.25
1426 0.01589561248204773 14.26
1427 0.0159352966027266 14.27
1428 0.01597027462952042 14.28
1429 0.01600079105379292 14.29
1430 0.01602909478378978 14.3
1431 0.0160846366645769 14.31
1432 0.01612734645890084 14.32
1433 0.01616224422284938 14.33
1434 0.01621021400960896 14.34
1435 0.01624374972926357 14.35
1436 0.01627178488237607 14.36
1437 0.01631314840786054 14.37
1438 0.01634295511220045 14.38
1439 0.01638124978829622 14.39
1440 0.01641372328044732 14.4
1441 0.01644743399262113 14.41
1442 0.01649004148886452 14.42
1443 0.01650101950294037 14.43
1444 0.01655788024765622 14.44
1445 0.01655442834976307 14.45
1446 0.01655916911038493 14.46
1447 0.01657066154005356 14.47
1448 0.01658759496622612 14.48
1449 0.01659852761124343 14.49
1450 0.01660987738274529 14.5
1451 0.01662004920336344 14.51
1452 0.01662471181571893 14.52
1453 0.01662329117039554 14.53
1454 0.0166443308878008 14.54
1455 0.01666455080914399 14.55
1456 0.01662707587192054 14.56
1457 0.01661726999605831 14.57
1458 0.01664423268904329 14.58
1459 0.01665865068323448 14.59
1460 0.01665678603324457 14.6
1461 0.01666692553606874 14.61
1462 0.01667143926521357 14.62
1463 0.01667813912437301 14.63
1464 0.01668208557509093 14.64
1465 0.01668118237853177 14.65
1466 0.01667609089930364 14.66
1467 0.01666978879455358 14.67
1468 0.01667211818098498 14.68
1469 0.01668859905563696 14.69
1470 0.01669734319742401 14.7
1471 0.01667974018450765 14.71
1472 0.01667901563360857 14.72
1473 0.01667414704750132 14.73
1474 0.01668313313582302 14.74
1475 0.01668263020256825 14.75
1476 0.01666832263468146 14.76
1477 0.01664665312746654 14.77
1478 0.01663508949955112 14.78
1479 0.01663250431287197 14.79
1480 0.01663261272803019 14.8
1481 0.01662299691621667 14.81
1482 0.01661695024490637 14.82
1483 0.01659371830628468 14.83
1484 0.01657696257048829 14.84
1485 0.01657518269067979 14.85
1486 0.01657123485733516 14.86
1487 0.01654758273769898 14.87
1488 0.01653693716292896 14.88
1489 0.01655755981552384 14.89
1490 0.01655318722019059 14.9
1491 0.01656101524707583 14.91
1492 0.0165424661681605 14.92
1493 0.01651598974608292 14.93
1494 0.0164880251191667 14.94
1495 0.01643942788090478 14.95
1496 0.01641653851162135 14.96
1497 0.0163896988772538 14.97
1498 0.01637401434983956 14.98
1499 0.01636668700551698 14.99
1500 0.01634937515470602 15
1501 0.01633299555691097 15.01
1502 0.01628695915400996 15.02
1503 0.01623986732008068 15.03
1504 0.01622291461094823 15.04
1505 0.01618407066600802 15.05
1506 0.01615454695758921 15.06
1507 0.0161261511655331 15.07
1508 0.01608188160907633 15.08
1509 0.01606182034876766 15.09
1510 0.01603130409658171 15.1
1511 0.01600412288553157 15.11
1512 0.0159534696150241 15.12
1513 0.01592563096971573 15.13
1514 0.01589303064181554 15.14
1515 0.01586043360570484 15.15
1516 0.01582890088247201 15.16
1517 0.01578252528070164 15.17
1518 0.01575875449981791 15.18
1519 0.01571719458080693 15.19
1520 0.01570024358910583 15.2
1521 0.01566471668026307 15.21
1522 0.01564830695517493 15.22
1523 0.01564347333043885 15.23
1524 0.01562374271652777 15.24
1525 0.01560039063058229 15.25
1526 0.0155825675750736 15.26
1527 0.01557689396003716 15.27
1528 0.01555617502752301 15.28
1529 0.01555710970045684 15.29
1530 0.01557093206632523 15.3
1531 0.0155710522329608 15.31
1532 0.01559044844386765 15.32
1533 0.01559020077918392 15.33
1534 0.01557202774195611 15.34
1535 0.01560198150907486 15.35
1536 0.01564257041634518 15.36
1537 0.01568164596689418 15.37
1538 0.01570856902706611 15.38
1539 0.01573500674260091 15.39
1540 0.01576650185901282 15.4
1541 0.01579725391865598 15.41
1542 0.0158329972738558 15.42
1543 0.01585893719708566 15.43
1544 0.01586148947409763 15.44
1545 0.01590138943473829 15.45
1546 0.01593994117983983 15.46
1547 0.01597789445131416 15.47
1548 0.01604419774222454 15.48
1549 0.0160650124397917 15.49
1550 0.01612925445005189 15.5
1551 0.01614604994792289 15.51
1552 0.01616234443340968 15.52
1553 0.01614208297606338 15.53
1554 0.01612318421184516 15.54
1555 0.01610653122878992 15.55
1556 0.01609364407991351 15.56
1557 0.01610648876688719 15.57
1558 0.01610087246016973 15.58
1559 0.01609185688328144 15.59
1560 0.0160953839112154 15.6
1561 0.01608455139956742 15.61
1562 0.01609182149742762 15.62
1563 0.01609834164161127 15.63
1564 0.01605725986123768 15.64
1565 0.01602296122065494 15.65
1566 0.01599864603877869 15.66
1567 0.01597404475939758 15.67
1568 0.01596180120365481 15.68
1569 0.01594684224047364 15.69
1570 0.01592276968912431 15.7
1571 0.01590603545290622 15.71
1572 0.01588857271162153 15.72
1573 0.01587924840248156 15.73
1574 0.01585369428050531 15.74
1575 0.0158335874195487 15.75
1576 0.01581268092719867 15.76
1577 0.01580035997982452 15.77
1578 0.01576444712551466 15.78
1579 0.01574242672044181 15.79
1580 0.01569834410949284 15.8
1581 0.01567843174697637 15.81
1582 0.0156507027374951 15.82
1583 0.01563875675494201 15.83
1584 0.015600035564749 15.84
1585 0.01555160805118379 15.85
1586 0.01554084538856674 15.86
1587 0.01551258530820751 15.87
1588 0.01547727512925338 15.88
1589 0.01546034139524466 15.89
1590 0.01544493114376932 15.9
1591 0.01543464195428946 15.91
1592 0.01542788898188332 15.92
1593 0.01540750529631348 15.93
1594 0.01539215959587171 15.94
1595 0.01536980947572228 15.95
1596 0.0153711949785767 15.96
1597 0.01535301696008817 15.97
1598 0.01534617319494849 15.98
1599 0.01533803384242587 15.99
1600 0.01533701284824447 16
1601 0.01534707488814488 16.01
1602 0.01536399375043226 16.02
1603 0.01537409364008326 16.03
1604 0.01538746384280623 16.04
1605 0.01540625569455906 16.05
1606 0.0154412808027305 16.06
1607 0.01545857690275531 16.07
1608 0.01547700424537451 16.08
1609 0.01550588887996363 16.09
1610 0.01554875260803261 16.1
1611 0.01559478587886506 16.11
1612 0.01562473434615427 16.12
1613 0.01566243499291291 16.13
1614 0.01569162240896243 16.14
1615 0.01571338541315206 16.15
1616 0.01575429561224678 16.16
1617 0.01577716866461248 16.17
1618 0.01581304933659854 16.18
1619 0.01585620739487412 16.19
1620 0.01588221858643322 16.2
1621 0.01589329853291802 16.21
1622 0.01594044225612396 16.22
1623 0.0159486041218821 16.23
1624 0.01597844704811339 16.24
1625 0.01600386010456653 16.25
1626 0.01602499569986523 16.26
1627 0.01604092533631347 16.27
1628 0.0160612716008584 16.28
1629 0.01606735192901718 16.29
1630 0.01607314481779968 16.3
1631 0.01606830686601523 16.31
1632 0.01606862409792558 16.32
1633 0.01608700182740062 16.33
1634 0.016096167244729 16.34
1635 0.01609898310113043 16.35
1636 0.01609455964546159 16.36
1637 0.01606885455743788 16.37
1638 0.01605925593274315 16.38
1639 0.01604771662537826 16.39
1640 0.01603280051339587 16.4
1641 0.01600089923285312 16.41
1642 0.01599687587906971 16.42
1643 0.01595804047230486 16.43
1644 0.01591428980720701 16.44
1645 0.0158903950855159 16.45
1646 0.01587164891035069 16.46
1647 0.01581270313892528 16.47
1648 0.01576546177627997 16.48
1649 0.01574742206860359 16.49
1650 0.01575185595575854 16.5
1651 0.01573876414357776 16.51
1652 0.01572379782952515 16.52
1653 0.01569208674319645 16.53
1654 0.01564699086616319 16.54
1655 0.01562668513383736 16.55
1656 0.01562542426555633 16.56
1657 0.0156475387381845 16.57
1658 0.01563099341968871 16.58
1659 0.01564073005341467 16.59
1660 0.01565066868675635 16.6
1661 0.0156901555624699 16.61
1662 0.01571598411957986 16.62
1663 0.01575789817763463 16.63
1664 0.01581509494166085 16.64
1665 0.01585075988163551 16.65
1666 0.01590250272546579 16.66
1667 0.015971691849379 16.67
1668 0.01600993831609159 16.68
1669 0.01605252007572899 16.69
1670 0.01611321535852036 16.7
1671 0.01615966362698709 16.71
1672 0.01622492036427329 16.72
1673 0.0162182350404631 16.73
1674 0.01621729945731828 16.74
1675 0.01623302488104487 16.75
1676 0.01629004902925741 16.76
1677 0.01632715268058947 16.77
1678 0.01635212234999766 16.78
1679 0.01639910128562656 16.79
1680 0.01642414528216955 16.8
1681 0.01644767884807487 16.81
1682 0.0164314762943003 16.82
1683 0.01642147076341915 16.83
1684 0.01641646424203651 16.84
1685 0.01643359509193181 16.85
1686 0.01646524563968731 16.86
1687 0.01645742274895102 16.87
1688 0.01644501138988295 16.88
1689 0.01647510630124129 16.89
1690 0.01648573552183311 16.9
1691 0.01646267881975888 16.91
1692 0.01648751758873632 16.92
1693 0.01649784505735266 16.93
1694 0.01650883878126174 16.94
1695 0.01649977325165421 16.95
1696 0.01648419732367781 16.96
1697 0.01645944743539958 16.97
1698 0.01643370747723834 16.98
1699 0.01641162063570479 16.99
1700 0.01638775289138041 17
1701 0.0163637805196196 17.01
1702 0.01633163695533097 17.02
1703 0.01630293812706707 17.03
1704 0.01628987359158001 17.04
1705 0.01627365111177216 17.05
1706 0.01626025998027304 17.06
1707 0.01624371856123503 17.07
1708 0.01624283326515162 17.08
1709 0.01621839497641529 17.09
1710 0.01618094571324189 17.1
1711 0.01616213795393411 17.11
1712 0.01612976660089407 17.12
1713 0.01608555556525633 17.13
1714 0.01604492467693026 17.14
1715 0.01602218964758786 17.15
1716 0.01598781279416465 17.16
1717 0.01597064712668379 17.17
1718 0.01596454497893694 17.18
1719 0.01595686892024722 17.19
1720 0.01592907517780237 17.2
1721 0.01590962046645319 17.21
1722 0.01587548709606168 17.22
1723 0.01582700648028222 17.23
1724 0.01576458844868087 17.24
1725 0.01573576152855423 17.25
1726 0.01569721040499471 17.26
1727 0.01567294901586613 17.27
1728 0.01562026328466629 17.28
1729 0.01556501239099713 17.29
1730 0.01552161594518618 17.3
1731 0.01548111615752537 17.31
1732 0.01544568740995973 17.32
1733 0.01541386444349815 17.33
1734 0.01537575854429762 17.34
1735 0.01532617863156981 17.35
1736 0.01526594530211982 17.36
1737 0.01520916797390152 17.37
1738 0.01516931934159564 17.38
1739 0.01513650221491139 17.39
1740 0.01509110197662836 17.4
1741 0.01504618842342602 17.41
1742 0.01500570207447793 17.42
1743 0.01495233836356013 17.43
1744 0.01489324697163181 17.44
1745 0.01484082889358588 17.45
1746 0.01479538500464733 17.46
1747 0.01475997897066853 17.47
1748 0.01470891305134739 17.48
1749 0.0146857082774501 17.49
1750 0.01465923690117684 17.5
1751 0.01462600561949324 17.51
1752 0.01459614645782419 17.52
1753 0.01457339987775854 17.53
1754 0.0145549471243974 17.54
1755 0.01454701931646081 17.55
1756 0.01454524536440517 17.56
1757 0.01454273604775385 17.57
1758 0.01452481125831932 17.58
1759 0.01449673223808961 17.59
1760 0.01447797451183429 17.6
1761 0.01449410085926765 17.61
1762 0.01449589733960097 17.62
1763 0.01451224380850215 17.63
1764 0.01450771576366291 17.64
1765 0.01452247624255749 17.65
1766 0.01454569424663088 17.66
1767 0.01456297865900701 17.67
1768 0.014567473372527 17.68
1769 0.01458909960684006 17.69
1770 0.01461974558438639 17.7
1771 0.01463413562194608 17.71
1772 0.01464097118408027 17.72
1773 0.01466031075530699 17.73
1774 0.01467542762269664 17.74
1775 0.01469254291132572 17.75
1776 0.01471693397913076 17.76
1777 0.01472309480097598 17.77
1778 0.0147524188919395 17.78
1779 0.01477744806292399 17.79
1780 0.01480836540650363 17.8
1781 0.01482569490538146 17.81
1782 0.01485774856789952 17.82
1783 0.01487443131338043 17.83
1784 0.01491145036417675 17.84
1785 0.01495084173133098 17.85
1786 0.01498685384683746 17.86
1787 0.01500676420936659 17.87
1788 0.01503273671454022 17.88
1789 0.0150594571049237 17.89
1790 0.01510567107952794 17.9
1791 0.01516466104039427 17.91
1792 0.01520289457447991 17.92
1793 0.01525003325793104 17.93
1794 0.01526001260375945 17.94
1795 0.01528395537356388 17.95
1796 0.01528331510231703 17.96
1797 0.01531138596144826 17.97
1798 0.01536518815723743 17.98
1799 0.01538172512181311 17.99
1800 0.01539903583950115 18
1801 0.01542999758495397 18.01
1802 0.01548380372559142 18.02
1803 0.01548225411805893 18.03
1804 0.01549322267466698 18.04
1805 0.01551871567475007 18.05
1806 0.01553838054092745 18.06
1807 0.01555119690817524 18.07
1808 0.01555232638111863 18.08
1809 0.01555222997856151 18.09
1810 0.01553739242606587 18.1
1811 0.01554584317713138 18.11
1812 0.01553339588807977 18.12
1813 0.01550879393247217 18.13
1814 0.01548915320546659 18.14
1815 0.01546256728554587 18.15
1816 0.01545935617171469 18.16
1817 0.01546572940159101 18.17
1818 0.01547067583788516 18.18
1819 0.01545267793138366 18.19
1820 0.015432630580317 18.2
1821 0.01540875664300344 18.21
1822 0.01539727498132006 18.22
1823 0.01538112809860986 18.23
1824 0.01536675348593965 18.24
1825 0.01536661582595243 18.25
1826 0.01535069865676162 18.26
1827 0.01534616008721984 18.27
1828 0.01533155101729003 18.28
1829 0.01528057249456775 18.29
1830 0.01524213817750093 18.3
1831 0.01521972686907624 18.31
1832 0.01519619734166509 18.32
1833 0.01519559531167929 18.33
1834 0.01515547273856422 18.34
1835 0.01512618696812117 18.35
1836 0.01510421777816136 18.36
1837 0.0150657795379003 18.37
1838 0.01503080556666128 18.38
1839 0.015008925335699 18.39
1840 0.01499369740823086 18.4
1841 0.01495995037009 18.41
1842 0.01494897047209233 18.42
1843 0.01493447337887547 18.43
1844 0.01491014878308837 18.44
1845 0.01488747420511708 18.45
1846 0.01488300817872686 18.46
1847 0.01487263771135825 18.47
1848 0.01486348834187759 18.48
1849 0.01483072244754204 18.49
1850 0.01480450596084788 18.5
1851 0.01479450211407386 18.51
1852 0.01478899344272121 18.52
1853 0.01479785757831216 18.53
1854 0.01480096912483309 18.54
1855 0.01481687786830033 18.55
1856 0.014835312652054 18.56
1857 0.01484920666518703 18.57
1858 0.0148457630976246 18.58
1859 0.01486052211930767 18.59
1860 0.01486292954698066 18.6
1861 0.01486570323063643 18.61
1862 0.01488511280393736 18.62
1863 0.0148926513973076 18.63
1864 0.01488310543629669 18.64
1865 0.01488212952866043 18.65
1866 0.01489040432336458 18.66
1867 0.01491720188702692 18.67
1868 0.01493056327855488 18.68
1869 0.01492938917201926 18.69
1870 0.01490589439106862 18.7
1871 0.01488397793323482 18.71
1872 0.01485430431105294 18.72
1873 0.01480897765654054 18.73
1874 0.01477298091508385 18.74
1875 0.01473906078291592 18.75
1876 0.01472161504901052 18.76
1877 0.01470993911986315 18.77
1878 0.01467585524004379 18.78
1879 0.01463836544217711 18.79
1880 0.01459435306739412 18.8
1881 0.0145644365201494 18.81
1882 0.0145210712033601 18.82
1883 0.01450752768170861 18.83
1884 0.01447309238973739 18.84
1885 0.01444447662149714 18.85
1886 0.01441757003848972 18.86
1887 0.01438732723484634 18.87
1888 0.01436496671922884 18.88
1889 0.0143381699196276 18.89
1890 0.01430863150610953 18.9
1891 0.0142956556880248 18.91
1892 0.01430112376354038 18.92
1893 0.01428108014507853 18.93
1894 0.01426706616664222 18.94
1895 0.01425784519791734 18.95
1896 0.01426313366807717 18.96
1897 0.01423703710176143 18.97
1898 0.01422240802720369 18.98
1899 0.01423934822307292 18.99
1900 0.01425703761523851 19
1901 0.01426438415970176 19.01
1902 0.01428817272141188 19.02
1903 0.01432679173604938 19.03
1904 0.0143457924827596 19.04
1905 0.01434491258578758 19.05
1906 0.01435732979838552 19.06
1907 0.01437331627628137 19.07
1908 0.01438591098712314 19.08
1909 0.01440370062379946 19.09
1910 0.01442528934645089 19.1
1911 0.01443116223293771 19.11
1912 0.01443620888119485 19.12
1913 0.01441604390589702 19.13
1914 0.01441612552091404 19.14
1915 0.01441464921929452 19.15
1916 0.0144237988375293 19.16
1917 0.01441748073743271 19.17
1918 0.01443124666940599 19.18
1919 0.01444292151854842 19.19
1920 0.01444635574842801 19.2
1921 0.01442860951968957 19.21
1922 0.01443424850214964 19.22
1923 0.01444046083174642 19.23
1924 0.01443875067830016 19.24
1925 0.01442852291548966 19.25
1926 0.0144125280716953 19.26
1927 0.01440869474318607 19.27
1928 0.01441758311536294 19.28
1929 0.01442937292399548 19.29
1930 0.01441865575868756 19.3
1931 0.01442051463893524 19.31
1932 0.01443567258254719 19.32
1933 0.01442810142332894 19.33
1934 0.01444120258530344 19.34
1935 0.01445071816972558 19.35
1936 0.01442940979951696 19.36
1937 0.01442182155137627 19.37
1938 0.01438725617258091 19.38
1939 0.01435735941032348 19.39
1940 0.01431751279795443 19.4
1941 0.01430482959992134 19.41
1942 0.01426461239878872 19.42
1943 0.01424151617915828 19.43
1944 0.01422909046145127 19.44
1945 0.01422940428689137 19.45
1946 0.01420782950619169 19.46
1947 0.01417463351716468 19.47
1948 0.01413067674004114 19.48
1949 0.0141226074143396 19.49
1950 0.01410778122008924 19.5
1951 0.01408088826413604 19.51
1952 0.01407973252391666 19.52
1953 0.01406931610035434 19.53
1954 0.01405410106595052 19.54
1955 0.01402613919972873 19.55
1956 0.01399580040457988 19.56
1957 0.01395837754925531 19.57
1958 0.01394595340932093 19.58
1959 0.01393497733130041 19.59
1960 0.01394578210490951 19.6
1961 0.01395107571910781 19.61
1962 0.01394401845588189 19.62
1963 0.01396042754872856 19.63
1964 0.01396738646076637 19.64
1965 0.01395707300712322 19.65
1966 0.01394679602190267 19.66
1967 0.0139612446124505 19.67
1968 0.01398576272452333 19.68
1969 0.01397685938905263 19.69
1970 0.01395344692209486 19.7
1971 0.01393296778225386 19.71
1972 0.01391822658014363 19.72
1973 0.01392672807809024 19.73
1974 0.01393746986237518 19.74
1975 0.01395156932086944 19.75
1976 0.01393827681000589 19.76
1977 0.01393577656986056 19.77
1978 0.01396861321742442 19.78
1979 0.01396866488930824 19.79
1980 0.01395777599662994 19.8
1981 0.01392493742469481 19.81
1982 0.0138921396517519 19.82
1983 0.01384426164624614 19.83
1984 0.01379562283567485 19.84
1985 0.01378366521717025 19.85
1986 0.01375944246022248 19.86
1987 0.01372071085110661 19.87
1988 0.01369807344094101 19.88
1989 0.01367912169718387 19.89
1990 0.01365215678778839 19.9
1991 0.01362676961047112 19.91
1992 0.01358120267729791 19.92
1993 0.01356041817520329 19.93
1994 0.01354310206104565 19.94
1995 0.01350493060888656 19.95
1996 0.01346726104647933 19.96
1997 0.01344167985652366 19.97
1998 0.01341703902682265 19.98
1999 0.01339985989762574 19.99
2000 0.01337316781769422 20
2001 0.01334857371139744 20.01
2002 0.01332863257919998 20.02
2003 0.01330506018088063 20.03
2004 0.01328294525526206 20.04
2005 0.01325974056852133 20.05
2006 0.01324486447149112 20.06
2007 0.01322678212122093 20.07
2008 0.01320708839216529 20.08
2009 0.01316744854176488 20.09
2010 0.01314096629284217 20.1
2011 0.01311041711392528 20.11
2012 0.01309835731550829 20.12
2013 0.01308764545455856 20.13
2014 0.01305252790843206 20.14
2015 0.01300984970223752 20.15
2016 0.01300319677103005 20.16
2017 0.01297038142231017 20.17
2018 0.01294380491810711 20.18
2019 0.01293617128508928 20.19
2020 0.01292692537545975 20.2
2021 0.01292331999883463 20.21
2022 0.01291074526609976 20.22
2023 0.01289725187929907 20.23
2024 0.01288496000244629 20.24
2025 0.01286526755994241 20.25
2026 0.01284993456414278 20.26
2027 0.01283170114452312 20.27
2028 0.01282554986519318 20.28
2029 0.01282091108503646 20.29
2030 0.01281670469835228 20.3
2031 0.01281744800426608 20.31
2032 0.0128269691766082 20.32
2033 0.01282797962682714 20.33
2034 0.01282740183940549 20.34
2035 0.01283131940862866 20.35
2036 0.01283508352867115 20.36
2037 0.01283376423648988 20.37
2038 0.01283451701018765 20.38
2039 0.01283221892264702 20.39
2040 0.01283198525227496 20.4
2041 0.01284028990890229 20.41
2042 0.01283696594580564 20.42
2043 0.01283683678429455 20.43
2044 0.01283747051658753 20.44
2045 0.01284545402178972 20.45
2046 0.0128465351803898 20.46
2047 0.01285851621133467 20.47
2048 0.01287602227794806 20.48
2049 0.01288891094987057 20.49
2050 0.01289897998913791 20.5
2051 0.01290502794639443 20.51
2052 0.01291725567938247 20.52
2053 0.0129220417606703 20.53
2054 0.0129268481731749 20.54
2055 0.01293781495512432 20.55
2056 0.01294798422987426 20.56
2057 0.01295645972754524 20.57
2058 0.01296713063259889 20.58
2059 0.01297161977816243 20.59
2060 0.01298127370095007 20.6
2061 0.01298478273284952 20.61
2062 0.01298566195930918 20.62
2063 0.01298807166079091 20.63
2064 0.01299436959924334 20.64
2065 0.01300532877882451 20.65
2066 0.01300469186842521 20.66
2067 0.0130071777531776 20.67
2068 0.01300752325200979 20.68
2069 0.01301176546457738 20.69
2070 0.01301196221910828 20.7
2071 0.01301122097742888 20.71
2072 0.01300811319256965 20.72
2073 0.01300403941419816 20.73
2074 0.01299771939915988 20.74
2075 0.01299082217207216 20.75
2076 0.01297661305033047 20.76
2077 0.01296528058050683 20.77
2078 0.01296049594785906 20.78
2079 0.01295980594388777 20.79
2080 0.0129619624154889 20.8
2081 0.01295947954116643 20.81
2082 0.01294929853381857 20.82
2083 0.01294275037545089 20.83
2084 0.01293358020523506 20.84
2085 0.01292102432541894 20.85
2086 0.01291113427351065 20.86
2087 0.01290298789787721 20.87
2088 0.01290623031152065 20.88
2089 0.01290251273335845 20.89
2090 0.01289982459946886 20.9
2091 0.01289906181033851 20.91
2092 0.01290010519869371 20.92
2093 0.01289387791643525 20.93
2094 0.01289477093208687 20.94
2095 0.01289080808024714 20.95
2096 0.01287911143674386 20.96
2097 0.01287806908761497 20.97
2098 0.01287786293464706 20.98
2099 0.01287797562291733 20.99
2100 0.01287972015738122 21
2101 0.01287428492579622 21.01
2102 0.01286994394952029 21.02
2103 0.01287681685045664 21.03
2104 0.01288572753283877 21.04
2105 0.01289102434163003 21.05
2106 0.01289349710248295 21.06
2107 0.01289615500492452 21.07
2108 0.01289921917929803 21.08
2109 0.01290196709746233 21.09
2110 0.01290411670687345 21.1
2111 0.01290555196679571 21.11
2112 0.01291097892970395 21.12
2113 0.01292427999504715 21.13
2114 0.01293060764736046 21.14
2115 0.01293659202541512 21.15
2116 0.01294916055025101 21.16
2117 0.0129535200596037 21.17
2118 0.01296629914179787 21.18
2119 0.01297129317125141 21.19
2120 0.012983387279924 21.2
2121 0.01299247673692409 21.21
2122 0.0130104580516166 21.22
2123 0.01302654113658416 21.23
2124 0.01304516710885402 21.24
2125 0.01305600840231311 21.25
2126 0.01307533927046881 21.26
2127 0.01309659778135598 21.27
2128 0.01311764350106539 21.28
2129 0.01313918858138785 21.29
2130 0.01314868244042068 21.3
2131 0.01316540447551487 21.31
2132 0.01318054035648366 21.32
2133 0.01319966379857709 21.33
2134 0.01321594376633675 21.34
2135 0.01323309565752096 21.35
2136 0.01324185511912056 21.36
2137 0.01325613180520332 21.37
2138 0.01326844216550135 21.38
2139 0.01328060199397385 21.39
2140 0.01329164629263498 21.4
2141 0.01330785101174569 21.41
2142 0.01330972713780708 21.42
2143 0.0133193450195886 21.43
2144 0.01333425720180962 21.44
2145 0.01333959719980024 21.45
2146 0.01333877153807538 21.46
2147 0.01333640300125822 21.47
2148 0.01334195295311694 21.48
2149 0.01334326615848393 21.49
2150 0.01335083487022225 21.5
2151 0.01334600923610826 21.51
2152 0.01334749426034773 21.52
2153 0.01335057644197722 21.53
2154 0.01334407768898505 21.54
2155 0.01334206087973414 21.55
2156 0.01334143401607464 21.56
2157 0.01334102236474394 21.57
2158 0.01333364604887009 21.58
2159 0.01333876230405195 21.59
2160 0.01333548172591765 21.6
2161 0.01333647533010778 21.61
2162 0.01332793874911171 21.62
2163 0.01331953050291529 21.63
2164 0.01330438719194239 21.64
2165 0.01330612223588176 21.65
2166 0.01330028536039201 21.66
2167 0.01328535130062635 21.67
2168 0.01327916930693084 21.68
2169 0.01327212425537722 21.69
2170 0.01326931374981819 21.7
2171 0.01326397220461895 21.71
2172 0.01326286804447467 21.72
2173 0.0132561484107664 21.73
2174 0.01325856630589178 21.74
2175 0.0132490058808517 21.75
2176 0.01323392443070138 21.76
2177 0.01322540413532386 21.77
2178 0.0132342191726057 21.78
2179 0.0132238371021942 21.79
2180 0.01322795868760012 21.8
2181 0.01322324539160927 21.81
2182 0.01324587708283029 21.82
2183 0.01326506252108109 21.83
2184 0.01328300262041966 21.84
2185 0.01327235212851222 21.85
2186 0.01327766661000782 21.86
2187 0.01330346400404702 21.87
2188 0.01332653449691456 21.88
2189 0.01335336994004958 21.89
2190 0.01338293616653453 21.9
2191 0.01340330601810507 21.91
2192 0.01341987127709645 21.92
2193 0.01346156248163996 21.93
2194 0.01348945772242309 21.94
2195 0.01352776508023337 21.95
2196 0.01355417365630423 21.96
2197 0.01359357752431067 21.97
2198 0.0136162760859537 21.98
2199 0.01363304475536527 21.99
2200 0.0136596734376559 22
2201 0.01368293991700964 22.01
2202 0.01369984263354421 22.02
2203 0.01372356649469822 22.03
2204 0.01375869865706264 22.04
2205 0.01378277034326669 22.05
2206 0.01378810111707528 22.06
2207 0.0138012211715032 22.07
2208 0.01380939968804241 22.08
2209 0.01382848882204031 22.09
2210 0.01381023618432029 22.1
2211 0.01379944075144973 22.11
2212 0.01379852805376086 22.12
2213 0.0137874076520368 22.13
2214 0.01378427944693492 22.14
2215 0.01378122674272102 22.15
2216 0.01381894574786441 22.16
2217 0.01380022671181308 22.17
2218 0.01378335416303969 22.18
2219 0.01378222536611114 22.19
2220 0.01376400897110945 22.2
2221 0.0137385930701375 22.21
2222 0.01371517313972157 22.22
2223 0.01368181561880458 22.23
2224 0.01366350630160561 22.24
2225 0.01366203361952286 22.25
2226 0.01365765505383581 22.26
2227 0.01365860777272577 22.27
2228 0.01362891157281049 22.28
2229 0.01363839653863888 22.29
2230 0.01363133974236677 22.3
2231 0.01361253183152742 22.31
2232 0.01361798507693117 22.32
2233 0.01360957306110404 22.33
2234 0.01359578113930433 22.34
2235 0.01357565496867215 22.35
2236 0.01356720401694722 22.36
2237 0.01354978341466515 22.37
2238 0.01353576250516681 22.38
2239 0.01352312373738985 22.39
2240 0.01351634075736264 22.4
2241 0.01352998018816694 22.41
2242 0.01353391176334957 22.42
2243 0.01349812232092927 22.43
2244 0.01349068207303281 22.44
2245 0.01350182144709705 22.45
2246 0.01347990758146125 22.46
2247 0.0134689115385292 22.47
2248 0.01347059893192156 22.48
2249 0.01347125556940983 22.49
2250 0.013471082068589 22.5
2251 0.01347430174185817 22.51
2252 0.01347122189391271 22.52
2253 0.0134779609833984 22.53
2254 0.0134676835142202 22.54
2255 0.01345469094944842 22.55
2256 0.01345323969263429 22.56
2257 0.01342102982207628 22.57
2258 0.01339927496879381 22.58
2259 0.01338170556733756 22.59
2260 0.01335949935248435 22.6
2261 0.01333482177421229 22.61
2262 0.01332622440727946 22.62
2263 0.01332714828382034 22.63
2264 0.01330544306616816 22.64
2265 0.01329296167232015 22.65
2266 0.01328684798017546 22.66
2267 0.01328219893973841 22.67
2268 0.01328886469034994 22.68
2269 0.01328626663844146 22.69
2270 0.01328393857580906 22.7
2271 0.01327215663747951 22.71
2272 0.01325670939955568 22.72
2273 0.0132330762594971 22.73
2274 0.01320048191187753 22.74
2275 0.01318869290722826 22.75
2276 0.01317462679571112 22.76
2277 0.01315557353068842 22.77
2278 0.01314294680943465 22.78
2279 0.01313980206875901 22.79
2280 0.01313752372719222 22.8
2281 0.01314045513801342 22.81
2282 0.01314603227635263 22.82
2283 0.01315466563816246 22.83
2284 0.01314815213454969 22.84
2285 0.01314956981120062 22.85
2286 0.0131414742799672 22.86
2287 0.01313256866731271 22.87
2288 0.01313406543379922 22.88
2289 0.01312162068076435 22.89
2290 0.01311549715811715 22.9
2291 0.01310795002557895 22.91
2292 0.01310811855268822 22.92
2293 0.01311169977258258 22.93
2294 0.01312881137748965 22.94
2295 0.01315596531400005 22.95
2296 0.01316716537279657 22.96
2297 0.01315741736379268 22.97
2298 0.01315559669139 22.98
2299 0.01316144281056021 22.99
2300 0.01317121433684871 23
2301 0.0131667641612132 23.01
2302 0.0131629079974221 23.02
2303 0.01314403378385783 23.03
2304 0.01313430919354028 23.04
2305 0.01312258905131877 23.05
2306 0.01312482700277074 23.06
2307 0.01312146756891697 23.07
2308 0.01311456464026967 23.08
2309 0.01310588209141469 23.09
2310 0.0131189095525596 23.1
2311 0.01311736309900194 23.11
2312 0.013120570312702 23.12
2313 0.01311748401947662 23.13
2314 0.01311302226185987 23.14
2315 0.01310385175901341 23.15
2316 0.01310599327557123 23.16
2317 0.01310436482573424 23.17
2318 0.01309910628356892 23.18
2319 0.01308703098538972 23.19
2320 0.01308153465947764 23.2
2321 0.01307419347214059 23.21
2322 0.01307367992891049 23.22
2323 0.01308274681681224 23.23
2324 0.01309895829435523 23.24
2325 0.01309630791613849 23.25
2326 0.01312229991145756 23.26
2327 0.01311932850333212 23.27
2328 0.01312941110189917 23.28
2329 0.0131412419978928 23.29
2330 0.01313896233532029 23.3
2331 0.01314088665017039 23.31
2332 0.01313722646363158 23.32
2333 0.01313716483703841 23.33
2334 0.01313105886698679 23.34
2335 0.01312786396632289 23.35
2336 0.01313848531889094 23.36
2337 0.01315541577496216 23.37
2338 0.01317589950720224 23.38
2339 0.0131907745796893 23.39
2340 0.01319370274598181 23.4
2341 0.013204352410679 23.41
2342 0.01322087238423235 23.42
2343 0.0132271402869096 23.43
2344 0.01323741540358857 23.44
2345 0.0132386663929064 23.45
2346 0.0132352499311006 23.46
2347 0.01324700725062422 23.47
2348 0.01325253799703098 23.48
2349 0.01325158772157467 23.49
2350 0.01325638703580158 23.5
2351 0.01324988117399606 23.51
2352 0.01324093470113416 23.52
2353 0.01324160230827013 23.53
2354 0.0132295325003787 23.54
2355 0.01322196470627252 23.55
2356 0.01320822798337941 23.56
2357 0.01320026739520458 23.57
2358 0.01319420783626822 23.58
2359 0.01318683892108552 23.59
2360 0.01317748870388698 23.6
2361 0.01315323222796177 23.61
2362 0.01313167121604766 23.62
2363 0.01310879609700273 23.63
2364 0.01309260869626676 23.64
2365 0.01306971605540554 23.65
2366 0.01305055592710608 23.66
2367 0.0130365698561654 23.67
2368 0.01302573420625173 23.68
2369 0.01301442949046201 23.69
2370 0.01300443210623533 23.7
2371 0.01300122312263513 23.71
2372 0.01299781917759513 23.72
2373 0.01299676956159243 23.73
2374 0.01299479948720551 23.74
2375 0.01299261385411137 23.75
2376 0.01298385293740594 23.76
2377 0.01297452322112333 23.77
2378 0.01296865199632238 23.78
2379 0.01296488675358551 23.79
2380 0.01296470807743992 23.8
2381 0.01297624896457589 23.81
2382 0.01297414332744507 23.82
2383 0.01297288980928599 23.83
2384 0.01297379465897979 23.84
2385 0.01298005585137326 23.85
2386 0.01299507247948832 23.86
2387 0.01300571861352823 23.87
2388 0.01301483127092636 23.88
2389 0.01302295424235357 23.89
2390 0.01303518708623846 23.9
2391 0.01304853988401391 23.91
2392 0.01306077836953782 23.92
2393 0.01307430601203291 23.93
2394 0.01309342047185535 23.94
2395 0.01311286206219502 23.95
2396 0.01313687631065866 23.96
2397 0.01315853409377412 23.97
2398 0.01317851706879133 23.98
2399 0.01320594816019847 23.99
2400 0.01323034363632317 24
2401 0.01325480941907049 24.01
2402 0.01327611320917203 24.02
2403 0.0133044555773472 24.03
2404 0.01332646047804825 24.04
2405 0.01334228055928833 24.05
2406 0.01336059598137858 24.06
2407 0.01337984573768725 24.07
2408 0.01340089869094147 24.08
2409 0.01342888896585525 24.09
2410 0.01345410817823107 24.1
2411 0.01347371751466888 24.11
2412 0.01349816724461564 24.12
2413 0.01352237864654198 24.13
2414 0.01354376860893865 24.14
2415 0.01356008348793003 24.15
2416 0.01357015973450492 24.16
2417 0.01358570044697622 24.17
2418 0.01359842597232922 24.18
2419 0.01361370488401882 24.19
2420 0.01363273673314619 24.2
2421 0.01364034536278859 24.21
2422 0.01364254796853639 24.22
2423 0.01365093085230016 24.23
2424 0.01366022045301379 24.24
2425 0.0136738209146921 24.25
2426 0.01367818398986522 24.26
2427 0.01367685480682613 24.27
2428 0.01369129419586973 24.28
2429 0.01369005385655037 24.29
2430 0.01369761294836191 24.3
2431 0.01370628279993201 24.31
2432 0.01371069396295168 24.32
2433 0.01372837763702928 24.33
2434 0.01373607965083135 24.34
2435 0.01374363240637433 24.35
2436 0.01375634681160422 24.36
2437 0.01376787004501313 24.37
2438 0.01376692682432489 24.38
2439 0.01377471580683851 24.39
2440 0.01377702605206946 24.4
2441 0.01377827139352368 24.41
2442 0.01377791507179893 24.42
2443 0.01378341571468196 24.43
2444 0.01378328865607173 24.44
2445 0.01378166790270223 24.45
2446 0.01378043537327931 24.46
2447 0.01378596056063621 24.47
2448 0.01379149752177456 24.48
2449 0.01379507572726765 24.49
2450 0.01380083127457404 24.5
2451 0.01379838113128508 24.51
2452 0.01378906694788073 24.52
2453 0.01379341498333943 24.53
2454 0.01379365438603769 24.54
2455 0.01378768346681335 24.55
2456 0.01378317659790228 24.56
2457 0.01377367465623918 24.57
2458 0.01377374604242948 24.58
2459 0.01376479685413106 24.59
2460 0.01375932951982762 24.6
2461 0.01374179504963661 24.61
2462 0.01373772054168404 24.62
2463 0.01374151731206168 24.63
2464 0.01373286296086782 24.64
2465 0.0137231503171048 24.65
2466 0.01370763402272591 24.66
2467 0.01369785236396449 24.67
2468 0.01368907969249405 24.68
2469 0.0136840672589671 24.69
2470 0.01368596074279671 24.7
2471 0.01367769161252079 24.71
2472 0.01367706587443979 24.72
2473 0.01367337111748475 24.73
2474 0.01367083674697542 24.74
2475 0.01367033092515516 24.75
2476 0.0136613070389899 24.76
2477 0.0136523556445025 24.77
2478 0.01364721343599822 24.78
2479 0.01364376579164669 24.79
2480 0.01363500652320794 24.8
2481 0.01362921465239495 24.81
2482 0.01363119001692088 24.82
2483 0.01363087254259485 24.83
2484 0.01362249667797311 24.84
2485 0.01362430499450098 24.85
2486 0.01361531883929067 24.86
2487 0.01361862155267845 24.87
2488 0.01360764099215961 24.88
2489 0.01360046392504915 24.89
2490 0.01358983380116533 24.9
2491 0.01358492301657419 24.91
2492 0.01357702698435193 24.92
2493 0.01358891185529674 24.93
2494 0.01358111993435126 24.94
2495 0.01358437959547148 24.95
2496 0.01358612635754476 24.96
2497 0.01357139336052846 24.97
2498 0.01355782586091057 24.98
2499 0.01355104298446125 24.99
2500 0.01354529709530194 25
2501 0.01354020960235891 25.01
2502 0.01353342571695067 25.02
2503 0.01352417438315214 25.03
2504 0.01352650999407757 25.04
2505 0.01351264082842728 25.05
2506 0.01350140520244566 25.06
2507 0.01349705969500007 25.07
2508 0.01348483860253802 25.08
2509 0.01348224603343031 25.09
2510 0.01348652256116162 25.1
2511 0.01348455130333431 25.11
2512 0.01348336229671282 25.12
2513 0.01347214264325968 25.13
2514 0.01347232110239294 25.14
2515 0.01346971856944369 25.15
2516 0.01346633656125825 25.16
2517 0.01346227122699256 25.17
2518 0.01343283184976622 25.18
2519 0.01342121222870035 25.19
2520 0.01340940368416509 25.2
2521 0.01341167490040216 25.21
2522 0.01340672990711751 25.22
2523 0.01340022659226941 25.23
2524 0.01339575502413656 25.24
2525 0.01338978787866959 25.25
2526 0.01338996090269312 25.26
2527 0.01338051699775713 25.27
2528 0.01336633329746191 25.28
2529 0.01336332606972269 25.29
2530 0.01335742370120981 25.3
2531 0.01334435532873636 25.31
2532 0.0133390205715235 25.32
2533 0.01335114324727254 25.33
2534 0.01333241909228531 25.34
2535 0.01331813095487058 25.35
2536 0.01330706663828529 25.36
2537 0.01330926685301738 25.37
2538 0.0133101412557557 25.38
2539 0.01330555967431815 25.39
2540 0.01330223178474762 25.4
2541 0.01330326484609129 25.41
2542 0.01331197149012146 25.42
2543 0.01331434972550459 25.43
2544 0.01330794369624656 25.44
2545 0.01329773719816609 25.45
2546 0.01328612179839768 25.46
2547 0.01328707314611824 25.47
2548 0.01326135285401921 25.48
2549 0.0132502032835929 25.49
2550 0.01325804847669292 25.5
2551 0.01325801189393483 25.51
2552 0.01324727983058223 25.52
2553 0.01326018515830314 25.53
2554 0.01325897185844454 25.54
2555 0.01324749267804175 25.55
2556 0.01322390693929709 25.56
2557 0.01321080123641148 25.57
2558 0.01323123875146836 25.58
2559 0.01323393429511514 25.59
2560 0.01324115620457071 25.6
2561 0.0132450612256848 25.61
2562 0.01324703410553474 25.62
2563 0.01325425998192883 25.63
2564 0.01325054517016206 25.64
2565 0.01325187263761782 25.65
2566 0.01324383241755319 25.66
2567 0.0132438042435231 25.67
2568 0.01323856895060092 25.68
2569 0.01323541491731165 25.69
2570 0.01325027192103677 25.7
2571 0.01325234923197057 25.71
2572 0.01324633342507 25.72
2573 0.01326583638181568 25.73
2574 0.01329298212576469 25.74
2575 0.01331382157881851 25.75
2576 0.01333483681824897 25.76
2577 0.01334936947764104 25.77
2578 0.01335873638633123 25.78
2579 0.01336147656138338 25.79
2580 0.01338115514395303 25.8
2581 0.01338196921812918 25.81
2582 0.0134088317842559 25.82
2583 0.0134137060618574 25.83
2584 0.01342848642091058 25.84
2585 0.0134392329350096 25.85
2586 0.01345517740901649 25.86
2587 0.0134639280417233 25.87
2588 0.01346508059098059 25.88
2589 0.0134661566229687 25.89
2590 0.01348721083925414 25.9
2591 0.01349291909207281 25.91
2592 0.01349765349803957 25.92
2593 0.01349286590991619 25.93
2594 0.01348631792380817 25.94
2595 0.01348739539279211 25.95
2596 0.01348664167975256 25.96
2597 0.0134864907180794 25.97
2598 0.01345988901367815 25.98
2599 0.01344024885118902 25.99
2600 0.01344898780892377 26
2601 0.01344856570704473 26.01
2602 0.01344652970236017 26.02
2603 0.01342521645756576 26.03
2604 0.01341381038237512 26.04
2605 0.0134028951436064 26.05
2606 0.013391155049242 26.06
2607 0.01337431160497586 26.07
2608 0.0133929131461266 26.08
2609 0.01339300275087883 26.09
2610 0.01339612898955561 26.1
2611 0.01339825274994641 26.11
2612 0.01338281566613519 26.12
2613 0.01338055231406789 26.13
2614 0.01337582083868013 26.14
2615 0.01338488201402985 26.15
2616 0.01338146955967998 26.16
2617 0.01337871344540164 26.17
2618 0.01338647321779819 26.18
2619 0.01339147526968529 26.19
2620 0.01339277977194162 26.2
2621 0.01339483684018283 26.21
2622 0.01339880905139769 26.22
2623 0.01341342750178991 26.23
2624 0.01343095365004135 26.24
2625 0.01345240574787056 26.25
2626 0.01346614150470261 26.26
2627 0.01347511751445827 26.27
2628 0.01347853832166794 26.28
2629 0.01347824673237076 26.29
2630 0.01349268692386478 26.3
2631 0.01351463609758368 26.31
2632 0.01352910923416011 26.32
2633 0.01354975863539212 26.33
2634 0.01355591054593272 26.34
2635 0.01356877018185197 26.35
2636 0.01356423920818143 26.36
2637 0.01355600547442152 26.37
2638 0.01355785654154776 26.38
2639 0.01356606539309741 26.39
2640 0.01357765740386143 26.4
2641 0.01358693945872811 26.41
2642 0.01359630161019238 26.42
2643 0.01360320243980363 26.43
2644 0.01360688395883415 26.44
2645 0.01359637476893836 26.45
2646 0.01358761951366923 26.46
2647 0.01359134229859321 26.47
2648 0.01358315799666638 26.48
2649 0.01358358020600948 26.49
2650 0.01358036257689925 26.5
2651 0.01356902462697787 26.51
2652 0.01357293859887907 26.52
2653 0.01357160603786407 26.53
2654 0.01356677751637584 26.54
2655 0.01356704367820522 26.55
2656 0.01355667362240116 26.56
2657 0.01355472254323543 26.57
2658 0.01353415056307793 26.58
2659 0.01351280333341095 26.59
2660 0.01348435348570716 26.6
2661 0.01348163173670856 26.61
2662 0.01347052901827196 26.62
2663 0.0134645938777074 26.63
2664 0.01345530728103219 26.64
2665 0.01343835065015676 26.65
2666 0.01342221075187516 26.66
2667 0.01341079313481595 26.67
2668 0.01339336702364781 26.68
2669 0.01337874587867003 26.69
2670 0.01336852450741713 26.7
2671 0.01336253752136328 26.71
2672 0.01334833752145844 26.72
2673 0.01335004594153113 26.73
2674 0.01335887016935879 26.74
2675 0.0133591455247581 26.75
2676 0.01337250003768008 26.76
2677 0.01335978678934645 26.77
2678 0.01334223717974383 26.78
2679 0.01332675779725117 26.79
2680 0.01331450149485468 26.8
2681 0.01330367278876513 26.81
2682 0.01328665125112736 26.82
2683 0.01327504023906834 26.83
2684 0.01327211997392545 26.84
2685 0.01328673294617225 26.85
2686 0.01328803251202648 26.86
2687 0.01328825316510521 26.87
2688 0.01329495210519644 26.88
2689 0.01330097302756759 26.89
2690 0.01330572324209705 26.9
2691 0.01330815716767618 26.91
2692 0.01331451522299019 26.92
2693 0.01331854888600682 26.93
2694 0.01332585169010069 26.94
2695 0.01333142995669703 26.95
2696 0.01332720970871253 26.96
2697 0.01331810864844992 26.97
2698 0.01331724662307111 26.98
2699 0.01331704685944003 26.99
2700 0.01332144396319094 27
2701 0.01331957737377294 27.01
2702 0.01332552515368 27.02
2703 0.01333407382144852 27.03
2704 0.01333903583469113 27.04
2705 0.01334906427338674 27.05
2706 0.01335892175353696 27.06
2707 0.01336229180221636 27.07
2708 0.01335905127173556 27.08
2709 0.01334581665114683 27.09
2710 0.01334574317579773 27.1
2711 0.01334428506456605 27.11
2712 0.01334380625777114 27.12
2713 0.01335304368277542 27.13
2714 0.01335700530147279 27.14
2715 0.01335267883593618 27.15
2716 0.01334105138027459 27.16
2717 0.01332962786523112 27.17
2718 0.01333221147903417 27.18
2719 0.01333283983938172 27.19
2720 0.01333370111275666 27.2
2721 0.01333254838844965 27.21
2722 0.01332400225190767 27.22
2723 0.01331534208200376 27.23
2724 0.01330571412194778 27.24
2725 0.01329014707455457 27.25
2726 0.01328444725037066 27.26
2727 0.01327994613853167 27.27
2728 0.01326836249524075 27.28
2729 0.01325848976215833 27.29
2730 0.01324948317701627 27.3
2731 0.01323873359831637 27.31
2732 0.01323418977449202 27.32
2733 0.01321808399080119 27.33
2734 0.01320757324614496 27.34
2735 0.01318499472406602 27.35
2736 0.01316479272352975 27.36
2737 0.01314915230660708 27.37
2738 0.01312914961630673 27.38
2739 0.01311520131001348 27.39
2740 0.01310299924993404 27.4
2741 0.0130888424214752 27.41
2742 0.01307435845296138 27.42
2743 0.0130693676983426 27.43
2744 0.01306031246653945 27.44
2745 0.01304621004277179 27.45
2746 0.01303078970027956 27.46
2747 0.01302939840783106 27.47
2748 0.01302538002455421 27.48
2749 0.01302026529185672 27.49
2750 0.01300639911715295 27.5
2751 0.01299394983136468 27.51
2752 0.01298330382107688 27.52
2753 0.01297616386163234 27.53
2754 0.01296057684434837 27.54
2755 0.01294725779649706 27.55
2756 0.01292927047172105 27.56
2757 0.01291306350077563 27.57
2758 0.01289507387063753 27.58
2759 0.01288434444950839 27.59
2760 0.01286760076337601 27.6
2761 0.01285212952202461 27.61
2762 0.01285173248107515 27.62
2763 0.01284790900211576 27.63
2764 0.01284137300171982 27.64
2765 0.01283539031602871 27.65
2766 0.01283324030952701 27.66
2767 0.01282133379481767 27.67
2768 0.0128120668742068 27.68
2769 0.01280884825144045 27.69
2770 0.01280340027314222 27.7
2771 0.01280295536969878 27.71
2772 0.01279193244102736 27.72
2773 0.01278047397961203 27.73
2774 0.01276500038625443 27.74
2775 0.01275550242836808 27.75
2776 0.01274748748727661 27.76
2777 0.01273674026433282 27.77
2778 0.0127313985811503 27.78
2779 0.01272223598688161 27.79
2780 0.01270083907432946 27.8
2781 0.01268143091958481 27.81
2782 0.01267526724271364 27.82
2783 0.01267054128721836 27.83
2784 0.01267005419046301 27.84
2785 0.01267265863003642 27.85
2786 0.01267458817588695 27.86
2787 0.01267735885367071 27.87
2788 0.01267814476887458 27.88
2789 0.01267519299661616 27.89
2790 0.01267317160118502 27.9
2791 0.01266719926613508 27.91
2792 0.01266627596165288 27.92
2793 0.01266265767363207 27.93
2794 0.01265785170433608 27.94
2795 0.01265553562171415 27.95
2796 0.01265226047647362 27.96
2797 0.01264751087204066 27.97
2798 0.0126477537904609 27.98
2799 0.01265643087046582 27.99
2800 0.01266078760064695 28
2801 0.01266252465392685 28.01
2802 0.0126633614208696 28.02
2803 0.01267009345099696 28.03
2804 0.01267670551904602 28.04
2805 0.01268049699513739 28.05
2806 0.01267162752116559 28.06
2807 0.01266468795225426 28.07
2808 0.01265651075366145 28.08
2809 0.01265362545835334 28.09
2810 0.01265437991650617 28.1
2811 0.01265798211288662 28.11
2812 0.01266328440818618 28.12
2813 0.01266836711608244 28.13
2814 0.0126665346452964 28.14
2815 0.01266650366631562 28.15
2816 0.01266752028425597 28.16
2817 0.01267818678950878 28.17
2818 0.01268347586801307 28.18
2819 0.01269252118796859 28.19
2820 0.01270667530847378 28.2
2821 0.01271751376469926 28.21
2822 0.01272384308479974 28.22
2823 0.0127284751616662 28.23
2824 0.01273321861716216 28.24
2825 0.01273480728997734 28.25
2826 0.01273580670375039 28.26
2827 0.01273979741257012 28.27
2828 0.01274465335188789 28.28
2829 0.01275208972516333 28.29
2830 0.01275707743849795 28.3
2831 0.01277547805896996 28.31
2832 0.01277718483760825 28.32
2833 0.01277635764781134 28.33
2834 0.01277177475969355 28.34
2835 0.01277114968826345 28.35
2836 0.0127780099429845 28.36
2837 0.01278364826610695 28.37
2838 0.01280134738251805 28.38
2839 0.01282007262775079 28.39
2840 0.01283319353604493 28.4
2841 0.01284803341217694 28.41
2842 0.01284834971270292 28.42
2843 0.01285588451584391 28.43
2844 0.01286146003909416 28.44
2845 0.01286373837957662 28.45
2846 0.01287623421711914 28.46
2847 0.0128795889972661 28.47
2848 0.01288234436429452 28.48
2849 0.01289528499613697 28.49
2850 0.01290396240513702 28.5
2851 0.01290736822507254 28.51
2852 0.01291547397241912 28.52
2853 0.01292795050855566 28.53
2854 0.01294388219809432 28.54
2855 0.01295074358846252 28.55
2856 0.01295798219953254 28.56
2857 0.01296583402451354 28.57
2858 0.01297559189721342 28.58
2859 0.01298032733523922 28.59
2860 0.01298644846292923 28.6
2861 0.01298969127141446 28.61
2862 0.0130026318160528 28.62
2863 0.0130101463802661 28.63
2864 0.01301849026785079 28.64
2865 0.01303360298805648 28.65
2866 0.01303814931161731 28.66
2867 0.01304509927062345 28.67
2868 0.01305308968157081 28.68
2869 0.01306478094115097 28.69
2870 0.01306265561181847 28.7
2871 0.01306139137149506 28.71
2872 0.01305194570960715 28.72
2873 0.01305220084180417 28.73
2874 0.01305478670341411 28.74
2875 0.01305469464827246 28.75
2876 0.01305407712356374 28.76
2877 0.0130530355279346 28.77
2878 0.01306135088516373 28.78
2879 0.01306919211012232 28.79
2880 0.01307225994455697 28.8
2881 0.01307026456771807 28.81
2882 0.01307026010497997 28.82
2883 0.01307356812495353 28.83
2884 0.01306475052575928 28.84
2885 0.01305706137554691 28.85
2886 0.01304809267428271 28.86
2887 0.01304051252590659 28.87
2888 0.01304098424147404 28.88
2889 0.01303978386520755 28.89
2890 0.01303270003102199 28.9
2891 0.01303474525262472 28.91
2892 0.01302848431314613 28.92
2893 0.01302161609890343 28.93
2894 0.01301970524301834 28.94
2895 0.01302124024087164 28.95
2896 0.01302166113675344 28.96
2897 0.0130297770411705 28.97
2898 0.01303057734569727 28.98
2899 0.01302890681584709 28.99
2900 0.01302296469046079 29
2901 0.01301553184063349 29.01
2902 0.01300102042526405 29.02
2903 0.01299825473429099 29.03
2904 0.01298904591771047 29.04
2905 0.01298321498896719 29.05
2906 0.01298358761510929 29.06
2907 0.01298472345262749 29.07
2908 0.01298411057640079 29.08
2909 0.01298100303641132 29.09
2910 0.01297639309147502 29.1
2911 0.01297537657743448 29.11
2912 0.01297020288999537 29.12
2913 0.01296313016634848 29.13
2914 0.01296018689454026 29.14
2915 0.01295567143800477 29.15
2916 0.01295379460634933 29.16
2917 0.01295030860149105 29.17
2918 0.0129525007546708 29.18
2919 0.01294740626808371 29.19
2920 0.01294201707009233 29.2
2921 0.01293703152484465 29.21
2922 0.01293006622255334 29.22
2923 0.01292294543612269 29.23
2924 0.01291187311027383 29.24
2925 0.01290507623534787 29.25
2926 0.01289038654184731 29.26
2927 0.01287972649474102 29.27
2928 0.01286645608444504 29.28
2929 0.01286136151895594 29.29
2930 0.01285141038874944 29.3
2931 0.01284082873617698 29.31
2932 0.01283717375177098 29.32
2933 0.01283268635587161 29.33
2934 0.01282211056053706 29.34
2935 0.01280642292315485 29.35
2936 0.01280114654992788 29.36
2937 0.01278709276319445 29.37
2938 0.01278167161656799 29.38
2939 0.01277999106873431 29.39
2940 0.01277356133676202 29.4
2941 0.0127629604670798 29.41
2942 0.01275187034568661 29.42
2943 0.01274083995540237 29.43
2944 0.01273714714813663 29.44
2945 0.01272106781305746 29.45
2946 0.01269773018809664 29.46
2947 0.01267610974855652 29.47
2948 0.01266122218480054 29.48
2949 0.01265043810251298 29.49
2950 0.01264757337949199 29.5
2951 0.01264406961702243 29.51
2952 0.01263983383270846 29.52
2953 0.01263349335310271 29.53
2954 0.01262307658035866 29.54
2955 0.01261244454660463 29.55
2956 0.0126040862789445 29.56
2957 0.01259437086900202 29.57
2958 0.01257922691028503 29.58
2959 0.01256878954186049 29.59
2960 0.012552933000752 29.6
2961 0.01254132985203666 29.61
2962 0.01252826892466351 29.62
2963 0.01251192921432836 29.63
2964 0.01249820114112248 29.64
2965 0.01248095992604212 29.65
2966 0.01247081564089026 29.66
2967 0.01246629337425066 29.67
2968 0.0124471659872652 29.68
2969 0.01243799641973555 29.69
2970 0.01242940454367131 29.7
2971 0.01242059667080658 29.71
2972 0.01241513664774625 29.72
2973 0.01240697919183968 29.73
2974 0.01239559686045249 29.74
2975 0.01238461322864949 29.75
2976 0.01237250696930371 29.76
2977 0.01235813102092114 29.77
2978 0.01235315683072659 29.78
2979 0.01234595129461541 29.79
2980 0.01233247174775558 29.8
2981 0.01231417683108965 29.81
2982 0.0123050327605398 29.82
2983 0.01229325604644142 29.83
2984 0.01227817135050698 29.84
2985 0.01226467976727396 29.85
2986 0.01225029767014057 29.86
2987 0.01223840110795361 29.87
2988 0.01222404531378677 29.88
2989 0.01221124137042173 29.89
2990 0.01219154660917491 29.9
2991 0.01217989475643156 29.91
2992 0.01216604467497242 29.92
2993 0.01215429152524803 29.93
2994 0.01214444110868384 29.94
2995 0.0121283470275586 29.95
2996 0.01211126747196616 29.96
2997 0.01209677630650956 29.97
2998 0.01208380096785561 29.98
2999 0.01207887225967532 29.99
3000 0.01206601284823764 30
